Error,10/2/2017 8:51:28 AM,Application Error,1000,(100),Application,djkvdihost178.jakarta01.com,"Faulting application name: OUTLOOK.EXE, version: 15.0.4919.1001, time stamp: 0x58d20482
Faulting module name: OUTLOOK.EXE, version: 15.0.4919.1001, time stamp: 0x58d20482
Exception code: 0xc0000005
Fault offset: 0x008924c4
Faulting process id: 0x1658
Faulting application start time: 0x01d33b1dd36fd0b1
Faulting application path: C:\Program Files\Microsoft Office\Office15\OUTLOOK.EXE
Faulting module path: C:\Program Files\Microsoft Office\Office15\OUTLOOK.EXE
Report Id: 33f5c6d1-a714-11e7-956e-0050569f35b5"
Error,10/2/2017 8:51:55 AM,EventCreate,1,None,Application,djkvdihost740.jakarta01.com,JAKARTA01\karen  
Error,10/2/2017 8:51:53 AM,EventCreate,1,None,Application,djkvdihost625.jakarta01.com,JAKARTA01\guestisd53  
Error,10/2/2017 8:51:42 AM,EventCreate,1,None,Application,djkvdihost603.jakarta01.com,JAKARTA01\andre cahyono  
Error,10/2/2017 8:51:31 AM,EventCreate,1,None,Application,djkvdihost740.jakarta01.com,JAKARTA01\karen  
Error,10/2/2017 8:51:26 AM,EventCreate,1,None,Application,djkvdihost256.jakarta01.com,JAKARTA01\Learning02  
Error,10/2/2017 8:50:35 AM,EventCreate,1,None,Application,djkvdihost301.jakarta01.com,JAKARTA01\bryan  
Error,10/2/2017 8:50:30 AM,EventCreate,1,None,Application,djkvdihost198.jakarta01.com,JAKARTA01\Learning  
Error,10/2/2017 8:49:58 AM,EventCreate,1,None,Application,djkvdihost622.jakarta01.com,JAKARTA01\aynie  
Error,10/2/2017 8:49:56 AM,Application Error,1000,(100),Application,djkvdihost622.jakarta01.com,"Faulting application name: OUTLOOK.EXE, version: 15.0.4919.1001, time stamp: 0x58d20482
Faulting module name: ntdll.dll, version: 6.1.7601.23714, time stamp: 0x58bf8774
Exception code: 0xc0000005
Fault offset: 0x0005294f
Faulting process id: 0x1ed0
Faulting application start time: 0x01d33b1f0a8b901c
Faulting application path: C:\Program Files\Microsoft Office\Office15\OUTLOOK.EXE
Faulting module path: C:\Windows\SYSTEM32\ntdll.dll
Report Id: fd39f685-a713-11e7-8f07-0050569f1e5e"
Error,10/2/2017 8:50:26 AM,EventCreate,1,None,Application,djkvdihost301.jakarta01.com,JAKARTA01\bryan  
Error,10/2/2017 8:49:52 AM,EventCreate,1,None,Application,djkvdihost724.jakarta01.com,JAKARTA01\indriani  
Error,10/2/2017 8:49:52 AM,EventCreate,1,None,Application,djkvdihost558.jakarta01.com,JAKARTA01\GUESTISD26  
Error,10/2/2017 8:48:58 AM,EventCreate,1,None,Application,djkvdihost541.jakarta01.com,JAKARTA01\wicaksono  
Error,10/2/2017 8:49:02 AM,EventCreate,1,None,Application,djkvdihost882.jakarta01.com,JAKARTA01\khalid  
Error,10/2/2017 8:48:47 AM,EventCreate,1,None,Application,djkvdihost099.jakarta01.com,JAKARTA01\rakhmanto  
Error,10/2/2017 8:48:43 AM,EventCreate,1,None,Application,djkvdihost436.jakarta01.com,JAKARTA01\dwihan  
Error,10/2/2017 8:48:02 AM,EventCreate,1,None,Application,djkvdihost464.jakarta01.com,JAKARTA01\jayson  
Error,10/2/2017 8:48:31 AM,EventCreate,1,None,Application,djkvdihost507.jakarta01.com,JAKARTA01\juliet  
Error,10/2/2017 8:48:31 AM,EventCreate,1,None,Application,djkvdihost624.jakarta01.com,JAKARTA01\chandra  
Error,10/2/2017 8:48:29 AM,EventCreate,1,None,Application,djkvdihost312.jakarta01.com,JAKARTA01\Bryant  
Error,10/2/2017 8:48:26 AM,EventCreate,1,None,Application,djkvdihost800.jakarta01.com,JAKARTA01\marlina2  
Error,10/2/2017 8:47:41 AM,EventCreate,1,None,Application,djkvdihost426.jakarta01.com,JAKARTA01\guestisd36  
Error,10/2/2017 8:47:34 AM,EventCreate,1,None,Application,djkvdihost632.jakarta01.com,JAKARTA01\GuestISD48  
Error,10/2/2017 8:47:30 AM,EventCreate,1,None,Application,djkvdihost282.jakarta01.com,JAKARTA01\budsiregar  
Error,10/2/2017 8:47:11 AM,EventCreate,1,None,Application,djkvdihost277.jakarta01.com,JAKARTA01\haryadi  
Error,10/2/2017 8:47:10 AM,EventCreate,1,None,Application,djkvdihost464.jakarta01.com,JAKARTA01\jayson  
Error,10/2/2017 8:46:48 AM,EventCreate,1,None,Application,djkvdihost001.jakarta01.com,JAKARTA01\ghozia  
Error,10/2/2017 8:45:39 AM,EventCreate,1,None,Application,djkvdihost765.jakarta01.com,JAKARTA01\ceciliadt  
Error,10/2/2017 8:45:38 AM,Application Error,1000,(100),Application,djkvdihost765.jakarta01.com,"Faulting application name: EXCEL.EXE, version: 15.0.4919.1000, time stamp: 0x58c7ab0f
Faulting module name: EXCEL.EXE, version: 15.0.4919.1000, time stamp: 0x58c7ab0f
Exception code: 0xc0000005
Fault offset: 0x00b3b5c7
Faulting process id: 0x188c
Faulting application start time: 0x01d33b1907c57c7d
Faulting application path: C:\Program Files\Microsoft Office\Office15\EXCEL.EXE
Faulting module path: C:\Program Files\Microsoft Office\Office15\EXCEL.EXE
Report Id: 6391e175-a713-11e7-9051-0050569f3e3d"
Error,10/2/2017 8:45:56 AM,EventCreate,1,None,Application,djkvdihost366.jakarta01.com,JAKARTA01\Rani  
Error,10/2/2017 8:45:27 AM,EventCreate,1,None,Application,djkvdihost692.jakarta01.com,JAKARTA01\nur endah  
Error,10/2/2017 8:45:25 AM,Application Error,1000,(100),Application,djkvdihost692.jakarta01.com,"Faulting application name: OUTLOOK.EXE, version: 15.0.4919.1001, time stamp: 0x58d20482
Faulting module name: OUTLOOK.EXE, version: 15.0.4919.1001, time stamp: 0x58d20482
Exception code: 0xc0000005
Fault offset: 0x008924c4
Faulting process id: 0x1a4c
Faulting application start time: 0x01d33b17800babf9
Faulting application path: C:\Program Files\Microsoft Office\Office15\OUTLOOK.EXE
Faulting module path: C:\Program Files\Microsoft Office\Office15\OUTLOOK.EXE
Report Id: 5bb69ea9-a713-11e7-9038-0050569f4192"
Error,10/2/2017 8:45:11 AM,EventCreate,1,None,Application,djkvdihost325.jakarta01.com,JAKARTA01\adityo yuwono  
Error,10/2/2017 8:44:46 AM,EventCreate,1,None,Application,djkvdihost452.jakarta01.com,JAKARTA01\yudistira  
Error,10/2/2017 8:44:32 AM,EventCreate,1,None,Application,djkvdihost739.jakarta01.com,JAKARTA01\Moh Ditto  
Error,10/2/2017 8:44:28 AM,EventCreate,1,None,Application,djkvdihost004.jakarta01.com,JAKARTA01\guestisd27  
Error,10/2/2017 8:44:25 AM,EventCreate,1,None,Application,djkvdihost246.jakarta01.com,JAKARTA01\guestisd25  
Error,10/2/2017 8:43:55 AM,EventCreate,1,None,Application,djkvdihost262.jakarta01.com,JAKARTA01\apip  
Error,10/2/2017 8:43:35 AM,EventCreate,1,None,Application,djkvdihost328.jakarta01.com,JAKARTA01\agnes  
Error,10/2/2017 8:43:00 AM,EventCreate,1,None,Application,djkvdihost341.jakarta01.com,JAKARTA01\satria graha  
Error,10/2/2017 8:42:58 AM,EventCreate,1,None,Application,djkvdihost569.jakarta01.com,JAKARTA01\Chairul  
Error,10/2/2017 8:42:58 AM,Application Error,1000,(100),Application,djkvdihost569.jakarta01.com,"Faulting application name: OUTLOOK.EXE, version: 15.0.4919.1001, time stamp: 0x58d20482
Faulting module name: ntdll.dll, version: 6.1.7601.23714, time stamp: 0x58bf8774
Exception code: 0xc0000005
Fault offset: 0x0005294f
Faulting process id: 0x195c
Faulting application start time: 0x01d33b1fb525c547
Faulting application path: C:\Program Files\Microsoft Office\Office15\OUTLOOK.EXE
Faulting module path: C:\Windows\SYSTEM32\ntdll.dll
Report Id: 04095504-a713-11e7-a1f2-0050569f6426"
Error,10/2/2017 8:43:16 AM,EventCreate,1,None,Application,djkvdihost265.jakarta01.com,JAKARTA01\tasin  
Error,10/2/2017 8:43:07 AM,EventCreate,1,None,Application,djkvdihost208.jakarta01.com,JAKARTA01\hirano  
Error,10/2/2017 8:42:27 AM,EventCreate,1,None,Application,djkvdihost213.jakarta01.com,JAKARTA01\rimico  
Error,10/2/2017 8:42:26 AM,Application Error,1000,(100),Application,djkvdihost213.jakarta01.com,"Faulting application name: OUTLOOK.EXE, version: 15.0.4919.1001, time stamp: 0x58d20482
Faulting module name: ntdll.dll, version: 6.1.7601.23714, time stamp: 0x58bf8774
Exception code: 0xc0000005
Fault offset: 0x0005294f
Faulting process id: 0x1bc4
Faulting application start time: 0x01d33b1f9cc77de1
Faulting application path: C:\Program Files\Microsoft Office\Office15\OUTLOOK.EXE
Faulting module path: C:\Windows\SYSTEM32\ntdll.dll
Report Id: f1620781-a712-11e7-93cb-0050569f2093"
Error,10/2/2017 8:42:20 AM,EventCreate,1,None,Application,djkvdihost569.jakarta01.com,JAKARTA01\Chairul  
Error,10/2/2017 8:42:27 AM,EventCreate,1,None,Application,djkvdihost341.jakarta01.com,JAKARTA01\satria graha  
Error,10/2/2017 8:41:34 AM,WSH,1,None,Application,djkvdihost341.jakarta01.com,"CN=Satria Graha Adityatama password will expire in 3 day(s) at 10/5/2017 8:08:00 AM

Press CTRL + ALT + DEL and select the ""Change a password"" option."
Error,10/2/2017 8:41:56 AM,EventCreate,1,None,Application,djkvdihost352.jakarta01.com,JAKARTA01\diana  
Error,10/2/2017 8:42:17 AM,Application Error,1000,(100),Application,djkvdihost569.jakarta01.com,"Faulting application name: OUTLOOK.EXE, version: 15.0.4919.1001, time stamp: 0x58d20482
Faulting module name: ntdll.dll, version: 6.1.7601.23714, time stamp: 0x58bf8774
Exception code: 0xc0000005
Fault offset: 0x000529ac
Faulting process id: 0x1f90
Faulting application start time: 0x01d33b1cab7abd43
Faulting application path: C:\Program Files\Microsoft Office\Office15\OUTLOOK.EXE
Faulting module path: C:\Windows\SYSTEM32\ntdll.dll
Report Id: eb9d8381-a712-11e7-a1f2-0050569f6426"
Error,10/2/2017 8:41:41 AM,EventCreate,1,None,Application,djkvdihost213.jakarta01.com,JAKARTA01\rimico  
Error,10/2/2017 8:41:38 AM,Application Error,1000,(100),Application,djkvdihost213.jakarta01.com,"Faulting application name: OUTLOOK.EXE, version: 15.0.4919.1001, time stamp: 0x58d20482
Faulting module name: ntdll.dll, version: 6.1.7601.23714, time stamp: 0x58bf8774
Exception code: 0xc0000005
Fault offset: 0x0005294f
Faulting process id: 0x1f78
Faulting application start time: 0x01d33b1e4e885e49
Faulting application path: C:\Program Files\Microsoft Office\Office15\OUTLOOK.EXE
Faulting module path: C:\Windows\SYSTEM32\ntdll.dll
Report Id: d4960521-a712-11e7-93cb-0050569f2093"
Error,10/2/2017 8:41:34 AM,WSH,1,None,Application,djkvdihost341.jakarta01.com,"CN=Satria Graha Adityatama password will expire in 3 day(s) at 10/5/2017 8:08:00 AM

Press CTRL + ALT + DEL and select the ""Change a password"" option."
Error,10/2/2017 8:40:53 AM,EventCreate,1,None,Application,djkvdihost405.jakarta01.com,JAKARTA01\ARDIANA  
Error,10/2/2017 8:41:17 AM,EventCreate,1,None,Application,djkvdihost352.jakarta01.com,JAKARTA01\diana  
Error,10/2/2017 8:40:54 AM,EventCreate,1,None,Application,djkvdihost738.jakarta01.com,JAKARTA01\ibahtiar  
Error,10/2/2017 8:40:52 AM,EventCreate,1,None,Application,djkvdihost275.jakarta01.com,JAKARTA01\wulanf  
Error,10/2/2017 8:40:48 AM,EventCreate,1,None,Application,djkvdihost023.jakarta01.com,JAKARTA01\Arfilia  
Error,10/2/2017 8:40:10 AM,WSH,1,None,Application,djkvdihost275.jakarta01.com,"CN=Wulan Fajarini password will expire in 1 day(s) at 10/3/2017 10:47:06 AM

Press CTRL + ALT + DEL and select the ""Change a password"" option."
Error,10/2/2017 8:39:44 AM,EventCreate,1,None,Application,djkvdihost405.jakarta01.com,JAKARTA01\ARDIANA  
Error,10/2/2017 8:28:56 AM,EventCreate,1,None,Application,djkvdihost405.jakarta01.com,JAKARTA01\nurhayani  
Error,10/2/2017 8:40:09 AM,WSH,1,None,Application,djkvdihost275.jakarta01.com,"CN=Wulan Fajarini password will expire in 1 day(s) at 10/3/2017 10:47:06 AM

Press CTRL + ALT + DEL and select the ""Change a password"" option."
Error,10/2/2017 8:40:07 AM,EventCreate,1,None,Application,djkvdihost465.jakarta01.com,JAKARTA01\MFIRMAN  
Error,10/2/2017 8:40:02 AM,EventCreate,1,None,Application,djkvdihost182.jakarta01.com,JAKARTA01\muhamadZAH  
Error,10/2/2017 8:40:00 AM,EventCreate,1,None,Application,djkvdihost279.jakarta01.com,JAKARTA01\dyah  
Error,10/2/2017 8:39:46 AM,EventCreate,1,None,Application,djkvdihost833.jakarta01.com,JAKARTA01\boby  
Error,10/2/2017 8:27:37 AM,EventCreate,1,None,Application,djkvdihost405.jakarta01.com,JAKARTA01\nurhayani  
Error,10/2/2017 8:38:56 AM,EventCreate,1,None,Application,djkvdihost164.jakarta01.com,JAKARTA01\eka  
Error,10/2/2017 8:39:24 AM,EventCreate,1,None,Application,djkvdihost662.jakarta01.com,JAKARTA01\Adang  
Error,10/2/2017 8:39:12 AM,EventCreate,1,None,Application,djkvdihost128.jakarta01.com,JAKARTA01\Sunaryo  
Error,10/2/2017 8:39:10 AM,EventCreate,1,None,Application,djkvdihost165.jakarta01.com,JAKARTA01\nurhayani  
Error,10/2/2017 8:38:13 AM,EventCreate,1,None,Application,djkvdihost164.jakarta01.com,JAKARTA01\eka  
Error,10/2/2017 8:37:41 AM,EventCreate,1,None,Application,djkvdihost649.jakarta01.com,JAKARTA01\MahendraR  
Error,10/2/2017 8:37:12 AM,EventCreate,1,None,Application,djkvdihost770.jakarta01.com,JAKARTA01\sutedja  
Error,10/2/2017 8:36:56 AM,EventCreate,1,None,Application,djkvdihost622.jakarta01.com,JAKARTA01\aynie  
Error,10/2/2017 8:36:48 AM,EventCreate,1,None,Application,djkvdihost753.jakarta01.com,JAKARTA01\nurul  
Error,10/2/2017 8:36:34 AM,EventCreate,1,None,Application,djkvdihost127.jakarta01.com,JAKARTA01\AdindaGita  
Error,10/2/2017 8:36:19 AM,EventCreate,1,None,Application,djkvdihost622.jakarta01.com,JAKARTA01\aynie  
Error,10/2/2017 8:35:59 AM,WSH,1,None,Application,djkvdihost622.jakarta01.com,"CN=Aynie Widia password will expire in 2 day(s) at 10/4/2017 8:19:08 AM

Press CTRL + ALT + DEL and select the ""Change a password"" option."
Error,10/2/2017 8:36:25 AM,EventCreate,1,None,Application,djkvdihost421.jakarta01.com,JAKARTA01\kurniawan  
Error,10/2/2017 8:36:25 AM,EventCreate,1,None,Application,djkvdihost315.jakarta01.com,JAKARTA01\teddy  
Error,10/2/2017 8:36:06 AM,EventCreate,1,None,Application,djkvdihost789.jakarta01.com,JAKARTA01\andriana  
Error,10/2/2017 8:35:58 AM,WSH,1,None,Application,djkvdihost622.jakarta01.com,"CN=Aynie Widia password will expire in 2 day(s) at 10/4/2017 8:19:08 AM

Press CTRL + ALT + DEL and select the ""Change a password"" option."
Error,10/2/2017 8:35:44 AM,EventCreate,1,None,Application,djkvdihost367.jakarta01.com,JAKARTA01\andrik  
Error,10/2/2017 8:35:24 AM,EventCreate,1,None,Application,djkvdihost808.jakarta01.com,JAKARTA01\regina  
Error,10/2/2017 8:35:22 AM,EventCreate,1,None,Application,djkvdihost476.jakarta01.com,JAKARTA01\driarkoro  
Error,10/2/2017 8:35:17 AM,EventCreate,1,None,Application,djkvdihost820.jakarta01.com,JAKARTA01\pahlevi  
Error,10/2/2017 8:35:13 AM,EventCreate,1,None,Application,djkvdihost814.jakarta01.com,JAKARTA01\janna  
Error,10/2/2017 8:35:03 AM,EventCreate,1,None,Application,djkvdihost892.jakarta01.com,JAKARTA01\Indra Bramantyono  
Error,10/2/2017 8:35:06 AM,EventCreate,1,None,Application,djkvdihost612.jakarta01.com,JAKARTA01\ridjal  
Error,10/2/2017 8:34:35 AM,EventCreate,1,None,Application,djkvdihost534.jakarta01.com,JAKARTA01\GuestISD44  
Error,10/2/2017 8:34:26 AM,EventCreate,1,None,Application,djkvdihost171.jakarta01.com,JAKARTA01\diah dwi  
Error,10/2/2017 8:34:25 AM,EventCreate,1,None,Application,djkvdihost191.jakarta01.com,JAKARTA01\naldi  
Error,10/2/2017 8:34:00 AM,EventCreate,1,None,Application,djkvdihost278.jakarta01.com,JAKARTA01\kartika  
Error,10/2/2017 8:33:53 AM,EventCreate,1,None,Application,djkvdihost229.jakarta01.com,JAKARTA01\mahendrars  
Error,10/2/2017 8:33:46 AM,EventCreate,1,None,Application,djkvdihost297.jakarta01.com,JAKARTA01\abdulas  
Error,10/2/2017 8:33:20 AM,EventCreate,1,None,Application,djkvdihost423.jakarta01.com,JAKARTA01\paramita  
Error,10/2/2017 8:33:01 AM,EventCreate,1,None,Application,djkvdihost849.jakarta01.com,JAKARTA01\bobby  
Error,10/2/2017 8:32:28 AM,EventCreate,1,None,Application,djkvdihost225.jakarta01.com,JAKARTA01\Ronald Hertanto  
Error,10/2/2017 8:31:58 AM,EventCreate,1,None,Application,djkvdihost288.jakarta01.com,JAKARTA01\retno  
Error,10/2/2017 8:31:55 AM,Application Error,1000,(100),Application,djkvdihost288.jakarta01.com,"Faulting application name: EXCEL.EXE, version: 15.0.4919.1000, time stamp: 0x58c7ab0f
Faulting module name: EXCEL.EXE, version: 15.0.4919.1000, time stamp: 0x58c7ab0f
Exception code: 0xc0000005
Fault offset: 0x0128edf0
Faulting process id: 0x1b60
Faulting application start time: 0x01d33b16ec641fa5
Faulting application path: C:\Program Files\Microsoft Office\Office15\EXCEL.EXE
Faulting module path: C:\Program Files\Microsoft Office\Office15\EXCEL.EXE
Report Id: 78f45fcd-a711-11e7-8e04-0050569f27f6"
Error,10/2/2017 8:31:54 AM,EventCreate,1,None,Application,djkvdihost610.jakarta01.com,JAKARTA01\kristian  
Error,10/2/2017 8:31:48 AM,EventCreate,1,None,Application,djkvdihost610.jakarta01.com,JAKARTA01\kristian  
Error,10/2/2017 8:31:07 AM,EventCreate,1,None,Application,djkvdihost108.jakarta01.com,JAKARTA01\richard  
Error,10/2/2017 8:31:16 AM,EventCreate,1,None,Application,djkvdihost446.jakarta01.com,JAKARTA01\alex  
Error,10/2/2017 8:31:11 AM,EventCreate,1,None,Application,djkvdihost341.jakarta01.com,JAKARTA01\guestisd36  
Error,10/2/2017 8:31:06 AM,EventCreate,1,None,Application,djkvdihost114.jakarta01.com,JAKARTA01\venir  
Error,10/2/2017 8:30:59 AM,EventCreate,1,None,Application,djkvdihost444.jakarta01.com,JAKARTA01\Ade k  
Error,10/2/2017 8:30:43 AM,EventCreate,1,None,Application,djkvdihost681.jakarta01.com,JAKARTA01\kunthi  
Error,10/2/2017 8:30:28 AM,EventCreate,1,None,Application,djkvdihost108.jakarta01.com,JAKARTA01\richard  
Error,10/2/2017 8:30:28 AM,EventCreate,1,None,Application,djkvdihost019.jakarta01.com,JAKARTA01\rinaldonp  
Error,10/2/2017 8:30:13 AM,EventCreate,1,None,Application,djkvdihost087.jakarta01.com,JAKARTA01\GuestISD45  
Error,10/2/2017 8:30:13 AM,EventCreate,1,None,Application,djkvdihost196.jakarta01.com,JAKARTA01\GuestISD42  
Error,10/2/2017 8:30:12 AM,EventCreate,1,None,Application,djkvdihost759.jakarta01.com,JAKARTA01\GuestISD46  
Error,10/2/2017 8:30:09 AM,EventCreate,1,None,Application,djkvdihost289.jakarta01.com,JAKARTA01\MSandy  
Error,10/2/2017 8:30:06 AM,EventCreate,1,None,Application,djkvdihost237.jakarta01.com,JAKARTA01\Guestisd30  
Error,10/2/2017 8:30:04 AM,EventCreate,1,None,Application,djkvdihost291.jakarta01.com,JAKARTA01\aryani  
Error,10/2/2017 8:29:28 AM,EventCreate,1,None,Application,djkvdihost111.jakarta01.com,JAKARTA01\nurfadila  
Error,10/2/2017 8:28:54 AM,EventCreate,1,None,Application,djkvdihost178.jakarta01.com,JAKARTA01\novitarini  
Error,10/2/2017 8:29:15 AM,EventCreate,1,None,Application,djkvdihost066.jakarta01.com,JAKARTA01\Kartina  
Error,10/2/2017 8:28:51 AM,Application Error,1000,(100),Application,djkvdihost178.jakarta01.com,"Faulting application name: OUTLOOK.EXE, version: 15.0.4919.1001, time stamp: 0x58d20482
Faulting module name: OUTLOOK.EXE, version: 15.0.4919.1001, time stamp: 0x58d20482
Exception code: 0xc0000005
Fault offset: 0x008924c7
Faulting process id: 0x1e50
Faulting application start time: 0x01d33b1b1aec2311
Faulting application path: C:\Program Files\Microsoft Office\Office15\OUTLOOK.EXE
Faulting module path: C:\Program Files\Microsoft Office\Office15\OUTLOOK.EXE
Report Id: 0b336b11-a711-11e7-956e-0050569f35b5"
Error,10/2/2017 8:28:14 AM,WSH,1,None,Application,djkvdihost066.jakarta01.com,"CN=Fitriani Kartina password will expire in 1 day(s) at 10/3/2017 8:59:46 AM

Press CTRL + ALT + DEL and select the ""Change a password"" option."
Error,10/2/2017 8:28:13 AM,WSH,1,None,Application,djkvdihost066.jakarta01.com,"CN=Fitriani Kartina password will expire in 1 day(s) at 10/3/2017 8:59:46 AM

Press CTRL + ALT + DEL and select the ""Change a password"" option."
Error,10/2/2017 8:27:58 AM,EventCreate,1,None,Application,djkvdihost113.jakarta01.com,JAKARTA01\ALFIYAH  
Error,10/2/2017 8:27:45 AM,EventCreate,1,None,Application,djkvdihost311.jakarta01.com,JAKARTA01\mauluddin  
Error,10/2/2017 8:27:17 AM,EventCreate,1,None,Application,djkvdihost170.jakarta01.com,JAKARTA01\fathur  
Error,10/2/2017 8:27:16 AM,EventCreate,1,None,Application,djkvdihost067.jakarta01.com,JAKARTA01\amanda  
Error,10/2/2017 8:27:15 AM,EventCreate,1,None,Application,djkvdihost578.jakarta01.com,JAKARTA01\vina febria  
Error,10/2/2017 8:27:14 AM,EventCreate,1,None,Application,djkvdihost166.jakarta01.com,JAKARTA01\Leonardus  
Error,10/2/2017 8:26:43 AM,EventCreate,1,None,Application,djkvdihost416.jakarta01.com,JAKARTA01\taty  
Error,10/2/2017 8:26:23 AM,EventCreate,1,None,Application,djkvdihost173.jakarta01.com,JAKARTA01\Tri Ari  
Error,10/2/2017 8:26:22 AM,EventCreate,1,None,Application,djkvdihost320.jakarta01.com,JAKARTA01\debby  
Error,10/2/2017 8:25:55 AM,EventCreate,1,None,Application,djkvdihost137.jakarta01.com,JAKARTA01\erik  
Error,10/2/2017 8:25:42 AM,EventCreate,1,None,Application,djkvdihost618.jakarta01.com,JAKARTA01\Nurmalia  
Error,10/2/2017 8:25:35 AM,EventCreate,1,None,Application,djkvdihost756.jakarta01.com,JAKARTA01\rudini  
Error,10/2/2017 8:24:54 AM,EventCreate,1,None,Application,djkvdihost292.jakarta01.com,JAKARTA01\jati  
Error,10/2/2017 8:25:10 AM,EventCreate,1,None,Application,djkvdihost590.jakarta01.com,JAKARTA01\mutiman  
Error,10/2/2017 8:25:04 AM,EventCreate,1,None,Application,djkvdihost388.jakarta01.com,JAKARTA01\dewi  
Error,10/2/2017 8:24:47 AM,EventCreate,1,None,Application,djkvdihost045.jakarta01.com,JAKARTA01\ahmad  
Error,10/2/2017 8:24:09 AM,EventCreate,1,None,Application,djkvdihost746.jakarta01.com,JAKARTA01\alexsandro  
Error,10/2/2017 8:24:08 AM,EventCreate,1,None,Application,djkvdihost821.jakarta01.com,JAKARTA01\jidromann  
Error,10/2/2017 8:24:33 AM,EventCreate,1,None,Application,djkvdihost290.jakarta01.com,JAKARTA01\dwinda  
Error,10/2/2017 8:24:29 AM,EventCreate,1,None,Application,djkvdihost750.jakarta01.com,JAKARTA01\nadea  
Error,10/2/2017 8:23:57 AM,EventCreate,1,None,Application,djkvdihost292.jakarta01.com,JAKARTA01\jati  
Error,10/2/2017 8:23:51 AM,EventCreate,1,None,Application,djkvdihost733.jakarta01.com,JAKARTA01\victor  
Error,10/2/2017 8:23:52 AM,EventCreate,1,None,Application,djkvdihost765.jakarta01.com,JAKARTA01\ceciliadt  
Error,10/2/2017 8:23:46 AM,Application Error,1000,(100),Application,djkvdihost765.jakarta01.com,"Faulting application name: spoolsv.exe, version: 6.1.7601.17777, time stamp: 0x4f35efc3
Faulting module name: msvcrt.dll, version: 7.0.7601.17744, time stamp: 0x4eeaf722
Exception code: 0xc0000005
Fault offset: 0x0000aa14
Faulting process id: 0x638
Faulting application start time: 0x01d33a30986c6e07
Faulting application path: C:\Windows\System32\spoolsv.exe
Faulting module path: C:\Windows\system32\msvcrt.dll
Report Id: 55702465-a710-11e7-9051-0050569f3e3d"
Error,10/2/2017 8:24:06 AM,Application Error,1000,(100),Application,djkvdihost746.jakarta01.com,"Faulting application name: iexplore.exe, version: 11.0.9600.18639, time stamp: 0x58d6bb0d
Faulting module name: MSHTML.dll, version: 11.0.9600.18639, time stamp: 0x58d6c720
Exception code: 0xc0000005
Fault offset: 0x000ac604
Faulting process id: 0x1d6c
Faulting application start time: 0x01d33b1ce3fb187e
Faulting application path: C:\Program Files\Internet Explorer\iexplore.exe
Faulting module path: C:\Windows\system32\MSHTML.dll
Report Id: 616b0056-a710-11e7-8750-0050569f0500"
Error,10/2/2017 8:23:58 AM,Application Error,1000,(100),Application,djkvdihost821.jakarta01.com,"Faulting application name: spoolsv.exe, version: 6.1.7601.17777, time stamp: 0x4f35efc3
Faulting module name: msvcrt.dll, version: 7.0.7601.17744, time stamp: 0x4eeaf722
Exception code: 0xc0000005
Fault offset: 0x0000aa14
Faulting process id: 0x638
Faulting application start time: 0x01d33a2bcaaee3fb
Faulting application path: C:\Windows\System32\spoolsv.exe
Faulting module path: C:\Windows\system32\msvcrt.dll
Report Id: 5cc4c363-a710-11e7-bd7c-0050569f6827"
Error,10/2/2017 8:23:24 AM,EventCreate,1,None,Application,djkvdihost292.jakarta01.com,JAKARTA01\jati  
Error,10/2/2017 8:23:18 AM,EventCreate,1,None,Application,djkvdihost733.jakarta01.com,JAKARTA01\victor  
Error,10/2/2017 8:22:50 AM,WSH,1,None,Application,djkvdihost733.jakarta01.com,"CN=Victor Nugraha password will expire in 1 day(s) at 10/3/2017 7:13:56 AM

Press CTRL + ALT + DEL and select the ""Change a password"" option."
Error,10/2/2017 8:22:50 AM,WSH,1,None,Application,djkvdihost733.jakarta01.com,"CN=Victor Nugraha password will expire in 1 day(s) at 10/3/2017 7:13:56 AM

Press CTRL + ALT + DEL and select the ""Change a password"" option."
Error,10/2/2017 8:22:50 AM,EventCreate,1,None,Application,djkvdihost177.jakarta01.com,JAKARTA01\adriani  
Error,10/2/2017 8:22:43 AM,EventCreate,1,None,Application,djkvdihost826.jakarta01.com,JAKARTA01\elvina  
Error,10/2/2017 8:22:51 AM,EventCreate,1,None,Application,djkvdihost543.jakarta01.com,JAKARTA01\DanielAW  
Error,10/2/2017 8:22:43 AM,EventCreate,1,None,Application,djkvdihost177.jakarta01.com,JAKARTA01\adriani  
Error,10/2/2017 8:22:23 AM,EventCreate,1,None,Application,djkvdihost826.jakarta01.com,JAKARTA01\elvina  
Error,10/2/2017 8:22:15 AM,EventCreate,1,None,Application,djkvdihost682.jakarta01.com,JAKARTA01\Yulistial  
Error,10/2/2017 8:22:13 AM,EventCreate,1,None,Application,djkvdihost160.jakarta01.com,JAKARTA01\sylvia  
Error,10/2/2017 8:21:50 AM,EventCreate,1,None,Application,djkvdihost365.jakarta01.com,JAKARTA01\yuswardie  
Error,10/2/2017 8:21:34 AM,EventCreate,1,None,Application,djkvdihost331.jakarta01.com,JAKARTA01\christian2  
Error,10/2/2017 8:21:32 AM,EventCreate,1,None,Application,djkvdihost411.jakarta01.com,JAKARTA01\fauziah wildan  
Error,10/2/2017 8:21:28 AM,EventCreate,1,None,Application,djkvdihost488.jakarta01.com,JAKARTA01\katrin  
Error,10/2/2017 8:20:38 AM,EventCreate,1,None,Application,djkvdihost257.jakarta01.com,JAKARTA01\yenaretsa  
Error,10/2/2017 8:20:27 AM,EventCreate,1,None,Application,djkvdihost346.jakarta01.com,JAKARTA01\Guestisd37  
Error,10/2/2017 8:19:49 AM,EventCreate,1,None,Application,djkvdihost652.jakarta01.com,JAKARTA01\Lukitowati  
Error,10/2/2017 8:20:17 AM,EventCreate,1,None,Application,djkvdihost283.jakarta01.com,JAKARTA01\Jauw  
Error,10/2/2017 8:19:51 AM,EventCreate,1,None,Application,djkvdihost499.jakarta01.com,JAKARTA01\mpinto  
Error,10/2/2017 8:19:08 AM,WSH,1,None,Application,djkvdihost499.jakarta01.com,"CN=Muhammed Pinto password will expire in 3 day(s) at 10/5/2017 8:26:44 AM

Press CTRL + ALT + DEL and select the ""Change a password"" option."
Error,10/2/2017 8:19:29 AM,EventCreate,1,None,Application,djkvdihost091.jakarta01.com,JAKARTA01\guestisd03  
Error,10/2/2017 8:19:18 AM,EventCreate,1,None,Application,djkvdihost005.jakarta01.com,JAKARTA01\augtiaji  
Error,10/2/2017 8:18:58 AM,EventCreate,1,None,Application,djkvdihost292.jakarta01.com,JAKARTA01\adriani  
Error,10/2/2017 8:18:47 AM,EventCreate,1,None,Application,djkvdihost292.jakarta01.com,JAKARTA01\adriani  
Error,10/2/2017 8:19:08 AM,EventCreate,1,None,Application,djkvdihost261.jakarta01.com,JAKARTA01\Rinaldo  
Error,10/2/2017 8:19:08 AM,WSH,1,None,Application,djkvdihost499.jakarta01.com,"CN=Muhammed Pinto password will expire in 3 day(s) at 10/5/2017 8:26:44 AM

Press CTRL + ALT + DEL and select the ""Change a password"" option."
Error,10/2/2017 8:19:00 AM,EventCreate,1,None,Application,djkvdihost133.jakarta01.com,JAKARTA01\Donna  
Error,10/2/2017 8:18:45 AM,EventCreate,1,None,Application,djkvdihost133.jakarta01.com,JAKARTA01\Donna  
Error,10/2/2017 8:18:42 AM,EventCreate,1,None,Application,djkvdihost317.jakarta01.com,JAKARTA01\marchelius  
Error,10/2/2017 8:18:42 AM,EventCreate,1,None,Application,djkvdihost474.jakarta01.com,JAKARTA01\janu  
Error,10/2/2017 8:18:26 AM,EventCreate,1,None,Application,djkvdihost292.jakarta01.com,JAKARTA01\adriani  
Error,10/2/2017 8:18:23 AM,EventCreate,1,None,Application,djkvdihost553.jakarta01.com,JAKARTA01\caroline  
Error,10/2/2017 8:18:20 AM,EventCreate,1,None,Application,djkvdihost184.jakarta01.com,JAKARTA01\evi  
Error,10/2/2017 8:18:17 AM,EventCreate,1,None,Application,djkvdihost247.jakarta01.com,JAKARTA01\amelinda  
Error,10/2/2017 8:18:15 AM,EventCreate,1,None,Application,djkvdihost581.jakarta01.com,JAKARTA01\aditya ny  
Error,10/2/2017 8:18:12 AM,EventCreate,1,None,Application,djkvdihost652.jakarta01.com,JAKARTA01\Lukitowati  
Error,10/2/2017 8:18:08 AM,EventCreate,1,None,Application,djkvdihost652.jakarta01.com,JAKARTA01\Lukitowati  
Error,10/2/2017 8:18:05 AM,EventCreate,1,None,Application,djkvdihost334.jakarta01.com,JAKARTA01\nunu  
Error,10/2/2017 8:17:21 AM,EventCreate,1,None,Application,djkvdihost529.jakarta01.com,JAKARTA01\primaningtyas  
Error,10/2/2017 8:17:09 AM,EventCreate,1,None,Application,djkvdihost576.jakarta01.com,JAKARTA01\Yonanda  
Error,10/2/2017 8:16:43 AM,EventCreate,1,None,Application,djkvdihost443.jakarta01.com,JAKARTA01\christianrs  
Error,10/2/2017 8:16:40 AM,EventCreate,1,None,Application,djkvdihost647.jakarta01.com,JAKARTA01\sari  
Error,10/2/2017 8:16:33 AM,EventCreate,1,None,Application,djkvdihost867.jakarta01.com,JAKARTA01\natasya  
Error,10/2/2017 8:16:30 AM,EventCreate,1,None,Application,djkvdihost134.jakarta01.com,JAKARTA01\evanc  
Error,10/2/2017 8:16:30 AM,EventCreate,1,None,Application,djkvdihost010.jakarta01.com,JAKARTA01\riaanggreyni  
Error,10/2/2017 8:15:57 AM,EventCreate,1,None,Application,djkvdihost308.jakarta01.com,JAKARTA01\ronal  
Error,10/2/2017 8:16:10 AM,EventCreate,1,None,Application,djkvdihost078.jakarta01.com,JAKARTA01\denny  
Error,10/2/2017 8:15:38 AM,EventCreate,1,None,Application,djkvdihost205.jakarta01.com,JAKARTA01\Rahmad  
Error,10/2/2017 8:15:45 AM,EventCreate,1,None,Application,djkvdihost180.jakarta01.com,JAKARTA01\Rumata  
Error,10/2/2017 8:15:36 AM,EventCreate,1,None,Application,djkvdihost526.jakarta01.com,JAKARTA01\JanuardiI  
Error,10/2/2017 8:15:03 AM,EventCreate,1,None,Application,djkvdihost308.jakarta01.com,JAKARTA01\ronal  
Error,10/2/2017 8:15:32 AM,EventCreate,1,None,Application,djkvdihost195.jakarta01.com,JAKARTA01\Lukitowati  
Error,10/2/2017 8:15:26 AM,EventCreate,1,None,Application,djkvdihost236.jakarta01.com,JAKARTA01\ita shabrina  
Error,10/2/2017 8:15:18 AM,EventCreate,1,None,Application,djkvdihost205.jakarta01.com,JAKARTA01\Rahmad  
Error,10/2/2017 8:14:47 AM,WSH,1,None,Application,djkvdihost180.jakarta01.com,"CN=Rumata password will expire in 3 day(s) at 10/5/2017 8:42:02 AM

Press CTRL + ALT + DEL and select the ""Change a password"" option."
Error,10/2/2017 8:14:47 AM,WSH,1,None,Application,djkvdihost180.jakarta01.com,"CN=Rumata password will expire in 3 day(s) at 10/5/2017 8:42:02 AM

Press CTRL + ALT + DEL and select the ""Change a password"" option."
Error,10/2/2017 8:14:44 AM,EventCreate,1,None,Application,djkvdihost540.jakarta01.com,JAKARTA01\Dilla  
Error,10/2/2017 8:14:32 AM,EventCreate,1,None,Application,djkvdihost308.jakarta01.com,JAKARTA01\ronal  
Error,10/2/2017 8:14:15 AM,EventCreate,1,None,Application,djkvdihost742.jakarta01.com,JAKARTA01\bagas  
Error,10/2/2017 8:13:59 AM,EventCreate,1,None,Application,djkvdihost207.jakarta01.com,JAKARTA01\puspitasari  
Error,10/2/2017 8:13:57 AM,EventCreate,1,None,Application,djkvdihost343.jakarta01.com,JAKARTA01\giandripn  
Error,10/2/2017 8:13:57 AM,EventCreate,1,None,Application,djkvdihost117.jakarta01.com,JAKARTA01\Tino  
Error,10/2/2017 8:13:53 AM,EventCreate,1,None,Application,djkvdihost794.jakarta01.com,JAKARTA01\mayang  
Error,10/2/2017 8:13:45 AM,EventCreate,1,None,Application,djkvdihost336.jakarta01.com,JAKARTA01\wiranti  
Error,10/2/2017 8:13:04 AM,WSH,1,None,Application,djkvdihost336.jakarta01.com,"CN=Wiranti Surya Hutami password will expire in 0 day(s) at 10/2/2017 9:04:13 AM

Press CTRL + ALT + DEL and select the ""Change a password"" option."
Error,10/2/2017 8:13:22 AM,EventCreate,1,None,Application,djkvdihost663.jakarta01.com,JAKARTA01\quartiny  
Error,10/2/2017 8:13:21 AM,EventCreate,1,None,Application,djkvdihost394.jakarta01.com,JAKARTA01\Lordy  
Error,10/2/2017 8:13:03 AM,WSH,1,None,Application,djkvdihost336.jakarta01.com,"CN=Wiranti Surya Hutami password will expire in 0 day(s) at 10/2/2017 9:04:13 AM

Press CTRL + ALT + DEL and select the ""Change a password"" option."
Error,10/2/2017 8:12:56 AM,EventCreate,1,None,Application,djkvdihost231.jakarta01.com,JAKARTA01\AULIASA  
Error,10/2/2017 8:12:39 AM,EventCreate,1,None,Application,djkvdihost212.jakarta01.com,JAKARTA01\warda  
Error,10/2/2017 8:12:21 AM,Application Error,1000,(100),Application,djkvdihost212.jakarta01.com,"Faulting application name: PhotoScreensaver.scr, version: 6.1.7601.17514, time stamp: 0x4ce7a590
Faulting module name: SHELL32.dll, version: 6.1.7601.23537, time stamp: 0x57c450f4
Exception code: 0xc0000005
Fault offset: 0x001f269f
Faulting process id: 0x1d2c
Faulting application start time: 0x01d33b1b0b1973ba
Faulting application path: C:\Windows\system32\PhotoScreensaver.scr
Faulting module path: C:\Windows\system32\SHELL32.dll
Report Id: bd2456ba-a70e-11e7-a258-0050569f7a6e"
Error,10/2/2017 8:12:49 AM,EventCreate,1,None,Application,djkvdihost712.jakarta01.com,JAKARTA01\hana nurul  
Error,10/2/2017 8:12:48 AM,EventCreate,1,None,Application,djkvdihost151.jakarta01.com,JAKARTA01\Guestisd31  
Error,10/2/2017 8:12:39 AM,EventCreate,1,None,Application,djkvdihost112.jakarta01.com,JAKARTA01\aulya  
Error,10/2/2017 8:11:56 AM,EventCreate,1,None,Application,djkvdihost228.jakarta01.com,JAKARTA01\Ana  
Error,10/2/2017 8:12:43 AM,EventCreate,1,None,Application,djkvdihost698.jakarta01.com,JAKARTA01\nyimas  
Error,10/2/2017 8:11:55 AM,EventCreate,1,None,Application,djkvdihost802.jakarta01.com,JAKARTA01\yulia rifanda  
Error,10/2/2017 8:12:15 AM,EventCreate,1,None,Application,djkvdihost698.jakarta01.com,JAKARTA01\nyimas  
Error,10/2/2017 8:11:42 AM,EventCreate,1,None,Application,djkvdihost203.jakarta01.com,JAKARTA01\mega  
Error,10/2/2017 8:11:41 AM,EventCreate,1,None,Application,djkvdihost767.jakarta01.com,JAKARTA01\mdendy  
Error,10/2/2017 8:11:26 AM,EventCreate,1,None,Application,djkvdihost879.jakarta01.com,JAKARTA01\Amelia  
Error,10/2/2017 8:11:35 AM,EventCreate,1,None,Application,djkvdihost082.jakarta01.com,JAKARTA01\chinthiars  
Error,10/2/2017 8:10:50 AM,EventCreate,1,None,Application,djkvdihost228.jakarta01.com,JAKARTA01\Ana  
Error,10/2/2017 8:11:13 AM,EventCreate,1,None,Application,djkvdihost461.jakarta01.com,JAKARTA01\Taufik Kurniawan  
Error,10/2/2017 8:11:10 AM,EventCreate,1,None,Application,djkvdihost879.jakarta01.com,JAKARTA01\Amelia  
Error,10/2/2017 8:11:00 AM,EventCreate,1,None,Application,djkvdihost309.jakarta01.com,JAKARTA01\syifa  
Error,10/2/2017 8:10:48 AM,EventCreate,1,None,Application,djkvdihost551.jakarta01.com,JAKARTA01\dwi septiyanti  
Error,10/2/2017 8:10:38 AM,EventCreate,1,None,Application,djkvdihost037.jakarta01.com,JAKARTA01\R Syafira  
Error,10/2/2017 8:10:38 AM,EventCreate,1,None,Application,djkvdihost357.jakarta01.com,JAKARTA01\Rio  
Error,10/2/2017 8:10:34 AM,EventCreate,1,None,Application,djkvdihost228.jakarta01.com,JAKARTA01\Ana  
Error,10/2/2017 8:10:26 AM,EventCreate,1,None,Application,djkvdihost046.jakarta01.com,JAKARTA01\alifah  
Error,10/2/2017 8:10:12 AM,EventCreate,1,None,Application,djkvdihost573.jakarta01.com,JAKARTA01\victoria  
Error,10/2/2017 8:09:51 AM,EventCreate,1,None,Application,djkvdihost573.jakarta01.com,JAKARTA01\victoria  
Error,10/2/2017 8:09:48 AM,EventCreate,1,None,Application,djkvdihost163.jakarta01.com,JAKARTA01\finessya  
Error,10/2/2017 8:10:13 AM,EventCreate,1,None,Application,djkvdihost020.jakarta01.com,JAKARTA01\georgedk  
Error,10/2/2017 8:10:09 AM,EventCreate,1,None,Application,djkvdihost735.jakarta01.com,JAKARTA01\rasyid  
Error,10/2/2017 8:09:48 AM,EventCreate,1,None,Application,djkvdihost573.jakarta01.com,JAKARTA01\victoria  
Error,10/2/2017 8:09:43 AM,EventCreate,1,None,Application,djkvdihost226.jakarta01.com,JAKARTA01\Putri  
Error,10/2/2017 8:09:32 AM,EventCreate,1,None,Application,djkvdihost161.jakarta01.com,JAKARTA01\MuhammadI  
Error,10/2/2017 8:09:24 AM,EventCreate,1,None,Application,djkvdihost360.jakarta01.com,JAKARTA01\Hilma  
Error,10/2/2017 8:09:21 AM,EventCreate,1,None,Application,djkvdihost163.jakarta01.com,JAKARTA01\finessya  
Error,10/2/2017 8:09:03 AM,EventCreate,1,None,Application,djkvdihost110.jakarta01.com,JAKARTA01\puty  
Error,10/2/2017 8:09:00 AM,EventCreate,1,None,Application,djkvdihost342.jakarta01.com,JAKARTA01\brenda  
Error,10/2/2017 8:09:00 AM,EventCreate,1,None,Application,djkvdihost734.jakarta01.com,JAKARTA01\melly  
Error,10/2/2017 8:08:58 AM,EventCreate,1,None,Application,djkvdihost768.jakarta01.com,JAKARTA01\Agus  
Error,10/2/2017 8:08:38 AM,EventCreate,1,None,Application,djkvdihost375.jakarta01.com,JAKARTA01\DedyW  
Error,10/2/2017 8:07:54 AM,EventCreate,1,None,Application,djkvdihost135.jakarta01.com,JAKARTA01\ali pasya  
Error,10/2/2017 8:07:51 AM,Application Error,1000,(100),Application,djkvdihost135.jakarta01.com,"Faulting application name: OUTLOOK.EXE, version: 15.0.4919.1001, time stamp: 0x58d20482
Faulting module name: OUTLOOK.EXE, version: 15.0.4919.1001, time stamp: 0x58d20482
Exception code: 0xc0000005
Fault offset: 0x008924c4
Faulting process id: 0x1dbc
Faulting application start time: 0x01d33b19e7d91750
Faulting application path: C:\Program Files\Microsoft Office\Office15\OUTLOOK.EXE
Faulting module path: C:\Program Files\Microsoft Office\Office15\OUTLOOK.EXE
Report Id: 1c473070-a70e-11e7-80a6-0050569f64d7"
Error,10/2/2017 8:07:50 AM,EventCreate,1,None,Application,djkvdihost321.jakarta01.com,JAKARTA01\henny  
Error,10/2/2017 8:07:39 AM,EventCreate,1,None,Application,djkvdihost595.jakarta01.com,JAKARTA01\teguh  
Error,10/2/2017 8:08:09 AM,EventCreate,1,None,Application,djkvdihost276.jakarta01.com,JAKARTA01\eka prastica  
Error,10/2/2017 8:08:03 AM,EventCreate,1,None,Application,djkvdihost768.jakarta01.com,JAKARTA01\Agus  
Error,10/2/2017 8:07:57 AM,EventCreate,1,None,Application,djkvdihost306.jakarta01.com,JAKARTA01\yosie  
Error,10/2/2017 8:07:57 AM,EventCreate,1,None,Application,djkvdihost025.jakarta01.com,JAKARTA01\subhan  
Error,10/2/2017 8:07:52 AM,EventCreate,1,None,Application,djkvdihost324.jakarta01.com,JAKARTA01\reza  
Error,10/2/2017 8:07:48 AM,EventCreate,1,None,Application,djkvdihost717.jakarta01.com,JAKARTA01\Rizky Anggari  
Error,10/2/2017 8:07:47 AM,EventCreate,1,None,Application,djkvdihost321.jakarta01.com,JAKARTA01\henny  
Error,10/2/2017 8:07:42 AM,EventCreate,1,None,Application,djkvdihost546.jakarta01.com,JAKARTA01\Devina  
Error,10/2/2017 8:07:26 AM,EventCreate,1,None,Application,djkvdihost732.jakarta01.com,JAKARTA01\Teguh Aji  
Error,10/2/2017 8:07:24 AM,EventCreate,1,None,Application,djkvdihost250.jakarta01.com,JAKARTA01\anindita  
Error,10/2/2017 8:07:23 AM,EventCreate,1,None,Application,djkvdihost587.jakarta01.com,JAKARTA01\dadi  
Error,10/2/2017 8:07:23 AM,EventCreate,1,None,Application,djkvdihost592.jakarta01.com,JAKARTA01\tyas  
Error,10/2/2017 8:07:20 AM,EventCreate,1,None,Application,djkvdihost025.jakarta01.com,JAKARTA01\subhan  
Error,10/2/2017 8:07:17 AM,EventCreate,1,None,Application,djkvdihost363.jakarta01.com,JAKARTA01\anissa  
Error,10/2/2017 8:07:12 AM,EventCreate,1,None,Application,djkvdihost752.jakarta01.com,JAKARTA01\fathiya  
Error,10/2/2017 8:06:42 AM,EventCreate,1,None,Application,djkvdihost769.jakarta01.com,JAKARTA01\nurlina  
Error,10/2/2017 8:07:10 AM,EventCreate,1,None,Application,djkvdihost178.jakarta01.com,JAKARTA01\novitarini  
Error,10/2/2017 8:07:07 AM,EventCreate,1,None,Application,djkvdihost779.jakarta01.com,JAKARTA01\trisnawati  
Error,10/2/2017 8:07:06 AM,EventCreate,1,None,Application,djkvdihost408.jakarta01.com,JAKARTA01\Siti Atikah  
Error,10/2/2017 8:06:39 AM,EventCreate,1,None,Application,djkvdihost264.jakarta01.com,JAKARTA01\dyah alit  
Error,10/2/2017 8:06:36 AM,Application Error,1000,(100),Application,djkvdihost264.jakarta01.com,"Faulting application name: OUTLOOK.EXE, version: 15.0.4919.1001, time stamp: 0x58d20482
Faulting module name: OUTLOOK.EXE, version: 15.0.4919.1001, time stamp: 0x58d20482
Exception code: 0xc0000005
Fault offset: 0x008924c7
Faulting process id: 0x16b0
Faulting application start time: 0x01d33b13dd070261
Faulting application path: C:\Program Files\Microsoft Office\Office15\OUTLOOK.EXE
Faulting module path: C:\Program Files\Microsoft Office\Office15\OUTLOOK.EXE
Report Id: ef88a61b-a70d-11e7-87a6-0050569f08b8"
Error,10/2/2017 8:07:00 AM,EventCreate,1,None,Application,djkvdihost213.jakarta01.com,JAKARTA01\rimico  
Error,10/2/2017 8:06:59 AM,EventCreate,1,None,Application,djkvdihost660.jakarta01.com,JAKARTA01\eriku  
Error,10/2/2017 8:06:37 AM,EventCreate,1,None,Application,djkvdihost571.jakarta01.com,JAKARTA01\sandi  
Error,10/2/2017 8:06:23 AM,EventCreate,1,None,Application,djkvdihost011.jakarta01.com,JAKARTA01\Hasna  
Error,10/2/2017 8:06:23 AM,EventCreate,1,None,Application,djkvdihost537.jakarta01.com,JAKARTA01\dwi budi  
Error,10/2/2017 8:06:11 AM,EventCreate,1,None,Application,djkvdihost381.jakarta01.com,JAKARTA01\Widi Anggraeni  
Error,10/2/2017 8:06:04 AM,EventCreate,1,None,Application,djkvdihost654.jakarta01.com,JAKARTA01\yusuf  
Error,10/2/2017 8:06:04 AM,EventCreate,1,None,Application,djkvdihost595.jakarta01.com,JAKARTA01\teguh  
Error,10/2/2017 8:05:59 AM,EventCreate,1,None,Application,djkvdihost310.jakarta01.com,JAKARTA01\daniel chin  
Error,10/2/2017 8:05:48 AM,EventCreate,1,None,Application,djkvdihost252.jakarta01.com,JAKARTA01\tenri  
Error,10/2/2017 8:05:28 AM,EventCreate,1,None,Application,djkvdihost569.jakarta01.com,JAKARTA01\Chairul  
Error,10/2/2017 8:05:27 AM,EventCreate,1,None,Application,djkvdihost060.jakarta01.com,JAKARTA01\badrudin  
Error,10/2/2017 8:05:26 AM,EventCreate,1,None,Application,djkvdihost084.jakarta01.com,JAKARTA01\dadang  
Error,10/2/2017 8:04:57 AM,EventCreate,1,None,Application,djkvdihost749.jakarta01.com,JAKARTA01\Eny Masruroh  
Error,10/2/2017 8:05:20 AM,EventCreate,1,None,Application,djkvdihost018.jakarta01.com,JAKARTA01\yuswardie  
Error,10/2/2017 8:05:20 AM,EventCreate,1,None,Application,djkvdihost475.jakarta01.com,JAKARTA01\Arlyne  
Error,10/2/2017 8:05:19 AM,EventCreate,1,None,Application,djkvdihost769.jakarta01.com,JAKARTA01\nurlina  
Error,10/2/2017 8:05:16 AM,EventCreate,1,None,Application,djkvdihost786.jakarta01.com,JAKARTA01\Marganda  
Error,10/2/2017 8:05:09 AM,EventCreate,1,None,Application,djkvdihost536.jakarta01.com,JAKARTA01\Damal  
Error,10/2/2017 8:04:59 AM,EventCreate,1,None,Application,djkvdihost058.jakarta01.com,JAKARTA01\rizal  
Error,10/2/2017 8:04:57 AM,EventCreate,1,None,Application,djkvdihost679.jakarta01.com,JAKARTA01\sulaiman  
Error,10/2/2017 8:04:52 AM,EventCreate,1,None,Application,djkvdihost520.jakarta01.com,JAKARTA01\eriks  
Error,10/2/2017 8:04:51 AM,EventCreate,1,None,Application,djkvdihost052.jakarta01.com,JAKARTA01\haedar  
Error,10/2/2017 8:04:50 AM,EventCreate,1,None,Application,djkvdihost396.jakarta01.com,JAKARTA01\idams  
Error,10/2/2017 8:04:13 AM,EventCreate,1,None,Application,djkvdihost168.jakarta01.com,JAKARTA01\MAUREEN  
Error,10/2/2017 8:04:36 AM,EventCreate,1,None,Application,djkvdihost547.jakarta01.com,JAKARTA01\hertanto  
Error,10/2/2017 8:04:34 AM,EventCreate,1,None,Application,djkvdihost419.jakarta01.com,JAKARTA01\Listya  
Error,10/2/2017 8:03:54 AM,WSH,1,None,Application,djkvdihost749.jakarta01.com,"CN=Eny Masruroh password will expire in 1 day(s) at 10/3/2017 7:07:28 AM

Press CTRL + ALT + DEL and select the ""Change a password"" option."
Error,10/2/2017 8:04:19 AM,EventCreate,1,None,Application,djkvdihost563.jakarta01.com,JAKARTA01\ailsa  
Error,10/2/2017 8:04:13 AM,EventCreate,1,None,Application,djkvdihost804.jakarta01.com,JAKARTA01\wulan  
Error,10/2/2017 8:04:11 AM,EventCreate,1,None,Application,djkvdihost658.jakarta01.com,JAKARTA01\niluh  
Error,10/2/2017 8:04:08 AM,EventCreate,1,None,Application,djkvdihost168.jakarta01.com,JAKARTA01\MAUREEN  
Error,10/2/2017 8:04:06 AM,EventCreate,1,None,Application,djkvdihost034.jakarta01.com,JAKARTA01\Dini Rahmawati  
Error,10/2/2017 8:03:55 AM,EventCreate,1,None,Application,djkvdihost470.jakarta01.com,JAKARTA01\lileliza  
Error,10/2/2017 8:03:53 AM,EventCreate,1,None,Application,djkvdihost541.jakarta01.com,JAKARTA01\wicaksono  
Error,10/2/2017 8:03:53 AM,WSH,1,None,Application,djkvdihost749.jakarta01.com,"CN=Eny Masruroh password will expire in 1 day(s) at 10/3/2017 7:07:28 AM

Press CTRL + ALT + DEL and select the ""Change a password"" option."
Error,10/2/2017 8:03:52 AM,EventCreate,1,None,Application,djkvdihost491.jakarta01.com,JAKARTA01\supris  
Error,10/2/2017 8:03:45 AM,EventCreate,1,None,Application,djkvdihost898.jakarta01.com,JAKARTA01\Anosa  
Error,10/2/2017 8:03:46 AM,EventCreate,1,None,Application,djkvdihost623.jakarta01.com,JAKARTA01\Helena  
Error,10/2/2017 8:03:46 AM,EventCreate,1,None,Application,djkvdihost564.jakarta01.com,JAKARTA01\lizty  
Error,10/2/2017 8:03:43 AM,EventCreate,1,None,Application,djkvdihost062.jakarta01.com,JAKARTA01\vanya  
Error,10/2/2017 8:03:40 AM,EventCreate,1,None,Application,djkvdihost462.jakarta01.com,JAKARTA01\Lutfi  
Error,10/2/2017 8:03:37 AM,EventCreate,1,None,Application,djkvdihost483.jakarta01.com,JAKARTA01\samekto  
Error,10/2/2017 8:03:37 AM,Application Error,1000,(100),Application,djkvdihost541.jakarta01.com,"Faulting application name: spoolsv.exe, version: 6.1.7601.17777, time stamp: 0x4f35efc3
Faulting module name: msvcrt.dll, version: 7.0.7601.17744, time stamp: 0x4eeaf722
Exception code: 0xc0000005
Fault offset: 0x0000aa14
Faulting process id: 0x638
Faulting application start time: 0x01d33a2fc0db7e70
Faulting application path: C:\Windows\System32\spoolsv.exe
Faulting module path: C:\Windows\system32\msvcrt.dll
Report Id: 84b4197d-a70d-11e7-9f1f-0050569f54e6"
Error,10/2/2017 8:03:04 AM,EventCreate,1,None,Application,djkvdihost397.jakarta01.com,JAKARTA01\hersiari  
Error,10/2/2017 8:03:33 AM,EventCreate,1,None,Application,djkvdihost036.jakarta01.com,JAKARTA01\novianti  
Error,10/2/2017 8:03:33 AM,EventCreate,1,None,Application,djkvdihost383.jakarta01.com,JAKARTA01\Didik  
Error,10/2/2017 8:03:29 AM,EventCreate,1,None,Application,djkvdihost514.jakarta01.com,JAKARTA01\yenny  
Error,10/2/2017 8:03:29 AM,Application Error,1000,(100),Application,djkvdihost462.jakarta01.com,"Faulting application name: spoolsv.exe, version: 6.1.7601.17777, time stamp: 0x4f35efc3
Faulting module name: msvcrt.dll, version: 7.0.7601.17744, time stamp: 0x4eeaf722
Exception code: 0xc0000005
Fault offset: 0x0000aa14
Faulting process id: 0x638
Faulting application start time: 0x01d33a2e7ba1bdf3
Faulting application path: C:\Windows\System32\spoolsv.exe
Faulting module path: C:\Windows\system32\msvcrt.dll
Report Id: 8023d7b4-a70d-11e7-9885-0050569f2330"
Error,10/2/2017 8:03:28 AM,EventCreate,1,None,Application,djkvdihost361.jakarta01.com,JAKARTA01\ChyntiaDN  
Error,10/2/2017 8:03:27 AM,EventCreate,1,None,Application,djkvdihost502.jakarta01.com,JAKARTA01\meva  
Error,10/2/2017 8:03:17 AM,EventCreate,1,None,Application,djkvdihost188.jakarta01.com,JAKARTA01\evrizon  
Error,10/2/2017 8:03:12 AM,EventCreate,1,None,Application,djkvdihost659.jakarta01.com,JAKARTA01\Erlisa  
Error,10/2/2017 8:03:11 AM,EventCreate,1,None,Application,djkvdihost284.jakarta01.com,JAKARTA01\hendra firdaus  
Error,10/2/2017 8:03:02 AM,EventCreate,1,None,Application,djkvdihost027.jakarta01.com,JAKARTA01\heriansyah  
Error,10/2/2017 8:02:30 AM,EventCreate,1,None,Application,djkvdihost080.jakarta01.com,JAKARTA01\M Said  
Error,10/2/2017 8:02:53 AM,EventCreate,1,None,Application,djkvdihost179.jakarta01.com,JAKARTA01\enrikko  
Error,10/2/2017 8:02:52 AM,EventCreate,1,None,Application,djkvdihost347.jakarta01.com,JAKARTA01\rubyani  
Error,10/2/2017 8:02:49 AM,EventCreate,1,None,Application,djkvdihost232.jakarta01.com,JAKARTA01\MegaDN  
Error,10/2/2017 8:02:45 AM,EventCreate,1,None,Application,djkvdihost659.jakarta01.com,JAKARTA01\Erlisa  
Error,10/2/2017 8:02:43 AM,EventCreate,1,None,Application,djkvdihost323.jakarta01.com,JAKARTA01\gerald  
Error,10/2/2017 8:02:42 AM,EventCreate,1,None,Application,djkvdihost778.jakarta01.com,JAKARTA01\BudiS  
Error,10/2/2017 8:02:40 AM,EventCreate,1,None,Application,djkvdihost397.jakarta01.com,JAKARTA01\hersiari  
Error,10/2/2017 8:02:37 AM,EventCreate,1,None,Application,djkvdihost152.jakarta01.com,JAKARTA01\Nikmatullah  
Error,10/2/2017 8:02:34 AM,EventCreate,1,None,Application,djkvdihost073.jakarta01.com,JAKARTA01\ng ryan  
Error,10/2/2017 8:02:33 AM,EventCreate,1,None,Application,djkvdihost003.jakarta01.com,JAKARTA01\panji ndaru  
Error,10/2/2017 8:02:26 AM,EventCreate,1,None,Application,djkvdihost080.jakarta01.com,JAKARTA01\M Said  
Error,10/2/2017 8:02:19 AM,EventCreate,1,None,Application,djkvdihost326.jakarta01.com,JAKARTA01\puri  
Error,10/2/2017 8:01:45 AM,EventCreate,1,None,Application,djkvdihost014.jakarta01.com,JAKARTA01\gadis  
Error,10/2/2017 8:02:13 AM,EventCreate,1,None,Application,djkvdihost597.jakarta01.com,JAKARTA01\melany  
Error,10/2/2017 8:02:07 AM,EventCreate,1,None,Application,djkvdihost209.jakarta01.com,JAKARTA01\adiyanti  
Error,10/2/2017 8:02:06 AM,EventCreate,1,None,Application,djkvdihost318.jakarta01.com,JAKARTA01\agnesthine  
Error,10/2/2017 8:02:01 AM,EventCreate,1,None,Application,djkvdihost790.jakarta01.com,JAKARTA01\citra  
Error,10/2/2017 8:01:59 AM,EventCreate,1,None,Application,djkvdihost344.jakarta01.com,JAKARTA01\tara  
Error,10/2/2017 8:01:56 AM,EventCreate,1,None,Application,djkvdihost764.jakarta01.com,JAKARTA01\tiar  
Error,10/2/2017 8:01:48 AM,EventCreate,1,None,Application,djkvdihost665.jakarta01.com,JAKARTA01\poespita  
Error,10/2/2017 8:01:44 AM,EventCreate,1,None,Application,djkvdihost605.jakarta01.com,JAKARTA01\prakasa  
Error,10/2/2017 8:01:41 AM,EventCreate,1,None,Application,djkvdihost613.jakarta01.com,JAKARTA01\melani  
