Error,10/3/2017 16:28,Application Error,1000,-100,Application,djkvdihost574.jakarta01.com,"Faulting application name: PrintIsolationHost.exe, version: 6.1.7600.16385, time stamp: 0x4a5bcebc
Faulting module name: hpzppwn7.dll, version: 0.3.7071.0, time stamp: 0x4a5bda01
Exception code: 0xc0000005
Fault offset: 0x0000de07
Faulting process id: 0x2248
Faulting application start time: 0x01d33c29e293c362
Faulting application path: C:\Windows\system32\PrintIsolationHost.exe
Faulting module path: C:\Windows\system32\spool\PRTPROCS\W32X86\hpzppwn7.dll
Report Id: 3d099d38-a81d-11e7-accf-0050569f211d"
Error,10/3/2017 16:28,EventCreate,1,None,Application,djkvdihost026.jakarta01.com,JAKARTA01\Thalia  
Error,10/3/2017 16:28,EventCreate,1,None,Application,djkvdihost029.jakarta01.com,JAKARTA01\rahmatia  
Error,10/3/2017 16:27,EventCreate,1,None,Application,djkvdihost574.jakarta01.com,JAKARTA01\debby  
Error,10/3/2017 16:27,Application Error,1000,-100,Application,djkvdihost574.jakarta01.com,"Faulting application name: PrintIsolationHost.exe, version: 6.1.7600.16385, time stamp: 0x4a5bcebc
Faulting module name: hpzppwn7.dll, version: 0.3.7071.0, time stamp: 0x4a5bda01
Exception code: 0xc0000005
Fault offset: 0x0000de07
Faulting process id: 0xf20
Faulting application start time: 0x01d33c29e1f44d3d
Faulting application path: C:\Windows\system32\PrintIsolationHost.exe
Faulting module path: C:\Windows\system32\spool\PRTPROCS\W32X86\hpzppwn7.dll
Report Id: 1faf8dfd-a81d-11e7-accf-0050569f211d"
Error,10/3/2017 16:27,EventCreate,1,None,Application,djkvdihost574.jakarta01.com,JAKARTA01\debby  
Error,10/3/2017 16:27,Application Error,1000,-100,Application,djkvdihost574.jakarta01.com,"Faulting application name: PrintIsolationHost.exe, version: 6.1.7600.16385, time stamp: 0x4a5bcebc
Faulting module name: hpzppwn7.dll, version: 0.3.7071.0, time stamp: 0x4a5bda01
Exception code: 0xc0000005
Fault offset: 0x0000de07
Faulting process id: 0x650
Faulting application start time: 0x01d33c29db4d5a85
Faulting application path: C:\Windows\system32\PrintIsolationHost.exe
Faulting module path: C:\Windows\system32\spool\PRTPROCS\W32X86\hpzppwn7.dll
Report Id: 1ccfc08f-a81d-11e7-accf-0050569f211d"
Error,10/3/2017 16:22,EventCreate,1,None,Application,djkvdihost500.jakarta01.com,JAKARTA01\martha  
Error,10/3/2017 16:11,EventCreate,1,None,Application,djkvdihost840.jakarta01.com,"The description for Event ID 1 from source EventCreate cannot be found. Either the component that raises this event is not installed on your local computer or the installation is corrupted. You can install or repair the component on the local computer.

If the event originated on another computer, the display information had to be saved with the event.

The following information was included with the event: 

JAKARTA01\djkusertest01  
"
Error,10/3/2017 16:20,EventCreate,1,None,Application,djkvdihost410.jakarta01.com,JAKARTA01\nurfadila  
Error,10/3/2017 16:20,EventCreate,1,None,Application,djkvdihost410.jakarta01.com,JAKARTA01\nurfadila  
Error,10/3/2017 16:16,EventCreate,1,None,Application,djkvdihost414.jakarta01.com,JAKARTA01\regina  
Error,10/3/2017 16:15,EventCreate,1,None,Application,djkvdihost414.jakarta01.com,JAKARTA01\regina  
Error,10/3/2017 16:13,EventCreate,1,None,Application,djkvdihost323.jakarta01.com,JAKARTA01\cinta  
Error,10/3/2017 16:13,EventCreate,1,None,Application,djkvdihost323.jakarta01.com,JAKARTA01\cinta  
Error,10/3/2017 16:13,EventCreate,1,None,Application,djkvdihost323.jakarta01.com,JAKARTA01\cinta  
Error,10/3/2017 16:08,EventCreate,1,None,Application,djkvdihost535.jakarta01.com,JAKARTA01\handayani  
Error,10/3/2017 16:08,EventCreate,1,None,Application,djkvdihost650.jakarta01.com,JAKARTA01\ahmad zainul  
Error,10/3/2017 16:08,EventCreate,1,None,Application,djkvdihost535.jakarta01.com,JAKARTA01\handayani  
Error,10/3/2017 16:08,Application Error,1000,-100,Application,djkvdihost650.jakarta01.com,"Faulting application name: OUTLOOK.EXE, version: 15.0.4919.1001, time stamp: 0x58d20482
Faulting module name: OUTLOOK.EXE, version: 15.0.4919.1001, time stamp: 0x58d20482
Exception code: 0xc0000005
Fault offset: 0x008924c4
Faulting process id: 0x1714
Faulting application start time: 0x01d33be33bad5e79
Faulting application path: C:\Program Files\Microsoft Office\Office15\OUTLOOK.EXE
Faulting module path: C:\Program Files\Microsoft Office\Office15\OUTLOOK.EXE
Report Id: 5d2c5292-a81a-11e7-a64a-0050569f5c4e"
Error,10/3/2017 16:03,EventCreate,1,None,Application,djkvdihost323.jakarta01.com,JAKARTA01\cinta  
Error,10/3/2017 16:02,EventCreate,1,None,Application,djkvdihost815.jakarta01.com,JAKARTA01\ridjal  
Error,10/3/2017 16:01,EventCreate,1,None,Application,djkvdihost077.jakarta01.com,JAKARTA01\andryan  
Error,10/3/2017 16:01,EventCreate,1,None,Application,djkvdihost124.jakarta01.com,JAKARTA01\Juliet  
Error,10/3/2017 16:01,Application Error,1000,-100,Application,djkvdihost077.jakarta01.com,"Faulting application name: OUTLOOK.EXE, version: 15.0.4919.1001, time stamp: 0x58d20482
Faulting module name: OUTLOOK.EXE, version: 15.0.4919.1001, time stamp: 0x58d20482
Exception code: 0xc0000005
Fault offset: 0x008924c4
Faulting process id: 0x1088
Faulting application start time: 0x01d33be2b93a140b
Faulting application path: C:\Program Files\Microsoft Office\Office15\OUTLOOK.EXE
Faulting module path: C:\Program Files\Microsoft Office\Office15\OUTLOOK.EXE
Report Id: 781ee790-a819-11e7-917d-0050569f3939"
Error,10/3/2017 16:01,Application Error,1000,-100,Application,djkvdihost124.jakarta01.com,"Faulting application name: OUTLOOK.EXE, version: 15.0.4919.1001, time stamp: 0x58d20482
Faulting module name: OUTLOOK.EXE, version: 15.0.4919.1001, time stamp: 0x58d20482
Exception code: 0xc0000005
Fault offset: 0x008924c4
Faulting process id: 0xc5c
Faulting application start time: 0x01d33bf23f51943f
Faulting application path: C:\Program Files\Microsoft Office\Office15\OUTLOOK.EXE
Faulting module path: C:\Program Files\Microsoft Office\Office15\OUTLOOK.EXE
Report Id: 6c035b7c-a819-11e7-9055-0050569f4413"
Error,10/3/2017 15:55,EventCreate,1,None,Application,djkvdihost604.jakarta01.com,JAKARTA01\tjahja  
Error,10/3/2017 15:54,Application Error,1000,-100,Application,djkvdihost604.jakarta01.com,"Faulting application name: OUTLOOK.EXE, version: 15.0.4919.1001, time stamp: 0x58d20482
Faulting module name: OUTLOOK.EXE, version: 15.0.4919.1001, time stamp: 0x58d20482
Exception code: 0xc0000005
Fault offset: 0x008924c4
Faulting process id: 0x1a78
Faulting application start time: 0x01d33bdc45678091
Faulting application path: C:\Program Files\Microsoft Office\Office15\OUTLOOK.EXE
Faulting module path: C:\Program Files\Microsoft Office\Office15\OUTLOOK.EXE
Report Id: 878c3a58-a818-11e7-9bb9-0050569f512e"
Error,10/3/2017 15:43,EventCreate,1,None,Application,djkvdihost360.jakarta01.com,JAKARTA01\rasyid  
Error,10/3/2017 15:43,EventCreate,1,None,Application,djkvdihost143.jakarta01.com,JAKARTA01\ubaedi  
Error,10/3/2017 15:43,Application Error,1000,-100,Application,djkvdihost360.jakarta01.com,"Faulting application name: OUTLOOK.EXE, version: 15.0.4919.1001, time stamp: 0x58d20482
Faulting module name: OUTLOOK.EXE, version: 15.0.4919.1001, time stamp: 0x58d20482
Exception code: 0xc0000005
Fault offset: 0x008924c4
Faulting process id: 0x1a88
Faulting application start time: 0x01d33be40dc86017
Faulting application path: C:\Program Files\Microsoft Office\Office15\OUTLOOK.EXE
Faulting module path: C:\Program Files\Microsoft Office\Office15\OUTLOOK.EXE
Report Id: e561225b-a816-11e7-8373-0050569f50dc"
Error,10/3/2017 15:43,Application Error,1000,-100,Application,djkvdihost143.jakarta01.com,"Faulting application name: OUTLOOK.EXE, version: 15.0.4919.1001, time stamp: 0x58d20482
Faulting module name: OUTLOOK.EXE, version: 15.0.4919.1001, time stamp: 0x58d20482
Exception code: 0xc0000005
Fault offset: 0x008924c7
Faulting process id: 0x1f64
Faulting application start time: 0x01d33be4cd0f4086
Faulting application path: C:\Program Files\Microsoft Office\Office15\OUTLOOK.EXE
Faulting module path: C:\Program Files\Microsoft Office\Office15\OUTLOOK.EXE
Report Id: e26e41ca-a816-11e7-a1a7-0050569f0c5e"
Error,10/3/2017 15:33,EventCreate,1,None,Application,djkvdihost282.jakarta01.com,JAKARTA01\hana nurul  
Error,10/3/2017 15:33,Application Error,1000,-100,Application,djkvdihost282.jakarta01.com,"Faulting application name: WINWORD.EXE, version: 15.0.4911.1000, time stamp: 0x58a2c075
Faulting module name: mso.dll, version: 15.0.4919.1002, time stamp: 0x58de0799
Exception code: 0xc0000005
Fault offset: 0x000f8dac
Faulting process id: 0x1ef0
Faulting application start time: 0x01d33c21f9e85e4a
Faulting application path: C:\Program Files\Microsoft Office\Office15\WINWORD.EXE
Faulting module path: C:\Program Files\Common Files\Microsoft Shared\Office15\mso.dll
Report Id: 8c2b2b35-a815-11e7-b328-0050569f7327"
Error,10/3/2017 15:33,EventCreate,1,None,Application,djkvdihost754.jakarta01.com,JAKARTA01\eka  
Error,10/3/2017 15:32,Application Error,1000,-100,Application,djkvdihost754.jakarta01.com,"Faulting application name: OUTLOOK.EXE, version: 15.0.4919.1001, time stamp: 0x58d20482
Faulting module name: OUTLOOK.EXE, version: 15.0.4919.1001, time stamp: 0x58d20482
Exception code: 0xc0000005
Fault offset: 0x008924c4
Faulting process id: 0x1da8
Faulting application start time: 0x01d33be7e205d5a7
Faulting application path: C:\Program Files\Microsoft Office\Office15\OUTLOOK.EXE
Faulting module path: C:\Program Files\Microsoft Office\Office15\OUTLOOK.EXE
Report Id: 74b5733a-a815-11e7-92fb-0050569f2d6d"
Error,10/3/2017 15:31,EventCreate,1,None,Application,djkvdihost282.jakarta01.com,JAKARTA01\hana nurul  
Error,10/3/2017 15:31,Application Error,1000,-100,Application,djkvdihost282.jakarta01.com,"Faulting application name: WINWORD.EXE, version: 15.0.4911.1000, time stamp: 0x58a2c075
Faulting module name: mso.dll, version: 15.0.4919.1002, time stamp: 0x58de0799
Exception code: 0xc0000005
Fault offset: 0x000f8db8
Faulting process id: 0x1500
Faulting application start time: 0x01d33c0d821669df
Faulting application path: C:\Program Files\Microsoft Office\Office15\WINWORD.EXE
Faulting module path: C:\Program Files\Common Files\Microsoft Shared\Office15\mso.dll
Report Id: 3089e0eb-a815-11e7-b328-0050569f7327"
Error,10/3/2017 15:30,EventCreate,1,None,Application,djkvdihost270.jakarta01.com,JAKARTA01\alexsandro  
Error,10/3/2017 15:30,Application Error,1000,-100,Application,djkvdihost270.jakarta01.com,"Faulting application name: OUTLOOK.EXE, version: 15.0.4919.1001, time stamp: 0x58d20482
Faulting module name: OUTLOOK.EXE, version: 15.0.4919.1001, time stamp: 0x58d20482
Exception code: 0xc0000005
Fault offset: 0x008924c7
Faulting process id: 0x1d0c
Faulting application start time: 0x01d33be1cda11088
Faulting application path: C:\Program Files\Microsoft Office\Office15\OUTLOOK.EXE
Faulting module path: C:\Program Files\Microsoft Office\Office15\OUTLOOK.EXE
Report Id: 14f4c717-a815-11e7-9cb3-0050569f4cc2"
Error,10/3/2017 15:27,EventCreate,1,None,Application,djkvdihost624.jakarta01.com,JAKARTA01\sergi  
Error,10/3/2017 15:27,Application Error,1000,-100,Application,djkvdihost624.jakarta01.com,"Faulting application name: lync.exe, version: 15.0.4919.1000, time stamp: 0x58c7ab1e
Faulting module name: mshtml.dll, version: 11.0.9600.18639, time stamp: 0x58d6c720
Exception code: 0xc0000005
Fault offset: 0x00476281
Faulting process id: 0x14f0
Faulting application start time: 0x01d33be2f7e8562d
Faulting application path: C:\Program Files\Microsoft Office\Office15\lync.exe
Faulting module path: C:\Windows\System32\mshtml.dll
Report Id: b84accc7-a814-11e7-b53f-0050569f47f9"
Error,10/3/2017 15:27,EventCreate,1,None,Application,djkvdihost316.jakarta01.com,JAKARTA01\Setiawan  
Error,10/3/2017 15:27,EventCreate,1,None,Application,djkvdihost638.jakarta01.com,JAKARTA01\chinthiars  
Error,10/3/2017 15:27,Application Error,1000,-100,Application,djkvdihost316.jakarta01.com,"Faulting application name: iexplore.exe, version: 11.0.9600.18639, time stamp: 0x58d6bb0d
Faulting module name: unknown, version: 0.0.0.0, time stamp: 0x00000000
Exception code: 0xc0000005
Fault offset: 0x7ff012c8
Faulting process id: 0x388
Faulting application start time: 0x01d33c201f607082
Faulting application path: C:\Program Files\Internet Explorer\iexplore.exe
Faulting module path: unknown
Report Id: a4c2739d-a814-11e7-aea6-0050569f6540"
Error,10/3/2017 15:25,EventCreate,1,None,Application,djkvdihost638.jakarta01.com,JAKARTA01\chinthiars  
Error,10/3/2017 15:25,EventCreate,1,None,Application,djkvdihost228.jakarta01.com,JAKARTA01\Virgitha  
Error,10/3/2017 15:25,Application Error,1000,-100,Application,djkvdihost228.jakarta01.com,"Faulting application name: OUTLOOK.EXE, version: 15.0.4919.1001, time stamp: 0x58d20482
Faulting module name: OUTLOOK.EXE, version: 15.0.4919.1001, time stamp: 0x58d20482
Exception code: 0xc0000005
Fault offset: 0x008924c4
Faulting process id: 0x1fa4
Faulting application start time: 0x01d33bddb470ad3c
Faulting application path: C:\Program Files\Microsoft Office\Office15\OUTLOOK.EXE
Faulting module path: C:\Program Files\Microsoft Office\Office15\OUTLOOK.EXE
Report Id: 6249bbef-a814-11e7-8991-0050569f72c1"
Error,10/3/2017 15:22,EventCreate,1,None,Application,djkvdihost181.jakarta01.com,JAKARTA01\Moh Ditto  
Error,10/3/2017 15:22,Application Error,1000,-100,Application,djkvdihost181.jakarta01.com,"Faulting application name: WINWORD.EXE, version: 15.0.4911.1000, time stamp: 0x58a2c075
Faulting module name: wwlib.dll, version: 15.0.4911.1000, time stamp: 0x58a2c073
Exception code: 0xc0000005
Fault offset: 0x006f1046
Faulting process id: 0x19b8
Faulting application start time: 0x01d33c20b014f416
Faulting application path: C:\Program Files\Microsoft Office\Office15\WINWORD.EXE
Faulting module path: C:\Program Files\Microsoft Office\Office15\wwlib.dll
Report Id: 064c5536-a814-11e7-9eed-0050569f0420"
Error,10/3/2017 15:17,EventCreate,1,None,Application,djkvdihost173.jakarta01.com,JAKARTA01\ailsa  
Error,10/3/2017 15:17,EventCreate,1,None,Application,djkvdihost401.jakarta01.com,JAKARTA01\vanya  
Error,10/3/2017 15:17,Application Error,1000,-100,Application,djkvdihost173.jakarta01.com,"Faulting application name: OUTLOOK.EXE, version: 15.0.4919.1001, time stamp: 0x58d20482
Faulting module name: OUTLOOK.EXE, version: 15.0.4919.1001, time stamp: 0x58d20482
Exception code: 0xc0000005
Fault offset: 0x008924c4
Faulting process id: 0x1c78
Faulting application start time: 0x01d33be2622b91e5
Faulting application path: C:\Program Files\Microsoft Office\Office15\OUTLOOK.EXE
Faulting module path: C:\Program Files\Microsoft Office\Office15\OUTLOOK.EXE
Report Id: 4915e901-a813-11e7-bfa3-0050569f2eb2"
Error,10/3/2017 15:17,Application Error,1000,-100,Application,djkvdihost401.jakarta01.com,"Faulting application name: EXCEL.EXE, version: 15.0.4919.1000, time stamp: 0x58c7ab0f
Faulting module name: EXCEL.EXE, version: 15.0.4919.1000, time stamp: 0x58c7ab0f
Exception code: 0xc0000005
Fault offset: 0x0001c34b
Faulting process id: 0x129c
Faulting application start time: 0x01d33c0d99e5d88f
Faulting application path: C:\Program Files\Microsoft Office\Office15\EXCEL.EXE
Faulting module path: C:\Program Files\Microsoft Office\Office15\EXCEL.EXE
Report Id: 47e2b4fc-a813-11e7-8f4a-0050569f74f0"
Error,10/3/2017 15:11,EventCreate,1,None,Application,djkvdihost537.jakarta01.com,JAKARTA01\chandra  
Error,10/3/2017 15:11,Application Error,1000,-100,Application,djkvdihost537.jakarta01.com,"Faulting application name: EXCEL.EXE, version: 15.0.4919.1000, time stamp: 0x58c7ab0f
Faulting module name: EXCEL.EXE, version: 15.0.4919.1000, time stamp: 0x58c7ab0f
Exception code: 0xc0000005
Fault offset: 0x0005460a
Faulting process id: 0x1210
Faulting application start time: 0x01d33c157185b987
Faulting application path: C:\Program Files\Microsoft Office\Office15\EXCEL.EXE
Faulting module path: C:\Program Files\Microsoft Office\Office15\EXCEL.EXE
Report Id: 67c6d501-a812-11e7-87a7-0050569f34ed"
Error,10/3/2017 15:07,EventCreate,1,None,Application,djkvdihost011.jakarta01.com,JAKARTA01\yorika  
Error,10/3/2017 15:07,Application Error,1000,-100,Application,djkvdihost011.jakarta01.com,"Faulting application name: OUTLOOK.EXE, version: 15.0.4919.1001, time stamp: 0x58d20482
Faulting module name: OUTLOOK.EXE, version: 15.0.4919.1001, time stamp: 0x58d20482
Exception code: 0xc0000005
Fault offset: 0x008924c4
Faulting process id: 0x11f8
Faulting application start time: 0x01d33be265253008
Faulting application path: C:\Program Files\Microsoft Office\Office15\OUTLOOK.EXE
Faulting module path: C:\Program Files\Microsoft Office\Office15\OUTLOOK.EXE
Report Id: d6d02294-a811-11e7-bdf9-0050569f70b5"
Error,10/3/2017 15:02,EventCreate,1,None,Application,djkvdihost357.jakarta01.com,JAKARTA01\nirliani  
Error,10/3/2017 15:01,EventCreate,1,None,Application,djkvdihost357.jakarta01.com,JAKARTA01\nirliani  
Error,10/3/2017 14:54,EventCreate,1,None,Application,djkvdihost715.jakarta01.com,JAKARTA01\yulianty  
Error,10/3/2017 14:54,Application Error,1000,-100,Application,djkvdihost715.jakarta01.com,"Faulting application name: OUTLOOK.EXE, version: 15.0.4919.1001, time stamp: 0x58d20482
Faulting module name: OUTLOOK.EXE, version: 15.0.4919.1001, time stamp: 0x58d20482
Exception code: 0xc0000005
Fault offset: 0x008924c4
Faulting process id: 0x19f0
Faulting application start time: 0x01d33be203a2f465
Faulting application path: C:\Program Files\Microsoft Office\Office15\OUTLOOK.EXE
Faulting module path: C:\Program Files\Microsoft Office\Office15\OUTLOOK.EXE
Report Id: 094a8a6c-a810-11e7-a382-0050569f0951"
Error,10/3/2017 13:22,EventCreate,1,None,Application,djkvdihost657.jakarta01.com,JAKARTA01\GuestISD57  
Error,10/3/2017 14:48,EventCreate,1,None,Application,djkvdihost298.jakarta01.com,JAKARTA01\yumiyati  
Error,10/3/2017 14:48,EventCreate,1,None,Application,djkvdihost766.jakarta01.com,JAKARTA01\aisyah  
Error,10/3/2017 14:48,EventCreate,1,None,Application,djkvdihost298.jakarta01.com,JAKARTA01\yumiyati  
Error,10/3/2017 14:47,EventCreate,1,None,Application,djkvdihost623.jakarta01.com,JAKARTA01\Lutfi  
Error,10/3/2017 14:47,EventCreate,1,None,Application,djkvdihost441.jakarta01.com,JAKARTA01\edwin  
Error,10/3/2017 14:46,EventCreate,1,None,Application,djkvdihost446.jakarta01.com,JAKARTA01\valery  
Error,10/3/2017 14:47,Application Error,1000,-100,Application,djkvdihost623.jakarta01.com,"Faulting application name: OUTLOOK.EXE, version: 15.0.4919.1001, time stamp: 0x58d20482
Faulting module name: OUTLOOK.EXE, version: 15.0.4919.1001, time stamp: 0x58d20482
Exception code: 0xc0000005
Fault offset: 0x008924c4
Faulting process id: 0x1958
Faulting application start time: 0x01d33c17a32237e2
Faulting application path: C:\Program Files\Microsoft Office\Office15\OUTLOOK.EXE
Faulting module path: C:\Program Files\Microsoft Office\Office15\OUTLOOK.EXE
Report Id: 1331930d-a80f-11e7-9719-0050569f26a7"
Error,10/3/2017 14:46,Application Error,1000,-100,Application,djkvdihost441.jakarta01.com,"Faulting application name: OUTLOOK.EXE, version: 15.0.4919.1001, time stamp: 0x58d20482
Faulting module name: OUTLOOK.EXE, version: 15.0.4919.1001, time stamp: 0x58d20482
Exception code: 0xc0000005
Fault offset: 0x008924c4
Faulting process id: 0x1d58
Faulting application start time: 0x01d33bf3b9513073
Faulting application path: C:\Program Files\Microsoft Office\Office15\OUTLOOK.EXE
Faulting module path: C:\Program Files\Microsoft Office\Office15\OUTLOOK.EXE
Report Id: 09055c15-a80f-11e7-b174-0050569f40af"
Error,10/3/2017 14:46,Application Error,1000,-100,Application,djkvdihost446.jakarta01.com,"Faulting application name: OUTLOOK.EXE, version: 15.0.4919.1001, time stamp: 0x58d20482
Faulting module name: OUTLOOK.EXE, version: 15.0.4919.1001, time stamp: 0x58d20482
Exception code: 0xc0000005
Fault offset: 0x008924c7
Faulting process id: 0x1988
Faulting application start time: 0x01d33bfdd8e67003
Faulting application path: C:\Program Files\Microsoft Office\Office15\OUTLOOK.EXE
Faulting module path: C:\Program Files\Microsoft Office\Office15\OUTLOOK.EXE
Report Id: 07288103-a80f-11e7-9efe-0050569f2b47"
Error,10/3/2017 14:45,EventCreate,1,None,Application,djkvdihost670.jakarta01.com,JAKARTA01\R Syafira  
Error,10/3/2017 14:45,Application Error,1000,-100,Application,djkvdihost670.jakarta01.com,"Faulting application name: WINWORD.EXE, version: 15.0.4911.1000, time stamp: 0x58a2c075
Faulting module name: wwlib.dll, version: 15.0.4911.1000, time stamp: 0x58a2c073
Exception code: 0xc0000005
Fault offset: 0x000f4611
Faulting process id: 0x24dc
Faulting application start time: 0x01d33bfa0ba34f20
Faulting application path: C:\Program Files\Microsoft Office\Office15\WINWORD.EXE
Faulting module path: C:\Program Files\Microsoft Office\Office15\wwlib.dll
Report Id: d804092e-a80e-11e7-a436-0050569f2515"
Error,10/3/2017 14:44,EventCreate,1,None,Application,djkvdihost486.jakarta01.com,JAKARTA01\Erlisa  
Error,10/3/2017 14:44,Application Error,1000,-100,Application,djkvdihost486.jakarta01.com,"Faulting application name: OUTLOOK.EXE, version: 15.0.4919.1001, time stamp: 0x58d20482
Faulting module name: OUTLOOK.EXE, version: 15.0.4919.1001, time stamp: 0x58d20482
Exception code: 0xc0000005
Fault offset: 0x008924c4
Faulting process id: 0x1fac
Faulting application start time: 0x01d33be7ba224463
Faulting application path: C:\Program Files\Microsoft Office\Office15\OUTLOOK.EXE
Faulting module path: C:\Program Files\Microsoft Office\Office15\OUTLOOK.EXE
Report Id: b8973591-a80e-11e7-8aba-0050569f25ab"
Error,10/3/2017 14:41,EventCreate,1,None,Application,djkvdihost546.jakarta01.com,JAKARTA01\muammar  
Error,10/3/2017 14:41,EventCreate,1,None,Application,djkvdihost546.jakarta01.com,JAKARTA01\muammar  
Error,10/3/2017 14:40,EventCreate,1,None,Application,djkvdihost546.jakarta01.com,JAKARTA01\muammar  
Error,10/3/2017 14:40,EventCreate,1,None,Application,djkvdihost546.jakarta01.com,JAKARTA01\muammar  
Error,10/3/2017 14:38,EventCreate,1,None,Application,djkvdihost588.jakarta01.com,JAKARTA01\guestisd36  
Error,10/3/2017 14:36,EventCreate,1,None,Application,djkvdihost367.jakarta01.com,JAKARTA01\guestisd36  
Error,10/3/2017 14:36,Application Error,1000,-100,Application,djkvdihost367.jakarta01.com,"Faulting application name: EXCEL.EXE, version: 15.0.4919.1000, time stamp: 0x58c7ab0f
Faulting module name: EXCEL.EXE, version: 15.0.4919.1000, time stamp: 0x58c7ab0f
Exception code: 0xc0000005
Fault offset: 0x0004f5e0
Faulting process id: 0x1ac0
Faulting application start time: 0x01d33beaff4102bf
Faulting application path: C:\Program Files\Microsoft Office\Office15\EXCEL.EXE
Faulting module path: C:\Program Files\Microsoft Office\Office15\EXCEL.EXE
Report Id: 8b61a870-a80d-11e7-bee6-0050569f32b7"
Error,10/3/2017 14:24,EventCreate,1,None,Application,djkvdihost504.jakarta01.com,JAKARTA01\Hertanto gunadi  
Error,10/3/2017 14:22,EventCreate,1,None,Application,djkvdihost748.jakarta01.com,JAKARTA01\mahendra  
Error,10/3/2017 14:22,Application Error,1000,-100,Application,djkvdihost748.jakarta01.com,"Faulting application name: OUTLOOK.EXE, version: 15.0.4919.1001, time stamp: 0x58d20482
Faulting module name: OUTLOOK.EXE, version: 15.0.4919.1001, time stamp: 0x58d20482
Exception code: 0xc0000005
Fault offset: 0x008924c4
Faulting process id: 0x1ca4
Faulting application start time: 0x01d33be20f36e695
Faulting application path: C:\Program Files\Microsoft Office\Office15\OUTLOOK.EXE
Faulting module path: C:\Program Files\Microsoft Office\Office15\OUTLOOK.EXE
Report Id: a28171e7-a80b-11e7-96b3-0050569f6f59"
Error,10/3/2017 14:18,EventCreate,1,None,Application,djkvdihost806.jakarta01.com,JAKARTA01\guestisd07  
Error,10/3/2017 14:10,EventCreate,1,None,Application,djkvdihost380.jakarta01.com,JAKARTA01\AdindaGita  
Error,10/3/2017 14:10,Application Error,1000,-100,Application,djkvdihost380.jakarta01.com,"Faulting application name: EXCEL.EXE, version: 11.0.8404.0, time stamp: 0x51a52fcb
Faulting module name: EXCEL.EXE, version: 11.0.8404.0, time stamp: 0x51a52fcb
Exception code: 0xc0000005
Fault offset: 0x00016107
Faulting process id: 0x23c8
Faulting application start time: 0x01d33c0899dde601
Faulting application path: C:\Program Files\Microsoft Office\OFFICE11\EXCEL.EXE
Faulting module path: C:\Program Files\Microsoft Office\OFFICE11\EXCEL.EXE
Report Id: ed188f1c-a809-11e7-9390-0050569f1bab"
Error,10/3/2017 14:08,EventCreate,1,None,Application,djkvdihost806.jakarta01.com,JAKARTA01\guestisd64  
Error,10/3/2017 14:03,EventCreate,1,None,Application,djkvdihost741.jakarta01.com,JAKARTA01\maitri  
Error,10/3/2017 14:03,Application Error,1000,-100,Application,djkvdihost741.jakarta01.com,"Faulting application name: OUTLOOK.EXE, version: 15.0.4919.1001, time stamp: 0x58d20482
Faulting module name: OUTLOOK.EXE, version: 15.0.4919.1001, time stamp: 0x58d20482
Exception code: 0xc0000005
Fault offset: 0x00d4815a
Faulting process id: 0x1c7c
Faulting application start time: 0x01d33be88fe60cf2
Faulting application path: C:\Program Files\Microsoft Office\Office15\OUTLOOK.EXE
Faulting module path: C:\Program Files\Microsoft Office\Office15\OUTLOOK.EXE
Report Id: f8559761-a808-11e7-b785-0050569f3d29"
Error,10/3/2017 12:39,EventCreate,1,None,Application,djkvdihost267.jakarta01.com,JAKARTA01\guestitso02  
Error,10/3/2017 13:57,EventCreate,1,None,Application,djkvdihost683.jakarta01.com,JAKARTA01\ni ketut  
Error,10/3/2017 13:57,Application Error,1000,-100,Application,djkvdihost683.jakarta01.com,"Faulting application name: OUTLOOK.EXE, version: 15.0.4919.1001, time stamp: 0x58d20482
Faulting module name: OUTLOOK.EXE, version: 15.0.4919.1001, time stamp: 0x58d20482
Exception code: 0xc0000005
Fault offset: 0x008924c4
Faulting process id: 0x1c18
Faulting application start time: 0x01d33be77ba5fac7
Faulting application path: C:\Program Files\Microsoft Office\Office15\OUTLOOK.EXE
Faulting module path: C:\Program Files\Microsoft Office\Office15\OUTLOOK.EXE
Report Id: 1ca974eb-a808-11e7-a425-0050569f1fcf"
Error,10/3/2017 13:56,EventCreate,1,None,Application,djkvdihost293.jakarta01.com,JAKARTA01\Yunita  
Error,10/3/2017 13:56,Application Error,1000,-100,Application,djkvdihost293.jakarta01.com,"Faulting application name: lync.exe, version: 15.0.4919.1000, time stamp: 0x58c7ab1e
Faulting module name: riched20.dll, version: 15.0.4811.1000, time stamp: 0x56d535d0
Exception code: 0xc0000005
Fault offset: 0x0000b4ca
Faulting process id: 0x117c
Faulting application start time: 0x01d33bdf3f71e2fb
Faulting application path: C:\Program Files\Microsoft Office\Office15\lync.exe
Faulting module path: C:\Program Files\Common Files\Microsoft Shared\Office15\riched20.dll
Report Id: f3617ca0-a807-11e7-a336-0050569f58c8"
Error,10/3/2017 13:48,EventCreate,1,None,Application,djkvdihost323.jakarta01.com,JAKARTA01\cinta  
Error,10/3/2017 13:47,EventCreate,1,None,Application,djkvdihost364.jakarta01.com,JAKARTA01\Andradita  
Error,10/3/2017 13:48,Application Error,1000,-100,Application,djkvdihost323.jakarta01.com,"Faulting application name: OUTLOOK.EXE, version: 15.0.4919.1001, time stamp: 0x58d20482
Faulting module name: OUTLOOK.EXE, version: 15.0.4919.1001, time stamp: 0x58d20482
Exception code: 0xc0000005
Fault offset: 0x008924c4
Faulting process id: 0x1ef8
Faulting application start time: 0x01d33bdfd529da43
Faulting application path: C:\Program Files\Microsoft Office\Office15\OUTLOOK.EXE
Faulting module path: C:\Program Files\Microsoft Office\Office15\OUTLOOK.EXE
Report Id: d6f40dcc-a806-11e7-aa19-0050569f6910"
Error,10/3/2017 13:47,Application Error,1000,-100,Application,djkvdihost364.jakarta01.com,"Faulting application name: OUTLOOK.EXE, version: 15.0.4919.1001, time stamp: 0x58d20482
Faulting module name: OUTLOOK.EXE, version: 15.0.4919.1001, time stamp: 0x58d20482
Exception code: 0xc0000005
Fault offset: 0x008924c4
Faulting process id: 0x192c
Faulting application start time: 0x01d33bf194f12f0a
Faulting application path: C:\Program Files\Microsoft Office\Office15\OUTLOOK.EXE
Faulting module path: C:\Program Files\Microsoft Office\Office15\OUTLOOK.EXE
Report Id: c4a98dc4-a806-11e7-84a4-0050569f08cc"
Error,10/3/2017 13:42,EventCreate,1,None,Application,djkvdihost356.jakarta01.com,JAKARTA01\eddy  
Error,10/3/2017 13:42,Application Error,1000,-100,Application,djkvdihost356.jakarta01.com,"Faulting application name: OUTLOOK.EXE, version: 15.0.4919.1001, time stamp: 0x58d20482
Faulting module name: OUTLOOK.EXE, version: 15.0.4919.1001, time stamp: 0x58d20482
Exception code: 0xc0000005
Fault offset: 0x008924c4
Faulting process id: 0x162c
Faulting application start time: 0x01d33bf874636465
Faulting application path: C:\Program Files\Microsoft Office\Office15\OUTLOOK.EXE
Faulting module path: C:\Program Files\Microsoft Office\Office15\OUTLOOK.EXE
Report Id: 1469d4c7-a806-11e7-9f10-0050569f6b07"
Error,10/3/2017 13:26,EventCreate,1,None,Application,djkvdihost007.jakarta01.com,JAKARTA01\dadi  
Error,10/3/2017 13:26,Application Error,1000,-100,Application,djkvdihost007.jakarta01.com,"Faulting application name: OUTLOOK.EXE, version: 15.0.4919.1001, time stamp: 0x58d20482
Faulting module name: OUTLOOK.EXE, version: 15.0.4919.1001, time stamp: 0x58d20482
Exception code: 0xc0000005
Fault offset: 0x008924c4
Faulting process id: 0x141c
Faulting application start time: 0x01d33be30142d71a
Faulting application path: C:\Program Files\Microsoft Office\Office15\OUTLOOK.EXE
Faulting module path: C:\Program Files\Microsoft Office\Office15\OUTLOOK.EXE
Report Id: c7cc2892-a803-11e7-a1b6-0050569f749a"
Error,10/3/2017 13:18,EventCreate,1,None,Application,djkvdihost220.jakarta01.com,JAKARTA01\badrudin  
Error,10/3/2017 13:07,EventCreate,1,None,Application,djkvdihost711.jakarta01.com,JAKARTA01\kristiana  
Error,10/3/2017 13:05,EventCreate,1,None,Application,djkvdihost401.jakarta01.com,JAKARTA01\vanya  
Error,10/3/2017 13:05,Application Error,1000,-100,Application,djkvdihost401.jakarta01.com,"Faulting application name: EXCEL.EXE, version: 15.0.4919.1000, time stamp: 0x58c7ab0f
Faulting module name: unknown, version: 0.0.0.0, time stamp: 0x00000000
Exception code: 0xc0000005
Fault offset: 0x006c002d
Faulting process id: 0x1a74
Faulting application start time: 0x01d33be68ec2721a
Faulting application path: C:\Program Files\Microsoft Office\Office15\EXCEL.EXE
Faulting module path: unknown
Report Id: d2fa7668-a800-11e7-8f4a-0050569f74f0"
Error,10/3/2017 13:03,EventCreate,1,None,Application,djkvdihost203.jakarta01.com,JAKARTA01\dodi  
Error,10/3/2017 13:03,Application Error,1000,-100,Application,djkvdihost203.jakarta01.com,"Faulting application name: PhotoScreensaver.scr, version: 6.1.7601.17514, time stamp: 0x4ce7a590
Faulting module name: SHELL32.dll, version: 6.1.7601.23537, time stamp: 0x57c450f4
Exception code: 0xc0000005
Fault offset: 0x001f269f
Faulting process id: 0x1f34
Faulting application start time: 0x01d33c0396552c78
Faulting application path: C:\Windows\system32\PhotoScreensaver.scr
Faulting module path: C:\Windows\system32\SHELL32.dll
Report Id: a012d738-a800-11e7-a688-0050569f2966"
Error,10/3/2017 13:03,EventCreate,1,None,Application,djkvdihost461.jakarta01.com,JAKARTA01\gerald  
Error,10/3/2017 13:02,EventCreate,1,None,Application,djkvdihost261.jakarta01.com,JAKARTA01\arinie  
Error,10/3/2017 13:02,EventCreate,1,None,Application,djkvdihost458.jakarta01.com,JAKARTA01\agnes  
Error,10/3/2017 13:02,Application Error,1000,-100,Application,djkvdihost261.jakarta01.com,"Faulting application name: OUTLOOK.EXE, version: 15.0.4919.1001, time stamp: 0x58d20482
Faulting module name: OUTLOOK.EXE, version: 15.0.4919.1001, time stamp: 0x58d20482
Exception code: 0xc0000005
Fault offset: 0x008924c4
Faulting process id: 0x2164
Faulting application start time: 0x01d33bf2f3d035b7
Faulting application path: C:\Program Files\Microsoft Office\Office15\OUTLOOK.EXE
Faulting module path: C:\Program Files\Microsoft Office\Office15\OUTLOOK.EXE
Report Id: 76aab141-a800-11e7-afb5-0050569f3869"
Error,10/3/2017 13:02,Application Error,1000,-100,Application,djkvdihost458.jakarta01.com,"Faulting application name: OUTLOOK.EXE, version: 15.0.4919.1001, time stamp: 0x58d20482
Faulting module name: OUTLOOK.EXE, version: 15.0.4919.1001, time stamp: 0x58d20482
Exception code: 0xc0000005
Fault offset: 0x008924c4
Faulting process id: 0x1448
Faulting application start time: 0x01d33beb9d960ace
Faulting application path: C:\Program Files\Microsoft Office\Office15\OUTLOOK.EXE
Faulting module path: C:\Program Files\Microsoft Office\Office15\OUTLOOK.EXE
Report Id: 6f868b93-a800-11e7-818f-0050569f14e5"
Error,10/3/2017 12:55,EventCreate,1,None,Application,djkvdihost510.jakarta01.com,JAKARTA01\andi almira  
Error,10/3/2017 12:40,EventCreate,1,None,Application,djkvdihost154.jakarta01.com,JAKARTA01\sugeng  
Error,10/3/2017 12:35,EventCreate,1,None,Application,djkvdihost212.jakarta01.com,JAKARTA01\kreshna  
Error,10/3/2017 12:13,EventCreate,1,None,Application,djkvdihost060.jakarta01.com,JAKARTA01\SELIH  
Error,10/3/2017 11:52,EventCreate,1,None,Application,djkvdihost060.jakarta01.com,JAKARTA01\sysdovs01  
Error,10/3/2017 12:09,EventCreate,1,None,Application,djkvdihost511.jakarta01.com,JAKARTA01\dolly  
Error,10/3/2017 12:09,EventCreate,1,None,Application,djkvdihost081.jakarta01.com,JAKARTA01\Liasyah  
Error,10/3/2017 12:09,Application Error,1000,-100,Application,djkvdihost511.jakarta01.com,"Faulting application name: OUTLOOK.EXE, version: 15.0.4919.1001, time stamp: 0x58d20482
Faulting module name: OUTLOOK.EXE, version: 15.0.4919.1001, time stamp: 0x58d20482
Exception code: 0xc0000005
Fault offset: 0x008924c7
Faulting process id: 0x1e74
Faulting application start time: 0x01d33be9d51949e7
Faulting application path: C:\Program Files\Microsoft Office\Office15\OUTLOOK.EXE
Faulting module path: C:\Program Files\Microsoft Office\Office15\OUTLOOK.EXE
Report Id: 0c1ae43b-a7f9-11e7-a585-0050569f66ca"
Error,10/3/2017 12:07,EventCreate,1,None,Application,djkvdihost081.jakarta01.com,JAKARTA01\Liasyah  
Error,10/3/2017 12:05,EventCreate,1,None,Application,djkvdihost753.jakarta01.com,JAKARTA01\adi prasetio  
Error,10/3/2017 11:57,EventCreate,1,None,Application,djkvdihost463.jakarta01.com,JAKARTA01\rhaditya  
Error,10/3/2017 11:57,Application Error,1000,-100,Application,djkvdihost463.jakarta01.com,"Faulting application name: OUTLOOK.EXE, version: 15.0.4919.1001, time stamp: 0x58d20482
Faulting module name: OUTLOOK.EXE, version: 15.0.4919.1001, time stamp: 0x58d20482
Exception code: 0xc0000005
Fault offset: 0x008924c4
Faulting process id: 0x1c70
Faulting application start time: 0x01d33be32fdfd444
Faulting application path: C:\Program Files\Microsoft Office\Office15\OUTLOOK.EXE
Faulting module path: C:\Program Files\Microsoft Office\Office15\OUTLOOK.EXE
Report Id: 5c62f953-a7f7-11e7-b117-0050569f143b"
Error,10/3/2017 11:45,EventCreate,1,None,Application,djkvdihost538.jakarta01.com,JAKARTA01\henny  
Error,10/3/2017 11:44,EventCreate,1,None,Application,djkvdihost689.jakarta01.com,JAKARTA01\heriyadi  
Error,10/3/2017 11:35,EventCreate,1,None,Application,djkvdihost092.jakarta01.com,JAKARTA01\yuliana  
Error,10/3/2017 11:34,EventCreate,1,None,Application,djkvdihost316.jakarta01.com,JAKARTA01\Setiawan  
Error,10/3/2017 11:32,EventCreate,1,None,Application,djkvdihost219.jakarta01.com,JAKARTA01\eriksetiawan  
Error,10/3/2017 11:31,EventCreate,1,None,Application,djkvdihost414.jakarta01.com,JAKARTA01\nirliani  
Error,10/3/2017 11:31,Application Error,1000,-100,Application,djkvdihost414.jakarta01.com,"Faulting application name: EXCEL.EXE, version: 15.0.4919.1000, time stamp: 0x58c7ab0f
Faulting module name: EXCEL.EXE, version: 15.0.4919.1000, time stamp: 0x58c7ab0f
Exception code: 0xc0000005
Fault offset: 0x0064ed66
Faulting process id: 0x1b04
Faulting application start time: 0x01d33be6bcb39ef3
Faulting application path: C:\Program Files\Microsoft Office\Office15\EXCEL.EXE
Faulting module path: C:\Program Files\Microsoft Office\Office15\EXCEL.EXE
Report Id: ba5ea841-a7f3-11e7-88c6-0050569f0db3"
Error,10/3/2017 11:31,EventCreate,1,None,Application,djkvdihost219.jakarta01.com,JAKARTA01\eriksetiawan  
Error,10/3/2017 11:30,EventCreate,1,None,Application,djkvdihost397.jakarta01.com,JAKARTA01\lucky  
Error,10/3/2017 11:27,EventCreate,1,None,Application,djkvdihost764.jakarta01.com,JAKARTA01\sitti  
Error,10/3/2017 11:27,Application Error,1000,-100,Application,djkvdihost764.jakarta01.com,"Faulting application name: OUTLOOK.EXE, version: 15.0.4919.1001, time stamp: 0x58d20482
Faulting module name: OUTLOOK.EXE, version: 15.0.4919.1001, time stamp: 0x58d20482
Exception code: 0xc0000005
Fault offset: 0x008924c7
Faulting process id: 0xb30
Faulting application start time: 0x01d33be5f2ed9cc2
Faulting application path: C:\Program Files\Microsoft Office\Office15\OUTLOOK.EXE
Faulting module path: C:\Program Files\Microsoft Office\Office15\OUTLOOK.EXE
Report Id: 302af3e3-a7f3-11e7-a3d4-0050569f516c"
Error,10/3/2017 11:25,EventCreate,1,None,Application,djkvdihost159.jakarta01.com,JAKARTA01\rinaldonp  
Error,10/3/2017 11:25,Application Error,1000,-100,Application,djkvdihost159.jakarta01.com,"Faulting application name: OUTLOOK.EXE, version: 15.0.4919.1001, time stamp: 0x58d20482
Faulting module name: OUTLOOK.EXE, version: 15.0.4919.1001, time stamp: 0x58d20482
Exception code: 0xc0000005
Fault offset: 0x008924c4
Faulting process id: 0x1d74
Faulting application start time: 0x01d33bdfc610cb99
Faulting application path: C:\Program Files\Microsoft Office\Office15\OUTLOOK.EXE
Faulting module path: C:\Program Files\Microsoft Office\Office15\OUTLOOK.EXE
Report Id: f280b498-a7f2-11e7-b69c-0050569f7203"
Error,10/3/2017 11:14,EventCreate,1,None,Application,djkvdihost702.jakarta01.com,JAKARTA01\kreshna  
Error,10/3/2017 11:14,EventCreate,1,None,Application,djkvdihost412.jakarta01.com,JAKARTA01\yenaretsa  
Error,10/3/2017 11:14,EventCreate,1,None,Application,djkvdihost412.jakarta01.com,JAKARTA01\yenaretsa  
Error,10/3/2017 11:14,Application Error,1000,-100,Application,djkvdihost702.jakarta01.com,"Faulting application name: OUTLOOK.EXE, version: 15.0.4919.1001, time stamp: 0x58d20482
Faulting module name: OUTLOOK.EXE, version: 15.0.4919.1001, time stamp: 0x58d20482
Exception code: 0xc0000005
Fault offset: 0x008924c4
Faulting process id: 0x14ec
Faulting application start time: 0x01d33bdfcce8e25b
Faulting application path: C:\Program Files\Microsoft Office\Office15\OUTLOOK.EXE
Faulting module path: C:\Program Files\Microsoft Office\Office15\OUTLOOK.EXE
Report Id: 5c176c8f-a7f1-11e7-9ad5-0050569f75db"
Error,10/3/2017 11:13,EventCreate,1,None,Application,djkvdihost412.jakarta01.com,JAKARTA01\yenaretsa  
Error,10/3/2017 11:12,EventCreate,1,None,Application,djkvdihost446.jakarta01.com,JAKARTA01\valery  
Error,10/3/2017 11:11,EventCreate,1,None,Application,djkvdihost057.jakarta01.com,JAKARTA01\Nikmatullah  
Error,10/3/2017 11:11,Application Error,1000,-100,Application,djkvdihost057.jakarta01.com,"Faulting application name: OUTLOOK.EXE, version: 15.0.4919.1001, time stamp: 0x58d20482
Faulting module name: OUTLOOK.EXE, version: 15.0.4919.1001, time stamp: 0x58d20482
Exception code: 0xc0000005
Fault offset: 0x008924c4
Faulting process id: 0x13b4
Faulting application start time: 0x01d33bef73560f3c
Faulting application path: C:\Program Files\Microsoft Office\Office15\OUTLOOK.EXE
Faulting module path: C:\Program Files\Microsoft Office\Office15\OUTLOOK.EXE
Report Id: e090fad9-a7f0-11e7-9a74-0050569f0a7d"
Error,10/3/2017 11:08,EventCreate,1,None,Application,djkvdihost050.jakarta01.com,JAKARTA01\alex  
Error,10/3/2017 11:09,EventCreate,1,None,Application,djkvdihost013.jakarta01.com,JAKARTA01\MAUREEN  
Error,10/3/2017 11:08,Application Error,1000,-100,Application,djkvdihost050.jakarta01.com,"Faulting application name: OUTLOOK.EXE, version: 15.0.4919.1001, time stamp: 0x58d20482
Faulting module name: OUTLOOK.EXE, version: 15.0.4919.1001, time stamp: 0x58d20482
Exception code: 0xc0000005
Fault offset: 0x008924c4
Faulting process id: 0xbd4
Faulting application start time: 0x01d33be24c1c7e09
Faulting application path: C:\Program Files\Microsoft Office\Office15\OUTLOOK.EXE
Faulting module path: C:\Program Files\Microsoft Office\Office15\OUTLOOK.EXE
Report Id: 8f101c29-a7f0-11e7-b772-0050569f5d85"
Error,10/3/2017 11:08,EventCreate,1,None,Application,djkvdihost730.jakarta01.com,JAKARTA01\henry  
Error,10/3/2017 11:06,EventCreate,1,None,Application,djkvdihost201.jakarta01.com,JAKARTA01\Fardhady  
Error,10/3/2017 11:06,Application Error,1000,-100,Application,djkvdihost201.jakarta01.com,"Faulting application name: OUTLOOK.EXE, version: 15.0.4919.1001, time stamp: 0x58d20482
Faulting module name: OUTLOOK.EXE, version: 15.0.4919.1001, time stamp: 0x58d20482
Exception code: 0xc0000005
Fault offset: 0x008924c4
Faulting process id: 0xd9c
Faulting application start time: 0x01d33be2de8a399b
Faulting application path: C:\Program Files\Microsoft Office\Office15\OUTLOOK.EXE
Faulting module path: C:\Program Files\Microsoft Office\Office15\OUTLOOK.EXE
Report Id: 359b62ed-a7f0-11e7-a25c-0050569f5a17"
Error,10/3/2017 11:05,EventCreate,1,None,Application,djkvdihost743.jakarta01.com,JAKARTA01\Arum  
Error,10/3/2017 11:05,Application Error,1000,-100,Application,djkvdihost743.jakarta01.com,"Faulting application name: POWERPNT.EXE, version: 15.0.4919.1000, time stamp: 0x58c7acf7
Faulting module name: unknown, version: 0.0.0.0, time stamp: 0x00000000
Exception code: 0xc0000005
Fault offset: 0x137796c8
Faulting process id: 0x211c
Faulting application start time: 0x01d33bfcc176ad68
Faulting application path: C:\Program Files\Microsoft Office\Office15\POWERPNT.EXE
Faulting module path: unknown
Report Id: 09831658-a7f0-11e7-b4ca-0050569f62ff"
Error,10/3/2017 11:01,EventCreate,1,None,Application,djkvdihost315.jakarta01.com,JAKARTA01\ayuningtias  
Error,10/3/2017 11:01,Application Error,1000,-100,Application,djkvdihost315.jakarta01.com,"Faulting application name: OUTLOOK.EXE, version: 15.0.4919.1001, time stamp: 0x58d20482
Faulting module name: OUTLOOK.EXE, version: 15.0.4919.1001, time stamp: 0x58d20482
Exception code: 0xc0000005
Fault offset: 0x008924c4
Faulting process id: 0x1e50
Faulting application start time: 0x01d33bf5a39f698d
Faulting application path: C:\Program Files\Microsoft Office\Office15\OUTLOOK.EXE
Faulting module path: C:\Program Files\Microsoft Office\Office15\OUTLOOK.EXE
Report Id: 8794a883-a7ef-11e7-b7bb-0050569f2920"
Error,10/3/2017 11:00,EventCreate,1,None,Application,djkvdihost454.jakarta01.com,JAKARTA01\karmenia  
Error,10/3/2017 10:59,EventCreate,1,None,Application,djkvdihost471.jakarta01.com,JAKARTA01\rbagus  
Error,10/3/2017 10:59,EventCreate,1,None,Application,djkvdihost454.jakarta01.com,JAKARTA01\karmenia  
Error,10/3/2017 10:59,EventCreate,1,None,Application,djkvdihost471.jakarta01.com,JAKARTA01\rbagus  
Error,10/3/2017 9:11,EventCreate,1,None,Application,djkvdihost182.jakarta01.com,JAKARTA01\guestisd65  
Error,10/3/2017 9:10,EventCreate,1,None,Application,djkvdihost182.jakarta01.com,JAKARTA01\guestisd65  
Error,10/3/2017 9:05,EventCreate,1,None,Application,djkvdihost182.jakarta01.com,JAKARTA01\elestari  
Error,10/3/2017 9:05,EventCreate,1,None,Application,djkvdihost182.jakarta01.com,JAKARTA01\elestari  
Error,10/3/2017 10:56,EventCreate,1,None,Application,djkvdihost666.jakarta01.com,JAKARTA01\ratmitasari  
Error,10/3/2017 10:54,EventCreate,1,None,Application,djkvdihost448.jakarta01.com,JAKARTA01\mpinto  
Error,10/3/2017 10:54,Application Error,1000,-100,Application,djkvdihost448.jakarta01.com,"Faulting application name: OUTLOOK.EXE, version: 15.0.4919.1001, time stamp: 0x58d20482
Faulting module name: OUTLOOK.EXE, version: 15.0.4919.1001, time stamp: 0x58d20482
Exception code: 0xc0000005
Fault offset: 0x008924c4
Faulting process id: 0x1cc8
Faulting application start time: 0x01d33bea619bdb9c
Faulting application path: C:\Program Files\Microsoft Office\Office15\OUTLOOK.EXE
Faulting module path: C:\Program Files\Microsoft Office\Office15\OUTLOOK.EXE
Report Id: 9655cfab-a7ee-11e7-b24b-0050569f0cfc"
Error,10/3/2017 10:48,EventCreate,1,None,Application,djkvdihost751.jakarta01.com,JAKARTA01\mahendrars  
Error,10/3/2017 10:47,EventCreate,1,None,Application,djkvdihost454.jakarta01.com,JAKARTA01\guestisd39  
Error,10/3/2017 10:46,EventCreate,1,None,Application,djkvdihost253.jakarta01.com,JAKARTA01\marlina2  
Error,10/3/2017 10:46,Application Error,1000,-100,Application,djkvdihost253.jakarta01.com,"Faulting application name: OUTLOOK.EXE, version: 15.0.4919.1001, time stamp: 0x58d20482
Faulting module name: OUTLOOK.EXE, version: 15.0.4919.1001, time stamp: 0x58d20482
Exception code: 0xc0000005
Fault offset: 0x008924c4
Faulting process id: 0x1eb0
Faulting application start time: 0x01d33be743b66538
Faulting application path: C:\Program Files\Microsoft Office\Office15\OUTLOOK.EXE
Faulting module path: C:\Program Files\Microsoft Office\Office15\OUTLOOK.EXE
Report Id: 7d5d81a2-a7ed-11e7-936c-0050569f42cd"
Error,10/3/2017 10:45,EventCreate,1,None,Application,djkvdihost528.jakarta01.com,JAKARTA01\kartika  
Error,10/3/2017 10:44,EventCreate,1,None,Application,djkvdihost278.jakarta01.com,JAKARTA01\purba  
Error,10/3/2017 10:43,EventCreate,1,None,Application,djkvdihost060.jakarta01.com,JAKARTA01\henny  
Error,10/3/2017 10:43,EventCreate,1,None,Application,djkvdihost060.jakarta01.com,JAKARTA01\henny  
Error,10/3/2017 10:42,EventCreate,1,None,Application,djkvdihost315.jakarta01.com,JAKARTA01\ayuningtias  
Error,10/3/2017 10:42,Application Error,1000,-100,Application,djkvdihost315.jakarta01.com,"Faulting application name: EXCEL.EXE, version: 15.0.4919.1000, time stamp: 0x58c7ab0f
Faulting module name: EXCEL.EXE, version: 15.0.4919.1000, time stamp: 0x58c7ab0f
Exception code: 0xc0000005
Fault offset: 0x001a279b
Faulting process id: 0x1888
Faulting application start time: 0x01d33bf9374110f1
Faulting application path: C:\Program Files\Microsoft Office\Office15\EXCEL.EXE
Faulting module path: C:\Program Files\Microsoft Office\Office15\EXCEL.EXE
Report Id: f028f104-a7ec-11e7-b7bb-0050569f2920"
Error,10/3/2017 10:41,EventCreate,1,None,Application,djkvdihost500.jakarta01.com,JAKARTA01\saptorini  
Error,10/3/2017 10:40,EventCreate,1,None,Application,djkvdihost209.jakarta01.com,JAKARTA01\iqbal maulanasani  
Error,10/3/2017 10:40,EventCreate,1,None,Application,djkvdihost500.jakarta01.com,JAKARTA01\saptorini  
Error,10/3/2017 10:39,EventCreate,1,None,Application,djkvdihost209.jakarta01.com,JAKARTA01\iqbal maulanasani  
Error,10/3/2017 10:37,EventCreate,1,None,Application,djkvdihost657.jakarta01.com,JAKARTA01\GuestISD57  
Error,10/3/2017 10:37,EventCreate,1,None,Application,djkvdihost177.jakarta01.com,JAKARTA01\guestisd35  
Error,10/3/2017 10:36,EventCreate,1,None,Application,djkvdihost691.jakarta01.com,JAKARTA01\ALTHEA  
Error,10/3/2017 10:36,EventCreate,1,None,Application,djkvdihost522.jakarta01.com,JAKARTA01\primaningtyas  
Error,10/3/2017 10:35,EventCreate,1,None,Application,djkvdihost113.jakarta01.com,JAKARTA01\sanggra  
Error,10/3/2017 10:36,Application Error,1000,-100,Application,djkvdihost522.jakarta01.com,"Faulting application name: EXCEL.EXE, version: 15.0.4919.1000, time stamp: 0x58c7ab0f
Faulting module name: MSVCR100.dll, version: 10.0.40219.325, time stamp: 0x4df2be1e
Exception code: 0xc0000005
Fault offset: 0x00001f5a
Faulting process id: 0x1a24
Faulting application start time: 0x01d33beef5a310d5
Faulting application path: C:\Program Files\Microsoft Office\Office15\EXCEL.EXE
Faulting module path: C:\Windows\system32\MSVCR100.dll
Report Id: f9b12b57-a7eb-11e7-9a76-0050569f6c71"
Error,10/3/2017 10:35,Application Error,1000,-100,Application,djkvdihost113.jakarta01.com,"Faulting application name: OUTLOOK.EXE, version: 15.0.4919.1001, time stamp: 0x58d20482
Faulting module name: OUTLOOK.EXE, version: 15.0.4919.1001, time stamp: 0x58d20482
Exception code: 0xc0000005
Fault offset: 0x008924c4
Faulting process id: 0x1928
Faulting application start time: 0x01d33be68fc142e4
Faulting application path: C:\Program Files\Microsoft Office\Office15\OUTLOOK.EXE
Faulting module path: C:\Program Files\Microsoft Office\Office15\OUTLOOK.EXE
Report Id: e6834fec-a7eb-11e7-a7a8-0050569f6764"
Error,10/3/2017 10:33,EventCreate,1,None,Application,djkvdihost356.jakarta01.com,JAKARTA01\eddy  
Error,10/3/2017 10:33,Application Error,1000,-100,Application,djkvdihost356.jakarta01.com,"Faulting application name: OUTLOOK.EXE, version: 15.0.4919.1001, time stamp: 0x58d20482
Faulting module name: OUTLOOK.EXE, version: 15.0.4919.1001, time stamp: 0x58d20482
Exception code: 0xc0000005
Fault offset: 0x008924c4
Faulting process id: 0x1318
Faulting application start time: 0x01d33bf5fafaf4f5
Faulting application path: C:\Program Files\Microsoft Office\Office15\OUTLOOK.EXE
Faulting module path: C:\Program Files\Microsoft Office\Office15\OUTLOOK.EXE
Report Id: af13d5e5-a7eb-11e7-9f10-0050569f6b07"
Error,10/3/2017 10:33,EventCreate,1,None,Application,djkvdihost116.jakarta01.com,JAKARTA01\guestisd55  
Error,10/3/2017 10:31,EventCreate,1,None,Application,djkvdihost298.jakarta01.com,JAKARTA01\feni  
Error,10/3/2017 10:30,EventCreate,1,None,Application,djkvdihost298.jakarta01.com,JAKARTA01\feni  
Error,10/3/2017 10:29,EventCreate,1,None,Application,djkvdihost535.jakarta01.com,JAKARTA01\isnaini  
Error,10/3/2017 10:27,EventCreate,1,None,Application,djkvdihost495.jakarta01.com,JAKARTA01\zahra  
