Error,10/3/2017 10:27,Application Error,1000,-100,Application,djkvdihost495.jakarta01.com,"Faulting application name: OUTLOOK.EXE, version: 15.0.4919.1001, time stamp: 0x58d20482
Faulting module name: OUTLOOK.EXE, version: 15.0.4919.1001, time stamp: 0x58d20482
Exception code: 0xc0000005
Fault offset: 0x008924c4
Faulting process id: 0x1568
Faulting application start time: 0x01d33be6b45f4c8e
Faulting application path: C:\Program Files\Microsoft Office\Office15\OUTLOOK.EXE
Faulting module path: C:\Program Files\Microsoft Office\Office15\OUTLOOK.EXE
Report Id: d6fd03ed-a7ea-11e7-bc72-0050569f43e7"
Error,10/3/2017 10:27,EventCreate,1,None,Application,djkvdihost702.jakarta01.com,JAKARTA01\kreshna  
Error,10/3/2017 10:27,Application Error,1000,-100,Application,djkvdihost702.jakarta01.com,"Faulting application name: spoolsv.exe, version: 6.1.7601.17777, time stamp: 0x4f35efc3
Faulting module name: msvcrt.dll, version: 7.0.7601.17744, time stamp: 0x4eeaf722
Exception code: 0xc0000005
Fault offset: 0x0000aa14
Faulting process id: 0x638
Faulting application start time: 0x01d33b712d64ec1b
Faulting application path: C:\Windows\System32\spoolsv.exe
Faulting module path: C:\Windows\system32\msvcrt.dll
Report Id: c0d05a1a-a7ea-11e7-9ad5-0050569f75db"
Error,10/3/2017 10:26,EventCreate,1,None,Application,djkvdihost103.jakarta01.com,JAKARTA01\Alexval  
Error,10/3/2017 10:24,EventCreate,1,None,Application,djkvdihost156.jakarta01.com,JAKARTA01\yulia rifanda  
Error,10/3/2017 10:24,Application Error,1000,-100,Application,djkvdihost156.jakarta01.com,"Faulting application name: OUTLOOK.EXE, version: 15.0.4919.1001, time stamp: 0x58d20482
Faulting module name: OUTLOOK.EXE, version: 15.0.4919.1001, time stamp: 0x58d20482
Exception code: 0xc0000005
Fault offset: 0x008924c4
Faulting process id: 0x1f00
Faulting application start time: 0x01d33be283d0bc53
Faulting application path: C:\Program Files\Microsoft Office\Office15\OUTLOOK.EXE
Faulting module path: C:\Program Files\Microsoft Office\Office15\OUTLOOK.EXE
Report Id: 4bf13ee8-a7ea-11e7-9391-0050569f59c3"
Error,10/3/2017 10:23,EventCreate,1,None,Application,djkvdihost053.jakarta01.com,JAKARTA01\sari  
Error,10/3/2017 10:23,Application Error,1000,-100,Application,djkvdihost053.jakarta01.com,"Faulting application name: CWBTF.EXE, version: 12.0.0.1, time stamp: 0x483cc594
Faulting module name: unknown, version: 0.0.0.0, time stamp: 0x00000000
Exception code: 0xc0000005
Fault offset: 0x670a3b26
Faulting process id: 0x1fcc
Faulting application start time: 0x01d33bf0fa829114
Faulting application path: C:\Program Files\IBM\Client Access\CWBTF.EXE
Faulting module path: unknown
Report Id: 338b1034-a7ea-11e7-8e11-0050569f2a44"
Error,10/3/2017 10:23,EventCreate,1,None,Application,djkvdihost053.jakarta01.com,JAKARTA01\sari  
Error,10/3/2017 10:22,EventCreate,1,None,Application,djkvdihost107.jakarta01.com,JAKARTA01\namora  
Error,10/3/2017 10:22,Application Error,1000,-100,Application,djkvdihost107.jakarta01.com,"Faulting application name: OUTLOOK.EXE, version: 15.0.4919.1001, time stamp: 0x58d20482
Faulting module name: OUTLOOK.EXE, version: 15.0.4919.1001, time stamp: 0x58d20482
Exception code: 0xc0000005
Fault offset: 0x008924c4
Faulting process id: 0x1cd8
Faulting application start time: 0x01d33bdac18ff86d
Faulting application path: C:\Program Files\Microsoft Office\Office15\OUTLOOK.EXE
Faulting module path: C:\Program Files\Microsoft Office\Office15\OUTLOOK.EXE
Report Id: 1f9f3a32-a7ea-11e7-a6de-0050569f7fd2"
Error,10/3/2017 10:23,Application Error,1000,-100,Application,djkvdihost053.jakarta01.com,"Faulting application name: CWBTF.EXE, version: 12.0.0.1, time stamp: 0x483cc594
Faulting module name: unknown, version: 0.0.0.0, time stamp: 0x00000000
Exception code: 0xc0000005
Fault offset: 0x005f000b
Faulting process id: 0xfb8
Faulting application start time: 0x01d33bf192b10074
Faulting application path: C:\Program Files\IBM\Client Access\CWBTF.EXE
Faulting module path: unknown
Report Id: 2faa72d4-a7ea-11e7-8e11-0050569f2a44"
Error,10/3/2017 10:21,EventCreate,1,None,Application,djkvdihost445.jakarta01.com,JAKARTA01\fahmi  
Error,10/3/2017 10:21,EventCreate,1,None,Application,djkvdihost811.jakarta01.com,JAKARTA01\GUESTISD28  
Error,10/3/2017 10:19,EventCreate,1,None,Application,djkvdihost874.jakarta01.com,JAKARTA01\bayu  
Error,10/3/2017 10:16,EventCreate,1,None,Application,djkvdihost431.jakarta01.com,JAKARTA01\m iqbal  
Error,10/3/2017 10:16,Application Error,1000,-100,Application,djkvdihost431.jakarta01.com,"Faulting application name: OUTLOOK.EXE, version: 15.0.4919.1001, time stamp: 0x58d20482
Faulting module name: OUTLOOK.EXE, version: 15.0.4919.1001, time stamp: 0x58d20482
Exception code: 0xc0000005
Fault offset: 0x008924c4
Faulting process id: 0x1710
Faulting application start time: 0x01d33bdf362caee6
Faulting application path: C:\Program Files\Microsoft Office\Office15\OUTLOOK.EXE
Faulting module path: C:\Program Files\Microsoft Office\Office15\OUTLOOK.EXE
Report Id: 4e63f938-a7e9-11e7-8e5e-0050569f208e"
Error,10/3/2017 10:15,EventCreate,1,None,Application,djkvdihost356.jakarta01.com,JAKARTA01\eddy  
Error,10/3/2017 10:15,Application Error,1000,-100,Application,djkvdihost356.jakarta01.com,"Faulting application name: OUTLOOK.EXE, version: 15.0.4919.1001, time stamp: 0x58d20482
Faulting module name: OUTLOOK.EXE, version: 15.0.4919.1001, time stamp: 0x58d20482
Exception code: 0xc0000005
Fault offset: 0x008924c4
Faulting process id: 0x1eb4
Faulting application start time: 0x01d33bdcadd518c6
Faulting application path: C:\Program Files\Microsoft Office\Office15\OUTLOOK.EXE
Faulting module path: C:\Program Files\Microsoft Office\Office15\OUTLOOK.EXE
Report Id: 17543fd5-a7e9-11e7-9f10-0050569f6b07"
Error,10/3/2017 10:13,EventCreate,1,None,Application,djkvdihost315.jakarta01.com,JAKARTA01\ayuningtias  
Error,10/3/2017 10:13,Application Error,1000,-100,Application,djkvdihost315.jakarta01.com,"Faulting application name: OUTLOOK.EXE, version: 15.0.4919.1001, time stamp: 0x58d20482
Faulting module name: OUTLOOK.EXE, version: 15.0.4919.1001, time stamp: 0x58d20482
Exception code: 0xc0000005
Fault offset: 0x008924c7
Faulting process id: 0x1a60
Faulting application start time: 0x01d33bde27cd49dd
Faulting application path: C:\Program Files\Microsoft Office\Office15\OUTLOOK.EXE
Faulting module path: C:\Program Files\Microsoft Office\Office15\OUTLOOK.EXE
Report Id: dd3209d4-a7e8-11e7-b7bb-0050569f2920"
Error,10/3/2017 10:12,EventCreate,1,None,Application,djkvdihost320.jakarta01.com,JAKARTA01\GUESTISD26  
Error,10/3/2017 10:11,EventCreate,1,None,Application,djkvdihost179.jakarta01.com,JAKARTA01\Tino  
Error,10/3/2017 10:11,Application Error,1000,-100,Application,djkvdihost179.jakarta01.com,"Faulting application name: OUTLOOK.EXE, version: 15.0.4919.1001, time stamp: 0x58d20482
Faulting module name: OUTLOOK.EXE, version: 15.0.4919.1001, time stamp: 0x58d20482
Exception code: 0xc0000005
Fault offset: 0x004870b2
Faulting process id: 0x1b80
Faulting application start time: 0x01d33be3ae0ed59b
Faulting application path: C:\Program Files\Microsoft Office\Office15\OUTLOOK.EXE
Faulting module path: C:\Program Files\Microsoft Office\Office15\OUTLOOK.EXE
Report Id: 8893c280-a7e8-11e7-ac7e-0050569f4288"
Error,10/3/2017 10:06,EventCreate,1,None,Application,djkvdihost897.jakarta01.com,JAKARTA01\Indra Bramantyono  
Error,10/3/2017 10:06,Application Error,1000,-100,Application,djkvdihost897.jakarta01.com,"Faulting application name: OUTLOOK.EXE, version: 15.0.4927.1001, time stamp: 0x58f5f52e
Faulting module name: OUTLOOK.EXE, version: 15.0.4927.1001, time stamp: 0x58f5f52e
Exception code: 0xc0000409
Fault offset: 0x00dc3399
Faulting process id: 0x13b0
Faulting application start time: 0x01d33be1e95050cd
Faulting application path: C:\Program Files (x86)\Microsoft Office\Office15\OUTLOOK.EXE
Faulting module path: C:\Program Files (x86)\Microsoft Office\Office15\OUTLOOK.EXE
Report Id: e4d1b577-a7e7-11e7-881a-0050569f480d"
Error,10/3/2017 10:07,EventCreate,1,None,Application,djkvdihost827.jakarta01.com,JAKARTA01\ayub  
Error,10/3/2017 10:06,EventCreate,1,None,Application,djkvdihost507.jakarta01.com,JAKARTA01\alvian  
Error,10/3/2017 10:01,EventCreate,1,None,Application,djkvdihost771.jakarta01.com,JAKARTA01\Dwi anisa  
Error,10/3/2017 10:00,EventCreate,1,None,Application,djkvdihost452.jakarta01.com,JAKARTA01\edwan  
Error,10/3/2017 9:59,EventCreate,1,None,Application,djkvdihost441.jakarta01.com,JAKARTA01\edwin  
Error,10/3/2017 9:59,EventCreate,1,None,Application,djkvdihost808.jakarta01.com,JAKARTA01\eriks  
Error,10/3/2017 9:58,Application Error,1000,-100,Application,djkvdihost808.jakarta01.com,"Faulting application name: spoolsv.exe, version: 6.1.7601.17777, time stamp: 0x4f35efc3
Faulting module name: msvcrt.dll, version: 7.0.7601.17744, time stamp: 0x4eeaf722
Exception code: 0xc0000005
Fault offset: 0x0000aa14
Faulting process id: 0x63c
Faulting application start time: 0x01d33be242a4db57
Faulting application path: C:\Windows\System32\spoolsv.exe
Faulting module path: C:\Windows\system32\msvcrt.dll
Report Id: c7190e53-a7e6-11e7-8d9c-0050569f3518"
Error,10/3/2017 9:54,EventCreate,1,None,Application,djkvdihost261.jakarta01.com,JAKARTA01\arinie  
Error,10/3/2017 9:54,EventCreate,1,None,Application,djkvdihost744.jakarta01.com,JAKARTA01\mazy  
Error,10/3/2017 9:54,EventCreate,1,None,Application,djkvdihost725.jakarta01.com,JAKARTA01\muhammad afif  
Error,10/3/2017 9:54,Application Error,1000,-100,Application,djkvdihost744.jakarta01.com,"Faulting application name: OUTLOOK.EXE, version: 15.0.4919.1001, time stamp: 0x58d20482
Faulting module name: OUTLOOK.EXE, version: 15.0.4919.1001, time stamp: 0x58d20482
Exception code: 0xc0000005
Fault offset: 0x008924c7
Faulting process id: 0x1d10
Faulting application start time: 0x01d33be30616ec56
Faulting application path: C:\Program Files\Microsoft Office\Office15\OUTLOOK.EXE
Faulting module path: C:\Program Files\Microsoft Office\Office15\OUTLOOK.EXE
Report Id: 2e6cc6e3-a7e6-11e7-ae6e-0050569f44a8"
Error,10/3/2017 9:54,Application Error,1000,-100,Application,djkvdihost261.jakarta01.com,"Faulting application name: OUTLOOK.EXE, version: 15.0.4919.1001, time stamp: 0x58d20482
Faulting module name: OUTLOOK.EXE, version: 15.0.4919.1001, time stamp: 0x58d20482
Exception code: 0xc0000005
Fault offset: 0x008924c7
Faulting process id: 0x1b90
Faulting application start time: 0x01d33bdf70fda883
Faulting application path: C:\Program Files\Microsoft Office\Office15\OUTLOOK.EXE
Faulting module path: C:\Program Files\Microsoft Office\Office15\OUTLOOK.EXE
Report Id: 2e20ace7-a7e6-11e7-afb5-0050569f3869"
Error,10/3/2017 9:54,Application Error,1000,-100,Application,djkvdihost725.jakarta01.com,"Faulting application name: OUTLOOK.EXE, version: 15.0.4919.1001, time stamp: 0x58d20482
Faulting module name: OUTLOOK.EXE, version: 15.0.4919.1001, time stamp: 0x58d20482
Exception code: 0xc0000005
Fault offset: 0x008924c4
Faulting process id: 0x1f5c
Faulting application start time: 0x01d33bdb30eb9c60
Faulting application path: C:\Program Files\Microsoft Office\Office15\OUTLOOK.EXE
Faulting module path: C:\Program Files\Microsoft Office\Office15\OUTLOOK.EXE
Report Id: 23fc7eb8-a7e6-11e7-8228-0050569f56c2"
Error,10/3/2017 9:53,EventCreate,1,None,Application,djkvdihost193.jakarta01.com,JAKARTA01\yusdian  
Error,10/3/2017 9:52,EventCreate,1,None,Application,djkvdihost376.jakarta01.com,JAKARTA01\darnito  
Error,10/3/2017 9:49,EventCreate,1,None,Application,djkvdihost299.jakarta01.com,JAKARTA01\Yulistial  
Error,10/3/2017 9:49,EventCreate,1,None,Application,djkvdihost093.jakarta01.com,JAKARTA01\WulanAn  
Error,10/3/2017 9:49,Application Error,1000,-100,Application,djkvdihost093.jakarta01.com,"Faulting application name: OUTLOOK.EXE, version: 15.0.4919.1001, time stamp: 0x58d20482
Faulting module name: OUTLOOK.EXE, version: 15.0.4919.1001, time stamp: 0x58d20482
Exception code: 0xc0000005
Fault offset: 0x008924c7
Faulting process id: 0x105c
Faulting application start time: 0x01d33be6c7ae102f
Faulting application path: C:\Program Files\Microsoft Office\Office15\OUTLOOK.EXE
Faulting module path: C:\Program Files\Microsoft Office\Office15\OUTLOOK.EXE
Report Id: 68f19852-a7e5-11e7-a428-0050569f2e88"
Error,10/3/2017 9:48,EventCreate,1,None,Application,djkvdihost161.jakarta01.com,JAKARTA01\astio  
Error,10/3/2017 9:48,EventCreate,1,None,Application,djkvdihost335.jakarta01.com,JAKARTA01\Tyas  
Error,10/3/2017 9:47,EventCreate,1,None,Application,djkvdihost335.jakarta01.com,JAKARTA01\Tyas  
Error,10/3/2017 9:47,Application Error,1000,-100,Application,djkvdihost335.jakarta01.com,"Faulting application name: spoolsv.exe, version: 6.1.7601.17777, time stamp: 0x4f35efc3
Faulting module name: msvcrt.dll, version: 7.0.7601.17744, time stamp: 0x4eeaf722
Exception code: 0xc0000005
Fault offset: 0x0000aa14
Faulting process id: 0x630
Faulting application start time: 0x01d33bf1b66fc823
Faulting application path: C:\Windows\System32\spoolsv.exe
Faulting module path: C:\Windows\system32\msvcrt.dll
Report Id: 3d2437c6-a7e5-11e7-9b1d-0050569f715d"
Error,10/3/2017 9:47,Application Error,1000,-100,Application,djkvdihost161.jakarta01.com,"Faulting application name: EXCEL.EXE, version: 15.0.4919.1000, time stamp: 0x58c7ab0f
Faulting module name: unknown, version: 0.0.0.0, time stamp: 0x00000000
Exception code: 0xc0000005
Fault offset: 0x00740061
Faulting process id: 0x13f8
Faulting application start time: 0x01d33bf203a93e2f
Faulting application path: C:\Program Files\Microsoft Office\Office15\EXCEL.EXE
Faulting module path: unknown
Report Id: 43852c2f-a7e5-11e7-a729-0050569f0cc0"
Error,10/3/2017 9:47,EventCreate,1,None,Application,djkvdihost673.jakarta01.com,JAKARTA01\guestisd53  
Error,10/3/2017 9:46,EventCreate,1,None,Application,djkvdihost038.jakarta01.com,JAKARTA01\venir  
Error,10/3/2017 9:44,EventCreate,1,None,Application,djkvdihost364.jakarta01.com,JAKARTA01\Andradita  
Error,10/3/2017 9:44,EventCreate,1,None,Application,djkvdihost364.jakarta01.com,JAKARTA01\Andradita  
Error,10/3/2017 9:43,EventCreate,1,None,Application,djkvdihost263.jakarta01.com,JAKARTA01\guestisd40  
Error,10/3/2017 9:40,EventCreate,1,None,Application,djkvdihost492.jakarta01.com,JAKARTA01\mohammad  
Error,10/3/2017 9:36,EventCreate,1,None,Application,djkvdihost640.jakarta01.com,JAKARTA01\dessy  
Error,10/3/2017 9:35,EventCreate,1,None,Application,djkvdihost638.jakarta01.com,JAKARTA01\ici  
Error,10/3/2017 9:34,EventCreate,1,None,Application,djkvdihost685.jakarta01.com,JAKARTA01\guestisd61  
Error,10/3/2017 9:33,EventCreate,1,None,Application,djkvdihost700.jakarta01.com,JAKARTA01\nathaniel  
Error,10/3/2017 9:32,EventCreate,1,None,Application,djkvdihost110.jakarta01.com,JAKARTA01\guestacc10  
Error,10/3/2017 9:32,Application Error,1000,-100,Application,djkvdihost110.jakarta01.com,"Faulting application name: NLNOTES.EXE, version: 8.5.30.11258, time stamp: 0x4e72fa51
Faulting module name: nnotes.dll, version: 8.5.30.11258, time stamp: 0x4e72fa6a
Exception code: 0xc0000005
Fault offset: 0x001c7f0e
Faulting process id: 0x1660
Faulting application start time: 0x01d33befe308b384
Faulting application path: C:\Program Files\IBM\Lotus\Notes\NLNOTES.EXE
Faulting module path: C:\Program Files\IBM\Lotus\Notes\nnotes.dll
Report Id: 20c1254a-a7e3-11e7-9021-0050569f78af"
Error,10/3/2017 9:33,EventCreate,1,None,Application,djkvdihost685.jakarta01.com,JAKARTA01\guestisd61  
Error,10/3/2017 9:31,EventCreate,1,None,Application,djkvdihost766.jakarta01.com,JAKARTA01\wirantika  
Error,10/3/2017 9:30,EventCreate,1,None,Application,djkvdihost057.jakarta01.com,JAKARTA01\Nikmatullah  
Error,10/3/2017 9:29,EventCreate,1,None,Application,djkvdihost324.jakarta01.com,JAKARTA01\nyimas  
Error,10/3/2017 9:29,EventCreate,1,None,Application,djkvdihost044.jakarta01.com,JAKARTA01\Bryant  
Error,10/3/2017 9:28,EventCreate,1,None,Application,djkvdihost787.jakarta01.com,JAKARTA01\army  
Error,10/3/2017 9:28,EventCreate,1,None,Application,djkvdihost203.jakarta01.com,JAKARTA01\dodi  
Error,10/3/2017 9:28,EventCreate,1,None,Application,djkvdihost472.jakarta01.com,JAKARTA01\FAUZIAH  
Error,10/3/2017 9:27,WSH,1,None,Application,djkvdihost203.jakarta01.com,"CN=Dodi Heru Setio Putro password will expire in 2 day(s) at 10/5/2017 9:00:40 AM

Press CTRL + ALT + DEL and select the ""Change a password"" option."
Error,10/3/2017 9:27,EventCreate,1,None,Application,djkvdihost552.jakarta01.com,JAKARTA01\yoedo  
Error,10/3/2017 9:27,Application Error,1000,-100,Application,djkvdihost552.jakarta01.com,"Faulting application name: spoolsv.exe, version: 6.1.7601.17777, time stamp: 0x4f35efc3
Faulting module name: msvcrt.dll, version: 7.0.7601.17744, time stamp: 0x4eeaf722
Exception code: 0xc0000005
Fault offset: 0x0000aa14
Faulting process id: 0x638
Faulting application start time: 0x01d33baa63ae4401
Faulting application path: C:\Windows\System32\spoolsv.exe
Faulting module path: C:\Windows\system32\msvcrt.dll
Report Id: 5ccfec44-a7e2-11e7-87e5-0050569f13d9"
Error,10/3/2017 9:27,WSH,1,None,Application,djkvdihost203.jakarta01.com,"CN=Dodi Heru Setio Putro password will expire in 2 day(s) at 10/5/2017 9:00:40 AM

Press CTRL + ALT + DEL and select the ""Change a password"" option."
Error,10/3/2017 9:27,EventCreate,1,None,Application,djkvdihost263.jakarta01.com,JAKARTA01\guestisd39  
Error,10/3/2017 9:25,EventCreate,1,None,Application,djkvdihost449.jakarta01.com,JAKARTA01\budir  
Error,10/3/2017 9:24,EventCreate,1,None,Application,djkvdihost900.jakarta01.com,JAKARTA01\Denni  
Error,10/3/2017 9:24,EventCreate,1,None,Application,djkvdihost900.jakarta01.com,JAKARTA01\Denni  
Error,10/3/2017 9:23,EventCreate,1,None,Application,djkvdihost032.jakarta01.com,JAKARTA01\Christopher  
Error,10/3/2017 9:23,EventCreate,1,None,Application,djkvdihost480.jakarta01.com,JAKARTA01\topik  
Error,10/3/2017 9:22,EventCreate,1,None,Application,djkvdihost041.jakarta01.com,JAKARTA01\gadis  
Error,10/3/2017 9:22,EventCreate,1,None,Application,djkvdihost083.jakarta01.com,JAKARTA01\diana  
Error,10/3/2017 9:22,EventCreate,1,None,Application,djkvdihost340.jakarta01.com,JAKARTA01\Etty  
Error,10/3/2017 9:21,EventCreate,1,None,Application,djkvdihost237.jakarta01.com,JAKARTA01\rizka syarifa  
Error,10/3/2017 9:21,Application Error,1000,-100,Application,djkvdihost237.jakarta01.com,"Faulting application name: OUTLOOK.EXE, version: 15.0.4919.1001, time stamp: 0x58d20482
Faulting module name: OUTLOOK.EXE, version: 15.0.4919.1001, time stamp: 0x58d20482
Exception code: 0xc0000005
Fault offset: 0x008924c7
Faulting process id: 0x428
Faulting application start time: 0x01d33be561bcbb80
Faulting application path: C:\Program Files\Microsoft Office\Office15\OUTLOOK.EXE
Faulting module path: C:\Program Files\Microsoft Office\Office15\OUTLOOK.EXE
Report Id: 898eb0d8-a7e1-11e7-90b7-0050569f1561"
Error,10/3/2017 9:21,EventCreate,1,None,Application,djkvdihost041.jakarta01.com,JAKARTA01\gadis  
Error,10/3/2017 9:19,EventCreate,1,None,Application,djkvdihost053.jakarta01.com,JAKARTA01\sari  
Error,10/3/2017 9:19,Application Error,1000,-100,Application,djkvdihost053.jakarta01.com,"Faulting application name: CWBTF.EXE, version: 12.0.0.1, time stamp: 0x483cc594
Faulting module name: CwbTFDlg.dll, version: 12.0.0.1, time stamp: 0x486087c2
Exception code: 0xc0000005
Fault offset: 0x00018766
Faulting process id: 0x17b8
Faulting application start time: 0x01d33bec6b2a7a94
Faulting application path: C:\Program Files\IBM\Client Access\CWBTF.EXE
Faulting module path: C:\Windows\system32\CwbTFDlg.dll
Report Id: 4f5773c4-a7e1-11e7-8e11-0050569f2a44"
Error,10/3/2017 9:19,EventCreate,1,None,Application,djkvdihost532.jakarta01.com,JAKARTA01\GUESTISD33  
Error,10/3/2017 9:19,EventCreate,1,None,Application,djkvdihost413.jakarta01.com,JAKARTA01\guestisd34  
Error,10/3/2017 9:18,EventCreate,1,None,Application,djkvdihost427.jakarta01.com,JAKARTA01\abdulas  
Error,10/3/2017 9:16,EventCreate,1,None,Application,djkvdihost110.jakarta01.com,JAKARTA01\guestacc10  
Error,10/3/2017 9:16,Application Error,1000,-100,Application,djkvdihost110.jakarta01.com,"Faulting application name: NLNOTES.EXE, version: 8.5.30.11258, time stamp: 0x4e72fa51
Faulting module name: nnotes.dll, version: 8.5.30.11258, time stamp: 0x4e72fa6a
Exception code: 0xc0000005
Fault offset: 0x001c7f0e
Faulting process id: 0x1860
Faulting application start time: 0x01d33beda762014d
Faulting application path: C:\Program Files\IBM\Lotus\Notes\NLNOTES.EXE
Faulting module path: C:\Program Files\IBM\Lotus\Notes\nnotes.dll
Report Id: e66552be-a7e0-11e7-9021-0050569f78af"
Error,10/3/2017 9:16,EventCreate,1,None,Application,djkvdihost498.jakarta01.com,JAKARTA01\irman  
Error,10/3/2017 9:16,EventCreate,1,None,Application,djkvdihost097.jakarta01.com,JAKARTA01\MegaDN  
Error,10/3/2017 9:15,EventCreate,1,None,Application,djkvdihost107.jakarta01.com,JAKARTA01\namora  
Error,10/3/2017 9:15,EventCreate,1,None,Application,djkvdihost456.jakarta01.com,JAKARTA01\MSandy  
Error,10/3/2017 9:15,Application Error,1000,-100,Application,djkvdihost107.jakarta01.com,"Faulting application name: CWBTF.EXE, version: 12.0.0.1, time stamp: 0x483cc594
Faulting module name: CwbTFDlg.dll, version: 12.0.0.1, time stamp: 0x486087c2
Exception code: 0xc0000005
Fault offset: 0x00018766
Faulting process id: 0x1c30
Faulting application start time: 0x01d33be60221f185
Faulting application path: C:\Program Files\IBM\Client Access\CWBTF.EXE
Faulting module path: C:\Windows\system32\CwbTFDlg.dll
Report Id: be56de95-a7e0-11e7-a6de-0050569f7fd2"
Error,10/3/2017 9:14,EventCreate,1,None,Application,djkvdihost210.jakarta01.com,JAKARTA01\yasinta  
Error,10/3/2017 9:15,EventCreate,1,None,Application,djkvdihost440.jakarta01.com,JAKARTA01\BERNARDUS  
Error,10/3/2017 9:14,Application Error,1000,-100,Application,djkvdihost210.jakarta01.com,"Faulting application name: OUTLOOK.EXE, version: 15.0.4919.1001, time stamp: 0x58d20482
Faulting module name: OUTLOOK.EXE, version: 15.0.4919.1001, time stamp: 0x58d20482
Exception code: 0xc0000005
Fault offset: 0x008924c7
Faulting process id: 0x1e0
Faulting application start time: 0x01d33bd78329c3da
Faulting application path: C:\Program Files\Microsoft Office\Office15\OUTLOOK.EXE
Faulting module path: C:\Program Files\Microsoft Office\Office15\OUTLOOK.EXE
Report Id: a33fa6bc-a7e0-11e7-b419-0050569f2e3d"
Error,10/3/2017 9:14,EventCreate,1,None,Application,djkvdihost112.jakarta01.com,JAKARTA01\indriani  
Error,10/3/2017 9:13,EventCreate,1,None,Application,djkvdihost494.jakarta01.com,JAKARTA01\AdhiNu  
Error,10/3/2017 9:13,EventCreate,1,None,Application,djkvdihost110.jakarta01.com,JAKARTA01\guestacc10  
Error,10/3/2017 9:12,EventCreate,1,None,Application,djkvdihost266.jakarta01.com,JAKARTA01\fferdian  
Error,10/3/2017 9:12,EventCreate,1,None,Application,djkvdihost649.jakarta01.com,JAKARTA01\mauluddin  
Error,10/3/2017 9:10,EventCreate,1,None,Application,djkvdihost149.jakarta01.com,JAKARTA01\guestisd54  
Error,10/3/2017 9:10,EventCreate,1,None,Application,djkvdihost357.jakarta01.com,JAKARTA01\wisnu  
Error,10/3/2017 9:09,EventCreate,1,None,Application,djkvdihost441.jakarta01.com,JAKARTA01\Yulistial  
Error,10/3/2017 9:09,EventCreate,1,None,Application,djkvdihost098.jakarta01.com,JAKARTA01\ilham  
Error,10/3/2017 9:09,EventCreate,1,None,Application,djkvdihost326.jakarta01.com,JAKARTA01\Audyanza  
Error,10/3/2017 9:09,Application Error,1000,-100,Application,djkvdihost326.jakarta01.com,"Faulting application name: mspaint.exe, version: 6.1.7600.16385, time stamp: 0x4a5bc683
Faulting module name: mspaint.exe, version: 6.1.7600.16385, time stamp: 0x4a5bc683
Exception code: 0xc0000005
Fault offset: 0x0003b9a7
Faulting process id: 0x1a7c
Faulting application start time: 0x01d33bec8f1cd401
Faulting application path: C:\Windows\system32\mspaint.exe
Faulting module path: C:\Windows\system32\mspaint.exe
Report Id: d27306a3-a7df-11e7-94ef-0050569f29f4"
Error,10/3/2017 9:09,EventCreate,1,None,Application,djkvdihost796.jakarta01.com,JAKARTA01\guestisd52  
Error,10/3/2017 9:08,EventCreate,1,None,Application,djkvdihost326.jakarta01.com,JAKARTA01\Audyanza  
Error,10/3/2017 9:08,Application Error,1000,-100,Application,djkvdihost326.jakarta01.com,"Faulting application name: mspaint.exe, version: 6.1.7600.16385, time stamp: 0x4a5bc683
Faulting module name: mspaint.exe, version: 6.1.7600.16385, time stamp: 0x4a5bc683
Exception code: 0xc0000005
Fault offset: 0x0003b9a7
Faulting process id: 0xc10
Faulting application start time: 0x01d33bec6c99ca74
Faulting application path: C:\Windows\system32\mspaint.exe
Faulting module path: C:\Windows\system32\mspaint.exe
Report Id: af84df09-a7df-11e7-94ef-0050569f29f4"
Error,10/3/2017 9:08,EventCreate,1,None,Application,djkvdihost732.jakarta01.com,JAKARTA01\elestari  
Error,10/3/2017 9:08,EventCreate,1,None,Application,djkvdihost049.jakarta01.com,JAKARTA01\slamet  
Error,10/3/2017 9:07,EventCreate,1,None,Application,djkvdihost035.jakarta01.com,JAKARTA01\robi  
Error,10/3/2017 9:07,EventCreate,1,None,Application,djkvdihost843.jakarta01.com,JAKARTA01\jeremia  
Error,10/3/2017 9:06,EventCreate,1,None,Application,djkvdihost590.jakarta01.com,JAKARTA01\komangya  
Error,10/3/2017 9:06,Application Error,1000,-100,Application,djkvdihost590.jakarta01.com,"Faulting application name: NLNOTES.EXE, version: 8.5.30.11258, time stamp: 0x4e72fa51
Faulting module name: nnotes.dll, version: 8.5.30.11258, time stamp: 0x4e72fa6a
Exception code: 0xc0000005
Fault offset: 0x001c7f0e
Faulting process id: 0x17cc
Faulting application start time: 0x01d33bec3aff01b0
Faulting application path: C:\Program Files\IBM\Lotus\Notes\NLNOTES.EXE
Faulting module path: C:\Program Files\IBM\Lotus\Notes\nnotes.dll
Report Id: 79711eb0-a7df-11e7-8b46-0050569f5bb8"
Error,10/3/2017 9:06,EventCreate,1,None,Application,djkvdihost240.jakarta01.com,JAKARTA01\ummu  
Error,10/3/2017 9:06,EventCreate,1,None,Application,djkvdihost085.jakarta01.com,JAKARTA01\william  
Error,10/3/2017 9:06,Application Error,1000,-100,Application,djkvdihost085.jakarta01.com,"Faulting application name: OUTLOOK.EXE, version: 15.0.4919.1001, time stamp: 0x58d20482
Faulting module name: OUTLOOK.EXE, version: 15.0.4919.1001, time stamp: 0x58d20482
Exception code: 0xc0000005
Fault offset: 0x008924c4
Faulting process id: 0x19ac
Faulting application start time: 0x01d33be856a5d27c
Faulting application path: C:\Program Files\Microsoft Office\Office15\OUTLOOK.EXE
Faulting module path: C:\Program Files\Microsoft Office\Office15\OUTLOOK.EXE
Report Id: 76b6ee1f-a7df-11e7-92eb-0050569f5e8d"
Error,10/3/2017 9:06,EventCreate,1,None,Application,djkvdihost070.jakarta01.com,JAKARTA01\daniel pontifek  
Error,10/3/2017 9:03,EventCreate,1,None,Application,djkvdihost752.jakarta01.com,JAKARTA01\nugrah  
Error,10/3/2017 9:03,EventCreate,1,None,Application,djkvdihost281.jakarta01.com,JAKARTA01\yoshinta  
Error,10/3/2017 9:02,EventCreate,1,None,Application,djkvdihost101.jakarta01.com,JAKARTA01\guestISD44  
Error,10/3/2017 9:02,EventCreate,1,None,Application,djkvdihost303.jakarta01.com,JAKARTA01\Ricky  
Error,10/3/2017 9:01,EventCreate,1,None,Application,djkvdihost022.jakarta01.com,JAKARTA01\guestisd60  
Error,10/3/2017 9:01,EventCreate,1,None,Application,djkvdihost577.jakarta01.com,JAKARTA01\raymond  
Error,10/3/2017 9:01,EventCreate,1,None,Application,djkvdihost230.jakarta01.com,JAKARTA01\GuestISD48  
Error,10/3/2017 9:00,EventCreate,1,None,Application,djkvdihost809.jakarta01.com,JAKARTA01\AISYAH  
Error,10/3/2017 9:00,EventCreate,1,None,Application,djkvdihost219.jakarta01.com,JAKARTA01\valery  
Error,10/3/2017 9:00,EventCreate,1,None,Application,djkvdihost386.jakarta01.com,JAKARTA01\Ika  
Error,10/3/2017 9:00,EventCreate,1,None,Application,djkvdihost463.jakarta01.com,JAKARTA01\rhaditya  
Error,10/3/2017 8:59,Application Error,1000,-100,Application,djkvdihost463.jakarta01.com,"Faulting application name: PhotoScreensaver.scr, version: 6.1.7601.17514, time stamp: 0x4ce7a590
Faulting module name: SHELL32.dll, version: 6.1.7601.23537, time stamp: 0x57c450f4
Exception code: 0xc0000005
Fault offset: 0x001f269f
Faulting process id: 0xc74
Faulting application start time: 0x01d33beb2b1df610
Faulting application path: C:\Windows\system32\PhotoScreensaver.scr
Faulting module path: C:\Windows\system32\SHELL32.dll
Report Id: 8808a776-a7de-11e7-b117-0050569f143b"
Error,10/3/2017 9:00,EventCreate,1,None,Application,djkvdihost815.jakarta01.com,JAKARTA01\herlina  
Error,10/3/2017 9:00,EventCreate,1,None,Application,djkvdihost232.jakarta01.com,JAKARTA01\erik  
Error,10/3/2017 9:00,EventCreate,1,None,Application,djkvdihost734.jakarta01.com,JAKARTA01\anderson  
Error,10/3/2017 8:59,EventCreate,1,None,Application,djkvdihost580.jakarta01.com,JAKARTA01\budi kurniawan  
Error,10/3/2017 8:59,EventCreate,1,None,Application,djkvdihost194.jakarta01.com,JAKARTA01\anissa  
Error,10/3/2017 8:59,EventCreate,1,None,Application,djkvdihost778.jakarta01.com,JAKARTA01\tara  
Error,10/3/2017 8:59,Application Error,1000,-100,Application,djkvdihost778.jakarta01.com,"Faulting application name: OUTLOOK.EXE, version: 15.0.4919.1001, time stamp: 0x58d20482
Faulting module name: OUTLOOK.EXE, version: 15.0.4919.1001, time stamp: 0x58d20482
Exception code: 0xc0000005
Fault offset: 0x008924c4
Faulting process id: 0x1dc4
Faulting application start time: 0x01d33be7a4c1b282
Faulting application path: C:\Program Files\Microsoft Office\Office15\OUTLOOK.EXE
Faulting module path: C:\Program Files\Microsoft Office\Office15\OUTLOOK.EXE
Report Id: 72850572-a7de-11e7-9b74-0050569f76f6"
Error,10/3/2017 8:58,EventCreate,1,None,Application,djkvdihost458.jakarta01.com,JAKARTA01\agnes  
Error,10/3/2017 8:58,EventCreate,1,None,Application,djkvdihost111.jakarta01.com,JAKARTA01\hafsia  
Error,10/3/2017 8:57,EventCreate,1,None,Application,djkvdihost111.jakarta01.com,JAKARTA01\hafsia  
Error,10/3/2017 8:57,EventCreate,1,None,Application,djkvdihost048.jakarta01.com,JAKARTA01\diah  
Error,10/3/2017 8:57,EventCreate,1,None,Application,djkvdihost307.jakarta01.com,JAKARTA01\nadea  
Error,10/3/2017 8:56,EventCreate,1,None,Application,djkvdihost828.jakarta01.com,JAKARTA01\muhamadZAH  
Error,10/3/2017 8:56,EventCreate,1,None,Application,djkvdihost561.jakarta01.com,JAKARTA01\handayani  
Error,10/3/2017 8:56,EventCreate,1,None,Application,djkvdihost634.jakarta01.com,JAKARTA01\kiky  
Error,10/3/2017 8:56,EventCreate,1,None,Application,djkvdihost625.jakarta01.com,JAKARTA01\Novianawati  
Error,10/3/2017 8:55,EventCreate,1,None,Application,djkvdihost319.jakarta01.com,JAKARTA01\ceciliadt  
Error,10/3/2017 8:55,Application Error,1000,-100,Application,djkvdihost319.jakarta01.com,"Faulting application name: EXCEL.EXE, version: 15.0.4919.1000, time stamp: 0x58c7ab0f
Faulting module name: EXCEL.EXE, version: 15.0.4919.1000, time stamp: 0x58c7ab0f
Exception code: 0xc0000005
Fault offset: 0x00b3b5c7
Faulting process id: 0x12f0
Faulting application start time: 0x01d33be3d9491a59
Faulting application path: C:\Program Files\Microsoft Office\Office15\EXCEL.EXE
Faulting module path: C:\Program Files\Microsoft Office\Office15\EXCEL.EXE
Report Id: edd751d2-a7dd-11e7-a8b6-0050569f6f40"
Error,10/3/2017 8:55,EventCreate,1,None,Application,djkvdihost828.jakarta01.com,JAKARTA01\muhamadZAH  
Error,10/3/2017 8:55,EventCreate,1,None,Application,djkvdihost071.jakarta01.com,JAKARTA01\haryadi  
Error,10/3/2017 8:54,EventCreate,1,None,Application,djkvdihost664.jakarta01.com,JAKARTA01\Guestisd37  
Error,10/3/2017 8:54,EventCreate,1,None,Application,djkvdihost516.jakarta01.com,JAKARTA01\regina  
Error,10/3/2017 8:53,EventCreate,1,None,Application,djkvdihost518.jakarta01.com,JAKARTA01\dwihan  
Error,10/3/2017 8:53,EventCreate,1,None,Application,djkvdihost254.jakarta01.com,JAKARTA01\ridjal  
Error,10/3/2017 8:53,EventCreate,1,None,Application,djkvdihost642.jakarta01.com,JAKARTA01\DedyW  
Error,10/3/2017 8:53,EventCreate,1,None,Application,djkvdihost085.jakarta01.com,JAKARTA01\william  
Error,10/3/2017 8:53,Application Error,1000,-100,Application,djkvdihost085.jakarta01.com,"Faulting application name: WINWORD.EXE, version: 15.0.4911.1000, time stamp: 0x58a2c075
Faulting module name: wwlib.dll, version: 15.0.4911.1000, time stamp: 0x58a2c073
Exception code: 0xc0000005
Fault offset: 0x006f1046
Faulting process id: 0x1f1c
Faulting application start time: 0x01d33be8bf5742d6
Faulting application path: C:\Program Files\Microsoft Office\Office15\WINWORD.EXE
Faulting module path: C:\Program Files\Microsoft Office\Office15\wwlib.dll
Report Id: 9850e0d0-a7dd-11e7-92eb-0050569f5e8d"
Error,10/3/2017 8:53,EventCreate,1,None,Application,djkvdihost176.jakarta01.com,JAKARTA01\aryani  
Error,10/3/2017 8:53,EventCreate,1,None,Application,djkvdihost055.jakarta01.com,JAKARTA01\budsiregar  
Error,10/3/2017 8:52,EventCreate,1,None,Application,djkvdihost719.jakarta01.com,JAKARTA01\titis  
Error,10/3/2017 8:52,Application Error,1000,-100,Application,djkvdihost719.jakarta01.com,"Faulting application name: OUTLOOK.EXE, version: 15.0.4919.1001, time stamp: 0x58d20482
Faulting module name: OUTLOOK.EXE, version: 15.0.4919.1001, time stamp: 0x58d20482
Exception code: 0xc0000005
Fault offset: 0x008924c4
Faulting process id: 0x1804
Faulting application start time: 0x01d33bdf2ad75d7a
Faulting application path: C:\Program Files\Microsoft Office\Office15\OUTLOOK.EXE
Faulting module path: C:\Program Files\Microsoft Office\Office15\OUTLOOK.EXE
Report Id: 839d6057-a7dd-11e7-a69f-0050569f1be3"
Error,10/3/2017 8:52,EventCreate,1,None,Application,djkvdihost518.jakarta01.com,JAKARTA01\dwihan  
Error,10/3/2017 8:52,EventCreate,1,None,Application,djkvdihost041.jakarta01.com,JAKARTA01\mohammad  
Error,10/3/2017 8:52,EventCreate,1,None,Application,djkvdihost642.jakarta01.com,JAKARTA01\DedyW  
Error,10/3/2017 8:52,EventCreate,1,None,Application,djkvdihost183.jakarta01.com,JAKARTA01\erwin  
Error,10/3/2017 8:30,EventCreate,1,None,Application,djkvdihost518.jakarta01.com,"The description for Event ID 1 from source EventCreate cannot be found. Either the component that raises this event is not installed on your local computer or the installation is corrupted. You can install or repair the component on the local computer.

If the event originated on another computer, the display information had to be saved with the event.

The following information was included with the event: 

JAKARTA01\GuestISD57  
"
Error,10/3/2017 8:28,EventCreate,1,None,Application,djkvdihost518.jakarta01.com,"The description for Event ID 1 from source EventCreate cannot be found. Either the component that raises this event is not installed on your local computer or the installation is corrupted. You can install or repair the component on the local computer.

If the event originated on another computer, the display information had to be saved with the event.

The following information was included with the event: 

JAKARTA01\GuestISD57  
"
Error,10/3/2017 8:52,EventCreate,1,None,Application,djkvdihost519.jakarta01.com,JAKARTA01\guestISD50  
Error,10/3/2017 8:50,EventCreate,1,None,Application,djkvdihost713.jakarta01.com,JAKARTA01\guestisd27  
Error,10/3/2017 8:50,EventCreate,1,None,Application,djkvdihost076.jakarta01.com,JAKARTA01\tasin  
Error,10/3/2017 8:49,EventCreate,1,None,Application,djkvdihost591.jakarta01.com,JAKARTA01\aria  
Error,10/3/2017 8:50,EventCreate,1,None,Application,djkvdihost615.jakarta01.com,JAKARTA01\andre cahyono  
Error,10/3/2017 8:50,EventCreate,1,None,Application,djkvdihost235.jakarta01.com,JAKARTA01\rahmatia  
Error,10/3/2017 8:50,EventCreate,1,None,Application,djkvdihost709.jakarta01.com,JAKARTA01\nurfadila  
Error,10/3/2017 8:49,EventCreate,1,None,Application,djkvdihost448.jakarta01.com,JAKARTA01\mpinto  
Error,10/3/2017 8:49,EventCreate,1,None,Application,djkvdihost822.jakarta01.com,JAKARTA01\yudistira  
Error,10/3/2017 8:49,EventCreate,1,None,Application,djkvdihost410.jakarta01.com,JAKARTA01\Elvira  
Error,10/3/2017 8:49,EventCreate,1,None,Application,djkvdihost279.jakarta01.com,JAKARTA01\payogi  
Error,10/3/2017 8:48,EventCreate,1,None,Application,djkvdihost448.jakarta01.com,JAKARTA01\mpinto  
Error,10/3/2017 8:48,EventCreate,1,None,Application,djkvdihost822.jakarta01.com,JAKARTA01\yudistira  
Error,10/3/2017 8:47,EventCreate,1,None,Application,djkvdihost478.jakarta01.com,JAKARTA01\Jauw  
Error,10/3/2017 8:47,Application Error,1000,-100,Application,djkvdihost478.jakarta01.com,"Faulting application name: iexplore.exe, version: 11.0.9600.18639, time stamp: 0x58d6bb0d
Faulting module name: unknown, version: 0.0.0.0, time stamp: 0x00000000
Exception code: 0xc0000005
Fault offset: 0x7ff1e2c8
Faulting process id: 0x1294
Faulting application start time: 0x01d33be6c619b696
Faulting application path: C:\Program Files\Internet Explorer\iexplore.exe
Faulting module path: unknown
Report Id: d25056a2-a7dc-11e7-91c6-0050569f61df"
Error,10/3/2017 8:47,EventCreate,1,None,Application,djkvdihost776.jakarta01.com,JAKARTA01\adityo yuwono  
Error,10/3/2017 8:47,EventCreate,1,None,Application,djkvdihost429.jakarta01.com,JAKARTA01\ghozia  
Error,10/3/2017 8:46,EventCreate,1,None,Application,djkvdihost682.jakarta01.com,JAKARTA01\nuning  
Error,10/3/2017 8:46,EventCreate,1,None,Application,djkvdihost259.jakarta01.com,JAKARTA01\guestisd25  
Error,10/3/2017 8:45,WSH,1,None,Application,djkvdihost682.jakarta01.com,"CN=Nuning password will expire in 2 day(s) at 10/5/2017 8:27:15 AM

Press CTRL + ALT + DEL and select the ""Change a password"" option."
Error,10/3/2017 8:45,WSH,1,None,Application,djkvdihost682.jakarta01.com,"CN=Nuning password will expire in 2 day(s) at 10/5/2017 8:27:15 AM

Press CTRL + ALT + DEL and select the ""Change a password"" option."
Error,10/3/2017 8:45,EventCreate,1,None,Application,djkvdihost297.jakarta01.com,JAKARTA01\Azis Budianto  
Error,10/3/2017 8:45,EventCreate,1,None,Application,djkvdihost522.jakarta01.com,JAKARTA01\primaningtyas  
Error,10/3/2017 8:45,EventCreate,1,None,Application,djkvdihost804.jakarta01.com,JAKARTA01\erika  
Error,10/3/2017 8:44,Application Error,1000,-100,Application,djkvdihost804.jakarta01.com,"Faulting application name: OUTLOOK.EXE, version: 15.0.4919.1001, time stamp: 0x58d20482
Faulting module name: OUTLOOK.EXE, version: 15.0.4919.1001, time stamp: 0x58d20482
Exception code: 0xc0000005
Fault offset: 0x008924c4
Faulting process id: 0x1af4
Faulting application start time: 0x01d33be08eed6d8f
Faulting application path: C:\Program Files\Microsoft Office\Office15\OUTLOOK.EXE
Faulting module path: C:\Program Files\Microsoft Office\Office15\OUTLOOK.EXE
Report Id: 75f07ffd-a7dc-11e7-952d-0050569f33bf"
Error,10/3/2017 8:45,EventCreate,1,None,Application,djkvdihost552.jakarta01.com,JAKARTA01\yoedo  
Error,10/3/2017 8:45,EventCreate,1,None,Application,djkvdihost006.jakarta01.com,JAKARTA01\dyah  
Error,10/3/2017 8:45,EventCreate,1,None,Application,djkvdihost794.jakarta01.com,JAKARTA01\Kartina  
Error,10/3/2017 8:44,EventCreate,1,None,Application,djkvdihost501.jakarta01.com,JAKARTA01\saputro  
Error,10/3/2017 8:43,EventCreate,1,None,Application,djkvdihost474.jakarta01.com,JAKARTA01\eunice  
Error,10/3/2017 8:43,EventCreate,1,None,Application,djkvdihost124.jakarta01.com,JAKARTA01\Juliet  
Error,10/3/2017 8:43,EventCreate,1,None,Application,djkvdihost178.jakarta01.com,JAKARTA01\teddy  
Error,10/3/2017 8:43,EventCreate,1,None,Application,djkvdihost080.jakarta01.com,JAKARTA01\amelinda  
Error,10/3/2017 8:43,EventCreate,1,None,Application,djkvdihost607.jakarta01.com,JAKARTA01\meltsaury  
Error,10/3/2017 8:42,EventCreate,1,None,Application,djkvdihost182.jakarta01.com,JAKARTA01\Aisyah  
Error,10/3/2017 8:42,EventCreate,1,None,Application,djkvdihost587.jakarta01.com,JAKARTA01\boby  
Error,10/3/2017 8:42,EventCreate,1,None,Application,djkvdihost676.jakarta01.com,JAKARTA01\guestacc08  
Error,10/3/2017 8:42,EventCreate,1,None,Application,djkvdihost333.jakarta01.com,JAKARTA01\tobing  
Error,10/3/2017 8:41,EventCreate,1,None,Application,djkvdihost371.jakarta01.com,JAKARTA01\GuestISD45  
Error,10/3/2017 8:42,Application Error,1000,-100,Application,djkvdihost333.jakarta01.com,"Faulting application name: OUTLOOK.EXE, version: 15.0.4919.1001, time stamp: 0x58d20482
Faulting module name: OUTLOOK.EXE, version: 15.0.4919.1001, time stamp: 0x58d20482
Exception code: 0xc0000005
Fault offset: 0x008924c4
Faulting process id: 0x1dd4
Faulting application start time: 0x01d33bdf1d0145ae
Faulting application path: C:\Program Files\Microsoft Office\Office15\OUTLOOK.EXE
Faulting module path: C:\Program Files\Microsoft Office\Office15\OUTLOOK.EXE
Report Id: 0ff858e3-a7dc-11e7-83de-0050569f7a99"
Error,10/3/2017 8:41,EventCreate,1,None,Application,djkvdihost896.jakarta01.com,JAKARTA01\Joni  
Error,10/3/2017 8:41,EventCreate,1,None,Application,djkvdihost280.jakarta01.com,JAKARTA01\andriana  
Error,10/3/2017 8:40,EventCreate,1,None,Application,djkvdihost450.jakarta01.com,JAKARTA01\elvina  
Error,10/3/2017 8:39,EventCreate,1,None,Application,djkvdihost195.jakarta01.com,JAKARTA01\karmelita  
Error,10/3/2017 8:40,EventCreate,1,None,Application,djkvdihost394.jakarta01.com,JAKARTA01\aynie  
Error,10/3/2017 8:39,EventCreate,1,None,Application,djkvdihost600.jakarta01.com,JAKARTA01\satria graha  
Error,10/3/2017 8:39,Application Error,1000,-100,Application,djkvdihost195.jakarta01.com,"Faulting application name: spoolsv.exe, version: 6.1.7601.17777, time stamp: 0x4f35efc3
Faulting module name: hpzpnp.dll, version: 0.3.1537.18, time stamp: 0x471c487d
Exception code: 0xc0000005
Fault offset: 0x00006026
Faulting process id: 0x638
Faulting application start time: 0x01d33b698290cb5b
Faulting application path: C:\Windows\System32\spoolsv.exe
Faulting module path: \\?\C:\Windows\System32\spool\drivers\w32x86\3\hpzpnp.dll
Report Id: bacfa1f1-a7db-11e7-be40-0050569f0c35"
Error,10/3/2017 8:38,EventCreate,1,None,Application,djkvdihost600.jakarta01.com,JAKARTA01\satria graha  
Error,10/3/2017 8:38,WSH,1,None,Application,djkvdihost600.jakarta01.com,"CN=Satria Graha Adityatama password will expire in 2 day(s) at 10/5/2017 8:08:00 AM

Press CTRL + ALT + DEL and select the ""Change a password"" option."
Error,10/3/2017 8:38,EventCreate,1,None,Application,djkvdihost601.jakarta01.com,JAKARTA01\fatima  
Error,10/3/2017 8:38,Application Error,1000,-100,Application,djkvdihost601.jakarta01.com,"Faulting application name: spoolsv.exe, version: 6.1.7601.17777, time stamp: 0x4f35efc3
Faulting module name: msvcrt.dll, version: 7.0.7601.17744, time stamp: 0x4eeaf722
Exception code: 0xc0000005
Fault offset: 0x0000aa14
Faulting process id: 0x63c
Faulting application start time: 0x01d33b758138ae94
Faulting application path: C:\Windows\System32\spoolsv.exe
Faulting module path: C:\Windows\system32\msvcrt.dll
Report Id: 8efdfdd7-a7db-11e7-8328-0050569f5a2e"
Error,10/3/2017 8:38,WSH,1,None,Application,djkvdihost600.jakarta01.com,"CN=Satria Graha Adityatama password will expire in 2 day(s) at 10/5/2017 8:08:00 AM

Press CTRL + ALT + DEL and select the ""Change a password"" option."
Error,10/3/2017 8:38,EventCreate,1,None,Application,djkvdihost631.jakarta01.com,JAKARTA01\GUestISD46  
Error,10/3/2017 8:37,EventCreate,1,None,Application,djkvdihost481.jakarta01.com,JAKARTA01\fitri  
Error,10/3/2017 8:37,EventCreate,1,None,Application,djkvdihost503.jakarta01.com,JAKARTA01\Guestisd30  
Error,10/3/2017 8:36,EventCreate,1,None,Application,djkvdihost085.jakarta01.com,JAKARTA01\william  
Error,10/3/2017 8:36,EventCreate,1,None,Application,djkvdihost705.jakarta01.com,JAKARTA01\SUnaryo  
Error,10/3/2017 8:36,EventCreate,1,None,Application,djkvdihost724.jakarta01.com,JAKARTA01\Elisabeth  
Error,10/3/2017 8:36,EventCreate,1,None,Application,djkvdihost487.jakarta01.com,JAKARTA01\Linda Marshelia  
Error,10/3/2017 8:36,EventCreate,1,None,Application,djkvdihost800.jakarta01.com,JAKARTA01\yisca  
Error,10/3/2017 8:36,EventCreate,1,None,Application,djkvdihost204.jakarta01.com,JAKARTA01\MuhammadH  
Error,10/3/2017 8:36,EventCreate,1,None,Application,djkvdihost367.jakarta01.com,JAKARTA01\guestisd36  
Error,10/3/2017 8:36,EventCreate,1,None,Application,djkvdihost601.jakarta01.com,JAKARTA01\fatima  
Error,10/3/2017 8:35,EventCreate,1,None,Application,djkvdihost555.jakarta01.com,JAKARTA01\antonius  
Error,10/3/2017 8:35,Application Error,1000,-100,Application,djkvdihost555.jakarta01.com,"Faulting application name: OUTLOOK.EXE, version: 15.0.4919.1001, time stamp: 0x58d20482
Faulting module name: OUTLOOK.EXE, version: 15.0.4919.1001, time stamp: 0x58d20482
Exception code: 0xc0000005
Fault offset: 0x008924c4
Faulting process id: 0x144
Faulting application start time: 0x01d33be12e58217f
Faulting application path: C:\Program Files\Microsoft Office\Office15\OUTLOOK.EXE
Faulting module path: C:\Program Files\Microsoft Office\Office15\OUTLOOK.EXE
Report Id: 20151cbf-a7db-11e7-b73c-0050569f396c"
Error,10/3/2017 8:35,EventCreate,1,None,Application,djkvdihost569.jakarta01.com,JAKARTA01\sutedja  
Error,10/3/2017 8:35,EventCreate,1,None,Application,djkvdihost792.jakarta01.com,JAKARTA01\guestisd29  
Error,10/3/2017 8:35,EventCreate,1,None,Application,djkvdihost257.jakarta01.com,JAKARTA01\driarkoro  
Error,10/3/2017 8:35,EventCreate,1,None,Application,djkvdihost411.jakarta01.com,JAKARTA01\guestisd20  
Error,10/3/2017 8:34,EventCreate,1,None,Application,djkvdihost486.jakarta01.com,JAKARTA01\Erlisa  
Error,10/3/2017 8:32,EventCreate,1,None,Application,djkvdihost486.jakarta01.com,JAKARTA01\Erlisa  
Error,10/3/2017 8:32,EventCreate,1,None,Application,djkvdihost344.jakarta01.com,JAKARTA01\kezia  
Error,10/3/2017 8:32,EventCreate,1,None,Application,djkvdihost342.jakarta01.com,JAKARTA01\andrik  
Error,10/3/2017 8:31,EventCreate,1,None,Application,djkvdihost550.jakarta01.com,JAKARTA01\Dimas Satya  
Error,10/3/2017 8:31,EventCreate,1,None,Application,djkvdihost550.jakarta01.com,JAKARTA01\Dimas Satya  
Error,10/3/2017 8:32,Application Error,1000,-100,Application,djkvdihost344.jakarta01.com,"Faulting application name: OUTLOOK.EXE, version: 15.0.4919.1001, time stamp: 0x58d20482
Faulting module name: OUTLOOK.EXE, version: 15.0.4919.1001, time stamp: 0x58d20482
Exception code: 0xc0000005
Fault offset: 0x008924c4
Faulting process id: 0x16c8
Faulting application start time: 0x01d33bd675ef94e7
Faulting application path: C:\Program Files\Microsoft Office\Office15\OUTLOOK.EXE
Faulting module path: C:\Program Files\Microsoft Office\Office15\OUTLOOK.EXE
Report Id: b204cd20-a7da-11e7-ac30-0050569f3f98"
Error,10/3/2017 8:31,EventCreate,1,None,Application,djkvdihost550.jakarta01.com,JAKARTA01\Dimas Satya  
Error,10/3/2017 8:31,EventCreate,1,None,Application,djkvdihost777.jakarta01.com,JAKARTA01\giandripn  
Error,10/3/2017 8:31,EventCreate,1,None,Application,djkvdihost086.jakarta01.com,JAKARTA01\natalie  
Error,10/3/2017 8:31,EventCreate,1,None,Application,djkvdihost727.jakarta01.com,JAKARTA01\Daniel  
Error,10/3/2017 8:31,EventCreate,1,None,Application,djkvdihost086.jakarta01.com,JAKARTA01\natalie  
Error,10/3/2017 8:30,EventCreate,1,None,Application,djkvdihost065.jakarta01.com,JAKARTA01\Adang  
Error,10/3/2017 8:30,EventCreate,1,None,Application,djkvdihost784.jakarta01.com,JAKARTA01\diena  
Error,10/3/2017 8:30,EventCreate,1,None,Application,djkvdihost231.jakarta01.com,JAKARTA01\Ida  
Error,10/3/2017 8:30,EventCreate,1,None,Application,djkvdihost244.jakarta01.com,JAKARTA01\Guestisd31  
Error,10/3/2017 8:30,EventCreate,1,None,Application,djkvdihost253.jakarta01.com,JAKARTA01\marlina2  
Error,10/3/2017 8:30,EventCreate,1,None,Application,djkvdihost754.jakarta01.com,JAKARTA01\eka  
Error,10/3/2017 8:30,EventCreate,1,None,Application,djkvdihost643.jakarta01.com,JAKARTA01\hirano  
Error,10/3/2017 8:29,EventCreate,1,None,Application,djkvdihost654.jakarta01.com,JAKARTA01\Reiffy  
Error,10/3/2017 8:29,EventCreate,1,None,Application,djkvdihost747.jakarta01.com,JAKARTA01\MFIRMAN  
Error,10/3/2017 8:29,EventCreate,1,None,Application,djkvdihost699.jakarta01.com,JAKARTA01\GuestISD42  
Error,10/3/2017 8:28,EventCreate,1,None,Application,djkvdihost636.jakarta01.com,JAKARTA01\jayson  
Error,10/3/2017 8:28,EventCreate,1,None,Application,djkvdihost572.jakarta01.com,JAKARTA01\Rahmad  
Error,10/3/2017 8:28,EventCreate,1,None,Application,djkvdihost133.jakarta01.com,JAKARTA01\adiyanti  
Error,10/3/2017 8:28,EventCreate,1,None,Application,djkvdihost067.jakarta01.com,JAKARTA01\Hasna  
Error,10/3/2017 8:27,EventCreate,1,None,Application,djkvdihost245.jakarta01.com,JAKARTA01\mega  
Error,10/3/2017 8:27,Application Error,1000,-100,Application,djkvdihost245.jakarta01.com,"Faulting application name: OUTLOOK.EXE, version: 15.0.4919.1001, time stamp: 0x58d20482
Faulting module name: OUTLOOK.EXE, version: 15.0.4919.1001, time stamp: 0x58d20482
Exception code: 0xc0000005
Fault offset: 0x008924c4
Faulting process id: 0x648
Faulting application start time: 0x01d33be3c0b4b9c4
Faulting application path: C:\Program Files\Microsoft Office\Office15\OUTLOOK.EXE
Faulting module path: C:\Program Files\Microsoft Office\Office15\OUTLOOK.EXE
Report Id: 024c7676-a7da-11e7-9347-0050569f58a4"
Error,10/3/2017 8:27,EventCreate,1,None,Application,djkvdihost093.jakarta01.com,JAKARTA01\WulanAn  
