Error,9/26/2017 13:57,Application Error,1000,-100,Application,djkvdihost827.jakarta01.com,"Faulting application name: lync.exe, version: 15.0.4919.1000, time stamp: 0x58c7ab1e
Faulting module name: Uc.dll, version: 15.0.4919.1000, time stamp: 0x58c7b032
Exception code: 0xc0000005
Fault offset: 0x00559bd1
Faulting process id: 0x13cc
Faulting application start time: 0x01d336764c1ab3cf
Faulting application path: C:\Program Files\Microsoft Office\Office15\lync.exe
Faulting module path: C:\Program Files\Microsoft Office\Office15\Uc.dll
Report Id: 036274ff-a288-11e7-9b0d-0050569f4289"
Error,9/26/2017 13:56,EventCreate,1,None,Application,djkvdihost776.jakarta01.com,JAKARTA01\GuestFCD03  
Error,9/26/2017 13:44,EventCreate,1,None,Application,djkvdihost745.jakarta01.com,JAKARTA01\Rahmat  
Error,9/26/2017 13:44,Application Error,1000,-100,Application,djkvdihost745.jakarta01.com,"Faulting application name: OUTLOOK.EXE, version: 15.0.4919.1001, time stamp: 0x58d20482
Faulting module name: OUTLOOK.EXE, version: 15.0.4919.1001, time stamp: 0x58d20482
Exception code: 0xc0000005
Fault offset: 0x008924c7
Faulting process id: 0x1da8
Faulting application start time: 0x01d33662dc412ab2
Faulting application path: C:\Program Files\Microsoft Office\Office15\OUTLOOK.EXE
Faulting module path: C:\Program Files\Microsoft Office\Office15\OUTLOOK.EXE
Report Id: 1d359eeb-a286-11e7-98b3-0050569f2c5e"
Error,9/26/2017 13:42,EventCreate,1,None,Application,djkvdihost726.jakarta01.com,JAKARTA01\Dini Rahmawati  
Error,9/26/2017 13:42,Application Error,1000,-100,Application,djkvdihost726.jakarta01.com,"Faulting application name: OUTLOOK.EXE, version: 15.0.4919.1001, time stamp: 0x58d20482
Faulting module name: OUTLOOK.EXE, version: 15.0.4919.1001, time stamp: 0x58d20482
Exception code: 0xc0000005
Fault offset: 0x008924c4
Faulting process id: 0xf68
Faulting application start time: 0x01d336815439cc25
Faulting application path: C:\Program Files\Microsoft Office\Office15\OUTLOOK.EXE
Faulting module path: C:\Program Files\Microsoft Office\Office15\OUTLOOK.EXE
Report Id: dd12a232-a285-11e7-ae01-0050569f2f0e"
Error,9/26/2017 13:38,EventCreate,1,None,Application,djkvdihost717.jakarta01.com,JAKARTA01\Bob Jasper  
Error,9/26/2017 13:38,Application Error,1000,-100,Application,djkvdihost717.jakarta01.com,"Faulting application name: OUTLOOK.EXE, version: 15.0.4919.1001, time stamp: 0x58d20482
Faulting module name: OUTLOOK.EXE, version: 15.0.4919.1001, time stamp: 0x58d20482
Exception code: 0xc0000005
Fault offset: 0x008924c4
Faulting process id: 0x1c14
Faulting application start time: 0x01d33658140137c2
Faulting application path: C:\Program Files\Microsoft Office\Office15\OUTLOOK.EXE
Faulting module path: C:\Program Files\Microsoft Office\Office15\OUTLOOK.EXE
Report Id: 53c4850a-a285-11e7-b9f4-0050569f3764"
Error,9/26/2017 13:37,EventCreate,1,None,Application,djkvdihost876.jakarta01.com,JAKARTA01\jeremia  
Error,9/26/2017 13:37,EventCreate,1,None,Application,djkvdihost876.jakarta01.com,JAKARTA01\jeremia  
Error,9/26/2017 13:36,EventCreate,1,None,Application,djkvdihost876.jakarta01.com,JAKARTA01\jeremia  
Error,9/26/2017 13:30,EventCreate,1,None,Application,djkvdihost900.jakarta01.com,JAKARTA01\Adi Purnomo  
Error,9/26/2017 13:30,Application Error,1000,-100,Application,djkvdihost900.jakarta01.com,"Faulting application name: OUTLOOK.EXE, version: 15.0.4927.1001, time stamp: 0x58f5f52e
Faulting module name: OUTLOOK.EXE, version: 15.0.4927.1001, time stamp: 0x58f5f52e
Exception code: 0xc0000409
Fault offset: 0x00dc3399
Faulting process id: 0x11b0
Faulting application start time: 0x01d3367677dea5a2
Faulting application path: C:\Program Files (x86)\Microsoft Office\Office15\OUTLOOK.EXE
Faulting module path: C:\Program Files (x86)\Microsoft Office\Office15\OUTLOOK.EXE
Report Id: 2340a842-a284-11e7-a214-0050569f56e9"
Error,9/26/2017 13:28,EventCreate,1,None,Application,djkvdihost831.jakarta01.com,JAKARTA01\herlina  
Error,9/26/2017 13:27,EventCreate,1,None,Application,djkvdihost628.jakarta01.com,JAKARTA01\nunik  
Error,9/26/2017 13:28,Application Error,1000,-100,Application,djkvdihost831.jakarta01.com,"Faulting application name: EXCEL.EXE, version: 15.0.4919.1000, time stamp: 0x58c7ab0f
Faulting module name: MSVCR100.dll, version: 10.0.40219.325, time stamp: 0x4df2be1e
Exception code: 0xc0000005
Fault offset: 0x00001f34
Faulting process id: 0x808
Faulting application start time: 0x01d33681fde6c585
Faulting application path: C:\Program Files\Microsoft Office\Office15\EXCEL.EXE
Faulting module path: C:\Windows\system32\MSVCR100.dll
Report Id: d9fe86b7-a283-11e7-a284-0050569f7ec2"
Error,9/26/2017 13:27,EventCreate,1,None,Application,djkvdihost628.jakarta01.com,JAKARTA01\nunik  
Error,9/26/2017 13:21,EventCreate,1,None,Application,djkvdihost853.jakarta01.com,JAKARTA01\bayu  
Error,9/26/2017 13:20,WSH,1,None,Application,djkvdihost853.jakarta01.com,"CN=Andi Bayu W password will expire in 2 day(s) at 9/28/2017 8:06:14 AM

Press CTRL + ALT + DEL and select the ""Change a password"" option."
Error,9/26/2017 13:20,WSH,1,None,Application,djkvdihost853.jakarta01.com,"CN=Andi Bayu W password will expire in 2 day(s) at 9/28/2017 8:06:14 AM

Press CTRL + ALT + DEL and select the ""Change a password"" option."
Error,9/26/2017 13:18,EventCreate,1,None,Application,djkvdihost274.jakarta01.com,JAKARTA01\JanuardiI  
Error,9/26/2017 13:17,EventCreate,1,None,Application,djkvdihost375.jakarta01.com,JAKARTA01\widiana  
Error,9/26/2017 13:15,EventCreate,1,None,Application,djkvdihost650.jakarta01.com,JAKARTA01\rimico  
Error,9/26/2017 13:13,EventCreate,1,None,Application,djkvdihost828.jakarta01.com,JAKARTA01\rahman  
Error,9/26/2017 13:13,Application Error,1000,-100,Application,djkvdihost828.jakarta01.com,"Faulting application name: spoolsv.exe, version: 6.1.7601.17777, time stamp: 0x4f35efc3
Faulting module name: msvcrt.dll, version: 7.0.7601.17744, time stamp: 0x4eeaf722
Exception code: 0xc0000005
Fault offset: 0x0000aa14
Faulting process id: 0x638
Faulting application start time: 0x01d335f81d8cfa93
Faulting application path: C:\Windows\System32\spoolsv.exe
Faulting module path: C:\Windows\system32\msvcrt.dll
Report Id: d767976c-a281-11e7-ae92-0050569f224e"
Error,9/26/2017 13:12,EventCreate,1,None,Application,djkvdihost564.jakarta01.com,JAKARTA01\guestISD44  
Error,9/26/2017 13:10,EventCreate,1,None,Application,djkvdihost268.jakarta01.com,JAKARTA01\toyoda  
Error,9/26/2017 13:10,EventCreate,1,None,Application,djkvdihost207.jakarta01.com,JAKARTA01\Christopher  
Error,9/26/2017 13:10,Application Error,1000,-100,Application,djkvdihost268.jakarta01.com,"Faulting application name: EXCEL.EXE, version: 15.0.4919.1000, time stamp: 0x58c7ab0f
Faulting module name: EXCEL.EXE, version: 15.0.4919.1000, time stamp: 0x58c7ab0f
Exception code: 0xc0000005
Fault offset: 0x0007f70a
Faulting process id: 0xc70
Faulting application start time: 0x01d336646cf5b14e
Faulting application path: C:\Program Files\Microsoft Office\Office15\EXCEL.EXE
Faulting module path: C:\Program Files\Microsoft Office\Office15\EXCEL.EXE
Report Id: 5a366194-a281-11e7-b6fd-0050569f2588"
Error,9/26/2017 13:07,EventCreate,1,None,Application,djkvdihost377.jakarta01.com,JAKARTA01\aprilia  
Error,9/26/2017 13:07,EventCreate,1,None,Application,djkvdihost280.jakarta01.com,JAKARTA01\Rafika  
Error,9/26/2017 13:06,EventCreate,1,None,Application,djkvdihost280.jakarta01.com,JAKARTA01\Rafika  
Error,9/26/2017 12:52,EventCreate,1,None,Application,djkvdihost135.jakarta01.com,JAKARTA01\tenri  
Error,9/26/2017 12:52,Application Error,1000,-100,Application,djkvdihost135.jakarta01.com,"Faulting application name: OUTLOOK.EXE, version: 15.0.4919.1001, time stamp: 0x58d20482
Faulting module name: OUTLOOK.EXE, version: 15.0.4919.1001, time stamp: 0x58d20482
Exception code: 0xc0000005
Fault offset: 0x008924c4
Faulting process id: 0xd60
Faulting application start time: 0x01d33668ecef3f9a
Faulting application path: C:\Program Files\Microsoft Office\Office15\OUTLOOK.EXE
Faulting module path: C:\Program Files\Microsoft Office\Office15\OUTLOOK.EXE
Report Id: dc4c7c9a-a27e-11e7-a1d2-0050569f64d7"
Error,9/26/2017 12:50,EventCreate,1,None,Application,djkvdihost543.jakarta01.com,JAKARTA01\Hasna  
Error,9/26/2017 12:50,Application Error,1000,-100,Application,djkvdihost543.jakarta01.com,"Faulting application name: OUTLOOK.EXE, version: 15.0.4919.1001, time stamp: 0x58d20482
Faulting module name: OUTLOOK.EXE, version: 15.0.4919.1001, time stamp: 0x58d20482
Exception code: 0xc0000005
Fault offset: 0x0007a305
Faulting process id: 0x1ca4
Faulting application start time: 0x01d3366bfc7f7c0e
Faulting application path: C:\Program Files\Microsoft Office\Office15\OUTLOOK.EXE
Faulting module path: C:\Program Files\Microsoft Office\Office15\OUTLOOK.EXE
Report Id: 97672b27-a27e-11e7-a5c7-0050569f2522"
Error,9/26/2017 12:33,EventCreate,1,None,Application,djkvdihost280.jakarta01.com,JAKARTA01\Sonson  
Error,9/26/2017 12:33,EventCreate,1,None,Application,djkvdihost280.jakarta01.com,JAKARTA01\Sonson  
Error,9/26/2017 12:31,EventCreate,1,None,Application,djkvdihost450.jakarta01.com,JAKARTA01\maulina  
Error,9/26/2017 12:30,EventCreate,1,None,Application,djkvdihost275.jakarta01.com,JAKARTA01\Bryant  
Error,9/26/2017 12:30,Application Error,1000,-100,Application,djkvdihost450.jakarta01.com,"Faulting application name: spoolsv.exe, version: 6.1.7601.17777, time stamp: 0x4f35efc3
Faulting module name: msvcrt.dll, version: 7.0.7601.17744, time stamp: 0x4eeaf722
Exception code: 0xc0000005
Fault offset: 0x0000aa14
Faulting process id: 0x638
Faulting application start time: 0x01d334aae8a09aad
Faulting application path: C:\Windows\System32\spoolsv.exe
Faulting module path: C:\Windows\system32\msvcrt.dll
Report Id: dd9061be-a27b-11e7-8fcc-0050569f164f"
Error,9/26/2017 12:30,Application Error,1000,-100,Application,djkvdihost275.jakarta01.com,"Faulting application name: OUTLOOK.EXE, version: 15.0.4919.1001, time stamp: 0x58d20482
Faulting module name: OUTLOOK.EXE, version: 15.0.4919.1001, time stamp: 0x58d20482
Exception code: 0xc0000005
Fault offset: 0x008924c4
Faulting process id: 0x15ac
Faulting application start time: 0x01d33670e17aeef4
Faulting application path: C:\Program Files\Microsoft Office\Office15\OUTLOOK.EXE
Faulting module path: C:\Program Files\Microsoft Office\Office15\OUTLOOK.EXE
Report Id: cce2498b-a27b-11e7-b398-0050569f2f2d"
Error,9/26/2017 12:28,EventCreate,1,None,Application,djkvdihost020.jakarta01.com,JAKARTA01\sonson  
Error,9/26/2017 10:48,EventCreate,1,None,Application,djkvdihost164.jakarta01.com,JAKARTA01\sysdovs01  
Error,9/26/2017 10:48,EventCreate,1,None,Application,djkvdihost164.jakarta01.com,JAKARTA01\sysdovs01  
Error,9/26/2017 9:44,EventCreate,1,None,Application,djkvdihost164.jakarta01.com,JAKARTA01\GuestFCD04  
Error,9/26/2017 9:43,EventCreate,1,None,Application,djkvdihost164.jakarta01.com,JAKARTA01\GuestFCD04  
Error,9/26/2017 12:06,EventCreate,1,None,Application,djkvdihost606.jakarta01.com,JAKARTA01\yisca  
Error,9/26/2017 11:55,EventCreate,1,None,Application,djkvdihost674.jakarta01.com,JAKARTA01\tesha  
Error,9/26/2017 11:55,Application Error,1000,-100,Application,djkvdihost674.jakarta01.com,"Faulting application name: OUTLOOK.EXE, version: 15.0.4919.1001, time stamp: 0x58d20482
Faulting module name: OUTLOOK.EXE, version: 15.0.4919.1001, time stamp: 0x58d20482
Exception code: 0xc0000005
Fault offset: 0x008924c4
Faulting process id: 0x1dd8
Faulting application start time: 0x01d3366075f47dea
Faulting application path: C:\Program Files\Microsoft Office\Office15\OUTLOOK.EXE
Faulting module path: C:\Program Files\Microsoft Office\Office15\OUTLOOK.EXE
Report Id: de36310b-a276-11e7-88e3-0050569f555c"
Error,9/26/2017 11:50,EventCreate,1,None,Application,djkvdihost323.jakarta01.com,JAKARTA01\maya  
Error,9/26/2017 11:47,EventCreate,1,None,Application,djkvdihost586.jakarta01.com,JAKARTA01\marlina2  
Error,9/26/2017 11:46,EventCreate,1,None,Application,djkvdihost584.jakarta01.com,JAKARTA01\livia  
Error,9/26/2017 11:46,Application Error,1000,-100,Application,djkvdihost584.jakarta01.com,"Faulting application name: EXCEL.EXE, version: 15.0.4919.1000, time stamp: 0x58c7ab0f
Faulting module name: EXCEL.EXE, version: 15.0.4919.1000, time stamp: 0x58c7ab0f
Exception code: 0xc0000005
Fault offset: 0x001a7e49
Faulting process id: 0x1abc
Faulting application start time: 0x01d33671ac43d1d9
Faulting application path: C:\Program Files\Microsoft Office\Office15\EXCEL.EXE
Faulting module path: C:\Program Files\Microsoft Office\Office15\EXCEL.EXE
Report Id: ad58615e-a275-11e7-8f67-0050569f610a"
Error,9/26/2017 11:44,EventCreate,1,None,Application,djkvdihost244.jakarta01.com,JAKARTA01\Novianawati  
Error,9/26/2017 11:41,EventCreate,1,None,Application,djkvdihost362.jakarta01.com,JAKARTA01\asep  
Error,9/26/2017 11:41,Application Error,1000,-100,Application,djkvdihost362.jakarta01.com,"Faulting application name: PhotoScreensaver.scr, version: 6.1.7601.17514, time stamp: 0x4ce7a590
Faulting module name: SHELL32.dll, version: 6.1.7601.23537, time stamp: 0x57c450f4
Exception code: 0xc0000005
Fault offset: 0x001f269f
Faulting process id: 0xb7c
Faulting application start time: 0x01d33676df88685b
Faulting application path: C:\Windows\system32\PhotoScreensaver.scr
Faulting module path: C:\Windows\system32\SHELL32.dll
Report Id: f91e0bc5-a274-11e7-826b-0050569f3e2a"
Error,9/26/2017 11:41,EventCreate,1,None,Application,djkvdihost181.jakarta01.com,JAKARTA01\Puspa  
Error,9/26/2017 11:40,Application Error,1000,-100,Application,djkvdihost181.jakarta01.com,"Faulting application name: spoolsv.exe, version: 6.1.7601.17777, time stamp: 0x4f35efc3
Faulting module name: msvcrt.dll, version: 7.0.7601.17744, time stamp: 0x4eeaf722
Exception code: 0xc0000005
Fault offset: 0x0000aa14
Faulting process id: 0x638
Faulting application start time: 0x01d335f86cd0bac2
Faulting application path: C:\Windows\System32\spoolsv.exe
Faulting module path: C:\Windows\system32\msvcrt.dll
Report Id: deafad9a-a274-11e7-b02b-0050569f0420"
Error,9/26/2017 11:39,EventCreate,1,None,Application,djkvdihost459.jakarta01.com,JAKARTA01\ridjal  
Error,9/26/2017 11:38,Application Error,1000,-100,Application,djkvdihost459.jakarta01.com,"Faulting application name: OUTLOOK.EXE, version: 15.0.4919.1001, time stamp: 0x58d20482
Faulting module name: OUTLOOK.EXE, version: 15.0.4919.1001, time stamp: 0x58d20482
Exception code: 0xc0000005
Fault offset: 0x008924c7
Faulting process id: 0x1fd8
Faulting application start time: 0x01d3366b9573f565
Faulting application path: C:\Program Files\Microsoft Office\Office15\OUTLOOK.EXE
Faulting module path: C:\Program Files\Microsoft Office\Office15\OUTLOOK.EXE
Report Id: 9ce0d0bb-a274-11e7-8265-0050569f5ea5"
Error,9/26/2017 11:34,EventCreate,1,None,Application,djkvdihost777.jakarta01.com,JAKARTA01\binar  
Error,9/26/2017 11:34,EventCreate,1,None,Application,djkvdihost229.jakarta01.com,JAKARTA01\SELIH  
Error,9/26/2017 11:34,Application Error,1000,-100,Application,djkvdihost777.jakarta01.com,"Faulting application name: OUTLOOK.EXE, version: 15.0.4919.1001, time stamp: 0x58d20482
Faulting module name: OUTLOOK.EXE, version: 15.0.4919.1001, time stamp: 0x58d20482
Exception code: 0xc0000005
Fault offset: 0x008924c4
Faulting process id: 0x1f10
Faulting application start time: 0x01d3366260c49416
Faulting application path: C:\Program Files\Microsoft Office\Office15\OUTLOOK.EXE
Faulting module path: C:\Program Files\Microsoft Office\Office15\OUTLOOK.EXE
Report Id: 038407e5-a274-11e7-a182-0050569f086c"
Error,9/26/2017 11:34,Application Error,1000,-100,Application,djkvdihost229.jakarta01.com,"Faulting application name: PhotoScreensaver.scr, version: 6.1.7601.17514, time stamp: 0x4ce7a590
Faulting module name: SHELL32.dll, version: 6.1.7601.23537, time stamp: 0x57c450f4
Exception code: 0xc0000005
Fault offset: 0x001f269f
Faulting process id: 0x1bc0
Faulting application start time: 0x01d3367c2016a7b7
Faulting application path: C:\Windows\system32\PhotoScreensaver.scr
Faulting module path: C:\Windows\system32\SHELL32.dll
Report Id: 000ce374-a274-11e7-8e03-0050569f6ff7"
Error,9/26/2017 11:32,EventCreate,1,None,Application,djkvdihost771.jakarta01.com,JAKARTA01\hirano  
Error,9/26/2017 11:28,EventCreate,1,None,Application,djkvdihost672.jakarta01.com,JAKARTA01\hendry  
Error,9/26/2017 11:28,Application Error,1000,-100,Application,djkvdihost672.jakarta01.com,"Faulting application name: printfilterpipelinesvc.exe, version: 6.1.7600.16385, time stamp: 0x4a5bcef9
Faulting module name: unknown, version: 0.0.0.0, time stamp: 0x00000000
Exception code: 0xc0000005
Fault offset: 0x5a03fe4c
Faulting process id: 0x1e58
Faulting application start time: 0x01d3367febce82c6
Faulting application path: C:\Windows\system32\printfilterpipelinesvc.exe
Faulting module path: unknown
Report Id: 29a0a6a6-a273-11e7-a8bb-0050569f0b9e"
Error,9/26/2017 11:28,Application Error,1000,-100,Application,djkvdihost672.jakarta01.com,"Faulting application name: printfilterpipelinesvc.exe, version: 6.1.7600.16385, time stamp: 0x4a5bcef9
Faulting module name: unknown, version: 0.0.0.0, time stamp: 0x00000000
Exception code: 0xc0000005
Fault offset: 0x5a03fe4c
Faulting process id: 0x12d4
Faulting application start time: 0x01d3367feac0e356
Faulting application path: C:\Windows\system32\printfilterpipelinesvc.exe
Faulting module path: unknown
Report Id: 28c561d6-a273-11e7-a8bb-0050569f0b9e"
Error,9/26/2017 11:28,EventCreate,1,None,Application,djkvdihost672.jakarta01.com,JAKARTA01\hendry  
Error,9/26/2017 11:28,Application Error,1000,-100,Application,djkvdihost672.jakarta01.com,"Faulting application name: printfilterpipelinesvc.exe, version: 6.1.7600.16385, time stamp: 0x4a5bcef9
Faulting module name: unknown, version: 0.0.0.0, time stamp: 0x00000000
Exception code: 0xc0000005
Fault offset: 0x5a03fe4c
Faulting process id: 0x1c70
Faulting application start time: 0x01d3367fd8d81466
Faulting application path: C:\Windows\system32\printfilterpipelinesvc.exe
Faulting module path: unknown
Report Id: 16ad93a6-a273-11e7-a8bb-0050569f0b9e"
Error,9/26/2017 11:28,Application Error,1000,-100,Application,djkvdihost672.jakarta01.com,"Faulting application name: printfilterpipelinesvc.exe, version: 6.1.7600.16385, time stamp: 0x4a5bcef9
Faulting module name: unknown, version: 0.0.0.0, time stamp: 0x00000000
Exception code: 0xc0000005
Fault offset: 0x5a03fe4c
Faulting process id: 0x1988
Faulting application start time: 0x01d3367fd7bf0346
Faulting application path: C:\Windows\system32\printfilterpipelinesvc.exe
Faulting module path: unknown
Report Id: 15cf4196-a273-11e7-a8bb-0050569f0b9e"
Error,9/26/2017 11:25,EventCreate,1,None,Application,djkvdihost672.jakarta01.com,JAKARTA01\hendry  
Error,9/26/2017 11:25,Application Error,1000,-100,Application,djkvdihost672.jakarta01.com,"Faulting application name: printfilterpipelinesvc.exe, version: 6.1.7600.16385, time stamp: 0x4a5bcef9
Faulting module name: unknown, version: 0.0.0.0, time stamp: 0x00000000
Exception code: 0xc0000005
Fault offset: 0x5a03fe4c
Faulting process id: 0x158c
Faulting application start time: 0x01d3367f745aad46
Faulting application path: C:\Windows\system32\printfilterpipelinesvc.exe
Faulting module path: unknown
Report Id: b22a6026-a272-11e7-a8bb-0050569f0b9e"
Error,9/26/2017 11:25,Application Error,1000,-100,Application,djkvdihost672.jakarta01.com,"Faulting application name: printfilterpipelinesvc.exe, version: 6.1.7600.16385, time stamp: 0x4a5bcef9
Faulting module name: unknown, version: 0.0.0.0, time stamp: 0x00000000
Exception code: 0xc0000005
Fault offset: 0x5a03fe4c
Faulting process id: 0x758
Faulting application start time: 0x01d3367f72c58e56
Faulting application path: C:\Windows\system32\printfilterpipelinesvc.exe
Faulting module path: unknown
Report Id: b10b5b96-a272-11e7-a8bb-0050569f0b9e"
Error,9/26/2017 11:24,EventCreate,1,None,Application,djkvdihost749.jakarta01.com,JAKARTA01\Djohan  
Error,9/26/2017 11:23,EventCreate,1,None,Application,djkvdihost749.jakarta01.com,JAKARTA01\Djohan  
Error,9/26/2017 11:18,EventCreate,1,None,Application,djkvdihost515.jakarta01.com,JAKARTA01\naldi  
Error,9/26/2017 11:17,Application Error,1000,-100,Application,djkvdihost515.jakarta01.com,"Faulting application name: OUTLOOK.EXE, version: 15.0.4919.1001, time stamp: 0x58d20482
Faulting module name: OUTLOOK.EXE, version: 15.0.4919.1001, time stamp: 0x58d20482
Exception code: 0xc0000005
Fault offset: 0x008924c7
Faulting process id: 0x1f64
Faulting application start time: 0x01d33667b8704b0b
Faulting application path: C:\Program Files\Microsoft Office\Office15\OUTLOOK.EXE
Faulting module path: C:\Program Files\Microsoft Office\Office15\OUTLOOK.EXE
Report Id: acd11910-a271-11e7-bf63-0050569f461a"
Error,9/26/2017 11:15,EventCreate,1,None,Application,djkvdihost415.jakarta01.com,JAKARTA01\DImas Satya  
Error,9/26/2017 11:15,EventCreate,1,None,Application,djkvdihost243.jakarta01.com,JAKARTA01\karmenia  
Error,9/26/2017 11:15,Application Error,1000,-100,Application,djkvdihost243.jakarta01.com,"Faulting application name: OUTLOOK.EXE, version: 15.0.4919.1001, time stamp: 0x58d20482
Faulting module name: OUTLOOK.EXE, version: 15.0.4919.1001, time stamp: 0x58d20482
Exception code: 0xc0000005
Fault offset: 0x008924c4
Faulting process id: 0x1ca0
Faulting application start time: 0x01d3366304deae69
Faulting application path: C:\Program Files\Microsoft Office\Office15\OUTLOOK.EXE
Faulting module path: C:\Program Files\Microsoft Office\Office15\OUTLOOK.EXE
Report Id: 491e7214-a271-11e7-8a37-0050569f37b4"
Error,9/26/2017 11:15,Application Error,1000,-100,Application,djkvdihost415.jakarta01.com,"Faulting application name: PhotoScreensaver.scr, version: 6.1.7601.17514, time stamp: 0x4ce7a590
Faulting module name: SHELL32.dll, version: 6.1.7601.23537, time stamp: 0x57c450f4
Exception code: 0xc0000005
Fault offset: 0x001f269f
Faulting process id: 0x1294
Faulting application start time: 0x01d3367c8a91e2dc
Faulting application path: C:\Windows\system32\PhotoScreensaver.scr
Faulting module path: C:\Windows\system32\SHELL32.dll
Report Id: 4572809c-a271-11e7-a890-0050569f7ca0"
Error,9/26/2017 11:14,EventCreate,1,None,Application,djkvdihost480.jakarta01.com,JAKARTA01\feni  
Error,9/26/2017 11:13,EventCreate,1,None,Application,djkvdihost480.jakarta01.com,JAKARTA01\feni  
Error,9/26/2017 11:08,EventCreate,1,None,Application,djkvdihost052.jakarta01.com,JAKARTA01\Erich  
Error,9/26/2017 11:06,EventCreate,1,None,Application,djkvdihost509.jakarta01.com,JAKARTA01\evi  
Error,9/26/2017 11:05,EventCreate,1,None,Application,djkvdihost633.jakarta01.com,JAKARTA01\erikson  
Error,9/26/2017 11:00,EventCreate,1,None,Application,djkvdihost307.jakarta01.com,JAKARTA01\haryadi  
Error,9/26/2017 11:00,Application Error,1000,-100,Application,djkvdihost307.jakarta01.com,"Faulting application name: OUTLOOK.EXE, version: 15.0.4919.1001, time stamp: 0x58d20482
Faulting module name: OUTLOOK.EXE, version: 15.0.4919.1001, time stamp: 0x58d20482
Exception code: 0xc0000005
Fault offset: 0x008924c4
Faulting process id: 0x1cdc
Faulting application start time: 0x01d3366a0bff30ba
Faulting application path: C:\Program Files\Microsoft Office\Office15\OUTLOOK.EXE
Faulting module path: C:\Program Files\Microsoft Office\Office15\OUTLOOK.EXE
Report Id: 4ab3e8dc-a26f-11e7-89e9-0050569f2ce9"
Error,9/26/2017 10:52,EventCreate,1,None,Application,djkvdihost448.jakarta01.com,JAKARTA01\poetry  
Error,9/26/2017 10:52,Application Error,1000,-100,Application,djkvdihost448.jakarta01.com,"Faulting application name: OUTLOOK.EXE, version: 15.0.4919.1001, time stamp: 0x58d20482
Faulting module name: OUTLOOK.EXE, version: 15.0.4919.1001, time stamp: 0x58d20482
Exception code: 0xc0000005
Fault offset: 0x008924c4
Faulting process id: 0x14b8
Faulting application start time: 0x01d336762fdcecb3
Faulting application path: C:\Program Files\Microsoft Office\Office15\OUTLOOK.EXE
Faulting module path: C:\Program Files\Microsoft Office\Office15\OUTLOOK.EXE
Report Id: 29dff503-a26e-11e7-a274-0050569f0cfc"
Error,9/26/2017 10:52,EventCreate,1,None,Application,djkvdihost516.jakarta01.com,JAKARTA01\saptorini  
Error,9/26/2017 10:51,EventCreate,1,None,Application,djkvdihost433.jakarta01.com,JAKARTA01\arinie  
Error,9/26/2017 10:51,EventCreate,1,None,Application,djkvdihost516.jakarta01.com,JAKARTA01\saptorini  
Error,9/26/2017 10:51,EventCreate,1,None,Application,djkvdihost325.jakarta01.com,JAKARTA01\iqbal maulanasani  
Error,9/26/2017 10:51,Application Error,1000,-100,Application,djkvdihost325.jakarta01.com,"Faulting application name: spoolsv.exe, version: 6.1.7601.17777, time stamp: 0x4f35efc3
Faulting module name: msvcrt.dll, version: 7.0.7601.17744, time stamp: 0x4eeaf722
Exception code: 0xc0000005
Fault offset: 0x0000aa14
Faulting process id: 0x638
Faulting application start time: 0x01d333e2a72f0d5d
Faulting application path: C:\Windows\System32\spoolsv.exe
Faulting module path: C:\Windows\system32\msvcrt.dll
Report Id: f98153c3-a26d-11e7-8d18-0050569f3e54"
Error,9/26/2017 10:51,Application Error,1000,-100,Application,djkvdihost433.jakarta01.com,"Faulting application name: OUTLOOK.EXE, version: 15.0.4919.1001, time stamp: 0x58d20482
Faulting module name: OUTLOOK.EXE, version: 15.0.4919.1001, time stamp: 0x58d20482
Exception code: 0xc0000005
Fault offset: 0x008924c4
Faulting process id: 0x1c0c
Faulting application start time: 0x01d3366a5d4decaa
Faulting application path: C:\Program Files\Microsoft Office\Office15\OUTLOOK.EXE
Faulting module path: C:\Program Files\Microsoft Office\Office15\OUTLOOK.EXE
Report Id: f8dcbdd4-a26d-11e7-8dda-0050569f26fb"
Error,9/26/2017 10:49,EventCreate,1,None,Application,djkvdihost154.jakarta01.com,JAKARTA01\MahendraR  
Error,9/26/2017 10:49,Application Error,1000,-100,Application,djkvdihost154.jakarta01.com,"Faulting application name: OUTLOOK.EXE, version: 15.0.4919.1001, time stamp: 0x58d20482
Faulting module name: OUTLOOK.EXE, version: 15.0.4919.1001, time stamp: 0x58d20482
Exception code: 0xc0000005
Fault offset: 0x008924c4
Faulting process id: 0x1e88
Faulting application start time: 0x01d33678a264fddf
Faulting application path: C:\Program Files\Microsoft Office\Office15\OUTLOOK.EXE
Faulting module path: C:\Program Files\Microsoft Office\Office15\OUTLOOK.EXE
Report Id: b9800fa9-a26d-11e7-95a7-0050569f5e64"
Error,9/26/2017 10:49,EventCreate,1,None,Application,djkvdihost835.jakarta01.com,JAKARTA01\ryan  
Error,9/26/2017 10:49,EventCreate,1,None,Application,djkvdihost339.jakarta01.com,JAKARTA01\gerald  
Error,9/26/2017 10:47,EventCreate,1,None,Application,djkvdihost480.jakarta01.com,JAKARTA01\feni  
Error,9/26/2017 10:47,EventCreate,1,None,Application,djkvdihost219.jakarta01.com,JAKARTA01\budir  
Error,9/26/2017 10:46,EventCreate,1,None,Application,djkvdihost213.jakarta01.com,JAKARTA01\isnaini  
Error,9/26/2017 10:39,EventCreate,1,None,Application,djkvdihost361.jakarta01.com,JAKARTA01\nurul  
Error,9/26/2017 10:39,Application Error,1000,-100,Application,djkvdihost361.jakarta01.com,"Faulting application name: OUTLOOK.EXE, version: 15.0.4919.1001, time stamp: 0x58d20482
Faulting module name: OUTLOOK.EXE, version: 15.0.4919.1001, time stamp: 0x58d20482
Exception code: 0xc0000005
Fault offset: 0x008924c7
Faulting process id: 0x1ce0
Faulting application start time: 0x01d33669878fa8cb
Faulting application path: C:\Program Files\Microsoft Office\Office15\OUTLOOK.EXE
Faulting module path: C:\Program Files\Microsoft Office\Office15\OUTLOOK.EXE
Report Id: 58dd0bbb-a26c-11e7-839c-0050569f08f9"
Error,9/26/2017 10:37,EventCreate,1,None,Application,djkvdihost570.jakarta01.com,JAKARTA01\dyah alit  
Error,9/26/2017 10:37,Application Error,1000,-100,Application,djkvdihost570.jakarta01.com,"Faulting application name: OUTLOOK.EXE, version: 15.0.4919.1001, time stamp: 0x58d20482
Faulting module name: OUTLOOK.EXE, version: 15.0.4919.1001, time stamp: 0x58d20482
Exception code: 0xc0000005
Fault offset: 0x008924c4
Faulting process id: 0x1f18
Faulting application start time: 0x01d3366252fb3f52
Faulting application path: C:\Program Files\Microsoft Office\Office15\OUTLOOK.EXE
Faulting module path: C:\Program Files\Microsoft Office\Office15\OUTLOOK.EXE
Report Id: 0a9cda87-a26c-11e7-90eb-0050569f14fb"
Error,9/26/2017 10:36,EventCreate,1,None,Application,djkvdihost154.jakarta01.com,JAKARTA01\MahendraR  
Error,9/26/2017 10:36,Application Error,1000,-100,Application,djkvdihost154.jakarta01.com,"Faulting application name: OUTLOOK.EXE, version: 15.0.4919.1001, time stamp: 0x58d20482
Faulting module name: OUTLOOK.EXE, version: 15.0.4919.1001, time stamp: 0x58d20482
Exception code: 0xc0000005
Fault offset: 0x008924c4
Faulting process id: 0x1d04
Faulting application start time: 0x01d3367677f218f9
Faulting application path: C:\Program Files\Microsoft Office\Office15\OUTLOOK.EXE
Faulting module path: C:\Program Files\Microsoft Office\Office15\OUTLOOK.EXE
Report Id: dd0266ef-a26b-11e7-95a7-0050569f5e64"
Error,9/26/2017 10:34,EventCreate,1,None,Application,djkvdihost064.jakarta01.com,JAKARTA01\handayani  
Error,9/26/2017 10:34,EventCreate,1,None,Application,djkvdihost024.jakarta01.com,JAKARTA01\hertanto  
Error,9/26/2017 10:34,EventCreate,1,None,Application,djkvdihost064.jakarta01.com,JAKARTA01\handayani  
Error,9/26/2017 10:34,Application Error,1000,-100,Application,djkvdihost024.jakarta01.com,"Faulting application name: OUTLOOK.EXE, version: 15.0.4919.1001, time stamp: 0x58d20482
Faulting module name: OUTLOOK.EXE, version: 15.0.4919.1001, time stamp: 0x58d20482
Exception code: 0xc0000005
Fault offset: 0x008924c4
Faulting process id: 0x1da8
Faulting application start time: 0x01d3365af0bfde9e
Faulting application path: C:\Program Files\Microsoft Office\Office15\OUTLOOK.EXE
Faulting module path: C:\Program Files\Microsoft Office\Office15\OUTLOOK.EXE
Report Id: aa3f2a08-a26b-11e7-910d-0050569f6bde"
Error,9/26/2017 10:32,EventCreate,1,None,Application,djkvdihost683.jakarta01.com,JAKARTA01\raymond  
Error,9/26/2017 10:31,EventCreate,1,None,Application,djkvdihost010.jakarta01.com,JAKARTA01\Alexval  
Error,9/26/2017 10:31,EventCreate,1,None,Application,djkvdihost709.jakarta01.com,JAKARTA01\wisnu  
Error,9/26/2017 10:31,EventCreate,1,None,Application,djkvdihost757.jakarta01.com,JAKARTA01\guestisd35  
Error,9/26/2017 10:29,EventCreate,1,None,Application,djkvdihost425.jakarta01.com,JAKARTA01\linda  
Error,9/26/2017 10:28,EventCreate,1,None,Application,djkvdihost425.jakarta01.com,JAKARTA01\linda  
Error,9/26/2017 10:28,EventCreate,1,None,Application,djkvdihost425.jakarta01.com,JAKARTA01\linda  
Error,9/26/2017 10:28,EventCreate,1,None,Application,djkvdihost313.jakarta01.com,JAKARTA01\Sandra  
Error,9/26/2017 10:27,EventCreate,1,None,Application,djkvdihost425.jakarta01.com,JAKARTA01\linda  
Error,9/26/2017 10:23,EventCreate,1,None,Application,djkvdihost273.jakarta01.com,JAKARTA01\Hilman  
Error,9/26/2017 10:23,EventCreate,1,None,Application,djkvdihost330.jakarta01.com,JAKARTA01\erwin  
Error,9/26/2017 10:22,EventCreate,1,None,Application,djkvdihost081.jakarta01.com,JAKARTA01\Arief Sandy  
Error,9/26/2017 10:21,EventCreate,1,None,Application,djkvdihost081.jakarta01.com,JAKARTA01\Arief Sandy  
Error,9/26/2017 10:20,EventCreate,1,None,Application,djkvdihost154.jakarta01.com,JAKARTA01\MahendraR  
Error,9/26/2017 10:20,Application Error,1000,-100,Application,djkvdihost154.jakarta01.com,"Faulting application name: OUTLOOK.EXE, version: 15.0.4919.1001, time stamp: 0x58d20482
Faulting module name: OUTLOOK.EXE, version: 15.0.4919.1001, time stamp: 0x58d20482
Exception code: 0xc0000005
Fault offset: 0x008924c7
Faulting process id: 0x1c5c
Faulting application start time: 0x01d33670221395b4
Faulting application path: C:\Program Files\Microsoft Office\Office15\OUTLOOK.EXE
Faulting module path: C:\Program Files\Microsoft Office\Office15\OUTLOOK.EXE
Report Id: b277b45d-a269-11e7-95a7-0050569f5e64"
Error,9/26/2017 10:21,EventCreate,1,None,Application,djkvdihost081.jakarta01.com,JAKARTA01\Arief Sandy  
Error,9/26/2017 10:17,EventCreate,1,None,Application,djkvdihost109.jakarta01.com,JAKARTA01\RURI  
Error,9/26/2017 10:17,EventCreate,1,None,Application,djkvdihost900.jakarta01.com,JAKARTA01\Adi Purnomo  
Error,9/26/2017 10:17,Application Error,1000,-100,Application,djkvdihost900.jakarta01.com,"Faulting application name: OUTLOOK.EXE, version: 15.0.4927.1001, time stamp: 0x58f5f52e
Faulting module name: OUTLOOK.EXE, version: 15.0.4927.1001, time stamp: 0x58f5f52e
Exception code: 0xc0000005
Fault offset: 0x0055749a
Faulting process id: 0x1360
Faulting application start time: 0x01d33675cd8fb1d6
Faulting application path: C:\Program Files (x86)\Microsoft Office\Office15\OUTLOOK.EXE
Faulting module path: C:\Program Files (x86)\Microsoft Office\Office15\OUTLOOK.EXE
Report Id: 36e946a0-a269-11e7-a214-0050569f56e9"
Error,9/26/2017 10:17,Application Error,1000,-100,Application,djkvdihost109.jakarta01.com,"Faulting application name: SVS BTMU.exe, version: 1.2.5.0, time stamp: 0x4e27d208
Faulting module name: KERNELBASE.dll, version: 6.1.7601.23714, time stamp: 0x58bf87a4
Exception code: 0xe053534f
Fault offset: 0x0000845d
Faulting process id: 0x%9
Faulting application start time: 0x%10
Faulting application path: %11
Faulting module path: %12
Report Id: %13"
Error,9/26/2017 10:16,EventCreate,1,None,Application,djkvdihost900.jakarta01.com,JAKARTA01\Adi Purnomo  
Error,9/26/2017 10:16,EventCreate,1,None,Application,djkvdihost785.jakarta01.com,JAKARTA01\rahmatia  
Error,9/26/2017 10:16,Application Error,1000,-100,Application,djkvdihost900.jakarta01.com,"Faulting application name: OUTLOOK.EXE, version: 15.0.4927.1001, time stamp: 0x58f5f52e
Faulting module name: OUTLOOK.EXE, version: 15.0.4927.1001, time stamp: 0x58f5f52e
Exception code: 0xc0000005
Fault offset: 0x0055749a
Faulting process id: 0x12a4
Faulting application start time: 0x01d33673e3db9380
Faulting application path: C:\Program Files (x86)\Microsoft Office\Office15\OUTLOOK.EXE
Faulting module path: C:\Program Files (x86)\Microsoft Office\Office15\OUTLOOK.EXE
Report Id: 07fed150-a269-11e7-a214-0050569f56e9"
Error,9/26/2017 10:10,EventCreate,1,None,Application,djkvdihost609.jakarta01.com,JAKARTA01\elestari  
Error,9/26/2017 10:09,EventCreate,1,None,Application,djkvdihost447.jakarta01.com,JAKARTA01\sulistyono  
Error,9/26/2017 10:09,EventCreate,1,None,Application,djkvdihost447.jakarta01.com,JAKARTA01\sulistyono  
Error,9/26/2017 10:09,EventCreate,1,None,Application,djkvdihost447.jakarta01.com,JAKARTA01\sulistyono  
Error,9/26/2017 10:09,EventCreate,1,None,Application,djkvdihost447.jakarta01.com,JAKARTA01\sulistyono  
Error,9/26/2017 10:09,EventCreate,1,None,Application,djkvdihost447.jakarta01.com,JAKARTA01\sulistyono  
Error,9/26/2017 10:09,EventCreate,1,None,Application,djkvdihost447.jakarta01.com,JAKARTA01\sulistyono  
Error,9/26/2017 10:09,EventCreate,1,None,Application,djkvdihost830.jakarta01.com,JAKARTA01\meri  
Error,9/26/2017 10:09,EventCreate,1,None,Application,djkvdihost832.jakarta01.com,JAKARTA01\indrawati  
Error,9/26/2017 10:09,EventCreate,1,None,Application,djkvdihost447.jakarta01.com,JAKARTA01\sulistyono  
Error,9/26/2017 10:09,Application Error,1000,-100,Application,djkvdihost830.jakarta01.com,"Faulting application name: OUTLOOK.EXE, version: 15.0.4919.1001, time stamp: 0x58d20482
Faulting module name: OUTLOOK.EXE, version: 15.0.4919.1001, time stamp: 0x58d20482
Exception code: 0xc0000005
Fault offset: 0x008924c4
Faulting process id: 0x1910
Faulting application start time: 0x01d33660dd7271c6
Faulting application path: C:\Program Files\Microsoft Office\Office15\OUTLOOK.EXE
Faulting module path: C:\Program Files\Microsoft Office\Office15\OUTLOOK.EXE
Report Id: 16b8790a-a268-11e7-932d-0050569f09fe"
Error,9/26/2017 10:09,Application Error,1000,-100,Application,djkvdihost832.jakarta01.com,"Faulting application name: WINWORD.EXE, version: 15.0.4911.1000, time stamp: 0x58a2c075
Faulting module name: ntdll.dll, version: 6.1.7601.23714, time stamp: 0x58bf8774
Exception code: 0xc0000005
Fault offset: 0x000529ac
Faulting process id: 0xe40
Faulting application start time: 0x01d336723d7fc703
Faulting application path: C:\Program Files\Microsoft Office\Office15\WINWORD.EXE
Faulting module path: C:\Windows\SYSTEM32\ntdll.dll
Report Id: 11c3c0f2-a268-11e7-bb7a-0050569f2723"
Error,9/26/2017 10:02,EventCreate,1,None,Application,djkvdihost900.jakarta01.com,JAKARTA01\Adi Purnomo  
Error,9/26/2017 9:55,EventCreate,1,None,Application,djkvdihost002.jakarta01.com,JAKARTA01\DanielAW  
Error,9/26/2017 9:55,Application Error,1000,-100,Application,djkvdihost002.jakarta01.com,"Faulting application name: OUTLOOK.EXE, version: 15.0.4919.1001, time stamp: 0x58d20482
Faulting module name: ntdll.dll, version: 6.1.7601.23714, time stamp: 0x58bf8774
Exception code: 0xc0000005
Fault offset: 0x000529ac
Faulting process id: 0x1f1c
Faulting application start time: 0x01d33662f35555a5
Faulting application path: C:\Program Files\Microsoft Office\Office15\OUTLOOK.EXE
Faulting module path: C:\Windows\SYSTEM32\ntdll.dll
Report Id: 2e041f43-a266-11e7-9c9e-0050569f005a"
Error,9/26/2017 9:55,EventCreate,1,None,Application,djkvdihost398.jakarta01.com,JAKARTA01\cinta  
Error,9/26/2017 9:55,Application Error,1000,-100,Application,djkvdihost398.jakarta01.com,"Faulting application name: OUTLOOK.EXE, version: 15.0.4919.1001, time stamp: 0x58d20482
Faulting module name: OUTLOOK.EXE, version: 15.0.4919.1001, time stamp: 0x58d20482
Exception code: 0xc0000005
Fault offset: 0x008924c4
Faulting process id: 0x1a64
Faulting application start time: 0x01d33661ea016470
Faulting application path: C:\Program Files\Microsoft Office\Office15\OUTLOOK.EXE
Faulting module path: C:\Program Files\Microsoft Office\Office15\OUTLOOK.EXE
Report Id: 24ba082d-a266-11e7-be7c-0050569f1d74"
Error,9/26/2017 9:53,EventCreate,1,None,Application,djkvdihost529.jakarta01.com,JAKARTA01\Erlisa  
Error,9/26/2017 9:52,EventCreate,1,None,Application,djkvdihost696.jakarta01.com,JAKARTA01\aticha  
Error,9/26/2017 9:51,EventCreate,1,None,Application,djkvdihost730.jakarta01.com,JAKARTA01\guestisd40  
Error,9/26/2017 9:51,WSH,1,None,Application,djkvdihost696.jakarta01.com,"CN=Aticha Astary password will expire in 2 day(s) at 9/28/2017 6:55:15 AM

Press CTRL + ALT + DEL and select the ""Change a password"" option."
Error,9/26/2017 9:51,WSH,1,None,Application,djkvdihost696.jakarta01.com,"CN=Aticha Astary password will expire in 2 day(s) at 9/28/2017 6:55:15 AM

Press CTRL + ALT + DEL and select the ""Change a password"" option."
Error,9/26/2017 9:44,EventCreate,1,None,Application,djkvdihost827.jakarta01.com,JAKARTA01\fatma  
Error,9/26/2017 9:42,EventCreate,1,None,Application,djkvdihost827.jakarta01.com,JAKARTA01\fatma  
Error,9/26/2017 9:41,EventCreate,1,None,Application,djkvdihost827.jakarta01.com,JAKARTA01\fatma  
Error,9/26/2017 9:41,EventCreate,1,None,Application,djkvdihost560.jakarta01.com,JAKARTA01\guestisd52  
Error,9/26/2017 9:40,EventCreate,1,None,Application,djkvdihost611.jakarta01.com,JAKARTA01\guestisd53  
Error,9/26/2017 9:40,EventCreate,1,None,Application,djkvdihost130.jakarta01.com,JAKARTA01\guestacc10  
Error,9/26/2017 9:40,EventCreate,1,None,Application,djkvdihost172.jakarta01.com,JAKARTA01\guestacc08  
Error,9/26/2017 9:39,EventCreate,1,None,Application,djkvdihost421.jakarta01.com,JAKARTA01\fajar  
Error,9/26/2017 9:39,EventCreate,1,None,Application,djkvdihost421.jakarta01.com,JAKARTA01\fajar  
Error,9/26/2017 9:39,EventCreate,1,None,Application,djkvdihost421.jakarta01.com,JAKARTA01\fajar  
Error,9/26/2017 9:39,EventCreate,1,None,Application,djkvdihost421.jakarta01.com,JAKARTA01\fajar  
Error,9/26/2017 9:39,EventCreate,1,None,Application,djkvdihost275.jakarta01.com,JAKARTA01\Bryant  
Error,9/26/2017 9:39,EventCreate,1,None,Application,djkvdihost278.jakarta01.com,JAKARTA01\eddy  
Error,9/26/2017 9:39,Application Error,1000,-100,Application,djkvdihost278.jakarta01.com,"Faulting application name: OUTLOOK.EXE, version: 15.0.4919.1001, time stamp: 0x58d20482
Faulting module name: OUTLOOK.EXE, version: 15.0.4919.1001, time stamp: 0x58d20482
Exception code: 0xc0000005
Fault offset: 0x008924c4
Faulting process id: 0x1cd8
Faulting application start time: 0x01d3365bcd0434cb
Faulting application path: C:\Program Files\Microsoft Office\Office15\OUTLOOK.EXE
Faulting module path: C:\Program Files\Microsoft Office\Office15\OUTLOOK.EXE
Report Id: dabca9e2-a263-11e7-b450-0050569f5856"
Error,9/26/2017 9:37,EventCreate,1,None,Application,djkvdihost637.jakarta01.com,JAKARTA01\purba  
Error,9/26/2017 9:37,EventCreate,1,None,Application,djkvdihost637.jakarta01.com,JAKARTA01\purba  
Error,9/26/2017 9:35,EventCreate,1,None,Application,djkvdihost195.jakarta01.com,JAKARTA01\yoshinta  
Error,9/26/2017 9:33,EventCreate,1,None,Application,djkvdihost401.jakarta01.com,JAKARTA01\budsiregar  
Error,9/26/2017 9:33,EventCreate,1,None,Application,djkvdihost644.jakarta01.com,JAKARTA01\valery  
Error,9/26/2017 9:32,WSH,1,None,Application,djkvdihost644.jakarta01.com,"CN=Valery T Wongsonegoro password will expire in 2 day(s) at 9/28/2017 11:44:22 AM

Press CTRL + ALT + DEL and select the ""Change a password"" option."
Error,9/26/2017 9:32,WSH,1,None,Application,djkvdihost644.jakarta01.com,"CN=Valery T Wongsonegoro password will expire in 2 day(s) at 9/28/2017 11:44:22 AM

Press CTRL + ALT + DEL and select the ""Change a password"" option."
Error,9/26/2017 9:31,EventCreate,1,None,Application,djkvdihost101.jakarta01.com,JAKARTA01\Anton  
Error,9/26/2017 9:31,EventCreate,1,None,Application,djkvdihost276.jakarta01.com,JAKARTA01\rina  
Error,9/26/2017 9:31,EventCreate,1,None,Application,djkvdihost704.jakarta01.com,JAKARTA01\WulanAn  
Error,9/26/2017 9:31,Application Error,1000,-100,Application,djkvdihost704.jakarta01.com,"Faulting application name: OUTLOOK.EXE, version: 15.0.4919.1001, time stamp: 0x58d20482
Faulting module name: OUTLOOK.EXE, version: 15.0.4919.1001, time stamp: 0x58d20482
Exception code: 0xc0000005
Fault offset: 0x008924c4
Faulting process id: 0x1f40
Faulting application start time: 0x01d336604156ce81
Faulting application path: C:\Program Files\Microsoft Office\Office15\OUTLOOK.EXE
Faulting module path: C:\Program Files\Microsoft Office\Office15\OUTLOOK.EXE
Report Id: bcf47a28-a262-11e7-81e6-0050569f2f84"
Error,9/26/2017 9:30,EventCreate,1,None,Application,djkvdihost276.jakarta01.com,JAKARTA01\rina  
Error,9/26/2017 9:30,EventCreate,1,None,Application,djkvdihost641.jakarta01.com,JAKARTA01\hafsia  
Error,9/26/2017 9:30,EventCreate,1,None,Application,djkvdihost641.jakarta01.com,JAKARTA01\hafsia  
Error,9/26/2017 9:29,EventCreate,1,None,Application,djkvdihost276.jakarta01.com,JAKARTA01\rina  
Error,9/26/2017 9:29,EventCreate,1,None,Application,djkvdihost269.jakarta01.com,JAKARTA01\Dwi anisa  
Error,9/26/2017 9:29,EventCreate,1,None,Application,djkvdihost798.jakarta01.com,JAKARTA01\ici  
Error,9/26/2017 9:27,EventCreate,1,None,Application,djkvdihost347.jakarta01.com,JAKARTA01\Prihantono  
Error,9/26/2017 9:26,EventCreate,1,None,Application,djkvdihost669.jakarta01.com,JAKARTA01\Tammyana  
Error,9/26/2017 9:26,EventCreate,1,None,Application,djkvdihost205.jakarta01.com,JAKARTA01\tiar  
Error,9/26/2017 9:26,Application Error,1000,-100,Application,djkvdihost669.jakarta01.com,"Faulting application name: OUTLOOK.EXE, version: 15.0.4919.1001, time stamp: 0x58d20482
Faulting module name: OUTLOOK.EXE, version: 15.0.4919.1001, time stamp: 0x58d20482
Exception code: 0xc0000005
Fault offset: 0x008924c4
Faulting process id: 0x1ef0
Faulting application start time: 0x01d336664d7f4c43
Faulting application path: C:\Program Files\Microsoft Office\Office15\OUTLOOK.EXE
Faulting module path: C:\Program Files\Microsoft Office\Office15\OUTLOOK.EXE
Report Id: 12509b23-a262-11e7-8880-0050569f12f7"
Error,9/26/2017 9:26,EventCreate,1,None,Application,djkvdihost587.jakarta01.com,JAKARTA01\slamet  
Error,9/26/2017 9:25,EventCreate,1,None,Application,djkvdihost205.jakarta01.com,JAKARTA01\tiar  
Error,9/26/2017 9:23,EventCreate,1,None,Application,djkvdihost372.jakarta01.com,JAKARTA01\taufik  
Error,9/26/2017 9:23,Application Error,1000,-100,Application,djkvdihost372.jakarta01.com,"Faulting application name: spoolsv.exe, version: 6.1.7601.17777, time stamp: 0x4f35efc3
Faulting module name: msvcrt.dll, version: 7.0.7601.17744, time stamp: 0x4eeaf722
Exception code: 0xc0000005
Fault offset: 0x0000aa14
Faulting process id: 0x638
Faulting application start time: 0x01d335f125909a62
Faulting application path: C:\Windows\System32\spoolsv.exe
Faulting module path: C:\Windows\system32\msvcrt.dll
Report Id: a3fe8246-a261-11e7-b300-0050569f5e70"
Error,9/26/2017 9:20,EventCreate,1,None,Application,djkvdihost902.jakarta01.com,JAKARTA01\Indra Bramantyono  
Error,9/26/2017 9:20,Application Error,1000,-100,Application,djkvdihost902.jakarta01.com,"Faulting application name: OUTLOOK.EXE, version: 15.0.4927.1001, time stamp: 0x58f5f52e
Faulting module name: MSVCR100.dll, version: 10.0.40219.325, time stamp: 0x4df2be1e
Exception code: 0xc0000417
Fault offset: 0x0008af3e
Faulting process id: 0xef0
Faulting application start time: 0x01d33663a7d462a8
Faulting application path: C:\Program Files (x86)\Microsoft Office\Office15\OUTLOOK.EXE
Faulting module path: C:\Windows\system32\MSVCR100.dll
Report Id: 4fb8fda8-a261-11e7-9c3a-0050569f64fe"
Error,9/26/2017 9:20,EventCreate,1,None,Application,djkvdihost340.jakarta01.com,JAKARTA01\christianrs  
Error,9/26/2017 9:19,EventCreate,1,None,Application,djkvdihost004.jakarta01.com,JAKARTA01\budi kurniawan  
Error,9/26/2017 9:19,EventCreate,1,None,Application,djkvdihost040.jakarta01.com,JAKARTA01\edwan  
Error,9/26/2017 9:17,EventCreate,1,None,Application,djkvdihost468.jakarta01.com,JAKARTA01\fardhady  
Error,9/26/2017 9:17,Application Error,1000,-100,Application,djkvdihost468.jakarta01.com,"Faulting application name: OUTLOOK.EXE, version: 15.0.4919.1001, time stamp: 0x58d20482
Faulting module name: OUTLOOK.EXE, version: 15.0.4919.1001, time stamp: 0x58d20482
Exception code: 0xc0000005
Fault offset: 0x008924c7
Faulting process id: 0x828
Faulting application start time: 0x01d336649d11cc3e
Faulting application path: C:\Program Files\Microsoft Office\Office15\OUTLOOK.EXE
Faulting module path: C:\Program Files\Microsoft Office\Office15\OUTLOOK.EXE
Report Id: c98685f8-a260-11e7-9360-0050569f758f"
Error,9/26/2017 9:17,EventCreate,1,None,Application,djkvdihost457.jakarta01.com,JAKARTA01\ummu  
Error,9/26/2017 9:16,EventCreate,1,None,Application,djkvdihost797.jakarta01.com,JAKARTA01\Rahmad  
Error,9/26/2017 9:15,EventCreate,1,None,Application,djkvdihost031.jakarta01.com,JAKARTA01\vinka  
Error,9/26/2017 9:12,EventCreate,1,None,Application,djkvdihost262.jakarta01.com,JAKARTA01\sylvia  
Error,9/26/2017 9:11,EventCreate,1,None,Application,djkvdihost262.jakarta01.com,JAKARTA01\sylvia  
Error,9/26/2017 9:10,EventCreate,1,None,Application,djkvdihost202.jakarta01.com,JAKARTA01\wirantika  
Error,9/26/2017 9:10,EventCreate,1,None,Application,djkvdihost209.jakarta01.com,JAKARTA01\abdulas  
Error,9/26/2017 9:10,EventCreate,1,None,Application,djkvdihost235.jakarta01.com,JAKARTA01\dessy  
Error,9/26/2017 9:10,EventCreate,1,None,Application,djkvdihost639.jakarta01.com,JAKARTA01\anderson  
Error,9/26/2017 9:09,EventCreate,1,None,Application,djkvdihost209.jakarta01.com,JAKARTA01\abdulas  
Error,9/26/2017 9:09,EventCreate,1,None,Application,djkvdihost165.jakarta01.com,JAKARTA01\hersiari  
Error,9/26/2017 9:08,EventCreate,1,None,Application,djkvdihost450.jakarta01.com,JAKARTA01\maulina  
Error,9/26/2017 9:08,EventCreate,1,None,Application,djkvdihost202.jakarta01.com,JAKARTA01\wirantika  
Error,9/26/2017 9:07,EventCreate,1,None,Application,djkvdihost601.jakarta01.com,JAKARTA01\guestISD50  
Error,9/26/2017 9:07,EventCreate,1,None,Application,djkvdihost455.jakarta01.com,JAKARTA01\guestisd54  
Error,9/26/2017 9:06,EventCreate,1,None,Application,djkvdihost318.jakarta01.com,JAKARTA01\agnes  
Error,9/26/2017 9:05,EventCreate,1,None,Application,djkvdihost318.jakarta01.com,JAKARTA01\agnes  
Error,9/26/2017 9:04,EventCreate,1,None,Application,djkvdihost204.jakarta01.com,JAKARTA01\magdalena  
Error,9/26/2017 9:04,EventCreate,1,None,Application,djkvdihost102.jakarta01.com,JAKARTA01\kiky  
Error,9/26/2017 9:03,EventCreate,1,None,Application,djkvdihost064.jakarta01.com,JAKARTA01\linda  
Error,9/26/2017 9:03,EventCreate,1,None,Application,djkvdihost530.jakarta01.com,JAKARTA01\meltsaury  
Error,9/26/2017 9:03,EventCreate,1,None,Application,djkvdihost065.jakarta01.com,JAKARTA01\nathaniel  
Error,9/26/2017 9:03,EventCreate,1,None,Application,djkvdihost394.jakarta01.com,JAKARTA01\nurfadila  
Error,9/26/2017 9:02,EventCreate,1,None,Application,djkvdihost659.jakarta01.com,JAKARTA01\yoedo  
Error,9/26/2017 9:02,EventCreate,1,None,Application,djkvdihost792.jakarta01.com,JAKARTA01\richard  
Error,9/26/2017 9:02,EventCreate,1,None,Application,djkvdihost400.jakarta01.com,JAKARTA01\adityo yuwono  
Error,9/26/2017 9:02,EventCreate,1,None,Application,djkvdihost380.jakarta01.com,JAKARTA01\anindita  
Error,9/26/2017 9:02,WSH,1,None,Application,djkvdihost792.jakarta01.com,"CN=Richard Lucky Hasintongan password will expire in 2 day(s) at 9/28/2017 8:20:10 AM

Press CTRL + ALT + DEL and select the ""Change a password"" option."
Error,9/26/2017 9:02,EventCreate,1,None,Application,djkvdihost239.jakarta01.com,JAKARTA01\lisa  
