Error,10/3/2017 9:09:01 AM,Application Error,1000,(100),Application,djkvdihost326.jakarta01.com,"Faulting application name: mspaint.exe, version: 6.1.7600.16385, time stamp: 0x4a5bc683
Faulting module name: mspaint.exe, version: 6.1.7600.16385, time stamp: 0x4a5bc683
Exception code: 0xc0000005
Fault offset: 0x0003b9a7
Faulting process id: 0x1a7c
Faulting application start time: 0x01d33bec8f1cd401
Faulting application path: C:\Windows\system32\mspaint.exe
Faulting module path: C:\Windows\system32\mspaint.exe
Report Id: d27306a3-a7df-11e7-94ef-0050569f29f4"
Error,10/3/2017 9:09:22 AM,EventCreate,1,None,Application,djkvdihost796.jakarta01.com,JAKARTA01\guestisd52  
Error,10/3/2017 9:08:06 AM,EventCreate,1,None,Application,djkvdihost326.jakarta01.com,JAKARTA01\Audyanza  
Error,10/3/2017 9:08:03 AM,Application Error,1000,(100),Application,djkvdihost326.jakarta01.com,"Faulting application name: mspaint.exe, version: 6.1.7600.16385, time stamp: 0x4a5bc683
Faulting module name: mspaint.exe, version: 6.1.7600.16385, time stamp: 0x4a5bc683
Exception code: 0xc0000005
Fault offset: 0x0003b9a7
Faulting process id: 0xc10
Faulting application start time: 0x01d33bec6c99ca74
Faulting application path: C:\Windows\system32\mspaint.exe
Faulting module path: C:\Windows\system32\mspaint.exe
Report Id: af84df09-a7df-11e7-94ef-0050569f29f4"
Error,10/3/2017 9:08:29 AM,EventCreate,1,None,Application,djkvdihost732.jakarta01.com,JAKARTA01\elestari  
Error,10/3/2017 9:08:02 AM,EventCreate,1,None,Application,djkvdihost049.jakarta01.com,JAKARTA01\slamet  
Error,10/3/2017 9:07:43 AM,EventCreate,1,None,Application,djkvdihost035.jakarta01.com,JAKARTA01\robi  
Error,10/3/2017 9:07:34 AM,EventCreate,1,None,Application,djkvdihost843.jakarta01.com,JAKARTA01\jeremia  
Error,10/3/2017 9:06:33 AM,EventCreate,1,None,Application,djkvdihost590.jakarta01.com,JAKARTA01\komangya  
Error,10/3/2017 9:06:32 AM,Application Error,1000,(100),Application,djkvdihost590.jakarta01.com,"Faulting application name: NLNOTES.EXE, version: 8.5.30.11258, time stamp: 0x4e72fa51
Faulting module name: nnotes.dll, version: 8.5.30.11258, time stamp: 0x4e72fa6a
Exception code: 0xc0000005
Fault offset: 0x001c7f0e
Faulting process id: 0x17cc
Faulting application start time: 0x01d33bec3aff01b0
Faulting application path: C:\Program Files\IBM\Lotus\Notes\NLNOTES.EXE
Faulting module path: C:\Program Files\IBM\Lotus\Notes\nnotes.dll
Report Id: 79711eb0-a7df-11e7-8b46-0050569f5bb8"
Error,10/3/2017 9:06:59 AM,EventCreate,1,None,Application,djkvdihost240.jakarta01.com,JAKARTA01\ummu  
Error,10/3/2017 9:06:28 AM,EventCreate,1,None,Application,djkvdihost085.jakarta01.com,JAKARTA01\william  
Error,10/3/2017 9:06:27 AM,Application Error,1000,(100),Application,djkvdihost085.jakarta01.com,"Faulting application name: OUTLOOK.EXE, version: 15.0.4919.1001, time stamp: 0x58d20482
Faulting module name: OUTLOOK.EXE, version: 15.0.4919.1001, time stamp: 0x58d20482
Exception code: 0xc0000005
Fault offset: 0x008924c4
Faulting process id: 0x19ac
Faulting application start time: 0x01d33be856a5d27c
Faulting application path: C:\Program Files\Microsoft Office\Office15\OUTLOOK.EXE
Faulting module path: C:\Program Files\Microsoft Office\Office15\OUTLOOK.EXE
Report Id: 76b6ee1f-a7df-11e7-92eb-0050569f5e8d"
Error,10/3/2017 9:06:18 AM,EventCreate,1,None,Application,djkvdihost070.jakarta01.com,JAKARTA01\daniel pontifek  
Error,10/3/2017 9:03:46 AM,EventCreate,1,None,Application,djkvdihost752.jakarta01.com,JAKARTA01\nugrah  
Error,10/3/2017 9:03:09 AM,EventCreate,1,None,Application,djkvdihost281.jakarta01.com,JAKARTA01\yoshinta  
Error,10/3/2017 9:02:58 AM,EventCreate,1,None,Application,djkvdihost101.jakarta01.com,JAKARTA01\guestISD44  
Error,10/3/2017 9:02:34 AM,EventCreate,1,None,Application,djkvdihost303.jakarta01.com,JAKARTA01\Ricky  
Error,10/3/2017 9:01:38 AM,EventCreate,1,None,Application,djkvdihost022.jakarta01.com,JAKARTA01\guestisd60  
Error,10/3/2017 9:01:34 AM,EventCreate,1,None,Application,djkvdihost577.jakarta01.com,JAKARTA01\raymond  
Error,10/3/2017 9:01:14 AM,EventCreate,1,None,Application,djkvdihost230.jakarta01.com,JAKARTA01\GuestISD48  
Error,10/3/2017 9:00:52 AM,EventCreate,1,None,Application,djkvdihost809.jakarta01.com,JAKARTA01\AISYAH  
Error,10/3/2017 9:00:33 AM,EventCreate,1,None,Application,djkvdihost219.jakarta01.com,JAKARTA01\valery  
Error,10/3/2017 9:00:22 AM,EventCreate,1,None,Application,djkvdihost386.jakarta01.com,JAKARTA01\Ika  
Error,10/3/2017 9:00:01 AM,EventCreate,1,None,Application,djkvdihost463.jakarta01.com,JAKARTA01\rhaditya  
Error,10/3/2017 8:59:52 AM,Application Error,1000,(100),Application,djkvdihost463.jakarta01.com,"Faulting application name: PhotoScreensaver.scr, version: 6.1.7601.17514, time stamp: 0x4ce7a590
Faulting module name: SHELL32.dll, version: 6.1.7601.23537, time stamp: 0x57c450f4
Exception code: 0xc0000005
Fault offset: 0x001f269f
Faulting process id: 0xc74
Faulting application start time: 0x01d33beb2b1df610
Faulting application path: C:\Windows\system32\PhotoScreensaver.scr
Faulting module path: C:\Windows\system32\SHELL32.dll
Report Id: 8808a776-a7de-11e7-b117-0050569f143b"
Error,10/3/2017 9:00:16 AM,EventCreate,1,None,Application,djkvdihost815.jakarta01.com,JAKARTA01\herlina  
Error,10/3/2017 9:00:13 AM,EventCreate,1,None,Application,djkvdihost232.jakarta01.com,JAKARTA01\erik  
Error,10/3/2017 9:00:14 AM,EventCreate,1,None,Application,djkvdihost734.jakarta01.com,JAKARTA01\anderson  
Error,10/3/2017 8:59:57 AM,EventCreate,1,None,Application,djkvdihost580.jakarta01.com,JAKARTA01\budi kurniawan  
Error,10/3/2017 8:59:45 AM,EventCreate,1,None,Application,djkvdihost194.jakarta01.com,JAKARTA01\anissa  
Error,10/3/2017 8:59:12 AM,EventCreate,1,None,Application,djkvdihost778.jakarta01.com,JAKARTA01\tara  
Error,10/3/2017 8:59:11 AM,Application Error,1000,(100),Application,djkvdihost778.jakarta01.com,"Faulting application name: OUTLOOK.EXE, version: 15.0.4919.1001, time stamp: 0x58d20482
Faulting module name: OUTLOOK.EXE, version: 15.0.4919.1001, time stamp: 0x58d20482
Exception code: 0xc0000005
Fault offset: 0x008924c4
Faulting process id: 0x1dc4
Faulting application start time: 0x01d33be7a4c1b282
Faulting application path: C:\Program Files\Microsoft Office\Office15\OUTLOOK.EXE
Faulting module path: C:\Program Files\Microsoft Office\Office15\OUTLOOK.EXE
Report Id: 72850572-a7de-11e7-9b74-0050569f76f6"
Error,10/3/2017 8:58:38 AM,EventCreate,1,None,Application,djkvdihost458.jakarta01.com,JAKARTA01\agnes  
Error,10/3/2017 8:58:06 AM,EventCreate,1,None,Application,djkvdihost111.jakarta01.com,JAKARTA01\hafsia  
Error,10/3/2017 8:57:51 AM,EventCreate,1,None,Application,djkvdihost111.jakarta01.com,JAKARTA01\hafsia  
Error,10/3/2017 8:57:37 AM,EventCreate,1,None,Application,djkvdihost048.jakarta01.com,JAKARTA01\diah  
Error,10/3/2017 8:57:07 AM,EventCreate,1,None,Application,djkvdihost307.jakarta01.com,JAKARTA01\nadea  
Error,10/3/2017 8:56:11 AM,EventCreate,1,None,Application,djkvdihost828.jakarta01.com,JAKARTA01\muhamadZAH  
Error,10/3/2017 8:56:26 AM,EventCreate,1,None,Application,djkvdihost561.jakarta01.com,JAKARTA01\handayani  
Error,10/3/2017 8:56:22 AM,EventCreate,1,None,Application,djkvdihost634.jakarta01.com,JAKARTA01\kiky  
Error,10/3/2017 8:56:22 AM,EventCreate,1,None,Application,djkvdihost625.jakarta01.com,JAKARTA01\Novianawati  
Error,10/3/2017 8:55:31 AM,EventCreate,1,None,Application,djkvdihost319.jakarta01.com,JAKARTA01\ceciliadt  
Error,10/3/2017 8:55:28 AM,Application Error,1000,(100),Application,djkvdihost319.jakarta01.com,"Faulting application name: EXCEL.EXE, version: 15.0.4919.1000, time stamp: 0x58c7ab0f
Faulting module name: EXCEL.EXE, version: 15.0.4919.1000, time stamp: 0x58c7ab0f
Exception code: 0xc0000005
Fault offset: 0x00b3b5c7
Faulting process id: 0x12f0
Faulting application start time: 0x01d33be3d9491a59
Faulting application path: C:\Program Files\Microsoft Office\Office15\EXCEL.EXE
Faulting module path: C:\Program Files\Microsoft Office\Office15\EXCEL.EXE
Report Id: edd751d2-a7dd-11e7-a8b6-0050569f6f40"
Error,10/3/2017 8:55:25 AM,EventCreate,1,None,Application,djkvdihost828.jakarta01.com,JAKARTA01\muhamadZAH  
Error,10/3/2017 8:55:06 AM,EventCreate,1,None,Application,djkvdihost071.jakarta01.com,JAKARTA01\haryadi  
Error,10/3/2017 8:54:39 AM,EventCreate,1,None,Application,djkvdihost664.jakarta01.com,JAKARTA01\Guestisd37  
Error,10/3/2017 8:54:39 AM,EventCreate,1,None,Application,djkvdihost516.jakarta01.com,JAKARTA01\regina  
Error,10/3/2017 8:53:25 AM,EventCreate,1,None,Application,djkvdihost518.jakarta01.com,JAKARTA01\dwihan  
Error,10/3/2017 8:53:51 AM,EventCreate,1,None,Application,djkvdihost254.jakarta01.com,JAKARTA01\ridjal  
Error,10/3/2017 8:53:07 AM,EventCreate,1,None,Application,djkvdihost642.jakarta01.com,JAKARTA01\DedyW  
Error,10/3/2017 8:53:10 AM,EventCreate,1,None,Application,djkvdihost085.jakarta01.com,JAKARTA01\william  
Error,10/3/2017 8:53:05 AM,Application Error,1000,(100),Application,djkvdihost085.jakarta01.com,"Faulting application name: WINWORD.EXE, version: 15.0.4911.1000, time stamp: 0x58a2c075
Faulting module name: wwlib.dll, version: 15.0.4911.1000, time stamp: 0x58a2c073
Exception code: 0xc0000005
Fault offset: 0x006f1046
Faulting process id: 0x1f1c
Faulting application start time: 0x01d33be8bf5742d6
Faulting application path: C:\Program Files\Microsoft Office\Office15\WINWORD.EXE
Faulting module path: C:\Program Files\Microsoft Office\Office15\wwlib.dll
Report Id: 9850e0d0-a7dd-11e7-92eb-0050569f5e8d"
Error,10/3/2017 8:53:35 AM,EventCreate,1,None,Application,djkvdihost176.jakarta01.com,JAKARTA01\aryani  
Error,10/3/2017 8:53:11 AM,EventCreate,1,None,Application,djkvdihost055.jakarta01.com,JAKARTA01\budsiregar  
Error,10/3/2017 8:52:33 AM,EventCreate,1,None,Application,djkvdihost719.jakarta01.com,JAKARTA01\titis  
Error,10/3/2017 8:52:30 AM,Application Error,1000,(100),Application,djkvdihost719.jakarta01.com,"Faulting application name: OUTLOOK.EXE, version: 15.0.4919.1001, time stamp: 0x58d20482
Faulting module name: OUTLOOK.EXE, version: 15.0.4919.1001, time stamp: 0x58d20482
Exception code: 0xc0000005
Fault offset: 0x008924c4
Faulting process id: 0x1804
Faulting application start time: 0x01d33bdf2ad75d7a
Faulting application path: C:\Program Files\Microsoft Office\Office15\OUTLOOK.EXE
Faulting module path: C:\Program Files\Microsoft Office\Office15\OUTLOOK.EXE
Report Id: 839d6057-a7dd-11e7-a69f-0050569f1be3"
Error,10/3/2017 8:52:21 AM,EventCreate,1,None,Application,djkvdihost518.jakarta01.com,JAKARTA01\dwihan  
Error,10/3/2017 8:52:16 AM,EventCreate,1,None,Application,djkvdihost041.jakarta01.com,JAKARTA01\mohammad  
Error,10/3/2017 8:52:12 AM,EventCreate,1,None,Application,djkvdihost642.jakarta01.com,JAKARTA01\DedyW  
Error,10/3/2017 8:52:08 AM,EventCreate,1,None,Application,djkvdihost183.jakarta01.com,JAKARTA01\erwin  
Error,10/3/2017 8:30:24 AM,EventCreate,1,None,Application,djkvdihost518.jakarta01.com,"The description for Event ID 1 from source EventCreate cannot be found. Either the component that raises this event is not installed on your local computer or the installation is corrupted. You can install or repair the component on the local computer.

If the event originated on another computer, the display information had to be saved with the event.

The following information was included with the event: 

JAKARTA01\GuestISD57  
"
Error,10/3/2017 8:28:45 AM,EventCreate,1,None,Application,djkvdihost518.jakarta01.com,"The description for Event ID 1 from source EventCreate cannot be found. Either the component that raises this event is not installed on your local computer or the installation is corrupted. You can install or repair the component on the local computer.

If the event originated on another computer, the display information had to be saved with the event.

The following information was included with the event: 

JAKARTA01\GuestISD57  
"
Error,10/3/2017 8:52:06 AM,EventCreate,1,None,Application,djkvdihost519.jakarta01.com,JAKARTA01\guestISD50  
Error,10/3/2017 8:50:35 AM,EventCreate,1,None,Application,djkvdihost713.jakarta01.com,JAKARTA01\guestisd27  
Error,10/3/2017 8:50:31 AM,EventCreate,1,None,Application,djkvdihost076.jakarta01.com,JAKARTA01\tasin  
Error,10/3/2017 8:49:59 AM,EventCreate,1,None,Application,djkvdihost591.jakarta01.com,JAKARTA01\aria  
Error,10/3/2017 8:50:20 AM,EventCreate,1,None,Application,djkvdihost615.jakarta01.com,JAKARTA01\andre cahyono  
Error,10/3/2017 8:50:11 AM,EventCreate,1,None,Application,djkvdihost235.jakarta01.com,JAKARTA01\rahmatia  
Error,10/3/2017 8:50:00 AM,EventCreate,1,None,Application,djkvdihost709.jakarta01.com,JAKARTA01\nurfadila  
Error,10/3/2017 8:49:26 AM,EventCreate,1,None,Application,djkvdihost448.jakarta01.com,JAKARTA01\mpinto  
Error,10/3/2017 8:49:09 AM,EventCreate,1,None,Application,djkvdihost822.jakarta01.com,JAKARTA01\yudistira  
Error,10/3/2017 8:49:20 AM,EventCreate,1,None,Application,djkvdihost410.jakarta01.com,JAKARTA01\Elvira  
Error,10/3/2017 8:49:14 AM,EventCreate,1,None,Application,djkvdihost279.jakarta01.com,JAKARTA01\payogi  
Error,10/3/2017 8:48:18 AM,EventCreate,1,None,Application,djkvdihost448.jakarta01.com,JAKARTA01\mpinto  
Error,10/3/2017 8:48:01 AM,EventCreate,1,None,Application,djkvdihost822.jakarta01.com,JAKARTA01\yudistira  
Error,10/3/2017 8:47:36 AM,EventCreate,1,None,Application,djkvdihost478.jakarta01.com,JAKARTA01\Jauw  
Error,10/3/2017 8:47:33 AM,Application Error,1000,(100),Application,djkvdihost478.jakarta01.com,"Faulting application name: iexplore.exe, version: 11.0.9600.18639, time stamp: 0x58d6bb0d
Faulting module name: unknown, version: 0.0.0.0, time stamp: 0x00000000
Exception code: 0xc0000005
Fault offset: 0x7ff1e2c8
Faulting process id: 0x1294
Faulting application start time: 0x01d33be6c619b696
Faulting application path: C:\Program Files\Internet Explorer\iexplore.exe
Faulting module path: unknown
Report Id: d25056a2-a7dc-11e7-91c6-0050569f61df"
Error,10/3/2017 8:47:28 AM,EventCreate,1,None,Application,djkvdihost776.jakarta01.com,JAKARTA01\adityo yuwono  
Error,10/3/2017 8:47:01 AM,EventCreate,1,None,Application,djkvdihost429.jakarta01.com,JAKARTA01\ghozia  
Error,10/3/2017 8:46:14 AM,EventCreate,1,None,Application,djkvdihost682.jakarta01.com,JAKARTA01\nuning  
Error,10/3/2017 8:46:08 AM,EventCreate,1,None,Application,djkvdihost259.jakarta01.com,JAKARTA01\guestisd25  
Error,10/3/2017 8:45:37 AM,WSH,1,None,Application,djkvdihost682.jakarta01.com,"CN=Nuning password will expire in 2 day(s) at 10/5/2017 8:27:15 AM

Press CTRL + ALT + DEL and select the ""Change a password"" option."
Error,10/3/2017 8:45:37 AM,WSH,1,None,Application,djkvdihost682.jakarta01.com,"CN=Nuning password will expire in 2 day(s) at 10/5/2017 8:27:15 AM

Press CTRL + ALT + DEL and select the ""Change a password"" option."
Error,10/3/2017 8:45:33 AM,EventCreate,1,None,Application,djkvdihost297.jakarta01.com,JAKARTA01\Azis Budianto  
Error,10/3/2017 8:45:30 AM,EventCreate,1,None,Application,djkvdihost522.jakarta01.com,JAKARTA01\primaningtyas  
Error,10/3/2017 8:45:01 AM,EventCreate,1,None,Application,djkvdihost804.jakarta01.com,JAKARTA01\erika  
Error,10/3/2017 8:44:58 AM,Application Error,1000,(100),Application,djkvdihost804.jakarta01.com,"Faulting application name: OUTLOOK.EXE, version: 15.0.4919.1001, time stamp: 0x58d20482
Faulting module name: OUTLOOK.EXE, version: 15.0.4919.1001, time stamp: 0x58d20482
Exception code: 0xc0000005
Fault offset: 0x008924c4
Faulting process id: 0x1af4
Faulting application start time: 0x01d33be08eed6d8f
Faulting application path: C:\Program Files\Microsoft Office\Office15\OUTLOOK.EXE
Faulting module path: C:\Program Files\Microsoft Office\Office15\OUTLOOK.EXE
Report Id: 75f07ffd-a7dc-11e7-952d-0050569f33bf"
Error,10/3/2017 8:45:25 AM,EventCreate,1,None,Application,djkvdihost552.jakarta01.com,JAKARTA01\yoedo  
Error,10/3/2017 8:45:15 AM,EventCreate,1,None,Application,djkvdihost006.jakarta01.com,JAKARTA01\dyah  
Error,10/3/2017 8:45:14 AM,EventCreate,1,None,Application,djkvdihost794.jakarta01.com,JAKARTA01\Kartina  
Error,10/3/2017 8:44:35 AM,EventCreate,1,None,Application,djkvdihost501.jakarta01.com,JAKARTA01\saputro  
Error,10/3/2017 8:43:41 AM,EventCreate,1,None,Application,djkvdihost474.jakarta01.com,JAKARTA01\eunice  
Error,10/3/2017 8:43:28 AM,EventCreate,1,None,Application,djkvdihost124.jakarta01.com,JAKARTA01\Juliet  
Error,10/3/2017 8:43:23 AM,EventCreate,1,None,Application,djkvdihost178.jakarta01.com,JAKARTA01\teddy  
Error,10/3/2017 8:43:10 AM,EventCreate,1,None,Application,djkvdihost080.jakarta01.com,JAKARTA01\amelinda  
Error,10/3/2017 8:43:02 AM,EventCreate,1,None,Application,djkvdihost607.jakarta01.com,JAKARTA01\meltsaury  
Error,10/3/2017 8:42:53 AM,EventCreate,1,None,Application,djkvdihost182.jakarta01.com,JAKARTA01\Aisyah  
Error,10/3/2017 8:42:47 AM,EventCreate,1,None,Application,djkvdihost587.jakarta01.com,JAKARTA01\boby  
Error,10/3/2017 8:42:46 AM,EventCreate,1,None,Application,djkvdihost676.jakarta01.com,JAKARTA01\guestacc08  
Error,10/3/2017 8:42:09 AM,EventCreate,1,None,Application,djkvdihost333.jakarta01.com,JAKARTA01\tobing  
Error,10/3/2017 8:41:55 AM,EventCreate,1,None,Application,djkvdihost371.jakarta01.com,JAKARTA01\GuestISD45  
Error,10/3/2017 8:42:07 AM,Application Error,1000,(100),Application,djkvdihost333.jakarta01.com,"Faulting application name: OUTLOOK.EXE, version: 15.0.4919.1001, time stamp: 0x58d20482
Faulting module name: OUTLOOK.EXE, version: 15.0.4919.1001, time stamp: 0x58d20482
Exception code: 0xc0000005
Fault offset: 0x008924c4
Faulting process id: 0x1dd4
Faulting application start time: 0x01d33bdf1d0145ae
Faulting application path: C:\Program Files\Microsoft Office\Office15\OUTLOOK.EXE
Faulting module path: C:\Program Files\Microsoft Office\Office15\OUTLOOK.EXE
Report Id: 0ff858e3-a7dc-11e7-83de-0050569f7a99"
Error,10/3/2017 8:41:56 AM,EventCreate,1,None,Application,djkvdihost896.jakarta01.com,JAKARTA01\Joni  
Error,10/3/2017 8:41:13 AM,EventCreate,1,None,Application,djkvdihost280.jakarta01.com,JAKARTA01\andriana  
Error,10/3/2017 8:40:17 AM,EventCreate,1,None,Application,djkvdihost450.jakarta01.com,JAKARTA01\elvina  
Error,10/3/2017 8:39:44 AM,EventCreate,1,None,Application,djkvdihost195.jakarta01.com,JAKARTA01\karmelita  
Error,10/3/2017 8:40:00 AM,EventCreate,1,None,Application,djkvdihost394.jakarta01.com,JAKARTA01\aynie  
Error,10/3/2017 8:39:45 AM,EventCreate,1,None,Application,djkvdihost600.jakarta01.com,JAKARTA01\satria graha  
Error,10/3/2017 8:39:44 AM,Application Error,1000,(100),Application,djkvdihost195.jakarta01.com,"Faulting application name: spoolsv.exe, version: 6.1.7601.17777, time stamp: 0x4f35efc3
Faulting module name: hpzpnp.dll, version: 0.3.1537.18, time stamp: 0x471c487d
Exception code: 0xc0000005
Fault offset: 0x00006026
Faulting process id: 0x638
Faulting application start time: 0x01d33b698290cb5b
Faulting application path: C:\Windows\System32\spoolsv.exe
Faulting module path: \\?\C:\Windows\System32\spool\drivers\w32x86\3\hpzpnp.dll
Report Id: bacfa1f1-a7db-11e7-be40-0050569f0c35"
Error,10/3/2017 8:38:53 AM,EventCreate,1,None,Application,djkvdihost600.jakarta01.com,JAKARTA01\satria graha  
Error,10/3/2017 8:38:32 AM,WSH,1,None,Application,djkvdihost600.jakarta01.com,"CN=Satria Graha Adityatama password will expire in 2 day(s) at 10/5/2017 8:08:00 AM

Press CTRL + ALT + DEL and select the ""Change a password"" option."
Error,10/3/2017 8:38:36 AM,EventCreate,1,None,Application,djkvdihost601.jakarta01.com,JAKARTA01\fatima  
Error,10/3/2017 8:38:30 AM,Application Error,1000,(100),Application,djkvdihost601.jakarta01.com,"Faulting application name: spoolsv.exe, version: 6.1.7601.17777, time stamp: 0x4f35efc3
Faulting module name: msvcrt.dll, version: 7.0.7601.17744, time stamp: 0x4eeaf722
Exception code: 0xc0000005
Fault offset: 0x0000aa14
Faulting process id: 0x63c
Faulting application start time: 0x01d33b758138ae94
Faulting application path: C:\Windows\System32\spoolsv.exe
Faulting module path: C:\Windows\system32\msvcrt.dll
Report Id: 8efdfdd7-a7db-11e7-8328-0050569f5a2e"
Error,10/3/2017 8:38:30 AM,WSH,1,None,Application,djkvdihost600.jakarta01.com,"CN=Satria Graha Adityatama password will expire in 2 day(s) at 10/5/2017 8:08:00 AM

Press CTRL + ALT + DEL and select the ""Change a password"" option."
Error,10/3/2017 8:38:28 AM,EventCreate,1,None,Application,djkvdihost631.jakarta01.com,JAKARTA01\GUestISD46  
Error,10/3/2017 8:37:17 AM,EventCreate,1,None,Application,djkvdihost481.jakarta01.com,JAKARTA01\fitri  
Error,10/3/2017 8:37:10 AM,EventCreate,1,None,Application,djkvdihost503.jakarta01.com,JAKARTA01\Guestisd30  
Error,10/3/2017 8:36:59 AM,EventCreate,1,None,Application,djkvdihost085.jakarta01.com,JAKARTA01\william  
Error,10/3/2017 8:36:46 AM,EventCreate,1,None,Application,djkvdihost705.jakarta01.com,JAKARTA01\SUnaryo  
Error,10/3/2017 8:36:37 AM,EventCreate,1,None,Application,djkvdihost724.jakarta01.com,JAKARTA01\Elisabeth  
Error,10/3/2017 8:36:32 AM,EventCreate,1,None,Application,djkvdihost487.jakarta01.com,JAKARTA01\Linda Marshelia  
Error,10/3/2017 8:36:29 AM,EventCreate,1,None,Application,djkvdihost800.jakarta01.com,JAKARTA01\yisca  
Error,10/3/2017 8:36:23 AM,EventCreate,1,None,Application,djkvdihost204.jakarta01.com,JAKARTA01\MuhammadH  
Error,10/3/2017 8:36:13 AM,EventCreate,1,None,Application,djkvdihost367.jakarta01.com,JAKARTA01\guestisd36  
Error,10/3/2017 8:36:00 AM,EventCreate,1,None,Application,djkvdihost601.jakarta01.com,JAKARTA01\fatima  
Error,10/3/2017 8:35:27 AM,EventCreate,1,None,Application,djkvdihost555.jakarta01.com,JAKARTA01\antonius  
Error,10/3/2017 8:35:24 AM,Application Error,1000,(100),Application,djkvdihost555.jakarta01.com,"Faulting application name: OUTLOOK.EXE, version: 15.0.4919.1001, time stamp: 0x58d20482
Faulting module name: OUTLOOK.EXE, version: 15.0.4919.1001, time stamp: 0x58d20482
Exception code: 0xc0000005
Fault offset: 0x008924c4
Faulting process id: 0x144
Faulting application start time: 0x01d33be12e58217f
Faulting application path: C:\Program Files\Microsoft Office\Office15\OUTLOOK.EXE
Faulting module path: C:\Program Files\Microsoft Office\Office15\OUTLOOK.EXE
Report Id: 20151cbf-a7db-11e7-b73c-0050569f396c"
Error,10/3/2017 8:35:34 AM,EventCreate,1,None,Application,djkvdihost569.jakarta01.com,JAKARTA01\sutedja  
Error,10/3/2017 8:35:31 AM,EventCreate,1,None,Application,djkvdihost792.jakarta01.com,JAKARTA01\guestisd29  
Error,10/3/2017 8:35:19 AM,EventCreate,1,None,Application,djkvdihost257.jakarta01.com,JAKARTA01\driarkoro  
Error,10/3/2017 8:35:00 AM,EventCreate,1,None,Application,djkvdihost411.jakarta01.com,JAKARTA01\guestisd20  
Error,10/3/2017 8:34:59 AM,EventCreate,1,None,Application,djkvdihost486.jakarta01.com,JAKARTA01\Erlisa  
Error,10/3/2017 8:32:53 AM,EventCreate,1,None,Application,djkvdihost486.jakarta01.com,JAKARTA01\Erlisa  
Error,10/3/2017 8:32:23 AM,EventCreate,1,None,Application,djkvdihost344.jakarta01.com,JAKARTA01\kezia  
Error,10/3/2017 8:32:41 AM,EventCreate,1,None,Application,djkvdihost342.jakarta01.com,JAKARTA01\andrik  
Error,10/3/2017 8:31:57 AM,EventCreate,1,None,Application,djkvdihost550.jakarta01.com,JAKARTA01\Dimas Satya  
Error,10/3/2017 8:31:53 AM,EventCreate,1,None,Application,djkvdihost550.jakarta01.com,JAKARTA01\Dimas Satya  
Error,10/3/2017 8:32:19 AM,Application Error,1000,(100),Application,djkvdihost344.jakarta01.com,"Faulting application name: OUTLOOK.EXE, version: 15.0.4919.1001, time stamp: 0x58d20482
Faulting module name: OUTLOOK.EXE, version: 15.0.4919.1001, time stamp: 0x58d20482
Exception code: 0xc0000005
Fault offset: 0x008924c4
Faulting process id: 0x16c8
Faulting application start time: 0x01d33bd675ef94e7
Faulting application path: C:\Program Files\Microsoft Office\Office15\OUTLOOK.EXE
Faulting module path: C:\Program Files\Microsoft Office\Office15\OUTLOOK.EXE
Report Id: b204cd20-a7da-11e7-ac30-0050569f3f98"
Error,10/3/2017 8:31:50 AM,EventCreate,1,None,Application,djkvdihost550.jakarta01.com,JAKARTA01\Dimas Satya  
Error,10/3/2017 8:31:40 AM,EventCreate,1,None,Application,djkvdihost777.jakarta01.com,JAKARTA01\giandripn  
Error,10/3/2017 8:31:36 AM,EventCreate,1,None,Application,djkvdihost086.jakarta01.com,JAKARTA01\natalie  
Error,10/3/2017 8:31:36 AM,EventCreate,1,None,Application,djkvdihost727.jakarta01.com,JAKARTA01\Daniel  
Error,10/3/2017 8:31:09 AM,EventCreate,1,None,Application,djkvdihost086.jakarta01.com,JAKARTA01\natalie  
Error,10/3/2017 8:30:49 AM,EventCreate,1,None,Application,djkvdihost065.jakarta01.com,JAKARTA01\Adang  
Error,10/3/2017 8:30:44 AM,EventCreate,1,None,Application,djkvdihost784.jakarta01.com,JAKARTA01\diena  
Error,10/3/2017 8:30:36 AM,EventCreate,1,None,Application,djkvdihost231.jakarta01.com,JAKARTA01\Ida  
Error,10/3/2017 8:30:27 AM,EventCreate,1,None,Application,djkvdihost244.jakarta01.com,JAKARTA01\Guestisd31  
Error,10/3/2017 8:30:16 AM,EventCreate,1,None,Application,djkvdihost253.jakarta01.com,JAKARTA01\marlina2  
Error,10/3/2017 8:30:15 AM,EventCreate,1,None,Application,djkvdihost754.jakarta01.com,JAKARTA01\eka  
Error,10/3/2017 8:30:06 AM,EventCreate,1,None,Application,djkvdihost643.jakarta01.com,JAKARTA01\hirano  
Error,10/3/2017 8:29:59 AM,EventCreate,1,None,Application,djkvdihost654.jakarta01.com,JAKARTA01\Reiffy  
Error,10/3/2017 8:29:31 AM,EventCreate,1,None,Application,djkvdihost747.jakarta01.com,JAKARTA01\MFIRMAN  
Error,10/3/2017 8:29:30 AM,EventCreate,1,None,Application,djkvdihost699.jakarta01.com,JAKARTA01\GuestISD42  
Error,10/3/2017 8:28:30 AM,EventCreate,1,None,Application,djkvdihost636.jakarta01.com,JAKARTA01\jayson  
Error,10/3/2017 8:28:53 AM,EventCreate,1,None,Application,djkvdihost572.jakarta01.com,JAKARTA01\Rahmad  
Error,10/3/2017 8:28:45 AM,EventCreate,1,None,Application,djkvdihost133.jakarta01.com,JAKARTA01\adiyanti  
Error,10/3/2017 8:28:15 AM,EventCreate,1,None,Application,djkvdihost067.jakarta01.com,JAKARTA01\Hasna  
Error,10/3/2017 8:27:28 AM,EventCreate,1,None,Application,djkvdihost245.jakarta01.com,JAKARTA01\mega  
Error,10/3/2017 8:27:25 AM,Application Error,1000,(100),Application,djkvdihost245.jakarta01.com,"Faulting application name: OUTLOOK.EXE, version: 15.0.4919.1001, time stamp: 0x58d20482
Faulting module name: OUTLOOK.EXE, version: 15.0.4919.1001, time stamp: 0x58d20482
Exception code: 0xc0000005
Fault offset: 0x008924c4
Faulting process id: 0x648
Faulting application start time: 0x01d33be3c0b4b9c4
Faulting application path: C:\Program Files\Microsoft Office\Office15\OUTLOOK.EXE
Faulting module path: C:\Program Files\Microsoft Office\Office15\OUTLOOK.EXE
Report Id: 024c7676-a7da-11e7-9347-0050569f58a4"
Error,10/3/2017 8:27:28 AM,EventCreate,1,None,Application,djkvdihost093.jakarta01.com,JAKARTA01\WulanAn  
Error,10/3/2017 8:27:23 AM,Application Error,1000,(100),Application,djkvdihost093.jakarta01.com,"Faulting application name: OUTLOOK.EXE, version: 15.0.4919.1001, time stamp: 0x58d20482
Faulting module name: OUTLOOK.EXE, version: 15.0.4919.1001, time stamp: 0x58d20482
Exception code: 0xc0000005
Fault offset: 0x008924c7
Faulting process id: 0x1e98
Faulting application start time: 0x01d33be04baaf6c2
Faulting application path: C:\Program Files\Microsoft Office\Office15\OUTLOOK.EXE
Faulting module path: C:\Program Files\Microsoft Office\Office15\OUTLOOK.EXE
Report Id: 01884455-a7da-11e7-a428-0050569f2e88"
Error,10/3/2017 8:27:51 AM,EventCreate,1,None,Application,djkvdihost778.jakarta01.com,JAKARTA01\tara  
Error,10/3/2017 8:27:42 AM,EventCreate,1,None,Application,djkvdihost380.jakarta01.com,JAKARTA01\AdindaGita  
Error,10/3/2017 8:27:22 AM,EventCreate,1,None,Application,djkvdihost045.jakarta01.com,JAKARTA01\Erlisa  
Error,10/3/2017 8:27:00 AM,EventCreate,1,None,Application,djkvdihost573.jakarta01.com,JAKARTA01\naldi  
Error,10/3/2017 8:26:36 AM,EventCreate,1,None,Application,djkvdihost824.jakarta01.com,JAKARTA01\junito  
Error,10/3/2017 8:26:34 AM,EventCreate,1,None,Application,djkvdihost252.jakarta01.com,JAKARTA01\ibahtiar  
Error,10/3/2017 8:26:31 AM,EventCreate,1,None,Application,djkvdihost216.jakarta01.com,JAKARTA01\Rosulla  
Error,10/3/2017 8:26:31 AM,EventCreate,1,None,Application,djkvdihost113.jakarta01.com,JAKARTA01\sanggra  
Error,10/3/2017 8:26:12 AM,EventCreate,1,None,Application,djkvdihost828.jakarta01.com,JAKARTA01\guestisd37  
Error,10/3/2017 8:25:26 AM,EventCreate,1,None,Application,djkvdihost001.jakarta01.com,JAKARTA01\dwi budi  
Error,10/3/2017 8:25:50 AM,EventCreate,1,None,Application,djkvdihost151.jakarta01.com,JAKARTA01\Rani  
Error,10/3/2017 8:25:41 AM,EventCreate,1,None,Application,djkvdihost801.jakarta01.com,JAKARTA01\nurhayani  
Error,10/3/2017 8:25:35 AM,EventCreate,1,None,Application,djkvdihost593.jakarta01.com,JAKARTA01\dadang  
Error,10/3/2017 8:24:52 AM,EventCreate,1,None,Application,djkvdihost168.jakarta01.com,JAKARTA01\Nurhayati  
Error,10/3/2017 8:25:21 AM,EventCreate,1,None,Application,djkvdihost739.jakarta01.com,JAKARTA01\Ronald Hertanto  
Error,10/3/2017 8:25:14 AM,EventCreate,1,None,Application,djkvdihost495.jakarta01.com,JAKARTA01\zahra  
Error,10/3/2017 8:25:13 AM,EventCreate,1,None,Application,djkvdihost064.jakarta01.com,JAKARTA01\kurniawan  
Error,10/3/2017 8:24:30 AM,EventCreate,1,None,Application,djkvdihost001.jakarta01.com,JAKARTA01\dwi budi  
Error,10/3/2017 8:24:44 AM,EventCreate,1,None,Application,djkvdihost168.jakarta01.com,JAKARTA01\Nurhayati  
Error,10/3/2017 8:24:04 AM,EventCreate,1,None,Application,djkvdihost001.jakarta01.com,JAKARTA01\dwi budi  
Error,10/3/2017 8:23:58 AM,EventCreate,1,None,Application,djkvdihost030.jakarta01.com,JAKARTA01\mayang  
Error,10/3/2017 8:23:17 AM,EventCreate,1,None,Application,djkvdihost764.jakarta01.com,JAKARTA01\sitti  
Error,10/3/2017 8:23:42 AM,EventCreate,1,None,Application,djkvdihost332.jakarta01.com,JAKARTA01\rahma  
Error,10/3/2017 8:23:40 AM,EventCreate,1,None,Application,djkvdihost053.jakarta01.com,JAKARTA01\sari  
Error,10/3/2017 8:23:38 AM,EventCreate,1,None,Application,djkvdihost115.jakarta01.com,JAKARTA01\amiratul  
Error,10/3/2017 8:23:02 AM,EventCreate,1,None,Application,djkvdihost282.jakarta01.com,JAKARTA01\hana nurul  
Error,10/3/2017 8:22:05 AM,EventCreate,1,None,Application,djkvdihost764.jakarta01.com,JAKARTA01\sitti  
Error,10/3/2017 8:17:19 AM,EventCreate,1,None,Application,djkvdihost764.jakarta01.com,"The description for Event ID 1 from source EventCreate cannot be found. Either the component that raises this event is not installed on your local computer or the installation is corrupted. You can install or repair the component on the local computer.

If the event originated on another computer, the display information had to be saved with the event.

The following information was included with the event: 

JAKARTA01\victoria  
"
Error,10/3/2017 8:22:06 AM,EventCreate,1,None,Application,djkvdihost010.jakarta01.com,JAKARTA01\aprilia  
Error,10/3/2017 8:22:03 AM,EventCreate,1,None,Application,djkvdihost010.jakarta01.com,JAKARTA01\aprilia  
Error,10/3/2017 8:21:59 AM,EventCreate,1,None,Application,djkvdihost457.jakarta01.com,JAKARTA01\guestisd03  
Error,10/3/2017 8:15:46 AM,EventCreate,1,None,Application,djkvdihost764.jakarta01.com,"The description for Event ID 1 from source EventCreate cannot be found. Either the component that raises this event is not installed on your local computer or the installation is corrupted. You can install or repair the component on the local computer.

If the event originated on another computer, the display information had to be saved with the event.

The following information was included with the event: 

JAKARTA01\victoria  
"
Error,10/3/2017 8:21:49 AM,EventCreate,1,None,Application,djkvdihost633.jakarta01.com,JAKARTA01\lieke  
Error,10/3/2017 8:21:36 AM,EventCreate,1,None,Application,djkvdihost327.jakarta01.com,JAKARTA01\achmadr  
Error,10/3/2017 8:21:29 AM,EventCreate,1,None,Application,djkvdihost185.jakarta01.com,JAKARTA01\idams  
Error,10/3/2017 8:21:06 AM,EventCreate,1,None,Application,djkvdihost641.jakarta01.com,JAKARTA01\victoria  
Error,10/3/2017 8:20:49 AM,EventCreate,1,None,Application,djkvdihost749.jakarta01.com,JAKARTA01\christian2  
Error,10/3/2017 8:20:37 AM,EventCreate,1,None,Application,djkvdihost189.jakarta01.com,JAKARTA01\nunu  
Error,10/3/2017 8:20:32 AM,EventCreate,1,None,Application,djkvdihost148.jakarta01.com,JAKARTA01\augtiaji  
Error,10/3/2017 8:20:06 AM,EventCreate,1,None,Application,djkvdihost211.jakarta01.com,JAKARTA01\GUESTISD32  
Error,10/3/2017 8:19:41 AM,EventCreate,1,None,Application,djkvdihost467.jakarta01.com,JAKARTA01\fathur  
Error,10/3/2017 8:19:30 AM,EventCreate,1,None,Application,djkvdihost004.jakarta01.com,JAKARTA01\ramantid  
Error,10/3/2017 8:18:45 AM,EventCreate,1,None,Application,djkvdihost610.jakarta01.com,JAKARTA01\findal  
Error,10/3/2017 8:18:44 AM,EventCreate,1,None,Application,djkvdihost526.jakarta01.com,JAKARTA01\denny  
Error,10/3/2017 8:18:31 AM,EventCreate,1,None,Application,djkvdihost284.jakarta01.com,JAKARTA01\richard  
Error,10/3/2017 8:17:05 AM,EventCreate,1,None,Application,djkvdihost426.jakarta01.com,JAKARTA01\Pratama  
Error,10/3/2017 8:17:02 AM,EventCreate,1,None,Application,djkvdihost590.jakarta01.com,JAKARTA01\komangya  
Error,10/3/2017 8:16:14 AM,EventCreate,1,None,Application,djkvdihost681.jakarta01.com,JAKARTA01\leonie  
Error,10/3/2017 8:16:40 AM,EventCreate,1,None,Application,djkvdihost539.jakarta01.com,JAKARTA01\dhimas  
Error,10/3/2017 8:16:17 AM,EventCreate,1,None,Application,djkvdihost337.jakarta01.com,JAKARTA01\quartiny  
Error,10/3/2017 8:16:14 AM,EventCreate,1,None,Application,djkvdihost543.jakarta01.com,JAKARTA01\trisnawati  
Error,10/3/2017 8:16:04 AM,EventCreate,1,None,Application,djkvdihost491.jakarta01.com,JAKARTA01\fajar  
Error,10/3/2017 8:16:04 AM,EventCreate,1,None,Application,djkvdihost726.jakarta01.com,JAKARTA01\Listya  
Error,10/3/2017 8:16:00 AM,EventCreate,1,None,Application,djkvdihost016.jakarta01.com,JAKARTA01\DanielAW  
Error,10/3/2017 8:15:45 AM,EventCreate,1,None,Application,djkvdihost681.jakarta01.com,JAKARTA01\leonie  
Error,10/3/2017 8:15:43 AM,EventCreate,1,None,Application,djkvdihost325.jakarta01.com,JAKARTA01\JanuardiI  
Error,10/3/2017 8:15:41 AM,EventCreate,1,None,Application,djkvdihost807.jakarta01.com,JAKARTA01\Ariestyo  
Error,10/3/2017 8:15:18 AM,EventCreate,1,None,Application,djkvdihost690.jakarta01.com,JAKARTA01\Festy  
Error,10/3/2017 8:15:15 AM,EventCreate,1,None,Application,djkvdihost264.jakarta01.com,JAKARTA01\jidromann  
Error,10/3/2017 8:13:56 AM,EventCreate,1,None,Application,djkvdihost059.jakarta01.com,JAKARTA01\taty  
Error,10/3/2017 8:14:48 AM,EventCreate,1,None,Application,djkvdihost703.jakarta01.com,JAKARTA01\endrojono  
Error,10/3/2017 8:14:48 AM,EventCreate,1,None,Application,djkvdihost710.jakarta01.com,JAKARTA01\Arief Sandy  
Error,10/3/2017 8:14:48 AM,EventCreate,1,None,Application,djkvdihost391.jakarta01.com,JAKARTA01\yusuf  
Error,10/3/2017 8:14:48 AM,EventCreate,1,None,Application,djkvdihost366.jakarta01.com,JAKARTA01\nirmala  
Error,10/3/2017 8:14:45 AM,EventCreate,1,None,Application,djkvdihost034.jakarta01.com,JAKARTA01\Nurmalia  
Error,10/3/2017 8:14:44 AM,EventCreate,1,None,Application,djkvdihost648.jakarta01.com,JAKARTA01\janna  
Error,10/3/2017 8:14:22 AM,EventCreate,1,None,Application,djkvdihost301.jakarta01.com,JAKARTA01\supris  
Error,10/3/2017 8:13:50 AM,EventCreate,1,None,Application,djkvdihost059.jakarta01.com,JAKARTA01\taty  
Error,10/3/2017 8:13:43 AM,EventCreate,1,None,Application,djkvdihost636.jakarta01.com,JAKARTA01\jayson  
Error,10/3/2017 8:14:11 AM,EventCreate,1,None,Application,djkvdihost414.jakarta01.com,JAKARTA01\nirliani  
Error,10/3/2017 8:13:51 AM,EventCreate,1,None,Application,djkvdihost564.jakarta01.com,JAKARTA01\mutiman  
Error,10/3/2017 8:13:42 AM,EventCreate,1,None,Application,djkvdihost688.jakarta01.com,JAKARTA01\GuestISD56  
Error,10/3/2017 8:13:12 AM,EventCreate,1,None,Application,djkvdihost894.jakarta01.com,JAKARTA01\Agus Sutikno  
Error,10/3/2017 8:13:11 AM,Application Error,1000,(100),Application,djkvdihost894.jakarta01.com,"Faulting application name: lync.exe, version: 15.0.4927.1000, time stamp: 0x58ec7faa
Faulting module name: KERNELBASE.dll, version: 6.1.7601.23807, time stamp: 0x5915f98e
Exception code: 0xc0000005
Fault offset: 0x00035f75
Faulting process id: 0xcac
Faulting application start time: 0x01d33bdfd87e7491
Faulting application path: C:\Program Files (x86)\Microsoft Office\Office15\lync.exe
Faulting module path: C:\Windows\syswow64\KERNELBASE.dll
Report Id: 058923fa-a7d8-11e7-927b-0050569f363b"
Error,10/3/2017 8:13:35 AM,Application Error,1000,(100),Application,djkvdihost636.jakarta01.com,"Faulting application name: spoolsv.exe, version: 6.1.7601.17777, time stamp: 0x4f35efc3
Faulting module name: msvcrt.dll, version: 7.0.7601.17744, time stamp: 0x4eeaf722
Exception code: 0xc0000005
Fault offset: 0x0000aa14
Faulting process id: 0x638
Faulting application start time: 0x01d33b6abd04da32
Faulting application path: C:\Windows\System32\spoolsv.exe
Faulting module path: C:\Windows\system32\msvcrt.dll
Report Id: 1385e601-a7d8-11e7-bdca-0050569f416c"
Error,10/3/2017 8:13:23 AM,EventCreate,1,None,Application,djkvdihost218.jakarta01.com,JAKARTA01\ALFIYAH  
Error,10/3/2017 8:13:21 AM,EventCreate,1,None,Application,djkvdihost164.jakarta01.com,JAKARTA01\ardiana  
Error,10/3/2017 8:13:20 AM,EventCreate,1,None,Application,djkvdihost453.jakarta01.com,JAKARTA01\dewi  
Error,10/3/2017 8:13:19 AM,EventCreate,1,None,Application,djkvdihost632.jakarta01.com,JAKARTA01\Lordy  
Error,10/3/2017 8:13:18 AM,EventCreate,1,None,Application,djkvdihost114.jakarta01.com,JAKARTA01\Rio  
Error,10/3/2017 8:13:12 AM,EventCreate,1,None,Application,djkvdihost289.jakarta01.com,JAKARTA01\daniel chin  
Error,10/3/2017 8:13:01 AM,EventCreate,1,None,Application,djkvdihost163.jakarta01.com,JAKARTA01\nadya  
Error,10/3/2017 8:12:56 AM,EventCreate,1,None,Application,djkvdihost143.jakarta01.com,JAKARTA01\ubaedi  
Error,10/3/2017 8:12:25 AM,EventCreate,1,None,Application,djkvdihost483.jakarta01.com,JAKARTA01\sulaiman  
Error,10/3/2017 8:12:52 AM,EventCreate,1,None,Application,djkvdihost679.jakarta01.com,JAKARTA01\nadhilah  
Error,10/3/2017 8:12:49 AM,EventCreate,1,None,Application,djkvdihost033.jakarta01.com,JAKARTA01\katrin  
Error,10/3/2017 8:12:26 AM,EventCreate,1,None,Application,djkvdihost403.jakarta01.com,JAKARTA01\Rumata  
Error,10/3/2017 8:12:21 AM,EventCreate,1,None,Application,djkvdihost248.jakarta01.com,JAKARTA01\tesha  
Error,10/3/2017 8:12:13 AM,EventCreate,1,None,Application,djkvdihost033.jakarta01.com,JAKARTA01\katrin  
Error,10/3/2017 8:11:56 AM,EventCreate,1,None,Application,djkvdihost407.jakarta01.com,JAKARTA01\sylvia  
Error,10/3/2017 8:11:54 AM,EventCreate,1,None,Application,djkvdihost483.jakarta01.com,JAKARTA01\sulaiman  
Error,10/3/2017 8:11:22 AM,WSH,1,None,Application,djkvdihost403.jakarta01.com,"CN=Rumata password will expire in 2 day(s) at 10/5/2017 8:42:02 AM

Press CTRL + ALT + DEL and select the ""Change a password"" option."
Error,10/3/2017 8:11:22 AM,WSH,1,None,Application,djkvdihost403.jakarta01.com,"CN=Rumata password will expire in 2 day(s) at 10/5/2017 8:42:02 AM

Press CTRL + ALT + DEL and select the ""Change a password"" option."
Error,10/3/2017 8:11:20 AM,EventCreate,1,None,Application,djkvdihost117.jakarta01.com,JAKARTA01\agnesthine  
Error,10/3/2017 8:11:19 AM,EventCreate,1,None,Application,djkvdihost549.jakarta01.com,JAKARTA01\wahyudj  
Error,10/3/2017 8:11:16 AM,EventCreate,1,None,Application,djkvdihost502.jakarta01.com,JAKARTA01\eriku  
Error,10/3/2017 8:11:07 AM,EventCreate,1,None,Application,djkvdihost763.jakarta01.com,JAKARTA01\widya utami  
Error,10/3/2017 8:10:53 AM,EventCreate,1,None,Application,djkvdihost322.jakarta01.com,JAKARTA01\Arlyne  
Error,10/3/2017 8:09:53 AM,EventCreate,1,None,Application,djkvdihost570.jakarta01.com,JAKARTA01\david  
Error,10/3/2017 8:09:17 AM,EventCreate,1,None,Application,djkvdihost145.jakarta01.com,JAKARTA01\kristian  
Error,10/3/2017 8:09:37 AM,EventCreate,1,None,Application,djkvdihost442.jakarta01.com,JAKARTA01\Siti Atikah  
Error,10/3/2017 8:09:30 AM,EventCreate,1,None,Application,djkvdihost056.jakarta01.com,JAKARTA01\reza  
Error,10/3/2017 8:09:20 AM,EventCreate,1,None,Application,djkvdihost898.jakarta01.com,JAKARTA01\matthew  
Error,10/3/2017 8:09:18 AM,EventCreate,1,None,Application,djkvdihost152.jakarta01.com,JAKARTA01\belly  
Error,10/3/2017 8:09:01 AM,EventCreate,1,None,Application,djkvdihost145.jakarta01.com,JAKARTA01\kristian  
Error,10/3/2017 8:08:58 AM,EventCreate,1,None,Application,djkvdihost200.jakarta01.com,JAKARTA01\dyah alit  
Error,10/3/2017 8:08:55 AM,EventCreate,1,None,Application,djkvdihost500.jakarta01.com,JAKARTA01\fahmi  
Error,10/3/2017 8:08:12 AM,EventCreate,1,None,Application,djkvdihost624.jakarta01.com,JAKARTA01\sergi  
Error,10/3/2017 8:08:09 AM,Application Error,1000,(100),Application,djkvdihost624.jakarta01.com,"Faulting application name: spoolsv.exe, version: 6.1.7601.17777, time stamp: 0x4f35efc3
Faulting module name: msvcrt.dll, version: 7.0.7601.17744, time stamp: 0x4eeaf722
Exception code: 0xc0000005
Fault offset: 0x0000aa14
Faulting process id: 0x638
Faulting application start time: 0x01d33b9178ba0e4f
Faulting application path: C:\Windows\System32\spoolsv.exe
Faulting module path: C:\Windows\system32\msvcrt.dll
Report Id: 51657c28-a7d7-11e7-b53f-0050569f47f9"
Error,10/3/2017 8:08:07 AM,EventCreate,1,None,Application,djkvdihost644.jakarta01.com,JAKARTA01\budhasca  
Error,10/3/2017 8:08:05 AM,EventCreate,1,None,Application,djkvdihost644.jakarta01.com,JAKARTA01\budhasca  
Error,10/3/2017 8:08:28 AM,EventCreate,1,None,Application,djkvdihost312.jakarta01.com,JAKARTA01\evi  
Error,10/3/2017 8:08:28 AM,EventCreate,1,None,Application,djkvdihost635.jakarta01.com,JAKARTA01\ahmad  
Error,10/3/2017 8:08:24 AM,EventCreate,1,None,Application,djkvdihost542.jakarta01.com,JAKARTA01\indra jayadi  
Error,10/3/2017 8:08:20 AM,EventCreate,1,None,Application,djkvdihost736.jakarta01.com,JAKARTA01\Arfilia  
Error,10/3/2017 8:07:55 AM,EventCreate,1,None,Application,djkvdihost644.jakarta01.com,JAKARTA01\budhasca  
Error,10/3/2017 8:07:51 AM,EventCreate,1,None,Application,djkvdihost639.jakarta01.com,JAKARTA01\puty  
Error,10/3/2017 8:07:20 AM,EventCreate,1,None,Application,djkvdihost207.jakarta01.com,JAKARTA01\hardianbp  
Error,10/3/2017 8:07:41 AM,EventCreate,1,None,Application,djkvdihost779.jakarta01.com,JAKARTA01\sandi  
Error,10/3/2017 8:07:38 AM,EventCreate,1,None,Application,djkvdihost066.jakarta01.com,JAKARTA01\haris  
Error,10/3/2017 8:07:35 AM,EventCreate,1,None,Application,djkvdihost421.jakarta01.com,JAKARTA01\Agus  
Error,10/3/2017 8:07:26 AM,EventCreate,1,None,Application,djkvdihost361.jakarta01.com,JAKARTA01\rizal  
Error,10/3/2017 8:07:25 AM,EventCreate,1,None,Application,djkvdihost039.jakarta01.com,JAKARTA01\syifa  
Error,10/3/2017 8:07:14 AM,EventCreate,1,None,Application,djkvdihost621.jakarta01.com,JAKARTA01\chinthiars  
Error,10/3/2017 8:07:04 AM,EventCreate,1,None,Application,djkvdihost360.jakarta01.com,JAKARTA01\rasyid  
Error,10/3/2017 8:07:00 AM,EventCreate,1,None,Application,djkvdihost863.jakarta01.com,JAKARTA01\natasya  
Error,10/3/2017 8:06:24 AM,EventCreate,1,None,Application,djkvdihost121.jakarta01.com,JAKARTA01\Yonanda  
Error,10/3/2017 8:06:22 AM,EventCreate,1,None,Application,djkvdihost036.jakarta01.com,JAKARTA01\novianti  
Error,10/3/2017 8:06:20 AM,EventCreate,1,None,Application,djkvdihost896.jakarta01.com,JAKARTA01\Joni  
Error,10/3/2017 8:06:42 AM,EventCreate,1,None,Application,djkvdihost774.jakarta01.com,JAKARTA01\Ade k  
Error,10/3/2017 8:06:40 AM,EventCreate,1,None,Application,djkvdihost250.jakarta01.com,JAKARTA01\bryan  
Error,10/3/2017 8:06:34 AM,EventCreate,1,None,Application,djkvdihost583.jakarta01.com,JAKARTA01\raditya  
Error,10/3/2017 8:06:32 AM,EventCreate,1,None,Application,djkvdihost245.jakarta01.com,JAKARTA01\mega  
Error,10/3/2017 8:06:26 AM,EventCreate,1,None,Application,djkvdihost753.jakarta01.com,JAKARTA01\sugiarto  
Error,10/3/2017 8:06:22 AM,EventCreate,1,None,Application,djkvdihost188.jakarta01.com,JAKARTA01\marchelius  
Error,10/3/2017 8:06:17 AM,EventCreate,1,None,Application,djkvdihost623.jakarta01.com,JAKARTA01\Lutfi  
Error,10/3/2017 8:06:14 AM,EventCreate,1,None,Application,djkvdihost221.jakarta01.com,JAKARTA01\pahlevi  
Error,10/3/2017 8:06:11 AM,EventCreate,1,None,Application,djkvdihost068.jakarta01.com,JAKARTA01\panji ndaru  
Error,10/3/2017 8:05:40 AM,EventCreate,1,None,Application,djkvdihost622.jakarta01.com,JAKARTA01\GuestISD43  
Error,10/3/2017 8:06:07 AM,EventCreate,1,None,Application,djkvdihost896.jakarta01.com,JAKARTA01\Joni  
Error,10/3/2017 8:05:55 AM,EventCreate,1,None,Application,djkvdihost821.jakarta01.com,JAKARTA01\Anton 2  
Error,10/3/2017 8:05:52 AM,EventCreate,1,None,Application,djkvdihost207.jakarta01.com,JAKARTA01\hardianbp  
Error,10/3/2017 8:05:48 AM,EventCreate,1,None,Application,djkvdihost419.jakarta01.com,JAKARTA01\evrizon  
Error,10/3/2017 8:05:25 AM,EventCreate,1,None,Application,djkvdihost036.jakarta01.com,JAKARTA01\novianti  
Error,10/3/2017 8:05:23 AM,EventCreate,1,None,Application,djkvdihost215.jakarta01.com,JAKARTA01\airin  
Error,10/3/2017 8:05:23 AM,EventCreate,1,None,Application,djkvdihost388.jakarta01.com,JAKARTA01\GuestISD49  
Error,10/3/2017 8:05:11 AM,EventCreate,1,None,Application,djkvdihost121.jakarta01.com,JAKARTA01\Yonanda  
Error,10/3/2017 8:05:10 AM,EventCreate,1,None,Application,djkvdihost274.jakarta01.com,JAKARTA01\Katsuhito  
Error,10/3/2017 8:05:10 AM,EventCreate,1,None,Application,djkvdihost170.jakarta01.com,JAKARTA01\lileliza  
Error,10/3/2017 8:04:58 AM,EventCreate,1,None,Application,djkvdihost845.jakarta01.com,JAKARTA01\deddy  
Error,10/3/2017 8:04:57 AM,EventCreate,1,None,Application,djkvdihost134.jakarta01.com,JAKARTA01\dananwst  
Error,10/3/2017 8:04:49 AM,EventCreate,1,None,Application,djkvdihost586.jakarta01.com,JAKARTA01\ClarissaMh  
Error,10/3/2017 8:04:46 AM,EventCreate,1,None,Application,djkvdihost373.jakarta01.com,JAKARTA01\dwi septiyanti  
Error,10/3/2017 8:04:32 AM,EventCreate,1,None,Application,djkvdihost858.jakarta01.com,JAKARTA01\harry  
Error,10/3/2017 8:04:31 AM,EventCreate,1,None,Application,djkvdihost137.jakarta01.com,JAKARTA01\Clara  
Error,10/3/2017 8:04:22 AM,EventCreate,1,None,Application,djkvdihost258.jakarta01.com,JAKARTA01\enrikko  
Error,10/3/2017 8:03:51 AM,EventCreate,1,None,Application,djkvdihost466.jakarta01.com,JAKARTA01\toyoda  
Error,10/3/2017 8:04:14 AM,EventCreate,1,None,Application,djkvdihost622.jakarta01.com,JAKARTA01\GuestISD43  
Error,10/3/2017 8:04:13 AM,EventCreate,1,None,Application,djkvdihost674.jakarta01.com,JAKARTA01\Anton  
Error,10/3/2017 8:04:12 AM,EventCreate,1,None,Application,djkvdihost667.jakarta01.com,JAKARTA01\wiranti  
Error,10/3/2017 8:04:11 AM,EventCreate,1,None,Application,djkvdihost762.jakarta01.com,JAKARTA01\Widi Anggraeni  
Error,10/3/2017 8:04:11 AM,EventCreate,1,None,Application,djkvdihost128.jakarta01.com,JAKARTA01\Nikmatullah  
Error,10/3/2017 8:04:06 AM,EventCreate,1,None,Application,djkvdihost072.jakarta01.com,JAKARTA01\hanna  
Error,10/3/2017 8:04:05 AM,EventCreate,1,None,Application,djkvdihost741.jakarta01.com,JAKARTA01\maitri  
Error,10/3/2017 8:04:04 AM,EventCreate,1,None,Application,djkvdihost087.jakarta01.com,JAKARTA01\ouki  
Error,10/3/2017 8:03:58 AM,EventCreate,1,None,Application,djkvdihost179.jakarta01.com,JAKARTA01\Tino  
Error,10/3/2017 8:03:57 AM,EventCreate,1,None,Application,djkvdihost321.jakarta01.com,JAKARTA01\AULIASA  
Error,10/3/2017 8:03:54 AM,EventCreate,1,None,Application,djkvdihost084.jakarta01.com,JAKARTA01\dimas  
Error,10/3/2017 8:03:49 AM,EventCreate,1,None,Application,djkvdihost094.jakarta01.com,JAKARTA01\subhan  
Error,10/3/2017 8:03:49 AM,EventCreate,1,None,Application,djkvdihost214.jakarta01.com,JAKARTA01\adityo  
Error,10/3/2017 8:03:48 AM,Application Error,1000,(100),Application,djkvdihost466.jakarta01.com,"Faulting application name: OUTLOOK.EXE, version: 15.0.4919.1001, time stamp: 0x58d20482
Faulting module name: OUTLOOK.EXE, version: 15.0.4919.1001, time stamp: 0x58d20482
Exception code: 0xc0000005
Fault offset: 0x000bf01b
Faulting process id: 0x14a0
Faulting application start time: 0x01d33be24079f8ec
Faulting application path: C:\Program Files\Microsoft Office\Office15\OUTLOOK.EXE
Faulting module path: C:\Program Files\Microsoft Office\Office15\OUTLOOK.EXE
Report Id: b633fc7e-a7d6-11e7-846e-0050569f35be"
Error,10/3/2017 8:03:33 AM,EventCreate,1,None,Application,djkvdihost819.jakarta01.com,JAKARTA01\wulan  
Error,10/3/2017 8:03:01 AM,EventCreate,1,None,Application,djkvdihost531.jakarta01.com,JAKARTA01\andiani  
Error,10/3/2017 8:03:01 AM,Application Error,1000,(100),Application,djkvdihost531.jakarta01.com,"Faulting application name: wfcrun32.exe, version: 14.4.1000.16, time stamp: 0x571e1bd4
Faulting module name: unknown, version: 0.0.0.0, time stamp: 0x00000000
Exception code: 0xc0000005
Fault offset: 0x775ce1a9
Faulting process id: 0x18ac
Faulting application start time: 0x01d33be35bba10c6
Faulting application path: C:\Program Files\Citrix\ICA Client\wfcrun32.exe
Faulting module path: unknown
Report Id: 99a6e0c6-a7d6-11e7-864c-0050569f42e0"
