Error,10/3/2017 7:26:36 PM,Application Error,1000,(100),Application,djkvdihost762.jakarta01.com,"Faulting application name: lync.exe, version: 15.0.4919.1000, time stamp: 0x58c7ab1e
Faulting module name: ntdll.dll, version: 6.1.7601.23714, time stamp: 0x58bf8774
Exception code: 0xc0000005
Fault offset: 0x00031dca
Faulting process id: 0x1bb0
Faulting application start time: 0x01d33c355d1ed5ab
Faulting application path: C:\Program Files\Microsoft Office\Office15\lync.exe
Faulting module path: C:\Windows\SYSTEM32\ntdll.dll
Report Id: 1896f0c9-a836-11e7-8d3d-0050569f615e"
Error,10/3/2017 7:00:02 PM,EventCreate,1,None,Application,djkvdihost373.jakarta01.com,JAKARTA01\dwi septiyanti  
Error,10/3/2017 7:00:02 PM,Application Error,1000,(100),Application,djkvdihost373.jakarta01.com,"Faulting application name: OUTLOOK.EXE, version: 15.0.4919.1001, time stamp: 0x58d20482
Faulting module name: OUTLOOK.EXE, version: 15.0.4919.1001, time stamp: 0x58d20482
Exception code: 0xc0000005
Fault offset: 0x008924c4
Faulting process id: 0x23dc
Faulting application start time: 0x01d33c3797e5d072
Faulting application path: C:\Program Files\Microsoft Office\Office15\OUTLOOK.EXE
Faulting module path: C:\Program Files\Microsoft Office\Office15\OUTLOOK.EXE
Report Id: 6286edfd-a832-11e7-82da-0050569f2775"
Error,10/3/2017 6:59:20 PM,EventCreate,1,None,Application,djkvdihost733.jakarta01.com,JAKARTA01\aulya  
Error,10/3/2017 6:59:16 PM,Application Error,1000,(100),Application,djkvdihost733.jakarta01.com,"Faulting application name: OUTLOOK.EXE, version: 15.0.4919.1001, time stamp: 0x58d20482
Faulting module name: OUTLOOK.EXE, version: 15.0.4919.1001, time stamp: 0x58d20482
Exception code: 0xc0000005
Fault offset: 0x008924c7
Faulting process id: 0x2300
Faulting application start time: 0x01d33c3d882b1c0b
Faulting application path: C:\Program Files\Microsoft Office\Office15\OUTLOOK.EXE
Faulting module path: C:\Program Files\Microsoft Office\Office15\OUTLOOK.EXE
Report Id: 475cd9c1-a832-11e7-84ae-0050569f6100"
Error,10/3/2017 6:42:29 PM,EventCreate,1,None,Application,djkvdihost233.jakarta01.com,JAKARTA01\ici  
Error,10/3/2017 6:38:39 PM,EventCreate,1,None,Application,djkvdihost787.jakarta01.com,JAKARTA01\army  
Error,10/3/2017 6:38:36 PM,Application Error,1000,(100),Application,djkvdihost787.jakarta01.com,"Faulting application name: OUTLOOK.EXE, version: 15.0.4919.1001, time stamp: 0x58d20482
Faulting module name: OUTLOOK.EXE, version: 15.0.4919.1001, time stamp: 0x58d20482
Exception code: 0xc0000005
Fault offset: 0x008924c7
Faulting process id: 0x1e14
Faulting application start time: 0x01d33bef615de288
Faulting application path: C:\Program Files\Microsoft Office\Office15\OUTLOOK.EXE
Faulting module path: C:\Program Files\Microsoft Office\Office15\OUTLOOK.EXE
Report Id: 6420e67e-a82f-11e7-b588-0050569f2b5f"
Error,10/3/2017 6:34:49 PM,EventCreate,1,None,Application,djkvdihost024.jakarta01.com,JAKARTA01\toyoda  
Error,10/3/2017 4:49:43 PM,EventCreate,1,None,Application,djkvdihost520.jakarta01.com,JAKARTA01\mahendrars  
Error,10/3/2017 6:25:28 PM,EventCreate,1,None,Application,djkvdihost094.jakarta01.com,JAKARTA01\raymond  
Error,10/3/2017 6:20:12 PM,EventCreate,1,None,Application,djkvdihost400.jakarta01.com,JAKARTA01\AdindaGita  
Error,10/3/2017 6:18:10 PM,EventCreate,1,None,Application,djkvdihost687.jakarta01.com,JAKARTA01\ayu  
Error,10/3/2017 6:18:10 PM,Application Error,1000,(100),Application,djkvdihost687.jakarta01.com,"Faulting application name: WINWORD.EXE, version: 15.0.4911.1000, time stamp: 0x58a2c075
Faulting module name: wwlib.dll, version: 15.0.4911.1000, time stamp: 0x58a2c073
Exception code: 0xc0000005
Fault offset: 0x006f1046
Faulting process id: 0x1ce0
Faulting application start time: 0x01d33c3947152574
Faulting application path: C:\Program Files\Microsoft Office\Office15\WINWORD.EXE
Faulting module path: C:\Program Files\Microsoft Office\Office15\wwlib.dll
Report Id: 896ca294-a82c-11e7-9cca-0050569f4c9f"
Error,10/3/2017 6:17:57 PM,EventCreate,1,None,Application,djkvdihost687.jakarta01.com,JAKARTA01\ayu  
Error,10/3/2017 6:17:57 PM,Application Error,1000,(100),Application,djkvdihost687.jakarta01.com,"Faulting application name: WINWORD.EXE, version: 15.0.4911.1000, time stamp: 0x58a2c075
Faulting module name: wwlib.dll, version: 15.0.4911.1000, time stamp: 0x58a2c073
Exception code: 0xc0000005
Fault offset: 0x006f1046
Faulting process id: 0xf14
Faulting application start time: 0x01d33c365fc31b74
Faulting application path: C:\Program Files\Microsoft Office\Office15\WINWORD.EXE
Faulting module path: C:\Program Files\Microsoft Office\Office15\wwlib.dll
Report Id: 819f88c4-a82c-11e7-9cca-0050569f4c9f"
Error,10/3/2017 6:17:46 PM,EventCreate,1,None,Application,djkvdihost446.jakarta01.com,JAKARTA01\valery  
Error,10/3/2017 6:17:45 PM,Application Error,1000,(100),Application,djkvdihost446.jakarta01.com,"Faulting application name: OUTLOOK.EXE, version: 15.0.4919.1001, time stamp: 0x58d20482
Faulting module name: OUTLOOK.EXE, version: 15.0.4919.1001, time stamp: 0x58d20482
Exception code: 0xc0000005
Fault offset: 0x008924c4
Faulting process id: 0x13cc
Faulting application start time: 0x01d33c1bcc94a3e7
Faulting application path: C:\Program Files\Microsoft Office\Office15\OUTLOOK.EXE
Faulting module path: C:\Program Files\Microsoft Office\Office15\OUTLOOK.EXE
Report Id: 7aa9bdbb-a82c-11e7-9efe-0050569f2b47"
Error,10/3/2017 6:16:48 PM,EventCreate,1,None,Application,djkvdihost571.jakarta01.com,JAKARTA01\Herlina  
Error,10/3/2017 6:05:57 PM,EventCreate,1,None,Application,djkvdihost373.jakarta01.com,JAKARTA01\dwi septiyanti  
Error,10/3/2017 3:06:38 PM,EventCreate,1,None,Application,djkvdihost577.jakarta01.com,"The description for Event ID 1 from source EventCreate cannot be found. Either the component that raises this event is not installed on your local computer or the installation is corrupted. You can install or repair the component on the local computer.

If the event originated on another computer, the display information had to be saved with the event.

The following information was included with the event: 

JAKARTA01\vdiadmin  
"
Error,10/3/2017 6:05:52 PM,Application Error,1000,(100),Application,djkvdihost373.jakarta01.com,"Faulting application name: OUTLOOK.EXE, version: 15.0.4919.1001, time stamp: 0x58d20482
Faulting module name: OUTLOOK.EXE, version: 15.0.4919.1001, time stamp: 0x58d20482
Exception code: 0xc0000005
Fault offset: 0x00366c92
Faulting process id: 0x1188
Faulting application start time: 0x01d33be38de6a530
Faulting application path: C:\Program Files\Microsoft Office\Office15\OUTLOOK.EXE
Faulting module path: C:\Program Files\Microsoft Office\Office15\OUTLOOK.EXE
Report Id: d1aac658-a82a-11e7-82da-0050569f2775"
Error,10/3/2017 5:53:03 PM,EventCreate,1,None,Application,djkvdihost408.jakarta01.com,JAKARTA01\wang  
Error,10/3/2017 5:52:59 PM,Application Error,1000,(100),Application,djkvdihost408.jakarta01.com,"Faulting application name: OUTLOOK.EXE, version: 15.0.4919.1001, time stamp: 0x58d20482
Faulting module name: OUTLOOK.EXE, version: 15.0.4919.1001, time stamp: 0x58d20482
Exception code: 0xc0000005
Fault offset: 0x008924c4
Faulting process id: 0x1968
Faulting application start time: 0x01d33be30be8dcad
Faulting application path: C:\Program Files\Microsoft Office\Office15\OUTLOOK.EXE
Faulting module path: C:\Program Files\Microsoft Office\Office15\OUTLOOK.EXE
Report Id: 04a14fef-a829-11e7-9eb3-0050569f15a3"
Error,10/3/2017 5:51:29 PM,EventCreate,1,None,Application,djkvdihost780.jakarta01.com,JAKARTA01\Latiefah  
Error,10/3/2017 5:51:26 PM,Application Error,1000,(100),Application,djkvdihost780.jakarta01.com,"Faulting application name: lync.exe, version: 15.0.4919.1000, time stamp: 0x58c7ab1e
Faulting module name: unknown, version: 0.0.0.0, time stamp: 0x00000000
Exception code: 0xc0000005
Fault offset: 0x00000140
Faulting process id: 0x1568
Faulting application start time: 0x01d33be2616cd4dd
Faulting application path: C:\Program Files\Microsoft Office\Office15\lync.exe
Faulting module path: unknown
Report Id: cd1c976c-a828-11e7-a75d-0050569f1146"
Error,10/3/2017 5:50:06 PM,EventCreate,1,None,Application,djkvdihost622.jakarta01.com,JAKARTA01\Siti Atikah  
Error,10/3/2017 3:08:42 PM,EventCreate,1,None,Application,djkvdihost112.jakarta01.com,"The description for Event ID 1 from source EventCreate cannot be found. Either the component that raises this event is not installed on your local computer or the installation is corrupted. You can install or repair the component on the local computer.

If the event originated on another computer, the display information had to be saved with the event.

The following information was included with the event: 

JAKARTA01\djkusertest01  
"
Error,10/3/2017 5:46:05 PM,EventCreate,1,None,Application,djkvdihost437.jakarta01.com,JAKARTA01\ario  
Error,10/3/2017 5:45:57 PM,EventCreate,1,None,Application,djkvdihost437.jakarta01.com,JAKARTA01\ario  
Error,10/3/2017 5:45:30 PM,EventCreate,1,None,Application,djkvdihost437.jakarta01.com,JAKARTA01\ario  
Error,10/3/2017 5:44:31 PM,EventCreate,1,None,Application,djkvdihost873.jakarta01.com,JAKARTA01\bayu  
Error,10/3/2017 5:39:02 PM,EventCreate,1,None,Application,djkvdihost046.jakarta01.com,JAKARTA01\dolly  
Error,10/3/2017 5:31:40 PM,EventCreate,1,None,Application,djkvdihost401.jakarta01.com,JAKARTA01\saptorini  
Error,10/3/2017 5:30:37 PM,EventCreate,1,None,Application,djkvdihost135.jakarta01.com,JAKARTA01\michael  
Error,10/3/2017 5:30:34 PM,Application Error,1000,(100),Application,djkvdihost135.jakarta01.com,"Faulting application name: OUTLOOK.EXE, version: 15.0.4919.1001, time stamp: 0x58d20482
Faulting module name: OUTLOOK.EXE, version: 15.0.4919.1001, time stamp: 0x58d20482
Exception code: 0xc0000005
Fault offset: 0x008924c4
Faulting process id: 0x1d60
Faulting application start time: 0x01d33bfe13e55f7c
Faulting application path: C:\Program Files\Microsoft Office\Office15\OUTLOOK.EXE
Faulting module path: C:\Program Files\Microsoft Office\Office15\OUTLOOK.EXE
Report Id: e2dad9f0-a825-11e7-b7c2-0050569f64d7"
Error,10/3/2017 5:29:42 PM,EventCreate,1,None,Application,djkvdihost142.jakarta01.com,JAKARTA01\iqbal maulanasani  
Error,10/3/2017 5:30:03 PM,EventCreate,1,None,Application,djkvdihost401.jakarta01.com,JAKARTA01\saptorini  
Error,10/3/2017 5:29:14 PM,EventCreate,1,None,Application,djkvdihost142.jakarta01.com,JAKARTA01\iqbal maulanasani  
Error,10/3/2017 5:28:58 PM,EventCreate,1,None,Application,djkvdihost831.jakarta01.com,JAKARTA01\wisnu  
Error,10/3/2017 5:28:51 PM,EventCreate,1,None,Application,djkvdihost831.jakarta01.com,JAKARTA01\wisnu  
Error,10/3/2017 5:22:53 PM,EventCreate,1,None,Application,djkvdihost863.jakarta01.com,JAKARTA01\kubo  
Error,10/3/2017 5:19:25 PM,EventCreate,1,None,Application,djkvdihost401.jakarta01.com,JAKARTA01\shinta  
Error,10/3/2017 5:16:51 PM,EventCreate,1,None,Application,djkvdihost142.jakarta01.com,JAKARTA01\shinta  
Error,10/3/2017 5:16:07 PM,EventCreate,1,None,Application,djkvdihost113.jakarta01.com,JAKARTA01\sanggra  
Error,10/3/2017 5:16:07 PM,Application Error,1000,(100),Application,djkvdihost113.jakarta01.com,"Faulting application name: OUTLOOK.EXE, version: 15.0.4919.1001, time stamp: 0x58d20482
Faulting module name: OUTLOOK.EXE, version: 15.0.4919.1001, time stamp: 0x58d20482
Exception code: 0xc0000005
Fault offset: 0x008924c4
Faulting process id: 0x1ec8
Faulting application start time: 0x01d33bf8ae28578c
Faulting application path: C:\Program Files\Microsoft Office\Office15\OUTLOOK.EXE
Faulting module path: C:\Program Files\Microsoft Office\Office15\OUTLOOK.EXE
Report Id: de2e2f55-a823-11e7-a7a8-0050569f6764"
Error,10/3/2017 5:12:38 PM,EventCreate,1,None,Application,djkvdihost233.jakarta01.com,JAKARTA01\poetry  
Error,10/3/2017 5:12:31 PM,EventCreate,1,None,Application,djkvdihost233.jakarta01.com,JAKARTA01\poetry  
Error,10/3/2017 5:09:33 PM,EventCreate,1,None,Application,djkvdihost898.jakarta01.com,JAKARTA01\matthew  
Error,10/3/2017 5:09:32 PM,Application Error,1000,(100),Application,djkvdihost898.jakarta01.com,"Faulting application name: OUTLOOK.EXE, version: 15.0.4927.1001, time stamp: 0x58f5f52e
Faulting module name: unknown, version: 0.0.0.0, time stamp: 0x00000000
Exception code: 0xc0000005
Fault offset: 0x00000000
Faulting process id: 0x168
Faulting application start time: 0x01d33be45f2534d4
Faulting application path: C:\Program Files (x86)\Microsoft Office\Office15\OUTLOOK.EXE
Faulting module path: unknown
Report Id: f2a1425a-a822-11e7-90c2-0050569f032d"
Error,10/3/2017 5:06:22 PM,EventCreate,1,None,Application,djkvdihost876.jakarta01.com,JAKARTA01\bobby  
Error,10/3/2017 5:02:53 PM,EventCreate,1,None,Application,djkvdihost525.jakarta01.com,JAKARTA01\Dwi anisa  
Error,10/3/2017 5:02:23 PM,EventCreate,1,None,Application,djkvdihost039.jakarta01.com,JAKARTA01\syifa  
Error,10/3/2017 5:02:22 PM,EventCreate,1,None,Application,djkvdihost525.jakarta01.com,JAKARTA01\Dwi anisa  
Error,10/3/2017 5:02:18 PM,Application Error,1000,(100),Application,djkvdihost039.jakarta01.com,"Faulting application name: EXCEL.EXE, version: 15.0.4919.1000, time stamp: 0x58c7ab0f
Faulting module name: EXCEL.EXE, version: 15.0.4919.1000, time stamp: 0x58c7ab0f
Exception code: 0xc0000005
Fault offset: 0x0094ea89
Faulting process id: 0x16f0
Faulting application start time: 0x01d33bef7db54c1f
Faulting application path: C:\Program Files\Microsoft Office\Office15\EXCEL.EXE
Faulting module path: C:\Program Files\Microsoft Office\Office15\EXCEL.EXE
Report Id: f07437ca-a821-11e7-8c10-0050569f05ad"
Error,10/3/2017 5:01:26 PM,EventCreate,1,None,Application,djkvdihost832.jakarta01.com,JAKARTA01\livia  
Error,10/3/2017 5:01:17 PM,EventCreate,1,None,Application,djkvdihost306.jakarta01.com,JAKARTA01\brenda  
Error,10/3/2017 5:01:18 PM,EventCreate,1,None,Application,djkvdihost861.jakarta01.com,JAKARTA01\Ouchi  
Error,10/3/2017 5:01:12 PM,Application Error,1000,(100),Application,djkvdihost306.jakarta01.com,"Faulting application name: OUTLOOK.EXE, version: 15.0.4919.1001, time stamp: 0x58d20482
Faulting module name: OUTLOOK.EXE, version: 15.0.4919.1001, time stamp: 0x58d20482
Exception code: 0xc0000005
Fault offset: 0x008924c4
Faulting process id: 0x1aac
Faulting application start time: 0x01d33be3485d52c1
Faulting application path: C:\Program Files\Microsoft Office\Office15\OUTLOOK.EXE
Faulting module path: C:\Program Files\Microsoft Office\Office15\OUTLOOK.EXE
Report Id: c91c67b8-a821-11e7-a711-0050569f3e8b"
Error,10/3/2017 5:01:05 PM,EventCreate,1,None,Application,djkvdihost832.jakarta01.com,JAKARTA01\livia  
Error,10/3/2017 5:00:48 PM,EventCreate,1,None,Application,djkvdihost131.jakarta01.com,JAKARTA01\edwan  
Error,10/3/2017 5:00:01 PM,EventCreate,1,None,Application,djkvdihost119.jakarta01.com,JAKARTA01\harumi  
Error,10/3/2017 4:59:42 PM,EventCreate,1,None,Application,djkvdihost874.jakarta01.com,JAKARTA01\bayu  
Error,10/3/2017 4:59:57 PM,Application Error,1000,(100),Application,djkvdihost119.jakarta01.com,"Faulting application name: OUTLOOK.EXE, version: 15.0.4919.1001, time stamp: 0x58d20482
Faulting module name: OUTLOOK.EXE, version: 15.0.4919.1001, time stamp: 0x58d20482
Exception code: 0xc0000005
Fault offset: 0x008924c4
Faulting process id: 0x1e08
Faulting application start time: 0x01d33be32b21fe0e
Faulting application path: C:\Program Files\Microsoft Office\Office15\OUTLOOK.EXE
Faulting module path: C:\Program Files\Microsoft Office\Office15\OUTLOOK.EXE
Report Id: 9be0316c-a821-11e7-b1cb-0050569f2a4c"
Error,10/3/2017 4:59:41 PM,EventCreate,1,None,Application,djkvdihost726.jakarta01.com,JAKARTA01\Dwi anisa  
Error,10/3/2017 4:59:39 PM,Application Error,1000,(100),Application,djkvdihost874.jakarta01.com,"Faulting application name: OUTLOOK.EXE, version: 15.0.4919.1001, time stamp: 0x58d20482
Faulting module name: OUTLOOK.EXE, version: 15.0.4919.1001, time stamp: 0x58d20482
Exception code: 0xc0000005
Fault offset: 0x008924c4
Faulting process id: 0x1324
Faulting application start time: 0x01d33bf664cc5b29
Faulting application path: C:\Program Files\Microsoft Office\Office15\OUTLOOK.EXE
Faulting module path: C:\Program Files\Microsoft Office\Office15\OUTLOOK.EXE
Report Id: 9168fd1b-a821-11e7-9d95-0050569f5341"
Error,10/3/2017 4:58:43 PM,EventCreate,1,None,Application,djkvdihost094.jakarta01.com,JAKARTA01\subhan  
Error,10/3/2017 4:58:39 PM,Application Error,1000,(100),Application,djkvdihost094.jakarta01.com,"Faulting application name: EXCEL.EXE, version: 15.0.4919.1000, time stamp: 0x58c7ab0f
Faulting module name: EXCEL.EXE, version: 15.0.4919.1000, time stamp: 0x58c7ab0f
Exception code: 0xc0000005
Fault offset: 0x00100002
Faulting process id: 0x1bf8
Faulting application start time: 0x01d33be827e1ab3d
Faulting application path: C:\Program Files\Microsoft Office\Office15\EXCEL.EXE
Faulting module path: C:\Program Files\Microsoft Office\Office15\EXCEL.EXE
Report Id: 6d9e8c5c-a821-11e7-8e6d-0050569f0521"
Error,10/3/2017 4:57:30 PM,EventCreate,1,None,Application,djkvdihost687.jakarta01.com,JAKARTA01\ayu  
Error,10/3/2017 4:57:26 PM,Application Error,1000,(100),Application,djkvdihost687.jakarta01.com,"Faulting application name: OUTLOOK.EXE, version: 15.0.4919.1001, time stamp: 0x58d20482
Faulting module name: OUTLOOK.EXE, version: 15.0.4919.1001, time stamp: 0x58d20482
Exception code: 0xc0000005
Fault offset: 0x008924c4
Faulting process id: 0x1fb8
Faulting application start time: 0x01d33be21c0f6515
Faulting application path: C:\Program Files\Microsoft Office\Office15\OUTLOOK.EXE
Faulting module path: C:\Program Files\Microsoft Office\Office15\OUTLOOK.EXE
Report Id: 4266b353-a821-11e7-9cca-0050569f4c9f"
Error,10/3/2017 4:55:45 PM,EventCreate,1,None,Application,djkvdihost126.jakarta01.com,JAKARTA01\raymond  
Error,10/3/2017 4:55:39 PM,Application Error,1000,(100),Application,djkvdihost126.jakarta01.com,"Faulting application name: spoolsv.exe, version: 6.1.7601.17777, time stamp: 0x4f35efc3
Faulting module name: msvcrt.dll, version: 7.0.7601.17744, time stamp: 0x4eeaf722
Exception code: 0xc0000005
Fault offset: 0x0000aa14
Faulting process id: 0x640
Faulting application start time: 0x01d33c2bd69fa9b1
Faulting application path: C:\Windows\System32\spoolsv.exe
Faulting module path: C:\Windows\system32\msvcrt.dll
Report Id: 02309ab4-a821-11e7-bc17-0050569f2fff"
Error,10/3/2017 4:54:33 PM,EventCreate,1,None,Application,djkvdihost126.jakarta01.com,JAKARTA01\raymond  
Error,10/3/2017 4:54:16 PM,EventCreate,1,None,Application,djkvdihost161.jakarta01.com,JAKARTA01\astio  
Error,10/3/2017 4:54:15 PM,Application Error,1000,(100),Application,djkvdihost161.jakarta01.com,"Faulting application name: cwbunnav.exe, version: 12.0.0.0, time stamp: 0x483ccc47
Faulting module name: cwbunjni.dll, version: 12.0.0.0, time stamp: 0x48607acf
Exception code: 0xc0000005
Fault offset: 0x00007644
Faulting process id: 0x11e0
Faulting application start time: 0x01d33c2d8bfab1dd
Faulting application path: C:\Program Files\IBM\Client Access\cwbunnav.exe
Faulting module path: C:\Program Files\IBM\Client Access\Shared\cwbunjni.dll
Report Id: d08d7616-a820-11e7-a729-0050569f0cc0"
Error,10/3/2017 4:53:20 PM,EventCreate,1,None,Application,djkvdihost812.jakarta01.com,JAKARTA01\erikson  
Error,10/3/2017 4:53:07 PM,EventCreate,1,None,Application,djkvdihost563.jakarta01.com,JAKARTA01\guestisd39  
Error,10/3/2017 4:52:11 PM,EventCreate,1,None,Application,djkvdihost812.jakarta01.com,JAKARTA01\erikson  
Error,10/3/2017 4:51:54 PM,EventCreate,1,None,Application,djkvdihost778.jakarta01.com,JAKARTA01\livia  
Error,10/3/2017 4:51:38 PM,EventCreate,1,None,Application,djkvdihost611.jakarta01.com,JAKARTA01\budsiregar  
Error,10/3/2017 4:51:08 PM,EventCreate,1,None,Application,djkvdihost611.jakarta01.com,JAKARTA01\budsiregar  
Error,10/3/2017 4:50:23 PM,EventCreate,1,None,Application,djkvdihost573.jakarta01.com,JAKARTA01\naldi  
Error,10/3/2017 4:50:45 PM,EventCreate,1,None,Application,djkvdihost302.jakarta01.com,JAKARTA01\feni  
Error,10/3/2017 4:50:19 PM,Application Error,1000,(100),Application,djkvdihost573.jakarta01.com,"Faulting application name: OUTLOOK.EXE, version: 15.0.4919.1001, time stamp: 0x58d20482
Faulting module name: OUTLOOK.EXE, version: 15.0.4919.1001, time stamp: 0x58d20482
Exception code: 0xc0000005
Fault offset: 0x008924c4
Faulting process id: 0x157c
Faulting application start time: 0x01d33be75ccb781b
Faulting application path: C:\Program Files\Microsoft Office\Office15\OUTLOOK.EXE
Faulting module path: C:\Program Files\Microsoft Office\Office15\OUTLOOK.EXE
Report Id: 4388bb19-a820-11e7-9fda-0050569f6f7b"
Error,10/3/2017 4:45:46 PM,EventCreate,1,None,Application,djkvdihost612.jakarta01.com,JAKARTA01\darnito  
Error,10/3/2017 4:45:41 PM,EventCreate,1,None,Application,djkvdihost612.jakarta01.com,JAKARTA01\darnito  
Error,10/3/2017 4:44:37 PM,EventCreate,1,None,Application,djkvdihost815.jakarta01.com,JAKARTA01\Agus  
Error,10/3/2017 2:54:20 PM,EventCreate,1,None,Application,djkvdihost376.jakarta01.com,JAKARTA01\willya  
Error,10/3/2017 4:43:52 PM,EventCreate,1,None,Application,djkvdihost766.jakarta01.com,JAKARTA01\aisyah  
Error,10/3/2017 4:44:19 PM,EventCreate,1,None,Application,djkvdihost815.jakarta01.com,JAKARTA01\Agus  
Error,10/3/2017 4:43:41 PM,Application Error,1000,(100),Application,djkvdihost766.jakarta01.com,"Faulting application name: iexplore.exe, version: 11.0.9600.18639, time stamp: 0x58d6bb0d
Faulting module name: unknown, version: 0.0.0.0, time stamp: 0x00000000
Exception code: 0xc0000005
Fault offset: 0x7ff1c238
Faulting process id: 0x668
Faulting application start time: 0x01d33c26a66b415c
Faulting application path: C:\Program Files\Internet Explorer\iexplore.exe
Faulting module path: unknown
Report Id: 56a9d34f-a81f-11e7-8849-0050569f4f44"
Error,10/3/2017 4:43:01 PM,EventCreate,1,None,Application,djkvdihost590.jakarta01.com,JAKARTA01\komangya  
Error,10/3/2017 4:42:27 PM,EventCreate,1,None,Application,djkvdihost067.jakarta01.com,JAKARTA01\wirantika  
Error,10/3/2017 4:41:45 PM,EventCreate,1,None,Application,djkvdihost590.jakarta01.com,JAKARTA01\komangya  
Error,10/3/2017 4:41:23 PM,EventCreate,1,None,Application,djkvdihost590.jakarta01.com,JAKARTA01\komangya  
Error,10/3/2017 4:40:00 PM,EventCreate,1,None,Application,djkvdihost520.jakarta01.com,JAKARTA01\aryani  
Error,10/3/2017 4:39:52 PM,EventCreate,1,None,Application,djkvdihost255.jakarta01.com,JAKARTA01\elestari  
Error,10/3/2017 4:39:54 PM,EventCreate,1,None,Application,djkvdihost520.jakarta01.com,JAKARTA01\aryani  
Error,10/3/2017 4:38:46 PM,EventCreate,1,None,Application,djkvdihost255.jakarta01.com,JAKARTA01\elestari  
Error,10/3/2017 4:35:40 PM,EventCreate,1,None,Application,djkvdihost406.jakarta01.com,JAKARTA01\komangya  
Error,10/3/2017 4:35:19 PM,EventCreate,1,None,Application,djkvdihost406.jakarta01.com,JAKARTA01\komangya  
Error,10/3/2017 4:30:48 PM,EventCreate,1,None,Application,djkvdihost361.jakarta01.com,JAKARTA01\AdindaGita  
Error,10/3/2017 4:30:37 PM,EventCreate,1,None,Application,djkvdihost361.jakarta01.com,JAKARTA01\AdindaGita  
Error,10/3/2017 4:29:57 PM,EventCreate,1,None,Application,djkvdihost026.jakarta01.com,JAKARTA01\Thalia  
Error,10/3/2017 4:29:54 PM,EventCreate,1,None,Application,djkvdihost029.jakarta01.com,JAKARTA01\rahmatia  
Error,10/3/2017 3:57:09 PM,EventCreate,1,None,Application,djkvdihost235.jakarta01.com,JAKARTA01\Shena  
Error,10/3/2017 4:28:51 PM,EventCreate,1,None,Application,djkvdihost029.jakarta01.com,JAKARTA01\rahmatia  
Error,10/3/2017 4:28:40 PM,EventCreate,1,None,Application,djkvdihost574.jakarta01.com,JAKARTA01\debby  
Error,10/3/2017 4:28:39 PM,Application Error,1000,(100),Application,djkvdihost574.jakarta01.com,"Faulting application name: PrintIsolationHost.exe, version: 6.1.7600.16385, time stamp: 0x4a5bcebc
Faulting module name: hpzppwn7.dll, version: 0.3.7071.0, time stamp: 0x4a5bda01
Exception code: 0xc0000005
Fault offset: 0x0000de07
Faulting process id: 0x2248
Faulting application start time: 0x01d33c29e293c362
Faulting application path: C:\Windows\system32\PrintIsolationHost.exe
Faulting module path: C:\Windows\system32\spool\PRTPROCS\W32X86\hpzppwn7.dll
Report Id: 3d099d38-a81d-11e7-accf-0050569f211d"
Error,10/3/2017 4:28:58 PM,EventCreate,1,None,Application,djkvdihost026.jakarta01.com,JAKARTA01\Thalia  
Error,10/3/2017 4:28:24 PM,EventCreate,1,None,Application,djkvdihost029.jakarta01.com,JAKARTA01\rahmatia  
Error,10/3/2017 4:27:50 PM,EventCreate,1,None,Application,djkvdihost574.jakarta01.com,JAKARTA01\debby  
Error,10/3/2017 4:27:50 PM,Application Error,1000,(100),Application,djkvdihost574.jakarta01.com,"Faulting application name: PrintIsolationHost.exe, version: 6.1.7600.16385, time stamp: 0x4a5bcebc
Faulting module name: hpzppwn7.dll, version: 0.3.7071.0, time stamp: 0x4a5bda01
Exception code: 0xc0000005
Fault offset: 0x0000de07
Faulting process id: 0xf20
Faulting application start time: 0x01d33c29e1f44d3d
Faulting application path: C:\Windows\system32\PrintIsolationHost.exe
Faulting module path: C:\Windows\system32\spool\PRTPROCS\W32X86\hpzppwn7.dll
Report Id: 1faf8dfd-a81d-11e7-accf-0050569f211d"
Error,10/3/2017 4:27:49 PM,EventCreate,1,None,Application,djkvdihost574.jakarta01.com,JAKARTA01\debby  
Error,10/3/2017 4:27:45 PM,Application Error,1000,(100),Application,djkvdihost574.jakarta01.com,"Faulting application name: PrintIsolationHost.exe, version: 6.1.7600.16385, time stamp: 0x4a5bcebc
Faulting module name: hpzppwn7.dll, version: 0.3.7071.0, time stamp: 0x4a5bda01
Exception code: 0xc0000005
Fault offset: 0x0000de07
Faulting process id: 0x650
Faulting application start time: 0x01d33c29db4d5a85
Faulting application path: C:\Windows\system32\PrintIsolationHost.exe
Faulting module path: C:\Windows\system32\spool\PRTPROCS\W32X86\hpzppwn7.dll
Report Id: 1ccfc08f-a81d-11e7-accf-0050569f211d"
Error,10/3/2017 4:22:55 PM,EventCreate,1,None,Application,djkvdihost500.jakarta01.com,JAKARTA01\martha  
Error,10/3/2017 4:11:39 PM,EventCreate,1,None,Application,djkvdihost840.jakarta01.com,"The description for Event ID 1 from source EventCreate cannot be found. Either the component that raises this event is not installed on your local computer or the installation is corrupted. You can install or repair the component on the local computer.

If the event originated on another computer, the display information had to be saved with the event.

The following information was included with the event: 

JAKARTA01\djkusertest01  
"
Error,10/3/2017 4:20:11 PM,EventCreate,1,None,Application,djkvdihost410.jakarta01.com,JAKARTA01\nurfadila  
Error,10/3/2017 4:20:00 PM,EventCreate,1,None,Application,djkvdihost410.jakarta01.com,JAKARTA01\nurfadila  
Error,10/3/2017 4:16:14 PM,EventCreate,1,None,Application,djkvdihost414.jakarta01.com,JAKARTA01\regina  
Error,10/3/2017 4:15:59 PM,EventCreate,1,None,Application,djkvdihost414.jakarta01.com,JAKARTA01\regina  
Error,10/3/2017 4:13:45 PM,EventCreate,1,None,Application,djkvdihost323.jakarta01.com,JAKARTA01\cinta  
Error,10/3/2017 4:13:32 PM,EventCreate,1,None,Application,djkvdihost323.jakarta01.com,JAKARTA01\cinta  
Error,10/3/2017 4:13:22 PM,EventCreate,1,None,Application,djkvdihost323.jakarta01.com,JAKARTA01\cinta  
Error,10/3/2017 4:08:33 PM,EventCreate,1,None,Application,djkvdihost535.jakarta01.com,JAKARTA01\handayani  
Error,10/3/2017 4:08:08 PM,EventCreate,1,None,Application,djkvdihost650.jakarta01.com,JAKARTA01\ahmad zainul  
Error,10/3/2017 4:08:09 PM,EventCreate,1,None,Application,djkvdihost535.jakarta01.com,JAKARTA01\handayani  
Error,10/3/2017 4:08:05 PM,Application Error,1000,(100),Application,djkvdihost650.jakarta01.com,"Faulting application name: OUTLOOK.EXE, version: 15.0.4919.1001, time stamp: 0x58d20482
Faulting module name: OUTLOOK.EXE, version: 15.0.4919.1001, time stamp: 0x58d20482
Exception code: 0xc0000005
Fault offset: 0x008924c4
Faulting process id: 0x1714
Faulting application start time: 0x01d33be33bad5e79
Faulting application path: C:\Program Files\Microsoft Office\Office15\OUTLOOK.EXE
Faulting module path: C:\Program Files\Microsoft Office\Office15\OUTLOOK.EXE
Report Id: 5d2c5292-a81a-11e7-a64a-0050569f5c4e"
Error,10/3/2017 4:03:22 PM,EventCreate,1,None,Application,djkvdihost323.jakarta01.com,JAKARTA01\cinta  
Error,10/3/2017 4:02:18 PM,EventCreate,1,None,Application,djkvdihost815.jakarta01.com,JAKARTA01\ridjal  
Error,10/3/2017 4:01:45 PM,EventCreate,1,None,Application,djkvdihost077.jakarta01.com,JAKARTA01\andryan  
Error,10/3/2017 4:01:24 PM,EventCreate,1,None,Application,djkvdihost124.jakarta01.com,JAKARTA01\Juliet  
Error,10/3/2017 4:01:41 PM,Application Error,1000,(100),Application,djkvdihost077.jakarta01.com,"Faulting application name: OUTLOOK.EXE, version: 15.0.4919.1001, time stamp: 0x58d20482
Faulting module name: OUTLOOK.EXE, version: 15.0.4919.1001, time stamp: 0x58d20482
Exception code: 0xc0000005
Fault offset: 0x008924c4
Faulting process id: 0x1088
Faulting application start time: 0x01d33be2b93a140b
Faulting application path: C:\Program Files\Microsoft Office\Office15\OUTLOOK.EXE
Faulting module path: C:\Program Files\Microsoft Office\Office15\OUTLOOK.EXE
Report Id: 781ee790-a819-11e7-917d-0050569f3939"
Error,10/3/2017 4:01:20 PM,Application Error,1000,(100),Application,djkvdihost124.jakarta01.com,"Faulting application name: OUTLOOK.EXE, version: 15.0.4919.1001, time stamp: 0x58d20482
Faulting module name: OUTLOOK.EXE, version: 15.0.4919.1001, time stamp: 0x58d20482
Exception code: 0xc0000005
Fault offset: 0x008924c4
Faulting process id: 0xc5c
Faulting application start time: 0x01d33bf23f51943f
Faulting application path: C:\Program Files\Microsoft Office\Office15\OUTLOOK.EXE
Faulting module path: C:\Program Files\Microsoft Office\Office15\OUTLOOK.EXE
Report Id: 6c035b7c-a819-11e7-9055-0050569f4413"
Error,10/3/2017 3:55:00 PM,EventCreate,1,None,Application,djkvdihost604.jakarta01.com,JAKARTA01\tjahja  
Error,10/3/2017 3:54:57 PM,Application Error,1000,(100),Application,djkvdihost604.jakarta01.com,"Faulting application name: OUTLOOK.EXE, version: 15.0.4919.1001, time stamp: 0x58d20482
Faulting module name: OUTLOOK.EXE, version: 15.0.4919.1001, time stamp: 0x58d20482
Exception code: 0xc0000005
Fault offset: 0x008924c4
Faulting process id: 0x1a78
Faulting application start time: 0x01d33bdc45678091
Faulting application path: C:\Program Files\Microsoft Office\Office15\OUTLOOK.EXE
Faulting module path: C:\Program Files\Microsoft Office\Office15\OUTLOOK.EXE
Report Id: 878c3a58-a818-11e7-9bb9-0050569f512e"
Error,10/3/2017 3:43:19 PM,EventCreate,1,None,Application,djkvdihost360.jakarta01.com,JAKARTA01\rasyid  
Error,10/3/2017 3:43:14 PM,EventCreate,1,None,Application,djkvdihost143.jakarta01.com,JAKARTA01\ubaedi  
Error,10/3/2017 3:43:15 PM,Application Error,1000,(100),Application,djkvdihost360.jakarta01.com,"Faulting application name: OUTLOOK.EXE, version: 15.0.4919.1001, time stamp: 0x58d20482
Faulting module name: OUTLOOK.EXE, version: 15.0.4919.1001, time stamp: 0x58d20482
Exception code: 0xc0000005
Fault offset: 0x008924c4
Faulting process id: 0x1a88
Faulting application start time: 0x01d33be40dc86017
Faulting application path: C:\Program Files\Microsoft Office\Office15\OUTLOOK.EXE
Faulting module path: C:\Program Files\Microsoft Office\Office15\OUTLOOK.EXE
Report Id: e561225b-a816-11e7-8373-0050569f50dc"
Error,10/3/2017 3:43:10 PM,Application Error,1000,(100),Application,djkvdihost143.jakarta01.com,"Faulting application name: OUTLOOK.EXE, version: 15.0.4919.1001, time stamp: 0x58d20482
Faulting module name: OUTLOOK.EXE, version: 15.0.4919.1001, time stamp: 0x58d20482
Exception code: 0xc0000005
Fault offset: 0x008924c7
Faulting process id: 0x1f64
Faulting application start time: 0x01d33be4cd0f4086
Faulting application path: C:\Program Files\Microsoft Office\Office15\OUTLOOK.EXE
Faulting module path: C:\Program Files\Microsoft Office\Office15\OUTLOOK.EXE
Report Id: e26e41ca-a816-11e7-a1a7-0050569f0c5e"
Error,10/3/2017 3:33:37 PM,EventCreate,1,None,Application,djkvdihost282.jakarta01.com,JAKARTA01\hana nurul  
Error,10/3/2017 3:33:36 PM,Application Error,1000,(100),Application,djkvdihost282.jakarta01.com,"Faulting application name: WINWORD.EXE, version: 15.0.4911.1000, time stamp: 0x58a2c075
Faulting module name: mso.dll, version: 15.0.4919.1002, time stamp: 0x58de0799
Exception code: 0xc0000005
Fault offset: 0x000f8dac
Faulting process id: 0x1ef0
Faulting application start time: 0x01d33c21f9e85e4a
Faulting application path: C:\Program Files\Microsoft Office\Office15\WINWORD.EXE
Faulting module path: C:\Program Files\Common Files\Microsoft Shared\Office15\mso.dll
Report Id: 8c2b2b35-a815-11e7-b328-0050569f7327"
Error,10/3/2017 3:33:00 PM,EventCreate,1,None,Application,djkvdihost754.jakarta01.com,JAKARTA01\eka  
Error,10/3/2017 3:32:57 PM,Application Error,1000,(100),Application,djkvdihost754.jakarta01.com,"Faulting application name: OUTLOOK.EXE, version: 15.0.4919.1001, time stamp: 0x58d20482
Faulting module name: OUTLOOK.EXE, version: 15.0.4919.1001, time stamp: 0x58d20482
Exception code: 0xc0000005
Fault offset: 0x008924c4
Faulting process id: 0x1da8
Faulting application start time: 0x01d33be7e205d5a7
Faulting application path: C:\Program Files\Microsoft Office\Office15\OUTLOOK.EXE
Faulting module path: C:\Program Files\Microsoft Office\Office15\OUTLOOK.EXE
Report Id: 74b5733a-a815-11e7-92fb-0050569f2d6d"
Error,10/3/2017 3:31:06 PM,EventCreate,1,None,Application,djkvdihost282.jakarta01.com,JAKARTA01\hana nurul  
Error,10/3/2017 3:31:03 PM,Application Error,1000,(100),Application,djkvdihost282.jakarta01.com,"Faulting application name: WINWORD.EXE, version: 15.0.4911.1000, time stamp: 0x58a2c075
Faulting module name: mso.dll, version: 15.0.4919.1002, time stamp: 0x58de0799
Exception code: 0xc0000005
Fault offset: 0x000f8db8
Faulting process id: 0x1500
Faulting application start time: 0x01d33c0d821669df
Faulting application path: C:\Program Files\Microsoft Office\Office15\WINWORD.EXE
Faulting module path: C:\Program Files\Common Files\Microsoft Shared\Office15\mso.dll
Report Id: 3089e0eb-a815-11e7-b328-0050569f7327"
Error,10/3/2017 3:30:21 PM,EventCreate,1,None,Application,djkvdihost270.jakarta01.com,JAKARTA01\alexsandro  
Error,10/3/2017 3:30:16 PM,Application Error,1000,(100),Application,djkvdihost270.jakarta01.com,"Faulting application name: OUTLOOK.EXE, version: 15.0.4919.1001, time stamp: 0x58d20482
Faulting module name: OUTLOOK.EXE, version: 15.0.4919.1001, time stamp: 0x58d20482
Exception code: 0xc0000005
Fault offset: 0x008924c7
Faulting process id: 0x1d0c
Faulting application start time: 0x01d33be1cda11088
Faulting application path: C:\Program Files\Microsoft Office\Office15\OUTLOOK.EXE
Faulting module path: C:\Program Files\Microsoft Office\Office15\OUTLOOK.EXE
Report Id: 14f4c717-a815-11e7-9cb3-0050569f4cc2"
Error,10/3/2017 3:27:42 PM,EventCreate,1,None,Application,djkvdihost624.jakarta01.com,JAKARTA01\sergi  
Error,10/3/2017 3:27:41 PM,Application Error,1000,(100),Application,djkvdihost624.jakarta01.com,"Faulting application name: lync.exe, version: 15.0.4919.1000, time stamp: 0x58c7ab1e
Faulting module name: mshtml.dll, version: 11.0.9600.18639, time stamp: 0x58d6c720
Exception code: 0xc0000005
Fault offset: 0x00476281
Faulting process id: 0x14f0
Faulting application start time: 0x01d33be2f7e8562d
Faulting application path: C:\Program Files\Microsoft Office\Office15\lync.exe
Faulting module path: C:\Windows\System32\mshtml.dll
Report Id: b84accc7-a814-11e7-b53f-0050569f47f9"
Error,10/3/2017 3:27:11 PM,EventCreate,1,None,Application,djkvdihost316.jakarta01.com,JAKARTA01\Setiawan  
Error,10/3/2017 3:27:32 PM,EventCreate,1,None,Application,djkvdihost638.jakarta01.com,JAKARTA01\chinthiars  
Error,10/3/2017 3:27:08 PM,Application Error,1000,(100),Application,djkvdihost316.jakarta01.com,"Faulting application name: iexplore.exe, version: 11.0.9600.18639, time stamp: 0x58d6bb0d
Faulting module name: unknown, version: 0.0.0.0, time stamp: 0x00000000
Exception code: 0xc0000005
Fault offset: 0x7ff012c8
Faulting process id: 0x388
Faulting application start time: 0x01d33c201f607082
Faulting application path: C:\Program Files\Internet Explorer\iexplore.exe
Faulting module path: unknown
Report Id: a4c2739d-a814-11e7-aea6-0050569f6540"
Error,10/3/2017 3:25:51 PM,EventCreate,1,None,Application,djkvdihost638.jakarta01.com,JAKARTA01\chinthiars  
Error,10/3/2017 3:25:20 PM,EventCreate,1,None,Application,djkvdihost228.jakarta01.com,JAKARTA01\Virgitha  
Error,10/3/2017 3:25:16 PM,Application Error,1000,(100),Application,djkvdihost228.jakarta01.com,"Faulting application name: OUTLOOK.EXE, version: 15.0.4919.1001, time stamp: 0x58d20482
Faulting module name: OUTLOOK.EXE, version: 15.0.4919.1001, time stamp: 0x58d20482
Exception code: 0xc0000005
Fault offset: 0x008924c4
Faulting process id: 0x1fa4
Faulting application start time: 0x01d33bddb470ad3c
Faulting application path: C:\Program Files\Microsoft Office\Office15\OUTLOOK.EXE
Faulting module path: C:\Program Files\Microsoft Office\Office15\OUTLOOK.EXE
Report Id: 6249bbef-a814-11e7-8991-0050569f72c1"
Error,10/3/2017 3:22:46 PM,EventCreate,1,None,Application,djkvdihost181.jakarta01.com,JAKARTA01\Moh Ditto  
Error,10/3/2017 3:22:42 PM,Application Error,1000,(100),Application,djkvdihost181.jakarta01.com,"Faulting application name: WINWORD.EXE, version: 15.0.4911.1000, time stamp: 0x58a2c075
Faulting module name: wwlib.dll, version: 15.0.4911.1000, time stamp: 0x58a2c073
Exception code: 0xc0000005
Fault offset: 0x006f1046
Faulting process id: 0x19b8
Faulting application start time: 0x01d33c20b014f416
Faulting application path: C:\Program Files\Microsoft Office\Office15\WINWORD.EXE
Faulting module path: C:\Program Files\Microsoft Office\Office15\wwlib.dll
Report Id: 064c5536-a814-11e7-9eed-0050569f0420"
Error,10/3/2017 3:17:28 PM,EventCreate,1,None,Application,djkvdihost173.jakarta01.com,JAKARTA01\ailsa  
Error,10/3/2017 3:17:23 PM,EventCreate,1,None,Application,djkvdihost401.jakarta01.com,JAKARTA01\vanya  
Error,10/3/2017 3:17:25 PM,Application Error,1000,(100),Application,djkvdihost173.jakarta01.com,"Faulting application name: OUTLOOK.EXE, version: 15.0.4919.1001, time stamp: 0x58d20482
Faulting module name: OUTLOOK.EXE, version: 15.0.4919.1001, time stamp: 0x58d20482
Exception code: 0xc0000005
Fault offset: 0x008924c4
Faulting process id: 0x1c78
Faulting application start time: 0x01d33be2622b91e5
Faulting application path: C:\Program Files\Microsoft Office\Office15\OUTLOOK.EXE
Faulting module path: C:\Program Files\Microsoft Office\Office15\OUTLOOK.EXE
Report Id: 4915e901-a813-11e7-bfa3-0050569f2eb2"
Error,10/3/2017 3:17:23 PM,Application Error,1000,(100),Application,djkvdihost401.jakarta01.com,"Faulting application name: EXCEL.EXE, version: 15.0.4919.1000, time stamp: 0x58c7ab0f
Faulting module name: EXCEL.EXE, version: 15.0.4919.1000, time stamp: 0x58c7ab0f
Exception code: 0xc0000005
Fault offset: 0x0001c34b
Faulting process id: 0x129c
Faulting application start time: 0x01d33c0d99e5d88f
Faulting application path: C:\Program Files\Microsoft Office\Office15\EXCEL.EXE
Faulting module path: C:\Program Files\Microsoft Office\Office15\EXCEL.EXE
Report Id: 47e2b4fc-a813-11e7-8f4a-0050569f74f0"
Error,10/3/2017 3:11:07 PM,EventCreate,1,None,Application,djkvdihost537.jakarta01.com,JAKARTA01\chandra  
Error,10/3/2017 3:11:07 PM,Application Error,1000,(100),Application,djkvdihost537.jakarta01.com,"Faulting application name: EXCEL.EXE, version: 15.0.4919.1000, time stamp: 0x58c7ab0f
Faulting module name: EXCEL.EXE, version: 15.0.4919.1000, time stamp: 0x58c7ab0f
Exception code: 0xc0000005
Fault offset: 0x0005460a
Faulting process id: 0x1210
Faulting application start time: 0x01d33c157185b987
Faulting application path: C:\Program Files\Microsoft Office\Office15\EXCEL.EXE
Faulting module path: C:\Program Files\Microsoft Office\Office15\EXCEL.EXE
Report Id: 67c6d501-a812-11e7-87a7-0050569f34ed"
Error,10/3/2017 3:07:08 PM,EventCreate,1,None,Application,djkvdihost011.jakarta01.com,JAKARTA01\yorika  
Error,10/3/2017 3:07:04 PM,Application Error,1000,(100),Application,djkvdihost011.jakarta01.com,"Faulting application name: OUTLOOK.EXE, version: 15.0.4919.1001, time stamp: 0x58d20482
Faulting module name: OUTLOOK.EXE, version: 15.0.4919.1001, time stamp: 0x58d20482
Exception code: 0xc0000005
Fault offset: 0x008924c4
Faulting process id: 0x11f8
Faulting application start time: 0x01d33be265253008
Faulting application path: C:\Program Files\Microsoft Office\Office15\OUTLOOK.EXE
Faulting module path: C:\Program Files\Microsoft Office\Office15\OUTLOOK.EXE
Report Id: d6d02294-a811-11e7-bdf9-0050569f70b5"
Error,10/3/2017 3:02:19 PM,EventCreate,1,None,Application,djkvdihost357.jakarta01.com,JAKARTA01\nirliani  
Error,10/3/2017 3:01:48 PM,EventCreate,1,None,Application,djkvdihost357.jakarta01.com,JAKARTA01\nirliani  
Error,10/3/2017 2:54:10 PM,EventCreate,1,None,Application,djkvdihost715.jakarta01.com,JAKARTA01\yulianty  
Error,10/3/2017 2:54:09 PM,Application Error,1000,(100),Application,djkvdihost715.jakarta01.com,"Faulting application name: OUTLOOK.EXE, version: 15.0.4919.1001, time stamp: 0x58d20482
Faulting module name: OUTLOOK.EXE, version: 15.0.4919.1001, time stamp: 0x58d20482
Exception code: 0xc0000005
Fault offset: 0x008924c4
Faulting process id: 0x19f0
Faulting application start time: 0x01d33be203a2f465
Faulting application path: C:\Program Files\Microsoft Office\Office15\OUTLOOK.EXE
Faulting module path: C:\Program Files\Microsoft Office\Office15\OUTLOOK.EXE
Report Id: 094a8a6c-a810-11e7-a382-0050569f0951"
Error,10/3/2017 1:22:17 PM,EventCreate,1,None,Application,djkvdihost657.jakarta01.com,JAKARTA01\GuestISD57  
Error,10/3/2017 2:48:44 PM,EventCreate,1,None,Application,djkvdihost298.jakarta01.com,JAKARTA01\yumiyati  
Error,10/3/2017 2:48:51 PM,EventCreate,1,None,Application,djkvdihost766.jakarta01.com,JAKARTA01\aisyah  
Error,10/3/2017 2:48:23 PM,EventCreate,1,None,Application,djkvdihost298.jakarta01.com,JAKARTA01\yumiyati  
Error,10/3/2017 2:47:19 PM,EventCreate,1,None,Application,djkvdihost623.jakarta01.com,JAKARTA01\Lutfi  
Error,10/3/2017 2:47:05 PM,EventCreate,1,None,Application,djkvdihost441.jakarta01.com,JAKARTA01\edwin  
Error,10/3/2017 2:46:57 PM,EventCreate,1,None,Application,djkvdihost446.jakarta01.com,JAKARTA01\valery  
Error,10/3/2017 2:47:16 PM,Application Error,1000,(100),Application,djkvdihost623.jakarta01.com,"Faulting application name: OUTLOOK.EXE, version: 15.0.4919.1001, time stamp: 0x58d20482
Faulting module name: OUTLOOK.EXE, version: 15.0.4919.1001, time stamp: 0x58d20482
Exception code: 0xc0000005
Fault offset: 0x008924c4
Faulting process id: 0x1958
Faulting application start time: 0x01d33c17a32237e2
Faulting application path: C:\Program Files\Microsoft Office\Office15\OUTLOOK.EXE
Faulting module path: C:\Program Files\Microsoft Office\Office15\OUTLOOK.EXE
Report Id: 1331930d-a80f-11e7-9719-0050569f26a7"
Error,10/3/2017 2:46:59 PM,Application Error,1000,(100),Application,djkvdihost441.jakarta01.com,"Faulting application name: OUTLOOK.EXE, version: 15.0.4919.1001, time stamp: 0x58d20482
Faulting module name: OUTLOOK.EXE, version: 15.0.4919.1001, time stamp: 0x58d20482
Exception code: 0xc0000005
Fault offset: 0x008924c4
Faulting process id: 0x1d58
Faulting application start time: 0x01d33bf3b9513073
Faulting application path: C:\Program Files\Microsoft Office\Office15\OUTLOOK.EXE
Faulting module path: C:\Program Files\Microsoft Office\Office15\OUTLOOK.EXE
Report Id: 09055c15-a80f-11e7-b174-0050569f40af"
Error,10/3/2017 2:46:56 PM,Application Error,1000,(100),Application,djkvdihost446.jakarta01.com,"Faulting application name: OUTLOOK.EXE, version: 15.0.4919.1001, time stamp: 0x58d20482
Faulting module name: OUTLOOK.EXE, version: 15.0.4919.1001, time stamp: 0x58d20482
Exception code: 0xc0000005
Fault offset: 0x008924c7
Faulting process id: 0x1988
Faulting application start time: 0x01d33bfdd8e67003
Faulting application path: C:\Program Files\Microsoft Office\Office15\OUTLOOK.EXE
Faulting module path: C:\Program Files\Microsoft Office\Office15\OUTLOOK.EXE
Report Id: 07288103-a80f-11e7-9efe-0050569f2b47"
Error,10/3/2017 2:45:40 PM,EventCreate,1,None,Application,djkvdihost670.jakarta01.com,JAKARTA01\R Syafira  
Error,10/3/2017 2:45:37 PM,Application Error,1000,(100),Application,djkvdihost670.jakarta01.com,"Faulting application name: WINWORD.EXE, version: 15.0.4911.1000, time stamp: 0x58a2c075
Faulting module name: wwlib.dll, version: 15.0.4911.1000, time stamp: 0x58a2c073
Exception code: 0xc0000005
Fault offset: 0x000f4611
Faulting process id: 0x24dc
Faulting application start time: 0x01d33bfa0ba34f20
Faulting application path: C:\Program Files\Microsoft Office\Office15\WINWORD.EXE
Faulting module path: C:\Program Files\Microsoft Office\Office15\wwlib.dll
Report Id: d804092e-a80e-11e7-a436-0050569f2515"
Error,10/3/2017 2:44:45 PM,EventCreate,1,None,Application,djkvdihost486.jakarta01.com,JAKARTA01\Erlisa  
Error,10/3/2017 2:44:44 PM,Application Error,1000,(100),Application,djkvdihost486.jakarta01.com,"Faulting application name: OUTLOOK.EXE, version: 15.0.4919.1001, time stamp: 0x58d20482
Faulting module name: OUTLOOK.EXE, version: 15.0.4919.1001, time stamp: 0x58d20482
Exception code: 0xc0000005
Fault offset: 0x008924c4
Faulting process id: 0x1fac
Faulting application start time: 0x01d33be7ba224463
Faulting application path: C:\Program Files\Microsoft Office\Office15\OUTLOOK.EXE
Faulting module path: C:\Program Files\Microsoft Office\Office15\OUTLOOK.EXE
Report Id: b8973591-a80e-11e7-8aba-0050569f25ab"
Error,10/3/2017 2:41:56 PM,EventCreate,1,None,Application,djkvdihost546.jakarta01.com,JAKARTA01\muammar  
Error,10/3/2017 2:41:49 PM,EventCreate,1,None,Application,djkvdihost546.jakarta01.com,JAKARTA01\muammar  
Error,10/3/2017 2:40:47 PM,EventCreate,1,None,Application,djkvdihost546.jakarta01.com,JAKARTA01\muammar  
Error,10/3/2017 2:40:35 PM,EventCreate,1,None,Application,djkvdihost546.jakarta01.com,JAKARTA01\muammar  
Error,10/3/2017 2:38:41 PM,EventCreate,1,None,Application,djkvdihost588.jakarta01.com,JAKARTA01\guestisd36  
Error,10/3/2017 2:36:20 PM,EventCreate,1,None,Application,djkvdihost367.jakarta01.com,JAKARTA01\guestisd36  
Error,10/3/2017 2:36:19 PM,Application Error,1000,(100),Application,djkvdihost367.jakarta01.com,"Faulting application name: EXCEL.EXE, version: 15.0.4919.1000, time stamp: 0x58c7ab0f
Faulting module name: EXCEL.EXE, version: 15.0.4919.1000, time stamp: 0x58c7ab0f
Exception code: 0xc0000005
Fault offset: 0x0004f5e0
Faulting process id: 0x1ac0
Faulting application start time: 0x01d33beaff4102bf
Faulting application path: C:\Program Files\Microsoft Office\Office15\EXCEL.EXE
Faulting module path: C:\Program Files\Microsoft Office\Office15\EXCEL.EXE
Report Id: 8b61a870-a80d-11e7-bee6-0050569f32b7"
Error,10/3/2017 2:24:08 PM,EventCreate,1,None,Application,djkvdihost504.jakarta01.com,JAKARTA01\Hertanto gunadi  
Error,10/3/2017 2:22:42 PM,EventCreate,1,None,Application,djkvdihost748.jakarta01.com,JAKARTA01\mahendra  
Error,10/3/2017 2:22:39 PM,Application Error,1000,(100),Application,djkvdihost748.jakarta01.com,"Faulting application name: OUTLOOK.EXE, version: 15.0.4919.1001, time stamp: 0x58d20482
Faulting module name: OUTLOOK.EXE, version: 15.0.4919.1001, time stamp: 0x58d20482
Exception code: 0xc0000005
Fault offset: 0x008924c4
Faulting process id: 0x1ca4
Faulting application start time: 0x01d33be20f36e695
Faulting application path: C:\Program Files\Microsoft Office\Office15\OUTLOOK.EXE
Faulting module path: C:\Program Files\Microsoft Office\Office15\OUTLOOK.EXE
Report Id: a28171e7-a80b-11e7-96b3-0050569f6f59"
Error,10/3/2017 2:18:23 PM,EventCreate,1,None,Application,djkvdihost806.jakarta01.com,JAKARTA01\guestisd07  
Error,10/3/2017 2:10:29 PM,EventCreate,1,None,Application,djkvdihost380.jakarta01.com,JAKARTA01\AdindaGita  
Error,10/3/2017 2:10:25 PM,Application Error,1000,(100),Application,djkvdihost380.jakarta01.com,"Faulting application name: EXCEL.EXE, version: 11.0.8404.0, time stamp: 0x51a52fcb
Faulting module name: EXCEL.EXE, version: 11.0.8404.0, time stamp: 0x51a52fcb
Exception code: 0xc0000005
Fault offset: 0x00016107
Faulting process id: 0x23c8
Faulting application start time: 0x01d33c0899dde601
Faulting application path: C:\Program Files\Microsoft Office\OFFICE11\EXCEL.EXE
Faulting module path: C:\Program Files\Microsoft Office\OFFICE11\EXCEL.EXE
Report Id: ed188f1c-a809-11e7-9390-0050569f1bab"
Error,10/3/2017 2:08:50 PM,EventCreate,1,None,Application,djkvdihost806.jakarta01.com,JAKARTA01\guestisd64  
Error,10/3/2017 2:03:38 PM,EventCreate,1,None,Application,djkvdihost741.jakarta01.com,JAKARTA01\maitri  
Error,10/3/2017 2:03:34 PM,Application Error,1000,(100),Application,djkvdihost741.jakarta01.com,"Faulting application name: OUTLOOK.EXE, version: 15.0.4919.1001, time stamp: 0x58d20482
Faulting module name: OUTLOOK.EXE, version: 15.0.4919.1001, time stamp: 0x58d20482
Exception code: 0xc0000005
Fault offset: 0x00d4815a
Faulting process id: 0x1c7c
Faulting application start time: 0x01d33be88fe60cf2
Faulting application path: C:\Program Files\Microsoft Office\Office15\OUTLOOK.EXE
Faulting module path: C:\Program Files\Microsoft Office\Office15\OUTLOOK.EXE
Report Id: f8559761-a808-11e7-b785-0050569f3d29"
