Error,10/5/2017 7:48:49 AM,EventCreate,1,None,Application,djkvdihost181.jakarta01.com,JAKARTA01\M Fajri  
Error,10/5/2017 7:48:46 AM,EventCreate,1,None,Application,djkvdihost385.jakarta01.com,JAKARTA01\meinar  
Error,10/5/2017 7:48:40 AM,EventCreate,1,None,Application,djkvdihost901.jakarta01.com,JAKARTA01\Anosa  
Error,10/5/2017 7:48:05 AM,EventCreate,1,None,Application,djkvdihost404.jakarta01.com,JAKARTA01\aprianto  
Error,10/5/2017 7:48:04 AM,EventCreate,1,None,Application,djkvdihost579.jakarta01.com,JAKARTA01\mdendy  
Error,10/5/2017 7:48:03 AM,WSH,1,None,Application,djkvdihost385.jakarta01.com,"CN=Meinar Indria password will expire in 4 day(s) at 10/9/2017 4:29:18 PM

Press CTRL + ALT + DEL and select the ""Change a password"" option."
Error,10/5/2017 7:48:33 AM,EventCreate,1,None,Application,djkvdihost538.jakarta01.com,JAKARTA01\mazy  
Error,10/5/2017 7:48:28 AM,EventCreate,1,None,Application,djkvdihost306.jakarta01.com,JAKARTA01\Dian Permata  
Error,10/5/2017 7:48:25 AM,EventCreate,1,None,Application,djkvdihost298.jakarta01.com,JAKARTA01\Winda  
Error,10/5/2017 7:47:48 AM,EventCreate,1,None,Application,djkvdihost478.jakarta01.com,JAKARTA01\Priellya  
Error,10/5/2017 7:48:16 AM,EventCreate,1,None,Application,djkvdihost083.jakarta01.com,JAKARTA01\rini  
Error,10/5/2017 7:48:14 AM,Application Error,1000,(100),Application,djkvdihost120.jakarta01.com,"Faulting application name: spoolsv.exe, version: 6.1.7601.17777, time stamp: 0x4f35efc3
Faulting module name: msvcrt.dll, version: 7.0.7601.17744, time stamp: 0x4eeaf722
Exception code: 0xc0000005
Fault offset: 0x0000aa14
Faulting process id: 0x634
Faulting application start time: 0x01d33d076ff25dff
Faulting application path: C:\Windows\System32\spoolsv.exe
Faulting module path: C:\Windows\system32\msvcrt.dll
Report Id: de20b673-a966-11e7-af2c-0050569f50b7"
Error,10/5/2017 7:48:14 AM,EventCreate,1,None,Application,djkvdihost606.jakarta01.com,JAKARTA01\Tri Ari  
Error,10/5/2017 7:48:11 AM,EventCreate,1,None,Application,djkvdihost396.jakarta01.com,JAKARTA01\Astriana  
Error,10/5/2017 7:48:09 AM,EventCreate,1,None,Application,djkvdihost401.jakarta01.com,JAKARTA01\rezky  
Error,10/5/2017 7:47:35 AM,EventCreate,1,None,Application,djkvdihost688.jakarta01.com,JAKARTA01\palmella  
Error,10/5/2017 7:48:03 AM,EventCreate,1,None,Application,djkvdihost592.jakarta01.com,JAKARTA01\yuliana  
Error,10/5/2017 7:48:03 AM,WSH,1,None,Application,djkvdihost385.jakarta01.com,"CN=Meinar Indria password will expire in 4 day(s) at 10/9/2017 4:29:18 PM

Press CTRL + ALT + DEL and select the ""Change a password"" option."
Error,10/5/2017 7:48:00 AM,EventCreate,1,None,Application,djkvdihost298.jakarta01.com,JAKARTA01\Winda  
Error,10/5/2017 7:47:58 AM,EventCreate,1,None,Application,djkvdihost579.jakarta01.com,JAKARTA01\mdendy  
Error,10/5/2017 7:47:25 AM,EventCreate,1,None,Application,djkvdihost269.jakarta01.com,JAKARTA01\JUNETTE  
Error,10/5/2017 7:47:54 AM,EventCreate,1,None,Application,djkvdihost404.jakarta01.com,JAKARTA01\aprianto  
Error,10/5/2017 7:47:48 AM,EventCreate,1,None,Application,djkvdihost383.jakarta01.com,JAKARTA01\Rahmat  
Error,10/5/2017 7:47:40 AM,EventCreate,1,None,Application,djkvdihost478.jakarta01.com,JAKARTA01\Priellya  
Error,10/5/2017 7:47:34 AM,EventCreate,1,None,Application,djkvdihost697.jakarta01.com,JAKARTA01\janna  
Error,10/5/2017 7:46:53 AM,EventCreate,1,None,Application,djkvdihost812.jakarta01.com,JAKARTA01\kreshna  
Error,10/5/2017 7:47:20 AM,EventCreate,1,None,Application,djkvdihost616.jakarta01.com,JAKARTA01\Audyanza  
Error,10/5/2017 7:47:16 AM,EventCreate,1,None,Application,djkvdihost269.jakarta01.com,JAKARTA01\JUNETTE  
Error,10/5/2017 7:47:12 AM,EventCreate,1,None,Application,djkvdihost673.jakarta01.com,JAKARTA01\haris  
Error,10/5/2017 7:46:33 AM,WSH,1,None,Application,djkvdihost383.jakarta01.com,"CN=Rahmat Hendratama password will expire in 3 day(s) at 10/8/2017 7:42:39 AM

Press CTRL + ALT + DEL and select the ""Change a password"" option."
Error,10/5/2017 7:47:03 AM,EventCreate,1,None,Application,djkvdihost057.jakarta01.com,JAKARTA01\andika  
Error,10/5/2017 7:46:54 AM,EventCreate,1,None,Application,djkvdihost688.jakarta01.com,JAKARTA01\palmella  
Error,10/5/2017 7:46:53 AM,EventCreate,1,None,Application,djkvdihost857.jakarta01.com,JAKARTA01\deddy  
Error,10/5/2017 7:46:48 AM,EventCreate,1,None,Application,djkvdihost529.jakarta01.com,JAKARTA01\ferdi  
Error,10/5/2017 7:46:40 AM,Application Error,1000,(100),Application,djkvdihost812.jakarta01.com,"Faulting application name: spoolsv.exe, version: 6.1.7601.17777, time stamp: 0x4f35efc3
Faulting module name: msvcrt.dll, version: 7.0.7601.17744, time stamp: 0x4eeaf722
Exception code: 0xc0000005
Fault offset: 0x0000aa14
Faulting process id: 0x638
Faulting application start time: 0x01d33cf779844423
Faulting application path: C:\Windows\System32\spoolsv.exe
Faulting module path: C:\Windows\system32\msvcrt.dll
Report Id: a5d9aaae-a966-11e7-8c62-0050569f31e5"
Error,10/5/2017 7:46:38 AM,EventCreate,1,None,Application,djkvdihost434.jakarta01.com,JAKARTA01\handayani  
Error,10/5/2017 7:46:37 AM,EventCreate,1,None,Application,djkvdihost600.jakarta01.com,JAKARTA01\yosie  
Error,10/5/2017 7:46:37 AM,EventCreate,1,None,Application,djkvdihost345.jakarta01.com,JAKARTA01\aria  
Error,10/5/2017 7:46:32 AM,WSH,1,None,Application,djkvdihost383.jakarta01.com,"CN=Rahmat Hendratama password will expire in 3 day(s) at 10/8/2017 7:42:39 AM

Press CTRL + ALT + DEL and select the ""Change a password"" option."
Error,10/5/2017 7:46:24 AM,EventCreate,1,None,Application,djkvdihost880.jakarta01.com,JAKARTA01\Kurnia Arisayuga  
Error,10/5/2017 7:46:22 AM,EventCreate,1,None,Application,djkvdihost749.jakarta01.com,JAKARTA01\arismanm  
Error,10/5/2017 7:45:57 AM,EventCreate,1,None,Application,djkvdihost640.jakarta01.com,JAKARTA01\yansen  
Error,10/5/2017 7:45:21 AM,EventCreate,1,None,Application,djkvdihost154.jakarta01.com,JAKARTA01\ningmatul  
Error,10/5/2017 7:44:53 AM,EventCreate,1,None,Application,djkvdihost824.jakarta01.com,JAKARTA01\marie  
Error,10/5/2017 7:44:46 AM,EventCreate,1,None,Application,djkvdihost841.jakarta01.com,JAKARTA01\natasya  
Error,10/5/2017 7:44:43 AM,EventCreate,1,None,Application,djkvdihost596.jakarta01.com,JAKARTA01\vina  
Error,10/5/2017 7:44:08 AM,EventCreate,1,None,Application,djkvdihost613.jakarta01.com,JAKARTA01\SANI  
Error,10/5/2017 7:44:07 AM,WSH,1,None,Application,djkvdihost824.jakarta01.com,"CN=Marie Ana Aryanti password will expire in 3 day(s) at 10/8/2017 8:24:37 AM

Press CTRL + ALT + DEL and select the ""Change a password"" option."
Error,10/5/2017 7:44:36 AM,EventCreate,1,None,Application,djkvdihost595.jakarta01.com,JAKARTA01\Talitha  
Error,10/5/2017 7:44:29 AM,EventCreate,1,None,Application,djkvdihost238.jakarta01.com,JAKARTA01\vinka  
Error,10/5/2017 7:44:27 AM,EventCreate,1,None,Application,djkvdihost046.jakarta01.com,JAKARTA01\gadis  
Error,10/5/2017 7:44:26 AM,EventCreate,1,None,Application,djkvdihost408.jakarta01.com,JAKARTA01\chalfin  
Error,10/5/2017 7:44:22 AM,EventCreate,1,None,Application,djkvdihost192.jakarta01.com,JAKARTA01\Eny Masruroh  
Error,10/5/2017 7:44:16 AM,EventCreate,1,None,Application,djkvdihost704.jakarta01.com,JAKARTA01\niluh  
Error,10/5/2017 7:44:12 AM,EventCreate,1,None,Application,djkvdihost217.jakarta01.com,JAKARTA01\harish  
Error,10/5/2017 7:44:07 AM,WSH,1,None,Application,djkvdihost824.jakarta01.com,"CN=Marie Ana Aryanti password will expire in 3 day(s) at 10/8/2017 8:24:37 AM

Press CTRL + ALT + DEL and select the ""Change a password"" option."
Error,10/5/2017 7:44:03 AM,EventCreate,1,None,Application,djkvdihost613.jakarta01.com,JAKARTA01\SANI  
Error,10/5/2017 7:43:59 AM,EventCreate,1,None,Application,djkvdihost610.jakarta01.com,JAKARTA01\cecilia  
Error,10/5/2017 7:43:57 AM,EventCreate,1,None,Application,djkvdihost712.jakarta01.com,JAKARTA01\widiasmara  
Error,10/5/2017 7:43:44 AM,EventCreate,1,None,Application,djkvdihost567.jakarta01.com,JAKARTA01\Nikmatullah  
Error,10/5/2017 7:43:34 AM,EventCreate,1,None,Application,djkvdihost134.jakarta01.com,JAKARTA01\elestari  
Error,10/5/2017 7:43:17 AM,EventCreate,1,None,Application,djkvdihost834.jakarta01.com,JAKARTA01\sulistyono  
Error,10/5/2017 7:43:11 AM,EventCreate,1,None,Application,djkvdihost108.jakarta01.com,JAKARTA01\wildan  
Error,10/5/2017 7:43:07 AM,EventCreate,1,None,Application,djkvdihost488.jakarta01.com,JAKARTA01\haedar  
Error,10/5/2017 7:43:03 AM,EventCreate,1,None,Application,djkvdihost004.jakarta01.com,JAKARTA01\Pradita  
Error,10/5/2017 7:42:59 AM,EventCreate,1,None,Application,djkvdihost485.jakarta01.com,JAKARTA01\rudy  
Error,10/5/2017 7:42:50 AM,EventCreate,1,None,Application,djkvdihost601.jakarta01.com,JAKARTA01\aulya  
Error,10/5/2017 7:42:45 AM,EventCreate,1,None,Application,djkvdihost446.jakarta01.com,JAKARTA01\yudi  
Error,10/5/2017 7:42:43 AM,EventCreate,1,None,Application,djkvdihost839.jakarta01.com,JAKARTA01\suhendrayana  
Error,10/5/2017 7:42:28 AM,EventCreate,1,None,Application,djkvdihost451.jakarta01.com,JAKARTA01\cinta  
Error,10/5/2017 7:42:19 AM,EventCreate,1,None,Application,djkvdihost026.jakarta01.com,JAKARTA01\sinta  
Error,10/5/2017 7:42:18 AM,EventCreate,1,None,Application,djkvdihost308.jakarta01.com,JAKARTA01\aditya ny  
Error,10/5/2017 7:42:03 AM,EventCreate,1,None,Application,djkvdihost458.jakarta01.com,JAKARTA01\nicole  
Error,10/5/2017 7:41:47 AM,EventCreate,1,None,Application,djkvdihost150.jakarta01.com,JAKARTA01\ClarissaMh  
Error,10/5/2017 7:41:37 AM,EventCreate,1,None,Application,djkvdihost776.jakarta01.com,JAKARTA01\Arina  
Error,10/5/2017 7:41:27 AM,EventCreate,1,None,Application,djkvdihost666.jakarta01.com,JAKARTA01\Bagus Gede  
Error,10/5/2017 7:41:24 AM,EventCreate,1,None,Application,djkvdihost056.jakarta01.com,JAKARTA01\heriyadi  
Error,10/5/2017 7:41:19 AM,EventCreate,1,None,Application,djkvdihost288.jakarta01.com,JAKARTA01\Yunita  
Error,10/5/2017 7:41:15 AM,EventCreate,1,None,Application,djkvdihost002.jakarta01.com,JAKARTA01\Amelia  
Error,10/5/2017 7:40:45 AM,EventCreate,1,None,Application,djkvdihost091.jakarta01.com,JAKARTA01\arum eka  
Error,10/5/2017 7:40:29 AM,EventCreate,1,None,Application,djkvdihost163.jakarta01.com,JAKARTA01\Devina  
Error,10/5/2017 7:39:51 AM,EventCreate,1,None,Application,djkvdihost542.jakarta01.com,JAKARTA01\DanielAW  
Error,10/5/2017 7:40:14 AM,EventCreate,1,None,Application,djkvdihost337.jakarta01.com,JAKARTA01\himawan  
Error,10/5/2017 7:40:14 AM,EventCreate,1,None,Application,djkvdihost743.jakarta01.com,JAKARTA01\chris  
Error,10/5/2017 7:40:11 AM,EventCreate,1,None,Application,djkvdihost569.jakarta01.com,JAKARTA01\Hilma  
Error,10/5/2017 7:40:08 AM,EventCreate,1,None,Application,djkvdihost114.jakarta01.com,JAKARTA01\yusi  
Error,10/5/2017 7:39:23 AM,EventCreate,1,None,Application,djkvdihost084.jakarta01.com,JAKARTA01\erika  
Error,10/5/2017 7:39:22 AM,EventCreate,1,None,Application,djkvdihost123.jakarta01.com,JAKARTA01\netra  
Error,10/5/2017 7:39:12 AM,EventCreate,1,None,Application,djkvdihost542.jakarta01.com,JAKARTA01\DanielAW  
Error,10/5/2017 7:39:04 AM,EventCreate,1,None,Application,djkvdihost324.jakarta01.com,JAKARTA01\ChyntiaDN  
Error,10/5/2017 7:38:56 AM,EventCreate,1,None,Application,djkvdihost160.jakarta01.com,JAKARTA01\veronicam  
Error,10/5/2017 7:38:46 AM,EventCreate,1,None,Application,djkvdihost098.jakarta01.com,JAKARTA01\Nurhayati  
Error,10/5/2017 7:38:44 AM,EventCreate,1,None,Application,djkvdihost092.jakarta01.com,JAKARTA01\nur endah  
Error,10/5/2017 7:38:43 AM,EventCreate,1,None,Application,djkvdihost763.jakarta01.com,JAKARTA01\Dwi anisa  
Error,10/5/2017 7:38:26 AM,EventCreate,1,None,Application,djkvdihost359.jakarta01.com,JAKARTA01\wiranti  
Error,10/5/2017 7:38:04 AM,EventCreate,1,None,Application,djkvdihost098.jakarta01.com,JAKARTA01\Nurhayati  
Error,10/5/2017 7:37:51 AM,EventCreate,1,None,Application,djkvdihost021.jakarta01.com,JAKARTA01\AdrianP  
Error,10/5/2017 7:37:45 AM,EventCreate,1,None,Application,djkvdihost140.jakarta01.com,JAKARTA01\myreshka  
Error,10/5/2017 7:37:43 AM,EventCreate,1,None,Application,djkvdihost635.jakarta01.com,JAKARTA01\nadhilah  
Error,10/5/2017 7:37:05 AM,EventCreate,1,None,Application,djkvdihost414.jakarta01.com,JAKARTA01\maria  
Error,10/5/2017 7:37:02 AM,EventCreate,1,None,Application,djkvdihost334.jakarta01.com,JAKARTA01\sysdovs02  
Error,10/5/2017 7:36:38 AM,EventCreate,1,None,Application,djkvdihost685.jakarta01.com,JAKARTA01\findal  
Error,10/5/2017 7:36:16 AM,EventCreate,1,None,Application,djkvdihost001.jakarta01.com,JAKARTA01\caroline  
Error,10/5/2017 7:36:08 AM,EventCreate,1,None,Application,djkvdihost258.jakarta01.com,JAKARTA01\tudie  
Error,10/5/2017 7:35:53 AM,EventCreate,1,None,Application,djkvdihost227.jakarta01.com,JAKARTA01\Yosi  
Error,10/5/2017 7:35:41 AM,EventCreate,1,None,Application,djkvdihost584.jakarta01.com,JAKARTA01\ALTHEA  
Error,10/5/2017 7:35:33 AM,EventCreate,1,None,Application,djkvdihost139.jakarta01.com,JAKARTA01\sitti  
Error,10/5/2017 7:35:31 AM,EventCreate,1,None,Application,djkvdihost331.jakarta01.com,JAKARTA01\Erlisa  
Error,10/5/2017 7:35:29 AM,EventCreate,1,None,Application,djkvdihost516.jakarta01.com,JAKARTA01\titis  
Error,10/5/2017 7:35:24 AM,EventCreate,1,None,Application,djkvdihost587.jakarta01.com,JAKARTA01\Rafika  
Error,10/5/2017 7:35:23 AM,EventCreate,1,None,Application,djkvdihost800.jakarta01.com,JAKARTA01\mirawati  
Error,10/5/2017 7:34:42 AM,EventCreate,1,None,Application,djkvdihost691.jakarta01.com,JAKARTA01\MegaDN  
Error,10/5/2017 7:34:07 AM,EventCreate,1,None,Application,djkvdihost655.jakarta01.com,JAKARTA01\yumiyati  
Error,10/5/2017 7:33:42 AM,EventCreate,1,None,Application,djkvdihost612.jakarta01.com,JAKARTA01\antonius  
Error,10/5/2017 7:33:41 AM,EventCreate,1,None,Application,djkvdihost898.jakarta01.com,JAKARTA01\Adi Purnomo  
Error,10/5/2017 7:33:26 AM,EventCreate,1,None,Application,djkvdihost029.jakarta01.com,JAKARTA01\srahma  
Error,10/5/2017 7:33:01 AM,EventCreate,1,None,Application,djkvdihost892.jakarta01.com,JAKARTA01\Denni  
Error,10/5/2017 7:32:58 AM,EventCreate,1,None,Application,djkvdihost289.jakarta01.com,JAKARTA01\inna  
Error,10/5/2017 7:32:43 AM,EventCreate,1,None,Application,djkvdihost591.jakarta01.com,JAKARTA01\REIS  
Error,10/5/2017 7:32:42 AM,EventCreate,1,None,Application,djkvdihost476.jakarta01.com,JAKARTA01\yulianty  
Error,10/5/2017 7:32:42 AM,EventCreate,1,None,Application,djkvdihost115.jakarta01.com,JAKARTA01\arinie  
Error,10/5/2017 7:32:37 AM,EventCreate,1,None,Application,djkvdihost070.jakarta01.com,JAKARTA01\WulanAn  
Error,10/5/2017 7:32:22 AM,EventCreate,1,None,Application,djkvdihost814.jakarta01.com,JAKARTA01\rozi  
Error,10/5/2017 7:31:48 AM,EventCreate,1,None,Application,djkvdihost706.jakarta01.com,JAKARTA01\DianRamadhania  
Error,10/5/2017 7:32:01 AM,EventCreate,1,None,Application,djkvdihost814.jakarta01.com,JAKARTA01\rozi  
Error,10/5/2017 7:31:55 AM,EventCreate,1,None,Application,djkvdihost676.jakarta01.com,JAKARTA01\restiani  
Error,10/5/2017 7:31:42 AM,EventCreate,1,None,Application,djkvdihost706.jakarta01.com,JAKARTA01\DianRamadhania  
Error,10/5/2017 7:31:32 AM,EventCreate,1,None,Application,djkvdihost765.jakarta01.com,JAKARTA01\Teguh Aji  
Error,10/5/2017 7:31:17 AM,EventCreate,1,None,Application,djkvdihost590.jakarta01.com,JAKARTA01\ivan  
Error,10/5/2017 7:30:57 AM,EventCreate,1,None,Application,djkvdihost402.jakarta01.com,JAKARTA01\andiani  
Error,10/5/2017 7:30:56 AM,EventCreate,1,None,Application,djkvdihost142.jakarta01.com,JAKARTA01\Marlina  
Error,10/5/2017 7:30:47 AM,EventCreate,1,None,Application,djkvdihost580.jakarta01.com,JAKARTA01\sulaiman  
Error,10/5/2017 7:30:43 AM,EventCreate,1,None,Application,djkvdihost417.jakarta01.com,JAKARTA01\Dina Vathati  
Error,10/5/2017 7:30:33 AM,EventCreate,1,None,Application,djkvdihost742.jakarta01.com,JAKARTA01\lestari  
Error,10/5/2017 7:30:30 AM,EventCreate,1,None,Application,djkvdihost701.jakarta01.com,JAKARTA01\Liasyah  
Error,10/5/2017 7:30:23 AM,EventCreate,1,None,Application,djkvdihost716.jakarta01.com,JAKARTA01\nurmalasari  
Error,10/5/2017 7:30:16 AM,EventCreate,1,None,Application,djkvdihost858.jakarta01.com,JAKARTA01\i gede  
Error,10/5/2017 7:30:07 AM,EventCreate,1,None,Application,djkvdihost510.jakarta01.com,JAKARTA01\adhi  
Error,10/5/2017 7:29:59 AM,EventCreate,1,None,Application,djkvdihost226.jakarta01.com,JAKARTA01\GuestISD56  
Error,10/5/2017 7:29:52 AM,EventCreate,1,None,Application,djkvdihost224.jakarta01.com,JAKARTA01\Daniel  
Error,10/5/2017 7:29:37 AM,EventCreate,1,None,Application,djkvdihost835.jakarta01.com,JAKARTA01\pramana  
Error,10/5/2017 7:29:02 AM,EventCreate,1,None,Application,djkvdihost268.jakarta01.com,JAKARTA01\Dicky  
Error,10/5/2017 7:28:46 AM,EventCreate,1,None,Application,djkvdihost268.jakarta01.com,JAKARTA01\Dicky  
Error,10/5/2017 7:28:41 AM,EventCreate,1,None,Application,djkvdihost011.jakarta01.com,JAKARTA01\aditya chandra  
Error,10/5/2017 7:28:38 AM,EventCreate,1,None,Application,djkvdihost374.jakarta01.com,JAKARTA01\regina  
Error,10/5/2017 7:28:17 AM,EventCreate,1,None,Application,djkvdihost299.jakarta01.com,JAKARTA01\tesha  
Error,10/5/2017 7:27:43 AM,EventCreate,1,None,Application,djkvdihost325.jakarta01.com,JAKARTA01\ayub  
Error,10/5/2017 7:27:39 AM,EventCreate,1,None,Application,djkvdihost312.jakarta01.com,JAKARTA01\anggi  
Error,10/5/2017 7:27:34 AM,EventCreate,1,None,Application,djkvdihost317.jakarta01.com,JAKARTA01\ayudia  
Error,10/5/2017 7:27:22 AM,EventCreate,1,None,Application,djkvdihost774.jakarta01.com,JAKARTA01\vina febria  
Error,10/5/2017 7:27:07 AM,EventCreate,1,None,Application,djkvdihost897.jakarta01.com,JAKARTA01\StellaH  
Error,10/5/2017 7:27:02 AM,EventCreate,1,None,Application,djkvdihost432.jakarta01.com,JAKARTA01\irman  
Error,10/5/2017 7:26:59 AM,EventCreate,1,None,Application,djkvdihost642.jakarta01.com,JAKARTA01\pratiwi  
Error,10/5/2017 7:26:34 AM,EventCreate,1,None,Application,djkvdihost166.jakarta01.com,JAKARTA01\trisnawati  
Error,10/5/2017 7:26:25 AM,EventCreate,1,None,Application,djkvdihost519.jakarta01.com,JAKARTA01\aticha  
Error,10/5/2017 7:26:24 AM,EventCreate,1,None,Application,djkvdihost040.jakarta01.com,JAKARTA01\Amaliawati  
Error,10/5/2017 7:26:20 AM,EventCreate,1,None,Application,djkvdihost819.jakarta01.com,JAKARTA01\binar  
Error,10/5/2017 7:25:55 AM,EventCreate,1,None,Application,djkvdihost759.jakarta01.com,JAKARTA01\MIrhasE  
Error,10/5/2017 7:25:19 AM,EventCreate,1,None,Application,djkvdihost232.jakarta01.com,JAKARTA01\Hera  
Error,10/5/2017 7:24:56 AM,EventCreate,1,None,Application,djkvdihost602.jakarta01.com,JAKARTA01\Resty  
Error,10/5/2017 7:24:57 AM,EventCreate,1,None,Application,djkvdihost719.jakarta01.com,JAKARTA01\debby  
Error,10/5/2017 7:24:54 AM,EventCreate,1,None,Application,djkvdihost088.jakarta01.com,JAKARTA01\liza  
Error,10/5/2017 7:24:53 AM,EventCreate,1,None,Application,djkvdihost537.jakarta01.com,JAKARTA01\Adjeng  
Error,10/5/2017 7:24:51 AM,EventCreate,1,None,Application,djkvdihost870.jakarta01.com,JAKARTA01\m nugraha  
Error,10/5/2017 7:24:23 AM,EventCreate,1,None,Application,djkvdihost572.jakarta01.com,JAKARTA01\lenny  
Error,10/5/2017 7:24:23 AM,EventCreate,1,None,Application,djkvdihost448.jakarta01.com,JAKARTA01\rachelas  
Error,10/5/2017 7:23:59 AM,EventCreate,1,None,Application,djkvdihost821.jakarta01.com,JAKARTA01\Luki Mahanani  
Error,10/5/2017 7:23:59 AM,EventCreate,1,None,Application,djkvdihost894.jakarta01.com,JAKARTA01\Joni  
Error,10/5/2017 7:23:51 AM,EventCreate,1,None,Application,djkvdihost672.jakarta01.com,JAKARTA01\yofiandhy  
Error,10/5/2017 7:23:23 AM,EventCreate,1,None,Application,djkvdihost608.jakarta01.com,JAKARTA01\amanda chandra  
Error,10/5/2017 7:22:51 AM,EventCreate,1,None,Application,djkvdihost497.jakarta01.com,JAKARTA01\Sely  
Error,10/5/2017 7:22:51 AM,EventCreate,1,None,Application,djkvdihost730.jakarta01.com,JAKARTA01\RURI  
Error,10/5/2017 7:22:46 AM,EventCreate,1,None,Application,djkvdihost864.jakarta01.com,JAKARTA01\andi  
Error,10/5/2017 7:22:24 AM,EventCreate,1,None,Application,djkvdihost205.jakarta01.com,JAKARTA01\nunik  
Error,10/5/2017 7:22:21 AM,EventCreate,1,None,Application,djkvdihost617.jakarta01.com,JAKARTA01\Dyandra  
Error,10/5/2017 7:22:02 AM,EventCreate,1,None,Application,djkvdihost412.jakarta01.com,JAKARTA01\ayu rifa  
Error,10/5/2017 7:22:00 AM,EventCreate,1,None,Application,djkvdihost285.jakarta01.com,JAKARTA01\gatots  
Error,10/5/2017 7:21:51 AM,EventCreate,1,None,Application,djkvdihost219.jakarta01.com,JAKARTA01\teddy h  
Error,10/5/2017 7:21:50 AM,EventCreate,1,None,Application,djkvdihost848.jakarta01.com,JAKARTA01\tsusaka  
Error,10/5/2017 7:21:05 AM,EventCreate,1,None,Application,djkvdihost333.jakarta01.com,JAKARTA01\Dimas Satya  
Error,10/5/2017 7:21:33 AM,EventCreate,1,None,Application,djkvdihost627.jakarta01.com,JAKARTA01\riaanggreyni  
Error,10/5/2017 7:21:09 AM,EventCreate,1,None,Application,djkvdihost551.jakarta01.com,JAKARTA01\kusumadita  
Error,10/5/2017 7:21:09 AM,EventCreate,1,None,Application,djkvdihost735.jakarta01.com,JAKARTA01\namora  
Error,10/5/2017 7:21:01 AM,EventCreate,1,None,Application,djkvdihost333.jakarta01.com,JAKARTA01\Dimas Satya  
Error,10/5/2017 7:20:44 AM,EventCreate,1,None,Application,djkvdihost567.jakarta01.com,JAKARTA01\Luki Mahanani  
Error,10/5/2017 7:20:42 AM,EventCreate,1,None,Application,djkvdihost793.jakarta01.com,JAKARTA01\raditya  
Error,10/5/2017 7:20:31 AM,EventCreate,1,None,Application,djkvdihost171.jakarta01.com,JAKARTA01\heri  
Error,10/5/2017 7:20:28 AM,EventCreate,1,None,Application,djkvdihost809.jakarta01.com,JAKARTA01\k_ignatius  
Error,10/5/2017 7:19:55 AM,WSH,1,None,Application,djkvdihost793.jakarta01.com,"CN=Raditya Pratama password will expire in 3 day(s) at 10/8/2017 7:52:49 AM

Press CTRL + ALT + DEL and select the ""Change a password"" option."
Error,10/5/2017 7:20:18 AM,EventCreate,1,None,Application,djkvdihost069.jakarta01.com,JAKARTA01\vadya  
Error,10/5/2017 7:20:07 AM,EventCreate,1,None,Application,djkvdihost059.jakarta01.com,JAKARTA01\Rana  
Error,10/5/2017 7:19:54 AM,WSH,1,None,Application,djkvdihost793.jakarta01.com,"CN=Raditya Pratama password will expire in 3 day(s) at 10/8/2017 7:52:49 AM

Press CTRL + ALT + DEL and select the ""Change a password"" option."
Error,10/5/2017 7:19:46 AM,EventCreate,1,None,Application,djkvdihost168.jakarta01.com,JAKARTA01\yenni  
Error,10/5/2017 7:19:39 AM,EventCreate,1,None,Application,djkvdihost314.jakarta01.com,JAKARTA01\susilowati  
Error,10/5/2017 7:19:20 AM,EventCreate,1,None,Application,djkvdihost399.jakarta01.com,JAKARTA01\retno  
Error,10/5/2017 7:19:15 AM,EventCreate,1,None,Application,djkvdihost647.jakarta01.com,JAKARTA01\femmy  
Error,10/5/2017 7:19:14 AM,EventCreate,1,None,Application,djkvdihost562.jakarta01.com,JAKARTA01\Lily  
Error,10/5/2017 7:18:14 AM,EventCreate,1,None,Application,djkvdihost708.jakarta01.com,JAKARTA01\meity  
Error,10/5/2017 7:18:07 AM,EventCreate,1,None,Application,djkvdihost429.jakarta01.com,JAKARTA01\fardy  
Error,10/5/2017 7:18:05 AM,EventCreate,1,None,Application,djkvdihost745.jakarta01.com,JAKARTA01\tenri  
Error,10/5/2017 7:17:37 AM,EventCreate,1,None,Application,djkvdihost287.jakarta01.com,JAKARTA01\dian  
Error,10/5/2017 7:17:13 AM,EventCreate,1,None,Application,djkvdihost130.jakarta01.com,JAKARTA01\gati  
Error,10/5/2017 7:16:14 AM,EventCreate,1,None,Application,djkvdihost121.jakarta01.com,JAKARTA01\iqbal  
Error,10/5/2017 7:16:33 AM,EventCreate,1,None,Application,djkvdihost544.jakarta01.com,JAKARTA01\ayuningtias  
Error,10/5/2017 7:16:05 AM,EventCreate,1,None,Application,djkvdihost348.jakarta01.com,JAKARTA01\komangya  
Error,10/5/2017 7:16:02 AM,EventCreate,1,None,Application,djkvdihost240.jakarta01.com,JAKARTA01\evanc  
Error,10/5/2017 7:15:59 AM,EventCreate,1,None,Application,djkvdihost187.jakarta01.com,JAKARTA01\dyah  
Error,10/5/2017 7:15:58 AM,Application Error,1000,(100),Application,djkvdihost121.jakarta01.com,"Faulting application name: spoolsv.exe, version: 6.1.7601.17777, time stamp: 0x4f35efc3
Faulting module name: msvcrt.dll, version: 7.0.7601.17744, time stamp: 0x4eeaf722
Exception code: 0xc0000005
Fault offset: 0x0000aa14
Faulting process id: 0x638
Faulting application start time: 0x01d33d190f46067b
Faulting application path: C:\Windows\System32\spoolsv.exe
Faulting module path: C:\Windows\system32\msvcrt.dll
Report Id: 5c3c03f0-a962-11e7-8c5f-0050569f69fa"
Error,10/5/2017 7:15:51 AM,EventCreate,1,None,Application,djkvdihost662.jakarta01.com,JAKARTA01\fatma  
Error,10/5/2017 7:15:26 AM,EventCreate,1,None,Application,djkvdihost853.jakarta01.com,JAKARTA01\ueda  
Error,10/5/2017 7:15:01 AM,EventCreate,1,None,Application,djkvdihost025.jakarta01.com,JAKARTA01\santoso  
Error,10/5/2017 7:14:26 AM,EventCreate,1,None,Application,djkvdihost784.jakarta01.com,JAKARTA01\Marthen  
Error,10/5/2017 7:14:53 AM,EventCreate,1,None,Application,djkvdihost833.jakarta01.com,JAKARTA01\isnaini  
Error,10/5/2017 7:14:22 AM,EventCreate,1,None,Application,djkvdihost811.jakarta01.com,JAKARTA01\mutiara  
Error,10/5/2017 7:14:40 AM,EventCreate,1,None,Application,djkvdihost651.jakarta01.com,JAKARTA01\livia  
Error,10/5/2017 7:14:28 AM,EventCreate,1,None,Application,djkvdihost169.jakarta01.com,JAKARTA01\danielhp  
Error,10/5/2017 7:13:41 AM,WSH,1,None,Application,djkvdihost784.jakarta01.com,"CN=Marthen password will expire in 3 day(s) at 10/8/2017 8:33:25 AM

Press CTRL + ALT + DEL and select the ""Change a password"" option."
Error,10/5/2017 7:13:34 AM,WSH,1,None,Application,djkvdihost811.jakarta01.com,"CN=Mutiara Annisa password will expire in 0 day(s) at 10/5/2017 6:47:13 PM

Press CTRL + ALT + DEL and select the ""Change a password"" option."
Error,10/5/2017 7:13:40 AM,WSH,1,None,Application,djkvdihost784.jakarta01.com,"CN=Marthen password will expire in 3 day(s) at 10/8/2017 8:33:25 AM

Press CTRL + ALT + DEL and select the ""Change a password"" option."
Error,10/5/2017 7:13:36 AM,EventCreate,1,None,Application,djkvdihost462.jakarta01.com,JAKARTA01\polyska  
Error,10/5/2017 7:13:34 AM,WSH,1,None,Application,djkvdihost811.jakarta01.com,"CN=Mutiara Annisa password will expire in 0 day(s) at 10/5/2017 6:47:13 PM

Press CTRL + ALT + DEL and select the ""Change a password"" option."
Error,10/5/2017 7:13:00 AM,EventCreate,1,None,Application,djkvdihost462.jakarta01.com,JAKARTA01\polyska  
Error,10/5/2017 7:12:37 AM,EventCreate,1,None,Application,djkvdihost428.jakarta01.com,JAKARTA01\nony  
Error,10/5/2017 7:12:27 AM,EventCreate,1,None,Application,djkvdihost058.jakarta01.com,JAKARTA01\DEVI  
Error,10/5/2017 7:11:24 AM,EventCreate,1,None,Application,djkvdihost210.jakarta01.com,JAKARTA01\NovrianAS  
Error,10/5/2017 7:11:13 AM,EventCreate,1,None,Application,djkvdihost259.jakarta01.com,JAKARTA01\phesyana  
Error,10/5/2017 7:10:37 AM,EventCreate,1,None,Application,djkvdihost783.jakarta01.com,JAKARTA01\dwinda  
Error,10/5/2017 7:10:33 AM,EventCreate,1,None,Application,djkvdihost770.jakarta01.com,JAKARTA01\Pratama  
Error,10/5/2017 7:10:05 AM,EventCreate,1,None,Application,djkvdihost249.jakarta01.com,JAKARTA01\raras  
Error,10/5/2017 7:09:35 AM,EventCreate,1,None,Application,djkvdihost109.jakarta01.com,JAKARTA01\edwan  
Error,10/5/2017 7:09:28 AM,EventCreate,1,None,Application,djkvdihost644.jakarta01.com,JAKARTA01\Moh Ditto  
Error,10/5/2017 7:09:20 AM,EventCreate,1,None,Application,djkvdihost634.jakarta01.com,JAKARTA01\Shena  
Error,10/5/2017 7:09:08 AM,EventCreate,1,None,Application,djkvdihost372.jakarta01.com,JAKARTA01\feni  
Error,10/5/2017 7:09:07 AM,EventCreate,1,None,Application,djkvdihost663.jakarta01.com,JAKARTA01\alexander  
Error,10/5/2017 7:08:44 AM,EventCreate,1,None,Application,djkvdihost609.jakarta01.com,JAKARTA01\andi wijaya  
Error,10/5/2017 7:08:24 AM,EventCreate,1,None,Application,djkvdihost636.jakarta01.com,JAKARTA01\rusliyani  
Error,10/5/2017 7:08:20 AM,EventCreate,1,None,Application,djkvdihost532.jakarta01.com,JAKARTA01\Arfilia  
Error,10/5/2017 7:08:08 AM,EventCreate,1,None,Application,djkvdihost571.jakarta01.com,JAKARTA01\fatima  
Error,10/5/2017 7:06:40 AM,EventCreate,1,None,Application,djkvdihost670.jakarta01.com,JAKARTA01\marchelius  
Error,10/5/2017 7:06:01 AM,EventCreate,1,None,Application,djkvdihost234.jakarta01.com,JAKARTA01\utomo  
Error,10/5/2017 7:05:46 AM,EventCreate,1,None,Application,djkvdihost802.jakarta01.com,JAKARTA01\Sandra  
Error,10/5/2017 7:05:41 AM,EventCreate,1,None,Application,djkvdihost878.jakarta01.com,JAKARTA01\bobby  
Error,10/5/2017 7:05:40 AM,EventCreate,1,None,Application,djkvdihost063.jakarta01.com,JAKARTA01\azwar  
Error,10/5/2017 7:05:15 AM,EventCreate,1,None,Application,djkvdihost325.jakarta01.com,JAKARTA01\nurfadila  
Error,10/5/2017 7:04:44 AM,EventCreate,1,None,Application,djkvdihost262.jakarta01.com,JAKARTA01\muhammad zubayr  
Error,10/5/2017 7:04:22 AM,EventCreate,1,None,Application,djkvdihost203.jakarta01.com,JAKARTA01\indrawati  
Error,10/5/2017 7:04:07 AM,EventCreate,1,None,Application,djkvdihost419.jakarta01.com,JAKARTA01\yosephine  
Error,10/5/2017 7:03:52 AM,EventCreate,1,None,Application,djkvdihost653.jakarta01.com,JAKARTA01\mulyanto  
Error,10/5/2017 7:01:47 AM,EventCreate,1,None,Application,djkvdihost861.jakarta01.com,JAKARTA01\masuyama  
Error,10/5/2017 7:01:27 AM,EventCreate,1,None,Application,djkvdihost738.jakarta01.com,JAKARTA01\topik  
Error,10/5/2017 6:57:43 AM,EventCreate,1,None,Application,djkvdihost707.jakarta01.com,JAKARTA01\barry  
Error,10/5/2017 6:57:39 AM,EventCreate,1,None,Application,djkvdihost033.jakarta01.com,JAKARTA01\hertanto  
Error,10/5/2017 6:56:56 AM,EventCreate,1,None,Application,djkvdihost520.jakarta01.com,JAKARTA01\muhammad afif  
Error,10/5/2017 6:55:50 AM,EventCreate,1,None,Application,djkvdihost746.jakarta01.com,JAKARTA01\Patsiana  
Error,10/5/2017 6:55:16 AM,EventCreate,1,None,Application,djkvdihost252.jakarta01.com,JAKARTA01\cahyaningtiyas  
Error,10/5/2017 6:55:09 AM,EventCreate,1,None,Application,djkvdihost421.jakarta01.com,JAKARTA01\komangsd  
Error,10/5/2017 6:54:06 AM,EventCreate,1,None,Application,djkvdihost225.jakarta01.com,JAKARTA01\sasono  
Error,10/5/2017 6:53:38 AM,EventCreate,1,None,Application,djkvdihost445.jakarta01.com,JAKARTA01\Pinta  
Error,10/5/2017 6:50:28 AM,EventCreate,1,None,Application,djkvdihost178.jakarta01.com,JAKARTA01\Chinthea  
Error,10/5/2017 6:50:00 AM,EventCreate,1,None,Application,djkvdihost624.jakarta01.com,JAKARTA01\Pricillia  
Error,10/5/2017 6:50:22 AM,Application Error,1000,(100),Application,djkvdihost178.jakarta01.com,"Faulting application name: spoolsv.exe, version: 6.1.7601.17777, time stamp: 0x4f35efc3
Faulting module name: msvcrt.dll, version: 7.0.7601.17744, time stamp: 0x4eeaf722
Exception code: 0xc0000005
Fault offset: 0x0000aa14
Faulting process id: 0x63c
Faulting application start time: 0x01d33cf392fda61d
Faulting application path: C:\Windows\System32\spoolsv.exe
Faulting module path: C:\Windows\system32\msvcrt.dll
Report Id: c881a7eb-a95e-11e7-848f-0050569f35b5"
Error,10/5/2017 6:49:10 AM,WSH,1,None,Application,djkvdihost624.jakarta01.com,"CN=Pricillia Winda Sutio password will expire in 3 day(s) at 10/8/2017 6:34:54 AM

Press CTRL + ALT + DEL and select the ""Change a password"" option."
Error,10/5/2017 6:49:08 AM,WSH,1,None,Application,djkvdihost624.jakarta01.com,"CN=Pricillia Winda Sutio password will expire in 3 day(s) at 10/8/2017 6:34:54 AM

Press CTRL + ALT + DEL and select the ""Change a password"" option."
Error,10/5/2017 6:48:46 AM,EventCreate,1,None,Application,djkvdihost756.jakarta01.com,JAKARTA01\andrinur  
Error,10/5/2017 6:48:41 AM,EventCreate,1,None,Application,djkvdihost845.jakarta01.com,JAKARTA01\Ouchi  
Error,10/5/2017 6:47:56 AM,EventCreate,1,None,Application,djkvdihost713.jakarta01.com,JAKARTA01\ester  
Error,10/5/2017 6:46:42 AM,EventCreate,1,None,Application,djkvdihost213.jakarta01.com,JAKARTA01\hideo  
Error,10/5/2017 6:46:21 AM,EventCreate,1,None,Application,djkvdihost757.jakarta01.com,JAKARTA01\army  
Error,10/5/2017 6:45:32 AM,EventCreate,1,None,Application,djkvdihost273.jakarta01.com,JAKARTA01\yasinta  
Error,10/5/2017 6:45:19 AM,EventCreate,1,None,Application,djkvdihost599.jakarta01.com,JAKARTA01\tobing  
Error,10/5/2017 6:45:04 AM,EventCreate,1,None,Application,djkvdihost650.jakarta01.com,JAKARTA01\Letitia  
Error,10/5/2017 6:44:50 AM,EventCreate,1,None,Application,djkvdihost764.jakarta01.com,JAKARTA01\taufik  
Error,10/5/2017 6:42:41 AM,EventCreate,1,None,Application,djkvdihost124.jakarta01.com,JAKARTA01\gallant  
Error,10/5/2017 6:42:28 AM,Application Error,1000,(100),Application,djkvdihost124.jakarta01.com,"Faulting application name: spoolsv.exe, version: 6.1.7601.17777, time stamp: 0x4f35efc3
Faulting module name: msvcrt.dll, version: 7.0.7601.17744, time stamp: 0x4eeaf722
Exception code: 0xc0000005
Fault offset: 0x0000aa14
Faulting process id: 0x630
Faulting application start time: 0x01d33cfa498f6262
Faulting application path: C:\Windows\System32\spoolsv.exe
Faulting module path: C:\Windows\system32\msvcrt.dll
Report Id: ae195175-a95d-11e7-9f12-0050569f4413"
Error,10/5/2017 6:42:23 AM,EventCreate,1,None,Application,djkvdihost452.jakarta01.com,JAKARTA01\puji sih  
Error,10/5/2017 6:42:15 AM,EventCreate,1,None,Application,djkvdihost847.jakarta01.com,JAKARTA01\jeremia  
Error,10/5/2017 6:40:00 AM,EventCreate,1,None,Application,djkvdihost016.jakarta01.com,JAKARTA01\suwilhan  
Error,10/5/2017 6:39:41 AM,EventCreate,1,None,Application,djkvdihost570.jakarta01.com,JAKARTA01\Linah  
Error,10/5/2017 6:39:00 AM,EventCreate,1,None,Application,djkvdihost775.jakarta01.com,JAKARTA01\rusmelin  
Error,10/5/2017 6:37:03 AM,EventCreate,1,None,Application,djkvdihost545.jakarta01.com,JAKARTA01\kartika  
Error,10/5/2017 6:35:59 AM,EventCreate,1,None,Application,djkvdihost721.jakarta01.com,JAKARTA01\rusliadi  
Error,10/5/2017 6:34:57 AM,EventCreate,1,None,Application,djkvdihost137.jakarta01.com,JAKARTA01\ryan  
Error,10/5/2017 6:34:39 AM,Application Error,1000,(100),Application,djkvdihost137.jakarta01.com,"Faulting application name: spoolsv.exe, version: 6.1.7601.17777, time stamp: 0x4f35efc3
Faulting module name: msvcrt.dll, version: 7.0.7601.17744, time stamp: 0x4eeaf722
Exception code: 0xc0000005
Fault offset: 0x0000aa14
Faulting process id: 0x638
Faulting application start time: 0x01d33d07feea480b
Faulting application path: C:\Windows\System32\spoolsv.exe
Faulting module path: C:\Windows\system32\msvcrt.dll
Report Id: 9657bf75-a95c-11e7-821b-0050569f67b2"
Error,10/5/2017 6:35:00 AM,EventCreate,1,None,Application,djkvdihost062.jakarta01.com,JAKARTA01\susanto  
Error,10/5/2017 6:34:28 AM,EventCreate,1,None,Application,djkvdihost846.jakarta01.com,JAKARTA01\Machida  
Error,10/5/2017 6:34:02 AM,EventCreate,1,None,Application,djkvdihost320.jakarta01.com,JAKARTA01\kezia  
Error,10/5/2017 6:32:51 AM,EventCreate,1,None,Application,djkvdihost080.jakarta01.com,JAKARTA01\tjahja  
Error,10/5/2017 6:30:51 AM,EventCreate,1,None,Application,djkvdihost036.jakarta01.com,JAKARTA01\margiati  
Error,10/5/2017 6:28:58 AM,EventCreate,1,None,Application,djkvdihost112.jakarta01.com,JAKARTA01\Pram  
Error,10/5/2017 6:28:28 AM,EventCreate,1,None,Application,djkvdihost767.jakarta01.com,JAKARTA01\cut nyak  
Error,10/5/2017 6:26:44 AM,EventCreate,1,None,Application,djkvdihost352.jakarta01.com,JAKARTA01\Hertanto gunadi  
Error,10/5/2017 6:24:32 AM,EventCreate,1,None,Application,djkvdihost275.jakarta01.com,JAKARTA01\zaldi  
Error,10/5/2017 6:24:17 AM,EventCreate,1,None,Application,djkvdihost137.jakarta01.com,JAKARTA01\ryan  
Error,10/5/2017 6:23:31 AM,EventCreate,1,None,Application,djkvdihost161.jakarta01.com,JAKARTA01\moh rinov  
Error,10/5/2017 6:23:09 AM,EventCreate,1,None,Application,djkvdihost628.jakarta01.com,JAKARTA01\arqom  
Error,10/5/2017 6:22:33 AM,EventCreate,1,None,Application,djkvdihost152.jakarta01.com,JAKARTA01\michael  
Error,10/5/2017 6:20:47 AM,EventCreate,1,None,Application,djkvdihost207.jakarta01.com,JAKARTA01\Argo  
Error,10/5/2017 6:20:04 AM,EventCreate,1,None,Application,djkvdihost818.jakarta01.com,JAKARTA01\Idafarida  
Error,10/5/2017 6:18:51 AM,EventCreate,1,None,Application,djkvdihost076.jakarta01.com,JAKARTA01\olly  
Error,10/5/2017 6:18:26 AM,EventCreate,1,None,Application,djkvdihost076.jakarta01.com,JAKARTA01\olly  
Error,10/5/2017 6:16:28 AM,EventCreate,1,None,Application,djkvdihost502.jakarta01.com,JAKARTA01\nugraha  
Error,10/5/2017 6:13:26 AM,EventCreate,1,None,Application,djkvdihost133.jakarta01.com,JAKARTA01\Valdi  
Error,10/5/2017 6:07:13 AM,EventCreate,1,None,Application,djkvdihost003.jakarta01.com,JAKARTA01\anisa  
Error,10/5/2017 6:06:23 AM,EventCreate,1,None,Application,djkvdihost665.jakarta01.com,JAKARTA01\Erick  
Error,10/5/2017 6:06:09 AM,EventCreate,1,None,Application,djkvdihost872.jakarta01.com,JAKARTA01\hastari  
Error,10/5/2017 6:05:58 AM,EventCreate,1,None,Application,djkvdihost039.jakarta01.com,JAKARTA01\dwinanto  
Error,10/5/2017 6:03:08 AM,EventCreate,1,None,Application,djkvdihost013.jakarta01.com,JAKARTA01\agungwd  
Error,10/5/2017 5:58:13 AM,EventCreate,1,None,Application,djkvdihost433.jakarta01.com,JAKARTA01\henny  
Error,10/5/2017 5:56:54 AM,EventCreate,1,None,Application,djkvdihost457.jakarta01.com,JAKARTA01\ianm  
Error,10/5/2017 5:53:33 AM,EventCreate,1,None,Application,djkvdihost688.jakarta01.com,JAKARTA01\ridjal  
Error,10/5/2017 5:51:11 AM,EventCreate,1,None,Application,djkvdihost543.jakarta01.com,JAKARTA01\midasope  
Error,10/5/2017 5:49:37 AM,EventCreate,1,None,Application,djkvdihost188.jakarta01.com,JAKARTA01\hilmy  
Error,10/5/2017 5:44:57 AM,EventCreate,1,None,Application,djkvdihost093.jakarta01.com,JAKARTA01\dhara  
Error,10/5/2017 5:44:50 AM,Application Error,1000,(100),Application,djkvdihost093.jakarta01.com,"Faulting application name: spoolsv.exe, version: 6.1.7601.17777, time stamp: 0x4f35efc3
Faulting module name: msvcrt.dll, version: 7.0.7601.17744, time stamp: 0x4eeaf722
Exception code: 0xc0000005
Fault offset: 0x0000aa14
Faulting process id: 0x63c
Faulting application start time: 0x01d33d17621ebe7b
Faulting application path: C:\Windows\System32\spoolsv.exe
Faulting module path: C:\Windows\system32\msvcrt.dll
Report Id: a0d54e93-a955-11e7-97ac-0050569f2e88"
Error,10/5/2017 5:44:30 AM,EventCreate,1,None,Application,djkvdihost093.jakarta01.com,JAKARTA01\dhara  
Error,10/5/2017 5:43:58 AM,EventCreate,1,None,Application,djkvdihost247.jakarta01.com,JAKARTA01\SELIH  
Error,10/5/2017 5:43:06 AM,EventCreate,1,None,Application,djkvdihost474.jakarta01.com,JAKARTA01\Ajie  
Error,10/4/2017 9:29:46 PM,EventCreate,1,None,Application,djkvdihost496.jakarta01.com,JAKARTA01\henry  
Error,10/4/2017 9:29:07 PM,EventCreate,1,None,Application,djkvdihost496.jakarta01.com,JAKARTA01\henry  
Error,10/4/2017 8:33:46 PM,EventCreate,1,None,Application,djkvdihost414.jakarta01.com,JAKARTA01\Moh Ditto  
Error,10/4/2017 8:25:44 PM,EventCreate,1,None,Application,djkvdihost609.jakarta01.com,JAKARTA01\ayudia  
Error,10/4/2017 8:25:40 PM,Application Error,1000,(100),Application,djkvdihost609.jakarta01.com,"Faulting application name: WINWORD.EXE, version: 15.0.4911.1000, time stamp: 0x58a2c075
Faulting module name: wwlib.dll, version: 15.0.4911.1000, time stamp: 0x58a2c073
Exception code: 0xc0000005
Fault offset: 0x003634e7
Faulting process id: 0x274
Faulting application start time: 0x01d33d036b4c44d2
Faulting application path: C:\Program Files\Microsoft Office\Office15\WINWORD.EXE
Faulting module path: C:\Program Files\Microsoft Office\Office15\wwlib.dll
Report Id: 83aceb38-a907-11e7-83e8-0050569f2bc8"
Error,10/4/2017 8:00:13 PM,EventCreate,1,None,Application,djkvdihost563.jakarta01.com,JAKARTA01\ipuk  
Error,10/4/2017 7:56:22 PM,EventCreate,1,None,Application,djkvdihost093.jakarta01.com,JAKARTA01\arinie  
Error,10/4/2017 7:56:20 PM,Application Error,1000,(100),Application,djkvdihost093.jakarta01.com,"Faulting application name: OUTLOOK.EXE, version: 15.0.4919.1001, time stamp: 0x58d20482
Faulting module name: OUTLOOK.EXE, version: 15.0.4919.1001, time stamp: 0x58d20482
Exception code: 0xc0000005
Fault offset: 0x008924c7
Faulting process id: 0xdcc
Faulting application start time: 0x01d33cd07a1fcbdf
Faulting application path: C:\Program Files\Microsoft Office\Office15\OUTLOOK.EXE
Faulting module path: C:\Program Files\Microsoft Office\Office15\OUTLOOK.EXE
Report Id: 6a94bb62-a903-11e7-9ba0-0050569f2e88"
Error,10/4/2017 5:58:26 PM,EventCreate,1,None,Application,djkvdihost431.jakarta01.com,JAKARTA01\guestisd64  
Error,10/4/2017 7:36:59 PM,EventCreate,1,None,Application,djkvdihost325.jakarta01.com,JAKARTA01\marchelius  
Error,10/4/2017 7:36:55 PM,Application Error,1000,(100),Application,djkvdihost325.jakarta01.com,"Faulting application name: iexplore.exe, version: 11.0.9600.18639, time stamp: 0x58d6bb0d
Faulting module name: MSHTML.dll, version: 11.0.9600.18639, time stamp: 0x58d6c720
Exception code: 0xc0000005
Fault offset: 0x000ac604
Faulting process id: 0x1854
Faulting application start time: 0x01d33cb17cb7fd8c
Faulting application path: C:\Program Files\Internet Explorer\iexplore.exe
Faulting module path: C:\Windows\system32\MSHTML.dll
Report Id: b41ba374-a900-11e7-b004-0050569f3e54"
Error,10/4/2017 7:23:08 PM,EventCreate,1,None,Application,djkvdihost707.jakarta01.com,JAKARTA01\nurhayani  
Error,10/4/2017 7:23:05 PM,Application Error,1000,(100),Application,djkvdihost707.jakarta01.com,"Faulting application name: iexplore.exe, version: 11.0.9600.18639, time stamp: 0x58d6bb0d
Faulting module name: unknown, version: 0.0.0.0, time stamp: 0x00000000
Exception code: 0xc0000005
Fault offset: 0x7ff012c8
Faulting process id: 0x1530
Faulting application start time: 0x01d33d0b5c0ecfac
Faulting application path: C:\Program Files\Internet Explorer\iexplore.exe
Faulting module path: unknown
Report Id: c565402b-a8fe-11e7-afaf-0050569f5e44"
Error,10/4/2017 7:19:58 PM,EventCreate,1,None,Application,djkvdihost861.jakarta01.com,JAKARTA01\bobby  
Error,10/4/2017 7:15:34 PM,EventCreate,1,None,Application,djkvdihost414.jakarta01.com,JAKARTA01\Elisabeth  
Error,10/4/2017 7:15:32 PM,Application Error,1000,(100),Application,djkvdihost414.jakarta01.com,"Faulting application name: spoolsv.exe, version: 6.1.7601.17777, time stamp: 0x4f35efc3
Faulting module name: msvcrt.dll, version: 7.0.7601.17744, time stamp: 0x4eeaf722
Exception code: 0xc0000005
Fault offset: 0x0000aa14
Faulting process id: 0x634
Faulting application start time: 0x01d33d0964bcc283
Faulting application path: C:\Windows\System32\spoolsv.exe
Faulting module path: C:\Windows\system32\msvcrt.dll
Report Id: b75c5338-a8fd-11e7-b9f1-0050569f0db3"
Error,10/4/2017 7:15:30 PM,EventCreate,1,None,Application,djkvdihost414.jakarta01.com,JAKARTA01\Elisabeth  
Error,10/4/2017 7:15:24 PM,EventCreate,1,None,Application,djkvdihost414.jakarta01.com,JAKARTA01\Elisabeth  
Error,10/4/2017 5:04:16 PM,EventCreate,1,None,Application,djkvdihost814.jakarta01.com,JAKARTA01\guestacc10  
Error,10/4/2017 6:50:43 PM,EventCreate,1,None,Application,djkvdihost129.jakarta01.com,JAKARTA01\Budi Abianto  
Error,10/4/2017 5:03:29 PM,EventCreate,1,None,Application,djkvdihost814.jakarta01.com,JAKARTA01\guestacc10  
Error,10/4/2017 6:43:31 PM,EventCreate,1,None,Application,djkvdihost514.jakarta01.com,JAKARTA01\diena  
Error,10/4/2017 6:43:17 PM,EventCreate,1,None,Application,djkvdihost514.jakarta01.com,JAKARTA01\diena  
Error,10/4/2017 6:39:22 PM,EventCreate,1,None,Application,djkvdihost531.jakarta01.com,JAKARTA01\boby  
Error,10/4/2017 6:39:21 PM,Application Error,1000,(100),Application,djkvdihost531.jakarta01.com,"Faulting application name: PhotoScreensaver.scr, version: 6.1.7601.17514, time stamp: 0x4ce7a590
Faulting module name: SHELL32.dll, version: 6.1.7601.23537, time stamp: 0x57c450f4
Exception code: 0xc0000005
Fault offset: 0x001f269f
Faulting process id: 0x1ff0
Faulting application start time: 0x01d33cf87daa1283
Faulting application path: C:\Windows\system32\PhotoScreensaver.scr
Faulting module path: C:\Windows\system32\SHELL32.dll
Report Id: a95f6fed-a8f8-11e7-a739-0050569f42e0"
Error,10/4/2017 6:30:31 PM,EventCreate,1,None,Application,djkvdihost171.jakarta01.com,JAKARTA01\Arina  
Error,10/4/2017 6:29:32 PM,EventCreate,1,None,Application,djkvdihost819.jakarta01.com,JAKARTA01\tiar  
Error,10/4/2017 6:29:15 PM,EventCreate,1,None,Application,djkvdihost819.jakarta01.com,JAKARTA01\tiar  
Error,10/4/2017 6:28:39 PM,EventCreate,1,None,Application,djkvdihost191.jakarta01.com,JAKARTA01\rara  
Error,10/4/2017 6:28:21 PM,EventCreate,1,None,Application,djkvdihost713.jakarta01.com,JAKARTA01\tara  
Error,10/4/2017 6:28:35 PM,Application Error,1000,(100),Application,djkvdihost191.jakarta01.com,"Faulting application name: OUTLOOK.EXE, version: 15.0.4919.1001, time stamp: 0x58d20482
Faulting module name: OUTLOOK.EXE, version: 15.0.4919.1001, time stamp: 0x58d20482
Exception code: 0xc0000005
Fault offset: 0x008924c4
Faulting process id: 0x1d00
Faulting application start time: 0x01d33cac24dc5470
Faulting application path: C:\PROGRA~1\MICROS~2\Office15\OUTLOOK.EXE
Faulting module path: C:\PROGRA~1\MICROS~2\Office15\OUTLOOK.EXE
Report Id: 283ca701-a8f7-11e7-9546-0050569f44bf"
Error,10/4/2017 6:28:04 PM,EventCreate,1,None,Application,djkvdihost713.jakarta01.com,JAKARTA01\tara  
Error,10/4/2017 4:46:09 PM,EventCreate,1,None,Application,djkvdihost744.jakarta01.com,"The description for Event ID 1 from source EventCreate cannot be found. Either the component that raises this event is not installed on your local computer or the installation is corrupted. You can install or repair the component on the local computer.

If the event originated on another computer, the display information had to be saved with the event.

The following information was included with the event: 

JAKARTA01\Pratama  
"
Error,10/4/2017 4:44:57 PM,EventCreate,1,None,Application,djkvdihost744.jakarta01.com,"The description for Event ID 1 from source EventCreate cannot be found. Either the component that raises this event is not installed on your local computer or the installation is corrupted. You can install or repair the component on the local computer.

If the event originated on another computer, the display information had to be saved with the event.

The following information was included with the event: 

JAKARTA01\Pratama  
"
Error,10/4/2017 5:04:47 PM,EventCreate,1,None,Application,djkvdihost648.jakarta01.com,JAKARTA01\guestacc09  
Error,10/4/2017 6:19:38 PM,EventCreate,1,None,Application,djkvdihost350.jakarta01.com,JAKARTA01\quartiny  
Error,10/4/2017 6:16:48 PM,EventCreate,1,None,Application,djkvdihost126.jakarta01.com,JAKARTA01\Moh Ditto  
Error,10/4/2017 6:15:49 PM,EventCreate,1,None,Application,djkvdihost833.jakarta01.com,JAKARTA01\Jauw  
Error,10/4/2017 6:15:44 PM,EventCreate,1,None,Application,djkvdihost833.jakarta01.com,JAKARTA01\Jauw  
Error,10/4/2017 6:14:47 PM,EventCreate,1,None,Application,djkvdihost818.jakarta01.com,JAKARTA01\arismanm  
Error,10/4/2017 6:14:46 PM,Application Error,1000,(100),Application,djkvdihost818.jakarta01.com,"Faulting application name: OUTLOOK.EXE, version: 15.0.4919.1001, time stamp: 0x58d20482
Faulting module name: OUTLOOK.EXE, version: 15.0.4919.1001, time stamp: 0x58d20482
Exception code: 0xc0000005
Fault offset: 0x008924c4
Faulting process id: 0x1ba8
Faulting application start time: 0x01d33cd519c1dae7
Faulting application path: C:\Program Files\Microsoft Office\Office15\OUTLOOK.EXE
Faulting module path: C:\Program Files\Microsoft Office\Office15\OUTLOOK.EXE
Report Id: 3a62a182-a8f5-11e7-af75-0050569f7ace"
Error,10/4/2017 6:13:51 PM,EventCreate,1,None,Application,djkvdihost008.jakarta01.com,JAKARTA01\ryan  
Error,10/4/2017 6:13:37 PM,Application Error,1000,(100),Application,djkvdihost008.jakarta01.com,"Faulting application name: OUTLOOK.EXE, version: 15.0.4919.1001, time stamp: 0x58d20482
Faulting module name: OUTLOOK.EXE, version: 15.0.4919.1001, time stamp: 0x58d20482
Exception code: 0xc0000005
Fault offset: 0x008924c7
Faulting process id: 0x1c60
Faulting application start time: 0x01d33ca7048faf41
Faulting application path: C:\Program Files\Microsoft Office\Office15\OUTLOOK.EXE
Faulting module path: C:\Program Files\Microsoft Office\Office15\OUTLOOK.EXE
Report Id: 10ece312-a8f5-11e7-9f0c-0050569f4d38"
Error,10/4/2017 6:12:54 PM,EventCreate,1,None,Application,djkvdihost150.jakarta01.com,JAKARTA01\rozi  
Error,10/4/2017 6:12:53 PM,Application Error,1000,(100),Application,djkvdihost150.jakarta01.com,"Faulting application name: OUTLOOK.EXE, version: 15.0.4919.1001, time stamp: 0x58d20482
Faulting module name: OUTLOOK.EXE, version: 15.0.4919.1001, time stamp: 0x58d20482
Exception code: 0xc0000005
Fault offset: 0x008924c7
Faulting process id: 0x1ed4
Faulting application start time: 0x01d33ca6762cec20
Faulting application path: C:\Program Files\Microsoft Office\Office15\OUTLOOK.EXE
Faulting module path: C:\Program Files\Microsoft Office\Office15\OUTLOOK.EXE
Report Id: f6a128fc-a8f4-11e7-9a48-0050569f732a"
Error,10/4/2017 6:07:52 PM,EventCreate,1,None,Application,djkvdihost284.jakarta01.com,JAKARTA01\JanuardiI  
Error,10/4/2017 6:00:17 PM,EventCreate,1,None,Application,djkvdihost846.jakarta01.com,JAKARTA01\sodeoka  
Error,10/4/2017 5:56:30 PM,EventCreate,1,None,Application,djkvdihost154.jakarta01.com,JAKARTA01\quartiny  
