Error,10/3/2017 8:03:27 AM,EventCreate,1,None,Application,djkvdihost286.jakarta01.com,JAKARTA01\sorayahs  
Error,10/3/2017 8:03:24 AM,Application Error,1000,(100),Application,djkvdihost741.jakarta01.com,"Faulting application name: spoolsv.exe, version: 6.1.7601.17777, time stamp: 0x4f35efc3
Faulting module name: msvcrt.dll, version: 7.0.7601.17744, time stamp: 0x4eeaf722
Exception code: 0xc0000005
Fault offset: 0x0000aa14
Faulting process id: 0x634
Faulting application start time: 0x01d33b7af939807e
Faulting application path: C:\Windows\System32\spoolsv.exe
Faulting module path: C:\Windows\system32\msvcrt.dll
Report Id: a7ab1bf2-a7d6-11e7-b785-0050569f3d29"
Error,10/3/2017 8:03:20 AM,EventCreate,1,None,Application,djkvdihost803.jakarta01.com,JAKARTA01\smuhidin  
Error,10/3/2017 8:03:19 AM,EventCreate,1,None,Application,djkvdihost084.jakarta01.com,JAKARTA01\dimas  
Error,10/3/2017 8:03:17 AM,EventCreate,1,None,Application,djkvdihost058.jakarta01.com,JAKARTA01\MuhammadI  
Error,10/3/2017 8:03:17 AM,EventCreate,1,None,Application,djkvdihost597.jakarta01.com,JAKARTA01\Dini  
Error,10/3/2017 8:03:13 AM,EventCreate,1,None,Application,djkvdihost612.jakarta01.com,JAKARTA01\Nazlaini  
Error,10/3/2017 8:03:13 AM,EventCreate,1,None,Application,djkvdihost558.jakarta01.com,JAKARTA01\rubyani  
Error,10/3/2017 8:03:07 AM,EventCreate,1,None,Application,djkvdihost224.jakarta01.com,JAKARTA01\samekto  
Error,10/3/2017 8:03:00 AM,EventCreate,1,None,Application,djkvdihost534.jakarta01.com,JAKARTA01\heriansyah  
Error,10/3/2017 8:02:59 AM,Application Error,1000,(100),Application,djkvdihost597.jakarta01.com,"Faulting application name: wfcrun32.exe, version: 14.4.1000.16, time stamp: 0x571e1bd4
Faulting module name: MFC80.DLL, version: 8.0.50727.6195, time stamp: 0x4dcdeca2
Exception code: 0xc0000005
Fault offset: 0x000de1b0
Faulting process id: 0x18e8
Faulting application start time: 0x01d33be355a0107d
Faulting application path: C:\Program Files\Citrix\ICA Client\wfcrun32.exe
Faulting module path: C:\Windows\WinSxS\x86_microsoft.vc80.mfc_1fc8b3b9a1e18e3b_8.0.50727.6195_none_cbf5e994470a1a8f\MFC80.DLL
Report Id: 98e8d9d7-a7d6-11e7-8136-0050569f4d36"
Error,10/3/2017 8:02:58 AM,EventCreate,1,None,Application,djkvdihost496.jakarta01.com,JAKARTA01\puri  
Error,10/3/2017 8:02:55 AM,EventCreate,1,None,Application,djkvdihost122.jakarta01.com,JAKARTA01\Tri Ari  
Error,10/3/2017 8:02:48 AM,EventCreate,1,None,Application,djkvdihost740.jakarta01.com,JAKARTA01\vita  
Error,10/3/2017 8:02:41 AM,EventCreate,1,None,Application,djkvdihost162.jakarta01.com,JAKARTA01\gian  
Error,10/3/2017 8:02:37 AM,EventCreate,1,None,Application,djkvdihost504.jakarta01.com,JAKARTA01\lizty  
Error,10/3/2017 8:02:34 AM,EventCreate,1,None,Application,djkvdihost423.jakarta01.com,JAKARTA01\annisa inggita  
Error,10/3/2017 8:02:31 AM,EventCreate,1,None,Application,djkvdihost650.jakarta01.com,JAKARTA01\ahmad zainul  
Error,10/3/2017 8:02:30 AM,EventCreate,1,None,Application,djkvdihost566.jakarta01.com,JAKARTA01\georgedk  
Error,10/3/2017 8:02:21 AM,EventCreate,1,None,Application,djkvdihost186.jakarta01.com,JAKARTA01\zulkarnaena  
Error,10/3/2017 8:02:16 AM,EventCreate,1,None,Application,djkvdihost349.jakarta01.com,JAKARTA01\ali pasya  
Error,10/3/2017 8:01:40 AM,EventCreate,1,None,Application,djkvdihost379.jakarta01.com,JAKARTA01\lisa  
Error,10/3/2017 8:02:04 AM,EventCreate,1,None,Application,djkvdihost319.jakarta01.com,JAKARTA01\ceciliadt  
Error,10/3/2017 8:01:13 AM,EventCreate,1,None,Application,djkvdihost661.jakarta01.com,JAKARTA01\meva  
Error,10/3/2017 8:01:42 AM,EventCreate,1,None,Application,djkvdihost686.jakarta01.com,JAKARTA01\Darmawati  
Error,10/3/2017 8:01:41 AM,EventCreate,1,None,Application,djkvdihost556.jakarta01.com,JAKARTA01\ng ryan  
Error,10/3/2017 8:01:38 AM,EventCreate,1,None,Application,djkvdihost026.jakarta01.com,JAKARTA01\Bob Jasper  
Error,10/3/2017 8:01:35 AM,EventCreate,1,None,Application,djkvdihost306.jakarta01.com,JAKARTA01\brenda  
Error,10/3/2017 8:01:31 AM,EventCreate,1,None,Application,djkvdihost611.jakarta01.com,JAKARTA01\Rizky Anggari  
Error,10/3/2017 8:01:06 AM,EventCreate,1,None,Application,djkvdihost511.jakarta01.com,JAKARTA01\dolly  
Error,10/3/2017 8:01:30 AM,EventCreate,1,None,Application,djkvdihost007.jakarta01.com,JAKARTA01\dadi  
Error,10/3/2017 8:00:59 AM,EventCreate,1,None,Application,djkvdihost201.jakarta01.com,JAKARTA01\Fardhady  
Error,10/3/2017 8:01:29 AM,EventCreate,1,None,Application,djkvdihost062.jakarta01.com,JAKARTA01\michiko  
Error,10/3/2017 8:01:26 AM,EventCreate,1,None,Application,djkvdihost379.jakarta01.com,JAKARTA01\lisa  
Error,10/3/2017 8:01:25 AM,EventCreate,1,None,Application,djkvdihost670.jakarta01.com,JAKARTA01\R Syafira  
Error,10/3/2017 8:01:05 AM,EventCreate,1,None,Application,djkvdihost624.jakarta01.com,JAKARTA01\sergi  
Error,10/3/2017 8:00:55 AM,EventCreate,1,None,Application,djkvdihost624.jakarta01.com,JAKARTA01\sergi  
Error,10/3/2017 8:01:19 AM,EventCreate,1,None,Application,djkvdihost434.jakarta01.com,JAKARTA01\Adi Saputra  
Error,10/3/2017 8:00:55 AM,EventCreate,1,None,Application,djkvdihost738.jakarta01.com,JAKARTA01\yenny  
Error,10/3/2017 8:00:51 AM,Application Error,1000,(100),Application,djkvdihost738.jakarta01.com,"Faulting application name: spoolsv.exe, version: 6.1.7601.17777, time stamp: 0x4f35efc3
Faulting module name: msvcrt.dll, version: 7.0.7601.17744, time stamp: 0x4eeaf722
Exception code: 0xc0000005
Fault offset: 0x0000aa14
Faulting process id: 0x638
Faulting application start time: 0x01d33b9e5d560d32
Faulting application path: C:\Windows\System32\spoolsv.exe
Faulting module path: C:\Windows\system32\msvcrt.dll
Report Id: 4c32ef9f-a7d6-11e7-814e-0050569f64d2"
Error,10/3/2017 8:00:46 AM,EventCreate,1,None,Application,djkvdihost738.jakarta01.com,JAKARTA01\yenny  
Error,10/3/2017 8:01:11 AM,EventCreate,1,None,Application,djkvdihost227.jakarta01.com,JAKARTA01\BudiS  
Error,10/3/2017 8:01:11 AM,EventCreate,1,None,Application,djkvdihost661.jakarta01.com,JAKARTA01\meva  
Error,10/3/2017 8:00:58 AM,EventCreate,1,None,Application,djkvdihost562.jakarta01.com,JAKARTA01\janu  
Error,10/3/2017 8:00:57 AM,EventCreate,1,None,Application,djkvdihost130.jakarta01.com,JAKARTA01\muhammady  
Error,10/3/2017 8:00:55 AM,EventCreate,1,None,Application,djkvdihost226.jakarta01.com,JAKARTA01\bella  
Error,10/3/2017 8:00:54 AM,EventCreate,1,None,Application,djkvdihost624.jakarta01.com,JAKARTA01\sergi  
Error,10/3/2017 8:00:53 AM,EventCreate,1,None,Application,djkvdihost091.jakarta01.com,JAKARTA01\Helena  
Error,10/3/2017 8:00:48 AM,EventCreate,1,None,Application,djkvdihost830.jakarta01.com,JAKARTA01\Putri Damayanti  
Error,10/3/2017 8:00:44 AM,Application Error,1000,(100),Application,djkvdihost511.jakarta01.com,"Faulting application name: wfcrun32.exe, version: 14.4.1000.16, time stamp: 0x571e1bd4
Faulting module name: MFC80.DLL, version: 8.0.50727.6195, time stamp: 0x4dcdeca2
Exception code: 0xc0000005
Fault offset: 0x0008e1a9
Faulting process id: 0x197c
Faulting application start time: 0x01d33be308772d42
Faulting application path: C:\Program Files\Citrix\ICA Client\wfcrun32.exe
Faulting module path: C:\Windows\WinSxS\x86_microsoft.vc80.mfc_1fc8b3b9a1e18e3b_8.0.50727.6195_none_cbf5e994470a1a8f\MFC80.DLL
Report Id: 47faddd1-a7d6-11e7-a585-0050569f66ca"
Error,10/3/2017 8:00:39 AM,EventCreate,1,None,Application,djkvdihost161.jakarta01.com,JAKARTA01\astio  
Error,10/3/2017 8:00:39 AM,EventCreate,1,None,Application,djkvdihost738.jakarta01.com,JAKARTA01\yenny  
Error,10/3/2017 8:00:35 AM,EventCreate,1,None,Application,djkvdihost233.jakarta01.com,JAKARTA01\Leonardus  
Error,10/3/2017 8:00:28 AM,EventCreate,1,None,Application,djkvdihost408.jakarta01.com,JAKARTA01\wang  
Error,10/3/2017 8:00:28 AM,EventCreate,1,None,Application,djkvdihost037.jakarta01.com,JAKARTA01\clarissa  
Error,10/3/2017 8:00:21 AM,EventCreate,1,None,Application,djkvdihost201.jakarta01.com,JAKARTA01\Fardhady  
Error,10/3/2017 8:00:16 AM,EventCreate,1,None,Application,djkvdihost896.jakarta01.com,JAKARTA01\matthew  
Error,10/3/2017 8:00:00 AM,EventCreate,1,None,Application,djkvdihost020.jakarta01.com,JAKARTA01\diah dwi  
Error,10/3/2017 7:59:58 AM,EventCreate,1,None,Application,djkvdihost849.jakarta01.com,JAKARTA01\abdul  
Error,10/3/2017 7:59:57 AM,EventCreate,1,None,Application,djkvdihost017.jakarta01.com,JAKARTA01\melly  
Error,10/3/2017 7:59:56 AM,EventCreate,1,None,Application,djkvdihost463.jakarta01.com,JAKARTA01\rhaditya  
Error,10/3/2017 7:59:55 AM,EventCreate,1,None,Application,djkvdihost476.jakarta01.com,JAKARTA01\jati  
Error,10/3/2017 7:59:53 AM,EventCreate,1,None,Application,djkvdihost029.jakarta01.com,JAKARTA01\ronald david  
Error,10/3/2017 7:59:52 AM,EventCreate,1,None,Application,djkvdihost310.jakarta01.com,JAKARTA01\fauziah wildan  
Error,10/3/2017 7:59:51 AM,EventCreate,1,None,Application,djkvdihost090.jakarta01.com,JAKARTA01\Taufik Kurniawan  
Error,10/3/2017 7:59:42 AM,EventCreate,1,None,Application,djkvdihost738.jakarta01.com,JAKARTA01\yenny  
Error,10/3/2017 7:59:33 AM,EventCreate,1,None,Application,djkvdihost683.jakarta01.com,JAKARTA01\ni ketut  
Error,10/3/2017 7:59:31 AM,EventCreate,1,None,Application,djkvdihost712.jakarta01.com,JAKARTA01\anindita  
Error,10/3/2017 7:59:31 AM,EventCreate,1,None,Application,djkvdihost287.jakarta01.com,JAKARTA01\yosanta  
Error,10/3/2017 7:59:30 AM,EventCreate,1,None,Application,djkvdihost665.jakarta01.com,JAKARTA01\M Said  
Error,10/3/2017 7:59:17 AM,EventCreate,1,None,Application,djkvdihost088.jakarta01.com,JAKARTA01\widiana  
Error,10/3/2017 7:59:14 AM,EventCreate,1,None,Application,djkvdihost814.jakarta01.com,JAKARTA01\erminawati  
Error,10/3/2017 7:59:13 AM,EventCreate,1,None,Application,djkvdihost756.jakarta01.com,JAKARTA01\rakhmanto  
Error,10/3/2017 7:59:09 AM,EventCreate,1,None,Application,djkvdihost165.jakarta01.com,JAKARTA01\Rio Satria  
Error,10/3/2017 7:59:09 AM,EventCreate,1,None,Application,djkvdihost525.jakarta01.com,JAKARTA01\puspitasari  
Error,10/3/2017 7:59:07 AM,EventCreate,1,None,Application,djkvdihost025.jakarta01.com,JAKARTA01\teguh  
Error,10/3/2017 7:59:04 AM,Application Error,1000,(100),Application,djkvdihost814.jakarta01.com,"Faulting application name: spoolsv.exe, version: 6.1.7601.17777, time stamp: 0x4f35efc3
Faulting module name: msvcrt.dll, version: 7.0.7601.17744, time stamp: 0x4eeaf722
Exception code: 0xc0000005
Fault offset: 0x0000aa14
Faulting process id: 0x634
Faulting application start time: 0x01d33b6b4c71293e
Faulting application path: C:\Windows\System32\spoolsv.exe
Faulting module path: C:\Windows\system32\msvcrt.dll
Report Id: 0cd715b6-a7d6-11e7-afad-0050569f551f"
Error,10/3/2017 7:59:02 AM,EventCreate,1,None,Application,djkvdihost693.jakarta01.com,JAKARTA01\m ridho  
Error,10/3/2017 7:58:59 AM,EventCreate,1,None,Application,djkvdihost077.jakarta01.com,JAKARTA01\andryan  
Error,10/3/2017 7:58:53 AM,EventCreate,1,None,Application,djkvdihost901.jakarta01.com,JAKARTA01\Enjang  
Error,10/3/2017 7:58:52 AM,EventCreate,1,None,Application,djkvdihost014.jakarta01.com,JAKARTA01\priscilla  
Error,10/3/2017 7:58:45 AM,EventCreate,1,None,Application,djkvdihost477.jakarta01.com,JAKARTA01\hendra firdaus  
Error,10/3/2017 7:58:38 AM,EventCreate,1,None,Application,djkvdihost470.jakarta01.com,JAKARTA01\EDameria  
Error,10/3/2017 7:58:06 AM,EventCreate,1,None,Application,djkvdihost343.jakarta01.com,JAKARTA01\Astriana  
Error,10/3/2017 7:58:33 AM,EventCreate,1,None,Application,djkvdihost653.jakarta01.com,JAKARTA01\Dilla  
Error,10/3/2017 7:58:27 AM,EventCreate,1,None,Application,djkvdihost180.jakarta01.com,JAKARTA01\hafiah  
Error,10/3/2017 7:58:25 AM,EventCreate,1,None,Application,djkvdihost895.jakarta01.com,JAKARTA01\Adi Purnomo  
Error,10/3/2017 7:58:23 AM,EventCreate,1,None,Application,djkvdihost443.jakarta01.com,JAKARTA01\Risqia  
Error,10/3/2017 7:58:21 AM,EventCreate,1,None,Application,djkvdihost190.jakarta01.com,JAKARTA01\Darmi  
Error,10/3/2017 7:58:14 AM,EventCreate,1,None,Application,djkvdihost385.jakarta01.com,JAKARTA01\hadid  
Error,10/3/2017 7:58:02 AM,EventCreate,1,None,Application,djkvdihost021.jakarta01.com,JAKARTA01\chris bowo  
Error,10/3/2017 7:57:30 AM,EventCreate,1,None,Application,djkvdihost808.jakarta01.com,JAKARTA01\eriks  
Error,10/3/2017 7:57:58 AM,EventCreate,1,None,Application,djkvdihost329.jakarta01.com,JAKARTA01\alifah  
Error,10/3/2017 7:57:57 AM,EventCreate,1,None,Application,djkvdihost275.jakarta01.com,JAKARTA01\andrewrs  
Error,10/3/2017 7:57:56 AM,EventCreate,1,None,Application,djkvdihost382.jakarta01.com,JAKARTA01\puji  
Error,10/3/2017 7:57:51 AM,EventCreate,1,None,Application,djkvdihost833.jakarta01.com,JAKARTA01\rimico  
Error,10/3/2017 7:57:40 AM,EventCreate,1,None,Application,djkvdihost544.jakarta01.com,JAKARTA01\muhammadhakim  
Error,10/3/2017 7:57:39 AM,EventCreate,1,None,Application,djkvdihost138.jakarta01.com,JAKARTA01\henry st  
Error,10/3/2017 7:57:16 AM,WSH,1,None,Application,djkvdihost343.jakarta01.com,"CN=Astriana Nur Annissa password will expire in 2 day(s) at 10/5/2017 7:44:37 AM

Press CTRL + ALT + DEL and select the ""Change a password"" option."
Error,10/3/2017 7:57:28 AM,EventCreate,1,None,Application,djkvdihost677.jakarta01.com,JAKARTA01\widiasmara  
Error,10/3/2017 7:57:25 AM,EventCreate,1,None,Application,djkvdihost533.jakarta01.com,JAKARTA01\mery  
Error,10/3/2017 7:57:22 AM,EventCreate,1,None,Application,djkvdihost265.jakarta01.com,JAKARTA01\Bagus Gede  
Error,10/3/2017 7:57:16 AM,WSH,1,None,Application,djkvdihost343.jakarta01.com,"CN=Astriana Nur Annissa password will expire in 2 day(s) at 10/5/2017 7:44:37 AM

Press CTRL + ALT + DEL and select the ""Change a password"" option."
Error,10/3/2017 7:57:14 AM,EventCreate,1,None,Application,djkvdihost416.jakarta01.com,JAKARTA01\luthfi  
Error,10/3/2017 7:57:08 AM,EventCreate,1,None,Application,djkvdihost412.jakarta01.com,JAKARTA01\eriksetiawan  
Error,10/3/2017 7:57:10 AM,EventCreate,1,None,Application,djkvdihost237.jakarta01.com,JAKARTA01\rizka syarifa  
Error,10/3/2017 7:57:08 AM,EventCreate,1,None,Application,djkvdihost432.jakarta01.com,JAKARTA01\resha  
Error,10/3/2017 7:57:05 AM,EventCreate,1,None,Application,djkvdihost616.jakarta01.com,JAKARTA01\Aviv  
Error,10/3/2017 7:56:31 AM,EventCreate,1,None,Application,djkvdihost808.jakarta01.com,JAKARTA01\eriks  
Error,10/3/2017 7:56:27 AM,EventCreate,1,None,Application,djkvdihost808.jakarta01.com,JAKARTA01\eriks  
Error,10/3/2017 7:56:57 AM,EventCreate,1,None,Application,djkvdihost602.jakarta01.com,JAKARTA01\Bambang  
Error,10/3/2017 7:56:55 AM,EventCreate,1,None,Application,djkvdihost326.jakarta01.com,JAKARTA01\Audyanza  
Error,10/3/2017 7:56:49 AM,EventCreate,1,None,Application,djkvdihost838.jakarta01.com,JAKARTA01\arief  
Error,10/3/2017 7:56:45 AM,EventCreate,1,None,Application,djkvdihost063.jakarta01.com,JAKARTA01\poetry  
Error,10/3/2017 7:56:43 AM,EventCreate,1,None,Application,djkvdihost430.jakarta01.com,JAKARTA01\Ronald  
Error,10/3/2017 7:56:41 AM,EventCreate,1,None,Application,djkvdihost780.jakarta01.com,JAKARTA01\Latiefah  
Error,10/3/2017 7:56:40 AM,EventCreate,1,None,Application,djkvdihost229.jakarta01.com,JAKARTA01\Beny  
Error,10/3/2017 7:56:35 AM,EventCreate,1,None,Application,djkvdihost707.jakarta01.com,JAKARTA01\M Fajri  
Error,10/3/2017 7:56:34 AM,EventCreate,1,None,Application,djkvdihost669.jakarta01.com,JAKARTA01\rahayu  
Error,10/3/2017 7:56:34 AM,EventCreate,1,None,Application,djkvdihost339.jakarta01.com,JAKARTA01\MIrhasE  
Error,10/3/2017 7:56:32 AM,EventCreate,1,None,Application,djkvdihost875.jakarta01.com,JAKARTA01\katsuta  
Error,10/3/2017 7:56:27 AM,EventCreate,1,None,Application,djkvdihost173.jakarta01.com,JAKARTA01\ailsa  
Error,10/3/2017 7:56:19 AM,EventCreate,1,None,Application,djkvdihost050.jakarta01.com,JAKARTA01\alex  
Error,10/3/2017 7:56:19 AM,EventCreate,1,None,Application,djkvdihost694.jakarta01.com,JAKARTA01\nurul  
Error,10/3/2017 7:56:10 AM,EventCreate,1,None,Application,djkvdihost816.jakarta01.com,JAKARTA01\endah_k  
Error,10/3/2017 7:56:10 AM,EventCreate,1,None,Application,djkvdihost733.jakarta01.com,JAKARTA01\aulya  
Error,10/3/2017 7:56:09 AM,EventCreate,1,None,Application,djkvdihost341.jakarta01.com,JAKARTA01\melany  
Error,10/3/2017 7:56:07 AM,EventCreate,1,None,Application,djkvdihost019.jakarta01.com,JAKARTA01\devid  
Error,10/3/2017 7:56:06 AM,EventCreate,1,None,Application,djkvdihost808.jakarta01.com,JAKARTA01\eriks  
Error,10/3/2017 7:56:05 AM,EventCreate,1,None,Application,djkvdihost565.jakarta01.com,JAKARTA01\wicaksono  
Error,10/3/2017 7:55:52 AM,EventCreate,1,None,Application,djkvdihost081.jakarta01.com,JAKARTA01\Liasyah  
Error,10/3/2017 7:55:52 AM,EventCreate,1,None,Application,djkvdihost746.jakarta01.com,JAKARTA01\victor  
Error,10/3/2017 7:55:43 AM,EventCreate,1,None,Application,djkvdihost704.jakarta01.com,JAKARTA01\Rinaldo  
Error,10/3/2017 7:55:38 AM,EventCreate,1,None,Application,djkvdihost728.jakarta01.com,JAKARTA01\citra  
Error,10/3/2017 7:55:33 AM,EventCreate,1,None,Application,djkvdihost079.jakarta01.com,JAKARTA01\Winda  
Error,10/3/2017 7:55:32 AM,EventCreate,1,None,Application,djkvdihost052.jakarta01.com,JAKARTA01\arismanm  
Error,10/3/2017 7:55:24 AM,EventCreate,1,None,Application,djkvdihost568.jakarta01.com,JAKARTA01\Yudhadp  
Error,10/3/2017 7:55:15 AM,EventCreate,1,None,Application,djkvdihost493.jakarta01.com,JAKARTA01\cita  
Error,10/3/2017 7:55:13 AM,EventCreate,1,None,Application,djkvdihost735.jakarta01.com,JAKARTA01\samsul  
Error,10/3/2017 7:55:13 AM,EventCreate,1,None,Application,djkvdihost156.jakarta01.com,JAKARTA01\yulia rifanda  
Error,10/3/2017 7:55:09 AM,EventCreate,1,None,Application,djkvdihost466.jakarta01.com,JAKARTA01\toyoda  
Error,10/3/2017 7:55:05 AM,EventCreate,1,None,Application,djkvdihost488.jakarta01.com,JAKARTA01\sonson  
Error,10/3/2017 7:54:52 AM,EventCreate,1,None,Application,djkvdihost031.jakarta01.com,JAKARTA01\dimas adhi  
Error,10/3/2017 7:54:51 AM,EventCreate,1,None,Application,djkvdihost596.jakarta01.com,JAKARTA01\alvita  
Error,10/3/2017 7:54:51 AM,EventCreate,1,None,Application,djkvdihost129.jakarta01.com,JAKARTA01\bagas  
Error,10/3/2017 7:54:50 AM,EventCreate,1,None,Application,djkvdihost351.jakarta01.com,JAKARTA01\novitarini  
Error,10/3/2017 7:54:05 AM,EventCreate,1,None,Application,djkvdihost645.jakarta01.com,JAKARTA01\ipuk  
Error,10/3/2017 7:54:29 AM,EventCreate,1,None,Application,djkvdihost469.jakarta01.com,JAKARTA01\prakasa  
Error,10/3/2017 7:54:21 AM,EventCreate,1,None,Application,djkvdihost234.jakarta01.com,JAKARTA01\Didik  
Error,10/3/2017 7:54:21 AM,EventCreate,1,None,Application,djkvdihost757.jakarta01.com,JAKARTA01\muhdi  
Error,10/3/2017 7:54:14 AM,EventCreate,1,None,Application,djkvdihost745.jakarta01.com,JAKARTA01\Armanto  
Error,10/3/2017 7:54:10 AM,EventCreate,1,None,Application,djkvdihost001.jakarta01.com,JAKARTA01\edwan  
Error,10/3/2017 7:54:09 AM,EventCreate,1,None,Application,djkvdihost820.jakarta01.com,JAKARTA01\Darmawan  
Error,10/3/2017 7:54:05 AM,EventCreate,1,None,Application,djkvdihost060.jakarta01.com,JAKARTA01\yuliana  
Error,10/3/2017 7:54:04 AM,EventCreate,1,None,Application,djkvdihost015.jakarta01.com,JAKARTA01\bellaisya  
Error,10/3/2017 7:54:02 AM,EventCreate,1,None,Application,djkvdihost515.jakarta01.com,JAKARTA01\aditya ny  
Error,10/3/2017 7:54:00 AM,EventCreate,1,None,Application,djkvdihost043.jakarta01.com,JAKARTA01\maulina  
Error,10/3/2017 7:53:52 AM,EventCreate,1,None,Application,djkvdihost012.jakarta01.com,JAKARTA01\warda  
Error,10/3/2017 7:53:52 AM,EventCreate,1,None,Application,djkvdihost744.jakarta01.com,JAKARTA01\mazy  
Error,10/3/2017 7:53:51 AM,EventCreate,1,None,Application,djkvdihost775.jakarta01.com,JAKARTA01\danna  
Error,10/3/2017 7:53:48 AM,EventCreate,1,None,Application,djkvdihost813.jakarta01.com,JAKARTA01\dadi hardi  
Error,10/3/2017 7:53:46 AM,EventCreate,1,None,Application,djkvdihost834.jakarta01.com,JAKARTA01\anggata  
Error,10/3/2017 7:53:42 AM,EventCreate,1,None,Application,djkvdihost119.jakarta01.com,JAKARTA01\harumi  
Error,10/3/2017 7:53:41 AM,EventCreate,1,None,Application,djkvdihost554.jakarta01.com,JAKARTA01\Chaterin  
Error,10/3/2017 7:53:36 AM,EventCreate,1,None,Application,djkvdihost120.jakarta01.com,JAKARTA01\Hadi  
Error,10/3/2017 7:53:35 AM,EventCreate,1,None,Application,djkvdihost645.jakarta01.com,JAKARTA01\ipuk  
Error,10/3/2017 7:53:33 AM,EventCreate,1,None,Application,djkvdihost714.jakarta01.com,JAKARTA01\Felix  
Error,10/3/2017 7:53:27 AM,EventCreate,1,None,Application,djkvdihost131.jakarta01.com,JAKARTA01\dady  
Error,10/3/2017 7:53:19 AM,EventCreate,1,None,Application,djkvdihost748.jakarta01.com,JAKARTA01\mahendra  
Error,10/3/2017 7:53:02 AM,EventCreate,1,None,Application,djkvdihost898.jakarta01.com,JAKARTA01\matthew  
Error,10/3/2017 7:53:04 AM,EventCreate,1,None,Application,djkvdihost548.jakarta01.com,JAKARTA01\hemayani  
Error,10/3/2017 7:53:02 AM,EventCreate,1,None,Application,djkvdihost786.jakarta01.com,JAKARTA01\lani  
Error,10/3/2017 7:52:59 AM,EventCreate,1,None,Application,djkvdihost722.jakarta01.com,JAKARTA01\indrak  
Error,10/3/2017 7:52:59 AM,EventCreate,1,None,Application,djkvdihost256.jakarta01.com,JAKARTA01\KristoforusAW  
Error,10/3/2017 7:52:56 AM,EventCreate,1,None,Application,djkvdihost096.jakarta01.com,JAKARTA01\yansen  
Error,10/3/2017 7:52:55 AM,EventCreate,1,None,Application,djkvdihost731.jakarta01.com,JAKARTA01\RatiAF  
Error,10/3/2017 7:52:44 AM,EventCreate,1,None,Application,djkvdihost222.jakarta01.com,JAKARTA01\krisnawan  
Error,10/3/2017 7:52:18 AM,EventCreate,1,None,Application,djkvdihost781.jakarta01.com,JAKARTA01\Erich  
Error,10/3/2017 7:52:18 AM,EventCreate,1,None,Application,djkvdihost304.jakarta01.com,JAKARTA01\nurlina  
Error,10/3/2017 7:52:15 AM,EventCreate,1,None,Application,djkvdihost715.jakarta01.com,JAKARTA01\yulianty  
Error,10/3/2017 7:52:10 AM,EventCreate,1,None,Application,djkvdihost127.jakarta01.com,JAKARTA01\arum eka  
Error,10/3/2017 7:52:07 AM,EventCreate,1,None,Application,djkvdihost805.jakarta01.com,JAKARTA01\alfiari  
Error,10/3/2017 7:52:05 AM,EventCreate,1,None,Application,djkvdihost359.jakarta01.com,JAKARTA01\Ahmad Hidayat  
Error,10/3/2017 7:52:04 AM,EventCreate,1,None,Application,djkvdihost716.jakarta01.com,JAKARTA01\angga  
Error,10/3/2017 7:51:55 AM,EventCreate,1,None,Application,djkvdihost652.jakarta01.com,JAKARTA01\christianrs  
Error,10/3/2017 7:51:39 AM,EventCreate,1,None,Application,djkvdihost399.jakarta01.com,JAKARTA01\nicole  
Error,10/3/2017 7:51:24 AM,EventCreate,1,None,Application,djkvdihost141.jakarta01.com,JAKARTA01\magdalena  
Error,10/3/2017 7:51:24 AM,EventCreate,1,None,Application,djkvdihost881.jakarta01.com,JAKARTA01\khalid  
Error,10/3/2017 7:50:41 AM,EventCreate,1,None,Application,djkvdihost027.jakarta01.com,JAKARTA01\Adjeng  
Error,10/3/2017 7:51:10 AM,EventCreate,1,None,Application,djkvdihost011.jakarta01.com,JAKARTA01\yorika  
Error,10/3/2017 7:50:58 AM,EventCreate,1,None,Application,djkvdihost424.jakarta01.com,JAKARTA01\apip  
Error,10/3/2017 7:50:51 AM,EventCreate,1,None,Application,djkvdihost270.jakarta01.com,JAKARTA01\alexsandro  
Error,10/3/2017 7:50:50 AM,EventCreate,1,None,Application,djkvdihost300.jakarta01.com,JAKARTA01\nadia  
Error,10/3/2017 7:50:45 AM,EventCreate,1,None,Application,djkvdihost687.jakarta01.com,JAKARTA01\ayu  
Error,10/3/2017 7:50:40 AM,EventCreate,1,None,Application,djkvdihost347.jakarta01.com,JAKARTA01\tenri  
Error,10/3/2017 7:50:20 AM,EventCreate,1,None,Application,djkvdihost300.jakarta01.com,JAKARTA01\nadia  
Error,10/3/2017 7:50:18 AM,EventCreate,1,None,Application,djkvdihost027.jakarta01.com,JAKARTA01\Adjeng  
Error,10/3/2017 7:50:12 AM,EventCreate,1,None,Application,djkvdihost267.jakarta01.com,JAKARTA01\rininta  
Error,10/3/2017 7:50:03 AM,EventCreate,1,None,Application,djkvdihost047.jakarta01.com,JAKARTA01\fathiya  
Error,10/3/2017 7:49:59 AM,EventCreate,1,None,Application,djkvdihost444.jakarta01.com,JAKARTA01\krisna  
Error,10/3/2017 7:49:52 AM,EventCreate,1,None,Application,djkvdihost537.jakarta01.com,JAKARTA01\chandra  
Error,10/3/2017 7:49:47 AM,EventCreate,1,None,Application,djkvdihost061.jakarta01.com,JAKARTA01\andika  
Error,10/3/2017 7:49:34 AM,EventCreate,1,None,Application,djkvdihost396.jakarta01.com,JAKARTA01\linda  
Error,10/3/2017 7:49:32 AM,EventCreate,1,None,Application,djkvdihost835.jakarta01.com,JAKARTA01\palmella  
Error,10/3/2017 7:49:29 AM,EventCreate,1,None,Application,djkvdihost706.jakarta01.com,JAKARTA01\Ana  
Error,10/3/2017 7:49:22 AM,EventCreate,1,None,Application,djkvdihost334.jakarta01.com,JAKARTA01\paramita  
Error,10/3/2017 7:48:51 AM,EventCreate,1,None,Application,djkvdihost847.jakarta01.com,JAKARTA01\masuyama  
Error,10/3/2017 7:48:46 AM,Application Error,1000,(100),Application,djkvdihost847.jakarta01.com,"Faulting application name: spoolsv.exe, version: 6.1.7601.17777, time stamp: 0x4f35efc3
Faulting module name: msvcrt.dll, version: 7.0.7601.17744, time stamp: 0x4eeaf722
Exception code: 0xc0000005
Fault offset: 0x0000aa14
Faulting process id: 0x604
Faulting application start time: 0x01d33b8f3c834cef
Faulting application path: C:\Windows\System32\spoolsv.exe
Faulting module path: C:\Windows\system32\msvcrt.dll
Report Id: 9c85cd7a-a7d4-11e7-8338-0050569f5be4"
Error,10/3/2017 7:48:59 AM,EventCreate,1,None,Application,djkvdihost448.jakarta01.com,JAKARTA01\AISYAH  
Error,10/3/2017 7:48:57 AM,EventCreate,1,None,Application,djkvdihost383.jakarta01.com,JAKARTA01\imam  
Error,10/3/2017 7:48:55 AM,EventCreate,1,None,Application,djkvdihost305.jakarta01.com,JAKARTA01\Mustikawati  
Error,10/3/2017 7:48:54 AM,EventCreate,1,None,Application,djkvdihost242.jakarta01.com,JAKARTA01\cecilia  
Error,10/3/2017 7:48:52 AM,EventCreate,1,None,Application,djkvdihost372.jakarta01.com,JAKARTA01\tiar  
Error,10/3/2017 7:48:38 AM,EventCreate,1,None,Application,djkvdihost184.jakarta01.com,JAKARTA01\laila  
Error,10/3/2017 7:48:37 AM,EventCreate,1,None,Application,djkvdihost402.jakarta01.com,JAKARTA01\finessya  
Error,10/3/2017 7:48:32 AM,EventCreate,1,None,Application,djkvdihost541.jakarta01.com,JAKARTA01\nungi  
Error,10/3/2017 7:48:23 AM,EventCreate,1,None,Application,djkvdihost605.jakarta01.com,JAKARTA01\chalfin  
Error,10/3/2017 7:48:22 AM,EventCreate,1,None,Application,djkvdihost082.jakarta01.com,JAKARTA01\christian  
Error,10/3/2017 7:47:47 AM,EventCreate,1,None,Application,djkvdihost651.jakarta01.com,JAKARTA01\Lily  
Error,10/3/2017 7:48:15 AM,EventCreate,1,None,Application,djkvdihost205.jakarta01.com,JAKARTA01\rini  
Error,10/3/2017 7:48:14 AM,EventCreate,1,None,Application,djkvdihost335.jakarta01.com,JAKARTA01\venir  
Error,10/3/2017 7:47:59 AM,EventCreate,1,None,Application,djkvdihost059.jakarta01.com,JAKARTA01\Dwi anisa  
Error,10/3/2017 7:47:46 AM,EventCreate,1,None,Application,djkvdihost609.jakarta01.com,JAKARTA01\yudi  
Error,10/3/2017 7:47:34 AM,EventCreate,1,None,Application,djkvdihost428.jakarta01.com,JAKARTA01\meity  
Error,10/3/2017 7:47:28 AM,EventCreate,1,None,Application,djkvdihost767.jakarta01.com,JAKARTA01\ChyntiaDN  
Error,10/3/2017 7:47:26 AM,EventCreate,1,None,Application,djkvdihost651.jakarta01.com,JAKARTA01\Lily  
Error,10/3/2017 7:47:21 AM,EventCreate,1,None,Application,djkvdihost207.jakarta01.com,JAKARTA01\handayani  
Error,10/3/2017 7:47:02 AM,EventCreate,1,None,Application,djkvdihost508.jakarta01.com,JAKARTA01\teddyks  
Error,10/3/2017 7:46:56 AM,EventCreate,1,None,Application,djkvdihost126.jakarta01.com,JAKARTA01\devita  
Error,10/3/2017 7:46:55 AM,EventCreate,1,None,Application,djkvdihost588.jakarta01.com,JAKARTA01\Hertanto gunadi  
Error,10/3/2017 7:46:51 AM,EventCreate,1,None,Application,djkvdihost036.jakarta01.com,JAKARTA01\haris  
Error,10/3/2017 7:46:17 AM,EventCreate,1,None,Application,djkvdihost174.jakarta01.com,JAKARTA01\indra pranowo  
Error,10/3/2017 7:46:14 AM,EventCreate,1,None,Application,djkvdihost451.jakarta01.com,JAKARTA01\amanda  
Error,10/3/2017 7:46:12 AM,EventCreate,1,None,Application,djkvdihost524.jakarta01.com,JAKARTA01\Dian Permata  
Error,10/3/2017 7:46:08 AM,EventCreate,1,None,Application,djkvdihost358.jakarta01.com,JAKARTA01\Talitha  
Error,10/3/2017 7:45:30 AM,EventCreate,1,None,Application,djkvdihost782.jakarta01.com,JAKARTA01\azwar  
Error,10/3/2017 7:45:52 AM,EventCreate,1,None,Application,djkvdihost599.jakarta01.com,JAKARTA01\dzati  
Error,10/3/2017 7:45:46 AM,EventCreate,1,None,Application,djkvdihost555.jakarta01.com,JAKARTA01\antonius  
Error,10/3/2017 7:45:41 AM,EventCreate,1,None,Application,djkvdihost172.jakarta01.com,JAKARTA01\mutiara  
Error,10/3/2017 7:45:30 AM,EventCreate,1,None,Application,djkvdihost378.jakarta01.com,JAKARTA01\Dwita  
Error,10/3/2017 7:45:24 AM,EventCreate,1,None,Application,djkvdihost782.jakarta01.com,JAKARTA01\azwar  
Error,10/3/2017 7:45:19 AM,EventCreate,1,None,Application,djkvdihost350.jakarta01.com,JAKARTA01\vinka  
Error,10/3/2017 7:44:58 AM,EventCreate,1,None,Application,djkvdihost760.jakarta01.com,JAKARTA01\lenny  
Error,10/3/2017 7:44:53 AM,WSH,1,None,Application,djkvdihost172.jakarta01.com,"CN=Mutiara Annisa password will expire in 2 day(s) at 10/5/2017 6:47:13 PM

Press CTRL + ALT + DEL and select the ""Change a password"" option."
Error,10/3/2017 7:44:53 AM,WSH,1,None,Application,djkvdihost172.jakarta01.com,"CN=Mutiara Annisa password will expire in 2 day(s) at 10/5/2017 6:47:13 PM

Press CTRL + ALT + DEL and select the ""Change a password"" option."
Error,10/3/2017 7:44:46 AM,EventCreate,1,None,Application,djkvdihost662.jakarta01.com,JAKARTA01\eka prastica  
Error,10/3/2017 7:44:43 AM,EventCreate,1,None,Application,djkvdihost460.jakarta01.com,JAKARTA01\ayu rifa  
Error,10/3/2017 7:44:34 AM,EventCreate,1,None,Application,djkvdihost902.jakarta01.com,JAKARTA01\naruhito  
Error,10/3/2017 7:44:37 AM,EventCreate,1,None,Application,djkvdihost069.jakarta01.com,JAKARTA01\IRMALA  
Error,10/3/2017 7:44:36 AM,EventCreate,1,None,Application,djkvdihost584.jakarta01.com,JAKARTA01\fahrul  
Error,10/3/2017 7:44:35 AM,EventCreate,1,None,Application,djkvdihost331.jakarta01.com,JAKARTA01\Indah  
Error,10/3/2017 7:44:22 AM,EventCreate,1,None,Application,djkvdihost331.jakarta01.com,JAKARTA01\Indah  
Error,10/3/2017 7:44:02 AM,EventCreate,1,None,Application,djkvdihost433.jakarta01.com,JAKARTA01\pratiwi  
Error,10/3/2017 7:44:01 AM,EventCreate,1,None,Application,djkvdihost478.jakarta01.com,JAKARTA01\Jauw  
Error,10/3/2017 7:43:57 AM,EventCreate,1,None,Application,djkvdihost175.jakarta01.com,JAKARTA01\istiningsih  
Error,10/3/2017 7:43:08 AM,EventCreate,1,None,Application,djkvdihost804.jakarta01.com,JAKARTA01\erika  
Error,10/3/2017 7:43:33 AM,EventCreate,1,None,Application,djkvdihost142.jakarta01.com,JAKARTA01\shinta  
Error,10/3/2017 7:43:23 AM,EventCreate,1,None,Application,djkvdihost899.jakarta01.com,JAKARTA01\Adhisty  
Error,10/3/2017 7:43:13 AM,EventCreate,1,None,Application,djkvdihost362.jakarta01.com,JAKARTA01\Fitri Nawawi  
Error,10/3/2017 7:42:52 AM,EventCreate,1,None,Application,djkvdihost804.jakarta01.com,JAKARTA01\erika  
Error,10/3/2017 7:42:20 AM,EventCreate,1,None,Application,djkvdihost876.jakarta01.com,JAKARTA01\bayu  
Error,10/3/2017 7:42:47 AM,EventCreate,1,None,Application,djkvdihost513.jakarta01.com,JAKARTA01\REIS  
Error,10/3/2017 7:42:45 AM,EventCreate,1,None,Application,djkvdihost769.jakarta01.com,JAKARTA01\tri wahyu  
Error,10/3/2017 7:42:41 AM,EventCreate,1,None,Application,djkvdihost553.jakarta01.com,JAKARTA01\Puspa  
Error,10/3/2017 7:42:41 AM,EventCreate,1,None,Application,djkvdihost680.jakarta01.com,JAKARTA01\diah astuti  
Error,10/3/2017 7:42:34 AM,EventCreate,1,None,Application,djkvdihost468.jakarta01.com,JAKARTA01\chris  
Error,10/3/2017 7:42:20 AM,EventCreate,1,None,Application,djkvdihost629.jakarta01.com,JAKARTA01\ita shabrina  
Error,10/3/2017 7:42:16 AM,EventCreate,1,None,Application,djkvdihost876.jakarta01.com,JAKARTA01\bayu  
Error,10/3/2017 7:41:29 AM,EventCreate,1,None,Application,djkvdihost294.jakarta01.com,JAKARTA01\sashkia  
Error,10/3/2017 7:41:28 AM,EventCreate,1,None,Application,djkvdihost294.jakarta01.com,JAKARTA01\sashkia  
Error,10/3/2017 7:41:42 AM,EventCreate,1,None,Application,djkvdihost437.jakarta01.com,JAKARTA01\nur endah  
Error,10/3/2017 7:41:38 AM,EventCreate,1,None,Application,djkvdihost530.jakarta01.com,JAKARTA01\rudy  
Error,10/3/2017 7:41:20 AM,EventCreate,1,None,Application,djkvdihost768.jakarta01.com,JAKARTA01\karen  
Error,10/3/2017 7:41:10 AM,EventCreate,1,None,Application,djkvdihost294.jakarta01.com,JAKARTA01\sashkia  
Error,10/3/2017 7:41:15 AM,EventCreate,1,None,Application,djkvdihost093.jakarta01.com,JAKARTA01\WulanAn  
Error,10/3/2017 7:40:29 AM,EventCreate,1,None,Application,djkvdihost042.jakarta01.com,JAKARTA01\hendry  
Error,10/3/2017 7:40:23 AM,Application Error,1000,(100),Application,djkvdihost042.jakarta01.com,"Faulting application name: spoolsv.exe, version: 6.1.7601.17777, time stamp: 0x4f35efc3
Faulting module name: msvcrt.dll, version: 7.0.7601.17744, time stamp: 0x4eeaf722
Exception code: 0xc0000005
Fault offset: 0x0000aa14
Faulting process id: 0x634
Faulting application start time: 0x01d33b7392be906b
Faulting application path: C:\Windows\System32\spoolsv.exe
Faulting module path: C:\Windows\system32\msvcrt.dll
Report Id: 7055da15-a7d3-11e7-989c-0050569f4e3d"
Error,10/3/2017 7:40:18 AM,EventCreate,1,None,Application,djkvdihost171.jakarta01.com,JAKARTA01\Thalia  
Error,10/3/2017 7:40:43 AM,EventCreate,1,None,Application,djkvdihost401.jakarta01.com,JAKARTA01\vanya  
Error,10/3/2017 7:40:38 AM,EventCreate,1,None,Application,djkvdihost406.jakarta01.com,JAKARTA01\Riki Darisman  
Error,10/3/2017 7:40:37 AM,EventCreate,1,None,Application,djkvdihost608.jakarta01.com,JAKARTA01\Dini Rahmawati  
Error,10/3/2017 7:40:18 AM,Application Error,1000,(100),Application,djkvdihost171.jakarta01.com,"Faulting application name: spoolsv.exe, version: 6.1.7601.17777, time stamp: 0x4f35efc3
Faulting module name: msvcrt.dll, version: 7.0.7601.17744, time stamp: 0x4eeaf722
Exception code: 0xc0000005
Fault offset: 0x0000aa14
Faulting process id: 0x638
Faulting application start time: 0x01d33b9404bcbb2b
Faulting application path: C:\Windows\System32\spoolsv.exe
Faulting module path: C:\Windows\system32\msvcrt.dll
Report Id: 6d5fa182-a7d3-11e7-a716-0050569f63e9"
Error,10/3/2017 7:40:16 AM,EventCreate,1,None,Application,djkvdihost166.jakarta01.com,JAKARTA01\aditya chandra  
Error,10/3/2017 7:40:15 AM,EventCreate,1,None,Application,djkvdihost527.jakarta01.com,JAKARTA01\Dyandra  
Error,10/3/2017 7:40:12 AM,EventCreate,1,None,Application,djkvdihost389.jakarta01.com,JAKARTA01\Putri  
Error,10/3/2017 7:39:27 AM,EventCreate,1,None,Application,djkvdihost528.jakarta01.com,JAKARTA01\kartika  
Error,10/3/2017 7:39:21 AM,Application Error,1000,(100),Application,djkvdihost528.jakarta01.com,"Faulting application name: spoolsv.exe, version: 6.1.7601.17777, time stamp: 0x4f35efc3
Faulting module name: ntdll.dll, version: 6.1.7601.23714, time stamp: 0x58bf8774
Exception code: 0xc0000005
Fault offset: 0x000529ac
Faulting process id: 0x1bd4
Faulting application start time: 0x01d33bda17273360
Faulting application path: C:\Windows\System32\spoolsv.exe
Faulting module path: C:\Windows\SYSTEM32\ntdll.dll
Report Id: 4b344d67-a7d3-11e7-ade6-0050569f7fb2"
Error,10/3/2017 7:39:49 AM,EventCreate,1,None,Application,djkvdihost585.jakarta01.com,JAKARTA01\dian  
Error,10/3/2017 7:39:39 AM,EventCreate,1,None,Application,djkvdihost155.jakarta01.com,JAKARTA01\himawan  
Error,10/3/2017 7:39:23 AM,EventCreate,1,None,Application,djkvdihost613.jakarta01.com,JAKARTA01\Djohan  
Error,10/3/2017 7:39:19 AM,EventCreate,1,None,Application,djkvdihost106.jakarta01.com,JAKARTA01\Tammyana  
Error,10/3/2017 7:39:12 AM,EventCreate,1,None,Application,djkvdihost206.jakarta01.com,JAKARTA01\Damal  
Error,10/3/2017 7:39:00 AM,EventCreate,1,None,Application,djkvdihost793.jakarta01.com,JAKARTA01\Resty  
Error,10/3/2017 7:38:20 AM,EventCreate,1,None,Application,djkvdihost008.jakarta01.com,JAKARTA01\ningmatul  
Error,10/3/2017 7:38:10 AM,EventCreate,1,None,Application,djkvdihost247.jakarta01.com,JAKARTA01\martha  
Error,10/3/2017 7:37:57 AM,EventCreate,1,None,Application,djkvdihost363.jakarta01.com,JAKARTA01\yosephine  
Error,10/3/2017 7:37:25 AM,EventCreate,1,None,Application,djkvdihost042.jakarta01.com,JAKARTA01\hendry  
Error,10/3/2017 7:37:47 AM,EventCreate,1,None,Application,djkvdihost338.jakarta01.com,JAKARTA01\Danny  
Error,10/3/2017 7:37:40 AM,EventCreate,1,None,Application,djkvdihost276.jakarta01.com,JAKARTA01\nony  
Error,10/3/2017 7:37:31 AM,EventCreate,1,None,Application,djkvdihost702.jakarta01.com,JAKARTA01\kreshna  
Error,10/3/2017 7:36:50 AM,WSH,1,None,Application,djkvdihost363.jakarta01.com,"CN=Yosephine Corazon password will expire in 1 day(s) at 10/4/2017 6:51:32 AM

Press CTRL + ALT + DEL and select the ""Change a password"" option."
Error,10/3/2017 7:37:17 AM,EventCreate,1,None,Application,djkvdihost042.jakarta01.com,JAKARTA01\hendry  
Error,10/3/2017 7:37:15 AM,EventCreate,1,None,Application,djkvdihost759.jakarta01.com,JAKARTA01\Sandra  
Error,10/3/2017 7:37:11 AM,EventCreate,1,None,Application,djkvdihost323.jakarta01.com,JAKARTA01\cinta  
Error,10/3/2017 7:37:05 AM,EventCreate,1,None,Application,djkvdihost393.jakarta01.com,JAKARTA01\tudie  
Error,10/3/2017 7:37:00 AM,EventCreate,1,None,Application,djkvdihost770.jakarta01.com,JAKARTA01\ginanjar  
Error,10/3/2017 7:37:00 AM,EventCreate,1,None,Application,djkvdihost435.jakarta01.com,JAKARTA01\ronal  
Error,10/3/2017 7:37:00 AM,EventCreate,1,None,Application,djkvdihost159.jakarta01.com,JAKARTA01\rinaldonp  
Error,10/3/2017 7:36:49 AM,EventCreate,1,None,Application,djkvdihost024.jakarta01.com,JAKARTA01\Pradita  
Error,10/3/2017 7:36:48 AM,WSH,1,None,Application,djkvdihost363.jakarta01.com,"CN=Yosephine Corazon password will expire in 1 day(s) at 10/4/2017 6:51:32 AM

Press CTRL + ALT + DEL and select the ""Change a password"" option."
Error,10/3/2017 7:36:46 AM,EventCreate,1,None,Application,djkvdihost323.jakarta01.com,JAKARTA01\cinta  
Error,10/3/2017 7:36:40 AM,EventCreate,1,None,Application,djkvdihost100.jakarta01.com,JAKARTA01\davidc  
Error,10/3/2017 7:36:34 AM,EventCreate,1,None,Application,djkvdihost545.jakarta01.com,JAKARTA01\nurmalasari  
Error,10/3/2017 7:36:32 AM,EventCreate,1,None,Application,djkvdihost655.jakarta01.com,JAKARTA01\anjani  
Error,10/3/2017 7:36:30 AM,EventCreate,1,None,Application,djkvdihost395.jakarta01.com,JAKARTA01\ferdi  
Error,10/3/2017 7:36:27 AM,EventCreate,1,None,Application,djkvdihost589.jakarta01.com,JAKARTA01\evanc  
Error,10/3/2017 7:36:17 AM,EventCreate,1,None,Application,djkvdihost660.jakarta01.com,JAKARTA01\yoga  
Error,10/3/2017 7:35:39 AM,EventCreate,1,None,Application,djkvdihost892.jakarta01.com,JAKARTA01\Anosa  
Error,10/3/2017 7:35:43 AM,EventCreate,1,None,Application,djkvdihost311.jakarta01.com,JAKARTA01\liza  
Error,10/3/2017 7:35:40 AM,EventCreate,1,None,Application,djkvdihost140.jakarta01.com,JAKARTA01\ayudia  
Error,10/3/2017 7:35:26 AM,EventCreate,1,None,Application,djkvdihost563.jakarta01.com,JAKARTA01\dini hariyani  
Error,10/3/2017 7:35:25 AM,EventCreate,1,None,Application,djkvdihost894.jakarta01.com,JAKARTA01\Agus Sutikno  
Error,10/3/2017 7:35:19 AM,EventCreate,1,None,Application,djkvdihost684.jakarta01.com,JAKARTA01\haedar  
Error,10/3/2017 7:35:18 AM,EventCreate,1,None,Application,djkvdihost040.jakarta01.com,JAKARTA01\Chadijah  
Error,10/3/2017 7:35:05 AM,EventCreate,1,None,Application,djkvdihost202.jakarta01.com,JAKARTA01\LILY AISYAH  
Error,10/3/2017 7:35:05 AM,EventCreate,1,None,Application,djkvdihost742.jakarta01.com,JAKARTA01\phia  
Error,10/3/2017 7:35:03 AM,EventCreate,1,None,Application,djkvdihost348.jakarta01.com,JAKARTA01\meri  
Error,10/3/2017 7:35:00 AM,EventCreate,1,None,Application,djkvdihost861.jakarta01.com,JAKARTA01\kubo  
Error,10/3/2017 7:34:53 AM,EventCreate,1,None,Application,djkvdihost217.jakarta01.com,JAKARTA01\yumiyati  
Error,10/3/2017 7:34:48 AM,EventCreate,1,None,Application,djkvdihost246.jakarta01.com,JAKARTA01\Devina  
Error,10/3/2017 7:34:33 AM,EventCreate,1,None,Application,djkvdihost514.jakarta01.com,JAKARTA01\DEVI  
Error,10/3/2017 7:34:30 AM,EventCreate,1,None,Application,djkvdihost261.jakarta01.com,JAKARTA01\arinie  
Error,10/3/2017 7:34:31 AM,EventCreate,1,None,Application,djkvdihost529.jakarta01.com,JAKARTA01\teddy h  
Error,10/3/2017 7:33:51 AM,WSH,1,None,Application,djkvdihost261.jakarta01.com,"CN=Arinie Ratna Puspita password will expire in 2 day(s) at 10/5/2017 3:05:51 PM

Press CTRL + ALT + DEL and select the ""Change a password"" option."
Error,10/3/2017 7:34:18 AM,EventCreate,1,None,Application,djkvdihost293.jakarta01.com,JAKARTA01\Yunita  
Error,10/3/2017 7:33:59 AM,EventCreate,1,None,Application,djkvdihost848.jakarta01.com,JAKARTA01\sodeoka  
Error,10/3/2017 7:33:57 AM,EventCreate,1,None,Application,djkvdihost431.jakarta01.com,JAKARTA01\m iqbal  
Error,10/3/2017 7:33:56 AM,EventCreate,1,None,Application,djkvdihost729.jakarta01.com,JAKARTA01\rezky  
Error,10/3/2017 7:33:49 AM,WSH,1,None,Application,djkvdihost261.jakarta01.com,"CN=Arinie Ratna Puspita password will expire in 2 day(s) at 10/5/2017 3:05:51 PM

Press CTRL + ALT + DEL and select the ""Change a password"" option."
Error,10/3/2017 7:33:37 AM,EventCreate,1,None,Application,djkvdihost425.jakarta01.com,JAKARTA01\yosie  
Error,10/3/2017 7:33:33 AM,EventCreate,1,None,Application,djkvdihost479.jakarta01.com,JAKARTA01\yusi  
Error,10/3/2017 7:33:26 AM,EventCreate,1,None,Application,djkvdihost467.jakarta01.com,JAKARTA01\saptorini  
Error,10/3/2017 7:33:14 AM,EventCreate,1,None,Application,djkvdihost789.jakarta01.com,JAKARTA01\Priellya  
Error,10/3/2017 7:32:43 AM,EventCreate,1,None,Application,djkvdihost658.jakarta01.com,JAKARTA01\sulistyono  
Error,10/3/2017 7:33:11 AM,EventCreate,1,None,Application,djkvdihost255.jakarta01.com,JAKARTA01\Eny Masruroh  
Error,10/3/2017 7:33:07 AM,EventCreate,1,None,Application,djkvdihost789.jakarta01.com,JAKARTA01\Priellya  
Error,10/3/2017 7:33:06 AM,EventCreate,1,None,Application,djkvdihost028.jakarta01.com,JAKARTA01\Marthen  
Error,10/3/2017 7:32:22 AM,EventCreate,1,None,Application,djkvdihost288.jakarta01.com,JAKARTA01\yofiandhy  
Error,10/3/2017 7:32:19 AM,Application Error,1000,(100),Application,djkvdihost288.jakarta01.com,"Faulting application name: OUTLOOK.EXE, version: 15.0.4919.1001, time stamp: 0x58d20482
Faulting module name: OUTLOOK.EXE, version: 15.0.4919.1001, time stamp: 0x58d20482
Exception code: 0xc0000005
Fault offset: 0x008924c4
Faulting process id: 0x1a88
Faulting application start time: 0x01d33bd3da17535f
Faulting application path: C:\Program Files\Microsoft Office\Office15\OUTLOOK.EXE
Faulting module path: C:\Program Files\Microsoft Office\Office15\OUTLOOK.EXE
Report Id: 50407afa-a7d2-11e7-931f-0050569f27f6"
Error,10/3/2017 7:32:37 AM,EventCreate,1,None,Application,djkvdihost658.jakarta01.com,JAKARTA01\sulistyono  
Error,10/3/2017 7:32:31 AM,EventCreate,1,None,Application,djkvdihost576.jakarta01.com,JAKARTA01\Dina Vathati  
Error,10/3/2017 7:32:08 AM,EventCreate,1,None,Application,djkvdihost870.jakarta01.com,JAKARTA01\andi  
Error,10/3/2017 7:32:08 AM,EventCreate,1,None,Application,djkvdihost198.jakarta01.com,JAKARTA01\NovrianAS  
Error,10/3/2017 7:32:06 AM,EventCreate,1,None,Application,djkvdihost333.jakarta01.com,JAKARTA01\tobing  
Error,10/3/2017 7:32:05 AM,EventCreate,1,None,Application,djkvdihost352.jakarta01.com,JAKARTA01\netra  
Error,10/3/2017 7:31:45 AM,EventCreate,1,None,Application,djkvdihost719.jakarta01.com,JAKARTA01\titis  
Error,10/3/2017 7:31:34 AM,EventCreate,1,None,Application,djkvdihost404.jakarta01.com,JAKARTA01\Rahmat  
Error,10/3/2017 7:31:03 AM,EventCreate,1,None,Application,djkvdihost853.jakarta01.com,JAKARTA01\m nugraha  
Error,10/3/2017 7:30:53 AM,EventCreate,1,None,Application,djkvdihost054.jakarta01.com,JAKARTA01\Teguh Aji  
Error,10/3/2017 7:30:48 AM,EventCreate,1,None,Application,djkvdihost192.jakarta01.com,JAKARTA01\maria  
Error,10/3/2017 7:30:28 AM,EventCreate,1,None,Application,djkvdihost290.jakarta01.com,JAKARTA01\veronicam  
Error,10/3/2017 7:30:28 AM,EventCreate,1,None,Application,djkvdihost465.jakarta01.com,JAKARTA01\aticha  
Error,10/3/2017 7:30:09 AM,EventCreate,1,None,Application,djkvdihost309.jakarta01.com,JAKARTA01\rozi  
Error,10/3/2017 7:29:59 AM,EventCreate,1,None,Application,djkvdihost832.jakarta01.com,JAKARTA01\femmy  
Error,10/3/2017 7:29:12 AM,EventCreate,1,None,Application,djkvdihost405.jakarta01.com,JAKARTA01\mirawati  
Error,10/3/2017 7:29:09 AM,EventCreate,1,None,Application,djkvdihost370.jakarta01.com,JAKARTA01\hertanto  
Error,10/3/2017 7:29:38 AM,EventCreate,1,None,Application,djkvdihost523.jakarta01.com,JAKARTA01\binar  
Error,10/3/2017 7:28:55 AM,EventCreate,1,None,Application,djkvdihost850.jakarta01.com,JAKARTA01\i gede  
Error,10/3/2017 7:28:28 AM,WSH,1,None,Application,djkvdihost405.jakarta01.com,"CN=Mirawati Pranoto password will expire in 2 day(s) at 10/5/2017 7:42:29 AM

Press CTRL + ALT + DEL and select the ""Change a password"" option."
Error,10/3/2017 7:28:41 AM,EventCreate,1,None,Application,djkvdihost692.jakarta01.com,JAKARTA01\Nur Maya  
Error,10/3/2017 7:28:37 AM,EventCreate,1,None,Application,djkvdihost273.jakarta01.com,JAKARTA01\DianRamadhania  
Error,10/3/2017 7:28:28 AM,WSH,1,None,Application,djkvdihost405.jakarta01.com,"CN=Mirawati Pranoto password will expire in 2 day(s) at 10/5/2017 7:42:29 AM

Press CTRL + ALT + DEL and select the ""Change a password"" option."
Error,10/3/2017 7:28:25 AM,EventCreate,1,None,Application,djkvdihost772.jakarta01.com,JAKARTA01\pramana  
Error,10/3/2017 7:28:15 AM,EventCreate,1,None,Application,djkvdihost099.jakarta01.com,JAKARTA01\ADrianP  
Error,10/3/2017 7:28:07 AM,EventCreate,1,None,Application,djkvdihost169.jakarta01.com,JAKARTA01\adriani  
Error,10/3/2017 7:28:00 AM,EventCreate,1,None,Application,djkvdihost169.jakarta01.com,JAKARTA01\adriani  
Error,10/3/2017 7:27:56 AM,EventCreate,1,None,Application,djkvdihost374.jakarta01.com,JAKARTA01\aprianto  
Error,10/3/2017 7:27:43 AM,EventCreate,1,None,Application,djkvdihost606.jakarta01.com,JAKARTA01\srahma  
Error,10/3/2017 7:27:35 AM,EventCreate,1,None,Application,djkvdihost105.jakarta01.com,JAKARTA01\Hilma  
Error,10/3/2017 7:27:03 AM,EventCreate,1,None,Application,djkvdihost118.jakarta01.com,JAKARTA01\ivan  
Error,10/3/2017 7:26:35 AM,EventCreate,1,None,Application,djkvdihost697.jakarta01.com,JAKARTA01\Ajie  
Error,10/3/2017 7:26:27 AM,EventCreate,1,None,Application,djkvdihost618.jakarta01.com,JAKARTA01\wulanf  
Error,10/3/2017 7:25:49 AM,EventCreate,1,None,Application,djkvdihost642.jakarta01.com,JAKARTA01\Dimas Satya  
Error,10/3/2017 7:26:11 AM,EventCreate,1,None,Application,djkvdihost315.jakarta01.com,JAKARTA01\ayuningtias  
Error,10/3/2017 7:25:50 AM,EventCreate,1,None,Application,djkvdihost078.jakarta01.com,JAKARTA01\maya  
Error,10/3/2017 7:25:48 AM,EventCreate,1,None,Application,djkvdihost743.jakarta01.com,JAKARTA01\Arum  
Error,10/3/2017 7:25:37 AM,EventCreate,1,None,Application,djkvdihost642.jakarta01.com,JAKARTA01\Dimas Satya  
Error,10/3/2017 7:25:27 AM,EventCreate,1,None,Application,djkvdihost123.jakarta01.com,JAKARTA01\vina  
Error,10/3/2017 7:25:27 AM,EventCreate,1,None,Application,djkvdihost630.jakarta01.com,JAKARTA01\yenni  
Error,10/3/2017 7:24:36 AM,EventCreate,1,None,Application,djkvdihost417.jakarta01.com,JAKARTA01\mdendy  
Error,10/3/2017 7:25:02 AM,EventCreate,1,None,Application,djkvdihost308.jakarta01.com,JAKARTA01\niluh  
Error,10/3/2017 7:25:01 AM,EventCreate,1,None,Application,djkvdihost499.jakarta01.com,JAKARTA01\retno  
Error,10/3/2017 7:25:00 AM,EventCreate,1,None,Application,djkvdihost109.jakarta01.com,JAKARTA01\myreshka  
Error,10/3/2017 7:24:52 AM,EventCreate,1,None,Application,djkvdihost879.jakarta01.com,JAKARTA01\Kurnia Arisayuga  
Error,10/3/2017 7:24:49 AM,EventCreate,1,None,Application,djkvdihost209.jakarta01.com,JAKARTA01\ALTHEA  
Error,10/3/2017 7:24:33 AM,EventCreate,1,None,Application,djkvdihost417.jakarta01.com,JAKARTA01\mdendy  
Error,10/3/2017 7:24:30 AM,EventCreate,1,None,Application,djkvdihost844.jakarta01.com,JAKARTA01\tsusaka  
Error,10/3/2017 7:24:06 AM,EventCreate,1,None,Application,djkvdihost698.jakarta01.com,JAKARTA01\rara  
Error,10/3/2017 7:23:49 AM,EventCreate,1,None,Application,djkvdihost197.jakarta01.com,JAKARTA01\susilowati  
Error,10/3/2017 7:23:48 AM,EventCreate,1,None,Application,djkvdihost384.jakarta01.com,JAKARTA01\riaanggreyni  
Error,10/3/2017 7:23:37 AM,EventCreate,1,None,Application,djkvdihost271.jakarta01.com,JAKARTA01\davidhs  
Error,10/3/2017 7:23:32 AM,EventCreate,1,None,Application,djkvdihost108.jakarta01.com,JAKARTA01\vina febria  
Error,10/3/2017 7:23:10 AM,EventCreate,1,None,Application,djkvdihost269.jakarta01.com,JAKARTA01\sinta  
Error,10/3/2017 7:22:27 AM,EventCreate,1,None,Application,djkvdihost701.jakarta01.com,JAKARTA01\SANI  
Error,10/3/2017 7:22:26 AM,EventCreate,1,None,Application,djkvdihost262.jakarta01.com,JAKARTA01\mario  
Error,10/3/2017 7:22:22 AM,EventCreate,1,None,Application,djkvdihost701.jakarta01.com,JAKARTA01\SANI  
Error,10/3/2017 7:22:05 AM,EventCreate,1,None,Application,djkvdihost802.jakarta01.com,JAKARTA01\Dicky  
