Error,9/26/2017 10:36:22 AM,EventCreate,1,None,Application,djkvdihost154.jakarta01.com,JAKARTA01\MahendraR  
Error,9/26/2017 10:36:22 AM,Application Error,1000,(100),Application,djkvdihost154.jakarta01.com,"Faulting application name: OUTLOOK.EXE, version: 15.0.4919.1001, time stamp: 0x58d20482
Faulting module name: OUTLOOK.EXE, version: 15.0.4919.1001, time stamp: 0x58d20482
Exception code: 0xc0000005
Fault offset: 0x008924c4
Faulting process id: 0x1d04
Faulting application start time: 0x01d3367677f218f9
Faulting application path: C:\Program Files\Microsoft Office\Office15\OUTLOOK.EXE
Faulting module path: C:\Program Files\Microsoft Office\Office15\OUTLOOK.EXE
Report Id: dd0266ef-a26b-11e7-95a7-0050569f5e64"
Error,9/26/2017 10:34:57 AM,EventCreate,1,None,Application,djkvdihost064.jakarta01.com,JAKARTA01\handayani  
Error,9/26/2017 10:34:58 AM,EventCreate,1,None,Application,djkvdihost024.jakarta01.com,JAKARTA01\hertanto  
Error,9/26/2017 10:34:45 AM,EventCreate,1,None,Application,djkvdihost064.jakarta01.com,JAKARTA01\handayani  
Error,9/26/2017 10:34:56 AM,Application Error,1000,(100),Application,djkvdihost024.jakarta01.com,"Faulting application name: OUTLOOK.EXE, version: 15.0.4919.1001, time stamp: 0x58d20482
Faulting module name: OUTLOOK.EXE, version: 15.0.4919.1001, time stamp: 0x58d20482
Exception code: 0xc0000005
Fault offset: 0x008924c4
Faulting process id: 0x1da8
Faulting application start time: 0x01d3365af0bfde9e
Faulting application path: C:\Program Files\Microsoft Office\Office15\OUTLOOK.EXE
Faulting module path: C:\Program Files\Microsoft Office\Office15\OUTLOOK.EXE
Report Id: aa3f2a08-a26b-11e7-910d-0050569f6bde"
Error,9/26/2017 10:32:48 AM,EventCreate,1,None,Application,djkvdihost683.jakarta01.com,JAKARTA01\raymond  
Error,9/26/2017 10:31:54 AM,EventCreate,1,None,Application,djkvdihost010.jakarta01.com,JAKARTA01\Alexval  
Error,9/26/2017 10:31:32 AM,EventCreate,1,None,Application,djkvdihost709.jakarta01.com,JAKARTA01\wisnu  
Error,9/26/2017 10:31:08 AM,EventCreate,1,None,Application,djkvdihost757.jakarta01.com,JAKARTA01\guestisd35  
Error,9/26/2017 10:29:17 AM,EventCreate,1,None,Application,djkvdihost425.jakarta01.com,JAKARTA01\linda  
Error,9/26/2017 10:28:45 AM,EventCreate,1,None,Application,djkvdihost425.jakarta01.com,JAKARTA01\linda  
Error,9/26/2017 10:28:42 AM,EventCreate,1,None,Application,djkvdihost425.jakarta01.com,JAKARTA01\linda  
Error,9/26/2017 10:28:20 AM,EventCreate,1,None,Application,djkvdihost313.jakarta01.com,JAKARTA01\Sandra  
Error,9/26/2017 10:27:56 AM,EventCreate,1,None,Application,djkvdihost425.jakarta01.com,JAKARTA01\linda  
Error,9/26/2017 10:23:48 AM,EventCreate,1,None,Application,djkvdihost273.jakarta01.com,JAKARTA01\Hilman  
Error,9/26/2017 10:23:17 AM,EventCreate,1,None,Application,djkvdihost330.jakarta01.com,JAKARTA01\erwin  
Error,9/26/2017 10:22:21 AM,EventCreate,1,None,Application,djkvdihost081.jakarta01.com,JAKARTA01\Arief Sandy  
Error,9/26/2017 10:21:11 AM,EventCreate,1,None,Application,djkvdihost081.jakarta01.com,JAKARTA01\Arief Sandy  
Error,9/26/2017 10:20:54 AM,EventCreate,1,None,Application,djkvdihost154.jakarta01.com,JAKARTA01\MahendraR  
Error,9/26/2017 10:20:51 AM,Application Error,1000,(100),Application,djkvdihost154.jakarta01.com,"Faulting application name: OUTLOOK.EXE, version: 15.0.4919.1001, time stamp: 0x58d20482
Faulting module name: OUTLOOK.EXE, version: 15.0.4919.1001, time stamp: 0x58d20482
Exception code: 0xc0000005
Fault offset: 0x008924c7
Faulting process id: 0x1c5c
Faulting application start time: 0x01d33670221395b4
Faulting application path: C:\Program Files\Microsoft Office\Office15\OUTLOOK.EXE
Faulting module path: C:\Program Files\Microsoft Office\Office15\OUTLOOK.EXE
Report Id: b277b45d-a269-11e7-95a7-0050569f5e64"
Error,9/26/2017 10:21:06 AM,EventCreate,1,None,Application,djkvdihost081.jakarta01.com,JAKARTA01\Arief Sandy  
Error,9/26/2017 10:17:31 AM,EventCreate,1,None,Application,djkvdihost109.jakarta01.com,JAKARTA01\RURI  
Error,9/26/2017 10:17:24 AM,EventCreate,1,None,Application,djkvdihost900.jakarta01.com,JAKARTA01\Adi Purnomo  
Error,9/26/2017 10:17:24 AM,Application Error,1000,(100),Application,djkvdihost900.jakarta01.com,"Faulting application name: OUTLOOK.EXE, version: 15.0.4927.1001, time stamp: 0x58f5f52e
Faulting module name: OUTLOOK.EXE, version: 15.0.4927.1001, time stamp: 0x58f5f52e
Exception code: 0xc0000005
Fault offset: 0x0055749a
Faulting process id: 0x1360
Faulting application start time: 0x01d33675cd8fb1d6
Faulting application path: C:\Program Files (x86)\Microsoft Office\Office15\OUTLOOK.EXE
Faulting module path: C:\Program Files (x86)\Microsoft Office\Office15\OUTLOOK.EXE
Report Id: 36e946a0-a269-11e7-a214-0050569f56e9"
Error,9/26/2017 10:17:29 AM,Application Error,1000,(100),Application,djkvdihost109.jakarta01.com,"Faulting application name: SVS BTMU.exe, version: 1.2.5.0, time stamp: 0x4e27d208
Faulting module name: KERNELBASE.dll, version: 6.1.7601.23714, time stamp: 0x58bf87a4
Exception code: 0xe053534f
Fault offset: 0x0000845d
Faulting process id: 0x%9
Faulting application start time: 0x%10
Faulting application path: %11
Faulting module path: %12
Report Id: %13"
Error,9/26/2017 10:16:07 AM,EventCreate,1,None,Application,djkvdihost900.jakarta01.com,JAKARTA01\Adi Purnomo  
Error,9/26/2017 10:16:10 AM,EventCreate,1,None,Application,djkvdihost785.jakarta01.com,JAKARTA01\rahmatia  
Error,9/26/2017 10:16:05 AM,Application Error,1000,(100),Application,djkvdihost900.jakarta01.com,"Faulting application name: OUTLOOK.EXE, version: 15.0.4927.1001, time stamp: 0x58f5f52e
Faulting module name: OUTLOOK.EXE, version: 15.0.4927.1001, time stamp: 0x58f5f52e
Exception code: 0xc0000005
Fault offset: 0x0055749a
Faulting process id: 0x12a4
Faulting application start time: 0x01d33673e3db9380
Faulting application path: C:\Program Files (x86)\Microsoft Office\Office15\OUTLOOK.EXE
Faulting module path: C:\Program Files (x86)\Microsoft Office\Office15\OUTLOOK.EXE
Report Id: 07fed150-a269-11e7-a214-0050569f56e9"
Error,9/26/2017 10:10:45 AM,EventCreate,1,None,Application,djkvdihost609.jakarta01.com,JAKARTA01\elestari  
Error,9/26/2017 10:09:49 AM,EventCreate,1,None,Application,djkvdihost447.jakarta01.com,JAKARTA01\sulistyono  
Error,9/26/2017 10:09:42 AM,EventCreate,1,None,Application,djkvdihost447.jakarta01.com,JAKARTA01\sulistyono  
Error,9/26/2017 10:09:39 AM,EventCreate,1,None,Application,djkvdihost447.jakarta01.com,JAKARTA01\sulistyono  
Error,9/26/2017 10:09:33 AM,EventCreate,1,None,Application,djkvdihost447.jakarta01.com,JAKARTA01\sulistyono  
Error,9/26/2017 10:09:30 AM,EventCreate,1,None,Application,djkvdihost447.jakarta01.com,JAKARTA01\sulistyono  
Error,9/26/2017 10:09:26 AM,EventCreate,1,None,Application,djkvdihost447.jakarta01.com,JAKARTA01\sulistyono  
Error,9/26/2017 10:09:23 AM,EventCreate,1,None,Application,djkvdihost830.jakarta01.com,JAKARTA01\meri  
Error,9/26/2017 10:09:15 AM,EventCreate,1,None,Application,djkvdihost832.jakarta01.com,JAKARTA01\indrawati  
Error,9/26/2017 10:09:22 AM,EventCreate,1,None,Application,djkvdihost447.jakarta01.com,JAKARTA01\sulistyono  
Error,9/26/2017 10:09:20 AM,Application Error,1000,(100),Application,djkvdihost830.jakarta01.com,"Faulting application name: OUTLOOK.EXE, version: 15.0.4919.1001, time stamp: 0x58d20482
Faulting module name: OUTLOOK.EXE, version: 15.0.4919.1001, time stamp: 0x58d20482
Exception code: 0xc0000005
Fault offset: 0x008924c4
Faulting process id: 0x1910
Faulting application start time: 0x01d33660dd7271c6
Faulting application path: C:\Program Files\Microsoft Office\Office15\OUTLOOK.EXE
Faulting module path: C:\Program Files\Microsoft Office\Office15\OUTLOOK.EXE
Report Id: 16b8790a-a268-11e7-932d-0050569f09fe"
Error,9/26/2017 10:09:12 AM,Application Error,1000,(100),Application,djkvdihost832.jakarta01.com,"Faulting application name: WINWORD.EXE, version: 15.0.4911.1000, time stamp: 0x58a2c075
Faulting module name: ntdll.dll, version: 6.1.7601.23714, time stamp: 0x58bf8774
Exception code: 0xc0000005
Fault offset: 0x000529ac
Faulting process id: 0xe40
Faulting application start time: 0x01d336723d7fc703
Faulting application path: C:\Program Files\Microsoft Office\Office15\WINWORD.EXE
Faulting module path: C:\Windows\SYSTEM32\ntdll.dll
Report Id: 11c3c0f2-a268-11e7-bb7a-0050569f2723"
Error,9/26/2017 10:02:06 AM,EventCreate,1,None,Application,djkvdihost900.jakarta01.com,JAKARTA01\Adi Purnomo  
Error,9/26/2017 9:55:44 AM,EventCreate,1,None,Application,djkvdihost002.jakarta01.com,JAKARTA01\DanielAW  
Error,9/26/2017 9:55:41 AM,Application Error,1000,(100),Application,djkvdihost002.jakarta01.com,"Faulting application name: OUTLOOK.EXE, version: 15.0.4919.1001, time stamp: 0x58d20482
Faulting module name: ntdll.dll, version: 6.1.7601.23714, time stamp: 0x58bf8774
Exception code: 0xc0000005
Fault offset: 0x000529ac
Faulting process id: 0x1f1c
Faulting application start time: 0x01d33662f35555a5
Faulting application path: C:\Program Files\Microsoft Office\Office15\OUTLOOK.EXE
Faulting module path: C:\Windows\SYSTEM32\ntdll.dll
Report Id: 2e041f43-a266-11e7-9c9e-0050569f005a"
Error,9/26/2017 9:55:28 AM,EventCreate,1,None,Application,djkvdihost398.jakarta01.com,JAKARTA01\cinta  
Error,9/26/2017 9:55:25 AM,Application Error,1000,(100),Application,djkvdihost398.jakarta01.com,"Faulting application name: OUTLOOK.EXE, version: 15.0.4919.1001, time stamp: 0x58d20482
Faulting module name: OUTLOOK.EXE, version: 15.0.4919.1001, time stamp: 0x58d20482
Exception code: 0xc0000005
Fault offset: 0x008924c4
Faulting process id: 0x1a64
Faulting application start time: 0x01d33661ea016470
Faulting application path: C:\Program Files\Microsoft Office\Office15\OUTLOOK.EXE
Faulting module path: C:\Program Files\Microsoft Office\Office15\OUTLOOK.EXE
Report Id: 24ba082d-a266-11e7-be7c-0050569f1d74"
Error,9/26/2017 9:53:36 AM,EventCreate,1,None,Application,djkvdihost529.jakarta01.com,JAKARTA01\Erlisa  
Error,9/26/2017 9:52:16 AM,EventCreate,1,None,Application,djkvdihost696.jakarta01.com,JAKARTA01\aticha  
Error,9/26/2017 9:51:50 AM,EventCreate,1,None,Application,djkvdihost730.jakarta01.com,JAKARTA01\guestisd40  
Error,9/26/2017 9:51:34 AM,WSH,1,None,Application,djkvdihost696.jakarta01.com,"CN=Aticha Astary password will expire in 2 day(s) at 9/28/2017 6:55:15 AM

Press CTRL + ALT + DEL and select the ""Change a password"" option."
Error,9/26/2017 9:51:34 AM,WSH,1,None,Application,djkvdihost696.jakarta01.com,"CN=Aticha Astary password will expire in 2 day(s) at 9/28/2017 6:55:15 AM

Press CTRL + ALT + DEL and select the ""Change a password"" option."
Error,9/26/2017 9:44:09 AM,EventCreate,1,None,Application,djkvdihost827.jakarta01.com,JAKARTA01\fatma  
Error,9/26/2017 9:42:01 AM,EventCreate,1,None,Application,djkvdihost827.jakarta01.com,JAKARTA01\fatma  
Error,9/26/2017 9:41:56 AM,EventCreate,1,None,Application,djkvdihost827.jakarta01.com,JAKARTA01\fatma  
Error,9/26/2017 9:41:19 AM,EventCreate,1,None,Application,djkvdihost560.jakarta01.com,JAKARTA01\guestisd52  
Error,9/26/2017 9:40:47 AM,EventCreate,1,None,Application,djkvdihost611.jakarta01.com,JAKARTA01\guestisd53  
Error,9/26/2017 9:40:14 AM,EventCreate,1,None,Application,djkvdihost130.jakarta01.com,JAKARTA01\guestacc10  
Error,9/26/2017 9:40:02 AM,EventCreate,1,None,Application,djkvdihost172.jakarta01.com,JAKARTA01\guestacc08  
Error,9/26/2017 9:39:35 AM,EventCreate,1,None,Application,djkvdihost421.jakarta01.com,JAKARTA01\fajar  
Error,9/26/2017 9:39:30 AM,EventCreate,1,None,Application,djkvdihost421.jakarta01.com,JAKARTA01\fajar  
Error,9/26/2017 9:39:22 AM,EventCreate,1,None,Application,djkvdihost421.jakarta01.com,JAKARTA01\fajar  
Error,9/26/2017 9:39:20 AM,EventCreate,1,None,Application,djkvdihost421.jakarta01.com,JAKARTA01\fajar  
Error,9/26/2017 9:39:38 AM,EventCreate,1,None,Application,djkvdihost275.jakarta01.com,JAKARTA01\Bryant  
Error,9/26/2017 9:39:05 AM,EventCreate,1,None,Application,djkvdihost278.jakarta01.com,JAKARTA01\eddy  
Error,9/26/2017 9:39:02 AM,Application Error,1000,(100),Application,djkvdihost278.jakarta01.com,"Faulting application name: OUTLOOK.EXE, version: 15.0.4919.1001, time stamp: 0x58d20482
Faulting module name: OUTLOOK.EXE, version: 15.0.4919.1001, time stamp: 0x58d20482
Exception code: 0xc0000005
Fault offset: 0x008924c4
Faulting process id: 0x1cd8
Faulting application start time: 0x01d3365bcd0434cb
Faulting application path: C:\Program Files\Microsoft Office\Office15\OUTLOOK.EXE
Faulting module path: C:\Program Files\Microsoft Office\Office15\OUTLOOK.EXE
Report Id: dabca9e2-a263-11e7-b450-0050569f5856"
Error,9/26/2017 9:37:51 AM,EventCreate,1,None,Application,djkvdihost637.jakarta01.com,JAKARTA01\purba  
Error,9/26/2017 9:37:32 AM,EventCreate,1,None,Application,djkvdihost637.jakarta01.com,JAKARTA01\purba  
Error,9/26/2017 9:35:17 AM,EventCreate,1,None,Application,djkvdihost195.jakarta01.com,JAKARTA01\yoshinta  
Error,9/26/2017 9:33:49 AM,EventCreate,1,None,Application,djkvdihost401.jakarta01.com,JAKARTA01\budsiregar  
Error,9/26/2017 9:33:25 AM,EventCreate,1,None,Application,djkvdihost644.jakarta01.com,JAKARTA01\valery  
Error,9/26/2017 9:32:38 AM,WSH,1,None,Application,djkvdihost644.jakarta01.com,"CN=Valery T Wongsonegoro password will expire in 2 day(s) at 9/28/2017 11:44:22 AM

Press CTRL + ALT + DEL and select the ""Change a password"" option."
Error,9/26/2017 9:32:37 AM,WSH,1,None,Application,djkvdihost644.jakarta01.com,"CN=Valery T Wongsonegoro password will expire in 2 day(s) at 9/28/2017 11:44:22 AM

Press CTRL + ALT + DEL and select the ""Change a password"" option."
Error,9/26/2017 9:31:53 AM,EventCreate,1,None,Application,djkvdihost101.jakarta01.com,JAKARTA01\Anton  
Error,9/26/2017 9:31:16 AM,EventCreate,1,None,Application,djkvdihost276.jakarta01.com,JAKARTA01\rina  
Error,9/26/2017 9:31:05 AM,EventCreate,1,None,Application,djkvdihost704.jakarta01.com,JAKARTA01\WulanAn  
Error,9/26/2017 9:31:02 AM,Application Error,1000,(100),Application,djkvdihost704.jakarta01.com,"Faulting application name: OUTLOOK.EXE, version: 15.0.4919.1001, time stamp: 0x58d20482
Faulting module name: OUTLOOK.EXE, version: 15.0.4919.1001, time stamp: 0x58d20482
Exception code: 0xc0000005
Fault offset: 0x008924c4
Faulting process id: 0x1f40
Faulting application start time: 0x01d336604156ce81
Faulting application path: C:\Program Files\Microsoft Office\Office15\OUTLOOK.EXE
Faulting module path: C:\Program Files\Microsoft Office\Office15\OUTLOOK.EXE
Report Id: bcf47a28-a262-11e7-81e6-0050569f2f84"
Error,9/26/2017 9:30:38 AM,EventCreate,1,None,Application,djkvdihost276.jakarta01.com,JAKARTA01\rina  
Error,9/26/2017 9:30:29 AM,EventCreate,1,None,Application,djkvdihost641.jakarta01.com,JAKARTA01\hafsia  
Error,9/26/2017 9:30:24 AM,EventCreate,1,None,Application,djkvdihost641.jakarta01.com,JAKARTA01\hafsia  
Error,9/26/2017 9:29:54 AM,EventCreate,1,None,Application,djkvdihost276.jakarta01.com,JAKARTA01\rina  
Error,9/26/2017 9:29:44 AM,EventCreate,1,None,Application,djkvdihost269.jakarta01.com,JAKARTA01\Dwi anisa  
Error,9/26/2017 9:29:08 AM,EventCreate,1,None,Application,djkvdihost798.jakarta01.com,JAKARTA01\ici  
Error,9/26/2017 9:27:18 AM,EventCreate,1,None,Application,djkvdihost347.jakarta01.com,JAKARTA01\Prihantono  
Error,9/26/2017 9:26:19 AM,EventCreate,1,None,Application,djkvdihost669.jakarta01.com,JAKARTA01\Tammyana  
Error,9/26/2017 9:26:13 AM,EventCreate,1,None,Application,djkvdihost205.jakarta01.com,JAKARTA01\tiar  
Error,9/26/2017 9:26:16 AM,Application Error,1000,(100),Application,djkvdihost669.jakarta01.com,"Faulting application name: OUTLOOK.EXE, version: 15.0.4919.1001, time stamp: 0x58d20482
Faulting module name: OUTLOOK.EXE, version: 15.0.4919.1001, time stamp: 0x58d20482
Exception code: 0xc0000005
Fault offset: 0x008924c4
Faulting process id: 0x1ef0
Faulting application start time: 0x01d336664d7f4c43
Faulting application path: C:\Program Files\Microsoft Office\Office15\OUTLOOK.EXE
Faulting module path: C:\Program Files\Microsoft Office\Office15\OUTLOOK.EXE
Report Id: 12509b23-a262-11e7-8880-0050569f12f7"
Error,9/26/2017 9:26:16 AM,EventCreate,1,None,Application,djkvdihost587.jakarta01.com,JAKARTA01\slamet  
Error,9/26/2017 9:25:50 AM,EventCreate,1,None,Application,djkvdihost205.jakarta01.com,JAKARTA01\tiar  
Error,9/26/2017 9:23:16 AM,EventCreate,1,None,Application,djkvdihost372.jakarta01.com,JAKARTA01\taufik  
Error,9/26/2017 9:23:11 AM,Application Error,1000,(100),Application,djkvdihost372.jakarta01.com,"Faulting application name: spoolsv.exe, version: 6.1.7601.17777, time stamp: 0x4f35efc3
Faulting module name: msvcrt.dll, version: 7.0.7601.17744, time stamp: 0x4eeaf722
Exception code: 0xc0000005
Fault offset: 0x0000aa14
Faulting process id: 0x638
Faulting application start time: 0x01d335f125909a62
Faulting application path: C:\Windows\System32\spoolsv.exe
Faulting module path: C:\Windows\system32\msvcrt.dll
Report Id: a3fe8246-a261-11e7-b300-0050569f5e70"
Error,9/26/2017 9:20:50 AM,EventCreate,1,None,Application,djkvdihost902.jakarta01.com,JAKARTA01\Indra Bramantyono  
Error,9/26/2017 9:20:50 AM,Application Error,1000,(100),Application,djkvdihost902.jakarta01.com,"Faulting application name: OUTLOOK.EXE, version: 15.0.4927.1001, time stamp: 0x58f5f52e
Faulting module name: MSVCR100.dll, version: 10.0.40219.325, time stamp: 0x4df2be1e
Exception code: 0xc0000417
Fault offset: 0x0008af3e
Faulting process id: 0xef0
Faulting application start time: 0x01d33663a7d462a8
Faulting application path: C:\Program Files (x86)\Microsoft Office\Office15\OUTLOOK.EXE
Faulting module path: C:\Windows\system32\MSVCR100.dll
Report Id: 4fb8fda8-a261-11e7-9c3a-0050569f64fe"
Error,9/26/2017 9:20:46 AM,EventCreate,1,None,Application,djkvdihost340.jakarta01.com,JAKARTA01\christianrs  
Error,9/26/2017 9:19:39 AM,EventCreate,1,None,Application,djkvdihost004.jakarta01.com,JAKARTA01\budi kurniawan  
Error,9/26/2017 9:19:36 AM,EventCreate,1,None,Application,djkvdihost040.jakarta01.com,JAKARTA01\edwan  
Error,9/26/2017 9:17:07 AM,EventCreate,1,None,Application,djkvdihost468.jakarta01.com,JAKARTA01\fardhady  
Error,9/26/2017 9:17:04 AM,Application Error,1000,(100),Application,djkvdihost468.jakarta01.com,"Faulting application name: OUTLOOK.EXE, version: 15.0.4919.1001, time stamp: 0x58d20482
Faulting module name: OUTLOOK.EXE, version: 15.0.4919.1001, time stamp: 0x58d20482
Exception code: 0xc0000005
Fault offset: 0x008924c7
Faulting process id: 0x828
Faulting application start time: 0x01d336649d11cc3e
Faulting application path: C:\Program Files\Microsoft Office\Office15\OUTLOOK.EXE
Faulting module path: C:\Program Files\Microsoft Office\Office15\OUTLOOK.EXE
Report Id: c98685f8-a260-11e7-9360-0050569f758f"
Error,9/26/2017 9:17:12 AM,EventCreate,1,None,Application,djkvdihost457.jakarta01.com,JAKARTA01\ummu  
Error,9/26/2017 9:16:49 AM,EventCreate,1,None,Application,djkvdihost797.jakarta01.com,JAKARTA01\Rahmad  
Error,9/26/2017 9:15:35 AM,EventCreate,1,None,Application,djkvdihost031.jakarta01.com,JAKARTA01\vinka  
Error,9/26/2017 9:12:00 AM,EventCreate,1,None,Application,djkvdihost262.jakarta01.com,JAKARTA01\sylvia  
Error,9/26/2017 9:11:46 AM,EventCreate,1,None,Application,djkvdihost262.jakarta01.com,JAKARTA01\sylvia  
Error,9/26/2017 9:10:14 AM,EventCreate,1,None,Application,djkvdihost202.jakarta01.com,JAKARTA01\wirantika  
Error,9/26/2017 9:10:11 AM,EventCreate,1,None,Application,djkvdihost209.jakarta01.com,JAKARTA01\abdulas  
Error,9/26/2017 9:10:14 AM,EventCreate,1,None,Application,djkvdihost235.jakarta01.com,JAKARTA01\dessy  
Error,9/26/2017 9:10:10 AM,EventCreate,1,None,Application,djkvdihost639.jakarta01.com,JAKARTA01\anderson  
Error,9/26/2017 9:09:30 AM,EventCreate,1,None,Application,djkvdihost209.jakarta01.com,JAKARTA01\abdulas  
Error,9/26/2017 9:09:20 AM,EventCreate,1,None,Application,djkvdihost165.jakarta01.com,JAKARTA01\hersiari  
Error,9/26/2017 9:08:56 AM,EventCreate,1,None,Application,djkvdihost450.jakarta01.com,JAKARTA01\maulina  
Error,9/26/2017 9:08:40 AM,EventCreate,1,None,Application,djkvdihost202.jakarta01.com,JAKARTA01\wirantika  
Error,9/26/2017 9:07:40 AM,EventCreate,1,None,Application,djkvdihost601.jakarta01.com,JAKARTA01\guestISD50  
Error,9/26/2017 9:07:00 AM,EventCreate,1,None,Application,djkvdihost455.jakarta01.com,JAKARTA01\guestisd54  
Error,9/26/2017 9:06:16 AM,EventCreate,1,None,Application,djkvdihost318.jakarta01.com,JAKARTA01\agnes  
Error,9/26/2017 9:05:42 AM,EventCreate,1,None,Application,djkvdihost318.jakarta01.com,JAKARTA01\agnes  
Error,9/26/2017 9:04:58 AM,EventCreate,1,None,Application,djkvdihost204.jakarta01.com,JAKARTA01\magdalena  
Error,9/26/2017 9:04:34 AM,EventCreate,1,None,Application,djkvdihost102.jakarta01.com,JAKARTA01\kiky  
Error,9/26/2017 9:03:57 AM,EventCreate,1,None,Application,djkvdihost064.jakarta01.com,JAKARTA01\linda  
Error,9/26/2017 9:03:49 AM,EventCreate,1,None,Application,djkvdihost530.jakarta01.com,JAKARTA01\meltsaury  
Error,9/26/2017 9:03:21 AM,EventCreate,1,None,Application,djkvdihost065.jakarta01.com,JAKARTA01\nathaniel  
Error,9/26/2017 9:03:15 AM,EventCreate,1,None,Application,djkvdihost394.jakarta01.com,JAKARTA01\nurfadila  
Error,9/26/2017 9:02:59 AM,EventCreate,1,None,Application,djkvdihost659.jakarta01.com,JAKARTA01\yoedo  
Error,9/26/2017 9:02:51 AM,EventCreate,1,None,Application,djkvdihost792.jakarta01.com,JAKARTA01\richard  
Error,9/26/2017 9:02:44 AM,EventCreate,1,None,Application,djkvdihost400.jakarta01.com,JAKARTA01\adityo yuwono  
Error,9/26/2017 9:02:40 AM,EventCreate,1,None,Application,djkvdihost380.jakarta01.com,JAKARTA01\anindita  
Error,9/26/2017 9:02:08 AM,WSH,1,None,Application,djkvdihost792.jakarta01.com,"CN=Richard Lucky Hasintongan password will expire in 2 day(s) at 9/28/2017 8:20:10 AM

Press CTRL + ALT + DEL and select the ""Change a password"" option."
Error,9/26/2017 9:02:02 AM,EventCreate,1,None,Application,djkvdihost239.jakarta01.com,JAKARTA01\lisa  
Error,9/26/2017 9:02:01 AM,Application Error,1000,(100),Application,djkvdihost239.jakarta01.com,"Faulting application name: WINWORD.EXE, version: 15.0.4911.1000, time stamp: 0x58a2c075
Faulting module name: wwlib.dll, version: 15.0.4911.1000, time stamp: 0x58a2c073
Exception code: 0xc0000005
Fault offset: 0x006f1046
Faulting process id: 0x1624
Faulting application start time: 0x01d3366b6857f5fb
Faulting application path: C:\Program Files\Microsoft Office\Office15\WINWORD.EXE
Faulting module path: C:\Program Files\Microsoft Office\Office15\wwlib.dll
Report Id: af1efdc7-a25e-11e7-87e8-0050569f2638"
Error,9/26/2017 9:02:29 AM,EventCreate,1,None,Application,djkvdihost042.jakarta01.com,JAKARTA01\Elvira  
Error,9/26/2017 9:02:27 AM,EventCreate,1,None,Application,djkvdihost459.jakarta01.com,JAKARTA01\ridjal  
Error,9/26/2017 9:02:26 AM,EventCreate,1,None,Application,djkvdihost009.jakarta01.com,JAKARTA01\regina  
Error,9/26/2017 9:02:26 AM,EventCreate,1,None,Application,djkvdihost817.jakarta01.com,JAKARTA01\Ricky  
Error,9/26/2017 9:02:07 AM,WSH,1,None,Application,djkvdihost792.jakarta01.com,"CN=Richard Lucky Hasintongan password will expire in 2 day(s) at 9/28/2017 8:20:10 AM

Press CTRL + ALT + DEL and select the ""Change a password"" option."
Error,9/26/2017 9:02:04 AM,EventCreate,1,None,Application,djkvdihost721.jakarta01.com,JAKARTA01\army  
Error,9/26/2017 9:01:24 AM,EventCreate,1,None,Application,djkvdihost239.jakarta01.com,JAKARTA01\lisa  
Error,9/26/2017 9:01:21 AM,Application Error,1000,(100),Application,djkvdihost239.jakarta01.com,"Faulting application name: WINWORD.EXE, version: 15.0.4911.1000, time stamp: 0x58a2c075
Faulting module name: wwlib.dll, version: 15.0.4911.1000, time stamp: 0x58a2c073
Exception code: 0xc0000005
Fault offset: 0x006f0ff9
Faulting process id: 0x1734
Faulting application start time: 0x01d33666dc888f10
Faulting application path: C:\Program Files\Microsoft Office\Office15\WINWORD.EXE
Faulting module path: C:\Program Files\Microsoft Office\Office15\wwlib.dll
Report Id: 96ea9b7a-a25e-11e7-87e8-0050569f2638"
Error,9/26/2017 9:01:29 AM,EventCreate,1,None,Application,djkvdihost353.jakarta01.com,JAKARTA01\Juliet  
Error,9/26/2017 9:00:56 AM,EventCreate,1,None,Application,djkvdihost831.jakarta01.com,JAKARTA01\herlina  
Error,9/26/2017 9:00:43 AM,EventCreate,1,None,Application,djkvdihost652.jakarta01.com,JAKARTA01\GUESTISD33  
Error,9/26/2017 8:59:57 AM,EventCreate,1,None,Application,djkvdihost831.jakarta01.com,JAKARTA01\herlina  
Error,9/26/2017 9:00:25 AM,EventCreate,1,None,Application,djkvdihost768.jakarta01.com,JAKARTA01\yusuf  
Error,9/26/2017 8:59:56 AM,EventCreate,1,None,Application,djkvdihost410.jakarta01.com,JAKARTA01\dyah  
Error,9/26/2017 8:59:56 AM,EventCreate,1,None,Application,djkvdihost772.jakarta01.com,JAKARTA01\hafiah  
Error,9/26/2017 8:59:45 AM,EventCreate,1,None,Application,djkvdihost114.jakarta01.com,JAKARTA01\rininta  
Error,9/26/2017 8:59:35 AM,EventCreate,1,None,Application,djkvdihost831.jakarta01.com,JAKARTA01\herlina  
Error,9/26/2017 8:59:33 AM,EventCreate,1,None,Application,djkvdihost153.jakarta01.com,JAKARTA01\sanggra  
Error,9/26/2017 8:59:04 AM,EventCreate,1,None,Application,djkvdihost619.jakarta01.com,JAKARTA01\heriyadi  
Error,9/26/2017 8:58:49 AM,EventCreate,1,None,Application,djkvdihost594.jakarta01.com,JAKARTA01\david  
Error,9/26/2017 8:58:45 AM,EventCreate,1,None,Application,djkvdihost191.jakarta01.com,JAKARTA01\Reiffy  
Error,9/26/2017 8:57:59 AM,EventCreate,1,None,Application,djkvdihost305.jakarta01.com,JAKARTA01\fardy  
Error,9/26/2017 8:57:56 AM,Application Error,1000,(100),Application,djkvdihost305.jakarta01.com,"Faulting application name: Explorer.EXE, version: 6.1.7601.23537, time stamp: 0x57c44cc4
Faulting module name: Explorer.EXE, version: 6.1.7601.23537, time stamp: 0x57c44cc4
Exception code: 0xc0000005
Fault offset: 0x00081c63
Faulting process id: 0x1430
Faulting application start time: 0x01d3365b7168e912
Faulting application path: C:\Windows\Explorer.EXE
Faulting module path: C:\Windows\Explorer.EXE
Report Id: 1cff3a3d-a25e-11e7-9160-0050569f3ae1"
Error,9/26/2017 8:57:54 AM,EventCreate,1,None,Application,djkvdihost194.jakarta01.com,JAKARTA01\karmelita  
Error,9/26/2017 8:57:59 AM,EventCreate,1,None,Application,djkvdihost518.jakarta01.com,JAKARTA01\anissa  
Error,9/26/2017 8:57:10 AM,EventCreate,1,None,Application,djkvdihost766.jakarta01.com,JAKARTA01\Etty  
Error,9/26/2017 8:56:55 AM,EventCreate,1,None,Application,djkvdihost263.jakarta01.com,JAKARTA01\lucky  
Error,9/26/2017 8:56:27 AM,EventCreate,1,None,Application,djkvdihost445.jakarta01.com,JAKARTA01\veronicam  
Error,9/26/2017 8:55:11 AM,EventCreate,1,None,Application,djkvdihost284.jakarta01.com,JAKARTA01\Andradita  
Error,9/26/2017 8:55:35 AM,EventCreate,1,None,Application,djkvdihost766.jakarta01.com,JAKARTA01\Etty  
Error,9/26/2017 8:55:35 AM,EventCreate,1,None,Application,djkvdihost729.jakarta01.com,JAKARTA01\polyska  
Error,9/26/2017 8:54:58 AM,EventCreate,1,None,Application,djkvdihost148.jakarta01.com,JAKARTA01\bahar  
Error,9/26/2017 8:54:54 AM,EventCreate,1,None,Application,djkvdihost007.jakarta01.com,JAKARTA01\guestisd29  
Error,9/26/2017 8:54:44 AM,EventCreate,1,None,Application,djkvdihost266.jakarta01.com,JAKARTA01\ilham  
Error,9/26/2017 8:54:15 AM,EventCreate,1,None,Application,djkvdihost433.jakarta01.com,JAKARTA01\arinie  
Error,9/26/2017 8:54:12 AM,Application Error,1000,(100),Application,djkvdihost433.jakarta01.com,"Faulting application name: OUTLOOK.EXE, version: 15.0.4919.1001, time stamp: 0x58d20482
Faulting module name: OUTLOOK.EXE, version: 15.0.4919.1001, time stamp: 0x58d20482
Exception code: 0xc0000005
Fault offset: 0x008924c4
Faulting process id: 0xcc8
Faulting application start time: 0x01d33660fddea84a
Faulting application path: C:\Program Files\Microsoft Office\Office15\OUTLOOK.EXE
Faulting module path: C:\Program Files\Microsoft Office\Office15\OUTLOOK.EXE
Report Id: 979cb86a-a25d-11e7-8dda-0050569f26fb"
Error,9/26/2017 8:54:05 AM,EventCreate,1,None,Application,djkvdihost284.jakarta01.com,JAKARTA01\Andradita  
Error,9/26/2017 8:54:19 AM,EventCreate,1,None,Application,djkvdihost209.jakarta01.com,JAKARTA01\guestISD50  
Error,9/26/2017 8:54:14 AM,EventCreate,1,None,Application,djkvdihost556.jakarta01.com,JAKARTA01\indriani  
Error,9/26/2017 8:53:57 AM,EventCreate,1,None,Application,djkvdihost505.jakarta01.com,JAKARTA01\Azis Budianto  
Error,9/26/2017 8:53:49 AM,EventCreate,1,None,Application,djkvdihost284.jakarta01.com,JAKARTA01\Andradita  
Error,9/26/2017 8:53:39 AM,EventCreate,1,None,Application,djkvdihost505.jakarta01.com,JAKARTA01\Azis Budianto  
Error,9/26/2017 8:52:32 AM,EventCreate,1,None,Application,djkvdihost547.jakarta01.com,JAKARTA01\Ronald Hertanto  
Error,9/26/2017 8:52:25 AM,EventCreate,1,None,Application,djkvdihost307.jakarta01.com,JAKARTA01\haryadi  
Error,9/26/2017 8:52:43 AM,EventCreate,1,None,Application,djkvdihost735.jakarta01.com,JAKARTA01\yudi  
Error,9/26/2017 8:52:37 AM,EventCreate,1,None,Application,djkvdihost621.jakarta01.com,JAKARTA01\robi  
Error,9/26/2017 8:52:20 AM,EventCreate,1,None,Application,djkvdihost307.jakarta01.com,JAKARTA01\haryadi  
Error,9/26/2017 8:51:51 AM,WSH,1,None,Application,djkvdihost547.jakarta01.com,"CN=Ronald Hertanto password will expire in 2 day(s) at 9/28/2017 8:33:57 AM

Press CTRL + ALT + DEL and select the ""Change a password"" option."
Error,9/26/2017 8:51:49 AM,WSH,1,None,Application,djkvdihost547.jakarta01.com,"CN=Ronald Hertanto password will expire in 2 day(s) at 9/28/2017 8:33:57 AM

Press CTRL + ALT + DEL and select the ""Change a password"" option."
Error,9/26/2017 8:51:24 AM,EventCreate,1,None,Application,djkvdihost831.jakarta01.com,JAKARTA01\sysdovs03  
Error,9/26/2017 8:50:23 AM,EventCreate,1,None,Application,djkvdihost648.jakarta01.com,JAKARTA01\septi  
Error,9/26/2017 8:50:19 AM,EventCreate,1,None,Application,djkvdihost260.jakarta01.com,JAKARTA01\AdhiNu  
Error,9/26/2017 8:48:37 AM,EventCreate,1,None,Application,djkvdihost154.jakarta01.com,JAKARTA01\MahendraR  
Error,9/26/2017 8:48:36 AM,EventCreate,1,None,Application,djkvdihost626.jakarta01.com,JAKARTA01\diana  
Error,9/26/2017 8:48:22 AM,EventCreate,1,None,Application,djkvdihost377.jakarta01.com,JAKARTA01\rahman  
Error,9/26/2017 8:48:19 AM,EventCreate,1,None,Application,djkvdihost794.jakarta01.com,JAKARTA01\DedyW  
Error,9/26/2017 8:48:14 AM,EventCreate,1,None,Application,djkvdihost039.jakarta01.com,JAKARTA01\Rio  
Error,9/26/2017 8:48:11 AM,EventCreate,1,None,Application,djkvdihost485.jakarta01.com,JAKARTA01\Marthen  
Error,9/26/2017 8:47:40 AM,EventCreate,1,None,Application,djkvdihost661.jakarta01.com,JAKARTA01\GUESTISD28  
Error,9/26/2017 8:46:20 AM,EventCreate,1,None,Application,djkvdihost332.jakarta01.com,JAKARTA01\diah dwi  
Error,9/26/2017 8:45:27 AM,EventCreate,1,None,Application,djkvdihost379.jakarta01.com,JAKARTA01\oliviales  
Error,9/26/2017 8:45:24 AM,Application Error,1000,(100),Application,djkvdihost379.jakarta01.com,"Faulting application name: OUTLOOK.EXE, version: 15.0.4919.1001, time stamp: 0x58d20482
Faulting module name: OUTLOOK.EXE, version: 15.0.4919.1001, time stamp: 0x58d20482
Exception code: 0xc0000005
Fault offset: 0x008924c4
Faulting process id: 0x19c4
Faulting application start time: 0x01d336643681d0c9
Faulting application path: C:\Program Files\Microsoft Office\Office15\OUTLOOK.EXE
Faulting module path: C:\Program Files\Microsoft Office\Office15\OUTLOOK.EXE
Report Id: 5ccd4231-a25c-11e7-9db4-0050569f4898"
Error,9/26/2017 8:44:20 AM,EventCreate,1,None,Application,djkvdihost312.jakarta01.com,JAKARTA01\yudistira  
Error,9/26/2017 8:44:16 AM,EventCreate,1,None,Application,djkvdihost359.jakarta01.com,JAKARTA01\satria graha  
Error,9/26/2017 8:44:08 AM,EventCreate,1,None,Application,djkvdihost112.jakarta01.com,JAKARTA01\dwihan  
Error,9/26/2017 8:44:02 AM,EventCreate,1,None,Application,djkvdihost197.jakarta01.com,JAKARTA01\Rumata  
Error,9/26/2017 8:43:11 AM,EventCreate,1,None,Application,djkvdihost059.jakarta01.com,JAKARTA01\Sely  
Error,9/26/2017 8:43:08 AM,EventCreate,1,None,Application,djkvdihost059.jakarta01.com,JAKARTA01\Sely  
Error,9/26/2017 8:43:07 AM,EventCreate,1,None,Application,djkvdihost059.jakarta01.com,JAKARTA01\Sely  
Error,9/26/2017 8:42:54 AM,EventCreate,1,None,Application,djkvdihost635.jakarta01.com,JAKARTA01\guestisd25  
Error,9/26/2017 8:42:26 AM,EventCreate,1,None,Application,djkvdihost500.jakarta01.com,JAKARTA01\teddy  
Error,9/26/2017 8:41:54 AM,EventCreate,1,None,Application,djkvdihost011.jakarta01.com,JAKARTA01\guestisd36  
Error,9/26/2017 8:41:54 AM,EventCreate,1,None,Application,djkvdihost502.jakarta01.com,JAKARTA01\zahra  
Error,9/26/2017 8:40:45 AM,EventCreate,1,None,Application,djkvdihost207.jakarta01.com,JAKARTA01\Ida  
Error,9/26/2017 8:40:35 AM,EventCreate,1,None,Application,djkvdihost646.jakarta01.com,JAKARTA01\primaningtyas  
Error,9/26/2017 8:40:14 AM,EventCreate,1,None,Application,djkvdihost543.jakarta01.com,JAKARTA01\Hasna  
Error,9/26/2017 8:40:12 AM,EventCreate,1,None,Application,djkvdihost058.jakarta01.com,JAKARTA01\Yulistial  
Error,9/26/2017 8:39:20 AM,EventCreate,1,None,Application,djkvdihost847.jakarta01.com,JAKARTA01\jeremia  
Error,9/26/2017 8:39:48 AM,EventCreate,1,None,Application,djkvdihost322.jakarta01.com,JAKARTA01\Arfilia  
Error,9/26/2017 8:39:12 AM,EventCreate,1,None,Application,djkvdihost588.jakarta01.com,JAKARTA01\andi wijaya  
Error,9/26/2017 8:39:08 AM,Application Error,1000,(100),Application,djkvdihost588.jakarta01.com,"Faulting application name: OUTLOOK.EXE, version: 15.0.4919.1001, time stamp: 0x58d20482
Faulting module name: OUTLOOK.EXE, version: 15.0.4919.1001, time stamp: 0x58d20482
Exception code: 0xc0000005
Fault offset: 0x008924c7
Faulting process id: 0x10ac
Faulting application start time: 0x01d3365f4ef51985
Faulting application path: C:\Program Files\Microsoft Office\Office15\OUTLOOK.EXE
Faulting module path: C:\Program Files\Microsoft Office\Office15\OUTLOOK.EXE
Report Id: 7cb669f0-a25b-11e7-a87b-0050569f5d72"
Error,9/26/2017 8:38:56 AM,EventCreate,1,None,Application,djkvdihost151.jakarta01.com,JAKARTA01\boby  
Error,9/26/2017 8:38:37 AM,EventCreate,1,None,Application,djkvdihost705.jakarta01.com,JAKARTA01\andika  
Error,9/26/2017 8:38:34 AM,EventCreate,1,None,Application,djkvdihost847.jakarta01.com,JAKARTA01\jeremia  
Error,9/26/2017 8:38:32 AM,EventCreate,1,None,Application,djkvdihost264.jakarta01.com,JAKARTA01\GuestISD42  
Error,9/26/2017 8:38:30 AM,EventCreate,1,None,Application,djkvdihost762.jakarta01.com,JAKARTA01\mayang  
Error,9/26/2017 8:37:17 AM,EventCreate,1,None,Application,djkvdihost597.jakarta01.com,JAKARTA01\guestisd20  
Error,9/26/2017 8:36:16 AM,EventCreate,1,None,Application,djkvdihost406.jakarta01.com,JAKARTA01\guestisd27  
Error,9/26/2017 8:36:03 AM,EventCreate,1,None,Application,djkvdihost499.jakarta01.com,JAKARTA01\guestisd03  
Error,9/26/2017 8:35:55 AM,EventCreate,1,None,Application,djkvdihost341.jakarta01.com,JAKARTA01\payogi  
Error,9/26/2017 8:35:40 AM,EventCreate,1,None,Application,djkvdihost186.jakarta01.com,JAKARTA01\rini  
Error,9/26/2017 8:35:24 AM,EventCreate,1,None,Application,djkvdihost529.jakarta01.com,JAKARTA01\Erlisa  
Error,9/26/2017 8:34:52 AM,EventCreate,1,None,Application,djkvdihost008.jakarta01.com,JAKARTA01\taty  
Error,9/26/2017 8:34:43 AM,EventCreate,1,None,Application,djkvdihost668.jakarta01.com,JAKARTA01\GUESTISD34  
Error,9/26/2017 8:34:35 AM,EventCreate,1,None,Application,djkvdihost229.jakarta01.com,JAKARTA01\SELIH  
Error,9/26/2017 8:34:16 AM,EventCreate,1,None,Application,djkvdihost254.jakarta01.com,JAKARTA01\Jauw  
Error,9/26/2017 8:34:13 AM,EventCreate,1,None,Application,djkvdihost778.jakarta01.com,JAKARTA01\denny  
Error,9/26/2017 8:34:13 AM,EventCreate,1,None,Application,djkvdihost495.jakarta01.com,JAKARTA01\muhamadZAH  
Error,9/26/2017 8:33:44 AM,EventCreate,1,None,Application,djkvdihost663.jakarta01.com,JAKARTA01\vita  
Error,9/26/2017 8:33:42 AM,EventCreate,1,None,Application,djkvdihost089.jakarta01.com,JAKARTA01\christian2  
Error,9/26/2017 8:33:42 AM,EventCreate,1,None,Application,djkvdihost097.jakarta01.com,JAKARTA01\mochammad  
Error,9/26/2017 8:35:35 AM,EventCreate,1,None,Application,djkvdihost819.jakarta01.com,JAKARTA01\aryani  
Error,9/26/2017 8:32:31 AM,EventCreate,1,None,Application,djkvdihost139.jakarta01.com,JAKARTA01\ratmitasari  
Error,9/26/2017 8:32:18 AM,EventCreate,1,None,Application,djkvdihost677.jakarta01.com,JAKARTA01\brenda  
Error,9/26/2017 8:32:18 AM,EventCreate,1,None,Application,djkvdihost642.jakarta01.com,JAKARTA01\GuestISD48  
Error,9/26/2017 8:32:18 AM,EventCreate,1,None,Application,djkvdihost333.jakarta01.com,JAKARTA01\GuestISD43  
Error,9/26/2017 8:32:06 AM,EventCreate,1,None,Application,djkvdihost076.jakarta01.com,JAKARTA01\Rosulla  
Error,9/26/2017 8:31:26 AM,EventCreate,1,None,Application,djkvdihost024.jakarta01.com,JAKARTA01\hertanto  
Error,9/26/2017 8:35:09 AM,EventCreate,1,None,Application,djkvdihost819.jakarta01.com,JAKARTA01\aryani  
Error,9/26/2017 8:31:22 AM,EventCreate,1,None,Application,djkvdihost145.jakarta01.com,JAKARTA01\ferdiansyah  
Error,9/26/2017 8:31:18 AM,Application Error,1000,(100),Application,djkvdihost024.jakarta01.com,"Faulting application name: spoolsv.exe, version: 6.1.7601.17777, time stamp: 0x4f35efc3
Faulting module name: msvcrt.dll, version: 7.0.7601.17744, time stamp: 0x4eeaf722
Exception code: 0xc0000005
Fault offset: 0x0000aa14
Faulting process id: 0x630
Faulting application start time: 0x01d335f2cf484e75
Faulting application path: C:\Windows\System32\spoolsv.exe
Faulting module path: C:\Windows\system32\msvcrt.dll
Report Id: 64c48f0e-a25a-11e7-910d-0050569f6bde"
Error,9/26/2017 8:31:16 AM,EventCreate,1,None,Application,djkvdihost515.jakarta01.com,JAKARTA01\naldi  
Error,9/26/2017 8:30:41 AM,EventCreate,1,None,Application,djkvdihost694.jakarta01.com,JAKARTA01\diena  
Error,9/26/2017 8:30:46 AM,EventCreate,1,None,Application,djkvdihost681.jakarta01.com,JAKARTA01\GuestISD45  
Error,9/26/2017 8:30:11 AM,EventCreate,1,None,Application,djkvdihost667.jakarta01.com,JAKARTA01\amelinda  
Error,9/26/2017 8:30:32 AM,EventCreate,1,None,Application,djkvdihost222.jakarta01.com,JAKARTA01\nadya  
Error,9/26/2017 8:30:29 AM,EventCreate,1,None,Application,djkvdihost562.jakarta01.com,JAKARTA01\Guestisd31  
Error,9/26/2017 8:29:59 AM,WSH,1,None,Application,djkvdihost694.jakarta01.com,"CN=Diena password will expire in 2 day(s) at 9/28/2017 6:44:08 AM

Press CTRL + ALT + DEL and select the ""Change a password"" option."
Error,9/26/2017 8:29:53 AM,EventCreate,1,None,Application,djkvdihost834.jakarta01.com,JAKARTA01\LILY AISYAH  
Error,9/26/2017 8:29:33 AM,WSH,1,None,Application,djkvdihost667.jakarta01.com,"CN=Amelinda Dyah Rahmasari password will expire in 2 day(s) at 9/28/2017 8:16:20 AM

Press CTRL + ALT + DEL and select the ""Change a password"" option."
Error,9/26/2017 8:29:58 AM,WSH,1,None,Application,djkvdihost694.jakarta01.com,"CN=Diena password will expire in 2 day(s) at 9/28/2017 6:44:08 AM

Press CTRL + ALT + DEL and select the ""Change a password"" option."
Error,9/26/2017 8:29:40 AM,EventCreate,1,None,Application,djkvdihost781.jakarta01.com,JAKARTA01\wang  
Error,9/26/2017 8:29:32 AM,WSH,1,None,Application,djkvdihost667.jakarta01.com,"CN=Amelinda Dyah Rahmasari password will expire in 2 day(s) at 9/28/2017 8:16:20 AM

Press CTRL + ALT + DEL and select the ""Change a password"" option."
Error,9/26/2017 8:28:59 AM,EventCreate,1,None,Application,djkvdihost786.jakarta01.com,JAKARTA01\ubaedi  
Error,9/26/2017 8:28:56 AM,Application Error,1000,(100),Application,djkvdihost786.jakarta01.com,"Faulting application name: OUTLOOK.EXE, version: 15.0.4919.1001, time stamp: 0x58d20482
Faulting module name: OUTLOOK.EXE, version: 15.0.4919.1001, time stamp: 0x58d20482
Exception code: 0xc0000005
Fault offset: 0x008924c4
Faulting process id: 0x1dc4
Faulting application start time: 0x01d3366273c6c8a3
Faulting application path: C:\Program Files\Microsoft Office\Office15\OUTLOOK.EXE
Faulting module path: C:\Program Files\Microsoft Office\Office15\OUTLOOK.EXE
Report Id: 0ff0e6b1-a25a-11e7-b03c-0050569f610f"
Error,9/26/2017 8:28:44 AM,EventCreate,1,None,Application,djkvdihost624.jakarta01.com,JAKARTA01\eka  
Error,9/26/2017 8:28:37 AM,EventCreate,1,None,Application,djkvdihost212.jakarta01.com,JAKARTA01\nurhayani  
Error,9/26/2017 8:28:23 AM,EventCreate,1,None,Application,djkvdihost834.jakarta01.com,JAKARTA01\LILY AISYAH  
Error,9/26/2017 8:28:17 AM,EventCreate,1,None,Application,djkvdihost169.jakarta01.com,JAKARTA01\Hadi  
Error,9/26/2017 8:28:11 AM,EventCreate,1,None,Application,djkvdihost542.jakarta01.com,JAKARTA01\nunu  
Error,9/26/2017 8:27:12 AM,EventCreate,1,None,Application,djkvdihost103.jakarta01.com,JAKARTA01\jayson  
Error,9/26/2017 8:28:01 AM,EventCreate,1,None,Application,djkvdihost206.jakarta01.com,JAKARTA01\Siti Atikah  
Error,9/26/2017 8:27:53 AM,EventCreate,1,None,Application,djkvdihost115.jakarta01.com,JAKARTA01\jati  
Error,9/26/2017 8:27:48 AM,EventCreate,1,None,Application,djkvdihost486.jakarta01.com,JAKARTA01\meinar  
Error,9/26/2017 8:27:40 AM,EventCreate,1,None,Application,djkvdihost225.jakarta01.com,JAKARTA01\dwi septiyanti  
Error,9/26/2017 8:27:09 AM,EventCreate,1,None,Application,djkvdihost103.jakarta01.com,JAKARTA01\jayson  
Error,9/26/2017 8:27:05 AM,EventCreate,1,None,Application,djkvdihost103.jakarta01.com,JAKARTA01\jayson  
Error,9/26/2017 8:25:36 AM,EventCreate,1,None,Application,djkvdihost466.jakarta01.com,JAKARTA01\nadea  
Error,9/26/2017 8:25:35 AM,EventCreate,1,None,Application,djkvdihost501.jakarta01.com,JAKARTA01\Lily  
Error,9/26/2017 8:25:24 AM,EventCreate,1,None,Application,djkvdihost475.jakarta01.com,JAKARTA01\kunthi  
Error,9/26/2017 8:24:25 AM,EventCreate,1,None,Application,djkvdihost387.jakarta01.com,JAKARTA01\vina febria  
Error,9/26/2017 8:24:17 AM,Application Error,1000,(100),Application,djkvdihost387.jakarta01.com,"Faulting application name: spoolsv.exe, version: 6.1.7601.17777, time stamp: 0x4f35efc3
Faulting module name: msvcrt.dll, version: 7.0.7601.17744, time stamp: 0x4eeaf722
Exception code: 0xc0000005
Fault offset: 0x0000aa14
Faulting process id: 0x638
Faulting application start time: 0x01d335e34e3a0f46
Faulting application path: C:\Windows\System32\spoolsv.exe
Faulting module path: C:\Windows\system32\msvcrt.dll
Report Id: 69ac5a4e-a259-11e7-a240-0050569f3c97"
Error,9/26/2017 8:24:11 AM,EventCreate,1,None,Application,djkvdihost476.jakarta01.com,JAKARTA01\Kartina  
Error,9/26/2017 8:24:31 AM,EventCreate,1,None,Application,djkvdihost072.jakarta01.com,JAKARTA01\ghozia  
Error,9/26/2017 8:24:18 AM,EventCreate,1,None,Application,djkvdihost356.jakarta01.com,JAKARTA01\alex  
Error,9/26/2017 8:24:14 AM,EventCreate,1,None,Application,djkvdihost387.jakarta01.com,JAKARTA01\vina febria  
Error,9/26/2017 8:24:08 AM,EventCreate,1,None,Application,djkvdihost234.jakarta01.com,JAKARTA01\fauziah wildan  
Error,9/26/2017 8:23:34 AM,EventCreate,1,None,Application,djkvdihost811.jakarta01.com,JAKARTA01\rudini  
Error,9/26/2017 8:23:25 AM,EventCreate,1,None,Application,djkvdihost476.jakarta01.com,JAKARTA01\Kartina  
Error,9/26/2017 8:23:26 AM,EventCreate,1,None,Application,djkvdihost043.jakarta01.com,JAKARTA01\dini hariyani  
Error,9/26/2017 8:23:19 AM,EventCreate,1,None,Application,djkvdihost724.jakarta01.com,JAKARTA01\mpinto  
Error,9/26/2017 8:23:04 AM,EventCreate,1,None,Application,djkvdihost746.jakarta01.com,JAKARTA01\Yudhadp  
Error,9/26/2017 8:22:37 AM,EventCreate,1,None,Application,djkvdihost444.jakarta01.com,JAKARTA01\amiratul  
Error,9/26/2017 8:21:43 AM,EventCreate,1,None,Application,djkvdihost622.jakarta01.com,JAKARTA01\Anton 2  
Error,9/26/2017 8:21:11 AM,EventCreate,1,None,Application,djkvdihost100.jakarta01.com,JAKARTA01\alvian  
Error,9/26/2017 8:22:00 AM,EventCreate,1,None,Application,djkvdihost714.jakarta01.com,JAKARTA01\rifan  
Error,9/26/2017 8:21:40 AM,EventCreate,1,None,Application,djkvdihost679.jakarta01.com,JAKARTA01\yansen  
Error,9/26/2017 8:21:27 AM,EventCreate,1,None,Application,djkvdihost479.jakarta01.com,JAKARTA01\guestISD44  
Error,9/26/2017 8:20:57 AM,EventCreate,1,None,Application,djkvdihost714.jakarta01.com,JAKARTA01\rifan  
Error,9/26/2017 8:19:51 AM,EventCreate,1,None,Application,djkvdihost096.jakarta01.com,JAKARTA01\Virgitha  
Error,9/26/2017 8:19:48 AM,Application Error,1000,(100),Application,djkvdihost096.jakarta01.com,"Faulting application name: EXCEL.EXE, version: 15.0.4919.1000, time stamp: 0x58c7ab0f
Faulting module name: EXCEL.EXE, version: 15.0.4919.1000, time stamp: 0x58c7ab0f
Exception code: 0xc0000005
Fault offset: 0x00072187
Faulting process id: 0x186c
Faulting application start time: 0x01d3365a5c3affdd
Faulting application path: C:\Program Files\Microsoft Office\Office15\EXCEL.EXE
Faulting module path: C:\Program Files\Microsoft Office\Office15\EXCEL.EXE
Report Id: c9354431-a258-11e7-8685-0050569f108e"
Error,9/26/2017 8:20:08 AM,EventCreate,1,None,Application,djkvdihost220.jakarta01.com,JAKARTA01\Guestisd30  
Error,9/26/2017 8:20:05 AM,EventCreate,1,None,Application,djkvdihost478.jakarta01.com,JAKARTA01\elvina  
Error,9/26/2017 8:20:02 AM,EventCreate,1,None,Application,djkvdihost021.jakarta01.com,JAKARTA01\kurniawan  
Error,9/26/2017 8:19:46 AM,EventCreate,1,None,Application,djkvdihost336.jakarta01.com,JAKARTA01\Sunaryo  
Error,9/26/2017 8:19:46 AM,EventCreate,1,None,Application,djkvdihost100.jakarta01.com,JAKARTA01\alvian  
Error,9/26/2017 8:19:11 AM,EventCreate,1,None,Application,djkvdihost044.jakarta01.com,JAKARTA01\andryan  
Error,9/26/2017 8:19:19 AM,EventCreate,1,None,Application,djkvdihost119.jakarta01.com,JAKARTA01\edwin  
Error,9/26/2017 8:19:11 AM,Application Error,1000,(100),Application,djkvdihost119.jakarta01.com,"Faulting application name: spoolsv.exe, version: 6.1.7601.17777, time stamp: 0x4f35efc3
Faulting module name: msvcrt.dll, version: 7.0.7601.17744, time stamp: 0x4eeaf722
Exception code: 0xc0000005
Fault offset: 0x0000aa14
Faulting process id: 0x640
Faulting application start time: 0x01d336112b755e8c
Faulting application path: C:\Windows\System32\spoolsv.exe
Faulting module path: C:\Windows\system32\msvcrt.dll
Report Id: b2e705e7-a258-11e7-b327-0050569f2a4c"
Error,9/26/2017 8:18:40 AM,EventCreate,1,None,Application,djkvdihost361.jakarta01.com,JAKARTA01\nurul  
Error,9/26/2017 8:18:44 AM,EventCreate,1,None,Application,djkvdihost739.jakarta01.com,JAKARTA01\Pricillia  
Error,9/26/2017 8:18:11 AM,EventCreate,1,None,Application,djkvdihost259.jakarta01.com,JAKARTA01\tara  
Error,9/26/2017 8:18:09 AM,EventCreate,1,None,Application,djkvdihost044.jakarta01.com,JAKARTA01\andryan  
Error,9/26/2017 8:18:35 AM,EventCreate,1,None,Application,djkvdihost362.jakarta01.com,JAKARTA01\asep  
Error,9/26/2017 8:18:35 AM,EventCreate,1,None,Application,djkvdihost198.jakarta01.com,JAKARTA01\GUESTISD26  
Error,9/26/2017 8:18:16 AM,EventCreate,1,None,Application,djkvdihost578.jakarta01.com,JAKARTA01\citra  
Error,9/26/2017 8:18:01 AM,EventCreate,1,None,Application,djkvdihost361.jakarta01.com,JAKARTA01\nurul  
Error,9/26/2017 8:17:35 AM,EventCreate,1,None,Application,djkvdihost253.jakarta01.com,JAKARTA01\Arina  
Error,9/26/2017 8:18:03 AM,EventCreate,1,None,Application,djkvdihost192.jakarta01.com,JAKARTA01\nugrah  
Error,9/26/2017 8:17:12 AM,EventCreate,1,None,Application,djkvdihost544.jakarta01.com,JAKARTA01\finessya  
Error,9/26/2017 8:17:10 AM,EventCreate,1,None,Application,djkvdihost299.jakarta01.com,JAKARTA01\Tri Ari  
Error,9/26/2017 8:17:30 AM,EventCreate,1,None,Application,djkvdihost044.jakarta01.com,JAKARTA01\andryan  
Error,9/26/2017 8:16:46 AM,EventCreate,1,None,Application,djkvdihost259.jakarta01.com,JAKARTA01\tara  
Error,9/26/2017 8:16:40 AM,EventCreate,1,None,Application,djkvdihost183.jakarta01.com,JAKARTA01\GuestISD49  
Error,9/26/2017 8:16:09 AM,EventCreate,1,None,Application,djkvdihost544.jakarta01.com,JAKARTA01\finessya  
Error,9/26/2017 8:16:06 AM,EventCreate,1,None,Application,djkvdihost299.jakarta01.com,JAKARTA01\Tri Ari  
Error,9/26/2017 8:16:25 AM,EventCreate,1,None,Application,djkvdihost006.jakarta01.com,JAKARTA01\Doris  
Error,9/26/2017 8:16:14 AM,EventCreate,1,None,Application,djkvdihost255.jakarta01.com,JAKARTA01\Lutfi  
Error,9/26/2017 8:16:12 AM,EventCreate,1,None,Application,djkvdihost286.jakarta01.com,JAKARTA01\Winda  
Error,9/26/2017 8:16:06 AM,EventCreate,1,None,Application,djkvdihost544.jakarta01.com,JAKARTA01\finessya  
Error,9/26/2017 8:15:54 AM,EventCreate,1,None,Application,djkvdihost434.jakarta01.com,JAKARTA01\katrin  
Error,9/26/2017 8:15:51 AM,EventCreate,1,None,Application,djkvdihost298.jakarta01.com,JAKARTA01\idams  
Error,9/26/2017 8:15:41 AM,EventCreate,1,None,Application,djkvdihost299.jakarta01.com,JAKARTA01\Tri Ari  
Error,9/26/2017 8:15:44 AM,EventCreate,1,None,Application,djkvdihost664.jakarta01.com,JAKARTA01\Elisabeth  
Error,9/26/2017 8:15:37 AM,EventCreate,1,None,Application,djkvdihost080.jakarta01.com,JAKARTA01\rudy  
Error,9/26/2017 8:15:36 AM,EventCreate,1,None,Application,djkvdihost629.jakarta01.com,JAKARTA01\rasyid  
Error,9/26/2017 8:15:29 AM,EventCreate,1,None,Application,djkvdihost227.jakarta01.com,JAKARTA01\Linda Marshelia  
Error,9/26/2017 8:15:16 AM,EventCreate,1,None,Application,djkvdihost497.jakarta01.com,JAKARTA01\haedar  
