Error,9/25/2017 9:55,Application Error,1000,-100,Application,djkvdihost188.jakarta01.com,"Faulting application name: EXCEL.EXE, version: 15.0.4919.1000, time stamp: 0x58c7ab0f
Faulting module name: unknown, version: 0.0.0.0, time stamp: 0x00000000
Exception code: 0xc0000005
Fault offset: 0x00690076
Faulting process id: 0x1908
Faulting application start time: 0x01d335a9bf0420d1
Faulting application path: C:\Program Files\Microsoft Office\Office15\EXCEL.EXE
Faulting module path: unknown
Report Id: ffacc511-a19c-11e7-bf25-0050569f6027"
Error,9/25/2017 9:55,EventCreate,1,None,Application,djkvdihost222.jakarta01.com,JAKARTA01\budir  
Error,9/25/2017 9:53,EventCreate,1,None,Application,djkvdihost641.jakarta01.com,JAKARTA01\nadya  
Error,9/25/2017 9:53,EventCreate,1,None,Application,djkvdihost137.jakarta01.com,JAKARTA01\ali pasya  
Error,9/25/2017 9:53,Application Error,1000,-100,Application,djkvdihost137.jakarta01.com,"Faulting application name: OUTLOOK.EXE, version: 15.0.4919.1001, time stamp: 0x58d20482
Faulting module name: OUTLOOK.EXE, version: 15.0.4919.1001, time stamp: 0x58d20482
Exception code: 0xc0000005
Fault offset: 0x008924c4
Faulting process id: 0x182c
Faulting application start time: 0x01d3359a53c06355
Faulting application path: C:\Program Files\Microsoft Office\Office15\OUTLOOK.EXE
Faulting module path: C:\Program Files\Microsoft Office\Office15\OUTLOOK.EXE
Report Id: a5e47c9d-a19c-11e7-ae04-0050569f67b2"
Error,9/25/2017 9:53,Application Error,1000,-100,Application,djkvdihost641.jakarta01.com,"Faulting application name: EXCEL.EXE, version: 15.0.4919.1000, time stamp: 0x58c7ab0f
Faulting module name: EXCEL.EXE, version: 15.0.4919.1000, time stamp: 0x58c7ab0f
Exception code: 0xc0000005
Fault offset: 0x00bc43da
Faulting process id: 0x19c8
Faulting application start time: 0x01d335a95acfcf54
Faulting application path: C:\Program Files\Microsoft Office\Office15\EXCEL.EXE
Faulting module path: C:\Program Files\Microsoft Office\Office15\EXCEL.EXE
Report Id: af0abf3a-a19c-11e7-8bf6-0050569f4120"
Error,9/25/2017 9:51,EventCreate,1,None,Application,djkvdihost357.jakarta01.com,JAKARTA01\Andradita  
Error,9/25/2017 9:51,Application Error,1000,-100,Application,djkvdihost357.jakarta01.com,"Faulting application name: spoolsv.exe, version: 6.1.7601.17777, time stamp: 0x4f35efc3
Faulting module name: msvcrt.dll, version: 7.0.7601.17744, time stamp: 0x4eeaf722
Exception code: 0xc0000005
Fault offset: 0x0000aa14
Faulting process id: 0x638
Faulting application start time: 0x01d334aaa0ecd488
Faulting application path: C:\Windows\System32\spoolsv.exe
Faulting module path: C:\Windows\system32\msvcrt.dll
Report Id: 7660e380-a19c-11e7-a7fe-0050569f0017"
Error,9/25/2017 9:50,EventCreate,1,None,Application,djkvdihost155.jakarta01.com,JAKARTA01\nyimas  
Error,9/25/2017 9:50,EventCreate,1,None,Application,djkvdihost563.jakarta01.com,JAKARTA01\Rafika  
Error,9/25/2017 9:50,EventCreate,1,None,Application,djkvdihost155.jakarta01.com,JAKARTA01\nyimas  
Error,9/25/2017 9:47,EventCreate,1,None,Application,djkvdihost563.jakarta01.com,JAKARTA01\Rafika  
Error,9/25/2017 9:46,Application Error,1000,-100,Application,djkvdihost563.jakarta01.com,"Faulting application name: spoolsv.exe, version: 6.1.7601.17777, time stamp: 0x4f35efc3
Faulting module name: msvcrt.dll, version: 7.0.7601.17744, time stamp: 0x4eeaf722
Exception code: 0xc0000005
Fault offset: 0x0000aa14
Faulting process id: 0x634
Faulting application start time: 0x01d333e1157c265f
Faulting application path: C:\Windows\System32\spoolsv.exe
Faulting module path: C:\Windows\system32\msvcrt.dll
Report Id: ccc04c7b-a19b-11e7-a643-0050569f256f"
Error,9/25/2017 9:46,EventCreate,1,None,Application,djkvdihost214.jakarta01.com,JAKARTA01\Setiawan  
Error,9/25/2017 9:46,EventCreate,1,None,Application,djkvdihost774.jakarta01.com,JAKARTA01\alvita  
Error,9/25/2017 9:46,Application Error,1000,-100,Application,djkvdihost774.jakarta01.com,"Faulting application name: WINWORD.EXE, version: 15.0.4911.1000, time stamp: 0x58a2c075
Faulting module name: wwlib.dll, version: 15.0.4911.1000, time stamp: 0x58a2c073
Exception code: 0xc0000005
Fault offset: 0x006f1046
Faulting process id: 0x16b0
Faulting application start time: 0x01d335a7495caa0b
Faulting application path: C:\Program Files\Microsoft Office\Office15\WINWORD.EXE
Faulting module path: C:\Program Files\Microsoft Office\Office15\wwlib.dll
Report Id: af1197f9-a19b-11e7-9f34-0050569f128f"
Error,9/25/2017 9:44,EventCreate,1,None,Application,djkvdihost267.jakarta01.com,JAKARTA01\isnaini  
Error,9/25/2017 9:44,EventCreate,1,None,Application,djkvdihost016.jakarta01.com,JAKARTA01\Sunaryo  
Error,9/25/2017 9:44,EventCreate,1,None,Application,djkvdihost005.jakarta01.com,JAKARTA01\zahra  
Error,9/25/2017 9:44,Application Error,1000,-100,Application,djkvdihost005.jakarta01.com,"Faulting application name: PhotoScreensaver.scr, version: 6.1.7601.17514, time stamp: 0x4ce7a590
Faulting module name: SHELL32.dll, version: 6.1.7601.23537, time stamp: 0x57c450f4
Exception code: 0xc0000005
Fault offset: 0x001f269f
Faulting process id: 0xdc4
Faulting application start time: 0x01d335a5fa712bbc
Faulting application path: C:\Windows\system32\PhotoScreensaver.scr
Faulting module path: C:\Windows\system32\SHELL32.dll
Report Id: 63d940f6-a19b-11e7-9333-0050569f1357"
Error,9/25/2017 9:44,EventCreate,1,None,Application,djkvdihost267.jakarta01.com,JAKARTA01\isnaini  
Error,9/25/2017 9:42,EventCreate,1,None,Application,djkvdihost595.jakarta01.com,JAKARTA01\feni  
Error,9/25/2017 9:41,EventCreate,1,None,Application,djkvdihost278.jakarta01.com,JAKARTA01\mahendraR  
Error,9/25/2017 9:41,Application Error,1000,-100,Application,djkvdihost278.jakarta01.com,"Faulting application name: OUTLOOK.EXE, version: 15.0.4919.1001, time stamp: 0x58d20482
Faulting module name: OUTLOOK.EXE, version: 15.0.4919.1001, time stamp: 0x58d20482
Exception code: 0xc0000005
Fault offset: 0x008924c7
Faulting process id: 0x1e44
Faulting application start time: 0x01d3359e8bdcc326
Faulting application path: C:\Program Files\Microsoft Office\Office15\OUTLOOK.EXE
Faulting module path: C:\Program Files\Microsoft Office\Office15\OUTLOOK.EXE
Report Id: ff2fd666-a19a-11e7-ac39-0050569f5856"
Error,9/25/2017 9:40,EventCreate,1,None,Application,djkvdihost557.jakarta01.com,JAKARTA01\handayani  
Error,9/25/2017 9:37,EventCreate,1,None,Application,djkvdihost657.jakarta01.com,JAKARTA01\meltsaury  
Error,9/25/2017 9:37,Application Error,1000,-100,Application,djkvdihost657.jakarta01.com,"Faulting application name: OUTLOOK.EXE, version: 15.0.4919.1001, time stamp: 0x58d20482
Faulting module name: OUTLOOK.EXE, version: 15.0.4919.1001, time stamp: 0x58d20482
Exception code: 0xc0000005
Fault offset: 0x008924c4
Faulting process id: 0x754
Faulting application start time: 0x01d335a112170c60
Faulting application path: C:\Program Files\Microsoft Office\Office15\OUTLOOK.EXE
Faulting module path: C:\Program Files\Microsoft Office\Office15\OUTLOOK.EXE
Report Id: 7520fa68-a19a-11e7-8b43-0050569f742d"
Error,9/25/2017 9:37,EventCreate,1,None,Application,djkvdihost498.jakarta01.com,JAKARTA01\guestisd20  
Error,9/25/2017 9:37,EventCreate,1,None,Application,djkvdihost350.jakarta01.com,JAKARTA01\raymond  
Error,9/25/2017 9:36,EventCreate,1,None,Application,djkvdihost329.jakarta01.com,JAKARTA01\Hilman  
Error,9/25/2017 9:34,EventCreate,1,None,Application,djkvdihost467.jakarta01.com,JAKARTA01\angga  
Error,9/25/2017 9:34,Application Error,1000,-100,Application,djkvdihost467.jakarta01.com,"Faulting application name: OUTLOOK.EXE, version: 15.0.4919.1001, time stamp: 0x58d20482
Faulting module name: OUTLOOK.EXE, version: 15.0.4919.1001, time stamp: 0x58d20482
Exception code: 0xc0000005
Fault offset: 0x008924c4
Faulting process id: 0x19bc
Faulting application start time: 0x01d33598d4742807
Faulting application path: C:\Program Files\Microsoft Office\Office15\OUTLOOK.EXE
Faulting module path: C:\Program Files\Microsoft Office\Office15\OUTLOOK.EXE
Report Id: 18f30107-a19a-11e7-a551-0050569f4224"
Error,9/25/2017 9:34,EventCreate,1,None,Application,djkvdihost444.jakarta01.com,JAKARTA01\guestISD44  
Error,9/25/2017 9:32,EventCreate,1,None,Application,djkvdihost476.jakarta01.com,JAKARTA01\leonie  
Error,9/25/2017 9:30,EventCreate,1,None,Application,djkvdihost414.jakarta01.com,JAKARTA01\WulanAn  
Error,9/25/2017 9:30,Application Error,1000,-100,Application,djkvdihost414.jakarta01.com,"Faulting application name: OUTLOOK.EXE, version: 15.0.4919.1001, time stamp: 0x58d20482
Faulting module name: OUTLOOK.EXE, version: 15.0.4919.1001, time stamp: 0x58d20482
Exception code: 0xc0000005
Fault offset: 0x008924c7
Faulting process id: 0x1048
Faulting application start time: 0x01d3359b2683220a
Faulting application path: C:\Program Files\Microsoft Office\Office15\OUTLOOK.EXE
Faulting module path: C:\Program Files\Microsoft Office\Office15\OUTLOOK.EXE
Report Id: 8821ce93-a199-11e7-a439-0050569f0db3"
Error,9/25/2017 9:30,EventCreate,1,None,Application,djkvdihost051.jakarta01.com,JAKARTA01\enrikko  
Error,9/25/2017 9:29,EventCreate,1,None,Application,djkvdihost029.jakarta01.com,JAKARTA01\Etty  
Error,9/25/2017 9:27,EventCreate,1,None,Application,djkvdihost093.jakarta01.com,JAKARTA01\Ana  
Error,9/25/2017 9:27,Application Error,1000,-100,Application,djkvdihost093.jakarta01.com,"Faulting application name: iexplore.exe, version: 11.0.9600.18639, time stamp: 0x58d6bb0d
Faulting module name: MSHTML.dll, version: 11.0.9600.18639, time stamp: 0x58d6c720
Exception code: 0xc0000005
Fault offset: 0x000ac604
Faulting process id: 0xc58
Faulting application start time: 0x01d335a1ab037cf5
Faulting application path: C:\Program Files\Internet Explorer\iexplore.exe
Faulting module path: C:\Windows\system32\MSHTML.dll
Report Id: 211e1f4f-a199-11e7-9c72-0050569f2e88"
Error,9/25/2017 9:25,EventCreate,1,None,Application,djkvdihost562.jakarta01.com,JAKARTA01\guestisd52  
Error,9/25/2017 9:24,EventCreate,1,None,Application,djkvdihost632.jakarta01.com,JAKARTA01\ici  
Error,9/25/2017 9:24,EventCreate,1,None,Application,djkvdihost532.jakarta01.com,JAKARTA01\Novianawati  
Error,9/25/2017 9:24,EventCreate,1,None,Application,djkvdihost671.jakarta01.com,JAKARTA01\darnito  
Error,9/25/2017 9:23,EventCreate,1,None,Application,djkvdihost665.jakarta01.com,JAKARTA01\purba  
Error,9/25/2017 9:23,EventCreate,1,None,Application,djkvdihost493.jakarta01.com,JAKARTA01\herlina  
Error,9/25/2017 9:21,EventCreate,1,None,Application,djkvdihost589.jakarta01.com,JAKARTA01\guestisd54  
Error,9/25/2017 9:20,EventCreate,1,None,Application,djkvdihost166.jakarta01.com,JAKARTA01\dewi  
Error,9/25/2017 9:20,EventCreate,1,None,Application,djkvdihost469.jakarta01.com,JAKARTA01\ratmitasari  
Error,9/25/2017 9:20,Application Error,1000,-100,Application,djkvdihost166.jakarta01.com,"Faulting application name: WINWORD.EXE, version: 15.0.4911.1000, time stamp: 0x58a2c075
Faulting module name: wwlib.dll, version: 15.0.4911.1000, time stamp: 0x58a2c073
Exception code: 0xc0000005
Fault offset: 0x006f1046
Faulting process id: 0x1bec
Faulting application start time: 0x01d33595b936317a
Faulting application path: C:\Program Files\Microsoft Office\Office15\WINWORD.EXE
Faulting module path: C:\Program Files\Microsoft Office\Office15\wwlib.dll
Report Id: 262ccee2-a198-11e7-b2db-0050569f7233"
Error,9/25/2017 9:20,EventCreate,1,None,Application,djkvdihost589.jakarta01.com,JAKARTA01\guestisd54  
Error,9/25/2017 9:19,EventCreate,1,None,Application,djkvdihost796.jakarta01.com,JAKARTA01\anjani  
Error,9/25/2017 9:17,EventCreate,1,None,Application,djkvdihost514.jakarta01.com,JAKARTA01\rahmatia  
Error,9/25/2017 9:17,EventCreate,1,None,Application,djkvdihost265.jakarta01.com,JAKARTA01\reny  
Error,9/25/2017 9:16,EventCreate,1,None,Application,djkvdihost396.jakarta01.com,JAKARTA01\Puspa  
Error,9/25/2017 9:16,Application Error,1000,-100,Application,djkvdihost396.jakarta01.com,"Faulting application name: lync.exe, version: 15.0.4919.1000, time stamp: 0x58c7ab1e
Faulting module name: Uc.dll, version: 15.0.4919.1000, time stamp: 0x58c7b032
Exception code: 0xc0000005
Fault offset: 0x00559bd1
Faulting process id: 0x24c
Faulting application start time: 0x01d33599dcdfd846
Faulting application path: C:\Program Files\Microsoft Office\Office15\lync.exe
Faulting module path: C:\Program Files\Microsoft Office\Office15\Uc.dll
Report Id: 8abe3228-a197-11e7-ad77-0050569f2396"
Error,9/25/2017 9:15,EventCreate,1,None,Application,djkvdihost575.jakarta01.com,JAKARTA01\reza  
Error,9/25/2017 9:15,EventCreate,1,None,Application,djkvdihost803.jakarta01.com,JAKARTA01\christian2  
Error,9/25/2017 9:15,EventCreate,1,None,Application,djkvdihost790.jakarta01.com,JAKARTA01\army  
Error,9/25/2017 9:15,EventCreate,1,None,Application,djkvdihost218.jakarta01.com,JAKARTA01\Lordy  
Error,9/25/2017 9:14,EventCreate,1,None,Application,djkvdihost188.jakarta01.com,JAKARTA01\endrojono  
Error,9/25/2017 9:13,EventCreate,1,None,Application,djkvdihost284.jakarta01.com,JAKARTA01\haryadi  
Error,9/25/2017 9:13,Application Error,1000,-100,Application,djkvdihost284.jakarta01.com,"Faulting application name: OUTLOOK.EXE, version: 15.0.4919.1001, time stamp: 0x58d20482
Faulting module name: OUTLOOK.EXE, version: 15.0.4919.1001, time stamp: 0x58d20482
Exception code: 0xc0000005
Fault offset: 0x008924c4
Faulting process id: 0x7ec
Faulting application start time: 0x01d335a0cd9f5c01
Faulting application path: C:\Program Files\Microsoft Office\Office15\OUTLOOK.EXE
Faulting module path: C:\Program Files\Microsoft Office\Office15\OUTLOOK.EXE
Report Id: 1f7c07b9-a197-11e7-a639-0050569f4a38"
Error,9/25/2017 9:14,EventCreate,1,None,Application,djkvdihost113.jakarta01.com,JAKARTA01\david  
Error,9/25/2017 9:13,EventCreate,1,None,Application,djkvdihost188.jakarta01.com,JAKARTA01\endrojono  
Error,9/25/2017 9:13,EventCreate,1,None,Application,djkvdihost688.jakarta01.com,JAKARTA01\christopher  
Error,9/25/2017 9:13,EventCreate,1,None,Application,djkvdihost589.jakarta01.com,JAKARTA01\reza  
Error,9/25/2017 9:13,Application Error,1000,-100,Application,djkvdihost589.jakarta01.com,"Faulting application name: EXCEL.EXE, version: 15.0.4919.1000, time stamp: 0x58c7ab0f
Faulting module name: FX6SFALK-2.DLL, version: 0.3.0.0, time stamp: 0x533a5356
Exception code: 0xc0000005
Fault offset: 0x003257da
Faulting process id: 0xec8
Faulting application start time: 0x01d335a3d5fc8b42
Faulting application path: C:\Program Files\Microsoft Office\Office15\EXCEL.EXE
Faulting module path: C:\Windows\system32\spool\DRIVERS\W32X86\3\FX6SFALK-2.DLL
Report Id: 18a03462-a197-11e7-bca8-0050569f7f7d"
Error,9/25/2017 9:12,EventCreate,1,None,Application,djkvdihost589.jakarta01.com,JAKARTA01\reza  
Error,9/25/2017 9:12,Application Error,1000,-100,Application,djkvdihost589.jakarta01.com,"Faulting application name: EXCEL.EXE, version: 15.0.4919.1000, time stamp: 0x58c7ab0f
Faulting module name: FX6SFALK-2.DLL, version: 0.3.0.0, time stamp: 0x533a5356
Exception code: 0xc0000005
Fault offset: 0x003257da
Faulting process id: 0xb0
Faulting application start time: 0x01d335a377715ba2
Faulting application path: C:\Program Files\Microsoft Office\Office15\EXCEL.EXE
Faulting module path: C:\Windows\system32\spool\DRIVERS\W32X86\3\FX6SFALK-2.DLL
Report Id: 0bfee5d2-a197-11e7-bca8-0050569f7f7d"
Error,9/25/2017 9:12,EventCreate,1,None,Application,djkvdihost688.jakarta01.com,JAKARTA01\christopher  
Error,9/25/2017 9:11,EventCreate,1,None,Application,djkvdihost495.jakarta01.com,JAKARTA01\kiky  
Error,9/25/2017 9:11,EventCreate,1,None,Application,djkvdihost399.jakarta01.com,JAKARTA01\GUESTISD34  
Error,9/25/2017 9:10,EventCreate,1,None,Application,djkvdihost589.jakarta01.com,JAKARTA01\reza  
Error,9/25/2017 9:10,Application Error,1000,-100,Application,djkvdihost589.jakarta01.com,"Faulting application name: EXCEL.EXE, version: 15.0.4919.1000, time stamp: 0x58c7ab0f
Faulting module name: unknown, version: 0.0.0.0, time stamp: 0x00000000
Exception code: 0xc0000005
Fault offset: 0xfffdd582
Faulting process id: 0x1d84
Faulting application start time: 0x01d335a34b31c842
Faulting application path: C:\Program Files\Microsoft Office\Office15\EXCEL.EXE
Faulting module path: unknown
Report Id: af6a6d82-a196-11e7-bca8-0050569f7f7d"
Error,9/25/2017 9:10,EventCreate,1,None,Application,djkvdihost825.jakarta01.com,JAKARTA01\agnes  
Error,9/25/2017 9:10,EventCreate,1,None,Application,djkvdihost303.jakarta01.com,JAKARTA01\marchelius  
Error,9/25/2017 9:09,EventCreate,1,None,Application,djkvdihost630.jakarta01.com,JAKARTA01\Guestisd31  
Error,9/25/2017 9:09,EventCreate,1,None,Application,djkvdihost589.jakarta01.com,JAKARTA01\reza  
Error,9/25/2017 9:09,Application Error,1000,-100,Application,djkvdihost589.jakarta01.com,"Faulting application name: EXCEL.EXE, version: 15.0.4919.1000, time stamp: 0x58c7ab0f
Faulting module name: FX6SFALK-2.DLL, version: 0.3.0.0, time stamp: 0x533a5356
Exception code: 0xc0000005
Fault offset: 0x003257da
Faulting process id: 0x15ec
Faulting application start time: 0x01d335a30ebc26d2
Faulting application path: C:\Program Files\Microsoft Office\Office15\EXCEL.EXE
Faulting module path: C:\Windows\system32\spool\DRIVERS\W32X86\3\FX6SFALK-2.DLL
Report Id: 81c52fa2-a196-11e7-bca8-0050569f7f7d"
Error,9/25/2017 9:08,EventCreate,1,None,Application,djkvdihost357.jakarta01.com,JAKARTA01\Andradita  
Error,9/25/2017 9:07,EventCreate,1,None,Application,djkvdihost217.jakarta01.com,JAKARTA01\arismanm  
Error,9/25/2017 9:08,EventCreate,1,None,Application,djkvdihost645.jakarta01.com,JAKARTA01\abdulas  
Error,9/25/2017 9:08,EventCreate,1,None,Application,djkvdihost625.jakarta01.com,JAKARTA01\nathaniel  
Error,9/25/2017 9:08,EventCreate,1,None,Application,djkvdihost630.jakarta01.com,JAKARTA01\Guestisd31  
Error,9/25/2017 9:07,Application Error,1000,-100,Application,djkvdihost217.jakarta01.com,"Faulting application name: OUTLOOK.EXE, version: 15.0.4919.1001, time stamp: 0x58d20482
Faulting module name: OUTLOOK.EXE, version: 15.0.4919.1001, time stamp: 0x58d20482
Exception code: 0xc0000005
Fault offset: 0x002c7fa9
Faulting process id: 0x1c44
Faulting application start time: 0x01d33599961f24fa
Faulting application path: C:\Program Files\Microsoft Office\Office15\OUTLOOK.EXE
Faulting module path: C:\Program Files\Microsoft Office\Office15\OUTLOOK.EXE
Report Id: 57c6cd2a-a196-11e7-8a56-0050569f2db8"
Error,9/25/2017 9:07,EventCreate,1,None,Application,djkvdihost589.jakarta01.com,JAKARTA01\reza  
Error,9/25/2017 9:07,Application Error,1000,-100,Application,djkvdihost589.jakarta01.com,"Faulting application name: EXCEL.EXE, version: 15.0.4919.1000, time stamp: 0x58c7ab0f
Faulting module name: unknown, version: 0.0.0.0, time stamp: 0x00000000
Exception code: 0xc0000005
Fault offset: 0xfffdd582
Faulting process id: 0x1964
Faulting application start time: 0x01d335a2ece55ef2
Faulting application path: C:\Program Files\Microsoft Office\Office15\EXCEL.EXE
Faulting module path: unknown
Report Id: 4221ed22-a196-11e7-bca8-0050569f7f7d"
Error,9/25/2017 9:07,EventCreate,1,None,Application,djkvdihost057.jakarta01.com,JAKARTA01\budi kurniawan  
Error,9/25/2017 9:06,EventCreate,1,None,Application,djkvdihost673.jakarta01.com,JAKARTA01\Ricky  
Error,9/25/2017 9:06,EventCreate,1,None,Application,djkvdihost589.jakarta01.com,JAKARTA01\reza  
Error,9/25/2017 9:06,Application Error,1000,-100,Application,djkvdihost589.jakarta01.com,"Faulting application name: EXCEL.EXE, version: 15.0.4919.1000, time stamp: 0x58c7ab0f
Faulting module name: FX6SFALK-2.DLL, version: 0.3.0.0, time stamp: 0x533a5356
Exception code: 0xc0000005
Fault offset: 0x003257da
Faulting process id: 0x77c
Faulting application start time: 0x01d335a2e29ac9d2
Faulting application path: C:\Program Files\Microsoft Office\Office15\EXCEL.EXE
Faulting module path: C:\Windows\system32\spool\DRIVERS\W32X86\3\FX6SFALK-2.DLL
Report Id: 22dd12f2-a196-11e7-bca8-0050569f7f7d"
Error,9/25/2017 9:06,EventCreate,1,None,Application,djkvdihost589.jakarta01.com,JAKARTA01\reza  
Error,9/25/2017 9:06,Application Error,1000,-100,Application,djkvdihost589.jakarta01.com,"Faulting application name: EXCEL.EXE, version: 15.0.4919.1000, time stamp: 0x58c7ab0f
Faulting module name: unknown, version: 0.0.0.0, time stamp: 0x00000000
Exception code: 0xc0000005
Fault offset: 0xfffdd582
Faulting process id: 0x19f8
Faulting application start time: 0x01d335a2d3434c52
Faulting application path: C:\Program Files\Microsoft Office\Office15\EXCEL.EXE
Faulting module path: unknown
Report Id: 1c729e32-a196-11e7-bca8-0050569f7f7d"
Error,9/25/2017 9:05,EventCreate,1,None,Application,djkvdihost589.jakarta01.com,JAKARTA01\reza  
Error,9/25/2017 9:05,Application Error,1000,-100,Application,djkvdihost589.jakarta01.com,"Faulting application name: EXCEL.EXE, version: 15.0.4919.1000, time stamp: 0x58c7ab0f
Faulting module name: FX6SFALK-2.DLL, version: 0.3.0.0, time stamp: 0x533a5356
Exception code: 0xc0000005
Fault offset: 0x003257da
Faulting process id: 0x1588
Faulting application start time: 0x01d3359e5719f242
Faulting application path: C:\Program Files\Microsoft Office\Office15\EXCEL.EXE
Faulting module path: C:\Windows\system32\spool\DRIVERS\W32X86\3\FX6SFALK-2.DLL
Report Id: 0d2b5522-a196-11e7-bca8-0050569f7f7d"
Error,9/25/2017 9:05,EventCreate,1,None,Application,djkvdihost236.jakarta01.com,JAKARTA01\FAUZIAH  
Error,9/25/2017 9:05,EventCreate,1,None,Application,djkvdihost494.jakarta01.com,JAKARTA01\rina  
Error,9/25/2017 9:05,EventCreate,1,None,Application,djkvdihost494.jakarta01.com,JAKARTA01\rina  
Error,9/25/2017 9:03,EventCreate,1,None,Application,djkvdihost446.jakarta01.com,JAKARTA01\hafiah  
Error,9/25/2017 9:03,EventCreate,1,None,Application,djkvdihost763.jakarta01.com,JAKARTA01\slamet  
Error,9/25/2017 9:02,EventCreate,1,None,Application,djkvdihost364.jakarta01.com,JAKARTA01\Bryant  
Error,9/25/2017 9:02,EventCreate,1,None,Application,djkvdihost333.jakarta01.com,JAKARTA01\yoshinta  
Error,9/25/2017 9:05,EventCreate,1,None,Application,djkvdihost818.jakarta01.com,JAKARTA01\GUESTISD22  
Error,9/25/2017 9:02,EventCreate,1,None,Application,djkvdihost530.jakarta01.com,JAKARTA01\karmelita  
Error,9/25/2017 9:02,EventCreate,1,None,Application,djkvdihost643.jakarta01.com,JAKARTA01\Reiffy  
Error,9/25/2017 9:01,EventCreate,1,None,Application,djkvdihost073.jakarta01.com,JAKARTA01\yisca  
Error,9/25/2017 9:01,EventCreate,1,None,Application,djkvdihost308.jakarta01.com,JAKARTA01\erwin  
Error,9/25/2017 9:01,EventCreate,1,None,Application,djkvdihost592.jakarta01.com,JAKARTA01\maulina  
Error,9/25/2017 9:04,EventCreate,1,None,Application,djkvdihost818.jakarta01.com,JAKARTA01\GUESTISD22  
Error,9/25/2017 9:00,EventCreate,1,None,Application,djkvdihost810.jakarta01.com,JAKARTA01\ahmad  
Error,9/25/2017 9:00,Application Error,1000,-100,Application,djkvdihost810.jakarta01.com,"Faulting application name: OUTLOOK.EXE, version: 15.0.4919.1001, time stamp: 0x58d20482
Faulting module name: OUTLOOK.EXE, version: 15.0.4919.1001, time stamp: 0x58d20482
Exception code: 0xc0000005
Fault offset: 0x008924c4
Faulting process id: 0x1a04
Faulting application start time: 0x01d3359d6d2f9197
Faulting application path: C:\Program Files\Microsoft Office\Office15\OUTLOOK.EXE
Faulting module path: C:\Program Files\Microsoft Office\Office15\OUTLOOK.EXE
Report Id: 4b8fcd70-a195-11e7-b1f9-0050569f0362"
Error,9/25/2017 8:59,EventCreate,1,None,Application,djkvdihost320.jakarta01.com,JAKARTA01\Adhi Nur  
Error,9/25/2017 8:59,EventCreate,1,None,Application,djkvdihost276.jakarta01.com,JAKARTA01\edwan  
Error,9/25/2017 8:59,EventCreate,1,None,Application,djkvdihost320.jakarta01.com,JAKARTA01\Adhi Nur  
Error,9/25/2017 8:58,EventCreate,1,None,Application,djkvdihost311.jakarta01.com,JAKARTA01\sanggra  
Error,9/25/2017 8:57,EventCreate,1,None,Application,djkvdihost207.jakarta01.com,JAKARTA01\yenni  
Error,9/25/2017 8:56,EventCreate,1,None,Application,djkvdihost041.jakarta01.com,JAKARTA01\naldi  
Error,9/25/2017 8:57,EventCreate,1,None,Application,djkvdihost379.jakarta01.com,JAKARTA01\robi  
Error,9/25/2017 8:56,EventCreate,1,None,Application,djkvdihost238.jakarta01.com,JAKARTA01\dolly  
Error,9/25/2017 8:56,EventCreate,1,None,Application,djkvdihost616.jakarta01.com,JAKARTA01\alvian  
Error,9/25/2017 8:56,EventCreate,1,None,Application,djkvdihost559.jakarta01.com,JAKARTA01\Helena  
Error,9/25/2017 8:56,Application Error,1000,-100,Application,djkvdihost559.jakarta01.com,"Faulting application name: PhotoScreensaver.scr, version: 6.1.7601.17514, time stamp: 0x4ce7a590
Faulting module name: SHELL32.dll, version: 6.1.7601.23537, time stamp: 0x57c450f4
Exception code: 0xc0000005
Fault offset: 0x001f269f
Faulting process id: 0x768
Faulting application start time: 0x01d3359fac72f563
Faulting application path: C:\Windows\system32\PhotoScreensaver.scr
Faulting module path: C:\Windows\system32\SHELL32.dll
Report Id: baa7afef-a194-11e7-8922-0050569f6fa7"
Error,9/25/2017 8:56,EventCreate,1,None,Application,djkvdihost259.jakarta01.com,JAKARTA01\anissa  
Error,9/25/2017 8:55,EventCreate,1,None,Application,djkvdihost013.jakarta01.com,JAKARTA01\lucky  
Error,9/25/2017 8:55,EventCreate,1,None,Application,djkvdihost468.jakarta01.com,JAKARTA01\valery  
Error,9/25/2017 8:55,EventCreate,1,None,Application,djkvdihost258.jakarta01.com,JAKARTA01\Prihantono  
Error,9/25/2017 8:55,EventCreate,1,None,Application,djkvdihost041.jakarta01.com,JAKARTA01\naldi  
Error,9/25/2017 8:54,WSH,1,None,Application,djkvdihost468.jakarta01.com,"CN=Valery T Wongsonegoro password will expire in 3 day(s) at 9/28/2017 11:44:22 AM

Press CTRL + ALT + DEL and select the ""Change a password"" option."
Error,9/25/2017 8:54,EventCreate,1,None,Application,djkvdihost348.jakarta01.com,JAKARTA01\budsiregar  
Error,9/25/2017 8:54,EventCreate,1,None,Application,djkvdihost097.jakarta01.com,JAKARTA01\anderson  
Error,9/25/2017 8:54,EventCreate,1,None,Application,djkvdihost286.jakarta01.com,JAKARTA01\GUESTISD33  
Error,9/25/2017 8:54,WSH,1,None,Application,djkvdihost468.jakarta01.com,"CN=Valery T Wongsonegoro password will expire in 3 day(s) at 9/28/2017 11:44:22 AM

Press CTRL + ALT + DEL and select the ""Change a password"" option."
Error,9/25/2017 8:54,EventCreate,1,None,Application,djkvdihost147.jakarta01.com,JAKARTA01\adityo yuwono  
Error,9/25/2017 8:53,EventCreate,1,None,Application,djkvdihost657.jakarta01.com,JAKARTA01\meltsaury  
Error,9/25/2017 8:52,EventCreate,1,None,Application,djkvdihost358.jakarta01.com,JAKARTA01\Nikmatullah  
Error,9/25/2017 8:52,Application Error,1000,-100,Application,djkvdihost358.jakarta01.com,"Faulting application name: OUTLOOK.EXE, version: 15.0.4919.1001, time stamp: 0x58d20482
Faulting module name: OUTLOOK.EXE, version: 15.0.4919.1001, time stamp: 0x58d20482
Exception code: 0xc0000005
Fault offset: 0x008924c4
Faulting process id: 0x1cb4
Faulting application start time: 0x01d3359892e5ef36
Faulting application path: C:\Program Files\Microsoft Office\Office15\OUTLOOK.EXE
Faulting module path: C:\Program Files\Microsoft Office\Office15\OUTLOOK.EXE
Report Id: 3340fbc6-a194-11e7-b221-0050569f2bc4"
Error,9/25/2017 8:52,EventCreate,1,None,Application,djkvdihost395.jakarta01.com,JAKARTA01\jidromann  
Error,9/25/2017 8:52,EventCreate,1,None,Application,djkvdihost527.jakarta01.com,JAKARTA01\anindita  
Error,9/25/2017 8:52,EventCreate,1,None,Application,djkvdihost718.jakarta01.com,JAKARTA01\Putri Damayanti  
Error,9/25/2017 8:51,EventCreate,1,None,Application,djkvdihost527.jakarta01.com,JAKARTA01\anindita  
Error,9/25/2017 8:51,EventCreate,1,None,Application,djkvdihost698.jakarta01.com,JAKARTA01\fferdian  
Error,9/25/2017 8:51,EventCreate,1,None,Application,djkvdihost003.jakarta01.com,JAKARTA01\satria graha  
Error,9/25/2017 8:51,EventCreate,1,None,Application,djkvdihost284.jakarta01.com,JAKARTA01\haryadi  
Error,9/25/2017 8:50,EventCreate,1,None,Application,djkvdihost818.jakarta01.com,JAKARTA01\Adhi Nur  
Error,9/25/2017 8:50,EventCreate,1,None,Application,djkvdihost216.jakarta01.com,JAKARTA01\Dwi anisa  
Error,9/25/2017 8:50,EventCreate,1,None,Application,djkvdihost629.jakarta01.com,JAKARTA01\marlina2  
Error,9/25/2017 8:50,EventCreate,1,None,Application,djkvdihost216.jakarta01.com,JAKARTA01\Dwi anisa  
Error,9/25/2017 8:49,EventCreate,1,None,Application,djkvdihost293.jakarta01.com,JAKARTA01\Widi Anggraeni  
Error,9/25/2017 8:49,Application Error,1000,-100,Application,djkvdihost293.jakarta01.com,"Faulting application name: lync.exe, version: 15.0.4919.1000, time stamp: 0x58c7ab1e
Faulting module name: ntdll.dll, version: 6.1.7601.23714, time stamp: 0x58bf8774
Exception code: 0xc0000005
Fault offset: 0x00031dca
Faulting process id: 0x15e8
Faulting application start time: 0x01d335a0446b45f5
Faulting application path: C:\Program Files\Microsoft Office\Office15\lync.exe
Faulting module path: C:\Windows\SYSTEM32\ntdll.dll
Report Id: b3ecd765-a193-11e7-94cc-0050569f58c8"
Error,9/25/2017 8:48,EventCreate,1,None,Application,djkvdihost331.jakarta01.com,JAKARTA01\yoedo  
Error,9/25/2017 8:48,EventCreate,1,None,Application,djkvdihost293.jakarta01.com,JAKARTA01\Widi Anggraeni  
Error,9/25/2017 8:48,Application Error,1000,-100,Application,djkvdihost331.jakarta01.com,"Faulting application name: spoolsv.exe, version: 6.1.7601.17777, time stamp: 0x4f35efc3
Faulting module name: msvcrt.dll, version: 7.0.7601.17744, time stamp: 0x4eeaf722
Exception code: 0xc0000005
Fault offset: 0x0000aa14
Faulting process id: 0x630
Faulting application start time: 0x01d334b0665fe195
Faulting application path: C:\Windows\System32\spoolsv.exe
Faulting module path: C:\Windows\system32\msvcrt.dll
Report Id: a7e998fe-a193-11e7-bbfe-0050569f72ad"
Error,9/25/2017 8:48,EventCreate,1,None,Application,djkvdihost208.jakarta01.com,JAKARTA01\Kartina  
Error,9/25/2017 8:48,EventCreate,1,None,Application,djkvdihost059.jakarta01.com,JAKARTA01\katrin  
Error,9/25/2017 8:47,EventCreate,1,None,Application,djkvdihost099.jakarta01.com,JAKARTA01\margiati  
Error,9/25/2017 8:47,WSH,1,None,Application,djkvdihost293.jakarta01.com,"CN=Widi Anggraeni password will expire in 3 day(s) at 9/28/2017 7:48:36 AM

Press CTRL + ALT + DEL and select the ""Change a password"" option."
Error,9/25/2017 8:47,EventCreate,1,None,Application,djkvdihost095.jakarta01.com,JAKARTA01\zulkarnaena  
Error,9/25/2017 8:47,WSH,1,None,Application,djkvdihost293.jakarta01.com,"CN=Widi Anggraeni password will expire in 3 day(s) at 9/28/2017 7:48:36 AM

Press CTRL + ALT + DEL and select the ""Change a password"" option."
Error,9/25/2017 8:46,EventCreate,1,None,Application,djkvdihost515.jakarta01.com,JAKARTA01\ilham  
Error,9/25/2017 8:46,EventCreate,1,None,Application,djkvdihost014.jakarta01.com,JAKARTA01\alifah  
Error,9/25/2017 8:46,Application Error,1000,-100,Application,djkvdihost014.jakarta01.com,"Faulting application name: lync.exe, version: 15.0.4919.1000, time stamp: 0x58c7ab1e
Faulting module name: unknown, version: 0.0.0.0, time stamp: 0x00000000
Exception code: 0xc0000005
Fault offset: 0x7fe43a00
Faulting process id: 0x155c
Faulting application start time: 0x01d33598a91cb612
Faulting application path: C:\Program Files\Microsoft Office\Office15\lync.exe
Faulting module path: unknown
Report Id: 5e3215b4-a193-11e7-b354-0050569f20a9"
Error,9/25/2017 8:47,Application Error,1000,-100,Application,djkvdihost095.jakarta01.com,"Faulting application name: EXCEL.EXE, version: 15.0.4919.1000, time stamp: 0x58c7ab0f
Faulting module name: EXCEL.EXE, version: 15.0.4919.1000, time stamp: 0x58c7ab0f
Exception code: 0xc0000005
Fault offset: 0x0027a93d
Faulting process id: 0x1cbc
Faulting application start time: 0x01d3359bdeae53b8
Faulting application path: C:\Program Files\Microsoft Office\Office15\EXCEL.EXE
Faulting module path: C:\Program Files\Microsoft Office\Office15\EXCEL.EXE
Report Id: 6c39f17c-a193-11e7-bbb7-0050569f2c60"
Error,9/25/2017 8:46,EventCreate,1,None,Application,djkvdihost320.jakarta01.com,JAKARTA01\yenni  
Error,9/25/2017 8:46,EventCreate,1,None,Application,djkvdihost515.jakarta01.com,JAKARTA01\ilham  
Error,9/25/2017 8:45,EventCreate,1,None,Application,djkvdihost011.jakarta01.com,JAKARTA01\AdhiNu  
Error,9/25/2017 8:45,EventCreate,1,None,Application,djkvdihost283.jakarta01.com,JAKARTA01\Rio  
Error,9/25/2017 8:45,EventCreate,1,None,Application,djkvdihost106.jakarta01.com,JAKARTA01\AdindaGita  
Error,9/25/2017 8:44,EventCreate,1,None,Application,djkvdihost061.jakarta01.com,JAKARTA01\nugrah  
Error,9/25/2017 8:44,EventCreate,1,None,Application,djkvdihost082.jakarta01.com,JAKARTA01\rahman  
Error,9/25/2017 8:44,EventCreate,1,None,Application,djkvdihost005.jakarta01.com,JAKARTA01\zahra  
Error,9/25/2017 8:44,EventCreate,1,None,Application,djkvdihost750.jakarta01.com,JAKARTA01\diah dwi  
Error,9/25/2017 8:43,EventCreate,1,None,Application,djkvdihost734.jakarta01.com,JAKARTA01\Hadi  
Error,9/25/2017 8:43,EventCreate,1,None,Application,djkvdihost778.jakarta01.com,JAKARTA01\Marlina  
Error,9/25/2017 8:43,EventCreate,1,None,Application,djkvdihost647.jakarta01.com,JAKARTA01\guestisd25  
Error,9/25/2017 8:42,EventCreate,1,None,Application,djkvdihost089.jakarta01.com,JAKARTA01\tudie  
Error,9/25/2017 8:42,EventCreate,1,None,Application,djkvdihost021.jakarta01.com,JAKARTA01\GUESTISD26  
Error,9/25/2017 8:41,EventCreate,1,None,Application,djkvdihost174.jakarta01.com,JAKARTA01\fajar  
Error,9/25/2017 8:41,Application Error,1000,-100,Application,djkvdihost174.jakarta01.com,"Faulting application name: OUTLOOK.EXE, version: 15.0.4919.1001, time stamp: 0x58d20482
Faulting module name: ntdll.dll, version: 6.1.7601.23714, time stamp: 0x58bf8774
Exception code: 0xc0000005
Fault offset: 0x0005294f
Faulting process id: 0x18d4
Faulting application start time: 0x01d3359b08cb7e27
Faulting application path: C:\Program Files\Microsoft Office\Office15\OUTLOOK.EXE
Faulting module path: C:\Windows\SYSTEM32\ntdll.dll
Report Id: b6689287-a192-11e7-aad1-0050569f4fb8"
Error,9/25/2017 8:42,EventCreate,1,None,Application,djkvdihost492.jakarta01.com,JAKARTA01\haedar  
Error,9/25/2017 8:42,EventCreate,1,None,Application,djkvdihost481.jakarta01.com,JAKARTA01\brenda  
Error,9/25/2017 8:41,EventCreate,1,None,Application,djkvdihost178.jakarta01.com,JAKARTA01\teddy  
Error,9/25/2017 8:41,EventCreate,1,None,Application,djkvdihost386.jakarta01.com,JAKARTA01\dessy  
Error,9/25/2017 8:41,EventCreate,1,None,Application,djkvdihost681.jakarta01.com,JAKARTA01\titis  
Error,9/25/2017 8:41,EventCreate,1,None,Application,djkvdihost132.jakarta01.com,JAKARTA01\andre cahyono  
Error,9/25/2017 8:41,EventCreate,1,None,Application,djkvdihost355.jakarta01.com,JAKARTA01\Juliet  
Error,9/25/2017 8:41,EventCreate,1,None,Application,djkvdihost351.jakarta01.com,JAKARTA01\payogi  
Error,9/25/2017 8:40,EventCreate,1,None,Application,djkvdihost543.jakarta01.com,JAKARTA01\pramana  
Error,9/25/2017 8:40,Application Error,1000,-100,Application,djkvdihost543.jakarta01.com,"Faulting application name: OUTLOOK.EXE, version: 15.0.4919.1001, time stamp: 0x58d20482
Faulting module name: OUTLOOK.EXE, version: 15.0.4919.1001, time stamp: 0x58d20482
Exception code: 0xc0000005
Fault offset: 0x008924c4
Faulting process id: 0x1f9c
Faulting application start time: 0x01d33596f286c58a
Faulting application path: C:\Program Files\Microsoft Office\Office15\OUTLOOK.EXE
Faulting module path: C:\Program Files\Microsoft Office\Office15\OUTLOOK.EXE
Report Id: 832a790e-a192-11e7-9c6b-0050569f2522"
Error,9/25/2017 8:40,EventCreate,1,None,Application,djkvdihost298.jakarta01.com,JAKARTA01\Marthen  
Error,9/25/2017 8:40,EventCreate,1,None,Application,djkvdihost463.jakarta01.com,JAKARTA01\septi  
Error,9/25/2017 8:40,EventCreate,1,None,Application,djkvdihost178.jakarta01.com,JAKARTA01\teddy  
Error,9/25/2017 8:40,EventCreate,1,None,Application,djkvdihost634.jakarta01.com,JAKARTA01\Linda Marshelia  
Error,9/25/2017 8:39,EventCreate,1,None,Application,djkvdihost201.jakarta01.com,JAKARTA01\Ida  
Error,9/25/2017 8:39,EventCreate,1,None,Application,djkvdihost033.jakarta01.com,JAKARTA01\wirantika  
Error,9/25/2017 8:38,EventCreate,1,None,Application,djkvdihost387.jakarta01.com,JAKARTA01\bahar  
Error,9/25/2017 8:38,EventCreate,1,None,Application,djkvdihost714.jakarta01.com,JAKARTA01\Rizky Anggari  
Error,9/25/2017 8:38,EventCreate,1,None,Application,djkvdihost822.jakarta01.com,JAKARTA01\yudistira  
Error,9/25/2017 8:38,EventCreate,1,None,Application,djkvdihost677.jakarta01.com,JAKARTA01\Mustikawati  
Error,9/25/2017 8:38,Application Error,1000,-100,Application,djkvdihost677.jakarta01.com,"Faulting application name: OUTLOOK.EXE, version: 15.0.4919.1001, time stamp: 0x58d20482
Faulting module name: OUTLOOK.EXE, version: 15.0.4919.1001, time stamp: 0x58d20482
Exception code: 0xc0000005
Fault offset: 0x008924c7
Faulting process id: 0x5a8
Faulting application start time: 0x01d3359d208578e1
Faulting application path: C:\Program Files\Microsoft Office\Office15\OUTLOOK.EXE
Faulting module path: C:\Program Files\Microsoft Office\Office15\OUTLOOK.EXE
Report Id: 2ded9741-a192-11e7-9a4c-0050569f0a8d"
Error,9/25/2017 8:37,EventCreate,1,None,Application,djkvdihost285.jakarta01.com,JAKARTA01\rininta  
Error,9/25/2017 8:37,EventCreate,1,None,Application,djkvdihost761.jakarta01.com,JAKARTA01\mohammad  
Error,9/25/2017 8:37,EventCreate,1,None,Application,djkvdihost745.jakarta01.com,JAKARTA01\idams  
Error,9/25/2017 8:36,EventCreate,1,None,Application,djkvdihost609.jakarta01.com,JAKARTA01\puspitasari  
Error,9/25/2017 8:36,Application Error,1000,-100,Application,djkvdihost609.jakarta01.com,"Faulting application name: OUTLOOK.EXE, version: 15.0.4919.1001, time stamp: 0x58d20482
Faulting module name: OUTLOOK.EXE, version: 15.0.4919.1001, time stamp: 0x58d20482
Exception code: 0xc0000005
Fault offset: 0x008924c4
Faulting process id: 0x1bdc
Faulting application start time: 0x01d33599956dead3
Faulting application path: C:\Program Files\Microsoft Office\Office15\OUTLOOK.EXE
Faulting module path: C:\Program Files\Microsoft Office\Office15\OUTLOOK.EXE
Report Id: ee8edd43-a191-11e7-bace-0050569f2bc8"
Error,9/25/2017 8:36,EventCreate,1,None,Application,djkvdihost716.jakarta01.com,JAKARTA01\primaningtyas  
Error,9/25/2017 8:35,EventCreate,1,None,Application,djkvdihost278.jakarta01.com,JAKARTA01\mahendraR  
Error,9/25/2017 8:34,EventCreate,1,None,Application,djkvdihost022.jakarta01.com,JAKARTA01\nurhayani  
Error,9/25/2017 8:34,EventCreate,1,None,Application,djkvdihost425.jakarta01.com,JAKARTA01\Ronald Hertanto  
Error,9/25/2017 8:34,EventCreate,1,None,Application,djkvdihost713.jakarta01.com,JAKARTA01\vita  
Error,9/25/2017 8:33,EventCreate,1,None,Application,djkvdihost833.jakarta01.com,JAKARTA01\sunaryo  
Error,9/25/2017 8:33,WSH,1,None,Application,djkvdihost425.jakarta01.com,"CN=Ronald Hertanto password will expire in 3 day(s) at 9/28/2017 8:33:57 AM

Press CTRL + ALT + DEL and select the ""Change a password"" option."
Error,9/25/2017 8:33,WSH,1,None,Application,djkvdihost425.jakarta01.com,"CN=Ronald Hertanto password will expire in 3 day(s) at 9/28/2017 8:33:57 AM

Press CTRL + ALT + DEL and select the ""Change a password"" option."
Error,9/25/2017 8:33,EventCreate,1,None,Application,djkvdihost432.jakarta01.com,JAKARTA01\elestari  
Error,9/25/2017 8:33,EventCreate,1,None,Application,djkvdihost202.jakarta01.com,JAKARTA01\indriani  
Error,9/25/2017 8:33,EventCreate,1,None,Application,djkvdihost206.jakarta01.com,JAKARTA01\Rosulla  
Error,9/25/2017 8:32,EventCreate,1,None,Application,djkvdihost192.jakarta01.com,JAKARTA01\guestisd27  
Error,9/25/2017 8:31,EventCreate,1,None,Application,djkvdihost694.jakarta01.com,JAKARTA01\dwihan  
Error,9/25/2017 8:31,EventCreate,1,None,Application,djkvdihost168.jakarta01.com,JAKARTA01\Rumata  
Error,9/25/2017 8:31,EventCreate,1,None,Application,djkvdihost122.jakarta01.com,JAKARTA01\aryani  
Error,9/25/2017 8:30,EventCreate,1,None,Application,djkvdihost828.jakarta01.com,JAKARTA01\MFIRMAN  
Error,9/25/2017 8:30,EventCreate,1,None,Application,djkvdihost152.jakarta01.com,JAKARTA01\Leonardus  
Error,9/25/2017 8:28,EventCreate,1,None,Application,djkvdihost737.jakarta01.com,JAKARTA01\pahlevi  
Error,9/25/2017 8:28,EventCreate,1,None,Application,djkvdihost162.jakarta01.com,JAKARTA01\Bob Jasper  
Error,9/25/2017 8:28,Application Error,1000,-100,Application,djkvdihost162.jakarta01.com,"Faulting application name: OUTLOOK.EXE, version: 15.0.4919.1001, time stamp: 0x58d20482
Faulting module name: OUTLOOK.EXE, version: 15.0.4919.1001, time stamp: 0x58d20482
Exception code: 0xc0000005
Fault offset: 0x008924c7
Faulting process id: 0xbdc
Faulting application start time: 0x01d3359854502af5
Faulting application path: C:\Program Files\Microsoft Office\Office15\OUTLOOK.EXE
Faulting module path: C:\Program Files\Microsoft Office\Office15\OUTLOOK.EXE
Report Id: cf800475-a190-11e7-80aa-0050569f5025"
Error,9/25/2017 8:28,EventCreate,1,None,Application,djkvdihost650.jakarta01.com,JAKARTA01\erik  
Error,9/25/2017 8:28,EventCreate,1,None,Application,djkvdihost156.jakarta01.com,JAKARTA01\nurfadila  
Error,9/25/2017 8:28,EventCreate,1,None,Application,djkvdihost077.jakarta01.com,JAKARTA01\boby  
Error,9/25/2017 8:28,EventCreate,1,None,Application,djkvdihost670.jakarta01.com,JAKARTA01\nadea  
Error,9/25/2017 8:27,EventCreate,1,None,Application,djkvdihost264.jakarta01.com,JAKARTA01\fauziah wildan  
Error,9/25/2017 8:27,EventCreate,1,None,Application,djkvdihost754.jakarta01.com,JAKARTA01\guestISD50  
Error,9/25/2017 8:25,EventCreate,1,None,Application,djkvdihost392.jakarta01.com,JAKARTA01\nur endah  
Error,9/25/2017 8:25,Application Error,1000,-100,Application,djkvdihost392.jakarta01.com,"Faulting application name: OUTLOOK.EXE, version: 15.0.4919.1001, time stamp: 0x58d20482
Faulting module name: OUTLOOK.EXE, version: 15.0.4919.1001, time stamp: 0x58d20482
Exception code: 0xc0000005
Fault offset: 0x008924c4
Faulting process id: 0xf3c
Faulting application start time: 0x01d33598745ba050
Faulting application path: C:\Program Files\Microsoft Office\Office15\OUTLOOK.EXE
Faulting module path: C:\Program Files\Microsoft Office\Office15\OUTLOOK.EXE
Report Id: 7a3db0d0-a190-11e7-b522-0050569f437a"
Error,9/25/2017 8:26,EventCreate,1,None,Application,djkvdihost190.jakarta01.com,JAKARTA01\kurniawan  
Error,9/25/2017 8:26,EventCreate,1,None,Application,djkvdihost791.jakarta01.com,JAKARTA01\guestisd37  
Error,9/25/2017 8:26,EventCreate,1,None,Application,djkvdihost050.jakarta01.com,JAKARTA01\rasyid  
Error,9/25/2017 8:26,EventCreate,1,None,Application,djkvdihost610.jakarta01.com,JAKARTA01\wang  
Error,9/25/2017 8:25,EventCreate,1,None,Application,djkvdihost472.jakarta01.com,JAKARTA01\genarosa  
Error,9/25/2017 8:25,EventCreate,1,None,Application,djkvdihost533.jakarta01.com,JAKARTA01\ghozia  
Error,9/25/2017 8:24,EventCreate,1,None,Application,djkvdihost753.jakarta01.com,JAKARTA01\rifan  
Error,9/25/2017 8:24,EventCreate,1,None,Application,djkvdihost731.jakarta01.com,JAKARTA01\alexsandro  
Error,9/25/2017 8:24,Application Error,1000,-100,Application,djkvdihost731.jakarta01.com,"Faulting application name: OUTLOOK.EXE, version: 15.0.4919.1001, time stamp: 0x58d20482
Faulting module name: OUTLOOK.EXE, version: 15.0.4919.1001, time stamp: 0x58d20482
Exception code: 0xc0000005
Fault offset: 0x008924c7
Faulting process id: 0x1648
Faulting application start time: 0x01d3359b51c12a89
Faulting application path: C:\Program Files\Microsoft Office\Office15\OUTLOOK.EXE
Faulting module path: C:\Program Files\Microsoft Office\Office15\OUTLOOK.EXE
Report Id: 473fa27f-a190-11e7-994f-0050569f52e4"
Error,9/25/2017 8:24,EventCreate,1,None,Application,djkvdihost520.jakarta01.com,JAKARTA01\guestisd36  
Error,9/25/2017 8:24,EventCreate,1,None,Application,djkvdihost472.jakarta01.com,JAKARTA01\genarosa  
Error,9/25/2017 8:24,EventCreate,1,None,Application,djkvdihost369.jakarta01.com,JAKARTA01\hirano  
Error,9/25/2017 8:24,EventCreate,1,None,Application,djkvdihost491.jakarta01.com,JAKARTA01\sulaiman  
Error,9/25/2017 8:24,EventCreate,1,None,Application,djkvdihost809.jakarta01.com,JAKARTA01\amelinda  
Error,9/25/2017 8:24,EventCreate,1,None,Application,djkvdihost805.jakarta01.com,JAKARTA01\daniel chin  
Error,9/25/2017 8:23,EventCreate,1,None,Application,djkvdihost023.jakarta01.com,JAKARTA01\Elvira  
Error,9/25/2017 8:24,EventCreate,1,None,Application,djkvdihost081.jakarta01.com,JAKARTA01\sylvia  
Error,9/25/2017 8:23,WSH,1,None,Application,djkvdihost809.jakarta01.com,"CN=Amelinda Dyah Rahmasari password will expire in 3 day(s) at 9/28/2017 8:16:20 AM

Press CTRL + ALT + DEL and select the ""Change a password"" option."
Error,9/25/2017 8:23,EventCreate,1,None,Application,djkvdihost590.jakarta01.com,JAKARTA01\GuestISD48  
Error,9/25/2017 8:23,EventCreate,1,None,Application,djkvdihost423.jakarta01.com,JAKARTA01\ferdiansyah  
Error,9/25/2017 8:23,EventCreate,1,None,Application,djkvdihost066.jakarta01.com,JAKARTA01\guestisd03  
Error,9/25/2017 8:23,WSH,1,None,Application,djkvdihost809.jakarta01.com,"CN=Amelinda Dyah Rahmasari password will expire in 3 day(s) at 9/28/2017 8:16:20 AM

Press CTRL + ALT + DEL and select the ""Change a password"" option."
Error,9/25/2017 8:23,EventCreate,1,None,Application,djkvdihost273.jakarta01.com,JAKARTA01\yusuf  
Error,9/25/2017 8:23,EventCreate,1,None,Application,djkvdihost567.jakarta01.com,JAKARTA01\mochammad  
Error,9/25/2017 8:22,EventCreate,1,None,Application,djkvdihost677.jakarta01.com,JAKARTA01\Mustikawati  
Error,9/25/2017 8:22,Application Error,1000,-100,Application,djkvdihost677.jakarta01.com,"Faulting application name: OUTLOOK.EXE, version: 15.0.4919.1001, time stamp: 0x58d20482
Faulting module name: OUTLOOK.EXE, version: 15.0.4919.1001, time stamp: 0x58d20482
Exception code: 0xc0000005
Fault offset: 0x008924c4
Faulting process id: 0x1b28
Faulting application start time: 0x01d3359ac94a7501
Faulting application path: C:\Program Files\Microsoft Office\Office15\OUTLOOK.EXE
Faulting module path: C:\Program Files\Microsoft Office\Office15\OUTLOOK.EXE
Report Id: 0b00d5a1-a190-11e7-9a4c-0050569f0a8d"
Error,9/25/2017 8:22,EventCreate,1,None,Application,djkvdihost023.jakarta01.com,JAKARTA01\Elvira  
Error,9/25/2017 8:21,EventCreate,1,None,Application,djkvdihost636.jakarta01.com,JAKARTA01\diah  
Error,9/25/2017 8:21,EventCreate,1,None,Application,djkvdihost028.jakarta01.com,JAKARTA01\rindang  
Error,9/25/2017 8:21,EventCreate,1,None,Application,djkvdihost243.jakarta01.com,JAKARTA01\tara  
Error,9/25/2017 8:21,EventCreate,1,None,Application,djkvdihost365.jakarta01.com,JAKARTA01\muhamadZAH  
Error,9/25/2017 8:21,EventCreate,1,None,Application,djkvdihost028.jakarta01.com,JAKARTA01\rindang  
Error,9/25/2017 8:20,EventCreate,1,None,Application,djkvdihost071.jakarta01.com,JAKARTA01\guestisd29  
Error,9/25/2017 8:20,EventCreate,1,None,Application,djkvdihost327.jakarta01.com,JAKARTA01\jayson  
Error,9/25/2017 8:20,EventCreate,1,None,Application,djkvdihost674.jakarta01.com,JAKARTA01\rudini  
Error,9/25/2017 8:19,EventCreate,1,None,Application,djkvdihost510.jakarta01.com,JAKARTA01\hafsia  
Error,9/25/2017 8:19,EventCreate,1,None,Application,djkvdihost327.jakarta01.com,JAKARTA01\jayson  
Error,9/25/2017 8:19,EventCreate,1,None,Application,djkvdihost345.jakarta01.com,JAKARTA01\GUESTISD32  
Error,9/25/2017 8:19,EventCreate,1,None,Application,djkvdihost692.jakarta01.com,JAKARTA01\ridjal  
Error,9/25/2017 8:19,EventCreate,1,None,Application,djkvdihost407.jakarta01.com,JAKARTA01\Clara  
Error,9/25/2017 8:19,EventCreate,1,None,Application,djkvdihost119.jakarta01.com,JAKARTA01\achmadr  
Error,9/25/2017 8:18,EventCreate,1,None,Application,djkvdihost103.jakarta01.com,JAKARTA01\bryan  
Error,9/25/2017 8:18,EventCreate,1,None,Application,djkvdihost779.jakarta01.com,JAKARTA01\vanya  
Error,9/25/2017 8:18,Application Error,1000,-100,Application,djkvdihost779.jakarta01.com,"Faulting application name: EXCEL.EXE, version: 15.0.4919.1000, time stamp: 0x58c7ab0f
Faulting module name: EXCEL.EXE, version: 15.0.4919.1000, time stamp: 0x58c7ab0f
Exception code: 0xc0000005
Fault offset: 0x010b89c4
Faulting process id: 0x1ca4
Faulting application start time: 0x01d3359a8faea5c9
Faulting application path: C:\Program Files\Microsoft Office\Office15\EXCEL.EXE
Faulting module path: C:\Program Files\Microsoft Office\Office15\EXCEL.EXE
Report Id: 7b29bf83-a18f-11e7-9cdc-0050569f0959"
Error,9/25/2017 8:19,EventCreate,1,None,Application,djkvdihost699.jakarta01.com,JAKARTA01\ardiana  
Error,9/25/2017 8:18,EventCreate,1,None,Application,djkvdihost510.jakarta01.com,JAKARTA01\hafsia  
Error,9/25/2017 8:19,EventCreate,1,None,Application,djkvdihost561.jakarta01.com,JAKARTA01\regina  
Error,9/25/2017 8:18,EventCreate,1,None,Application,djkvdihost776.jakarta01.com,JAKARTA01\raditya  
Error,9/25/2017 8:18,Application Error,1000,-100,Application,djkvdihost776.jakarta01.com,"Faulting application name: spoolsv.exe, version: 6.1.7601.17777, time stamp: 0x4f35efc3
Faulting module name: msvcrt.dll, version: 7.0.7601.17744, time stamp: 0x4eeaf722
Exception code: 0xc0000005
Fault offset: 0x0000aa14
Faulting process id: 0x638
Faulting application start time: 0x01d334af88f38d80
Faulting application path: C:\Windows\System32\spoolsv.exe
Faulting module path: C:\Windows\system32\msvcrt.dll
Report Id: 758d4a19-a18f-11e7-87a3-0050569f535b"
Error,9/25/2017 8:18,EventCreate,1,None,Application,djkvdihost103.jakarta01.com,JAKARTA01\bryan  
Error,9/25/2017 8:18,EventCreate,1,None,Application,djkvdihost510.jakarta01.com,JAKARTA01\hafsia  
Error,9/25/2017 8:18,EventCreate,1,None,Application,djkvdihost583.jakarta01.com,JAKARTA01\tenri  
