Error,9/29/2017 18:10,Application Error,1000,-100,Application,djkvdihost261.jakarta01.com,"Faulting application name: OUTLOOK.EXE, version: 15.0.4919.1001, time stamp: 0x58d20482
Faulting module name: OUTLOOK.EXE, version: 15.0.4919.1001, time stamp: 0x58d20482
Exception code: 0xc0000005
Fault offset: 0x008924c7
Faulting process id: 0x830
Faulting application start time: 0x01d338c543324160
Faulting application path: C:\Program Files\Microsoft Office\Office15\OUTLOOK.EXE
Faulting module path: C:\Program Files\Microsoft Office\Office15\OUTLOOK.EXE
Report Id: c0e46ebc-a506-11e7-ba35-0050569f3869"
Error,9/29/2017 18:05,EventCreate,1,None,Application,djkvdihost227.jakarta01.com,JAKARTA01\yuliana  
Error,9/29/2017 18:04,Application Error,1000,-100,Application,djkvdihost227.jakarta01.com,"Faulting application name: EXCEL.EXE, version: 15.0.4919.1000, time stamp: 0x58c7ab0f
Faulting module name: unknown, version: 0.0.0.0, time stamp: 0x00000000
Exception code: 0xc0000005
Fault offset: 0x3d000000
Faulting process id: 0x1c78
Faulting application start time: 0x01d338bd4a715f87
Faulting application path: C:\Program Files\Microsoft Office\Office15\EXCEL.EXE
Faulting module path: unknown
Report Id: 086f5dbb-a506-11e7-b41a-0050569f3407"
Error,9/29/2017 18:01,EventCreate,1,None,Application,djkvdihost339.jakarta01.com,JAKARTA01\handayani  
Error,9/29/2017 17:56,EventCreate,1,None,Application,djkvdihost539.jakarta01.com,JAKARTA01\sinta  
Error,9/29/2017 17:50,EventCreate,1,None,Application,djkvdihost414.jakarta01.com,JAKARTA01\wang  
Error,9/29/2017 17:50,Application Error,1000,-100,Application,djkvdihost414.jakarta01.com,"Faulting application name: OUTLOOK.EXE, version: 15.0.4919.1001, time stamp: 0x58d20482
Faulting module name: OUTLOOK.EXE, version: 15.0.4919.1001, time stamp: 0x58d20482
Exception code: 0xc0000005
Fault offset: 0x008924c4
Faulting process id: 0x1758
Faulting application start time: 0x01d338c647ee650e
Faulting application path: C:\Program Files\Microsoft Office\Office15\OUTLOOK.EXE
Faulting module path: C:\Program Files\Microsoft Office\Office15\OUTLOOK.EXE
Report Id: 023410a6-a504-11e7-b491-0050569f0db3"
Error,9/29/2017 17:48,EventCreate,1,None,Application,djkvdihost057.jakarta01.com,JAKARTA01\haryadi  
Error,9/29/2017 17:47,EventCreate,1,None,Application,djkvdihost564.jakarta01.com,JAKARTA01\Dwi anisa  
Error,9/29/2017 17:47,EventCreate,1,None,Application,djkvdihost564.jakarta01.com,JAKARTA01\Dwi anisa  
Error,9/29/2017 17:44,EventCreate,1,None,Application,djkvdihost055.jakarta01.com,JAKARTA01\edwan  
Error,9/29/2017 17:43,EventCreate,1,None,Application,djkvdihost055.jakarta01.com,JAKARTA01\edwan  
Error,9/29/2017 17:41,EventCreate,1,None,Application,djkvdihost118.jakarta01.com,JAKARTA01\handayani  
Error,9/29/2017 17:41,EventCreate,1,None,Application,djkvdihost118.jakarta01.com,JAKARTA01\handayani  
Error,9/29/2017 17:35,EventCreate,1,None,Application,djkvdihost313.jakarta01.com,JAKARTA01\Lordy  
Error,9/29/2017 17:34,EventCreate,1,None,Application,djkvdihost632.jakarta01.com,JAKARTA01\raymond  
Error,9/29/2017 17:34,Application Error,1000,-100,Application,djkvdihost632.jakarta01.com,"Faulting application name: spoolsv.exe, version: 6.1.7601.17777, time stamp: 0x4f35efc3
Faulting module name: msvcrt.dll, version: 7.0.7601.17744, time stamp: 0x4eeaf722
Exception code: 0xc0000005
Fault offset: 0x0000aa14
Faulting process id: 0x638
Faulting application start time: 0x01d3390b1078aec4
Faulting application path: C:\Windows\System32\spoolsv.exe
Faulting module path: C:\Windows\system32\msvcrt.dll
Report Id: cdde8e8c-a501-11e7-9adb-0050569f16af"
Error,9/29/2017 17:34,Application Error,1000,-100,Application,djkvdihost313.jakarta01.com,"Faulting application name: PhotoScreensaver.scr, version: 6.1.7601.17514, time stamp: 0x4ce7a590
Faulting module name: SHELL32.dll, version: 6.1.7601.23537, time stamp: 0x57c450f4
Exception code: 0xc0000005
Fault offset: 0x001f269f
Faulting process id: 0x1c1c
Faulting application start time: 0x01d3390e28ed28c7
Faulting application path: C:\Windows\system32\PhotoScreensaver.scr
Faulting module path: C:\Windows\system32\SHELL32.dll
Report Id: d4c2b3d9-a501-11e7-8c17-0050569f2941"
Error,9/29/2017 17:34,EventCreate,1,None,Application,djkvdihost632.jakarta01.com,JAKARTA01\raymond  
Error,9/29/2017 17:34,EventCreate,1,None,Application,djkvdihost818.jakarta01.com,JAKARTA01\rezky  
Error,9/29/2017 17:34,Application Error,1000,-100,Application,djkvdihost818.jakarta01.com,"Faulting application name: PhotoScreensaver.scr, version: 6.1.7601.17514, time stamp: 0x4ce7a590
Faulting module name: SHELL32.dll, version: 6.1.7601.23537, time stamp: 0x57c450f4
Exception code: 0xc0000005
Fault offset: 0x001f269f
Faulting process id: 0x1850
Faulting application start time: 0x01d3390d78da57aa
Faulting application path: C:\Windows\system32\PhotoScreensaver.scr
Faulting module path: C:\Windows\system32\SHELL32.dll
Report Id: beb9ed20-a501-11e7-b433-0050569f7ace"
Error,9/29/2017 17:23,EventCreate,1,None,Application,djkvdihost681.jakarta01.com,JAKARTA01\aryani  
Error,9/29/2017 17:23,EventCreate,1,None,Application,djkvdihost612.jakarta01.com,JAKARTA01\ayu  
Error,9/29/2017 17:23,EventCreate,1,None,Application,djkvdihost681.jakarta01.com,JAKARTA01\aryani  
Error,9/29/2017 17:23,Application Error,1000,-100,Application,djkvdihost612.jakarta01.com,"Faulting application name: OUTLOOK.EXE, version: 15.0.4919.1001, time stamp: 0x58d20482
Faulting module name: OUTLOOK.EXE, version: 15.0.4919.1001, time stamp: 0x58d20482
Exception code: 0xc0000005
Fault offset: 0x008924c4
Faulting process id: 0x199c
Faulting application start time: 0x01d338c29e9bfda9
Faulting application path: C:\Program Files\Microsoft Office\Office15\OUTLOOK.EXE
Faulting module path: C:\Program Files\Microsoft Office\Office15\OUTLOOK.EXE
Report Id: 3c9d7cac-a500-11e7-9cdf-0050569f7ff0"
Error,9/29/2017 17:23,EventCreate,1,None,Application,djkvdihost681.jakarta01.com,JAKARTA01\aryani  
Error,9/29/2017 17:16,EventCreate,1,None,Application,djkvdihost090.jakarta01.com,JAKARTA01\M Fajri  
Error,9/29/2017 17:14,EventCreate,1,None,Application,djkvdihost088.jakarta01.com,JAKARTA01\william  
Error,9/29/2017 17:14,Application Error,1000,-100,Application,djkvdihost088.jakarta01.com,"Faulting application name: iexplore.exe, version: 11.0.9600.18639, time stamp: 0x58d6bb0d
Faulting module name: MSHTML.dll, version: 11.0.9600.18639, time stamp: 0x58d6c720
Exception code: 0xc0000005
Fault offset: 0x000ac604
Faulting process id: 0x1938
Faulting application start time: 0x01d338c40221bdab
Faulting application path: C:\Program Files\Internet Explorer\iexplore.exe
Faulting module path: C:\Windows\system32\MSHTML.dll
Report Id: 06d70161-a4ff-11e7-ae08-0050569f4e8a"
Error,9/29/2017 17:11,EventCreate,1,None,Application,djkvdihost584.jakarta01.com,JAKARTA01\tenri  
Error,9/29/2017 17:11,Application Error,1000,-100,Application,djkvdihost584.jakarta01.com,"Faulting application name: OUTLOOK.EXE, version: 15.0.4919.1001, time stamp: 0x58d20482
Faulting module name: OUTLOOK.EXE, version: 15.0.4919.1001, time stamp: 0x58d20482
Exception code: 0xc0000005
Fault offset: 0x008924c4
Faulting process id: 0x14e4
Faulting application start time: 0x01d338c21c7ca303
Faulting application path: C:\Program Files\Microsoft Office\Office15\OUTLOOK.EXE
Faulting module path: C:\Program Files\Microsoft Office\Office15\OUTLOOK.EXE
Report Id: 8e2dd7c5-a4fe-11e7-99ae-0050569f610a"
Error,9/29/2017 17:09,EventCreate,1,None,Application,djkvdihost522.jakarta01.com,JAKARTA01\imam  
Error,9/29/2017 17:09,EventCreate,1,None,Application,djkvdihost696.jakarta01.com,JAKARTA01\guestacc09  
Error,9/29/2017 17:09,Application Error,1000,-100,Application,djkvdihost696.jakarta01.com,"Faulting application name: NLNOTES.EXE, version: 8.5.30.11258, time stamp: 0x4e72fa51
Faulting module name: nnotes.dll, version: 8.5.30.11258, time stamp: 0x4e72fa6a
Exception code: 0xc0000005
Fault offset: 0x001c7f0e
Faulting process id: 0x1a08
Faulting application start time: 0x01d3390b13c1ccf0
Faulting application path: C:\Program Files\IBM\Lotus\Notes\NLNOTES.EXE
Faulting module path: C:\Program Files\IBM\Lotus\Notes\nnotes.dll
Report Id: 5177dd50-a4fe-11e7-a46f-0050569f0ad2"
Error,9/29/2017 17:07,EventCreate,1,None,Application,djkvdihost874.jakarta01.com,JAKARTA01\bayu  
Error,9/29/2017 17:07,Application Error,1000,-100,Application,djkvdihost874.jakarta01.com,"Faulting application name: OUTLOOK.EXE, version: 15.0.4919.1001, time stamp: 0x58d20482
Faulting module name: OUTLOOK.EXE, version: 15.0.4919.1001, time stamp: 0x58d20482
Exception code: 0xc0000005
Fault offset: 0x008924c7
Faulting process id: 0x148c
Faulting application start time: 0x01d338f02c9faa24
Faulting application path: C:\Program Files\Microsoft Office\Office15\OUTLOOK.EXE
Faulting module path: C:\Program Files\Microsoft Office\Office15\OUTLOOK.EXE
Report Id: f6ed7509-a4fd-11e7-9ad7-0050569f5341"
Error,9/29/2017 17:02,EventCreate,1,None,Application,djkvdihost255.jakarta01.com,JAKARTA01\sasono  
Error,9/29/2017 17:00,EventCreate,1,None,Application,djkvdihost210.jakarta01.com,JAKARTA01\sasono  
Error,9/29/2017 16:59,EventCreate,1,None,Application,djkvdihost006.jakarta01.com,JAKARTA01\sari  
Error,9/29/2017 16:58,EventCreate,1,None,Application,djkvdihost006.jakarta01.com,JAKARTA01\sari  
Error,9/29/2017 16:58,EventCreate,1,None,Application,djkvdihost652.jakarta01.com,JAKARTA01\eunice  
Error,9/29/2017 16:58,Application Error,1000,-100,Application,djkvdihost652.jakarta01.com,"Faulting application name: EXCEL.EXE, version: 15.0.4919.1000, time stamp: 0x58c7ab0f
Faulting module name: EXCEL.EXE, version: 15.0.4919.1000, time stamp: 0x58c7ab0f
Exception code: 0xc0000005
Fault offset: 0x00de0026
Faulting process id: 0x1de0
Faulting application start time: 0x01d338c6873d552f
Faulting application path: C:\Program Files\Microsoft Office\Office15\EXCEL.EXE
Faulting module path: C:\Program Files\Microsoft Office\Office15\EXCEL.EXE
Report Id: cd48c420-a4fc-11e7-a2a4-0050569f735b"
Error,9/29/2017 16:56,EventCreate,1,None,Application,djkvdihost758.jakarta01.com,JAKARTA01\wirantika  
Error,9/29/2017 16:56,EventCreate,1,None,Application,djkvdihost758.jakarta01.com,JAKARTA01\wirantika  
Error,9/29/2017 15:26,EventCreate,1,None,Application,djkvdihost191.jakarta01.com,JAKARTA01\guestacc10  
Error,9/29/2017 16:48,EventCreate,1,None,Application,djkvdihost818.jakarta01.com,JAKARTA01\rezky  
Error,9/29/2017 16:48,Application Error,1000,-100,Application,djkvdihost818.jakarta01.com,"Faulting application name: PhotoScreensaver.scr, version: 6.1.7601.17514, time stamp: 0x4ce7a590
Faulting module name: SHELL32.dll, version: 6.1.7601.23537, time stamp: 0x57c450f4
Exception code: 0xc0000005
Fault offset: 0x001f269f
Faulting process id: 0x2248
Faulting application start time: 0x01d3390738c78f5f
Faulting application path: C:\Windows\system32\PhotoScreensaver.scr
Faulting module path: C:\Windows\system32\SHELL32.dll
Report Id: 662eacd1-a4fb-11e7-b433-0050569f7ace"
Error,9/29/2017 16:48,EventCreate,1,None,Application,djkvdihost621.jakarta01.com,JAKARTA01\eddy  
Error,9/29/2017 16:48,Application Error,1000,-100,Application,djkvdihost621.jakarta01.com,"Faulting application name: OUTLOOK.EXE, version: 15.0.4919.1001, time stamp: 0x58d20482
Faulting module name: OUTLOOK.EXE, version: 15.0.4919.1001, time stamp: 0x58d20482
Exception code: 0xc0000005
Fault offset: 0x008924c4
Faulting process id: 0x1af0
Faulting application start time: 0x01d338b6325f7599
Faulting application path: C:\Program Files\Microsoft Office\Office15\OUTLOOK.EXE
Faulting module path: C:\Program Files\Microsoft Office\Office15\OUTLOOK.EXE
Report Id: 50f235d2-a4fb-11e7-97e8-0050569f4a52"
Error,9/29/2017 16:47,EventCreate,1,None,Application,djkvdihost145.jakarta01.com,JAKARTA01\pramana  
Error,9/29/2017 16:47,Application Error,1000,-100,Application,djkvdihost145.jakarta01.com,"Faulting application name: EXCEL.EXE, version: 15.0.4919.1000, time stamp: 0x58c7ab0f
Faulting module name: EXCEL.EXE, version: 15.0.4919.1000, time stamp: 0x58c7ab0f
Exception code: 0xc0000005
Fault offset: 0x003d4871
Faulting process id: 0x1a30
Faulting application start time: 0x01d338ba881b5f36
Faulting application path: C:\Program Files\Microsoft Office\Office15\EXCEL.EXE
Faulting module path: C:\Program Files\Microsoft Office\Office15\EXCEL.EXE
Report Id: 35600dd7-a4fb-11e7-8a1a-0050569f03c3"
Error,9/29/2017 16:46,EventCreate,1,None,Application,djkvdihost335.jakarta01.com,JAKARTA01\nurfadila  
Error,9/29/2017 16:46,EventCreate,1,None,Application,djkvdihost041.jakarta01.com,JAKARTA01\Rafika  
Error,9/29/2017 16:46,EventCreate,1,None,Application,djkvdihost041.jakarta01.com,JAKARTA01\Rafika  
Error,9/29/2017 16:45,EventCreate,1,None,Application,djkvdihost335.jakarta01.com,JAKARTA01\nurfadila  
Error,9/29/2017 16:45,EventCreate,1,None,Application,djkvdihost335.jakarta01.com,JAKARTA01\nurfadila  
Error,9/29/2017 16:43,EventCreate,1,None,Application,djkvdihost525.jakarta01.com,JAKARTA01\ali pasya  
Error,9/29/2017 16:43,EventCreate,1,None,Application,djkvdihost772.jakarta01.com,JAKARTA01\rahmatia  
Error,9/29/2017 16:43,Application Error,1000,-100,Application,djkvdihost525.jakarta01.com,"Faulting application name: NLNOTES.EXE, version: 8.5.30.11258, time stamp: 0x4e72fa51
Faulting module name: nnotes.dll, version: 8.5.30.11258, time stamp: 0x4e72fa6a
Exception code: 0xc0000005
Fault offset: 0x001c7f0e
Faulting process id: 0x248
Faulting application start time: 0x01d3390772157159
Faulting application path: C:\Program Files\IBM\Lotus\Notes\NLNOTES.EXE
Faulting module path: C:\Program Files\IBM\Lotus\Notes\nnotes.dll
Report Id: b124ac07-a4fa-11e7-baa5-0050569f4507"
Error,9/29/2017 16:42,EventCreate,1,None,Application,djkvdihost772.jakarta01.com,JAKARTA01\rahmatia  
Error,9/29/2017 16:42,EventCreate,1,None,Application,djkvdihost772.jakarta01.com,JAKARTA01\rahmatia  
Error,9/29/2017 16:38,EventCreate,1,None,Application,djkvdihost390.jakarta01.com,JAKARTA01\ridjal  
Error,9/29/2017 16:35,EventCreate,1,None,Application,djkvdihost109.jakarta01.com,JAKARTA01\dimas adhi  
Error,9/29/2017 16:35,Application Error,1000,-100,Application,djkvdihost109.jakarta01.com,"Faulting application name: EXCEL.EXE, version: 15.0.4919.1000, time stamp: 0x58c7ab0f
Faulting module name: MSVCR100.dll, version: 10.0.40219.325, time stamp: 0x4df2be1e
Exception code: 0xc0000005
Fault offset: 0x00001f5a
Faulting process id: 0x9dc
Faulting application start time: 0x01d338c4840f2bf8
Faulting application path: C:\Program Files\Microsoft Office\Office15\EXCEL.EXE
Faulting module path: C:\Windows\system32\MSVCR100.dll
Report Id: 7832bc03-a4f9-11e7-8fe6-0050569f04fa"
Error,9/29/2017 16:29,EventCreate,1,None,Application,djkvdihost226.jakarta01.com,JAKARTA01\ayub  
Error,9/29/2017 16:29,Application Error,1000,-100,Application,djkvdihost226.jakarta01.com,"Faulting application name: OUTLOOK.EXE, version: 15.0.4919.1001, time stamp: 0x58d20482
Faulting module name: OUTLOOK.EXE, version: 15.0.4919.1001, time stamp: 0x58d20482
Exception code: 0xc0000005
Fault offset: 0x008924c4
Faulting process id: 0x11e8
Faulting application start time: 0x01d33901405f0ec9
Faulting application path: C:\Program Files\Microsoft Office\Office15\OUTLOOK.EXE
Faulting module path: C:\Program Files\Microsoft Office\Office15\OUTLOOK.EXE
Report Id: a11ad9e0-a4f8-11e7-88da-0050569f6519"
Error,9/29/2017 16:28,EventCreate,1,None,Application,djkvdihost001.jakarta01.com,JAKARTA01\ici  
Error,9/29/2017 14:29,EventCreate,1,None,Application,djkvdihost507.jakarta01.com,"The description for Event ID 1 from source EventCreate cannot be found. Either the component that raises this event is not installed on your local computer or the installation is corrupted. You can install or repair the component on the local computer.

If the event originated on another computer, the display information had to be saved with the event.

The following information was included with the event: 

JAKARTA01\Guestska16  
"
Error,9/29/2017 14:29,EventCreate,1,None,Application,djkvdihost507.jakarta01.com,"The description for Event ID 1 from source EventCreate cannot be found. Either the component that raises this event is not installed on your local computer or the installation is corrupted. You can install or repair the component on the local computer.

If the event originated on another computer, the display information had to be saved with the event.

The following information was included with the event: 

JAKARTA01\Guestska16  
"
Error,9/29/2017 16:23,EventCreate,1,None,Application,djkvdihost648.jakarta01.com,JAKARTA01\mario  
Error,9/29/2017 16:23,EventCreate,1,None,Application,djkvdihost648.jakarta01.com,JAKARTA01\mario  
Error,9/29/2017 16:22,EventCreate,1,None,Application,djkvdihost144.jakarta01.com,JAKARTA01\Arum  
Error,9/29/2017 16:22,EventCreate,1,None,Application,djkvdihost515.jakarta01.com,JAKARTA01\dwi septiyanti  
Error,9/29/2017 16:22,Application Error,1000,-100,Application,djkvdihost144.jakarta01.com,"Faulting application name: OUTLOOK.EXE, version: 15.0.4919.1001, time stamp: 0x58d20482
Faulting module name: OUTLOOK.EXE, version: 15.0.4919.1001, time stamp: 0x58d20482
Exception code: 0xc0000005
Fault offset: 0x008924c4
Faulting process id: 0x2540
Faulting application start time: 0x01d338d3957c8c42
Faulting application path: C:\Program Files\Microsoft Office\Office15\OUTLOOK.EXE
Faulting module path: C:\Program Files\Microsoft Office\Office15\OUTLOOK.EXE
Report Id: c2154c22-a4f7-11e7-8d5d-0050569f5202"
Error,9/29/2017 16:22,Application Error,1000,-100,Application,djkvdihost515.jakarta01.com,"Faulting application name: OUTLOOK.EXE, version: 15.0.4919.1001, time stamp: 0x58d20482
Faulting module name: OUTLOOK.EXE, version: 15.0.4919.1001, time stamp: 0x58d20482
Exception code: 0xc0000005
Fault offset: 0x008924c4
Faulting process id: 0x1bb4
Faulting application start time: 0x01d338c4c0da1e9c
Faulting application path: C:\Program Files\Microsoft Office\Office15\OUTLOOK.EXE
Faulting module path: C:\Program Files\Microsoft Office\Office15\OUTLOOK.EXE
Report Id: b3829c4d-a4f7-11e7-8a6a-0050569f461a"
Error,9/29/2017 16:20,EventCreate,1,None,Application,djkvdihost309.jakarta01.com,JAKARTA01\tara  
Error,9/29/2017 16:20,EventCreate,1,None,Application,djkvdihost309.jakarta01.com,JAKARTA01\tara  
Error,9/29/2017 16:19,EventCreate,1,None,Application,djkvdihost156.jakarta01.com,JAKARTA01\adityo yuwono  
Error,9/29/2017 16:18,EventCreate,1,None,Application,djkvdihost156.jakarta01.com,JAKARTA01\adityo yuwono  
Error,9/29/2017 16:17,EventCreate,1,None,Application,djkvdihost709.jakarta01.com,JAKARTA01\hariri  
Error,9/29/2017 16:16,EventCreate,1,None,Application,djkvdihost738.jakarta01.com,JAKARTA01\haryadi  
Error,9/29/2017 16:16,Application Error,1000,-100,Application,djkvdihost738.jakarta01.com,"Faulting application name: OUTLOOK.EXE, version: 15.0.4919.1001, time stamp: 0x58d20482
Faulting module name: OUTLOOK.EXE, version: 15.0.4919.1001, time stamp: 0x58d20482
Exception code: 0xc0000005
Fault offset: 0x008924c4
Faulting process id: 0xe20
Faulting application start time: 0x01d338ce12606ca3
Faulting application path: C:\Program Files\Microsoft Office\Office15\OUTLOOK.EXE
Faulting module path: C:\Program Files\Microsoft Office\Office15\OUTLOOK.EXE
Report Id: cf0b84e1-a4f6-11e7-a6d3-0050569f64d2"
Error,9/29/2017 16:10,EventCreate,1,None,Application,djkvdihost410.jakarta01.com,JAKARTA01\Latiefah  
Error,9/29/2017 16:10,EventCreate,1,None,Application,djkvdihost368.jakarta01.com,JAKARTA01\ahmad zainul  
Error,9/29/2017 16:10,Application Error,1000,-100,Application,djkvdihost410.jakarta01.com,"Faulting application name: lync.exe, version: 15.0.4919.1000, time stamp: 0x58c7ab1e
Faulting module name: unknown, version: 0.0.0.0, time stamp: 0x00000000
Exception code: 0xc0000005
Fault offset: 0xce000000
Faulting process id: 0x1fc
Faulting application start time: 0x01d338bee55d3601
Faulting application path: C:\Program Files\Microsoft Office\Office15\lync.exe
Faulting module path: unknown
Report Id: 056d31a0-a4f6-11e7-8ef4-0050569f77c5"
Error,9/29/2017 16:10,Application Error,1000,-100,Application,djkvdihost368.jakarta01.com,"Faulting application name: OUTLOOK.EXE, version: 15.0.4919.1001, time stamp: 0x58d20482
Faulting module name: OUTLOOK.EXE, version: 15.0.4919.1001, time stamp: 0x58d20482
Exception code: 0xc0000005
Fault offset: 0x008924c4
Faulting process id: 0x1bb8
Faulting application start time: 0x01d338be342eb311
Faulting application path: C:\Program Files\Microsoft Office\Office15\OUTLOOK.EXE
Faulting module path: C:\Program Files\Microsoft Office\Office15\OUTLOOK.EXE
Report Id: 0491fae7-a4f6-11e7-ae09-0050569f13ab"
Error,9/29/2017 16:09,EventCreate,1,None,Application,djkvdihost654.jakarta01.com,JAKARTA01\livia  
Error,9/29/2017 16:09,Application Error,1000,-100,Application,djkvdihost654.jakarta01.com,"Faulting application name: OUTLOOK.EXE, version: 15.0.4919.1001, time stamp: 0x58d20482
Faulting module name: OUTLOOK.EXE, version: 15.0.4919.1001, time stamp: 0x58d20482
Exception code: 0xc0000005
Fault offset: 0x008924c7
Faulting process id: 0x1288
Faulting application start time: 0x01d338d2d4bae410
Faulting application path: C:\Program Files\Microsoft Office\Office15\OUTLOOK.EXE
Faulting module path: C:\Program Files\Microsoft Office\Office15\OUTLOOK.EXE
Report Id: d9994120-a4f5-11e7-b8aa-0050569f467a"
Error,9/29/2017 16:03,EventCreate,1,None,Application,djkvdihost069.jakarta01.com,JAKARTA01\danna  
Error,9/29/2017 16:03,Application Error,1000,-100,Application,djkvdihost069.jakarta01.com,"Faulting application name: OUTLOOK.EXE, version: 15.0.4919.1001, time stamp: 0x58d20482
Faulting module name: OUTLOOK.EXE, version: 15.0.4919.1001, time stamp: 0x58d20482
Exception code: 0xc0000005
Fault offset: 0x008924c4
Faulting process id: 0xa6c
Faulting application start time: 0x01d338f3e2e1652e
Faulting application path: C:\Program Files\Microsoft Office\Office15\OUTLOOK.EXE
Faulting module path: C:\Program Files\Microsoft Office\Office15\OUTLOOK.EXE
Report Id: 19dbfb3f-a4f5-11e7-a077-0050569f7ed9"
Error,9/29/2017 16:03,EventCreate,1,None,Application,djkvdihost449.jakarta01.com,JAKARTA01\Shena  
Error,9/29/2017 16:00,EventCreate,1,None,Application,djkvdihost809.jakarta01.com,JAKARTA01\rahman  
Error,9/29/2017 15:59,EventCreate,1,None,Application,djkvdihost809.jakarta01.com,JAKARTA01\rahman  
Error,9/29/2017 15:56,EventCreate,1,None,Application,djkvdihost226.jakarta01.com,JAKARTA01\ayub  
Error,9/29/2017 15:52,EventCreate,1,None,Application,djkvdihost348.jakarta01.com,JAKARTA01\naldi  
Error,9/29/2017 15:51,Application Error,1000,-100,Application,djkvdihost348.jakarta01.com,"Faulting application name: EXCEL.EXE, version: 15.0.4919.1000, time stamp: 0x58c7ab0f
Faulting module name: EXCEL.EXE, version: 15.0.4919.1000, time stamp: 0x58c7ab0f
Exception code: 0xc0000005
Fault offset: 0x010c9809
Faulting process id: 0x1ee0
Faulting application start time: 0x01d338d636842342
Faulting application path: C:\Program Files\Microsoft Office\Office15\EXCEL.EXE
Faulting module path: C:\Program Files\Microsoft Office\Office15\EXCEL.EXE
Report Id: 71a4d068-a4f3-11e7-8ad0-0050569f48df"
Error,9/29/2017 15:45,EventCreate,1,None,Application,djkvdihost182.jakarta01.com,JAKARTA01\Setiawan  
Error,9/29/2017 15:45,Application Error,1000,-100,Application,djkvdihost182.jakarta01.com,"Faulting application name: OUTLOOK.EXE, version: 15.0.4919.1001, time stamp: 0x58d20482
Faulting module name: OUTLOOK.EXE, version: 15.0.4919.1001, time stamp: 0x58d20482
Exception code: 0xc0000005
Fault offset: 0x008924c4
Faulting process id: 0x8cc
Faulting application start time: 0x01d338dd3d44169e
Faulting application path: C:\Program Files\Microsoft Office\Office15\OUTLOOK.EXE
Faulting module path: C:\Program Files\Microsoft Office\Office15\OUTLOOK.EXE
Report Id: 919a39ce-a4f2-11e7-acd3-0050569f5baf"
Error,9/29/2017 15:42,EventCreate,1,None,Application,djkvdihost606.jakarta01.com,JAKARTA01\herlina  
Error,9/29/2017 15:42,Application Error,1000,-100,Application,djkvdihost606.jakarta01.com,"Faulting application name: EXCEL.EXE, version: 15.0.4919.1000, time stamp: 0x58c7ab0f
Faulting module name: MSVCR100.dll, version: 10.0.40219.325, time stamp: 0x4df2be1e
Exception code: 0xc0000005
Fault offset: 0x00001f78
Faulting process id: 0x1760
Faulting application start time: 0x01d338f151e7e2a0
Faulting application path: C:\Program Files\Microsoft Office\Office15\EXCEL.EXE
Faulting module path: C:\Windows\system32\MSVCR100.dll
Report Id: 29be39b3-a4f2-11e7-a068-0050569f2d11"
Error,9/29/2017 15:41,EventCreate,1,None,Application,djkvdihost641.jakarta01.com,JAKARTA01\tobing  
Error,9/29/2017 15:41,Application Error,1000,-100,Application,djkvdihost641.jakarta01.com,"Faulting application name: OUTLOOK.EXE, version: 15.0.4919.1001, time stamp: 0x58d20482
Faulting module name: OUTLOOK.EXE, version: 15.0.4919.1001, time stamp: 0x58d20482
Exception code: 0xc0000005
Fault offset: 0x008924c7
Faulting process id: 0x1b64
Faulting application start time: 0x01d338d88f9baa40
Faulting application path: C:\Program Files\Microsoft Office\Office15\OUTLOOK.EXE
Faulting module path: C:\Program Files\Microsoft Office\Office15\OUTLOOK.EXE
Report Id: 0dec26e9-a4f2-11e7-a5c2-0050569f4120"
Error,9/29/2017 15:37,EventCreate,1,None,Application,djkvdihost680.jakarta01.com,JAKARTA01\Nikmatullah  
Error,9/29/2017 15:37,Application Error,1000,-100,Application,djkvdihost680.jakarta01.com,"Faulting application name: OUTLOOK.EXE, version: 15.0.4919.1001, time stamp: 0x58d20482
Faulting module name: OUTLOOK.EXE, version: 15.0.4919.1001, time stamp: 0x58d20482
Exception code: 0xc0000005
Fault offset: 0x008924c4
Faulting process id: 0x12d8
Faulting application start time: 0x01d338be09e7b52c
Faulting application path: C:\Program Files\Microsoft Office\Office15\OUTLOOK.EXE
Faulting module path: C:\Program Files\Microsoft Office\Office15\OUTLOOK.EXE
Report Id: 5e5880de-a4f1-11e7-bec9-0050569f687e"
Error,9/29/2017 15:33,EventCreate,1,None,Application,djkvdihost259.jakarta01.com,JAKARTA01\dwihan  
Error,9/29/2017 15:33,Application Error,1000,-100,Application,djkvdihost259.jakarta01.com,"Faulting application name: OUTLOOK.EXE, version: 15.0.4919.1001, time stamp: 0x58d20482
Faulting module name: OUTLOOK.EXE, version: 15.0.4919.1001, time stamp: 0x58d20482
Exception code: 0xc0000005
Fault offset: 0x008924c4
Faulting process id: 0x1b30
Faulting application start time: 0x01d338c24ec80e24
Faulting application path: C:\Program Files\Microsoft Office\Office15\OUTLOOK.EXE
Faulting module path: C:\Program Files\Microsoft Office\Office15\OUTLOOK.EXE
Report Id: d7caaea8-a4f0-11e7-bd7b-0050569f0ee2"
Error,9/29/2017 15:19,EventCreate,1,None,Application,djkvdihost809.jakarta01.com,JAKARTA01\GuestSKA08  
Error,9/29/2017 15:16,EventCreate,1,None,Application,djkvdihost899.jakarta01.com,JAKARTA01\Joni  
Error,9/29/2017 15:16,Application Error,1000,-100,Application,djkvdihost899.jakarta01.com,"Faulting application name: OUTLOOK.EXE, version: 15.0.4927.1001, time stamp: 0x58f5f52e
Faulting module name: ntdll.dll, version: 6.1.7601.23807, time stamp: 0x5915f8e8
Exception code: 0xc0000005
Fault offset: 0x0002e49b
Faulting process id: 0x1134
Faulting application start time: 0x01d338bb20419963
Faulting application path: C:\Program Files (x86)\Microsoft Office\Office15\OUTLOOK.EXE
Faulting module path: C:\Windows\SysWOW64\ntdll.dll
Report Id: 87f1db58-a4ee-11e7-92de-0050569f6c3c"
Error,9/29/2017 15:09,EventCreate,1,None,Application,djkvdihost190.jakarta01.com,JAKARTA01\Elisabeth  
Error,9/29/2017 15:09,Application Error,1000,-100,Application,djkvdihost190.jakarta01.com,"Faulting application name: spoolsv.exe, version: 6.1.7601.17777, time stamp: 0x4f35efc3
Faulting module name: msvcrt.dll, version: 7.0.7601.17744, time stamp: 0x4eeaf722
Exception code: 0xc0000005
Fault offset: 0x0000aa14
Faulting process id: 0x638
Faulting application start time: 0x01d3385e1b0d17ad
Faulting application path: C:\Windows\System32\spoolsv.exe
Faulting module path: C:\Windows\system32\msvcrt.dll
Report Id: 7a870c5b-a4ed-11e7-8a88-0050569f4ecc"
Error,9/29/2017 14:57,EventCreate,1,None,Application,djkvdihost100.jakarta01.com,JAKARTA01\edwan  
Error,9/29/2017 14:56,EventCreate,1,None,Application,djkvdihost263.jakarta01.com,JAKARTA01\gian  
Error,9/29/2017 14:56,Application Error,1000,-100,Application,djkvdihost263.jakarta01.com,"Faulting application name: OUTLOOK.EXE, version: 15.0.4919.1001, time stamp: 0x58d20482
Faulting module name: OUTLOOK.EXE, version: 15.0.4919.1001, time stamp: 0x58d20482
Exception code: 0xc0000005
Fault offset: 0x008924c4
Faulting process id: 0x1b08
Faulting application start time: 0x01d338be4b217b5e
Faulting application path: C:\Program Files\Microsoft Office\Office15\OUTLOOK.EXE
Faulting module path: C:\Program Files\Microsoft Office\Office15\OUTLOOK.EXE
Report Id: a4c5fbf0-a4eb-11e7-b62d-0050569f362b"
Error,9/29/2017 14:52,EventCreate,1,None,Application,djkvdihost094.jakarta01.com,JAKARTA01\guestisd30  
Error,9/29/2017 14:52,Application Error,1000,-100,Application,djkvdihost094.jakarta01.com,"Faulting application name: EXCEL.EXE, version: 15.0.4919.1000, time stamp: 0x58c7ab0f
Faulting module name: EXCEL.EXE, version: 15.0.4919.1000, time stamp: 0x58c7ab0f
Exception code: 0xc0000005
Fault offset: 0x00a94db5
Faulting process id: 0x860
Faulting application start time: 0x01d338ecf782a9fc
Faulting application path: C:\PROGRA~1\MICROS~2\Office15\EXCEL.EXE
Faulting module path: C:\PROGRA~1\MICROS~2\Office15\EXCEL.EXE
Report Id: 26cb64ae-a4eb-11e7-a5b2-0050569f0521"
Error,9/29/2017 14:50,EventCreate,1,None,Application,djkvdihost874.jakarta01.com,JAKARTA01\bayu  
Error,9/29/2017 14:50,Application Error,1000,-100,Application,djkvdihost874.jakarta01.com,"Faulting application name: iexplore.exe, version: 11.0.9600.18639, time stamp: 0x58d6bb0d
Faulting module name: MSHTML.dll, version: 11.0.9600.18639, time stamp: 0x58d6c720
Exception code: 0xc0000005
Fault offset: 0x000ac604
Faulting process id: 0x754
Faulting application start time: 0x01d338f0343870b5
Faulting application path: C:\Program Files\Internet Explorer\iexplore.exe
Faulting module path: C:\Windows\system32\MSHTML.dll
Report Id: d562b64a-a4ea-11e7-9ad7-0050569f5341"
Error,9/29/2017 14:49,EventCreate,1,None,Application,djkvdihost169.jakarta01.com,JAKARTA01\namora  
Error,9/29/2017 14:49,Application Error,1000,-100,Application,djkvdihost169.jakarta01.com,"Faulting application name: OUTLOOK.EXE, version: 15.0.4919.1001, time stamp: 0x58d20482
Faulting module name: OUTLOOK.EXE, version: 15.0.4919.1001, time stamp: 0x58d20482
Exception code: 0xc0000005
Fault offset: 0x008924c4
Faulting process id: 0xbec
Faulting application start time: 0x01d338ba0a1bfb11
Faulting application path: C:\Program Files\Microsoft Office\Office15\OUTLOOK.EXE
Faulting module path: C:\Program Files\Microsoft Office\Office15\OUTLOOK.EXE
Report Id: b148b1fc-a4ea-11e7-9081-0050569f6e1d"
Error,9/29/2017 14:46,EventCreate,1,None,Application,djkvdihost270.jakarta01.com,JAKARTA01\Juliet  
Error,9/29/2017 14:46,Application Error,1000,-100,Application,djkvdihost270.jakarta01.com,"Faulting application name: OUTLOOK.EXE, version: 15.0.4919.1001, time stamp: 0x58d20482
Faulting module name: OUTLOOK.EXE, version: 15.0.4919.1001, time stamp: 0x58d20482
Exception code: 0xc0000005
Fault offset: 0x008924c7
Faulting process id: 0x1da0
Faulting application start time: 0x01d338d5e4c50784
Faulting application path: C:\Program Files\Microsoft Office\Office15\OUTLOOK.EXE
Faulting module path: C:\Program Files\Microsoft Office\Office15\OUTLOOK.EXE
Report Id: 4bf8b5da-a4ea-11e7-9245-0050569f4cc2"
Error,9/29/2017 14:44,EventCreate,1,None,Application,djkvdihost865.jakarta01.com,JAKARTA01\ueda  
Error,9/29/2017 14:44,EventCreate,1,None,Application,djkvdihost865.jakarta01.com,JAKARTA01\ueda  
Error,9/29/2017 14:42,EventCreate,1,None,Application,djkvdihost105.jakarta01.com,JAKARTA01\karen  
Error,9/29/2017 14:41,EventCreate,1,None,Application,djkvdihost047.jakarta01.com,JAKARTA01\angga  
Error,9/29/2017 14:41,Application Error,1000,-100,Application,djkvdihost047.jakarta01.com,"Faulting application name: OUTLOOK.EXE, version: 15.0.4919.1001, time stamp: 0x58d20482
Faulting module name: OUTLOOK.EXE, version: 15.0.4919.1001, time stamp: 0x58d20482
Exception code: 0xc0000005
Fault offset: 0x008924c4
Faulting process id: 0x217c
Faulting application start time: 0x01d338f5ed41214f
Faulting application path: C:\Program Files\Microsoft Office\Office15\OUTLOOK.EXE
Faulting module path: C:\Program Files\Microsoft Office\Office15\OUTLOOK.EXE
Report Id: a9d44563-a4e9-11e7-96f4-0050569f23b2"
Error,9/29/2017 14:42,Application Error,1000,-100,Application,djkvdihost105.jakarta01.com,"Faulting application name: WINWORD.EXE, version: 15.0.4911.1000, time stamp: 0x58a2c075
Faulting module name: wwlib.dll, version: 15.0.4911.1000, time stamp: 0x58a2c073
Exception code: 0xc0000005
Fault offset: 0x006f1046
Faulting process id: 0x1a84
Faulting application start time: 0x01d338e968d3bb19
Faulting application path: C:\Program Files\Microsoft Office\Office15\WINWORD.EXE
Faulting module path: C:\Program Files\Microsoft Office\Office15\wwlib.dll
Report Id: b8c5756b-a4e9-11e7-af94-0050569f41a3"
Error,9/29/2017 14:37,EventCreate,1,None,Application,djkvdihost064.jakarta01.com,JAKARTA01\ahmad  
Error,9/29/2017 14:37,EventCreate,1,None,Application,djkvdihost047.jakarta01.com,JAKARTA01\angga  
Error,9/29/2017 14:37,Application Error,1000,-100,Application,djkvdihost047.jakarta01.com,"Faulting application name: OUTLOOK.EXE, version: 15.0.4919.1001, time stamp: 0x58d20482
Faulting module name: OUTLOOK.EXE, version: 15.0.4919.1001, time stamp: 0x58d20482
Exception code: 0xc0000005
Fault offset: 0x008924c4
Faulting process id: 0x324
Faulting application start time: 0x01d338f50695fc60
Faulting application path: C:\Program Files\Microsoft Office\Office15\OUTLOOK.EXE
Faulting module path: C:\Program Files\Microsoft Office\Office15\OUTLOOK.EXE
Report Id: 123bf65f-a4e9-11e7-96f4-0050569f23b2"
Error,9/29/2017 14:37,Application Error,1000,-100,Application,djkvdihost064.jakarta01.com,"Faulting application name: OUTLOOK.EXE, version: 15.0.4919.1001, time stamp: 0x58d20482
Faulting module name: OUTLOOK.EXE, version: 15.0.4919.1001, time stamp: 0x58d20482
Exception code: 0xc0000005
Fault offset: 0x008924c4
Faulting process id: 0x1aa4
Faulting application start time: 0x01d338d99490aec7
Faulting application path: C:\Program Files\Microsoft Office\Office15\OUTLOOK.EXE
Faulting module path: C:\Program Files\Microsoft Office\Office15\OUTLOOK.EXE
Report Id: 1585d540-a4e9-11e7-8104-0050569f3e72"
Error,9/29/2017 14:36,EventCreate,1,None,Application,djkvdihost323.jakarta01.com,JAKARTA01\guestisd36  
Error,9/29/2017 14:36,Application Error,1000,-100,Application,djkvdihost323.jakarta01.com,"Faulting application name: NLNOTES.EXE, version: 8.5.30.11258, time stamp: 0x4e72fa51
Faulting module name: nnotes.dll, version: 8.5.30.11258, time stamp: 0x4e72fa6a
Exception code: 0xc0000005
Fault offset: 0x001c7f0e
Faulting process id: 0x1edc
Faulting application start time: 0x01d338f5abf82434
Faulting application path: C:\Program Files\IBM\Lotus\Notes\NLNOTES.EXE
Faulting module path: C:\Program Files\IBM\Lotus\Notes\nnotes.dll
Report Id: eaf6b372-a4e8-11e7-9aa2-0050569f6910"
Error,9/29/2017 14:36,EventCreate,1,None,Application,djkvdihost043.jakarta01.com,JAKARTA01\gerald  
Error,9/29/2017 14:36,Application Error,1000,-100,Application,djkvdihost043.jakarta01.com,"Faulting application name: PhotoScreensaver.scr, version: 6.1.7601.17514, time stamp: 0x4ce7a590
Faulting module name: SHELL32.dll, version: 6.1.7601.23537, time stamp: 0x57c450f4
Exception code: 0xc0000005
Fault offset: 0x001f269f
Faulting process id: 0x1e54
Faulting application start time: 0x01d338f457e63cd2
Faulting application path: C:\Windows\system32\PhotoScreensaver.scr
Faulting module path: C:\Windows\system32\SHELL32.dll
Report Id: d8d5eec9-a4e8-11e7-aa44-0050569f61b1"
Error,9/29/2017 14:34,EventCreate,1,None,Application,djkvdihost687.jakarta01.com,JAKARTA01\Donna  
Error,9/29/2017 14:34,Application Error,1000,-100,Application,djkvdihost687.jakarta01.com,"Faulting application name: OUTLOOK.EXE, version: 15.0.4919.1001, time stamp: 0x58d20482
Faulting module name: OUTLOOK.EXE, version: 15.0.4919.1001, time stamp: 0x58d20482
Exception code: 0xc0000005
Fault offset: 0x008924c7
Faulting process id: 0x16b4
Faulting application start time: 0x01d338bb18c66bdd
Faulting application path: C:\Program Files\Microsoft Office\Office15\OUTLOOK.EXE
Faulting module path: C:\Program Files\Microsoft Office\Office15\OUTLOOK.EXE
Report Id: a52975d7-a4e8-11e7-ae44-0050569f4c9f"
Error,9/29/2017 14:31,EventCreate,1,None,Application,djkvdihost047.jakarta01.com,JAKARTA01\angga  
Error,9/29/2017 14:31,Application Error,1000,-100,Application,djkvdihost047.jakarta01.com,"Faulting application name: OUTLOOK.EXE, version: 15.0.4919.1001, time stamp: 0x58d20482
Faulting module name: OUTLOOK.EXE, version: 15.0.4919.1001, time stamp: 0x58d20482
Exception code: 0xc0000005
Fault offset: 0x008924c4
Faulting process id: 0x1cd4
Faulting application start time: 0x01d338c350f39f0f
Faulting application path: C:\Program Files\Microsoft Office\Office15\OUTLOOK.EXE
Faulting module path: C:\Program Files\Microsoft Office\Office15\OUTLOOK.EXE
Report Id: 3ff468d2-a4e8-11e7-96f4-0050569f23b2"
Error,9/29/2017 14:28,EventCreate,1,None,Application,djkvdihost707.jakarta01.com,JAKARTA01\Hadi  
Error,9/29/2017 14:28,Application Error,1000,-100,Application,djkvdihost707.jakarta01.com,"Faulting application name: OUTLOOK.EXE, version: 15.0.4919.1001, time stamp: 0x58d20482
Faulting module name: OUTLOOK.EXE, version: 15.0.4919.1001, time stamp: 0x58d20482
Exception code: 0xc0000005
Fault offset: 0x008924c7
Faulting process id: 0x1ec4
Faulting application start time: 0x01d338c1b441b7a1
Faulting application path: C:\Program Files\Microsoft Office\Office15\OUTLOOK.EXE
Faulting module path: C:\Program Files\Microsoft Office\Office15\OUTLOOK.EXE
Report Id: c7b094cb-a4e7-11e7-a839-0050569f5e44"
Error,9/29/2017 14:24,EventCreate,1,None,Application,djkvdihost638.jakarta01.com,JAKARTA01\yusdian  
Error,9/29/2017 14:24,EventCreate,1,None,Application,djkvdihost638.jakarta01.com,JAKARTA01\yusdian  
Error,9/29/2017 14:12,EventCreate,1,None,Application,djkvdihost659.jakarta01.com,JAKARTA01\janu  
Error,9/29/2017 14:12,Application Error,1000,-100,Application,djkvdihost659.jakarta01.com,"Faulting application name: OUTLOOK.EXE, version: 15.0.4919.1001, time stamp: 0x58d20482
Faulting module name: OUTLOOK.EXE, version: 15.0.4919.1001, time stamp: 0x58d20482
Exception code: 0xc0000005
Fault offset: 0x008924c4
Faulting process id: 0x1e4c
Faulting application start time: 0x01d338c070c078a8
Faulting application path: C:\Program Files\Microsoft Office\Office15\OUTLOOK.EXE
Faulting module path: C:\Program Files\Microsoft Office\Office15\OUTLOOK.EXE
Report Id: 8d3ad689-a4e5-11e7-a045-0050569f3f50"
Error,9/29/2017 14:09,EventCreate,1,None,Application,djkvdihost220.jakarta01.com,JAKARTA01\guestacc10  
Error,9/29/2017 14:09,Application Error,1000,-100,Application,djkvdihost220.jakarta01.com,"Faulting application name: NLNOTES.EXE, version: 8.5.30.11258, time stamp: 0x4e72fa51
Faulting module name: nnotes.dll, version: 8.5.30.11258, time stamp: 0x4e72fa6a
Exception code: 0xc0000005
Fault offset: 0x001c7f0e
Faulting process id: 0x14f0
Faulting application start time: 0x01d338f1e0037fd0
Faulting application path: C:\Program Files\IBM\Lotus\Notes\NLNOTES.EXE
Faulting module path: C:\Program Files\IBM\Lotus\Notes\nnotes.dll
Report Id: 1dbbf190-a4e5-11e7-a94b-0050569f20aa"
Error,9/29/2017 14:09,EventCreate,1,None,Application,djkvdihost696.jakarta01.com,JAKARTA01\guestacc09  
Error,9/29/2017 14:09,Application Error,1000,-100,Application,djkvdihost696.jakarta01.com,"Faulting application name: NLNOTES.EXE, version: 8.5.30.11258, time stamp: 0x4e72fa51
Faulting module name: nnotes.dll, version: 8.5.30.11258, time stamp: 0x4e72fa6a
Exception code: 0xc0000005
Fault offset: 0x001c7f0e
Faulting process id: 0x1fe0
Faulting application start time: 0x01d338f1df7dddef
Faulting application path: C:\Program Files\IBM\Lotus\Notes\NLNOTES.EXE
Faulting module path: C:\Program Files\IBM\Lotus\Notes\nnotes.dll
Report Id: 1d33edff-a4e5-11e7-a46f-0050569f0ad2"
Error,9/29/2017 14:09,EventCreate,1,None,Application,djkvdihost859.jakarta01.com,JAKARTA01\sodeoka  
Error,9/29/2017 14:07,EventCreate,1,None,Application,djkvdihost220.jakarta01.com,JAKARTA01\guestacc10  
Error,9/29/2017 14:07,Application Error,1000,-100,Application,djkvdihost220.jakarta01.com,"Faulting application name: NLNOTES.EXE, version: 8.5.30.11258, time stamp: 0x4e72fa51
Faulting module name: nnotes.dll, version: 8.5.30.11258, time stamp: 0x4e72fa6a
Exception code: 0xc0000005
Fault offset: 0x001c7f0e
Faulting process id: 0x140
Faulting application start time: 0x01d338f1950931a0
Faulting application path: C:\Program Files\IBM\Lotus\Notes\NLNOTES.EXE
Faulting module path: C:\Program Files\IBM\Lotus\Notes\nnotes.dll
Report Id: d40a2120-a4e4-11e7-a94b-0050569f20aa"
Error,9/29/2017 14:06,EventCreate,1,None,Application,djkvdihost696.jakarta01.com,JAKARTA01\guestacc09  
Error,9/29/2017 14:06,Application Error,1000,-100,Application,djkvdihost696.jakarta01.com,"Faulting application name: NLNOTES.EXE, version: 8.5.30.11258, time stamp: 0x4e72fa51
Faulting module name: nnotes.dll, version: 8.5.30.11258, time stamp: 0x4e72fa6a
Exception code: 0xc0000005
Fault offset: 0x001c7f0e
Faulting process id: 0x1a64
Faulting application start time: 0x01d338f17bd5c615
Faulting application path: C:\Program Files\IBM\Lotus\Notes\NLNOTES.EXE
Faulting module path: C:\Program Files\IBM\Lotus\Notes\nnotes.dll
Report Id: b98974d5-a4e4-11e7-a46f-0050569f0ad2"
Error,9/29/2017 14:05,EventCreate,1,None,Application,djkvdihost696.jakarta01.com,JAKARTA01\guestacc09  
Error,9/29/2017 14:05,Application Error,1000,-100,Application,djkvdihost696.jakarta01.com,"Faulting application name: NLNOTES.EXE, version: 8.5.30.11258, time stamp: 0x4e72fa51
Faulting module name: nnotes.dll, version: 8.5.30.11258, time stamp: 0x4e72fa6a
Exception code: 0xc0000005
Fault offset: 0x001c7f0e
Faulting process id: 0x1d68
Faulting application start time: 0x01d338f13db955dc
Faulting application path: C:\Program Files\IBM\Lotus\Notes\NLNOTES.EXE
Faulting module path: C:\Program Files\IBM\Lotus\Notes\nnotes.dll
Report Id: 84efef55-a4e4-11e7-a46f-0050569f0ad2"
Error,9/29/2017 14:04,EventCreate,1,None,Application,djkvdihost696.jakarta01.com,JAKARTA01\guestacc09  
Error,9/29/2017 14:03,EventCreate,1,None,Application,djkvdihost419.jakarta01.com,JAKARTA01\GuestISD48  
Error,9/29/2017 14:03,Application Error,1000,-100,Application,djkvdihost419.jakarta01.com,"Faulting application name: EXCEL.EXE, version: 15.0.4919.1000, time stamp: 0x58c7ab0f
Faulting module name: EXCEL.EXE, version: 15.0.4919.1000, time stamp: 0x58c7ab0f
Exception code: 0xc0000005
Fault offset: 0x00083da6
Faulting process id: 0x1be8
Faulting application start time: 0x01d338d7769da551
Faulting application path: C:\Program Files\Microsoft Office\Office15\EXCEL.EXE
Faulting module path: C:\Program Files\Microsoft Office\Office15\EXCEL.EXE
Report Id: 453b891e-a4e4-11e7-aeab-0050569f1bdc"
Error,9/29/2017 14:00,EventCreate,1,None,Application,djkvdihost364.jakarta01.com,JAKARTA01\ayuningtias  
Error,9/29/2017 14:00,Application Error,1000,-100,Application,djkvdihost364.jakarta01.com,"Faulting application name: EXCEL.EXE, version: 15.0.4919.1000, time stamp: 0x58c7ab0f
Faulting module name: mso.dll, version: 15.0.4919.1002, time stamp: 0x58de0799
Exception code: 0xc0000005
Fault offset: 0x00255651
Faulting process id: 0x1f78
Faulting application start time: 0x01d338d51a315a54
Faulting application path: C:\Program Files\Microsoft Office\Office15\EXCEL.EXE
Faulting module path: C:\Program Files\Common Files\Microsoft Shared\Office15\mso.dll
Report Id: e503efeb-a4e3-11e7-9d1c-0050569f08cc"
Error,9/29/2017 13:58,EventCreate,1,None,Application,djkvdihost416.jakarta01.com,JAKARTA01\Erich  
Error,9/29/2017 13:58,Application Error,1000,-100,Application,djkvdihost416.jakarta01.com,"Faulting application name: EXCEL.EXE, version: 15.0.4919.1000, time stamp: 0x58c7ab0f
Faulting module name: EXCEL.EXE, version: 15.0.4919.1000, time stamp: 0x58c7ab0f
Exception code: 0xc0000005
Fault offset: 0x0065cfd2
Faulting process id: 0x1704
Faulting application start time: 0x01d338d710a46c80
Faulting application path: C:\Program Files\Microsoft Office\Office15\EXCEL.EXE
Faulting module path: C:\Program Files\Microsoft Office\Office15\EXCEL.EXE
Report Id: 94c7b8dd-a4e3-11e7-ac33-0050569f6b06"
Error,9/29/2017 13:57,EventCreate,1,None,Application,djkvdihost874.jakarta01.com,JAKARTA01\bayu  
Error,9/29/2017 13:57,EventCreate,1,None,Application,djkvdihost611.jakarta01.com,JAKARTA01\fitri  
Error,9/29/2017 13:57,Application Error,1000,-100,Application,djkvdihost611.jakarta01.com,"Faulting application name: OUTLOOK.EXE, version: 15.0.4919.1001, time stamp: 0x58d20482
Faulting module name: OUTLOOK.EXE, version: 15.0.4919.1001, time stamp: 0x58d20482
Exception code: 0xc0000005
Fault offset: 0x008924c7
Faulting process id: 0x196c
Faulting application start time: 0x01d338c2fb50bc5a
Faulting application path: C:\Program Files\Microsoft Office\Office15\OUTLOOK.EXE
Faulting module path: C:\Program Files\Microsoft Office\Office15\OUTLOOK.EXE
Report Id: 818e357b-a4e3-11e7-8198-0050569f179b"
Error,9/29/2017 13:57,EventCreate,1,None,Application,djkvdihost874.jakarta01.com,JAKARTA01\bayu  
Error,9/29/2017 13:53,EventCreate,1,None,Application,djkvdihost416.jakarta01.com,JAKARTA01\Erich  
Error,9/29/2017 13:53,Application Error,1000,-100,Application,djkvdihost416.jakarta01.com,"Faulting application name: EXCEL.EXE, version: 15.0.4919.1000, time stamp: 0x58c7ab0f
Faulting module name: EXCEL.EXE, version: 15.0.4919.1000, time stamp: 0x58c7ab0f
Exception code: 0xc0000005
Fault offset: 0x0065cfd2
Faulting process id: 0x12f8
Faulting application start time: 0x01d338d710584040
Faulting application path: C:\PROGRA~1\MICROS~2\Office15\EXCEL.EXE
Faulting module path: C:\PROGRA~1\MICROS~2\Office15\EXCEL.EXE
Report Id: e05ac29b-a4e2-11e7-ac33-0050569f6b06"
Error,9/29/2017 13:53,EventCreate,1,None,Application,djkvdihost668.jakarta01.com,JAKARTA01\debby  
Error,9/29/2017 13:49,EventCreate,1,None,Application,djkvdihost860.jakarta01.com,JAKARTA01\kubo  
Error,9/29/2017 13:49,EventCreate,1,None,Application,djkvdihost860.jakarta01.com,JAKARTA01\kubo  
Error,9/29/2017 13:35,EventCreate,1,None,Application,djkvdihost184.jakarta01.com,JAKARTA01\badrudin  
Error,9/29/2017 13:34,EventCreate,1,None,Application,djkvdihost181.jakarta01.com,JAKARTA01\Chinthea  
Error,9/29/2017 13:34,Application Error,1000,-100,Application,djkvdihost181.jakarta01.com,"Faulting application name: OUTLOOK.EXE, version: 15.0.4919.1001, time stamp: 0x58d20482
Faulting module name: OUTLOOK.EXE, version: 15.0.4919.1001, time stamp: 0x58d20482
Exception code: 0xc0000005
Fault offset: 0x008924c4
Faulting process id: 0x19a0
Faulting application start time: 0x01d338b28b51f852
Faulting application path: C:\Program Files\Microsoft Office\Office15\OUTLOOK.EXE
Faulting module path: C:\Program Files\Microsoft Office\Office15\OUTLOOK.EXE
Report Id: 383c56e3-a4e0-11e7-81bd-0050569f0420"
Error,9/29/2017 13:32,EventCreate,1,None,Application,djkvdihost532.jakarta01.com,JAKARTA01\idams  
Error,9/29/2017 13:29,EventCreate,1,None,Application,djkvdihost094.jakarta01.com,JAKARTA01\guestisd30  
Error,9/29/2017 13:26,EventCreate,1,None,Application,djkvdihost512.jakarta01.com,JAKARTA01\nirliani  
Error,9/29/2017 13:17,EventCreate,1,None,Application,djkvdihost635.jakarta01.com,JAKARTA01\Ana  
Error,9/29/2017 13:17,Application Error,1000,-100,Application,djkvdihost635.jakarta01.com,"Faulting application name: OUTLOOK.EXE, version: 15.0.4919.1001, time stamp: 0x58d20482
Faulting module name: OUTLOOK.EXE, version: 15.0.4919.1001, time stamp: 0x58d20482
Exception code: 0xc0000005
Fault offset: 0x008924c4
Faulting process id: 0x1918
Faulting application start time: 0x01d338d3f03e699d
Faulting application path: C:\Program Files\Microsoft Office\Office15\OUTLOOK.EXE
Faulting module path: C:\Program Files\Microsoft Office\Office15\OUTLOOK.EXE
Report Id: eee8c6f1-a4dd-11e7-8e12-0050569f46bb"
Error,9/29/2017 13:13,EventCreate,1,None,Application,djkvdihost726.jakarta01.com,JAKARTA01\andi almira  
Error,9/29/2017 13:13,Application Error,1000,-100,Application,djkvdihost726.jakarta01.com,"Faulting application name: EXCEL.EXE, version: 15.0.4919.1000, time stamp: 0x58c7ab0f
Faulting module name: KERNELBASE.dll, version: 6.1.7601.23714, time stamp: 0x58bf87a4
Exception code: 0xc06d007e
Fault offset: 0x0000845d
Faulting process id: 0x1e40
Faulting application start time: 0x01d338c103532489
Faulting application path: C:\Program Files\Microsoft Office\Office15\EXCEL.EXE
Faulting module path: C:\Windows\system32\KERNELBASE.dll
Report Id: 4a655d0f-a4dd-11e7-b684-0050569f2f0e"
Error,9/29/2017 13:09,EventCreate,1,None,Application,djkvdihost323.jakarta01.com,JAKARTA01\guestisd36  
Error,9/29/2017 13:09,EventCreate,1,None,Application,djkvdihost544.jakarta01.com,JAKARTA01\Nur Alma  
