Error,9/28/2017 9:40,Application Error,1000,-100,Application,djkvdihost115.jakarta01.com,"Faulting application name: OUTLOOK.EXE, version: 15.0.4919.1001, time stamp: 0x58d20482
Faulting module name: OUTLOOK.EXE, version: 15.0.4919.1001, time stamp: 0x58d20482
Exception code: 0xc0000005
Fault offset: 0x000349e7
Faulting process id: 0x1744
Faulting application start time: 0x01d338032a68e90f
Faulting application path: C:\Program Files\Microsoft Office\Office15\OUTLOOK.EXE
Faulting module path: C:\Program Files\Microsoft Office\Office15\OUTLOOK.EXE
Report Id: 6b9dfe6f-a3f6-11e7-8ec1-0050569f1686"
Error,9/28/2017 9:40,Application Error,1000,-100,Application,djkvdihost802.jakarta01.com,"Faulting application name: OUTLOOK.EXE, version: 15.0.4919.1001, time stamp: 0x58d20482
Faulting module name: OUTLOOK.EXE, version: 15.0.4919.1001, time stamp: 0x58d20482
Exception code: 0xc0000005
Fault offset: 0x008924c7
Faulting process id: 0x11f0
Faulting application start time: 0x01d337ffefcb0d3f
Faulting application path: C:\Program Files\Microsoft Office\Office15\OUTLOOK.EXE
Faulting module path: C:\Program Files\Microsoft Office\Office15\OUTLOOK.EXE
Report Id: 60ad5e1f-a3f6-11e7-804f-0050569f6ece"
Error,9/28/2017 9:40,EventCreate,1,None,Application,djkvdihost756.jakarta01.com,JAKARTA01\rina  
Error,9/28/2017 9:39,EventCreate,1,None,Application,djkvdihost154.jakarta01.com,JAKARTA01\handayani  
Error,9/28/2017 9:39,EventCreate,1,None,Application,djkvdihost488.jakarta01.com,JAKARTA01\dhara  
Error,9/28/2017 9:38,EventCreate,1,None,Application,djkvdihost488.jakarta01.com,JAKARTA01\dhara  
Error,9/28/2017 9:38,WSH,1,None,Application,djkvdihost488.jakarta01.com,"CN=Dhara password will expire in 4 day(s) at 10/2/2017 6:10:29 AM

Press CTRL + ALT + DEL and select the ""Change a password"" option."
Error,9/28/2017 9:38,EventCreate,1,None,Application,djkvdihost154.jakarta01.com,JAKARTA01\handayani  
Error,9/28/2017 9:38,WSH,1,None,Application,djkvdihost488.jakarta01.com,"CN=Dhara password will expire in 4 day(s) at 10/2/2017 6:10:29 AM

Press CTRL + ALT + DEL and select the ""Change a password"" option."
Error,9/28/2017 9:37,EventCreate,1,None,Application,djkvdihost548.jakarta01.com,JAKARTA01\michiko  
Error,9/28/2017 9:36,EventCreate,1,None,Application,djkvdihost680.jakarta01.com,JAKARTA01\raymond  
Error,9/28/2017 9:36,EventCreate,1,None,Application,djkvdihost872.jakarta01.com,JAKARTA01\bayu  
Error,9/28/2017 9:35,EventCreate,1,None,Application,djkvdihost688.jakarta01.com,JAKARTA01\Andradita  
Error,9/28/2017 9:35,Application Error,1000,-100,Application,djkvdihost688.jakarta01.com,"Faulting application name: OUTLOOK.EXE, version: 15.0.4919.1001, time stamp: 0x58d20482
Faulting module name: OUTLOOK.EXE, version: 15.0.4919.1001, time stamp: 0x58d20482
Exception code: 0xc0000005
Fault offset: 0x008924c4
Faulting process id: 0x185c
Faulting application start time: 0x01d337fdb95e2b49
Faulting application path: C:\Program Files\Microsoft Office\Office15\OUTLOOK.EXE
Faulting module path: C:\Program Files\Microsoft Office\Office15\OUTLOOK.EXE
Report Id: b9a6ff0a-a3f5-11e7-859f-0050569f70f3"
Error,9/28/2017 9:34,EventCreate,1,None,Application,djkvdihost744.jakarta01.com,JAKARTA01\fajar  
Error,9/28/2017 9:34,Application Error,1000,-100,Application,djkvdihost744.jakarta01.com,"Faulting application name: EXCEL.EXE, version: 15.0.4919.1000, time stamp: 0x58c7ab0f
Faulting module name: EXCEL.EXE, version: 15.0.4919.1000, time stamp: 0x58c7ab0f
Exception code: 0xc0000005
Fault offset: 0x00eebf43
Faulting process id: 0x14f4
Faulting application start time: 0x01d337f9c26ce605
Faulting application path: C:\Program Files\Microsoft Office\Office15\EXCEL.EXE
Faulting module path: C:\Program Files\Microsoft Office\Office15\EXCEL.EXE
Report Id: 9a19c845-a3f5-11e7-9874-0050569f44a8"
Error,9/28/2017 9:35,EventCreate,1,None,Application,djkvdihost757.jakarta01.com,JAKARTA01\GUESTISD28  
Error,9/28/2017 9:35,EventCreate,1,None,Application,djkvdihost580.jakarta01.com,JAKARTA01\indra jayadi  
Error,9/28/2017 9:32,EventCreate,1,None,Application,djkvdihost235.jakarta01.com,JAKARTA01\debby  
Error,9/28/2017 9:32,EventCreate,1,None,Application,djkvdihost052.jakarta01.com,JAKARTA01\guestacc08  
Error,9/28/2017 9:32,Application Error,1000,-100,Application,djkvdihost235.jakarta01.com,"Faulting application name: PhotoScreensaver.scr, version: 6.1.7601.17514, time stamp: 0x4ce7a590
Faulting module name: SHELL32.dll, version: 6.1.7601.23537, time stamp: 0x57c450f4
Exception code: 0xc0000005
Fault offset: 0x001f269f
Faulting process id: 0x364
Faulting application start time: 0x01d33801b10723ed
Faulting application path: C:\Windows\system32\PhotoScreensaver.scr
Faulting module path: C:\Windows\system32\SHELL32.dll
Report Id: 4e0f365d-a3f5-11e7-9b37-0050569f055d"
Error,9/28/2017 9:29,EventCreate,1,None,Application,djkvdihost415.jakarta01.com,JAKARTA01\wulanf  
Error,9/28/2017 9:29,Application Error,1000,-100,Application,djkvdihost415.jakarta01.com,"Faulting application name: PhotoScreensaver.scr, version: 6.1.7601.17514, time stamp: 0x4ce7a590
Faulting module name: SHELL32.dll, version: 6.1.7601.23537, time stamp: 0x57c450f4
Exception code: 0xc0000005
Fault offset: 0x001f269f
Faulting process id: 0x5e8
Faulting application start time: 0x01d3380180803d52
Faulting application path: C:\Windows\system32\PhotoScreensaver.scr
Faulting module path: C:\Windows\system32\SHELL32.dll
Report Id: d6134ff2-a3f4-11e7-8e67-0050569f7ca0"
Error,9/28/2017 9:29,EventCreate,1,None,Application,djkvdihost167.jakarta01.com,JAKARTA01\FAUZIAH  
Error,9/28/2017 9:28,EventCreate,1,None,Application,djkvdihost607.jakarta01.com,JAKARTA01\agnes  
Error,9/28/2017 9:27,EventCreate,1,None,Application,djkvdihost121.jakarta01.com,JAKARTA01\guestISD50  
Error,9/28/2017 9:26,EventCreate,1,None,Application,djkvdihost352.jakarta01.com,JAKARTA01\budi kurniawan  
Error,9/28/2017 9:25,EventCreate,1,None,Application,djkvdihost555.jakarta01.com,JAKARTA01\AdhiNu  
Error,9/28/2017 9:24,EventCreate,1,None,Application,djkvdihost303.jakarta01.com,JAKARTA01\Kartina  
Error,9/28/2017 9:24,Application Error,1000,-100,Application,djkvdihost303.jakarta01.com,"Faulting application name: OUTLOOK.EXE, version: 15.0.4919.1001, time stamp: 0x58d20482
Faulting module name: OUTLOOK.EXE, version: 15.0.4919.1001, time stamp: 0x58d20482
Exception code: 0xc0000005
Fault offset: 0x008924c7
Faulting process id: 0x1b3c
Faulting application start time: 0x01d337ec1250ccd7
Faulting application path: C:\Program Files\Microsoft Office\Office15\OUTLOOK.EXE
Faulting module path: C:\Program Files\Microsoft Office\Office15\OUTLOOK.EXE
Report Id: 2d9481f4-a3f4-11e7-8ece-0050569f10a4"
Error,9/28/2017 9:23,EventCreate,1,None,Application,djkvdihost736.jakarta01.com,JAKARTA01\Reiffy  
Error,9/28/2017 9:22,EventCreate,1,None,Application,djkvdihost822.jakarta01.com,JAKARTA01\ivan  
Error,9/28/2017 9:22,EventCreate,1,None,Application,djkvdihost061.jakarta01.com,JAKARTA01\elestari  
Error,9/28/2017 9:22,Application Error,1000,-100,Application,djkvdihost822.jakarta01.com,"Faulting application name: OUTLOOK.EXE, version: 15.0.4919.1001, time stamp: 0x58d20482
Faulting module name: OUTLOOK.EXE, version: 15.0.4919.1001, time stamp: 0x58d20482
Exception code: 0xc0000005
Fault offset: 0x008924c4
Faulting process id: 0x1004
Faulting application start time: 0x01d337ea983539b4
Faulting application path: C:\Program Files\Microsoft Office\Office15\OUTLOOK.EXE
Faulting module path: C:\Program Files\Microsoft Office\Office15\OUTLOOK.EXE
Report Id: eb1e7bdc-a3f3-11e7-a10c-0050569f3901"
Error,9/28/2017 9:21,EventCreate,1,None,Application,djkvdihost199.jakarta01.com,JAKARTA01\marchelius  
Error,9/28/2017 9:20,Application Error,1000,-100,Application,djkvdihost199.jakarta01.com,"Faulting application name: OUTLOOK.EXE, version: 15.0.4919.1001, time stamp: 0x58d20482
Faulting module name: OUTLOOK.EXE, version: 15.0.4919.1001, time stamp: 0x58d20482
Exception code: 0xc0000005
Fault offset: 0x008924c4
Faulting process id: 0x1d78
Faulting application start time: 0x01d337f7426522b9
Faulting application path: C:\Program Files\Microsoft Office\Office15\OUTLOOK.EXE
Faulting module path: C:\Program Files\Microsoft Office\Office15\OUTLOOK.EXE
Report Id: a99ecaeb-a3f3-11e7-8926-0050569f6cb1"
Error,9/28/2017 9:20,EventCreate,1,None,Application,djkvdihost076.jakarta01.com,JAKARTA01\barry  
Error,9/28/2017 9:20,Application Error,1000,-100,Application,djkvdihost076.jakarta01.com,"Faulting application name: OUTLOOK.EXE, version: 15.0.4919.1001, time stamp: 0x58d20482
Faulting module name: mso.dll, version: 15.0.4919.1002, time stamp: 0x58de0799
Exception code: 0xc0000005
Fault offset: 0x0015d8fd
Faulting process id: 0x1478
Faulting application start time: 0x01d337f4f093eb01
Faulting application path: C:\Program Files\Microsoft Office\Office15\OUTLOOK.EXE
Faulting module path: C:\Program Files\Common Files\Microsoft Shared\Office15\mso.dll
Report Id: a7f1bc64-a3f3-11e7-9ccb-0050569f7c49"
Error,9/28/2017 9:20,EventCreate,1,None,Application,djkvdihost545.jakarta01.com,JAKARTA01\titin  
Error,9/28/2017 9:20,EventCreate,1,None,Application,djkvdihost431.jakarta01.com,JAKARTA01\mahendrars  
Error,9/28/2017 9:19,EventCreate,1,None,Application,djkvdihost721.jakarta01.com,JAKARTA01\kristian  
Error,9/28/2017 9:19,Application Error,1000,-100,Application,djkvdihost721.jakarta01.com,"Faulting application name: PrintIsolationHost.exe, version: 6.1.7600.16385, time stamp: 0x4a5bcebc
Faulting module name: hpcppXP0.dll, version: 0.3.1584.18292, time stamp: 0x5391899f
Exception code: 0xc0000409
Fault offset: 0x000375f4
Faulting process id: 0x1da4
Faulting application start time: 0x01d338002e20e119
Faulting application path: C:\Windows\system32\PrintIsolationHost.exe
Faulting module path: C:\Windows\system32\spool\PRTPROCS\W32X86\hpcppXP0.dll
Report Id: 6c34b561-a3f3-11e7-8e60-0050569f38f4"
Error,9/28/2017 9:19,Application Error,1000,-100,Application,djkvdihost721.jakarta01.com,"Faulting application name: PrintIsolationHost.exe, version: 6.1.7600.16385, time stamp: 0x4a5bcebc
Faulting module name: hpcppXP0.dll, version: 0.3.1584.18292, time stamp: 0x5391899f
Exception code: 0xc0000409
Fault offset: 0x000375f4
Faulting process id: 0xb0
Faulting application start time: 0x01d338002b8980e1
Faulting application path: C:\Windows\system32\PrintIsolationHost.exe
Faulting module path: C:\Windows\system32\spool\PRTPROCS\W32X86\hpcppXP0.dll
Report Id: 695ec589-a3f3-11e7-8e60-0050569f38f4"
Error,9/28/2017 9:19,EventCreate,1,None,Application,djkvdihost721.jakarta01.com,JAKARTA01\kristian  
Error,9/28/2017 9:19,Application Error,1000,-100,Application,djkvdihost721.jakarta01.com,"Faulting application name: PrintIsolationHost.exe, version: 6.1.7600.16385, time stamp: 0x4a5bcebc
Faulting module name: hpcppXP0.dll, version: 0.3.1584.18292, time stamp: 0x5391899f
Exception code: 0xc0000409
Fault offset: 0x000375f4
Faulting process id: 0x11a4
Faulting application start time: 0x01d338002b48a751
Faulting application path: C:\Windows\system32\PrintIsolationHost.exe
Faulting module path: C:\Windows\system32\spool\PRTPROCS\W32X86\hpcppXP0.dll
Report Id: 6907cbe9-a3f3-11e7-8e60-0050569f38f4"
Error,9/28/2017 9:19,Application Error,1000,-100,Application,djkvdihost721.jakarta01.com,"Faulting application name: PrintIsolationHost.exe, version: 6.1.7600.16385, time stamp: 0x4a5bcebc
Faulting module name: hpcppXP0.dll, version: 0.3.1584.18292, time stamp: 0x5391899f
Exception code: 0xc0000409
Fault offset: 0x000375f4
Faulting process id: 0x1618
Faulting application start time: 0x01d338002ae26b71
Faulting application path: C:\Windows\system32\PrintIsolationHost.exe
Faulting module path: C:\Windows\system32\spool\PRTPROCS\W32X86\hpcppXP0.dll
Report Id: 68cfb871-a3f3-11e7-8e60-0050569f38f4"
Error,9/28/2017 9:19,Application Error,1000,-100,Application,djkvdihost721.jakarta01.com,"Faulting application name: PrintIsolationHost.exe, version: 6.1.7600.16385, time stamp: 0x4a5bcebc
Faulting module name: hpcppXP0.dll, version: 0.3.1584.18292, time stamp: 0x5391899f
Exception code: 0xc0000409
Fault offset: 0x000375f4
Faulting process id: 0x540
Faulting application start time: 0x01d3380026e9d171
Faulting application path: C:\Windows\system32\PrintIsolationHost.exe
Faulting module path: C:\Windows\system32\spool\PRTPROCS\W32X86\hpcppXP0.dll
Report Id: 66485dc9-a3f3-11e7-8e60-0050569f38f4"
Error,9/28/2017 9:17,EventCreate,1,None,Application,djkvdihost018.jakarta01.com,JAKARTA01\guestisd54  
Error,9/28/2017 9:16,EventCreate,1,None,Application,djkvdihost726.jakarta01.com,JAKARTA01\lisa  
Error,9/28/2017 9:16,Application Error,1000,-100,Application,djkvdihost726.jakarta01.com,"Faulting application name: OUTLOOK.EXE, version: 15.0.4919.1001, time stamp: 0x58d20482
Faulting module name: OUTLOOK.EXE, version: 15.0.4919.1001, time stamp: 0x58d20482
Exception code: 0xc0000005
Fault offset: 0x008924c4
Faulting process id: 0x1b68
Faulting application start time: 0x01d337f5e3b6a6da
Faulting application path: C:\Program Files\Microsoft Office\Office15\OUTLOOK.EXE
Faulting module path: C:\Program Files\Microsoft Office\Office15\OUTLOOK.EXE
Report Id: 01b2c0ba-a3f3-11e7-ba92-0050569f2f0e"
Error,9/28/2017 9:15,EventCreate,1,None,Application,djkvdihost009.jakarta01.com,JAKARTA01\Donna  
Error,9/28/2017 9:13,EventCreate,1,None,Application,djkvdihost865.jakarta01.com,JAKARTA01\bobby  
Error,9/28/2017 9:13,EventCreate,1,None,Application,djkvdihost314.jakarta01.com,JAKARTA01\army  
Error,9/28/2017 9:12,EventCreate,1,None,Application,djkvdihost256.jakarta01.com,JAKARTA01\robi  
Error,9/28/2017 9:11,EventCreate,1,None,Application,djkvdihost292.jakarta01.com,JAKARTA01\Linda Marshelia  
Error,9/28/2017 9:11,EventCreate,1,None,Application,djkvdihost462.jakarta01.com,JAKARTA01\Etty  
Error,9/28/2017 9:10,EventCreate,1,None,Application,djkvdihost377.jakarta01.com,JAKARTA01\boby  
Error,9/28/2017 9:10,Application Error,1000,-100,Application,djkvdihost377.jakarta01.com,"Faulting application name: OUTLOOK.EXE, version: 15.0.4919.1001, time stamp: 0x58d20482
Faulting module name: OUTLOOK.EXE, version: 15.0.4919.1001, time stamp: 0x58d20482
Exception code: 0xc0000005
Fault offset: 0x008924c4
Faulting process id: 0x1bb8
Faulting application start time: 0x01d337fc9d09cebc
Faulting application path: C:\Program Files\Microsoft Office\Office15\OUTLOOK.EXE
Faulting module path: C:\Program Files\Microsoft Office\Office15\OUTLOOK.EXE
Report Id: 36a3d19c-a3f2-11e7-8745-0050569f0110"
Error,9/28/2017 9:10,EventCreate,1,None,Application,djkvdihost014.jakarta01.com,JAKARTA01\vina febria  
Error,9/28/2017 9:10,EventCreate,1,None,Application,djkvdihost493.jakarta01.com,JAKARTA01\adityo yuwono  
Error,9/28/2017 9:10,EventCreate,1,None,Application,djkvdihost312.jakarta01.com,JAKARTA01\myreshka  
Error,9/28/2017 9:10,EventCreate,1,None,Application,djkvdihost741.jakarta01.com,JAKARTA01\herlina  
Error,9/28/2017 9:09,EventCreate,1,None,Application,djkvdihost744.jakarta01.com,JAKARTA01\fajar  
Error,9/28/2017 9:09,Application Error,1000,-100,Application,djkvdihost744.jakarta01.com,"Faulting application name: lync.exe, version: 15.0.4919.1000, time stamp: 0x58c7ab1e
Faulting module name: mshtml.dll, version: 11.0.9600.18639, time stamp: 0x58d6c720
Exception code: 0xc0000005
Fault offset: 0x00476281
Faulting process id: 0x7ec
Faulting application start time: 0x01d337f5389362e7
Faulting application path: C:\Program Files\Microsoft Office\Office15\lync.exe
Faulting module path: C:\Windows\System32\mshtml.dll
Report Id: 0fa9dea5-a3f2-11e7-9874-0050569f44a8"
Error,9/28/2017 9:09,EventCreate,1,None,Application,djkvdihost257.jakarta01.com,JAKARTA01\ummu  
Error,9/28/2017 9:09,EventCreate,1,None,Application,djkvdihost233.jakarta01.com,JAKARTA01\NIkmatullah  
Error,9/28/2017 9:09,Application Error,1000,-100,Application,djkvdihost233.jakarta01.com,"Faulting application name: OUTLOOK.EXE, version: 15.0.4919.1001, time stamp: 0x58d20482
Faulting module name: OUTLOOK.EXE, version: 15.0.4919.1001, time stamp: 0x58d20482
Exception code: 0xc0000005
Fault offset: 0x008924c4
Faulting process id: 0x1c88
Faulting application start time: 0x01d337f3d9db4900
Faulting application path: C:\Program Files\Microsoft Office\Office15\OUTLOOK.EXE
Faulting module path: C:\Program Files\Microsoft Office\Office15\OUTLOOK.EXE
Report Id: 097441e3-a3f2-11e7-87d3-0050569f352e"
Error,9/28/2017 9:09,EventCreate,1,None,Application,djkvdihost746.jakarta01.com,JAKARTA01\fferdian  
Error,9/28/2017 9:08,EventCreate,1,None,Application,djkvdihost183.jakarta01.com,JAKARTA01\alvita  
Error,9/28/2017 9:09,EventCreate,1,None,Application,djkvdihost173.jakarta01.com,JAKARTA01\diana  
Error,9/28/2017 9:08,EventCreate,1,None,Application,djkvdihost662.jakarta01.com,JAKARTA01\nathaniel  
Error,9/28/2017 9:08,EventCreate,1,None,Application,djkvdihost031.jakarta01.com,JAKARTA01\Arfilia  
Error,9/28/2017 9:08,EventCreate,1,None,Application,djkvdihost610.jakarta01.com,JAKARTA01\GUESTISD33  
Error,9/28/2017 9:08,EventCreate,1,None,Application,djkvdihost508.jakarta01.com,JAKARTA01\septi  
Error,9/28/2017 9:08,EventCreate,1,None,Application,djkvdihost183.jakarta01.com,JAKARTA01\alvita  
Error,9/28/2017 9:06,EventCreate,1,None,Application,djkvdihost415.jakarta01.com,JAKARTA01\wulanf  
Error,9/28/2017 9:06,Application Error,1000,-100,Application,djkvdihost415.jakarta01.com,"Faulting application name: PhotoScreensaver.scr, version: 6.1.7601.17514, time stamp: 0x4ce7a590
Faulting module name: SHELL32.dll, version: 6.1.7601.23537, time stamp: 0x57c450f4
Exception code: 0xc0000005
Fault offset: 0x001f269f
Faulting process id: 0xda0
Faulting application start time: 0x01d337fdcaec80f2
Faulting application path: C:\Windows\system32\PhotoScreensaver.scr
Faulting module path: C:\Windows\system32\SHELL32.dll
Report Id: b178c422-a3f1-11e7-8e67-0050569f7ca0"
Error,9/28/2017 9:07,EventCreate,1,None,Application,djkvdihost577.jakarta01.com,JAKARTA01\Sunaryo  
Error,9/28/2017 9:06,EventCreate,1,None,Application,djkvdihost209.jakarta01.com,JAKARTA01\guestisd27  
Error,9/28/2017 9:05,EventCreate,1,None,Application,djkvdihost629.jakarta01.com,JAKARTA01\Indra Bramantyono  
Error,9/28/2017 9:05,EventCreate,1,None,Application,djkvdihost505.jakarta01.com,JAKARTA01\dessy  
Error,9/28/2017 9:04,EventCreate,1,None,Application,djkvdihost514.jakarta01.com,JAKARTA01\indriani  
Error,9/28/2017 9:04,EventCreate,1,None,Application,djkvdihost070.jakarta01.com,JAKARTA01\hafiah  
Error,9/28/2017 9:04,EventCreate,1,None,Application,djkvdihost357.jakarta01.com,JAKARTA01\Adhi Nur  
Error,9/28/2017 9:03,EventCreate,1,None,Application,djkvdihost274.jakarta01.com,JAKARTA01\rahman  
Error,9/28/2017 9:03,WSH,1,None,Application,djkvdihost070.jakarta01.com,"CN=Hafiah password will expire in 3 day(s) at 10/1/2017 9:33:01 AM

Press CTRL + ALT + DEL and select the ""Change a password"" option."
Error,9/28/2017 9:03,EventCreate,1,None,Application,djkvdihost543.jakarta01.com,JAKARTA01\meltsaury  
Error,9/28/2017 9:03,WSH,1,None,Application,djkvdihost070.jakarta01.com,"CN=Hafiah password will expire in 3 day(s) at 10/1/2017 9:33:01 AM

Press CTRL + ALT + DEL and select the ""Change a password"" option."
Error,9/28/2017 9:02,EventCreate,1,None,Application,djkvdihost157.jakarta01.com,JAKARTA01\Ricky  
Error,9/28/2017 9:02,EventCreate,1,None,Application,djkvdihost157.jakarta01.com,JAKARTA01\Ricky  
Error,9/28/2017 9:02,WSH,1,None,Application,djkvdihost157.jakarta01.com,"CN=Ricky Suwandi password will expire in 3 day(s) at 10/1/2017 9:00:03 AM

Press CTRL + ALT + DEL and select the ""Change a password"" option."
Error,9/28/2017 9:01,EventCreate,1,None,Application,djkvdihost628.jakarta01.com,JAKARTA01\Yulistial  
Error,9/28/2017 9:02,EventCreate,1,None,Application,djkvdihost139.jakarta01.com,JAKARTA01\bahar  
Error,9/28/2017 9:02,EventCreate,1,None,Application,djkvdihost719.jakarta01.com,JAKARTA01\erwin  
Error,9/28/2017 9:02,WSH,1,None,Application,djkvdihost157.jakarta01.com,"CN=Ricky Suwandi password will expire in 3 day(s) at 10/1/2017 9:00:03 AM

Press CTRL + ALT + DEL and select the ""Change a password"" option."
Error,9/28/2017 9:01,EventCreate,1,None,Application,djkvdihost126.jakarta01.com,JAKARTA01\guestisd55  
Error,9/28/2017 9:01,EventCreate,1,None,Application,djkvdihost688.jakarta01.com,JAKARTA01\Andradita  
Error,9/28/2017 9:01,EventCreate,1,None,Application,djkvdihost852.jakarta01.com,JAKARTA01\bayu  
Error,9/28/2017 9:01,Application Error,1000,-100,Application,djkvdihost852.jakarta01.com,"Faulting application name: OUTLOOK.EXE, version: 15.0.4919.1001, time stamp: 0x58d20482
Faulting module name: OUTLOOK.EXE, version: 15.0.4919.1001, time stamp: 0x58d20482
Exception code: 0xc0000005
Fault offset: 0x008924c4
Faulting process id: 0x1034
Faulting application start time: 0x01d337f4d9dbd04f
Faulting application path: C:\Program Files\Microsoft Office\Office15\OUTLOOK.EXE
Faulting module path: C:\Program Files\Microsoft Office\Office15\OUTLOOK.EXE
Report Id: df6f22d4-a3f0-11e7-b899-0050569f58ff"
Error,9/28/2017 9:01,Application Error,1000,-100,Application,djkvdihost688.jakarta01.com,"Faulting application name: spoolsv.exe, version: 6.1.7601.17777, time stamp: 0x4f35efc3
Faulting module name: msvcrt.dll, version: 7.0.7601.17744, time stamp: 0x4eeaf722
Exception code: 0xc0000005
Fault offset: 0x0000aa14
Faulting process id: 0x638
Faulting application start time: 0x01d33775e1e39ddf
Faulting application path: C:\Windows\System32\spoolsv.exe
Faulting module path: C:\Windows\system32\msvcrt.dll
Report Id: f1039ee9-a3f0-11e7-859f-0050569f70f3"
Error,9/28/2017 9:01,EventCreate,1,None,Application,djkvdihost392.jakarta01.com,JAKARTA01\Widi Anggraeni  
Error,9/28/2017 9:00,EventCreate,1,None,Application,djkvdihost628.jakarta01.com,JAKARTA01\Yulistial  
Error,9/28/2017 9:00,EventCreate,1,None,Application,djkvdihost708.jakarta01.com,JAKARTA01\wang  
Error,9/28/2017 9:00,EventCreate,1,None,Application,djkvdihost628.jakarta01.com,JAKARTA01\Yulistial  
Error,9/28/2017 9:00,EventCreate,1,None,Application,djkvdihost628.jakarta01.com,JAKARTA01\Yulistial  
Error,9/28/2017 9:00,EventCreate,1,None,Application,djkvdihost266.jakarta01.com,JAKARTA01\guestisd29  
Error,9/28/2017 8:58,EventCreate,1,None,Application,djkvdihost732.jakarta01.com,JAKARTA01\enrikko  
Error,9/28/2017 8:58,EventCreate,1,None,Application,djkvdihost103.jakarta01.com,JAKARTA01\GuestISD48  
Error,9/28/2017 8:58,EventCreate,1,None,Application,djkvdihost782.jakarta01.com,JAKARTA01\Darmawan  
Error,9/28/2017 8:57,EventCreate,1,None,Application,djkvdihost325.jakarta01.com,JAKARTA01\GuestISD42  
Error,9/28/2017 8:57,EventCreate,1,None,Application,djkvdihost069.jakarta01.com,JAKARTA01\anissa  
Error,9/28/2017 8:56,EventCreate,1,None,Application,djkvdihost474.jakarta01.com,JAKARTA01\arinie  
Error,9/28/2017 8:56,Application Error,1000,-100,Application,djkvdihost474.jakarta01.com,"Faulting application name: OUTLOOK.EXE, version: 15.0.4919.1001, time stamp: 0x58d20482
Faulting module name: OUTLOOK.EXE, version: 15.0.4919.1001, time stamp: 0x58d20482
Exception code: 0xc0000005
Fault offset: 0x008924c7
Faulting process id: 0x1d1c
Faulting application start time: 0x01d337f3f596e0ea
Faulting application path: C:\Program Files\Microsoft Office\Office15\OUTLOOK.EXE
Faulting module path: C:\Program Files\Microsoft Office\Office15\OUTLOOK.EXE
Report Id: 4c81ef72-a3f0-11e7-b27f-0050569f1450"
Error,9/28/2017 8:57,EventCreate,1,None,Application,djkvdihost475.jakarta01.com,JAKARTA01\wirantika  
Error,9/28/2017 8:55,EventCreate,1,None,Application,djkvdihost565.jakarta01.com,JAKARTA01\valery  
Error,9/28/2017 8:55,EventCreate,1,None,Application,djkvdihost221.jakarta01.com,JAKARTA01\Juliet  
Error,9/28/2017 8:55,EventCreate,1,None,Application,djkvdihost660.jakarta01.com,JAKARTA01\sanggra  
Error,9/28/2017 8:54,EventCreate,1,None,Application,djkvdihost073.jakarta01.com,JAKARTA01\slamet  
Error,9/28/2017 8:54,EventCreate,1,None,Application,djkvdihost170.jakarta01.com,JAKARTA01\ilham  
Error,9/28/2017 8:53,EventCreate,1,None,Application,djkvdihost172.jakarta01.com,JAKARTA01\taty  
Error,9/28/2017 8:53,Application Error,1000,-100,Application,djkvdihost172.jakarta01.com,"Faulting application name: iexplore.exe, version: 11.0.9600.18639, time stamp: 0x58d6bb0d
Faulting module name: MSHTML.dll, version: 11.0.9600.18639, time stamp: 0x58d6c720
Exception code: 0xc0000005
Fault offset: 0x000ac604
Faulting process id: 0x1874
Faulting application start time: 0x01d337fbb741e8e4
Faulting application path: C:\Program Files\Internet Explorer\iexplore.exe
Faulting module path: C:\Windows\system32\MSHTML.dll
Report Id: e3004f3c-a3ef-11e7-8144-0050569f06f3"
Error,9/28/2017 8:54,EventCreate,1,None,Application,djkvdihost699.jakarta01.com,JAKARTA01\Bryant  
Error,9/28/2017 8:54,EventCreate,1,None,Application,djkvdihost377.jakarta01.com,JAKARTA01\boby  
Error,9/28/2017 8:54,EventCreate,1,None,Application,djkvdihost668.jakarta01.com,JAKARTA01\haryadi  
Error,9/28/2017 8:54,EventCreate,1,None,Application,djkvdihost416.jakarta01.com,JAKARTA01\kiky  
Error,9/28/2017 8:53,EventCreate,1,None,Application,djkvdihost777.jakarta01.com,JAKARTA01\anindita  
Error,9/28/2017 8:53,EventCreate,1,None,Application,djkvdihost394.jakarta01.com,JAKARTA01\richard  
Error,9/28/2017 8:52,EventCreate,1,None,Application,djkvdihost779.jakarta01.com,JAKARTA01\jati  
Error,9/28/2017 8:52,EventCreate,1,None,Application,djkvdihost559.jakarta01.com,JAKARTA01\guestisd25  
Error,9/28/2017 8:52,EventCreate,1,None,Application,djkvdihost390.jakarta01.com,JAKARTA01\zahra  
Error,9/28/2017 8:52,EventCreate,1,None,Application,djkvdihost429.jakarta01.com,JAKARTA01\yoedo  
Error,9/28/2017 8:51,EventCreate,1,None,Application,djkvdihost779.jakarta01.com,JAKARTA01\jati  
Error,9/28/2017 8:51,EventCreate,1,None,Application,djkvdihost165.jakarta01.com,JAKARTA01\Lordy  
Error,9/28/2017 8:51,EventCreate,1,None,Application,djkvdihost203.jakarta01.com,JAKARTA01\dwihan  
Error,9/28/2017 8:51,EventCreate,1,None,Application,djkvdihost300.jakarta01.com,JAKARTA01\rininta  
Error,9/28/2017 8:50,WSH,1,None,Application,djkvdihost165.jakarta01.com,"CN=Lordy Perdana Purba password will expire in 3 day(s) at 10/1/2017 1:47:43 PM

Press CTRL + ALT + DEL and select the ""Change a password"" option."
Error,9/28/2017 8:50,WSH,1,None,Application,djkvdihost165.jakarta01.com,"CN=Lordy Perdana Purba password will expire in 3 day(s) at 10/1/2017 1:47:43 PM

Press CTRL + ALT + DEL and select the ""Change a password"" option."
Error,9/28/2017 8:50,EventCreate,1,None,Application,djkvdihost635.jakarta01.com,JAKARTA01\GUESTISD22  
Error,9/28/2017 8:50,EventCreate,1,None,Application,djkvdihost269.jakarta01.com,JAKARTA01\Erlisa  
Error,9/28/2017 8:50,EventCreate,1,None,Application,djkvdihost206.jakarta01.com,JAKARTA01\nurfadila  
Error,9/28/2017 8:48,EventCreate,1,None,Application,djkvdihost440.jakarta01.com,JAKARTA01\maulina  
Error,9/28/2017 8:48,EventCreate,1,None,Application,djkvdihost083.jakarta01.com,JAKARTA01\eka  
Error,9/28/2017 8:48,EventCreate,1,None,Application,djkvdihost492.jakarta01.com,JAKARTA01\Arlyne  
Error,9/28/2017 8:48,EventCreate,1,None,Application,djkvdihost761.jakarta01.com,JAKARTA01\mochammad  
Error,9/28/2017 8:48,EventCreate,1,None,Application,djkvdihost006.jakarta01.com,JAKARTA01\GUESTISD34  
Error,9/28/2017 8:48,EventCreate,1,None,Application,djkvdihost562.jakarta01.com,JAKARTA01\belly  
Error,9/28/2017 8:48,EventCreate,1,None,Application,djkvdihost705.jakarta01.com,JAKARTA01\ratmitasari  
Error,9/28/2017 8:48,EventCreate,1,None,Application,djkvdihost695.jakarta01.com,JAKARTA01\rudini  
Error,9/28/2017 8:47,EventCreate,1,None,Application,djkvdihost178.jakarta01.com,JAKARTA01\diah dwi  
Error,9/28/2017 8:47,EventCreate,1,None,Application,djkvdihost178.jakarta01.com,JAKARTA01\diah dwi  
Error,9/28/2017 8:47,EventCreate,1,None,Application,djkvdihost178.jakarta01.com,JAKARTA01\diah dwi  
Error,9/28/2017 8:47,EventCreate,1,None,Application,djkvdihost178.jakarta01.com,JAKARTA01\diah dwi  
Error,9/28/2017 8:47,EventCreate,1,None,Application,djkvdihost459.jakarta01.com,JAKARTA01\guestisd20  
Error,9/28/2017 8:47,EventCreate,1,None,Application,djkvdihost172.jakarta01.com,JAKARTA01\taty  
Error,9/28/2017 8:47,EventCreate,1,None,Application,djkvdihost210.jakarta01.com,JAKARTA01\nugrah  
Error,9/28/2017 8:47,EventCreate,1,None,Application,djkvdihost144.jakarta01.com,JAKARTA01\dyah  
Error,9/28/2017 8:46,EventCreate,1,None,Application,djkvdihost661.jakarta01.com,JAKARTA01\krisna  
Error,9/28/2017 8:46,Application Error,1000,-100,Application,djkvdihost661.jakarta01.com,"Faulting application name: lync.exe, version: 15.0.4919.1000, time stamp: 0x58c7ab1e
Faulting module name: Uc.dll, version: 15.0.4919.1000, time stamp: 0x58c7b032
Exception code: 0xc0000005
Fault offset: 0x00559bd1
Faulting process id: 0x10f4
Faulting application start time: 0x01d337f33a781879
Faulting application path: C:\Program Files\Microsoft Office\Office15\lync.exe
Faulting module path: C:\Program Files\Microsoft Office\Office15\Uc.dll
Report Id: daa70bf9-a3ee-11e7-b48b-0050569f3afa"
Error,9/28/2017 8:46,EventCreate,1,None,Application,djkvdihost220.jakarta01.com,JAKARTA01\Festy  
Error,9/28/2017 8:46,WSH,1,None,Application,djkvdihost178.jakarta01.com,"CN=Diah Dwi Ayulestari password will expire in 3 day(s) at 10/1/2017 5:19:33 PM

Press CTRL + ALT + DEL and select the ""Change a password"" option."
Error,9/28/2017 8:46,WSH,1,None,Application,djkvdihost178.jakarta01.com,"CN=Diah Dwi Ayulestari password will expire in 3 day(s) at 10/1/2017 5:19:33 PM

Press CTRL + ALT + DEL and select the ""Change a password"" option."
Error,9/28/2017 8:45,EventCreate,1,None,Application,djkvdihost554.jakarta01.com,JAKARTA01\Winda  
Error,9/28/2017 8:44,EventCreate,1,None,Application,djkvdihost772.jakarta01.com,JAKARTA01\aynie  
Error,9/28/2017 8:45,EventCreate,1,None,Application,djkvdihost641.jakarta01.com,JAKARTA01\andika  
Error,9/28/2017 8:45,EventCreate,1,None,Application,djkvdihost799.jakarta01.com,JAKARTA01\mohammad  
Error,9/28/2017 8:45,EventCreate,1,None,Application,djkvdihost098.jakarta01.com,JAKARTA01\supris  
Error,9/28/2017 8:44,Application Error,1000,-100,Application,djkvdihost772.jakarta01.com,"Faulting application name: spoolsv.exe, version: 6.1.7601.17777, time stamp: 0x4f35efc3
Faulting module name: msvcrt.dll, version: 7.0.7601.17744, time stamp: 0x4eeaf722
Exception code: 0xc0000005
Fault offset: 0x0000aa14
Faulting process id: 0x634
Faulting application start time: 0x01d33782a4b5b5c7
Faulting application path: C:\Windows\System32\spoolsv.exe
Faulting module path: C:\Windows\system32\msvcrt.dll
Report Id: 97e064b7-a3ee-11e7-98ad-0050569f0d80"
Error,9/28/2017 8:44,EventCreate,1,None,Application,djkvdihost413.jakarta01.com,JAKARTA01\edwan  
Error,9/28/2017 8:44,EventCreate,1,None,Application,djkvdihost347.jakarta01.com,JAKARTA01\naldi  
Error,9/28/2017 8:44,EventCreate,1,None,Application,djkvdihost817.jakarta01.com,JAKARTA01\dadang  
Error,9/28/2017 8:44,EventCreate,1,None,Application,djkvdihost772.jakarta01.com,JAKARTA01\aynie  
Error,9/28/2017 8:44,EventCreate,1,None,Application,djkvdihost645.jakarta01.com,JAKARTA01\Nurhayati  
Error,9/28/2017 8:44,EventCreate,1,None,Application,djkvdihost619.jakarta01.com,JAKARTA01\rasyid  
Error,9/28/2017 8:43,EventCreate,1,None,Application,djkvdihost042.jakarta01.com,JAKARTA01\AdindaGita  
Error,9/28/2017 8:43,EventCreate,1,None,Application,djkvdihost723.jakarta01.com,JAKARTA01\diena  
Error,9/28/2017 8:43,WSH,1,None,Application,djkvdihost042.jakarta01.com,"CN=Adinda Gita Priyantika password will expire in 3 day(s) at 10/1/2017 8:17:37 AM

Press CTRL + ALT + DEL and select the ""Change a password"" option."
Error,9/28/2017 8:43,EventCreate,1,None,Application,djkvdihost828.jakarta01.com,JAKARTA01\Ronald Hertanto  
Error,9/28/2017 8:43,EventCreate,1,None,Application,djkvdihost791.jakarta01.com,JAKARTA01\yoga  
Error,9/28/2017 8:43,EventCreate,1,None,Application,djkvdihost753.jakarta01.com,JAKARTA01\hana nurul  
Error,9/28/2017 8:43,WSH,1,None,Application,djkvdihost042.jakarta01.com,"CN=Adinda Gita Priyantika password will expire in 3 day(s) at 10/1/2017 8:17:37 AM

Press CTRL + ALT + DEL and select the ""Change a password"" option."
Error,9/28/2017 8:42,EventCreate,1,None,Application,djkvdihost445.jakarta01.com,JAKARTA01\payogi  
Error,9/28/2017 8:42,EventCreate,1,None,Application,djkvdihost769.jakarta01.com,JAKARTA01\Prihantono  
Error,9/28/2017 8:42,EventCreate,1,None,Application,djkvdihost125.jakarta01.com,JAKARTA01\AULIASA  
Error,9/28/2017 8:41,EventCreate,1,None,Application,djkvdihost701.jakarta01.com,JAKARTA01\guestisd37  
Error,9/28/2017 8:41,EventCreate,1,None,Application,djkvdihost579.jakarta01.com,JAKARTA01\rini  
Error,9/28/2017 8:40,EventCreate,1,None,Application,djkvdihost095.jakarta01.com,JAKARTA01\sysdovs01  
Error,9/28/2017 8:39,EventCreate,1,None,Application,djkvdihost634.jakarta01.com,JAKARTA01\sandi  
Error,9/28/2017 8:40,EventCreate,1,None,Application,djkvdihost286.jakarta01.com,JAKARTA01\Dwi anisa  
Error,9/28/2017 8:40,EventCreate,1,None,Application,djkvdihost711.jakarta01.com,JAKARTA01\ali pasya  
Error,9/28/2017 8:39,EventCreate,1,None,Application,djkvdihost814.jakarta01.com,JAKARTA01\ubaedi  
Error,9/28/2017 8:39,EventCreate,1,None,Application,djkvdihost497.jakarta01.com,JAKARTA01\hirano  
Error,9/28/2017 8:39,EventCreate,1,None,Application,djkvdihost340.jakarta01.com,JAKARTA01\guestISD44  
Error,9/28/2017 8:38,EventCreate,1,None,Application,djkvdihost634.jakarta01.com,JAKARTA01\sandi  
Error,9/28/2017 8:38,EventCreate,1,None,Application,djkvdihost388.jakarta01.com,JAKARTA01\alex  
Error,9/28/2017 8:38,EventCreate,1,None,Application,djkvdihost634.jakarta01.com,JAKARTA01\sandi  
Error,9/28/2017 8:38,EventCreate,1,None,Application,djkvdihost687.jakarta01.com,JAKARTA01\katrin  
Error,9/28/2017 8:37,EventCreate,1,None,Application,djkvdihost513.jakarta01.com,JAKARTA01\Rio  
Error,9/28/2017 8:37,EventCreate,1,None,Application,djkvdihost020.jakarta01.com,JAKARTA01\andre cahyono  
Error,9/28/2017 8:37,EventCreate,1,None,Application,djkvdihost145.jakarta01.com,JAKARTA01\Adi Saputra  
Error,9/28/2017 8:37,EventCreate,1,None,Application,djkvdihost236.jakarta01.com,JAKARTA01\primaningtyas  
Error,9/28/2017 8:36,EventCreate,1,None,Application,djkvdihost318.jakarta01.com,JAKARTA01\guestisd03  
Error,9/28/2017 8:36,EventCreate,1,None,Application,djkvdihost669.jakarta01.com,JAKARTA01\Novianawati  
Error,9/28/2017 8:36,EventCreate,1,None,Application,djkvdihost534.jakarta01.com,JAKARTA01\eunice  
Error,9/28/2017 8:35,EventCreate,1,None,Application,djkvdihost677.jakarta01.com,JAKARTA01\ferdiansyah  
Error,9/28/2017 8:35,EventCreate,1,None,Application,djkvdihost065.jakarta01.com,JAKARTA01\Guestisd31  
Error,9/28/2017 8:35,EventCreate,1,None,Application,djkvdihost677.jakarta01.com,JAKARTA01\ferdiansyah  
Error,9/28/2017 8:34,EventCreate,1,None,Application,djkvdihost634.jakarta01.com,JAKARTA01\ferdiansyah  
Error,9/28/2017 8:34,EventCreate,1,None,Application,djkvdihost630.jakarta01.com,JAKARTA01\MuhammadI  
Error,9/28/2017 8:34,EventCreate,1,None,Application,djkvdihost820.jakarta01.com,JAKARTA01\fauziah wildan  
Error,9/28/2017 8:34,EventCreate,1,None,Application,djkvdihost426.jakarta01.com,JAKARTA01\erik  
Error,9/28/2017 8:33,EventCreate,1,None,Application,djkvdihost794.jakarta01.com,JAKARTA01\ghozia  
Error,9/28/2017 8:33,EventCreate,1,None,Application,djkvdihost234.jakarta01.com,JAKARTA01\Hilman  
Error,9/28/2017 8:33,EventCreate,1,None,Application,djkvdihost501.jakarta01.com,JAKARTA01\ridjal  
Error,9/28/2017 8:33,EventCreate,1,None,Application,djkvdihost450.jakarta01.com,JAKARTA01\natalie  
Error,9/28/2017 8:33,EventCreate,1,None,Application,djkvdihost162.jakarta01.com,JAKARTA01\Rumata  
Error,9/28/2017 8:32,EventCreate,1,None,Application,djkvdihost060.jakarta01.com,JAKARTA01\nadea  
Error,9/28/2017 8:32,EventCreate,1,None,Application,djkvdihost138.jakarta01.com,JAKARTA01\nadya  
Error,9/28/2017 8:31,EventCreate,1,None,Application,djkvdihost790.jakarta01.com,JAKARTA01\sutedja  
Error,9/28/2017 8:31,WSH,1,None,Application,djkvdihost060.jakarta01.com,"CN=Nadea Endar Kesuma password will expire in 3 day(s) at 10/1/2017 8:20:18 AM

Press CTRL + ALT + DEL and select the ""Change a password"" option."
Error,9/28/2017 8:31,EventCreate,1,None,Application,djkvdihost186.jakarta01.com,JAKARTA01\livia  
Error,9/28/2017 8:31,EventCreate,1,None,Application,djkvdihost108.jakarta01.com,JAKARTA01\satria graha  
Error,9/28/2017 8:31,EventCreate,1,None,Application,djkvdihost720.jakarta01.com,JAKARTA01\Hadi  
Error,9/28/2017 8:31,WSH,1,None,Application,djkvdihost060.jakarta01.com,"CN=Nadea Endar Kesuma password will expire in 3 day(s) at 10/1/2017 8:20:18 AM

Press CTRL + ALT + DEL and select the ""Change a password"" option."
Error,9/28/2017 8:31,EventCreate,1,None,Application,djkvdihost443.jakarta01.com,JAKARTA01\GuestISD45  
Error,9/28/2017 8:30,EventCreate,1,None,Application,djkvdihost108.jakarta01.com,JAKARTA01\satria graha  
Error,9/28/2017 8:30,EventCreate,1,None,Application,djkvdihost351.jakarta01.com,JAKARTA01\Listya  
Error,9/28/2017 8:30,Application Error,1000,-100,Application,djkvdihost351.jakarta01.com,"Faulting application name: EXCEL.EXE, version: 15.0.4919.1000, time stamp: 0x58c7ab0f
Faulting module name: unknown, version: 0.0.0.0, time stamp: 0x00000000
Exception code: 0xc0000005
Fault offset: 0x00720072
Faulting process id: 0x146c
Faulting application start time: 0x01d337f950386700
Faulting application path: C:\Program Files\Microsoft Office\Office15\EXCEL.EXE
Faulting module path: unknown
Report Id: 90d9e720-a3ec-11e7-9622-0050569f2407"
Error,9/28/2017 8:29,EventCreate,1,None,Application,djkvdihost739.jakarta01.com,JAKARTA01\dananwst  
Error,9/28/2017 8:29,EventCreate,1,None,Application,djkvdihost075.jakarta01.com,JAKARTA01\rahmatia  
Error,9/28/2017 8:29,EventCreate,1,None,Application,djkvdihost472.jakarta01.com,JAKARTA01\christianrs  
Error,9/28/2017 8:29,EventCreate,1,None,Application,djkvdihost448.jakarta01.com,JAKARTA01\cecilia  
Error,9/28/2017 8:29,EventCreate,1,None,Application,djkvdihost344.jakarta01.com,JAKARTA01\sitti  
Error,9/28/2017 8:28,EventCreate,1,None,Application,djkvdihost180.jakarta01.com,JAKARTA01\fediana  
Error,9/28/2017 8:28,EventCreate,1,None,Application,djkvdihost628.jakarta01.com,JAKARTA01\GuestISD45  
Error,9/28/2017 8:28,EventCreate,1,None,Application,djkvdihost227.jakarta01.com,JAKARTA01\MuhammadH  
Error,9/28/2017 8:28,EventCreate,1,None,Application,djkvdihost473.jakarta01.com,JAKARTA01\rahma  
Error,9/28/2017 8:27,EventCreate,1,None,Application,djkvdihost473.jakarta01.com,JAKARTA01\rahma  
Error,9/28/2017 8:27,EventCreate,1,None,Application,djkvdihost472.jakarta01.com,JAKARTA01\christianrs  
Error,9/28/2017 8:27,EventCreate,1,None,Application,djkvdihost824.jakarta01.com,JAKARTA01\fathur  
Error,9/28/2017 8:27,EventCreate,1,None,Application,djkvdihost166.jakarta01.com,JAKARTA01\aryani  
Error,9/28/2017 8:26,EventCreate,1,None,Application,djkvdihost303.jakarta01.com,JAKARTA01\Kartina  
Error,9/28/2017 8:26,EventCreate,1,None,Application,djkvdihost303.jakarta01.com,JAKARTA01\Kartina  
Error,9/28/2017 8:27,EventCreate,1,None,Application,djkvdihost728.jakarta01.com,JAKARTA01\daniel pontifek  
Error,9/28/2017 8:27,EventCreate,1,None,Application,djkvdihost010.jakarta01.com,JAKARTA01\teddyks  
Error,9/28/2017 8:27,EventCreate,1,None,Application,djkvdihost540.jakarta01.com,JAKARTA01\guestisd36  
Error,9/28/2017 8:26,EventCreate,1,None,Application,djkvdihost471.jakarta01.com,JAKARTA01\DedyW  
Error,9/28/2017 8:26,EventCreate,1,None,Application,djkvdihost728.jakarta01.com,JAKARTA01\daniel pontifek  
Error,9/28/2017 8:26,EventCreate,1,None,Application,djkvdihost368.jakarta01.com,JAKARTA01\amelinda  
Error,9/28/2017 8:26,EventCreate,1,None,Application,djkvdihost525.jakarta01.com,JAKARTA01\syifa  
Error,9/28/2017 8:26,EventCreate,1,None,Application,djkvdihost397.jakarta01.com,JAKARTA01\kunthi  
Error,9/28/2017 8:26,EventCreate,1,None,Application,djkvdihost072.jakarta01.com,JAKARTA01\Priellya  
Error,9/28/2017 8:26,EventCreate,1,None,Application,djkvdihost112.jakarta01.com,JAKARTA01\giandripn  
Error,9/28/2017 8:25,EventCreate,1,None,Application,djkvdihost213.jakarta01.com,JAKARTA01\Rahmad  
Error,9/28/2017 8:26,EventCreate,1,None,Application,djkvdihost072.jakarta01.com,JAKARTA01\Priellya  
Error,9/28/2017 8:25,EventCreate,1,None,Application,djkvdihost498.jakarta01.com,JAKARTA01\andriana  
Error,9/28/2017 8:25,WSH,1,None,Application,djkvdihost525.jakarta01.com,"CN=Syifa Silvia password will expire in 3 day(s) at 10/1/2017 8:17:07 AM

Press CTRL + ALT + DEL and select the ""Change a password"" option."
Error,9/28/2017 8:25,WSH,1,None,Application,djkvdihost525.jakarta01.com,"CN=Syifa Silvia password will expire in 3 day(s) at 10/1/2017 8:17:07 AM

Press CTRL + ALT + DEL and select the ""Change a password"" option."
Error,9/28/2017 8:25,EventCreate,1,None,Application,djkvdihost338.jakarta01.com,JAKARTA01\sari  
Error,9/28/2017 8:25,EventCreate,1,None,Application,djkvdihost737.jakarta01.com,JAKARTA01\tara  
Error,9/28/2017 8:25,EventCreate,1,None,Application,djkvdihost698.jakarta01.com,JAKARTA01\Leonardus  
Error,9/28/2017 8:25,EventCreate,1,None,Application,djkvdihost194.jakarta01.com,JAKARTA01\ALFIYAH  
Error,9/28/2017 8:24,EventCreate,1,None,Application,djkvdihost058.jakarta01.com,JAKARTA01\Ahmad Hidayat  
Error,9/28/2017 8:24,EventCreate,1,None,Application,djkvdihost539.jakarta01.com,JAKARTA01\irman  
Error,9/28/2017 8:24,EventCreate,1,None,Application,djkvdihost213.jakarta01.com,JAKARTA01\Rahmad  
Error,9/28/2017 8:24,EventCreate,1,None,Application,djkvdihost632.jakarta01.com,JAKARTA01\Christian2  
Error,9/28/2017 8:24,EventCreate,1,None,Application,djkvdihost016.jakarta01.com,JAKARTA01\hendra firdaus  
Error,9/28/2017 8:24,EventCreate,1,None,Application,djkvdihost153.jakarta01.com,JAKARTA01\Elvira  
Error,9/28/2017 8:24,EventCreate,1,None,Application,djkvdihost295.jakarta01.com,JAKARTA01\william  
Error,9/28/2017 8:24,Application Error,1000,-100,Application,djkvdihost016.jakarta01.com,"Faulting application name: spoolsv.exe, version: 6.1.7601.17777, time stamp: 0x4f35efc3
Faulting module name: msvcrt.dll, version: 7.0.7601.17744, time stamp: 0x4eeaf722
Exception code: 0xc0000005
Fault offset: 0x0000aa14
Faulting process id: 0x63c
Faulting application start time: 0x01d3378789ea6391
Faulting application path: C:\Windows\System32\spoolsv.exe
Faulting module path: C:\Windows\system32\msvcrt.dll
Report Id: bde882ca-a3eb-11e7-adf2-0050569f1c7b"
Error,9/28/2017 8:23,EventCreate,1,None,Application,djkvdihost050.jakarta01.com,JAKARTA01\wiranti  
Error,9/28/2017 8:23,EventCreate,1,None,Application,djkvdihost367.jakarta01.com,JAKARTA01\quartiny  
Error,9/28/2017 8:23,EventCreate,1,None,Application,djkvdihost096.jakarta01.com,JAKARTA01\Ariestyo  
Error,9/28/2017 8:22,EventCreate,1,None,Application,djkvdihost803.jakarta01.com,JAKARTA01\adriani  
Error,9/28/2017 8:22,EventCreate,1,None,Application,djkvdihost803.jakarta01.com,JAKARTA01\adriani  
Error,9/28/2017 8:23,EventCreate,1,None,Application,djkvdihost335.jakarta01.com,JAKARTA01\dwi budi  
Error,9/28/2017 8:22,EventCreate,1,None,Application,djkvdihost295.jakarta01.com,JAKARTA01\william  
Error,9/28/2017 8:22,EventCreate,1,None,Application,djkvdihost153.jakarta01.com,JAKARTA01\Elvira  
Error,9/28/2017 8:22,EventCreate,1,None,Application,djkvdihost803.jakarta01.com,JAKARTA01\adriani  
Error,9/28/2017 8:22,EventCreate,1,None,Application,djkvdihost178.jakarta01.com,JAKARTA01\irman  
Error,9/28/2017 8:22,EventCreate,1,None,Application,djkvdihost159.jakarta01.com,JAKARTA01\teddy  
Error,9/28/2017 8:21,EventCreate,1,None,Application,djkvdihost050.jakarta01.com,JAKARTA01\wiranti  
Error,9/28/2017 8:21,WSH,1,None,Application,djkvdihost050.jakarta01.com,"CN=Wiranti Surya Hutami password will expire in 4 day(s) at 10/2/2017 9:04:13 AM

Press CTRL + ALT + DEL and select the ""Change a password"" option."
Error,9/28/2017 8:21,EventCreate,1,None,Application,djkvdihost806.jakarta01.com,JAKARTA01\widiasmara  
Error,9/28/2017 8:21,EventCreate,1,None,Application,djkvdihost690.jakarta01.com,JAKARTA01\chinthiars  
Error,9/28/2017 8:21,EventCreate,1,None,Application,djkvdihost586.jakarta01.com,JAKARTA01\augtiaji  
Error,9/28/2017 8:21,WSH,1,None,Application,djkvdihost050.jakarta01.com,"CN=Wiranti Surya Hutami password will expire in 4 day(s) at 10/2/2017 9:04:13 AM

Press CTRL + ALT + DEL and select the ""Change a password"" option."
Error,9/28/2017 8:21,EventCreate,1,None,Application,djkvdihost294.jakarta01.com,JAKARTA01\Dini  
Error,9/28/2017 8:21,EventCreate,1,None,Application,djkvdihost749.jakarta01.com,JAKARTA01\Jauw  
Error,9/28/2017 8:21,EventCreate,1,None,Application,djkvdihost541.jakarta01.com,JAKARTA01\dwi septiyanti  
Error,9/28/2017 8:20,EventCreate,1,None,Application,djkvdihost833.jakarta01.com,JAKARTA01\widya utami  
Error,9/28/2017 8:20,EventCreate,1,None,Application,djkvdihost793.jakarta01.com,JAKARTA01\adiyanti  
Error,9/28/2017 8:20,EventCreate,1,None,Application,djkvdihost204.jakarta01.com,JAKARTA01\andi almira  
Error,9/28/2017 8:20,EventCreate,1,None,Application,djkvdihost717.jakarta01.com,JAKARTA01\Nirmala  
Error,9/28/2017 8:20,EventCreate,1,None,Application,djkvdihost275.jakarta01.com,JAKARTA01\mayang  
Error,9/28/2017 8:20,EventCreate,1,None,Application,djkvdihost355.jakarta01.com,JAKARTA01\nunu  
Error,9/28/2017 8:19,EventCreate,1,None,Application,djkvdihost189.jakarta01.com,JAKARTA01\edwin  
Error,9/28/2017 8:19,WSH,1,None,Application,djkvdihost189.jakarta01.com,"CN=Edwin Arius password will expire in 3 day(s) at 10/1/2017 8:30:24 AM

Press CTRL + ALT + DEL and select the ""Change a password"" option."
Error,9/28/2017 8:19,EventCreate,1,None,Application,djkvdihost229.jakarta01.com,JAKARTA01\Novita Rahayu  
Error,9/28/2017 8:19,EventCreate,1,None,Application,djkvdihost793.jakarta01.com,JAKARTA01\adiyanti  
Error,9/28/2017 8:19,EventCreate,1,None,Application,djkvdihost430.jakarta01.com,JAKARTA01\Rosulla  
Error,9/28/2017 8:18,EventCreate,1,None,Application,djkvdihost644.jakarta01.com,JAKARTA01\aria  
Error,9/28/2017 8:19,WSH,1,None,Application,djkvdihost189.jakarta01.com,"CN=Edwin Arius password will expire in 3 day(s) at 10/1/2017 8:30:24 AM

Press CTRL + ALT + DEL and select the ""Change a password"" option."
Error,9/28/2017 8:18,EventCreate,1,None,Application,djkvdihost153.jakarta01.com,JAKARTA01\augtiaji  
Error,9/28/2017 8:18,Application Error,1000,-100,Application,djkvdihost153.jakarta01.com,"Faulting application name: OUTLOOK.EXE, version: 15.0.4919.1001, time stamp: 0x58d20482
Faulting module name: OUTLOOK.EXE, version: 15.0.4919.1001, time stamp: 0x58d20482
Exception code: 0xc0000005
Fault offset: 0x00ca77fa
Faulting process id: 0x1528
Faulting application start time: 0x01d337f7800c4fea
Faulting application path: C:\Program Files\Microsoft Office\Office15\OUTLOOK.EXE
Faulting module path: C:\Program Files\Microsoft Office\Office15\OUTLOOK.EXE
Report Id: f82bde0a-a3ea-11e7-83e9-0050569f17bf"
Error,9/28/2017 8:19,EventCreate,1,None,Application,djkvdihost204.jakarta01.com,JAKARTA01\andi almira  
Error,9/28/2017 8:19,EventCreate,1,None,Application,djkvdihost608.jakarta01.com,JAKARTA01\victor  
Error,9/28/2017 8:19,EventCreate,1,None,Application,djkvdihost353.jakarta01.com,JAKARTA01\hafsia  
Error,9/28/2017 8:18,EventCreate,1,None,Application,djkvdihost262.jakarta01.com,JAKARTA01\arum eka  
Error,9/28/2017 8:18,EventCreate,1,None,Application,djkvdihost553.jakarta01.com,JAKARTA01\nurul  
Error,9/28/2017 8:18,EventCreate,1,None,Application,djkvdihost321.jakarta01.com,JAKARTA01\Tri Ari  
Error,9/28/2017 8:18,WSH,1,None,Application,djkvdihost430.jakarta01.com,"CN=Rosulla Topan Berliana password will expire in 3 day(s) at 10/1/2017 8:34:48 AM

Press CTRL + ALT + DEL and select the ""Change a password"" option."
Error,9/28/2017 8:18,WSH,1,None,Application,djkvdihost430.jakarta01.com,"CN=Rosulla Topan Berliana password will expire in 3 day(s) at 10/1/2017 8:34:48 AM

Press CTRL + ALT + DEL and select the ""Change a password"" option."
Error,9/28/2017 8:18,EventCreate,1,None,Application,djkvdihost218.jakarta01.com,JAKARTA01\Rinaldo  
Error,9/28/2017 8:17,EventCreate,1,None,Application,djkvdihost164.jakarta01.com,JAKARTA01\elvina  
Error,9/28/2017 8:17,EventCreate,1,None,Application,djkvdihost057.jakarta01.com,JAKARTA01\Marthen  
Error,9/28/2017 8:17,EventCreate,1,None,Application,djkvdihost644.jakarta01.com,JAKARTA01\aria  
Error,9/28/2017 8:17,EventCreate,1,None,Application,djkvdihost313.jakarta01.com,JAKARTA01\eriku  
Error,9/28/2017 8:17,EventCreate,1,None,Application,djkvdihost289.jakarta01.com,JAKARTA01\devita  
Error,9/28/2017 8:17,EventCreate,1,None,Application,djkvdihost064.jakarta01.com,JAKARTA01\GuestISD46  
Error,9/28/2017 8:17,EventCreate,1,None,Application,djkvdihost815.jakarta01.com,JAKARTA01\mpinto  
Error,9/28/2017 8:17,EventCreate,1,None,Application,djkvdihost332.jakarta01.com,JAKARTA01\Thalia  
Error,9/28/2017 8:17,EventCreate,1,None,Application,djkvdihost304.jakarta01.com,JAKARTA01\Anton 2  
Error,9/28/2017 8:17,EventCreate,1,None,Application,djkvdihost278.jakarta01.com,JAKARTA01\KristoforusAW  
Error,9/28/2017 8:17,EventCreate,1,None,Application,djkvdihost196.jakarta01.com,JAKARTA01\GuestISD43  
Error,9/28/2017 8:17,EventCreate,1,None,Application,djkvdihost321.jakarta01.com,JAKARTA01\Tri Ari  
