Error,9/29/2017 13:09,Application Error,1000,-100,Application,djkvdihost544.jakarta01.com,"Faulting application name: spoolsv.exe, version: 6.1.7601.17777, time stamp: 0x4f35efc3
Faulting module name: msvcrt.dll, version: 7.0.7601.17744, time stamp: 0x4eeaf722
Exception code: 0xc0000005
Fault offset: 0x0000aa14
Faulting process id: 0x630
Faulting application start time: 0x01d3384caee3f201
Faulting application path: C:\Windows\System32\spoolsv.exe
Faulting module path: C:\Windows\system32\msvcrt.dll
Report Id: b9d9256c-a4dc-11e7-b61d-0050569f2dcb"
Error,9/29/2017 13:08,EventCreate,1,None,Application,djkvdihost105.jakarta01.com,JAKARTA01\karen  
Error,9/29/2017 13:08,Application Error,1000,-100,Application,djkvdihost105.jakarta01.com,"Faulting application name: WINWORD.EXE, version: 15.0.4911.1000, time stamp: 0x58a2c075
Faulting module name: wwlib.dll, version: 15.0.4911.1000, time stamp: 0x58a2c073
Exception code: 0xc0000005
Fault offset: 0x006f1046
Faulting process id: 0x1c58
Faulting application start time: 0x01d338e9404faec4
Faulting application path: C:\Program Files\Microsoft Office\Office15\WINWORD.EXE
Faulting module path: C:\Program Files\Microsoft Office\Office15\wwlib.dll
Report Id: 8ce201c4-a4dc-11e7-af94-0050569f41a3"
Error,9/29/2017 13:07,EventCreate,1,None,Application,djkvdihost323.jakarta01.com,JAKARTA01\guestisd36  
Error,9/29/2017 13:06,EventCreate,1,None,Application,djkvdihost006.jakarta01.com,JAKARTA01\BudiS  
Error,9/29/2017 12:54,EventCreate,1,None,Application,djkvdihost561.jakarta01.com,JAKARTA01\vina  
Error,9/29/2017 12:54,Application Error,1000,-100,Application,djkvdihost561.jakarta01.com,"Faulting application name: OUTLOOK.EXE, version: 15.0.4919.1001, time stamp: 0x58d20482
Faulting module name: OUTLOOK.EXE, version: 15.0.4919.1001, time stamp: 0x58d20482
Exception code: 0xc0000005
Fault offset: 0x008924c4
Faulting process id: 0x162c
Faulting application start time: 0x01d338bd0499de41
Faulting application path: C:\Program Files\Microsoft Office\Office15\OUTLOOK.EXE
Faulting module path: C:\Program Files\Microsoft Office\Office15\OUTLOOK.EXE
Report Id: a1baea91-a4da-11e7-823a-0050569f082e"
Error,9/29/2017 12:49,EventCreate,1,None,Application,djkvdihost279.jakarta01.com,JAKARTA01\ivan  
Error,9/29/2017 12:43,EventCreate,1,None,Application,djkvdihost814.jakarta01.com,JAKARTA01\erikson  
Error,9/29/2017 12:43,Application Error,1000,-100,Application,djkvdihost814.jakarta01.com,"Faulting application name: PhotoScreensaver.scr, version: 6.1.7601.17514, time stamp: 0x4ce7a590
Faulting module name: SHELL32.dll, version: 6.1.7601.23537, time stamp: 0x57c450f4
Exception code: 0xc0000005
Fault offset: 0x001f269f
Faulting process id: 0x1ec8
Faulting application start time: 0x01d338e471860c80
Faulting application path: C:\Windows\system32\PhotoScreensaver.scr
Faulting module path: C:\Windows\system32\SHELL32.dll
Report Id: 1725b770-a4d9-11e7-b598-0050569f551f"
Error,9/29/2017 12:41,EventCreate,1,None,Application,djkvdihost174.jakarta01.com,JAKARTA01\gatots  
Error,9/29/2017 12:40,EventCreate,1,None,Application,djkvdihost174.jakarta01.com,JAKARTA01\gatots  
Error,9/29/2017 12:38,EventCreate,1,None,Application,djkvdihost335.jakarta01.com,JAKARTA01\Yunita  
Error,9/29/2017 12:38,Application Error,1000,-100,Application,djkvdihost335.jakarta01.com,"Faulting application name: PhotoScreensaver.scr, version: 6.1.7601.17514, time stamp: 0x4ce7a590
Faulting module name: SHELL32.dll, version: 6.1.7601.23537, time stamp: 0x57c450f4
Exception code: 0xc0000005
Fault offset: 0x001f269f
Faulting process id: 0x1128
Faulting application start time: 0x01d338e389efe456
Faulting application path: C:\Windows\system32\PhotoScreensaver.scr
Faulting module path: C:\Windows\system32\SHELL32.dll
Report Id: 6f617afc-a4d8-11e7-89d1-0050569f715d"
Error,9/29/2017 12:34,EventCreate,1,None,Application,djkvdihost354.jakarta01.com,JAKARTA01\bryan  
Error,9/29/2017 12:34,Application Error,1000,-100,Application,djkvdihost354.jakarta01.com,"Faulting application name: PhotoScreensaver.scr, version: 6.1.7601.17514, time stamp: 0x4ce7a590
Faulting module name: SHELL32.dll, version: 6.1.7601.23537, time stamp: 0x57c450f4
Exception code: 0xc0000005
Fault offset: 0x001f269f
Faulting process id: 0x261c
Faulting application start time: 0x01d338e19f09cadc
Faulting application path: C:\Windows\system32\PhotoScreensaver.scr
Faulting module path: C:\Windows\system32\SHELL32.dll
Report Id: e57de87b-a4d7-11e7-be42-0050569f7fc7"
Error,9/29/2017 12:31,EventCreate,1,None,Application,djkvdihost469.jakarta01.com,JAKARTA01\dwinanto  
Error,9/29/2017 12:31,Application Error,1000,-100,Application,djkvdihost469.jakarta01.com,"Faulting application name: PhotoScreensaver.scr, version: 6.1.7601.17514, time stamp: 0x4ce7a590
Faulting module name: SHELL32.dll, version: 6.1.7601.23537, time stamp: 0x57c450f4
Exception code: 0xc0000005
Fault offset: 0x001f269f
Faulting process id: 0x430
Faulting application start time: 0x01d338dc2a11ed00
Faulting application path: C:\Windows\system32\PhotoScreensaver.scr
Faulting module path: C:\Windows\system32\SHELL32.dll
Report Id: 6d4f09f7-a4d7-11e7-a5c2-0050569f144f"
Error,9/29/2017 12:27,EventCreate,1,None,Application,djkvdihost092.jakarta01.com,JAKARTA01\DEVI  
Error,9/29/2017 12:27,Application Error,1000,-100,Application,djkvdihost092.jakarta01.com,"Faulting application name: PhotoScreensaver.scr, version: 6.1.7601.17514, time stamp: 0x4ce7a590
Faulting module name: SHELL32.dll, version: 6.1.7601.23537, time stamp: 0x57c450f4
Exception code: 0xc0000005
Fault offset: 0x001f269f
Faulting process id: 0x12a0
Faulting application start time: 0x01d338de9d24ff3a
Faulting application path: C:\Windows\system32\PhotoScreensaver.scr
Faulting module path: C:\Windows\system32\SHELL32.dll
Report Id: e881a1dd-a4d6-11e7-bd92-0050569f40ab"
Error,9/29/2017 12:12,EventCreate,1,None,Application,djkvdihost062.jakarta01.com,JAKARTA01\michael  
Error,9/29/2017 12:12,Application Error,1000,-100,Application,djkvdihost062.jakarta01.com,"Faulting application name: PhotoScreensaver.scr, version: 6.1.7601.17514, time stamp: 0x4ce7a590
Faulting module name: SHELL32.dll, version: 6.1.7601.23537, time stamp: 0x57c450f4
Exception code: 0xc0000005
Fault offset: 0x001f269f
Faulting process id: 0x1e48
Faulting application start time: 0x01d338e07d76cdab
Faulting application path: C:\Windows\system32\PhotoScreensaver.scr
Faulting module path: C:\Windows\system32\SHELL32.dll
Report Id: d0d52062-a4d4-11e7-9cd1-0050569f5110"
Error,9/29/2017 12:12,EventCreate,1,None,Application,djkvdihost034.jakarta01.com,JAKARTA01\GUESTISD22  
Error,9/29/2017 12:12,Application Error,1000,-100,Application,djkvdihost034.jakarta01.com,"Faulting application name: PhotoScreensaver.scr, version: 6.1.7601.17514, time stamp: 0x4ce7a590
Faulting module name: SHELL32.dll, version: 6.1.7601.23537, time stamp: 0x57c450f4
Exception code: 0xc0000005
Fault offset: 0x001f269f
Faulting process id: 0x17c8
Faulting application start time: 0x01d338dc6d926245
Faulting application path: C:\Windows\system32\PhotoScreensaver.scr
Faulting module path: C:\Windows\system32\SHELL32.dll
Report Id: b9f53740-a4d4-11e7-9f27-0050569f0869"
Error,9/29/2017 12:08,EventCreate,1,None,Application,djkvdihost572.jakarta01.com,JAKARTA01\david  
Error,9/29/2017 12:03,EventCreate,1,None,Application,djkvdihost488.jakarta01.com,JAKARTA01\sulistyono  
Error,9/29/2017 12:03,Application Error,1000,-100,Application,djkvdihost488.jakarta01.com,"Faulting application name: PhotoScreensaver.scr, version: 6.1.7601.17514, time stamp: 0x4ce7a590
Faulting module name: SHELL32.dll, version: 6.1.7601.23537, time stamp: 0x57c450f4
Exception code: 0xc0000005
Fault offset: 0x001f269f
Faulting process id: 0x10d4
Faulting application start time: 0x01d338dc733bedf2
Faulting application path: C:\Windows\system32\PhotoScreensaver.scr
Faulting module path: C:\Windows\system32\SHELL32.dll
Report Id: 7f380677-a4d3-11e7-a571-0050569f1f6c"
Error,9/29/2017 12:02,EventCreate,1,None,Application,djkvdihost120.jakarta01.com,JAKARTA01\IRMALA  
Error,9/29/2017 12:02,Application Error,1000,-100,Application,djkvdihost120.jakarta01.com,"Faulting application name: spoolsv.exe, version: 6.1.7601.17777, time stamp: 0x4f35efc3
Faulting module name: msvcrt.dll, version: 7.0.7601.17744, time stamp: 0x4eeaf722
Exception code: 0xc0000005
Fault offset: 0x0000aa14
Faulting process id: 0x638
Faulting application start time: 0x01d33851631c18b4
Faulting application path: C:\Windows\System32\spoolsv.exe
Faulting module path: C:\Windows\system32\msvcrt.dll
Report Id: 659a866a-a4d3-11e7-9dd5-0050569f50b7"
Error,9/29/2017 11:50,EventCreate,1,None,Application,djkvdihost753.jakarta01.com,JAKARTA01\Luki Mahanani  
Error,9/29/2017 11:50,Application Error,1000,-100,Application,djkvdihost753.jakarta01.com,"Faulting application name: OUTLOOK.EXE, version: 15.0.4919.1001, time stamp: 0x58d20482
Faulting module name: OUTLOOK.EXE, version: 15.0.4919.1001, time stamp: 0x58d20482
Exception code: 0xc0000005
Fault offset: 0x008924c4
Faulting process id: 0x618
Faulting application start time: 0x01d338b992c7f727
Faulting application path: C:\Program Files\Microsoft Office\Office15\OUTLOOK.EXE
Faulting module path: C:\Program Files\Microsoft Office\Office15\OUTLOOK.EXE
Report Id: acb3a1a4-a4d1-11e7-9465-0050569f7cee"
Error,9/29/2017 11:46,EventCreate,1,None,Application,djkvdihost313.jakarta01.com,JAKARTA01\Lordy  
Error,9/29/2017 11:46,EventCreate,1,None,Application,djkvdihost313.jakarta01.com,JAKARTA01\Lordy  
Error,9/29/2017 11:46,EventCreate,1,None,Application,djkvdihost313.jakarta01.com,JAKARTA01\Lordy  
Error,9/29/2017 11:45,WSH,1,None,Application,djkvdihost313.jakarta01.com,"CN=Lordy Perdana Purba password will expire in 2 day(s) at 10/1/2017 1:47:43 PM

Press CTRL + ALT + DEL and select the ""Change a password"" option."
Error,9/29/2017 11:45,WSH,1,None,Application,djkvdihost313.jakarta01.com,"CN=Lordy Perdana Purba password will expire in 2 day(s) at 10/1/2017 1:47:43 PM

Press CTRL + ALT + DEL and select the ""Change a password"" option."
Error,9/29/2017 11:33,EventCreate,1,None,Application,djkvdihost038.jakarta01.com,JAKARTA01\alifah  
Error,9/29/2017 11:33,EventCreate,1,None,Application,djkvdihost038.jakarta01.com,JAKARTA01\alifah  
Error,9/29/2017 11:21,EventCreate,1,None,Application,djkvdihost229.jakarta01.com,JAKARTA01\Ariestyo  
Error,9/29/2017 11:21,Application Error,1000,-100,Application,djkvdihost229.jakarta01.com,"Faulting application name: EXCEL.EXE, version: 15.0.4919.1000, time stamp: 0x58c7ab0f
Faulting module name: mso.dll, version: 15.0.4919.1002, time stamp: 0x58de0799
Exception code: 0xc0000005
Fault offset: 0x00044af8
Faulting process id: 0x1ed4
Faulting application start time: 0x01d338be4775ce2d
Faulting application path: C:\Program Files\Microsoft Office\Office15\EXCEL.EXE
Faulting module path: C:\Program Files\Common Files\Microsoft Shared\Office15\mso.dll
Report Id: 9deca605-a4cd-11e7-a004-0050569f6ff7"
Error,9/29/2017 11:18,EventCreate,1,None,Application,djkvdihost782.jakarta01.com,JAKARTA01\marchelius  
Error,9/29/2017 11:18,EventCreate,1,None,Application,djkvdihost437.jakarta01.com,JAKARTA01\yusdian  
Error,9/29/2017 11:18,Application Error,1000,-100,Application,djkvdihost782.jakarta01.com,"Faulting application name: OUTLOOK.EXE, version: 15.0.4919.1001, time stamp: 0x58d20482
Faulting module name: OUTLOOK.EXE, version: 15.0.4919.1001, time stamp: 0x58d20482
Exception code: 0xc0000005
Fault offset: 0x008924c4
Faulting process id: 0x10ac
Faulting application start time: 0x01d338b91eec403e
Faulting application path: C:\Program Files\Microsoft Office\Office15\OUTLOOK.EXE
Faulting module path: C:\Program Files\Microsoft Office\Office15\OUTLOOK.EXE
Report Id: 47bbc645-a4cd-11e7-812e-0050569f3a53"
Error,9/29/2017 11:15,EventCreate,1,None,Application,djkvdihost080.jakarta01.com,JAKARTA01\Dimas Satya  
Error,9/29/2017 11:15,EventCreate,1,None,Application,djkvdihost064.jakarta01.com,JAKARTA01\ahmad  
Error,9/29/2017 11:15,EventCreate,1,None,Application,djkvdihost080.jakarta01.com,JAKARTA01\Dimas Satya  
Error,9/29/2017 11:15,EventCreate,1,None,Application,djkvdihost080.jakarta01.com,JAKARTA01\Dimas Satya  
Error,9/29/2017 11:15,Application Error,1000,-100,Application,djkvdihost064.jakarta01.com,"Faulting application name: OUTLOOK.EXE, version: 15.0.4919.1001, time stamp: 0x58d20482
Faulting module name: OUTLOOK.EXE, version: 15.0.4919.1001, time stamp: 0x58d20482
Exception code: 0xc0000005
Fault offset: 0x008924c4
Faulting process id: 0x1e48
Faulting application start time: 0x01d338bf08ffeb30
Faulting application path: C:\Program Files\Microsoft Office\Office15\OUTLOOK.EXE
Faulting module path: C:\Program Files\Microsoft Office\Office15\OUTLOOK.EXE
Report Id: cef4f2e7-a4cc-11e7-8104-0050569f3e72"
Error,9/29/2017 11:14,EventCreate,1,None,Application,djkvdihost080.jakarta01.com,JAKARTA01\Dimas Satya  
Error,9/29/2017 11:14,EventCreate,1,None,Application,djkvdihost507.jakarta01.com,JAKARTA01\GuestSKA08  
Error,9/29/2017 11:13,EventCreate,1,None,Application,djkvdihost164.jakarta01.com,JAKARTA01\samsul  
Error,9/29/2017 11:13,Application Error,1000,-100,Application,djkvdihost164.jakarta01.com,"Faulting application name: OUTLOOK.EXE, version: 15.0.4919.1001, time stamp: 0x58d20482
Faulting module name: OUTLOOK.EXE, version: 15.0.4919.1001, time stamp: 0x58d20482
Exception code: 0xc0000005
Fault offset: 0x008924c4
Faulting process id: 0x1c28
Faulting application start time: 0x01d338be51f26cc6
Faulting application path: C:\Program Files\Microsoft Office\Office15\OUTLOOK.EXE
Faulting module path: C:\Program Files\Microsoft Office\Office15\OUTLOOK.EXE
Report Id: 8c9a5e22-a4cc-11e7-9c1c-0050569f3739"
Error,9/29/2017 11:11,EventCreate,1,None,Application,djkvdihost391.jakarta01.com,JAKARTA01\Kartina  
Error,9/29/2017 11:08,EventCreate,1,None,Application,djkvdihost789.jakarta01.com,JAKARTA01\yudistira  
Error,9/29/2017 11:08,Application Error,1000,-100,Application,djkvdihost789.jakarta01.com,"Faulting application name: OUTLOOK.EXE, version: 15.0.4919.1001, time stamp: 0x58d20482
Faulting module name: OUTLOOK.EXE, version: 15.0.4919.1001, time stamp: 0x58d20482
Exception code: 0xc0000005
Fault offset: 0x008924c4
Faulting process id: 0x1ef4
Faulting application start time: 0x01d338c52876f4c4
Faulting application path: C:\Program Files\Microsoft Office\Office15\OUTLOOK.EXE
Faulting module path: C:\Program Files\Microsoft Office\Office15\OUTLOOK.EXE
Report Id: e290e75b-a4cb-11e7-b08e-0050569f59cf"
Error,9/29/2017 11:08,EventCreate,1,None,Application,djkvdihost397.jakarta01.com,JAKARTA01\prakasa  
Error,9/29/2017 11:08,Application Error,1000,-100,Application,djkvdihost397.jakarta01.com,"Faulting application name: OUTLOOK.EXE, version: 15.0.4919.1001, time stamp: 0x58d20482
Faulting module name: OUTLOOK.EXE, version: 15.0.4919.1001, time stamp: 0x58d20482
Exception code: 0xc0000005
Fault offset: 0x008924c4
Faulting process id: 0x1ef4
Faulting application start time: 0x01d338bd1a6668b8
Faulting application path: C:\Program Files\Microsoft Office\Office15\OUTLOOK.EXE
Faulting module path: C:\Program Files\Microsoft Office\Office15\OUTLOOK.EXE
Report Id: ccf58692-a4cb-11e7-9efd-0050569f661c"
Error,9/29/2017 11:05,EventCreate,1,None,Application,djkvdihost898.jakarta01.com,JAKARTA01\Adhisty  
Error,9/29/2017 11:04,EventCreate,1,None,Application,djkvdihost799.jakarta01.com,JAKARTA01\yulia rifanda  
Error,9/29/2017 11:04,EventCreate,1,None,Application,djkvdihost898.jakarta01.com,JAKARTA01\Adhisty  
Error,9/29/2017 11:03,EventCreate,1,None,Application,djkvdihost213.jakarta01.com,JAKARTA01\AULIASA  
Error,9/29/2017 11:03,Application Error,1000,-100,Application,djkvdihost799.jakarta01.com,"Faulting application name: OUTLOOK.EXE, version: 15.0.4919.1001, time stamp: 0x58d20482
Faulting module name: OUTLOOK.EXE, version: 15.0.4919.1001, time stamp: 0x58d20482
Exception code: 0xc0000005
Fault offset: 0x008924c7
Faulting process id: 0x1560
Faulting application start time: 0x01d338bfec9ff01d
Faulting application path: C:\Program Files\Microsoft Office\Office15\OUTLOOK.EXE
Faulting module path: C:\Program Files\Microsoft Office\Office15\OUTLOOK.EXE
Report Id: 3849558c-a4cb-11e7-b13a-0050569f7c05"
Error,9/29/2017 11:03,Application Error,1000,-100,Application,djkvdihost213.jakarta01.com,"Faulting application name: lync.exe, version: 15.0.4919.1000, time stamp: 0x58c7ab1e
Faulting module name: unknown, version: 0.0.0.0, time stamp: 0x00000000
Exception code: 0xc0000005
Fault offset: 0x7fe43a00
Faulting process id: 0x1244
Faulting application start time: 0x01d338c03f3425dd
Faulting application path: C:\Program Files\Microsoft Office\Office15\lync.exe
Faulting module path: unknown
Report Id: 2bfc4ec2-a4cb-11e7-8d66-0050569f2093"
Error,9/29/2017 11:03,EventCreate,1,None,Application,djkvdihost222.jakarta01.com,JAKARTA01\fferdian  
Error,9/29/2017 11:02,EventCreate,1,None,Application,djkvdihost612.jakarta01.com,JAKARTA01\ayu  
Error,9/29/2017 11:02,Application Error,1000,-100,Application,djkvdihost612.jakarta01.com,"Faulting application name: WINWORD.EXE, version: 15.0.4911.1000, time stamp: 0x58a2c075
Faulting module name: wwlib.dll, version: 15.0.4911.1000, time stamp: 0x58a2c073
Exception code: 0xc0000005
Fault offset: 0x006f1046
Faulting process id: 0x1c14
Faulting application start time: 0x01d338d7ce5dfe19
Faulting application path: C:\Program Files\Microsoft Office\Office15\WINWORD.EXE
Faulting module path: C:\Program Files\Microsoft Office\Office15\wwlib.dll
Report Id: 10285878-a4cb-11e7-9cdf-0050569f7ff0"
Error,9/29/2017 11:02,EventCreate,1,None,Application,djkvdihost612.jakarta01.com,JAKARTA01\ayu  
Error,9/29/2017 11:02,Application Error,1000,-100,Application,djkvdihost612.jakarta01.com,"Faulting application name: WINWORD.EXE, version: 15.0.4911.1000, time stamp: 0x58a2c075
Faulting module name: wwlib.dll, version: 15.0.4911.1000, time stamp: 0x58a2c073
Exception code: 0xc0000005
Fault offset: 0x006f1046
Faulting process id: 0x12b4
Faulting application start time: 0x01d338d7727f03b3
Faulting application path: C:\Program Files\Microsoft Office\Office15\WINWORD.EXE
Faulting module path: C:\Program Files\Microsoft Office\Office15\wwlib.dll
Report Id: 08d34968-a4cb-11e7-9cdf-0050569f7ff0"
Error,9/29/2017 11:02,EventCreate,1,None,Application,djkvdihost618.jakarta01.com,JAKARTA01\katrin  
Error,9/29/2017 11:00,EventCreate,1,None,Application,djkvdihost800.jakarta01.com,JAKARTA01\faiqa  
Error,9/29/2017 11:00,Application Error,1000,-100,Application,djkvdihost800.jakarta01.com,"Faulting application name: OUTLOOK.EXE, version: 15.0.4919.1001, time stamp: 0x58d20482
Faulting module name: OUTLOOK.EXE, version: 15.0.4919.1001, time stamp: 0x58d20482
Exception code: 0xc0000005
Fault offset: 0x008924c7
Faulting process id: 0x141c
Faulting application start time: 0x01d338bcb8e896a0
Faulting application path: C:\Program Files\Microsoft Office\Office15\OUTLOOK.EXE
Faulting module path: C:\Program Files\Microsoft Office\Office15\OUTLOOK.EXE
Report Id: c125f9b7-a4ca-11e7-99bf-0050569f5338"
Error,9/29/2017 11:00,EventCreate,1,None,Application,djkvdihost641.jakarta01.com,JAKARTA01\tobing  
Error,9/29/2017 10:59,EventCreate,1,None,Application,djkvdihost402.jakarta01.com,JAKARTA01\guestisd39  
Error,9/29/2017 10:59,Application Error,1000,-100,Application,djkvdihost402.jakarta01.com,"Faulting application name: NLNOTES.EXE, version: 8.5.30.11258, time stamp: 0x4e72fa51
Faulting module name: nnotes.dll, version: 8.5.30.11258, time stamp: 0x4e72fa6a
Exception code: 0xc0000005
Fault offset: 0x001c7f0e
Faulting process id: 0x1e60
Faulting application start time: 0x01d338d75dd800bc
Faulting application path: C:\Program Files\IBM\Lotus\Notes\NLNOTES.EXE
Faulting module path: C:\Program Files\IBM\Lotus\Notes\nnotes.dll
Report Id: 9ce4d7b1-a4ca-11e7-b061-0050569f312a"
Error,9/29/2017 11:00,Application Error,1000,-100,Application,djkvdihost641.jakarta01.com,"Faulting application name: OUTLOOK.EXE, version: 15.0.4919.1001, time stamp: 0x58d20482
Faulting module name: OUTLOOK.EXE, version: 15.0.4919.1001, time stamp: 0x58d20482
Exception code: 0xc0000005
Fault offset: 0x008924c4
Faulting process id: 0x1c50
Faulting application start time: 0x01d338b4f2c8e5eb
Faulting application path: C:\Program Files\Microsoft Office\Office15\OUTLOOK.EXE
Faulting module path: C:\Program Files\Microsoft Office\Office15\OUTLOOK.EXE
Report Id: ab7eef70-a4ca-11e7-a5c2-0050569f4120"
Error,9/29/2017 10:58,EventCreate,1,None,Application,djkvdihost902.jakarta01.com,JAKARTA01\Indra Bramantyono  
Error,9/29/2017 10:57,EventCreate,1,None,Application,djkvdihost421.jakarta01.com,JAKARTA01\fediana  
Error,9/29/2017 10:56,EventCreate,1,None,Application,djkvdihost898.jakarta01.com,JAKARTA01\Adhisty  
Error,9/29/2017 10:56,Application Error,1000,-100,Application,djkvdihost898.jakarta01.com,"Faulting application name: EXCEL.EXE, version: 15.0.4927.1000, time stamp: 0x58ec7f7c
Faulting module name: EXCEL.EXE, version: 15.0.4927.1000, time stamp: 0x58ec7f7c
Exception code: 0xc0000005
Fault offset: 0x00466995
Faulting process id: 0x1124
Faulting application start time: 0x01d338bddfb99cb0
Faulting application path: C:\Program Files (x86)\Microsoft Office\Office15\EXCEL.EXE
Faulting module path: C:\Program Files (x86)\Microsoft Office\Office15\EXCEL.EXE
Report Id: 3c6099cf-a4ca-11e7-bafb-0050569f032d"
Error,9/29/2017 10:57,Application Error,1000,-100,Application,djkvdihost421.jakarta01.com,"Faulting application name: OUTLOOK.EXE, version: 15.0.4919.1001, time stamp: 0x58d20482
Faulting module name: OUTLOOK.EXE, version: 15.0.4919.1001, time stamp: 0x58d20482
Exception code: 0xc0000005
Fault offset: 0x008924c4
Faulting process id: 0x1998
Faulting application start time: 0x01d338bf7f242185
Faulting application path: C:\Program Files\Microsoft Office\Office15\OUTLOOK.EXE
Faulting module path: C:\Program Files\Microsoft Office\Office15\OUTLOOK.EXE
Report Id: 43856066-a4ca-11e7-8742-0050569f500d"
Error,9/29/2017 10:56,EventCreate,1,None,Application,djkvdihost830.jakarta01.com,JAKARTA01\Taufik Kurniawan  
Error,9/29/2017 10:56,Application Error,1000,-100,Application,djkvdihost830.jakarta01.com,"Faulting application name: EXCEL.EXE, version: 15.0.4919.1000, time stamp: 0x58c7ab0f
Faulting module name: EXCEL.EXE, version: 15.0.4919.1000, time stamp: 0x58c7ab0f
Exception code: 0xc0000005
Fault offset: 0x00161278
Faulting process id: 0x1830
Faulting application start time: 0x01d338c0c0b39933
Faulting application path: C:\Program Files\Microsoft Office\Office15\EXCEL.EXE
Faulting module path: C:\Program Files\Microsoft Office\Office15\EXCEL.EXE
Report Id: 276c904a-a4ca-11e7-93c8-0050569f09fe"
Error,9/29/2017 10:54,EventCreate,1,None,Application,djkvdihost017.jakarta01.com,JAKARTA01\henry  
Error,9/29/2017 10:53,EventCreate,1,None,Application,djkvdihost874.jakarta01.com,JAKARTA01\kubo  
Error,9/29/2017 10:53,EventCreate,1,None,Application,djkvdihost017.jakarta01.com,JAKARTA01\henry  
Error,9/29/2017 10:53,EventCreate,1,None,Application,djkvdihost674.jakarta01.com,JAKARTA01\arinie  
Error,9/29/2017 10:53,Application Error,1000,-100,Application,djkvdihost874.jakarta01.com,"Faulting application name: OUTLOOK.EXE, version: 15.0.4919.1001, time stamp: 0x58d20482
Faulting module name: OUTLOOK.EXE, version: 15.0.4919.1001, time stamp: 0x58d20482
Exception code: 0xc0000005
Fault offset: 0x008924c7
Faulting process id: 0x1aec
Faulting application start time: 0x01d338c84b53327e
Faulting application path: C:\Program Files\Microsoft Office\Office15\OUTLOOK.EXE
Faulting module path: C:\Program Files\Microsoft Office\Office15\OUTLOOK.EXE
Report Id: c5fdda68-a4c9-11e7-b8da-0050569f5341"
Error,9/29/2017 10:53,Application Error,1000,-100,Application,djkvdihost674.jakarta01.com,"Faulting application name: OUTLOOK.EXE, version: 15.0.4919.1001, time stamp: 0x58d20482
Faulting module name: OUTLOOK.EXE, version: 15.0.4919.1001, time stamp: 0x58d20482
Exception code: 0xc0000005
Fault offset: 0x008924c4
Faulting process id: 0x14a8
Faulting application start time: 0x01d338ca5a2e8bb6
Faulting application path: C:\Program Files\Microsoft Office\Office15\OUTLOOK.EXE
Faulting module path: C:\Program Files\Microsoft Office\Office15\OUTLOOK.EXE
Report Id: bec78a65-a4c9-11e7-a56e-0050569f555c"
Error,9/29/2017 10:51,EventCreate,1,None,Application,djkvdihost025.jakarta01.com,JAKARTA01\ibahtiar  
Error,9/29/2017 10:48,EventCreate,1,None,Application,djkvdihost870.jakarta01.com,JAKARTA01\ueda  
Error,9/29/2017 10:48,Application Error,1000,-100,Application,djkvdihost870.jakarta01.com,"Faulting application name: OUTLOOK.EXE, version: 15.0.4919.1001, time stamp: 0x58d20482
Faulting module name: OUTLOOK.EXE, version: 15.0.4919.1001, time stamp: 0x58d20482
Exception code: 0xc0000005
Fault offset: 0x008924c4
Faulting process id: 0x19a8
Faulting application start time: 0x01d338c3becaadc4
Faulting application path: C:\Program Files\Microsoft Office\Office15\OUTLOOK.EXE
Faulting module path: C:\Program Files\Microsoft Office\Office15\OUTLOOK.EXE
Report Id: 13e127b5-a4c9-11e7-bdb3-0050569f0d56"
Error,9/29/2017 10:44,EventCreate,1,None,Application,djkvdihost240.jakarta01.com,JAKARTA01\WulanAn  
Error,9/29/2017 10:44,Application Error,1000,-100,Application,djkvdihost240.jakarta01.com,"Faulting application name: OUTLOOK.EXE, version: 15.0.4919.1001, time stamp: 0x58d20482
Faulting module name: OUTLOOK.EXE, version: 15.0.4919.1001, time stamp: 0x58d20482
Exception code: 0xc0000005
Fault offset: 0x008924c4
Faulting process id: 0x16f4
Faulting application start time: 0x01d338bcf9483a5f
Faulting application path: C:\Program Files\Microsoft Office\Office15\OUTLOOK.EXE
Faulting module path: C:\Program Files\Microsoft Office\Office15\OUTLOOK.EXE
Report Id: 8eda4714-a4c8-11e7-9292-0050569f6e2b"
Error,9/29/2017 10:38,EventCreate,1,None,Application,djkvdihost462.jakarta01.com,JAKARTA01\ceciliadt  
Error,9/29/2017 10:38,Application Error,1000,-100,Application,djkvdihost462.jakarta01.com,"Faulting application name: EXCEL.EXE, version: 15.0.4919.1000, time stamp: 0x58c7ab0f
Faulting module name: EXCEL.EXE, version: 15.0.4919.1000, time stamp: 0x58c7ab0f
Exception code: 0xc0000005
Fault offset: 0x00083da6
Faulting process id: 0x3a4
Faulting application start time: 0x01d338bf2cf9dfe5
Faulting application path: C:\Program Files\Microsoft Office\Office15\EXCEL.EXE
Faulting module path: C:\Program Files\Microsoft Office\Office15\EXCEL.EXE
Report Id: 9d2336dd-a4c7-11e7-bce2-0050569f2330"
Error,9/29/2017 10:37,EventCreate,1,None,Application,djkvdihost407.jakarta01.com,JAKARTA01\henry st  
Error,9/29/2017 10:36,EventCreate,1,None,Application,djkvdihost083.jakarta01.com,JAKARTA01\eka  
Error,9/29/2017 10:35,EventCreate,1,None,Application,djkvdihost539.jakarta01.com,JAKARTA01\mochammad  
Error,9/29/2017 10:36,Application Error,1000,-100,Application,djkvdihost083.jakarta01.com,"Faulting application name: iexplore.exe, version: 11.0.9600.18639, time stamp: 0x58d6bb0d
Faulting module name: unknown, version: 0.0.0.0, time stamp: 0x00000000
Exception code: 0xc0000005
Fault offset: 0x7ff032c8
Faulting process id: 0x16d4
Faulting application start time: 0x01d338c555416dc6
Faulting application path: C:\Program Files\Internet Explorer\iexplore.exe
Faulting module path: unknown
Report Id: 5a767785-a4c7-11e7-9522-0050569f48c1"
Error,9/29/2017 10:35,EventCreate,1,None,Application,djkvdihost566.jakarta01.com,JAKARTA01\Rahmat  
Error,9/29/2017 10:35,Application Error,1000,-100,Application,djkvdihost539.jakarta01.com,"Faulting application name: OUTLOOK.EXE, version: 15.0.4919.1001, time stamp: 0x58d20482
Faulting module name: OUTLOOK.EXE, version: 15.0.4919.1001, time stamp: 0x58d20482
Exception code: 0xc0000005
Fault offset: 0x008924c4
Faulting process id: 0x1354
Faulting application start time: 0x01d338cbd5f247ee
Faulting application path: C:\Program Files\Microsoft Office\Office15\OUTLOOK.EXE
Faulting module path: C:\Program Files\Microsoft Office\Office15\OUTLOOK.EXE
Report Id: 4a25c217-a4c7-11e7-ab77-0050569f4595"
Error,9/29/2017 10:35,Application Error,1000,-100,Application,djkvdihost566.jakarta01.com,"Faulting application name: OUTLOOK.EXE, version: 15.0.4919.1001, time stamp: 0x58d20482
Faulting module name: OUTLOOK.EXE, version: 15.0.4919.1001, time stamp: 0x58d20482
Exception code: 0xc0000005
Fault offset: 0x008924c4
Faulting process id: 0x1f3c
Faulting application start time: 0x01d338bc844fff1d
Faulting application path: C:\Program Files\Microsoft Office\Office15\OUTLOOK.EXE
Faulting module path: C:\Program Files\Microsoft Office\Office15\OUTLOOK.EXE
Report Id: 3c419149-a4c7-11e7-a54e-0050569f6e1b"
Error,9/29/2017 10:34,EventCreate,1,None,Application,djkvdihost635.jakarta01.com,JAKARTA01\Ana  
Error,9/29/2017 10:34,Application Error,1000,-100,Application,djkvdihost635.jakarta01.com,"Faulting application name: OUTLOOK.EXE, version: 15.0.4919.1001, time stamp: 0x58d20482
Faulting module name: OUTLOOK.EXE, version: 15.0.4919.1001, time stamp: 0x58d20482
Exception code: 0xc0000005
Fault offset: 0x008924c4
Faulting process id: 0x1ea0
Faulting application start time: 0x01d338c109b43146
Faulting application path: C:\Program Files\Microsoft Office\Office15\OUTLOOK.EXE
Faulting module path: C:\Program Files\Microsoft Office\Office15\OUTLOOK.EXE
Report Id: 1292489d-a4c7-11e7-8e12-0050569f46bb"
Error,9/29/2017 10:33,EventCreate,1,None,Application,djkvdihost156.jakarta01.com,JAKARTA01\yoedo  
Error,9/29/2017 10:33,Application Error,1000,-100,Application,djkvdihost156.jakarta01.com,"Faulting application name: spoolsv.exe, version: 6.1.7601.17777, time stamp: 0x4f35efc3
Faulting module name: msvcrt.dll, version: 7.0.7601.17744, time stamp: 0x4eeaf722
Exception code: 0xc0000005
Fault offset: 0x0000aa14
Faulting process id: 0x638
Faulting application start time: 0x01d33851bcdc990d
Faulting application path: C:\Windows\System32\spoolsv.exe
Faulting module path: C:\Windows\system32\msvcrt.dll
Report Id: f774e8ec-a4c6-11e7-ae4b-0050569f59c3"
Error,9/29/2017 10:33,EventCreate,1,None,Application,djkvdihost443.jakarta01.com,JAKARTA01\brenda  
Error,9/29/2017 10:33,Application Error,1000,-100,Application,djkvdihost443.jakarta01.com,"Faulting application name: OUTLOOK.EXE, version: 15.0.4919.1001, time stamp: 0x58d20482
Faulting module name: OUTLOOK.EXE, version: 15.0.4919.1001, time stamp: 0x58d20482
Exception code: 0xc0000005
Fault offset: 0x008924c7
Faulting process id: 0x1d24
Faulting application start time: 0x01d338c198cb79f7
Faulting application path: C:\Program Files\Microsoft Office\Office15\OUTLOOK.EXE
Faulting module path: C:\Program Files\Microsoft Office\Office15\OUTLOOK.EXE
Report Id: f246916a-a4c6-11e7-8694-0050569f6295"
Error,9/29/2017 10:33,EventCreate,1,None,Application,djkvdihost391.jakarta01.com,JAKARTA01\Kartina  
Error,9/29/2017 10:32,Application Error,1000,-100,Application,djkvdihost391.jakarta01.com,"Faulting application name: spoolsv.exe, version: 6.1.7601.17777, time stamp: 0x4f35efc3
Faulting module name: msvcrt.dll, version: 7.0.7601.17744, time stamp: 0x4eeaf722
Exception code: 0xc0000005
Fault offset: 0x0000aa14
Faulting process id: 0x634
Faulting application start time: 0x01d3374b8a47fbb1
Faulting application path: C:\Windows\System32\spoolsv.exe
Faulting module path: C:\Windows\system32\msvcrt.dll
Report Id: d746e50f-a4c6-11e7-8b9d-0050569f50f4"
Error,9/29/2017 10:31,WSH,1,None,Application,djkvdihost391.jakarta01.com,"CN=Fitriani Kartina password will expire in 4 day(s) at 10/3/2017 8:59:46 AM

Press CTRL + ALT + DEL and select the ""Change a password"" option."
Error,9/29/2017 10:31,EventCreate,1,None,Application,djkvdihost568.jakarta01.com,JAKARTA01\enrikko  
Error,9/29/2017 10:31,WSH,1,None,Application,djkvdihost391.jakarta01.com,"CN=Fitriani Kartina password will expire in 4 day(s) at 10/3/2017 8:59:46 AM

Press CTRL + ALT + DEL and select the ""Change a password"" option."
Error,9/29/2017 10:31,Application Error,1000,-100,Application,djkvdihost568.jakarta01.com,"Faulting application name: OUTLOOK.EXE, version: 15.0.4919.1001, time stamp: 0x58d20482
Faulting module name: OUTLOOK.EXE, version: 15.0.4919.1001, time stamp: 0x58d20482
Exception code: 0xc0000005
Fault offset: 0x008924c4
Faulting process id: 0x1e80
Faulting application start time: 0x01d338bfc9a65357
Faulting application path: C:\Program Files\Microsoft Office\Office15\OUTLOOK.EXE
Faulting module path: C:\Program Files\Microsoft Office\Office15\OUTLOOK.EXE
Report Id: 9e00d95e-a4c6-11e7-a2f3-0050569f2dd6"
Error,9/29/2017 10:29,EventCreate,1,None,Application,djkvdihost006.jakarta01.com,JAKARTA01\Andradita  
Error,9/29/2017 10:27,EventCreate,1,None,Application,djkvdihost299.jakarta01.com,JAKARTA01\azis  
Error,9/29/2017 10:27,EventCreate,1,None,Application,djkvdihost678.jakarta01.com,JAKARTA01\isnaini  
Error,9/29/2017 10:26,EventCreate,1,None,Application,djkvdihost136.jakarta01.com,JAKARTA01\budir  
Error,9/29/2017 10:26,EventCreate,1,None,Application,djkvdihost655.jakarta01.com,JAKARTA01\feni  
Error,9/29/2017 10:26,EventCreate,1,None,Application,djkvdihost654.jakarta01.com,JAKARTA01\livia  
Error,9/29/2017 10:26,Application Error,1000,-100,Application,djkvdihost654.jakarta01.com,"Faulting application name: OUTLOOK.EXE, version: 15.0.4919.1001, time stamp: 0x58d20482
Faulting module name: OUTLOOK.EXE, version: 15.0.4919.1001, time stamp: 0x58d20482
Exception code: 0xc0000005
Fault offset: 0x008924c4
Faulting process id: 0x1d9c
Faulting application start time: 0x01d338b6d4ad1f50
Faulting application path: C:\Program Files\Microsoft Office\Office15\OUTLOOK.EXE
Faulting module path: C:\Program Files\Microsoft Office\Office15\OUTLOOK.EXE
Report Id: ea885631-a4c5-11e7-b8aa-0050569f467a"
Error,9/29/2017 10:24,EventCreate,1,None,Application,djkvdihost638.jakarta01.com,JAKARTA01\saptorini  
Error,9/29/2017 10:24,EventCreate,1,None,Application,djkvdihost226.jakarta01.com,JAKARTA01\wisnu  
Error,9/29/2017 10:22,EventCreate,1,None,Application,djkvdihost385.jakarta01.com,JAKARTA01\iqbal maulanasani  
Error,9/29/2017 10:16,EventCreate,1,None,Application,djkvdihost383.jakarta01.com,JAKARTA01\handayani  
Error,9/29/2017 10:16,EventCreate,1,None,Application,djkvdihost309.jakarta01.com,JAKARTA01\raymond  
Error,9/29/2017 10:14,EventCreate,1,None,Application,djkvdihost054.jakarta01.com,JAKARTA01\boby  
Error,9/29/2017 10:08,EventCreate,1,None,Application,djkvdihost129.jakarta01.com,JAKARTA01\driarkoro  
Error,9/29/2017 10:08,Application Error,1000,-100,Application,djkvdihost129.jakarta01.com,"Faulting application name: OUTLOOK.EXE, version: 15.0.4919.1001, time stamp: 0x58d20482
Faulting module name: OUTLOOK.EXE, version: 15.0.4919.1001, time stamp: 0x58d20482
Exception code: 0xc0000005
Fault offset: 0x008924c4
Faulting process id: 0x1db8
Faulting application start time: 0x01d338bfb44f16e8
Faulting application path: C:\Program Files\Microsoft Office\Office15\OUTLOOK.EXE
Faulting module path: C:\Program Files\Microsoft Office\Office15\OUTLOOK.EXE
Report Id: 86c0816b-a4c3-11e7-a3c1-0050569f4ca2"
Error,9/29/2017 10:07,EventCreate,1,None,Application,djkvdihost582.jakarta01.com,JAKARTA01\Yunita2  
Error,9/29/2017 10:05,EventCreate,1,None,Application,djkvdihost107.jakarta01.com,JAKARTA01\regina  
Error,9/29/2017 10:03,EventCreate,1,None,Application,djkvdihost506.jakarta01.com,JAKARTA01\bahar  
Error,9/29/2017 10:01,EventCreate,1,None,Application,djkvdihost319.jakarta01.com,JAKARTA01\Christopher  
Error,9/29/2017 9:59,EventCreate,1,None,Application,djkvdihost005.jakarta01.com,JAKARTA01\robi  
Error,9/29/2017 9:57,EventCreate,1,None,Application,djkvdihost549.jakarta01.com,JAKARTA01\guestisd52  
Error,9/29/2017 9:56,EventCreate,1,None,Application,djkvdihost114.jakarta01.com,JAKARTA01\aprianto  
Error,9/29/2017 9:56,Application Error,1000,-100,Application,djkvdihost114.jakarta01.com,"Faulting application name: spoolsv.exe, version: 6.1.7601.17777, time stamp: 0x4f35efc3
Faulting module name: msvcrt.dll, version: 7.0.7601.17744, time stamp: 0x4eeaf722
Exception code: 0xc0000005
Fault offset: 0x0000aa14
Faulting process id: 0x638
Faulting application start time: 0x01d3384c81203f33
Faulting application path: C:\Windows\System32\spoolsv.exe
Faulting module path: C:\Windows\system32\msvcrt.dll
Report Id: b8c0d580-a4c1-11e7-93fa-0050569f7633"
Error,9/29/2017 9:55,EventCreate,1,None,Application,djkvdihost809.jakarta01.com,JAKARTA01\rina  
Error,9/29/2017 9:53,EventCreate,1,None,Application,djkvdihost576.jakarta01.com,JAKARTA01\rafika  
Error,9/29/2017 9:52,EventCreate,1,None,Application,djkvdihost738.jakarta01.com,JAKARTA01\haryadi  
Error,9/29/2017 9:51,EventCreate,1,None,Application,djkvdihost596.jakarta01.com,JAKARTA01\elestari  
Error,9/29/2017 9:50,EventCreate,1,None,Application,djkvdihost596.jakarta01.com,JAKARTA01\elestari  
Error,9/29/2017 9:47,EventCreate,1,None,Application,djkvdihost603.jakarta01.com,JAKARTA01\andrinur  
Error,9/29/2017 9:47,Application Error,1000,-100,Application,djkvdihost603.jakarta01.com,"Faulting application name: OUTLOOK.EXE, version: 15.0.4919.1001, time stamp: 0x58d20482
Faulting module name: OUTLOOK.EXE, version: 15.0.4919.1001, time stamp: 0x58d20482
Exception code: 0xc0000005
Fault offset: 0x008924c7
Faulting process id: 0x45c
Faulting application start time: 0x01d338b3c899000e
Faulting application path: C:\Program Files\Microsoft Office\Office15\OUTLOOK.EXE
Faulting module path: C:\Program Files\Microsoft Office\Office15\OUTLOOK.EXE
Report Id: 8f191911-a4c0-11e7-a000-0050569f3f5f"
Error,9/29/2017 9:42,EventCreate,1,None,Application,djkvdihost041.jakarta01.com,JAKARTA01\Rudy Setyo  
Error,9/29/2017 9:41,EventCreate,1,None,Application,djkvdihost402.jakarta01.com,JAKARTA01\guestisd39  
Error,9/29/2017 9:38,EventCreate,1,None,Application,djkvdihost491.jakarta01.com,JAKARTA01\Hera  
Error,9/29/2017 9:38,Application Error,1000,-100,Application,djkvdihost491.jakarta01.com,"Faulting application name: OUTLOOK.EXE, version: 15.0.4919.1001, time stamp: 0x58d20482
Faulting module name: OUTLOOK.EXE, version: 15.0.4919.1001, time stamp: 0x58d20482
Exception code: 0xc0000005
Fault offset: 0x008924c7
Faulting process id: 0x1c6c
Faulting application start time: 0x01d338b85a1de9e7
Faulting application path: C:\Program Files\Microsoft Office\Office15\OUTLOOK.EXE
Faulting module path: C:\Program Files\Microsoft Office\Office15\OUTLOOK.EXE
Report Id: 54430e3e-a4bf-11e7-8849-0050569f0171"
Error,9/29/2017 9:36,EventCreate,1,None,Application,djkvdihost055.jakarta01.com,JAKARTA01\Etty  
Error,9/29/2017 9:33,EventCreate,1,None,Application,djkvdihost692.jakarta01.com,JAKARTA01\denny  
Error,9/29/2017 9:33,EventCreate,1,None,Application,djkvdihost449.jakarta01.com,JAKARTA01\budsiregar  
Error,9/29/2017 9:32,EventCreate,1,None,Application,djkvdihost197.jakarta01.com,JAKARTA01\abdulas  
Error,9/29/2017 9:32,EventCreate,1,None,Application,djkvdihost692.jakarta01.com,JAKARTA01\denny  
Error,9/29/2017 9:32,EventCreate,1,None,Application,djkvdihost077.jakarta01.com,JAKARTA01\ferdiansyah  
Error,9/29/2017 9:31,EventCreate,1,None,Application,djkvdihost332.jakarta01.com,JAKARTA01\ratmitasari  
Error,9/29/2017 9:31,EventCreate,1,None,Application,djkvdihost564.jakarta01.com,JAKARTA01\purba  
Error,9/29/2017 9:30,EventCreate,1,None,Application,djkvdihost813.jakarta01.com,JAKARTA01\edwan  
Error,9/29/2017 9:27,EventCreate,1,None,Application,djkvdihost648.jakarta01.com,JAKARTA01\Dwi anisa  
Error,9/29/2017 9:26,EventCreate,1,None,Application,djkvdihost674.jakarta01.com,JAKARTA01\arinie  
Error,9/29/2017 9:26,Application Error,1000,-100,Application,djkvdihost674.jakarta01.com,"Faulting application name: OUTLOOK.EXE, version: 15.0.4919.1001, time stamp: 0x58d20482
Faulting module name: OUTLOOK.EXE, version: 15.0.4919.1001, time stamp: 0x58d20482
Exception code: 0xc0000005
Fault offset: 0x008924c4
Faulting process id: 0x770
Faulting application start time: 0x01d338bb2526f176
Faulting application path: C:\Program Files\Microsoft Office\Office15\OUTLOOK.EXE
Faulting module path: C:\Program Files\Microsoft Office\Office15\OUTLOOK.EXE
Report Id: 94cbabe6-a4bd-11e7-a56e-0050569f555c"
Error,9/29/2017 9:25,EventCreate,1,None,Application,djkvdihost810.jakarta01.com,JAKARTA01\Prihantono  
Error,9/29/2017 9:23,EventCreate,1,None,Application,djkvdihost709.jakarta01.com,JAKARTA01\ici  
Error,9/29/2017 9:23,EventCreate,1,None,Application,djkvdihost220.jakarta01.com,JAKARTA01\guestacc10  
Error,9/29/2017 9:21,EventCreate,1,None,Application,djkvdihost525.jakarta01.com,JAKARTA01\ali pasya  
Error,9/29/2017 9:21,EventCreate,1,None,Application,djkvdihost554.jakarta01.com,JAKARTA01\guestacc08  
Error,9/29/2017 9:20,EventCreate,1,None,Application,djkvdihost270.jakarta01.com,JAKARTA01\Juliet  
Error,9/29/2017 9:20,EventCreate,1,None,Application,djkvdihost205.jakarta01.com,JAKARTA01\guestisd53  
Error,9/29/2017 9:17,EventCreate,1,None,Application,djkvdihost225.jakarta01.com,JAKARTA01\army  
Error,9/29/2017 9:14,EventCreate,1,None,Application,djkvdihost113.jakarta01.com,JAKARTA01\alex  
Error,9/29/2017 9:12,EventCreate,1,None,Application,djkvdihost492.jakarta01.com,JAKARTA01\ardiana  
Error,9/29/2017 9:11,EventCreate,1,None,Application,djkvdihost182.jakarta01.com,JAKARTA01\Setiawan  
Error,9/29/2017 9:10,EventCreate,1,None,Application,djkvdihost897.jakarta01.com,JAKARTA01\adi prasetio  
Error,9/29/2017 9:10,Application Error,1000,-100,Application,djkvdihost897.jakarta01.com,"Faulting application name: OUTLOOK.EXE, version: 15.0.4927.1001, time stamp: 0x58f5f52e
Faulting module name: OUTLOOK.EXE, version: 15.0.4927.1001, time stamp: 0x58f5f52e
Exception code: 0xc0000409
Fault offset: 0x00dc3399
Faulting process id: 0x1b50
Faulting application start time: 0x01d338c14bbd0446
Faulting application path: C:\Program Files (x86)\Microsoft Office\Office15\OUTLOOK.EXE
Faulting module path: C:\Program Files (x86)\Microsoft Office\Office15\OUTLOOK.EXE
Report Id: 665bf954-a4bb-11e7-861b-0050569f480d"
Error,9/29/2017 9:09,EventCreate,1,None,Application,djkvdihost142.jakarta01.com,JAKARTA01\GUESTISD34  
Error,9/29/2017 9:09,EventCreate,1,None,Application,djkvdihost355.jakarta01.com,JAKARTA01\nathaniel  
Error,9/29/2017 9:09,EventCreate,1,None,Application,djkvdihost008.jakarta01.com,JAKARTA01\Rio  
Error,9/29/2017 9:09,EventCreate,1,None,Application,djkvdihost662.jakarta01.com,JAKARTA01\guestISD50  
Error,9/29/2017 9:09,EventCreate,1,None,Application,djkvdihost352.jakarta01.com,JAKARTA01\guestisd54  
Error,9/29/2017 9:07,EventCreate,1,None,Application,djkvdihost698.jakarta01.com,JAKARTA01\rahmatia  
Error,9/29/2017 9:06,EventCreate,1,None,Application,djkvdihost591.jakarta01.com,JAKARTA01\Ricky  
Error,9/29/2017 9:07,EventCreate,1,None,Application,djkvdihost279.jakarta01.com,JAKARTA01\ummu  
Error,9/29/2017 9:06,WSH,1,None,Application,djkvdihost591.jakarta01.com,"CN=Ricky Suwandi password will expire in 2 day(s) at 10/1/2017 9:00:03 AM

Press CTRL + ALT + DEL and select the ""Change a password"" option."
Error,9/29/2017 9:05,WSH,1,None,Application,djkvdihost425.jakarta01.com,"CN=Hafiah password will expire in 2 day(s) at 10/1/2017 9:33:01 AM

Press CTRL + ALT + DEL and select the ""Change a password"" option."
Error,9/29/2017 9:05,WSH,1,None,Application,djkvdihost425.jakarta01.com,"CN=Hafiah password will expire in 2 day(s) at 10/1/2017 9:33:01 AM

Press CTRL + ALT + DEL and select the ""Change a password"" option."
Error,9/29/2017 9:06,WSH,1,None,Application,djkvdihost591.jakarta01.com,"CN=Ricky Suwandi password will expire in 2 day(s) at 10/1/2017 9:00:03 AM

Press CTRL + ALT + DEL and select the ""Change a password"" option."
Error,9/29/2017 9:05,EventCreate,1,None,Application,djkvdihost321.jakarta01.com,JAKARTA01\muhammadhakim  
Error,9/29/2017 9:05,Application Error,1000,-100,Application,djkvdihost321.jakarta01.com,"Faulting application name: OUTLOOK.EXE, version: 15.0.4919.1001, time stamp: 0x58d20482
Faulting module name: OUTLOOK.EXE, version: 15.0.4919.1001, time stamp: 0x58d20482
Exception code: 0xc0000005
Fault offset: 0x008924c4
Faulting process id: 0x1928
Faulting application start time: 0x01d338b9ff1e0789
Faulting application path: C:\Program Files\Microsoft Office\Office15\OUTLOOK.EXE
Faulting module path: C:\Program Files\Microsoft Office\Office15\OUTLOOK.EXE
Report Id: b0127054-a4ba-11e7-bd0c-0050569f78a6"
Error,9/29/2017 9:05,EventCreate,1,None,Application,djkvdihost420.jakarta01.com,JAKARTA01\adityo yuwono  
Error,9/29/2017 9:03,EventCreate,1,None,Application,djkvdihost378.jakarta01.com,JAKARTA01\Bryant  
Error,9/29/2017 9:03,EventCreate,1,None,Application,djkvdihost420.jakarta01.com,JAKARTA01\adityo yuwono  
Error,9/29/2017 9:03,EventCreate,1,None,Application,djkvdihost266.jakarta01.com,JAKARTA01\dodi  
Error,9/29/2017 9:03,EventCreate,1,None,Application,djkvdihost011.jakarta01.com,JAKARTA01\richard  
Error,9/29/2017 9:02,EventCreate,1,None,Application,djkvdihost209.jakarta01.com,JAKARTA01\valery  
Error,9/29/2017 9:01,EventCreate,1,None,Application,djkvdihost737.jakarta01.com,JAKARTA01\titin  
Error,9/29/2017 9:00,EventCreate,1,None,Application,djkvdihost477.jakarta01.com,JAKARTA01\karmelita  
Error,9/29/2017 9:00,EventCreate,1,None,Application,djkvdihost100.jakarta01.com,JAKARTA01\rahman  
Error,9/29/2017 9:00,EventCreate,1,None,Application,djkvdihost718.jakarta01.com,JAKARTA01\erwin  
Error,9/29/2017 9:00,EventCreate,1,None,Application,djkvdihost253.jakarta01.com,JAKARTA01\nugrah  
Error,9/29/2017 8:59,EventCreate,1,None,Application,djkvdihost684.jakarta01.com,JAKARTA01\yoshinta  
Error,9/29/2017 8:59,EventCreate,1,None,Application,djkvdihost241.jakarta01.com,JAKARTA01\Marlina  
Error,9/29/2017 8:59,EventCreate,1,None,Application,djkvdihost816.jakarta01.com,JAKARTA01\FAUZIAH  
Error,9/29/2017 8:59,EventCreate,1,None,Application,djkvdihost166.jakarta01.com,JAKARTA01\nurfadila  
Error,9/29/2017 8:59,EventCreate,1,None,Application,djkvdihost006.jakarta01.com,JAKARTA01\Andradita  
Error,9/29/2017 8:58,EventCreate,1,None,Application,djkvdihost241.jakarta01.com,JAKARTA01\Marlina  
Error,9/29/2017 8:58,Application Error,1000,-100,Application,djkvdihost006.jakarta01.com,"Faulting application name: spoolsv.exe, version: 6.1.7601.17777, time stamp: 0x4f35efc3
Faulting module name: msvcrt.dll, version: 7.0.7601.17744, time stamp: 0x4eeaf722
Exception code: 0xc0000005
Fault offset: 0x0000aa14
Faulting process id: 0x634
Faulting application start time: 0x01d338518d216bbe
Faulting application path: C:\Windows\System32\spoolsv.exe
Faulting module path: C:\Windows\system32\msvcrt.dll
Report Id: bc465cc9-a4b9-11e7-b613-0050569f333d"
Error,9/29/2017 8:57,EventCreate,1,None,Application,djkvdihost302.jakarta01.com,JAKARTA01\Teguh Aji  
Error,9/29/2017 8:57,EventCreate,1,None,Application,djkvdihost414.jakarta01.com,JAKARTA01\wang  
Error,9/29/2017 8:57,EventCreate,1,None,Application,djkvdihost387.jakarta01.com,JAKARTA01\ilham  
Error,9/29/2017 8:57,EventCreate,1,None,Application,djkvdihost728.jakarta01.com,JAKARTA01\GUESTISD33  
Error,9/29/2017 8:57,EventCreate,1,None,Application,djkvdihost639.jakarta01.com,JAKARTA01\Hilman  
Error,9/29/2017 8:57,EventCreate,1,None,Application,djkvdihost228.jakarta01.com,JAKARTA01\Linda Marshelia  
Error,9/29/2017 8:57,EventCreate,1,None,Application,djkvdihost036.jakarta01.com,JAKARTA01\ridjal  
Error,9/29/2017 8:56,EventCreate,1,None,Application,djkvdihost581.jakarta01.com,JAKARTA01\maulina  
Error,9/29/2017 8:56,EventCreate,1,None,Application,djkvdihost292.jakarta01.com,JAKARTA01\anindita  
Error,9/29/2017 8:55,EventCreate,1,None,Application,djkvdihost695.jakarta01.com,JAKARTA01\Adhi Nur  
Error,9/29/2017 8:55,EventCreate,1,None,Application,djkvdihost537.jakarta01.com,JAKARTA01\Listya  
Error,9/29/2017 8:55,EventCreate,1,None,Application,djkvdihost272.jakarta01.com,JAKARTA01\guestisd55  
Error,9/29/2017 8:54,EventCreate,1,None,Application,djkvdihost367.jakarta01.com,JAKARTA01\satria graha  
Error,9/29/2017 8:54,EventCreate,1,None,Application,djkvdihost824.jakarta01.com,JAKARTA01\meltsaury  
Error,9/29/2017 8:53,EventCreate,1,None,Application,djkvdihost291.jakarta01.com,JAKARTA01\genarosa  
Error,9/29/2017 8:53,EventCreate,1,None,Application,djkvdihost156.jakarta01.com,JAKARTA01\yoedo  
Error,9/29/2017 8:53,EventCreate,1,None,Application,djkvdihost720.jakarta01.com,JAKARTA01\primaningtyas  
Error,9/29/2017 8:53,EventCreate,1,None,Application,djkvdihost754.jakarta01.com,JAKARTA01\vina febria  
Error,9/29/2017 8:53,EventCreate,1,None,Application,djkvdihost291.jakarta01.com,JAKARTA01\genarosa  
Error,9/29/2017 8:52,EventCreate,1,None,Application,djkvdihost291.jakarta01.com,JAKARTA01\genarosa  
Error,9/29/2017 8:52,EventCreate,1,None,Application,djkvdihost291.jakarta01.com,JAKARTA01\genarosa  
Error,9/29/2017 8:52,EventCreate,1,None,Application,djkvdihost625.jakarta01.com,JAKARTA01\amiratul  
Error,9/29/2017 8:51,EventCreate,1,None,Application,djkvdihost281.jakarta01.com,JAKARTA01\Reiffy  
Error,9/29/2017 8:51,EventCreate,1,None,Application,djkvdihost032.jakarta01.com,JAKARTA01\kiky  
Error,9/29/2017 8:51,EventCreate,1,None,Application,djkvdihost291.jakarta01.com,JAKARTA01\genarosa  
Error,9/29/2017 8:51,EventCreate,1,None,Application,djkvdihost444.jakarta01.com,JAKARTA01\guestisd27  
Error,9/29/2017 8:51,EventCreate,1,None,Application,djkvdihost704.jakarta01.com,JAKARTA01\AdindaGita  
