Error,9/29/2017 8:50,WSH,1,None,Application,djkvdihost704.jakarta01.com,"CN=Adinda Gita Priyantika password will expire in 2 day(s) at 10/1/2017 8:17:37 AM

Press CTRL + ALT + DEL and select the ""Change a password"" option."
Error,9/29/2017 8:50,EventCreate,1,None,Application,djkvdihost293.jakarta01.com,JAKARTA01\dessy  
Error,9/29/2017 8:50,WSH,1,None,Application,djkvdihost704.jakarta01.com,"CN=Adinda Gita Priyantika password will expire in 2 day(s) at 10/1/2017 8:17:37 AM

Press CTRL + ALT + DEL and select the ""Change a password"" option."
Error,9/29/2017 8:50,EventCreate,1,None,Application,djkvdihost261.jakarta01.com,JAKARTA01\MahendraR  
Error,9/29/2017 8:49,EventCreate,1,None,Application,djkvdihost306.jakarta01.com,JAKARTA01\wirantika  
Error,9/29/2017 8:50,EventCreate,1,None,Application,djkvdihost534.jakarta01.com,JAKARTA01\slamet  
Error,9/29/2017 8:49,EventCreate,1,None,Application,djkvdihost023.jakarta01.com,JAKARTA01\lucky  
Error,9/29/2017 8:11,EventCreate,1,None,Application,djkvdihost306.jakarta01.com,"The description for Event ID 1 from source EventCreate cannot be found. Either the component that raises this event is not installed on your local computer or the installation is corrupted. You can install or repair the component on the local computer.

If the event originated on another computer, the display information had to be saved with the event.

The following information was included with the event: 

JAKARTA01\AULIASA  
"
Error,9/29/2017 8:48,EventCreate,1,None,Application,djkvdihost135.jakarta01.com,JAKARTA01\nirliani  
Error,9/29/2017 8:48,EventCreate,1,None,Application,djkvdihost789.jakarta01.com,JAKARTA01\yudistira  
Error,9/29/2017 8:47,EventCreate,1,None,Application,djkvdihost642.jakarta01.com,JAKARTA01\pancaran  
Error,9/29/2017 8:47,EventCreate,1,None,Application,djkvdihost627.jakarta01.com,JAKARTA01\Widi Anggraeni  
Error,9/29/2017 8:46,EventCreate,1,None,Application,djkvdihost016.jakarta01.com,JAKARTA01\fatma  
Error,9/29/2017 8:46,EventCreate,1,None,Application,djkvdihost541.jakarta01.com,JAKARTA01\teddy  
Error,9/29/2017 8:46,WSH,1,None,Application,djkvdihost016.jakarta01.com,"CN=Fatma password will expire in 4 day(s) at 10/3/2017 7:06:30 AM

Press CTRL + ALT + DEL and select the ""Change a password"" option."
Error,9/29/2017 8:46,EventCreate,1,None,Application,djkvdihost369.jakarta01.com,JAKARTA01\Doris  
Error,9/29/2017 8:46,WSH,1,None,Application,djkvdihost016.jakarta01.com,"CN=Fatma password will expire in 4 day(s) at 10/3/2017 7:06:30 AM

Press CTRL + ALT + DEL and select the ""Change a password"" option."
Error,9/29/2017 8:45,EventCreate,1,None,Application,djkvdihost755.jakarta01.com,JAKARTA01\puty  
Error,9/29/2017 8:44,EventCreate,1,None,Application,djkvdihost248.jakarta01.com,JAKARTA01\septi  
Error,9/29/2017 8:44,EventCreate,1,None,Application,djkvdihost059.jakarta01.com,JAKARTA01\hirano  
Error,9/29/2017 8:44,EventCreate,1,None,Application,djkvdihost772.jakarta01.com,JAKARTA01\MegaDN  
Error,9/29/2017 8:44,EventCreate,1,None,Application,djkvdihost637.jakarta01.com,JAKARTA01\clarissa  
Error,9/29/2017 8:43,EventCreate,1,None,Application,djkvdihost831.jakarta01.com,JAKARTA01\guestisd25  
Error,9/29/2017 8:43,EventCreate,1,None,Application,djkvdihost697.jakarta01.com,JAKARTA01\heriyadi  
Error,9/29/2017 8:43,EventCreate,1,None,Application,djkvdihost307.jakarta01.com,JAKARTA01\andiani  
Error,9/29/2017 8:42,EventCreate,1,None,Application,djkvdihost821.jakarta01.com,JAKARTA01\Darmi  
Error,9/29/2017 8:42,EventCreate,1,None,Application,djkvdihost160.jakarta01.com,JAKARTA01\Festy  
Error,9/29/2017 8:42,Application Error,1000,-100,Application,djkvdihost160.jakarta01.com,"Faulting application name: OUTLOOK.EXE, version: 15.0.4919.1001, time stamp: 0x58d20482
Faulting module name: OUTLOOK.EXE, version: 15.0.4919.1001, time stamp: 0x58d20482
Exception code: 0xc0000005
Fault offset: 0x008924c4
Faulting process id: 0xd84
Faulting application start time: 0x01d338c1d674dc0f
Faulting application path: C:\Program Files\Microsoft Office\Office15\OUTLOOK.EXE
Faulting module path: C:\Program Files\Microsoft Office\Office15\OUTLOOK.EXE
Report Id: 7f6570cf-a4b7-11e7-bfd3-0050569f000b"
Error,9/29/2017 8:43,EventCreate,1,None,Application,djkvdihost019.jakarta01.com,JAKARTA01\Rahmad  
Error,9/29/2017 8:42,Application Error,1000,-100,Application,djkvdihost307.jakarta01.com,"Faulting application name: EXCEL.EXE, version: 15.0.4919.1000, time stamp: 0x58c7ab0f
Faulting module name: EXCEL.EXE, version: 15.0.4919.1000, time stamp: 0x58c7ab0f
Exception code: 0xc0000005
Fault offset: 0x002bf241
Faulting process id: 0x12f8
Faulting application start time: 0x01d338be4d77dc8d
Faulting application path: C:\PROGRA~1\MICROS~2\Office15\EXCEL.EXE
Faulting module path: C:\PROGRA~1\MICROS~2\Office15\EXCEL.EXE
Report Id: 843a5795-a4b7-11e7-85d9-0050569f2ce9"
Error,9/29/2017 8:42,EventCreate,1,None,Application,djkvdihost285.jakarta01.com,JAKARTA01\MFIRMAN  
Error,9/29/2017 8:42,EventCreate,1,None,Application,djkvdihost083.jakarta01.com,JAKARTA01\eka  
Error,9/29/2017 8:42,EventCreate,1,None,Application,djkvdihost821.jakarta01.com,JAKARTA01\Darmi  
Error,9/29/2017 8:42,EventCreate,1,None,Application,djkvdihost172.jakarta01.com,JAKARTA01\guestisd03  
Error,9/29/2017 8:42,EventCreate,1,None,Application,djkvdihost710.jakarta01.com,JAKARTA01\GuestISD42  
Error,9/29/2017 8:41,EventCreate,1,None,Application,djkvdihost595.jakarta01.com,JAKARTA01\agnes  
Error,9/29/2017 8:41,EventCreate,1,None,Application,djkvdihost088.jakarta01.com,JAKARTA01\william  
Error,9/29/2017 8:40,EventCreate,1,None,Application,djkvdihost239.jakarta01.com,JAKARTA01\wulan  
Error,9/29/2017 8:40,EventCreate,1,None,Application,djkvdihost570.jakarta01.com,JAKARTA01\GuestISD49  
Error,9/29/2017 8:40,EventCreate,1,None,Application,djkvdihost316.jakarta01.com,JAKARTA01\payogi  
Error,9/29/2017 8:40,EventCreate,1,None,Application,djkvdihost815.jakarta01.com,JAKARTA01\guestisd20  
Error,9/29/2017 8:39,EventCreate,1,None,Application,djkvdihost086.jakarta01.com,JAKARTA01\andre cahyono  
Error,9/29/2017 8:39,EventCreate,1,None,Application,djkvdihost527.jakarta01.com,JAKARTA01\Felix  
Error,9/29/2017 8:39,EventCreate,1,None,Application,djkvdihost404.jakarta01.com,JAKARTA01\aria  
Error,9/29/2017 8:39,Application Error,1000,-100,Application,djkvdihost404.jakarta01.com,"Faulting application name: spoolsv.exe, version: 6.1.7601.17777, time stamp: 0x4f35efc3
Faulting module name: msvcrt.dll, version: 7.0.7601.17744, time stamp: 0x4eeaf722
Exception code: 0xc0000005
Fault offset: 0x0000aa14
Faulting process id: 0x62c
Faulting application start time: 0x01d3383f5960c0f4
Faulting application path: C:\Windows\System32\spoolsv.exe
Faulting module path: C:\Windows\system32\msvcrt.dll
Report Id: f71049af-a4b6-11e7-9565-0050569f50b8"
Error,9/29/2017 8:39,EventCreate,1,None,Application,djkvdihost174.jakarta01.com,JAKARTA01\EDameria  
Error,9/29/2017 8:38,EventCreate,1,None,Application,djkvdihost567.jakarta01.com,JAKARTA01\muhamadZAH  
Error,9/29/2017 8:38,EventCreate,1,None,Application,djkvdihost804.jakarta01.com,JAKARTA01\Hasna  
Error,9/29/2017 8:38,EventCreate,1,None,Application,djkvdihost768.jakarta01.com,JAKARTA01\guestISD44  
Error,9/29/2017 8:38,EventCreate,1,None,Application,djkvdihost239.jakarta01.com,JAKARTA01\wulan  
Error,9/29/2017 8:38,EventCreate,1,None,Application,djkvdihost033.jakarta01.com,JAKARTA01\sanggra  
Error,9/29/2017 8:37,Application Error,1000,-100,Application,djkvdihost239.jakarta01.com,"Faulting application name: spoolsv.exe, version: 6.1.7601.17777, time stamp: 0x4f35efc3
Faulting module name: msvcrt.dll, version: 7.0.7601.17744, time stamp: 0x4eeaf722
Exception code: 0xc0000005
Fault offset: 0x0000aa14
Faulting process id: 0x634
Faulting application start time: 0x01d33844a9826b12
Faulting application path: C:\Windows\System32\spoolsv.exe
Faulting module path: C:\Windows\system32\msvcrt.dll
Report Id: cd1a4ffb-a4b6-11e7-9ee5-0050569f2638"
Error,9/29/2017 8:37,EventCreate,1,None,Application,djkvdihost206.jakarta01.com,JAKARTA01\sandrase  
Error,9/29/2017 8:37,EventCreate,1,None,Application,djkvdihost137.jakarta01.com,JAKARTA01\aynie  
Error,9/29/2017 8:36,EventCreate,1,None,Application,djkvdihost606.jakarta01.com,JAKARTA01\herlina  
Error,9/29/2017 8:36,EventCreate,1,None,Application,djkvdihost870.jakarta01.com,JAKARTA01\ueda  
Error,9/29/2017 8:36,EventCreate,1,None,Application,djkvdihost870.jakarta01.com,JAKARTA01\ueda  
Error,9/29/2017 8:35,EventCreate,1,None,Application,djkvdihost171.jakarta01.com,JAKARTA01\Dian Permata  
Error,9/29/2017 8:35,Application Error,1000,-100,Application,djkvdihost171.jakarta01.com,"Faulting application name: OUTLOOK.EXE, version: 15.0.4919.1001, time stamp: 0x58d20482
Faulting module name: OUTLOOK.EXE, version: 15.0.4919.1001, time stamp: 0x58d20482
Exception code: 0xc0000005
Fault offset: 0x008924c7
Faulting process id: 0xfa8
Faulting application start time: 0x01d338c144f11159
Faulting application path: C:\Program Files\Microsoft Office\Office15\OUTLOOK.EXE
Faulting module path: C:\Program Files\Microsoft Office\Office15\OUTLOOK.EXE
Report Id: 767ff11b-a4b6-11e7-b9d6-0050569f63e9"
Error,9/29/2017 8:35,EventCreate,1,None,Application,djkvdihost076.jakarta01.com,JAKARTA01\Rumata  
Error,9/29/2017 8:35,EventCreate,1,None,Application,djkvdihost473.jakarta01.com,JAKARTA01\Adang  
Error,9/29/2017 8:34,EventCreate,1,None,Application,djkvdihost346.jakarta01.com,JAKARTA01\novitarini  
Error,9/29/2017 8:34,Application Error,1000,-100,Application,djkvdihost346.jakarta01.com,"Faulting application name: AcroRd32.exe, version: 10.1.4.38, time stamp: 0x5012ea69
Faulting module name: AcroRd32.dll, version: 10.1.4.38, time stamp: 0x5012f9f9
Exception code: 0xc0000005
Fault offset: 0x00086fec
Faulting process id: 0x1ea8
Faulting application start time: 0x01d338c31171e0d2
Faulting application path: C:\Program Files\Adobe\Reader 10.0\Reader\AcroRd32.exe
Faulting module path: C:\Program Files\Adobe\Reader 10.0\Reader\AcroRd32.dll
Report Id: 58713b22-a4b6-11e7-bd9a-0050569f7fe8"
Error,9/29/2017 8:34,EventCreate,1,None,Application,djkvdihost400.jakarta01.com,JAKARTA01\marlina2  
Error,9/29/2017 8:34,EventCreate,1,None,Application,djkvdihost802.jakarta01.com,JAKARTA01\guestisd29  
Error,9/29/2017 8:33,EventCreate,1,None,Application,djkvdihost157.jakarta01.com,JAKARTA01\nicole  
Error,9/29/2017 8:33,EventCreate,1,None,Application,djkvdihost452.jakarta01.com,JAKARTA01\Marthen  
Error,9/29/2017 8:33,EventCreate,1,None,Application,djkvdihost419.jakarta01.com,JAKARTA01\GuestISD48  
Error,9/29/2017 8:33,EventCreate,1,None,Application,djkvdihost536.jakarta01.com,JAKARTA01\Rosulla  
Error,9/29/2017 8:32,WSH,1,None,Application,djkvdihost536.jakarta01.com,"CN=Rosulla Topan Berliana password will expire in 2 day(s) at 10/1/2017 8:34:48 AM

Press CTRL + ALT + DEL and select the ""Change a password"" option."
Error,9/29/2017 8:32,WSH,1,None,Application,djkvdihost536.jakarta01.com,"CN=Rosulla Topan Berliana password will expire in 2 day(s) at 10/1/2017 8:34:48 AM

Press CTRL + ALT + DEL and select the ""Change a password"" option."
Error,9/29/2017 8:31,EventCreate,1,None,Application,djkvdihost546.jakarta01.com,JAKARTA01\jati  
Error,9/29/2017 8:32,EventCreate,1,None,Application,djkvdihost761.jakarta01.com,JAKARTA01\Ronald Hertanto  
Error,9/29/2017 8:31,EventCreate,1,None,Application,djkvdihost461.jakarta01.com,JAKARTA01\aryani  
Error,9/29/2017 8:31,EventCreate,1,None,Application,djkvdihost546.jakarta01.com,JAKARTA01\jati  
Error,9/29/2017 8:31,EventCreate,1,None,Application,djkvdihost734.jakarta01.com,JAKARTA01\Elvira  
Error,9/29/2017 8:31,EventCreate,1,None,Application,djkvdihost829.jakarta01.com,JAKARTA01\indriani  
Error,9/29/2017 8:31,EventCreate,1,None,Application,djkvdihost691.jakarta01.com,JAKARTA01\andrik  
Error,9/29/2017 8:30,EventCreate,1,None,Application,djkvdihost663.jakarta01.com,JAKARTA01\hafsia  
Error,9/29/2017 8:30,EventCreate,1,None,Application,djkvdihost612.jakarta01.com,JAKARTA01\ayu  
Error,9/29/2017 8:30,EventCreate,1,None,Application,djkvdihost663.jakarta01.com,JAKARTA01\hafsia  
Error,9/29/2017 8:29,EventCreate,1,None,Application,djkvdihost489.jakarta01.com,JAKARTA01\GUESTISD26  
Error,9/29/2017 8:29,EventCreate,1,None,Application,djkvdihost656.jakarta01.com,JAKARTA01\rudini  
Error,9/29/2017 8:29,EventCreate,1,None,Application,djkvdihost203.jakarta01.com,JAKARTA01\ALFIYAH  
Error,9/29/2017 8:28,EventCreate,1,None,Application,djkvdihost143.jakarta01.com,JAKARTA01\Rani  
Error,9/29/2017 8:28,EventCreate,1,None,Application,djkvdihost323.jakarta01.com,JAKARTA01\guestisd36  
Error,9/29/2017 8:27,EventCreate,1,None,Application,djkvdihost526.jakarta01.com,JAKARTA01\elvina  
Error,9/29/2017 8:27,EventCreate,1,None,Application,djkvdihost539.jakarta01.com,JAKARTA01\mochammad  
Error,9/29/2017 8:27,EventCreate,1,None,Application,djkvdihost584.jakarta01.com,JAKARTA01\tenri  
Error,9/29/2017 8:27,Application Error,1000,-100,Application,djkvdihost584.jakarta01.com,"Faulting application name: OUTLOOK.EXE, version: 15.0.4919.1001, time stamp: 0x58d20482
Faulting module name: OUTLOOK.EXE, version: 15.0.4919.1001, time stamp: 0x58d20482
Exception code: 0xc0000005
Fault offset: 0x008924c7
Faulting process id: 0x12c8
Faulting application start time: 0x01d338c103a7c55d
Faulting application path: C:\Program Files\Microsoft Office\Office15\OUTLOOK.EXE
Faulting module path: C:\Program Files\Microsoft Office\Office15\OUTLOOK.EXE
Report Id: 54c9d7f3-a4b5-11e7-99ae-0050569f610a"
Error,9/29/2017 8:27,EventCreate,1,None,Application,djkvdihost418.jakarta01.com,JAKARTA01\christianrs  
Error,9/29/2017 8:27,EventCreate,1,None,Application,djkvdihost259.jakarta01.com,JAKARTA01\dwihan  
Error,9/29/2017 8:26,EventCreate,1,None,Application,djkvdihost247.jakarta01.com,JAKARTA01\mayang  
Error,9/29/2017 8:26,EventCreate,1,None,Application,djkvdihost418.jakarta01.com,JAKARTA01\christianrs  
Error,9/29/2017 8:26,EventCreate,1,None,Application,djkvdihost158.jakarta01.com,JAKARTA01\Arfilia  
Error,9/29/2017 8:26,EventCreate,1,None,Application,djkvdihost860.jakarta01.com,JAKARTA01\ueda  
Error,9/29/2017 8:25,EventCreate,1,None,Application,djkvdihost513.jakarta01.com,JAKARTA01\shinta  
Error,9/29/2017 8:25,EventCreate,1,None,Application,djkvdihost296.jakarta01.com,JAKARTA01\rusliadi  
Error,9/29/2017 8:25,Application Error,1000,-100,Application,djkvdihost296.jakarta01.com,"Faulting application name: OUTLOOK.EXE, version: 15.0.4919.1001, time stamp: 0x58d20482
Faulting module name: OUTLOOK.EXE, version: 15.0.4919.1001, time stamp: 0x58d20482
Exception code: 0xc0000005
Fault offset: 0x008924c4
Faulting process id: 0x1e70
Faulting application start time: 0x01d338b38a06f662
Faulting application path: C:\Program Files\Microsoft Office\Office15\OUTLOOK.EXE
Faulting module path: C:\Program Files\Microsoft Office\Office15\OUTLOOK.EXE
Report Id: 058c094a-a4b5-11e7-b374-0050569f7285"
Error,9/29/2017 8:24,EventCreate,1,None,Application,djkvdihost158.jakarta01.com,JAKARTA01\Arfilia  
Error,9/29/2017 8:25,EventCreate,1,None,Application,djkvdihost646.jakarta01.com,JAKARTA01\mohammad  
Error,9/29/2017 8:24,EventCreate,1,None,Application,djkvdihost892.jakarta01.com,JAKARTA01\Adi Purnomo  
Error,9/29/2017 8:24,Application Error,1000,-100,Application,djkvdihost892.jakarta01.com,"Faulting application name: EXCEL.EXE, version: 15.0.4927.1000, time stamp: 0x58ec7f7c
Faulting module name: EXCEL.EXE, version: 15.0.4927.1000, time stamp: 0x58ec7f7c
Exception code: 0xc0000005
Fault offset: 0x0025ec76
Faulting process id: 0x1670
Faulting application start time: 0x01d338bdb49ddf78
Faulting application path: C:\Program Files (x86)\Microsoft Office\Office15\EXCEL.EXE
Faulting module path: C:\Program Files (x86)\Microsoft Office\Office15\EXCEL.EXE
Report Id: f08e4e38-a4b4-11e7-905b-0050569f6a25"
Error,9/29/2017 8:24,EventCreate,1,None,Application,djkvdihost158.jakarta01.com,JAKARTA01\Arfilia  
Error,9/29/2017 8:24,EventCreate,1,None,Application,djkvdihost707.jakarta01.com,JAKARTA01\Hadi  
Error,9/29/2017 8:24,EventCreate,1,None,Application,djkvdihost708.jakarta01.com,JAKARTA01\nunu  
Error,9/29/2017 8:24,EventCreate,1,None,Application,djkvdihost686.jakarta01.com,JAKARTA01\Priellya  
Error,9/29/2017 8:24,EventCreate,1,None,Application,djkvdihost686.jakarta01.com,JAKARTA01\Priellya  
Error,9/29/2017 8:23,EventCreate,1,None,Application,djkvdihost264.jakarta01.com,JAKARTA01\victor  
Error,9/29/2017 8:23,EventCreate,1,None,Application,djkvdihost512.jakarta01.com,JAKARTA01\AdhiNu  
Error,9/29/2017 8:23,EventCreate,1,None,Application,djkvdihost262.jakarta01.com,JAKARTA01\Sely  
Error,9/29/2017 8:23,EventCreate,1,None,Application,djkvdihost398.jakarta01.com,JAKARTA01\GUESTISD28  
Error,9/29/2017 8:23,EventCreate,1,None,Application,djkvdihost521.jakarta01.com,JAKARTA01\ubaedi  
Error,9/29/2017 8:23,EventCreate,1,None,Application,djkvdihost262.jakarta01.com,JAKARTA01\Sely  
Error,9/29/2017 8:22,WSH,1,None,Application,djkvdihost264.jakarta01.com,"CN=Victor Nugraha password will expire in 4 day(s) at 10/3/2017 7:13:56 AM

Press CTRL + ALT + DEL and select the ""Change a password"" option."
Error,9/29/2017 8:23,EventCreate,1,None,Application,djkvdihost676.jakarta01.com,JAKARTA01\diena  
Error,9/29/2017 8:22,EventCreate,1,None,Application,djkvdihost777.jakarta01.com,JAKARTA01\Azis Budianto  
Error,9/29/2017 8:22,WSH,1,None,Application,djkvdihost264.jakarta01.com,"CN=Victor Nugraha password will expire in 4 day(s) at 10/3/2017 7:13:56 AM

Press CTRL + ALT + DEL and select the ""Change a password"" option."
Error,9/29/2017 8:21,EventCreate,1,None,Application,djkvdihost274.jakarta01.com,JAKARTA01\Danny  
Error,9/29/2017 8:21,EventCreate,1,None,Application,djkvdihost208.jakarta01.com,JAKARTA01\mahendrars  
Error,9/29/2017 8:21,EventCreate,1,None,Application,djkvdihost667.jakarta01.com,JAKARTA01\Siti Atikah  
Error,9/29/2017 8:21,EventCreate,1,None,Application,djkvdihost348.jakarta01.com,JAKARTA01\naldi  
Error,9/29/2017 8:21,EventCreate,1,None,Application,djkvdihost797.jakarta01.com,JAKARTA01\amelinda  
Error,9/29/2017 8:21,EventCreate,1,None,Application,djkvdihost141.jakarta01.com,JAKARTA01\JanuardiI  
Error,9/29/2017 8:20,EventCreate,1,None,Application,djkvdihost897.jakarta01.com,JAKARTA01\adi prasetio  
Error,9/29/2017 8:20,EventCreate,1,None,Application,djkvdihost053.jakarta01.com,JAKARTA01\sari  
Error,9/29/2017 8:20,EventCreate,1,None,Application,djkvdihost348.jakarta01.com,JAKARTA01\naldi  
Error,9/29/2017 8:20,EventCreate,1,None,Application,djkvdihost295.jakarta01.com,JAKARTA01\kunthi  
Error,9/29/2017 8:20,EventCreate,1,None,Application,djkvdihost792.jakarta01.com,JAKARTA01\alfiari  
Error,9/29/2017 8:20,EventCreate,1,None,Application,djkvdihost558.jakarta01.com,JAKARTA01\Sunaryo  
Error,9/29/2017 8:20,EventCreate,1,None,Application,djkvdihost254.jakarta01.com,JAKARTA01\rifan  
Error,9/29/2017 8:19,EventCreate,1,None,Application,djkvdihost443.jakarta01.com,JAKARTA01\brenda  
Error,9/29/2017 8:20,Application Error,1000,-100,Application,djkvdihost348.jakarta01.com,"Faulting application name: spoolsv.exe, version: 6.1.7601.17777, time stamp: 0x4f35efc3
Faulting module name: msvcrt.dll, version: 7.0.7601.17744, time stamp: 0x4eeaf722
Exception code: 0xc0000005
Fault offset: 0x0000aa14
Faulting process id: 0x638
Faulting application start time: 0x01d338c0d8b80a1d
Faulting application path: C:\Windows\System32\spoolsv.exe
Faulting module path: C:\Windows\system32\msvcrt.dll
Report Id: 50a254dd-a4b4-11e7-8ad0-0050569f48df"
Error,9/29/2017 8:20,EventCreate,1,None,Application,djkvdihost160.jakarta01.com,JAKARTA01\Festy  
Error,9/29/2017 8:19,EventCreate,1,None,Application,djkvdihost358.jakarta01.com,JAKARTA01\diah dwi  
Error,9/29/2017 8:19,EventCreate,1,None,Application,djkvdihost195.jakarta01.com,JAKARTA01\rininta  
Error,9/29/2017 8:19,EventCreate,1,None,Application,djkvdihost897.jakarta01.com,JAKARTA01\adi prasetio  
Error,9/29/2017 8:19,EventCreate,1,None,Application,djkvdihost348.jakarta01.com,JAKARTA01\naldi  
Error,9/29/2017 8:19,EventCreate,1,None,Application,djkvdihost540.jakarta01.com,JAKARTA01\puji sih  
Error,9/29/2017 8:19,EventCreate,1,None,Application,djkvdihost443.jakarta01.com,JAKARTA01\brenda  
Error,9/29/2017 8:19,EventCreate,1,None,Application,djkvdihost696.jakarta01.com,JAKARTA01\sugeng  
Error,9/29/2017 8:18,EventCreate,1,None,Application,djkvdihost371.jakarta01.com,JAKARTA01\dimas  
Error,9/29/2017 8:18,Application Error,1000,-100,Application,djkvdihost371.jakarta01.com,"Faulting application name: spoolsv.exe, version: 6.1.7601.17777, time stamp: 0x4f35efc3
Faulting module name: msvcrt.dll, version: 7.0.7601.17744, time stamp: 0x4eeaf722
Exception code: 0xc0000005
Fault offset: 0x0000aa14
Faulting process id: 0x630
Faulting application start time: 0x01d33842fb82476b
Faulting application path: C:\Windows\System32\spoolsv.exe
Faulting module path: C:\Windows\system32\msvcrt.dll
Report Id: 16f3cf85-a4b4-11e7-86da-0050569f69e2"
Error,9/29/2017 8:18,WSH,1,None,Application,djkvdihost358.jakarta01.com,"CN=Diah Dwi Ayulestari password will expire in 2 day(s) at 10/1/2017 5:19:33 PM

Press CTRL + ALT + DEL and select the ""Change a password"" option."
Error,9/29/2017 8:18,EventCreate,1,None,Application,djkvdihost613.jakarta01.com,JAKARTA01\Novianawati  
Error,9/29/2017 8:18,EventCreate,1,None,Application,djkvdihost190.jakarta01.com,JAKARTA01\Elisabeth  
Error,9/29/2017 8:18,EventCreate,1,None,Application,djkvdihost438.jakarta01.com,JAKARTA01\fauziah wildan  
Error,9/29/2017 8:18,EventCreate,1,None,Application,djkvdihost152.jakarta01.com,JAKARTA01\ramantid  
Error,9/29/2017 8:18,EventCreate,1,None,Application,djkvdihost072.jakarta01.com,JAKARTA01\giandripn  
Error,9/29/2017 8:18,EventCreate,1,None,Application,djkvdihost493.jakarta01.com,JAKARTA01\nora  
Error,9/29/2017 8:18,WSH,1,None,Application,djkvdihost358.jakarta01.com,"CN=Diah Dwi Ayulestari password will expire in 2 day(s) at 10/1/2017 5:19:33 PM

Press CTRL + ALT + DEL and select the ""Change a password"" option."
Error,9/29/2017 8:18,EventCreate,1,None,Application,djkvdihost573.jakarta01.com,JAKARTA01\erik  
Error,9/29/2017 8:18,EventCreate,1,None,Application,djkvdihost354.jakarta01.com,JAKARTA01\bryan  
Error,9/29/2017 8:16,WSH,1,None,Application,djkvdihost354.jakarta01.com,"CN=Bryan Tanri password will expire in 2 day(s) at 10/1/2017 4:42:52 PM

Press CTRL + ALT + DEL and select the ""Change a password"" option."
Error,9/29/2017 8:17,EventCreate,1,None,Application,djkvdihost635.jakarta01.com,JAKARTA01\Ana  
Error,9/29/2017 8:17,EventCreate,1,None,Application,djkvdihost681.jakarta01.com,JAKARTA01\kurniawan  
Error,9/29/2017 8:16,EventCreate,1,None,Application,djkvdihost336.jakarta01.com,JAKARTA01\eriku  
Error,9/29/2017 8:16,WSH,1,None,Application,djkvdihost354.jakarta01.com,"CN=Bryan Tanri password will expire in 2 day(s) at 10/1/2017 4:42:52 PM

Press CTRL + ALT + DEL and select the ""Change a password"" option."
Error,9/29/2017 8:16,EventCreate,1,None,Application,djkvdihost727.jakarta01.com,JAKARTA01\Winda  
Error,9/29/2017 8:16,EventCreate,1,None,Application,djkvdihost159.jakarta01.com,JAKARTA01\sutedja  
Error,9/29/2017 8:16,EventCreate,1,None,Application,djkvdihost584.jakarta01.com,JAKARTA01\tenri  
Error,9/29/2017 8:16,EventCreate,1,None,Application,djkvdihost727.jakarta01.com,JAKARTA01\Winda  
Error,9/29/2017 8:15,EventCreate,1,None,Application,djkvdihost657.jakarta01.com,JAKARTA01\subhan  
Error,9/29/2017 8:15,EventCreate,1,None,Application,djkvdihost552.jakarta01.com,JAKARTA01\Guestisd31  
Error,9/29/2017 8:15,EventCreate,1,None,Application,djkvdihost726.jakarta01.com,JAKARTA01\andi almira  
Error,9/29/2017 8:15,EventCreate,1,None,Application,djkvdihost090.jakarta01.com,JAKARTA01\yusuf  
Error,9/29/2017 8:15,EventCreate,1,None,Application,djkvdihost003.jakarta01.com,JAKARTA01\dewi  
Error,9/29/2017 8:15,EventCreate,1,None,Application,djkvdihost705.jakarta01.com,JAKARTA01\Sulaiman  
Error,9/29/2017 8:15,EventCreate,1,None,Application,djkvdihost401.jakarta01.com,JAKARTA01\sandi  
Error,9/29/2017 8:15,EventCreate,1,None,Application,djkvdihost193.jakarta01.com,JAKARTA01\nyimas  
Error,9/29/2017 8:14,EventCreate,1,None,Application,djkvdihost213.jakarta01.com,JAKARTA01\AULIASA  
Error,9/29/2017 8:14,EventCreate,1,None,Application,djkvdihost542.jakarta01.com,JAKARTA01\christian2  
Error,9/29/2017 8:14,EventCreate,1,None,Application,djkvdihost331.jakarta01.com,JAKARTA01\dwi budi  
Error,9/29/2017 8:14,EventCreate,1,None,Application,djkvdihost315.jakarta01.com,JAKARTA01\Ida  
Error,9/29/2017 8:14,EventCreate,1,None,Application,djkvdihost726.jakarta01.com,JAKARTA01\andi almira  
Error,9/29/2017 8:14,EventCreate,1,None,Application,djkvdihost106.jakarta01.com,JAKARTA01\femmy  
Error,9/29/2017 8:14,EventCreate,1,None,Application,djkvdihost300.jakarta01.com,JAKARTA01\eriks  
Error,9/29/2017 8:13,EventCreate,1,None,Application,djkvdihost897.jakarta01.com,JAKARTA01\adi prasetio  
Error,9/29/2017 8:13,EventCreate,1,None,Application,djkvdihost373.jakarta01.com,JAKARTA01\evanc  
Error,9/29/2017 8:13,EventCreate,1,None,Application,djkvdihost131.jakarta01.com,JAKARTA01\GUESTISD32  
Error,9/29/2017 8:13,EventCreate,1,None,Application,djkvdihost312.jakarta01.com,JAKARTA01\yoga  
Error,9/29/2017 8:12,EventCreate,1,None,Application,djkvdihost619.jakarta01.com,JAKARTA01\saputro  
Error,9/29/2017 8:12,EventCreate,1,None,Application,djkvdihost706.jakarta01.com,JAKARTA01\MSandy  
Error,9/29/2017 8:12,EventCreate,1,None,Application,djkvdihost760.jakarta01.com,JAKARTA01\yosanta  
Error,9/29/2017 8:11,EventCreate,1,None,Application,djkvdihost682.jakarta01.com,JAKARTA01\rbagus  
Error,9/29/2017 8:11,EventCreate,1,None,Application,djkvdihost034.jakarta01.com,JAKARTA01\GUESTISD22  
Error,9/29/2017 8:11,EventCreate,1,None,Application,djkvdihost703.jakarta01.com,JAKARTA01\Lutfi  
Error,9/29/2017 8:11,EventCreate,1,None,Application,djkvdihost682.jakarta01.com,JAKARTA01\rbagus  
Error,9/29/2017 8:11,EventCreate,1,None,Application,djkvdihost440.jakarta01.com,JAKARTA01\jayson  
Error,9/29/2017 8:10,EventCreate,1,None,Application,djkvdihost440.jakarta01.com,JAKARTA01\jayson  
Error,9/29/2017 8:11,EventCreate,1,None,Application,djkvdihost456.jakarta01.com,JAKARTA01\Daniel  
Error,9/29/2017 8:11,EventCreate,1,None,Application,djkvdihost690.jakarta01.com,JAKARTA01\GuestISD46  
Error,9/29/2017 8:11,EventCreate,1,None,Application,djkvdihost482.jakarta01.com,JAKARTA01\widya utami  
Error,9/29/2017 8:11,EventCreate,1,None,Application,djkvdihost600.jakarta01.com,JAKARTA01\natalie  
Error,9/29/2017 8:11,EventCreate,1,None,Application,djkvdihost752.jakarta01.com,JAKARTA01\Bagus Gede  
Error,9/29/2017 8:10,EventCreate,1,None,Application,djkvdihost418.jakarta01.com,JAKARTA01\wisnu  
Error,9/29/2017 8:10,EventCreate,1,None,Application,djkvdihost645.jakarta01.com,JAKARTA01\daniel pontifek  
Error,9/29/2017 8:10,EventCreate,1,None,Application,djkvdihost785.jakarta01.com,JAKARTA01\karmenia  
Error,9/29/2017 8:09,EventCreate,1,None,Application,djkvdihost224.jakarta01.com,JAKARTA01\rasyid  
Error,9/29/2017 8:09,EventCreate,1,None,Application,djkvdihost060.jakarta01.com,JAKARTA01\alvian  
Error,9/29/2017 8:09,EventCreate,1,None,Application,djkvdihost440.jakarta01.com,JAKARTA01\jayson  
Error,9/29/2017 8:09,EventCreate,1,None,Application,djkvdihost231.jakarta01.com,JAKARTA01\rahma  
Error,9/29/2017 8:09,EventCreate,1,None,Application,djkvdihost104.jakarta01.com,JAKARTA01\rara  
Error,9/29/2017 8:09,EventCreate,1,None,Application,djkvdihost659.jakarta01.com,JAKARTA01\janu  
Error,9/29/2017 8:09,EventCreate,1,None,Application,djkvdihost308.jakarta01.com,JAKARTA01\diah  
Error,9/29/2017 8:09,EventCreate,1,None,Application,djkvdihost531.jakarta01.com,JAKARTA01\oliviales  
Error,9/29/2017 8:09,WSH,1,None,Application,djkvdihost440.jakarta01.com,"CN=Jayson Fetra password will expire in 3 day(s) at 10/2/2017 7:57:24 AM

Press CTRL + ALT + DEL and select the ""Change a password"" option."
Error,9/29/2017 8:09,WSH,1,None,Application,djkvdihost440.jakarta01.com,"CN=Jayson Fetra password will expire in 3 day(s) at 10/2/2017 7:57:24 AM

Press CTRL + ALT + DEL and select the ""Change a password"" option."
Error,9/29/2017 8:09,EventCreate,1,None,Application,djkvdihost129.jakarta01.com,JAKARTA01\driarkoro  
Error,9/29/2017 8:09,EventCreate,1,None,Application,djkvdihost340.jakarta01.com,JAKARTA01\fathur  
Error,9/29/2017 8:08,EventCreate,1,None,Application,djkvdihost716.jakarta01.com,JAKARTA01\pahlevi  
Error,9/29/2017 8:08,EventCreate,1,None,Application,djkvdihost366.jakarta01.com,JAKARTA01\caroline  
Error,9/29/2017 8:08,EventCreate,1,None,Application,djkvdihost258.jakarta01.com,JAKARTA01\harumi  
Error,9/29/2017 8:08,EventCreate,1,None,Application,djkvdihost714.jakarta01.com,JAKARTA01\Anton 2  
Error,9/29/2017 8:08,EventCreate,1,None,Application,djkvdihost480.jakarta01.com,JAKARTA01\taty  
Error,9/29/2017 8:08,Application Error,1000,-100,Application,djkvdihost366.jakarta01.com,"Faulting application name: spoolsv.exe, version: 6.1.7601.17777, time stamp: 0x4f35efc3
Faulting module name: msvcrt.dll, version: 7.0.7601.17744, time stamp: 0x4eeaf722
Exception code: 0xc0000005
Fault offset: 0x0000aa14
Faulting process id: 0x638
Faulting application start time: 0x01d338578bc36349
Faulting application path: C:\Windows\System32\spoolsv.exe
Faulting module path: C:\Windows\system32\msvcrt.dll
Report Id: bc6e02cb-a4b2-11e7-86fa-0050569f74a8"
Error,9/29/2017 8:08,EventCreate,1,None,Application,djkvdihost775.jakarta01.com,JAKARTA01\nurhayani  
Error,9/29/2017 8:08,EventCreate,1,None,Application,djkvdihost150.jakarta01.com,JAKARTA01\ni ketut  
Error,9/29/2017 8:08,EventCreate,1,None,Application,djkvdihost040.jakarta01.com,JAKARTA01\evrizon  
Error,9/29/2017 8:08,EventCreate,1,None,Application,djkvdihost543.jakarta01.com,JAKARTA01\hemayani  
Error,9/29/2017 8:08,Application Error,1000,-100,Application,djkvdihost543.jakarta01.com,"Faulting application name: OUTLOOK.EXE, version: 15.0.4919.1001, time stamp: 0x58d20482
Faulting module name: OUTLOOK.EXE, version: 15.0.4919.1001, time stamp: 0x58d20482
Exception code: 0xc0000005
Fault offset: 0x008924c4
Faulting process id: 0x1f70
Faulting application start time: 0x01d338be412ae5e0
Faulting application path: C:\Program Files\Microsoft Office\Office15\OUTLOOK.EXE
Faulting module path: C:\Program Files\Microsoft Office\Office15\OUTLOOK.EXE
Report Id: a300bbad-a4b2-11e7-8569-0050569f2522"
Error,9/29/2017 8:08,EventCreate,1,None,Application,djkvdihost246.jakarta01.com,JAKARTA01\lizty  
Error,9/29/2017 8:08,EventCreate,1,None,Application,djkvdihost386.jakarta01.com,JAKARTA01\ghozia  
Error,9/29/2017 8:08,EventCreate,1,None,Application,djkvdihost568.jakarta01.com,JAKARTA01\enrikko  
Error,9/29/2017 8:08,EventCreate,1,None,Application,djkvdihost348.jakarta01.com,JAKARTA01\Festy  
Error,9/29/2017 8:07,EventCreate,1,None,Application,djkvdihost548.jakarta01.com,JAKARTA01\warda  
Error,9/29/2017 8:07,EventCreate,1,None,Application,djkvdihost421.jakarta01.com,JAKARTA01\fediana  
Error,9/29/2017 8:06,EventCreate,1,None,Application,djkvdihost631.jakarta01.com,JAKARTA01\Thalia  
Error,9/29/2017 8:07,EventCreate,1,None,Application,djkvdihost796.jakarta01.com,JAKARTA01\Yonanda  
Error,9/29/2017 8:06,EventCreate,1,None,Application,djkvdihost233.jakarta01.com,JAKARTA01\niluh  
Error,9/29/2017 8:06,EventCreate,1,None,Application,djkvdihost838.jakarta01.com,JAKARTA01\arief  
Error,9/29/2017 8:06,EventCreate,1,None,Application,djkvdihost265.jakarta01.com,JAKARTA01\dyah alit  
Error,9/29/2017 8:06,EventCreate,1,None,Application,djkvdihost269.jakarta01.com,JAKARTA01\guestisd37  
Error,9/29/2017 8:06,EventCreate,1,None,Application,djkvdihost749.jakarta01.com,JAKARTA01\sergi  
Error,9/29/2017 8:06,EventCreate,1,None,Application,djkvdihost218.jakarta01.com,JAKARTA01\teguh  
Error,9/29/2017 8:06,EventCreate,1,None,Application,djkvdihost040.jakarta01.com,JAKARTA01\evrizon  
Error,9/29/2017 8:06,EventCreate,1,None,Application,djkvdihost290.jakarta01.com,JAKARTA01\annisa inggita  
Error,9/29/2017 8:05,EventCreate,1,None,Application,djkvdihost631.jakarta01.com,JAKARTA01\Thalia  
Error,9/29/2017 8:05,EventCreate,1,None,Application,djkvdihost187.jakarta01.com,JAKARTA01\adiyanti  
Error,9/29/2017 8:05,EventCreate,1,None,Application,djkvdihost749.jakarta01.com,JAKARTA01\sergi  
Error,9/29/2017 8:05,EventCreate,1,None,Application,djkvdihost047.jakarta01.com,JAKARTA01\angga  
Error,9/29/2017 8:05,EventCreate,1,None,Application,djkvdihost731.jakarta01.com,JAKARTA01\MuhammadH  
Error,9/29/2017 8:05,EventCreate,1,None,Application,djkvdihost176.jakarta01.com,JAKARTA01\tri wahyu  
Error,9/29/2017 8:05,Application Error,1000,-100,Application,djkvdihost047.jakarta01.com,"Faulting application name: spoolsv.exe, version: 6.1.7601.17777, time stamp: 0x4f35efc3
Faulting module name: msvcrt.dll, version: 7.0.7601.17744, time stamp: 0x4eeaf722
Exception code: 0xc0000005
Fault offset: 0x0000aa14
Faulting process id: 0x634
Faulting application start time: 0x01d33879199f7a0e
Faulting application path: C:\Windows\System32\spoolsv.exe
Faulting module path: C:\Windows\system32\msvcrt.dll
Report Id: 4df3726c-a4b2-11e7-96f4-0050569f23b2"
Error,9/29/2017 8:05,EventCreate,1,None,Application,djkvdihost895.jakarta01.com,JAKARTA01\Agus Sutikno  
Error,9/29/2017 8:05,EventCreate,1,None,Application,djkvdihost702.jakarta01.com,JAKARTA01\aditya ny  
Error,9/29/2017 8:05,EventCreate,1,None,Application,djkvdihost109.jakarta01.com,JAKARTA01\dimas adhi  
Error,9/29/2017 8:04,EventCreate,1,None,Application,djkvdihost476.jakarta01.com,JAKARTA01\wulanf  
Error,9/29/2017 8:05,EventCreate,1,None,Application,djkvdihost146.jakarta01.com,JAKARTA01\laila  
Error,9/29/2017 8:05,EventCreate,1,None,Application,djkvdihost267.jakarta01.com,JAKARTA01\Tri Ari  
Error,9/29/2017 8:05,EventCreate,1,None,Application,djkvdihost490.jakarta01.com,JAKARTA01\MAUREEN  
Error,9/29/2017 8:05,EventCreate,1,None,Application,djkvdihost631.jakarta01.com,JAKARTA01\Thalia  
Error,9/29/2017 8:05,EventCreate,1,None,Application,djkvdihost235.jakarta01.com,JAKARTA01\dadang  
Error,9/29/2017 8:05,EventCreate,1,None,Application,djkvdihost668.jakarta01.com,JAKARTA01\idams  
Error,9/29/2017 8:05,EventCreate,1,None,Application,djkvdihost410.jakarta01.com,JAKARTA01\Latiefah  
Error,9/29/2017 8:05,EventCreate,1,None,Application,djkvdihost773.jakarta01.com,JAKARTA01\yisca  
Error,9/29/2017 8:05,WSH,1,None,Application,djkvdihost749.jakarta01.com,"CN=Sergi Sergi password will expire in 4 day(s) at 10/3/2017 8:06:57 AM

Press CTRL + ALT + DEL and select the ""Change a password"" option."
Error,9/29/2017 8:05,WSH,1,None,Application,djkvdihost749.jakarta01.com,"CN=Sergi Sergi password will expire in 4 day(s) at 10/3/2017 8:06:57 AM

Press CTRL + ALT + DEL and select the ""Change a password"" option."
Error,9/29/2017 8:04,EventCreate,1,None,Application,djkvdihost018.jakarta01.com,JAKARTA01\mpinto  
Error,9/29/2017 8:04,EventCreate,1,None,Application,djkvdihost771.jakarta01.com,JAKARTA01\budhasca  
Error,9/29/2017 8:04,EventCreate,1,None,Application,djkvdihost771.jakarta01.com,JAKARTA01\budhasca  
Error,9/29/2017 8:04,EventCreate,1,None,Application,djkvdihost771.jakarta01.com,JAKARTA01\budhasca  
Error,9/29/2017 8:04,EventCreate,1,None,Application,djkvdihost771.jakarta01.com,JAKARTA01\budhasca  
Error,9/29/2017 8:04,EventCreate,1,None,Application,djkvdihost771.jakarta01.com,JAKARTA01\budhasca  
Error,9/29/2017 8:04,EventCreate,1,None,Application,djkvdihost711.jakarta01.com,JAKARTA01\syifa  
Error,9/29/2017 8:04,WSH,1,None,Application,djkvdihost711.jakarta01.com,"CN=Syifa Silvia password will expire in 2 day(s) at 10/1/2017 8:17:07 AM

Press CTRL + ALT + DEL and select the ""Change a password"" option."
Error,9/29/2017 8:04,EventCreate,1,None,Application,djkvdihost490.jakarta01.com,JAKARTA01\MAUREEN  
Error,9/29/2017 8:04,EventCreate,1,None,Application,djkvdihost476.jakarta01.com,JAKARTA01\wulanf  
Error,9/29/2017 8:04,EventCreate,1,None,Application,djkvdihost457.jakarta01.com,JAKARTA01\dini hariyani  
Error,9/29/2017 8:04,EventCreate,1,None,Application,djkvdihost799.jakarta01.com,JAKARTA01\yulia rifanda  
Error,9/29/2017 8:04,WSH,1,None,Application,djkvdihost711.jakarta01.com,"CN=Syifa Silvia password will expire in 2 day(s) at 10/1/2017 8:17:07 AM

Press CTRL + ALT + DEL and select the ""Change a password"" option."
Error,9/29/2017 8:04,EventCreate,1,None,Application,djkvdihost747.jakarta01.com,JAKARTA01\imam  
Error,9/29/2017 8:04,EventCreate,1,None,Application,djkvdihost089.jakarta01.com,JAKARTA01\cita  
Error,9/29/2017 8:04,EventCreate,1,None,Application,djkvdihost835.jakarta01.com,JAKARTA01\phia  
Error,9/29/2017 8:04,EventCreate,1,None,Application,djkvdihost064.jakarta01.com,JAKARTA01\ahmad  
Error,9/29/2017 8:04,EventCreate,1,None,Application,djkvdihost389.jakarta01.com,JAKARTA01\Tammyana  
Error,9/29/2017 8:03,WSH,1,None,Application,djkvdihost771.jakarta01.com,"CN=BudHasca password will expire in 4 day(s) at 10/3/2017 12:26:51 PM

Press CTRL + ALT + DEL and select the ""Change a password"" option."
Error,9/29/2017 8:04,WSH,1,None,Application,djkvdihost476.jakarta01.com,"CN=Wulan Fajarini password will expire in 4 day(s) at 10/3/2017 10:47:06 AM

Press CTRL + ALT + DEL and select the ""Change a password"" option."
Error,9/29/2017 8:04,WSH,1,None,Application,djkvdihost476.jakarta01.com,"CN=Wulan Fajarini password will expire in 4 day(s) at 10/3/2017 10:47:06 AM

Press CTRL + ALT + DEL and select the ""Change a password"" option."
Error,9/29/2017 8:03,EventCreate,1,None,Application,djkvdihost721.jakarta01.com,JAKARTA01\wahyudj  
Error,9/29/2017 8:03,EventCreate,1,None,Application,djkvdihost578.jakarta01.com,JAKARTA01\palmella  
Error,9/29/2017 8:03,EventCreate,1,None,Application,djkvdihost251.jakarta01.com,JAKARTA01\davidc  
Error,9/29/2017 8:03,EventCreate,1,None,Application,djkvdihost170.jakarta01.com,JAKARTA01\heriansyah  
Error,9/29/2017 8:03,WSH,1,None,Application,djkvdihost771.jakarta01.com,"CN=BudHasca password will expire in 4 day(s) at 10/3/2017 12:26:51 PM

Press CTRL + ALT + DEL and select the ""Change a password"" option."
Error,9/29/2017 8:03,EventCreate,1,None,Application,djkvdihost344.jakarta01.com,JAKARTA01\Darmawati  
Error,9/29/2017 8:03,EventCreate,1,None,Application,djkvdihost244.jakarta01.com,JAKARTA01\rizal  
Error,9/29/2017 8:03,EventCreate,1,None,Application,djkvdihost168.jakarta01.com,JAKARTA01\samekto  
Error,9/29/2017 8:03,EventCreate,1,None,Application,djkvdihost808.jakarta01.com,JAKARTA01\lileliza  
Error,9/29/2017 8:02,EventCreate,1,None,Application,djkvdihost517.jakarta01.com,JAKARTA01\venir  
Error,9/29/2017 8:02,EventCreate,1,None,Application,djkvdihost163.jakarta01.com,JAKARTA01\Leonardus  
Error,9/29/2017 8:02,EventCreate,1,None,Application,djkvdihost306.jakarta01.com,JAKARTA01\saptorini  
Error,9/29/2017 8:02,EventCreate,1,None,Application,djkvdihost291.jakarta01.com,JAKARTA01\raymond  
Error,9/29/2017 8:02,EventCreate,1,None,Application,djkvdihost091.jakarta01.com,JAKARTA01\zulkarnaena  
Error,9/29/2017 8:02,EventCreate,1,None,Application,djkvdihost322.jakarta01.com,JAKARTA01\anissa  
Error,9/29/2017 8:02,EventCreate,1,None,Application,djkvdihost593.jakarta01.com,JAKARTA01\arismanm  
Error,9/29/2017 8:02,EventCreate,1,None,Application,djkvdihost766.jakarta01.com,JAKARTA01\bella  
Error,9/29/2017 8:02,EventCreate,1,None,Application,djkvdihost102.jakarta01.com,JAKARTA01\achmadr  
Error,9/29/2017 8:02,EventCreate,1,None,Application,djkvdihost470.jakarta01.com,JAKARTA01\endah_k  
Error,9/29/2017 8:02,EventCreate,1,None,Application,djkvdihost409.jakarta01.com,JAKARTA01\Dini Rahmawati  
Error,9/29/2017 8:02,EventCreate,1,None,Application,djkvdihost781.jakarta01.com,JAKARTA01\yenaretsa  
Error,9/29/2017 8:02,EventCreate,1,None,Application,djkvdihost327.jakarta01.com,JAKARTA01\M Said  
Error,9/29/2017 8:02,EventCreate,1,None,Application,djkvdihost599.jakarta01.com,JAKARTA01\MuhammadI  
Error,9/29/2017 8:01,EventCreate,1,None,Application,djkvdihost138.jakarta01.com,JAKARTA01\yorika  
Error,9/29/2017 8:01,EventCreate,1,None,Application,djkvdihost327.jakarta01.com,JAKARTA01\M Said  
Error,9/29/2017 8:01,EventCreate,1,None,Application,djkvdihost723.jakarta01.com,JAKARTA01\Sonson  
Error,9/29/2017 8:01,EventCreate,1,None,Application,djkvdihost633.jakarta01.com,JAKARTA01\mery  
Error,9/29/2017 8:01,EventCreate,1,None,Application,djkvdihost791.jakarta01.com,JAKARTA01\nadya  
Error,9/29/2017 8:01,EventCreate,1,None,Application,djkvdihost717.jakarta01.com,JAKARTA01\rinaldonp  
Error,9/29/2017 8:01,EventCreate,1,None,Application,djkvdihost063.jakarta01.com,JAKARTA01\nadea  
Error,9/29/2017 8:01,EventCreate,1,None,Application,djkvdihost597.jakarta01.com,JAKARTA01\DedyW  
Error,9/29/2017 8:01,EventCreate,1,None,Application,djkvdihost427.jakarta01.com,JAKARTA01\yosie  
Error,9/29/2017 8:01,EventCreate,1,None,Application,djkvdihost805.jakarta01.com,JAKARTA01\polyska  
Error,9/29/2017 8:01,EventCreate,1,None,Application,djkvdihost803.jakarta01.com,JAKARTA01\mutiman  
Error,9/29/2017 8:01,EventCreate,1,None,Application,djkvdihost672.jakarta01.com,JAKARTA01\Fardhady  
Error,9/29/2017 8:01,EventCreate,1,None,Application,djkvdihost830.jakarta01.com,JAKARTA01\Taufik Kurniawan  
Error,9/29/2017 8:01,EventCreate,1,None,Application,djkvdihost515.jakarta01.com,JAKARTA01\dwi septiyanti  
Error,9/29/2017 8:01,EventCreate,1,None,Application,djkvdihost602.jakarta01.com,JAKARTA01\Rizky Anggari  
Error,9/29/2017 8:01,EventCreate,1,None,Application,djkvdihost532.jakarta01.com,JAKARTA01\BudiS  
Error,9/29/2017 8:01,EventCreate,1,None,Application,djkvdihost009.jakarta01.com,JAKARTA01\rizka syarifa  
Error,9/29/2017 8:01,EventCreate,1,None,Application,djkvdihost519.jakarta01.com,JAKARTA01\eka prastica  
Error,9/29/2017 8:01,EventCreate,1,None,Application,djkvdihost508.jakarta01.com,JAKARTA01\hanna  
Error,9/29/2017 8:01,EventCreate,1,None,Application,djkvdihost855.jakarta01.com,JAKARTA01\deddy  
Error,9/29/2017 8:01,WSH,1,None,Application,djkvdihost063.jakarta01.com,"CN=Nadea Endar Kesuma password will expire in 2 day(s) at 10/1/2017 8:20:18 AM

Press CTRL + ALT + DEL and select the ""Change a password"" option."
Error,9/29/2017 8:01,WSH,1,None,Application,djkvdihost063.jakarta01.com,"CN=Nadea Endar Kesuma password will expire in 2 day(s) at 10/1/2017 8:20:18 AM

Press CTRL + ALT + DEL and select the ""Change a password"" option."
Error,9/29/2017 8:00,EventCreate,1,None,Application,djkvdihost448.jakarta01.com,JAKARTA01\SELIH  
Error,9/29/2017 8:00,EventCreate,1,None,Application,djkvdihost555.jakarta01.com,JAKARTA01\vita  
Error,9/29/2017 8:00,EventCreate,1,None,Application,djkvdihost070.jakarta01.com,JAKARTA01\Mulyono  
Error,9/29/2017 8:00,EventCreate,1,None,Application,djkvdihost649.jakarta01.com,JAKARTA01\bellaisya  
Error,9/29/2017 8:00,EventCreate,1,None,Application,djkvdihost140.jakarta01.com,JAKARTA01\puji  
Error,9/29/2017 8:00,EventCreate,1,None,Application,djkvdihost139.jakarta01.com,JAKARTA01\lieke  
Error,9/29/2017 8:00,EventCreate,1,None,Application,djkvdihost180.jakarta01.com,JAKARTA01\kristiana  
Error,9/29/2017 8:00,EventCreate,1,None,Application,djkvdihost579.jakarta01.com,JAKARTA01\martha  
Error,9/29/2017 8:00,EventCreate,1,None,Application,djkvdihost342.jakarta01.com,JAKARTA01\liza  
Error,9/29/2017 8:00,EventCreate,1,None,Application,djkvdihost450.jakarta01.com,JAKARTA01\Chairul  
Error,9/29/2017 8:00,EventCreate,1,None,Application,djkvdihost833.jakarta01.com,JAKARTA01\chinthiars  
Error,9/29/2017 8:00,EventCreate,1,None,Application,djkvdihost263.jakarta01.com,JAKARTA01\gian  
Error,9/29/2017 8:00,EventCreate,1,None,Application,djkvdihost097.jakarta01.com,JAKARTA01\Dwita  
Error,9/29/2017 7:59,EventCreate,1,None,Application,djkvdihost825.jakarta01.com,JAKARTA01\wiranti  
Error,9/29/2017 8:00,EventCreate,1,None,Application,djkvdihost605.jakarta01.com,JAKARTA01\raditya  
Error,9/29/2017 8:00,EventCreate,1,None,Application,djkvdihost229.jakarta01.com,JAKARTA01\Ariestyo  
Error,9/29/2017 8:00,EventCreate,1,None,Application,djkvdihost624.jakarta01.com,JAKARTA01\puri  
Error,9/29/2017 8:00,EventCreate,1,None,Application,djkvdihost853.jakarta01.com,JAKARTA01\abdul  
Error,9/29/2017 8:00,EventCreate,1,None,Application,djkvdihost339.jakarta01.com,JAKARTA01\endrojono  
Error,9/29/2017 7:59,EventCreate,1,None,Application,djkvdihost307.jakarta01.com,JAKARTA01\andiani  
Error,9/29/2017 7:59,EventCreate,1,None,Application,djkvdihost216.jakarta01.com,JAKARTA01\melly  
Error,9/29/2017 7:59,EventCreate,1,None,Application,djkvdihost463.jakarta01.com,JAKARTA01\m iqbal  
Error,9/29/2017 7:59,EventCreate,1,None,Application,djkvdihost217.jakarta01.com,JAKARTA01\ronal  
Error,9/29/2017 7:59,EventCreate,1,None,Application,djkvdihost459.jakarta01.com,JAKARTA01\quartiny  
Error,9/29/2017 7:59,WSH,1,None,Application,djkvdihost825.jakarta01.com,"CN=Wiranti Surya Hutami password will expire in 3 day(s) at 10/2/2017 9:04:13 AM

Press CTRL + ALT + DEL and select the ""Change a password"" option."
Error,9/29/2017 7:59,EventCreate,1,None,Application,djkvdihost349.jakarta01.com,JAKARTA01\Nazlaini  
Error,9/29/2017 7:59,EventCreate,1,None,Application,djkvdihost719.jakarta01.com,JAKARTA01\devita  
Error,9/29/2017 7:59,EventCreate,1,None,Application,djkvdihost454.jakarta01.com,JAKARTA01\GuestISD45  
Error,9/29/2017 7:59,EventCreate,1,None,Application,djkvdihost345.jakarta01.com,JAKARTA01\smuhidin  
Error,9/29/2017 7:58,EventCreate,1,None,Application,djkvdihost151.jakarta01.com,JAKARTA01\reza  
Error,9/29/2017 7:59,EventCreate,1,None,Application,djkvdihost758.jakarta01.com,JAKARTA01\Agus  
Error,9/29/2017 7:59,EventCreate,1,None,Application,djkvdihost510.jakarta01.com,JAKARTA01\adityo  
Error,9/29/2017 7:59,EventCreate,1,None,Application,djkvdihost368.jakarta01.com,JAKARTA01\ahmad zainul  
Error,9/29/2017 7:59,EventCreate,1,None,Application,djkvdihost632.jakarta01.com,JAKARTA01\astio  
Error,9/29/2017 7:59,WSH,1,None,Application,djkvdihost825.jakarta01.com,"CN=Wiranti Surya Hutami password will expire in 3 day(s) at 10/2/2017 9:04:13 AM

Press CTRL + ALT + DEL and select the ""Change a password"" option."
Error,9/29/2017 7:58,EventCreate,1,None,Application,djkvdihost212.jakarta01.com,JAKARTA01\nungi  
Error,9/29/2017 7:58,EventCreate,1,None,Application,djkvdihost212.jakarta01.com,JAKARTA01\nungi  
Error,9/29/2017 7:58,EventCreate,1,None,Application,djkvdihost212.jakarta01.com,JAKARTA01\nungi  
Error,9/29/2017 7:59,EventCreate,1,None,Application,djkvdihost786.jakarta01.com,JAKARTA01\ClarissaMh  
Error,9/29/2017 7:59,EventCreate,1,None,Application,djkvdihost735.jakarta01.com,JAKARTA01\andrewrs  
Error,9/29/2017 7:58,EventCreate,1,None,Application,djkvdihost586.jakarta01.com,JAKARTA01\GuestISD56  
Error,9/29/2017 7:58,EventCreate,1,None,Application,djkvdihost275.jakarta01.com,JAKARTA01\Indah  
Error,9/29/2017 7:58,EventCreate,1,None,Application,djkvdihost280.jakarta01.com,JAKARTA01\REIS  
Error,9/29/2017 7:58,WSH,1,None,Application,djkvdihost217.jakarta01.com,"CN=Ronal Priguna Murni password will expire in 2 day(s) at 10/1/2017 7:10:52 AM

Press CTRL + ALT + DEL and select the ""Change a password"" option."
Error,9/29/2017 7:58,WSH,1,None,Application,djkvdihost217.jakarta01.com,"CN=Ronal Priguna Murni password will expire in 2 day(s) at 10/1/2017 7:10:52 AM

Press CTRL + ALT + DEL and select the ""Change a password"" option."
Error,9/29/2017 7:58,EventCreate,1,None,Application,djkvdihost147.jakarta01.com,JAKARTA01\panji ndaru  
Error,9/29/2017 7:58,EventCreate,1,None,Application,djkvdihost043.jakarta01.com,JAKARTA01\gerald  
Error,9/29/2017 7:58,EventCreate,1,None,Application,djkvdihost751.jakarta01.com,JAKARTA01\sylvia  
Error,9/29/2017 7:58,EventCreate,1,None,Application,djkvdihost807.jakarta01.com,JAKARTA01\Didik  
Error,9/29/2017 7:58,EventCreate,1,None,Application,djkvdihost151.jakarta01.com,JAKARTA01\reza  
Error,9/29/2017 7:58,EventCreate,1,None,Application,djkvdihost381.jakarta01.com,JAKARTA01\evi  
Error,9/29/2017 7:58,EventCreate,1,None,Application,djkvdihost868.jakarta01.com,JAKARTA01\natasya  
Error,9/29/2017 7:58,EventCreate,1,None,Application,djkvdihost329.jakarta01.com,JAKARTA01\melany  
Error,9/29/2017 7:57,EventCreate,1,None,Application,djkvdihost324.jakarta01.com,JAKARTA01\rudy  
Error,9/29/2017 7:58,EventCreate,1,None,Application,djkvdihost523.jakarta01.com,JAKARTA01\erika  
Error,9/29/2017 7:58,EventCreate,1,None,Application,djkvdihost724.jakarta01.com,JAKARTA01\marie  
Error,9/29/2017 7:58,EventCreate,1,None,Application,djkvdihost212.jakarta01.com,JAKARTA01\nungi  
Error,9/29/2017 7:58,EventCreate,1,None,Application,djkvdihost021.jakarta01.com,JAKARTA01\sashkia  
Error,9/29/2017 7:58,EventCreate,1,None,Application,djkvdihost001.jakarta01.com,JAKARTA01\sysdovs03  
Error,9/29/2017 7:57,EventCreate,1,None,Application,djkvdihost298.jakarta01.com,JAKARTA01\alexsandro  
Error,9/29/2017 7:57,EventCreate,1,None,Application,djkvdihost436.jakarta01.com,JAKARTA01\mega  
Error,9/29/2017 7:57,EventCreate,1,None,Application,djkvdihost822.jakarta01.com,JAKARTA01\nurul  
Error,9/29/2017 7:57,EventCreate,1,None,Application,djkvdihost774.jakarta01.com,JAKARTA01\luthfi  
Error,9/29/2017 7:57,EventCreate,1,None,Application,djkvdihost664.jakarta01.com,JAKARTA01\yuswardie  
Error,9/29/2017 7:57,EventCreate,1,None,Application,djkvdihost553.jakarta01.com,JAKARTA01\himawan  
Error,9/29/2017 7:57,EventCreate,1,None,Application,djkvdihost669.jakarta01.com,JAKARTA01\Risqia  
