Error,9/26/2017 7:03,EventCreate,1,None,Application,djkvdihost714.jakarta01.com,JAKARTA01\feni  
Error,9/26/2017 7:03,EventCreate,1,None,Application,djkvdihost846.jakarta01.com,JAKARTA01\masuyama  
Error,9/26/2017 7:02,EventCreate,1,None,Application,djkvdihost559.jakarta01.com,JAKARTA01\Nur Maya  
Error,9/26/2017 7:02,EventCreate,1,None,Application,djkvdihost023.jakarta01.com,JAKARTA01\gatots  
Error,9/26/2017 7:02,Application Error,1000,-100,Application,djkvdihost559.jakarta01.com,"Faulting application name: spoolsv.exe, version: 6.1.7601.17777, time stamp: 0x4f35efc3
Faulting module name: msvcrt.dll, version: 7.0.7601.17744, time stamp: 0x4eeaf722
Exception code: 0xc0000005
Fault offset: 0x0000aa14
Faulting process id: 0x640
Faulting application start time: 0x01d335e3dc5ac3c0
Faulting application path: C:\Windows\System32\spoolsv.exe
Faulting module path: C:\Windows\system32\msvcrt.dll
Report Id: 0460022b-a24e-11e7-9357-0050569f6fa7"
Error,9/26/2017 7:00,EventCreate,1,None,Application,djkvdihost631.jakarta01.com,JAKARTA01\rusliyani  
Error,9/26/2017 6:59,EventCreate,1,None,Application,djkvdihost308.jakarta01.com,JAKARTA01\IRMALA  
Error,9/26/2017 6:58,EventCreate,1,None,Application,djkvdihost584.jakarta01.com,JAKARTA01\livia  
Error,9/26/2017 6:58,EventCreate,1,None,Application,djkvdihost358.jakarta01.com,JAKARTA01\ayub  
Error,9/26/2017 6:58,EventCreate,1,None,Application,djkvdihost545.jakarta01.com,JAKARTA01\mahendrars  
Error,9/26/2017 6:57,EventCreate,1,None,Application,djkvdihost014.jakarta01.com,JAKARTA01\sugiarto  
Error,9/26/2017 6:57,EventCreate,1,None,Application,djkvdihost843.jakarta01.com,JAKARTA01\bobby  
Error,9/26/2017 6:57,EventCreate,1,None,Application,djkvdihost585.jakarta01.com,JAKARTA01\rusmelin  
Error,9/26/2017 6:56,EventCreate,1,None,Application,djkvdihost666.jakarta01.com,JAKARTA01\Ameilia  
Error,9/26/2017 6:56,EventCreate,1,None,Application,djkvdihost463.jakarta01.com,JAKARTA01\phia  
Error,9/26/2017 6:56,EventCreate,1,None,Application,djkvdihost476.jakarta01.com,JAKARTA01\elestari  
Error,9/26/2017 6:56,EventCreate,1,None,Application,djkvdihost666.jakarta01.com,JAKARTA01\Ameilia  
Error,9/26/2017 6:56,EventCreate,1,None,Application,djkvdihost002.jakarta01.com,JAKARTA01\Rafika  
Error,9/26/2017 6:56,EventCreate,1,None,Application,djkvdihost002.jakarta01.com,JAKARTA01\Rafika  
Error,9/26/2017 6:56,EventCreate,1,None,Application,djkvdihost741.jakarta01.com,JAKARTA01\Amaliawati  
Error,9/26/2017 6:56,EventCreate,1,None,Application,djkvdihost288.jakarta01.com,JAKARTA01\tobing  
Error,9/26/2017 6:56,EventCreate,1,None,Application,djkvdihost143.jakarta01.com,JAKARTA01\Riki Darisman  
Error,9/26/2017 6:56,EventCreate,1,None,Application,djkvdihost003.jakarta01.com,JAKARTA01\Leli  
Error,9/26/2017 6:56,EventCreate,1,None,Application,djkvdihost627.jakarta01.com,JAKARTA01\andrinur  
Error,9/26/2017 6:56,EventCreate,1,None,Application,djkvdihost441.jakarta01.com,JAKARTA01\suhendrayana  
Error,9/26/2017 6:55,Application Error,1000,-100,Application,djkvdihost002.jakarta01.com,"Faulting application name: spoolsv.exe, version: 6.1.7601.17777, time stamp: 0x4f35efc3
Faulting module name: msvcrt.dll, version: 7.0.7601.17744, time stamp: 0x4eeaf722
Exception code: 0xc0000005
Fault offset: 0x0000aa14
Faulting process id: 0x638
Faulting application start time: 0x01d335e5f556a8dc
Faulting application path: C:\Windows\System32\spoolsv.exe
Faulting module path: C:\Windows\system32\msvcrt.dll
Report Id: 1199aaa0-a24d-11e7-834b-0050569f005a"
Error,9/26/2017 6:54,EventCreate,1,None,Application,djkvdihost773.jakarta01.com,JAKARTA01\Patsiana  
Error,9/26/2017 6:54,EventCreate,1,None,Application,djkvdihost743.jakarta01.com,JAKARTA01\alexander  
Error,9/26/2017 6:53,EventCreate,1,None,Application,djkvdihost096.jakarta01.com,JAKARTA01\Virgitha  
Error,9/26/2017 6:53,EventCreate,1,None,Application,djkvdihost776.jakarta01.com,JAKARTA01\Shena  
Error,9/26/2017 6:52,EventCreate,1,None,Application,djkvdihost075.jakarta01.com,JAKARTA01\ester  
Error,9/26/2017 6:52,EventCreate,1,None,Application,djkvdihost170.jakarta01.com,JAKARTA01\cahyaningtiyas  
Error,9/26/2017 6:50,EventCreate,1,None,Application,djkvdihost443.jakarta01.com,JAKARTA01\susanto  
Error,9/26/2017 6:50,EventCreate,1,None,Application,djkvdihost178.jakarta01.com,JAKARTA01\gallant  
Error,9/26/2017 6:49,EventCreate,1,None,Application,djkvdihost270.jakarta01.com,JAKARTA01\poespita  
Error,9/26/2017 6:49,EventCreate,1,None,Application,djkvdihost527.jakarta01.com,JAKARTA01\andini  
Error,9/26/2017 6:48,EventCreate,1,None,Application,djkvdihost302.jakarta01.com,JAKARTA01\mulyono  
Error,9/26/2017 6:48,Application Error,1000,-100,Application,djkvdihost302.jakarta01.com,"Faulting application name: spoolsv.exe, version: 6.1.7601.17777, time stamp: 0x4f35efc3
Faulting module name: msvcrt.dll, version: 7.0.7601.17744, time stamp: 0x4eeaf722
Exception code: 0xc0000005
Fault offset: 0x0000aa14
Faulting process id: 0x634
Faulting application start time: 0x01d335fcc1f4da8e
Faulting application path: C:\Windows\System32\spoolsv.exe
Faulting module path: C:\Windows\system32\msvcrt.dll
Report Id: f64795e7-a24b-11e7-b3ab-0050569f7524"
Error,9/26/2017 6:47,EventCreate,1,None,Application,djkvdihost302.jakarta01.com,JAKARTA01\mulyono  
Error,9/26/2017 6:48,EventCreate,1,None,Application,djkvdihost825.jakarta01.com,JAKARTA01\Chinthea  
Error,9/26/2017 6:47,EventCreate,1,None,Application,djkvdihost320.jakarta01.com,JAKARTA01\willya  
Error,9/26/2017 6:47,EventCreate,1,None,Application,djkvdihost853.jakarta01.com,JAKARTA01\Ouchi  
Error,9/26/2017 6:47,EventCreate,1,None,Application,djkvdihost302.jakarta01.com,JAKARTA01\mulyono  
Error,9/26/2017 6:46,EventCreate,1,None,Application,djkvdihost818.jakarta01.com,JAKARTA01\muhammad zubayr  
Error,9/26/2017 6:44,EventCreate,1,None,Application,djkvdihost366.jakarta01.com,JAKARTA01\moh rinov  
Error,9/26/2017 6:43,EventCreate,1,None,Application,djkvdihost422.jakarta01.com,JAKARTA01\hideo  
Error,9/26/2017 6:42,EventCreate,1,None,Application,djkvdihost717.jakarta01.com,JAKARTA01\Bob Jasper  
Error,9/26/2017 6:41,EventCreate,1,None,Application,djkvdihost510.jakarta01.com,JAKARTA01\kezia  
Error,9/26/2017 6:41,EventCreate,1,None,Application,djkvdihost018.jakarta01.com,JAKARTA01\paramita  
Error,9/26/2017 6:41,EventCreate,1,None,Application,djkvdihost454.jakarta01.com,JAKARTA01\mulyanto  
Error,9/26/2017 6:40,EventCreate,1,None,Application,djkvdihost854.jakarta01.com,JAKARTA01\jeremia  
Error,9/26/2017 6:40,EventCreate,1,None,Application,djkvdihost066.jakarta01.com,JAKARTA01\nugraha  
Error,9/26/2017 6:40,EventCreate,1,None,Application,djkvdihost066.jakarta01.com,JAKARTA01\nugraha  
Error,9/26/2017 6:40,EventCreate,1,None,Application,djkvdihost854.jakarta01.com,JAKARTA01\jeremia  
Error,9/26/2017 6:39,EventCreate,1,None,Application,djkvdihost083.jakarta01.com,JAKARTA01\muhammad afif  
Error,9/26/2017 6:38,EventCreate,1,None,Application,djkvdihost215.jakarta01.com,JAKARTA01\Pinta  
Error,9/26/2017 6:38,EventCreate,1,None,Application,djkvdihost094.jakarta01.com,JAKARTA01\tjahja  
Error,9/26/2017 6:38,EventCreate,1,None,Application,djkvdihost073.jakarta01.com,JAKARTA01\rusliadi  
Error,9/26/2017 6:38,EventCreate,1,None,Application,djkvdihost094.jakarta01.com,JAKARTA01\tjahja  
Error,9/26/2017 6:35,EventCreate,1,None,Application,djkvdihost698.jakarta01.com,JAKARTA01\Linah  
Error,9/26/2017 6:35,EventCreate,1,None,Application,djkvdihost871.jakarta01.com,JAKARTA01\Machida  
Error,9/26/2017 6:32,EventCreate,1,None,Application,djkvdihost653.jakarta01.com,JAKARTA01\komangsd  
Error,9/26/2017 6:31,EventCreate,1,None,Application,djkvdihost361.jakarta01.com,JAKARTA01\faiqa  
Error,9/26/2017 6:30,Application Error,1000,-100,Application,djkvdihost361.jakarta01.com,"Faulting application name: spoolsv.exe, version: 6.1.7601.17777, time stamp: 0x4f35efc3
Faulting module name: msvcrt.dll, version: 7.0.7601.17744, time stamp: 0x4eeaf722
Exception code: 0xc0000005
Fault offset: 0x0000aa14
Faulting process id: 0x630
Faulting application start time: 0x01d335e7a36bbc08
Faulting application path: C:\Windows\System32\spoolsv.exe
Faulting module path: C:\Windows\system32\msvcrt.dll
Report Id: 958961cc-a249-11e7-8ebc-0050569f08f9"
Error,9/26/2017 6:28,EventCreate,1,None,Application,djkvdihost865.jakarta01.com,JAKARTA01\hastari  
Error,9/26/2017 6:28,EventCreate,1,None,Application,djkvdihost498.jakarta01.com,JAKARTA01\cut nyak  
Error,9/26/2017 6:27,EventCreate,1,None,Application,djkvdihost372.jakarta01.com,JAKARTA01\taufik  
Error,9/26/2017 6:26,EventCreate,1,None,Application,djkvdihost435.jakarta01.com,JAKARTA01\michael  
Error,9/26/2017 6:26,EventCreate,1,None,Application,djkvdihost282.jakarta01.com,JAKARTA01\Valdi  
Error,9/26/2017 6:25,EventCreate,1,None,Application,djkvdihost874.jakarta01.com,JAKARTA01\ueda  
Error,9/26/2017 6:21,EventCreate,1,None,Application,djkvdihost789.jakarta01.com,JAKARTA01\yofiandhy  
Error,9/26/2017 6:21,EventCreate,1,None,Application,djkvdihost293.jakarta01.com,JAKARTA01\Hertanto gunadi  
Error,9/26/2017 6:20,EventCreate,1,None,Application,djkvdihost680.jakarta01.com,JAKARTA01\Pram  
Error,9/26/2017 6:18,EventCreate,1,None,Application,djkvdihost791.jakarta01.com,JAKARTA01\sasono  
Error,9/26/2017 6:10,EventCreate,1,None,Application,djkvdihost671.jakarta01.com,JAKARTA01\olly  
Error,9/26/2017 6:07,EventCreate,1,None,Application,djkvdihost098.jakarta01.com,JAKARTA01\Idafarida  
Error,9/26/2017 6:07,EventCreate,1,None,Application,djkvdihost774.jakarta01.com,JAKARTA01\Argo  
Error,9/26/2017 6:06,EventCreate,1,None,Application,djkvdihost199.jakarta01.com,JAKARTA01\Erick  
Error,9/26/2017 6:03,EventCreate,1,None,Application,djkvdihost120.jakarta01.com,JAKARTA01\yasinta  
Error,9/26/2017 6:02,EventCreate,1,None,Application,djkvdihost407.jakarta01.com,JAKARTA01\ianm  
Error,9/26/2017 5:59,EventCreate,1,None,Application,djkvdihost189.jakarta01.com,JAKARTA01\puji sih  
Error,9/26/2017 5:56,EventCreate,1,None,Application,djkvdihost554.jakarta01.com,JAKARTA01\henny  
Error,9/26/2017 5:54,EventCreate,1,None,Application,djkvdihost469.jakarta01.com,JAKARTA01\arqom  
Error,9/26/2017 5:53,EventCreate,1,None,Application,djkvdihost658.jakarta01.com,JAKARTA01\agungwd  
Error,9/26/2017 5:53,EventCreate,1,None,Application,djkvdihost749.jakarta01.com,JAKARTA01\yosiakarta  
Error,9/26/2017 5:53,EventCreate,1,None,Application,djkvdihost658.jakarta01.com,JAKARTA01\agungwd  
Error,9/26/2017 5:52,EventCreate,1,None,Application,djkvdihost326.jakarta01.com,JAKARTA01\dhara  
Error,9/26/2017 5:47,EventCreate,1,None,Application,djkvdihost354.jakarta01.com,JAKARTA01\midasope  
Error,9/26/2017 5:46,WSH,1,None,Application,djkvdihost354.jakarta01.com,"CN=MIDASOpe password will expire in 2 day(s) at 9/28/2017 6:03:07 AM

Press CTRL + ALT + DEL and select the ""Change a password"" option."
Error,9/26/2017 5:46,WSH,1,None,Application,djkvdihost354.jakarta01.com,"CN=MIDASOpe password will expire in 2 day(s) at 9/28/2017 6:03:07 AM

Press CTRL + ALT + DEL and select the ""Change a password"" option."
Error,9/26/2017 5:36,EventCreate,1,None,Application,djkvdihost185.jakarta01.com,JAKARTA01\Ajie  
Error,9/26/2017 5:26,EventCreate,1,None,Application,djkvdihost625.jakarta01.com,JAKARTA01\anisa  
Error,9/25/2017 21:01,EventCreate,1,None,Application,djkvdihost306.jakarta01.com,JAKARTA01\Moh Ditto  
Error,9/25/2017 20:47,EventCreate,1,None,Application,djkvdihost345.jakarta01.com,JAKARTA01\mario  
Error,9/25/2017 20:47,EventCreate,1,None,Application,djkvdihost345.jakarta01.com,JAKARTA01\mario  
Error,9/25/2017 20:29,EventCreate,1,None,Application,djkvdihost734.jakarta01.com,JAKARTA01\Puspa  
Error,9/25/2017 20:20,EventCreate,1,None,Application,djkvdihost326.jakarta01.com,JAKARTA01\hilmy  
Error,9/25/2017 19:46,EventCreate,1,None,Application,djkvdihost874.jakarta01.com,JAKARTA01\sodeoka  
Error,9/25/2017 19:17,EventCreate,1,None,Application,djkvdihost286.jakarta01.com,JAKARTA01\GUESTISD33  
Error,9/25/2017 19:17,Application Error,1000,-100,Application,djkvdihost286.jakarta01.com,"Faulting application name: OUTLOOK.EXE, version: 15.0.4919.1001, time stamp: 0x58d20482
Faulting module name: OUTLOOK.EXE, version: 15.0.4919.1001, time stamp: 0x58d20482
Exception code: 0xc0000005
Fault offset: 0x008924c4
Faulting process id: 0x1698
Faulting application start time: 0x01d335a1634510a5
Faulting application path: C:\Program Files\Microsoft Office\Office15\OUTLOOK.EXE
Faulting module path: C:\Program Files\Microsoft Office\Office15\OUTLOOK.EXE
Report Id: 888f6b84-a1eb-11e7-bb74-0050569f5917"
Error,9/25/2017 19:04,EventCreate,1,None,Application,djkvdihost645.jakarta01.com,JAKARTA01\LILY AISYAH  
Error,9/25/2017 17:04,EventCreate,1,None,Application,djkvdihost536.jakarta01.com,"The description for Event ID 1 from source EventCreate cannot be found. Either the component that raises this event is not installed on your local computer or the installation is corrupted. You can install or repair the component on the local computer.

If the event originated on another computer, the display information had to be saved with the event.

The following information was included with the event: 

JAKARTA01\GuestFCD04  
"
Error,9/25/2017 17:04,EventCreate,1,None,Application,djkvdihost536.jakarta01.com,"The description for Event ID 1 from source EventCreate cannot be found. Either the component that raises this event is not installed on your local computer or the installation is corrupted. You can install or repair the component on the local computer.

If the event originated on another computer, the display information had to be saved with the event.

The following information was included with the event: 

JAKARTA01\GuestFCD04  
"
Error,9/25/2017 19:01,EventCreate,1,None,Application,djkvdihost306.jakarta01.com,JAKARTA01\istiningsih  
Error,9/25/2017 19:01,EventCreate,1,None,Application,djkvdihost306.jakarta01.com,JAKARTA01\istiningsih  
Error,9/25/2017 19:01,EventCreate,1,None,Application,djkvdihost306.jakarta01.com,JAKARTA01\istiningsih  
Error,9/25/2017 19:01,EventCreate,1,None,Application,djkvdihost306.jakarta01.com,JAKARTA01\istiningsih  
Error,9/25/2017 18:56,EventCreate,1,None,Application,djkvdihost351.jakarta01.com,JAKARTA01\payogi  
Error,9/25/2017 18:56,Application Error,1000,-100,Application,djkvdihost351.jakarta01.com,"Faulting application name: NLNOTES.EXE, version: 8.5.30.11258, time stamp: 0x4e72fa51
Faulting module name: nnotes.dll, version: 8.5.30.11258, time stamp: 0x4e72fa6a
Exception code: 0xc0000005
Fault offset: 0x001c7f0e
Faulting process id: 0x22b8
Faulting application start time: 0x01d335f560f20255
Faulting application path: C:\Program Files\IBM\Lotus\Notes\NLNOTES.EXE
Faulting module path: C:\Program Files\IBM\Lotus\Notes\nnotes.dll
Report Id: 9eaa7421-a1e8-11e7-9184-0050569f2407"
Error,9/25/2017 18:56,EventCreate,1,None,Application,djkvdihost351.jakarta01.com,JAKARTA01\payogi  
Error,9/25/2017 18:56,Application Error,1000,-100,Application,djkvdihost351.jakarta01.com,"Faulting application name: NLNOTES.EXE, version: 8.5.30.11258, time stamp: 0x4e72fa51
Faulting module name: nnotes.dll, version: 8.5.30.11258, time stamp: 0x4e72fa6a
Exception code: 0xc0000005
Fault offset: 0x001c7f0e
Faulting process id: 0x23c4
Faulting application start time: 0x01d335f55760936b
Faulting application path: C:\Program Files\IBM\Lotus\Notes\NLNOTES.EXE
Faulting module path: C:\Program Files\IBM\Lotus\Notes\nnotes.dll
Report Id: 953cb9f5-a1e8-11e7-9184-0050569f2407"
Error,9/25/2017 18:53,EventCreate,1,None,Application,djkvdihost028.jakarta01.com,JAKARTA01\rindang  
Error,9/25/2017 18:49,EventCreate,1,None,Application,djkvdihost656.jakarta01.com,JAKARTA01\ronald david  
Error,9/25/2017 18:49,EventCreate,1,None,Application,djkvdihost656.jakarta01.com,JAKARTA01\ronald david  
Error,9/25/2017 18:48,EventCreate,1,None,Application,djkvdihost331.jakarta01.com,JAKARTA01\rusliyani  
Error,9/25/2017 18:48,EventCreate,1,None,Application,djkvdihost331.jakarta01.com,JAKARTA01\rusliyani  
Error,9/25/2017 18:37,EventCreate,1,None,Application,djkvdihost825.jakarta01.com,JAKARTA01\agnes  
Error,9/25/2017 18:37,Application Error,1000,-100,Application,djkvdihost825.jakarta01.com,"Faulting application name: WINWORD.EXE, version: 15.0.4911.1000, time stamp: 0x58a2c075
Faulting module name: wwlib.dll, version: 15.0.4911.1000, time stamp: 0x58a2c073
Exception code: 0xc0000005
Fault offset: 0x006f0ff9
Faulting process id: 0x1d48
Faulting application start time: 0x01d335d2bcc422eb
Faulting application path: C:\Program Files\Microsoft Office\Office15\WINWORD.EXE
Faulting module path: C:\Program Files\Microsoft Office\Office15\wwlib.dll
Report Id: e282f4df-a1e5-11e7-84c6-0050569f6feb"
Error,9/25/2017 18:33,EventCreate,1,None,Application,djkvdihost293.jakarta01.com,JAKARTA01\Widi Anggraeni  
Error,9/25/2017 18:33,Application Error,1000,-100,Application,djkvdihost293.jakarta01.com,"Faulting application name: lync.exe, version: 15.0.4919.1000, time stamp: 0x58c7ab1e
Faulting module name: ntdll.dll, version: 6.1.7601.23714, time stamp: 0x58bf8774
Exception code: 0xc0000005
Fault offset: 0x00031dca
Faulting process id: 0x177c
Faulting application start time: 0x01d335ef354c0889
Faulting application path: C:\Program Files\Microsoft Office\Office15\lync.exe
Faulting module path: C:\Windows\SYSTEM32\ntdll.dll
Report Id: 66f043b3-a1e5-11e7-94cc-0050569f58c8"
Error,9/25/2017 18:25,EventCreate,1,None,Application,djkvdihost657.jakarta01.com,JAKARTA01\meltsaury  
Error,9/25/2017 18:25,Application Error,1000,-100,Application,djkvdihost657.jakarta01.com,"Faulting application name: OUTLOOK.EXE, version: 15.0.4919.1001, time stamp: 0x58d20482
Faulting module name: ntdll.dll, version: 6.1.7601.23714, time stamp: 0x58bf8774
Exception code: 0xc0000005
Fault offset: 0x0005294f
Faulting process id: 0x1674
Faulting application start time: 0x01d335a75bfb5b78
Faulting application path: C:\Program Files\Microsoft Office\Office15\OUTLOOK.EXE
Faulting module path: C:\Windows\SYSTEM32\ntdll.dll
Report Id: 450d8e4e-a1e4-11e7-8b43-0050569f742d"
Error,9/25/2017 18:23,EventCreate,1,None,Application,djkvdihost613.jakarta01.com,JAKARTA01\mahendrars  
Error,9/25/2017 18:19,EventCreate,1,None,Application,djkvdihost669.jakarta01.com,JAKARTA01\nurfadila  
Error,9/25/2017 18:19,EventCreate,1,None,Application,djkvdihost718.jakarta01.com,JAKARTA01\elestari  
Error,9/25/2017 18:17,EventCreate,1,None,Application,djkvdihost260.jakarta01.com,JAKARTA01\arqom  
Error,9/25/2017 18:17,Application Error,1000,-100,Application,djkvdihost260.jakarta01.com,"Faulting application name: PhotoScreensaver.scr, version: 6.1.7601.17514, time stamp: 0x4ce7a590
Faulting module name: SHELL32.dll, version: 6.1.7601.23537, time stamp: 0x57c450f4
Exception code: 0xc0000005
Fault offset: 0x001f269f
Faulting process id: 0xb60
Faulting application start time: 0x01d335efc9b00de1
Faulting application path: C:\Windows\system32\PhotoScreensaver.scr
Faulting module path: C:\Windows\system32\SHELL32.dll
Report Id: 17324164-a1e3-11e7-ab00-0050569f3343"
Error,9/25/2017 18:17,EventCreate,1,None,Application,djkvdihost145.jakarta01.com,JAKARTA01\idams  
Error,9/25/2017 18:17,EventCreate,1,None,Application,djkvdihost718.jakarta01.com,JAKARTA01\elestari  
Error,9/25/2017 18:14,EventCreate,1,None,Application,djkvdihost185.jakarta01.com,JAKARTA01\rizka syarifa  
Error,9/25/2017 18:11,EventCreate,1,None,Application,djkvdihost260.jakarta01.com,JAKARTA01\arqom  
Error,9/25/2017 18:11,Application Error,1000,-100,Application,djkvdihost260.jakarta01.com,"Faulting application name: PhotoScreensaver.scr, version: 6.1.7601.17514, time stamp: 0x4ce7a590
Faulting module name: SHELL32.dll, version: 6.1.7601.23537, time stamp: 0x57c450f4
Exception code: 0xc0000005
Fault offset: 0x001f269f
Faulting process id: 0x1678
Faulting application start time: 0x01d335ec4d7b7153
Faulting application path: C:\Windows\system32\PhotoScreensaver.scr
Faulting module path: C:\Windows\system32\SHELL32.dll
Report Id: 4584ec3f-a1e2-11e7-ab00-0050569f3343"
Error,9/25/2017 18:10,EventCreate,1,None,Application,djkvdihost597.jakarta01.com,JAKARTA01\yofiandhy  
Error,9/25/2017 18:10,Application Error,1000,-100,Application,djkvdihost597.jakarta01.com,"Faulting application name: WINWORD.EXE, version: 15.0.4911.1000, time stamp: 0x58a2c075
Faulting module name: wwlib.dll, version: 15.0.4911.1000, time stamp: 0x58a2c073
Exception code: 0xc0000005
Fault offset: 0x003634e7
Faulting process id: 0xb00
Faulting application start time: 0x01d335ee18f696ea
Faulting application path: C:\Program Files\Microsoft Office\Office15\WINWORD.EXE
Faulting module path: C:\Program Files\Microsoft Office\Office15\wwlib.dll
Report Id: 16357193-a1e2-11e7-9d66-0050569f4d36"
Error,9/25/2017 18:07,EventCreate,1,None,Application,djkvdihost531.jakarta01.com,JAKARTA01\diena  
Error,9/25/2017 18:07,Application Error,1000,-100,Application,djkvdihost531.jakarta01.com,"Faulting application name: OUTLOOK.EXE, version: 15.0.4919.1001, time stamp: 0x58d20482
Faulting module name: OUTLOOK.EXE, version: 15.0.4919.1001, time stamp: 0x58d20482
Exception code: 0xc0000005
Fault offset: 0x008924c4
Faulting process id: 0x158c
Faulting application start time: 0x01d3359b3cfc05d1
Faulting application path: C:\Program Files\Microsoft Office\Office15\OUTLOOK.EXE
Faulting module path: C:\Program Files\Microsoft Office\Office15\OUTLOOK.EXE
Report Id: b3ae0a6e-a1e1-11e7-911a-0050569f42e0"
Error,9/25/2017 18:07,EventCreate,1,None,Application,djkvdihost656.jakarta01.com,JAKARTA01\wirantika  
Error,9/25/2017 18:06,EventCreate,1,None,Application,djkvdihost404.jakarta01.com,JAKARTA01\Jauw  
Error,9/25/2017 18:06,Application Error,1000,-100,Application,djkvdihost404.jakarta01.com,"Faulting application name: OUTLOOK.EXE, version: 15.0.4919.1001, time stamp: 0x58d20482
Faulting module name: OUTLOOK.EXE, version: 15.0.4919.1001, time stamp: 0x58d20482
Exception code: 0xc0000005
Fault offset: 0x008924c4
Faulting process id: 0xba8
Faulting application start time: 0x01d3359a724bc8bc
Faulting application path: C:\Program Files\Microsoft Office\Office15\OUTLOOK.EXE
Faulting module path: C:\Program Files\Microsoft Office\Office15\OUTLOOK.EXE
Report Id: 99837b3f-a1e1-11e7-9b65-0050569f50b8"
Error,9/25/2017 18:05,EventCreate,1,None,Application,djkvdihost741.jakarta01.com,JAKARTA01\mahendra  
Error,9/25/2017 18:05,Application Error,1000,-100,Application,djkvdihost741.jakarta01.com,"Faulting application name: OUTLOOK.EXE, version: 15.0.4919.1001, time stamp: 0x58d20482
Faulting module name: OUTLOOK.EXE, version: 15.0.4919.1001, time stamp: 0x58d20482
Exception code: 0xc0000005
Fault offset: 0x008924c4
Faulting process id: 0x1d18
Faulting application start time: 0x01d335c3f3ec699c
Faulting application path: C:\Program Files\Microsoft Office\Office15\OUTLOOK.EXE
Faulting module path: C:\Program Files\Microsoft Office\Office15\OUTLOOK.EXE
Report Id: 812d5cf8-a1e1-11e7-b2ac-0050569f3d29"
Error,9/25/2017 18:04,EventCreate,1,None,Application,djkvdihost778.jakarta01.com,JAKARTA01\magdalena  
Error,9/25/2017 18:01,EventCreate,1,None,Application,djkvdihost427.jakarta01.com,JAKARTA01\victor  
Error,9/25/2017 18:01,Application Error,1000,-100,Application,djkvdihost427.jakarta01.com,"Faulting application name: WINWORD.EXE, version: 15.0.4911.1000, time stamp: 0x58a2c075
Faulting module name: wwlib.dll, version: 15.0.4911.1000, time stamp: 0x58a2c073
Exception code: 0xc0000005
Fault offset: 0x006f0ff9
Faulting process id: 0x2590
Faulting application start time: 0x01d335e86427d26e
Faulting application path: C:\Program Files\Microsoft Office\Office15\WINWORD.EXE
Faulting module path: C:\Program Files\Microsoft Office\Office15\wwlib.dll
Report Id: da11fd40-a1e0-11e7-b983-0050569f4f73"
Error,9/25/2017 17:58,EventCreate,1,None,Application,djkvdihost364.jakarta01.com,JAKARTA01\Bryant  
Error,9/25/2017 17:58,Application Error,1000,-100,Application,djkvdihost364.jakarta01.com,"Faulting application name: OUTLOOK.EXE, version: 15.0.4919.1001, time stamp: 0x58d20482
Faulting module name: OUTLOOK.EXE, version: 15.0.4919.1001, time stamp: 0x58d20482
Exception code: 0xc0000005
Fault offset: 0x008924c4
Faulting process id: 0xb70
Faulting application start time: 0x01d335a3d6fe9a95
Faulting application path: C:\Program Files\Microsoft Office\Office15\OUTLOOK.EXE
Faulting module path: C:\Program Files\Microsoft Office\Office15\OUTLOOK.EXE
Report Id: 6d0f4e2b-a1e0-11e7-ab05-0050569f08cc"
Error,9/25/2017 17:56,EventCreate,1,None,Application,djkvdihost254.jakarta01.com,JAKARTA01\binar  
Error,9/25/2017 17:55,Application Error,1000,-100,Application,djkvdihost254.jakarta01.com,"Faulting application name: iexplore.exe, version: 11.0.9600.18639, time stamp: 0x58d6bb0d
Faulting module name: MSHTML.dll, version: 11.0.9600.18639, time stamp: 0x58d6c720
Exception code: 0xc0000005
Fault offset: 0x000ac604
Faulting process id: 0x11fc
Faulting application start time: 0x01d335ead6160b89
Faulting application path: C:\Program Files\Internet Explorer\iexplore.exe
Faulting module path: C:\Windows\system32\MSHTML.dll
Report Id: 1b93f270-a1e0-11e7-a019-0050569f2dfe"
Error,9/25/2017 17:54,EventCreate,1,None,Application,djkvdihost359.jakarta01.com,JAKARTA01\raymond  
Error,9/25/2017 17:52,EventCreate,1,None,Application,djkvdihost512.jakarta01.com,JAKARTA01\Dwi anisa  
Error,9/25/2017 17:51,EventCreate,1,None,Application,djkvdihost512.jakarta01.com,JAKARTA01\Dwi anisa  
Error,9/25/2017 16:04,EventCreate,1,None,Application,djkvdihost383.jakarta01.com,JAKARTA01\Shena  
Error,9/25/2017 17:43,EventCreate,1,None,Application,djkvdihost407.jakarta01.com,JAKARTA01\sari  
Error,9/25/2017 17:43,EventCreate,1,None,Application,djkvdihost407.jakarta01.com,JAKARTA01\sari  
Error,9/25/2017 17:40,EventCreate,1,None,Application,djkvdihost687.jakarta01.com,JAKARTA01\mazy  
Error,9/25/2017 17:40,Application Error,1000,-100,Application,djkvdihost687.jakarta01.com,"Faulting application name: OUTLOOK.EXE, version: 15.0.4919.1001, time stamp: 0x58d20482
Faulting module name: OUTLOOK.EXE, version: 15.0.4919.1001, time stamp: 0x58d20482
Exception code: 0xc0000005
Fault offset: 0x008924c4
Faulting process id: 0xf90
Faulting application start time: 0x01d335995496741b
Faulting application path: C:\Program Files\Microsoft Office\Office15\OUTLOOK.EXE
Faulting module path: C:\Program Files\Microsoft Office\Office15\OUTLOOK.EXE
Report Id: f2699b35-a1dd-11e7-8f62-0050569f4c9f"
Error,9/25/2017 17:34,EventCreate,1,None,Application,djkvdihost417.jakarta01.com,JAKARTA01\Rahmat  
Error,9/25/2017 17:34,Application Error,1000,-100,Application,djkvdihost417.jakarta01.com,"Faulting application name: OUTLOOK.EXE, version: 15.0.4919.1001, time stamp: 0x58d20482
Faulting module name: OUTLOOK.EXE, version: 15.0.4919.1001, time stamp: 0x58d20482
Exception code: 0xc0000005
Fault offset: 0x008924c4
Faulting process id: 0x18f0
Faulting application start time: 0x01d335db8d51db97
Faulting application path: C:\Program Files\Microsoft Office\Office15\OUTLOOK.EXE
Faulting module path: C:\Program Files\Microsoft Office\Office15\OUTLOOK.EXE
Report Id: 0f57cd54-a1dd-11e7-8a12-0050569f3b8d"
Error,9/25/2017 17:30,EventCreate,1,None,Application,djkvdihost788.jakarta01.com,JAKARTA01\davidc  
Error,9/25/2017 17:27,EventCreate,1,None,Application,djkvdihost144.jakarta01.com,JAKARTA01\GuestISD49  
Error,9/25/2017 17:15,EventCreate,1,None,Application,djkvdihost091.jakarta01.com,JAKARTA01\vinka  
Error,9/25/2017 17:15,EventCreate,1,None,Application,djkvdihost091.jakarta01.com,JAKARTA01\vinka  
Error,9/25/2017 17:11,EventCreate,1,None,Application,djkvdihost096.jakarta01.com,JAKARTA01\Azis Budianto  
Error,9/25/2017 17:11,Application Error,1000,-100,Application,djkvdihost096.jakarta01.com,"Faulting application name: EXCEL.EXE, version: 15.0.4919.1000, time stamp: 0x58c7ab0f
Faulting module name: EXCEL.EXE, version: 15.0.4919.1000, time stamp: 0x58c7ab0f
Exception code: 0xc0000005
Fault offset: 0x0004f585
Faulting process id: 0x1ac0
Faulting application start time: 0x01d335d667c0e507
Faulting application path: C:\Program Files\Microsoft Office\Office15\EXCEL.EXE
Faulting module path: C:\Program Files\Microsoft Office\Office15\EXCEL.EXE
Report Id: dfd4257b-a1d9-11e7-aa19-0050569f108e"
Error,9/25/2017 17:09,EventCreate,1,None,Application,djkvdihost100.jakarta01.com,JAKARTA01\iqbal maulanasani  
Error,9/25/2017 17:09,EventCreate,1,None,Application,djkvdihost100.jakarta01.com,JAKARTA01\iqbal maulanasani  
Error,9/25/2017 17:08,EventCreate,1,None,Application,djkvdihost100.jakarta01.com,JAKARTA01\iqbal maulanasani  
Error,9/25/2017 17:05,EventCreate,1,None,Application,djkvdihost157.jakarta01.com,JAKARTA01\ici  
Error,9/25/2017 17:05,EventCreate,1,None,Application,djkvdihost157.jakarta01.com,JAKARTA01\ici  
Error,9/25/2017 17:03,EventCreate,1,None,Application,djkvdihost084.jakarta01.com,JAKARTA01\Hilman  
Error,9/25/2017 17:02,EventCreate,1,None,Application,djkvdihost084.jakarta01.com,JAKARTA01\Hilman  
Error,9/25/2017 17:01,EventCreate,1,None,Application,djkvdihost002.jakarta01.com,JAKARTA01\feni  
Error,9/25/2017 17:01,EventCreate,1,None,Application,djkvdihost265.jakarta01.com,JAKARTA01\handayani  
Error,9/25/2017 17:02,EventCreate,1,None,Application,djkvdihost246.jakarta01.com,JAKARTA01\regina  
Error,9/25/2017 17:01,EventCreate,1,None,Application,djkvdihost002.jakarta01.com,JAKARTA01\feni  
Error,9/25/2017 17:01,EventCreate,1,None,Application,djkvdihost265.jakarta01.com,JAKARTA01\handayani  
Error,9/25/2017 17:00,EventCreate,1,None,Application,djkvdihost221.jakarta01.com,JAKARTA01\Virgitha  
Error,9/25/2017 17:00,Application Error,1000,-100,Application,djkvdihost221.jakarta01.com,"Faulting application name: OUTLOOK.EXE, version: 15.0.4919.1001, time stamp: 0x58d20482
Faulting module name: OUTLOOK.EXE, version: 15.0.4919.1001, time stamp: 0x58d20482
Exception code: 0xc0000005
Fault offset: 0x008924c7
Faulting process id: 0x1d8c
Faulting application start time: 0x01d33594448f56d3
Faulting application path: C:\Program Files\Microsoft Office\Office15\OUTLOOK.EXE
Faulting module path: C:\Program Files\Microsoft Office\Office15\OUTLOOK.EXE
Report Id: 625ef11f-a1d8-11e7-b3be-0050569f0e59"
Error,9/25/2017 16:51,EventCreate,1,None,Application,djkvdihost071.jakarta01.com,JAKARTA01\guestisd29  
Error,9/25/2017 16:51,Microsoft Office 15,1000,None,Application,djkvdihost071.jakarta01.com,"Faulting application excel.exe, version 15.0.4919.1000, stamp 58c7ab0f, faulting module excel.exe, version 15.0.4919.1000, stamp 58c7ab0f, debug? 0, fault address 0x0004f56d."
Error,9/25/2017 16:50,EventCreate,1,None,Application,djkvdihost702.jakarta01.com,JAKARTA01\astio  
Error,9/25/2017 16:50,Application Error,1000,-100,Application,djkvdihost702.jakarta01.com,"Faulting application name: Explorer.EXE, version: 6.1.7601.23537, time stamp: 0x57c44cc4
Faulting module name: SHELL32.dll, version: 6.1.7601.23537, time stamp: 0x57c450f4
Exception code: 0xc0000005
Fault offset: 0x002e247c
Faulting process id: 0x790
Faulting application start time: 0x01d3359a84955fc7
Faulting application path: C:\Windows\Explorer.EXE
Faulting module path: C:\Windows\system32\SHELL32.dll
Report Id: 03487662-a1d7-11e7-a184-0050569f75db"
Error,9/25/2017 16:50,EventCreate,1,None,Application,djkvdihost288.jakarta01.com,JAKARTA01\tri wahyu  
Error,9/25/2017 16:49,EventCreate,1,None,Application,djkvdihost204.jakarta01.com,JAKARTA01\toyoda  
Error,9/25/2017 16:49,Application Error,1000,-100,Application,djkvdihost204.jakarta01.com,"Faulting application name: OUTLOOK.EXE, version: 15.0.4919.1001, time stamp: 0x58d20482
Faulting module name: OUTLOOK.EXE, version: 15.0.4919.1001, time stamp: 0x58d20482
Exception code: 0xc0000005
Fault offset: 0x008924c4
Faulting process id: 0x710
Faulting application start time: 0x01d3359971d60dbc
Faulting application path: C:\Program Files\Microsoft Office\Office15\OUTLOOK.EXE
Faulting module path: C:\Program Files\Microsoft Office\Office15\OUTLOOK.EXE
Report Id: d6473ea9-a1d6-11e7-9051-0050569f0768"
Error,9/25/2017 16:46,EventCreate,1,None,Application,djkvdihost018.jakarta01.com,JAKARTA01\tri wahyu  
Error,9/25/2017 16:46,EventCreate,1,None,Application,djkvdihost018.jakarta01.com,JAKARTA01\tri wahyu  
Error,9/25/2017 16:41,EventCreate,1,None,Application,djkvdihost465.jakarta01.com,JAKARTA01\komangsd  
Error,9/25/2017 16:40,EventCreate,1,None,Application,djkvdihost446.jakarta01.com,JAKARTA01\hafiah  
Error,9/25/2017 16:40,EventCreate,1,None,Application,djkvdihost844.jakarta01.com,JAKARTA01\andi  
Error,9/25/2017 16:40,Application Error,1000,-100,Application,djkvdihost446.jakarta01.com,"Faulting application name: PhotoScreensaver.scr, version: 6.1.7601.17514, time stamp: 0x4ce7a590
Faulting module name: SHELL32.dll, version: 6.1.7601.23537, time stamp: 0x57c450f4
Exception code: 0xc0000005
Fault offset: 0x001f269f
Faulting process id: 0x237c
Faulting application start time: 0x01d335e0f0201b24
Faulting application path: C:\Windows\system32\PhotoScreensaver.scr
Faulting module path: C:\Windows\system32\SHELL32.dll
Report Id: 83e7b9c0-a1d5-11e7-b951-0050569f2b47"
Error,9/25/2017 16:37,EventCreate,1,None,Application,djkvdihost604.jakarta01.com,JAKARTA01\sari  
Error,9/25/2017 16:31,EventCreate,1,None,Application,djkvdihost387.jakarta01.com,JAKARTA01\ridjal  
Error,9/25/2017 16:31,EventCreate,1,None,Application,djkvdihost897.jakarta01.com,JAKARTA01\Anosa  
Error,9/25/2017 16:30,EventCreate,1,None,Application,djkvdihost387.jakarta01.com,JAKARTA01\ridjal  
Error,9/25/2017 16:27,EventCreate,1,None,Application,djkvdihost201.jakarta01.com,JAKARTA01\elestari  
Error,9/25/2017 16:25,EventCreate,1,None,Application,djkvdihost320.jakarta01.com,JAKARTA01\Adhi Nur  
Error,9/25/2017 16:25,EventCreate,1,None,Application,djkvdihost208.jakarta01.com,JAKARTA01\Kartina  
Error,9/25/2017 16:25,EventCreate,1,None,Application,djkvdihost092.jakarta01.com,JAKARTA01\citra  
Error,9/25/2017 16:25,EventCreate,1,None,Application,djkvdihost208.jakarta01.com,JAKARTA01\Kartina  
Error,9/25/2017 16:24,Application Error,1000,-100,Application,djkvdihost092.jakarta01.com,"Faulting application name: OUTLOOK.EXE, version: 15.0.4919.1001, time stamp: 0x58d20482
Faulting module name: OUTLOOK.EXE, version: 15.0.4919.1001, time stamp: 0x58d20482
Exception code: 0xc0000005
Fault offset: 0x008924c4
Faulting process id: 0x1384
Faulting application start time: 0x01d3359b9e03c2d5
Faulting application path: C:\Program Files\Microsoft Office\Office15\OUTLOOK.EXE
Faulting module path: C:\Program Files\Microsoft Office\Office15\OUTLOOK.EXE
Report Id: 652c8390-a1d3-11e7-a977-0050569f40ab"
Error,9/25/2017 16:22,EventCreate,1,None,Application,djkvdihost813.jakarta01.com,JAKARTA01\darnito  
Error,9/25/2017 16:22,EventCreate,1,None,Application,djkvdihost813.jakarta01.com,JAKARTA01\darnito  
Error,9/25/2017 16:12,EventCreate,1,None,Application,djkvdihost027.jakarta01.com,JAKARTA01\nirliani  
Error,9/25/2017 16:12,Application Error,1000,-100,Application,djkvdihost027.jakarta01.com,"Faulting application name: OUTLOOK.EXE, version: 15.0.4919.1001, time stamp: 0x58d20482
Faulting module name: OUTLOOK.EXE, version: 15.0.4919.1001, time stamp: 0x58d20482
Exception code: 0xc0000005
Fault offset: 0x008924c4
Faulting process id: 0x1d04
Faulting application start time: 0x01d3359fd6d0d634
Faulting application path: C:\Program Files\Microsoft Office\Office15\OUTLOOK.EXE
Faulting module path: C:\Program Files\Microsoft Office\Office15\OUTLOOK.EXE
Report Id: 971adc51-a1d1-11e7-9d77-0050569f43b0"
Error,9/25/2017 16:06,EventCreate,1,None,Application,djkvdihost007.jakarta01.com,JAKARTA01\rahman  
Error,9/25/2017 15:55,EventCreate,1,None,Application,djkvdihost293.jakarta01.com,JAKARTA01\Widi Anggraeni  
Error,9/25/2017 15:55,Application Error,1000,-100,Application,djkvdihost293.jakarta01.com,"Faulting application name: lync.exe, version: 15.0.4919.1000, time stamp: 0x58c7ab1e
Faulting module name: unknown, version: 0.0.0.0, time stamp: 0x00000000
Exception code: 0xc0000005
Fault offset: 0x00004000
Faulting process id: 0x2258
Faulting application start time: 0x01d335ba3cb9483a
Faulting application path: C:\Program Files\Microsoft Office\Office15\lync.exe
Faulting module path: unknown
Report Id: 55f6c90c-a1cf-11e7-94cc-0050569f58c8"
Error,9/25/2017 15:53,EventCreate,1,None,Application,djkvdihost134.jakarta01.com,JAKARTA01\hari  
Error,9/25/2017 15:51,EventCreate,1,None,Application,djkvdihost417.jakarta01.com,JAKARTA01\Rahmat  
Error,9/25/2017 15:51,Application Error,1000,-100,Application,djkvdihost417.jakarta01.com,"Faulting application name: OUTLOOK.EXE, version: 15.0.4919.1001, time stamp: 0x58d20482
Faulting module name: OUTLOOK.EXE, version: 15.0.4919.1001, time stamp: 0x58d20482
Exception code: 0xc0000005
Fault offset: 0x00012b4d
Faulting process id: 0x10f4
Faulting application start time: 0x01d3359938331c35
Faulting application path: C:\Program Files\Microsoft Office\Office15\OUTLOOK.EXE
Faulting module path: C:\Program Files\Microsoft Office\Office15\OUTLOOK.EXE
Report Id: b66850a1-a1ce-11e7-8a12-0050569f3b8d"
Error,9/25/2017 15:51,Application Error,1000,-100,Application,djkvdihost134.jakarta01.com,"Faulting application name: EXCEL2003.EXE, version: 11.0.8404.0, time stamp: 0x51a52fcb
Faulting module name: EXCEL2003.EXE, version: 11.0.8404.0, time stamp: 0x51a52fcb
Exception code: 0xc0000005
Fault offset: 0x001e3a14
Faulting process id: 0x1e18
Faulting application start time: 0x01d335d3cf4107aa
Faulting application path: C:\Program Files\Microsoft Office\OFFICE11\EXCEL2003.EXE
Faulting module path: C:\Program Files\Microsoft Office\OFFICE11\EXCEL2003.EXE
Report Id: ac9d129a-a1ce-11e7-af8b-0050569f5725"
Error,9/25/2017 15:44,EventCreate,1,None,Application,djkvdihost045.jakarta01.com,JAKARTA01\shinta dewi  
Error,9/25/2017 15:43,EventCreate,1,None,Application,djkvdihost823.jakarta01.com,JAKARTA01\Arum  
Error,9/25/2017 15:43,Application Error,1000,-100,Application,djkvdihost823.jakarta01.com,"Faulting application name: OUTLOOK.EXE, version: 15.0.4919.1001, time stamp: 0x58d20482
Faulting module name: OUTLOOK.EXE, version: 15.0.4919.1001, time stamp: 0x58d20482
Exception code: 0xc0000005
Fault offset: 0x008924c4
Faulting process id: 0x1944
Faulting application start time: 0x01d335c613b5ff96
Faulting application path: C:\Program Files\Microsoft Office\Office15\OUTLOOK.EXE
Faulting module path: C:\Program Files\Microsoft Office\Office15\OUTLOOK.EXE
Report Id: 93d06842-a1cd-11e7-91d7-0050569f24ab"
Error,9/25/2017 15:42,EventCreate,1,None,Application,djkvdihost600.jakarta01.com,JAKARTA01\lileliza  
Error,9/25/2017 15:42,Application Error,1000,-100,Application,djkvdihost600.jakarta01.com,"Faulting application name: OUTLOOK.EXE, version: 15.0.4919.1001, time stamp: 0x58d20482
Faulting module name: OUTLOOK.EXE, version: 15.0.4919.1001, time stamp: 0x58d20482
Exception code: 0xc0000005
Fault offset: 0x008924c7
Faulting process id: 0x864
Faulting application start time: 0x01d33597c8aa683c
Faulting application path: C:\Program Files\Microsoft Office\Office15\OUTLOOK.EXE
Faulting module path: C:\Program Files\Microsoft Office\Office15\OUTLOOK.EXE
Report Id: 70ac8606-a1cd-11e7-b68b-0050569f4dc4"
Error,9/25/2017 15:41,EventCreate,1,None,Application,djkvdihost411.jakarta01.com,JAKARTA01\cut nyak  
Error,9/25/2017 15:41,Application Error,1000,-100,Application,djkvdihost411.jakarta01.com,"Faulting application name: OUTLOOK.EXE, version: 15.0.4919.1001, time stamp: 0x58d20482
Faulting module name: OUTLOOK.EXE, version: 15.0.4919.1001, time stamp: 0x58d20482
Exception code: 0xc0000005
Fault offset: 0x008924c4
Faulting process id: 0x1958
Faulting application start time: 0x01d335ab77fee628
Faulting application path: C:\Program Files\Microsoft Office\Office15\OUTLOOK.EXE
Faulting module path: C:\Program Files\Microsoft Office\Office15\OUTLOOK.EXE
Report Id: 42787b5e-a1cd-11e7-ad05-0050569f78e9"
Error,9/25/2017 15:39,EventCreate,1,None,Application,djkvdihost494.jakarta01.com,JAKARTA01\Ida  
Error,9/25/2017 15:33,EventCreate,1,None,Application,djkvdihost489.jakarta01.com,JAKARTA01\evi  
Error,9/25/2017 15:33,Application Error,1000,-100,Application,djkvdihost489.jakarta01.com,"Faulting application name: spoolsv.exe, version: 6.1.7601.17777, time stamp: 0x4f35efc3
Faulting module name: hpcui074.dll, version: 0.3.1537.64, time stamp: 0x472fbc50
Exception code: 0xc0000005
Fault offset: 0x001be263
Faulting process id: 0xab4
Faulting application start time: 0x01d335ccc79ff95b
Faulting application path: C:\Windows\System32\spoolsv.exe
Faulting module path: C:\Windows\system32\spool\DRIVERS\W32X86\3\hpcui074.dll
Report Id: 293c9763-a1cc-11e7-846e-0050569f5fe8"
Error,9/25/2017 15:33,EventCreate,1,None,Application,djkvdihost489.jakarta01.com,JAKARTA01\evi  
Error,9/25/2017 15:30,EventCreate,1,None,Application,djkvdihost584.jakarta01.com,JAKARTA01\chris  
Error,9/25/2017 15:30,Application Error,1000,-100,Application,djkvdihost584.jakarta01.com,"Faulting application name: OUTLOOK.EXE, version: 15.0.4919.1001, time stamp: 0x58d20482
Faulting module name: OUTLOOK.EXE, version: 15.0.4919.1001, time stamp: 0x58d20482
Exception code: 0xc0000005
Fault offset: 0x008924c7
Faulting process id: 0x1ae4
Faulting application start time: 0x01d335ba2e13edc8
Faulting application path: C:\Program Files\Microsoft Office\Office15\OUTLOOK.EXE
Faulting module path: C:\Program Files\Microsoft Office\Office15\OUTLOOK.EXE
Report Id: c326794d-a1cb-11e7-8837-0050569f610a"
Error,9/25/2017 15:29,EventCreate,1,None,Application,djkvdihost517.jakarta01.com,JAKARTA01\DanielAW  
Error,9/25/2017 15:29,Application Error,1000,-100,Application,djkvdihost517.jakarta01.com,"Faulting application name: OUTLOOK.EXE, version: 15.0.4919.1001, time stamp: 0x58d20482
Faulting module name: ntdll.dll, version: 6.1.7601.23714, time stamp: 0x58bf8774
Exception code: 0xc0000005
Fault offset: 0x0005294f
Faulting process id: 0x1c70
Faulting application start time: 0x01d335c914df42e8
Faulting application path: C:\Program Files\Microsoft Office\Office15\OUTLOOK.EXE
Faulting module path: C:\Windows\SYSTEM32\ntdll.dll
Report Id: 9b4b96aa-a1cb-11e7-9667-0050569f05e2"
Error,9/25/2017 15:27,EventCreate,1,None,Application,djkvdihost379.jakarta01.com,JAKARTA01\rina  
Error,9/25/2017 15:27,EventCreate,1,None,Application,djkvdihost329.jakarta01.com,JAKARTA01\aria  
Error,9/25/2017 15:27,EventCreate,1,None,Application,djkvdihost379.jakarta01.com,JAKARTA01\rina  
Error,9/25/2017 15:25,EventCreate,1,None,Application,djkvdihost573.jakarta01.com,JAKARTA01\william  
Error,9/25/2017 15:25,Application Error,1000,-100,Application,djkvdihost573.jakarta01.com,"Faulting application name: OUTLOOK.EXE, version: 15.0.4919.1001, time stamp: 0x58d20482
Faulting module name: OUTLOOK.EXE, version: 15.0.4919.1001, time stamp: 0x58d20482
Exception code: 0xc0000005
Fault offset: 0x008924c4
Faulting process id: 0x1c20
Faulting application start time: 0x01d3359c1304f279
Faulting application path: C:\Program Files\Microsoft Office\Office15\OUTLOOK.EXE
Faulting module path: C:\Program Files\Microsoft Office\Office15\OUTLOOK.EXE
Report Id: 1cd08bc9-a1cb-11e7-848f-0050569f6f7b"
Error,9/25/2017 15:23,EventCreate,1,None,Application,djkvdihost419.jakarta01.com,JAKARTA01\Ajie  
Error,9/25/2017 15:23,Application Error,1000,-100,Application,djkvdihost419.jakarta01.com,"Faulting application name: PhotoScreensaver.scr, version: 6.1.7601.17514, time stamp: 0x4ce7a590
Faulting module name: SHELL32.dll, version: 6.1.7601.23537, time stamp: 0x57c450f4
Exception code: 0xc0000005
Fault offset: 0x001f269f
Faulting process id: 0x1ef8
Faulting application start time: 0x01d335d650eac2f0
Faulting application path: C:\Windows\system32\PhotoScreensaver.scr
Faulting module path: C:\Windows\system32\SHELL32.dll
Report Id: dd134e59-a1ca-11e7-86ec-0050569f1bdc"
Error,9/25/2017 15:23,EventCreate,1,None,Application,djkvdihost156.jakarta01.com,JAKARTA01\aria  
Error,9/25/2017 15:23,EventCreate,1,None,Application,djkvdihost352.jakarta01.com,JAKARTA01\ryan  
Error,9/25/2017 15:23,Application Error,1000,-100,Application,djkvdihost352.jakarta01.com,"Faulting application name: OUTLOOK.EXE, version: 15.0.4919.1001, time stamp: 0x58d20482
Faulting module name: OUTLOOK.EXE, version: 15.0.4919.1001, time stamp: 0x58d20482
Exception code: 0xc0000005
Fault offset: 0x008924c4
Faulting process id: 0x16b4
Faulting application start time: 0x01d3359d7698797d
Faulting application path: C:\Program Files\Microsoft Office\Office15\OUTLOOK.EXE
Faulting module path: C:\Program Files\Microsoft Office\Office15\OUTLOOK.EXE
Report Id: bd9895bf-a1ca-11e7-967e-0050569f1373"
Error,9/25/2017 15:21,EventCreate,1,None,Application,djkvdihost358.jakarta01.com,JAKARTA01\Nikmatullah  
Error,9/25/2017 15:20,EventCreate,1,None,Application,djkvdihost216.jakarta01.com,JAKARTA01\Taufik Kurniawan  
Error,9/25/2017 15:21,Application Error,1000,-100,Application,djkvdihost358.jakarta01.com,"Faulting application name: OUTLOOK.EXE, version: 15.0.4919.1001, time stamp: 0x58d20482
Faulting module name: OUTLOOK.EXE, version: 15.0.4919.1001, time stamp: 0x58d20482
Exception code: 0xc0000005
Fault offset: 0x008924c7
Faulting process id: 0xba4
Faulting application start time: 0x01d335a0fda69a66
Faulting application path: C:\Program Files\Microsoft Office\Office15\OUTLOOK.EXE
Faulting module path: C:\Program Files\Microsoft Office\Office15\OUTLOOK.EXE
Report Id: 8235a709-a1ca-11e7-b221-0050569f2bc4"
Error,9/25/2017 15:20,EventCreate,1,None,Application,djkvdihost216.jakarta01.com,JAKARTA01\Taufik Kurniawan  
Error,9/25/2017 15:17,EventCreate,1,None,Application,djkvdihost517.jakarta01.com,JAKARTA01\DanielAW  
Error,9/25/2017 15:17,Application Error,1000,-100,Application,djkvdihost517.jakarta01.com,"Faulting application name: EXCEL.EXE, version: 15.0.4919.1000, time stamp: 0x58c7ab0f
Faulting module name: mso.dll, version: 15.0.4919.1002, time stamp: 0x58de0799
Exception code: 0xc0000005
Fault offset: 0x002afb04
Faulting process id: 0x1d74
Faulting application start time: 0x01d3359ea3e194e5
Faulting application path: C:\Program Files\Microsoft Office\Office15\EXCEL.EXE
Faulting module path: C:\Program Files\Common Files\Microsoft Shared\Office15\mso.dll
Report Id: f6c8f357-a1c9-11e7-9667-0050569f05e2"
Error,9/25/2017 15:16,EventCreate,1,None,Application,djkvdihost082.jakarta01.com,JAKARTA01\Lily  
Error,9/25/2017 15:16,EventCreate,1,None,Application,djkvdihost082.jakarta01.com,JAKARTA01\Lily  
Error,9/25/2017 15:14,EventCreate,1,None,Application,djkvdihost811.jakarta01.com,JAKARTA01\hideo  
Error,9/25/2017 15:14,Application Error,1000,-100,Application,djkvdihost811.jakarta01.com,"Faulting application name: OUTLOOK.EXE, version: 15.0.4919.1001, time stamp: 0x58d20482
Faulting module name: OUTLOOK.EXE, version: 15.0.4919.1001, time stamp: 0x58d20482
Exception code: 0xc0000005
Fault offset: 0x008924c7
Faulting process id: 0x1520
Faulting application start time: 0x01d335bbb67158a7
Faulting application path: C:\Program Files\Microsoft Office\Office15\OUTLOOK.EXE
Faulting module path: C:\Program Files\Microsoft Office\Office15\OUTLOOK.EXE
Report Id: 7ffa7577-a1c9-11e7-bd38-0050569f311e"
Error,9/25/2017 15:13,EventCreate,1,None,Application,djkvdihost615.jakarta01.com,JAKARTA01\magdalena  
Error,9/25/2017 15:11,EventCreate,1,None,Application,djkvdihost843.jakarta01.com,JAKARTA01\tsusaka  
Error,9/25/2017 15:11,EventCreate,1,None,Application,djkvdihost220.jakarta01.com,JAKARTA01\yansen  
Error,9/25/2017 15:11,Application Error,1000,-100,Application,djkvdihost220.jakarta01.com,"Faulting application name: OUTLOOK.EXE, version: 15.0.4919.1001, time stamp: 0x58d20482
Faulting module name: ntdll.dll, version: 6.1.7601.23714, time stamp: 0x58bf8774
Exception code: 0xc0000005
Fault offset: 0x000529ac
Faulting process id: 0x1bc0
Faulting application start time: 0x01d33598456c5fa9
Faulting application path: C:\Program Files\Microsoft Office\Office15\OUTLOOK.EXE
Faulting module path: C:\Windows\SYSTEM32\ntdll.dll
Report Id: 1681b622-a1c9-11e7-948c-0050569f20aa"
Error,9/25/2017 15:05,EventCreate,1,None,Application,djkvdihost343.jakarta01.com,JAKARTA01\ailsa  
Error,9/25/2017 15:05,EventCreate,1,None,Application,djkvdihost147.jakarta01.com,JAKARTA01\hana nurul  
Error,9/25/2017 15:05,Application Error,1000,-100,Application,djkvdihost343.jakarta01.com,"Faulting application name: OUTLOOK.EXE, version: 15.0.4919.1001, time stamp: 0x58d20482
Faulting module name: OUTLOOK.EXE, version: 15.0.4919.1001, time stamp: 0x58d20482
Exception code: 0xc0000005
Fault offset: 0x008924c4
Faulting process id: 0x1c84
Faulting application start time: 0x01d335c8fd42ee9d
Faulting application path: C:\Program Files\Microsoft Office\Office15\OUTLOOK.EXE
Faulting module path: C:\Program Files\Microsoft Office\Office15\OUTLOOK.EXE
Report Id: 4f4375cf-a1c8-11e7-8511-0050569f2873"
Error,9/25/2017 15:03,EventCreate,1,None,Application,djkvdihost334.jakarta01.com,JAKARTA01\Rini Purnama  
