Error,9/29/2017 7:57,EventCreate,1,None,Application,djkvdihost324.jakarta01.com,JAKARTA01\rudy  
Error,9/29/2017 7:57,EventCreate,1,None,Application,djkvdihost294.jakarta01.com,JAKARTA01\tyas  
Error,9/29/2017 7:57,EventCreate,1,None,Application,djkvdihost148.jakarta01.com,JAKARTA01\devid  
Error,9/29/2017 7:57,EventCreate,1,None,Application,djkvdihost377.jakarta01.com,JAKARTA01\Helena  
Error,9/29/2017 7:57,EventCreate,1,None,Application,djkvdihost640.jakarta01.com,JAKARTA01\ouki  
Error,9/29/2017 7:57,EventCreate,1,None,Application,djkvdihost411.jakarta01.com,JAKARTA01\mdendy  
Error,9/29/2017 7:57,EventCreate,1,None,Application,djkvdihost223.jakarta01.com,JAKARTA01\janna  
Error,9/29/2017 7:57,EventCreate,1,None,Application,djkvdihost543.jakarta01.com,JAKARTA01\hemayani  
Error,9/29/2017 7:57,EventCreate,1,None,Application,djkvdihost268.jakarta01.com,JAKARTA01\novianti  
Error,9/29/2017 7:57,EventCreate,1,None,Application,djkvdihost562.jakarta01.com,JAKARTA01\RatiAF  
Error,9/29/2017 7:57,EventCreate,1,None,Application,djkvdihost670.jakarta01.com,JAKARTA01\priscilla  
Error,9/29/2017 7:56,WSH,1,None,Application,djkvdihost223.jakarta01.com,"CN=Janna Irianto password will expire in 3 day(s) at 10/2/2017 8:21:20 AM

Press CTRL + ALT + DEL and select the ""Change a password"" option."
Error,9/29/2017 7:57,EventCreate,1,None,Application,djkvdihost484.jakarta01.com,JAKARTA01\hari  
Error,9/29/2017 7:57,EventCreate,1,None,Application,djkvdihost210.jakarta01.com,JAKARTA01\Bambang  
Error,9/29/2017 7:56,EventCreate,1,None,Application,djkvdihost286.jakarta01.com,JAKARTA01\toyoda  
Error,9/29/2017 7:56,EventCreate,1,None,Application,djkvdihost793.jakarta01.com,JAKARTA01\Darmawan  
Error,9/29/2017 7:56,EventCreate,1,None,Application,djkvdihost314.jakarta01.com,JAKARTA01\Tino  
Error,9/29/2017 7:56,WSH,1,None,Application,djkvdihost223.jakarta01.com,"CN=Janna Irianto password will expire in 3 day(s) at 10/2/2017 8:21:20 AM

Press CTRL + ALT + DEL and select the ""Change a password"" option."
Error,9/29/2017 7:56,EventCreate,1,None,Application,djkvdihost119.jakarta01.com,JAKARTA01\Rini Purnama  
Error,9/29/2017 7:56,EventCreate,1,None,Application,djkvdihost313.jakarta01.com,JAKARTA01\alifah  
Error,9/29/2017 7:56,Application Error,1000,-100,Application,djkvdihost314.jakarta01.com,"Faulting application name: spoolsv.exe, version: 6.1.7601.17777, time stamp: 0x4f35efc3
Faulting module name: msvcrt.dll, version: 7.0.7601.17744, time stamp: 0x4eeaf722
Exception code: 0xc0000005
Fault offset: 0x0000aa14
Faulting process id: 0x634
Faulting application start time: 0x01d338578a190e8a
Faulting application path: C:\Windows\System32\spoolsv.exe
Faulting module path: C:\Windows\system32\msvcrt.dll
Report Id: 03f6b654-a4b1-11e7-ae27-0050569f5e4e"
Error,9/29/2017 7:56,EventCreate,1,None,Application,djkvdihost776.jakarta01.com,JAKARTA01\Devina  
Error,9/29/2017 7:56,EventCreate,1,None,Application,djkvdihost074.jakarta01.com,JAKARTA01\erminawati  
Error,9/29/2017 7:56,EventCreate,1,None,Application,djkvdihost215.jakarta01.com,JAKARTA01\ronald david  
Error,9/29/2017 7:56,EventCreate,1,None,Application,djkvdihost434.jakarta01.com,JAKARTA01\indra pranowo  
Error,9/29/2017 7:56,EventCreate,1,None,Application,djkvdihost044.jakarta01.com,JAKARTA01\ailsa  
Error,9/29/2017 7:56,EventCreate,1,None,Application,djkvdihost726.jakarta01.com,JAKARTA01\sysdovs01  
Error,9/29/2017 7:55,EventCreate,1,None,Application,djkvdihost044.jakarta01.com,JAKARTA01\ailsa  
Error,9/29/2017 7:55,EventCreate,1,None,Application,djkvdihost359.jakarta01.com,JAKARTA01\andriana  
Error,9/29/2017 7:55,EventCreate,1,None,Application,djkvdihost502.jakarta01.com,JAKARTA01\lisa  
Error,9/29/2017 7:55,EventCreate,1,None,Application,djkvdihost416.jakarta01.com,JAKARTA01\Erich  
Error,9/29/2017 7:55,EventCreate,1,None,Application,djkvdihost167.jakarta01.com,JAKARTA01\wicaksono  
Error,9/29/2017 7:55,WSH,1,None,Application,djkvdihost793.jakarta01.com,"CN=Darmawan Dewanto password will expire in 4 day(s) at 10/3/2017 11:09:33 AM

Press CTRL + ALT + DEL and select the ""Change a password"" option."
Error,9/29/2017 7:55,EventCreate,1,None,Application,djkvdihost068.jakarta01.com,JAKARTA01\hadid  
Error,9/29/2017 7:55,EventCreate,1,None,Application,djkvdihost496.jakarta01.com,JAKARTA01\andika  
Error,9/29/2017 7:55,EventCreate,1,None,Application,djkvdihost350.jakarta01.com,JAKARTA01\Aviv  
Error,9/29/2017 7:55,WSH,1,None,Application,djkvdihost793.jakarta01.com,"CN=Darmawan Dewanto password will expire in 4 day(s) at 10/3/2017 11:09:33 AM

Press CTRL + ALT + DEL and select the ""Change a password"" option."
Error,9/29/2017 7:54,EventCreate,1,None,Application,djkvdihost683.jakarta01.com,JAKARTA01\JUNETTE  
Error,9/29/2017 7:55,EventCreate,1,None,Application,djkvdihost522.jakarta01.com,JAKARTA01\M Fajri  
Error,9/29/2017 7:55,EventCreate,1,None,Application,djkvdihost647.jakarta01.com,JAKARTA01\anderson  
Error,9/29/2017 7:54,EventCreate,1,None,Application,djkvdihost196.jakarta01.com,JAKARTA01\edwin  
Error,9/29/2017 7:54,EventCreate,1,None,Application,djkvdihost609.jakarta01.com,JAKARTA01\Talitha  
Error,9/29/2017 7:54,EventCreate,1,None,Application,djkvdihost683.jakarta01.com,JAKARTA01\JUNETTE  
Error,9/29/2017 7:54,EventCreate,1,None,Application,djkvdihost347.jakarta01.com,JAKARTA01\krisna  
Error,9/29/2017 7:54,EventCreate,1,None,Application,djkvdihost660.jakarta01.com,JAKARTA01\davidhs  
Error,9/29/2017 7:54,WSH,1,None,Application,djkvdihost196.jakarta01.com,"CN=Edwin Arius password will expire in 2 day(s) at 10/1/2017 8:30:24 AM

Press CTRL + ALT + DEL and select the ""Change a password"" option."
Error,9/29/2017 7:54,EventCreate,1,None,Application,djkvdihost371.jakarta01.com,JAKARTA01\dimas  
Error,9/29/2017 7:54,EventCreate,1,None,Application,djkvdihost501.jakarta01.com,JAKARTA01\riaanggreyni  
Error,9/29/2017 7:54,EventCreate,1,None,Application,djkvdihost765.jakarta01.com,JAKARTA01\rimico  
Error,9/29/2017 7:54,EventCreate,1,None,Application,djkvdihost900.jakarta01.com,JAKARTA01\Enjang  
Error,9/29/2017 7:54,EventCreate,1,None,Application,djkvdihost164.jakarta01.com,JAKARTA01\samsul  
Error,9/29/2017 7:54,EventCreate,1,None,Application,djkvdihost318.jakarta01.com,JAKARTA01\Beny  
Error,9/29/2017 7:54,WSH,1,None,Application,djkvdihost196.jakarta01.com,"CN=Edwin Arius password will expire in 2 day(s) at 10/1/2017 8:30:24 AM

Press CTRL + ALT + DEL and select the ""Change a password"" option."
Error,9/29/2017 7:54,EventCreate,1,None,Application,djkvdihost099.jakarta01.com,JAKARTA01\trisnawati  
Error,9/29/2017 7:54,EventCreate,1,None,Application,djkvdihost257.jakarta01.com,JAKARTA01\agnesthine  
Error,9/29/2017 7:54,EventCreate,1,None,Application,djkvdihost820.jakarta01.com,JAKARTA01\mazy  
Error,9/29/2017 7:53,Application Error,1000,-100,Application,djkvdihost820.jakarta01.com,"Faulting application name: spoolsv.exe, version: 6.1.7601.17777, time stamp: 0x4f35efc3
Faulting module name: msvcrt.dll, version: 7.0.7601.17744, time stamp: 0x4eeaf722
Exception code: 0xc0000005
Fault offset: 0x0000aa14
Faulting process id: 0x638
Faulting application start time: 0x01d3384a8340e69f
Faulting application path: C:\Windows\System32\spoolsv.exe
Faulting module path: C:\Windows\system32\msvcrt.dll
Report Id: ac82ef06-a4b0-11e7-8302-0050569f233e"
Error,9/29/2017 7:53,EventCreate,1,None,Application,djkvdihost901.jakarta01.com,JAKARTA01\matthew  
Error,9/29/2017 7:53,EventCreate,1,None,Application,djkvdihost024.jakarta01.com,JAKARTA01\Arief Sandy  
Error,9/29/2017 7:53,EventCreate,1,None,Application,djkvdihost425.jakarta01.com,JAKARTA01\handayani  
Error,9/29/2017 7:53,EventCreate,1,None,Application,djkvdihost179.jakarta01.com,JAKARTA01\alvita  
Error,9/29/2017 7:53,EventCreate,1,None,Application,djkvdihost680.jakarta01.com,JAKARTA01\Nikmatullah  
Error,9/29/2017 7:53,EventCreate,1,None,Application,djkvdihost087.jakarta01.com,JAKARTA01\andryan  
Error,9/29/2017 7:52,EventCreate,1,None,Application,djkvdihost394.jakarta01.com,JAKARTA01\jeffry  
Error,9/29/2017 7:52,EventCreate,1,None,Application,djkvdihost430.jakarta01.com,JAKARTA01\fahrul  
Error,9/29/2017 7:52,EventCreate,1,None,Application,djkvdihost592.jakarta01.com,JAKARTA01\Audyanza  
Error,9/29/2017 7:52,EventCreate,1,None,Application,djkvdihost069.jakarta01.com,JAKARTA01\danna  
Error,9/29/2017 7:52,EventCreate,1,None,Application,djkvdihost333.jakarta01.com,JAKARTA01\supris  
Error,9/29/2017 7:52,EventCreate,1,None,Application,djkvdihost715.jakarta01.com,JAKARTA01\Arlyne  
Error,9/29/2017 7:52,EventCreate,1,None,Application,djkvdihost161.jakarta01.com,JAKARTA01\dadi hardi  
Error,9/29/2017 7:52,EventCreate,1,None,Application,djkvdihost403.jakarta01.com,JAKARTA01\yudi  
Error,9/29/2017 7:51,EventCreate,1,None,Application,djkvdihost460.jakarta01.com,JAKARTA01\Yudhadp  
Error,9/29/2017 7:51,EventCreate,1,None,Application,djkvdihost818.jakarta01.com,JAKARTA01\rezky  
Error,9/29/2017 7:51,EventCreate,1,None,Application,djkvdihost611.jakarta01.com,JAKARTA01\fitri  
Error,9/29/2017 7:51,EventCreate,1,None,Application,djkvdihost520.jakarta01.com,JAKARTA01\Puspa  
Error,9/29/2017 7:51,EventCreate,1,None,Application,djkvdihost183.jakarta01.com,JAKARTA01\Mustikawati  
Error,9/29/2017 7:51,EventCreate,1,None,Application,djkvdihost653.jakarta01.com,JAKARTA01\putri  
Error,9/29/2017 7:51,EventCreate,1,None,Application,djkvdihost397.jakarta01.com,JAKARTA01\prakasa  
Error,9/29/2017 7:51,EventCreate,1,None,Application,djkvdihost227.jakarta01.com,JAKARTA01\yuliana  
Error,9/29/2017 7:51,EventCreate,1,None,Application,djkvdihost365.jakarta01.com,JAKARTA01\Aisyah  
Error,9/29/2017 7:50,EventCreate,1,None,Application,djkvdihost191.jakarta01.com,JAKARTA01\aprilia  
Error,9/29/2017 7:50,EventCreate,1,None,Application,djkvdihost699.jakarta01.com,JAKARTA01\teddy h  
Error,9/29/2017 7:50,EventCreate,1,None,Application,djkvdihost046.jakarta01.com,JAKARTA01\hendra firdaus  
Error,9/29/2017 7:50,EventCreate,1,None,Application,djkvdihost171.jakarta01.com,JAKARTA01\Dian Permata  
Error,9/29/2017 7:50,EventCreate,1,None,Application,djkvdihost081.jakarta01.com,JAKARTA01\fathiya  
Error,9/29/2017 7:50,EventCreate,1,None,Application,djkvdihost406.jakarta01.com,JAKARTA01\Chaterin  
Error,9/29/2017 7:49,WSH,1,None,Application,djkvdihost191.jakarta01.com,"CN=Aprilia Widyawati password will expire in 3 day(s) at 10/2/2017 7:54:33 AM

Press CTRL + ALT + DEL and select the ""Change a password"" option."
Error,9/29/2017 7:49,EventCreate,1,None,Application,djkvdihost028.jakarta01.com,JAKARTA01\Lily  
Error,9/29/2017 7:50,EventCreate,1,None,Application,djkvdihost040.jakarta01.com,JAKARTA01\budir  
Error,9/29/2017 7:50,EventCreate,1,None,Application,djkvdihost864.jakarta01.com,JAKARTA01\alia  
Error,9/29/2017 7:50,EventCreate,1,None,Application,djkvdihost207.jakarta01.com,JAKARTA01\yansen  
Error,9/29/2017 7:50,EventCreate,1,None,Application,djkvdihost535.jakarta01.com,JAKARTA01\Adi Saputra  
Error,9/29/2017 7:50,EventCreate,1,None,Application,djkvdihost057.jakarta01.com,JAKARTA01\Yulistial  
Error,9/29/2017 7:49,WSH,1,None,Application,djkvdihost191.jakarta01.com,"CN=Aprilia Widyawati password will expire in 3 day(s) at 10/2/2017 7:54:33 AM

Press CTRL + ALT + DEL and select the ""Change a password"" option."
Error,9/29/2017 7:49,EventCreate,1,None,Application,djkvdihost271.jakarta01.com,JAKARTA01\dady  
Error,9/29/2017 7:49,EventCreate,1,None,Application,djkvdihost561.jakarta01.com,JAKARTA01\vina  
Error,9/29/2017 7:49,EventCreate,1,None,Application,djkvdihost497.jakarta01.com,JAKARTA01\hana nurul  
Error,9/29/2017 7:49,EventCreate,1,None,Application,djkvdihost604.jakarta01.com,JAKARTA01\linda  
Error,9/29/2017 7:49,EventCreate,1,None,Application,djkvdihost028.jakarta01.com,JAKARTA01\Lily  
Error,9/29/2017 7:49,EventCreate,1,None,Application,djkvdihost015.jakarta01.com,JAKARTA01\Dilla  
Error,9/29/2017 7:49,EventCreate,1,None,Application,djkvdihost240.jakarta01.com,JAKARTA01\WulanAn  
Error,9/29/2017 7:48,EventCreate,1,None,Application,djkvdihost848.jakarta01.com,JAKARTA01\harry  
Error,9/29/2017 7:48,EventCreate,1,None,Application,djkvdihost051.jakarta01.com,JAKARTA01\KristoforusAW  
Error,9/29/2017 7:48,EventCreate,1,None,Application,djkvdihost199.jakarta01.com,JAKARTA01\Resty  
Error,9/29/2017 7:48,EventCreate,1,None,Application,djkvdihost763.jakarta01.com,JAKARTA01\arum eka  
Error,9/29/2017 7:48,EventCreate,1,None,Application,djkvdihost302.jakarta01.com,JAKARTA01\Teguh Aji  
Error,9/29/2017 7:48,EventCreate,1,None,Application,djkvdihost071.jakarta01.com,JAKARTA01\budi kurniawan  
Error,9/29/2017 7:48,Application Error,1000,-100,Application,djkvdihost302.jakarta01.com,"Faulting application name: spoolsv.exe, version: 6.1.7601.17777, time stamp: 0x4f35efc3
Faulting module name: msvcrt.dll, version: 7.0.7601.17744, time stamp: 0x4eeaf722
Exception code: 0xc0000005
Fault offset: 0x0000aa14
Faulting process id: 0x634
Faulting application start time: 0x01d338566d159df9
Faulting application path: C:\Windows\System32\spoolsv.exe
Faulting module path: C:\Windows\system32\msvcrt.dll
Report Id: dc328588-a4af-11e7-8075-0050569f7524"
Error,9/29/2017 7:47,EventCreate,1,None,Application,djkvdihost007.jakarta01.com,JAKARTA01\chalfin  
Error,9/29/2017 7:47,EventCreate,1,None,Application,djkvdihost111.jakarta01.com,JAKARTA01\anggata  
Error,9/29/2017 7:47,EventCreate,1,None,Application,djkvdihost392.jakarta01.com,JAKARTA01\Rinaldo  
Error,9/29/2017 7:47,EventCreate,1,None,Application,djkvdihost382.jakarta01.com,JAKARTA01\iva  
Error,9/29/2017 7:47,EventCreate,1,None,Application,djkvdihost556.jakarta01.com,JAKARTA01\tiar  
Error,9/29/2017 7:47,EventCreate,1,None,Application,djkvdihost533.jakarta01.com,JAKARTA01\ferdi  
Error,9/29/2017 7:47,EventCreate,1,None,Application,djkvdihost079.jakarta01.com,JAKARTA01\muhammady  
Error,9/29/2017 7:47,EventCreate,1,None,Application,djkvdihost462.jakarta01.com,JAKARTA01\ceciliadt  
Error,9/29/2017 7:47,EventCreate,1,None,Application,djkvdihost010.jakarta01.com,JAKARTA01\bagas  
Error,9/29/2017 7:47,EventCreate,1,None,Application,djkvdihost408.jakarta01.com,JAKARTA01\georgedk  
Error,9/29/2017 7:47,EventCreate,1,None,Application,djkvdihost211.jakarta01.com,JAKARTA01\ginanjar  
Error,9/29/2017 7:47,EventCreate,1,None,Application,djkvdihost058.jakarta01.com,JAKARTA01\zaldi  
Error,9/29/2017 7:46,EventCreate,1,None,Application,djkvdihost388.jakarta01.com,JAKARTA01\ChyntiaDN  
Error,9/29/2017 7:46,EventCreate,1,None,Application,djkvdihost898.jakarta01.com,JAKARTA01\Adhisty  
Error,9/29/2017 7:46,EventCreate,1,None,Application,djkvdihost396.jakarta01.com,JAKARTA01\Nirmala  
Error,9/29/2017 7:46,EventCreate,1,None,Application,djkvdihost052.jakarta01.com,JAKARTA01\lani  
Error,9/29/2017 7:46,EventCreate,1,None,Application,djkvdihost652.jakarta01.com,JAKARTA01\eunice  
Error,9/29/2017 7:46,EventCreate,1,None,Application,djkvdihost105.jakarta01.com,JAKARTA01\karen  
Error,9/29/2017 7:46,EventCreate,1,None,Application,djkvdihost746.jakarta01.com,JAKARTA01\ita shabrina  
Error,9/29/2017 7:46,EventCreate,1,None,Application,djkvdihost282.jakarta01.com,JAKARTA01\yenni  
Error,9/29/2017 7:46,EventCreate,1,None,Application,djkvdihost763.jakarta01.com,JAKARTA01\arum eka  
Error,9/29/2017 7:46,EventCreate,1,None,Application,djkvdihost039.jakarta01.com,JAKARTA01\airin  
Error,9/29/2017 7:46,EventCreate,1,None,Application,djkvdihost894.jakarta01.com,JAKARTA01\StellaH  
Error,9/29/2017 7:46,EventCreate,1,None,Application,djkvdihost892.jakarta01.com,JAKARTA01\Adi Purnomo  
Error,9/29/2017 7:46,EventCreate,1,None,Application,djkvdihost598.jakarta01.com,JAKARTA01\Moh Ditto  
Error,9/29/2017 7:46,EventCreate,1,None,Application,djkvdihost485.jakarta01.com,JAKARTA01\christian  
Error,9/29/2017 7:45,EventCreate,1,None,Application,djkvdihost893.jakarta01.com,JAKARTA01\Naruhito  
Error,9/29/2017 7:45,EventCreate,1,None,Application,djkvdihost466.jakarta01.com,JAKARTA01\dwinda  
Error,9/29/2017 7:45,EventCreate,1,None,Application,djkvdihost204.jakarta01.com,JAKARTA01\yusi  
Error,9/29/2017 7:45,EventCreate,1,None,Application,djkvdihost566.jakarta01.com,JAKARTA01\Rahmat  
Error,9/29/2017 7:45,EventCreate,1,None,Application,djkvdihost701.jakarta01.com,JAKARTA01\widiana  
Error,9/29/2017 7:45,EventCreate,1,None,Application,djkvdihost096.jakarta01.com,JAKARTA01\yosephine  
Error,9/29/2017 7:45,EventCreate,1,None,Application,djkvdihost144.jakarta01.com,JAKARTA01\Arum  
Error,9/29/2017 7:45,EventCreate,1,None,Application,djkvdihost202.jakarta01.com,JAKARTA01\nadhilah  
Error,9/29/2017 7:45,EventCreate,1,None,Application,djkvdihost126.jakarta01.com,JAKARTA01\iqbal  
Error,9/29/2017 7:45,EventCreate,1,None,Application,djkvdihost029.jakarta01.com,JAKARTA01\krisnawan  
Error,9/29/2017 7:45,EventCreate,1,None,Application,djkvdihost743.jakarta01.com,JAKARTA01\Dyandra  
Error,9/29/2017 7:45,EventCreate,1,None,Application,djkvdihost748.jakarta01.com,JAKARTA01\Bob Jasper  
Error,9/29/2017 7:44,EventCreate,1,None,Application,djkvdihost622.jakarta01.com,JAKARTA01\Ronald  
Error,9/29/2017 7:44,Application Error,1000,-100,Application,djkvdihost126.jakarta01.com,"Faulting application name: spoolsv.exe, version: 6.1.7601.17777, time stamp: 0x4f35efc3
Faulting module name: msvcrt.dll, version: 7.0.7601.17744, time stamp: 0x4eeaf722
Exception code: 0xc0000005
Fault offset: 0x0000aa14
Faulting process id: 0x634
Faulting application start time: 0x01d33842b3443307
Faulting application path: C:\Windows\System32\spoolsv.exe
Faulting module path: C:\Windows\system32\msvcrt.dll
Report Id: 657d9ba8-a4af-11e7-aa3d-0050569f2fff"
Error,9/29/2017 7:44,EventCreate,1,None,Application,djkvdihost112.jakarta01.com,JAKARTA01\cinta  
Error,9/29/2017 7:44,EventCreate,1,None,Application,djkvdihost376.jakarta01.com,JAKARTA01\vanya  
Error,9/29/2017 7:44,EventCreate,1,None,Application,djkvdihost356.jakarta01.com,JAKARTA01\paramita  
Error,9/29/2017 7:44,EventCreate,1,None,Application,djkvdihost134.jakarta01.com,JAKARTA01\michiko  
Error,9/29/2017 7:44,EventCreate,1,None,Application,djkvdihost372.jakarta01.com,JAKARTA01\gallant  
Error,9/29/2017 7:43,EventCreate,1,None,Application,djkvdihost415.jakarta01.com,JAKARTA01\adriani  
Error,9/29/2017 7:43,EventCreate,1,None,Application,djkvdihost415.jakarta01.com,JAKARTA01\adriani  
Error,9/29/2017 7:43,EventCreate,1,None,Application,djkvdihost587.jakarta01.com,JAKARTA01\Armanto  
Error,9/29/2017 7:43,EventCreate,1,None,Application,djkvdihost245.jakarta01.com,JAKARTA01\Novita Rahayu  
Error,9/29/2017 7:43,EventCreate,1,None,Application,djkvdihost144.jakarta01.com,JAKARTA01\Arum  
Error,9/29/2017 7:43,EventCreate,1,None,Application,djkvdihost693.jakarta01.com,JAKARTA01\yumiyati  
Error,9/29/2017 7:43,EventCreate,1,None,Application,djkvdihost770.jakarta01.com,JAKARTA01\maya  
Error,9/29/2017 7:43,EventCreate,1,None,Application,djkvdihost736.jakarta01.com,JAKARTA01\belly  
Error,9/29/2017 7:43,EventCreate,1,None,Application,djkvdihost415.jakarta01.com,JAKARTA01\adriani  
Error,9/29/2017 7:43,EventCreate,1,None,Application,djkvdihost125.jakarta01.com,JAKARTA01\widiasmara  
Error,9/29/2017 7:43,EventCreate,1,None,Application,djkvdihost495.jakarta01.com,JAKARTA01\meinar  
Error,9/29/2017 7:43,EventCreate,1,None,Application,djkvdihost311.jakarta01.com,JAKARTA01\R Syafira  
Error,9/29/2017 7:43,EventCreate,1,None,Application,djkvdihost857.jakarta01.com,JAKARTA01\andi  
Error,9/29/2017 7:42,EventCreate,1,None,Application,djkvdihost671.jakarta01.com,JAKARTA01\nila  
Error,9/29/2017 7:42,EventCreate,1,None,Application,djkvdihost583.jakarta01.com,JAKARTA01\Dina Vathati  
Error,9/29/2017 7:42,WSH,1,None,Application,djkvdihost583.jakarta01.com,"CN=Dina Vathati Nadiya password will expire in 3 day(s) at 10/2/2017 7:24:36 AM

Press CTRL + ALT + DEL and select the ""Change a password"" option."
Error,9/29/2017 7:42,EventCreate,1,None,Application,djkvdihost255.jakarta01.com,JAKARTA01\Lukitowati  
Error,9/29/2017 7:42,EventCreate,1,None,Application,djkvdihost255.jakarta01.com,JAKARTA01\Lukitowati  
Error,9/29/2017 7:42,EventCreate,1,None,Application,djkvdihost361.jakarta01.com,JAKARTA01\budi ramadhan  
Error,9/29/2017 7:41,EventCreate,1,None,Application,djkvdihost353.jakarta01.com,JAKARTA01\hendry  
Error,9/29/2017 7:42,EventCreate,1,None,Application,djkvdihost790.jakarta01.com,JAKARTA01\citra  
Error,9/29/2017 7:42,WSH,1,None,Application,djkvdihost583.jakarta01.com,"CN=Dina Vathati Nadiya password will expire in 3 day(s) at 10/2/2017 7:24:36 AM

Press CTRL + ALT + DEL and select the ""Change a password"" option."
Error,9/29/2017 7:42,EventCreate,1,None,Application,djkvdihost413.jakarta01.com,JAKARTA01\tantri  
Error,9/29/2017 7:42,EventCreate,1,None,Application,djkvdihost073.jakarta01.com,JAKARTA01\meri  
Error,9/29/2017 7:42,EventCreate,1,None,Application,djkvdihost650.jakarta01.com,JAKARTA01\teddyks  
Error,9/29/2017 7:42,EventCreate,1,None,Application,djkvdihost075.jakarta01.com,JAKARTA01\Pradita  
Error,9/29/2017 7:41,EventCreate,1,None,Application,djkvdihost353.jakarta01.com,JAKARTA01\hendry  
Error,9/29/2017 7:41,EventCreate,1,None,Application,djkvdihost623.jakarta01.com,JAKARTA01\titis  
Error,9/29/2017 7:41,EventCreate,1,None,Application,djkvdihost784.jakarta01.com,JAKARTA01\ryan  
Error,9/29/2017 7:41,EventCreate,1,None,Application,djkvdihost110.jakarta01.com,JAKARTA01\chris  
Error,9/29/2017 7:40,EventCreate,1,None,Application,djkvdihost435.jakarta01.com,JAKARTA01\haedar  
Error,9/29/2017 7:40,EventCreate,1,None,Application,djkvdihost338.jakarta01.com,JAKARTA01\rahayu  
Error,9/29/2017 7:40,EventCreate,1,None,Application,djkvdihost101.jakarta01.com,JAKARTA01\inna  
Error,9/29/2017 7:40,EventCreate,1,None,Application,djkvdihost384.jakarta01.com,JAKARTA01\junito  
Error,9/29/2017 7:40,EventCreate,1,None,Application,djkvdihost243.jakarta01.com,JAKARTA01\Rana  
Error,9/29/2017 7:40,EventCreate,1,None,Application,djkvdihost432.jakarta01.com,JAKARTA01\rhaditya  
Error,9/29/2017 7:40,EventCreate,1,None,Application,djkvdihost677.jakarta01.com,JAKARTA01\magdalena  
Error,9/29/2017 7:40,EventCreate,1,None,Application,djkvdihost629.jakarta01.com,JAKARTA01\Astriana  
Error,9/29/2017 7:40,EventCreate,1,None,Application,djkvdihost221.jakarta01.com,JAKARTA01\Erlisa  
Error,9/29/2017 7:40,EventCreate,1,None,Application,djkvdihost500.jakarta01.com,JAKARTA01\Adjeng  
Error,9/29/2017 7:39,EventCreate,1,None,Application,djkvdihost250.jakarta01.com,JAKARTA01\puspitasari  
Error,9/29/2017 7:39,EventCreate,1,None,Application,djkvdihost042.jakarta01.com,JAKARTA01\amanda  
Error,9/29/2017 7:38,EventCreate,1,None,Application,djkvdihost739.jakarta01.com,JAKARTA01\kreshna  
Error,9/29/2017 7:38,EventCreate,1,None,Application,djkvdihost879.jakarta01.com,JAKARTA01\Kurnia Arisayuga  
Error,9/29/2017 7:38,EventCreate,1,None,Application,djkvdihost154.jakarta01.com,JAKARTA01\Liasyah  
Error,9/29/2017 7:38,EventCreate,1,None,Application,djkvdihost560.jakarta01.com,JAKARTA01\myreshka  
Error,9/29/2017 7:38,EventCreate,1,None,Application,djkvdihost516.jakarta01.com,JAKARTA01\SANI  
Error,9/29/2017 7:38,EventCreate,1,None,Application,djkvdihost880.jakarta01.com,JAKARTA01\Amelia  
Error,9/29/2017 7:38,EventCreate,1,None,Application,djkvdihost320.jakarta01.com,JAKARTA01\guestisd30  
Error,9/29/2017 7:38,EventCreate,1,None,Application,djkvdihost732.jakarta01.com,JAKARTA01\dian  
Error,9/29/2017 7:38,EventCreate,1,None,Application,djkvdihost739.jakarta01.com,JAKARTA01\kreshna  
Error,9/29/2017 7:38,EventCreate,1,None,Application,djkvdihost092.jakarta01.com,JAKARTA01\DEVI  
Error,9/29/2017 7:37,WSH,1,None,Application,djkvdihost879.jakarta01.com,"CN=Kurnia Arisayuga password will expire in 2 day(s) at 10/1/2017 8:01:35 AM

Press CTRL + ALT + DEL and select the ""Change a password"" option."
Error,9/29/2017 7:37,EventCreate,1,None,Application,djkvdihost395.jakarta01.com,JAKARTA01\sasono  
Error,9/29/2017 7:37,WSH,1,None,Application,djkvdihost879.jakarta01.com,"CN=Kurnia Arisayuga password will expire in 2 day(s) at 10/1/2017 8:01:35 AM

Press CTRL + ALT + DEL and select the ""Change a password"" option."
Error,9/29/2017 7:37,EventCreate,1,None,Application,djkvdihost301.jakarta01.com,JAKARTA01\tasin  
Error,9/29/2017 7:36,EventCreate,1,None,Application,djkvdihost806.jakarta01.com,JAKARTA01\kristian  
Error,9/29/2017 7:37,EventCreate,1,None,Application,djkvdihost674.jakarta01.com,JAKARTA01\arinie  
Error,9/29/2017 7:36,EventCreate,1,None,Application,djkvdihost545.jakarta01.com,JAKARTA01\adhi  
Error,9/29/2017 7:36,EventCreate,1,None,Application,djkvdihost529.jakarta01.com,JAKARTA01\sugiarto  
Error,9/29/2017 7:36,EventCreate,1,None,Application,djkvdihost687.jakarta01.com,JAKARTA01\Donna  
Error,9/29/2017 7:36,EventCreate,1,None,Application,djkvdihost806.jakarta01.com,JAKARTA01\kristian  
Error,9/29/2017 7:36,EventCreate,1,None,Application,djkvdihost563.jakarta01.com,JAKARTA01\Hilma  
Error,9/29/2017 7:36,WSH,1,None,Application,djkvdihost545.jakarta01.com,"CN=Adhi Pradityo password will expire in 2 day(s) at 10/1/2017 7:25:00 AM

Press CTRL + ALT + DEL and select the ""Change a password"" option."
Error,9/29/2017 7:36,EventCreate,1,None,Application,djkvdihost744.jakarta01.com,JAKARTA01\Putri Damayanti  
Error,9/29/2017 7:36,EventCreate,1,None,Application,djkvdihost794.jakarta01.com,JAKARTA01\poetry  
Error,9/29/2017 7:36,WSH,1,None,Application,djkvdihost545.jakarta01.com,"CN=Adhi Pradityo password will expire in 2 day(s) at 10/1/2017 7:25:00 AM

Press CTRL + ALT + DEL and select the ""Change a password"" option."
Error,9/29/2017 7:35,EventCreate,1,None,Application,djkvdihost103.jakarta01.com,JAKARTA01\nur endah  
Error,9/29/2017 7:35,EventCreate,1,None,Application,djkvdihost651.jakarta01.com,JAKARTA01\haris  
Error,9/29/2017 7:35,EventCreate,1,None,Application,djkvdihost346.jakarta01.com,JAKARTA01\novitarini  
Error,9/29/2017 7:34,EventCreate,1,None,Application,djkvdihost694.jakarta01.com,JAKARTA01\Yosi  
Error,9/29/2017 7:34,EventCreate,1,None,Application,djkvdihost442.jakarta01.com,JAKARTA01\diah astuti  
Error,9/29/2017 7:34,EventCreate,1,None,Application,djkvdihost234.jakarta01.com,JAKARTA01\mutiara  
Error,9/29/2017 7:34,EventCreate,1,None,Application,djkvdihost801.jakarta01.com,JAKARTA01\Pratama  
Error,9/29/2017 7:34,EventCreate,1,None,Application,djkvdihost498.jakarta01.com,JAKARTA01\yulianty  
Error,9/29/2017 7:34,EventCreate,1,None,Application,djkvdihost651.jakarta01.com,JAKARTA01\haris  
Error,9/29/2017 7:34,EventCreate,1,None,Application,djkvdihost644.jakarta01.com,JAKARTA01\mirawati  
Error,9/29/2017 7:34,EventCreate,1,None,Application,djkvdihost426.jakarta01.com,JAKARTA01\Rio Satria  
Error,9/29/2017 7:34,WSH,1,None,Application,djkvdihost694.jakarta01.com,"CN=Yosi Dayanti password will expire in 3 day(s) at 10/2/2017 9:17:03 AM

Press CTRL + ALT + DEL and select the ""Change a password"" option."
Error,9/29/2017 7:34,EventCreate,1,None,Application,djkvdihost013.jakarta01.com,JAKARTA01\Yustine  
Error,9/29/2017 7:34,EventCreate,1,None,Application,djkvdihost234.jakarta01.com,JAKARTA01\mutiara  
Error,9/29/2017 7:33,EventCreate,1,None,Application,djkvdihost741.jakarta01.com,JAKARTA01\anggi  
Error,9/29/2017 7:33,WSH,1,None,Application,djkvdihost801.jakarta01.com,"CN=Pratama password will expire in 2 day(s) at 10/1/2017 8:19:55 AM

Press CTRL + ALT + DEL and select the ""Change a password"" option."
Error,9/29/2017 7:34,EventCreate,1,None,Application,djkvdihost795.jakarta01.com,JAKARTA01\netra  
Error,9/29/2017 7:34,WSH,1,None,Application,djkvdihost694.jakarta01.com,"CN=Yosi Dayanti password will expire in 3 day(s) at 10/2/2017 9:17:03 AM

Press CTRL + ALT + DEL and select the ""Change a password"" option."
Error,9/29/2017 7:33,EventCreate,1,None,Application,djkvdihost447.jakarta01.com,JAKARTA01\Djohan  
Error,9/29/2017 7:33,WSH,1,None,Application,djkvdihost801.jakarta01.com,"CN=Pratama password will expire in 2 day(s) at 10/1/2017 8:19:55 AM

Press CTRL + ALT + DEL and select the ""Change a password"" option."
Error,9/29/2017 7:33,EventCreate,1,None,Application,djkvdihost335.jakarta01.com,JAKARTA01\Yunita  
Error,9/29/2017 7:33,EventCreate,1,None,Application,djkvdihost756.jakarta01.com,JAKARTA01\amanda chandra  
Error,9/29/2017 7:33,EventCreate,1,None,Application,djkvdihost442.jakarta01.com,JAKARTA01\diah astuti  
Error,9/29/2017 7:33,EventCreate,1,None,Application,djkvdihost304.jakarta01.com,JAKARTA01\wildan  
Error,9/29/2017 7:33,EventCreate,1,None,Application,djkvdihost031.jakarta01.com,JAKARTA01\indriyani  
Error,9/29/2017 7:33,EventCreate,1,None,Application,djkvdihost162.jakarta01.com,JAKARTA01\Arina  
Error,9/29/2017 7:33,EventCreate,1,None,Application,djkvdihost559.jakarta01.com,JAKARTA01\Sandra  
Error,9/29/2017 7:32,EventCreate,1,None,Application,djkvdihost433.jakarta01.com,JAKARTA01\MIrhasE  
Error,9/29/2017 7:32,EventCreate,1,None,Application,djkvdihost588.jakarta01.com,JAKARTA01\ningmatul  
Error,9/29/2017 7:32,EventCreate,1,None,Application,djkvdihost175.jakarta01.com,JAKARTA01\muhammad afif  
Error,9/29/2017 7:32,EventCreate,1,None,Application,djkvdihost310.jakarta01.com,JAKARTA01\maria  
Error,9/29/2017 7:32,EventCreate,1,None,Application,djkvdihost351.jakarta01.com,JAKARTA01\susilowati  
Error,9/29/2017 7:32,EventCreate,1,None,Application,djkvdihost741.jakarta01.com,JAKARTA01\anggi  
Error,9/29/2017 7:32,EventCreate,1,None,Application,djkvdihost045.jakarta01.com,JAKARTA01\santoso  
Error,9/29/2017 7:32,Application Error,1000,-100,Application,djkvdihost741.jakarta01.com,"Faulting application name: spoolsv.exe, version: 6.1.7601.17777, time stamp: 0x4f35efc3
Faulting module name: msvcrt.dll, version: 7.0.7601.17744, time stamp: 0x4eeaf722
Exception code: 0xc0000005
Fault offset: 0x0000aa14
Faulting process id: 0x634
Faulting application start time: 0x01d3385358187a1e
Faulting application path: C:\Windows\System32\spoolsv.exe
Faulting module path: C:\Windows\system32\msvcrt.dll
Report Id: a1083ce7-a4ad-11e7-b196-0050569f3d29"
Error,9/29/2017 7:32,EventCreate,1,None,Application,djkvdihost061.jakarta01.com,JAKARTA01\aditya chandra  
Error,9/29/2017 7:31,EventCreate,1,None,Application,djkvdihost145.jakarta01.com,JAKARTA01\pramana  
Error,9/29/2017 7:31,EventCreate,1,None,Application,djkvdihost194.jakarta01.com,JAKARTA01\ALTHEA  
Error,9/29/2017 7:31,EventCreate,1,None,Application,djkvdihost252.jakarta01.com,JAKARTA01\risa  
Error,9/29/2017 7:31,EventCreate,1,None,Application,djkvdihost045.jakarta01.com,JAKARTA01\santoso  
Error,9/29/2017 7:30,WSH,1,None,Application,djkvdihost061.jakarta01.com,"CN=Aditya Chandra password will expire in 2 day(s) at 10/1/2017 8:38:32 AM

Press CTRL + ALT + DEL and select the ""Change a password"" option."
Error,9/29/2017 7:31,EventCreate,1,None,Application,djkvdihost116.jakarta01.com,JAKARTA01\istiningsih  
Error,9/29/2017 7:31,EventCreate,1,None,Application,djkvdihost608.jakarta01.com,JAKARTA01\meity  
Error,9/29/2017 7:31,EventCreate,1,None,Application,djkvdihost850.jakarta01.com,JAKARTA01\i gede  
Error,9/29/2017 7:30,WSH,1,None,Application,djkvdihost252.jakarta01.com,"CN=Risa password will expire in 4 day(s) at 10/3/2017 7:21:48 AM

Press CTRL + ALT + DEL and select the ""Change a password"" option."
Error,9/29/2017 7:30,WSH,1,None,Application,djkvdihost061.jakarta01.com,"CN=Aditya Chandra password will expire in 2 day(s) at 10/1/2017 8:38:32 AM

Press CTRL + ALT + DEL and select the ""Change a password"" option."
Error,9/29/2017 7:30,EventCreate,1,None,Application,djkvdihost116.jakarta01.com,JAKARTA01\istiningsih  
Error,9/29/2017 7:30,EventCreate,1,None,Application,djkvdihost823.jakarta01.com,JAKARTA01\ipuk  
Error,9/29/2017 7:30,WSH,1,None,Application,djkvdihost252.jakarta01.com,"CN=Risa password will expire in 4 day(s) at 10/3/2017 7:21:48 AM

Press CTRL + ALT + DEL and select the ""Change a password"" option."
Error,9/29/2017 7:30,EventCreate,1,None,Application,djkvdihost547.jakarta01.com,JAKARTA01\raras  
Error,9/29/2017 7:30,EventCreate,1,None,Application,djkvdihost144.jakarta01.com,JAKARTA01\Lukitowati  
Error,9/29/2017 7:29,EventCreate,1,None,Application,djkvdihost828.jakarta01.com,JAKARTA01\sitti  
Error,9/29/2017 7:29,EventCreate,1,None,Application,djkvdihost404.jakarta01.com,JAKARTA01\aria  
Error,9/29/2017 7:29,EventCreate,1,None,Application,djkvdihost800.jakarta01.com,JAKARTA01\faiqa  
Error,9/29/2017 7:29,EventCreate,1,None,Application,djkvdihost037.jakarta01.com,JAKARTA01\retno  
Error,9/29/2017 7:28,EventCreate,1,None,Application,djkvdihost636.jakarta01.com,JAKARTA01\Nurhayati  
Error,9/29/2017 7:29,EventCreate,1,None,Application,djkvdihost722.jakarta01.com,JAKARTA01\elita  
Error,9/29/2017 7:28,EventCreate,1,None,Application,djkvdihost636.jakarta01.com,JAKARTA01\Nurhayati  
Error,9/29/2017 7:28,EventCreate,1,None,Application,djkvdihost219.jakarta01.com,JAKARTA01\Jessica  
Error,9/29/2017 7:28,EventCreate,1,None,Application,djkvdihost574.jakarta01.com,JAKARTA01\antonius  
Error,9/29/2017 7:28,EventCreate,1,None,Application,djkvdihost375.jakarta01.com,JAKARTA01\Damal  
Error,9/29/2017 7:28,EventCreate,1,None,Application,djkvdihost412.jakarta01.com,JAKARTA01\AdrianP  
Error,9/29/2017 7:28,EventCreate,1,None,Application,djkvdihost441.jakarta01.com,JAKARTA01\gati  
Error,9/29/2017 7:27,EventCreate,1,None,Application,djkvdihost896.jakarta01.com,JAKARTA01\Denni  
Error,9/29/2017 7:27,EventCreate,1,None,Application,djkvdihost325.jakarta01.com,JAKARTA01\muhammad zubayr  
Error,9/29/2017 7:27,EventCreate,1,None,Application,djkvdihost464.jakarta01.com,JAKARTA01\tudie  
Error,9/29/2017 7:26,EventCreate,1,None,Application,djkvdihost488.jakarta01.com,JAKARTA01\sulistyono  
Error,9/29/2017 7:26,EventCreate,1,None,Application,djkvdihost514.jakarta01.com,JAKARTA01\srahma  
Error,9/29/2017 7:26,EventCreate,1,None,Application,djkvdihost022.jakarta01.com,JAKARTA01\rozi  
Error,9/29/2017 7:26,EventCreate,1,None,Application,djkvdihost488.jakarta01.com,JAKARTA01\sulistyono  
Error,9/29/2017 7:26,EventCreate,1,None,Application,djkvdihost415.jakarta01.com,JAKARTA01\Sely  
Error,9/29/2017 7:25,EventCreate,1,None,Application,djkvdihost487.jakarta01.com,JAKARTA01\sinta  
Error,9/29/2017 7:25,EventCreate,1,None,Application,djkvdihost826.jakarta01.com,JAKARTA01\Dini  
Error,9/29/2017 7:25,EventCreate,1,None,Application,djkvdihost158.jakarta01.com,JAKARTA01\regina  
Error,9/29/2017 7:25,EventCreate,1,None,Application,djkvdihost321.jakarta01.com,JAKARTA01\muhammadhakim  
Error,9/29/2017 7:25,EventCreate,1,None,Application,djkvdihost607.jakarta01.com,JAKARTA01\indrak  
Error,9/29/2017 7:24,EventCreate,1,None,Application,djkvdihost899.jakarta01.com,JAKARTA01\Joni  
Error,9/29/2017 7:24,EventCreate,1,None,Application,djkvdihost865.jakarta01.com,JAKARTA01\sodeoka  
Error,9/29/2017 7:23,EventCreate,1,None,Application,djkvdihost185.jakarta01.com,JAKARTA01\resha  
Error,9/29/2017 7:23,EventCreate,1,None,Application,djkvdihost854.jakarta01.com,JAKARTA01\m nugraha  
Error,9/29/2017 7:23,EventCreate,1,None,Application,djkvdihost753.jakarta01.com,JAKARTA01\Luki Mahanani  
Error,9/29/2017 7:22,EventCreate,1,None,Application,djkvdihost832.jakarta01.com,JAKARTA01\DanielAW  
Error,9/29/2017 7:22,EventCreate,1,None,Application,djkvdihost360.jakarta01.com,JAKARTA01\rachelas  
Error,9/29/2017 7:22,EventCreate,1,None,Application,djkvdihost565.jakarta01.com,JAKARTA01\topik  
Error,9/29/2017 7:22,EventCreate,1,None,Application,djkvdihost832.jakarta01.com,JAKARTA01\DanielAW  
Error,9/29/2017 7:22,EventCreate,1,None,Application,djkvdihost626.jakarta01.com,JAKARTA01\Dicky  
Error,9/29/2017 7:21,EventCreate,1,None,Application,djkvdihost626.jakarta01.com,JAKARTA01\Dicky  
Error,9/29/2017 7:22,EventCreate,1,None,Application,djkvdihost108.jakarta01.com,JAKARTA01\k_ignatius  
Error,9/29/2017 7:22,EventCreate,1,None,Application,djkvdihost565.jakarta01.com,JAKARTA01\topik  
Error,9/29/2017 7:22,EventCreate,1,None,Application,djkvdihost778.jakarta01.com,JAKARTA01\dyah  
Error,9/29/2017 7:21,EventCreate,1,None,Application,djkvdihost679.jakarta01.com,JAKARTA01\Amaliawati  
Error,9/29/2017 7:21,WSH,1,None,Application,djkvdihost108.jakarta01.com,"CN=Kurniawan Ignatius password will expire in 3 day(s) at 10/2/2017 8:01:32 AM

Press CTRL + ALT + DEL and select the ""Change a password"" option."
Error,9/29/2017 7:21,WSH,1,None,Application,djkvdihost108.jakarta01.com,"CN=Kurniawan Ignatius password will expire in 3 day(s) at 10/2/2017 8:01:32 AM

Press CTRL + ALT + DEL and select the ""Change a password"" option."
Error,9/29/2017 7:21,EventCreate,1,None,Application,djkvdihost673.jakarta01.com,JAKARTA01\LILY AISYAH  
Error,9/29/2017 7:20,WSH,1,None,Application,djkvdihost626.jakarta01.com,"CN=Dicky Andhika Abdurrahman password will expire in 2 day(s) at 10/1/2017 7:18:12 AM

Press CTRL + ALT + DEL and select the ""Change a password"" option."
Error,9/29/2017 7:20,EventCreate,1,None,Application,djkvdihost114.jakarta01.com,JAKARTA01\aprianto  
Error,9/29/2017 7:20,EventCreate,1,None,Application,djkvdihost130.jakarta01.com,JAKARTA01\aticha  
Error,9/29/2017 7:20,EventCreate,1,None,Application,djkvdihost124.jakarta01.com,JAKARTA01\lestari  
Error,9/29/2017 7:20,WSH,1,None,Application,djkvdihost626.jakarta01.com,"CN=Dicky Andhika Abdurrahman password will expire in 2 day(s) at 10/1/2017 7:18:12 AM

Press CTRL + ALT + DEL and select the ""Change a password"" option."
Error,9/29/2017 7:18,EventCreate,1,None,Application,djkvdihost661.jakarta01.com,JAKARTA01\leonie  
Error,9/29/2017 7:18,EventCreate,1,None,Application,djkvdihost471.jakarta01.com,JAKARTA01\NovrianAS  
Error,9/29/2017 7:18,EventCreate,1,None,Application,djkvdihost876.jakarta01.com,JAKARTA01\katsuta  
Error,9/29/2017 7:18,EventCreate,1,None,Application,djkvdihost577.jakarta01.com,JAKARTA01\Riki Darisman  
Error,9/29/2017 7:18,EventCreate,1,None,Application,djkvdihost188.jakarta01.com,JAKARTA01\nunik  
Error,9/29/2017 7:18,EventCreate,1,None,Application,djkvdihost585.jakarta01.com,JAKARTA01\kusumadita  
Error,9/29/2017 7:18,EventCreate,1,None,Application,djkvdihost422.jakarta01.com,JAKARTA01\DianRamadhania  
Error,9/29/2017 7:17,EventCreate,1,None,Application,djkvdihost491.jakarta01.com,JAKARTA01\Hera  
Error,9/29/2017 7:17,EventCreate,1,None,Application,djkvdihost779.jakarta01.com,JAKARTA01\Leli  
Error,9/29/2017 7:17,EventCreate,1,None,Application,djkvdihost817.jakarta01.com,JAKARTA01\gadis  
Error,9/29/2017 7:16,EventCreate,1,None,Application,djkvdihost256.jakarta01.com,JAKARTA01\finessya  
Error,9/29/2017 7:16,EventCreate,1,None,Application,djkvdihost797.jakarta01.com,JAKARTA01\elestari  
Error,9/29/2017 7:16,EventCreate,1,None,Application,djkvdihost121.jakarta01.com,JAKARTA01\pratiwi  
Error,9/29/2017 7:15,EventCreate,1,None,Application,djkvdihost504.jakarta01.com,JAKARTA01\mauluddin  
Error,9/29/2017 7:15,EventCreate,1,None,Application,djkvdihost475.jakarta01.com,JAKARTA01\danielhp  
Error,9/29/2017 7:14,EventCreate,1,None,Application,djkvdihost098.jakarta01.com,JAKARTA01\irman  
Error,9/29/2017 7:14,EventCreate,1,None,Application,djkvdihost405.jakarta01.com,JAKARTA01\Jauw  
Error,9/29/2017 7:13,EventCreate,1,None,Application,djkvdihost569.jakarta01.com,JAKARTA01\azwar  
Error,9/29/2017 7:13,EventCreate,1,None,Application,djkvdihost569.jakarta01.com,JAKARTA01\azwar  
Error,9/29/2017 7:13,EventCreate,1,None,Application,djkvdihost769.jakarta01.com,JAKARTA01\heri  
Error,9/29/2017 7:13,EventCreate,1,None,Application,djkvdihost569.jakarta01.com,JAKARTA01\azwar  
Error,9/29/2017 7:13,EventCreate,1,None,Application,djkvdihost095.jakarta01.com,JAKARTA01\suhendrayana  
Error,9/29/2017 7:12,EventCreate,1,None,Application,djkvdihost782.jakarta01.com,JAKARTA01\marchelius  
Error,9/29/2017 7:12,EventCreate,1,None,Application,djkvdihost177.jakarta01.com,JAKARTA01\nurlina  
Error,9/29/2017 7:12,EventCreate,1,None,Application,djkvdihost020.jakarta01.com,JAKARTA01\Chadijah  
Error,9/29/2017 7:12,EventCreate,1,None,Application,djkvdihost762.jakarta01.com,JAKARTA01\indrawati  
Error,9/29/2017 7:12,EventCreate,1,None,Application,djkvdihost297.jakarta01.com,JAKARTA01\Virgitha  
Error,9/29/2017 7:12,EventCreate,1,None,Application,djkvdihost094.jakarta01.com,JAKARTA01\Shena  
Error,9/29/2017 7:11,EventCreate,1,None,Application,djkvdihost843.jakarta01.com,JAKARTA01\tsusaka  
Error,9/29/2017 7:11,EventCreate,1,None,Application,djkvdihost700.jakarta01.com,JAKARTA01\andini  
Error,9/29/2017 7:10,EventCreate,1,None,Application,djkvdihost616.jakarta01.com,JAKARTA01\hardianbp  
Error,9/29/2017 7:10,EventCreate,1,None,Application,djkvdihost014.jakarta01.com,JAKARTA01\Nur Maya  
Error,9/29/2017 7:10,EventCreate,1,None,Application,djkvdihost288.jakarta01.com,JAKARTA01\m ridho  
Error,9/29/2017 7:10,EventCreate,1,None,Application,djkvdihost505.jakarta01.com,JAKARTA01\andi wijaya  
Error,9/29/2017 7:09,EventCreate,1,None,Application,djkvdihost284.jakarta01.com,JAKARTA01\veronicam  
Error,9/29/2017 7:09,EventCreate,1,None,Application,djkvdihost757.jakarta01.com,JAKARTA01\hertanto  
Error,9/29/2017 7:08,EventCreate,1,None,Application,djkvdihost472.jakarta01.com,JAKARTA01\nony  
Error,9/29/2017 7:08,EventCreate,1,None,Application,djkvdihost617.jakarta01.com,JAKARTA01\restiani  
Error,9/29/2017 7:07,EventCreate,1,None,Application,djkvdihost658.jakarta01.com,JAKARTA01\victoria  
Error,9/29/2017 7:07,EventCreate,1,None,Application,djkvdihost169.jakarta01.com,JAKARTA01\namora  
Error,9/29/2017 7:07,EventCreate,1,None,Application,djkvdihost610.jakarta01.com,JAKARTA01\phesyana  
Error,9/29/2017 7:06,EventCreate,1,None,Application,djkvdihost601.jakarta01.com,JAKARTA01\binar  
Error,9/29/2017 7:06,EventCreate,1,None,Application,djkvdihost439.jakarta01.com,JAKARTA01\rindang  
Error,9/29/2017 7:05,WSH,1,None,Application,djkvdihost439.jakarta01.com,"CN=Rindang Intan Amiel password will expire in 3 day(s) at 10/2/2017 7:44:36 AM

Press CTRL + ALT + DEL and select the ""Change a password"" option."
Error,9/29/2017 7:05,EventCreate,1,None,Application,djkvdihost078.jakarta01.com,JAKARTA01\findal  
Error,9/29/2017 7:05,EventCreate,1,None,Application,djkvdihost173.jakarta01.com,JAKARTA01\RURI  
Error,9/29/2017 7:04,EventCreate,1,None,Application,djkvdihost082.jakarta01.com,JAKARTA01\barry  
Error,9/29/2017 7:05,EventCreate,1,None,Application,djkvdihost654.jakarta01.com,JAKARTA01\livia  
Error,9/29/2017 7:05,WSH,1,None,Application,djkvdihost439.jakarta01.com,"CN=Rindang Intan Amiel password will expire in 3 day(s) at 10/2/2017 7:44:36 AM

Press CTRL + ALT + DEL and select the ""Change a password"" option."
Error,9/29/2017 7:04,EventCreate,1,None,Application,djkvdihost214.jakarta01.com,JAKARTA01\fatima  
Error,9/29/2017 7:04,EventCreate,1,None,Application,djkvdihost874.jakarta01.com,JAKARTA01\kubo  
Error,9/29/2017 7:04,EventCreate,1,None,Application,djkvdihost082.jakarta01.com,JAKARTA01\barry  
Error,9/29/2017 7:04,EventCreate,1,None,Application,djkvdihost863.jakarta01.com,JAKARTA01\Nishinaka  
Error,9/29/2017 7:03,WSH,1,None,Application,djkvdihost078.jakarta01.com,"CN=Findal Darmaja password will expire in 2 day(s) at 10/1/2017 7:36:17 AM

Press CTRL + ALT + DEL and select the ""Change a password"" option."
Error,9/29/2017 7:04,EventCreate,1,None,Application,djkvdihost423.jakarta01.com,JAKARTA01\vadya  
Error,9/29/2017 7:03,WSH,1,None,Application,djkvdihost078.jakarta01.com,"CN=Findal Darmaja password will expire in 2 day(s) at 10/1/2017 7:36:17 AM

Press CTRL + ALT + DEL and select the ""Change a password"" option."
Error,9/29/2017 7:02,EventCreate,1,None,Application,djkvdihost004.jakarta01.com,JAKARTA01\nurmalasari  
Error,9/29/2017 7:02,EventCreate,1,None,Application,djkvdihost621.jakarta01.com,JAKARTA01\eddy  
Error,9/29/2017 7:02,EventCreate,1,None,Application,djkvdihost509.jakarta01.com,JAKARTA01\melani  
Error,9/29/2017 7:01,EventCreate,1,None,Application,djkvdihost594.jakarta01.com,JAKARTA01\fardy  
Error,9/29/2017 7:01,EventCreate,1,None,Application,djkvdihost378.jakarta01.com,JAKARTA01\feni  
Error,9/29/2017 7:01,EventCreate,1,None,Application,djkvdihost594.jakarta01.com,JAKARTA01\fardy  
Error,9/29/2017 7:00,EventCreate,1,None,Application,djkvdihost273.jakarta01.com,JAKARTA01\debby  
Error,9/29/2017 7:00,EventCreate,1,None,Application,djkvdihost165.jakarta01.com,JAKARTA01\Fitri Nawawi  
Error,9/29/2017 7:00,EventCreate,1,None,Application,djkvdihost877.jakarta01.com,JAKARTA01\masuyama  
Error,9/29/2017 6:59,EventCreate,1,None,Application,djkvdihost165.jakarta01.com,JAKARTA01\Fitri Nawawi  
Error,9/29/2017 6:59,EventCreate,1,None,Application,djkvdihost184.jakarta01.com,JAKARTA01\gatots  
Error,9/29/2017 6:57,EventCreate,1,None,Application,djkvdihost379.jakarta01.com,JAKARTA01\ayub  
Error,9/29/2017 6:56,EventCreate,1,None,Application,djkvdihost120.jakarta01.com,JAKARTA01\IRMALA  
Error,9/29/2017 6:54,EventCreate,1,None,Application,djkvdihost455.jakarta01.com,JAKARTA01\poespita  
Error,9/29/2017 6:52,EventCreate,1,None,Application,djkvdihost364.jakarta01.com,JAKARTA01\ayuningtias  
Error,9/29/2017 6:51,EventCreate,1,None,Application,djkvdihost544.jakarta01.com,JAKARTA01\Nur Alma  
Error,9/29/2017 6:51,EventCreate,1,None,Application,djkvdihost641.jakarta01.com,JAKARTA01\tobing  
Error,9/29/2017 6:51,EventCreate,1,None,Application,djkvdihost688.jakarta01.com,JAKARTA01\komangsd  
Error,9/29/2017 6:50,EventCreate,1,None,Application,djkvdihost453.jakarta01.com,JAKARTA01\kezia  
Error,9/29/2017 6:50,EventCreate,1,None,Application,djkvdihost067.jakarta01.com,JAKARTA01\Pricillia  
Error,9/29/2017 6:50,EventCreate,1,None,Application,djkvdihost811.jakarta01.com,JAKARTA01\ester  
Error,9/29/2017 6:49,WSH,1,None,Application,djkvdihost453.jakarta01.com,"CN=Kezia Hapsari Siswosoubrotho password will expire in 2 day(s) at 10/1/2017 8:08:44 AM

Press CTRL + ALT + DEL and select the ""Change a password"" option."
Error,9/29/2017 6:50,EventCreate,1,None,Application,djkvdihost133.jakarta01.com,JAKARTA01\Linah  
Error,9/29/2017 6:50,EventCreate,1,None,Application,djkvdihost875.jakarta01.com,JAKARTA01\bobby  
Error,9/29/2017 6:49,WSH,1,None,Application,djkvdihost453.jakarta01.com,"CN=Kezia Hapsari Siswosoubrotho password will expire in 2 day(s) at 10/1/2017 8:08:44 AM

Press CTRL + ALT + DEL and select the ""Change a password"" option."
Error,9/29/2017 6:48,EventCreate,1,None,Application,djkvdihost118.jakarta01.com,JAKARTA01\Patsiana  
Error,9/29/2017 6:48,EventCreate,1,None,Application,djkvdihost862.jakarta01.com,JAKARTA01\Ouchi  
Error,9/29/2017 6:47,EventCreate,1,None,Application,djkvdihost283.jakarta01.com,JAKARTA01\Ameilia  
Error,9/29/2017 6:47,EventCreate,1,None,Application,djkvdihost429.jakarta01.com,JAKARTA01\cahyaningtiyas  
Error,9/29/2017 6:47,EventCreate,1,None,Application,djkvdihost317.jakarta01.com,JAKARTA01\kartika  
Error,9/29/2017 6:47,EventCreate,1,None,Application,djkvdihost380.jakarta01.com,JAKARTA01\cecilia  
Error,9/29/2017 6:47,EventCreate,1,None,Application,djkvdihost458.jakarta01.com,JAKARTA01\susanto  
Error,9/29/2017 6:47,EventCreate,1,None,Application,djkvdihost049.jakarta01.com,JAKARTA01\rusliyani  
Error,9/29/2017 6:47,EventCreate,1,None,Application,djkvdihost357.jakarta01.com,JAKARTA01\yofiandhy  
Error,9/29/2017 6:47,EventCreate,1,None,Application,djkvdihost630.jakarta01.com,JAKARTA01\rini  
Error,9/29/2017 6:46,EventCreate,1,None,Application,djkvdihost186.jakarta01.com,JAKARTA01\taufik  
Error,9/29/2017 6:46,EventCreate,1,None,Application,djkvdihost186.jakarta01.com,JAKARTA01\taufik  
Error,9/29/2017 6:45,EventCreate,1,None,Application,djkvdihost186.jakarta01.com,JAKARTA01\taufik  
Error,9/29/2017 6:46,EventCreate,1,None,Application,djkvdihost303.jakarta01.com,JAKARTA01\Pinta  
Error,9/29/2017 6:45,EventCreate,1,None,Application,djkvdihost186.jakarta01.com,JAKARTA01\taufik  
Error,9/29/2017 6:44,EventCreate,1,None,Application,djkvdihost198.jakarta01.com,JAKARTA01\suwilhan  
Error,9/29/2017 6:43,WSH,1,None,Application,djkvdihost198.jakarta01.com,"CN=Suwilhan Suwilhan password will expire in 2 day(s) at 10/1/2017 6:47:54 AM

Press CTRL + ALT + DEL and select the ""Change a password"" option."
Error,9/29/2017 6:44,EventCreate,1,None,Application,djkvdihost847.jakarta01.com,JAKARTA01\jeremia  
Error,9/29/2017 6:43,WSH,1,None,Application,djkvdihost198.jakarta01.com,"CN=Suwilhan Suwilhan password will expire in 2 day(s) at 10/1/2017 6:47:54 AM

Press CTRL + ALT + DEL and select the ""Change a password"" option."
Error,9/29/2017 6:43,EventCreate,1,None,Application,djkvdihost236.jakarta01.com,JAKARTA01\tjahja  
Error,9/29/2017 6:42,EventCreate,1,None,Application,djkvdihost260.jakarta01.com,JAKARTA01\Letitia  
Error,9/29/2017 6:41,EventCreate,1,None,Application,djkvdihost374.jakarta01.com,JAKARTA01\hersiari  
Error,9/29/2017 6:41,EventCreate,1,None,Application,djkvdihost296.jakarta01.com,JAKARTA01\rusliadi  
Error,9/29/2017 6:41,EventCreate,1,None,Application,djkvdihost603.jakarta01.com,JAKARTA01\andrinur  
Error,9/29/2017 6:41,EventCreate,1,None,Application,djkvdihost764.jakarta01.com,JAKARTA01\margiati  
Error,9/29/2017 6:38,EventCreate,1,None,Application,djkvdihost178.jakarta01.com,JAKARTA01\alexander  
Error,9/29/2017 6:35,EventCreate,1,None,Application,djkvdihost871.jakarta01.com,JAKARTA01\Machida  
Error,9/29/2017 6:34,EventCreate,1,None,Application,djkvdihost085.jakarta01.com,JAKARTA01\nugraha  
Error,9/29/2017 6:33,EventCreate,1,None,Application,djkvdihost181.jakarta01.com,JAKARTA01\Chinthea  
Error,9/29/2017 6:32,WSH,1,None,Application,djkvdihost181.jakarta01.com,"CN=Chinthea Anggreni password will expire in 2 day(s) at 10/1/2017 7:10:25 AM

Press CTRL + ALT + DEL and select the ""Change a password"" option."
