Error,9/25/2017 6:07:22 PM,Application Error,1000,(100),Application,djkvdihost531.jakarta01.com,"Faulting application name: OUTLOOK.EXE, version: 15.0.4919.1001, time stamp: 0x58d20482
Faulting module name: OUTLOOK.EXE, version: 15.0.4919.1001, time stamp: 0x58d20482
Exception code: 0xc0000005
Fault offset: 0x008924c4
Faulting process id: 0x158c
Faulting application start time: 0x01d3359b3cfc05d1
Faulting application path: C:\Program Files\Microsoft Office\Office15\OUTLOOK.EXE
Faulting module path: C:\Program Files\Microsoft Office\Office15\OUTLOOK.EXE
Report Id: b3ae0a6e-a1e1-11e7-911a-0050569f42e0"
Error,9/25/2017 6:07:16 PM,EventCreate,1,None,Application,djkvdihost656.jakarta01.com,JAKARTA01\wirantika  
Error,9/25/2017 6:06:43 PM,EventCreate,1,None,Application,djkvdihost404.jakarta01.com,JAKARTA01\Jauw  
Error,9/25/2017 6:06:38 PM,Application Error,1000,(100),Application,djkvdihost404.jakarta01.com,"Faulting application name: OUTLOOK.EXE, version: 15.0.4919.1001, time stamp: 0x58d20482
Faulting module name: OUTLOOK.EXE, version: 15.0.4919.1001, time stamp: 0x58d20482
Exception code: 0xc0000005
Fault offset: 0x008924c4
Faulting process id: 0xba8
Faulting application start time: 0x01d3359a724bc8bc
Faulting application path: C:\Program Files\Microsoft Office\Office15\OUTLOOK.EXE
Faulting module path: C:\Program Files\Microsoft Office\Office15\OUTLOOK.EXE
Report Id: 99837b3f-a1e1-11e7-9b65-0050569f50b8"
Error,9/25/2017 6:05:57 PM,EventCreate,1,None,Application,djkvdihost741.jakarta01.com,JAKARTA01\mahendra  
Error,9/25/2017 6:05:57 PM,Application Error,1000,(100),Application,djkvdihost741.jakarta01.com,"Faulting application name: OUTLOOK.EXE, version: 15.0.4919.1001, time stamp: 0x58d20482
Faulting module name: OUTLOOK.EXE, version: 15.0.4919.1001, time stamp: 0x58d20482
Exception code: 0xc0000005
Fault offset: 0x008924c4
Faulting process id: 0x1d18
Faulting application start time: 0x01d335c3f3ec699c
Faulting application path: C:\Program Files\Microsoft Office\Office15\OUTLOOK.EXE
Faulting module path: C:\Program Files\Microsoft Office\Office15\OUTLOOK.EXE
Report Id: 812d5cf8-a1e1-11e7-b2ac-0050569f3d29"
Error,9/25/2017 6:04:39 PM,EventCreate,1,None,Application,djkvdihost778.jakarta01.com,JAKARTA01\magdalena  
Error,9/25/2017 6:01:21 PM,EventCreate,1,None,Application,djkvdihost427.jakarta01.com,JAKARTA01\victor  
Error,9/25/2017 6:01:17 PM,Application Error,1000,(100),Application,djkvdihost427.jakarta01.com,"Faulting application name: WINWORD.EXE, version: 15.0.4911.1000, time stamp: 0x58a2c075
Faulting module name: wwlib.dll, version: 15.0.4911.1000, time stamp: 0x58a2c073
Exception code: 0xc0000005
Fault offset: 0x006f0ff9
Faulting process id: 0x2590
Faulting application start time: 0x01d335e86427d26e
Faulting application path: C:\Program Files\Microsoft Office\Office15\WINWORD.EXE
Faulting module path: C:\Program Files\Microsoft Office\Office15\wwlib.dll
Report Id: da11fd40-a1e0-11e7-b983-0050569f4f73"
Error,9/25/2017 5:58:18 PM,EventCreate,1,None,Application,djkvdihost364.jakarta01.com,JAKARTA01\Bryant  
Error,9/25/2017 5:58:14 PM,Application Error,1000,(100),Application,djkvdihost364.jakarta01.com,"Faulting application name: OUTLOOK.EXE, version: 15.0.4919.1001, time stamp: 0x58d20482
Faulting module name: OUTLOOK.EXE, version: 15.0.4919.1001, time stamp: 0x58d20482
Exception code: 0xc0000005
Fault offset: 0x008924c4
Faulting process id: 0xb70
Faulting application start time: 0x01d335a3d6fe9a95
Faulting application path: C:\Program Files\Microsoft Office\Office15\OUTLOOK.EXE
Faulting module path: C:\Program Files\Microsoft Office\Office15\OUTLOOK.EXE
Report Id: 6d0f4e2b-a1e0-11e7-ab05-0050569f08cc"
Error,9/25/2017 5:56:01 PM,EventCreate,1,None,Application,djkvdihost254.jakarta01.com,JAKARTA01\binar  
Error,9/25/2017 5:55:57 PM,Application Error,1000,(100),Application,djkvdihost254.jakarta01.com,"Faulting application name: iexplore.exe, version: 11.0.9600.18639, time stamp: 0x58d6bb0d
Faulting module name: MSHTML.dll, version: 11.0.9600.18639, time stamp: 0x58d6c720
Exception code: 0xc0000005
Fault offset: 0x000ac604
Faulting process id: 0x11fc
Faulting application start time: 0x01d335ead6160b89
Faulting application path: C:\Program Files\Internet Explorer\iexplore.exe
Faulting module path: C:\Windows\system32\MSHTML.dll
Report Id: 1b93f270-a1e0-11e7-a019-0050569f2dfe"
Error,9/25/2017 5:54:34 PM,EventCreate,1,None,Application,djkvdihost359.jakarta01.com,JAKARTA01\raymond  
Error,9/25/2017 5:52:00 PM,EventCreate,1,None,Application,djkvdihost512.jakarta01.com,JAKARTA01\Dwi anisa  
Error,9/25/2017 5:51:51 PM,EventCreate,1,None,Application,djkvdihost512.jakarta01.com,JAKARTA01\Dwi anisa  
Error,9/25/2017 4:04:44 PM,EventCreate,1,None,Application,djkvdihost383.jakarta01.com,JAKARTA01\Shena  
Error,9/25/2017 5:43:45 PM,EventCreate,1,None,Application,djkvdihost407.jakarta01.com,JAKARTA01\sari  
Error,9/25/2017 5:43:27 PM,EventCreate,1,None,Application,djkvdihost407.jakarta01.com,JAKARTA01\sari  
Error,9/25/2017 5:40:32 PM,EventCreate,1,None,Application,djkvdihost687.jakarta01.com,JAKARTA01\mazy  
Error,9/25/2017 5:40:29 PM,Application Error,1000,(100),Application,djkvdihost687.jakarta01.com,"Faulting application name: OUTLOOK.EXE, version: 15.0.4919.1001, time stamp: 0x58d20482
Faulting module name: OUTLOOK.EXE, version: 15.0.4919.1001, time stamp: 0x58d20482
Exception code: 0xc0000005
Fault offset: 0x008924c4
Faulting process id: 0xf90
Faulting application start time: 0x01d335995496741b
Faulting application path: C:\Program Files\Microsoft Office\Office15\OUTLOOK.EXE
Faulting module path: C:\Program Files\Microsoft Office\Office15\OUTLOOK.EXE
Report Id: f2699b35-a1dd-11e7-8f62-0050569f4c9f"
Error,9/25/2017 5:34:09 PM,EventCreate,1,None,Application,djkvdihost417.jakarta01.com,JAKARTA01\Rahmat  
Error,9/25/2017 5:34:08 PM,Application Error,1000,(100),Application,djkvdihost417.jakarta01.com,"Faulting application name: OUTLOOK.EXE, version: 15.0.4919.1001, time stamp: 0x58d20482
Faulting module name: OUTLOOK.EXE, version: 15.0.4919.1001, time stamp: 0x58d20482
Exception code: 0xc0000005
Fault offset: 0x008924c4
Faulting process id: 0x18f0
Faulting application start time: 0x01d335db8d51db97
Faulting application path: C:\Program Files\Microsoft Office\Office15\OUTLOOK.EXE
Faulting module path: C:\Program Files\Microsoft Office\Office15\OUTLOOK.EXE
Report Id: 0f57cd54-a1dd-11e7-8a12-0050569f3b8d"
Error,9/25/2017 5:30:54 PM,EventCreate,1,None,Application,djkvdihost788.jakarta01.com,JAKARTA01\davidc  
Error,9/25/2017 5:27:30 PM,EventCreate,1,None,Application,djkvdihost144.jakarta01.com,JAKARTA01\GuestISD49  
Error,9/25/2017 5:15:48 PM,EventCreate,1,None,Application,djkvdihost091.jakarta01.com,JAKARTA01\vinka  
Error,9/25/2017 5:15:40 PM,EventCreate,1,None,Application,djkvdihost091.jakarta01.com,JAKARTA01\vinka  
Error,9/25/2017 5:11:24 PM,EventCreate,1,None,Application,djkvdihost096.jakarta01.com,JAKARTA01\Azis Budianto  
Error,9/25/2017 5:11:20 PM,Application Error,1000,(100),Application,djkvdihost096.jakarta01.com,"Faulting application name: EXCEL.EXE, version: 15.0.4919.1000, time stamp: 0x58c7ab0f
Faulting module name: EXCEL.EXE, version: 15.0.4919.1000, time stamp: 0x58c7ab0f
Exception code: 0xc0000005
Fault offset: 0x0004f585
Faulting process id: 0x1ac0
Faulting application start time: 0x01d335d667c0e507
Faulting application path: C:\Program Files\Microsoft Office\Office15\EXCEL.EXE
Faulting module path: C:\Program Files\Microsoft Office\Office15\EXCEL.EXE
Report Id: dfd4257b-a1d9-11e7-aa19-0050569f108e"
Error,9/25/2017 5:09:04 PM,EventCreate,1,None,Application,djkvdihost100.jakarta01.com,JAKARTA01\iqbal maulanasani  
Error,9/25/2017 5:09:03 PM,EventCreate,1,None,Application,djkvdihost100.jakarta01.com,JAKARTA01\iqbal maulanasani  
Error,9/25/2017 5:08:45 PM,EventCreate,1,None,Application,djkvdihost100.jakarta01.com,JAKARTA01\iqbal maulanasani  
Error,9/25/2017 5:05:21 PM,EventCreate,1,None,Application,djkvdihost157.jakarta01.com,JAKARTA01\ici  
Error,9/25/2017 5:05:11 PM,EventCreate,1,None,Application,djkvdihost157.jakarta01.com,JAKARTA01\ici  
Error,9/25/2017 5:03:08 PM,EventCreate,1,None,Application,djkvdihost084.jakarta01.com,JAKARTA01\Hilman  
Error,9/25/2017 5:02:58 PM,EventCreate,1,None,Application,djkvdihost084.jakarta01.com,JAKARTA01\Hilman  
Error,9/25/2017 5:01:42 PM,EventCreate,1,None,Application,djkvdihost002.jakarta01.com,JAKARTA01\feni  
Error,9/25/2017 5:01:35 PM,EventCreate,1,None,Application,djkvdihost265.jakarta01.com,JAKARTA01\handayani  
Error,9/25/2017 5:02:02 PM,EventCreate,1,None,Application,djkvdihost246.jakarta01.com,JAKARTA01\regina  
Error,9/25/2017 5:01:24 PM,EventCreate,1,None,Application,djkvdihost002.jakarta01.com,JAKARTA01\feni  
Error,9/25/2017 5:01:13 PM,EventCreate,1,None,Application,djkvdihost265.jakarta01.com,JAKARTA01\handayani  
Error,9/25/2017 5:00:44 PM,EventCreate,1,None,Application,djkvdihost221.jakarta01.com,JAKARTA01\Virgitha  
Error,9/25/2017 5:00:40 PM,Application Error,1000,(100),Application,djkvdihost221.jakarta01.com,"Faulting application name: OUTLOOK.EXE, version: 15.0.4919.1001, time stamp: 0x58d20482
Faulting module name: OUTLOOK.EXE, version: 15.0.4919.1001, time stamp: 0x58d20482
Exception code: 0xc0000005
Fault offset: 0x008924c7
Faulting process id: 0x1d8c
Faulting application start time: 0x01d33594448f56d3
Faulting application path: C:\Program Files\Microsoft Office\Office15\OUTLOOK.EXE
Faulting module path: C:\Program Files\Microsoft Office\Office15\OUTLOOK.EXE
Report Id: 625ef11f-a1d8-11e7-b3be-0050569f0e59"
Error,9/25/2017 4:51:35 PM,EventCreate,1,None,Application,djkvdihost071.jakarta01.com,JAKARTA01\guestisd29  
Error,9/25/2017 4:51:33 PM,Microsoft Office 15,1000,None,Application,djkvdihost071.jakarta01.com,"Faulting application excel.exe, version 15.0.4919.1000, stamp 58c7ab0f, faulting module excel.exe, version 15.0.4919.1000, stamp 58c7ab0f, debug? 0, fault address 0x0004f56d."
Error,9/25/2017 4:50:54 PM,EventCreate,1,None,Application,djkvdihost702.jakarta01.com,JAKARTA01\astio  
Error,9/25/2017 4:50:51 PM,Application Error,1000,(100),Application,djkvdihost702.jakarta01.com,"Faulting application name: Explorer.EXE, version: 6.1.7601.23537, time stamp: 0x57c44cc4
Faulting module name: SHELL32.dll, version: 6.1.7601.23537, time stamp: 0x57c450f4
Exception code: 0xc0000005
Fault offset: 0x002e247c
Faulting process id: 0x790
Faulting application start time: 0x01d3359a84955fc7
Faulting application path: C:\Windows\Explorer.EXE
Faulting module path: C:\Windows\system32\SHELL32.dll
Report Id: 03487662-a1d7-11e7-a184-0050569f75db"
Error,9/25/2017 4:50:19 PM,EventCreate,1,None,Application,djkvdihost288.jakarta01.com,JAKARTA01\tri wahyu  
Error,9/25/2017 4:49:39 PM,EventCreate,1,None,Application,djkvdihost204.jakarta01.com,JAKARTA01\toyoda  
Error,9/25/2017 4:49:35 PM,Application Error,1000,(100),Application,djkvdihost204.jakarta01.com,"Faulting application name: OUTLOOK.EXE, version: 15.0.4919.1001, time stamp: 0x58d20482
Faulting module name: OUTLOOK.EXE, version: 15.0.4919.1001, time stamp: 0x58d20482
Exception code: 0xc0000005
Fault offset: 0x008924c4
Faulting process id: 0x710
Faulting application start time: 0x01d3359971d60dbc
Faulting application path: C:\Program Files\Microsoft Office\Office15\OUTLOOK.EXE
Faulting module path: C:\Program Files\Microsoft Office\Office15\OUTLOOK.EXE
Report Id: d6473ea9-a1d6-11e7-9051-0050569f0768"
Error,9/25/2017 4:46:14 PM,EventCreate,1,None,Application,djkvdihost018.jakarta01.com,JAKARTA01\tri wahyu  
Error,9/25/2017 4:46:04 PM,EventCreate,1,None,Application,djkvdihost018.jakarta01.com,JAKARTA01\tri wahyu  
Error,9/25/2017 4:41:46 PM,EventCreate,1,None,Application,djkvdihost465.jakarta01.com,JAKARTA01\komangsd  
Error,9/25/2017 4:40:11 PM,EventCreate,1,None,Application,djkvdihost446.jakarta01.com,JAKARTA01\hafiah  
Error,9/25/2017 4:40:37 PM,EventCreate,1,None,Application,djkvdihost844.jakarta01.com,JAKARTA01\andi  
Error,9/25/2017 4:40:08 PM,Application Error,1000,(100),Application,djkvdihost446.jakarta01.com,"Faulting application name: PhotoScreensaver.scr, version: 6.1.7601.17514, time stamp: 0x4ce7a590
Faulting module name: SHELL32.dll, version: 6.1.7601.23537, time stamp: 0x57c450f4
Exception code: 0xc0000005
Fault offset: 0x001f269f
Faulting process id: 0x237c
Faulting application start time: 0x01d335e0f0201b24
Faulting application path: C:\Windows\system32\PhotoScreensaver.scr
Faulting module path: C:\Windows\system32\SHELL32.dll
Report Id: 83e7b9c0-a1d5-11e7-b951-0050569f2b47"
Error,9/25/2017 4:37:07 PM,EventCreate,1,None,Application,djkvdihost604.jakarta01.com,JAKARTA01\sari  
Error,9/25/2017 4:31:13 PM,EventCreate,1,None,Application,djkvdihost387.jakarta01.com,JAKARTA01\ridjal  
Error,9/25/2017 4:31:01 PM,EventCreate,1,None,Application,djkvdihost897.jakarta01.com,JAKARTA01\Anosa  
Error,9/25/2017 4:30:57 PM,EventCreate,1,None,Application,djkvdihost387.jakarta01.com,JAKARTA01\ridjal  
Error,9/25/2017 4:27:05 PM,EventCreate,1,None,Application,djkvdihost201.jakarta01.com,JAKARTA01\elestari  
Error,9/25/2017 4:25:44 PM,EventCreate,1,None,Application,djkvdihost320.jakarta01.com,JAKARTA01\Adhi Nur  
Error,9/25/2017 4:25:10 PM,EventCreate,1,None,Application,djkvdihost208.jakarta01.com,JAKARTA01\Kartina  
Error,9/25/2017 4:25:00 PM,EventCreate,1,None,Application,djkvdihost092.jakarta01.com,JAKARTA01\citra  
Error,9/25/2017 4:25:04 PM,EventCreate,1,None,Application,djkvdihost208.jakarta01.com,JAKARTA01\Kartina  
Error,9/25/2017 4:24:57 PM,Application Error,1000,(100),Application,djkvdihost092.jakarta01.com,"Faulting application name: OUTLOOK.EXE, version: 15.0.4919.1001, time stamp: 0x58d20482
Faulting module name: OUTLOOK.EXE, version: 15.0.4919.1001, time stamp: 0x58d20482
Exception code: 0xc0000005
Fault offset: 0x008924c4
Faulting process id: 0x1384
Faulting application start time: 0x01d3359b9e03c2d5
Faulting application path: C:\Program Files\Microsoft Office\Office15\OUTLOOK.EXE
Faulting module path: C:\Program Files\Microsoft Office\Office15\OUTLOOK.EXE
Report Id: 652c8390-a1d3-11e7-a977-0050569f40ab"
Error,9/25/2017 4:22:23 PM,EventCreate,1,None,Application,djkvdihost813.jakarta01.com,JAKARTA01\darnito  
Error,9/25/2017 4:22:09 PM,EventCreate,1,None,Application,djkvdihost813.jakarta01.com,JAKARTA01\darnito  
Error,9/25/2017 4:12:07 PM,EventCreate,1,None,Application,djkvdihost027.jakarta01.com,JAKARTA01\nirliani  
Error,9/25/2017 4:12:02 PM,Application Error,1000,(100),Application,djkvdihost027.jakarta01.com,"Faulting application name: OUTLOOK.EXE, version: 15.0.4919.1001, time stamp: 0x58d20482
Faulting module name: OUTLOOK.EXE, version: 15.0.4919.1001, time stamp: 0x58d20482
Exception code: 0xc0000005
Fault offset: 0x008924c4
Faulting process id: 0x1d04
Faulting application start time: 0x01d3359fd6d0d634
Faulting application path: C:\Program Files\Microsoft Office\Office15\OUTLOOK.EXE
Faulting module path: C:\Program Files\Microsoft Office\Office15\OUTLOOK.EXE
Report Id: 971adc51-a1d1-11e7-9d77-0050569f43b0"
Error,9/25/2017 4:06:51 PM,EventCreate,1,None,Application,djkvdihost007.jakarta01.com,JAKARTA01\rahman  
Error,9/25/2017 3:55:57 PM,EventCreate,1,None,Application,djkvdihost293.jakarta01.com,JAKARTA01\Widi Anggraeni  
Error,9/25/2017 3:55:54 PM,Application Error,1000,(100),Application,djkvdihost293.jakarta01.com,"Faulting application name: lync.exe, version: 15.0.4919.1000, time stamp: 0x58c7ab1e
Faulting module name: unknown, version: 0.0.0.0, time stamp: 0x00000000
Exception code: 0xc0000005
Fault offset: 0x00004000
Faulting process id: 0x2258
Faulting application start time: 0x01d335ba3cb9483a
Faulting application path: C:\Program Files\Microsoft Office\Office15\lync.exe
Faulting module path: unknown
Report Id: 55f6c90c-a1cf-11e7-94cc-0050569f58c8"
Error,9/25/2017 3:53:00 PM,EventCreate,1,None,Application,djkvdihost134.jakarta01.com,JAKARTA01\hari  
Error,9/25/2017 3:51:29 PM,EventCreate,1,None,Application,djkvdihost417.jakarta01.com,JAKARTA01\Rahmat  
Error,9/25/2017 3:51:26 PM,Application Error,1000,(100),Application,djkvdihost417.jakarta01.com,"Faulting application name: OUTLOOK.EXE, version: 15.0.4919.1001, time stamp: 0x58d20482
Faulting module name: OUTLOOK.EXE, version: 15.0.4919.1001, time stamp: 0x58d20482
Exception code: 0xc0000005
Fault offset: 0x00012b4d
Faulting process id: 0x10f4
Faulting application start time: 0x01d3359938331c35
Faulting application path: C:\Program Files\Microsoft Office\Office15\OUTLOOK.EXE
Faulting module path: C:\Program Files\Microsoft Office\Office15\OUTLOOK.EXE
Report Id: b66850a1-a1ce-11e7-8a12-0050569f3b8d"
Error,9/25/2017 3:51:10 PM,Application Error,1000,(100),Application,djkvdihost134.jakarta01.com,"Faulting application name: EXCEL2003.EXE, version: 11.0.8404.0, time stamp: 0x51a52fcb
Faulting module name: EXCEL2003.EXE, version: 11.0.8404.0, time stamp: 0x51a52fcb
Exception code: 0xc0000005
Fault offset: 0x001e3a14
Faulting process id: 0x1e18
Faulting application start time: 0x01d335d3cf4107aa
Faulting application path: C:\Program Files\Microsoft Office\OFFICE11\EXCEL2003.EXE
Faulting module path: C:\Program Files\Microsoft Office\OFFICE11\EXCEL2003.EXE
Report Id: ac9d129a-a1ce-11e7-af8b-0050569f5725"
Error,9/25/2017 3:44:49 PM,EventCreate,1,None,Application,djkvdihost045.jakarta01.com,JAKARTA01\shinta dewi  
Error,9/25/2017 3:43:22 PM,EventCreate,1,None,Application,djkvdihost823.jakarta01.com,JAKARTA01\Arum  
Error,9/25/2017 3:43:18 PM,Application Error,1000,(100),Application,djkvdihost823.jakarta01.com,"Faulting application name: OUTLOOK.EXE, version: 15.0.4919.1001, time stamp: 0x58d20482
Faulting module name: OUTLOOK.EXE, version: 15.0.4919.1001, time stamp: 0x58d20482
Exception code: 0xc0000005
Fault offset: 0x008924c4
Faulting process id: 0x1944
Faulting application start time: 0x01d335c613b5ff96
Faulting application path: C:\Program Files\Microsoft Office\Office15\OUTLOOK.EXE
Faulting module path: C:\Program Files\Microsoft Office\Office15\OUTLOOK.EXE
Report Id: 93d06842-a1cd-11e7-91d7-0050569f24ab"
Error,9/25/2017 3:42:23 PM,EventCreate,1,None,Application,djkvdihost600.jakarta01.com,JAKARTA01\lileliza  
Error,9/25/2017 3:42:19 PM,Application Error,1000,(100),Application,djkvdihost600.jakarta01.com,"Faulting application name: OUTLOOK.EXE, version: 15.0.4919.1001, time stamp: 0x58d20482
Faulting module name: OUTLOOK.EXE, version: 15.0.4919.1001, time stamp: 0x58d20482
Exception code: 0xc0000005
Fault offset: 0x008924c7
Faulting process id: 0x864
Faulting application start time: 0x01d33597c8aa683c
Faulting application path: C:\Program Files\Microsoft Office\Office15\OUTLOOK.EXE
Faulting module path: C:\Program Files\Microsoft Office\Office15\OUTLOOK.EXE
Report Id: 70ac8606-a1cd-11e7-b68b-0050569f4dc4"
Error,9/25/2017 3:41:05 PM,EventCreate,1,None,Application,djkvdihost411.jakarta01.com,JAKARTA01\cut nyak  
Error,9/25/2017 3:41:02 PM,Application Error,1000,(100),Application,djkvdihost411.jakarta01.com,"Faulting application name: OUTLOOK.EXE, version: 15.0.4919.1001, time stamp: 0x58d20482
Faulting module name: OUTLOOK.EXE, version: 15.0.4919.1001, time stamp: 0x58d20482
Exception code: 0xc0000005
Fault offset: 0x008924c4
Faulting process id: 0x1958
Faulting application start time: 0x01d335ab77fee628
Faulting application path: C:\Program Files\Microsoft Office\Office15\OUTLOOK.EXE
Faulting module path: C:\Program Files\Microsoft Office\Office15\OUTLOOK.EXE
Report Id: 42787b5e-a1cd-11e7-ad05-0050569f78e9"
Error,9/25/2017 3:39:34 PM,EventCreate,1,None,Application,djkvdihost494.jakarta01.com,JAKARTA01\Ida  
Error,9/25/2017 3:33:15 PM,EventCreate,1,None,Application,djkvdihost489.jakarta01.com,JAKARTA01\evi  
Error,9/25/2017 3:33:10 PM,Application Error,1000,(100),Application,djkvdihost489.jakarta01.com,"Faulting application name: spoolsv.exe, version: 6.1.7601.17777, time stamp: 0x4f35efc3
Faulting module name: hpcui074.dll, version: 0.3.1537.64, time stamp: 0x472fbc50
Exception code: 0xc0000005
Fault offset: 0x001be263
Faulting process id: 0xab4
Faulting application start time: 0x01d335ccc79ff95b
Faulting application path: C:\Windows\System32\spoolsv.exe
Faulting module path: C:\Windows\system32\spool\DRIVERS\W32X86\3\hpcui074.dll
Report Id: 293c9763-a1cc-11e7-846e-0050569f5fe8"
Error,9/25/2017 3:33:04 PM,EventCreate,1,None,Application,djkvdihost489.jakarta01.com,JAKARTA01\evi  
Error,9/25/2017 3:30:19 PM,EventCreate,1,None,Application,djkvdihost584.jakarta01.com,JAKARTA01\chris  
Error,9/25/2017 3:30:19 PM,Application Error,1000,(100),Application,djkvdihost584.jakarta01.com,"Faulting application name: OUTLOOK.EXE, version: 15.0.4919.1001, time stamp: 0x58d20482
Faulting module name: OUTLOOK.EXE, version: 15.0.4919.1001, time stamp: 0x58d20482
Exception code: 0xc0000005
Fault offset: 0x008924c7
Faulting process id: 0x1ae4
Faulting application start time: 0x01d335ba2e13edc8
Faulting application path: C:\Program Files\Microsoft Office\Office15\OUTLOOK.EXE
Faulting module path: C:\Program Files\Microsoft Office\Office15\OUTLOOK.EXE
Report Id: c326794d-a1cb-11e7-8837-0050569f610a"
Error,9/25/2017 3:29:12 PM,EventCreate,1,None,Application,djkvdihost517.jakarta01.com,JAKARTA01\DanielAW  
Error,9/25/2017 3:29:12 PM,Application Error,1000,(100),Application,djkvdihost517.jakarta01.com,"Faulting application name: OUTLOOK.EXE, version: 15.0.4919.1001, time stamp: 0x58d20482
Faulting module name: ntdll.dll, version: 6.1.7601.23714, time stamp: 0x58bf8774
Exception code: 0xc0000005
Fault offset: 0x0005294f
Faulting process id: 0x1c70
Faulting application start time: 0x01d335c914df42e8
Faulting application path: C:\Program Files\Microsoft Office\Office15\OUTLOOK.EXE
Faulting module path: C:\Windows\SYSTEM32\ntdll.dll
Report Id: 9b4b96aa-a1cb-11e7-9667-0050569f05e2"
Error,9/25/2017 3:27:23 PM,EventCreate,1,None,Application,djkvdihost379.jakarta01.com,JAKARTA01\rina  
Error,9/25/2017 3:27:25 PM,EventCreate,1,None,Application,djkvdihost329.jakarta01.com,JAKARTA01\aria  
Error,9/25/2017 3:27:04 PM,EventCreate,1,None,Application,djkvdihost379.jakarta01.com,JAKARTA01\rina  
Error,9/25/2017 3:25:43 PM,EventCreate,1,None,Application,djkvdihost573.jakarta01.com,JAKARTA01\william  
Error,9/25/2017 3:25:40 PM,Application Error,1000,(100),Application,djkvdihost573.jakarta01.com,"Faulting application name: OUTLOOK.EXE, version: 15.0.4919.1001, time stamp: 0x58d20482
Faulting module name: OUTLOOK.EXE, version: 15.0.4919.1001, time stamp: 0x58d20482
Exception code: 0xc0000005
Fault offset: 0x008924c4
Faulting process id: 0x1c20
Faulting application start time: 0x01d3359c1304f279
Faulting application path: C:\Program Files\Microsoft Office\Office15\OUTLOOK.EXE
Faulting module path: C:\Program Files\Microsoft Office\Office15\OUTLOOK.EXE
Report Id: 1cd08bc9-a1cb-11e7-848f-0050569f6f7b"
Error,9/25/2017 3:23:56 PM,EventCreate,1,None,Application,djkvdihost419.jakarta01.com,JAKARTA01\Ajie  
Error,9/25/2017 3:23:53 PM,Application Error,1000,(100),Application,djkvdihost419.jakarta01.com,"Faulting application name: PhotoScreensaver.scr, version: 6.1.7601.17514, time stamp: 0x4ce7a590
Faulting module name: SHELL32.dll, version: 6.1.7601.23537, time stamp: 0x57c450f4
Exception code: 0xc0000005
Fault offset: 0x001f269f
Faulting process id: 0x1ef8
Faulting application start time: 0x01d335d650eac2f0
Faulting application path: C:\Windows\system32\PhotoScreensaver.scr
Faulting module path: C:\Windows\system32\SHELL32.dll
Report Id: dd134e59-a1ca-11e7-86ec-0050569f1bdc"
Error,9/25/2017 3:23:36 PM,EventCreate,1,None,Application,djkvdihost156.jakarta01.com,JAKARTA01\aria  
Error,9/25/2017 3:23:04 PM,EventCreate,1,None,Application,djkvdihost352.jakarta01.com,JAKARTA01\ryan  
Error,9/25/2017 3:23:00 PM,Application Error,1000,(100),Application,djkvdihost352.jakarta01.com,"Faulting application name: OUTLOOK.EXE, version: 15.0.4919.1001, time stamp: 0x58d20482
Faulting module name: OUTLOOK.EXE, version: 15.0.4919.1001, time stamp: 0x58d20482
Exception code: 0xc0000005
Fault offset: 0x008924c4
Faulting process id: 0x16b4
Faulting application start time: 0x01d3359d7698797d
Faulting application path: C:\Program Files\Microsoft Office\Office15\OUTLOOK.EXE
Faulting module path: C:\Program Files\Microsoft Office\Office15\OUTLOOK.EXE
Report Id: bd9895bf-a1ca-11e7-967e-0050569f1373"
Error,9/25/2017 3:21:21 PM,EventCreate,1,None,Application,djkvdihost358.jakarta01.com,JAKARTA01\Nikmatullah  
Error,9/25/2017 3:20:56 PM,EventCreate,1,None,Application,djkvdihost216.jakarta01.com,JAKARTA01\Taufik Kurniawan  
Error,9/25/2017 3:21:20 PM,Application Error,1000,(100),Application,djkvdihost358.jakarta01.com,"Faulting application name: OUTLOOK.EXE, version: 15.0.4919.1001, time stamp: 0x58d20482
Faulting module name: OUTLOOK.EXE, version: 15.0.4919.1001, time stamp: 0x58d20482
Exception code: 0xc0000005
Fault offset: 0x008924c7
Faulting process id: 0xba4
Faulting application start time: 0x01d335a0fda69a66
Faulting application path: C:\Program Files\Microsoft Office\Office15\OUTLOOK.EXE
Faulting module path: C:\Program Files\Microsoft Office\Office15\OUTLOOK.EXE
Report Id: 8235a709-a1ca-11e7-b221-0050569f2bc4"
Error,9/25/2017 3:20:35 PM,EventCreate,1,None,Application,djkvdihost216.jakarta01.com,JAKARTA01\Taufik Kurniawan  
Error,9/25/2017 3:17:27 PM,EventCreate,1,None,Application,djkvdihost517.jakarta01.com,JAKARTA01\DanielAW  
Error,9/25/2017 3:17:26 PM,Application Error,1000,(100),Application,djkvdihost517.jakarta01.com,"Faulting application name: EXCEL.EXE, version: 15.0.4919.1000, time stamp: 0x58c7ab0f
Faulting module name: mso.dll, version: 15.0.4919.1002, time stamp: 0x58de0799
Exception code: 0xc0000005
Fault offset: 0x002afb04
Faulting process id: 0x1d74
Faulting application start time: 0x01d3359ea3e194e5
Faulting application path: C:\Program Files\Microsoft Office\Office15\EXCEL.EXE
Faulting module path: C:\Program Files\Common Files\Microsoft Shared\Office15\mso.dll
Report Id: f6c8f357-a1c9-11e7-9667-0050569f05e2"
Error,9/25/2017 3:16:36 PM,EventCreate,1,None,Application,djkvdihost082.jakarta01.com,JAKARTA01\Lily  
Error,9/25/2017 3:16:18 PM,EventCreate,1,None,Application,djkvdihost082.jakarta01.com,JAKARTA01\Lily  
Error,9/25/2017 3:14:08 PM,EventCreate,1,None,Application,djkvdihost811.jakarta01.com,JAKARTA01\hideo  
Error,9/25/2017 3:14:07 PM,Application Error,1000,(100),Application,djkvdihost811.jakarta01.com,"Faulting application name: OUTLOOK.EXE, version: 15.0.4919.1001, time stamp: 0x58d20482
Faulting module name: OUTLOOK.EXE, version: 15.0.4919.1001, time stamp: 0x58d20482
Exception code: 0xc0000005
Fault offset: 0x008924c7
Faulting process id: 0x1520
Faulting application start time: 0x01d335bbb67158a7
Faulting application path: C:\Program Files\Microsoft Office\Office15\OUTLOOK.EXE
Faulting module path: C:\Program Files\Microsoft Office\Office15\OUTLOOK.EXE
Report Id: 7ffa7577-a1c9-11e7-bd38-0050569f311e"
Error,9/25/2017 3:13:45 PM,EventCreate,1,None,Application,djkvdihost615.jakarta01.com,JAKARTA01\magdalena  
Error,9/25/2017 3:11:49 PM,EventCreate,1,None,Application,djkvdihost843.jakarta01.com,JAKARTA01\tsusaka  
Error,9/25/2017 3:11:14 PM,EventCreate,1,None,Application,djkvdihost220.jakarta01.com,JAKARTA01\yansen  
Error,9/25/2017 3:11:10 PM,Application Error,1000,(100),Application,djkvdihost220.jakarta01.com,"Faulting application name: OUTLOOK.EXE, version: 15.0.4919.1001, time stamp: 0x58d20482
Faulting module name: ntdll.dll, version: 6.1.7601.23714, time stamp: 0x58bf8774
Exception code: 0xc0000005
Fault offset: 0x000529ac
Faulting process id: 0x1bc0
Faulting application start time: 0x01d33598456c5fa9
Faulting application path: C:\Program Files\Microsoft Office\Office15\OUTLOOK.EXE
Faulting module path: C:\Windows\SYSTEM32\ntdll.dll
Report Id: 1681b622-a1c9-11e7-948c-0050569f20aa"
Error,9/25/2017 3:05:37 PM,EventCreate,1,None,Application,djkvdihost343.jakarta01.com,JAKARTA01\ailsa  
Error,9/25/2017 3:05:45 PM,EventCreate,1,None,Application,djkvdihost147.jakarta01.com,JAKARTA01\hana nurul  
Error,9/25/2017 3:05:36 PM,Application Error,1000,(100),Application,djkvdihost343.jakarta01.com,"Faulting application name: OUTLOOK.EXE, version: 15.0.4919.1001, time stamp: 0x58d20482
Faulting module name: OUTLOOK.EXE, version: 15.0.4919.1001, time stamp: 0x58d20482
Exception code: 0xc0000005
Fault offset: 0x008924c4
Faulting process id: 0x1c84
Faulting application start time: 0x01d335c8fd42ee9d
Faulting application path: C:\Program Files\Microsoft Office\Office15\OUTLOOK.EXE
Faulting module path: C:\Program Files\Microsoft Office\Office15\OUTLOOK.EXE
Report Id: 4f4375cf-a1c8-11e7-8511-0050569f2873"
Error,9/25/2017 3:03:51 PM,EventCreate,1,None,Application,djkvdihost334.jakarta01.com,JAKARTA01\Rini Purnama  
Error,9/25/2017 3:03:47 PM,Application Error,1000,(100),Application,djkvdihost334.jakarta01.com,"Faulting application name: OUTLOOK.EXE, version: 15.0.4919.1001, time stamp: 0x58d20482
Faulting module name: OUTLOOK.EXE, version: 15.0.4919.1001, time stamp: 0x58d20482
Exception code: 0xc0000005
Fault offset: 0x008924c4
Faulting process id: 0x1da4
Faulting application start time: 0x01d33599799530da
Faulting application path: C:\Program Files\Microsoft Office\Office15\OUTLOOK.EXE
Faulting module path: C:\Program Files\Microsoft Office\Office15\OUTLOOK.EXE
Report Id: 0ea77784-a1c8-11e7-b1a7-0050569f05b5"
Error,9/25/2017 2:59:33 PM,EventCreate,1,None,Application,djkvdihost183.jakarta01.com,JAKARTA01\yulia rifanda  
Error,9/25/2017 2:59:30 PM,Application Error,1000,(100),Application,djkvdihost183.jakarta01.com,"Faulting application name: OUTLOOK.EXE, version: 15.0.4919.1001, time stamp: 0x58d20482
Faulting module name: OUTLOOK.EXE, version: 15.0.4919.1001, time stamp: 0x58d20482
Exception code: 0xc0000005
Fault offset: 0x008924c7
Faulting process id: 0x1b8c
Faulting application start time: 0x01d33598e5ff92d7
Faulting application path: C:\Program Files\Microsoft Office\Office15\OUTLOOK.EXE
Faulting module path: C:\Program Files\Microsoft Office\Office15\OUTLOOK.EXE
Report Id: 7507ad18-a1c7-11e7-b4f4-0050569f7254"
Error,9/25/2017 2:58:56 PM,EventCreate,1,None,Application,djkvdihost878.jakarta01.com,JAKARTA01\kubo  
Error,9/25/2017 2:57:42 PM,EventCreate,1,None,Application,djkvdihost259.jakarta01.com,JAKARTA01\anissa  
Error,9/25/2017 2:57:42 PM,Application Error,1000,(100),Application,djkvdihost259.jakarta01.com,"Faulting application name: OUTLOOK.EXE, version: 15.0.4919.1001, time stamp: 0x58d20482
Faulting module name: OUTLOOK.EXE, version: 15.0.4919.1001, time stamp: 0x58d20482
Exception code: 0xc0000005
Fault offset: 0x008924c4
Faulting process id: 0x1e3c
Faulting application start time: 0x01d335a1969fa8ae
Faulting application path: C:\Program Files\Microsoft Office\Office15\OUTLOOK.EXE
Faulting module path: C:\Program Files\Microsoft Office\Office15\OUTLOOK.EXE
Report Id: 34b3b952-a1c7-11e7-aec7-0050569f0ee2"
Error,9/25/2017 2:56:38 PM,EventCreate,1,None,Application,djkvdihost727.jakarta01.com,JAKARTA01\Dyandra  
Error,9/25/2017 2:56:34 PM,Application Error,1000,(100),Application,djkvdihost727.jakarta01.com,"Faulting application name: OUTLOOK.EXE, version: 15.0.4919.1001, time stamp: 0x58d20482
Faulting module name: OUTLOOK.EXE, version: 15.0.4919.1001, time stamp: 0x58d20482
Exception code: 0xc0000005
Fault offset: 0x008924c4
Faulting process id: 0x518
Faulting application start time: 0x01d335bb80c5f885
Faulting application path: C:\Program Files\Microsoft Office\Office15\OUTLOOK.EXE
Faulting module path: C:\Program Files\Microsoft Office\Office15\OUTLOOK.EXE
Report Id: 0c508eac-a1c7-11e7-a9f9-0050569f5982"
Error,9/25/2017 2:52:53 PM,EventCreate,1,None,Application,djkvdihost169.jakarta01.com,JAKARTA01\Yudhadp  
Error,9/25/2017 2:52:35 PM,EventCreate,1,None,Application,djkvdihost716.jakarta01.com,JAKARTA01\primaningtyas  
Error,9/25/2017 2:52:50 PM,Application Error,1000,(100),Application,djkvdihost169.jakarta01.com,"Faulting application name: WINWORD.EXE, version: 15.0.4911.1000, time stamp: 0x58a2c075
Faulting module name: wwlib.dll, version: 15.0.4911.1000, time stamp: 0x58a2c073
Exception code: 0xc0000005
Fault offset: 0x0002856a
Faulting process id: 0x92c
Faulting application start time: 0x01d335d04f283471
Faulting application path: C:\Program Files\Microsoft Office\Office15\WINWORD.EXE
Faulting module path: C:\Program Files\Microsoft Office\Office15\wwlib.dll
Report Id: 86b6ec31-a1c6-11e7-a2ee-0050569f6e1d"
Error,9/25/2017 2:52:31 PM,Application Error,1000,(100),Application,djkvdihost716.jakarta01.com,"Faulting application name: OUTLOOK.EXE, version: 15.0.4919.1001, time stamp: 0x58d20482
Faulting module name: OUTLOOK.EXE, version: 15.0.4919.1001, time stamp: 0x58d20482
Exception code: 0xc0000005
Fault offset: 0x008924c4
Faulting process id: 0x18dc
Faulting application start time: 0x01d3359f5c219bd0
Faulting application path: C:\Program Files\Microsoft Office\Office15\OUTLOOK.EXE
Faulting module path: C:\Program Files\Microsoft Office\Office15\OUTLOOK.EXE
Report Id: 7b4a796d-a1c6-11e7-b499-0050569f2f0d"
Error,9/25/2017 2:48:28 PM,EventCreate,1,None,Application,djkvdihost265.jakarta01.com,JAKARTA01\reny  
Error,9/25/2017 2:48:25 PM,Application Error,1000,(100),Application,djkvdihost265.jakarta01.com,"Faulting application name: OUTLOOK.EXE, version: 15.0.4919.1001, time stamp: 0x58d20482
Faulting module name: OUTLOOK.EXE, version: 15.0.4919.1001, time stamp: 0x58d20482
Exception code: 0xc0000005
Fault offset: 0x008924c4
Faulting process id: 0x1df8
Faulting application start time: 0x01d335a468b5c396
Faulting application path: C:\Program Files\Microsoft Office\Office15\OUTLOOK.EXE
Faulting module path: C:\Program Files\Microsoft Office\Office15\OUTLOOK.EXE
Report Id: e8aa20c3-a1c5-11e7-ac12-0050569f2b63"
Error,9/25/2017 2:47:00 PM,EventCreate,1,None,Application,djkvdihost671.jakarta01.com,JAKARTA01\azis  
Error,9/25/2017 2:44:27 PM,EventCreate,1,None,Application,djkvdihost514.jakarta01.com,JAKARTA01\hariri  
Error,9/25/2017 2:37:26 PM,EventCreate,1,None,Application,djkvdihost435.jakarta01.com,JAKARTA01\hemayani  
Error,9/25/2017 2:37:13 PM,Application Error,1000,(100),Application,djkvdihost435.jakarta01.com,"Faulting application name: spoolsv.exe, version: 6.1.7601.17777, time stamp: 0x4f35efc3
Faulting module name: msvcrt.dll, version: 7.0.7601.17744, time stamp: 0x4eeaf722
Exception code: 0xc0000005
Fault offset: 0x0000aa14
Faulting process id: 0x638
Faulting application start time: 0x01d334aff88dddff
Faulting application path: C:\Windows\System32\spoolsv.exe
Faulting module path: C:\Windows\system32\msvcrt.dll
Report Id: 58162964-a1c4-11e7-a130-0050569f384e"
Error,9/25/2017 2:32:00 PM,EventCreate,1,None,Application,djkvdihost074.jakarta01.com,JAKARTA01\Katsuhito  
Error,9/25/2017 2:29:12 PM,EventCreate,1,None,Application,djkvdihost465.jakarta01.com,JAKARTA01\komangsd  
Error,9/25/2017 2:29:09 PM,Application Error,1000,(100),Application,djkvdihost465.jakarta01.com,"Faulting application name: OUTLOOK.EXE, version: 15.0.4919.1001, time stamp: 0x58d20482
Faulting module name: OUTLOOK.EXE, version: 15.0.4919.1001, time stamp: 0x58d20482
Exception code: 0xc0000005
Fault offset: 0x008924c4
Faulting process id: 0x1134
Faulting application start time: 0x01d335a1a74ff208
Faulting application path: C:\Program Files\Microsoft Office\Office15\OUTLOOK.EXE
Faulting module path: C:\Program Files\Microsoft Office\Office15\OUTLOOK.EXE
Report Id: 37c9bdeb-a1c3-11e7-997e-0050569f61de"
Error,9/25/2017 2:20:35 PM,EventCreate,1,None,Application,djkvdihost504.jakarta01.com,JAKARTA01\haris  
Error,9/25/2017 2:20:51 PM,EventCreate,1,None,Application,djkvdihost722.jakarta01.com,JAKARTA01\nila  
Error,9/25/2017 2:20:31 PM,Application Error,1000,(100),Application,djkvdihost504.jakarta01.com,"Faulting application name: EXCEL.EXE, version: 15.0.4919.1000, time stamp: 0x58c7ab0f
Faulting module name: mso.dll, version: 15.0.4919.1002, time stamp: 0x58de0799
Exception code: 0xc0000005
Fault offset: 0x013a2a78
Faulting process id: 0x124c
Faulting application start time: 0x01d335bb7bd7d210
Faulting application path: C:\Program Files\Microsoft Office\Office15\EXCEL.EXE
Faulting module path: C:\Program Files\Common Files\Microsoft Shared\Office15\mso.dll
Report Id: 033aeb0e-a1c2-11e7-8faa-0050569f0db4"
Error,9/25/2017 2:13:56 PM,EventCreate,1,None,Application,djkvdihost694.jakarta01.com,JAKARTA01\dwihan  
Error,9/25/2017 2:13:53 PM,Application Error,1000,(100),Application,djkvdihost694.jakarta01.com,"Faulting application name: OUTLOOK.EXE, version: 15.0.4919.1001, time stamp: 0x58d20482
Faulting module name: OUTLOOK.EXE, version: 15.0.4919.1001, time stamp: 0x58d20482
Exception code: 0xc0000005
Fault offset: 0x008924c4
Faulting process id: 0xbb8
Faulting application start time: 0x01d3359ea6003fc7
Faulting application path: C:\Program Files\Microsoft Office\Office15\OUTLOOK.EXE
Faulting module path: C:\Program Files\Microsoft Office\Office15\OUTLOOK.EXE
Report Id: 15ef23c0-a1c1-11e7-baf6-0050569f7aa4"
Error,9/25/2017 2:07:44 PM,EventCreate,1,None,Application,djkvdihost007.jakarta01.com,JAKARTA01\Taufik Kurniawan  
Error,9/25/2017 2:07:41 PM,Application Error,1000,(100),Application,djkvdihost007.jakarta01.com,"Faulting application name: EXCEL.EXE, version: 15.0.4919.1000, time stamp: 0x58c7ab0f
Faulting module name: EXCEL.EXE, version: 15.0.4919.1000, time stamp: 0x58c7ab0f
Exception code: 0xc0000005
Fault offset: 0x00466d1e
Faulting process id: 0x1e18
Faulting application start time: 0x01d3359ffc962343
Faulting application path: C:\Program Files\Microsoft Office\Office15\EXCEL.EXE
Faulting module path: C:\Program Files\Microsoft Office\Office15\EXCEL.EXE
Report Id: 38057eb9-a1c0-11e7-bde6-0050569f749a"
Error,9/25/2017 2:05:13 PM,EventCreate,1,None,Application,djkvdihost489.jakarta01.com,JAKARTA01\evi  
Error,9/25/2017 2:05:01 PM,Application Error,1000,(100),Application,djkvdihost489.jakarta01.com,"Faulting application name: spoolsv.exe, version: 6.1.7601.17777, time stamp: 0x4f35efc3
Faulting module name: msvcrt.dll, version: 7.0.7601.17744, time stamp: 0x4eeaf722
Exception code: 0xc0000005
Fault offset: 0x0000aa14
Faulting process id: 0x638
Faulting application start time: 0x01d334ac503d93f0
Faulting application path: C:\Windows\System32\spoolsv.exe
Faulting module path: C:\Windows\system32\msvcrt.dll
Report Id: d8a1bcc6-a1bf-11e7-846e-0050569f5fe8"
Error,9/25/2017 2:04:51 PM,EventCreate,1,None,Application,djkvdihost863.jakarta01.com,JAKARTA01\harry  
Error,9/25/2017 2:04:45 PM,EventCreate,1,None,Application,djkvdihost489.jakarta01.com,JAKARTA01\evi  
Error,9/25/2017 2:04:16 PM,EventCreate,1,None,Application,djkvdihost384.jakarta01.com,JAKARTA01\GUESTISD28  
Error,9/25/2017 2:02:56 PM,EventCreate,1,None,Application,djkvdihost326.jakarta01.com,JAKARTA01\Dini Rahmawati  
Error,9/25/2017 2:02:52 PM,Application Error,1000,(100),Application,djkvdihost326.jakarta01.com,"Faulting application name: OUTLOOK.EXE, version: 15.0.4919.1001, time stamp: 0x58d20482
Faulting module name: OUTLOOK.EXE, version: 15.0.4919.1001, time stamp: 0x58d20482
Exception code: 0xc0000005
Fault offset: 0x008924c4
Faulting process id: 0x8c4
Faulting application start time: 0x01d335c7ef365e59
Faulting application path: C:\Program Files\Microsoft Office\Office15\OUTLOOK.EXE
Faulting module path: C:\Program Files\Microsoft Office\Office15\OUTLOOK.EXE
Report Id: 8be03528-a1bf-11e7-9c5c-0050569f29f4"
Error,9/25/2017 2:02:42 PM,EventCreate,1,None,Application,djkvdihost435.jakarta01.com,JAKARTA01\hemayani  
Error,9/25/2017 12:34:32 PM,EventCreate,1,None,Application,djkvdihost513.jakarta01.com,JAKARTA01\sysdovs04  
Error,9/25/2017 1:57:55 PM,EventCreate,1,None,Application,djkvdihost259.jakarta01.com,JAKARTA01\anissa  
Error,9/25/2017 1:57:52 PM,Application Error,1000,(100),Application,djkvdihost259.jakarta01.com,"Faulting application name: CWBTF.EXE, version: 12.0.0.1, time stamp: 0x483cc594
Faulting module name: CWBTF.EXE, version: 12.0.0.1, time stamp: 0x483cc594
Exception code: 0xc0000005
Fault offset: 0x0000cd29
Faulting process id: 0x1628
Faulting application start time: 0x01d335a3c351bdf2
Faulting application path: C:\Program Files\IBM\Client Access\CWBTF.EXE
Faulting module path: C:\Program Files\IBM\Client Access\CWBTF.EXE
Report Id: d8cad3ca-a1be-11e7-aec7-0050569f0ee2"
Error,9/25/2017 1:51:37 PM,EventCreate,1,None,Application,djkvdihost196.jakarta01.com,JAKARTA01\aditya ny  
Error,9/25/2017 1:51:34 PM,Application Error,1000,(100),Application,djkvdihost196.jakarta01.com,"Faulting application name: OUTLOOK.EXE, version: 15.0.4919.1001, time stamp: 0x58d20482
Faulting module name: OUTLOOK.EXE, version: 15.0.4919.1001, time stamp: 0x58d20482
Exception code: 0xc0000005
Fault offset: 0x008924c4
Faulting process id: 0x608
Faulting application start time: 0x01d3359b2ebb67a5
Faulting application path: C:\Program Files\Microsoft Office\Office15\OUTLOOK.EXE
Faulting module path: C:\Program Files\Microsoft Office\Office15\OUTLOOK.EXE
Report Id: f7a1c4a2-a1bd-11e7-a768-0050569f1bea"
Error,9/25/2017 1:49:55 PM,EventCreate,1,None,Application,djkvdihost246.jakarta01.com,JAKARTA01\MAUREEN  
Error,9/25/2017 1:49:56 PM,EventCreate,1,None,Application,djkvdihost893.jakarta01.com,JAKARTA01\adi prasetio  
Error,9/25/2017 1:49:37 PM,EventCreate,1,None,Application,djkvdihost246.jakarta01.com,JAKARTA01\MAUREEN  
Error,9/25/2017 1:47:40 PM,EventCreate,1,None,Application,djkvdihost610.jakarta01.com,JAKARTA01\wang  
Error,9/25/2017 1:47:40 PM,EventCreate,1,None,Application,djkvdihost778.jakarta01.com,JAKARTA01\Marlina  
Error,9/25/2017 1:47:37 PM,Application Error,1000,(100),Application,djkvdihost778.jakarta01.com,"Faulting application name: OUTLOOK.EXE, version: 15.0.4919.1001, time stamp: 0x58d20482
Faulting module name: OUTLOOK.EXE, version: 15.0.4919.1001, time stamp: 0x58d20482
Exception code: 0xc0000005
Fault offset: 0x008924c4
Faulting process id: 0x1590
Faulting application start time: 0x01d3359f92bc7633
Faulting application path: C:\Program Files\Microsoft Office\Office15\OUTLOOK.EXE
Faulting module path: C:\Program Files\Microsoft Office\Office15\OUTLOOK.EXE
Report Id: 6a5f6daa-a1bd-11e7-81bd-0050569f76f6"
Error,9/25/2017 1:47:37 PM,Application Error,1000,(100),Application,djkvdihost610.jakarta01.com,"Faulting application name: OUTLOOK.EXE, version: 15.0.4919.1001, time stamp: 0x58d20482
Faulting module name: OUTLOOK.EXE, version: 15.0.4919.1001, time stamp: 0x58d20482
Exception code: 0xc0000005
Fault offset: 0x008924c4
Faulting process id: 0xb94
Faulting application start time: 0x01d3359d30a33831
Faulting application path: C:\Program Files\Microsoft Office\Office15\OUTLOOK.EXE
Faulting module path: C:\Program Files\Microsoft Office\Office15\OUTLOOK.EXE
Report Id: 6a2b26b6-a1bd-11e7-915c-0050569f01e9"
Error,9/25/2017 1:39:45 PM,EventCreate,1,None,Application,djkvdihost517.jakarta01.com,JAKARTA01\DanielAW  
Error,9/25/2017 1:39:41 PM,Application Error,1000,(100),Application,djkvdihost517.jakarta01.com,"Faulting application name: OUTLOOK.EXE, version: 15.0.4919.1001, time stamp: 0x58d20482
Faulting module name: ntdll.dll, version: 6.1.7601.23714, time stamp: 0x58bf8774
Exception code: 0xc0000005
Fault offset: 0x0005294f
Faulting process id: 0x1c84
Faulting application start time: 0x01d3359b6a6594de
Faulting application path: C:\Program Files\Microsoft Office\Office15\OUTLOOK.EXE
Faulting module path: C:\Windows\SYSTEM32\ntdll.dll
Report Id: 4eb5951d-a1bc-11e7-9667-0050569f05e2"
Error,9/25/2017 1:38:35 PM,EventCreate,1,None,Application,djkvdihost044.jakarta01.com,JAKARTA01\rara  
Error,9/25/2017 1:38:34 PM,EventCreate,1,None,Application,djkvdihost343.jakarta01.com,JAKARTA01\ailsa  
Error,9/25/2017 1:38:31 PM,Application Error,1000,(100),Application,djkvdihost044.jakarta01.com,"Faulting application name: OUTLOOK.EXE, version: 15.0.4919.1001, time stamp: 0x58d20482
Faulting module name: OUTLOOK.EXE, version: 15.0.4919.1001, time stamp: 0x58d20482
Exception code: 0xc0000005
Fault offset: 0x008924c4
Faulting process id: 0x1f9c
Faulting application start time: 0x01d335998fd271b2
Faulting application path: C:\PROGRA~1\MICROS~2\Office15\OUTLOOK.EXE
Faulting module path: C:\PROGRA~1\MICROS~2\Office15\OUTLOOK.EXE
Report Id: 250a69d5-a1bc-11e7-8071-0050569f5089"
Error,9/25/2017 1:38:31 PM,Application Error,1000,(100),Application,djkvdihost343.jakarta01.com,"Faulting application name: OUTLOOK.EXE, version: 15.0.4919.1001, time stamp: 0x58d20482
Faulting module name: OUTLOOK.EXE, version: 15.0.4919.1001, time stamp: 0x58d20482
Exception code: 0xc0000005
Fault offset: 0x0098be14
Faulting process id: 0x1a74
Faulting application start time: 0x01d33598e76e89c6
Faulting application path: C:\Program Files\Microsoft Office\Office15\OUTLOOK.EXE
Faulting module path: C:\Program Files\Microsoft Office\Office15\OUTLOOK.EXE
Report Id: 24bfdf6c-a1bc-11e7-8511-0050569f2873"
Error,9/25/2017 11:48:11 AM,EventCreate,1,None,Application,djkvdihost310.jakarta01.com,JAKARTA01\sysdovs01  
Error,9/25/2017 1:21:59 PM,EventCreate,1,None,Application,djkvdihost258.jakarta01.com,JAKARTA01\Prihantono  
Error,9/25/2017 1:21:52 PM,Application Error,1000,(100),Application,djkvdihost258.jakarta01.com,"Faulting application name: spoolsv.exe, version: 6.1.7601.17777, time stamp: 0x4f35efc3
Faulting module name: msvcrt.dll, version: 7.0.7601.17744, time stamp: 0x4eeaf722
Exception code: 0xc0000005
Fault offset: 0x0000aa14
Faulting process id: 0x638
Faulting application start time: 0x01d334b11a9ceefc
Faulting application path: C:\Windows\System32\spoolsv.exe
Faulting module path: C:\Windows\system32\msvcrt.dll
Report Id: d1c5255a-a1b9-11e7-b232-0050569f16dd"
Error,9/25/2017 1:19:37 PM,EventCreate,1,None,Application,djkvdihost006.jakarta01.com,JAKARTA01\adityo  
Error,9/25/2017 1:19:34 PM,Application Error,1000,(100),Application,djkvdihost006.jakarta01.com,"Faulting application name: OUTLOOK.EXE, version: 15.0.4919.1001, time stamp: 0x58d20482
Faulting module name: OUTLOOK.EXE, version: 15.0.4919.1001, time stamp: 0x58d20482
Exception code: 0xc0000005
Fault offset: 0x008924c7
Faulting process id: 0x10b4
Faulting application start time: 0x01d335b10b621c25
Faulting application path: C:\Program Files\Microsoft Office\Office15\OUTLOOK.EXE
Faulting module path: C:\Program Files\Microsoft Office\Office15\OUTLOOK.EXE
Report Id: 7f4cea6c-a1b9-11e7-a345-0050569f333d"
Error,9/25/2017 1:17:12 PM,EventCreate,1,None,Application,djkvdihost300.jakarta01.com,JAKARTA01\evrizon  
Error,9/25/2017 1:16:53 PM,Application Error,1000,(100),Application,djkvdihost300.jakarta01.com,"Faulting application name: PhotoScreensaver.scr, version: 6.1.7601.17514, time stamp: 0x4ce7a590
Faulting module name: SHELL32.dll, version: 6.1.7601.23537, time stamp: 0x57c450f4
Exception code: 0xc0000005
Fault offset: 0x001f269f
Faulting process id: 0xcbc
Faulting application start time: 0x01d335c49d0410d0
Faulting application path: C:\Windows\system32\PhotoScreensaver.scr
Faulting module path: C:\Windows\system32\SHELL32.dll
Report Id: 1e0428ed-a1b9-11e7-bb4f-0050569f2b46"
Error,9/25/2017 1:12:44 PM,EventCreate,1,None,Application,djkvdihost072.jakarta01.com,JAKARTA01\tiar  
Error,9/25/2017 1:12:43 PM,Application Error,1000,(100),Application,djkvdihost072.jakarta01.com,"Faulting application name: PhotoScreensaver.scr, version: 6.1.7601.17514, time stamp: 0x4ce7a590
Faulting module name: SHELL32.dll, version: 6.1.7601.23537, time stamp: 0x57c450f4
Exception code: 0xc0000005
Fault offset: 0x001f269f
Faulting process id: 0x24f4
Faulting application start time: 0x01d335b244ac8797
Faulting application path: C:\Windows\system32\PhotoScreensaver.scr
Faulting module path: C:\Windows\system32\SHELL32.dll
Report Id: 8a34b64d-a1b8-11e7-ab96-0050569f66d5"
Error,9/25/2017 1:09:54 PM,EventCreate,1,None,Application,djkvdihost238.jakarta01.com,JAKARTA01\dolly  
Error,9/25/2017 1:09:50 PM,Application Error,1000,(100),Application,djkvdihost238.jakarta01.com,"Faulting application name: OUTLOOK.EXE, version: 15.0.4919.1001, time stamp: 0x58d20482
Faulting module name: OUTLOOK.EXE, version: 15.0.4919.1001, time stamp: 0x58d20482
Exception code: 0xc0000005
Fault offset: 0x008924c7
Faulting process id: 0x15f4
Faulting application start time: 0x01d335c156b74a61
Faulting application path: C:\Program Files\Microsoft Office\Office15\OUTLOOK.EXE
Faulting module path: C:\Program Files\Microsoft Office\Office15\OUTLOOK.EXE
Report Id: 233b5a28-a1b8-11e7-83e4-0050569f5dfe"
Error,9/25/2017 1:05:40 PM,EventCreate,1,None,Application,djkvdihost147.jakarta01.com,JAKARTA01\adityo yuwono  
Error,9/25/2017 1:05:36 PM,Application Error,1000,(100),Application,djkvdihost147.jakarta01.com,"Faulting application name: EXCEL.EXE, version: 15.0.4919.1000, time stamp: 0x58c7ab0f
Faulting module name: EXCEL.EXE, version: 15.0.4919.1000, time stamp: 0x58c7ab0f
Exception code: 0xc0000005
Fault offset: 0x00eda408
Faulting process id: 0x1e08
Faulting application start time: 0x01d335aa2eafdd41
Faulting application path: C:\Program Files\Microsoft Office\Office15\EXCEL.EXE
Faulting module path: C:\Program Files\Microsoft Office\Office15\EXCEL.EXE
Report Id: 8bb09d31-a1b7-11e7-9bb5-0050569f029e"
Error,9/25/2017 1:03:00 PM,EventCreate,1,None,Application,djkvdihost741.jakarta01.com,JAKARTA01\mahendra  
