Level,Date and Time,Source,Event ID,Task Category,Log,Computer,
Error,10/6/2017 8:48,EventCreate,1,None,Application,djkvdihost172.jakarta01.com,JAKARTA01\Guestisd30  
Error,10/6/2017 8:47,EventCreate,1,None,Application,djkvdihost283.jakarta01.com,JAKARTA01\Amelia  
Error,10/6/2017 8:48,EventCreate,1,None,Application,djkvdihost570.jakarta01.com,JAKARTA01\ahmad  
Error,10/6/2017 8:47,EventCreate,1,None,Application,djkvdihost155.jakarta01.com,JAKARTA01\haryadi  
Error,10/6/2017 8:47,Application Error,1000,-100,Application,djkvdihost283.jakarta01.com,"Faulting application name: EXCEL.EXE, version: 15.0.4919.1000, time stamp: 0x58c7ab0f
Faulting module name: EXCEL.EXE, version: 15.0.4919.1000, time stamp: 0x58c7ab0f
Exception code: 0xc0000005
Fault offset: 0x00072187
Faulting process id: 0x1220
Faulting application start time: 0x01d33e4103aa4b54
Faulting application path: C:\Program Files\Microsoft Office\Office15\EXCEL.EXE
Faulting module path: C:\Program Files\Microsoft Office\Office15\EXCEL.EXE
Report Id: 53322e63-aa38-11e7-b4de-0050569f630a"
Error,10/6/2017 8:47,EventCreate,1,None,Application,djkvdihost564.jakarta01.com,JAKARTA01\karmenia  
Error,10/6/2017 8:46,EventCreate,1,None,Application,djkvdihost021.jakarta01.com,JAKARTA01\elestari  
Error,10/6/2017 8:46,EventCreate,1,None,Application,djkvdihost434.jakarta01.com,JAKARTA01\andre cahyono  
Error,10/6/2017 8:46,EventCreate,1,None,Application,djkvdihost326.jakarta01.com,JAKARTA01\nurhayani  
Error,10/6/2017 8:46,EventCreate,1,None,Application,djkvdihost337.jakarta01.com,JAKARTA01\MahendraR  
Error,10/6/2017 8:45,EventCreate,1,None,Application,djkvdihost078.jakarta01.com,JAKARTA01\primaningtyas  
Error,10/6/2017 8:45,EventCreate,1,None,Application,djkvdihost022.jakarta01.com,JAKARTA01\Sunaryo  
Error,10/6/2017 8:45,WSH,1,None,Application,djkvdihost326.jakarta01.com,"CN=Nurhayani Purwitasari password will expire in 3 day(s) at 10/9/2017 7:23:45 AM

Press CTRL + ALT + DEL and select the ""Change a password"" option."
Error,10/6/2017 8:45,EventCreate,1,None,Application,djkvdihost012.jakarta01.com,JAKARTA01\GUESTISD28  
Error,10/6/2017 8:45,EventCreate,1,None,Application,djkvdihost862.jakarta01.com,JAKARTA01\kubo  
Error,10/6/2017 8:45,Application Error,1000,-100,Application,djkvdihost862.jakarta01.com,"Faulting application name: OUTLOOK.EXE, version: 15.0.4919.1001, time stamp: 0x58d20482
Faulting module name: OUTLOOK.EXE, version: 15.0.4919.1001, time stamp: 0x58d20482
Exception code: 0xc0000005
Fault offset: 0x008924c4
Faulting process id: 0x1a70
Faulting application start time: 0x01d33e3eaa8ca28f
Faulting application path: C:\Program Files\Microsoft Office\Office15\OUTLOOK.EXE
Faulting module path: C:\Program Files\Microsoft Office\Office15\OUTLOOK.EXE
Report Id: f829f0f7-aa37-11e7-8568-0050569f6fbc"
Error,10/6/2017 8:44,EventCreate,1,None,Application,djkvdihost007.jakarta01.com,JAKARTA01\meltsaury  
Error,10/6/2017 8:45,WSH,1,None,Application,djkvdihost326.jakarta01.com,"CN=Nurhayani Purwitasari password will expire in 3 day(s) at 10/9/2017 7:23:45 AM

Press CTRL + ALT + DEL and select the ""Change a password"" option."
Error,10/6/2017 8:44,EventCreate,1,None,Application,djkvdihost859.jakarta01.com,JAKARTA01\hirano  
Error,10/6/2017 8:44,EventCreate,1,None,Application,djkvdihost137.jakarta01.com,JAKARTA01\guestISD50  
Error,10/6/2017 8:43,EventCreate,1,None,Application,djkvdihost685.jakarta01.com,JAKARTA01\christianrs  
Error,10/6/2017 8:43,Application Error,1000,-100,Application,djkvdihost685.jakarta01.com,"Faulting application name: OUTLOOK.EXE, version: 15.0.4919.1001, time stamp: 0x58d20482
Faulting module name: OUTLOOK.EXE, version: 15.0.4919.1001, time stamp: 0x58d20482
Exception code: 0xc0000005
Fault offset: 0x008924c4
Faulting process id: 0x1ef4
Faulting application start time: 0x01d33e3bc476c151
Faulting application path: C:\Program Files\Microsoft Office\Office15\OUTLOOK.EXE
Faulting module path: C:\Program Files\Microsoft Office\Office15\OUTLOOK.EXE
Report Id: bf499c09-aa37-11e7-9673-0050569f30ac"
Error,10/6/2017 8:43,EventCreate,1,None,Application,djkvdihost899.jakarta01.com,JAKARTA01\adi prasetio  
Error,10/6/2017 8:43,EventCreate,1,None,Application,djkvdihost007.jakarta01.com,JAKARTA01\meltsaury  
Error,10/6/2017 8:42,EventCreate,1,None,Application,djkvdihost216.jakarta01.com,JAKARTA01\ali pasya  
Error,10/6/2017 8:42,EventCreate,1,None,Application,djkvdihost017.jakarta01.com,JAKARTA01\fathur  
Error,10/6/2017 8:42,EventCreate,1,None,Application,djkvdihost261.jakarta01.com,JAKARTA01\clarissa  
Error,10/6/2017 8:41,EventCreate,1,None,Application,djkvdihost435.jakarta01.com,JAKARTA01\payogi  
Error,10/6/2017 8:41,EventCreate,1,None,Application,djkvdihost724.jakarta01.com,JAKARTA01\GuestISD49  
Error,10/6/2017 8:41,EventCreate,1,None,Application,djkvdihost727.jakarta01.com,JAKARTA01\dwihan  
Error,10/6/2017 8:41,EventCreate,1,None,Application,djkvdihost059.jakarta01.com,JAKARTA01\eka  
Error,10/6/2017 8:40,EventCreate,1,None,Application,djkvdihost822.jakarta01.com,JAKARTA01\guestISD44  
Error,10/6/2017 8:40,EventCreate,1,None,Application,djkvdihost228.jakarta01.com,JAKARTA01\Kartina  
Error,10/6/2017 8:39,EventCreate,1,None,Application,djkvdihost062.jakarta01.com,JAKARTA01\inna  
Error,10/6/2017 8:39,EventCreate,1,None,Application,djkvdihost007.jakarta01.com,JAKARTA01\clarissa  
Error,10/6/2017 8:39,EventCreate,1,None,Application,djkvdihost030.jakarta01.com,JAKARTA01\nurfadila  
Error,10/6/2017 8:39,EventCreate,1,None,Application,djkvdihost222.jakarta01.com,JAKARTA01\diena  
Error,10/6/2017 8:39,EventCreate,1,None,Application,djkvdihost224.jakarta01.com,JAKARTA01\Helena  
Error,10/6/2017 8:38,EventCreate,1,None,Application,djkvdihost062.jakarta01.com,JAKARTA01\inna  
Error,10/6/2017 8:38,EventCreate,1,None,Application,djkvdihost062.jakarta01.com,JAKARTA01\inna  
Error,10/6/2017 8:39,EventCreate,1,None,Application,djkvdihost199.jakarta01.com,JAKARTA01\andriana  
Error,10/6/2017 8:38,EventCreate,1,None,Application,djkvdihost441.jakarta01.com,JAKARTA01\teddy  
Error,10/6/2017 8:38,EventCreate,1,None,Application,djkvdihost062.jakarta01.com,JAKARTA01\inna  
Error,10/6/2017 8:38,EventCreate,1,None,Application,djkvdihost297.jakarta01.com,JAKARTA01\Rio  
Error,10/6/2017 8:38,EventCreate,1,None,Application,djkvdihost250.jakarta01.com,JAKARTA01\aryani  
Error,10/6/2017 8:37,EventCreate,1,None,Application,djkvdihost722.jakarta01.com,JAKARTA01\Marlina  
Error,10/6/2017 8:37,EventCreate,1,None,Application,djkvdihost106.jakarta01.com,JAKARTA01\ferdiansyah  
Error,10/6/2017 8:37,EventCreate,1,None,Application,djkvdihost070.jakarta01.com,JAKARTA01\dolly  
Error,10/6/2017 8:36,EventCreate,1,None,Application,djkvdihost271.jakarta01.com,JAKARTA01\karmelita  
Error,10/6/2017 8:36,EventCreate,1,None,Application,djkvdihost020.jakarta01.com,JAKARTA01\erik  
Error,10/6/2017 8:35,EventCreate,1,None,Application,djkvdihost020.jakarta01.com,JAKARTA01\erik  
Error,10/6/2017 8:35,EventCreate,1,None,Application,djkvdihost725.jakarta01.com,JAKARTA01\Bryant  
Error,10/6/2017 8:35,EventCreate,1,None,Application,djkvdihost545.jakarta01.com,JAKARTA01\kunthi  
Error,10/6/2017 8:35,EventCreate,1,None,Application,djkvdihost166.jakarta01.com,JAKARTA01\Ronald Hertanto  
Error,10/6/2017 8:35,EventCreate,1,None,Application,djkvdihost008.jakarta01.com,JAKARTA01\enrikko  
Error,10/6/2017 8:34,Application Error,1000,-100,Application,djkvdihost008.jakarta01.com,"Faulting application name: OUTLOOK.EXE, version: 15.0.4919.1001, time stamp: 0x58d20482
Faulting module name: OUTLOOK.EXE, version: 15.0.4919.1001, time stamp: 0x58d20482
Exception code: 0xc0000005
Fault offset: 0x008924c4
Faulting process id: 0x1438
Faulting application start time: 0x01d33e3fa8d42068
Faulting application path: C:\Program Files\Microsoft Office\Office15\OUTLOOK.EXE
Faulting module path: C:\Program Files\Microsoft Office\Office15\OUTLOOK.EXE
Report Id: 8fb44898-aa36-11e7-81af-0050569f4d38"
Error,10/6/2017 8:35,EventCreate,1,None,Application,djkvdihost678.jakarta01.com,JAKARTA01\yudistira  
Error,10/6/2017 8:34,EventCreate,1,None,Application,djkvdihost424.jakarta01.com,JAKARTA01\valery  
Error,10/6/2017 8:34,Application Error,1000,-100,Application,djkvdihost424.jakarta01.com,"Faulting application name: spoolsv.exe, version: 6.1.7601.17777, time stamp: 0x4f35efc3
Faulting module name: msvcrt.dll, version: 7.0.7601.17744, time stamp: 0x4eeaf722
Exception code: 0xc0000005
Fault offset: 0x0000aa14
Faulting process id: 0x638
Faulting application start time: 0x01d33dc269535acd
Faulting application path: C:\Windows\System32\spoolsv.exe
Faulting module path: C:\Windows\system32\msvcrt.dll
Report Id: 83d37b71-aa36-11e7-87c3-0050569f20ab"
Error,10/6/2017 8:33,EventCreate,1,None,Application,djkvdihost498.jakarta01.com,JAKARTA01\rara  
Error,10/6/2017 8:33,Application Error,1000,-100,Application,djkvdihost498.jakarta01.com,"Faulting application name: lync.exe, version: 15.0.4919.1000, time stamp: 0x58c7ab1e
Faulting module name: mshtml.dll, version: 11.0.9600.18639, time stamp: 0x58d6c720
Exception code: 0xc0000005
Fault offset: 0x0013a2cc
Faulting process id: 0x11e8
Faulting application start time: 0x01d33e3d34867e4c
Faulting application path: C:\Program Files\Microsoft Office\Office15\lync.exe
Faulting module path: C:\Windows\System32\mshtml.dll
Report Id: 6a53e42f-aa36-11e7-8338-0050569f1363"
Error,10/6/2017 8:34,EventCreate,1,None,Application,djkvdihost899.jakarta01.com,JAKARTA01\adi prasetio  
Error,10/6/2017 8:33,EventCreate,1,None,Application,djkvdihost424.jakarta01.com,JAKARTA01\valery  
Error,10/6/2017 8:33,EventCreate,1,None,Application,djkvdihost266.jakarta01.com,JAKARTA01\Festy  
Error,10/6/2017 8:33,EventCreate,1,None,Application,djkvdihost359.jakarta01.com,JAKARTA01\zahra  
Error,10/6/2017 8:32,EventCreate,1,None,Application,djkvdihost748.jakarta01.com,JAKARTA01\MFIRMAN  
Error,10/6/2017 8:32,EventCreate,1,None,Application,djkvdihost278.jakarta01.com,JAKARTA01\guestisd27  
Error,10/6/2017 8:32,EventCreate,1,None,Application,djkvdihost427.jakarta01.com,JAKARTA01\yusi  
Error,10/6/2017 8:32,Application Error,1000,-100,Application,djkvdihost427.jakarta01.com,"Faulting application name: OUTLOOK.EXE, version: 15.0.4919.1001, time stamp: 0x58d20482
Faulting module name: OUTLOOK.EXE, version: 15.0.4919.1001, time stamp: 0x58d20482
Exception code: 0xc0000005
Fault offset: 0x008924c4
Faulting process id: 0x12e8
Faulting application start time: 0x01d33e3b9cc0f09d
Faulting application path: C:\Program Files\Microsoft Office\Office15\OUTLOOK.EXE
Faulting module path: C:\Program Files\Microsoft Office\Office15\OUTLOOK.EXE
Report Id: 28832f12-aa36-11e7-a60e-0050569f4f73"
Error,10/6/2017 8:32,Application Error,1000,-100,Application,djkvdihost748.jakarta01.com,"Faulting application name: iexplore.exe, version: 11.0.9600.18639, time stamp: 0x58d6bb0d
Faulting module name: unknown, version: 0.0.0.0, time stamp: 0x00000000
Exception code: 0xc0000005
Fault offset: 0x7ff18238
Faulting process id: 0x1b50
Faulting application start time: 0x01d33e42d8656af4
Faulting application path: C:\Program Files\Internet Explorer\iexplore.exe
Faulting module path: unknown
Report Id: 389f6b54-aa36-11e7-91c5-0050569f6f59"
Error,10/6/2017 8:31,EventCreate,1,None,Application,djkvdihost416.jakarta01.com,JAKARTA01\AdhiNu  
Error,10/6/2017 8:32,EventCreate,1,None,Application,djkvdihost168.jakarta01.com,JAKARTA01\kurniawan  
Error,10/6/2017 8:30,EventCreate,1,None,Application,djkvdihost365.jakarta01.com,JAKARTA01\guestisd25  
Error,10/6/2017 8:31,EventCreate,1,None,Application,djkvdihost416.jakarta01.com,JAKARTA01\AdhiNu  
Error,10/6/2017 8:30,EventCreate,1,None,Application,djkvdihost608.jakarta01.com,JAKARTA01\chandra  
Error,10/6/2017 8:30,Application Error,1000,-100,Application,djkvdihost608.jakarta01.com,"Faulting application name: iexplore.exe, version: 11.0.9600.18639, time stamp: 0x58d6bb0d
Faulting module name: unknown, version: 0.0.0.0, time stamp: 0x00000000
Exception code: 0xc0000005
Fault offset: 0x7ff2c31b
Faulting process id: 0x1ad0
Faulting application start time: 0x01d33e3e8ba385a8
Faulting application path: C:\Program Files\Internet Explorer\iexplore.exe
Faulting module path: unknown
Report Id: f798e952-aa35-11e7-89e3-0050569f0de5"
Error,10/6/2017 8:30,EventCreate,1,None,Application,djkvdihost429.jakarta01.com,JAKARTA01\boby  
Error,10/6/2017 8:30,EventCreate,1,None,Application,djkvdihost214.jakarta01.com,JAKARTA01\nyimas  
Error,10/6/2017 8:30,EventCreate,1,None,Application,djkvdihost160.jakarta01.com,JAKARTA01\tasin  
Error,10/6/2017 8:30,EventCreate,1,None,Application,djkvdihost209.jakarta01.com,JAKARTA01\vita  
Error,10/6/2017 8:30,EventCreate,1,None,Application,djkvdihost529.jakarta01.com,JAKARTA01\amelinda  
Error,10/6/2017 8:29,EventCreate,1,None,Application,djkvdihost440.jakarta01.com,JAKARTA01\abdulas  
Error,10/6/2017 8:29,EventCreate,1,None,Application,djkvdihost748.jakarta01.com,JAKARTA01\MFIRMAN  
Error,10/6/2017 8:29,EventCreate,1,None,Application,djkvdihost365.jakarta01.com,JAKARTA01\guestisd25  
Error,10/6/2017 8:29,EventCreate,1,None,Application,djkvdihost093.jakarta01.com,JAKARTA01\guestisd34  
Error,10/6/2017 8:29,EventCreate,1,None,Application,djkvdihost254.jakarta01.com,JAKARTA01\taty  
Error,10/6/2017 8:28,EventCreate,1,None,Application,djkvdihost687.jakarta01.com,JAKARTA01\Linda Marshelia  
Error,10/6/2017 8:28,EventCreate,1,None,Application,djkvdihost588.jakarta01.com,JAKARTA01\panji ndaru  
Error,10/6/2017 8:27,EventCreate,1,None,Application,djkvdihost131.jakarta01.com,JAKARTA01\titis  
Error,10/6/2017 8:27,EventCreate,1,None,Application,djkvdihost131.jakarta01.com,JAKARTA01\titis  
Error,10/6/2017 8:28,EventCreate,1,None,Application,djkvdihost590.jakarta01.com,JAKARTA01\ramantid  
Error,10/6/2017 8:28,EventCreate,1,None,Application,djkvdihost605.jakarta01.com,JAKARTA01\anderson  
Error,10/6/2017 8:28,EventCreate,1,None,Application,djkvdihost579.jakarta01.com,JAKARTA01\Rosulla  
Error,10/6/2017 8:27,EventCreate,1,None,Application,djkvdihost687.jakarta01.com,JAKARTA01\Linda Marshelia  
Error,10/6/2017 8:26,EventCreate,1,None,Application,djkvdihost479.jakarta01.com,JAKARTA01\muhdi  
Error,10/6/2017 8:26,Application Error,1000,-100,Application,djkvdihost479.jakarta01.com,"Faulting application name: iexplore.exe, version: 11.0.9600.18639, time stamp: 0x58d6bb0d
Faulting module name: Flash32_20_0_0_286.ocx, version: 20.0.0.286, time stamp: 0x56944dbe
Exception code: 0xc0000005
Fault offset: 0x000d9900
Faulting process id: 0x1dcc
Faulting application start time: 0x01d33e3fbb2cc1de
Faulting application path: C:\Program Files\Internet Explorer\iexplore.exe
Faulting module path: C:\Windows\system32\Macromed\Flash\Flash32_20_0_0_286.ocx
Report Id: 5cc908be-aa35-11e7-bed1-0050569f1fac"
Error,10/6/2017 8:26,EventCreate,1,None,Application,djkvdihost647.jakarta01.com,JAKARTA01\cinta  
Error,10/6/2017 8:26,EventCreate,1,None,Application,djkvdihost135.jakarta01.com,JAKARTA01\fathiya  
Error,10/6/2017 8:26,EventCreate,1,None,Application,djkvdihost650.jakarta01.com,JAKARTA01\Siti Atikah  
Error,10/6/2017 8:26,EventCreate,1,None,Application,djkvdihost770.jakarta01.com,JAKARTA01\giandripn  
Error,10/6/2017 8:25,EventCreate,1,None,Application,djkvdihost589.jakarta01.com,JAKARTA01\Anton 2  
Error,10/6/2017 8:25,EventCreate,1,None,Application,djkvdihost083.jakarta01.com,JAKARTA01\GuestISD42  
Error,10/6/2017 8:25,EventCreate,1,None,Application,djkvdihost395.jakarta01.com,JAKARTA01\dina  
Error,10/6/2017 8:25,EventCreate,1,None,Application,djkvdihost192.jakarta01.com,JAKARTA01\AdindaGita  
Error,10/6/2017 8:25,EventCreate,1,None,Application,djkvdihost119.jakarta01.com,JAKARTA01\kristiana  
Error,10/6/2017 8:24,EventCreate,1,None,Application,djkvdihost804.jakarta01.com,JAKARTA01\eddy  
Error,10/6/2017 8:24,Application Error,1000,-100,Application,djkvdihost804.jakarta01.com,"Faulting application name: OUTLOOK.EXE, version: 15.0.4919.1001, time stamp: 0x58d20482
Faulting module name: OUTLOOK.EXE, version: 15.0.4919.1001, time stamp: 0x58d20482
Exception code: 0xc0000005
Fault offset: 0x004870b2
Faulting process id: 0x19d0
Faulting application start time: 0x01d33e3923da13f4
Faulting application path: C:\Program Files\Microsoft Office\Office15\OUTLOOK.EXE
Faulting module path: C:\Program Files\Microsoft Office\Office15\OUTLOOK.EXE
Report Id: 1d3d97bc-aa35-11e7-a347-0050569f33bf"
Error,10/6/2017 8:24,EventCreate,1,None,Application,djkvdihost011.jakarta01.com,JAKARTA01\novianti  
Error,10/6/2017 8:24,EventCreate,1,None,Application,djkvdihost347.jakarta01.com,JAKARTA01\srahma  
Error,10/6/2017 8:24,Application Error,1000,-100,Application,djkvdihost347.jakarta01.com,"Faulting application name: OUTLOOK.EXE, version: 15.0.4919.1001, time stamp: 0x58d20482
Faulting module name: OUTLOOK.EXE, version: 15.0.4919.1001, time stamp: 0x58d20482
Exception code: 0xc0000005
Fault offset: 0x008924c4
Faulting process id: 0x1da8
Faulting application start time: 0x01d33e3bdb765109
Faulting application path: C:\Program Files\Microsoft Office\Office15\OUTLOOK.EXE
Faulting module path: C:\Program Files\Microsoft Office\Office15\OUTLOOK.EXE
Report Id: 08112975-aa35-11e7-ad6f-0050569f08e4"
Error,10/6/2017 8:24,EventCreate,1,None,Application,djkvdihost552.jakarta01.com,JAKARTA01\andrik  
Error,10/6/2017 8:23,EventCreate,1,None,Application,djkvdihost409.jakarta01.com,JAKARTA01\augtiaji  
Error,10/6/2017 8:24,EventCreate,1,None,Application,djkvdihost356.jakarta01.com,JAKARTA01\janu  
Error,10/6/2017 8:24,EventCreate,1,None,Application,djkvdihost323.jakarta01.com,JAKARTA01\pahlevi  
Error,10/6/2017 8:24,EventCreate,1,None,Application,djkvdihost180.jakarta01.com,JAKARTA01\WILLIAM  
Error,10/6/2017 8:23,EventCreate,1,None,Application,djkvdihost236.jakarta01.com,JAKARTA01\elvina  
Error,10/6/2017 8:23,EventCreate,1,None,Application,djkvdihost367.jakarta01.com,JAKARTA01\achmadr  
Error,10/6/2017 8:23,EventCreate,1,None,Application,djkvdihost288.jakarta01.com,JAKARTA01\guestisd03  
Error,10/6/2017 8:23,EventCreate,1,None,Application,djkvdihost181.jakarta01.com,JAKARTA01\chris  
Error,10/6/2017 8:22,EventCreate,1,None,Application,djkvdihost236.jakarta01.com,JAKARTA01\elvina  
Error,10/6/2017 8:22,EventCreate,1,None,Application,djkvdihost409.jakarta01.com,JAKARTA01\augtiaji  
Error,10/6/2017 8:23,Application Error,1000,-100,Application,djkvdihost367.jakarta01.com,"Faulting application name: EXCEL.EXE, version: 15.0.4919.1000, time stamp: 0x58c7ab0f
Faulting module name: EXCEL.EXE, version: 15.0.4919.1000, time stamp: 0x58c7ab0f
Exception code: 0xc0000005
Fault offset: 0x0065cfd4
Faulting process id: 0x1c84
Faulting application start time: 0x01d33e3ea6c3ca03
Faulting application path: C:\Program Files\Microsoft Office\Office15\EXCEL.EXE
Faulting module path: C:\Program Files\Microsoft Office\Office15\EXCEL.EXE
Report Id: e7a46ea3-aa34-11e7-aebe-0050569f32b7"
Error,10/6/2017 8:23,EventCreate,1,None,Application,djkvdihost809.jakarta01.com,JAKARTA01\dadang  
Error,10/6/2017 8:22,EventCreate,1,None,Application,djkvdihost671.jakarta01.com,JAKARTA01\aditya ny  
Error,10/6/2017 8:21,EventCreate,1,None,Application,djkvdihost671.jakarta01.com,JAKARTA01\aditya ny  
Error,10/6/2017 8:21,EventCreate,1,None,Application,djkvdihost671.jakarta01.com,JAKARTA01\aditya ny  
Error,10/6/2017 8:22,EventCreate,1,None,Application,djkvdihost571.jakarta01.com,JAKARTA01\brenda  
Error,10/6/2017 8:22,EventCreate,1,None,Application,djkvdihost409.jakarta01.com,JAKARTA01\augtiaji  
Error,10/6/2017 8:22,EventCreate,1,None,Application,djkvdihost405.jakarta01.com,JAKARTA01\ardiana  
Error,10/6/2017 8:21,EventCreate,1,None,Application,djkvdihost882.jakarta01.com,JAKARTA01\khalid  
Error,10/6/2017 8:21,Application Error,1000,-100,Application,djkvdihost882.jakarta01.com,"Faulting application name: iexplore.exe, version: 11.0.9600.18639, time stamp: 0x58d6bb0d
Faulting module name: unknown, version: 0.0.0.0, time stamp: 0x00000000
Exception code: 0xc0000005
Fault offset: 0x7ff1a238
Faulting process id: 0xf48
Faulting application start time: 0x01d33e3e5f17b65e
Faulting application path: C:\Program Files\Internet Explorer\iexplore.exe
Faulting module path: unknown
Report Id: b840e137-aa34-11e7-8071-0050569f72cd"
Error,10/6/2017 8:21,EventCreate,1,None,Application,djkvdihost671.jakarta01.com,JAKARTA01\aditya ny  
Error,10/6/2017 8:22,EventCreate,1,None,Application,djkvdihost236.jakarta01.com,JAKARTA01\elvina  
Error,10/6/2017 8:21,EventCreate,1,None,Application,djkvdihost416.jakarta01.com,JAKARTA01\clarissa  
Error,10/6/2017 8:21,EventCreate,1,None,Application,djkvdihost488.jakarta01.com,JAKARTA01\widiasmara  
Error,10/6/2017 8:21,EventCreate,1,None,Application,djkvdihost073.jakarta01.com,JAKARTA01\rudini  
Error,10/6/2017 8:20,EventCreate,1,None,Application,djkvdihost571.jakarta01.com,JAKARTA01\brenda  
Error,10/6/2017 8:20,EventCreate,1,None,Application,djkvdihost406.jakarta01.com,JAKARTA01\Winda  
Error,10/6/2017 8:20,EventCreate,1,None,Application,djkvdihost622.jakarta01.com,JAKARTA01\rasyid  
Error,10/6/2017 8:20,Application Error,1000,-100,Application,djkvdihost622.jakarta01.com,"Faulting application name: spoolsv.exe, version: 6.1.7601.17777, time stamp: 0x4f35efc3
Faulting module name: msvcrt.dll, version: 7.0.7601.17744, time stamp: 0x4eeaf722
Exception code: 0xc0000005
Fault offset: 0x0000aa14
Faulting process id: 0x63c
Faulting application start time: 0x01d33e3ff58e6663
Faulting application path: C:\Windows\System32\spoolsv.exe
Faulting module path: C:\Windows\system32\msvcrt.dll
Report Id: 7c7f8821-aa34-11e7-aba3-0050569f1e5e"
Error,10/6/2017 8:20,EventCreate,1,None,Application,djkvdihost144.jakarta01.com,JAKARTA01\Dilla  
Error,10/6/2017 8:20,EventCreate,1,None,Application,djkvdihost005.jakarta01.com,JAKARTA01\Arfilia  
Error,10/6/2017 8:19,EventCreate,1,None,Application,djkvdihost310.jakarta01.com,JAKARTA01\Elisabeth  
Error,10/6/2017 8:19,Application Error,1000,-100,Application,djkvdihost310.jakarta01.com,"Faulting application name: iexplore.exe, version: 11.0.9600.18639, time stamp: 0x58d6bb0d
Faulting module name: MSHTML.dll, version: 11.0.9600.18639, time stamp: 0x58d6c720
Exception code: 0xc0000005
Fault offset: 0x000ac604
Faulting process id: 0x718
Faulting application start time: 0x01d33e400aad2ed2
Faulting application path: C:\Program Files\Internet Explorer\iexplore.exe
Faulting module path: C:\Windows\system32\MSHTML.dll
Report Id: 69da0438-aa34-11e7-99ee-0050569f76c4"
Error,10/6/2017 8:19,EventCreate,1,None,Application,djkvdihost571.jakarta01.com,JAKARTA01\brenda  
Error,10/6/2017 8:19,Application Error,1000,-100,Application,djkvdihost571.jakarta01.com,"Faulting application name: spoolsv.exe, version: 6.1.7601.17777, time stamp: 0x4f35efc3
Faulting module name: msvcrt.dll, version: 7.0.7601.17744, time stamp: 0x4eeaf722
Exception code: 0xc0000005
Fault offset: 0x0000aa14
Faulting process id: 0x63c
Faulting application start time: 0x01d33e40f0d1757c
Faulting application path: C:\Windows\System32\spoolsv.exe
Faulting module path: C:\Windows\system32\msvcrt.dll
Report Id: 677ec820-aa34-11e7-8eca-0050569f678d"
Error,10/6/2017 8:20,EventCreate,1,None,Application,djkvdihost005.jakarta01.com,JAKARTA01\Arfilia  
Error,10/6/2017 8:19,EventCreate,1,None,Application,djkvdihost108.jakarta01.com,JAKARTA01\sari  
Error,10/6/2017 8:19,EventCreate,1,None,Application,djkvdihost410.jakarta01.com,JAKARTA01\astio  
Error,10/6/2017 8:18,EventCreate,1,None,Application,djkvdihost455.jakarta01.com,JAKARTA01\ibahtiar  
Error,10/6/2017 8:19,EventCreate,1,None,Application,djkvdihost571.jakarta01.com,JAKARTA01\brenda  
Error,10/6/2017 8:18,EventCreate,1,None,Application,djkvdihost674.jakarta01.com,JAKARTA01\gerald  
Error,10/6/2017 8:18,EventCreate,1,None,Application,djkvdihost103.jakarta01.com,JAKARTA01\janna  
Error,10/6/2017 8:18,EventCreate,1,None,Application,djkvdihost258.jakarta01.com,JAKARTA01\nora  
Error,10/6/2017 8:17,EventCreate,1,None,Application,djkvdihost698.jakarta01.com,JAKARTA01\diah dwi  
Error,10/6/2017 8:18,EventCreate,1,None,Application,djkvdihost260.jakarta01.com,JAKARTA01\ghozia  
Error,10/6/2017 8:18,EventCreate,1,None,Application,djkvdihost436.jakarta01.com,JAKARTA01\mayang  
Error,10/6/2017 8:18,EventCreate,1,None,Application,djkvdihost110.jakarta01.com,JAKARTA01\Widi Anggraeni  
Error,10/6/2017 8:18,EventCreate,1,None,Application,djkvdihost604.jakarta01.com,JAKARTA01\nadea  
Error,10/6/2017 8:18,EventCreate,1,None,Application,djkvdihost544.jakarta01.com,JAKARTA01\Listya  
Error,10/6/2017 8:17,EventCreate,1,None,Application,djkvdihost787.jakarta01.com,JAKARTA01\idams  
Error,10/6/2017 8:17,EventCreate,1,None,Application,djkvdihost688.jakarta01.com,JAKARTA01\ALFIYAH  
Error,10/6/2017 8:17,EventCreate,1,None,Application,djkvdihost820.jakarta01.com,JAKARTA01\RatiAF  
Error,10/6/2017 8:17,EventCreate,1,None,Application,djkvdihost720.jakarta01.com,JAKARTA01\paramita  
Error,10/6/2017 8:17,EventCreate,1,None,Application,djkvdihost698.jakarta01.com,JAKARTA01\diah dwi  
Error,10/6/2017 8:17,EventCreate,1,None,Application,djkvdihost016.jakarta01.com,JAKARTA01\nunu  
Error,10/6/2017 8:17,EventCreate,1,None,Application,djkvdihost049.jakarta01.com,JAKARTA01\Hasna  
Error,10/6/2017 8:17,EventCreate,1,None,Application,djkvdihost455.jakarta01.com,JAKARTA01\ibahtiar  
Error,10/6/2017 8:17,EventCreate,1,None,Application,djkvdihost376.jakarta01.com,JAKARTA01\puty  
Error,10/6/2017 8:17,EventCreate,1,None,Application,djkvdihost339.jakarta01.com,JAKARTA01\guestisd36  
Error,10/6/2017 8:16,WSH,1,None,Application,djkvdihost016.jakarta01.com,"CN=Nunu Rusli password will expire in 2 day(s) at 10/8/2017 8:06:25 AM

Press CTRL + ALT + DEL and select the ""Change a password"" option."
Error,10/6/2017 8:17,EventCreate,1,None,Application,djkvdihost569.jakarta01.com,JAKARTA01\denny  
Error,10/6/2017 8:16,EventCreate,1,None,Application,djkvdihost696.jakarta01.com,JAKARTA01\sulaiman  
Error,10/6/2017 8:16,EventCreate,1,None,Application,djkvdihost115.jakarta01.com,JAKARTA01\Guestisd31  
Error,10/6/2017 8:16,WSH,1,None,Application,djkvdihost016.jakarta01.com,"CN=Nunu Rusli password will expire in 2 day(s) at 10/8/2017 8:06:25 AM

Press CTRL + ALT + DEL and select the ""Change a password"" option."
Error,10/6/2017 8:16,EventCreate,1,None,Application,djkvdihost151.jakarta01.com,JAKARTA01\supris  
Error,10/6/2017 8:16,EventCreate,1,None,Application,djkvdihost827.jakarta01.com,JAKARTA01\Adang  
Error,10/6/2017 8:15,EventCreate,1,None,Application,djkvdihost571.jakarta01.com,JAKARTA01\dina  
Error,10/6/2017 8:15,EventCreate,1,None,Application,djkvdihost681.jakarta01.com,JAKARTA01\ivan  
Error,10/6/2017 8:15,EventCreate,1,None,Application,djkvdihost481.jakarta01.com,JAKARTA01\tara  
Error,10/6/2017 8:15,EventCreate,1,None,Application,djkvdihost361.jakarta01.com,JAKARTA01\muhamadZAH  
Error,10/6/2017 8:14,EventCreate,1,None,Application,djkvdihost394.jakarta01.com,JAKARTA01\bellaisya  
Error,10/6/2017 8:14,EventCreate,1,None,Application,djkvdihost015.jakarta01.com,JAKARTA01\nicole  
Error,10/6/2017 8:14,EventCreate,1,None,Application,djkvdihost393.jakarta01.com,JAKARTA01\MuhammadH  
Error,10/6/2017 8:14,EventCreate,1,None,Application,djkvdihost053.jakarta01.com,JAKARTA01\thalia  
Error,10/6/2017 8:14,EventCreate,1,None,Application,djkvdihost601.jakarta01.com,JAKARTA01\fajar  
Error,10/6/2017 8:13,EventCreate,1,None,Application,djkvdihost622.jakarta01.com,JAKARTA01\rasyid  
Error,10/6/2017 8:14,EventCreate,1,None,Application,djkvdihost048.jakarta01.com,JAKARTA01\alvian  
Error,10/6/2017 8:13,EventCreate,1,None,Application,djkvdihost452.jakarta01.com,JAKARTA01\sutedja  
Error,10/6/2017 8:13,EventCreate,1,None,Application,djkvdihost624.jakarta01.com,JAKARTA01\daniel chin  
Error,10/6/2017 8:13,EventCreate,1,None,Application,djkvdihost190.jakarta01.com,JAKARTA01\puspitasari  
Error,10/6/2017 8:13,EventCreate,1,None,Application,djkvdihost700.jakarta01.com,JAKARTA01\GuestISD56  
Error,10/6/2017 8:13,EventCreate,1,None,Application,djkvdihost616.jakarta01.com,JAKARTA01\natalie  
Error,10/6/2017 8:12,EventCreate,1,None,Application,djkvdihost197.jakarta01.com,JAKARTA01\teddyks  
Error,10/6/2017 8:12,EventCreate,1,None,Application,djkvdihost497.jakarta01.com,JAKARTA01\MuhammadI  
Error,10/6/2017 8:12,EventCreate,1,None,Application,djkvdihost063.jakarta01.com,JAKARTA01\hendra firdaus  
Error,10/6/2017 8:12,EventCreate,1,None,Application,djkvdihost522.jakarta01.com,JAKARTA01\GuestISD46  
Error,10/6/2017 8:12,Application Error,1000,-100,Application,djkvdihost197.jakarta01.com,"Faulting application name: wfcrun32.exe, version: 14.4.1000.16, time stamp: 0x571e1bd4
Faulting module name: unknown, version: 0.0.0.0, time stamp: 0x00000000
Exception code: 0xc0000005
Fault offset: 0x772ce1a9
Faulting process id: 0x180c
Faulting application start time: 0x01d33e402e4adb84
Faulting application path: C:\Program Files\Citrix\ICA Client\wfcrun32.exe
Faulting module path: unknown
Report Id: 6f7d4934-aa33-11e7-896c-0050569f12c1"
Error,10/6/2017 8:12,EventCreate,1,None,Application,djkvdihost899.jakarta01.com,JAKARTA01\Adi Prasetio  
Error,10/6/2017 8:12,EventCreate,1,None,Application,djkvdihost457.jakarta01.com,JAKARTA01\Rahmad  
Error,10/6/2017 8:12,EventCreate,1,None,Application,djkvdihost113.jakarta01.com,JAKARTA01\ouki  
Error,10/6/2017 8:11,EventCreate,1,None,Application,djkvdihost629.jakarta01.com,JAKARTA01\fatima  
Error,10/6/2017 8:12,EventCreate,1,None,Application,djkvdihost310.jakarta01.com,JAKARTA01\Elisabeth  
Error,10/6/2017 8:11,EventCreate,1,None,Application,djkvdihost622.jakarta01.com,JAKARTA01\rasyid  
Error,10/6/2017 8:11,EventCreate,1,None,Application,djkvdihost285.jakarta01.com,JAKARTA01\Dini  
Error,10/6/2017 8:11,EventCreate,1,None,Application,djkvdihost486.jakarta01.com,JAKARTA01\teguh  
Error,10/6/2017 8:11,EventCreate,1,None,Application,djkvdihost384.jakarta01.com,JAKARTA01\juliet  
Error,10/6/2017 8:11,EventCreate,1,None,Application,djkvdihost815.jakarta01.com,JAKARTA01\samekto  
Error,10/6/2017 8:11,EventCreate,1,None,Application,djkvdihost242.jakarta01.com,JAKARTA01\rimico  
Error,10/6/2017 8:11,EventCreate,1,None,Application,djkvdihost831.jakarta01.com,JAKARTA01\Moh Ditto  
Error,10/6/2017 8:10,EventCreate,1,None,Application,djkvdihost426.jakarta01.com,JAKARTA01\eriku  
Error,10/6/2017 8:10,EventCreate,1,None,Application,djkvdihost185.jakarta01.com,JAKARTA01\tri wahyu  
Error,10/6/2017 8:10,EventCreate,1,None,Application,djkvdihost816.jakarta01.com,JAKARTA01\fediana  
Error,10/6/2017 8:10,EventCreate,1,None,Application,djkvdihost781.jakarta01.com,JAKARTA01\ayu rifa  
Error,10/6/2017 8:10,EventCreate,1,None,Application,djkvdihost360.jakarta01.com,JAKARTA01\budhasca  
Error,10/6/2017 8:10,EventCreate,1,None,Application,djkvdihost629.jakarta01.com,JAKARTA01\fatima  
Error,10/6/2017 8:09,EventCreate,1,None,Application,djkvdihost518.jakarta01.com,JAKARTA01\endrojono  
Error,10/6/2017 8:09,EventCreate,1,None,Application,djkvdihost229.jakarta01.com,JAKARTA01\Didik  
Error,10/6/2017 8:09,EventCreate,1,None,Application,djkvdihost365.jakarta01.com,JAKARTA01\sandi  
Error,10/6/2017 8:09,EventCreate,1,None,Application,djkvdihost008.jakarta01.com,JAKARTA01\enrikko  
Error,10/6/2017 8:08,EventCreate,1,None,Application,djkvdihost667.jakarta01.com,JAKARTA01\ni ketut  
Error,10/6/2017 8:08,EventCreate,1,None,Application,djkvdihost541.jakarta01.com,JAKARTA01\wahyudj  
Error,10/6/2017 8:08,EventCreate,1,None,Application,djkvdihost428.jakarta01.com,JAKARTA01\MSandy  
Error,10/6/2017 8:08,EventCreate,1,None,Application,djkvdihost645.jakarta01.com,JAKARTA01\subhan  
Error,10/6/2017 8:08,EventCreate,1,None,Application,djkvdihost132.jakarta01.com,JAKARTA01\Lutfi  
Error,10/6/2017 8:08,EventCreate,1,None,Application,djkvdihost391.jakarta01.com,JAKARTA01\shinta  
Error,10/6/2017 8:08,EventCreate,1,None,Application,djkvdihost042.jakarta01.com,JAKARTA01\Tino  
Error,10/6/2017 8:07,WSH,1,None,Application,djkvdihost428.jakarta01.com,"CN=Muhammad Sandy Nandiwardhana password will expire in 4 day(s) at 10/10/2017 8:03:05 AM

Press CTRL + ALT + DEL and select the ""Change a password"" option."
Error,10/6/2017 8:08,EventCreate,1,None,Application,djkvdihost710.jakarta01.com,JAKARTA01\wiranti  
Error,10/6/2017 8:08,EventCreate,1,None,Application,djkvdihost212.jakarta01.com,JAKARTA01\riaanggreyni  
Error,10/6/2017 8:08,EventCreate,1,None,Application,djkvdihost761.jakarta01.com,JAKARTA01\Fitri Nawawi  
Error,10/6/2017 8:07,EventCreate,1,None,Application,djkvdihost677.jakarta01.com,JAKARTA01\samsul  
Error,10/6/2017 8:07,EventCreate,1,None,Application,djkvdihost177.jakarta01.com,JAKARTA01\hemayani  
Error,10/6/2017 8:07,WSH,1,None,Application,djkvdihost428.jakarta01.com,"CN=Muhammad Sandy Nandiwardhana password will expire in 4 day(s) at 10/10/2017 8:03:05 AM

Press CTRL + ALT + DEL and select the ""Change a password"" option."
Error,10/6/2017 8:07,WSH,1,None,Application,djkvdihost212.jakarta01.com,"CN=Ria Anggreyni password will expire in 4 day(s) at 10/10/2017 8:32:19 AM

Press CTRL + ALT + DEL and select the ""Change a password"" option."
Error,10/6/2017 8:07,EventCreate,1,None,Application,djkvdihost031.jakarta01.com,JAKARTA01\amiratul  
Error,10/6/2017 8:07,EventCreate,1,None,Application,djkvdihost761.jakarta01.com,JAKARTA01\Fitri Nawawi  
Error,10/6/2017 8:07,EventCreate,1,None,Application,djkvdihost721.jakarta01.com,JAKARTA01\Leonardus  
Error,10/6/2017 8:07,WSH,1,None,Application,djkvdihost212.jakarta01.com,"CN=Ria Anggreyni password will expire in 4 day(s) at 10/10/2017 8:32:19 AM

Press CTRL + ALT + DEL and select the ""Change a password"" option."
Error,10/6/2017 8:07,EventCreate,1,None,Application,djkvdihost274.jakarta01.com,JAKARTA01\Ana  
Error,10/6/2017 8:07,EventCreate,1,None,Application,djkvdihost543.jakarta01.com,JAKARTA01\fauziah wildan  
Error,10/6/2017 8:06,EventCreate,1,None,Application,djkvdihost090.jakarta01.com,JAKARTA01\muhammadhakim  
Error,10/6/2017 8:06,WSH,1,None,Application,djkvdihost721.jakarta01.com,"CN=Leonardus Jayadi Nugroho password will expire in 2 day(s) at 10/8/2017 9:07:27 AM

Press CTRL + ALT + DEL and select the ""Change a password"" option."
Error,10/6/2017 8:06,EventCreate,1,None,Application,djkvdihost525.jakarta01.com,JAKARTA01\nurul  
Error,10/6/2017 8:06,EventCreate,1,None,Application,djkvdihost704.jakarta01.com,JAKARTA01\reza  
Error,10/6/2017 8:06,EventCreate,1,None,Application,djkvdihost501.jakarta01.com,JAKARTA01\quartiny  
Error,10/6/2017 8:06,EventCreate,1,None,Application,djkvdihost122.jakarta01.com,JAKARTA01\wulan  
Error,10/6/2017 8:06,WSH,1,None,Application,djkvdihost721.jakarta01.com,"CN=Leonardus Jayadi Nugroho password will expire in 2 day(s) at 10/8/2017 9:07:27 AM

Press CTRL + ALT + DEL and select the ""Change a password"" option."
Error,10/6/2017 8:05,EventCreate,1,None,Application,djkvdihost002.jakarta01.com,JAKARTA01\Hadi  
Error,10/6/2017 8:06,EventCreate,1,None,Application,djkvdihost340.jakarta01.com,JAKARTA01\dini hariyani  
Error,10/6/2017 8:05,EventCreate,1,None,Application,djkvdihost024.jakarta01.com,JAKARTA01\christian2  
Error,10/6/2017 8:05,EventCreate,1,None,Application,djkvdihost331.jakarta01.com,JAKARTA01\ferdi  
Error,10/6/2017 8:05,EventCreate,1,None,Application,djkvdihost525.jakarta01.com,JAKARTA01\nurul  
Error,10/6/2017 8:05,EventCreate,1,None,Application,djkvdihost556.jakarta01.com,JAKARTA01\lileliza  
Error,10/6/2017 8:05,EventCreate,1,None,Application,djkvdihost637.jakarta01.com,JAKARTA01\Lordy  
Error,10/6/2017 8:05,EventCreate,1,None,Application,djkvdihost055.jakarta01.com,JAKARTA01\Nurmalia  
Error,10/6/2017 8:04,EventCreate,1,None,Application,djkvdihost109.jakarta01.com,JAKARTA01\cita  
Error,10/6/2017 8:04,EventCreate,1,None,Application,djkvdihost248.jakarta01.com,JAKARTA01\bella  
Error,10/6/2017 8:04,EventCreate,1,None,Application,djkvdihost002.jakarta01.com,JAKARTA01\Hadi  
Error,10/6/2017 8:04,EventCreate,1,None,Application,djkvdihost632.jakarta01.com,JAKARTA01\syifa  
Error,10/6/2017 8:04,EventCreate,1,None,Application,djkvdihost464.jakarta01.com,JAKARTA01\evrizon  
Error,10/6/2017 8:04,EventCreate,1,None,Application,djkvdihost451.jakarta01.com,JAKARTA01\yansen  
Error,10/6/2017 8:04,EventCreate,1,None,Application,djkvdihost794.jakarta01.com,JAKARTA01\Arlyne  
Error,10/6/2017 8:04,EventCreate,1,None,Application,djkvdihost072.jakarta01.com,JAKARTA01\R Syafira  
Error,10/6/2017 8:04,EventCreate,1,None,Application,djkvdihost114.jakarta01.com,JAKARTA01\lisa  
Error,10/6/2017 8:04,EventCreate,1,None,Application,djkvdihost327.jakarta01.com,JAKARTA01\dina  
Error,10/6/2017 8:03,EventCreate,1,None,Application,djkvdihost619.jakarta01.com,JAKARTA01\eka prastica  
Error,10/6/2017 8:04,EventCreate,1,None,Application,djkvdihost372.jakarta01.com,JAKARTA01\nadya  
Error,10/6/2017 8:04,EventCreate,1,None,Application,djkvdihost574.jakarta01.com,JAKARTA01\Danny  
Error,10/6/2017 8:04,EventCreate,1,None,Application,djkvdihost092.jakarta01.com,JAKARTA01\bryan  
Error,10/6/2017 8:03,EventCreate,1,None,Application,djkvdihost064.jakarta01.com,JAKARTA01\fahmi  
Error,10/6/2017 8:03,EventCreate,1,None,Application,djkvdihost333.jakarta01.com,JAKARTA01\driarkoro  
Error,10/6/2017 8:03,EventCreate,1,None,Application,djkvdihost154.jakarta01.com,JAKARTA01\hanna  
Error,10/6/2017 8:03,EventCreate,1,None,Application,djkvdihost158.jakarta01.com,JAKARTA01\sonson  
Error,10/6/2017 8:03,EventCreate,1,None,Application,djkvdihost468.jakarta01.com,JAKARTA01\Latiefah  
Error,10/6/2017 8:03,EventCreate,1,None,Application,djkvdihost619.jakarta01.com,JAKARTA01\eka prastica  
Error,10/6/2017 8:02,EventCreate,1,None,Application,djkvdihost834.jakarta01.com,JAKARTA01\adriani  
Error,10/6/2017 8:03,EventCreate,1,None,Application,djkvdihost134.jakarta01.com,JAKARTA01\rahayu  
Error,10/6/2017 8:03,EventCreate,1,None,Application,djkvdihost051.jakarta01.com,JAKARTA01\Clara  
Error,10/6/2017 8:02,EventCreate,1,None,Application,djkvdihost686.jakarta01.com,JAKARTA01\clarissaMh  
Error,10/6/2017 8:02,EventCreate,1,None,Application,djkvdihost082.jakarta01.com,JAKARTA01\harish  
Error,10/6/2017 8:02,EventCreate,1,None,Application,djkvdihost145.jakarta01.com,JAKARTA01\anjani  
Error,10/6/2017 8:02,EventCreate,1,None,Application,djkvdihost683.jakarta01.com,JAKARTA01\andrewrs  
Error,10/6/2017 8:02,EventCreate,1,None,Application,djkvdihost834.jakarta01.com,JAKARTA01\adriani  
Error,10/6/2017 8:02,EventCreate,1,None,Application,djkvdihost800.jakarta01.com,JAKARTA01\yoga  
Error,10/6/2017 8:02,EventCreate,1,None,Application,djkvdihost838.jakarta01.com,JAKARTA01\arief  
Error,10/6/2017 8:02,EventCreate,1,None,Application,djkvdihost191.jakarta01.com,JAKARTA01\Adi Saputra  
Error,10/6/2017 8:02,EventCreate,1,None,Application,djkvdihost739.jakarta01.com,JAKARTA01\marie  
Error,10/6/2017 8:01,EventCreate,1,None,Application,djkvdihost694.jakarta01.com,JAKARTA01\meva  
Error,10/6/2017 8:02,EventCreate,1,None,Application,djkvdihost449.jakarta01.com,JAKARTA01\AULIASA  
Error,10/6/2017 8:02,EventCreate,1,None,Application,djkvdihost351.jakarta01.com,JAKARTA01\Tammyana  
Error,10/6/2017 8:02,EventCreate,1,None,Application,djkvdihost141.jakarta01.com,JAKARTA01\airin  
Error,10/6/2017 8:01,EventCreate,1,None,Application,djkvdihost431.jakarta01.com,JAKARTA01\rini  
Error,10/6/2017 8:01,Application Error,1000,-100,Application,djkvdihost431.jakarta01.com,"Faulting application name: wfcrun32.exe, version: 14.4.1000.16, time stamp: 0x571e1bd4
Faulting module name: MFC80.DLL, version: 8.0.50727.6195, time stamp: 0x4dcdeca2
Exception code: 0xc0000005
Fault offset: 0x000ee1a9
Faulting process id: 0x1bf4
Faulting application start time: 0x01d33e3eae151cd5
Faulting application path: C:\Program Files\Citrix\ICA Client\wfcrun32.exe
Faulting module path: C:\Windows\WinSxS\x86_microsoft.vc80.mfc_1fc8b3b9a1e18e3b_8.0.50727.6195_none_cbf5e994470a1a8f\MFC80.DLL
Report Id: ebeee2c5-aa31-11e7-9a91-0050569f208e"
Error,10/6/2017 8:02,EventCreate,1,None,Application,djkvdihost134.jakarta01.com,JAKARTA01\rahayu  
Error,10/6/2017 8:02,EventCreate,1,None,Application,djkvdihost496.jakarta01.com,JAKARTA01\sergi  
Error,10/6/2017 8:02,EventCreate,1,None,Application,djkvdihost862.jakarta01.com,JAKARTA01\kubo  
Error,10/6/2017 8:02,EventCreate,1,None,Application,djkvdihost655.jakarta01.com,JAKARTA01\danna  
Error,10/6/2017 8:02,EventCreate,1,None,Application,djkvdihost098.jakarta01.com,JAKARTA01\tyas  
Error,10/6/2017 8:02,EventCreate,1,None,Application,djkvdihost595.jakarta01.com,JAKARTA01\Bambang  
Error,10/6/2017 8:01,EventCreate,1,None,Application,djkvdihost249.jakarta01.com,JAKARTA01\Nazlaini  
Error,10/6/2017 8:01,WSH,1,None,Application,djkvdihost739.jakarta01.com,"CN=Marie Ana Aryanti password will expire in 2 day(s) at 10/8/2017 8:24:37 AM

Press CTRL + ALT + DEL and select the ""Change a password"" option."
Error,10/6/2017 8:01,EventCreate,1,None,Application,djkvdihost246.jakarta01.com,JAKARTA01\ailsa  
Error,10/6/2017 8:01,EventCreate,1,None,Application,djkvdihost499.jakarta01.com,JAKARTA01\muammar  
Error,10/6/2017 8:01,EventCreate,1,None,Application,djkvdihost283.jakarta01.com,JAKARTA01\Amelia  
Error,10/6/2017 8:01,EventCreate,1,None,Application,djkvdihost211.jakarta01.com,JAKARTA01\naldi  
Error,10/6/2017 8:01,EventCreate,1,None,Application,djkvdihost694.jakarta01.com,JAKARTA01\meva  
Error,10/6/2017 8:01,EventCreate,1,None,Application,djkvdihost792.jakarta01.com,JAKARTA01\Ade k  
Error,10/6/2017 8:01,EventCreate,1,None,Application,djkvdihost346.jakarta01.com,JAKARTA01\arismanm  
Error,10/6/2017 8:01,EventCreate,1,None,Application,djkvdihost625.jakarta01.com,JAKARTA01\lani  
Error,10/6/2017 8:01,WSH,1,None,Application,djkvdihost739.jakarta01.com,"CN=Marie Ana Aryanti password will expire in 2 day(s) at 10/8/2017 8:24:37 AM

Press CTRL + ALT + DEL and select the ""Change a password"" option."
Error,10/6/2017 8:01,EventCreate,1,None,Application,djkvdihost626.jakarta01.com,JAKARTA01\nadhilah  
Error,10/6/2017 8:01,EventCreate,1,None,Application,djkvdihost237.jakarta01.com,JAKARTA01\zulkarnaena  
Error,10/6/2017 8:01,EventCreate,1,None,Application,djkvdihost902.jakarta01.com,JAKARTA01\Adhisty  
Error,10/6/2017 8:01,EventCreate,1,None,Application,djkvdihost546.jakarta01.com,JAKARTA01\gian  
Error,10/6/2017 8:00,EventCreate,1,None,Application,djkvdihost054.jakarta01.com,JAKARTA01\ng ryan  
Error,10/6/2017 8:00,EventCreate,1,None,Application,djkvdihost307.jakarta01.com,JAKARTA01\anindita  
Error,10/6/2017 8:00,Application Error,1000,-100,Application,djkvdihost054.jakarta01.com,"Faulting application name: spoolsv.exe, version: 6.1.7601.17777, time stamp: 0x4f35efc3
Faulting module name: msvcrt.dll, version: 7.0.7601.17744, time stamp: 0x4eeaf722
Exception code: 0xc0000005
Fault offset: 0x0000aa14
Faulting process id: 0x634
Faulting application start time: 0x01d33dcc3233b4e4
Faulting application path: C:\Windows\System32\spoolsv.exe
Faulting module path: C:\Windows\system32\msvcrt.dll
Report Id: c8d5857e-aa31-11e7-b12d-0050569f1a76"
Error,10/6/2017 8:00,EventCreate,1,None,Application,djkvdihost126.jakarta01.com,JAKARTA01\yuswardie  
Error,10/6/2017 8:00,EventCreate,1,None,Application,djkvdihost046.jakarta01.com,JAKARTA01\widya utami  
Error,10/6/2017 8:00,EventCreate,1,None,Application,djkvdihost050.jakarta01.com,JAKARTA01\andika  
Error,10/6/2017 8:00,EventCreate,1,None,Application,djkvdihost069.jakarta01.com,JAKARTA01\Yonanda  
Error,10/6/2017 8:00,EventCreate,1,None,Application,djkvdihost081.jakarta01.com,JAKARTA01\adityo  
Error,10/6/2017 8:00,EventCreate,1,None,Application,djkvdihost085.jakarta01.com,JAKARTA01\indrak  
Error,10/6/2017 8:00,EventCreate,1,None,Application,djkvdihost129.jakarta01.com,JAKARTA01\henry st  
Error,10/6/2017 8:00,EventCreate,1,None,Application,djkvdihost554.jakarta01.com,JAKARTA01\yosie  
Error,10/6/2017 8:00,EventCreate,1,None,Application,djkvdihost756.jakarta01.com,JAKARTA01\yisca  
Error,10/6/2017 7:59,Application Error,1000,-100,Application,djkvdihost756.jakarta01.com,"Faulting application name: NLNOTES.EXE, version: 8.5.30.11258, time stamp: 0x4e72fa51
Faulting module name: nnotes.dll, version: 8.5.30.11258, time stamp: 0x4e72fa6a
Exception code: 0xc0000005
Fault offset: 0x001c7f0e
Faulting process id: 0x1ef8
Faulting application start time: 0x01d33e3e6d8ee047
Faulting application path: C:\Program Files\IBM\Lotus\Notes\NLNOTES.EXE
Faulting module path: C:\Program Files\IBM\Lotus\Notes\nnotes.dll
Report Id: ac5b7201-aa31-11e7-97c6-0050569f26a0"
Error,10/6/2017 8:00,EventCreate,1,None,Application,djkvdihost043.jakarta01.com,JAKARTA01\alifah  
Error,10/6/2017 8:00,EventCreate,1,None,Application,djkvdihost309.jakarta01.com,JAKARTA01\sandrase  
Error,10/6/2017 8:00,EventCreate,1,None,Application,djkvdihost309.jakarta01.com,JAKARTA01\sandrase  
Error,10/6/2017 8:00,EventCreate,1,None,Application,djkvdihost194.jakarta01.com,JAKARTA01\warda  
Error,10/6/2017 8:00,EventCreate,1,None,Application,djkvdihost901.jakarta01.com,JAKARTA01\Indra Bramantyono  
Error,10/6/2017 8:00,EventCreate,1,None,Application,djkvdihost515.jakarta01.com,JAKARTA01\Dini Rahmawati  
Error,10/6/2017 8:00,EventCreate,1,None,Application,djkvdihost269.jakarta01.com,JAKARTA01\rbagus  
Error,10/6/2017 8:00,EventCreate,1,None,Application,djkvdihost652.jakarta01.com,JAKARTA01\GUESTISD26  
Error,10/6/2017 8:00,EventCreate,1,None,Application,djkvdihost585.jakarta01.com,JAKARTA01\chris bowo  
Error,10/6/2017 8:00,EventCreate,1,None,Application,djkvdihost431.jakarta01.com,JAKARTA01\rini  
Error,10/6/2017 8:00,EventCreate,1,None,Application,djkvdihost490.jakarta01.com,JAKARTA01\Elvira  
Error,10/6/2017 8:00,EventCreate,1,None,Application,djkvdihost782.jakarta01.com,JAKARTA01\nurlina  
Error,10/6/2017 8:00,EventCreate,1,None,Application,djkvdihost491.jakarta01.com,JAKARTA01\Nirmala  
Error,10/6/2017 8:00,EventCreate,1,None,Application,djkvdihost198.jakarta01.com,JAKARTA01\devita  
Error,10/6/2017 7:59,EventCreate,1,None,Application,djkvdihost555.jakarta01.com,JAKARTA01\vanya  
Error,10/6/2017 7:59,EventCreate,1,None,Application,djkvdihost312.jakarta01.com,JAKARTA01\yenny  
Error,10/6/2017 7:59,EventCreate,1,None,Application,djkvdihost756.jakarta01.com,JAKARTA01\yisca  
Error,10/6/2017 7:59,EventCreate,1,None,Application,djkvdihost479.jakarta01.com,JAKARTA01\muhdi  
Error,10/6/2017 7:59,Application Error,1000,-100,Application,djkvdihost431.jakarta01.com,"Faulting application name: wfcrun32.exe, version: 14.4.1000.16, time stamp: 0x571e1bd4
Faulting module name: MFC80.DLL, version: 8.0.50727.6195, time stamp: 0x4dcdeca2
Exception code: 0xc0000005
Fault offset: 0x000ee1a9
Faulting process id: 0x1900
Faulting application start time: 0x01d33e3e66899039
Faulting application path: C:\Program Files\Citrix\ICA Client\wfcrun32.exe
Faulting module path: C:\Windows\WinSxS\x86_microsoft.vc80.mfc_1fc8b3b9a1e18e3b_8.0.50727.6195_none_cbf5e994470a1a8f\MFC80.DLL
Report Id: a71a67f1-aa31-11e7-9a91-0050569f208e"
Error,10/6/2017 7:59,EventCreate,1,None,Application,djkvdihost752.jakarta01.com,JAKARTA01\aulya  
Error,10/6/2017 7:59,EventCreate,1,None,Application,djkvdihost706.jakarta01.com,JAKARTA01\dady  
Error,10/6/2017 7:59,EventCreate,1,None,Application,djkvdihost629.jakarta01.com,JAKARTA01\raymond  
Error,10/6/2017 7:59,WSH,1,None,Application,djkvdihost706.jakarta01.com,"CN=Dady Hidayat password will expire in 2 day(s) at 10/8/2017 7:59:22 AM

Press CTRL + ALT + DEL and select the ""Change a password"" option."
Error,10/6/2017 7:59,WSH,1,None,Application,djkvdihost756.jakarta01.com,"CN=Yisca password will expire in 3 day(s) at 10/9/2017 6:54:28 AM

Press CTRL + ALT + DEL and select the ""Change a password"" option."
Error,10/6/2017 7:59,EventCreate,1,None,Application,djkvdihost672.jakarta01.com,JAKARTA01\alexsandro  
Error,10/6/2017 7:59,EventCreate,1,None,Application,djkvdihost200.jakarta01.com,JAKARTA01\angga  
Error,10/6/2017 7:59,EventCreate,1,None,Application,djkvdihost201.jakarta01.com,JAKARTA01\GUESTISD32  
Error,10/6/2017 7:59,EventCreate,1,None,Application,djkvdihost252.jakarta01.com,JAKARTA01\M Said  
Error,10/6/2017 7:59,EventCreate,1,None,Application,djkvdihost402.jakarta01.com,JAKARTA01\rizal  
Error,10/6/2017 7:59,EventCreate,1,None,Application,djkvdihost897.jakarta01.com,JAKARTA01\Adi Purnomo  
Error,10/6/2017 7:59,WSH,1,None,Application,djkvdihost706.jakarta01.com,"CN=Dady Hidayat password will expire in 2 day(s) at 10/8/2017 7:59:22 AM

Press CTRL + ALT + DEL and select the ""Change a password"" option."
Error,10/6/2017 7:59,EventCreate,1,None,Application,djkvdihost006.jakarta01.com,JAKARTA01\Bagus Gede  
Error,10/6/2017 7:59,WSH,1,None,Application,djkvdihost756.jakarta01.com,"CN=Yisca password will expire in 3 day(s) at 10/9/2017 6:54:28 AM

Press CTRL + ALT + DEL and select the ""Change a password"" option."
Error,10/6/2017 7:58,EventCreate,1,None,Application,djkvdihost684.jakarta01.com,JAKARTA01\melany  
Error,10/6/2017 7:58,EventCreate,1,None,Application,djkvdihost549.jakarta01.com,JAKARTA01\edwin  
Error,10/6/2017 7:58,EventCreate,1,None,Application,djkvdihost357.jakarta01.com,JAKARTA01\KristoforusAW  
Error,10/6/2017 7:58,EventCreate,1,None,Application,djkvdihost661.jakarta01.com,JAKARTA01\m iqbal  
Error,10/6/2017 7:58,EventCreate,1,None,Application,djkvdihost876.jakarta01.com,JAKARTA01\abdul  
Error,10/6/2017 7:58,EventCreate,1,None,Application,djkvdihost099.jakarta01.com,JAKARTA01\ceciliadt  
Error,10/6/2017 7:58,EventCreate,1,None,Application,djkvdihost169.jakarta01.com,JAKARTA01\lieke  
