Error,10/3/2017 12:39:51 PM,EventCreate,1,None,Application,djkvdihost267.jakarta01.com,JAKARTA01\guestitso02  
Error,10/3/2017 1:57:31 PM,EventCreate,1,None,Application,djkvdihost683.jakarta01.com,JAKARTA01\ni ketut  
Error,10/3/2017 1:57:26 PM,Application Error,1000,(100),Application,djkvdihost683.jakarta01.com,"Faulting application name: OUTLOOK.EXE, version: 15.0.4919.1001, time stamp: 0x58d20482
Faulting module name: OUTLOOK.EXE, version: 15.0.4919.1001, time stamp: 0x58d20482
Exception code: 0xc0000005
Fault offset: 0x008924c4
Faulting process id: 0x1c18
Faulting application start time: 0x01d33be77ba5fac7
Faulting application path: C:\Program Files\Microsoft Office\Office15\OUTLOOK.EXE
Faulting module path: C:\Program Files\Microsoft Office\Office15\OUTLOOK.EXE
Report Id: 1ca974eb-a808-11e7-a425-0050569f1fcf"
Error,10/3/2017 1:56:20 PM,EventCreate,1,None,Application,djkvdihost293.jakarta01.com,JAKARTA01\Yunita  
Error,10/3/2017 1:56:16 PM,Application Error,1000,(100),Application,djkvdihost293.jakarta01.com,"Faulting application name: lync.exe, version: 15.0.4919.1000, time stamp: 0x58c7ab1e
Faulting module name: riched20.dll, version: 15.0.4811.1000, time stamp: 0x56d535d0
Exception code: 0xc0000005
Fault offset: 0x0000b4ca
Faulting process id: 0x117c
Faulting application start time: 0x01d33bdf3f71e2fb
Faulting application path: C:\Program Files\Microsoft Office\Office15\lync.exe
Faulting module path: C:\Program Files\Common Files\Microsoft Shared\Office15\riched20.dll
Report Id: f3617ca0-a807-11e7-a336-0050569f58c8"
Error,10/3/2017 1:48:23 PM,EventCreate,1,None,Application,djkvdihost323.jakarta01.com,JAKARTA01\cinta  
Error,10/3/2017 1:47:51 PM,EventCreate,1,None,Application,djkvdihost364.jakarta01.com,JAKARTA01\Andradita  
Error,10/3/2017 1:48:19 PM,Application Error,1000,(100),Application,djkvdihost323.jakarta01.com,"Faulting application name: OUTLOOK.EXE, version: 15.0.4919.1001, time stamp: 0x58d20482
Faulting module name: OUTLOOK.EXE, version: 15.0.4919.1001, time stamp: 0x58d20482
Exception code: 0xc0000005
Fault offset: 0x008924c4
Faulting process id: 0x1ef8
Faulting application start time: 0x01d33bdfd529da43
Faulting application path: C:\Program Files\Microsoft Office\Office15\OUTLOOK.EXE
Faulting module path: C:\Program Files\Microsoft Office\Office15\OUTLOOK.EXE
Report Id: d6f40dcc-a806-11e7-aa19-0050569f6910"
Error,10/3/2017 1:47:49 PM,Application Error,1000,(100),Application,djkvdihost364.jakarta01.com,"Faulting application name: OUTLOOK.EXE, version: 15.0.4919.1001, time stamp: 0x58d20482
Faulting module name: OUTLOOK.EXE, version: 15.0.4919.1001, time stamp: 0x58d20482
Exception code: 0xc0000005
Fault offset: 0x008924c4
Faulting process id: 0x192c
Faulting application start time: 0x01d33bf194f12f0a
Faulting application path: C:\Program Files\Microsoft Office\Office15\OUTLOOK.EXE
Faulting module path: C:\Program Files\Microsoft Office\Office15\OUTLOOK.EXE
Report Id: c4a98dc4-a806-11e7-84a4-0050569f08cc"
Error,10/3/2017 1:42:53 PM,EventCreate,1,None,Application,djkvdihost356.jakarta01.com,JAKARTA01\eddy  
Error,10/3/2017 1:42:53 PM,Application Error,1000,(100),Application,djkvdihost356.jakarta01.com,"Faulting application name: OUTLOOK.EXE, version: 15.0.4919.1001, time stamp: 0x58d20482
Faulting module name: OUTLOOK.EXE, version: 15.0.4919.1001, time stamp: 0x58d20482
Exception code: 0xc0000005
Fault offset: 0x008924c4
Faulting process id: 0x162c
Faulting application start time: 0x01d33bf874636465
Faulting application path: C:\Program Files\Microsoft Office\Office15\OUTLOOK.EXE
Faulting module path: C:\Program Files\Microsoft Office\Office15\OUTLOOK.EXE
Report Id: 1469d4c7-a806-11e7-9f10-0050569f6b07"
Error,10/3/2017 1:26:28 PM,EventCreate,1,None,Application,djkvdihost007.jakarta01.com,JAKARTA01\dadi  
Error,10/3/2017 1:26:25 PM,Application Error,1000,(100),Application,djkvdihost007.jakarta01.com,"Faulting application name: OUTLOOK.EXE, version: 15.0.4919.1001, time stamp: 0x58d20482
Faulting module name: OUTLOOK.EXE, version: 15.0.4919.1001, time stamp: 0x58d20482
Exception code: 0xc0000005
Fault offset: 0x008924c4
Faulting process id: 0x141c
Faulting application start time: 0x01d33be30142d71a
Faulting application path: C:\Program Files\Microsoft Office\Office15\OUTLOOK.EXE
Faulting module path: C:\Program Files\Microsoft Office\Office15\OUTLOOK.EXE
Report Id: c7cc2892-a803-11e7-a1b6-0050569f749a"
Error,10/3/2017 1:18:29 PM,EventCreate,1,None,Application,djkvdihost220.jakarta01.com,JAKARTA01\badrudin  
Error,10/3/2017 1:07:49 PM,EventCreate,1,None,Application,djkvdihost711.jakarta01.com,JAKARTA01\kristiana  
Error,10/3/2017 1:05:19 PM,EventCreate,1,None,Application,djkvdihost401.jakarta01.com,JAKARTA01\vanya  
Error,10/3/2017 1:05:16 PM,Application Error,1000,(100),Application,djkvdihost401.jakarta01.com,"Faulting application name: EXCEL.EXE, version: 15.0.4919.1000, time stamp: 0x58c7ab0f
Faulting module name: unknown, version: 0.0.0.0, time stamp: 0x00000000
Exception code: 0xc0000005
Fault offset: 0x006c002d
Faulting process id: 0x1a74
Faulting application start time: 0x01d33be68ec2721a
Faulting application path: C:\Program Files\Microsoft Office\Office15\EXCEL.EXE
Faulting module path: unknown
Report Id: d2fa7668-a800-11e7-8f4a-0050569f74f0"
Error,10/3/2017 1:03:54 PM,EventCreate,1,None,Application,djkvdihost203.jakarta01.com,JAKARTA01\dodi  
Error,10/3/2017 1:03:50 PM,Application Error,1000,(100),Application,djkvdihost203.jakarta01.com,"Faulting application name: PhotoScreensaver.scr, version: 6.1.7601.17514, time stamp: 0x4ce7a590
Faulting module name: SHELL32.dll, version: 6.1.7601.23537, time stamp: 0x57c450f4
Exception code: 0xc0000005
Fault offset: 0x001f269f
Faulting process id: 0x1f34
Faulting application start time: 0x01d33c0396552c78
Faulting application path: C:\Windows\system32\PhotoScreensaver.scr
Faulting module path: C:\Windows\system32\SHELL32.dll
Report Id: a012d738-a800-11e7-a688-0050569f2966"
Error,10/3/2017 1:03:29 PM,EventCreate,1,None,Application,djkvdihost461.jakarta01.com,JAKARTA01\gerald  
Error,10/3/2017 1:02:42 PM,EventCreate,1,None,Application,djkvdihost261.jakarta01.com,JAKARTA01\arinie  
Error,10/3/2017 1:02:32 PM,EventCreate,1,None,Application,djkvdihost458.jakarta01.com,JAKARTA01\agnes  
Error,10/3/2017 1:02:41 PM,Application Error,1000,(100),Application,djkvdihost261.jakarta01.com,"Faulting application name: OUTLOOK.EXE, version: 15.0.4919.1001, time stamp: 0x58d20482
Faulting module name: OUTLOOK.EXE, version: 15.0.4919.1001, time stamp: 0x58d20482
Exception code: 0xc0000005
Fault offset: 0x008924c4
Faulting process id: 0x2164
Faulting application start time: 0x01d33bf2f3d035b7
Faulting application path: C:\Program Files\Microsoft Office\Office15\OUTLOOK.EXE
Faulting module path: C:\Program Files\Microsoft Office\Office15\OUTLOOK.EXE
Report Id: 76aab141-a800-11e7-afb5-0050569f3869"
Error,10/3/2017 1:02:29 PM,Application Error,1000,(100),Application,djkvdihost458.jakarta01.com,"Faulting application name: OUTLOOK.EXE, version: 15.0.4919.1001, time stamp: 0x58d20482
Faulting module name: OUTLOOK.EXE, version: 15.0.4919.1001, time stamp: 0x58d20482
Exception code: 0xc0000005
Fault offset: 0x008924c4
Faulting process id: 0x1448
Faulting application start time: 0x01d33beb9d960ace
Faulting application path: C:\Program Files\Microsoft Office\Office15\OUTLOOK.EXE
Faulting module path: C:\Program Files\Microsoft Office\Office15\OUTLOOK.EXE
Report Id: 6f868b93-a800-11e7-818f-0050569f14e5"
Error,10/3/2017 12:55:34 PM,EventCreate,1,None,Application,djkvdihost510.jakarta01.com,JAKARTA01\andi almira  
Error,10/3/2017 12:40:56 PM,EventCreate,1,None,Application,djkvdihost154.jakarta01.com,JAKARTA01\sugeng  
Error,10/3/2017 12:35:24 PM,EventCreate,1,None,Application,djkvdihost212.jakarta01.com,JAKARTA01\kreshna  
Error,10/3/2017 12:13:13 PM,EventCreate,1,None,Application,djkvdihost060.jakarta01.com,JAKARTA01\SELIH  
Error,10/3/2017 11:52:55 AM,EventCreate,1,None,Application,djkvdihost060.jakarta01.com,JAKARTA01\sysdovs01  
Error,10/3/2017 12:09:39 PM,EventCreate,1,None,Application,djkvdihost511.jakarta01.com,JAKARTA01\dolly  
Error,10/3/2017 12:09:10 PM,EventCreate,1,None,Application,djkvdihost081.jakarta01.com,JAKARTA01\Liasyah  
Error,10/3/2017 12:09:35 PM,Application Error,1000,(100),Application,djkvdihost511.jakarta01.com,"Faulting application name: OUTLOOK.EXE, version: 15.0.4919.1001, time stamp: 0x58d20482
Faulting module name: OUTLOOK.EXE, version: 15.0.4919.1001, time stamp: 0x58d20482
Exception code: 0xc0000005
Fault offset: 0x008924c7
Faulting process id: 0x1e74
Faulting application start time: 0x01d33be9d51949e7
Faulting application path: C:\Program Files\Microsoft Office\Office15\OUTLOOK.EXE
Faulting module path: C:\Program Files\Microsoft Office\Office15\OUTLOOK.EXE
Report Id: 0c1ae43b-a7f9-11e7-a585-0050569f66ca"
Error,10/3/2017 12:07:00 PM,EventCreate,1,None,Application,djkvdihost081.jakarta01.com,JAKARTA01\Liasyah  
Error,10/3/2017 12:05:39 PM,EventCreate,1,None,Application,djkvdihost753.jakarta01.com,JAKARTA01\adi prasetio  
Error,10/3/2017 11:57:33 AM,EventCreate,1,None,Application,djkvdihost463.jakarta01.com,JAKARTA01\rhaditya  
Error,10/3/2017 11:57:31 AM,Application Error,1000,(100),Application,djkvdihost463.jakarta01.com,"Faulting application name: OUTLOOK.EXE, version: 15.0.4919.1001, time stamp: 0x58d20482
Faulting module name: OUTLOOK.EXE, version: 15.0.4919.1001, time stamp: 0x58d20482
Exception code: 0xc0000005
Fault offset: 0x008924c4
Faulting process id: 0x1c70
Faulting application start time: 0x01d33be32fdfd444
Faulting application path: C:\Program Files\Microsoft Office\Office15\OUTLOOK.EXE
Faulting module path: C:\Program Files\Microsoft Office\Office15\OUTLOOK.EXE
Report Id: 5c62f953-a7f7-11e7-b117-0050569f143b"
Error,10/3/2017 11:45:48 AM,EventCreate,1,None,Application,djkvdihost538.jakarta01.com,JAKARTA01\henny  
Error,10/3/2017 11:44:14 AM,EventCreate,1,None,Application,djkvdihost689.jakarta01.com,JAKARTA01\heriyadi  
Error,10/3/2017 11:35:38 AM,EventCreate,1,None,Application,djkvdihost092.jakarta01.com,JAKARTA01\yuliana  
Error,10/3/2017 11:34:51 AM,EventCreate,1,None,Application,djkvdihost316.jakarta01.com,JAKARTA01\Setiawan  
Error,10/3/2017 11:32:49 AM,EventCreate,1,None,Application,djkvdihost219.jakarta01.com,JAKARTA01\eriksetiawan  
Error,10/3/2017 11:31:34 AM,EventCreate,1,None,Application,djkvdihost414.jakarta01.com,JAKARTA01\nirliani  
Error,10/3/2017 11:31:31 AM,Application Error,1000,(100),Application,djkvdihost414.jakarta01.com,"Faulting application name: EXCEL.EXE, version: 15.0.4919.1000, time stamp: 0x58c7ab0f
Faulting module name: EXCEL.EXE, version: 15.0.4919.1000, time stamp: 0x58c7ab0f
Exception code: 0xc0000005
Fault offset: 0x0064ed66
Faulting process id: 0x1b04
Faulting application start time: 0x01d33be6bcb39ef3
Faulting application path: C:\Program Files\Microsoft Office\Office15\EXCEL.EXE
Faulting module path: C:\Program Files\Microsoft Office\Office15\EXCEL.EXE
Report Id: ba5ea841-a7f3-11e7-88c6-0050569f0db3"
Error,10/3/2017 11:31:28 AM,EventCreate,1,None,Application,djkvdihost219.jakarta01.com,JAKARTA01\eriksetiawan  
Error,10/3/2017 11:30:57 AM,EventCreate,1,None,Application,djkvdihost397.jakarta01.com,JAKARTA01\lucky  
Error,10/3/2017 11:27:44 AM,EventCreate,1,None,Application,djkvdihost764.jakarta01.com,JAKARTA01\sitti  
Error,10/3/2017 11:27:39 AM,Application Error,1000,(100),Application,djkvdihost764.jakarta01.com,"Faulting application name: OUTLOOK.EXE, version: 15.0.4919.1001, time stamp: 0x58d20482
Faulting module name: OUTLOOK.EXE, version: 15.0.4919.1001, time stamp: 0x58d20482
Exception code: 0xc0000005
Fault offset: 0x008924c7
Faulting process id: 0xb30
Faulting application start time: 0x01d33be5f2ed9cc2
Faulting application path: C:\Program Files\Microsoft Office\Office15\OUTLOOK.EXE
Faulting module path: C:\Program Files\Microsoft Office\Office15\OUTLOOK.EXE
Report Id: 302af3e3-a7f3-11e7-a3d4-0050569f516c"
Error,10/3/2017 11:25:59 AM,EventCreate,1,None,Application,djkvdihost159.jakarta01.com,JAKARTA01\rinaldonp  
Error,10/3/2017 11:25:56 AM,Application Error,1000,(100),Application,djkvdihost159.jakarta01.com,"Faulting application name: OUTLOOK.EXE, version: 15.0.4919.1001, time stamp: 0x58d20482
Faulting module name: OUTLOOK.EXE, version: 15.0.4919.1001, time stamp: 0x58d20482
Exception code: 0xc0000005
Fault offset: 0x008924c4
Faulting process id: 0x1d74
Faulting application start time: 0x01d33bdfc610cb99
Faulting application path: C:\Program Files\Microsoft Office\Office15\OUTLOOK.EXE
Faulting module path: C:\Program Files\Microsoft Office\Office15\OUTLOOK.EXE
Report Id: f280b498-a7f2-11e7-b69c-0050569f7203"
Error,10/3/2017 11:14:34 AM,EventCreate,1,None,Application,djkvdihost702.jakarta01.com,JAKARTA01\kreshna  
Error,10/3/2017 11:14:38 AM,EventCreate,1,None,Application,djkvdihost412.jakarta01.com,JAKARTA01\yenaretsa  
Error,10/3/2017 11:14:26 AM,EventCreate,1,None,Application,djkvdihost412.jakarta01.com,JAKARTA01\yenaretsa  
Error,10/3/2017 11:14:34 AM,Application Error,1000,(100),Application,djkvdihost702.jakarta01.com,"Faulting application name: OUTLOOK.EXE, version: 15.0.4919.1001, time stamp: 0x58d20482
Faulting module name: OUTLOOK.EXE, version: 15.0.4919.1001, time stamp: 0x58d20482
Exception code: 0xc0000005
Fault offset: 0x008924c4
Faulting process id: 0x14ec
Faulting application start time: 0x01d33bdfcce8e25b
Faulting application path: C:\Program Files\Microsoft Office\Office15\OUTLOOK.EXE
Faulting module path: C:\Program Files\Microsoft Office\Office15\OUTLOOK.EXE
Report Id: 5c176c8f-a7f1-11e7-9ad5-0050569f75db"
Error,10/3/2017 11:13:57 AM,EventCreate,1,None,Application,djkvdihost412.jakarta01.com,JAKARTA01\yenaretsa  
Error,10/3/2017 11:12:47 AM,EventCreate,1,None,Application,djkvdihost446.jakarta01.com,JAKARTA01\valery  
Error,10/3/2017 11:11:10 AM,EventCreate,1,None,Application,djkvdihost057.jakarta01.com,JAKARTA01\Nikmatullah  
Error,10/3/2017 11:11:06 AM,Application Error,1000,(100),Application,djkvdihost057.jakarta01.com,"Faulting application name: OUTLOOK.EXE, version: 15.0.4919.1001, time stamp: 0x58d20482
Faulting module name: OUTLOOK.EXE, version: 15.0.4919.1001, time stamp: 0x58d20482
Exception code: 0xc0000005
Fault offset: 0x008924c4
Faulting process id: 0x13b4
Faulting application start time: 0x01d33bef73560f3c
Faulting application path: C:\Program Files\Microsoft Office\Office15\OUTLOOK.EXE
Faulting module path: C:\Program Files\Microsoft Office\Office15\OUTLOOK.EXE
Report Id: e090fad9-a7f0-11e7-9a74-0050569f0a7d"
Error,10/3/2017 11:08:53 AM,EventCreate,1,None,Application,djkvdihost050.jakarta01.com,JAKARTA01\alex  
Error,10/3/2017 11:09:08 AM,EventCreate,1,None,Application,djkvdihost013.jakarta01.com,JAKARTA01\MAUREEN  
Error,10/3/2017 11:08:50 AM,Application Error,1000,(100),Application,djkvdihost050.jakarta01.com,"Faulting application name: OUTLOOK.EXE, version: 15.0.4919.1001, time stamp: 0x58d20482
Faulting module name: OUTLOOK.EXE, version: 15.0.4919.1001, time stamp: 0x58d20482
Exception code: 0xc0000005
Fault offset: 0x008924c4
Faulting process id: 0xbd4
Faulting application start time: 0x01d33be24c1c7e09
Faulting application path: C:\Program Files\Microsoft Office\Office15\OUTLOOK.EXE
Faulting module path: C:\Program Files\Microsoft Office\Office15\OUTLOOK.EXE
Report Id: 8f101c29-a7f0-11e7-b772-0050569f5d85"
Error,10/3/2017 11:08:22 AM,EventCreate,1,None,Application,djkvdihost730.jakarta01.com,JAKARTA01\henry  
Error,10/3/2017 11:06:23 AM,EventCreate,1,None,Application,djkvdihost201.jakarta01.com,JAKARTA01\Fardhady  
Error,10/3/2017 11:06:20 AM,Application Error,1000,(100),Application,djkvdihost201.jakarta01.com,"Faulting application name: OUTLOOK.EXE, version: 15.0.4919.1001, time stamp: 0x58d20482
Faulting module name: OUTLOOK.EXE, version: 15.0.4919.1001, time stamp: 0x58d20482
Exception code: 0xc0000005
Fault offset: 0x008924c4
Faulting process id: 0xd9c
Faulting application start time: 0x01d33be2de8a399b
Faulting application path: C:\Program Files\Microsoft Office\Office15\OUTLOOK.EXE
Faulting module path: C:\Program Files\Microsoft Office\Office15\OUTLOOK.EXE
Report Id: 359b62ed-a7f0-11e7-a25c-0050569f5a17"
Error,10/3/2017 11:05:09 AM,EventCreate,1,None,Application,djkvdihost743.jakarta01.com,JAKARTA01\Arum  
Error,10/3/2017 11:05:06 AM,Application Error,1000,(100),Application,djkvdihost743.jakarta01.com,"Faulting application name: POWERPNT.EXE, version: 15.0.4919.1000, time stamp: 0x58c7acf7
Faulting module name: unknown, version: 0.0.0.0, time stamp: 0x00000000
Exception code: 0xc0000005
Fault offset: 0x137796c8
Faulting process id: 0x211c
Faulting application start time: 0x01d33bfcc176ad68
Faulting application path: C:\Program Files\Microsoft Office\Office15\POWERPNT.EXE
Faulting module path: unknown
Report Id: 09831658-a7f0-11e7-b4ca-0050569f62ff"
Error,10/3/2017 11:01:28 AM,EventCreate,1,None,Application,djkvdihost315.jakarta01.com,JAKARTA01\ayuningtias  
Error,10/3/2017 11:01:28 AM,Application Error,1000,(100),Application,djkvdihost315.jakarta01.com,"Faulting application name: OUTLOOK.EXE, version: 15.0.4919.1001, time stamp: 0x58d20482
Faulting module name: OUTLOOK.EXE, version: 15.0.4919.1001, time stamp: 0x58d20482
Exception code: 0xc0000005
Fault offset: 0x008924c4
Faulting process id: 0x1e50
Faulting application start time: 0x01d33bf5a39f698d
Faulting application path: C:\Program Files\Microsoft Office\Office15\OUTLOOK.EXE
Faulting module path: C:\Program Files\Microsoft Office\Office15\OUTLOOK.EXE
Report Id: 8794a883-a7ef-11e7-b7bb-0050569f2920"
Error,10/3/2017 11:00:35 AM,EventCreate,1,None,Application,djkvdihost454.jakarta01.com,JAKARTA01\karmenia  
Error,10/3/2017 10:59:40 AM,EventCreate,1,None,Application,djkvdihost471.jakarta01.com,JAKARTA01\rbagus  
Error,10/3/2017 10:59:52 AM,EventCreate,1,None,Application,djkvdihost454.jakarta01.com,JAKARTA01\karmenia  
Error,10/3/2017 10:59:04 AM,EventCreate,1,None,Application,djkvdihost471.jakarta01.com,JAKARTA01\rbagus  
Error,10/3/2017 9:11:24 AM,EventCreate,1,None,Application,djkvdihost182.jakarta01.com,JAKARTA01\guestisd65  
Error,10/3/2017 9:10:45 AM,EventCreate,1,None,Application,djkvdihost182.jakarta01.com,JAKARTA01\guestisd65  
Error,10/3/2017 9:05:25 AM,EventCreate,1,None,Application,djkvdihost182.jakarta01.com,JAKARTA01\elestari  
Error,10/3/2017 9:05:11 AM,EventCreate,1,None,Application,djkvdihost182.jakarta01.com,JAKARTA01\elestari  
Error,10/3/2017 10:56:52 AM,EventCreate,1,None,Application,djkvdihost666.jakarta01.com,JAKARTA01\ratmitasari  
Error,10/3/2017 10:54:52 AM,EventCreate,1,None,Application,djkvdihost448.jakarta01.com,JAKARTA01\mpinto  
Error,10/3/2017 10:54:43 AM,Application Error,1000,(100),Application,djkvdihost448.jakarta01.com,"Faulting application name: OUTLOOK.EXE, version: 15.0.4919.1001, time stamp: 0x58d20482
Faulting module name: OUTLOOK.EXE, version: 15.0.4919.1001, time stamp: 0x58d20482
Exception code: 0xc0000005
Fault offset: 0x008924c4
Faulting process id: 0x1cc8
Faulting application start time: 0x01d33bea619bdb9c
Faulting application path: C:\Program Files\Microsoft Office\Office15\OUTLOOK.EXE
Faulting module path: C:\Program Files\Microsoft Office\Office15\OUTLOOK.EXE
Report Id: 9655cfab-a7ee-11e7-b24b-0050569f0cfc"
Error,10/3/2017 10:48:25 AM,EventCreate,1,None,Application,djkvdihost751.jakarta01.com,JAKARTA01\mahendrars  
Error,10/3/2017 10:47:55 AM,EventCreate,1,None,Application,djkvdihost454.jakarta01.com,JAKARTA01\guestisd39  
Error,10/3/2017 10:46:54 AM,EventCreate,1,None,Application,djkvdihost253.jakarta01.com,JAKARTA01\marlina2  
Error,10/3/2017 10:46:52 AM,Application Error,1000,(100),Application,djkvdihost253.jakarta01.com,"Faulting application name: OUTLOOK.EXE, version: 15.0.4919.1001, time stamp: 0x58d20482
Faulting module name: OUTLOOK.EXE, version: 15.0.4919.1001, time stamp: 0x58d20482
Exception code: 0xc0000005
Fault offset: 0x008924c4
Faulting process id: 0x1eb0
Faulting application start time: 0x01d33be743b66538
Faulting application path: C:\Program Files\Microsoft Office\Office15\OUTLOOK.EXE
Faulting module path: C:\Program Files\Microsoft Office\Office15\OUTLOOK.EXE
Report Id: 7d5d81a2-a7ed-11e7-936c-0050569f42cd"
Error,10/3/2017 10:45:01 AM,EventCreate,1,None,Application,djkvdihost528.jakarta01.com,JAKARTA01\kartika  
Error,10/3/2017 10:44:21 AM,EventCreate,1,None,Application,djkvdihost278.jakarta01.com,JAKARTA01\purba  
Error,10/3/2017 10:43:31 AM,EventCreate,1,None,Application,djkvdihost060.jakarta01.com,JAKARTA01\henny  
Error,10/3/2017 10:43:25 AM,EventCreate,1,None,Application,djkvdihost060.jakarta01.com,JAKARTA01\henny  
Error,10/3/2017 10:42:55 AM,EventCreate,1,None,Application,djkvdihost315.jakarta01.com,JAKARTA01\ayuningtias  
Error,10/3/2017 10:42:55 AM,Application Error,1000,(100),Application,djkvdihost315.jakarta01.com,"Faulting application name: EXCEL.EXE, version: 15.0.4919.1000, time stamp: 0x58c7ab0f
Faulting module name: EXCEL.EXE, version: 15.0.4919.1000, time stamp: 0x58c7ab0f
Exception code: 0xc0000005
Fault offset: 0x001a279b
Faulting process id: 0x1888
Faulting application start time: 0x01d33bf9374110f1
Faulting application path: C:\Program Files\Microsoft Office\Office15\EXCEL.EXE
Faulting module path: C:\Program Files\Microsoft Office\Office15\EXCEL.EXE
Report Id: f028f104-a7ec-11e7-b7bb-0050569f2920"
Error,10/3/2017 10:41:33 AM,EventCreate,1,None,Application,djkvdihost500.jakarta01.com,JAKARTA01\saptorini  
Error,10/3/2017 10:40:13 AM,EventCreate,1,None,Application,djkvdihost209.jakarta01.com,JAKARTA01\iqbal maulanasani  
Error,10/3/2017 10:40:56 AM,EventCreate,1,None,Application,djkvdihost500.jakarta01.com,JAKARTA01\saptorini  
Error,10/3/2017 10:39:58 AM,EventCreate,1,None,Application,djkvdihost209.jakarta01.com,JAKARTA01\iqbal maulanasani  
Error,10/3/2017 10:37:45 AM,EventCreate,1,None,Application,djkvdihost657.jakarta01.com,JAKARTA01\GuestISD57  
Error,10/3/2017 10:37:42 AM,EventCreate,1,None,Application,djkvdihost177.jakarta01.com,JAKARTA01\guestisd35  
Error,10/3/2017 10:36:58 AM,EventCreate,1,None,Application,djkvdihost691.jakarta01.com,JAKARTA01\ALTHEA  
Error,10/3/2017 10:36:04 AM,EventCreate,1,None,Application,djkvdihost522.jakarta01.com,JAKARTA01\primaningtyas  
Error,10/3/2017 10:35:32 AM,EventCreate,1,None,Application,djkvdihost113.jakarta01.com,JAKARTA01\sanggra  
Error,10/3/2017 10:36:01 AM,Application Error,1000,(100),Application,djkvdihost522.jakarta01.com,"Faulting application name: EXCEL.EXE, version: 15.0.4919.1000, time stamp: 0x58c7ab0f
Faulting module name: MSVCR100.dll, version: 10.0.40219.325, time stamp: 0x4df2be1e
Exception code: 0xc0000005
Fault offset: 0x00001f5a
Faulting process id: 0x1a24
Faulting application start time: 0x01d33beef5a310d5
Faulting application path: C:\Program Files\Microsoft Office\Office15\EXCEL.EXE
Faulting module path: C:\Windows\system32\MSVCR100.dll
Report Id: f9b12b57-a7eb-11e7-9a76-0050569f6c71"
Error,10/3/2017 10:35:29 AM,Application Error,1000,(100),Application,djkvdihost113.jakarta01.com,"Faulting application name: OUTLOOK.EXE, version: 15.0.4919.1001, time stamp: 0x58d20482
Faulting module name: OUTLOOK.EXE, version: 15.0.4919.1001, time stamp: 0x58d20482
Exception code: 0xc0000005
Fault offset: 0x008924c4
Faulting process id: 0x1928
Faulting application start time: 0x01d33be68fc142e4
Faulting application path: C:\Program Files\Microsoft Office\Office15\OUTLOOK.EXE
Faulting module path: C:\Program Files\Microsoft Office\Office15\OUTLOOK.EXE
Report Id: e6834fec-a7eb-11e7-a7a8-0050569f6764"
Error,10/3/2017 10:33:56 AM,EventCreate,1,None,Application,djkvdihost356.jakarta01.com,JAKARTA01\eddy  
Error,10/3/2017 10:33:56 AM,Application Error,1000,(100),Application,djkvdihost356.jakarta01.com,"Faulting application name: OUTLOOK.EXE, version: 15.0.4919.1001, time stamp: 0x58d20482
Faulting module name: OUTLOOK.EXE, version: 15.0.4919.1001, time stamp: 0x58d20482
Exception code: 0xc0000005
Fault offset: 0x008924c4
Faulting process id: 0x1318
Faulting application start time: 0x01d33bf5fafaf4f5
Faulting application path: C:\Program Files\Microsoft Office\Office15\OUTLOOK.EXE
Faulting module path: C:\Program Files\Microsoft Office\Office15\OUTLOOK.EXE
Report Id: af13d5e5-a7eb-11e7-9f10-0050569f6b07"
Error,10/3/2017 10:33:28 AM,EventCreate,1,None,Application,djkvdihost116.jakarta01.com,JAKARTA01\guestisd55  
Error,10/3/2017 10:31:30 AM,EventCreate,1,None,Application,djkvdihost298.jakarta01.com,JAKARTA01\feni  
Error,10/3/2017 10:30:07 AM,EventCreate,1,None,Application,djkvdihost298.jakarta01.com,JAKARTA01\feni  
Error,10/3/2017 10:29:29 AM,EventCreate,1,None,Application,djkvdihost535.jakarta01.com,JAKARTA01\isnaini  
Error,10/3/2017 10:27:57 AM,EventCreate,1,None,Application,djkvdihost495.jakarta01.com,JAKARTA01\zahra  
Error,10/3/2017 10:27:53 AM,Application Error,1000,(100),Application,djkvdihost495.jakarta01.com,"Faulting application name: OUTLOOK.EXE, version: 15.0.4919.1001, time stamp: 0x58d20482
Faulting module name: OUTLOOK.EXE, version: 15.0.4919.1001, time stamp: 0x58d20482
Exception code: 0xc0000005
Fault offset: 0x008924c4
Faulting process id: 0x1568
Faulting application start time: 0x01d33be6b45f4c8e
Faulting application path: C:\Program Files\Microsoft Office\Office15\OUTLOOK.EXE
Faulting module path: C:\Program Files\Microsoft Office\Office15\OUTLOOK.EXE
Report Id: d6fd03ed-a7ea-11e7-bc72-0050569f43e7"
Error,10/3/2017 10:27:21 AM,EventCreate,1,None,Application,djkvdihost702.jakarta01.com,JAKARTA01\kreshna  
Error,10/3/2017 10:27:16 AM,Application Error,1000,(100),Application,djkvdihost702.jakarta01.com,"Faulting application name: spoolsv.exe, version: 6.1.7601.17777, time stamp: 0x4f35efc3
Faulting module name: msvcrt.dll, version: 7.0.7601.17744, time stamp: 0x4eeaf722
Exception code: 0xc0000005
Fault offset: 0x0000aa14
Faulting process id: 0x638
Faulting application start time: 0x01d33b712d64ec1b
Faulting application path: C:\Windows\System32\spoolsv.exe
Faulting module path: C:\Windows\system32\msvcrt.dll
Report Id: c0d05a1a-a7ea-11e7-9ad5-0050569f75db"
Error,10/3/2017 10:26:13 AM,EventCreate,1,None,Application,djkvdihost103.jakarta01.com,JAKARTA01\Alexval  
Error,10/3/2017 10:24:03 AM,EventCreate,1,None,Application,djkvdihost156.jakarta01.com,JAKARTA01\yulia rifanda  
Error,10/3/2017 10:24:00 AM,Application Error,1000,(100),Application,djkvdihost156.jakarta01.com,"Faulting application name: OUTLOOK.EXE, version: 15.0.4919.1001, time stamp: 0x58d20482
Faulting module name: OUTLOOK.EXE, version: 15.0.4919.1001, time stamp: 0x58d20482
Exception code: 0xc0000005
Fault offset: 0x008924c4
Faulting process id: 0x1f00
Faulting application start time: 0x01d33be283d0bc53
Faulting application path: C:\Program Files\Microsoft Office\Office15\OUTLOOK.EXE
Faulting module path: C:\Program Files\Microsoft Office\Office15\OUTLOOK.EXE
Report Id: 4bf13ee8-a7ea-11e7-9391-0050569f59c3"
Error,10/3/2017 10:23:20 AM,EventCreate,1,None,Application,djkvdihost053.jakarta01.com,JAKARTA01\sari  
Error,10/3/2017 10:23:19 AM,Application Error,1000,(100),Application,djkvdihost053.jakarta01.com,"Faulting application name: CWBTF.EXE, version: 12.0.0.1, time stamp: 0x483cc594
Faulting module name: unknown, version: 0.0.0.0, time stamp: 0x00000000
Exception code: 0xc0000005
Fault offset: 0x670a3b26
Faulting process id: 0x1fcc
Faulting application start time: 0x01d33bf0fa829114
Faulting application path: C:\Program Files\IBM\Client Access\CWBTF.EXE
Faulting module path: unknown
Report Id: 338b1034-a7ea-11e7-8e11-0050569f2a44"
Error,10/3/2017 10:23:14 AM,EventCreate,1,None,Application,djkvdihost053.jakarta01.com,JAKARTA01\sari  
Error,10/3/2017 10:22:46 AM,EventCreate,1,None,Application,djkvdihost107.jakarta01.com,JAKARTA01\namora  
Error,10/3/2017 10:22:46 AM,Application Error,1000,(100),Application,djkvdihost107.jakarta01.com,"Faulting application name: OUTLOOK.EXE, version: 15.0.4919.1001, time stamp: 0x58d20482
Faulting module name: OUTLOOK.EXE, version: 15.0.4919.1001, time stamp: 0x58d20482
Exception code: 0xc0000005
Fault offset: 0x008924c4
Faulting process id: 0x1cd8
Faulting application start time: 0x01d33bdac18ff86d
Faulting application path: C:\Program Files\Microsoft Office\Office15\OUTLOOK.EXE
Faulting module path: C:\Program Files\Microsoft Office\Office15\OUTLOOK.EXE
Report Id: 1f9f3a32-a7ea-11e7-a6de-0050569f7fd2"
Error,10/3/2017 10:23:13 AM,Application Error,1000,(100),Application,djkvdihost053.jakarta01.com,"Faulting application name: CWBTF.EXE, version: 12.0.0.1, time stamp: 0x483cc594
Faulting module name: unknown, version: 0.0.0.0, time stamp: 0x00000000
Exception code: 0xc0000005
Fault offset: 0x005f000b
Faulting process id: 0xfb8
Faulting application start time: 0x01d33bf192b10074
Faulting application path: C:\Program Files\IBM\Client Access\CWBTF.EXE
Faulting module path: unknown
Report Id: 2faa72d4-a7ea-11e7-8e11-0050569f2a44"
Error,10/3/2017 10:21:58 AM,EventCreate,1,None,Application,djkvdihost445.jakarta01.com,JAKARTA01\fahmi  
Error,10/3/2017 10:21:02 AM,EventCreate,1,None,Application,djkvdihost811.jakarta01.com,JAKARTA01\GUESTISD28  
Error,10/3/2017 10:19:42 AM,EventCreate,1,None,Application,djkvdihost874.jakarta01.com,JAKARTA01\bayu  
Error,10/3/2017 10:16:58 AM,EventCreate,1,None,Application,djkvdihost431.jakarta01.com,JAKARTA01\m iqbal  
Error,10/3/2017 10:16:55 AM,Application Error,1000,(100),Application,djkvdihost431.jakarta01.com,"Faulting application name: OUTLOOK.EXE, version: 15.0.4919.1001, time stamp: 0x58d20482
Faulting module name: OUTLOOK.EXE, version: 15.0.4919.1001, time stamp: 0x58d20482
Exception code: 0xc0000005
Fault offset: 0x008924c4
Faulting process id: 0x1710
Faulting application start time: 0x01d33bdf362caee6
Faulting application path: C:\Program Files\Microsoft Office\Office15\OUTLOOK.EXE
Faulting module path: C:\Program Files\Microsoft Office\Office15\OUTLOOK.EXE
Report Id: 4e63f938-a7e9-11e7-8e5e-0050569f208e"
Error,10/3/2017 10:15:25 AM,EventCreate,1,None,Application,djkvdihost356.jakarta01.com,JAKARTA01\eddy  
Error,10/3/2017 10:15:22 AM,Application Error,1000,(100),Application,djkvdihost356.jakarta01.com,"Faulting application name: OUTLOOK.EXE, version: 15.0.4919.1001, time stamp: 0x58d20482
Faulting module name: OUTLOOK.EXE, version: 15.0.4919.1001, time stamp: 0x58d20482
Exception code: 0xc0000005
Fault offset: 0x008924c4
Faulting process id: 0x1eb4
Faulting application start time: 0x01d33bdcadd518c6
Faulting application path: C:\Program Files\Microsoft Office\Office15\OUTLOOK.EXE
Faulting module path: C:\Program Files\Microsoft Office\Office15\OUTLOOK.EXE
Report Id: 17543fd5-a7e9-11e7-9f10-0050569f6b07"
Error,10/3/2017 10:13:48 AM,EventCreate,1,None,Application,djkvdihost315.jakarta01.com,JAKARTA01\ayuningtias  
Error,10/3/2017 10:13:45 AM,Application Error,1000,(100),Application,djkvdihost315.jakarta01.com,"Faulting application name: OUTLOOK.EXE, version: 15.0.4919.1001, time stamp: 0x58d20482
Faulting module name: OUTLOOK.EXE, version: 15.0.4919.1001, time stamp: 0x58d20482
Exception code: 0xc0000005
Fault offset: 0x008924c7
Faulting process id: 0x1a60
Faulting application start time: 0x01d33bde27cd49dd
Faulting application path: C:\Program Files\Microsoft Office\Office15\OUTLOOK.EXE
Faulting module path: C:\Program Files\Microsoft Office\Office15\OUTLOOK.EXE
Report Id: dd3209d4-a7e8-11e7-b7bb-0050569f2920"
Error,10/3/2017 10:12:48 AM,EventCreate,1,None,Application,djkvdihost320.jakarta01.com,JAKARTA01\GUESTISD26  
Error,10/3/2017 10:11:26 AM,EventCreate,1,None,Application,djkvdihost179.jakarta01.com,JAKARTA01\Tino  
Error,10/3/2017 10:11:23 AM,Application Error,1000,(100),Application,djkvdihost179.jakarta01.com,"Faulting application name: OUTLOOK.EXE, version: 15.0.4919.1001, time stamp: 0x58d20482
Faulting module name: OUTLOOK.EXE, version: 15.0.4919.1001, time stamp: 0x58d20482
Exception code: 0xc0000005
Fault offset: 0x004870b2
Faulting process id: 0x1b80
Faulting application start time: 0x01d33be3ae0ed59b
Faulting application path: C:\Program Files\Microsoft Office\Office15\OUTLOOK.EXE
Faulting module path: C:\Program Files\Microsoft Office\Office15\OUTLOOK.EXE
Report Id: 8893c280-a7e8-11e7-ac7e-0050569f4288"
Error,10/3/2017 10:06:48 AM,EventCreate,1,None,Application,djkvdihost897.jakarta01.com,JAKARTA01\Indra Bramantyono  
Error,10/3/2017 10:06:48 AM,Application Error,1000,(100),Application,djkvdihost897.jakarta01.com,"Faulting application name: OUTLOOK.EXE, version: 15.0.4927.1001, time stamp: 0x58f5f52e
Faulting module name: OUTLOOK.EXE, version: 15.0.4927.1001, time stamp: 0x58f5f52e
Exception code: 0xc0000409
Fault offset: 0x00dc3399
Faulting process id: 0x13b0
Faulting application start time: 0x01d33be1e95050cd
Faulting application path: C:\Program Files (x86)\Microsoft Office\Office15\OUTLOOK.EXE
Faulting module path: C:\Program Files (x86)\Microsoft Office\Office15\OUTLOOK.EXE
Report Id: e4d1b577-a7e7-11e7-881a-0050569f480d"
Error,10/3/2017 10:07:16 AM,EventCreate,1,None,Application,djkvdihost827.jakarta01.com,JAKARTA01\ayub  
Error,10/3/2017 10:06:56 AM,EventCreate,1,None,Application,djkvdihost507.jakarta01.com,JAKARTA01\alvian  
Error,10/3/2017 10:01:16 AM,EventCreate,1,None,Application,djkvdihost771.jakarta01.com,JAKARTA01\Dwi anisa  
Error,10/3/2017 10:00:37 AM,EventCreate,1,None,Application,djkvdihost452.jakarta01.com,JAKARTA01\edwan  
Error,10/3/2017 9:59:22 AM,EventCreate,1,None,Application,djkvdihost441.jakarta01.com,JAKARTA01\edwin  
Error,10/3/2017 9:59:00 AM,EventCreate,1,None,Application,djkvdihost808.jakarta01.com,JAKARTA01\eriks  
Error,10/3/2017 9:58:49 AM,Application Error,1000,(100),Application,djkvdihost808.jakarta01.com,"Faulting application name: spoolsv.exe, version: 6.1.7601.17777, time stamp: 0x4f35efc3
Faulting module name: msvcrt.dll, version: 7.0.7601.17744, time stamp: 0x4eeaf722
Exception code: 0xc0000005
Fault offset: 0x0000aa14
Faulting process id: 0x63c
Faulting application start time: 0x01d33be242a4db57
Faulting application path: C:\Windows\System32\spoolsv.exe
Faulting module path: C:\Windows\system32\msvcrt.dll
Report Id: c7190e53-a7e6-11e7-8d9c-0050569f3518"
Error,10/3/2017 9:54:36 AM,EventCreate,1,None,Application,djkvdihost261.jakarta01.com,JAKARTA01\arinie  
Error,10/3/2017 9:54:36 AM,EventCreate,1,None,Application,djkvdihost744.jakarta01.com,JAKARTA01\mazy  
Error,10/3/2017 9:54:18 AM,EventCreate,1,None,Application,djkvdihost725.jakarta01.com,JAKARTA01\muhammad afif  
Error,10/3/2017 9:54:33 AM,Application Error,1000,(100),Application,djkvdihost744.jakarta01.com,"Faulting application name: OUTLOOK.EXE, version: 15.0.4919.1001, time stamp: 0x58d20482
Faulting module name: OUTLOOK.EXE, version: 15.0.4919.1001, time stamp: 0x58d20482
Exception code: 0xc0000005
Fault offset: 0x008924c7
Faulting process id: 0x1d10
Faulting application start time: 0x01d33be30616ec56
Faulting application path: C:\Program Files\Microsoft Office\Office15\OUTLOOK.EXE
Faulting module path: C:\Program Files\Microsoft Office\Office15\OUTLOOK.EXE
Report Id: 2e6cc6e3-a7e6-11e7-ae6e-0050569f44a8"
Error,10/3/2017 9:54:32 AM,Application Error,1000,(100),Application,djkvdihost261.jakarta01.com,"Faulting application name: OUTLOOK.EXE, version: 15.0.4919.1001, time stamp: 0x58d20482
Faulting module name: OUTLOOK.EXE, version: 15.0.4919.1001, time stamp: 0x58d20482
Exception code: 0xc0000005
Fault offset: 0x008924c7
Faulting process id: 0x1b90
Faulting application start time: 0x01d33bdf70fda883
Faulting application path: C:\Program Files\Microsoft Office\Office15\OUTLOOK.EXE
Faulting module path: C:\Program Files\Microsoft Office\Office15\OUTLOOK.EXE
Report Id: 2e20ace7-a7e6-11e7-afb5-0050569f3869"
Error,10/3/2017 9:54:15 AM,Application Error,1000,(100),Application,djkvdihost725.jakarta01.com,"Faulting application name: OUTLOOK.EXE, version: 15.0.4919.1001, time stamp: 0x58d20482
Faulting module name: OUTLOOK.EXE, version: 15.0.4919.1001, time stamp: 0x58d20482
Exception code: 0xc0000005
Fault offset: 0x008924c4
Faulting process id: 0x1f5c
Faulting application start time: 0x01d33bdb30eb9c60
Faulting application path: C:\Program Files\Microsoft Office\Office15\OUTLOOK.EXE
Faulting module path: C:\Program Files\Microsoft Office\Office15\OUTLOOK.EXE
Report Id: 23fc7eb8-a7e6-11e7-8228-0050569f56c2"
Error,10/3/2017 9:53:06 AM,EventCreate,1,None,Application,djkvdihost193.jakarta01.com,JAKARTA01\yusdian  
Error,10/3/2017 9:52:35 AM,EventCreate,1,None,Application,djkvdihost376.jakarta01.com,JAKARTA01\darnito  
Error,10/3/2017 9:49:59 AM,EventCreate,1,None,Application,djkvdihost299.jakarta01.com,JAKARTA01\Yulistial  
Error,10/3/2017 9:49:02 AM,EventCreate,1,None,Application,djkvdihost093.jakarta01.com,JAKARTA01\WulanAn  
Error,10/3/2017 9:49:01 AM,Application Error,1000,(100),Application,djkvdihost093.jakarta01.com,"Faulting application name: OUTLOOK.EXE, version: 15.0.4919.1001, time stamp: 0x58d20482
Faulting module name: OUTLOOK.EXE, version: 15.0.4919.1001, time stamp: 0x58d20482
Exception code: 0xc0000005
Fault offset: 0x008924c7
Faulting process id: 0x105c
Faulting application start time: 0x01d33be6c7ae102f
Faulting application path: C:\Program Files\Microsoft Office\Office15\OUTLOOK.EXE
Faulting module path: C:\Program Files\Microsoft Office\Office15\OUTLOOK.EXE
Report Id: 68f19852-a7e5-11e7-a428-0050569f2e88"
Error,10/3/2017 9:48:01 AM,EventCreate,1,None,Application,djkvdihost161.jakarta01.com,JAKARTA01\astio  
Error,10/3/2017 9:48:31 AM,EventCreate,1,None,Application,djkvdihost335.jakarta01.com,JAKARTA01\Tyas  
Error,10/3/2017 9:47:58 AM,EventCreate,1,None,Application,djkvdihost335.jakarta01.com,JAKARTA01\Tyas  
Error,10/3/2017 9:47:48 AM,Application Error,1000,(100),Application,djkvdihost335.jakarta01.com,"Faulting application name: spoolsv.exe, version: 6.1.7601.17777, time stamp: 0x4f35efc3
Faulting module name: msvcrt.dll, version: 7.0.7601.17744, time stamp: 0x4eeaf722
Exception code: 0xc0000005
Fault offset: 0x0000aa14
Faulting process id: 0x630
Faulting application start time: 0x01d33bf1b66fc823
Faulting application path: C:\Windows\System32\spoolsv.exe
Faulting module path: C:\Windows\system32\msvcrt.dll
Report Id: 3d2437c6-a7e5-11e7-9b1d-0050569f715d"
Error,10/3/2017 9:47:59 AM,Application Error,1000,(100),Application,djkvdihost161.jakarta01.com,"Faulting application name: EXCEL.EXE, version: 15.0.4919.1000, time stamp: 0x58c7ab0f
Faulting module name: unknown, version: 0.0.0.0, time stamp: 0x00000000
Exception code: 0xc0000005
Fault offset: 0x00740061
Faulting process id: 0x13f8
Faulting application start time: 0x01d33bf203a93e2f
Faulting application path: C:\Program Files\Microsoft Office\Office15\EXCEL.EXE
Faulting module path: unknown
Report Id: 43852c2f-a7e5-11e7-a729-0050569f0cc0"
Error,10/3/2017 9:47:06 AM,EventCreate,1,None,Application,djkvdihost673.jakarta01.com,JAKARTA01\guestisd53  
Error,10/3/2017 9:46:21 AM,EventCreate,1,None,Application,djkvdihost038.jakarta01.com,JAKARTA01\venir  
Error,10/3/2017 9:44:39 AM,EventCreate,1,None,Application,djkvdihost364.jakarta01.com,JAKARTA01\Andradita  
Error,10/3/2017 9:44:22 AM,EventCreate,1,None,Application,djkvdihost364.jakarta01.com,JAKARTA01\Andradita  
Error,10/3/2017 9:43:54 AM,EventCreate,1,None,Application,djkvdihost263.jakarta01.com,JAKARTA01\guestisd40  
Error,10/3/2017 9:40:21 AM,EventCreate,1,None,Application,djkvdihost492.jakarta01.com,JAKARTA01\mohammad  
Error,10/3/2017 9:36:37 AM,EventCreate,1,None,Application,djkvdihost640.jakarta01.com,JAKARTA01\dessy  
Error,10/3/2017 9:35:15 AM,EventCreate,1,None,Application,djkvdihost638.jakarta01.com,JAKARTA01\ici  
Error,10/3/2017 9:34:15 AM,EventCreate,1,None,Application,djkvdihost685.jakarta01.com,JAKARTA01\guestisd61  
Error,10/3/2017 9:33:20 AM,EventCreate,1,None,Application,djkvdihost700.jakarta01.com,JAKARTA01\nathaniel  
Error,10/3/2017 9:32:41 AM,EventCreate,1,None,Application,djkvdihost110.jakarta01.com,JAKARTA01\guestacc10  
Error,10/3/2017 9:32:41 AM,Application Error,1000,(100),Application,djkvdihost110.jakarta01.com,"Faulting application name: NLNOTES.EXE, version: 8.5.30.11258, time stamp: 0x4e72fa51
Faulting module name: nnotes.dll, version: 8.5.30.11258, time stamp: 0x4e72fa6a
Exception code: 0xc0000005
Fault offset: 0x001c7f0e
Faulting process id: 0x1660
Faulting application start time: 0x01d33befe308b384
Faulting application path: C:\Program Files\IBM\Lotus\Notes\NLNOTES.EXE
Faulting module path: C:\Program Files\IBM\Lotus\Notes\nnotes.dll
Report Id: 20c1254a-a7e3-11e7-9021-0050569f78af"
Error,10/3/2017 9:33:20 AM,EventCreate,1,None,Application,djkvdihost685.jakarta01.com,JAKARTA01\guestisd61  
Error,10/3/2017 9:31:28 AM,EventCreate,1,None,Application,djkvdihost766.jakarta01.com,JAKARTA01\wirantika  
Error,10/3/2017 9:30:02 AM,EventCreate,1,None,Application,djkvdihost057.jakarta01.com,JAKARTA01\Nikmatullah  
Error,10/3/2017 9:29:37 AM,EventCreate,1,None,Application,djkvdihost324.jakarta01.com,JAKARTA01\nyimas  
Error,10/3/2017 9:29:26 AM,EventCreate,1,None,Application,djkvdihost044.jakarta01.com,JAKARTA01\Bryant  
Error,10/3/2017 9:28:54 AM,EventCreate,1,None,Application,djkvdihost787.jakarta01.com,JAKARTA01\army  
Error,10/3/2017 9:28:29 AM,EventCreate,1,None,Application,djkvdihost203.jakarta01.com,JAKARTA01\dodi  
Error,10/3/2017 9:28:27 AM,EventCreate,1,None,Application,djkvdihost472.jakarta01.com,JAKARTA01\FAUZIAH  
Error,10/3/2017 9:27:32 AM,WSH,1,None,Application,djkvdihost203.jakarta01.com,"CN=Dodi Heru Setio Putro password will expire in 2 day(s) at 10/5/2017 9:00:40 AM

Press CTRL + ALT + DEL and select the ""Change a password"" option."
Error,10/3/2017 9:27:18 AM,EventCreate,1,None,Application,djkvdihost552.jakarta01.com,JAKARTA01\yoedo  
Error,10/3/2017 9:27:12 AM,Application Error,1000,(100),Application,djkvdihost552.jakarta01.com,"Faulting application name: spoolsv.exe, version: 6.1.7601.17777, time stamp: 0x4f35efc3
Faulting module name: msvcrt.dll, version: 7.0.7601.17744, time stamp: 0x4eeaf722
Exception code: 0xc0000005
Fault offset: 0x0000aa14
Faulting process id: 0x638
Faulting application start time: 0x01d33baa63ae4401
Faulting application path: C:\Windows\System32\spoolsv.exe
Faulting module path: C:\Windows\system32\msvcrt.dll
Report Id: 5ccfec44-a7e2-11e7-87e5-0050569f13d9"
Error,10/3/2017 9:27:31 AM,WSH,1,None,Application,djkvdihost203.jakarta01.com,"CN=Dodi Heru Setio Putro password will expire in 2 day(s) at 10/5/2017 9:00:40 AM

Press CTRL + ALT + DEL and select the ""Change a password"" option."
Error,10/3/2017 9:27:27 AM,EventCreate,1,None,Application,djkvdihost263.jakarta01.com,JAKARTA01\guestisd39  
Error,10/3/2017 9:25:46 AM,EventCreate,1,None,Application,djkvdihost449.jakarta01.com,JAKARTA01\budir  
Error,10/3/2017 9:24:04 AM,EventCreate,1,None,Application,djkvdihost900.jakarta01.com,JAKARTA01\Denni  
Error,10/3/2017 9:24:01 AM,EventCreate,1,None,Application,djkvdihost900.jakarta01.com,JAKARTA01\Denni  
Error,10/3/2017 9:23:27 AM,EventCreate,1,None,Application,djkvdihost032.jakarta01.com,JAKARTA01\Christopher  
Error,10/3/2017 9:23:20 AM,EventCreate,1,None,Application,djkvdihost480.jakarta01.com,JAKARTA01\topik  
Error,10/3/2017 9:22:29 AM,EventCreate,1,None,Application,djkvdihost041.jakarta01.com,JAKARTA01\gadis  
Error,10/3/2017 9:22:49 AM,EventCreate,1,None,Application,djkvdihost083.jakarta01.com,JAKARTA01\diana  
Error,10/3/2017 9:22:44 AM,EventCreate,1,None,Application,djkvdihost340.jakarta01.com,JAKARTA01\Etty  
Error,10/3/2017 9:21:21 AM,EventCreate,1,None,Application,djkvdihost237.jakarta01.com,JAKARTA01\rizka syarifa  
Error,10/3/2017 9:21:18 AM,Application Error,1000,(100),Application,djkvdihost237.jakarta01.com,"Faulting application name: OUTLOOK.EXE, version: 15.0.4919.1001, time stamp: 0x58d20482
Faulting module name: OUTLOOK.EXE, version: 15.0.4919.1001, time stamp: 0x58d20482
Exception code: 0xc0000005
Fault offset: 0x008924c7
Faulting process id: 0x428
Faulting application start time: 0x01d33be561bcbb80
Faulting application path: C:\Program Files\Microsoft Office\Office15\OUTLOOK.EXE
Faulting module path: C:\Program Files\Microsoft Office\Office15\OUTLOOK.EXE
Report Id: 898eb0d8-a7e1-11e7-90b7-0050569f1561"
Error,10/3/2017 9:21:48 AM,EventCreate,1,None,Application,djkvdihost041.jakarta01.com,JAKARTA01\gadis  
Error,10/3/2017 9:19:43 AM,EventCreate,1,None,Application,djkvdihost053.jakarta01.com,JAKARTA01\sari  
Error,10/3/2017 9:19:40 AM,Application Error,1000,(100),Application,djkvdihost053.jakarta01.com,"Faulting application name: CWBTF.EXE, version: 12.0.0.1, time stamp: 0x483cc594
Faulting module name: CwbTFDlg.dll, version: 12.0.0.1, time stamp: 0x486087c2
Exception code: 0xc0000005
Fault offset: 0x00018766
Faulting process id: 0x17b8
Faulting application start time: 0x01d33bec6b2a7a94
Faulting application path: C:\Program Files\IBM\Client Access\CWBTF.EXE
Faulting module path: C:\Windows\system32\CwbTFDlg.dll
Report Id: 4f5773c4-a7e1-11e7-8e11-0050569f2a44"
Error,10/3/2017 9:19:42 AM,EventCreate,1,None,Application,djkvdihost532.jakarta01.com,JAKARTA01\GUESTISD33  
Error,10/3/2017 9:19:00 AM,EventCreate,1,None,Application,djkvdihost413.jakarta01.com,JAKARTA01\guestisd34  
Error,10/3/2017 9:18:57 AM,EventCreate,1,None,Application,djkvdihost427.jakarta01.com,JAKARTA01\abdulas  
Error,10/3/2017 9:16:47 AM,EventCreate,1,None,Application,djkvdihost110.jakarta01.com,JAKARTA01\guestacc10  
Error,10/3/2017 9:16:44 AM,Application Error,1000,(100),Application,djkvdihost110.jakarta01.com,"Faulting application name: NLNOTES.EXE, version: 8.5.30.11258, time stamp: 0x4e72fa51
Faulting module name: nnotes.dll, version: 8.5.30.11258, time stamp: 0x4e72fa6a
Exception code: 0xc0000005
Fault offset: 0x001c7f0e
Faulting process id: 0x1860
Faulting application start time: 0x01d33beda762014d
Faulting application path: C:\Program Files\IBM\Lotus\Notes\NLNOTES.EXE
Faulting module path: C:\Program Files\IBM\Lotus\Notes\nnotes.dll
Report Id: e66552be-a7e0-11e7-9021-0050569f78af"
Error,10/3/2017 9:16:48 AM,EventCreate,1,None,Application,djkvdihost498.jakarta01.com,JAKARTA01\irman  
Error,10/3/2017 9:16:13 AM,EventCreate,1,None,Application,djkvdihost097.jakarta01.com,JAKARTA01\MegaDN  
Error,10/3/2017 9:15:40 AM,EventCreate,1,None,Application,djkvdihost107.jakarta01.com,JAKARTA01\namora  
Error,10/3/2017 9:15:50 AM,EventCreate,1,None,Application,djkvdihost456.jakarta01.com,JAKARTA01\MSandy  
Error,10/3/2017 9:15:37 AM,Application Error,1000,(100),Application,djkvdihost107.jakarta01.com,"Faulting application name: CWBTF.EXE, version: 12.0.0.1, time stamp: 0x483cc594
Faulting module name: CwbTFDlg.dll, version: 12.0.0.1, time stamp: 0x486087c2
Exception code: 0xc0000005
Fault offset: 0x00018766
Faulting process id: 0x1c30
Faulting application start time: 0x01d33be60221f185
Faulting application path: C:\Program Files\IBM\Client Access\CWBTF.EXE
Faulting module path: C:\Windows\system32\CwbTFDlg.dll
Report Id: be56de95-a7e0-11e7-a6de-0050569f7fd2"
Error,10/3/2017 9:14:55 AM,EventCreate,1,None,Application,djkvdihost210.jakarta01.com,JAKARTA01\yasinta  
Error,10/3/2017 9:15:22 AM,EventCreate,1,None,Application,djkvdihost440.jakarta01.com,JAKARTA01\BERNARDUS  
Error,10/3/2017 9:14:52 AM,Application Error,1000,(100),Application,djkvdihost210.jakarta01.com,"Faulting application name: OUTLOOK.EXE, version: 15.0.4919.1001, time stamp: 0x58d20482
Faulting module name: OUTLOOK.EXE, version: 15.0.4919.1001, time stamp: 0x58d20482
Exception code: 0xc0000005
Fault offset: 0x008924c7
Faulting process id: 0x1e0
Faulting application start time: 0x01d33bd78329c3da
Faulting application path: C:\Program Files\Microsoft Office\Office15\OUTLOOK.EXE
Faulting module path: C:\Program Files\Microsoft Office\Office15\OUTLOOK.EXE
Report Id: a33fa6bc-a7e0-11e7-b419-0050569f2e3d"
Error,10/3/2017 9:14:16 AM,EventCreate,1,None,Application,djkvdihost112.jakarta01.com,JAKARTA01\indriani  
Error,10/3/2017 9:13:45 AM,EventCreate,1,None,Application,djkvdihost494.jakarta01.com,JAKARTA01\AdhiNu  
Error,10/3/2017 9:13:21 AM,EventCreate,1,None,Application,djkvdihost110.jakarta01.com,JAKARTA01\guestacc10  
Error,10/3/2017 9:12:54 AM,EventCreate,1,None,Application,djkvdihost266.jakarta01.com,JAKARTA01\fferdian  
Error,10/3/2017 9:12:41 AM,EventCreate,1,None,Application,djkvdihost649.jakarta01.com,JAKARTA01\mauluddin  
Error,10/3/2017 9:10:06 AM,EventCreate,1,None,Application,djkvdihost149.jakarta01.com,JAKARTA01\guestisd54  
Error,10/3/2017 9:10:05 AM,EventCreate,1,None,Application,djkvdihost357.jakarta01.com,JAKARTA01\wisnu  
Error,10/3/2017 9:09:44 AM,EventCreate,1,None,Application,djkvdihost441.jakarta01.com,JAKARTA01\Yulistial  
Error,10/3/2017 9:09:43 AM,EventCreate,1,None,Application,djkvdihost098.jakarta01.com,JAKARTA01\ilham  
Error,10/3/2017 9:09:02 AM,EventCreate,1,None,Application,djkvdihost326.jakarta01.com,JAKARTA01\Audyanza  
