Error,9/26/2017 9:02,Application Error,1000,-100,Application,djkvdihost239.jakarta01.com,"Faulting application name: WINWORD.EXE, version: 15.0.4911.1000, time stamp: 0x58a2c075
Faulting module name: wwlib.dll, version: 15.0.4911.1000, time stamp: 0x58a2c073
Exception code: 0xc0000005
Fault offset: 0x006f1046
Faulting process id: 0x1624
Faulting application start time: 0x01d3366b6857f5fb
Faulting application path: C:\Program Files\Microsoft Office\Office15\WINWORD.EXE
Faulting module path: C:\Program Files\Microsoft Office\Office15\wwlib.dll
Report Id: af1efdc7-a25e-11e7-87e8-0050569f2638"
Error,9/26/2017 9:02,EventCreate,1,None,Application,djkvdihost042.jakarta01.com,JAKARTA01\Elvira  
Error,9/26/2017 9:02,EventCreate,1,None,Application,djkvdihost459.jakarta01.com,JAKARTA01\ridjal  
Error,9/26/2017 9:02,EventCreate,1,None,Application,djkvdihost009.jakarta01.com,JAKARTA01\regina  
Error,9/26/2017 9:02,EventCreate,1,None,Application,djkvdihost817.jakarta01.com,JAKARTA01\Ricky  
Error,9/26/2017 9:02,WSH,1,None,Application,djkvdihost792.jakarta01.com,"CN=Richard Lucky Hasintongan password will expire in 2 day(s) at 9/28/2017 8:20:10 AM

Press CTRL + ALT + DEL and select the ""Change a password"" option."
Error,9/26/2017 9:02,EventCreate,1,None,Application,djkvdihost721.jakarta01.com,JAKARTA01\army  
Error,9/26/2017 9:01,EventCreate,1,None,Application,djkvdihost239.jakarta01.com,JAKARTA01\lisa  
Error,9/26/2017 9:01,Application Error,1000,-100,Application,djkvdihost239.jakarta01.com,"Faulting application name: WINWORD.EXE, version: 15.0.4911.1000, time stamp: 0x58a2c075
Faulting module name: wwlib.dll, version: 15.0.4911.1000, time stamp: 0x58a2c073
Exception code: 0xc0000005
Fault offset: 0x006f0ff9
Faulting process id: 0x1734
Faulting application start time: 0x01d33666dc888f10
Faulting application path: C:\Program Files\Microsoft Office\Office15\WINWORD.EXE
Faulting module path: C:\Program Files\Microsoft Office\Office15\wwlib.dll
Report Id: 96ea9b7a-a25e-11e7-87e8-0050569f2638"
Error,9/26/2017 9:01,EventCreate,1,None,Application,djkvdihost353.jakarta01.com,JAKARTA01\Juliet  
Error,9/26/2017 9:00,EventCreate,1,None,Application,djkvdihost831.jakarta01.com,JAKARTA01\herlina  
Error,9/26/2017 9:00,EventCreate,1,None,Application,djkvdihost652.jakarta01.com,JAKARTA01\GUESTISD33  
Error,9/26/2017 8:59,EventCreate,1,None,Application,djkvdihost831.jakarta01.com,JAKARTA01\herlina  
Error,9/26/2017 9:00,EventCreate,1,None,Application,djkvdihost768.jakarta01.com,JAKARTA01\yusuf  
Error,9/26/2017 8:59,EventCreate,1,None,Application,djkvdihost410.jakarta01.com,JAKARTA01\dyah  
Error,9/26/2017 8:59,EventCreate,1,None,Application,djkvdihost772.jakarta01.com,JAKARTA01\hafiah  
Error,9/26/2017 8:59,EventCreate,1,None,Application,djkvdihost114.jakarta01.com,JAKARTA01\rininta  
Error,9/26/2017 8:59,EventCreate,1,None,Application,djkvdihost831.jakarta01.com,JAKARTA01\herlina  
Error,9/26/2017 8:59,EventCreate,1,None,Application,djkvdihost153.jakarta01.com,JAKARTA01\sanggra  
Error,9/26/2017 8:59,EventCreate,1,None,Application,djkvdihost619.jakarta01.com,JAKARTA01\heriyadi  
Error,9/26/2017 8:58,EventCreate,1,None,Application,djkvdihost594.jakarta01.com,JAKARTA01\david  
Error,9/26/2017 8:58,EventCreate,1,None,Application,djkvdihost191.jakarta01.com,JAKARTA01\Reiffy  
Error,9/26/2017 8:57,EventCreate,1,None,Application,djkvdihost305.jakarta01.com,JAKARTA01\fardy  
Error,9/26/2017 8:57,Application Error,1000,-100,Application,djkvdihost305.jakarta01.com,"Faulting application name: Explorer.EXE, version: 6.1.7601.23537, time stamp: 0x57c44cc4
Faulting module name: Explorer.EXE, version: 6.1.7601.23537, time stamp: 0x57c44cc4
Exception code: 0xc0000005
Fault offset: 0x00081c63
Faulting process id: 0x1430
Faulting application start time: 0x01d3365b7168e912
Faulting application path: C:\Windows\Explorer.EXE
Faulting module path: C:\Windows\Explorer.EXE
Report Id: 1cff3a3d-a25e-11e7-9160-0050569f3ae1"
Error,9/26/2017 8:57,EventCreate,1,None,Application,djkvdihost194.jakarta01.com,JAKARTA01\karmelita  
Error,9/26/2017 8:57,EventCreate,1,None,Application,djkvdihost518.jakarta01.com,JAKARTA01\anissa  
Error,9/26/2017 8:57,EventCreate,1,None,Application,djkvdihost766.jakarta01.com,JAKARTA01\Etty  
Error,9/26/2017 8:56,EventCreate,1,None,Application,djkvdihost263.jakarta01.com,JAKARTA01\lucky  
Error,9/26/2017 8:56,EventCreate,1,None,Application,djkvdihost445.jakarta01.com,JAKARTA01\veronicam  
Error,9/26/2017 8:55,EventCreate,1,None,Application,djkvdihost284.jakarta01.com,JAKARTA01\Andradita  
Error,9/26/2017 8:55,EventCreate,1,None,Application,djkvdihost766.jakarta01.com,JAKARTA01\Etty  
Error,9/26/2017 8:55,EventCreate,1,None,Application,djkvdihost729.jakarta01.com,JAKARTA01\polyska  
Error,9/26/2017 8:54,EventCreate,1,None,Application,djkvdihost148.jakarta01.com,JAKARTA01\bahar  
Error,9/26/2017 8:54,EventCreate,1,None,Application,djkvdihost007.jakarta01.com,JAKARTA01\guestisd29  
Error,9/26/2017 8:54,EventCreate,1,None,Application,djkvdihost266.jakarta01.com,JAKARTA01\ilham  
Error,9/26/2017 8:54,EventCreate,1,None,Application,djkvdihost433.jakarta01.com,JAKARTA01\arinie  
Error,9/26/2017 8:54,Application Error,1000,-100,Application,djkvdihost433.jakarta01.com,"Faulting application name: OUTLOOK.EXE, version: 15.0.4919.1001, time stamp: 0x58d20482
Faulting module name: OUTLOOK.EXE, version: 15.0.4919.1001, time stamp: 0x58d20482
Exception code: 0xc0000005
Fault offset: 0x008924c4
Faulting process id: 0xcc8
Faulting application start time: 0x01d33660fddea84a
Faulting application path: C:\Program Files\Microsoft Office\Office15\OUTLOOK.EXE
Faulting module path: C:\Program Files\Microsoft Office\Office15\OUTLOOK.EXE
Report Id: 979cb86a-a25d-11e7-8dda-0050569f26fb"
Error,9/26/2017 8:54,EventCreate,1,None,Application,djkvdihost284.jakarta01.com,JAKARTA01\Andradita  
Error,9/26/2017 8:54,EventCreate,1,None,Application,djkvdihost209.jakarta01.com,JAKARTA01\guestISD50  
Error,9/26/2017 8:54,EventCreate,1,None,Application,djkvdihost556.jakarta01.com,JAKARTA01\indriani  
Error,9/26/2017 8:53,EventCreate,1,None,Application,djkvdihost505.jakarta01.com,JAKARTA01\Azis Budianto  
Error,9/26/2017 8:53,EventCreate,1,None,Application,djkvdihost284.jakarta01.com,JAKARTA01\Andradita  
Error,9/26/2017 8:53,EventCreate,1,None,Application,djkvdihost505.jakarta01.com,JAKARTA01\Azis Budianto  
Error,9/26/2017 8:52,EventCreate,1,None,Application,djkvdihost547.jakarta01.com,JAKARTA01\Ronald Hertanto  
Error,9/26/2017 8:52,EventCreate,1,None,Application,djkvdihost307.jakarta01.com,JAKARTA01\haryadi  
Error,9/26/2017 8:52,EventCreate,1,None,Application,djkvdihost735.jakarta01.com,JAKARTA01\yudi  
Error,9/26/2017 8:52,EventCreate,1,None,Application,djkvdihost621.jakarta01.com,JAKARTA01\robi  
Error,9/26/2017 8:52,EventCreate,1,None,Application,djkvdihost307.jakarta01.com,JAKARTA01\haryadi  
Error,9/26/2017 8:51,WSH,1,None,Application,djkvdihost547.jakarta01.com,"CN=Ronald Hertanto password will expire in 2 day(s) at 9/28/2017 8:33:57 AM

Press CTRL + ALT + DEL and select the ""Change a password"" option."
Error,9/26/2017 8:51,WSH,1,None,Application,djkvdihost547.jakarta01.com,"CN=Ronald Hertanto password will expire in 2 day(s) at 9/28/2017 8:33:57 AM

Press CTRL + ALT + DEL and select the ""Change a password"" option."
Error,9/26/2017 8:51,EventCreate,1,None,Application,djkvdihost831.jakarta01.com,JAKARTA01\sysdovs03  
Error,9/26/2017 8:50,EventCreate,1,None,Application,djkvdihost648.jakarta01.com,JAKARTA01\septi  
Error,9/26/2017 8:50,EventCreate,1,None,Application,djkvdihost260.jakarta01.com,JAKARTA01\AdhiNu  
Error,9/26/2017 8:48,EventCreate,1,None,Application,djkvdihost154.jakarta01.com,JAKARTA01\MahendraR  
Error,9/26/2017 8:48,EventCreate,1,None,Application,djkvdihost626.jakarta01.com,JAKARTA01\diana  
Error,9/26/2017 8:48,EventCreate,1,None,Application,djkvdihost377.jakarta01.com,JAKARTA01\rahman  
Error,9/26/2017 8:48,EventCreate,1,None,Application,djkvdihost794.jakarta01.com,JAKARTA01\DedyW  
Error,9/26/2017 8:48,EventCreate,1,None,Application,djkvdihost039.jakarta01.com,JAKARTA01\Rio  
Error,9/26/2017 8:48,EventCreate,1,None,Application,djkvdihost485.jakarta01.com,JAKARTA01\Marthen  
Error,9/26/2017 8:47,EventCreate,1,None,Application,djkvdihost661.jakarta01.com,JAKARTA01\GUESTISD28  
Error,9/26/2017 8:46,EventCreate,1,None,Application,djkvdihost332.jakarta01.com,JAKARTA01\diah dwi  
Error,9/26/2017 8:45,EventCreate,1,None,Application,djkvdihost379.jakarta01.com,JAKARTA01\oliviales  
Error,9/26/2017 8:45,Application Error,1000,-100,Application,djkvdihost379.jakarta01.com,"Faulting application name: OUTLOOK.EXE, version: 15.0.4919.1001, time stamp: 0x58d20482
Faulting module name: OUTLOOK.EXE, version: 15.0.4919.1001, time stamp: 0x58d20482
Exception code: 0xc0000005
Fault offset: 0x008924c4
Faulting process id: 0x19c4
Faulting application start time: 0x01d336643681d0c9
Faulting application path: C:\Program Files\Microsoft Office\Office15\OUTLOOK.EXE
Faulting module path: C:\Program Files\Microsoft Office\Office15\OUTLOOK.EXE
Report Id: 5ccd4231-a25c-11e7-9db4-0050569f4898"
Error,9/26/2017 8:44,EventCreate,1,None,Application,djkvdihost312.jakarta01.com,JAKARTA01\yudistira  
Error,9/26/2017 8:44,EventCreate,1,None,Application,djkvdihost359.jakarta01.com,JAKARTA01\satria graha  
Error,9/26/2017 8:44,EventCreate,1,None,Application,djkvdihost112.jakarta01.com,JAKARTA01\dwihan  
Error,9/26/2017 8:44,EventCreate,1,None,Application,djkvdihost197.jakarta01.com,JAKARTA01\Rumata  
Error,9/26/2017 8:43,EventCreate,1,None,Application,djkvdihost059.jakarta01.com,JAKARTA01\Sely  
Error,9/26/2017 8:43,EventCreate,1,None,Application,djkvdihost059.jakarta01.com,JAKARTA01\Sely  
Error,9/26/2017 8:43,EventCreate,1,None,Application,djkvdihost059.jakarta01.com,JAKARTA01\Sely  
Error,9/26/2017 8:42,EventCreate,1,None,Application,djkvdihost635.jakarta01.com,JAKARTA01\guestisd25  
Error,9/26/2017 8:42,EventCreate,1,None,Application,djkvdihost500.jakarta01.com,JAKARTA01\teddy  
Error,9/26/2017 8:41,EventCreate,1,None,Application,djkvdihost011.jakarta01.com,JAKARTA01\guestisd36  
Error,9/26/2017 8:41,EventCreate,1,None,Application,djkvdihost502.jakarta01.com,JAKARTA01\zahra  
Error,9/26/2017 8:40,EventCreate,1,None,Application,djkvdihost207.jakarta01.com,JAKARTA01\Ida  
Error,9/26/2017 8:40,EventCreate,1,None,Application,djkvdihost646.jakarta01.com,JAKARTA01\primaningtyas  
Error,9/26/2017 8:40,EventCreate,1,None,Application,djkvdihost543.jakarta01.com,JAKARTA01\Hasna  
Error,9/26/2017 8:40,EventCreate,1,None,Application,djkvdihost058.jakarta01.com,JAKARTA01\Yulistial  
Error,9/26/2017 8:39,EventCreate,1,None,Application,djkvdihost847.jakarta01.com,JAKARTA01\jeremia  
Error,9/26/2017 8:39,EventCreate,1,None,Application,djkvdihost322.jakarta01.com,JAKARTA01\Arfilia  
Error,9/26/2017 8:39,EventCreate,1,None,Application,djkvdihost588.jakarta01.com,JAKARTA01\andi wijaya  
Error,9/26/2017 8:39,Application Error,1000,-100,Application,djkvdihost588.jakarta01.com,"Faulting application name: OUTLOOK.EXE, version: 15.0.4919.1001, time stamp: 0x58d20482
Faulting module name: OUTLOOK.EXE, version: 15.0.4919.1001, time stamp: 0x58d20482
Exception code: 0xc0000005
Fault offset: 0x008924c7
Faulting process id: 0x10ac
Faulting application start time: 0x01d3365f4ef51985
Faulting application path: C:\Program Files\Microsoft Office\Office15\OUTLOOK.EXE
Faulting module path: C:\Program Files\Microsoft Office\Office15\OUTLOOK.EXE
Report Id: 7cb669f0-a25b-11e7-a87b-0050569f5d72"
Error,9/26/2017 8:38,EventCreate,1,None,Application,djkvdihost151.jakarta01.com,JAKARTA01\boby  
Error,9/26/2017 8:38,EventCreate,1,None,Application,djkvdihost705.jakarta01.com,JAKARTA01\andika  
Error,9/26/2017 8:38,EventCreate,1,None,Application,djkvdihost847.jakarta01.com,JAKARTA01\jeremia  
Error,9/26/2017 8:38,EventCreate,1,None,Application,djkvdihost264.jakarta01.com,JAKARTA01\GuestISD42  
Error,9/26/2017 8:38,EventCreate,1,None,Application,djkvdihost762.jakarta01.com,JAKARTA01\mayang  
Error,9/26/2017 8:37,EventCreate,1,None,Application,djkvdihost597.jakarta01.com,JAKARTA01\guestisd20  
Error,9/26/2017 8:36,EventCreate,1,None,Application,djkvdihost406.jakarta01.com,JAKARTA01\guestisd27  
Error,9/26/2017 8:36,EventCreate,1,None,Application,djkvdihost499.jakarta01.com,JAKARTA01\guestisd03  
Error,9/26/2017 8:35,EventCreate,1,None,Application,djkvdihost341.jakarta01.com,JAKARTA01\payogi  
Error,9/26/2017 8:35,EventCreate,1,None,Application,djkvdihost186.jakarta01.com,JAKARTA01\rini  
Error,9/26/2017 8:35,EventCreate,1,None,Application,djkvdihost529.jakarta01.com,JAKARTA01\Erlisa  
Error,9/26/2017 8:34,EventCreate,1,None,Application,djkvdihost008.jakarta01.com,JAKARTA01\taty  
Error,9/26/2017 8:34,EventCreate,1,None,Application,djkvdihost668.jakarta01.com,JAKARTA01\GUESTISD34  
Error,9/26/2017 8:34,EventCreate,1,None,Application,djkvdihost229.jakarta01.com,JAKARTA01\SELIH  
Error,9/26/2017 8:34,EventCreate,1,None,Application,djkvdihost254.jakarta01.com,JAKARTA01\Jauw  
Error,9/26/2017 8:34,EventCreate,1,None,Application,djkvdihost778.jakarta01.com,JAKARTA01\denny  
Error,9/26/2017 8:34,EventCreate,1,None,Application,djkvdihost495.jakarta01.com,JAKARTA01\muhamadZAH  
Error,9/26/2017 8:33,EventCreate,1,None,Application,djkvdihost663.jakarta01.com,JAKARTA01\vita  
Error,9/26/2017 8:33,EventCreate,1,None,Application,djkvdihost089.jakarta01.com,JAKARTA01\christian2  
Error,9/26/2017 8:33,EventCreate,1,None,Application,djkvdihost097.jakarta01.com,JAKARTA01\mochammad  
Error,9/26/2017 8:35,EventCreate,1,None,Application,djkvdihost819.jakarta01.com,JAKARTA01\aryani  
Error,9/26/2017 8:32,EventCreate,1,None,Application,djkvdihost139.jakarta01.com,JAKARTA01\ratmitasari  
Error,9/26/2017 8:32,EventCreate,1,None,Application,djkvdihost677.jakarta01.com,JAKARTA01\brenda  
Error,9/26/2017 8:32,EventCreate,1,None,Application,djkvdihost642.jakarta01.com,JAKARTA01\GuestISD48  
Error,9/26/2017 8:32,EventCreate,1,None,Application,djkvdihost333.jakarta01.com,JAKARTA01\GuestISD43  
Error,9/26/2017 8:32,EventCreate,1,None,Application,djkvdihost076.jakarta01.com,JAKARTA01\Rosulla  
Error,9/26/2017 8:31,EventCreate,1,None,Application,djkvdihost024.jakarta01.com,JAKARTA01\hertanto  
Error,9/26/2017 8:35,EventCreate,1,None,Application,djkvdihost819.jakarta01.com,JAKARTA01\aryani  
Error,9/26/2017 8:31,EventCreate,1,None,Application,djkvdihost145.jakarta01.com,JAKARTA01\ferdiansyah  
Error,9/26/2017 8:31,Application Error,1000,-100,Application,djkvdihost024.jakarta01.com,"Faulting application name: spoolsv.exe, version: 6.1.7601.17777, time stamp: 0x4f35efc3
Faulting module name: msvcrt.dll, version: 7.0.7601.17744, time stamp: 0x4eeaf722
Exception code: 0xc0000005
Fault offset: 0x0000aa14
Faulting process id: 0x630
Faulting application start time: 0x01d335f2cf484e75
Faulting application path: C:\Windows\System32\spoolsv.exe
Faulting module path: C:\Windows\system32\msvcrt.dll
Report Id: 64c48f0e-a25a-11e7-910d-0050569f6bde"
Error,9/26/2017 8:31,EventCreate,1,None,Application,djkvdihost515.jakarta01.com,JAKARTA01\naldi  
Error,9/26/2017 8:30,EventCreate,1,None,Application,djkvdihost694.jakarta01.com,JAKARTA01\diena  
Error,9/26/2017 8:30,EventCreate,1,None,Application,djkvdihost681.jakarta01.com,JAKARTA01\GuestISD45  
Error,9/26/2017 8:30,EventCreate,1,None,Application,djkvdihost667.jakarta01.com,JAKARTA01\amelinda  
Error,9/26/2017 8:30,EventCreate,1,None,Application,djkvdihost222.jakarta01.com,JAKARTA01\nadya  
Error,9/26/2017 8:30,EventCreate,1,None,Application,djkvdihost562.jakarta01.com,JAKARTA01\Guestisd31  
Error,9/26/2017 8:29,WSH,1,None,Application,djkvdihost694.jakarta01.com,"CN=Diena password will expire in 2 day(s) at 9/28/2017 6:44:08 AM

Press CTRL + ALT + DEL and select the ""Change a password"" option."
Error,9/26/2017 8:29,EventCreate,1,None,Application,djkvdihost834.jakarta01.com,JAKARTA01\LILY AISYAH  
Error,9/26/2017 8:29,WSH,1,None,Application,djkvdihost667.jakarta01.com,"CN=Amelinda Dyah Rahmasari password will expire in 2 day(s) at 9/28/2017 8:16:20 AM

Press CTRL + ALT + DEL and select the ""Change a password"" option."
Error,9/26/2017 8:29,WSH,1,None,Application,djkvdihost694.jakarta01.com,"CN=Diena password will expire in 2 day(s) at 9/28/2017 6:44:08 AM

Press CTRL + ALT + DEL and select the ""Change a password"" option."
Error,9/26/2017 8:29,EventCreate,1,None,Application,djkvdihost781.jakarta01.com,JAKARTA01\wang  
Error,9/26/2017 8:29,WSH,1,None,Application,djkvdihost667.jakarta01.com,"CN=Amelinda Dyah Rahmasari password will expire in 2 day(s) at 9/28/2017 8:16:20 AM

Press CTRL + ALT + DEL and select the ""Change a password"" option."
Error,9/26/2017 8:28,EventCreate,1,None,Application,djkvdihost786.jakarta01.com,JAKARTA01\ubaedi  
Error,9/26/2017 8:28,Application Error,1000,-100,Application,djkvdihost786.jakarta01.com,"Faulting application name: OUTLOOK.EXE, version: 15.0.4919.1001, time stamp: 0x58d20482
Faulting module name: OUTLOOK.EXE, version: 15.0.4919.1001, time stamp: 0x58d20482
Exception code: 0xc0000005
Fault offset: 0x008924c4
Faulting process id: 0x1dc4
Faulting application start time: 0x01d3366273c6c8a3
Faulting application path: C:\Program Files\Microsoft Office\Office15\OUTLOOK.EXE
Faulting module path: C:\Program Files\Microsoft Office\Office15\OUTLOOK.EXE
Report Id: 0ff0e6b1-a25a-11e7-b03c-0050569f610f"
Error,9/26/2017 8:28,EventCreate,1,None,Application,djkvdihost624.jakarta01.com,JAKARTA01\eka  
Error,9/26/2017 8:28,EventCreate,1,None,Application,djkvdihost212.jakarta01.com,JAKARTA01\nurhayani  
Error,9/26/2017 8:28,EventCreate,1,None,Application,djkvdihost834.jakarta01.com,JAKARTA01\LILY AISYAH  
Error,9/26/2017 8:28,EventCreate,1,None,Application,djkvdihost169.jakarta01.com,JAKARTA01\Hadi  
Error,9/26/2017 8:28,EventCreate,1,None,Application,djkvdihost542.jakarta01.com,JAKARTA01\nunu  
Error,9/26/2017 8:27,EventCreate,1,None,Application,djkvdihost103.jakarta01.com,JAKARTA01\jayson  
Error,9/26/2017 8:28,EventCreate,1,None,Application,djkvdihost206.jakarta01.com,JAKARTA01\Siti Atikah  
Error,9/26/2017 8:27,EventCreate,1,None,Application,djkvdihost115.jakarta01.com,JAKARTA01\jati  
Error,9/26/2017 8:27,EventCreate,1,None,Application,djkvdihost486.jakarta01.com,JAKARTA01\meinar  
Error,9/26/2017 8:27,EventCreate,1,None,Application,djkvdihost225.jakarta01.com,JAKARTA01\dwi septiyanti  
Error,9/26/2017 8:27,EventCreate,1,None,Application,djkvdihost103.jakarta01.com,JAKARTA01\jayson  
Error,9/26/2017 8:27,EventCreate,1,None,Application,djkvdihost103.jakarta01.com,JAKARTA01\jayson  
Error,9/26/2017 8:25,EventCreate,1,None,Application,djkvdihost466.jakarta01.com,JAKARTA01\nadea  
Error,9/26/2017 8:25,EventCreate,1,None,Application,djkvdihost501.jakarta01.com,JAKARTA01\Lily  
Error,9/26/2017 8:25,EventCreate,1,None,Application,djkvdihost475.jakarta01.com,JAKARTA01\kunthi  
Error,9/26/2017 8:24,EventCreate,1,None,Application,djkvdihost387.jakarta01.com,JAKARTA01\vina febria  
Error,9/26/2017 8:24,Application Error,1000,-100,Application,djkvdihost387.jakarta01.com,"Faulting application name: spoolsv.exe, version: 6.1.7601.17777, time stamp: 0x4f35efc3
Faulting module name: msvcrt.dll, version: 7.0.7601.17744, time stamp: 0x4eeaf722
Exception code: 0xc0000005
Fault offset: 0x0000aa14
Faulting process id: 0x638
Faulting application start time: 0x01d335e34e3a0f46
Faulting application path: C:\Windows\System32\spoolsv.exe
Faulting module path: C:\Windows\system32\msvcrt.dll
Report Id: 69ac5a4e-a259-11e7-a240-0050569f3c97"
Error,9/26/2017 8:24,EventCreate,1,None,Application,djkvdihost476.jakarta01.com,JAKARTA01\Kartina  
Error,9/26/2017 8:24,EventCreate,1,None,Application,djkvdihost072.jakarta01.com,JAKARTA01\ghozia  
Error,9/26/2017 8:24,EventCreate,1,None,Application,djkvdihost356.jakarta01.com,JAKARTA01\alex  
Error,9/26/2017 8:24,EventCreate,1,None,Application,djkvdihost387.jakarta01.com,JAKARTA01\vina febria  
Error,9/26/2017 8:24,EventCreate,1,None,Application,djkvdihost234.jakarta01.com,JAKARTA01\fauziah wildan  
Error,9/26/2017 8:23,EventCreate,1,None,Application,djkvdihost811.jakarta01.com,JAKARTA01\rudini  
Error,9/26/2017 8:23,EventCreate,1,None,Application,djkvdihost476.jakarta01.com,JAKARTA01\Kartina  
Error,9/26/2017 8:23,EventCreate,1,None,Application,djkvdihost043.jakarta01.com,JAKARTA01\dini hariyani  
Error,9/26/2017 8:23,EventCreate,1,None,Application,djkvdihost724.jakarta01.com,JAKARTA01\mpinto  
Error,9/26/2017 8:23,EventCreate,1,None,Application,djkvdihost746.jakarta01.com,JAKARTA01\Yudhadp  
Error,9/26/2017 8:22,EventCreate,1,None,Application,djkvdihost444.jakarta01.com,JAKARTA01\amiratul  
Error,9/26/2017 8:21,EventCreate,1,None,Application,djkvdihost622.jakarta01.com,JAKARTA01\Anton 2  
Error,9/26/2017 8:21,EventCreate,1,None,Application,djkvdihost100.jakarta01.com,JAKARTA01\alvian  
Error,9/26/2017 8:22,EventCreate,1,None,Application,djkvdihost714.jakarta01.com,JAKARTA01\rifan  
Error,9/26/2017 8:21,EventCreate,1,None,Application,djkvdihost679.jakarta01.com,JAKARTA01\yansen  
Error,9/26/2017 8:21,EventCreate,1,None,Application,djkvdihost479.jakarta01.com,JAKARTA01\guestISD44  
Error,9/26/2017 8:20,EventCreate,1,None,Application,djkvdihost714.jakarta01.com,JAKARTA01\rifan  
Error,9/26/2017 8:19,EventCreate,1,None,Application,djkvdihost096.jakarta01.com,JAKARTA01\Virgitha  
Error,9/26/2017 8:19,Application Error,1000,-100,Application,djkvdihost096.jakarta01.com,"Faulting application name: EXCEL.EXE, version: 15.0.4919.1000, time stamp: 0x58c7ab0f
Faulting module name: EXCEL.EXE, version: 15.0.4919.1000, time stamp: 0x58c7ab0f
Exception code: 0xc0000005
Fault offset: 0x00072187
Faulting process id: 0x186c
Faulting application start time: 0x01d3365a5c3affdd
Faulting application path: C:\Program Files\Microsoft Office\Office15\EXCEL.EXE
Faulting module path: C:\Program Files\Microsoft Office\Office15\EXCEL.EXE
Report Id: c9354431-a258-11e7-8685-0050569f108e"
Error,9/26/2017 8:20,EventCreate,1,None,Application,djkvdihost220.jakarta01.com,JAKARTA01\Guestisd30  
Error,9/26/2017 8:20,EventCreate,1,None,Application,djkvdihost478.jakarta01.com,JAKARTA01\elvina  
Error,9/26/2017 8:20,EventCreate,1,None,Application,djkvdihost021.jakarta01.com,JAKARTA01\kurniawan  
Error,9/26/2017 8:19,EventCreate,1,None,Application,djkvdihost336.jakarta01.com,JAKARTA01\Sunaryo  
Error,9/26/2017 8:19,EventCreate,1,None,Application,djkvdihost100.jakarta01.com,JAKARTA01\alvian  
Error,9/26/2017 8:19,EventCreate,1,None,Application,djkvdihost044.jakarta01.com,JAKARTA01\andryan  
Error,9/26/2017 8:19,EventCreate,1,None,Application,djkvdihost119.jakarta01.com,JAKARTA01\edwin  
Error,9/26/2017 8:19,Application Error,1000,-100,Application,djkvdihost119.jakarta01.com,"Faulting application name: spoolsv.exe, version: 6.1.7601.17777, time stamp: 0x4f35efc3
Faulting module name: msvcrt.dll, version: 7.0.7601.17744, time stamp: 0x4eeaf722
Exception code: 0xc0000005
Fault offset: 0x0000aa14
Faulting process id: 0x640
Faulting application start time: 0x01d336112b755e8c
Faulting application path: C:\Windows\System32\spoolsv.exe
Faulting module path: C:\Windows\system32\msvcrt.dll
Report Id: b2e705e7-a258-11e7-b327-0050569f2a4c"
Error,9/26/2017 8:18,EventCreate,1,None,Application,djkvdihost361.jakarta01.com,JAKARTA01\nurul  
Error,9/26/2017 8:18,EventCreate,1,None,Application,djkvdihost739.jakarta01.com,JAKARTA01\Pricillia  
Error,9/26/2017 8:18,EventCreate,1,None,Application,djkvdihost259.jakarta01.com,JAKARTA01\tara  
Error,9/26/2017 8:18,EventCreate,1,None,Application,djkvdihost044.jakarta01.com,JAKARTA01\andryan  
Error,9/26/2017 8:18,EventCreate,1,None,Application,djkvdihost362.jakarta01.com,JAKARTA01\asep  
Error,9/26/2017 8:18,EventCreate,1,None,Application,djkvdihost198.jakarta01.com,JAKARTA01\GUESTISD26  
Error,9/26/2017 8:18,EventCreate,1,None,Application,djkvdihost578.jakarta01.com,JAKARTA01\citra  
Error,9/26/2017 8:18,EventCreate,1,None,Application,djkvdihost361.jakarta01.com,JAKARTA01\nurul  
Error,9/26/2017 8:17,EventCreate,1,None,Application,djkvdihost253.jakarta01.com,JAKARTA01\Arina  
Error,9/26/2017 8:18,EventCreate,1,None,Application,djkvdihost192.jakarta01.com,JAKARTA01\nugrah  
Error,9/26/2017 8:17,EventCreate,1,None,Application,djkvdihost544.jakarta01.com,JAKARTA01\finessya  
Error,9/26/2017 8:17,EventCreate,1,None,Application,djkvdihost299.jakarta01.com,JAKARTA01\Tri Ari  
Error,9/26/2017 8:17,EventCreate,1,None,Application,djkvdihost044.jakarta01.com,JAKARTA01\andryan  
Error,9/26/2017 8:16,EventCreate,1,None,Application,djkvdihost259.jakarta01.com,JAKARTA01\tara  
Error,9/26/2017 8:16,EventCreate,1,None,Application,djkvdihost183.jakarta01.com,JAKARTA01\GuestISD49  
Error,9/26/2017 8:16,EventCreate,1,None,Application,djkvdihost544.jakarta01.com,JAKARTA01\finessya  
Error,9/26/2017 8:16,EventCreate,1,None,Application,djkvdihost299.jakarta01.com,JAKARTA01\Tri Ari  
Error,9/26/2017 8:16,EventCreate,1,None,Application,djkvdihost006.jakarta01.com,JAKARTA01\Doris  
Error,9/26/2017 8:16,EventCreate,1,None,Application,djkvdihost255.jakarta01.com,JAKARTA01\Lutfi  
Error,9/26/2017 8:16,EventCreate,1,None,Application,djkvdihost286.jakarta01.com,JAKARTA01\Winda  
Error,9/26/2017 8:16,EventCreate,1,None,Application,djkvdihost544.jakarta01.com,JAKARTA01\finessya  
Error,9/26/2017 8:15,EventCreate,1,None,Application,djkvdihost434.jakarta01.com,JAKARTA01\katrin  
Error,9/26/2017 8:15,EventCreate,1,None,Application,djkvdihost298.jakarta01.com,JAKARTA01\idams  
Error,9/26/2017 8:15,EventCreate,1,None,Application,djkvdihost299.jakarta01.com,JAKARTA01\Tri Ari  
Error,9/26/2017 8:15,EventCreate,1,None,Application,djkvdihost664.jakarta01.com,JAKARTA01\Elisabeth  
Error,9/26/2017 8:15,EventCreate,1,None,Application,djkvdihost080.jakarta01.com,JAKARTA01\rudy  
Error,9/26/2017 8:15,EventCreate,1,None,Application,djkvdihost629.jakarta01.com,JAKARTA01\rasyid  
Error,9/26/2017 8:15,EventCreate,1,None,Application,djkvdihost227.jakarta01.com,JAKARTA01\Linda Marshelia  
Error,9/26/2017 8:15,EventCreate,1,None,Application,djkvdihost497.jakarta01.com,JAKARTA01\haedar  
Error,9/26/2017 8:15,EventCreate,1,None,Application,djkvdihost411.jakarta01.com,JAKARTA01\genarosa  
Error,9/26/2017 8:14,WSH,1,None,Application,djkvdihost664.jakarta01.com,"CN=Elisabeth Evaty Dewi password will expire in 2 day(s) at 9/28/2017 4:12:02 PM

Press CTRL + ALT + DEL and select the ""Change a password"" option."
Error,9/26/2017 8:15,EventCreate,1,None,Application,djkvdihost826.jakarta01.com,JAKARTA01\Novita rahayu  
Error,9/26/2017 8:15,EventCreate,1,None,Application,djkvdihost133.jakarta01.com,JAKARTA01\Rana  
Error,9/26/2017 8:14,EventCreate,1,None,Application,djkvdihost575.jakarta01.com,JAKARTA01\Adhi Nur  
Error,9/26/2017 8:14,EventCreate,1,None,Application,djkvdihost805.jakarta01.com,JAKARTA01\rahma  
Error,9/26/2017 8:14,EventCreate,1,None,Application,djkvdihost468.jakarta01.com,JAKARTA01\fardhady  
Error,9/26/2017 8:14,WSH,1,None,Application,djkvdihost664.jakarta01.com,"CN=Elisabeth Evaty Dewi password will expire in 2 day(s) at 9/28/2017 4:12:02 PM

Press CTRL + ALT + DEL and select the ""Change a password"" option."
Error,9/26/2017 8:14,EventCreate,1,None,Application,djkvdihost802.jakarta01.com,JAKARTA01\wiranti  
Error,9/26/2017 8:14,EventCreate,1,None,Application,djkvdihost321.jakarta01.com,JAKARTA01\sitti  
Error,9/26/2017 8:14,EventCreate,1,None,Application,djkvdihost726.jakarta01.com,JAKARTA01\Dini Rahmawati  
Error,9/26/2017 8:14,Application Error,1000,-100,Application,djkvdihost321.jakarta01.com,"Faulting application name: spoolsv.exe, version: 6.1.7601.17777, time stamp: 0x4f35efc3
Faulting module name: msvcrt.dll, version: 7.0.7601.17744, time stamp: 0x4eeaf722
Exception code: 0xc0000005
Fault offset: 0x0000aa14
Faulting process id: 0x634
Faulting application start time: 0x01d335e5645e7a18
Faulting application path: C:\Windows\System32\spoolsv.exe
Faulting module path: C:\Windows\system32\msvcrt.dll
Report Id: fb302f7a-a257-11e7-ab30-0050569f78a6"
Error,9/26/2017 8:13,EventCreate,1,None,Application,djkvdihost150.jakarta01.com,JAKARTA01\riaanggreyni  
Error,9/26/2017 8:13,EventCreate,1,None,Application,djkvdihost468.jakarta01.com,JAKARTA01\fardhady  
Error,9/26/2017 8:13,EventCreate,1,None,Application,djkvdihost670.jakarta01.com,JAKARTA01\puspitasari  
Error,9/26/2017 8:13,EventCreate,1,None,Application,djkvdihost048.jakarta01.com,JAKARTA01\Thalia  
Error,9/26/2017 8:13,Application Error,1000,-100,Application,djkvdihost048.jakarta01.com,"Faulting application name: spoolsv.exe, version: 6.1.7601.17777, time stamp: 0x4f35efc3
Faulting module name: msvcrt.dll, version: 7.0.7601.17744, time stamp: 0x4eeaf722
Exception code: 0xc0000005
Fault offset: 0x0000aa14
Faulting process id: 0x638
Faulting application start time: 0x01d33610e3ee941e
Faulting application path: C:\Windows\System32\spoolsv.exe
Faulting module path: C:\Windows\system32\msvcrt.dll
Report Id: de40e663-a257-11e7-a09e-0050569f751d"
Error,9/26/2017 8:13,EventCreate,1,None,Application,djkvdihost496.jakarta01.com,JAKARTA01\augtiaji  
Error,9/26/2017 8:13,EventCreate,1,None,Application,djkvdihost395.jakarta01.com,JAKARTA01\ardiana  
Error,9/26/2017 8:13,EventCreate,1,None,Application,djkvdihost190.jakarta01.com,JAKARTA01\ibahtiar  
Error,9/26/2017 8:12,EventCreate,1,None,Application,djkvdihost557.jakarta01.com,JAKARTA01\lenny  
Error,9/26/2017 8:12,WSH,1,None,Application,djkvdihost496.jakarta01.com,"CN=Augtiaji Awang Baskoro password will expire in 2 day(s) at 9/28/2017 8:00:28 AM

Press CTRL + ALT + DEL and select the ""Change a password"" option."
Error,9/26/2017 8:12,EventCreate,1,None,Application,djkvdihost824.jakarta01.com,JAKARTA01\erik  
Error,9/26/2017 8:12,EventCreate,1,None,Application,djkvdihost532.jakarta01.com,JAKARTA01\sutedja  
Error,9/26/2017 8:12,WSH,1,None,Application,djkvdihost496.jakarta01.com,"CN=Augtiaji Awang Baskoro password will expire in 2 day(s) at 9/28/2017 8:00:28 AM

Press CTRL + ALT + DEL and select the ""Change a password"" option."
Error,9/26/2017 8:12,EventCreate,1,None,Application,djkvdihost737.jakarta01.com,JAKARTA01\meity  
Error,9/26/2017 8:12,EventCreate,1,None,Application,djkvdihost557.jakarta01.com,JAKARTA01\lenny  
Error,9/26/2017 8:12,EventCreate,1,None,Application,djkvdihost324.jakarta01.com,JAKARTA01\Arlyne  
Error,9/26/2017 8:11,EventCreate,1,None,Application,djkvdihost237.jakarta01.com,JAKARTA01\subhan  
Error,9/26/2017 8:12,EventCreate,1,None,Application,djkvdihost552.jakarta01.com,JAKARTA01\Daniel  
Error,9/26/2017 8:11,EventCreate,1,None,Application,djkvdihost599.jakarta01.com,JAKARTA01\MSandy  
Error,9/26/2017 8:11,EventCreate,1,None,Application,djkvdihost142.jakarta01.com,JAKARTA01\ronald david  
Error,9/26/2017 8:11,EventCreate,1,None,Application,djkvdihost552.jakarta01.com,JAKARTA01\Daniel  
Error,9/26/2017 8:11,EventCreate,1,None,Application,djkvdihost240.jakarta01.com,JAKARTA01\Ariestyo  
Error,9/26/2017 8:11,EventCreate,1,None,Application,djkvdihost237.jakarta01.com,JAKARTA01\subhan  
Error,9/26/2017 8:11,EventCreate,1,None,Application,djkvdihost355.jakarta01.com,JAKARTA01\mery  
Error,9/26/2017 8:11,EventCreate,1,None,Application,djkvdihost088.jakarta01.com,JAKARTA01\daniel pontifek  
Error,9/26/2017 8:11,EventCreate,1,None,Application,djkvdihost384.jakarta01.com,JAKARTA01\dadang  
Error,9/26/2017 8:11,EventCreate,1,None,Application,djkvdihost823.jakarta01.com,JAKARTA01\Darmawan  
Error,9/26/2017 8:11,EventCreate,1,None,Application,djkvdihost318.jakarta01.com,JAKARTA01\linda  
Error,9/26/2017 8:10,EventCreate,1,None,Application,djkvdihost463.jakarta01.com,JAKARTA01\phia  
Error,9/26/2017 8:10,EventCreate,1,None,Application,djkvdihost472.jakarta01.com,JAKARTA01\AULIASA  
Error,9/26/2017 8:10,EventCreate,1,None,Application,djkvdihost598.jakarta01.com,JAKARTA01\sergi  
Error,9/26/2017 8:10,EventCreate,1,None,Application,djkvdihost318.jakarta01.com,JAKARTA01\linda  
Error,9/26/2017 8:10,EventCreate,1,None,Application,djkvdihost048.jakarta01.com,JAKARTA01\Thalia  
Error,9/26/2017 8:10,Application Error,1000,-100,Application,djkvdihost463.jakarta01.com,"Faulting application name: PhotoScreensaver.scr, version: 6.1.7601.17514, time stamp: 0x4ce7a590
Faulting module name: SHELL32.dll, version: 6.1.7601.23537, time stamp: 0x57c450f4
Exception code: 0xc0000005
Fault offset: 0x001f269f
Faulting process id: 0x1e0c
Faulting application start time: 0x01d3366392050fcd
Faulting application path: C:\Windows\system32\PhotoScreensaver.scr
Faulting module path: C:\Windows\system32\SHELL32.dll
Report Id: 76f3b82d-a257-11e7-9478-0050569f143b"
Error,9/26/2017 8:10,EventCreate,1,None,Application,djkvdihost379.jakarta01.com,JAKARTA01\oliviales  
Error,9/26/2017 8:10,EventCreate,1,None,Application,djkvdihost113.jakarta01.com,JAKARTA01\eriku  
Error,9/26/2017 8:10,EventCreate,1,None,Application,djkvdihost156.jakarta01.com,JAKARTA01\MegaDN  
Error,9/26/2017 8:10,EventCreate,1,None,Application,djkvdihost230.jakarta01.com,JAKARTA01\Adang  
Error,9/26/2017 8:10,EventCreate,1,None,Application,djkvdihost105.jakarta01.com,JAKARTA01\Clara  
Error,9/26/2017 8:10,EventCreate,1,None,Application,djkvdihost790.jakarta01.com,JAKARTA01\pahlevi  
Error,9/26/2017 8:10,EventCreate,1,None,Application,djkvdihost598.jakarta01.com,JAKARTA01\sergi  
Error,9/26/2017 8:09,EventCreate,1,None,Application,djkvdihost714.jakarta01.com,JAKARTA01\feni  
Error,9/26/2017 8:09,Application Error,1000,-100,Application,djkvdihost714.jakarta01.com,"Faulting application name: spoolsv.exe, version: 6.1.7601.17777, time stamp: 0x4f35efc3
Faulting module name: msvcrt.dll, version: 7.0.7601.17744, time stamp: 0x4eeaf722
Exception code: 0xc0000005
Fault offset: 0x0000aa14
Faulting process id: 0x63c
Faulting application start time: 0x01d335ee7b530939
Faulting application path: C:\Windows\System32\spoolsv.exe
Faulting module path: C:\Windows\system32\msvcrt.dll
Report Id: 58d1d72d-a257-11e7-8123-0050569f6ab5"
Error,9/26/2017 8:09,EventCreate,1,None,Application,djkvdihost598.jakarta01.com,JAKARTA01\sergi  
Error,9/26/2017 8:09,EventCreate,1,None,Application,djkvdihost471.jakarta01.com,JAKARTA01\pancaran  
Error,9/26/2017 8:09,EventCreate,1,None,Application,djkvdihost349.jakarta01.com,JAKARTA01\lieke  
Error,9/26/2017 8:08,EventCreate,1,None,Application,djkvdihost472.jakarta01.com,JAKARTA01\AULIASA  
Error,9/26/2017 8:09,EventCreate,1,None,Application,djkvdihost228.jakarta01.com,JAKARTA01\yosanta  
Error,9/26/2017 8:09,EventCreate,1,None,Application,djkvdihost152.jakarta01.com,JAKARTA01\Adi Saputra  
Error,9/26/2017 8:08,EventCreate,1,None,Application,djkvdihost314.jakarta01.com,JAKARTA01\Devina  
Error,9/26/2017 8:08,Application Error,1000,-100,Application,djkvdihost314.jakarta01.com,"Faulting application name: EXCEL.EXE, version: 15.0.4919.1000, time stamp: 0x58c7ab0f
Faulting module name: unknown, version: 0.0.0.0, time stamp: 0x00000000
Exception code: 0xc0000005
Fault offset: 0x00650070
Faulting process id: 0x14c
Faulting application start time: 0x01d3366402f69afb
Faulting application path: C:\Program Files\Microsoft Office\Office15\EXCEL.EXE
Faulting module path: unknown
Report Id: 432377bb-a257-11e7-96e8-0050569f5e4e"
Error,9/26/2017 8:09,EventCreate,1,None,Application,djkvdihost019.jakarta01.com,JAKARTA01\raditya  
Error,9/26/2017 8:09,EventCreate,1,None,Application,djkvdihost146.jakarta01.com,JAKARTA01\astio  
Error,9/26/2017 8:08,EventCreate,1,None,Application,djkvdihost521.jakarta01.com,JAKARTA01\Darmi  
Error,9/26/2017 8:08,EventCreate,1,None,Application,djkvdihost045.jakarta01.com,JAKARTA01\hardianbp  
Error,9/26/2017 8:08,Application Error,1000,-100,Application,djkvdihost019.jakarta01.com,"Faulting application name: wfcrun32.exe, version: 14.4.1000.16, time stamp: 0x571e1bd4
Faulting module name: USER32.dll, version: 6.1.7601.23594, time stamp: 0x58249e2b
Exception code: 0xc0000409
Fault offset: 0x00066364
Faulting process id: 0x186c
Faulting application start time: 0x01d33663fb3034fb
Faulting application path: C:\Program Files\Citrix\ICA Client\wfcrun32.exe
Faulting module path: C:\Windows\system32\USER32.dll
Report Id: 3b1ccd8e-a257-11e7-8fc7-0050569f4f8a"
Error,9/26/2017 8:08,EventCreate,1,None,Application,djkvdihost238.jakarta01.com,JAKARTA01\EDameria  
Error,9/26/2017 8:08,EventCreate,1,None,Application,djkvdihost176.jakarta01.com,JAKARTA01\ni ketut  
Error,9/26/2017 8:08,EventCreate,1,None,Application,djkvdihost418.jakarta01.com,JAKARTA01\krisnawan  
Error,9/26/2017 8:08,EventCreate,1,None,Application,djkvdihost628.jakarta01.com,JAKARTA01\Dini  
Error,9/26/2017 8:08,EventCreate,1,None,Application,djkvdihost751.jakarta01.com,JAKARTA01\andrik  
Error,9/26/2017 8:07,EventCreate,1,None,Application,djkvdihost134.jakarta01.com,JAKARTA01\barry  
Error,9/26/2017 8:07,Application Error,1000,-100,Application,djkvdihost134.jakarta01.com,"Faulting application name: spoolsv.exe, version: 6.1.7601.17777, time stamp: 0x4f35efc3
Faulting module name: msvcrt.dll, version: 7.0.7601.17744, time stamp: 0x4eeaf722
Exception code: 0xc0000005
Fault offset: 0x0000aa14
Faulting process id: 0x638
Faulting application start time: 0x01d335e738f1fb7a
Faulting application path: C:\Windows\System32\spoolsv.exe
Faulting module path: C:\Windows\system32\msvcrt.dll
Report Id: 1780c597-a257-11e7-bab6-0050569f5725"
Error,9/26/2017 8:08,EventCreate,1,None,Application,djkvdihost488.jakarta01.com,JAKARTA01\samsul  
Error,9/26/2017 8:08,EventCreate,1,None,Application,djkvdihost346.jakarta01.com,JAKARTA01\badrudin  
Error,9/26/2017 8:08,EventCreate,1,None,Application,djkvdihost589.jakarta01.com,JAKARTA01\william  
Error,9/26/2017 8:07,EventCreate,1,None,Application,djkvdihost224.jakarta01.com,JAKARTA01\Dilla  
Error,9/26/2017 8:07,EventCreate,1,None,Application,djkvdihost224.jakarta01.com,JAKARTA01\Dilla  
Error,9/26/2017 8:07,EventCreate,1,None,Application,djkvdihost810.jakarta01.com,JAKARTA01\MuhammadH  
Error,9/26/2017 8:07,EventCreate,1,None,Application,djkvdihost386.jakarta01.com,JAKARTA01\tyas  
Error,9/26/2017 8:07,EventCreate,1,None,Application,djkvdihost707.jakarta01.com,JAKARTA01\dolly  
Error,9/26/2017 8:06,EventCreate,1,None,Application,djkvdihost869.jakarta01.com,JAKARTA01\harry  
Error,9/26/2017 8:06,EventCreate,1,None,Application,djkvdihost470.jakarta01.com,JAKARTA01\fediana  
Error,9/26/2017 8:06,EventCreate,1,None,Application,djkvdihost766.jakarta01.com,JAKARTA01\veronicam  
Error,9/26/2017 8:06,EventCreate,1,None,Application,djkvdihost684.jakarta01.com,JAKARTA01\Latiefah  
Error,9/26/2017 8:05,EventCreate,1,None,Application,djkvdihost106.jakarta01.com,JAKARTA01\agnesthine  
Error,9/26/2017 8:05,EventCreate,1,None,Application,djkvdihost074.jakarta01.com,JAKARTA01\dhimas  
Error,9/26/2017 8:05,EventCreate,1,None,Application,djkvdihost519.jakarta01.com,JAKARTA01\ahmad  
Error,9/26/2017 8:05,EventCreate,1,None,Application,djkvdihost640.jakarta01.com,JAKARTA01\daniel chin  
Error,9/26/2017 8:05,EventCreate,1,None,Application,djkvdihost409.jakarta01.com,JAKARTA01\wulan  
Error,9/26/2017 8:05,EventCreate,1,None,Application,djkvdihost157.jakarta01.com,JAKARTA01\Darmawati  
Error,9/26/2017 8:04,EventCreate,1,None,Application,djkvdihost035.jakarta01.com,JAKARTA01\marie  
Error,9/26/2017 8:04,EventCreate,1,None,Application,djkvdihost514.jakarta01.com,JAKARTA01\wahyudj  
Error,9/26/2017 8:04,EventCreate,1,None,Application,djkvdihost294.jakarta01.com,JAKARTA01\muhammadhakim  
Error,9/26/2017 8:04,EventCreate,1,None,Application,djkvdihost259.jakarta01.com,JAKARTA01\iqbal maulanasani  
Error,9/26/2017 8:04,EventCreate,1,None,Application,djkvdihost295.jakarta01.com,JAKARTA01\mega  
Error,9/26/2017 8:04,EventCreate,1,None,Application,djkvdihost544.jakarta01.com,JAKARTA01\wisnu  
Error,9/26/2017 8:04,EventCreate,1,None,Application,djkvdihost494.jakarta01.com,JAKARTA01\giandripn  
Error,9/26/2017 8:04,EventCreate,1,None,Application,djkvdihost520.jakarta01.com,JAKARTA01\andriana  
Error,9/26/2017 8:04,EventCreate,1,None,Application,djkvdihost086.jakarta01.com,JAKARTA01\ayu  
Error,9/26/2017 8:04,EventCreate,1,None,Application,djkvdihost807.jakarta01.com,JAKARTA01\victor  
Error,9/26/2017 8:04,EventCreate,1,None,Application,djkvdihost256.jakarta01.com,JAKARTA01\Agus  
Error,9/26/2017 8:04,Application Error,1000,-100,Application,djkvdihost035.jakarta01.com,"Faulting application name: wfcrun32.exe, version: 14.4.1000.16, time stamp: 0x571e1bd4
Faulting module name: unknown, version: 0.0.0.0, time stamp: 0x00000000
Exception code: 0xc0000005
Fault offset: 0x7748e1a9
Faulting process id: 0x1af0
Faulting application start time: 0x01d33663631f9b1b
Faulting application path: C:\Program Files\Citrix\ICA Client\wfcrun32.exe
Faulting module path: unknown
Report Id: a3a73a3f-a256-11e7-9662-0050569f3ac9"
Error,9/26/2017 8:04,EventCreate,1,None,Application,djkvdihost436.jakarta01.com,JAKARTA01\iva  
Error,9/26/2017 8:04,EventCreate,1,None,Application,djkvdihost465.jakarta01.com,JAKARTA01\sorayahs  
Error,9/26/2017 8:04,EventCreate,1,None,Application,djkvdihost800.jakarta01.com,JAKARTA01\yenny  
Error,9/26/2017 8:04,EventCreate,1,None,Application,djkvdihost299.jakarta01.com,JAKARTA01\handayani  
Error,9/26/2017 8:03,EventCreate,1,None,Application,djkvdihost902.jakarta01.com,JAKARTA01\Indra Bramantyono  
Error,9/26/2017 8:04,EventCreate,1,None,Application,djkvdihost013.jakarta01.com,JAKARTA01\yusdian  
Error,9/26/2017 8:04,Application Error,1000,-100,Application,djkvdihost807.jakarta01.com,"Faulting application name: spoolsv.exe, version: 6.1.7601.17777, time stamp: 0x4f35efc3
Faulting module name: msvcrt.dll, version: 7.0.7601.17744, time stamp: 0x4eeaf722
Exception code: 0xc0000005
Fault offset: 0x0000aa14
Faulting process id: 0x638
Faulting application start time: 0x01d335faeaede79d
Faulting application path: C:\Windows\System32\spoolsv.exe
Faulting module path: C:\Windows\system32\msvcrt.dll
Report Id: 97cad903-a256-11e7-b6cb-0050569f071c"
Error,9/26/2017 8:04,EventCreate,1,None,Application,djkvdihost820.jakarta01.com,JAKARTA01\rizal  
Error,9/26/2017 8:03,EventCreate,1,None,Application,djkvdihost092.jakarta01.com,JAKARTA01\Rizky Anggari  
Error,9/26/2017 8:03,EventCreate,1,None,Application,djkvdihost131.jakarta01.com,JAKARTA01\Helena  
Error,9/26/2017 8:03,EventCreate,1,None,Application,djkvdihost368.jakarta01.com,JAKARTA01\Fitri Nawawi  
Error,9/26/2017 8:03,WSH,1,None,Application,djkvdihost902.jakarta01.com,"CN=Indra Bramantyono password will expire in 2 day(s) at 9/28/2017 7:52:05 AM

Press CTRL + ALT + DEL and select the ""Change a password"" option."
Error,9/26/2017 8:03,EventCreate,1,None,Application,djkvdihost203.jakarta01.com,JAKARTA01\kristiana  
Error,9/26/2017 8:03,EventCreate,1,None,Application,djkvdihost690.jakarta01.com,JAKARTA01\belly  
Error,9/26/2017 8:03,EventCreate,1,None,Application,djkvdihost141.jakarta01.com,JAKARTA01\driarkoro  
Error,9/26/2017 8:03,EventCreate,1,None,Application,djkvdihost208.jakarta01.com,JAKARTA01\supris  
Error,9/26/2017 8:03,EventCreate,1,None,Application,djkvdihost764.jakarta01.com,JAKARTA01\fatima  
Error,9/26/2017 8:03,WSH,1,None,Application,djkvdihost902.jakarta01.com,"CN=Indra Bramantyono password will expire in 2 day(s) at 9/28/2017 7:52:05 AM

Press CTRL + ALT + DEL and select the ""Change a password"" option."
Error,9/26/2017 8:02,EventCreate,1,None,Application,djkvdihost368.jakarta01.com,JAKARTA01\Fitri Nawawi  
Error,9/26/2017 8:02,EventCreate,1,None,Application,djkvdihost174.jakarta01.com,JAKARTA01\zulkarnaena  
Error,9/26/2017 8:02,EventCreate,1,None,Application,djkvdihost128.jakarta01.com,JAKARTA01\lileliza  
Error,9/26/2017 8:02,EventCreate,1,None,Application,djkvdihost472.jakarta01.com,JAKARTA01\raymond  
Error,9/26/2017 8:02,EventCreate,1,None,Application,djkvdihost193.jakarta01.com,JAKARTA01\Yunita2  
Error,9/26/2017 8:02,EventCreate,1,None,Application,djkvdihost595.jakarta01.com,JAKARTA01\Felix  
Error,9/26/2017 8:02,EventCreate,1,None,Application,djkvdihost526.jakarta01.com,JAKARTA01\heriansyah  
Error,9/26/2017 8:02,EventCreate,1,None,Application,djkvdihost296.jakarta01.com,JAKARTA01\airin  
Error,9/26/2017 8:02,EventCreate,1,None,Application,djkvdihost561.jakarta01.com,JAKARTA01\reza  
Error,9/26/2017 8:02,EventCreate,1,None,Application,djkvdihost104.jakarta01.com,JAKARTA01\enrikko  
Error,9/26/2017 8:02,EventCreate,1,None,Application,djkvdihost526.jakarta01.com,JAKARTA01\heriansyah  
Error,9/26/2017 8:01,EventCreate,1,None,Application,djkvdihost770.jakarta01.com,JAKARTA01\indra jayadi  
Error,9/26/2017 8:01,EventCreate,1,None,Application,djkvdihost181.jakarta01.com,JAKARTA01\Puspa  
Error,9/26/2017 8:01,EventCreate,1,None,Application,djkvdihost504.jakarta01.com,JAKARTA01\muhammady  
Error,9/26/2017 8:01,EventCreate,1,None,Application,djkvdihost267.jakarta01.com,JAKARTA01\janna  
Error,9/26/2017 8:01,EventCreate,1,None,Application,djkvdihost365.jakarta01.com,JAKARTA01\tri wahyu  
Error,9/26/2017 8:01,EventCreate,1,None,Application,djkvdihost540.jakarta01.com,JAKARTA01\Ahmad Hidayat  
Error,9/26/2017 8:00,EventCreate,1,None,Application,djkvdihost002.jakarta01.com,JAKARTA01\DanielAW  
Error,9/26/2017 8:01,EventCreate,1,None,Application,djkvdihost243.jakarta01.com,JAKARTA01\karmenia  
Error,9/26/2017 8:01,EventCreate,1,None,Application,djkvdihost342.jakarta01.com,JAKARTA01\fathur  
Error,9/26/2017 8:01,EventCreate,1,None,Application,djkvdihost188.jakarta01.com,JAKARTA01\Nazlaini  
Error,9/26/2017 8:01,EventCreate,1,None,Application,djkvdihost602.jakarta01.com,JAKARTA01\Leonardus  
Error,9/26/2017 8:01,EventCreate,1,None,Application,djkvdihost541.jakarta01.com,JAKARTA01\Bambang  
Error,9/26/2017 8:01,EventCreate,1,None,Application,djkvdihost692.jakarta01.com,JAKARTA01\R Syafira  
Error,9/26/2017 8:00,EventCreate,1,None,Application,djkvdihost002.jakarta01.com,JAKARTA01\DanielAW  
Error,9/26/2017 8:01,EventCreate,1,None,Application,djkvdihost093.jakarta01.com,JAKARTA01\teddyks  
Error,9/26/2017 8:01,EventCreate,1,None,Application,djkvdihost701.jakarta01.com,JAKARTA01\saputro  
Error,9/26/2017 8:01,EventCreate,1,None,Application,djkvdihost283.jakarta01.com,JAKARTA01\gian  
Error,9/26/2017 8:00,EventCreate,1,None,Application,djkvdihost280.jakarta01.com,JAKARTA01\sonson  
Error,9/26/2017 8:00,EventCreate,1,None,Application,djkvdihost396.jakarta01.com,JAKARTA01\alifah  
Error,9/26/2017 8:00,EventCreate,1,None,Application,djkvdihost723.jakarta01.com,JAKARTA01\yoga  
Error,9/26/2017 8:00,EventCreate,1,None,Application,djkvdihost233.jakarta01.com,JAKARTA01\anjani  
Error,9/26/2017 8:00,EventCreate,1,None,Application,djkvdihost460.jakarta01.com,JAKARTA01\Ana  
Error,9/26/2017 8:00,EventCreate,1,None,Application,djkvdihost602.jakarta01.com,JAKARTA01\Leonardus  
Error,9/26/2017 8:00,EventCreate,1,None,Application,djkvdihost745.jakarta01.com,JAKARTA01\Rahmat  
Error,9/26/2017 8:00,EventCreate,1,None,Application,djkvdihost351.jakarta01.com,JAKARTA01\chalfin  
Error,9/26/2017 8:00,EventCreate,1,None,Application,djkvdihost057.jakarta01.com,JAKARTA01\puri  
Error,9/26/2017 8:00,EventCreate,1,None,Application,djkvdihost758.jakarta01.com,JAKARTA01\RatiAF  
Error,9/26/2017 8:00,EventCreate,1,None,Application,djkvdihost771.jakarta01.com,JAKARTA01\leonie  
Error,9/26/2017 8:00,EventCreate,1,None,Application,djkvdihost350.jakarta01.com,JAKARTA01\ouki  
Error,9/26/2017 8:00,EventCreate,1,None,Application,djkvdihost440.jakarta01.com,JAKARTA01\erminawati  
Error,9/26/2017 7:59,EventCreate,1,None,Application,djkvdihost421.jakarta01.com,JAKARTA01\fajar  
Error,9/26/2017 7:59,EventCreate,1,None,Application,djkvdihost291.jakarta01.com,JAKARTA01\zaldi  
Error,9/26/2017 7:59,EventCreate,1,None,Application,djkvdihost099.jakarta01.com,JAKARTA01\melani  
Error,9/26/2017 7:59,EventCreate,1,None,Application,djkvdihost317.jakarta01.com,JAKARTA01\BERNARDUS  
Error,9/26/2017 7:59,EventCreate,1,None,Application,djkvdihost540.jakarta01.com,JAKARTA01\Ahmad Hidayat  
Error,9/26/2017 7:59,EventCreate,1,None,Application,djkvdihost691.jakarta01.com,JAKARTA01\novianti  
Error,9/26/2017 7:59,EventCreate,1,None,Application,djkvdihost573.jakarta01.com,JAKARTA01\evanc  
Error,9/26/2017 7:59,EventCreate,1,None,Application,djkvdihost442.jakarta01.com,JAKARTA01\bella  
Error,9/26/2017 7:59,EventCreate,1,None,Application,djkvdihost580.jakarta01.com,JAKARTA01\budhasca  
Error,9/26/2017 7:59,EventCreate,1,None,Application,djkvdihost580.jakarta01.com,JAKARTA01\budhasca  
Error,9/26/2017 7:59,EventCreate,1,None,Application,djkvdihost580.jakarta01.com,JAKARTA01\budhasca  
Error,9/26/2017 7:59,EventCreate,1,None,Application,djkvdihost580.jakarta01.com,JAKARTA01\budhasca  
Error,9/26/2017 7:59,EventCreate,1,None,Application,djkvdihost196.jakarta01.com,JAKARTA01\palmella  
Error,9/26/2017 7:58,EventCreate,1,None,Application,djkvdihost179.jakarta01.com,JAKARTA01\MAUREEN  
Error,9/26/2017 7:59,EventCreate,1,None,Application,djkvdihost568.jakarta01.com,JAKARTA01\ailsa  
Error,9/26/2017 7:59,EventCreate,1,None,Application,djkvdihost250.jakarta01.com,JAKARTA01\Lordy  
Error,9/26/2017 7:59,Application Error,1000,-100,Application,djkvdihost421.jakarta01.com,"Faulting application name: spoolsv.exe, version: 6.1.7601.17777, time stamp: 0x4f35efc3
Faulting module name: msvcrt.dll, version: 7.0.7601.17744, time stamp: 0x4eeaf722
Exception code: 0xc0000005
Fault offset: 0x0000aa14
Faulting process id: 0x638
Faulting application start time: 0x01d335ea93a223e6
Faulting application path: C:\Windows\System32\spoolsv.exe
Faulting module path: C:\Windows\system32\msvcrt.dll
Report Id: ee1281dc-a255-11e7-884f-0050569f500d"
