Error,9/27/2017 6:52,EventCreate,1,None,Application,djkvdihost592.jakarta01.com,JAKARTA01\alexander  
Error,9/27/2017 6:52,EventCreate,1,None,Application,djkvdihost271.jakarta01.com,JAKARTA01\mulyono  
Error,9/27/2017 6:51,EventCreate,1,None,Application,djkvdihost368.jakarta01.com,JAKARTA01\agungwd  
Error,9/27/2017 6:48,EventCreate,1,None,Application,djkvdihost520.jakarta01.com,JAKARTA01\kartika  
Error,9/27/2017 6:47,EventCreate,1,None,Application,djkvdihost157.jakarta01.com,JAKARTA01\susanto  
Error,9/27/2017 6:44,EventCreate,1,None,Application,djkvdihost858.jakarta01.com,JAKARTA01\Ouchi  
Error,9/27/2017 6:44,EventCreate,1,None,Application,djkvdihost848.jakarta01.com,JAKARTA01\ueda  
Error,9/27/2017 6:43,EventCreate,1,None,Application,djkvdihost255.jakarta01.com,JAKARTA01\Virgitha  
Error,9/27/2017 6:40,EventCreate,1,None,Application,djkvdihost854.jakarta01.com,JAKARTA01\bobby  
Error,9/27/2017 6:40,EventCreate,1,None,Application,djkvdihost228.jakarta01.com,JAKARTA01\cahyaningtiyas  
Error,9/27/2017 6:39,EventCreate,1,None,Application,djkvdihost179.jakarta01.com,JAKARTA01\suwilhan  
Error,9/27/2017 6:40,EventCreate,1,None,Application,djkvdihost571.jakarta01.com,JAKARTA01\moh rinov  
Error,9/27/2017 6:39,WSH,1,None,Application,djkvdihost179.jakarta01.com,"CN=Suwilhan Suwilhan password will expire in 4 day(s) at 10/1/2017 6:47:54 AM

Press CTRL + ALT + DEL and select the ""Change a password"" option."
Error,9/27/2017 6:39,WSH,1,None,Application,djkvdihost179.jakarta01.com,"CN=Suwilhan Suwilhan password will expire in 4 day(s) at 10/1/2017 6:47:54 AM

Press CTRL + ALT + DEL and select the ""Change a password"" option."
Error,9/27/2017 6:38,EventCreate,1,None,Application,djkvdihost640.jakarta01.com,JAKARTA01\henny  
Error,9/27/2017 6:37,EventCreate,1,None,Application,djkvdihost682.jakarta01.com,JAKARTA01\hersiari  
Error,9/27/2017 6:36,EventCreate,1,None,Application,djkvdihost377.jakarta01.com,JAKARTA01\kezia  
Error,9/27/2017 6:36,EventCreate,1,None,Application,djkvdihost872.jakarta01.com,JAKARTA01\Machida  
Error,9/27/2017 6:35,WSH,1,None,Application,djkvdihost377.jakarta01.com,"CN=Kezia Hapsari Siswosoubrotho password will expire in 4 day(s) at 10/1/2017 8:08:44 AM

Press CTRL + ALT + DEL and select the ""Change a password"" option."
Error,9/27/2017 6:35,EventCreate,1,None,Application,djkvdihost156.jakarta01.com,JAKARTA01\tobing  
Error,9/27/2017 6:35,WSH,1,None,Application,djkvdihost377.jakarta01.com,"CN=Kezia Hapsari Siswosoubrotho password will expire in 4 day(s) at 10/1/2017 8:08:44 AM

Press CTRL + ALT + DEL and select the ""Change a password"" option."
Error,9/27/2017 6:35,EventCreate,1,None,Application,djkvdihost817.jakarta01.com,JAKARTA01\nugraha  
Error,9/27/2017 6:34,EventCreate,1,None,Application,djkvdihost817.jakarta01.com,JAKARTA01\nugraha  
Error,9/27/2017 6:35,EventCreate,1,None,Application,djkvdihost821.jakarta01.com,JAKARTA01\margiati  
Error,9/27/2017 6:35,EventCreate,1,None,Application,djkvdihost498.jakarta01.com,JAKARTA01\poetry  
Error,9/27/2017 6:34,EventCreate,1,None,Application,djkvdihost817.jakarta01.com,JAKARTA01\nugraha  
Error,9/27/2017 6:33,EventCreate,1,None,Application,djkvdihost245.jakarta01.com,JAKARTA01\taufik  
Error,9/27/2017 6:30,EventCreate,1,None,Application,djkvdihost069.jakarta01.com,JAKARTA01\sasono  
Error,9/27/2017 6:29,EventCreate,1,None,Application,djkvdihost414.jakarta01.com,JAKARTA01\yofiandhy  
Error,9/27/2017 6:29,EventCreate,1,None,Application,djkvdihost053.jakarta01.com,JAKARTA01\hideo  
Error,9/27/2017 6:29,EventCreate,1,None,Application,djkvdihost414.jakarta01.com,JAKARTA01\yofiandhy  
Error,9/27/2017 6:26,EventCreate,1,None,Application,djkvdihost493.jakarta01.com,JAKARTA01\ianm  
Error,9/27/2017 6:22,EventCreate,1,None,Application,djkvdihost846.jakarta01.com,JAKARTA01\hastari  
Error,9/27/2017 6:20,EventCreate,1,None,Application,djkvdihost552.jakarta01.com,JAKARTA01\Linah  
Error,9/27/2017 6:20,Application Error,1000,-100,Application,djkvdihost552.jakarta01.com,"Faulting application name: spoolsv.exe, version: 6.1.7601.17777, time stamp: 0x4f35efc3
Faulting module name: msvcrt.dll, version: 7.0.7601.17744, time stamp: 0x4eeaf722
Exception code: 0xc0000005
Fault offset: 0x0000aa14
Faulting process id: 0x634
Faulting application start time: 0x01d336ae8729aa6c
Faulting application path: C:\Windows\System32\spoolsv.exe
Faulting module path: C:\Windows\system32\msvcrt.dll
Report Id: 50c8c916-a311-11e7-aad4-0050569f13d9"
Error,9/27/2017 6:19,EventCreate,1,None,Application,djkvdihost476.jakarta01.com,JAKARTA01\Aviv  
Error,9/27/2017 6:18,EventCreate,1,None,Application,djkvdihost164.jakarta01.com,JAKARTA01\cut nyak  
Error,9/27/2017 6:17,EventCreate,1,None,Application,djkvdihost555.jakarta01.com,JAKARTA01\michael  
Error,9/27/2017 6:15,EventCreate,1,None,Application,djkvdihost612.jakarta01.com,JAKARTA01\mulyanto  
Error,9/27/2017 6:14,EventCreate,1,None,Application,djkvdihost237.jakarta01.com,JAKARTA01\olly  
Error,9/27/2017 6:14,EventCreate,1,None,Application,djkvdihost076.jakarta01.com,JAKARTA01\puji sih  
Error,9/27/2017 6:12,EventCreate,1,None,Application,djkvdihost358.jakarta01.com,JAKARTA01\ridjal  
Error,9/27/2017 6:10,EventCreate,1,None,Application,djkvdihost781.jakarta01.com,JAKARTA01\arqom  
Error,9/27/2017 6:09,EventCreate,1,None,Application,djkvdihost481.jakarta01.com,JAKARTA01\Idafarida  
Error,9/27/2017 6:00,EventCreate,1,None,Application,djkvdihost096.jakarta01.com,JAKARTA01\Ajie  
Error,9/27/2017 5:57,EventCreate,1,None,Application,djkvdihost010.jakarta01.com,JAKARTA01\Argo  
Error,9/27/2017 5:56,EventCreate,1,None,Application,djkvdihost406.jakarta01.com,JAKARTA01\dhara  
Error,9/27/2017 5:54,EventCreate,1,None,Application,djkvdihost285.jakarta01.com,JAKARTA01\Erick  
Error,9/27/2017 5:54,WSH,1,None,Application,djkvdihost285.jakarta01.com,"CN=Erick Eka Putra password will expire in 4 day(s) at 10/1/2017 6:09:39 AM

Press CTRL + ALT + DEL and select the ""Change a password"" option."
Error,9/27/2017 5:54,WSH,1,None,Application,djkvdihost285.jakarta01.com,"CN=Erick Eka Putra password will expire in 4 day(s) at 10/1/2017 6:09:39 AM

Press CTRL + ALT + DEL and select the ""Change a password"" option."
Error,9/27/2017 5:51,EventCreate,1,None,Application,djkvdihost534.jakarta01.com,JAKARTA01\santoso  
Error,9/27/2017 5:50,EventCreate,1,None,Application,djkvdihost818.jakarta01.com,JAKARTA01\midasope  
Error,9/27/2017 5:50,WSH,1,None,Application,djkvdihost818.jakarta01.com,"CN=MIDASOpe password will expire in 1 day(s) at 9/28/2017 6:03:07 AM

Press CTRL + ALT + DEL and select the ""Change a password"" option."
Error,9/27/2017 5:50,WSH,1,None,Application,djkvdihost818.jakarta01.com,"CN=MIDASOpe password will expire in 1 day(s) at 9/28/2017 6:03:07 AM

Press CTRL + ALT + DEL and select the ""Change a password"" option."
Error,9/27/2017 5:47,EventCreate,1,None,Application,djkvdihost586.jakarta01.com,JAKARTA01\anisa  
Error,9/27/2017 5:46,EventCreate,1,None,Application,djkvdihost650.jakarta01.com,JAKARTA01\yosiakarta  
Error,9/27/2017 5:46,WSH,1,None,Application,djkvdihost650.jakarta01.com,"CN=Yosiakarta Yosiakarta password will expire in 4 day(s) at 10/1/2017 12:55:05 PM

Press CTRL + ALT + DEL and select the ""Change a password"" option."
Error,9/27/2017 5:46,WSH,1,None,Application,djkvdihost650.jakarta01.com,"CN=Yosiakarta Yosiakarta password will expire in 4 day(s) at 10/1/2017 12:55:05 PM

Press CTRL + ALT + DEL and select the ""Change a password"" option."
Error,9/26/2017 21:02,EventCreate,1,None,Application,djkvdihost807.jakarta01.com,JAKARTA01\Teguh Aji  
Error,9/26/2017 21:02,EventCreate,1,None,Application,djkvdihost807.jakarta01.com,JAKARTA01\Teguh Aji  
Error,9/26/2017 20:15,EventCreate,1,None,Application,djkvdihost430.jakarta01.com,JAKARTA01\fferdian  
Error,9/26/2017 20:14,Application Error,1000,-100,Application,djkvdihost430.jakarta01.com,"Faulting application name: iexplore.exe, version: 11.0.9600.18639, time stamp: 0x58d6bb0d
Faulting module name: MSHTML.dll, version: 11.0.9600.18639, time stamp: 0x58d6c720
Exception code: 0xc0000005
Fault offset: 0x000ac604
Faulting process id: 0x1a08
Faulting application start time: 0x01d3366040eb97a9
Faulting application path: C:\Program Files\Internet Explorer\iexplore.exe
Faulting module path: C:\Windows\system32\MSHTML.dll
Report Id: b24a761d-a2bc-11e7-bf5e-0050569f0add"
Error,9/26/2017 20:08,EventCreate,1,None,Application,djkvdihost104.jakarta01.com,JAKARTA01\enrikko  
Error,9/26/2017 20:08,Application Error,1000,-100,Application,djkvdihost104.jakarta01.com,"Faulting application name: iexplore.exe, version: 11.0.9600.18639, time stamp: 0x58d6bb0d
Faulting module name: MSHTML.dll, version: 11.0.9600.18639, time stamp: 0x58d6c720
Exception code: 0xc0000005
Fault offset: 0x000ac604
Faulting process id: 0x197c
Faulting application start time: 0x01d33662fe629373
Faulting application path: C:\Program Files\Internet Explorer\iexplore.exe
Faulting module path: C:\Windows\system32\MSHTML.dll
Report Id: cc5139fc-a2bb-11e7-9137-0050569f3d56"
Error,9/26/2017 19:56,EventCreate,1,None,Application,djkvdihost235.jakarta01.com,JAKARTA01\ipuk  
Error,9/26/2017 19:56,EventCreate,1,None,Application,djkvdihost235.jakarta01.com,JAKARTA01\ipuk  
Error,9/26/2017 19:46,EventCreate,1,None,Application,djkvdihost414.jakarta01.com,JAKARTA01\gerald  
Error,9/26/2017 19:46,EventCreate,1,None,Application,djkvdihost414.jakarta01.com,JAKARTA01\gerald  
Error,9/26/2017 19:41,EventCreate,1,None,Application,djkvdihost792.jakarta01.com,JAKARTA01\wicaksono  
Error,9/26/2017 19:41,EventCreate,1,None,Application,djkvdihost792.jakarta01.com,JAKARTA01\wicaksono  
Error,9/26/2017 19:23,EventCreate,1,None,Application,djkvdihost635.jakarta01.com,JAKARTA01\andre cahyono  
Error,9/26/2017 19:00,EventCreate,1,None,Application,djkvdihost746.jakarta01.com,JAKARTA01\GUESTISD34  
Error,9/26/2017 18:29,EventCreate,1,None,Application,djkvdihost701.jakarta01.com,JAKARTA01\rahmatia  
Error,9/26/2017 18:29,EventCreate,1,None,Application,djkvdihost701.jakarta01.com,JAKARTA01\rahmatia  
Error,9/26/2017 18:29,EventCreate,1,None,Application,djkvdihost701.jakarta01.com,JAKARTA01\rahmatia  
Error,9/26/2017 18:29,EventCreate,1,None,Application,djkvdihost701.jakarta01.com,JAKARTA01\rahmatia  
Error,9/26/2017 18:28,EventCreate,1,None,Application,djkvdihost111.jakarta01.com,JAKARTA01\krisna  
Error,9/26/2017 18:28,Application Error,1000,-100,Application,djkvdihost111.jakarta01.com,"Faulting application name: OUTLOOK.EXE, version: 15.0.4919.1001, time stamp: 0x58d20482
Faulting module name: OUTLOOK.EXE, version: 15.0.4919.1001, time stamp: 0x58d20482
Exception code: 0xc0000005
Fault offset: 0x008924c4
Faulting process id: 0x1804
Faulting application start time: 0x01d3366289e8dcef
Faulting application path: C:\Program Files\Microsoft Office\Office15\OUTLOOK.EXE
Faulting module path: C:\Program Files\Microsoft Office\Office15\OUTLOOK.EXE
Report Id: d3d20257-a2ad-11e7-9125-0050569f18ea"
Error,9/26/2017 18:22,EventCreate,1,None,Application,djkvdihost515.jakarta01.com,JAKARTA01\elestari  
Error,9/26/2017 18:21,EventCreate,1,None,Application,djkvdihost199.jakarta01.com,JAKARTA01\adhi  
Error,9/26/2017 18:16,EventCreate,1,None,Application,djkvdihost237.jakarta01.com,JAKARTA01\Dwi anisa  
Error,9/26/2017 18:15,EventCreate,1,None,Application,djkvdihost237.jakarta01.com,JAKARTA01\Dwi anisa  
Error,9/26/2017 18:15,EventCreate,1,None,Application,djkvdihost310.jakarta01.com,JAKARTA01\kartika  
Error,9/26/2017 18:15,Application Error,1000,-100,Application,djkvdihost310.jakarta01.com,"Faulting application name: OUTLOOK.EXE, version: 15.0.4919.1001, time stamp: 0x58d20482
Faulting module name: OUTLOOK.EXE, version: 15.0.4919.1001, time stamp: 0x58d20482
Exception code: 0xc0000005
Fault offset: 0x008924c4
Faulting process id: 0x1cb0
Faulting application start time: 0x01d3365bcb51b0cf
Faulting application path: C:\Program Files\Microsoft Office\Office15\OUTLOOK.EXE
Faulting module path: C:\Program Files\Microsoft Office\Office15\OUTLOOK.EXE
Report Id: f87a176b-a2ab-11e7-852b-0050569f76c4"
Error,9/26/2017 18:10,EventCreate,1,None,Application,djkvdihost228.jakarta01.com,JAKARTA01\yosanta  
Error,9/26/2017 18:10,EventCreate,1,None,Application,djkvdihost540.jakarta01.com,JAKARTA01\nurfadila  
Error,9/26/2017 18:10,Application Error,1000,-100,Application,djkvdihost228.jakarta01.com,"Faulting application name: spoolsv.exe, version: 6.1.7601.17777, time stamp: 0x4f35efc3
Faulting module name: msvcrt.dll, version: 7.0.7601.17744, time stamp: 0x4eeaf722
Exception code: 0xc0000005
Fault offset: 0x0000aa14
Faulting process id: 0x638
Faulting application start time: 0x01d3360814bec222
Faulting application path: C:\Windows\System32\spoolsv.exe
Faulting module path: C:\Windows\system32\msvcrt.dll
Report Id: 48c4627c-a2ab-11e7-b241-0050569f72c1"
Error,9/26/2017 18:09,EventCreate,1,None,Application,djkvdihost540.jakarta01.com,JAKARTA01\nurfadila  
Error,9/26/2017 18:05,EventCreate,1,None,Application,djkvdihost275.jakarta01.com,JAKARTA01\Bryant  
Error,9/26/2017 18:05,Application Error,1000,-100,Application,djkvdihost275.jakarta01.com,"Faulting application name: OUTLOOK.EXE, version: 15.0.4919.1001, time stamp: 0x58d20482
Faulting module name: OUTLOOK.EXE, version: 15.0.4919.1001, time stamp: 0x58d20482
Exception code: 0xc0000005
Fault offset: 0x008924c4
Faulting process id: 0x1198
Faulting application start time: 0x01d33688926fb970
Faulting application path: C:\Program Files\Microsoft Office\Office15\OUTLOOK.EXE
Faulting module path: C:\Program Files\Microsoft Office\Office15\OUTLOOK.EXE
Report Id: 8c828cee-a2aa-11e7-b398-0050569f2f2d"
Error,9/26/2017 18:03,EventCreate,1,None,Application,djkvdihost534.jakarta01.com,JAKARTA01\raymond  
Error,9/26/2017 18:03,Application Error,1000,-100,Application,djkvdihost534.jakarta01.com,"Faulting application name: EXCEL.EXE, version: 15.0.4919.1000, time stamp: 0x58c7ab0f
Faulting module name: unknown, version: 0.0.0.0, time stamp: 0x00000000
Exception code: 0xc0000005
Fault offset: 0x00740061
Faulting process id: 0x10bc
Faulting application start time: 0x01d336b711d6dd84
Faulting application path: C:\Program Files\Microsoft Office\Office15\EXCEL.EXE
Faulting module path: unknown
Report Id: 536b29e4-a2aa-11e7-87c8-0050569f2ff4"
Error,9/26/2017 17:55,EventCreate,1,None,Application,djkvdihost450.jakarta01.com,JAKARTA01\maulina  
Error,9/26/2017 17:55,Application Error,1000,-100,Application,djkvdihost450.jakarta01.com,"Faulting application name: OUTLOOK.EXE, version: 15.0.4919.1001, time stamp: 0x58d20482
Faulting module name: OUTLOOK.EXE, version: 15.0.4919.1001, time stamp: 0x58d20482
Exception code: 0xc0000005
Fault offset: 0x008924c7
Faulting process id: 0x13f4
Faulting application start time: 0x01d3366d298aae56
Faulting application path: C:\Program Files\Microsoft Office\Office15\OUTLOOK.EXE
Faulting module path: C:\Program Files\Microsoft Office\Office15\OUTLOOK.EXE
Report Id: 3a1a87d2-a2a9-11e7-8fcc-0050569f164f"
Error,9/26/2017 17:43,EventCreate,1,None,Application,djkvdihost169.jakarta01.com,JAKARTA01\Hadi  
Error,9/26/2017 17:43,Application Error,1000,-100,Application,djkvdihost169.jakarta01.com,"Faulting application name: WINWORD.EXE, version: 15.0.4911.1000, time stamp: 0x58a2c075
Faulting module name: wwlib.dll, version: 15.0.4911.1000, time stamp: 0x58a2c073
Exception code: 0xc0000005
Fault offset: 0x006f0ff9
Faulting process id: 0x1214
Faulting application start time: 0x01d336b0c84c1b28
Faulting application path: C:\Program Files\Microsoft Office\Office15\WINWORD.EXE
Faulting module path: C:\Program Files\Microsoft Office\Office15\wwlib.dll
Report Id: 786bbc52-a2a7-11e7-91a9-0050569f6e1d"
Error,9/26/2017 17:41,EventCreate,1,None,Application,djkvdihost153.jakarta01.com,JAKARTA01\sanggra  
Error,9/26/2017 17:41,Application Error,1000,-100,Application,djkvdihost153.jakarta01.com,"Faulting application name: OUTLOOK.EXE, version: 15.0.4919.1001, time stamp: 0x58d20482
Faulting module name: OUTLOOK.EXE, version: 15.0.4919.1001, time stamp: 0x58d20482
Exception code: 0xc0000005
Fault offset: 0x008924c4
Faulting process id: 0x1e24
Faulting application start time: 0x01d3366b1379ec4c
Faulting application path: C:\Program Files\Microsoft Office\Office15\OUTLOOK.EXE
Faulting module path: C:\Program Files\Microsoft Office\Office15\OUTLOOK.EXE
Report Id: 454dc86a-a2a7-11e7-a9fa-0050569f17bf"
Error,9/26/2017 17:37,EventCreate,1,None,Application,djkvdihost515.jakarta01.com,JAKARTA01\naldi  
Error,9/26/2017 17:37,Application Error,1000,-100,Application,djkvdihost515.jakarta01.com,"Faulting application name: EXCEL.EXE, version: 15.0.4919.1000, time stamp: 0x58c7ab0f
Faulting module name: EXCEL.EXE, version: 15.0.4919.1000, time stamp: 0x58c7ab0f
Exception code: 0xc0000005
Fault offset: 0x003887a3
Faulting process id: 0xc74
Faulting application start time: 0x01d33667563adb24
Faulting application path: C:\Program Files\Microsoft Office\Office15\EXCEL.EXE
Faulting module path: C:\Program Files\Microsoft Office\Office15\EXCEL.EXE
Report Id: a3d61b30-a2a6-11e7-bf63-0050569f461a"
Error,9/26/2017 17:36,EventCreate,1,None,Application,djkvdihost874.jakarta01.com,JAKARTA01\ueda  
Error,9/26/2017 17:35,EventCreate,1,None,Application,djkvdihost624.jakarta01.com,JAKARTA01\eka  
Error,9/26/2017 17:36,Application Error,1000,-100,Application,djkvdihost874.jakarta01.com,"Faulting application name: OUTLOOK.EXE, version: 15.0.4919.1001, time stamp: 0x58d20482
Faulting module name: OUTLOOK.EXE, version: 15.0.4919.1001, time stamp: 0x58d20482
Exception code: 0xc0000005
Fault offset: 0x008924c4
Faulting process id: 0x1f9c
Faulting application start time: 0x01d336558c56ed21
Faulting application path: C:\Program Files\Microsoft Office\Office15\OUTLOOK.EXE
Faulting module path: C:\Program Files\Microsoft Office\Office15\OUTLOOK.EXE
Report Id: 8bc110dc-a2a6-11e7-bcaa-0050569f5341"
Error,9/26/2017 17:36,EventCreate,1,None,Application,djkvdihost791.jakarta01.com,JAKARTA01\yansen  
Error,9/26/2017 17:35,Application Error,1000,-100,Application,djkvdihost624.jakarta01.com,"Faulting application name: iexplore.exe, version: 11.0.9600.18639, time stamp: 0x58d6bb0d
Faulting module name: unknown, version: 0.0.0.0, time stamp: 0x00000000
Exception code: 0xc0000005
Fault offset: 0x7ff1a2c8
Faulting process id: 0x19c8
Faulting application start time: 0x01d33666f88d3bbe
Faulting application path: C:\Program Files\Internet Explorer\iexplore.exe
Faulting module path: unknown
Report Id: 798d870f-a2a6-11e7-8d49-0050569f47f9"
Error,9/26/2017 17:34,EventCreate,1,None,Application,djkvdihost685.jakarta01.com,JAKARTA01\GuestISD45  
Error,9/26/2017 17:23,EventCreate,1,None,Application,djkvdihost041.jakarta01.com,JAKARTA01\andryan  
Error,9/26/2017 17:22,EventCreate,1,None,Application,djkvdihost041.jakarta01.com,JAKARTA01\andryan  
Error,9/26/2017 17:15,EventCreate,1,None,Application,djkvdihost297.jakarta01.com,JAKARTA01\elita  
Error,9/26/2017 17:15,Application Error,1000,-100,Application,djkvdihost297.jakarta01.com,"Faulting application name: iexplore.exe, version: 11.0.9600.18639, time stamp: 0x58d6bb0d
Faulting module name: MSHTML.dll, version: 11.0.9600.18639, time stamp: 0x58d6c720
Exception code: 0xc0000005
Fault offset: 0x000ac604
Faulting process id: 0x18b4
Faulting application start time: 0x01d3365f019305ed
Faulting application path: C:\Program Files\Internet Explorer\iexplore.exe
Faulting module path: C:\Windows\system32\MSHTML.dll
Report Id: a226644b-a2a3-11e7-979f-0050569f5a03"
Error,9/26/2017 17:15,EventCreate,1,None,Application,djkvdihost788.jakarta01.com,JAKARTA01\Darmawan  
Error,9/26/2017 17:15,EventCreate,1,None,Application,djkvdihost788.jakarta01.com,JAKARTA01\Darmawan  
Error,9/26/2017 17:15,EventCreate,1,None,Application,djkvdihost788.jakarta01.com,JAKARTA01\Darmawan  
Error,9/26/2017 17:06,EventCreate,1,None,Application,djkvdihost843.jakarta01.com,JAKARTA01\bobby  
Error,9/26/2017 17:01,EventCreate,1,None,Application,djkvdihost644.jakarta01.com,JAKARTA01\valery  
Error,9/26/2017 17:01,Application Error,1000,-100,Application,djkvdihost644.jakarta01.com,"Faulting application name: OUTLOOK.EXE, version: 15.0.4919.1001, time stamp: 0x58d20482
Faulting module name: OUTLOOK.EXE, version: 15.0.4919.1001, time stamp: 0x58d20482
Exception code: 0xc0000005
Fault offset: 0x008924c4
Faulting process id: 0x1dcc
Faulting application start time: 0x01d3366fcfcc2849
Faulting application path: C:\Program Files\Microsoft Office\Office15\OUTLOOK.EXE
Faulting module path: C:\Program Files\Microsoft Office\Office15\OUTLOOK.EXE
Report Id: af66812e-a2a1-11e7-a5d0-0050569f71f3"
Error,9/26/2017 17:00,EventCreate,1,None,Application,djkvdihost534.jakarta01.com,JAKARTA01\raymond  
Error,9/26/2017 16:56,EventCreate,1,None,Application,djkvdihost796.jakarta01.com,JAKARTA01\budi ramadhan  
Error,9/26/2017 16:56,Application Error,1000,-100,Application,djkvdihost796.jakarta01.com,"Faulting application name: OUTLOOK.EXE, version: 15.0.4919.1001, time stamp: 0x58d20482
Faulting module name: OUTLOOK.EXE, version: 15.0.4919.1001, time stamp: 0x58d20482
Exception code: 0xc0000005
Fault offset: 0x008924c4
Faulting process id: 0x1fa4
Faulting application start time: 0x01d3365f8949f832
Faulting application path: C:\Program Files\Microsoft Office\Office15\OUTLOOK.EXE
Faulting module path: C:\Program Files\Microsoft Office\Office15\OUTLOOK.EXE
Report Id: 07672fa6-a2a1-11e7-bbb6-0050569f1616"
Error,9/26/2017 16:52,EventCreate,1,None,Application,djkvdihost768.jakarta01.com,JAKARTA01\handayani  
Error,9/26/2017 16:52,EventCreate,1,None,Application,djkvdihost768.jakarta01.com,JAKARTA01\handayani  
Error,9/26/2017 16:49,EventCreate,1,None,Application,djkvdihost148.jakarta01.com,JAKARTA01\rahman  
Error,9/26/2017 16:49,EventCreate,1,None,Application,djkvdihost592.jakarta01.com,JAKARTA01\edwan  
Error,9/26/2017 16:48,EventCreate,1,None,Application,djkvdihost148.jakarta01.com,JAKARTA01\rahman  
Error,9/26/2017 16:45,EventCreate,1,None,Application,djkvdihost603.jakarta01.com,JAKARTA01\mario  
Error,9/26/2017 16:45,EventCreate,1,None,Application,djkvdihost603.jakarta01.com,JAKARTA01\mario  
Error,9/26/2017 16:12,EventCreate,1,None,Application,djkvdihost273.jakarta01.com,JAKARTA01\Shena  
Error,9/26/2017 16:39,EventCreate,1,None,Application,djkvdihost717.jakarta01.com,JAKARTA01\saptorini  
Error,9/26/2017 16:39,EventCreate,1,None,Application,djkvdihost717.jakarta01.com,JAKARTA01\saptorini  
Error,9/26/2017 16:35,EventCreate,1,None,Application,djkvdihost118.jakarta01.com,JAKARTA01\trisnawati  
Error,9/26/2017 16:35,EventCreate,1,None,Application,djkvdihost815.jakarta01.com,JAKARTA01\AdindaGita  
Error,9/26/2017 16:34,EventCreate,1,None,Application,djkvdihost143.jakarta01.com,JAKARTA01\feni  
Error,9/26/2017 16:35,Application Error,1000,-100,Application,djkvdihost815.jakarta01.com,"Faulting application name: Lync.exe, version: 15.0.4919.1000, time stamp: 0x58c7ab1e
Faulting module name: unknown, version: 0.0.0.0, time stamp: 0x00000000
Exception code: 0xc0000005
Fault offset: 0x00000000
Faulting process id: 0xcc8
Faulting application start time: 0x01d3369bbb8d4404
Faulting application path: C:\Program Files\Microsoft Office\Office15\Lync.exe
Faulting module path: unknown
Report Id: fadd9139-a29d-11e7-86a1-0050569f4d66"
Error,9/26/2017 16:34,Application Error,1000,-100,Application,djkvdihost143.jakarta01.com,"Faulting application name: spoolsv.exe, version: 6.1.7601.17777, time stamp: 0x4f35efc3
Faulting module name: msvcrt.dll, version: 7.0.7601.17744, time stamp: 0x4eeaf722
Exception code: 0xc0000005
Fault offset: 0x0000aa14
Faulting process id: 0x634
Faulting application start time: 0x01d336aa4ad55909
Faulting application path: C:\Windows\System32\spoolsv.exe
Faulting module path: C:\Windows\system32\msvcrt.dll
Report Id: f31c96cb-a29d-11e7-8310-0050569f0c5e"
Error,9/26/2017 16:34,EventCreate,1,None,Application,djkvdihost118.jakarta01.com,JAKARTA01\trisnawati  
Error,9/26/2017 16:34,EventCreate,1,None,Application,djkvdihost355.jakarta01.com,JAKARTA01\mery  
Error,9/26/2017 16:34,EventCreate,1,None,Application,djkvdihost118.jakarta01.com,JAKARTA01\trisnawati  
Error,9/26/2017 16:34,Application Error,1000,-100,Application,djkvdihost355.jakarta01.com,"Faulting application name: OUTLOOK.EXE, version: 15.0.4919.1001, time stamp: 0x58d20482
Faulting module name: OUTLOOK.EXE, version: 15.0.4919.1001, time stamp: 0x58d20482
Exception code: 0xc0000005
Fault offset: 0x008924c7
Faulting process id: 0x1b90
Faulting application start time: 0x01d33664e4794f3c
Faulting application path: C:\Program Files\Microsoft Office\Office15\OUTLOOK.EXE
Faulting module path: C:\Program Files\Microsoft Office\Office15\OUTLOOK.EXE
Report Id: d7793e53-a29d-11e7-89b5-0050569f42e3"
Error,9/26/2017 16:29,EventCreate,1,None,Application,djkvdihost586.jakarta01.com,JAKARTA01\marlina2  
Error,9/26/2017 16:29,Application Error,1000,-100,Application,djkvdihost586.jakarta01.com,"Faulting application name: OUTLOOK.EXE, version: 15.0.4919.1001, time stamp: 0x58d20482
Faulting module name: OUTLOOK.EXE, version: 15.0.4919.1001, time stamp: 0x58d20482
Exception code: 0xc0000005
Fault offset: 0x008924c4
Faulting process id: 0x1d20
Faulting application start time: 0x01d33682a16186b3
Faulting application path: C:\Program Files\Microsoft Office\Office15\OUTLOOK.EXE
Faulting module path: C:\Program Files\Microsoft Office\Office15\OUTLOOK.EXE
Report Id: 4223a41d-a29d-11e7-bebc-0050569f2f99"
Error,9/26/2017 16:29,EventCreate,1,None,Application,djkvdihost540.jakarta01.com,JAKARTA01\Ahmad Hidayat  
Error,9/26/2017 16:29,Application Error,1000,-100,Application,djkvdihost540.jakarta01.com,"Faulting application name: CWBTF.EXE, version: 12.0.0.1, time stamp: 0x483cc594
Faulting module name: CwbTFDlg.dll, version: 12.0.0.1, time stamp: 0x486087c2
Exception code: 0xc0000005
Fault offset: 0x00018766
Faulting process id: 0x1f34
Faulting application start time: 0x01d336a12052379b
Faulting application path: C:\Program Files\IBM\Client Access\CWBTF.EXE
Faulting module path: C:\Windows\system32\CwbTFDlg.dll
Report Id: 231a200f-a29d-11e7-ba67-0050569f258b"
Error,9/26/2017 16:28,EventCreate,1,None,Application,djkvdihost165.jakarta01.com,JAKARTA01\adityo yuwono  
Error,9/26/2017 16:28,EventCreate,1,None,Application,djkvdihost165.jakarta01.com,JAKARTA01\adityo yuwono  
Error,9/26/2017 16:28,EventCreate,1,None,Application,djkvdihost165.jakarta01.com,JAKARTA01\adityo yuwono  
Error,9/26/2017 16:27,EventCreate,1,None,Application,djkvdihost824.jakarta01.com,JAKARTA01\regina  
Error,9/26/2017 16:27,EventCreate,1,None,Application,djkvdihost824.jakarta01.com,JAKARTA01\regina  
Error,9/26/2017 16:25,EventCreate,1,None,Application,djkvdihost154.jakarta01.com,JAKARTA01\MahendraR  
Error,9/26/2017 16:25,Application Error,1000,-100,Application,djkvdihost154.jakarta01.com,"Faulting application name: OUTLOOK.EXE, version: 15.0.4919.1001, time stamp: 0x58d20482
Faulting module name: OUTLOOK.EXE, version: 15.0.4919.1001, time stamp: 0x58d20482
Exception code: 0xc0000005
Fault offset: 0x008924c7
Faulting process id: 0x1490
Faulting application start time: 0x01d3369abbbda1f3
Faulting application path: C:\Program Files\Microsoft Office\Office15\OUTLOOK.EXE
Faulting module path: C:\Program Files\Microsoft Office\Office15\OUTLOOK.EXE
Report Id: a5cd420d-a29c-11e7-95a7-0050569f5e64"
Error,9/26/2017 16:23,EventCreate,1,None,Application,djkvdihost540.jakarta01.com,JAKARTA01\Ahmad Hidayat  
Error,9/26/2017 16:23,Application Error,1000,-100,Application,djkvdihost540.jakarta01.com,"Faulting application name: CWBTF.EXE, version: 12.0.0.1, time stamp: 0x483cc594
Faulting module name: CwbTFDlg.dll, version: 12.0.0.1, time stamp: 0x486087c2
Exception code: 0xc0000005
Fault offset: 0x00018766
Faulting process id: 0x530
Faulting application start time: 0x01d336a8ee43d22a
Faulting application path: C:\Program Files\IBM\Client Access\CWBTF.EXE
Faulting module path: C:\Windows\system32\CwbTFDlg.dll
Report Id: 5db8bc5e-a29c-11e7-ba67-0050569f258b"
Error,9/26/2017 16:22,EventCreate,1,None,Application,djkvdihost319.jakarta01.com,JAKARTA01\Hilman  
Error,9/26/2017 16:22,Application Error,1000,-100,Application,djkvdihost319.jakarta01.com,"Faulting application name: spoolsv.exe, version: 6.1.7601.17777, time stamp: 0x4f35efc3
Faulting module name: msvcrt.dll, version: 7.0.7601.17744, time stamp: 0x4eeaf722
Exception code: 0xc0000005
Fault offset: 0x0000aa14
Faulting process id: 0x638
Faulting application start time: 0x01d336a7c595efdf
Faulting application path: C:\Windows\System32\spoolsv.exe
Faulting module path: C:\Windows\system32\msvcrt.dll
Report Id: 26636b2c-a29c-11e7-a042-0050569f6f40"
Error,9/26/2017 16:21,EventCreate,1,None,Application,djkvdihost319.jakarta01.com,JAKARTA01\Hilman  
Error,9/26/2017 16:21,EventCreate,1,None,Application,djkvdihost319.jakarta01.com,JAKARTA01\Hilman  
Error,9/26/2017 16:21,EventCreate,1,None,Application,djkvdihost009.jakarta01.com,JAKARTA01\Setiawan  
Error,9/26/2017 16:21,Application Error,1000,-100,Application,djkvdihost009.jakarta01.com,"Faulting application name: OUTLOOK.EXE, version: 15.0.4919.1001, time stamp: 0x58d20482
Faulting module name: OUTLOOK.EXE, version: 15.0.4919.1001, time stamp: 0x58d20482
Exception code: 0xc0000005
Fault offset: 0x008924c4
Faulting process id: 0x1034
Faulting application start time: 0x01d3369bb66b2a5b
Faulting application path: C:\Program Files\Microsoft Office\Office15\OUTLOOK.EXE
Faulting module path: C:\Program Files\Microsoft Office\Office15\OUTLOOK.EXE
Report Id: 0d0091a1-a29c-11e7-bc38-0050569f6f4e"
Error,9/26/2017 16:19,EventCreate,1,None,Application,djkvdihost082.jakarta01.com,JAKARTA01\ChyntiaDN  
Error,9/26/2017 16:19,Application Error,1000,-100,Application,djkvdihost082.jakarta01.com,"Faulting application name: OUTLOOK.EXE, version: 15.0.4919.1001, time stamp: 0x58d20482
Faulting module name: OUTLOOK.EXE, version: 15.0.4919.1001, time stamp: 0x58d20482
Exception code: 0xc0000005
Fault offset: 0x008924c4
Faulting process id: 0x1fc4
Faulting application start time: 0x01d3366224ec3a73
Faulting application path: C:\Program Files\Microsoft Office\Office15\OUTLOOK.EXE
Faulting module path: C:\Program Files\Microsoft Office\Office15\OUTLOOK.EXE
Report Id: cb106abe-a29b-11e7-86da-0050569f4c1b"
Error,9/26/2017 16:15,EventCreate,1,None,Application,djkvdihost336.jakarta01.com,JAKARTA01\Sunaryo  
Error,9/26/2017 16:15,Application Error,1000,-100,Application,djkvdihost336.jakarta01.com,"Faulting application name: OUTLOOK.EXE, version: 15.0.4919.1001, time stamp: 0x58d20482
Faulting module name: OUTLOOK.EXE, version: 15.0.4919.1001, time stamp: 0x58d20482
Exception code: 0xc0000005
Fault offset: 0x008924c4
Faulting process id: 0x1d48
Faulting application start time: 0x01d3366829981616
Faulting application path: C:\Program Files\Microsoft Office\Office15\OUTLOOK.EXE
Faulting module path: C:\Program Files\Microsoft Office\Office15\OUTLOOK.EXE
Report Id: 4663fa97-a29b-11e7-aeab-0050569f7ca5"
Error,9/26/2017 16:10,EventCreate,1,None,Application,djkvdihost726.jakarta01.com,JAKARTA01\Dini Rahmawati  
Error,9/26/2017 16:10,Application Error,1000,-100,Application,djkvdihost726.jakarta01.com,"Faulting application name: OUTLOOK.EXE, version: 15.0.4919.1001, time stamp: 0x58d20482
Faulting module name: OUTLOOK.EXE, version: 15.0.4919.1001, time stamp: 0x58d20482
Exception code: 0xc0000005
Fault offset: 0x008924c4
Faulting process id: 0x2694
Faulting application start time: 0x01d33692a25c3d42
Faulting application path: C:\Program Files\Microsoft Office\Office15\OUTLOOK.EXE
Faulting module path: C:\Program Files\Microsoft Office\Office15\OUTLOOK.EXE
Report Id: 9125939d-a29a-11e7-ae01-0050569f2f0e"
Error,9/26/2017 16:07,EventCreate,1,None,Application,djkvdihost064.jakarta01.com,JAKARTA01\rahman  
Error,9/26/2017 16:03,EventCreate,1,None,Application,djkvdihost816.jakarta01.com,JAKARTA01\ridjal  
Error,9/26/2017 15:58,EventCreate,1,None,Application,djkvdihost392.jakarta01.com,JAKARTA01\hari  
Error,9/26/2017 15:58,Application Error,1000,-100,Application,djkvdihost392.jakarta01.com,"Faulting application name: OUTLOOK.EXE, version: 15.0.4919.1001, time stamp: 0x58d20482
Faulting module name: OUTLOOK.EXE, version: 15.0.4919.1001, time stamp: 0x58d20482
Exception code: 0xc0000005
Fault offset: 0x008924c7
Faulting process id: 0x1b38
Faulting application start time: 0x01d3369234a969bc
Faulting application path: C:\Program Files\Microsoft Office\Office15\OUTLOOK.EXE
Faulting module path: C:\Program Files\Microsoft Office\Office15\OUTLOOK.EXE
Report Id: dc5967d3-a298-11e7-b3dc-0050569f437a"
Error,9/26/2017 15:57,EventCreate,1,None,Application,djkvdihost495.jakarta01.com,JAKARTA01\muhamadZAH  
Error,9/26/2017 15:57,Application Error,1000,-100,Application,djkvdihost495.jakarta01.com,"Faulting application name: EXCEL.EXE, version: 15.0.4919.1000, time stamp: 0x58c7ab0f
Faulting module name: EXCEL.EXE, version: 15.0.4919.1000, time stamp: 0x58c7ab0f
Exception code: 0xc0000005
Fault offset: 0x00052b8c
Faulting process id: 0x1eb4
Faulting application start time: 0x01d3366a5bfa1a32
Faulting application path: C:\Program Files\Microsoft Office\Office15\EXCEL.EXE
Faulting module path: C:\Program Files\Microsoft Office\Office15\EXCEL.EXE
Report Id: b6bfda2c-a298-11e7-9d01-0050569f43e7"
Error,9/26/2017 15:54,EventCreate,1,None,Application,djkvdihost356.jakarta01.com,JAKARTA01\alex  
Error,9/26/2017 15:54,Application Error,1000,-100,Application,djkvdihost356.jakarta01.com,"Faulting application name: OUTLOOK.EXE, version: 15.0.4919.1001, time stamp: 0x58d20482
Faulting module name: OUTLOOK.EXE, version: 15.0.4919.1001, time stamp: 0x58d20482
Exception code: 0xc0000005
Fault offset: 0x008924c4
Faulting process id: 0x1400
Faulting application start time: 0x01d336677c3e791d
Faulting application path: C:\Program Files\Microsoft Office\Office15\OUTLOOK.EXE
Faulting module path: C:\Program Files\Microsoft Office\Office15\OUTLOOK.EXE
Report Id: 49134412-a298-11e7-8054-0050569f6b07"
Error,9/26/2017 15:51,EventCreate,1,None,Application,djkvdihost241.jakarta01.com,JAKARTA01\amanda chandra  
Error,9/26/2017 15:51,Application Error,1000,-100,Application,djkvdihost241.jakarta01.com,"Faulting application name: OUTLOOK.EXE, version: 15.0.4919.1001, time stamp: 0x58d20482
Faulting module name: OUTLOOK.EXE, version: 15.0.4919.1001, time stamp: 0x58d20482
Exception code: 0xc0000005
Fault offset: 0x008924c4
Faulting process id: 0x1d44
Faulting application start time: 0x01d336634ea2a399
Faulting application path: C:\Program Files\Microsoft Office\Office15\OUTLOOK.EXE
Faulting module path: C:\Program Files\Microsoft Office\Office15\OUTLOOK.EXE
Report Id: daa7fe0f-a297-11e7-96d3-0050569f27bd"
Error,9/26/2017 15:46,EventCreate,1,None,Application,djkvdihost814.jakarta01.com,JAKARTA01\Pradita  
Error,9/26/2017 15:46,Application Error,1000,-100,Application,djkvdihost814.jakarta01.com,"Faulting application name: OUTLOOK.EXE, version: 15.0.4919.1001, time stamp: 0x58d20482
Faulting module name: OUTLOOK.EXE, version: 15.0.4919.1001, time stamp: 0x58d20482
Exception code: 0xc0000005
Fault offset: 0x008924c4
Faulting process id: 0x1c08
Faulting application start time: 0x01d336614d2f9176
Faulting application path: C:\Program Files\Microsoft Office\Office15\OUTLOOK.EXE
Faulting module path: C:\Program Files\Microsoft Office\Office15\OUTLOOK.EXE
Report Id: 3c5d9e28-a297-11e7-8e7f-0050569f551f"
Error,9/26/2017 15:44,EventCreate,1,None,Application,djkvdihost375.jakarta01.com,JAKARTA01\rina  
Error,9/26/2017 15:44,EventCreate,1,None,Application,djkvdihost375.jakarta01.com,JAKARTA01\rina  
Error,9/26/2017 15:38,EventCreate,1,None,Application,djkvdihost552.jakarta01.com,JAKARTA01\Daniel  
Error,9/26/2017 15:38,Application Error,1000,-100,Application,djkvdihost552.jakarta01.com,"Faulting application name: OUTLOOK.EXE, version: 15.0.4919.1001, time stamp: 0x58d20482
Faulting module name: OUTLOOK.EXE, version: 15.0.4919.1001, time stamp: 0x58d20482
Exception code: 0xc0000005
Fault offset: 0x002c7fa9
Faulting process id: 0x1db0
Faulting application start time: 0x01d33664a3965369
Faulting application path: C:\Program Files\Microsoft Office\Office15\OUTLOOK.EXE
Faulting module path: C:\Program Files\Microsoft Office\Office15\OUTLOOK.EXE
Report Id: 0f83ddb4-a296-11e7-ae93-0050569f13d9"
Error,9/26/2017 15:36,EventCreate,1,None,Application,djkvdihost516.jakarta01.com,JAKARTA01\widiana  
Error,9/26/2017 15:34,EventCreate,1,None,Application,djkvdihost441.jakarta01.com,JAKARTA01\suhendrayana  
Error,9/26/2017 15:34,Application Error,1000,-100,Application,djkvdihost441.jakarta01.com,"Faulting application name: OUTLOOK.EXE, version: 15.0.4919.1001, time stamp: 0x58d20482
Faulting module name: OUTLOOK.EXE, version: 15.0.4919.1001, time stamp: 0x58d20482
Exception code: 0xc0000005
Fault offset: 0x008924c4
Faulting process id: 0x23c
Faulting application start time: 0x01d3366c74af9131
Faulting application path: C:\Program Files\Microsoft Office\Office15\OUTLOOK.EXE
Faulting module path: C:\Program Files\Microsoft Office\Office15\OUTLOOK.EXE
Report Id: 810bdf08-a295-11e7-a7f7-0050569f40af"
Error,9/26/2017 15:28,EventCreate,1,None,Application,djkvdihost694.jakarta01.com,JAKARTA01\diena  
Error,9/26/2017 15:28,Application Error,1000,-100,Application,djkvdihost694.jakarta01.com,"Faulting application name: OUTLOOK.EXE, version: 15.0.4919.1001, time stamp: 0x58d20482
Faulting module name: OUTLOOK.EXE, version: 15.0.4919.1001, time stamp: 0x58d20482
Exception code: 0xc0000005
Fault offset: 0x008924c4
Faulting process id: 0xbb8
Faulting application start time: 0x01d336673148b0aa
Faulting application path: C:\Program Files\Microsoft Office\Office15\OUTLOOK.EXE
Faulting module path: C:\Program Files\Microsoft Office\Office15\OUTLOOK.EXE
Report Id: a055d0c0-a294-11e7-8504-0050569f7aa4"
Error,9/26/2017 15:24,EventCreate,1,None,Application,djkvdihost855.jakarta01.com,JAKARTA01\kubo  
Error,9/26/2017 15:24,EventCreate,1,None,Application,djkvdihost202.jakarta01.com,JAKARTA01\dyah alit  
Error,9/26/2017 15:24,Application Error,1000,-100,Application,djkvdihost855.jakarta01.com,"Faulting application name: OUTLOOK.EXE, version: 15.0.4919.1001, time stamp: 0x58d20482
Faulting module name: OUTLOOK.EXE, version: 15.0.4919.1001, time stamp: 0x58d20482
Exception code: 0xc0000005
Fault offset: 0x008924c7
Faulting process id: 0x19a8
Faulting application start time: 0x01d336627e8aa8dc
Faulting application path: C:\Program Files\Microsoft Office\Office15\OUTLOOK.EXE
Faulting module path: C:\Program Files\Microsoft Office\Office15\OUTLOOK.EXE
Report Id: 126abb77-a294-11e7-929f-0050569f518a"
Error,9/26/2017 15:23,EventCreate,1,None,Application,djkvdihost801.jakarta01.com,JAKARTA01\M Said  
Error,9/26/2017 15:23,Application Error,1000,-100,Application,djkvdihost801.jakarta01.com,"Faulting application name: OUTLOOK.EXE, version: 15.0.4919.1001, time stamp: 0x58d20482
Faulting module name: OUTLOOK.EXE, version: 15.0.4919.1001, time stamp: 0x58d20482
Exception code: 0xc0000005
Fault offset: 0x008924c4
Faulting process id: 0xfe0
Faulting application start time: 0x01d3367266146da2
Faulting application path: C:\Program Files\Microsoft Office\Office15\OUTLOOK.EXE
Faulting module path: C:\Program Files\Microsoft Office\Office15\OUTLOOK.EXE
Report Id: ee650c54-a293-11e7-8dce-0050569f584f"
Error,9/26/2017 15:20,EventCreate,1,None,Application,djkvdihost894.jakarta01.com,JAKARTA01\Adhisty  
Error,9/26/2017 15:20,Application Error,1000,-100,Application,djkvdihost894.jakarta01.com,"Faulting application name: OUTLOOK.EXE, version: 15.0.4927.1001, time stamp: 0x58f5f52e
Faulting module name: OUTLOOK.EXE, version: 15.0.4927.1001, time stamp: 0x58f5f52e
Exception code: 0xc0000409
Fault offset: 0x00dc3399
Faulting process id: 0x17c4
Faulting application start time: 0x01d336648aaa5cdb
Faulting application path: C:\Program Files (x86)\Microsoft Office\Office15\OUTLOOK.EXE
Faulting module path: C:\Program Files (x86)\Microsoft Office\Office15\OUTLOOK.EXE
Report Id: 92fe5d80-a293-11e7-9c7c-0050569f363b"
Error,9/26/2017 15:11,EventCreate,1,None,Application,djkvdihost683.jakarta01.com,JAKARTA01\hana nurul  
Error,9/26/2017 15:11,EventCreate,1,None,Application,djkvdihost345.jakarta01.com,JAKARTA01\wildan  
Error,9/26/2017 13:31,EventCreate,1,None,Application,djkvdihost570.jakarta01.com,JAKARTA01\sysdovs03  
Error,9/26/2017 14:57,EventCreate,1,None,Application,djkvdihost032.jakarta01.com,JAKARTA01\fathiya  
Error,9/26/2017 14:57,Application Error,1000,-100,Application,djkvdihost032.jakarta01.com,"Faulting application name: OUTLOOK.EXE, version: 15.0.4919.1001, time stamp: 0x58d20482
Faulting module name: OUTLOOK.EXE, version: 15.0.4919.1001, time stamp: 0x58d20482
Exception code: 0xc0000005
Fault offset: 0x008924c7
Faulting process id: 0x1aec
Faulting application start time: 0x01d3369c25f13552
Faulting application path: C:\Program Files\Microsoft Office\Office15\OUTLOOK.EXE
Faulting module path: C:\Program Files\Microsoft Office\Office15\OUTLOOK.EXE
Report Id: 622d243f-a290-11e7-a1bf-0050569f6c2d"
Error,9/26/2017 14:47,EventCreate,1,None,Application,djkvdihost009.jakarta01.com,JAKARTA01\Setiawan  
Error,9/26/2017 14:40,EventCreate,1,None,Application,djkvdihost154.jakarta01.com,JAKARTA01\MahendraR  
Error,9/26/2017 14:40,Application Error,1000,-100,Application,djkvdihost154.jakarta01.com,"Faulting application name: OUTLOOK.EXE, version: 15.0.4919.1001, time stamp: 0x58d20482
Faulting module name: OUTLOOK.EXE, version: 15.0.4919.1001, time stamp: 0x58d20482
Exception code: 0xc0000005
Fault offset: 0x008924c7
Faulting process id: 0x1a6c
Faulting application start time: 0x01d33698bd7a32fa
Faulting application path: C:\Program Files\Microsoft Office\Office15\OUTLOOK.EXE
Faulting module path: C:\Program Files\Microsoft Office\Office15\OUTLOOK.EXE
Report Id: f6186357-a28d-11e7-95a7-0050569f5e64"
Error,9/26/2017 14:39,EventCreate,1,None,Application,djkvdihost453.jakarta01.com,JAKARTA01\Nikmatullah  
Error,9/26/2017 14:39,Application Error,1000,-100,Application,djkvdihost453.jakarta01.com,"Faulting application name: OUTLOOK.EXE, version: 15.0.4919.1001, time stamp: 0x58d20482
Faulting module name: OUTLOOK.EXE, version: 15.0.4919.1001, time stamp: 0x58d20482
Exception code: 0xc0000005
Fault offset: 0x008924c4
Faulting process id: 0x1cc0
Faulting application start time: 0x01d3365f210f8b03
Faulting application path: C:\Program Files\Microsoft Office\Office15\OUTLOOK.EXE
Faulting module path: C:\Program Files\Microsoft Office\Office15\OUTLOOK.EXE
Report Id: e1ff6daa-a28d-11e7-b461-0050569f4331"
Error,9/26/2017 14:37,EventCreate,1,None,Application,djkvdihost683.jakarta01.com,JAKARTA01\hana nurul  
Error,9/26/2017 14:34,EventCreate,1,None,Application,djkvdihost557.jakarta01.com,JAKARTA01\christianrs  
Error,9/26/2017 14:31,EventCreate,1,None,Application,djkvdihost287.jakarta01.com,JAKARTA01\Katsuhito  
Error,9/26/2017 14:31,Application Error,1000,-100,Application,djkvdihost287.jakarta01.com,"Faulting application name: EXCEL.EXE, version: 15.0.4919.1000, time stamp: 0x58c7ab0f
Faulting module name: EXCEL.EXE, version: 15.0.4919.1000, time stamp: 0x58c7ab0f
Exception code: 0xc0000005
Fault offset: 0x00eebf43
Faulting process id: 0x1fa4
Faulting application start time: 0x01d3366f5a812613
Faulting application path: C:\Program Files\Microsoft Office\Office15\EXCEL.EXE
Faulting module path: C:\Program Files\Microsoft Office\Office15\EXCEL.EXE
Report Id: c59437be-a28c-11e7-8e9d-0050569f0cf6"
Error,9/26/2017 12:48,EventCreate,1,None,Application,djkvdihost020.jakarta01.com,JAKARTA01\guestitso02  
Error,9/26/2017 14:26,EventCreate,1,None,Application,djkvdihost154.jakarta01.com,JAKARTA01\MahendraR  
Error,9/26/2017 14:26,Application Error,1000,-100,Application,djkvdihost154.jakarta01.com,"Faulting application name: OUTLOOK.EXE, version: 15.0.4919.1001, time stamp: 0x58d20482
Faulting module name: OUTLOOK.EXE, version: 15.0.4919.1001, time stamp: 0x58d20482
Exception code: 0xc0000005
Fault offset: 0x008924c4
Faulting process id: 0x1c60
Faulting application start time: 0x01d3367c4e2db151
Faulting application path: C:\Program Files\Microsoft Office\Office15\OUTLOOK.EXE
Faulting module path: C:\Program Files\Microsoft Office\Office15\OUTLOOK.EXE
Report Id: f7b1a55c-a28b-11e7-95a7-0050569f5e64"
Error,9/26/2017 14:23,EventCreate,1,None,Application,djkvdihost730.jakarta01.com,JAKARTA01\GUESTISD22  
Error,9/26/2017 14:22,EventCreate,1,None,Application,djkvdihost537.jakarta01.com,JAKARTA01\JUNETTE  
Error,9/26/2017 14:22,Application Error,1000,-100,Application,djkvdihost537.jakarta01.com,"Faulting application name: OUTLOOK.EXE, version: 15.0.4919.1001, time stamp: 0x58d20482
Faulting module name: OUTLOOK.EXE, version: 15.0.4919.1001, time stamp: 0x58d20482
Exception code: 0xc0000005
Fault offset: 0x008924c4
Faulting process id: 0x141c
Faulting application start time: 0x01d336605e4efe35
Faulting application path: C:\Program Files\Microsoft Office\Office15\OUTLOOK.EXE
Faulting module path: C:\Program Files\Microsoft Office\Office15\OUTLOOK.EXE
Report Id: 6ea22d34-a28b-11e7-b74c-0050569f34ed"
Error,9/26/2017 14:18,EventCreate,1,None,Application,djkvdihost579.jakarta01.com,JAKARTA01\yuliana  
Error,9/26/2017 14:18,Application Error,1000,-100,Application,djkvdihost579.jakarta01.com,"Faulting application name: dexplore.exe, version: 8.0.50727.1826, time stamp: 0x480d53d7
Faulting module name: msenv.dll, version: 8.0.50727.1826, time stamp: 0x480d6b43
Exception code: 0xc0000006
Fault offset: 0x000aa44c
Faulting process id: 0x1038
Faulting application start time: 0x01d33676be7f1f28
Faulting application path: C:\ProgramData\App-V\7E6C07C6-BABC-4CE8-97AB-A341733341AB\99C1E27C-3700-4508-B939-73CE71D01921\Root\VFS\ProgramFilesCommonX86\Microsoft Shared\Help 8\dexplore.exe
Faulting module path: C:\Program Files\Common Files\Microsoft Shared\Help 8\msenv.dll
Report Id: efed5860-a28a-11e7-81ba-0050569f4367"
Error,9/26/2017 14:17,EventCreate,1,None,Application,djkvdihost589.jakarta01.com,JAKARTA01\william  
Error,9/26/2017 14:17,Application Error,1000,-100,Application,djkvdihost589.jakarta01.com,"Faulting application name: OUTLOOK.EXE, version: 15.0.4919.1001, time stamp: 0x58d20482
Faulting module name: OUTLOOK.EXE, version: 15.0.4919.1001, time stamp: 0x58d20482
Exception code: 0xc0000005
Fault offset: 0x008924c7
Faulting process id: 0x18a4
Faulting application start time: 0x01d3366424273bd2
Faulting application path: C:\Program Files\Microsoft Office\Office15\OUTLOOK.EXE
Faulting module path: C:\Program Files\Microsoft Office\Office15\OUTLOOK.EXE
Report Id: c7de3d43-a28a-11e7-b626-0050569f7f7d"
Error,9/26/2017 14:15,EventCreate,1,None,Application,djkvdihost435.jakarta01.com,JAKARTA01\michael  
Error,9/26/2017 14:15,Application Error,1000,-100,Application,djkvdihost435.jakarta01.com,"Faulting application name: PhotoScreensaver.scr, version: 6.1.7601.17514, time stamp: 0x4ce7a590
Faulting module name: SHELL32.dll, version: 6.1.7601.23537, time stamp: 0x57c450f4
Exception code: 0xc0000005
Fault offset: 0x001f269f
Faulting process id: 0x145c
Faulting application start time: 0x01d33697099d6103
Faulting application path: C:\Windows\system32\PhotoScreensaver.scr
Faulting module path: C:\Windows\system32\SHELL32.dll
Report Id: 70713f10-a28a-11e7-90d4-0050569f384e"
Error,9/26/2017 14:05,EventCreate,1,None,Application,djkvdihost375.jakarta01.com,JAKARTA01\dyah alit  
Error,9/26/2017 14:03,EventCreate,1,None,Application,djkvdihost854.jakarta01.com,JAKARTA01\tsusaka  
Error,9/26/2017 14:01,EventCreate,1,None,Application,djkvdihost546.jakarta01.com,JAKARTA01\bellaisya  
Error,9/26/2017 14:01,Application Error,1000,-100,Application,djkvdihost546.jakarta01.com,"Faulting application name: iexplore.exe, version: 11.0.9600.18639, time stamp: 0x58d6bb0d
Faulting module name: MSHTML.dll, version: 11.0.9600.18639, time stamp: 0x58d6c720
Exception code: 0xc0000005
Fault offset: 0x000ac604
Faulting process id: 0x14b8
Faulting application start time: 0x01d336794be6cebd
Faulting application path: C:\Program Files\Internet Explorer\iexplore.exe
Faulting module path: C:\Windows\system32\MSHTML.dll
Report Id: 93a893e3-a288-11e7-95a8-0050569f3b29"
Error,9/26/2017 14:00,EventCreate,1,None,Application,djkvdihost001.jakarta01.com,JAKARTA01\rinaldonp  
Error,9/26/2017 14:00,Application Error,1000,-100,Application,djkvdihost001.jakarta01.com,"Faulting application name: OUTLOOK.EXE, version: 15.0.4919.1001, time stamp: 0x58d20482
Faulting module name: OUTLOOK.EXE, version: 15.0.4919.1001, time stamp: 0x58d20482
Exception code: 0xc0000005
Fault offset: 0x008924c7
Faulting process id: 0x1df0
Faulting application start time: 0x01d336625466c282
Faulting application path: C:\Program Files\Microsoft Office\Office15\OUTLOOK.EXE
Faulting module path: C:\Program Files\Microsoft Office\Office15\OUTLOOK.EXE
Report Id: 55e95fb9-a288-11e7-b2a1-0050569f3de8"
Error,9/26/2017 13:57,EventCreate,1,None,Application,djkvdihost827.jakarta01.com,JAKARTA01\fatma  
