Error,10/2/2017 9:10,Application Error,1000,-100,Application,djkvdihost120.jakarta01.com,"Faulting application name: OUTLOOK.EXE, version: 15.0.4919.1001, time stamp: 0x58d20482
Faulting module name: OUTLOOK.EXE, version: 15.0.4919.1001, time stamp: 0x58d20482
Exception code: 0xc0000005
Fault offset: 0x008924c4
Faulting process id: 0x374
Faulting application start time: 0x01d33b16d347b503
Faulting application path: C:\Program Files\Microsoft Office\Office15\OUTLOOK.EXE
Faulting module path: C:\Program Files\Microsoft Office\Office15\OUTLOOK.EXE
Report Id: d56ae8e8-a716-11e7-ab3b-0050569f50b7"
Error,10/2/2017 9:10,EventCreate,1,None,Application,djkvdihost874.jakarta01.com,JAKARTA01\jeremia  
Error,10/2/2017 9:09,Application Error,1000,-100,Application,djkvdihost874.jakarta01.com,"Faulting application name: pcsws.exe, version: 5090.2.8121.38, time stamp: 0x4817fa9f
Faulting module name: PCSUPM.DLL_unloaded, version: 0.0.0.0, time stamp: 0x48608848
Exception code: 0xc0000005
Fault offset: 0x67332b0b
Faulting process id: 0x19c4
Faulting application start time: 0x01d33b2370f65c44
Faulting application path: C:\Program Files\IBM\Client Access\Emulator\pcsws.exe
Faulting module path: PCSUPM.DLL
Report Id: ca1bdca4-a716-11e7-ad9a-0050569f5341"
Error,10/2/2017 9:08,EventCreate,1,None,Application,djkvdihost023.jakarta01.com,JAKARTA01\ummu  
Error,10/2/2017 9:08,EventCreate,1,None,Application,djkvdihost193.jakarta01.com,JAKARTA01\pancaran  
Error,10/2/2017 9:08,EventCreate,1,None,Application,djkvdihost038.jakarta01.com,JAKARTA01\irman  
Error,10/2/2017 9:07,EventCreate,1,None,Application,djkvdihost023.jakarta01.com,JAKARTA01\ummu  
Error,10/2/2017 9:06,EventCreate,1,None,Application,djkvdihost017.jakarta01.com,JAKARTA01\daniel pontifek  
Error,10/2/2017 9:06,EventCreate,1,None,Application,djkvdihost897.jakarta01.com,JAKARTA01\adi prasetio  
Error,10/2/2017 9:06,EventCreate,1,None,Application,djkvdihost459.jakarta01.com,JAKARTA01\Andradita  
Error,10/2/2017 9:06,Application Error,1000,-100,Application,djkvdihost459.jakarta01.com,"Faulting application name: spoolsv.exe, version: 6.1.7601.17777, time stamp: 0x4f35efc3
Faulting module name: msvcrt.dll, version: 7.0.7601.17744, time stamp: 0x4eeaf722
Exception code: 0xc0000005
Fault offset: 0x0000aa14
Faulting process id: 0x638
Faulting application start time: 0x01d33a2ccb6c3c03
Faulting application path: C:\Windows\System32\spoolsv.exe
Faulting module path: C:\Windows\system32\msvcrt.dll
Report Id: 4c0bc5ea-a716-11e7-a936-0050569f5ea5"
Error,10/2/2017 9:06,EventCreate,1,None,Application,djkvdihost064.jakarta01.com,JAKARTA01\nugrah  
Error,10/2/2017 9:05,EventCreate,1,None,Application,djkvdihost481.jakarta01.com,JAKARTA01\elestari  
Error,10/2/2017 9:04,EventCreate,1,None,Application,djkvdihost563.jakarta01.com,JAKARTA01\ailsa  
Error,10/2/2017 9:04,Application Error,1000,-100,Application,djkvdihost563.jakarta01.com,"Faulting application name: lync.exe, version: 15.0.4919.1000, time stamp: 0x58c7ab1e
Faulting module name: mshtml.dll, version: 11.0.9600.18639, time stamp: 0x58d6c720
Exception code: 0xc0000005
Fault offset: 0x00476281
Faulting process id: 0x15c
Faulting application start time: 0x01d33b1a44b57648
Faulting application path: C:\Program Files\Microsoft Office\Office15\lync.exe
Faulting module path: C:\Windows\System32\mshtml.dll
Report Id: 0fb0ab51-a716-11e7-9c5e-0050569f256f"
Error,10/2/2017 9:04,EventCreate,1,None,Application,djkvdihost483.jakarta01.com,JAKARTA01\samekto  
Error,10/2/2017 9:04,Application Error,1000,-100,Application,djkvdihost483.jakarta01.com,"Faulting application name: lync.exe, version: 15.0.4919.1000, time stamp: 0x58c7ab1e
Faulting module name: mshtml.dll, version: 11.0.9600.18639, time stamp: 0x58d6c720
Exception code: 0xc0000005
Fault offset: 0x0013a2cc
Faulting process id: 0x7ac
Faulting application start time: 0x01d33b1a28950d00
Faulting application path: C:\Program Files\Microsoft Office\Office15\lync.exe
Faulting module path: C:\Windows\System32\mshtml.dll
Report Id: 052bb7c6-a716-11e7-8d9f-0050569f3313"
Error,10/2/2017 9:04,EventCreate,1,None,Application,djkvdihost327.jakarta01.com,JAKARTA01\Arfilia  
Error,10/2/2017 9:04,EventCreate,1,None,Application,djkvdihost304.jakarta01.com,JAKARTA01\Ricky  
Error,10/2/2017 9:04,EventCreate,1,None,Application,djkvdihost195.jakarta01.com,JAKARTA01\dessy  
Error,10/2/2017 9:04,EventCreate,1,None,Application,djkvdihost813.jakarta01.com,JAKARTA01\diena  
Error,10/2/2017 9:03,EventCreate,1,None,Application,djkvdihost721.jakarta01.com,JAKARTA01\Christopher  
Error,10/2/2017 9:03,EventCreate,1,None,Application,djkvdihost460.jakarta01.com,JAKARTA01\Ida  
Error,10/2/2017 9:02,EventCreate,1,None,Application,djkvdihost068.jakarta01.com,JAKARTA01\Ika  
Error,10/2/2017 9:02,EventCreate,1,None,Application,djkvdihost029.jakarta01.com,JAKARTA01\rahmatia  
Error,10/2/2017 9:02,EventCreate,1,None,Application,djkvdihost562.jakarta01.com,JAKARTA01\slamet  
Error,10/2/2017 9:02,EventCreate,1,None,Application,djkvdihost407.jakarta01.com,JAKARTA01\Adhi Nur  
Error,10/2/2017 9:02,EventCreate,1,None,Application,djkvdihost703.jakarta01.com,JAKARTA01\wirantika  
Error,10/2/2017 9:01,EventCreate,1,None,Application,djkvdihost772.jakarta01.com,JAKARTA01\herlina  
Error,10/2/2017 9:01,EventCreate,1,None,Application,djkvdihost602.jakarta01.com,JAKARTA01\muhdi  
Error,10/2/2017 9:01,EventCreate,1,None,Application,djkvdihost649.jakarta01.com,JAKARTA01\MahendraR  
Error,10/2/2017 9:01,Application Error,1000,-100,Application,djkvdihost649.jakarta01.com,"Faulting application name: OUTLOOK.EXE, version: 15.0.4919.1001, time stamp: 0x58d20482
Faulting module name: OUTLOOK.EXE, version: 15.0.4919.1001, time stamp: 0x58d20482
Exception code: 0xc0000005
Fault offset: 0x008924c4
Faulting process id: 0x1ffc
Faulting application start time: 0x01d33b1f1eb12418
Faulting application path: C:\Program Files\Microsoft Office\Office15\OUTLOOK.EXE
Faulting module path: C:\Program Files\Microsoft Office\Office15\OUTLOOK.EXE
Report Id: 899064f8-a715-11e7-82b9-0050569f7cb7"
Error,10/2/2017 9:00,EventCreate,1,None,Application,djkvdihost519.jakarta01.com,JAKARTA01\wisnu  
Error,10/2/2017 9:00,EventCreate,1,None,Application,djkvdihost403.jakarta01.com,JAKARTA01\eriksetiawan  
Error,10/2/2017 9:00,Application Error,1000,-100,Application,djkvdihost519.jakarta01.com,"Faulting application name: spoolsv.exe, version: 6.1.7601.17777, time stamp: 0x4f35efc3
Faulting module name: msvcrt.dll, version: 7.0.7601.17744, time stamp: 0x4eeaf722
Exception code: 0xc0000005
Fault offset: 0x0000aa14
Faulting process id: 0x63c
Faulting application start time: 0x01d33a326ebd10bc
Faulting application path: C:\Windows\System32\spoolsv.exe
Faulting module path: C:\Windows\system32\msvcrt.dll
Report Id: 74f8854c-a715-11e7-b097-0050569f0c0e"
Error,10/2/2017 9:00,EventCreate,1,None,Application,djkvdihost684.jakarta01.com,JAKARTA01\dzati  
Error,10/2/2017 8:59,EventCreate,1,None,Application,djkvdihost811.jakarta01.com,JAKARTA01\sysdovs03  
Error,10/2/2017 8:59,EventCreate,1,None,Application,djkvdihost780.jakarta01.com,JAKARTA01\valery  
Error,10/2/2017 8:59,EventCreate,1,None,Application,djkvdihost521.jakarta01.com,JAKARTA01\erwin  
Error,10/2/2017 8:58,EventCreate,1,None,Application,djkvdihost706.jakarta01.com,JAKARTA01\selih  
Error,10/2/2017 8:57,EventCreate,1,None,Application,djkvdihost805.jakarta01.com,JAKARTA01\guestacc08  
Error,10/2/2017 8:56,EventCreate,1,None,Application,djkvdihost625.jakarta01.com,JAKARTA01\nuning  
Error,10/2/2017 8:56,EventCreate,1,None,Application,djkvdihost864.jakarta01.com,JAKARTA01\deddy  
Error,10/2/2017 8:56,EventCreate,1,None,Application,djkvdihost864.jakarta01.com,JAKARTA01\deddy  
Error,10/2/2017 8:57,EventCreate,1,None,Application,djkvdihost744.jakarta01.com,JAKARTA01\budi kurniawan  
Error,10/2/2017 8:57,EventCreate,1,None,Application,djkvdihost458.jakarta01.com,JAKARTA01\meltsaury  
Error,10/2/2017 8:56,EventCreate,1,None,Application,djkvdihost063.jakarta01.com,JAKARTA01\lucky  
Error,10/2/2017 8:56,EventCreate,1,None,Application,djkvdihost501.jakarta01.com,JAKARTA01\Festy  
Error,10/2/2017 8:56,EventCreate,1,None,Application,djkvdihost374.jakarta01.com,JAKARTA01\ilham  
Error,10/2/2017 8:56,EventCreate,1,None,Application,djkvdihost864.jakarta01.com,JAKARTA01\deddy  
Error,10/2/2017 8:56,EventCreate,1,None,Application,djkvdihost374.jakarta01.com,JAKARTA01\ilham  
Error,10/2/2017 8:55,EventCreate,1,None,Application,djkvdihost622.jakarta01.com,JAKARTA01\aynie  
Error,10/2/2017 8:55,Application Error,1000,-100,Application,djkvdihost622.jakarta01.com,"Faulting application name: OUTLOOK.EXE, version: 15.0.4919.1001, time stamp: 0x58d20482
Faulting module name: ntdll.dll, version: 6.1.7601.23714, time stamp: 0x58bf8774
Exception code: 0xc0000005
Fault offset: 0x000529ac
Faulting process id: 0x1ee0
Faulting application start time: 0x01d33b2142d5aa1f
Faulting application path: C:\Program Files\Microsoft Office\Office15\OUTLOOK.EXE
Faulting module path: C:\Windows\SYSTEM32\ntdll.dll
Report Id: ca47f340-a714-11e7-8f07-0050569f1e5e"
Error,10/2/2017 8:55,EventCreate,1,None,Application,djkvdihost496.jakarta01.com,JAKARTA01\Lisa  
Error,10/2/2017 8:55,EventCreate,1,None,Application,djkvdihost362.jakarta01.com,JAKARTA01\GuestISD65  
Error,10/2/2017 8:55,EventCreate,1,None,Application,djkvdihost625.jakarta01.com,JAKARTA01\nuning  
Error,10/2/2017 8:55,EventCreate,1,None,Application,djkvdihost496.jakarta01.com,JAKARTA01\Lisa  
Error,10/2/2017 8:55,EventCreate,1,None,Application,djkvdihost096.jakarta01.com,JAKARTA01\kiky  
Error,10/2/2017 8:55,EventCreate,1,None,Application,djkvdihost574.jakarta01.com,JAKARTA01\guestisd29  
Error,10/2/2017 8:54,EventCreate,1,None,Application,djkvdihost882.jakarta01.com,JAKARTA01\khalid  
Error,10/2/2017 8:54,Application Error,1000,-100,Application,djkvdihost882.jakarta01.com,"Faulting application name: NLNOTES.EXE, version: 8.5.30.11258, time stamp: 0x4e72fa51
Faulting module name: nnotes.dll, version: 8.5.30.11258, time stamp: 0x4e72fa6a
Exception code: 0xc0000005
Fault offset: 0x001c7f0e
Faulting process id: 0x1a5c
Faulting application start time: 0x01d33b216ba5b03e
Faulting application path: C:\Program Files\IBM\Lotus\Notes\NLNOTES.EXE
Faulting module path: C:\Program Files\IBM\Lotus\Notes\nnotes.dll
Report Id: aab0253e-a714-11e7-91ca-0050569f72cd"
Error,10/2/2017 8:54,WSH,1,None,Application,djkvdihost625.jakarta01.com,"CN=Nuning password will expire in 3 day(s) at 10/5/2017 8:27:15 AM

Press CTRL + ALT + DEL and select the ""Change a password"" option."
Error,10/2/2017 8:55,EventCreate,1,None,Application,djkvdihost269.jakarta01.com,JAKARTA01\guestisd64  
Error,10/2/2017 8:54,EventCreate,1,None,Application,djkvdihost002.jakarta01.com,JAKARTA01\FAUZIAH  
Error,10/2/2017 8:54,WSH,1,None,Application,djkvdihost625.jakarta01.com,"CN=Nuning password will expire in 3 day(s) at 10/5/2017 8:27:15 AM

Press CTRL + ALT + DEL and select the ""Change a password"" option."
Error,10/2/2017 8:54,EventCreate,1,None,Application,djkvdihost519.jakarta01.com,JAKARTA01\wisnu  
Error,10/2/2017 8:54,EventCreate,1,None,Application,djkvdihost077.jakarta01.com,JAKARTA01\guestisd53  
Error,10/2/2017 8:54,EventCreate,1,None,Application,djkvdihost478.jakarta01.com,JAKARTA01\Novita Rahayu  
Error,10/2/2017 8:53,EventCreate,1,None,Application,djkvdihost622.jakarta01.com,JAKARTA01\aynie  
Error,10/2/2017 8:53,Application Error,1000,-100,Application,djkvdihost622.jakarta01.com,"Faulting application name: OUTLOOK.EXE, version: 15.0.4919.1001, time stamp: 0x58d20482
Faulting module name: ntdll.dll, version: 6.1.7601.23714, time stamp: 0x58bf8774
Exception code: 0xc0000005
Fault offset: 0x000529ac
Faulting process id: 0x1980
Faulting application start time: 0x01d33b20c366e348
Faulting application path: C:\Program Files\Microsoft Office\Office15\OUTLOOK.EXE
Faulting module path: C:\Windows\SYSTEM32\ntdll.dll
Report Id: 78fc7fc7-a714-11e7-8f07-0050569f1e5e"
Error,10/2/2017 8:53,EventCreate,1,None,Application,djkvdihost593.jakarta01.com,JAKARTA01\yoedo  
Error,10/2/2017 8:53,EventCreate,1,None,Application,djkvdihost509.jakarta01.com,JAKARTA01\wang  
Error,10/2/2017 8:53,EventCreate,1,None,Application,djkvdihost601.jakarta01.com,JAKARTA01\jati  
Error,10/2/2017 8:53,EventCreate,1,None,Application,djkvdihost445.jakarta01.com,JAKARTA01\Reiffy  
Error,10/2/2017 8:52,EventCreate,1,None,Application,djkvdihost198.jakarta01.com,JAKARTA01\Learning  
Error,10/2/2017 8:52,Application Error,1000,-100,Application,djkvdihost198.jakarta01.com,"Faulting application name: iexplore.exe, version: 11.0.9600.18639, time stamp: 0x58d6bb0d
Faulting module name: Flash32_20_0_0_286.ocx, version: 20.0.0.286, time stamp: 0x56944dbe
Exception code: 0xc0000005
Fault offset: 0x000d9900
Faulting process id: 0x1c58
Faulting application start time: 0x01d33b20c2bcffd8
Faulting application path: C:\Program Files\Internet Explorer\iexplore.exe
Faulting module path: C:\Windows\system32\Macromed\Flash\Flash32_20_0_0_286.ocx
Report Id: 6195d0eb-a714-11e7-a9b8-0050569f21ef"
Error,10/2/2017 8:52,EventCreate,1,None,Application,djkvdihost192.jakarta01.com,JAKARTA01\Azis Budianto  
Error,10/2/2017 8:52,EventCreate,1,None,Application,djkvdihost354.jakarta01.com,JAKARTA01\alvian  
Error,10/2/2017 8:52,EventCreate,1,None,Application,djkvdihost192.jakarta01.com,JAKARTA01\Azis Budianto  
Error,10/2/2017 8:51,EventCreate,1,None,Application,djkvdihost178.jakarta01.com,JAKARTA01\novitarini  
Error,10/2/2017 8:51,Application Error,1000,-100,Application,djkvdihost178.jakarta01.com,"Faulting application name: OUTLOOK.EXE, version: 15.0.4919.1001, time stamp: 0x58d20482
Faulting module name: OUTLOOK.EXE, version: 15.0.4919.1001, time stamp: 0x58d20482
Exception code: 0xc0000005
Fault offset: 0x008924c4
Faulting process id: 0x1658
Faulting application start time: 0x01d33b1dd36fd0b1
Faulting application path: C:\Program Files\Microsoft Office\Office15\OUTLOOK.EXE
Faulting module path: C:\Program Files\Microsoft Office\Office15\OUTLOOK.EXE
Report Id: 33f5c6d1-a714-11e7-956e-0050569f35b5"
Error,10/2/2017 8:51,EventCreate,1,None,Application,djkvdihost740.jakarta01.com,JAKARTA01\karen  
Error,10/2/2017 8:51,EventCreate,1,None,Application,djkvdihost625.jakarta01.com,JAKARTA01\guestisd53  
Error,10/2/2017 8:51,EventCreate,1,None,Application,djkvdihost603.jakarta01.com,JAKARTA01\andre cahyono  
Error,10/2/2017 8:51,EventCreate,1,None,Application,djkvdihost740.jakarta01.com,JAKARTA01\karen  
Error,10/2/2017 8:51,EventCreate,1,None,Application,djkvdihost256.jakarta01.com,JAKARTA01\Learning02  
Error,10/2/2017 8:50,EventCreate,1,None,Application,djkvdihost301.jakarta01.com,JAKARTA01\bryan  
Error,10/2/2017 8:50,EventCreate,1,None,Application,djkvdihost198.jakarta01.com,JAKARTA01\Learning  
Error,10/2/2017 8:49,EventCreate,1,None,Application,djkvdihost622.jakarta01.com,JAKARTA01\aynie  
Error,10/2/2017 8:49,Application Error,1000,-100,Application,djkvdihost622.jakarta01.com,"Faulting application name: OUTLOOK.EXE, version: 15.0.4919.1001, time stamp: 0x58d20482
Faulting module name: ntdll.dll, version: 6.1.7601.23714, time stamp: 0x58bf8774
Exception code: 0xc0000005
Fault offset: 0x0005294f
Faulting process id: 0x1ed0
Faulting application start time: 0x01d33b1f0a8b901c
Faulting application path: C:\Program Files\Microsoft Office\Office15\OUTLOOK.EXE
Faulting module path: C:\Windows\SYSTEM32\ntdll.dll
Report Id: fd39f685-a713-11e7-8f07-0050569f1e5e"
Error,10/2/2017 8:50,EventCreate,1,None,Application,djkvdihost301.jakarta01.com,JAKARTA01\bryan  
Error,10/2/2017 8:49,EventCreate,1,None,Application,djkvdihost724.jakarta01.com,JAKARTA01\indriani  
Error,10/2/2017 8:49,EventCreate,1,None,Application,djkvdihost558.jakarta01.com,JAKARTA01\GUESTISD26  
Error,10/2/2017 8:48,EventCreate,1,None,Application,djkvdihost541.jakarta01.com,JAKARTA01\wicaksono  
Error,10/2/2017 8:49,EventCreate,1,None,Application,djkvdihost882.jakarta01.com,JAKARTA01\khalid  
Error,10/2/2017 8:48,EventCreate,1,None,Application,djkvdihost099.jakarta01.com,JAKARTA01\rakhmanto  
Error,10/2/2017 8:48,EventCreate,1,None,Application,djkvdihost436.jakarta01.com,JAKARTA01\dwihan  
Error,10/2/2017 8:48,EventCreate,1,None,Application,djkvdihost464.jakarta01.com,JAKARTA01\jayson  
Error,10/2/2017 8:48,EventCreate,1,None,Application,djkvdihost507.jakarta01.com,JAKARTA01\juliet  
Error,10/2/2017 8:48,EventCreate,1,None,Application,djkvdihost624.jakarta01.com,JAKARTA01\chandra  
Error,10/2/2017 8:48,EventCreate,1,None,Application,djkvdihost312.jakarta01.com,JAKARTA01\Bryant  
Error,10/2/2017 8:48,EventCreate,1,None,Application,djkvdihost800.jakarta01.com,JAKARTA01\marlina2  
Error,10/2/2017 8:47,EventCreate,1,None,Application,djkvdihost426.jakarta01.com,JAKARTA01\guestisd36  
Error,10/2/2017 8:47,EventCreate,1,None,Application,djkvdihost632.jakarta01.com,JAKARTA01\GuestISD48  
Error,10/2/2017 8:47,EventCreate,1,None,Application,djkvdihost282.jakarta01.com,JAKARTA01\budsiregar  
Error,10/2/2017 8:47,EventCreate,1,None,Application,djkvdihost277.jakarta01.com,JAKARTA01\haryadi  
Error,10/2/2017 8:47,EventCreate,1,None,Application,djkvdihost464.jakarta01.com,JAKARTA01\jayson  
Error,10/2/2017 8:46,EventCreate,1,None,Application,djkvdihost001.jakarta01.com,JAKARTA01\ghozia  
Error,10/2/2017 8:45,EventCreate,1,None,Application,djkvdihost765.jakarta01.com,JAKARTA01\ceciliadt  
Error,10/2/2017 8:45,Application Error,1000,-100,Application,djkvdihost765.jakarta01.com,"Faulting application name: EXCEL.EXE, version: 15.0.4919.1000, time stamp: 0x58c7ab0f
Faulting module name: EXCEL.EXE, version: 15.0.4919.1000, time stamp: 0x58c7ab0f
Exception code: 0xc0000005
Fault offset: 0x00b3b5c7
Faulting process id: 0x188c
Faulting application start time: 0x01d33b1907c57c7d
Faulting application path: C:\Program Files\Microsoft Office\Office15\EXCEL.EXE
Faulting module path: C:\Program Files\Microsoft Office\Office15\EXCEL.EXE
Report Id: 6391e175-a713-11e7-9051-0050569f3e3d"
Error,10/2/2017 8:45,EventCreate,1,None,Application,djkvdihost366.jakarta01.com,JAKARTA01\Rani  
Error,10/2/2017 8:45,EventCreate,1,None,Application,djkvdihost692.jakarta01.com,JAKARTA01\nur endah  
Error,10/2/2017 8:45,Application Error,1000,-100,Application,djkvdihost692.jakarta01.com,"Faulting application name: OUTLOOK.EXE, version: 15.0.4919.1001, time stamp: 0x58d20482
Faulting module name: OUTLOOK.EXE, version: 15.0.4919.1001, time stamp: 0x58d20482
Exception code: 0xc0000005
Fault offset: 0x008924c4
Faulting process id: 0x1a4c
Faulting application start time: 0x01d33b17800babf9
Faulting application path: C:\Program Files\Microsoft Office\Office15\OUTLOOK.EXE
Faulting module path: C:\Program Files\Microsoft Office\Office15\OUTLOOK.EXE
Report Id: 5bb69ea9-a713-11e7-9038-0050569f4192"
Error,10/2/2017 8:45,EventCreate,1,None,Application,djkvdihost325.jakarta01.com,JAKARTA01\adityo yuwono  
Error,10/2/2017 8:44,EventCreate,1,None,Application,djkvdihost452.jakarta01.com,JAKARTA01\yudistira  
Error,10/2/2017 8:44,EventCreate,1,None,Application,djkvdihost739.jakarta01.com,JAKARTA01\Moh Ditto  
Error,10/2/2017 8:44,EventCreate,1,None,Application,djkvdihost004.jakarta01.com,JAKARTA01\guestisd27  
Error,10/2/2017 8:44,EventCreate,1,None,Application,djkvdihost246.jakarta01.com,JAKARTA01\guestisd25  
Error,10/2/2017 8:43,EventCreate,1,None,Application,djkvdihost262.jakarta01.com,JAKARTA01\apip  
Error,10/2/2017 8:43,EventCreate,1,None,Application,djkvdihost328.jakarta01.com,JAKARTA01\agnes  
Error,10/2/2017 8:43,EventCreate,1,None,Application,djkvdihost341.jakarta01.com,JAKARTA01\satria graha  
Error,10/2/2017 8:42,EventCreate,1,None,Application,djkvdihost569.jakarta01.com,JAKARTA01\Chairul  
Error,10/2/2017 8:42,Application Error,1000,-100,Application,djkvdihost569.jakarta01.com,"Faulting application name: OUTLOOK.EXE, version: 15.0.4919.1001, time stamp: 0x58d20482
Faulting module name: ntdll.dll, version: 6.1.7601.23714, time stamp: 0x58bf8774
Exception code: 0xc0000005
Fault offset: 0x0005294f
Faulting process id: 0x195c
Faulting application start time: 0x01d33b1fb525c547
Faulting application path: C:\Program Files\Microsoft Office\Office15\OUTLOOK.EXE
Faulting module path: C:\Windows\SYSTEM32\ntdll.dll
Report Id: 04095504-a713-11e7-a1f2-0050569f6426"
Error,10/2/2017 8:43,EventCreate,1,None,Application,djkvdihost265.jakarta01.com,JAKARTA01\tasin  
Error,10/2/2017 8:43,EventCreate,1,None,Application,djkvdihost208.jakarta01.com,JAKARTA01\hirano  
Error,10/2/2017 8:42,EventCreate,1,None,Application,djkvdihost213.jakarta01.com,JAKARTA01\rimico  
Error,10/2/2017 8:42,Application Error,1000,-100,Application,djkvdihost213.jakarta01.com,"Faulting application name: OUTLOOK.EXE, version: 15.0.4919.1001, time stamp: 0x58d20482
Faulting module name: ntdll.dll, version: 6.1.7601.23714, time stamp: 0x58bf8774
Exception code: 0xc0000005
Fault offset: 0x0005294f
Faulting process id: 0x1bc4
Faulting application start time: 0x01d33b1f9cc77de1
Faulting application path: C:\Program Files\Microsoft Office\Office15\OUTLOOK.EXE
Faulting module path: C:\Windows\SYSTEM32\ntdll.dll
Report Id: f1620781-a712-11e7-93cb-0050569f2093"
Error,10/2/2017 8:42,EventCreate,1,None,Application,djkvdihost569.jakarta01.com,JAKARTA01\Chairul  
Error,10/2/2017 8:42,EventCreate,1,None,Application,djkvdihost341.jakarta01.com,JAKARTA01\satria graha  
Error,10/2/2017 8:41,WSH,1,None,Application,djkvdihost341.jakarta01.com,"CN=Satria Graha Adityatama password will expire in 3 day(s) at 10/5/2017 8:08:00 AM

Press CTRL + ALT + DEL and select the ""Change a password"" option."
Error,10/2/2017 8:41,EventCreate,1,None,Application,djkvdihost352.jakarta01.com,JAKARTA01\diana  
Error,10/2/2017 8:42,Application Error,1000,-100,Application,djkvdihost569.jakarta01.com,"Faulting application name: OUTLOOK.EXE, version: 15.0.4919.1001, time stamp: 0x58d20482
Faulting module name: ntdll.dll, version: 6.1.7601.23714, time stamp: 0x58bf8774
Exception code: 0xc0000005
Fault offset: 0x000529ac
Faulting process id: 0x1f90
Faulting application start time: 0x01d33b1cab7abd43
Faulting application path: C:\Program Files\Microsoft Office\Office15\OUTLOOK.EXE
Faulting module path: C:\Windows\SYSTEM32\ntdll.dll
Report Id: eb9d8381-a712-11e7-a1f2-0050569f6426"
Error,10/2/2017 8:41,EventCreate,1,None,Application,djkvdihost213.jakarta01.com,JAKARTA01\rimico  
Error,10/2/2017 8:41,Application Error,1000,-100,Application,djkvdihost213.jakarta01.com,"Faulting application name: OUTLOOK.EXE, version: 15.0.4919.1001, time stamp: 0x58d20482
Faulting module name: ntdll.dll, version: 6.1.7601.23714, time stamp: 0x58bf8774
Exception code: 0xc0000005
Fault offset: 0x0005294f
Faulting process id: 0x1f78
Faulting application start time: 0x01d33b1e4e885e49
Faulting application path: C:\Program Files\Microsoft Office\Office15\OUTLOOK.EXE
Faulting module path: C:\Windows\SYSTEM32\ntdll.dll
Report Id: d4960521-a712-11e7-93cb-0050569f2093"
Error,10/2/2017 8:41,WSH,1,None,Application,djkvdihost341.jakarta01.com,"CN=Satria Graha Adityatama password will expire in 3 day(s) at 10/5/2017 8:08:00 AM

Press CTRL + ALT + DEL and select the ""Change a password"" option."
Error,10/2/2017 8:40,EventCreate,1,None,Application,djkvdihost405.jakarta01.com,JAKARTA01\ARDIANA  
Error,10/2/2017 8:41,EventCreate,1,None,Application,djkvdihost352.jakarta01.com,JAKARTA01\diana  
Error,10/2/2017 8:40,EventCreate,1,None,Application,djkvdihost738.jakarta01.com,JAKARTA01\ibahtiar  
Error,10/2/2017 8:40,EventCreate,1,None,Application,djkvdihost275.jakarta01.com,JAKARTA01\wulanf  
Error,10/2/2017 8:40,EventCreate,1,None,Application,djkvdihost023.jakarta01.com,JAKARTA01\Arfilia  
Error,10/2/2017 8:40,WSH,1,None,Application,djkvdihost275.jakarta01.com,"CN=Wulan Fajarini password will expire in 1 day(s) at 10/3/2017 10:47:06 AM

Press CTRL + ALT + DEL and select the ""Change a password"" option."
Error,10/2/2017 8:39,EventCreate,1,None,Application,djkvdihost405.jakarta01.com,JAKARTA01\ARDIANA  
Error,10/2/2017 8:28,EventCreate,1,None,Application,djkvdihost405.jakarta01.com,JAKARTA01\nurhayani  
Error,10/2/2017 8:40,WSH,1,None,Application,djkvdihost275.jakarta01.com,"CN=Wulan Fajarini password will expire in 1 day(s) at 10/3/2017 10:47:06 AM

Press CTRL + ALT + DEL and select the ""Change a password"" option."
Error,10/2/2017 8:40,EventCreate,1,None,Application,djkvdihost465.jakarta01.com,JAKARTA01\MFIRMAN  
Error,10/2/2017 8:40,EventCreate,1,None,Application,djkvdihost182.jakarta01.com,JAKARTA01\muhamadZAH  
Error,10/2/2017 8:40,EventCreate,1,None,Application,djkvdihost279.jakarta01.com,JAKARTA01\dyah  
Error,10/2/2017 8:39,EventCreate,1,None,Application,djkvdihost833.jakarta01.com,JAKARTA01\boby  
Error,10/2/2017 8:27,EventCreate,1,None,Application,djkvdihost405.jakarta01.com,JAKARTA01\nurhayani  
Error,10/2/2017 8:38,EventCreate,1,None,Application,djkvdihost164.jakarta01.com,JAKARTA01\eka  
Error,10/2/2017 8:39,EventCreate,1,None,Application,djkvdihost662.jakarta01.com,JAKARTA01\Adang  
Error,10/2/2017 8:39,EventCreate,1,None,Application,djkvdihost128.jakarta01.com,JAKARTA01\Sunaryo  
Error,10/2/2017 8:39,EventCreate,1,None,Application,djkvdihost165.jakarta01.com,JAKARTA01\nurhayani  
Error,10/2/2017 8:38,EventCreate,1,None,Application,djkvdihost164.jakarta01.com,JAKARTA01\eka  
Error,10/2/2017 8:37,EventCreate,1,None,Application,djkvdihost649.jakarta01.com,JAKARTA01\MahendraR  
Error,10/2/2017 8:37,EventCreate,1,None,Application,djkvdihost770.jakarta01.com,JAKARTA01\sutedja  
Error,10/2/2017 8:36,EventCreate,1,None,Application,djkvdihost622.jakarta01.com,JAKARTA01\aynie  
Error,10/2/2017 8:36,EventCreate,1,None,Application,djkvdihost753.jakarta01.com,JAKARTA01\nurul  
Error,10/2/2017 8:36,EventCreate,1,None,Application,djkvdihost127.jakarta01.com,JAKARTA01\AdindaGita  
Error,10/2/2017 8:36,EventCreate,1,None,Application,djkvdihost622.jakarta01.com,JAKARTA01\aynie  
Error,10/2/2017 8:35,WSH,1,None,Application,djkvdihost622.jakarta01.com,"CN=Aynie Widia password will expire in 2 day(s) at 10/4/2017 8:19:08 AM

Press CTRL + ALT + DEL and select the ""Change a password"" option."
Error,10/2/2017 8:36,EventCreate,1,None,Application,djkvdihost421.jakarta01.com,JAKARTA01\kurniawan  
Error,10/2/2017 8:36,EventCreate,1,None,Application,djkvdihost315.jakarta01.com,JAKARTA01\teddy  
Error,10/2/2017 8:36,EventCreate,1,None,Application,djkvdihost789.jakarta01.com,JAKARTA01\andriana  
Error,10/2/2017 8:35,WSH,1,None,Application,djkvdihost622.jakarta01.com,"CN=Aynie Widia password will expire in 2 day(s) at 10/4/2017 8:19:08 AM

Press CTRL + ALT + DEL and select the ""Change a password"" option."
Error,10/2/2017 8:35,EventCreate,1,None,Application,djkvdihost367.jakarta01.com,JAKARTA01\andrik  
Error,10/2/2017 8:35,EventCreate,1,None,Application,djkvdihost808.jakarta01.com,JAKARTA01\regina  
Error,10/2/2017 8:35,EventCreate,1,None,Application,djkvdihost476.jakarta01.com,JAKARTA01\driarkoro  
Error,10/2/2017 8:35,EventCreate,1,None,Application,djkvdihost820.jakarta01.com,JAKARTA01\pahlevi  
Error,10/2/2017 8:35,EventCreate,1,None,Application,djkvdihost814.jakarta01.com,JAKARTA01\janna  
Error,10/2/2017 8:35,EventCreate,1,None,Application,djkvdihost892.jakarta01.com,JAKARTA01\Indra Bramantyono  
Error,10/2/2017 8:35,EventCreate,1,None,Application,djkvdihost612.jakarta01.com,JAKARTA01\ridjal  
Error,10/2/2017 8:34,EventCreate,1,None,Application,djkvdihost534.jakarta01.com,JAKARTA01\GuestISD44  
Error,10/2/2017 8:34,EventCreate,1,None,Application,djkvdihost171.jakarta01.com,JAKARTA01\diah dwi  
Error,10/2/2017 8:34,EventCreate,1,None,Application,djkvdihost191.jakarta01.com,JAKARTA01\naldi  
Error,10/2/2017 8:34,EventCreate,1,None,Application,djkvdihost278.jakarta01.com,JAKARTA01\kartika  
Error,10/2/2017 8:33,EventCreate,1,None,Application,djkvdihost229.jakarta01.com,JAKARTA01\mahendrars  
Error,10/2/2017 8:33,EventCreate,1,None,Application,djkvdihost297.jakarta01.com,JAKARTA01\abdulas  
Error,10/2/2017 8:33,EventCreate,1,None,Application,djkvdihost423.jakarta01.com,JAKARTA01\paramita  
Error,10/2/2017 8:33,EventCreate,1,None,Application,djkvdihost849.jakarta01.com,JAKARTA01\bobby  
Error,10/2/2017 8:32,EventCreate,1,None,Application,djkvdihost225.jakarta01.com,JAKARTA01\Ronald Hertanto  
Error,10/2/2017 8:31,EventCreate,1,None,Application,djkvdihost288.jakarta01.com,JAKARTA01\retno  
Error,10/2/2017 8:31,Application Error,1000,-100,Application,djkvdihost288.jakarta01.com,"Faulting application name: EXCEL.EXE, version: 15.0.4919.1000, time stamp: 0x58c7ab0f
Faulting module name: EXCEL.EXE, version: 15.0.4919.1000, time stamp: 0x58c7ab0f
Exception code: 0xc0000005
Fault offset: 0x0128edf0
Faulting process id: 0x1b60
Faulting application start time: 0x01d33b16ec641fa5
Faulting application path: C:\Program Files\Microsoft Office\Office15\EXCEL.EXE
Faulting module path: C:\Program Files\Microsoft Office\Office15\EXCEL.EXE
Report Id: 78f45fcd-a711-11e7-8e04-0050569f27f6"
Error,10/2/2017 8:31,EventCreate,1,None,Application,djkvdihost610.jakarta01.com,JAKARTA01\kristian  
Error,10/2/2017 8:31,EventCreate,1,None,Application,djkvdihost610.jakarta01.com,JAKARTA01\kristian  
Error,10/2/2017 8:31,EventCreate,1,None,Application,djkvdihost108.jakarta01.com,JAKARTA01\richard  
Error,10/2/2017 8:31,EventCreate,1,None,Application,djkvdihost446.jakarta01.com,JAKARTA01\alex  
Error,10/2/2017 8:31,EventCreate,1,None,Application,djkvdihost341.jakarta01.com,JAKARTA01\guestisd36  
Error,10/2/2017 8:31,EventCreate,1,None,Application,djkvdihost114.jakarta01.com,JAKARTA01\venir  
Error,10/2/2017 8:30,EventCreate,1,None,Application,djkvdihost444.jakarta01.com,JAKARTA01\Ade k  
Error,10/2/2017 8:30,EventCreate,1,None,Application,djkvdihost681.jakarta01.com,JAKARTA01\kunthi  
Error,10/2/2017 8:30,EventCreate,1,None,Application,djkvdihost108.jakarta01.com,JAKARTA01\richard  
Error,10/2/2017 8:30,EventCreate,1,None,Application,djkvdihost019.jakarta01.com,JAKARTA01\rinaldonp  
Error,10/2/2017 8:30,EventCreate,1,None,Application,djkvdihost087.jakarta01.com,JAKARTA01\GuestISD45  
Error,10/2/2017 8:30,EventCreate,1,None,Application,djkvdihost196.jakarta01.com,JAKARTA01\GuestISD42  
Error,10/2/2017 8:30,EventCreate,1,None,Application,djkvdihost759.jakarta01.com,JAKARTA01\GuestISD46  
Error,10/2/2017 8:30,EventCreate,1,None,Application,djkvdihost289.jakarta01.com,JAKARTA01\MSandy  
Error,10/2/2017 8:30,EventCreate,1,None,Application,djkvdihost237.jakarta01.com,JAKARTA01\Guestisd30  
Error,10/2/2017 8:30,EventCreate,1,None,Application,djkvdihost291.jakarta01.com,JAKARTA01\aryani  
Error,10/2/2017 8:29,EventCreate,1,None,Application,djkvdihost111.jakarta01.com,JAKARTA01\nurfadila  
Error,10/2/2017 8:28,EventCreate,1,None,Application,djkvdihost178.jakarta01.com,JAKARTA01\novitarini  
Error,10/2/2017 8:29,EventCreate,1,None,Application,djkvdihost066.jakarta01.com,JAKARTA01\Kartina  
Error,10/2/2017 8:28,Application Error,1000,-100,Application,djkvdihost178.jakarta01.com,"Faulting application name: OUTLOOK.EXE, version: 15.0.4919.1001, time stamp: 0x58d20482
Faulting module name: OUTLOOK.EXE, version: 15.0.4919.1001, time stamp: 0x58d20482
Exception code: 0xc0000005
Fault offset: 0x008924c7
Faulting process id: 0x1e50
Faulting application start time: 0x01d33b1b1aec2311
Faulting application path: C:\Program Files\Microsoft Office\Office15\OUTLOOK.EXE
Faulting module path: C:\Program Files\Microsoft Office\Office15\OUTLOOK.EXE
Report Id: 0b336b11-a711-11e7-956e-0050569f35b5"
Error,10/2/2017 8:28,WSH,1,None,Application,djkvdihost066.jakarta01.com,"CN=Fitriani Kartina password will expire in 1 day(s) at 10/3/2017 8:59:46 AM

Press CTRL + ALT + DEL and select the ""Change a password"" option."
Error,10/2/2017 8:28,WSH,1,None,Application,djkvdihost066.jakarta01.com,"CN=Fitriani Kartina password will expire in 1 day(s) at 10/3/2017 8:59:46 AM

Press CTRL + ALT + DEL and select the ""Change a password"" option."
Error,10/2/2017 8:27,EventCreate,1,None,Application,djkvdihost113.jakarta01.com,JAKARTA01\ALFIYAH  
Error,10/2/2017 8:27,EventCreate,1,None,Application,djkvdihost311.jakarta01.com,JAKARTA01\mauluddin  
Error,10/2/2017 8:27,EventCreate,1,None,Application,djkvdihost170.jakarta01.com,JAKARTA01\fathur  
Error,10/2/2017 8:27,EventCreate,1,None,Application,djkvdihost067.jakarta01.com,JAKARTA01\amanda  
Error,10/2/2017 8:27,EventCreate,1,None,Application,djkvdihost578.jakarta01.com,JAKARTA01\vina febria  
Error,10/2/2017 8:27,EventCreate,1,None,Application,djkvdihost166.jakarta01.com,JAKARTA01\Leonardus  
Error,10/2/2017 8:26,EventCreate,1,None,Application,djkvdihost416.jakarta01.com,JAKARTA01\taty  
Error,10/2/2017 8:26,EventCreate,1,None,Application,djkvdihost173.jakarta01.com,JAKARTA01\Tri Ari  
Error,10/2/2017 8:26,EventCreate,1,None,Application,djkvdihost320.jakarta01.com,JAKARTA01\debby  
Error,10/2/2017 8:25,EventCreate,1,None,Application,djkvdihost137.jakarta01.com,JAKARTA01\erik  
Error,10/2/2017 8:25,EventCreate,1,None,Application,djkvdihost618.jakarta01.com,JAKARTA01\Nurmalia  
Error,10/2/2017 8:25,EventCreate,1,None,Application,djkvdihost756.jakarta01.com,JAKARTA01\rudini  
Error,10/2/2017 8:24,EventCreate,1,None,Application,djkvdihost292.jakarta01.com,JAKARTA01\jati  
Error,10/2/2017 8:25,EventCreate,1,None,Application,djkvdihost590.jakarta01.com,JAKARTA01\mutiman  
Error,10/2/2017 8:25,EventCreate,1,None,Application,djkvdihost388.jakarta01.com,JAKARTA01\dewi  
Error,10/2/2017 8:24,EventCreate,1,None,Application,djkvdihost045.jakarta01.com,JAKARTA01\ahmad  
Error,10/2/2017 8:24,EventCreate,1,None,Application,djkvdihost746.jakarta01.com,JAKARTA01\alexsandro  
Error,10/2/2017 8:24,EventCreate,1,None,Application,djkvdihost821.jakarta01.com,JAKARTA01\jidromann  
Error,10/2/2017 8:24,EventCreate,1,None,Application,djkvdihost290.jakarta01.com,JAKARTA01\dwinda  
Error,10/2/2017 8:24,EventCreate,1,None,Application,djkvdihost750.jakarta01.com,JAKARTA01\nadea  
Error,10/2/2017 8:23,EventCreate,1,None,Application,djkvdihost292.jakarta01.com,JAKARTA01\jati  
Error,10/2/2017 8:23,EventCreate,1,None,Application,djkvdihost733.jakarta01.com,JAKARTA01\victor  
Error,10/2/2017 8:23,EventCreate,1,None,Application,djkvdihost765.jakarta01.com,JAKARTA01\ceciliadt  
Error,10/2/2017 8:23,Application Error,1000,-100,Application,djkvdihost765.jakarta01.com,"Faulting application name: spoolsv.exe, version: 6.1.7601.17777, time stamp: 0x4f35efc3
Faulting module name: msvcrt.dll, version: 7.0.7601.17744, time stamp: 0x4eeaf722
Exception code: 0xc0000005
Fault offset: 0x0000aa14
Faulting process id: 0x638
Faulting application start time: 0x01d33a30986c6e07
Faulting application path: C:\Windows\System32\spoolsv.exe
Faulting module path: C:\Windows\system32\msvcrt.dll
Report Id: 55702465-a710-11e7-9051-0050569f3e3d"
Error,10/2/2017 8:24,Application Error,1000,-100,Application,djkvdihost746.jakarta01.com,"Faulting application name: iexplore.exe, version: 11.0.9600.18639, time stamp: 0x58d6bb0d
Faulting module name: MSHTML.dll, version: 11.0.9600.18639, time stamp: 0x58d6c720
Exception code: 0xc0000005
Fault offset: 0x000ac604
Faulting process id: 0x1d6c
Faulting application start time: 0x01d33b1ce3fb187e
Faulting application path: C:\Program Files\Internet Explorer\iexplore.exe
Faulting module path: C:\Windows\system32\MSHTML.dll
Report Id: 616b0056-a710-11e7-8750-0050569f0500"
Error,10/2/2017 8:23,Application Error,1000,-100,Application,djkvdihost821.jakarta01.com,"Faulting application name: spoolsv.exe, version: 6.1.7601.17777, time stamp: 0x4f35efc3
Faulting module name: msvcrt.dll, version: 7.0.7601.17744, time stamp: 0x4eeaf722
Exception code: 0xc0000005
Fault offset: 0x0000aa14
Faulting process id: 0x638
Faulting application start time: 0x01d33a2bcaaee3fb
Faulting application path: C:\Windows\System32\spoolsv.exe
Faulting module path: C:\Windows\system32\msvcrt.dll
Report Id: 5cc4c363-a710-11e7-bd7c-0050569f6827"
Error,10/2/2017 8:23,EventCreate,1,None,Application,djkvdihost292.jakarta01.com,JAKARTA01\jati  
Error,10/2/2017 8:23,EventCreate,1,None,Application,djkvdihost733.jakarta01.com,JAKARTA01\victor  
Error,10/2/2017 8:22,WSH,1,None,Application,djkvdihost733.jakarta01.com,"CN=Victor Nugraha password will expire in 1 day(s) at 10/3/2017 7:13:56 AM

Press CTRL + ALT + DEL and select the ""Change a password"" option."
Error,10/2/2017 8:22,WSH,1,None,Application,djkvdihost733.jakarta01.com,"CN=Victor Nugraha password will expire in 1 day(s) at 10/3/2017 7:13:56 AM

Press CTRL + ALT + DEL and select the ""Change a password"" option."
Error,10/2/2017 8:22,EventCreate,1,None,Application,djkvdihost177.jakarta01.com,JAKARTA01\adriani  
Error,10/2/2017 8:22,EventCreate,1,None,Application,djkvdihost826.jakarta01.com,JAKARTA01\elvina  
Error,10/2/2017 8:22,EventCreate,1,None,Application,djkvdihost543.jakarta01.com,JAKARTA01\DanielAW  
Error,10/2/2017 8:22,EventCreate,1,None,Application,djkvdihost177.jakarta01.com,JAKARTA01\adriani  
Error,10/2/2017 8:22,EventCreate,1,None,Application,djkvdihost826.jakarta01.com,JAKARTA01\elvina  
Error,10/2/2017 8:22,EventCreate,1,None,Application,djkvdihost682.jakarta01.com,JAKARTA01\Yulistial  
Error,10/2/2017 8:22,EventCreate,1,None,Application,djkvdihost160.jakarta01.com,JAKARTA01\sylvia  
Error,10/2/2017 8:21,EventCreate,1,None,Application,djkvdihost365.jakarta01.com,JAKARTA01\yuswardie  
Error,10/2/2017 8:21,EventCreate,1,None,Application,djkvdihost331.jakarta01.com,JAKARTA01\christian2  
Error,10/2/2017 8:21,EventCreate,1,None,Application,djkvdihost411.jakarta01.com,JAKARTA01\fauziah wildan  
Error,10/2/2017 8:21,EventCreate,1,None,Application,djkvdihost488.jakarta01.com,JAKARTA01\katrin  
Error,10/2/2017 8:20,EventCreate,1,None,Application,djkvdihost257.jakarta01.com,JAKARTA01\yenaretsa  
Error,10/2/2017 8:20,EventCreate,1,None,Application,djkvdihost346.jakarta01.com,JAKARTA01\Guestisd37  
Error,10/2/2017 8:19,EventCreate,1,None,Application,djkvdihost652.jakarta01.com,JAKARTA01\Lukitowati  
Error,10/2/2017 8:20,EventCreate,1,None,Application,djkvdihost283.jakarta01.com,JAKARTA01\Jauw  
Error,10/2/2017 8:19,EventCreate,1,None,Application,djkvdihost499.jakarta01.com,JAKARTA01\mpinto  
Error,10/2/2017 8:19,WSH,1,None,Application,djkvdihost499.jakarta01.com,"CN=Muhammed Pinto password will expire in 3 day(s) at 10/5/2017 8:26:44 AM

Press CTRL + ALT + DEL and select the ""Change a password"" option."
Error,10/2/2017 8:19,EventCreate,1,None,Application,djkvdihost091.jakarta01.com,JAKARTA01\guestisd03  
Error,10/2/2017 8:19,EventCreate,1,None,Application,djkvdihost005.jakarta01.com,JAKARTA01\augtiaji  
Error,10/2/2017 8:18,EventCreate,1,None,Application,djkvdihost292.jakarta01.com,JAKARTA01\adriani  
Error,10/2/2017 8:18,EventCreate,1,None,Application,djkvdihost292.jakarta01.com,JAKARTA01\adriani  
Error,10/2/2017 8:19,EventCreate,1,None,Application,djkvdihost261.jakarta01.com,JAKARTA01\Rinaldo  
Error,10/2/2017 8:19,WSH,1,None,Application,djkvdihost499.jakarta01.com,"CN=Muhammed Pinto password will expire in 3 day(s) at 10/5/2017 8:26:44 AM

Press CTRL + ALT + DEL and select the ""Change a password"" option."
Error,10/2/2017 8:19,EventCreate,1,None,Application,djkvdihost133.jakarta01.com,JAKARTA01\Donna  
Error,10/2/2017 8:18,EventCreate,1,None,Application,djkvdihost133.jakarta01.com,JAKARTA01\Donna  
Error,10/2/2017 8:18,EventCreate,1,None,Application,djkvdihost317.jakarta01.com,JAKARTA01\marchelius  
Error,10/2/2017 8:18,EventCreate,1,None,Application,djkvdihost474.jakarta01.com,JAKARTA01\janu  
Error,10/2/2017 8:18,EventCreate,1,None,Application,djkvdihost292.jakarta01.com,JAKARTA01\adriani  
Error,10/2/2017 8:18,EventCreate,1,None,Application,djkvdihost553.jakarta01.com,JAKARTA01\caroline  
Error,10/2/2017 8:18,EventCreate,1,None,Application,djkvdihost184.jakarta01.com,JAKARTA01\evi  
Error,10/2/2017 8:18,EventCreate,1,None,Application,djkvdihost247.jakarta01.com,JAKARTA01\amelinda  
Error,10/2/2017 8:18,EventCreate,1,None,Application,djkvdihost581.jakarta01.com,JAKARTA01\aditya ny  
Error,10/2/2017 8:18,EventCreate,1,None,Application,djkvdihost652.jakarta01.com,JAKARTA01\Lukitowati  
Error,10/2/2017 8:18,EventCreate,1,None,Application,djkvdihost652.jakarta01.com,JAKARTA01\Lukitowati  
Error,10/2/2017 8:18,EventCreate,1,None,Application,djkvdihost334.jakarta01.com,JAKARTA01\nunu  
Error,10/2/2017 8:17,EventCreate,1,None,Application,djkvdihost529.jakarta01.com,JAKARTA01\primaningtyas  
Error,10/2/2017 8:17,EventCreate,1,None,Application,djkvdihost576.jakarta01.com,JAKARTA01\Yonanda  
Error,10/2/2017 8:16,EventCreate,1,None,Application,djkvdihost443.jakarta01.com,JAKARTA01\christianrs  
Error,10/2/2017 8:16,EventCreate,1,None,Application,djkvdihost647.jakarta01.com,JAKARTA01\sari  
Error,10/2/2017 8:16,EventCreate,1,None,Application,djkvdihost867.jakarta01.com,JAKARTA01\natasya  
Error,10/2/2017 8:16,EventCreate,1,None,Application,djkvdihost134.jakarta01.com,JAKARTA01\evanc  
Error,10/2/2017 8:16,EventCreate,1,None,Application,djkvdihost010.jakarta01.com,JAKARTA01\riaanggreyni  
Error,10/2/2017 8:15,EventCreate,1,None,Application,djkvdihost308.jakarta01.com,JAKARTA01\ronal  
Error,10/2/2017 8:16,EventCreate,1,None,Application,djkvdihost078.jakarta01.com,JAKARTA01\denny  
Error,10/2/2017 8:15,EventCreate,1,None,Application,djkvdihost205.jakarta01.com,JAKARTA01\Rahmad  
Error,10/2/2017 8:15,EventCreate,1,None,Application,djkvdihost180.jakarta01.com,JAKARTA01\Rumata  
Error,10/2/2017 8:15,EventCreate,1,None,Application,djkvdihost526.jakarta01.com,JAKARTA01\JanuardiI  
Error,10/2/2017 8:15,EventCreate,1,None,Application,djkvdihost308.jakarta01.com,JAKARTA01\ronal  
Error,10/2/2017 8:15,EventCreate,1,None,Application,djkvdihost195.jakarta01.com,JAKARTA01\Lukitowati  
Error,10/2/2017 8:15,EventCreate,1,None,Application,djkvdihost236.jakarta01.com,JAKARTA01\ita shabrina  
Error,10/2/2017 8:15,EventCreate,1,None,Application,djkvdihost205.jakarta01.com,JAKARTA01\Rahmad  
Error,10/2/2017 8:14,WSH,1,None,Application,djkvdihost180.jakarta01.com,"CN=Rumata password will expire in 3 day(s) at 10/5/2017 8:42:02 AM

Press CTRL + ALT + DEL and select the ""Change a password"" option."
Error,10/2/2017 8:14,WSH,1,None,Application,djkvdihost180.jakarta01.com,"CN=Rumata password will expire in 3 day(s) at 10/5/2017 8:42:02 AM

Press CTRL + ALT + DEL and select the ""Change a password"" option."
Error,10/2/2017 8:14,EventCreate,1,None,Application,djkvdihost540.jakarta01.com,JAKARTA01\Dilla  
Error,10/2/2017 8:14,EventCreate,1,None,Application,djkvdihost308.jakarta01.com,JAKARTA01\ronal  
Error,10/2/2017 8:14,EventCreate,1,None,Application,djkvdihost742.jakarta01.com,JAKARTA01\bagas  
Error,10/2/2017 8:13,EventCreate,1,None,Application,djkvdihost207.jakarta01.com,JAKARTA01\puspitasari  
Error,10/2/2017 8:13,EventCreate,1,None,Application,djkvdihost343.jakarta01.com,JAKARTA01\giandripn  
Error,10/2/2017 8:13,EventCreate,1,None,Application,djkvdihost117.jakarta01.com,JAKARTA01\Tino  
Error,10/2/2017 8:13,EventCreate,1,None,Application,djkvdihost794.jakarta01.com,JAKARTA01\mayang  
Error,10/2/2017 8:13,EventCreate,1,None,Application,djkvdihost336.jakarta01.com,JAKARTA01\wiranti  
Error,10/2/2017 8:13,WSH,1,None,Application,djkvdihost336.jakarta01.com,"CN=Wiranti Surya Hutami password will expire in 0 day(s) at 10/2/2017 9:04:13 AM

Press CTRL + ALT + DEL and select the ""Change a password"" option."
Error,10/2/2017 8:13,EventCreate,1,None,Application,djkvdihost663.jakarta01.com,JAKARTA01\quartiny  
Error,10/2/2017 8:13,EventCreate,1,None,Application,djkvdihost394.jakarta01.com,JAKARTA01\Lordy  
Error,10/2/2017 8:13,WSH,1,None,Application,djkvdihost336.jakarta01.com,"CN=Wiranti Surya Hutami password will expire in 0 day(s) at 10/2/2017 9:04:13 AM

Press CTRL + ALT + DEL and select the ""Change a password"" option."
Error,10/2/2017 8:12,EventCreate,1,None,Application,djkvdihost231.jakarta01.com,JAKARTA01\AULIASA  
Error,10/2/2017 8:12,EventCreate,1,None,Application,djkvdihost212.jakarta01.com,JAKARTA01\warda  
Error,10/2/2017 8:12,Application Error,1000,-100,Application,djkvdihost212.jakarta01.com,"Faulting application name: PhotoScreensaver.scr, version: 6.1.7601.17514, time stamp: 0x4ce7a590
Faulting module name: SHELL32.dll, version: 6.1.7601.23537, time stamp: 0x57c450f4
Exception code: 0xc0000005
Fault offset: 0x001f269f
Faulting process id: 0x1d2c
Faulting application start time: 0x01d33b1b0b1973ba
Faulting application path: C:\Windows\system32\PhotoScreensaver.scr
Faulting module path: C:\Windows\system32\SHELL32.dll
Report Id: bd2456ba-a70e-11e7-a258-0050569f7a6e"
Error,10/2/2017 8:12,EventCreate,1,None,Application,djkvdihost712.jakarta01.com,JAKARTA01\hana nurul  
Error,10/2/2017 8:12,EventCreate,1,None,Application,djkvdihost151.jakarta01.com,JAKARTA01\Guestisd31  
Error,10/2/2017 8:12,EventCreate,1,None,Application,djkvdihost112.jakarta01.com,JAKARTA01\aulya  
Error,10/2/2017 8:11,EventCreate,1,None,Application,djkvdihost228.jakarta01.com,JAKARTA01\Ana  
Error,10/2/2017 8:12,EventCreate,1,None,Application,djkvdihost698.jakarta01.com,JAKARTA01\nyimas  
Error,10/2/2017 8:11,EventCreate,1,None,Application,djkvdihost802.jakarta01.com,JAKARTA01\yulia rifanda  
Error,10/2/2017 8:12,EventCreate,1,None,Application,djkvdihost698.jakarta01.com,JAKARTA01\nyimas  
Error,10/2/2017 8:11,EventCreate,1,None,Application,djkvdihost203.jakarta01.com,JAKARTA01\mega  
Error,10/2/2017 8:11,EventCreate,1,None,Application,djkvdihost767.jakarta01.com,JAKARTA01\mdendy  
Error,10/2/2017 8:11,EventCreate,1,None,Application,djkvdihost879.jakarta01.com,JAKARTA01\Amelia  
Error,10/2/2017 8:11,EventCreate,1,None,Application,djkvdihost082.jakarta01.com,JAKARTA01\chinthiars  
Error,10/2/2017 8:10,EventCreate,1,None,Application,djkvdihost228.jakarta01.com,JAKARTA01\Ana  
Error,10/2/2017 8:11,EventCreate,1,None,Application,djkvdihost461.jakarta01.com,JAKARTA01\Taufik Kurniawan  
Error,10/2/2017 8:11,EventCreate,1,None,Application,djkvdihost879.jakarta01.com,JAKARTA01\Amelia  
Error,10/2/2017 8:11,EventCreate,1,None,Application,djkvdihost309.jakarta01.com,JAKARTA01\syifa  
Error,10/2/2017 8:10,EventCreate,1,None,Application,djkvdihost551.jakarta01.com,JAKARTA01\dwi septiyanti  
Error,10/2/2017 8:10,EventCreate,1,None,Application,djkvdihost037.jakarta01.com,JAKARTA01\R Syafira  
Error,10/2/2017 8:10,EventCreate,1,None,Application,djkvdihost357.jakarta01.com,JAKARTA01\Rio  
Error,10/2/2017 8:10,EventCreate,1,None,Application,djkvdihost228.jakarta01.com,JAKARTA01\Ana  
Error,10/2/2017 8:10,EventCreate,1,None,Application,djkvdihost046.jakarta01.com,JAKARTA01\alifah  
Error,10/2/2017 8:10,EventCreate,1,None,Application,djkvdihost573.jakarta01.com,JAKARTA01\victoria  
Error,10/2/2017 8:09,EventCreate,1,None,Application,djkvdihost573.jakarta01.com,JAKARTA01\victoria  
Error,10/2/2017 8:09,EventCreate,1,None,Application,djkvdihost163.jakarta01.com,JAKARTA01\finessya  
Error,10/2/2017 8:10,EventCreate,1,None,Application,djkvdihost020.jakarta01.com,JAKARTA01\georgedk  
Error,10/2/2017 8:10,EventCreate,1,None,Application,djkvdihost735.jakarta01.com,JAKARTA01\rasyid  
Error,10/2/2017 8:09,EventCreate,1,None,Application,djkvdihost573.jakarta01.com,JAKARTA01\victoria  
Error,10/2/2017 8:09,EventCreate,1,None,Application,djkvdihost226.jakarta01.com,JAKARTA01\Putri  
Error,10/2/2017 8:09,EventCreate,1,None,Application,djkvdihost161.jakarta01.com,JAKARTA01\MuhammadI  
Error,10/2/2017 8:09,EventCreate,1,None,Application,djkvdihost360.jakarta01.com,JAKARTA01\Hilma  
Error,10/2/2017 8:09,EventCreate,1,None,Application,djkvdihost163.jakarta01.com,JAKARTA01\finessya  
Error,10/2/2017 8:09,EventCreate,1,None,Application,djkvdihost110.jakarta01.com,JAKARTA01\puty  
Error,10/2/2017 8:09,EventCreate,1,None,Application,djkvdihost342.jakarta01.com,JAKARTA01\brenda  
Error,10/2/2017 8:09,EventCreate,1,None,Application,djkvdihost734.jakarta01.com,JAKARTA01\melly  
Error,10/2/2017 8:08,EventCreate,1,None,Application,djkvdihost768.jakarta01.com,JAKARTA01\Agus  
Error,10/2/2017 8:08,EventCreate,1,None,Application,djkvdihost375.jakarta01.com,JAKARTA01\DedyW  
Error,10/2/2017 8:07,EventCreate,1,None,Application,djkvdihost135.jakarta01.com,JAKARTA01\ali pasya  
Error,10/2/2017 8:07,Application Error,1000,-100,Application,djkvdihost135.jakarta01.com,"Faulting application name: OUTLOOK.EXE, version: 15.0.4919.1001, time stamp: 0x58d20482
Faulting module name: OUTLOOK.EXE, version: 15.0.4919.1001, time stamp: 0x58d20482
Exception code: 0xc0000005
Fault offset: 0x008924c4
Faulting process id: 0x1dbc
Faulting application start time: 0x01d33b19e7d91750
Faulting application path: C:\Program Files\Microsoft Office\Office15\OUTLOOK.EXE
Faulting module path: C:\Program Files\Microsoft Office\Office15\OUTLOOK.EXE
Report Id: 1c473070-a70e-11e7-80a6-0050569f64d7"
Error,10/2/2017 8:07,EventCreate,1,None,Application,djkvdihost321.jakarta01.com,JAKARTA01\henny  
Error,10/2/2017 8:07,EventCreate,1,None,Application,djkvdihost595.jakarta01.com,JAKARTA01\teguh  
Error,10/2/2017 8:08,EventCreate,1,None,Application,djkvdihost276.jakarta01.com,JAKARTA01\eka prastica  
Error,10/2/2017 8:08,EventCreate,1,None,Application,djkvdihost768.jakarta01.com,JAKARTA01\Agus  
Error,10/2/2017 8:07,EventCreate,1,None,Application,djkvdihost306.jakarta01.com,JAKARTA01\yosie  
Error,10/2/2017 8:07,EventCreate,1,None,Application,djkvdihost025.jakarta01.com,JAKARTA01\subhan  
Error,10/2/2017 8:07,EventCreate,1,None,Application,djkvdihost324.jakarta01.com,JAKARTA01\reza  
