Error,10/6/2017 7:58,EventCreate,1,None,Application,djkvdihost116.jakarta01.com,JAKARTA01\rakhmanto  
Error,10/6/2017 7:57,WSH,1,None,Application,djkvdihost169.jakarta01.com,"CN=Lieke password will expire in 3 day(s) at 10/9/2017 7:14:13 AM

Press CTRL + ALT + DEL and select the ""Change a password"" option."
Error,10/6/2017 7:58,EventCreate,1,None,Application,djkvdihost749.jakarta01.com,JAKARTA01\hadid  
Error,10/6/2017 7:58,EventCreate,1,None,Application,djkvdihost367.jakarta01.com,JAKARTA01\achmadr  
Error,10/6/2017 7:58,EventCreate,1,None,Application,djkvdihost690.jakarta01.com,JAKARTA01\GuestISD43  
Error,10/6/2017 7:57,EventCreate,1,None,Application,djkvdihost217.jakarta01.com,JAKARTA01\alvita  
Error,10/6/2017 7:57,EventCreate,1,None,Application,djkvdihost811.jakarta01.com,JAKARTA01\bagas  
Error,10/6/2017 7:57,EventCreate,1,None,Application,djkvdihost584.jakarta01.com,JAKARTA01\Putri Damayanti  
Error,10/6/2017 7:57,EventCreate,1,None,Application,djkvdihost796.jakarta01.com,JAKARTA01\smuhidin  
Error,10/6/2017 7:57,EventCreate,1,None,Application,djkvdihost687.jakarta01.com,JAKARTA01\Rafika  
Error,10/6/2017 7:57,WSH,1,None,Application,djkvdihost169.jakarta01.com,"CN=Lieke password will expire in 3 day(s) at 10/9/2017 7:14:13 AM

Press CTRL + ALT + DEL and select the ""Change a password"" option."
Error,10/6/2017 7:57,EventCreate,1,None,Application,djkvdihost394.jakarta01.com,JAKARTA01\bellaisya  
Error,10/6/2017 7:57,EventCreate,1,None,Application,djkvdihost097.jakarta01.com,JAKARTA01\eriks  
Error,10/6/2017 7:57,EventCreate,1,None,Application,djkvdihost750.jakarta01.com,JAKARTA01\Agus  
Error,10/6/2017 7:57,EventCreate,1,None,Application,djkvdihost711.jakarta01.com,JAKARTA01\Puspa  
Error,10/6/2017 7:57,EventCreate,1,None,Application,djkvdihost597.jakarta01.com,JAKARTA01\melly  
Error,10/6/2017 7:57,EventCreate,1,None,Application,djkvdihost396.jakarta01.com,JAKARTA01\puri  
Error,10/6/2017 7:57,EventCreate,1,None,Application,djkvdihost663.jakarta01.com,JAKARTA01\diah astuti  
Error,10/6/2017 7:57,EventCreate,1,None,Application,djkvdihost404.jakarta01.com,JAKARTA01\yosanta  
Error,10/6/2017 7:57,EventCreate,1,None,Application,djkvdihost004.jakarta01.com,JAKARTA01\maitri  
Error,10/6/2017 7:56,EventCreate,1,None,Application,djkvdihost583.jakarta01.com,JAKARTA01\dwi septiyanti  
Error,10/6/2017 7:56,EventCreate,1,None,Application,djkvdihost769.jakarta01.com,JAKARTA01\phia  
Error,10/6/2017 7:56,EventCreate,1,None,Application,djkvdihost286.jakarta01.com,JAKARTA01\Liasyah  
Error,10/6/2017 7:56,EventCreate,1,None,Application,djkvdihost273.jakarta01.com,JAKARTA01\davidc  
Error,10/6/2017 7:56,EventCreate,1,None,Application,djkvdihost207.jakarta01.com,JAKARTA01\Rizky Anggari  
Error,10/6/2017 7:56,EventCreate,1,None,Application,djkvdihost013.jakarta01.com,JAKARTA01\imam  
Error,10/6/2017 7:56,EventCreate,1,None,Application,djkvdihost495.jakarta01.com,JAKARTA01\endah_k  
Error,10/6/2017 7:55,EventCreate,1,None,Application,djkvdihost231.jakarta01.com,JAKARTA01\dimas  
Error,10/6/2017 7:56,EventCreate,1,None,Application,djkvdihost094.jakarta01.com,JAKARTA01\lenny  
Error,10/6/2017 7:56,EventCreate,1,None,Application,djkvdihost263.jakarta01.com,JAKARTA01\Audyanza  
Error,10/6/2017 7:56,EventCreate,1,None,Application,djkvdihost592.jakarta01.com,JAKARTA01\toyoda  
Error,10/6/2017 7:56,EventCreate,1,None,Application,djkvdihost419.jakarta01.com,JAKARTA01\BERNARDUS  
Error,10/6/2017 7:56,EventCreate,1,None,Application,djkvdihost471.jakarta01.com,JAKARTA01\Risqia  
Error,10/6/2017 7:56,EventCreate,1,None,Application,djkvdihost821.jakarta01.com,JAKARTA01\MAUREEN  
Error,10/6/2017 7:55,EventCreate,1,None,Application,djkvdihost744.jakarta01.com,JAKARTA01\Arum  
Error,10/6/2017 7:55,EventCreate,1,None,Application,djkvdihost894.jakarta01.com,JAKARTA01\Enjang  
Error,10/6/2017 7:55,EventCreate,1,None,Application,djkvdihost803.jakarta01.com,JAKARTA01\anggata  
Error,10/6/2017 7:55,Application Error,1000,-100,Application,djkvdihost231.jakarta01.com,"Faulting application name: spoolsv.exe, version: 6.1.7601.17777, time stamp: 0x4f35efc3
Faulting module name: msvcrt.dll, version: 7.0.7601.17744, time stamp: 0x4eeaf722
Exception code: 0xc0000005
Fault offset: 0x0000aa14
Faulting process id: 0x630
Faulting application start time: 0x01d33dbb42fd219f
Faulting application path: C:\Windows\System32\spoolsv.exe
Faulting module path: C:\Windows\system32\msvcrt.dll
Report Id: 151e46e3-aa31-11e7-ad30-0050569f4d50"
Error,10/6/2017 7:55,Application Error,1000,-100,Application,djkvdihost744.jakarta01.com,"Faulting application name: spoolsv.exe, version: 6.1.7601.17777, time stamp: 0x4f35efc3
Faulting module name: msvcrt.dll, version: 7.0.7601.17744, time stamp: 0x4eeaf722
Exception code: 0xc0000005
Fault offset: 0x0000aa14
Faulting process id: 0x634
Faulting application start time: 0x01d33db10a99c7ef
Faulting application path: C:\Windows\System32\spoolsv.exe
Faulting module path: C:\Windows\system32\msvcrt.dll
Report Id: 11d34188-aa31-11e7-bdf3-0050569f44a8"
Error,10/6/2017 7:55,EventCreate,1,None,Application,djkvdihost231.jakarta01.com,JAKARTA01\dimas  
Error,10/6/2017 7:55,EventCreate,1,None,Application,djkvdihost138.jakarta01.com,JAKARTA01\priscilla  
Error,10/6/2017 7:55,EventCreate,1,None,Application,djkvdihost716.jakarta01.com,JAKARTA01\Darmawan  
Error,10/6/2017 7:55,EventCreate,1,None,Application,djkvdihost612.jakarta01.com,JAKARTA01\Chairul  
Error,10/6/2017 7:54,EventCreate,1,None,Application,djkvdihost448.jakarta01.com,JAKARTA01\palmella  
Error,10/6/2017 7:55,EventCreate,1,None,Application,djkvdihost163.jakarta01.com,JAKARTA01\hendry  
Error,10/6/2017 7:54,EventCreate,1,None,Application,djkvdihost703.jakarta01.com,JAKARTA01\michiko  
Error,10/6/2017 7:54,EventCreate,1,None,Application,djkvdihost448.jakarta01.com,JAKARTA01\palmella  
Error,10/6/2017 7:54,EventCreate,1,None,Application,djkvdihost188.jakarta01.com,JAKARTA01\prakasa  
Error,10/6/2017 7:54,EventCreate,1,None,Application,djkvdihost332.jakarta01.com,JAKARTA01\andryan  
Error,10/6/2017 7:54,EventCreate,1,None,Application,djkvdihost771.jakarta01.com,JAKARTA01\leonie  
Error,10/6/2017 7:54,EventCreate,1,None,Application,djkvdihost202.jakarta01.com,JAKARTA01\muhammady  
Error,10/6/2017 7:54,EventCreate,1,None,Application,djkvdihost275.jakarta01.com,JAKARTA01\ayu  
Error,10/6/2017 7:54,EventCreate,1,None,Application,djkvdihost551.jakarta01.com,JAKARTA01\luthfi  
Error,10/6/2017 7:54,EventCreate,1,None,Application,djkvdihost766.jakarta01.com,JAKARTA01\tenri  
Error,10/6/2017 7:54,EventCreate,1,None,Application,djkvdihost189.jakarta01.com,JAKARTA01\hardianbp  
Error,10/6/2017 7:53,EventCreate,1,None,Application,djkvdihost575.jakarta01.com,JAKARTA01\Tri Ari  
Error,10/6/2017 7:53,EventCreate,1,None,Application,djkvdihost364.jakarta01.com,JAKARTA01\kreshna  
Error,10/6/2017 7:53,EventCreate,1,None,Application,djkvdihost813.jakarta01.com,JAKARTA01\Erlisa  
Error,10/6/2017 7:52,EventCreate,1,None,Application,djkvdihost644.jakarta01.com,JAKARTA01\tantri  
Error,10/6/2017 7:52,EventCreate,1,None,Application,djkvdihost644.jakarta01.com,JAKARTA01\tantri  
Error,10/6/2017 7:53,EventCreate,1,None,Application,djkvdihost111.jakarta01.com,JAKARTA01\jeffry  
Error,10/6/2017 7:52,EventCreate,1,None,Application,djkvdihost392.jakarta01.com,JAKARTA01\ita shabrina  
Error,10/6/2017 7:52,EventCreate,1,None,Application,djkvdihost742.jakarta01.com,JAKARTA01\putri  
Error,10/6/2017 7:52,EventCreate,1,None,Application,djkvdihost567.jakarta01.com,JAKARTA01\Ida  
Error,10/6/2017 7:52,EventCreate,1,None,Application,djkvdihost165.jakarta01.com,JAKARTA01\mery  
Error,10/6/2017 7:52,EventCreate,1,None,Application,djkvdihost279.jakarta01.com,JAKARTA01\EDameria  
Error,10/6/2017 7:52,EventCreate,1,None,Application,djkvdihost193.jakarta01.com,JAKARTA01\jayson  
Error,10/6/2017 7:52,EventCreate,1,None,Application,djkvdihost763.jakarta01.com,JAKARTA01\apip  
Error,10/6/2017 7:52,EventCreate,1,None,Application,djkvdihost182.jakarta01.com,JAKARTA01\davidhs  
Error,10/6/2017 7:52,EventCreate,1,None,Application,djkvdihost076.jakarta01.com,JAKARTA01\Yudhadp  
Error,10/6/2017 7:52,EventCreate,1,None,Application,djkvdihost171.jakarta01.com,JAKARTA01\nony  
Error,10/6/2017 7:52,EventCreate,1,None,Application,djkvdihost726.jakarta01.com,JAKARTA01\andini  
Error,10/6/2017 7:52,EventCreate,1,None,Application,djkvdihost498.jakarta01.com,JAKARTA01\rara  
Error,10/6/2017 7:51,EventCreate,1,None,Application,djkvdihost819.jakarta01.com,JAKARTA01\Astriana  
Error,10/6/2017 7:51,EventCreate,1,None,Application,djkvdihost401.jakarta01.com,JAKARTA01\jidromann  
Error,10/6/2017 7:51,EventCreate,1,None,Application,djkvdihost221.jakarta01.com,JAKARTA01\maya  
Error,10/6/2017 7:51,EventCreate,1,None,Application,djkvdihost537.jakarta01.com,JAKARTA01\aria  
Error,10/6/2017 7:51,EventCreate,1,None,Application,djkvdihost362.jakarta01.com,JAKARTA01\BudiS  
Error,10/6/2017 7:51,EventCreate,1,None,Application,djkvdihost052.jakarta01.com,JAKARTA01\meinar  
Error,10/6/2017 7:51,EventCreate,1,None,Application,djkvdihost492.jakarta01.com,JAKARTA01\dimas adhi  
Error,10/6/2017 7:50,EventCreate,1,None,Application,djkvdihost644.jakarta01.com,JAKARTA01\tantri  
Error,10/6/2017 7:50,WSH,1,None,Application,djkvdihost052.jakarta01.com,"CN=Meinar Indria password will expire in 3 day(s) at 10/9/2017 4:29:18 PM

Press CTRL + ALT + DEL and select the ""Change a password"" option."
Error,10/6/2017 7:51,EventCreate,1,None,Application,djkvdihost232.jakarta01.com,JAKARTA01\erminawati  
Error,10/6/2017 7:51,EventCreate,1,None,Application,djkvdihost210.jakarta01.com,JAKARTA01\vinka  
Error,10/6/2017 7:51,EventCreate,1,None,Application,djkvdihost334.jakarta01.com,JAKARTA01\henry  
Error,10/6/2017 7:51,EventCreate,1,None,Application,djkvdihost470.jakarta01.com,JAKARTA01\laila  
Error,10/6/2017 7:51,EventCreate,1,None,Application,djkvdihost368.jakarta01.com,JAKARTA01\mahendra  
Error,10/6/2017 7:51,EventCreate,1,None,Application,djkvdihost502.jakarta01.com,JAKARTA01\rizka syarifa  
Error,10/6/2017 7:51,Application Error,1000,-100,Application,djkvdihost334.jakarta01.com,"Faulting application name: spoolsv.exe, version: 6.1.7601.17777, time stamp: 0x4f35efc3
Faulting module name: msvcrt.dll, version: 7.0.7601.17744, time stamp: 0x4eeaf722
Exception code: 0xc0000005
Fault offset: 0x0000aa14
Faulting process id: 0x630
Faulting application start time: 0x01d33dce2d108aeb
Faulting application path: C:\Windows\System32\spoolsv.exe
Faulting module path: C:\Windows\system32\msvcrt.dll
Report Id: 6b1a6569-aa30-11e7-9c90-0050569f05b5"
Error,10/6/2017 7:50,WSH,1,None,Application,djkvdihost052.jakarta01.com,"CN=Meinar Indria password will expire in 3 day(s) at 10/9/2017 4:29:18 PM

Press CTRL + ALT + DEL and select the ""Change a password"" option."
Error,10/6/2017 7:50,EventCreate,1,None,Application,djkvdihost568.jakarta01.com,JAKARTA01\mpinto  
Error,10/6/2017 7:50,EventCreate,1,None,Application,djkvdihost608.jakarta01.com,JAKARTA01\chandra  
Error,10/6/2017 7:50,Application Error,1000,-100,Application,djkvdihost644.jakarta01.com,"Faulting application name: spoolsv.exe, version: 6.1.7601.17777, time stamp: 0x4f35efc3
Faulting module name: msvcrt.dll, version: 7.0.7601.17744, time stamp: 0x4eeaf722
Exception code: 0xc0000005
Fault offset: 0x0000aa14
Faulting process id: 0x638
Faulting application start time: 0x01d33deaa9380b2d
Faulting application path: C:\Windows\System32\spoolsv.exe
Faulting module path: C:\Windows\system32\msvcrt.dll
Report Id: 64bb8e65-aa30-11e7-8920-0050569f71f3"
Error,10/6/2017 7:50,EventCreate,1,None,Application,djkvdihost680.jakarta01.com,JAKARTA01\GuestISD57  
Error,10/6/2017 7:50,EventCreate,1,None,Application,djkvdihost600.jakarta01.com,JAKARTA01\Indah  
Error,10/6/2017 7:50,EventCreate,1,None,Application,djkvdihost028.jakarta01.com,JAKARTA01\Aviv  
Error,10/6/2017 7:50,WSH,1,None,Application,djkvdihost644.jakarta01.com,"CN=Tantri password will expire in 2 day(s) at 10/8/2017 7:18:35 AM

Press CTRL + ALT + DEL and select the ""Change a password"" option."
Error,10/6/2017 7:50,WSH,1,None,Application,djkvdihost644.jakarta01.com,"CN=Tantri password will expire in 2 day(s) at 10/8/2017 7:18:35 AM

Press CTRL + ALT + DEL and select the ""Change a password"" option."
Error,10/6/2017 7:50,EventCreate,1,None,Application,djkvdihost833.jakarta01.com,JAKARTA01\linda  
Error,10/6/2017 7:49,EventCreate,1,None,Application,djkvdihost735.jakarta01.com,JAKARTA01\DanielAW  
Error,10/6/2017 7:49,EventCreate,1,None,Application,djkvdihost617.jakarta01.com,JAKARTA01\chalfin  
Error,10/6/2017 7:49,EventCreate,1,None,Application,djkvdihost305.jakarta01.com,JAKARTA01\harumi  
Error,10/6/2017 7:49,EventCreate,1,None,Application,djkvdihost593.jakarta01.com,JAKARTA01\M Fajri  
Error,10/6/2017 7:49,EventCreate,1,None,Application,djkvdihost280.jakarta01.com,JAKARTA01\victor  
Error,10/6/2017 7:49,EventCreate,1,None,Application,djkvdihost179.jakarta01.com,JAKARTA01\widinuryanti  
Error,10/6/2017 7:49,EventCreate,1,None,Application,djkvdihost175.jakarta01.com,JAKARTA01\adiyanti  
Error,10/6/2017 7:48,EventCreate,1,None,Application,djkvdihost324.jakarta01.com,JAKARTA01\dwi budi  
Error,10/6/2017 7:48,EventCreate,1,None,Application,djkvdihost602.jakarta01.com,JAKARTA01\Jauw  
Error,10/6/2017 7:48,EventCreate,1,None,Application,djkvdihost882.jakarta01.com,JAKARTA01\khalid  
Error,10/6/2017 7:48,EventCreate,1,None,Application,djkvdihost779.jakarta01.com,JAKARTA01\rezky  
Error,10/6/2017 7:48,EventCreate,1,None,Application,djkvdihost385.jakarta01.com,JAKARTA01\citra  
Error,10/6/2017 7:48,EventCreate,1,None,Application,djkvdihost581.jakarta01.com,JAKARTA01\JUNETTE  
Error,10/6/2017 7:48,EventCreate,1,None,Application,djkvdihost651.jakarta01.com,JAKARTA01\Ronald  
Error,10/6/2017 7:48,EventCreate,1,None,Application,djkvdihost587.jakarta01.com,JAKARTA01\wicaksono  
Error,10/6/2017 7:48,EventCreate,1,None,Application,djkvdihost808.jakarta01.com,JAKARTA01\krisnawan  
Error,10/6/2017 7:48,EventCreate,1,None,Application,djkvdihost900.jakarta01.com,JAKARTA01\Agus Sutikno  
Error,10/6/2017 7:48,EventCreate,1,None,Application,djkvdihost444.jakarta01.com,JAKARTA01\rubyani  
Error,10/6/2017 7:48,EventCreate,1,None,Application,djkvdihost828.jakarta01.com,JAKARTA01\venir  
Error,10/6/2017 7:47,EventCreate,1,None,Application,djkvdihost003.jakarta01.com,JAKARTA01\kristian  
Error,10/6/2017 7:48,EventCreate,1,None,Application,djkvdihost131.jakarta01.com,JAKARTA01\titis  
Error,10/6/2017 7:48,EventCreate,1,None,Application,djkvdihost300.jakarta01.com,JAKARTA01\dadi  
Error,10/6/2017 7:48,Application Error,1000,-100,Application,djkvdihost131.jakarta01.com,"Faulting application name: spoolsv.exe, version: 6.1.7601.17777, time stamp: 0x4f35efc3
Faulting module name: msvcrt.dll, version: 7.0.7601.17744, time stamp: 0x4eeaf722
Exception code: 0xc0000005
Fault offset: 0x0000aa14
Faulting process id: 0x634
Faulting application start time: 0x01d33dc34a791c68
Faulting application path: C:\Windows\System32\spoolsv.exe
Faulting module path: C:\Windows\system32\msvcrt.dll
Report Id: 0447d338-aa30-11e7-b916-0050569f714e"
Error,10/6/2017 7:48,EventCreate,1,None,Application,djkvdihost324.jakarta01.com,JAKARTA01\dwi budi  
Error,10/6/2017 7:48,EventCreate,1,None,Application,djkvdihost040.jakarta01.com,JAKARTA01\indra pranowo  
Error,10/6/2017 7:47,EventCreate,1,None,Application,djkvdihost456.jakarta01.com,JAKARTA01\REIS  
Error,10/6/2017 7:47,EventCreate,1,None,Application,djkvdihost581.jakarta01.com,JAKARTA01\JUNETTE  
Error,10/6/2017 7:47,EventCreate,1,None,Application,djkvdihost178.jakarta01.com,JAKARTA01\Talitha  
Error,10/6/2017 7:47,EventCreate,1,None,Application,djkvdihost173.jakarta01.com,JAKARTA01\ronald david  
Error,10/6/2017 7:47,EventCreate,1,None,Application,djkvdihost607.jakarta01.com,JAKARTA01\MIrhasE  
Error,10/6/2017 7:47,EventCreate,1,None,Application,djkvdihost014.jakarta01.com,JAKARTA01\andiani  
Error,10/6/2017 7:47,EventCreate,1,None,Application,djkvdihost282.jakarta01.com,JAKARTA01\Budi Ramadhan  
Error,10/6/2017 7:47,EventCreate,1,None,Application,djkvdihost003.jakarta01.com,JAKARTA01\kristian  
Error,10/6/2017 7:47,EventCreate,1,None,Application,djkvdihost462.jakarta01.com,JAKARTA01\Prihantono  
Error,10/6/2017 7:46,EventCreate,1,None,Application,djkvdihost846.jakarta01.com,JAKARTA01\deddy  
Error,10/6/2017 7:46,EventCreate,1,None,Application,djkvdihost609.jakarta01.com,JAKARTA01\Rinaldo  
Error,10/6/2017 7:46,EventCreate,1,None,Application,djkvdihost289.jakarta01.com,JAKARTA01\fitri  
Error,10/6/2017 7:46,EventCreate,1,None,Application,djkvdihost565.jakarta01.com,JAKARTA01\rinaldonp  
Error,10/6/2017 7:46,EventCreate,1,None,Application,djkvdihost325.jakarta01.com,JAKARTA01\handayani  
Error,10/6/2017 7:46,EventCreate,1,None,Application,djkvdihost596.jakarta01.com,JAKARTA01\arum eka  
Error,10/6/2017 7:46,EventCreate,1,None,Application,djkvdihost277.jakarta01.com,JAKARTA01\nungi  
Error,10/6/2017 7:46,Application Error,1000,-100,Application,djkvdihost846.jakarta01.com,"Faulting application name: spoolsv.exe, version: 6.1.7601.17777, time stamp: 0x4f35efc3
Faulting module name: msvcrt.dll, version: 7.0.7601.17744, time stamp: 0x4eeaf722
Exception code: 0xc0000005
Fault offset: 0x0000aa14
Faulting process id: 0x604
Faulting application start time: 0x01d33dd3ffaf5b07
Faulting application path: C:\Windows\System32\spoolsv.exe
Faulting module path: C:\Windows\system32\msvcrt.dll
Report Id: bffc5a0c-aa2f-11e7-b3f4-0050569f2b16"
Error,10/6/2017 7:45,WSH,1,None,Application,djkvdihost325.jakarta01.com,"CN=Rini Handayani password will expire in 4 day(s) at 10/10/2017 7:57:28 AM

Press CTRL + ALT + DEL and select the ""Change a password"" option."
Error,10/6/2017 7:46,EventCreate,1,None,Application,djkvdihost287.jakarta01.com,JAKARTA01\Ariestyo  
Error,10/6/2017 7:45,EventCreate,1,None,Application,djkvdihost697.jakarta01.com,JAKARTA01\Pradita  
Error,10/6/2017 7:45,EventCreate,1,None,Application,djkvdihost893.jakarta01.com,JAKARTA01\naruhito  
Error,10/6/2017 7:45,EventCreate,1,None,Application,djkvdihost096.jakarta01.com,JAKARTA01\martha  
Error,10/6/2017 7:45,WSH,1,None,Application,djkvdihost325.jakarta01.com,"CN=Rini Handayani password will expire in 4 day(s) at 10/10/2017 7:57:28 AM

Press CTRL + ALT + DEL and select the ""Change a password"" option."
Error,10/6/2017 7:45,EventCreate,1,None,Application,djkvdihost319.jakarta01.com,JAKARTA01\Devina  
Error,10/6/2017 7:45,EventCreate,1,None,Application,djkvdihost519.jakarta01.com,JAKARTA01\erika  
Error,10/6/2017 7:45,EventCreate,1,None,Application,djkvdihost628.jakarta01.com,JAKARTA01\karen  
Error,10/6/2017 7:45,EventCreate,1,None,Application,djkvdihost458.jakarta01.com,JAKARTA01\Dian Permata  
Error,10/6/2017 7:45,EventCreate,1,None,Application,djkvdihost689.jakarta01.com,JAKARTA01\Arina  
Error,10/6/2017 7:45,EventCreate,1,None,Application,djkvdihost519.jakarta01.com,JAKARTA01\erika  
Error,10/6/2017 7:44,EventCreate,1,None,Application,djkvdihost508.jakarta01.com,JAKARTA01\Felix  
Error,10/6/2017 7:44,EventCreate,1,None,Application,djkvdihost847.jakarta01.com,JAKARTA01\m nugraha  
Error,10/6/2017 7:44,EventCreate,1,None,Application,djkvdihost623.jakarta01.com,JAKARTA01\Chadijah  
Error,10/6/2017 7:44,EventCreate,1,None,Application,djkvdihost397.jakarta01.com,JAKARTA01\ronal  
Error,10/6/2017 7:44,EventCreate,1,None,Application,djkvdihost143.jakarta01.com,JAKARTA01\mauluddin  
Error,10/6/2017 7:44,EventCreate,1,None,Application,djkvdihost615.jakarta01.com,JAKARTA01\yorika  
Error,10/6/2017 7:43,EventCreate,1,None,Application,djkvdihost777.jakarta01.com,JAKARTA01\findal  
Error,10/6/2017 7:43,EventCreate,1,None,Application,djkvdihost640.jakarta01.com,JAKARTA01\ario  
Error,10/6/2017 7:43,EventCreate,1,None,Application,djkvdihost057.jakarta01.com,JAKARTA01\resha  
Error,10/6/2017 7:43,EventCreate,1,None,Application,djkvdihost265.jakarta01.com,JAKARTA01\aprilia  
Error,10/6/2017 7:43,EventCreate,1,None,Application,djkvdihost848.jakarta01.com,JAKARTA01\natasya  
Error,10/6/2017 7:43,WSH,1,None,Application,djkvdihost508.jakarta01.com,"CN=Felix Sutiono password will expire in 2 day(s) at 10/8/2017 7:57:18 AM

Press CTRL + ALT + DEL and select the ""Change a password"" option."
Error,10/6/2017 7:43,WSH,1,None,Application,djkvdihost508.jakarta01.com,"CN=Felix Sutiono password will expire in 2 day(s) at 10/8/2017 7:57:18 AM

Press CTRL + ALT + DEL and select the ""Change a password"" option."
Error,10/6/2017 7:43,EventCreate,1,None,Application,djkvdihost437.jakarta01.com,JAKARTA01\Nikmatullah  
Error,10/6/2017 7:43,EventCreate,1,None,Application,djkvdihost713.jakarta01.com,JAKARTA01\Ajie  
Error,10/6/2017 7:43,EventCreate,1,None,Application,djkvdihost118.jakarta01.com,JAKARTA01\Fardhady  
Error,10/6/2017 7:43,EventCreate,1,None,Application,djkvdihost164.jakarta01.com,JAKARTA01\Rahmat  
Error,10/6/2017 7:42,WSH,1,None,Application,djkvdihost057.jakarta01.com,"CN=Resha Ayu Angela Fatri password will expire in 2 day(s) at 10/8/2017 8:22:04 AM

Press CTRL + ALT + DEL and select the ""Change a password"" option."
Error,10/6/2017 7:42,EventCreate,1,None,Application,djkvdihost314.jakarta01.com,JAKARTA01\utomo  
Error,10/6/2017 7:43,EventCreate,1,None,Application,djkvdihost530.jakarta01.com,JAKARTA01\mega  
Error,10/6/2017 7:43,EventCreate,1,None,Application,djkvdihost714.jakarta01.com,JAKARTA01\himawan  
Error,10/6/2017 7:42,EventCreate,1,None,Application,djkvdihost345.jakarta01.com,JAKARTA01\tjahja  
Error,10/6/2017 7:42,WSH,1,None,Application,djkvdihost057.jakarta01.com,"CN=Resha Ayu Angela Fatri password will expire in 2 day(s) at 10/8/2017 8:22:04 AM

Press CTRL + ALT + DEL and select the ""Change a password"" option."
Error,10/6/2017 7:42,EventCreate,1,None,Application,djkvdihost714.jakarta01.com,JAKARTA01\himawan  
Error,10/6/2017 7:42,EventCreate,1,None,Application,djkvdihost314.jakarta01.com,JAKARTA01\utomo  
Error,10/6/2017 7:42,WSH,1,None,Application,djkvdihost164.jakarta01.com,"CN=Rahmat Hendratama password will expire in 2 day(s) at 10/8/2017 7:42:39 AM

Press CTRL + ALT + DEL and select the ""Change a password"" option."
Error,10/6/2017 7:42,WSH,1,None,Application,djkvdihost164.jakarta01.com,"CN=Rahmat Hendratama password will expire in 2 day(s) at 10/8/2017 7:42:39 AM

Press CTRL + ALT + DEL and select the ""Change a password"" option."
Error,10/6/2017 7:42,EventCreate,1,None,Application,djkvdihost196.jakarta01.com,JAKARTA01\Teguh Aji  
Error,10/6/2017 7:41,EventCreate,1,None,Application,djkvdihost801.jakarta01.com,JAKARTA01\katrin  
Error,10/6/2017 7:41,EventCreate,1,None,Application,djkvdihost418.jakarta01.com,JAKARTA01\rindang  
Error,10/6/2017 7:41,EventCreate,1,None,Application,djkvdihost418.jakarta01.com,JAKARTA01\rindang  
Error,10/6/2017 7:41,EventCreate,1,None,Application,djkvdihost665.jakarta01.com,JAKARTA01\Hilma  
Error,10/6/2017 7:41,EventCreate,1,None,Application,djkvdihost613.jakarta01.com,JAKARTA01\ayuningtias  
Error,10/6/2017 7:41,EventCreate,1,None,Application,djkvdihost058.jakarta01.com,JAKARTA01\ipuk  
Error,10/6/2017 7:40,EventCreate,1,None,Application,djkvdihost347.jakarta01.com,JAKARTA01\srahma  
Error,10/6/2017 7:40,EventCreate,1,None,Application,djkvdihost238.jakarta01.com,JAKARTA01\kartika  
Error,10/6/2017 7:40,EventCreate,1,None,Application,djkvdihost896.jakarta01.com,JAKARTA01\Denni  
Error,10/6/2017 7:40,EventCreate,1,None,Application,djkvdihost679.jakarta01.com,JAKARTA01\cecilia  
Error,10/6/2017 7:40,EventCreate,1,None,Application,djkvdihost187.jakarta01.com,JAKARTA01\Beny  
Error,10/6/2017 7:40,EventCreate,1,None,Application,djkvdihost870.jakarta01.com,JAKARTA01\bayu  
Error,10/6/2017 7:40,EventCreate,1,None,Application,djkvdihost870.jakarta01.com,JAKARTA01\bayu  
Error,10/6/2017 7:39,EventCreate,1,None,Application,djkvdihost870.jakarta01.com,JAKARTA01\bayu  
Error,10/6/2017 7:40,EventCreate,1,None,Application,djkvdihost685.jakarta01.com,JAKARTA01\christianrs  
Error,10/6/2017 7:40,EventCreate,1,None,Application,djkvdihost218.jakarta01.com,JAKARTA01\Marthen  
Error,10/6/2017 7:39,WSH,1,None,Application,djkvdihost187.jakarta01.com,"CN=Beny Rachmad Septiawan password will expire in 2 day(s) at 10/8/2017 8:09:23 AM

Press CTRL + ALT + DEL and select the ""Change a password"" option."
Error,10/6/2017 7:40,EventCreate,1,None,Application,djkvdihost783.jakarta01.com,JAKARTA01\fferdian  
Error,10/6/2017 7:39,EventCreate,1,None,Application,djkvdihost870.jakarta01.com,JAKARTA01\bayu  
Error,10/6/2017 7:39,EventCreate,1,None,Application,djkvdihost635.jakarta01.com,JAKARTA01\sashkia  
Error,10/6/2017 7:39,WSH,1,None,Application,djkvdihost218.jakarta01.com,"CN=Marthen password will expire in 2 day(s) at 10/8/2017 8:33:25 AM

Press CTRL + ALT + DEL and select the ""Change a password"" option."
Error,10/6/2017 7:39,EventCreate,1,None,Application,djkvdihost293.jakarta01.com,JAKARTA01\arinie  
Error,10/6/2017 7:39,WSH,1,None,Application,djkvdihost187.jakarta01.com,"CN=Beny Rachmad Septiawan password will expire in 2 day(s) at 10/8/2017 8:09:23 AM

Press CTRL + ALT + DEL and select the ""Change a password"" option."
Error,10/6/2017 7:39,WSH,1,None,Application,djkvdihost218.jakarta01.com,"CN=Marthen password will expire in 2 day(s) at 10/8/2017 8:33:25 AM

Press CTRL + ALT + DEL and select the ""Change a password"" option."
Error,10/6/2017 7:38,WSH,1,None,Application,djkvdihost635.jakarta01.com,"CN=Sashkia Andina Pitarini password will expire in 2 day(s) at 10/8/2017 7:52:59 AM

Press CTRL + ALT + DEL and select the ""Change a password"" option."
Error,10/6/2017 7:38,WSH,1,None,Application,djkvdihost635.jakarta01.com,"CN=Sashkia Andina Pitarini password will expire in 2 day(s) at 10/8/2017 7:52:59 AM

Press CTRL + ALT + DEL and select the ""Change a password"" option."
Error,10/6/2017 7:38,EventCreate,1,None,Application,djkvdihost898.jakarta01.com,JAKARTA01\matthew  
Error,10/6/2017 7:38,EventCreate,1,None,Application,djkvdihost745.jakarta01.com,JAKARTA01\alfiari  
Error,10/6/2017 7:38,EventCreate,1,None,Application,djkvdihost124.jakarta01.com,JAKARTA01\belly  
Error,10/6/2017 7:38,EventCreate,1,None,Application,djkvdihost375.jakarta01.com,JAKARTA01\AdrianP  
Error,10/6/2017 7:38,EventCreate,1,None,Application,djkvdihost203.jakarta01.com,JAKARTA01\yuliana  
Error,10/6/2017 7:38,EventCreate,1,None,Application,djkvdihost321.jakarta01.com,JAKARTA01\binar  
Error,10/6/2017 7:38,EventCreate,1,None,Application,djkvdihost321.jakarta01.com,JAKARTA01\binar  
Error,10/6/2017 7:38,EventCreate,1,None,Application,djkvdihost461.jakarta01.com,JAKARTA01\evanc  
Error,10/6/2017 7:38,EventCreate,1,None,Application,djkvdihost267.jakarta01.com,JAKARTA01\ningmatul  
Error,10/6/2017 7:38,EventCreate,1,None,Application,djkvdihost760.jakarta01.com,JAKARTA01\Erich  
Error,10/6/2017 7:38,EventCreate,1,None,Application,djkvdihost807.jakarta01.com,JAKARTA01\annisa inggita  
Error,10/6/2017 7:37,EventCreate,1,None,Application,djkvdihost817.jakarta01.com,JAKARTA01\metha  
Error,10/6/2017 7:37,EventCreate,1,None,Application,djkvdihost213.jakarta01.com,JAKARTA01\Dyandra  
Error,10/6/2017 7:37,EventCreate,1,None,Application,djkvdihost717.jakarta01.com,JAKARTA01\MegaDN  
Error,10/6/2017 7:37,EventCreate,1,None,Application,djkvdihost772.jakarta01.com,JAKARTA01\Djohan  
Error,10/6/2017 7:37,EventCreate,1,None,Application,djkvdihost469.jakarta01.com,JAKARTA01\Resty  
Error,10/6/2017 7:37,EventCreate,1,None,Application,djkvdihost775.jakarta01.com,JAKARTA01\Kurnia Arisayuga  
Error,10/6/2017 7:37,EventCreate,1,None,Application,djkvdihost513.jakarta01.com,JAKARTA01\reny  
Error,10/6/2017 7:37,EventCreate,1,None,Application,djkvdihost701.jakarta01.com,JAKARTA01\Adjeng  
Error,10/6/2017 7:37,EventCreate,1,None,Application,djkvdihost027.jakarta01.com,JAKARTA01\chyntiadn  
Error,10/6/2017 7:36,EventCreate,1,None,Application,djkvdihost414.jakarta01.com,JAKARTA01\pratiwi  
Error,10/6/2017 7:36,EventCreate,1,None,Application,djkvdihost374.jakarta01.com,JAKARTA01\Bob Jasper  
Error,10/6/2017 7:36,EventCreate,1,None,Application,djkvdihost659.jakarta01.com,JAKARTA01\wulanf  
Error,10/6/2017 7:36,EventCreate,1,None,Application,djkvdihost161.jakarta01.com,JAKARTA01\wildan  
Error,10/6/2017 7:36,EventCreate,1,None,Application,djkvdihost463.jakarta01.com,JAKARTA01\meity  
Error,10/6/2017 7:35,Application Error,1000,-100,Application,djkvdihost414.jakarta01.com,"Faulting application name: spoolsv.exe, version: 6.1.7601.17777, time stamp: 0x4f35efc3
Faulting module name: msvcrt.dll, version: 7.0.7601.17744, time stamp: 0x4eeaf722
Exception code: 0xc0000005
Fault offset: 0x0000aa14
Faulting process id: 0x638
Faulting application start time: 0x01d33dc60b93d328
Faulting application path: C:\Windows\System32\spoolsv.exe
Faulting module path: C:\Windows\system32\msvcrt.dll
Report Id: 5080ac0d-aa2e-11e7-90a5-0050569f0db3"
Error,10/6/2017 7:35,EventCreate,1,None,Application,djkvdihost764.jakarta01.com,JAKARTA01\restiani  
Error,10/6/2017 7:35,EventCreate,1,None,Application,djkvdihost532.jakarta01.com,JAKARTA01\yulia rifanda  
Error,10/6/2017 7:35,EventCreate,1,None,Application,djkvdihost765.jakarta01.com,JAKARTA01\mdendy  
Error,10/6/2017 7:35,EventCreate,1,None,Application,djkvdihost268.jakarta01.com,JAKARTA01\m ridho  
Error,10/6/2017 7:35,EventCreate,1,None,Application,djkvdihost563.jakarta01.com,JAKARTA01\Sandra  
Error,10/6/2017 7:35,EventCreate,1,None,Application,djkvdihost732.jakarta01.com,JAKARTA01\Yunita  
Error,10/6/2017 7:35,EventCreate,1,None,Application,djkvdihost414.jakarta01.com,JAKARTA01\pratiwi  
Error,10/6/2017 7:34,EventCreate,1,None,Application,djkvdihost205.jakarta01.com,JAKARTA01\Dina Vathati  
Error,10/6/2017 7:34,EventCreate,1,None,Application,djkvdihost732.jakarta01.com,JAKARTA01\Yunita  
Error,10/6/2017 7:34,EventCreate,1,None,Application,djkvdihost765.jakarta01.com,JAKARTA01\mdendy  
Error,10/6/2017 7:34,EventCreate,1,None,Application,djkvdihost291.jakarta01.com,JAKARTA01\antonius  
Error,10/6/2017 7:34,EventCreate,1,None,Application,djkvdihost433.jakarta01.com,JAKARTA01\trisnawati  
Error,10/6/2017 7:34,EventCreate,1,None,Application,djkvdihost741.jakarta01.com,JAKARTA01\haris  
Error,10/6/2017 7:34,EventCreate,1,None,Application,djkvdihost892.jakarta01.com,JAKARTA01\StellaH  
Error,10/6/2017 7:33,EventCreate,1,None,Application,djkvdihost264.jakarta01.com,JAKARTA01\iqbal  
Error,10/6/2017 7:33,EventCreate,1,None,Application,djkvdihost378.jakarta01.com,JAKARTA01\poetry  
Error,10/6/2017 7:33,EventCreate,1,None,Application,djkvdihost294.jakarta01.com,JAKARTA01\nurmalasari  
Error,10/6/2017 7:33,EventCreate,1,None,Application,djkvdihost768.jakarta01.com,JAKARTA01\fatma  
Error,10/6/2017 7:33,EventCreate,1,None,Application,djkvdihost591.jakarta01.com,JAKARTA01\mirawati  
Error,10/6/2017 7:33,EventCreate,1,None,Application,djkvdihost230.jakarta01.com,JAKARTA01\sugiarto  
Error,10/6/2017 7:33,EventCreate,1,None,Application,djkvdihost001.jakarta01.com,JAKARTA01\myreshka  
Error,10/6/2017 7:33,EventCreate,1,None,Application,djkvdihost233.jakarta01.com,JAKARTA01\aditya chandra  
Error,10/6/2017 7:33,EventCreate,1,None,Application,djkvdihost592.jakarta01.com,JAKARTA01\isnaini  
Error,10/6/2017 7:32,EventCreate,1,None,Application,djkvdihost558.jakarta01.com,JAKARTA01\yumiyati  
Error,10/6/2017 7:32,EventCreate,1,None,Application,djkvdihost824.jakarta01.com,JAKARTA01\lestari  
Error,10/6/2017 7:31,EventCreate,1,None,Application,djkvdihost298.jakarta01.com,JAKARTA01\teddy h  
Error,10/6/2017 7:31,EventCreate,1,None,Application,djkvdihost708.jakarta01.com,JAKARTA01\nur endah  
Error,10/6/2017 7:31,EventCreate,1,None,Application,djkvdihost009.jakarta01.com,JAKARTA01\poespita  
Error,10/6/2017 7:31,EventCreate,1,None,Application,djkvdihost621.jakarta01.com,JAKARTA01\niluh  
Error,10/6/2017 7:30,EventCreate,1,None,Application,djkvdihost472.jakarta01.com,JAKARTA01\RURI  
Error,10/6/2017 7:30,Application Error,1000,-100,Application,djkvdihost472.jakarta01.com,"Faulting application name: wfcrun32.exe, version: 14.4.1000.16, time stamp: 0x571e1bd4
Faulting module name: MFC80.DLL, version: 8.0.50727.6195, time stamp: 0x4dcdeca2
Exception code: 0xc0000005
Fault offset: 0x000de1b0
Faulting process id: 0x1bc8
Faulting application start time: 0x01d33e3a60500bfe
Faulting application path: C:\Program Files\Citrix\ICA Client\wfcrun32.exe
Faulting module path: C:\Windows\WinSxS\x86_microsoft.vc80.mfc_1fc8b3b9a1e18e3b_8.0.50727.6195_none_cbf5e994470a1a8f\MFC80.DLL
Report Id: 9e204b7e-aa2d-11e7-8825-0050569f77e5"
Error,10/6/2017 7:31,EventCreate,1,None,Application,djkvdihost676.jakarta01.com,JAKARTA01\yudi  
Error,10/6/2017 7:31,EventCreate,1,None,Application,djkvdihost427.jakarta01.com,JAKARTA01\yusi  
Error,10/6/2017 7:31,EventCreate,1,None,Application,djkvdihost864.jakarta01.com,JAKARTA01\andi  
Error,10/6/2017 7:31,EventCreate,1,None,Application,djkvdihost746.jakarta01.com,JAKARTA01\Aisyah  
Error,10/6/2017 7:31,EventCreate,1,None,Application,djkvdihost455.jakarta01.com,JAKARTA01\saptorini  
Error,10/6/2017 7:30,EventCreate,1,None,Application,djkvdihost572.jakarta01.com,JAKARTA01\faiqa  
Error,10/6/2017 7:30,EventCreate,1,None,Application,djkvdihost077.jakarta01.com,JAKARTA01\anggi  
Error,10/6/2017 7:30,EventCreate,1,None,Application,djkvdihost309.jakarta01.com,JAKARTA01\pramana  
Error,10/6/2017 7:30,EventCreate,1,None,Application,djkvdihost026.jakarta01.com,JAKARTA01\rozi  
Error,10/6/2017 7:30,EventCreate,1,None,Application,djkvdihost044.jakarta01.com,JAKARTA01\Dimas Satya  
Error,10/6/2017 7:29,EventCreate,1,None,Application,djkvdihost044.jakarta01.com,JAKARTA01\Dimas Satya  
Error,10/6/2017 7:30,EventCreate,1,None,Application,djkvdihost087.jakarta01.com,JAKARTA01\sulistyono  
Error,10/6/2017 7:29,EventCreate,1,None,Application,djkvdihost795.jakarta01.com,JAKARTA01\ahmad zainul  
Error,10/6/2017 7:29,EventCreate,1,None,Application,djkvdihost044.jakarta01.com,JAKARTA01\Dimas Satya  
Error,10/6/2017 7:29,EventCreate,1,None,Application,djkvdihost348.jakarta01.com,JAKARTA01\veronicam  
Error,10/6/2017 7:29,EventCreate,1,None,Application,djkvdihost445.jakarta01.com,JAKARTA01\Yosi  
Error,10/6/2017 7:29,EventCreate,1,None,Application,djkvdihost423.jakarta01.com,JAKARTA01\WUlanAn  
Error,10/6/2017 7:29,EventCreate,1,None,Application,djkvdihost472.jakarta01.com,JAKARTA01\RURI  
Error,10/6/2017 7:29,Application Error,1000,-100,Application,djkvdihost472.jakarta01.com,"Faulting application name: wfcrun32.exe, version: 14.4.1000.16, time stamp: 0x571e1bd4
Faulting module name: MFC80.DLL, version: 8.0.50727.6195, time stamp: 0x4dcdeca2
Exception code: 0xc0000005
Fault offset: 0x000de1b0
Faulting process id: 0x18e0
Faulting application start time: 0x01d33e3a18c51afe
Faulting application path: C:\Program Files\Citrix\ICA Client\wfcrun32.exe
Faulting module path: C:\Windows\WinSxS\x86_microsoft.vc80.mfc_1fc8b3b9a1e18e3b_8.0.50727.6195_none_cbf5e994470a1a8f\MFC80.DLL
Report Id: 5a6a10fe-aa2d-11e7-8825-0050569f77e5"
Error,10/6/2017 7:28,EventCreate,1,None,Application,djkvdihost077.jakarta01.com,JAKARTA01\anggi  
Error,10/6/2017 7:28,EventCreate,1,None,Application,djkvdihost539.jakarta01.com,JAKARTA01\vina febria  
Error,10/6/2017 7:28,Application Error,1000,-100,Application,djkvdihost077.jakarta01.com,"Faulting application name: spoolsv.exe, version: 6.1.7601.17777, time stamp: 0x4f35efc3
Faulting module name: msvcrt.dll, version: 7.0.7601.17744, time stamp: 0x4eeaf722
Exception code: 0xc0000005
Fault offset: 0x0000aa14
Faulting process id: 0x640
Faulting application start time: 0x01d33dc91dc3bd84
Faulting application path: C:\Windows\System32\spoolsv.exe
Faulting module path: C:\Windows\system32\msvcrt.dll
Report Id: 4f7280fb-aa2d-11e7-8783-0050569f3939"
Error,10/6/2017 7:28,EventCreate,1,None,Application,djkvdihost668.jakarta01.com,JAKARTA01\yulianty  
Error,10/6/2017 7:28,Application Error,1000,-100,Application,djkvdihost539.jakarta01.com,"Faulting application name: spoolsv.exe, version: 6.1.7601.17777, time stamp: 0x4f35efc3
Faulting module name: msvcrt.dll, version: 7.0.7601.17744, time stamp: 0x4eeaf722
Exception code: 0xc0000005
Fault offset: 0x0000aa14
Faulting process id: 0x634
Faulting application start time: 0x01d33dd235285cd1
Faulting application path: C:\Windows\System32\spoolsv.exe
Faulting module path: C:\Windows\system32\msvcrt.dll
Report Id: 3e95e85b-aa2d-11e7-b6b9-0050569f4595"
Error,10/6/2017 7:27,EventCreate,1,None,Application,djkvdihost234.jakarta01.com,JAKARTA01\Priellya  
Error,10/6/2017 7:27,EventCreate,1,None,Application,djkvdihost101.jakarta01.com,JAKARTA01\sitti  
Error,10/6/2017 7:27,EventCreate,1,None,Application,djkvdihost234.jakarta01.com,JAKARTA01\Priellya  
Error,10/6/2017 7:27,EventCreate,1,None,Application,djkvdihost656.jakarta01.com,JAKARTA01\netra  
Error,10/6/2017 7:27,Application Error,1000,-100,Application,djkvdihost101.jakarta01.com,"Faulting application name: spoolsv.exe, version: 6.1.7601.17777, time stamp: 0x4f35efc3
Faulting module name: msvcrt.dll, version: 7.0.7601.17744, time stamp: 0x4eeaf722
Exception code: 0xc0000005
Fault offset: 0x0000aa14
Faulting process id: 0x634
Faulting application start time: 0x01d33dcb13f5d03f
Faulting application path: C:\Windows\System32\spoolsv.exe
Faulting module path: C:\Windows\system32\msvcrt.dll
Report Id: 2250ae73-aa2d-11e7-bdba-0050569f71ba"
Error,10/6/2017 7:27,EventCreate,1,None,Application,djkvdihost302.jakarta01.com,JAKARTA01\hersiari  
Error,10/6/2017 7:26,EventCreate,1,None,Application,djkvdihost636.jakarta01.com,JAKARTA01\Anton  
Error,10/6/2017 7:26,WSH,1,None,Application,djkvdihost302.jakarta01.com,"CN=Dita Hersiari password will expire in 2 day(s) at 10/8/2017 7:48:55 AM

Press CTRL + ALT + DEL and select the ""Change a password"" option."
Error,10/6/2017 7:26,EventCreate,1,None,Application,djkvdihost244.jakarta01.com,JAKARTA01\Amaliawati  
Error,10/6/2017 7:26,EventCreate,1,None,Application,djkvdihost789.jakarta01.com,JAKARTA01\mazy  
Error,10/6/2017 7:26,EventCreate,1,None,Application,djkvdihost606.jakarta01.com,JAKARTA01\polyska  
Error,10/6/2017 7:26,WSH,1,None,Application,djkvdihost302.jakarta01.com,"CN=Dita Hersiari password will expire in 2 day(s) at 10/8/2017 7:48:55 AM

Press CTRL + ALT + DEL and select the ""Change a password"" option."
Error,10/6/2017 7:26,EventCreate,1,None,Application,djkvdihost240.jakarta01.com,JAKARTA01\ayub  
Error,10/6/2017 7:26,EventCreate,1,None,Application,djkvdihost253.jakarta01.com,JAKARTA01\dwinda  
Error,10/6/2017 7:26,EventCreate,1,None,Application,djkvdihost067.jakarta01.com,JAKARTA01\adhi  
Error,10/6/2017 7:25,EventCreate,1,None,Application,djkvdihost036.jakarta01.com,JAKARTA01\marchelius  
Error,10/6/2017 7:25,EventCreate,1,None,Application,djkvdihost500.jakarta01.com,JAKARTA01\mutiman  
Error,10/6/2017 7:25,EventCreate,1,None,Application,djkvdihost136.jakarta01.com,JAKARTA01\sinta  
Error,10/6/2017 7:25,EventCreate,1,None,Application,djkvdihost086.jakarta01.com,JAKARTA01\livia  
Error,10/6/2017 7:25,EventCreate,1,None,Application,djkvdihost627.jakarta01.com,JAKARTA01\ALTHEA  
Error,10/6/2017 7:24,EventCreate,1,None,Application,djkvdihost421.jakarta01.com,JAKARTA01\Rio Satria  
Error,10/6/2017 7:24,EventCreate,1,None,Application,djkvdihost204.jakarta01.com,JAKARTA01\christian  
Error,10/6/2017 7:24,Application Error,1000,-100,Application,djkvdihost421.jakarta01.com,"Faulting application name: spoolsv.exe, version: 6.1.7601.17777, time stamp: 0x4f35efc3
Faulting module name: msvcrt.dll, version: 7.0.7601.17744, time stamp: 0x4eeaf722
Exception code: 0xc0000005
Fault offset: 0x0000aa14
Faulting process id: 0x630
Faulting application start time: 0x01d33dc21fcc4ba6
Faulting application path: C:\Windows\System32\spoolsv.exe
Faulting module path: C:\Windows\system32\msvcrt.dll
Report Id: ae17b185-aa2c-11e7-9a4d-0050569f500d"
Error,10/6/2017 7:24,EventCreate,1,None,Application,djkvdihost553.jakarta01.com,JAKARTA01\amanda  
Error,10/6/2017 7:24,EventCreate,1,None,Application,djkvdihost786.jakarta01.com,JAKARTA01\Setiawan  
Error,10/6/2017 7:24,EventCreate,1,None,Application,djkvdihost038.jakarta01.com,JAKARTA01\GuestISD58  
Error,10/6/2017 7:23,EventCreate,1,None,Application,djkvdihost382.jakarta01.com,JAKARTA01\dzati  
Error,10/6/2017 7:23,EventCreate,1,None,Application,djkvdihost421.jakarta01.com,JAKARTA01\Rio Satria  
Error,10/6/2017 7:22,EventCreate,1,None,Application,djkvdihost320.jakarta01.com,JAKARTA01\Ameilia  
Error,10/6/2017 7:22,EventCreate,1,None,Application,djkvdihost878.jakarta01.com,JAKARTA01\tsusaka  
Error,10/6/2017 7:22,EventCreate,1,None,Application,djkvdihost162.jakarta01.com,JAKARTA01\topik  
Error,10/6/2017 7:21,EventCreate,1,None,Application,djkvdihost478.jakarta01.com,JAKARTA01\caroline  
Error,10/6/2017 7:21,EventCreate,1,None,Application,djkvdihost474.jakarta01.com,JAKARTA01\azwar  
Error,10/6/2017 7:21,Application Error,1000,-100,Application,djkvdihost478.jakarta01.com,"Faulting application name: spoolsv.exe, version: 6.1.7601.17777, time stamp: 0x4f35efc3
Faulting module name: msvcrt.dll, version: 7.0.7601.17744, time stamp: 0x4eeaf722
Exception code: 0xc0000005
Fault offset: 0x0000aa14
Faulting process id: 0x638
Faulting application start time: 0x01d33de5a3cf0b21
Faulting application path: C:\Windows\System32\spoolsv.exe
Faulting module path: C:\Windows\system32\msvcrt.dll
Report Id: 530b5074-aa2c-11e7-afc5-0050569f61df"
Error,10/6/2017 7:21,EventCreate,1,None,Application,djkvdihost778.jakarta01.com,JAKARTA01\guestisd37  
Error,10/6/2017 7:21,EventCreate,1,None,Application,djkvdihost259.jakarta01.com,JAKARTA01\tesha  
Error,10/6/2017 7:21,EventCreate,1,None,Application,djkvdihost474.jakarta01.com,JAKARTA01\azwar  
Error,10/6/2017 7:21,EventCreate,1,None,Application,djkvdihost843.jakarta01.com,JAKARTA01\i gede  
Error,10/6/2017 7:20,EventCreate,1,None,Application,djkvdihost810.jakarta01.com,JAKARTA01\Sely  
Error,10/6/2017 7:21,EventCreate,1,None,Application,djkvdihost493.jakarta01.com,JAKARTA01\maria  
Error,10/6/2017 7:21,Application Error,1000,-100,Application,djkvdihost843.jakarta01.com,"Faulting application name: spoolsv.exe, version: 6.1.7601.17777, time stamp: 0x4f35efc3
Faulting module name: msvcrt.dll, version: 7.0.7601.17744, time stamp: 0x4eeaf722
Exception code: 0xc0000005
Fault offset: 0x0000aa14
Faulting process id: 0x608
Faulting application start time: 0x01d33dd015a0ed63
Faulting application path: C:\Windows\System32\spoolsv.exe
Faulting module path: C:\Windows\system32\msvcrt.dll
Report Id: 3a4b20d5-aa2c-11e7-bb69-0050569f7b2b"
Error,10/6/2017 7:20,EventCreate,1,None,Application,djkvdihost810.jakarta01.com,JAKARTA01\Sely  
Error,10/6/2017 7:20,EventCreate,1,None,Application,djkvdihost409.jakarta01.com,JAKARTA01\edwan  
Error,10/6/2017 7:20,EventCreate,1,None,Application,djkvdihost176.jakarta01.com,JAKARTA01\dyah alit  
Error,10/6/2017 7:20,Application Error,1000,-100,Application,djkvdihost409.jakarta01.com,"Faulting application name: spoolsv.exe, version: 6.1.7601.17777, time stamp: 0x4f35efc3
Faulting module name: msvcrt.dll, version: 7.0.7601.17744, time stamp: 0x4eeaf722
Exception code: 0xc0000005
Fault offset: 0x0000aa14
Faulting process id: 0x634
Faulting application start time: 0x01d33dc43c77cb68
Faulting application path: C:\Windows\System32\spoolsv.exe
Faulting module path: C:\Windows\system32\msvcrt.dll
Report Id: 1d222cb8-aa2c-11e7-9742-0050569f7bdc"
Error,10/6/2017 7:19,EventCreate,1,None,Application,djkvdihost010.jakarta01.com,JAKARTA01\novita rahayu  
Error,10/6/2017 7:18,EventCreate,1,None,Application,djkvdihost630.jakarta01.com,JAKARTA01\yenni  
Error,10/6/2017 7:18,EventCreate,1,None,Application,djkvdihost373.jakarta01.com,JAKARTA01\danielhp  
Error,10/6/2017 7:18,EventCreate,1,None,Application,djkvdihost622.jakarta01.com,JAKARTA01\regina  
Error,10/6/2017 7:17,EventCreate,1,None,Application,djkvdihost467.jakarta01.com,JAKARTA01\Dicky  
Error,10/6/2017 7:18,EventCreate,1,None,Application,djkvdihost804.jakarta01.com,JAKARTA01\eddy  
Error,10/6/2017 7:18,EventCreate,1,None,Application,djkvdihost582.jakarta01.com,JAKARTA01\vadya  
Error,10/6/2017 7:17,EventCreate,1,None,Application,djkvdihost503.jakarta01.com,JAKARTA01\nunik  
Error,10/6/2017 7:17,EventCreate,1,None,Application,djkvdihost527.jakarta01.com,JAKARTA01\andi wijaya  
Error,10/6/2017 7:17,EventCreate,1,None,Application,djkvdihost467.jakarta01.com,JAKARTA01\Dicky  
Error,10/6/2017 7:16,EventCreate,1,None,Application,djkvdihost084.jakarta01.com,JAKARTA01\amanda chandra  
Error,10/6/2017 7:16,EventCreate,1,None,Application,djkvdihost150.jakarta01.com,JAKARTA01\raras  
Error,10/6/2017 7:16,EventCreate,1,None,Application,djkvdihost399.jakarta01.com,JAKARTA01\komangya  
Error,10/6/2017 7:16,EventCreate,1,None,Application,djkvdihost443.jakarta01.com,JAKARTA01\mutiara  
Error,10/6/2017 7:16,EventCreate,1,None,Application,djkvdihost839.jakarta01.com,JAKARTA01\suhendrayana  
Error,10/6/2017 7:15,EventCreate,1,None,Application,djkvdihost150.jakarta01.com,JAKARTA01\raras  
Error,10/6/2017 7:15,EventCreate,1,None,Application,djkvdihost806.jakarta01.com,JAKARTA01\barry  
Error,10/6/2017 7:14,EventCreate,1,None,Application,djkvdihost183.jakarta01.com,JAKARTA01\Jessica  
Error,10/6/2017 7:14,EventCreate,1,None,Application,djkvdihost566.jakarta01.com,JAKARTA01\moh rinov  
Error,10/6/2017 7:14,EventCreate,1,None,Application,djkvdihost255.jakarta01.com,JAKARTA01\aticha  
Error,10/6/2017 7:13,EventCreate,1,None,Application,djkvdihost153.jakarta01.com,JAKARTA01\gati  
Error,10/6/2017 7:13,EventCreate,1,None,Application,djkvdihost669.jakarta01.com,JAKARTA01\kusumadita  
Error,10/6/2017 7:13,EventCreate,1,None,Application,djkvdihost380.jakarta01.com,JAKARTA01\Virgitha  
Error,10/6/2017 7:13,EventCreate,1,None,Application,djkvdihost056.jakarta01.com,JAKARTA01\k_ignatius  
Error,10/6/2017 7:12,EventCreate,1,None,Application,djkvdihost303.jakarta01.com,JAKARTA01\andri  
Error,10/6/2017 7:12,EventCreate,1,None,Application,djkvdihost691.jakarta01.com,JAKARTA01\dian  
Error,10/6/2017 7:11,EventCreate,1,None,Application,djkvdihost869.jakarta01.com,JAKARTA01\hastari  
Error,10/6/2017 7:11,Application Error,1000,-100,Application,djkvdihost869.jakarta01.com,"Faulting application name: EXCEL.EXE, version: 15.0.4919.1000, time stamp: 0x58c7ab0f
Faulting module name: EXCEL.EXE, version: 15.0.4919.1000, time stamp: 0x58c7ab0f
Exception code: 0xc0000005
Fault offset: 0x0094ea89
Faulting process id: 0x1040
Faulting application start time: 0x01d33e32dd5ed00e
Faulting application path: C:\PROGRA~1\MICROS~2\Office15\EXCEL.EXE
Faulting module path: C:\PROGRA~1\MICROS~2\Office15\EXCEL.EXE
Report Id: ef161906-aa2a-11e7-be00-0050569f5829"
Error,10/6/2017 7:11,EventCreate,1,None,Application,djkvdihost520.jakarta01.com,JAKARTA01\Rana  
Error,10/6/2017 7:10,EventCreate,1,None,Application,djkvdihost832.jakarta01.com,JAKARTA01\DianRamadhania  
Error,10/6/2017 7:10,EventCreate,1,None,Application,djkvdihost832.jakarta01.com,JAKARTA01\DianRamadhania  
Error,10/6/2017 7:10,EventCreate,1,None,Application,djkvdihost832.jakarta01.com,JAKARTA01\DianRamadhania  
Error,10/6/2017 7:11,EventCreate,1,None,Application,djkvdihost835.jakarta01.com,JAKARTA01\anggita  
Error,10/6/2017 7:11,EventCreate,1,None,Application,djkvdihost117.jakarta01.com,JAKARTA01\gadis  
Error,10/6/2017 7:10,EventCreate,1,None,Application,djkvdihost643.jakarta01.com,JAKARTA01\Donna  
Error,10/6/2017 7:10,WSH,1,None,Application,djkvdihost643.jakarta01.com,"CN=Donna password will expire in 3 day(s) at 10/9/2017 1:18:52 PM

Press CTRL + ALT + DEL and select the ""Change a password"" option."
Error,10/6/2017 7:10,EventCreate,1,None,Application,djkvdihost870.jakarta01.com,JAKARTA01\bayu  
Error,10/6/2017 7:10,EventCreate,1,None,Application,djkvdihost832.jakarta01.com,JAKARTA01\DianRamadhania  
Error,10/6/2017 7:10,EventCreate,1,None,Application,djkvdihost142.jakarta01.com,JAKARTA01\Hera  
Error,10/6/2017 7:10,EventCreate,1,None,Application,djkvdihost861.jakarta01.com,JAKARTA01\bobby  
Error,10/6/2017 7:10,WSH,1,None,Application,djkvdihost643.jakarta01.com,"CN=Donna password will expire in 3 day(s) at 10/9/2017 1:18:52 PM

Press CTRL + ALT + DEL and select the ""Change a password"" option."
Error,10/6/2017 7:09,EventCreate,1,None,Application,djkvdihost870.jakarta01.com,JAKARTA01\bayu  
Error,10/6/2017 7:09,EventCreate,1,None,Application,djkvdihost542.jakarta01.com,JAKARTA01\heri  
Error,10/6/2017 7:09,EventCreate,1,None,Application,djkvdihost818.jakarta01.com,JAKARTA01\gatots  
Error,10/6/2017 7:09,EventCreate,1,None,Application,djkvdihost730.jakarta01.com,JAKARTA01\santoso  
Error,10/6/2017 7:09,EventCreate,1,None,Application,djkvdihost432.jakarta01.com,JAKARTA01\hertanto  
Error,10/6/2017 7:09,EventCreate,1,None,Application,djkvdihost477.jakarta01.com,JAKARTA01\muhammad zubayr  
Error,10/6/2017 7:08,EventCreate,1,None,Application,djkvdihost023.jakarta01.com,JAKARTA01\Luki Mahanani  
Error,10/6/2017 7:08,EventCreate,1,None,Application,djkvdihost039.jakarta01.com,JAKARTA01\melani  
Error,10/6/2017 7:07,EventCreate,1,None,Application,djkvdihost324.jakarta01.com,JAKARTA01\nurfadila  
Error,10/6/2017 7:07,EventCreate,1,None,Application,djkvdihost654.jakarta01.com,JAKARTA01\rachelas  
Error,10/6/2017 7:07,EventCreate,1,None,Application,djkvdihost812.jakarta01.com,JAKARTA01\tudie  
Error,10/6/2017 7:06,EventCreate,1,None,Application,djkvdihost646.jakarta01.com,JAKARTA01\yosephine  
Error,10/6/2017 7:06,EventCreate,1,None,Application,djkvdihost709.jakarta01.com,JAKARTA01\Eny Masruroh  
