Error,10/4/2017 8:12,WSH,1,None,Application,djkvdihost326.jakarta01.com,"CN=Resha Ayu Angela Fatri password will expire in 4 day(s) at 10/8/2017 8:22:04 AM

Press CTRL + ALT + DEL and select the ""Change a password"" option."
Error,10/4/2017 8:12,EventCreate,1,None,Application,djkvdihost349.jakarta01.com,JAKARTA01\Widi Anggraeni  
Error,10/4/2017 8:12,EventCreate,1,None,Application,djkvdihost599.jakarta01.com,JAKARTA01\Erlisa  
Error,10/4/2017 8:11,EventCreate,1,None,Application,djkvdihost428.jakarta01.com,JAKARTA01\ayu rifa  
Error,10/4/2017 8:11,EventCreate,1,None,Application,djkvdihost032.jakarta01.com,JAKARTA01\driarkoro  
Error,10/4/2017 8:11,EventCreate,1,None,Application,djkvdihost264.jakarta01.com,JAKARTA01\Rani  
Error,10/4/2017 8:11,EventCreate,1,None,Application,djkvdihost561.jakarta01.com,JAKARTA01\fahmi  
Error,10/4/2017 8:11,EventCreate,1,None,Application,djkvdihost506.jakarta01.com,JAKARTA01\reza  
Error,10/4/2017 8:11,EventCreate,1,None,Application,djkvdihost162.jakarta01.com,JAKARTA01\sandi  
Error,10/4/2017 8:11,EventCreate,1,None,Application,djkvdihost507.jakarta01.com,JAKARTA01\adi prasetio  
Error,10/4/2017 8:11,EventCreate,1,None,Application,djkvdihost607.jakarta01.com,JAKARTA01\citra  
Error,10/4/2017 8:10,EventCreate,1,None,Application,djkvdihost472.jakarta01.com,JAKARTA01\yansen  
Error,10/4/2017 8:10,EventCreate,1,None,Application,djkvdihost445.jakarta01.com,JAKARTA01\natalie  
Error,10/4/2017 8:10,EventCreate,1,None,Application,djkvdihost108.jakarta01.com,JAKARTA01\yulia rifanda  
Error,10/4/2017 8:10,EventCreate,1,None,Application,djkvdihost557.jakarta01.com,JAKARTA01\sashkia  
Error,10/4/2017 8:10,EventCreate,1,None,Application,djkvdihost194.jakarta01.com,JAKARTA01\subhan  
Error,10/4/2017 8:09,WSH,1,None,Application,djkvdihost557.jakarta01.com,"CN=Sashkia Andina Pitarini password will expire in 4 day(s) at 10/8/2017 7:52:59 AM

Press CTRL + ALT + DEL and select the ""Change a password"" option."
Error,10/4/2017 8:09,EventCreate,1,None,Application,djkvdihost409.jakarta01.com,JAKARTA01\ng ryan  
Error,10/4/2017 8:09,EventCreate,1,None,Application,djkvdihost619.jakarta01.com,JAKARTA01\Arina  
Error,10/4/2017 8:09,EventCreate,1,None,Application,djkvdihost542.jakarta01.com,JAKARTA01\Riki darisman  
Error,10/4/2017 8:09,WSH,1,None,Application,djkvdihost557.jakarta01.com,"CN=Sashkia Andina Pitarini password will expire in 4 day(s) at 10/8/2017 7:52:59 AM

Press CTRL + ALT + DEL and select the ""Change a password"" option."
Error,10/4/2017 8:09,EventCreate,1,None,Application,djkvdihost062.jakarta01.com,JAKARTA01\martha  
Error,10/4/2017 8:09,EventCreate,1,None,Application,djkvdihost222.jakarta01.com,JAKARTA01\Fardhady  
Error,10/4/2017 8:09,EventCreate,1,None,Application,djkvdihost622.jakarta01.com,JAKARTA01\maitri  
Error,10/4/2017 8:08,EventCreate,1,None,Application,djkvdihost748.jakarta01.com,JAKARTA01\Thalia  
Error,10/4/2017 8:08,EventCreate,1,None,Application,djkvdihost416.jakarta01.com,JAKARTA01\Clara  
Error,10/4/2017 8:08,EventCreate,1,None,Application,djkvdihost021.jakarta01.com,JAKARTA01\Listya  
Error,10/4/2017 8:08,EventCreate,1,None,Application,djkvdihost361.jakarta01.com,JAKARTA01\eriku  
Error,10/4/2017 8:08,EventCreate,1,None,Application,djkvdihost760.jakarta01.com,JAKARTA01\Anton 2  
Error,10/4/2017 8:08,EventCreate,1,None,Application,djkvdihost739.jakarta01.com,JAKARTA01\maya  
Error,10/4/2017 8:08,EventCreate,1,None,Application,djkvdihost123.jakarta01.com,JAKARTA01\yoga  
Error,10/4/2017 8:08,EventCreate,1,None,Application,djkvdihost687.jakarta01.com,JAKARTA01\teguh  
Error,10/4/2017 8:08,EventCreate,1,None,Application,djkvdihost067.jakarta01.com,JAKARTA01\budhasca  
Error,10/4/2017 8:08,EventCreate,1,None,Application,djkvdihost725.jakarta01.com,JAKARTA01\sugiarto  
Error,10/4/2017 8:08,EventCreate,1,None,Application,djkvdihost283.jakarta01.com,JAKARTA01\ni ketut  
Error,10/4/2017 8:08,EventCreate,1,None,Application,djkvdihost368.jakarta01.com,JAKARTA01\rasyid  
Error,10/4/2017 8:08,EventCreate,1,None,Application,djkvdihost263.jakarta01.com,JAKARTA01\Nirmala  
Error,10/4/2017 8:07,EventCreate,1,None,Application,djkvdihost189.jakarta01.com,JAKARTA01\Fitri Nawawi  
Error,10/4/2017 8:07,EventCreate,1,None,Application,djkvdihost811.jakarta01.com,JAKARTA01\lisa  
Error,10/4/2017 8:07,EventCreate,1,None,Application,djkvdihost436.jakarta01.com,JAKARTA01\andini  
Error,10/4/2017 8:07,Application Error,1000,-100,Application,djkvdihost368.jakarta01.com,"Faulting application name: spoolsv.exe, version: 6.1.7601.17777, time stamp: 0x4f35efc3
Faulting module name: msvcrt.dll, version: 7.0.7601.17744, time stamp: 0x4eeaf722
Exception code: 0xc0000005
Fault offset: 0x0000aa14
Faulting process id: 0x634
Faulting application start time: 0x01d33c34274159a4
Faulting application path: C:\Windows\System32\spoolsv.exe
Faulting module path: C:\Windows\system32\msvcrt.dll
Report Id: 722efa5b-a8a0-11e7-8be9-0050569f13ab"
Error,10/4/2017 8:07,EventCreate,1,None,Application,djkvdihost437.jakarta01.com,JAKARTA01\Ana  
Error,10/4/2017 8:07,EventCreate,1,None,Application,djkvdihost713.jakarta01.com,JAKARTA01\MegaDN  
Error,10/4/2017 8:07,EventCreate,1,None,Application,djkvdihost207.jakarta01.com,JAKARTA01\Bagus Gede  
Error,10/4/2017 8:07,EventCreate,1,None,Application,djkvdihost067.jakarta01.com,JAKARTA01\budhasca  
Error,10/4/2017 8:07,EventCreate,1,None,Application,djkvdihost051.jakarta01.com,JAKARTA01\GuestISD45  
Error,10/4/2017 8:07,EventCreate,1,None,Application,djkvdihost745.jakarta01.com,JAKARTA01\rizal  
Error,10/4/2017 8:07,EventCreate,1,None,Application,djkvdihost446.jakarta01.com,JAKARTA01\victoria  
Error,10/4/2017 8:07,EventCreate,1,None,Application,djkvdihost446.jakarta01.com,JAKARTA01\victoria  
Error,10/4/2017 8:07,EventCreate,1,None,Application,djkvdihost189.jakarta01.com,JAKARTA01\Fitri Nawawi  
Error,10/4/2017 8:07,EventCreate,1,None,Application,djkvdihost090.jakarta01.com,JAKARTA01\M Said  
Error,10/4/2017 8:07,EventCreate,1,None,Application,djkvdihost452.jakarta01.com,JAKARTA01\Yonanda  
Error,10/4/2017 8:07,EventCreate,1,None,Application,djkvdihost081.jakarta01.com,JAKARTA01\vinka  
Error,10/4/2017 8:07,EventCreate,1,None,Application,djkvdihost151.jakarta01.com,JAKARTA01\raditya  
Error,10/4/2017 8:06,EventCreate,1,None,Application,djkvdihost315.jakarta01.com,JAKARTA01\Georgedk  
Error,10/4/2017 8:06,EventCreate,1,None,Application,djkvdihost775.jakarta01.com,JAKARTA01\Lutfi  
Error,10/4/2017 8:06,EventCreate,1,None,Application,djkvdihost124.jakarta01.com,JAKARTA01\nadia  
Error,10/4/2017 8:06,WSH,1,None,Application,djkvdihost151.jakarta01.com,"CN=Raditya Pratama password will expire in 4 day(s) at 10/8/2017 7:52:49 AM

Press CTRL + ALT + DEL and select the ""Change a password"" option."
Error,10/4/2017 8:06,EventCreate,1,None,Application,djkvdihost266.jakarta01.com,JAKARTA01\Anton  
Error,10/4/2017 8:06,EventCreate,1,None,Application,djkvdihost063.jakarta01.com,JAKARTA01\daniel chin  
Error,10/4/2017 8:06,EventCreate,1,None,Application,djkvdihost558.jakarta01.com,JAKARTA01\Ahmad Hidayat  
Error,10/4/2017 8:06,EventCreate,1,None,Application,djkvdihost588.jakarta01.com,JAKARTA01\sergi  
Error,10/4/2017 8:05,EventCreate,1,None,Application,djkvdihost588.jakarta01.com,JAKARTA01\sergi  
Error,10/4/2017 8:06,EventCreate,1,None,Application,djkvdihost591.jakarta01.com,JAKARTA01\Adi Saputra  
Error,10/4/2017 8:06,EventCreate,1,None,Application,djkvdihost775.jakarta01.com,JAKARTA01\Lutfi  
Error,10/4/2017 8:06,EventCreate,1,None,Application,djkvdihost024.jakarta01.com,JAKARTA01\Ariestyo  
Error,10/4/2017 8:06,WSH,1,None,Application,djkvdihost151.jakarta01.com,"CN=Raditya Pratama password will expire in 4 day(s) at 10/8/2017 7:52:49 AM

Press CTRL + ALT + DEL and select the ""Change a password"" option."
Error,10/4/2017 8:05,EventCreate,1,None,Application,djkvdihost889.jakarta01.com,JAKARTA01\khalid  
Error,10/4/2017 8:05,EventCreate,1,None,Application,djkvdihost303.jakarta01.com,JAKARTA01\Darmawati  
Error,10/4/2017 8:05,EventCreate,1,None,Application,djkvdihost588.jakarta01.com,JAKARTA01\sergi  
Error,10/4/2017 8:05,EventCreate,1,None,Application,djkvdihost120.jakarta01.com,JAKARTA01\dwi budi  
Error,10/4/2017 8:05,EventCreate,1,None,Application,djkvdihost218.jakarta01.com,JAKARTA01\riaanggreyni  
Error,10/4/2017 8:05,EventCreate,1,None,Application,djkvdihost421.jakarta01.com,JAKARTA01\rimico  
Error,10/4/2017 8:05,EventCreate,1,None,Application,djkvdihost800.jakarta01.com,JAKARTA01\m ridho  
Error,10/4/2017 8:05,EventCreate,1,None,Application,djkvdihost621.jakarta01.com,JAKARTA01\kristiana  
Error,10/4/2017 8:05,EventCreate,1,None,Application,djkvdihost160.jakarta01.com,JAKARTA01\dwi septiyanti  
Error,10/4/2017 8:05,EventCreate,1,None,Application,djkvdihost479.jakarta01.com,JAKARTA01\lani  
Error,10/4/2017 8:04,EventCreate,1,None,Application,djkvdihost601.jakarta01.com,JAKARTA01\enrikko  
Error,10/4/2017 8:05,EventCreate,1,None,Application,djkvdihost652.jakarta01.com,JAKARTA01\syifa  
Error,10/4/2017 8:05,EventCreate,1,None,Application,djkvdihost248.jakarta01.com,JAKARTA01\quartiny  
Error,10/4/2017 8:04,EventCreate,1,None,Application,djkvdihost176.jakarta01.com,JAKARTA01\prakasa  
Error,10/4/2017 8:04,EventCreate,1,None,Application,djkvdihost813.jakarta01.com,JAKARTA01\ChyntiaDN  
Error,10/4/2017 8:04,EventCreate,1,None,Application,djkvdihost238.jakarta01.com,JAKARTA01\Rizky Anggari  
Error,10/4/2017 8:04,EventCreate,1,None,Application,djkvdihost597.jakarta01.com,JAKARTA01\bella  
Error,10/4/2017 8:04,EventCreate,1,None,Application,djkvdihost410.jakarta01.com,JAKARTA01\yenny  
Error,10/4/2017 8:04,Application Error,1000,-100,Application,djkvdihost601.jakarta01.com,"Faulting application name: spoolsv.exe, version: 6.1.7601.17777, time stamp: 0x4f35efc3
Faulting module name: msvcrt.dll, version: 7.0.7601.17744, time stamp: 0x4eeaf722
Exception code: 0xc0000005
Fault offset: 0x0000aa14
Faulting process id: 0x638
Faulting application start time: 0x01d33c2cb140883d
Faulting application path: C:\Windows\System32\spoolsv.exe
Faulting module path: C:\Windows\system32\msvcrt.dll
Report Id: ff472cdb-a89f-11e7-b89d-0050569f5a2e"
Error,10/4/2017 8:04,EventCreate,1,None,Application,djkvdihost498.jakarta01.com,JAKARTA01\erik  
Error,10/4/2017 8:04,EventCreate,1,None,Application,djkvdihost638.jakarta01.com,JAKARTA01\Nurmalia  
Error,10/4/2017 8:04,EventCreate,1,None,Application,djkvdihost035.jakarta01.com,JAKARTA01\evrizon  
Error,10/4/2017 8:04,EventCreate,1,None,Application,djkvdihost346.jakarta01.com,JAKARTA01\eriks  
Error,10/4/2017 8:04,EventCreate,1,None,Application,djkvdihost832.jakarta01.com,JAKARTA01\nurul  
Error,10/4/2017 8:04,EventCreate,1,None,Application,djkvdihost633.jakarta01.com,JAKARTA01\anindita  
Error,10/4/2017 8:04,EventCreate,1,None,Application,djkvdihost049.jakarta01.com,JAKARTA01\dewi  
Error,10/4/2017 8:04,EventCreate,1,None,Application,djkvdihost492.jakarta01.com,JAKARTA01\brenda  
Error,10/4/2017 8:04,EventCreate,1,None,Application,djkvdihost395.jakarta01.com,JAKARTA01\Bambang  
Error,10/4/2017 8:04,EventCreate,1,None,Application,djkvdihost499.jakarta01.com,JAKARTA01\lizty  
Error,10/4/2017 8:03,EventCreate,1,None,Application,djkvdihost141.jakarta01.com,JAKARTA01\puji  
Error,10/4/2017 8:03,EventCreate,1,None,Application,djkvdihost467.jakarta01.com,JAKARTA01\panji ndaru  
Error,10/4/2017 8:03,EventCreate,1,None,Application,djkvdihost693.jakarta01.com,JAKARTA01\kristian  
Error,10/4/2017 8:03,EventCreate,1,None,Application,djkvdihost078.jakarta01.com,JAKARTA01\katrin  
Error,10/4/2017 8:02,EventCreate,1,None,Application,djkvdihost574.jakarta01.com,JAKARTA01\tara  
Error,10/4/2017 8:03,EventCreate,1,None,Application,djkvdihost744.jakarta01.com,JAKARTA01\lileliza  
Error,10/4/2017 8:03,EventCreate,1,None,Application,djkvdihost639.jakarta01.com,JAKARTA01\sandrase  
Error,10/4/2017 8:03,EventCreate,1,None,Application,djkvdihost693.jakarta01.com,JAKARTA01\kristian  
Error,10/4/2017 8:03,EventCreate,1,None,Application,djkvdihost322.jakarta01.com,JAKARTA01\Siti Atikah  
Error,10/4/2017 8:03,EventCreate,1,None,Application,djkvdihost878.jakarta01.com,JAKARTA01\natasya  
Error,10/4/2017 8:02,EventCreate,1,None,Application,djkvdihost593.jakarta01.com,JAKARTA01\Chadijah  
Error,10/4/2017 8:02,EventCreate,1,None,Application,djkvdihost205.jakarta01.com,JAKARTA01\karmelita  
Error,10/4/2017 8:02,EventCreate,1,None,Application,djkvdihost132.jakarta01.com,JAKARTA01\wulan  
Error,10/4/2017 8:02,EventCreate,1,None,Application,djkvdihost683.jakarta01.com,JAKARTA01\dzati  
Error,10/4/2017 8:02,EventCreate,1,None,Application,djkvdihost040.jakarta01.com,JAKARTA01\agnesthine  
Error,10/4/2017 8:02,EventCreate,1,None,Application,djkvdihost857.jakarta01.com,JAKARTA01\harry  
Error,10/4/2017 8:02,Application Error,1000,-100,Application,djkvdihost857.jakarta01.com,"Faulting application name: OUTLOOK.EXE, version: 15.0.4919.1001, time stamp: 0x58d20482
Faulting module name: OUTLOOK.EXE, version: 15.0.4919.1001, time stamp: 0x58d20482
Exception code: 0xc0000005
Fault offset: 0x008924c4
Faulting process id: 0x19b0
Faulting application start time: 0x01d33ca9d12f335f
Faulting application path: C:\Program Files\Microsoft Office\Office15\OUTLOOK.EXE
Faulting module path: C:\Program Files\Microsoft Office\Office15\OUTLOOK.EXE
Report Id: a048c64d-a89f-11e7-b336-0050569f40f8"
Error,10/4/2017 8:02,EventCreate,1,None,Application,djkvdihost574.jakarta01.com,JAKARTA01\tara  
Error,10/4/2017 8:01,EventCreate,1,None,Application,djkvdihost203.jakarta01.com,JAKARTA01\henry  
Error,10/4/2017 8:02,EventCreate,1,None,Application,djkvdihost155.jakarta01.com,JAKARTA01\Latiefah  
Error,10/4/2017 8:02,EventCreate,1,None,Application,djkvdihost173.jakarta01.com,JAKARTA01\yuswardie  
Error,10/4/2017 8:02,EventCreate,1,None,Application,djkvdihost735.jakarta01.com,JAKARTA01\Yunita2  
Error,10/4/2017 8:02,EventCreate,1,None,Application,djkvdihost691.jakarta01.com,JAKARTA01\Katsuhito  
Error,10/4/2017 8:02,EventCreate,1,None,Application,djkvdihost661.jakarta01.com,JAKARTA01\sulaiman  
Error,10/4/2017 8:02,EventCreate,1,None,Application,djkvdihost456.jakarta01.com,JAKARTA01\hafiah  
Error,10/4/2017 8:02,EventCreate,1,None,Application,djkvdihost054.jakarta01.com,JAKARTA01\Winda  
Error,10/4/2017 8:02,EventCreate,1,None,Application,djkvdihost514.jakarta01.com,JAKARTA01\Risqia  
Error,10/4/2017 8:01,Application Error,1000,-100,Application,djkvdihost203.jakarta01.com,"Faulting application name: spoolsv.exe, version: 6.1.7601.17777, time stamp: 0x4f35efc3
Faulting module name: msvcrt.dll, version: 7.0.7601.17744, time stamp: 0x4eeaf722
Exception code: 0xc0000005
Fault offset: 0x0000aa14
Faulting process id: 0x634
Faulting application start time: 0x01d33c3da6e931fd
Faulting application path: C:\Windows\System32\spoolsv.exe
Faulting module path: C:\Windows\system32\msvcrt.dll
Report Id: 91503982-a89f-11e7-a8c7-0050569f2966"
Error,10/4/2017 8:01,EventCreate,1,None,Application,djkvdihost221.jakarta01.com,JAKARTA01\novianti  
Error,10/4/2017 8:01,EventCreate,1,None,Application,djkvdihost195.jakarta01.com,JAKARTA01\mutiman  
Error,10/4/2017 8:01,EventCreate,1,None,Application,djkvdihost872.jakarta01.com,JAKARTA01\kubo  
Error,10/4/2017 8:01,EventCreate,1,None,Application,djkvdihost017.jakarta01.com,JAKARTA01\supris  
Error,10/4/2017 8:01,EventCreate,1,None,Application,djkvdihost481.jakarta01.com,JAKARTA01\maulina  
Error,10/4/2017 8:01,EventCreate,1,None,Application,djkvdihost644.jakarta01.com,JAKARTA01\aprilia  
Error,10/4/2017 8:01,EventCreate,1,None,Application,djkvdihost129.jakarta01.com,JAKARTA01\erminawati  
Error,10/4/2017 8:01,EventCreate,1,None,Application,djkvdihost838.jakarta01.com,JAKARTA01\arief  
Error,10/4/2017 8:01,EventCreate,1,None,Application,djkvdihost397.jakarta01.com,JAKARTA01\rudy  
Error,10/4/2017 8:01,EventCreate,1,None,Application,djkvdihost276.jakarta01.com,JAKARTA01\evi  
Error,10/4/2017 8:01,EventCreate,1,None,Application,djkvdihost403.jakarta01.com,JAKARTA01\davidc  
Error,10/4/2017 8:01,EventCreate,1,None,Application,djkvdihost318.jakarta01.com,JAKARTA01\muhammady  
Error,10/4/2017 8:01,EventCreate,1,None,Application,djkvdihost348.jakarta01.com,JAKARTA01\Rinaldo  
Error,10/4/2017 8:01,EventCreate,1,None,Application,djkvdihost203.jakarta01.com,JAKARTA01\henry  
Error,10/4/2017 8:01,EventCreate,1,None,Application,djkvdihost647.jakarta01.com,JAKARTA01\novitarini  
Error,10/4/2017 8:00,EventCreate,1,None,Application,djkvdihost210.jakarta01.com,JAKARTA01\Novianawati  
Error,10/4/2017 8:00,EventCreate,1,None,Application,djkvdihost171.jakarta01.com,JAKARTA01\dolly  
Error,10/4/2017 8:00,EventCreate,1,None,Application,djkvdihost427.jakarta01.com,JAKARTA01\Adang  
Error,10/4/2017 8:00,EventCreate,1,None,Application,djkvdihost275.jakarta01.com,JAKARTA01\puji sih  
Error,10/4/2017 8:00,EventCreate,1,None,Application,djkvdihost524.jakarta01.com,JAKARTA01\yosanta  
Error,10/4/2017 8:00,EventCreate,1,None,Application,djkvdihost488.jakarta01.com,JAKARTA01\fatima  
Error,10/4/2017 8:00,EventCreate,1,None,Application,djkvdihost191.jakarta01.com,JAKARTA01\rara  
Error,10/4/2017 8:00,EventCreate,1,None,Application,djkvdihost646.jakarta01.com,JAKARTA01\dananwst  
Error,10/4/2017 8:00,EventCreate,1,None,Application,djkvdihost397.jakarta01.com,JAKARTA01\rudy  
Error,10/4/2017 8:00,EventCreate,1,None,Application,djkvdihost377.jakarta01.com,JAKARTA01\meva  
Error,10/4/2017 7:59,EventCreate,1,None,Application,djkvdihost134.jakarta01.com,JAKARTA01\endrojono  
Error,10/4/2017 7:59,EventCreate,1,None,Application,djkvdihost794.jakarta01.com,JAKARTA01\lieke  
Error,10/4/2017 7:59,EventCreate,1,None,Application,djkvdihost496.jakarta01.com,JAKARTA01\priscilla  
Error,10/4/2017 7:59,EventCreate,1,None,Application,djkvdihost880.jakarta01.com,JAKARTA01\Kurnia Arisayuga  
Error,10/4/2017 7:59,EventCreate,1,None,Application,djkvdihost650.jakarta01.com,JAKARTA01\hanna  
Error,10/4/2017 7:59,EventCreate,1,None,Application,djkvdihost284.jakarta01.com,JAKARTA01\puri  
Error,10/4/2017 7:59,EventCreate,1,None,Application,djkvdihost159.jakarta01.com,JAKARTA01\sorayahs  
Error,10/4/2017 7:59,EventCreate,1,None,Application,djkvdihost902.jakarta01.com,JAKARTA01\Adhisty  
Error,10/4/2017 7:59,EventCreate,1,None,Application,djkvdihost118.jakarta01.com,JAKARTA01\bryan  
Error,10/4/2017 7:59,EventCreate,1,None,Application,djkvdihost143.jakarta01.com,JAKARTA01\m iqbal  
Error,10/4/2017 7:59,EventCreate,1,None,Application,djkvdihost178.jakarta01.com,JAKARTA01\hersiari  
Error,10/4/2017 7:58,EventCreate,1,None,Application,djkvdihost343.jakarta01.com,JAKARTA01\fajar  
Error,10/4/2017 7:59,EventCreate,1,None,Application,djkvdihost818.jakarta01.com,JAKARTA01\arismanm  
Error,10/4/2017 7:59,EventCreate,1,None,Application,djkvdihost730.jakarta01.com,JAKARTA01\BERNARDUS  
Error,10/4/2017 7:59,EventCreate,1,None,Application,djkvdihost897.jakarta01.com,JAKARTA01\Enjang  
Error,10/4/2017 7:58,EventCreate,1,None,Application,djkvdihost320.jakarta01.com,JAKARTA01\KristoforusAW  
Error,10/4/2017 7:58,EventCreate,1,None,Application,djkvdihost563.jakarta01.com,JAKARTA01\GUESTISD32  
Error,10/4/2017 7:58,WSH,1,None,Application,djkvdihost178.jakarta01.com,"CN=Dita Hersiari password will expire in 4 day(s) at 10/8/2017 7:48:55 AM

Press CTRL + ALT + DEL and select the ""Change a password"" option."
Error,10/4/2017 7:58,EventCreate,1,None,Application,djkvdihost617.jakarta01.com,JAKARTA01\ailsa  
Error,10/4/2017 7:58,EventCreate,1,None,Application,djkvdihost343.jakarta01.com,JAKARTA01\fajar  
Error,10/4/2017 7:58,EventCreate,1,None,Application,djkvdihost730.jakarta01.com,JAKARTA01\BERNARDUS  
Error,10/4/2017 7:58,EventCreate,1,None,Application,djkvdihost756.jakarta01.com,JAKARTA01\samekto  
Error,10/4/2017 7:58,EventCreate,1,None,Application,djkvdihost011.jakarta01.com,JAKARTA01\victor  
Error,10/4/2017 7:58,EventCreate,1,None,Application,djkvdihost477.jakarta01.com,JAKARTA01\GuestISD44  
Error,10/4/2017 7:58,EventCreate,1,None,Application,djkvdihost253.jakarta01.com,JAKARTA01\cita  
Error,10/4/2017 7:58,EventCreate,1,None,Application,djkvdihost727.jakarta01.com,JAKARTA01\ahmad zainul  
Error,10/4/2017 7:58,EventCreate,1,None,Application,djkvdihost043.jakarta01.com,JAKARTA01\heriyadi  
Error,10/4/2017 7:58,EventCreate,1,None,Application,djkvdihost317.jakarta01.com,JAKARTA01\luthfi  
Error,10/4/2017 7:58,EventCreate,1,None,Application,djkvdihost640.jakarta01.com,JAKARTA01\puty  
Error,10/4/2017 7:58,EventCreate,1,None,Application,djkvdihost543.jakarta01.com,JAKARTA01\astio  
Error,10/4/2017 7:58,WSH,1,None,Application,djkvdihost178.jakarta01.com,"CN=Dita Hersiari password will expire in 4 day(s) at 10/8/2017 7:48:55 AM

Press CTRL + ALT + DEL and select the ""Change a password"" option."
Error,10/4/2017 7:58,EventCreate,1,None,Application,djkvdihost550.jakarta01.com,JAKARTA01\ouki  
Error,10/4/2017 7:58,EventCreate,1,None,Application,djkvdihost031.jakarta01.com,JAKARTA01\anjani  
Error,10/4/2017 7:57,EventCreate,1,None,Application,djkvdihost022.jakarta01.com,JAKARTA01\harumi  
Error,10/4/2017 7:57,Application Error,1000,-100,Application,djkvdihost022.jakarta01.com,"Faulting application name: iexplore.exe, version: 11.0.9600.18639, time stamp: 0x58d6bb0d
Faulting module name: MSHTML.dll, version: 11.0.9600.18639, time stamp: 0x58d6c720
Exception code: 0xc0000005
Fault offset: 0x000ac604
Faulting process id: 0x1ad0
Faulting application start time: 0x01d33ca94a28190b
Faulting application path: C:\Program Files\Internet Explorer\iexplore.exe
Faulting module path: C:\Windows\system32\MSHTML.dll
Report Id: 0768b252-a89f-11e7-90b0-0050569f6307"
Error,10/4/2017 7:58,EventCreate,1,None,Application,djkvdihost513.jakarta01.com,JAKARTA01\rinaldonp  
Error,10/4/2017 7:58,EventCreate,1,None,Application,djkvdihost213.jakarta01.com,JAKARTA01\andrewrs  
Error,10/4/2017 7:58,EventCreate,1,None,Application,djkvdihost419.jakarta01.com,JAKARTA01\tri wahyu  
Error,10/4/2017 7:57,EventCreate,1,None,Application,djkvdihost769.jakarta01.com,JAKARTA01\BudiS  
Error,10/4/2017 7:57,EventCreate,1,None,Application,djkvdihost281.jakarta01.com,JAKARTA01\RatiAF  
Error,10/4/2017 7:57,EventCreate,1,None,Application,djkvdihost332.jakarta01.com,JAKARTA01\R Syafira  
Error,10/4/2017 7:57,EventCreate,1,None,Application,djkvdihost605.jakarta01.com,JAKARTA01\angga  
Error,10/4/2017 7:57,EventCreate,1,None,Application,djkvdihost098.jakarta01.com,JAKARTA01\magdalena  
Error,10/4/2017 7:57,EventCreate,1,None,Application,djkvdihost198.jakarta01.com,JAKARTA01\sonson  
Error,10/4/2017 7:57,EventCreate,1,None,Application,djkvdihost327.jakarta01.com,JAKARTA01\smuhidin  
Error,10/4/2017 7:57,EventCreate,1,None,Application,djkvdihost827.jakarta01.com,JAKARTA01\henry st  
Error,10/4/2017 7:57,EventCreate,1,None,Application,djkvdihost623.jakarta01.com,JAKARTA01\MuhammadI  
Error,10/4/2017 7:57,EventCreate,1,None,Application,djkvdihost107.jakarta01.com,JAKARTA01\hadid  
Error,10/4/2017 7:57,EventCreate,1,None,Application,djkvdihost458.jakarta01.com,JAKARTA01\heriansyah  
Error,10/4/2017 7:56,EventCreate,1,None,Application,djkvdihost071.jakarta01.com,JAKARTA01\endah_k  
Error,10/4/2017 7:56,EventCreate,1,None,Application,djkvdihost116.jakarta01.com,JAKARTA01\indra jayadi  
Error,10/4/2017 7:56,EventCreate,1,None,Application,djkvdihost461.jakarta01.com,JAKARTA01\bellaisya  
Error,10/4/2017 7:56,EventCreate,1,None,Application,djkvdihost371.jakarta01.com,JAKARTA01\EDameria  
Error,10/4/2017 7:56,EventCreate,1,None,Application,djkvdihost728.jakarta01.com,JAKARTA01\GuestISD46  
Error,10/4/2017 7:56,EventCreate,1,None,Application,djkvdihost753.jakarta01.com,JAKARTA01\haedar  
Error,10/4/2017 7:56,EventCreate,1,None,Application,djkvdihost217.jakarta01.com,JAKARTA01\chris bowo  
Error,10/4/2017 7:56,EventCreate,1,None,Application,djkvdihost158.jakarta01.com,JAKARTA01\shinta  
Error,10/4/2017 7:55,EventCreate,1,None,Application,djkvdihost523.jakarta01.com,JAKARTA01\gadis  
Error,10/4/2017 7:55,EventCreate,1,None,Application,djkvdihost246.jakarta01.com,JAKARTA01\nirliani  
Error,10/4/2017 7:55,EventCreate,1,None,Application,djkvdihost149.jakarta01.com,JAKARTA01\hendra firdaus  
Error,10/4/2017 7:55,EventCreate,1,None,Application,djkvdihost271.jakarta01.com,JAKARTA01\dimas adhi  
Error,10/4/2017 7:55,EventCreate,1,None,Application,djkvdihost697.jakarta01.com,JAKARTA01\idams  
Error,10/4/2017 7:55,EventCreate,1,None,Application,djkvdihost520.jakarta01.com,JAKARTA01\raymond  
Error,10/4/2017 7:55,EventCreate,1,None,Application,djkvdihost662.jakarta01.com,JAKARTA01\anggata  
Error,10/4/2017 7:55,EventCreate,1,None,Application,djkvdihost407.jakarta01.com,JAKARTA01\hemayani  
Error,10/4/2017 7:55,EventCreate,1,None,Application,djkvdihost539.jakarta01.com,JAKARTA01\linda  
Error,10/4/2017 7:55,EventCreate,1,None,Application,djkvdihost551.jakarta01.com,JAKARTA01\DedyW  
Error,10/4/2017 7:55,EventCreate,1,None,Application,djkvdihost900.jakarta01.com,JAKARTA01\Agus Sutikno  
Error,10/4/2017 7:55,EventCreate,1,None,Application,djkvdihost846.jakarta01.com,JAKARTA01\abdul  
Error,10/4/2017 7:55,EventCreate,1,None,Application,djkvdihost060.jakarta01.com,JAKARTA01\Arlyne  
Error,10/4/2017 7:55,EventCreate,1,None,Application,djkvdihost523.jakarta01.com,JAKARTA01\gadis  
Error,10/4/2017 7:55,EventCreate,1,None,Application,djkvdihost603.jakarta01.com,JAKARTA01\widya utami  
Error,10/4/2017 7:55,EventCreate,1,None,Application,djkvdihost023.jakarta01.com,JAKARTA01\clarissa  
Error,10/4/2017 7:54,EventCreate,1,None,Application,djkvdihost285.jakarta01.com,JAKARTA01\Marganda  
Error,10/4/2017 7:54,EventCreate,1,None,Application,djkvdihost736.jakarta01.com,JAKARTA01\Audyanza  
Error,10/4/2017 7:54,EventCreate,1,None,Application,djkvdihost759.jakarta01.com,JAKARTA01\SANI  
Error,10/4/2017 7:54,EventCreate,1,None,Application,djkvdihost698.jakarta01.com,JAKARTA01\krisna  
Error,10/4/2017 7:54,EventCreate,1,None,Application,djkvdihost778.jakarta01.com,JAKARTA01\airin  
Error,10/4/2017 7:54,EventCreate,1,None,Application,djkvdihost786.jakarta01.com,JAKARTA01\melany  
Error,10/4/2017 7:54,EventCreate,1,None,Application,djkvdihost703.jakarta01.com,JAKARTA01\rakhmanto  
Error,10/4/2017 7:54,EventCreate,1,None,Application,djkvdihost333.jakarta01.com,JAKARTA01\samsul  
Error,10/4/2017 7:54,EventCreate,1,None,Application,djkvdihost736.jakarta01.com,JAKARTA01\Audyanza  
Error,10/4/2017 7:53,EventCreate,1,None,Application,djkvdihost432.jakarta01.com,JAKARTA01\chandra  
Error,10/4/2017 7:53,Application Error,1000,-100,Application,djkvdihost432.jakarta01.com,"Faulting application name: EXCEL.EXE, version: 15.0.4919.1000, time stamp: 0x58c7ab0f
Faulting module name: EXCEL.EXE, version: 15.0.4919.1000, time stamp: 0x58c7ab0f
Exception code: 0xc0000005
Fault offset: 0x005e0076
Faulting process id: 0x1b04
Faulting application start time: 0x01d33cab3ec9c547
Faulting application path: C:\Program Files\Microsoft Office\Office15\EXCEL.EXE
Faulting module path: C:\Program Files\Microsoft Office\Office15\EXCEL.EXE
Report Id: 7ebfe267-a89e-11e7-9449-0050569f10c4"
Error,10/4/2017 7:54,EventCreate,1,None,Application,djkvdihost714.jakarta01.com,JAKARTA01\yenaretsa  
Error,10/4/2017 7:54,EventCreate,1,None,Application,djkvdihost841.jakarta01.com,JAKARTA01\deddy  
Error,10/4/2017 7:54,EventCreate,1,None,Application,djkvdihost894.jakarta01.com,JAKARTA01\Adi Purnomo  
Error,10/4/2017 7:54,EventCreate,1,None,Application,djkvdihost010.jakarta01.com,JAKARTA01\imam  
Error,10/4/2017 7:53,EventCreate,1,None,Application,djkvdihost527.jakarta01.com,JAKARTA01\meri  
Error,10/4/2017 7:53,EventCreate,1,None,Application,djkvdihost779.jakarta01.com,JAKARTA01\Darmawan  
Error,10/4/2017 7:53,EventCreate,1,None,Application,djkvdihost072.jakarta01.com,JAKARTA01\Puspa  
Error,10/4/2017 7:53,EventCreate,1,None,Application,djkvdihost466.jakarta01.com,JAKARTA01\toyoda  
Error,10/4/2017 7:53,EventCreate,1,None,Application,djkvdihost526.jakarta01.com,JAKARTA01\indrak  
Error,10/4/2017 7:53,EventCreate,1,None,Application,djkvdihost808.jakarta01.com,JAKARTA01\zulkarnaena  
Error,10/4/2017 7:53,EventCreate,1,None,Application,djkvdihost252.jakarta01.com,JAKARTA01\Beny  
Error,10/4/2017 7:52,EventCreate,1,None,Application,djkvdihost202.jakarta01.com,JAKARTA01\teddy h  
Error,10/4/2017 7:52,EventCreate,1,None,Application,djkvdihost771.jakarta01.com,JAKARTA01\Astriana  
Error,10/4/2017 7:52,EventCreate,1,None,Application,djkvdihost422.jakarta01.com,JAKARTA01\dadi hardi  
Error,10/4/2017 7:52,EventCreate,1,None,Application,djkvdihost140.jakarta01.com,JAKARTA01\Hilma  
Error,10/4/2017 7:52,EventCreate,1,None,Application,djkvdihost671.jakarta01.com,JAKARTA01\Danny  
Error,10/4/2017 7:52,WSH,1,None,Application,djkvdihost771.jakarta01.com,"CN=Astriana Nur Annissa password will expire in 1 day(s) at 10/5/2017 7:44:37 AM

Press CTRL + ALT + DEL and select the ""Change a password"" option."
Error,10/4/2017 7:52,EventCreate,1,None,Application,djkvdihost258.jakarta01.com,JAKARTA01\janna  
Error,10/4/2017 7:52,EventCreate,1,None,Application,djkvdihost274.jakarta01.com,JAKARTA01\indra pranowo  
Error,10/4/2017 7:52,WSH,1,None,Application,djkvdihost252.jakarta01.com,"CN=Beny Rachmad Septiawan password will expire in 4 day(s) at 10/8/2017 8:09:23 AM

Press CTRL + ALT + DEL and select the ""Change a password"" option."
Error,10/4/2017 7:52,EventCreate,1,None,Application,djkvdihost064.jakarta01.com,JAKARTA01\yorika  
Error,10/4/2017 7:52,EventCreate,1,None,Application,djkvdihost046.jakarta01.com,JAKARTA01\phia  
Error,10/4/2017 7:52,WSH,1,None,Application,djkvdihost771.jakarta01.com,"CN=Astriana Nur Annissa password will expire in 1 day(s) at 10/5/2017 7:44:37 AM

Press CTRL + ALT + DEL and select the ""Change a password"" option."
Error,10/4/2017 7:52,EventCreate,1,None,Application,djkvdihost224.jakarta01.com,JAKARTA01\nadhilah  
Error,10/4/2017 7:52,EventCreate,1,None,Application,djkvdihost454.jakarta01.com,JAKARTA01\Dian Permata  
Error,10/4/2017 7:52,WSH,1,None,Application,djkvdihost252.jakarta01.com,"CN=Beny Rachmad Septiawan password will expire in 4 day(s) at 10/8/2017 8:09:23 AM

Press CTRL + ALT + DEL and select the ""Change a password"" option."
Error,10/4/2017 7:52,EventCreate,1,None,Application,djkvdihost522.jakarta01.com,JAKARTA01\M Fajri  
Error,10/4/2017 7:51,EventCreate,1,None,Application,djkvdihost665.jakarta01.com,JAKARTA01\ayu  
Error,10/4/2017 7:51,EventCreate,1,None,Application,djkvdihost082.jakarta01.com,JAKARTA01\bagas  
Error,10/4/2017 7:51,EventCreate,1,None,Application,djkvdihost776.jakarta01.com,JAKARTA01\muhdi  
Error,10/4/2017 7:51,EventCreate,1,None,Application,djkvdihost359.jakarta01.com,JAKARTA01\apip  
Error,10/4/2017 7:51,EventCreate,1,None,Application,djkvdihost424.jakarta01.com,JAKARTA01\marie  
Error,10/4/2017 7:51,EventCreate,1,None,Application,djkvdihost186.jakarta01.com,JAKARTA01\krisnawan  
Error,10/4/2017 7:51,EventCreate,1,None,Application,djkvdihost336.jakarta01.com,JAKARTA01\tiar  
Error,10/4/2017 7:50,WSH,1,None,Application,djkvdihost424.jakarta01.com,"CN=Marie Ana Aryanti password will expire in 4 day(s) at 10/8/2017 8:24:37 AM

Press CTRL + ALT + DEL and select the ""Change a password"" option."
Error,10/4/2017 7:51,EventCreate,1,None,Application,djkvdihost299.jakarta01.com,JAKARTA01\arum eka  
Error,10/4/2017 7:50,EventCreate,1,None,Application,djkvdihost875.jakarta01.com,JAKARTA01\i gede  
Error,10/4/2017 7:50,EventCreate,1,None,Application,djkvdihost493.jakarta01.com,JAKARTA01\maria  
Error,10/4/2017 7:50,WSH,1,None,Application,djkvdihost424.jakarta01.com,"CN=Marie Ana Aryanti password will expire in 4 day(s) at 10/8/2017 8:24:37 AM

Press CTRL + ALT + DEL and select the ""Change a password"" option."
Error,10/4/2017 7:50,EventCreate,1,None,Application,djkvdihost164.jakarta01.com,JAKARTA01\puspitasari  
Error,10/4/2017 7:50,EventCreate,1,None,Application,djkvdihost034.jakarta01.com,JAKARTA01\Mustikawati  
Error,10/4/2017 7:50,EventCreate,1,None,Application,djkvdihost055.jakarta01.com,JAKARTA01\Ronald  
Error,10/4/2017 7:50,EventCreate,1,None,Application,djkvdihost432.jakarta01.com,JAKARTA01\chandra  
Error,10/4/2017 7:50,EventCreate,1,None,Application,djkvdihost486.jakarta01.com,JAKARTA01\Hadi  
Error,10/4/2017 7:50,EventCreate,1,None,Application,djkvdihost502.jakarta01.com,JAKARTA01\wildan  
Error,10/4/2017 7:49,EventCreate,1,None,Application,djkvdihost667.jakarta01.com,JAKARTA01\retno  
Error,10/4/2017 7:49,EventCreate,1,None,Application,djkvdihost453.jakarta01.com,JAKARTA01\andiani  
Error,10/4/2017 7:49,EventCreate,1,None,Application,djkvdihost163.jakarta01.com,JAKARTA01\leonie  
Error,10/4/2017 7:49,EventCreate,1,None,Application,djkvdihost636.jakarta01.com,JAKARTA01\Dini Rahmawati  
Error,10/4/2017 7:49,EventCreate,1,None,Application,djkvdihost749.jakarta01.com,JAKARTA01\ningmatul  
Error,10/4/2017 7:49,EventCreate,1,None,Application,djkvdihost449.jakarta01.com,JAKARTA01\annisa inggita  
Error,10/4/2017 7:49,EventCreate,1,None,Application,djkvdihost583.jakarta01.com,JAKARTA01\edwan  
Error,10/4/2017 7:49,EventCreate,1,None,Application,djkvdihost289.jakarta01.com,JAKARTA01\Aviv  
Error,10/4/2017 7:49,EventCreate,1,None,Application,djkvdihost388.jakarta01.com,JAKARTA01\chris  
Error,10/4/2017 7:48,EventCreate,1,None,Application,djkvdihost694.jakarta01.com,JAKARTA01\Dina Vathati  
Error,10/4/2017 7:48,EventCreate,1,None,Application,djkvdihost809.jakarta01.com,JAKARTA01\Setiawan  
Error,10/4/2017 7:48,EventCreate,1,None,Application,djkvdihost468.jakarta01.com,JAKARTA01\Teguh Aji  
Error,10/4/2017 7:48,WSH,1,None,Application,djkvdihost809.jakarta01.com,"CN=Eko Setiawan password will expire in 4 day(s) at 10/8/2017 9:30:49 AM

Press CTRL + ALT + DEL and select the ""Change a password"" option."
Error,10/4/2017 7:48,EventCreate,1,None,Application,djkvdihost654.jakarta01.com,JAKARTA01\yusi  
Error,10/4/2017 7:48,EventCreate,1,None,Application,djkvdihost344.jakarta01.com,JAKARTA01\mazy  
Error,10/4/2017 7:48,EventCreate,1,None,Application,djkvdihost777.jakarta01.com,JAKARTA01\christian  
Error,10/4/2017 7:48,EventCreate,1,None,Application,djkvdihost675.jakarta01.com,JAKARTA01\melly  
Error,10/4/2017 7:48,WSH,1,None,Application,djkvdihost809.jakarta01.com,"CN=Eko Setiawan password will expire in 4 day(s) at 10/8/2017 9:30:49 AM

Press CTRL + ALT + DEL and select the ""Change a password"" option."
Error,10/4/2017 7:48,EventCreate,1,None,Application,djkvdihost115.jakarta01.com,JAKARTA01\fahrul  
Error,10/4/2017 7:48,EventCreate,1,None,Application,djkvdihost795.jakarta01.com,JAKARTA01\haris  
Error,10/4/2017 7:48,EventCreate,1,None,Application,djkvdihost393.jakarta01.com,JAKARTA01\wiranti  
Error,10/4/2017 7:47,EventCreate,1,None,Application,djkvdihost576.jakarta01.com,JAKARTA01\Marthen  
Error,10/4/2017 7:47,EventCreate,1,None,Application,djkvdihost433.jakarta01.com,JAKARTA01\diah dwi  
Error,10/4/2017 7:47,EventCreate,1,None,Application,djkvdihost334.jakarta01.com,JAKARTA01\sulistyono  
Error,10/4/2017 7:47,EventCreate,1,None,Application,djkvdihost528.jakarta01.com,JAKARTA01\aditya ny  
Error,10/4/2017 7:47,EventCreate,1,None,Application,djkvdihost114.jakarta01.com,JAKARTA01\alexsandro  
Error,10/4/2017 7:47,EventCreate,1,None,Application,djkvdihost537.jakarta01.com,JAKARTA01\rahayu  
Error,10/4/2017 7:47,EventCreate,1,None,Application,djkvdihost232.jakarta01.com,JAKARTA01\femmy  
Error,10/4/2017 7:46,EventCreate,1,None,Application,djkvdihost225.jakarta01.com,JAKARTA01\MAUREEN  
Error,10/4/2017 7:47,EventCreate,1,None,Application,djkvdihost106.jakarta01.com,JAKARTA01\GuestISD57  
Error,10/4/2017 7:46,EventCreate,1,None,Application,djkvdihost568.jakarta01.com,JAKARTA01\raras  
Error,10/4/2017 7:46,EventCreate,1,None,Application,djkvdihost323.jakarta01.com,JAKARTA01\augtiaji  
Error,10/4/2017 7:46,EventCreate,1,None,Application,djkvdihost093.jakarta01.com,JAKARTA01\arinie  
Error,10/4/2017 7:46,EventCreate,1,None,Application,djkvdihost169.jakarta01.com,JAKARTA01\Ajie  
Error,10/4/2017 7:46,WSH,1,None,Application,djkvdihost576.jakarta01.com,"CN=Marthen password will expire in 4 day(s) at 10/8/2017 8:33:25 AM

Press CTRL + ALT + DEL and select the ""Change a password"" option."
Error,10/4/2017 7:46,WSH,1,None,Application,djkvdihost093.jakarta01.com,"CN=Arinie Ratna Puspita password will expire in 1 day(s) at 10/5/2017 3:05:51 PM

Press CTRL + ALT + DEL and select the ""Change a password"" option."
Error,10/4/2017 7:46,WSH,1,None,Application,djkvdihost576.jakarta01.com,"CN=Marthen password will expire in 4 day(s) at 10/8/2017 8:33:25 AM

Press CTRL + ALT + DEL and select the ""Change a password"" option."
Error,10/4/2017 7:46,EventCreate,1,None,Application,djkvdihost373.jakarta01.com,JAKARTA01\Tino  
Error,10/4/2017 7:46,EventCreate,1,None,Application,djkvdihost229.jakarta01.com,JAKARTA01\dimas  
Error,10/4/2017 7:46,EventCreate,1,None,Application,djkvdihost225.jakarta01.com,JAKARTA01\MAUREEN  
Error,10/4/2017 7:46,EventCreate,1,None,Application,djkvdihost899.jakarta01.com,JAKARTA01\matthew  
Error,10/4/2017 7:46,EventCreate,1,None,Application,djkvdihost674.jakarta01.com,JAKARTA01\Chaterin  
Error,10/4/2017 7:46,WSH,1,None,Application,djkvdihost093.jakarta01.com,"CN=Arinie Ratna Puspita password will expire in 1 day(s) at 10/5/2017 3:05:51 PM

Press CTRL + ALT + DEL and select the ""Change a password"" option."
Error,10/4/2017 7:46,EventCreate,1,None,Application,djkvdihost175.jakarta01.com,JAKARTA01\adityo  
Error,10/4/2017 7:46,EventCreate,1,None,Application,djkvdihost133.jakarta01.com,JAKARTA01\yumiyati  
Error,10/4/2017 7:46,EventCreate,1,None,Application,djkvdihost692.jakarta01.com,JAKARTA01\nungi  
Error,10/4/2017 7:46,EventCreate,1,None,Application,djkvdihost294.jakarta01.com,JAKARTA01\dhimas  
Error,10/4/2017 7:45,EventCreate,1,None,Application,djkvdihost469.jakarta01.com,JAKARTA01\Lily  
Error,10/4/2017 7:45,Application Error,1000,-100,Application,djkvdihost469.jakarta01.com,"Faulting application name: spoolsv.exe, version: 6.1.7601.17777, time stamp: 0x4f35efc3
Faulting module name: msvcrt.dll, version: 7.0.7601.17744, time stamp: 0x4eeaf722
Exception code: 0xc0000005
Fault offset: 0x0000aa14
Faulting process id: 0x634
Faulting application start time: 0x01d33c3e0f19219a
Faulting application path: C:\Windows\System32\spoolsv.exe
Faulting module path: C:\Windows\system32\msvcrt.dll
Report Id: 5138b493-a89d-11e7-b8e3-0050569f144f"
Error,10/4/2017 7:45,EventCreate,1,None,Application,djkvdihost030.jakarta01.com,JAKARTA01\palmella  
Error,10/4/2017 7:45,EventCreate,1,None,Application,djkvdihost209.jakarta01.com,JAKARTA01\guestitd03  
Error,10/4/2017 7:45,EventCreate,1,None,Application,djkvdihost567.jakarta01.com,JAKARTA01\aulya  
Error,10/4/2017 7:45,EventCreate,1,None,Application,djkvdihost896.jakarta01.com,JAKARTA01\Anosa  
Error,10/4/2017 7:45,EventCreate,1,None,Application,djkvdihost219.jakarta01.com,JAKARTA01\rizka syarifa  
Error,10/4/2017 7:45,EventCreate,1,None,Application,djkvdihost100.jakarta01.com,JAKARTA01\Yustine  
Error,10/4/2017 7:45,EventCreate,1,None,Application,djkvdihost655.jakarta01.com,JAKARTA01\rindang  
Error,10/4/2017 7:45,EventCreate,1,None,Application,djkvdihost655.jakarta01.com,JAKARTA01\rindang  
Error,10/4/2017 7:45,EventCreate,1,None,Application,djkvdihost383.jakarta01.com,JAKARTA01\GuestISD43  
Error,10/4/2017 7:45,EventCreate,1,None,Application,djkvdihost804.jakarta01.com,JAKARTA01\Liasyah  
Error,10/4/2017 7:45,Application Error,1000,-100,Application,djkvdihost219.jakarta01.com,"Faulting application name: spoolsv.exe, version: 6.1.7601.17777, time stamp: 0x4f35efc3
Faulting module name: msvcrt.dll, version: 7.0.7601.17744, time stamp: 0x4eeaf722
Exception code: 0xc0000005
Fault offset: 0x0000aa14
Faulting process id: 0x630
Faulting application start time: 0x01d33c2f6fa825b1
Faulting application path: C:\Windows\System32\spoolsv.exe
Faulting module path: C:\Windows\system32\msvcrt.dll
Report Id: 4cc11eb7-a89d-11e7-a699-0050569f67cb"
Error,10/4/2017 7:45,EventCreate,1,None,Application,djkvdihost469.jakarta01.com,JAKARTA01\Lily  
Error,10/4/2017 7:45,EventCreate,1,None,Application,djkvdihost412.jakarta01.com,JAKARTA01\Felix  
Error,10/4/2017 7:45,EventCreate,1,None,Application,djkvdihost655.jakarta01.com,JAKARTA01\rindang  
Error,10/4/2017 7:45,EventCreate,1,None,Application,djkvdihost033.jakarta01.com,JAKARTA01\Talitha  
Error,10/4/2017 7:45,EventCreate,1,None,Application,djkvdihost360.jakarta01.com,JAKARTA01\rubyani  
Error,10/4/2017 7:45,EventCreate,1,None,Application,djkvdihost354.jakarta01.com,JAKARTA01\wicaksono  
Error,10/4/2017 7:44,WSH,1,None,Application,djkvdihost412.jakarta01.com,"CN=Felix Sutiono password will expire in 4 day(s) at 10/8/2017 7:57:18 AM

Press CTRL + ALT + DEL and select the ""Change a password"" option."
Error,10/4/2017 7:44,EventCreate,1,None,Application,djkvdihost802.jakarta01.com,JAKARTA01\netra  
Error,10/4/2017 7:44,EventCreate,1,None,Application,djkvdihost418.jakarta01.com,JAKARTA01\andika  
Error,10/4/2017 7:44,EventCreate,1,None,Application,djkvdihost126.jakarta01.com,JAKARTA01\Jauw  
Error,10/4/2017 7:44,EventCreate,1,None,Application,djkvdihost226.jakarta01.com,JAKARTA01\Sely  
Error,10/4/2017 7:44,WSH,1,None,Application,djkvdihost412.jakarta01.com,"CN=Felix Sutiono password will expire in 4 day(s) at 10/8/2017 7:57:18 AM

Press CTRL + ALT + DEL and select the ""Change a password"" option."
Error,10/4/2017 7:44,EventCreate,1,None,Application,djkvdihost816.jakarta01.com,JAKARTA01\rezky  
Error,10/4/2017 7:44,EventCreate,1,None,Application,djkvdihost592.jakarta01.com,JAKARTA01\chalfin  
Error,10/4/2017 7:43,EventCreate,1,None,Application,djkvdihost372.jakarta01.com,JAKARTA01\Arum  
Error,10/4/2017 7:43,EventCreate,1,None,Application,djkvdihost670.jakarta01.com,JAKARTA01\eka prastica  
Error,10/4/2017 7:43,EventCreate,1,None,Application,djkvdihost312.jakarta01.com,JAKARTA01\Pradita  
Error,10/4/2017 7:43,EventCreate,1,None,Application,djkvdihost679.jakarta01.com,JAKARTA01\istiningsih  
Error,10/4/2017 7:43,EventCreate,1,None,Application,djkvdihost754.jakarta01.com,JAKARTA01\laila  
Error,10/4/2017 7:43,EventCreate,1,None,Application,djkvdihost105.jakarta01.com,JAKARTA01\mahendra  
Error,10/4/2017 7:43,EventCreate,1,None,Application,djkvdihost782.jakarta01.com,JAKARTA01\Putri Damayanti  
Error,10/4/2017 7:43,EventCreate,1,None,Application,djkvdihost212.jakarta01.com,JAKARTA01\handayani  
Error,10/4/2017 7:43,EventCreate,1,None,Application,djkvdihost256.jakarta01.com,JAKARTA01\cinta  
Error,10/4/2017 7:43,EventCreate,1,None,Application,djkvdihost857.jakarta01.com,JAKARTA01\harry  
Error,10/4/2017 7:43,EventCreate,1,None,Application,djkvdihost280.jakarta01.com,JAKARTA01\belly  
Error,10/4/2017 7:42,EventCreate,1,None,Application,djkvdihost244.jakarta01.com,JAKARTA01\nurmalasari  
Error,10/4/2017 7:42,EventCreate,1,None,Application,djkvdihost602.jakarta01.com,JAKARTA01\ceciliadt  
Error,10/4/2017 7:42,EventCreate,1,None,Application,djkvdihost038.jakarta01.com,JAKARTA01\nur endah  
Error,10/4/2017 7:42,EventCreate,1,None,Application,djkvdihost541.jakarta01.com,JAKARTA01\JUNETTE  
Error,10/4/2017 7:42,EventCreate,1,None,Application,djkvdihost104.jakarta01.com,JAKARTA01\teddyks  
Error,10/4/2017 7:42,EventCreate,1,None,Application,djkvdihost895.jakarta01.com,JAKARTA01\Denni  
Error,10/4/2017 7:42,EventCreate,1,None,Application,djkvdihost161.jakarta01.com,JAKARTA01\danna  
Error,10/4/2017 7:42,EventCreate,1,None,Application,djkvdihost666.jakarta01.com,JAKARTA01\fauziah wildan  
Error,10/4/2017 7:42,EventCreate,1,None,Application,djkvdihost893.jakarta01.com,JAKARTA01\naruhito  
Error,10/4/2017 7:42,EventCreate,1,None,Application,djkvdihost541.jakarta01.com,JAKARTA01\JUNETTE  
Error,10/4/2017 7:42,EventCreate,1,None,Application,djkvdihost609.jakarta01.com,JAKARTA01\ayudia  
Error,10/4/2017 7:41,EventCreate,1,None,Application,djkvdihost618.jakarta01.com,JAKARTA01\Dyandra  
Error,10/4/2017 7:41,EventCreate,1,None,Application,djkvdihost014.jakarta01.com,JAKARTA01\adiyanti  
Error,10/4/2017 7:41,EventCreate,1,None,Application,djkvdihost475.jakarta01.com,JAKARTA01\Djohan  
Error,10/4/2017 7:41,EventCreate,1,None,Application,djkvdihost376.jakarta01.com,JAKARTA01\Indah  
Error,10/4/2017 7:40,EventCreate,1,None,Application,djkvdihost533.jakarta01.com,JAKARTA01\ronal  
Error,10/4/2017 7:40,EventCreate,1,None,Application,djkvdihost013.jakarta01.com,JAKARTA01\REIS  
Error,10/4/2017 7:40,EventCreate,1,None,Application,djkvdihost179.jakarta01.com,JAKARTA01\achmadr  
Error,10/4/2017 7:40,EventCreate,1,None,Application,djkvdihost669.jakarta01.com,JAKARTA01\kreshna  
Error,10/4/2017 7:40,EventCreate,1,None,Application,djkvdihost544.jakarta01.com,JAKARTA01\alvita  
Error,10/4/2017 7:40,EventCreate,1,None,Application,djkvdihost069.jakarta01.com,JAKARTA01\yuliana  
Error,10/4/2017 7:40,EventCreate,1,None,Application,djkvdihost434.jakarta01.com,JAKARTA01\vanya  
Error,10/4/2017 7:40,EventCreate,1,None,Application,djkvdihost307.jakarta01.com,JAKARTA01\hana nurul  
Error,10/4/2017 7:40,EventCreate,1,None,Application,djkvdihost331.jakarta01.com,JAKARTA01\nugrah  
Error,10/4/2017 7:40,EventCreate,1,None,Application,djkvdihost025.jakarta01.com,JAKARTA01\tesha  
Error,10/4/2017 7:39,EventCreate,1,None,Application,djkvdihost463.jakarta01.com,JAKARTA01\vina febria  
Error,10/4/2017 7:39,Application Error,1000,-100,Application,djkvdihost463.jakarta01.com,"Faulting application name: spoolsv.exe, version: 6.1.7601.17777, time stamp: 0x4f35efc3
Faulting module name: msvcrt.dll, version: 7.0.7601.17744, time stamp: 0x4eeaf722
Exception code: 0xc0000005
Fault offset: 0x0000aa14
Faulting process id: 0x634
Faulting application start time: 0x01d33c2df98fd64a
Faulting application path: C:\Windows\System32\spoolsv.exe
Faulting module path: C:\Windows\system32\msvcrt.dll
Report Id: 8761e32b-a89c-11e7-92af-0050569f143b"
Error,10/4/2017 7:40,EventCreate,1,None,Application,djkvdihost022.jakarta01.com,JAKARTA01\harumi  
Error,10/4/2017 7:40,EventCreate,1,None,Application,djkvdihost544.jakarta01.com,JAKARTA01\alvita  
Error,10/4/2017 7:39,EventCreate,1,None,Application,djkvdihost205.jakarta01.com,JAKARTA01\rahmatia  
Error,10/4/2017 7:39,EventCreate,1,None,Application,djkvdihost509.jakarta01.com,JAKARTA01\titis  
Error,10/4/2017 7:39,EventCreate,1,None,Application,djkvdihost538.jakarta01.com,JAKARTA01\caroline  
Error,10/4/2017 7:39,EventCreate,1,None,Application,djkvdihost042.jakarta01.com,JAKARTA01\Adjeng  
Error,10/4/2017 7:38,EventCreate,1,None,Application,djkvdihost571.jakarta01.com,JAKARTA01\Rio Satria  
Error,10/4/2017 7:38,EventCreate,1,None,Application,djkvdihost414.jakarta01.com,JAKARTA01\evanc  
Error,10/4/2017 7:38,EventCreate,1,None,Application,djkvdihost273.jakarta01.com,JAKARTA01\vina  
Error,10/4/2017 7:38,EventCreate,1,None,Application,djkvdihost660.jakarta01.com,JAKARTA01\sitti  
Error,10/4/2017 7:37,EventCreate,1,None,Application,djkvdihost166.jakarta01.com,JAKARTA01\nunik  
Error,10/4/2017 7:37,EventCreate,1,None,Application,djkvdihost448.jakarta01.com,JAKARTA01\cecilia  
Error,10/4/2017 7:37,EventCreate,1,None,Application,djkvdihost830.jakarta01.com,JAKARTA01\myreshka  
Error,10/4/2017 7:37,EventCreate,1,None,Application,djkvdihost770.jakarta01.com,JAKARTA01\veronicam  
Error,10/4/2017 7:37,EventCreate,1,None,Application,djkvdihost089.jakarta01.com,JAKARTA01\Hilman  
Error,10/4/2017 7:36,EventCreate,1,None,Application,djkvdihost257.jakarta01.com,JAKARTA01\Ameilia  
Error,10/4/2017 7:37,EventCreate,1,None,Application,djkvdihost386.jakarta01.com,JAKARTA01\Rini Purnama  
Error,10/4/2017 7:36,EventCreate,1,None,Application,djkvdihost308.jakarta01.com,JAKARTA01\Erich  
Error,10/4/2017 7:36,EventCreate,1,None,Application,djkvdihost696.jakarta01.com,JAKARTA01\MIrhasE  
Error,10/4/2017 7:36,EventCreate,1,None,Application,djkvdihost257.jakarta01.com,JAKARTA01\Ameilia  
Error,10/4/2017 7:36,EventCreate,1,None,Application,djkvdihost167.jakarta01.com,JAKARTA01\Devina  
Error,10/4/2017 7:36,EventCreate,1,None,Application,djkvdihost257.jakarta01.com,JAKARTA01\Ameilia  
Error,10/4/2017 7:36,EventCreate,1,None,Application,djkvdihost340.jakarta01.com,JAKARTA01\hardianbp  
Error,10/4/2017 7:36,EventCreate,1,None,Application,djkvdihost339.jakarta01.com,JAKARTA01\nurlina  
Error,10/4/2017 7:36,EventCreate,1,None,Application,djkvdihost288.jakarta01.com,JAKARTA01\DEVI  
Error,10/4/2017 7:36,EventCreate,1,None,Application,djkvdihost139.jakarta01.com,JAKARTA01\Nikmatullah  
Error,10/4/2017 7:35,EventCreate,1,None,Application,djkvdihost757.jakarta01.com,JAKARTA01\karen  
Error,10/4/2017 7:35,EventCreate,1,None,Application,djkvdihost463.jakarta01.com,JAKARTA01\vina febria  
Error,10/4/2017 7:35,EventCreate,1,None,Application,djkvdihost589.jakarta01.com,JAKARTA01\lestari  
Error,10/4/2017 7:35,EventCreate,1,None,Application,djkvdihost200.jakarta01.com,JAKARTA01\ipuk  
Error,10/4/2017 7:35,EventCreate,1,None,Application,djkvdihost443.jakarta01.com,JAKARTA01\army  
Error,10/4/2017 7:34,EventCreate,1,None,Application,djkvdihost156.jakarta01.com,JAKARTA01\sinta  
Error,10/4/2017 7:34,EventCreate,1,None,Application,djkvdihost130.jakarta01.com,JAKARTA01\RURI  
Error,10/4/2017 7:34,EventCreate,1,None,Application,djkvdihost426.jakarta01.com,JAKARTA01\AdrianP  
Error,10/4/2017 7:34,EventCreate,1,None,Application,djkvdihost616.jakarta01.com,JAKARTA01\nicole  
Error,10/4/2017 7:34,EventCreate,1,None,Application,djkvdihost099.jakarta01.com,JAKARTA01\ALTHEA  
Error,10/4/2017 7:34,EventCreate,1,None,Application,djkvdihost848.jakarta01.com,JAKARTA01\andi  
