Error,10/6/2017 7:05,EventCreate,1,None,Application,djkvdihost167.jakarta01.com,JAKARTA01\NovrianAS  
Error,10/6/2017 7:04,EventCreate,1,None,Application,djkvdihost507.jakarta01.com,JAKARTA01\eunice  
Error,10/6/2017 7:03,WSH,1,None,Application,djkvdihost507.jakarta01.com,"CN=Eunice Shertaria Bangun password will expire in 2 day(s) at 10/8/2017 8:00:20 AM

Press CTRL + ALT + DEL and select the ""Change a password"" option."
Error,10/6/2017 7:03,WSH,1,None,Application,djkvdihost507.jakarta01.com,"CN=Eunice Shertaria Bangun password will expire in 2 day(s) at 10/8/2017 8:00:20 AM

Press CTRL + ALT + DEL and select the ""Change a password"" option."
Error,10/6/2017 7:03,EventCreate,1,None,Application,djkvdihost139.jakarta01.com,JAKARTA01\femmy  
Error,10/6/2017 7:02,EventCreate,1,None,Application,djkvdihost872.jakarta01.com,JAKARTA01\masuyama  
Error,10/6/2017 7:01,EventCreate,1,None,Application,djkvdihost895.jakarta01.com,JAKARTA01\Joni  
Error,10/6/2017 7:01,EventCreate,1,None,Application,djkvdihost408.jakarta01.com,JAKARTA01\Leli  
Error,10/6/2017 7:00,EventCreate,1,None,Application,djkvdihost671.jakarta01.com,JAKARTA01\feni  
Error,10/6/2017 7:00,EventCreate,1,None,Application,djkvdihost776.jakarta01.com,JAKARTA01\indrawati  
Error,10/6/2017 7:00,EventCreate,1,None,Application,djkvdihost523.jakarta01.com,JAKARTA01\dadi hardi  
Error,10/6/2017 6:59,EventCreate,1,None,Application,djkvdihost732.jakarta01.com,JAKARTA01\alexander  
Error,10/6/2017 6:58,EventCreate,1,None,Application,djkvdihost666.jakarta01.com,JAKARTA01\namora  
Error,10/6/2017 6:57,EventCreate,1,None,Application,djkvdihost845.jakarta01.com,JAKARTA01\ueda  
Error,10/6/2017 6:55,EventCreate,1,None,Application,djkvdihost529.jakarta01.com,JAKARTA01\isnaini  
Error,10/6/2017 6:55,EventCreate,1,None,Application,djkvdihost850.jakarta01.com,JAKARTA01\jeremia  
Error,10/6/2017 6:53,EventCreate,1,None,Application,djkvdihost121.jakarta01.com,JAKARTA01\Chaterin  
Error,10/6/2017 6:52,EventCreate,1,None,Application,djkvdihost580.jakarta01.com,JAKARTA01\andrinur  
Error,10/6/2017 6:50,EventCreate,1,None,Application,djkvdihost299.jakarta01.com,JAKARTA01\army  
Error,10/6/2017 6:49,EventCreate,1,None,Application,djkvdihost533.jakarta01.com,JAKARTA01\sasono  
Error,10/6/2017 6:48,EventCreate,1,None,Application,djkvdihost025.jakarta01.com,JAKARTA01\Patsiana  
Error,10/6/2017 6:47,EventCreate,1,None,Application,djkvdihost506.jakarta01.com,JAKARTA01\cahyaningtiyas  
Error,10/6/2017 6:46,EventCreate,1,None,Application,djkvdihost454.jakarta01.com,JAKARTA01\mulyono  
Error,10/6/2017 6:46,EventCreate,1,None,Application,djkvdihost245.jakarta01.com,JAKARTA01\IRMALA  
Error,10/6/2017 6:45,EventCreate,1,None,Application,djkvdihost060.jakarta01.com,JAKARTA01\ester  
Error,10/6/2017 6:45,EventCreate,1,None,Application,djkvdihost538.jakarta01.com,JAKARTA01\yofiandhy  
Error,10/6/2017 6:45,EventCreate,1,None,Application,djkvdihost634.jakarta01.com,JAKARTA01\gallant  
Error,10/6/2017 6:44,EventCreate,1,None,Application,djkvdihost856.jakarta01.com,JAKARTA01\Ouchi  
Error,10/6/2017 6:44,EventCreate,1,None,Application,djkvdihost041.jakarta01.com,JAKARTA01\retno  
Error,10/6/2017 6:43,EventCreate,1,None,Application,djkvdihost215.jakarta01.com,JAKARTA01\Pricillia  
Error,10/6/2017 6:42,WSH,1,None,Application,djkvdihost215.jakarta01.com,"CN=Pricillia Winda Sutio password will expire in 2 day(s) at 10/8/2017 6:34:54 AM

Press CTRL + ALT + DEL and select the ""Change a password"" option."
Error,10/6/2017 6:43,EventCreate,1,None,Application,djkvdihost425.jakarta01.com,JAKARTA01\Pinta  
Error,10/6/2017 6:43,EventCreate,1,None,Application,djkvdihost747.jakarta01.com,JAKARTA01\tobing  
Error,10/6/2017 6:42,WSH,1,None,Application,djkvdihost215.jakarta01.com,"CN=Pricillia Winda Sutio password will expire in 2 day(s) at 10/8/2017 6:34:54 AM

Press CTRL + ALT + DEL and select the ""Change a password"" option."
Error,10/6/2017 6:42,EventCreate,1,None,Application,djkvdihost256.jakarta01.com,JAKARTA01\willya  
Error,10/6/2017 6:41,EventCreate,1,None,Application,djkvdihost693.jakarta01.com,JAKARTA01\mochammad  
Error,10/6/2017 6:40,EventCreate,1,None,Application,djkvdihost658.jakarta01.com,JAKARTA01\suwilhan  
Error,10/6/2017 6:39,EventCreate,1,None,Application,djkvdihost344.jakarta01.com,JAKARTA01\susanto  
Error,10/6/2017 6:38,EventCreate,1,None,Application,djkvdihost504.jakarta01.com,JAKARTA01\zaldi  
Error,10/6/2017 6:38,EventCreate,1,None,Application,djkvdihost306.jakarta01.com,JAKARTA01\debby  
Error,10/6/2017 6:38,EventCreate,1,None,Application,djkvdihost557.jakarta01.com,JAKARTA01\hideo  
Error,10/6/2017 6:38,EventCreate,1,None,Application,djkvdihost328.jakarta01.com,JAKARTA01\Chinthea  
Error,10/6/2017 6:35,EventCreate,1,None,Application,djkvdihost524.jakarta01.com,JAKARTA01\rusmelin  
Error,10/6/2017 6:35,EventCreate,1,None,Application,djkvdihost853.jakarta01.com,JAKARTA01\Machida  
Error,10/6/2017 6:33,EventCreate,1,None,Application,djkvdihost107.jakarta01.com,JAKARTA01\rusliadi  
Error,10/6/2017 6:33,EventCreate,1,None,Application,djkvdihost304.jakarta01.com,JAKARTA01\Nur Maya  
Error,10/6/2017 6:32,WSH,1,None,Application,djkvdihost304.jakarta01.com,"CN=Nur Maya Rahma password will expire in 2 day(s) at 10/8/2017 7:22:00 AM

Press CTRL + ALT + DEL and select the ""Change a password"" option."
Error,10/6/2017 6:32,EventCreate,1,None,Application,djkvdihost047.jakarta01.com,JAKARTA01\evi  
Error,10/6/2017 6:32,WSH,1,None,Application,djkvdihost304.jakarta01.com,"CN=Nur Maya Rahma password will expire in 2 day(s) at 10/8/2017 7:22:00 AM

Press CTRL + ALT + DEL and select the ""Change a password"" option."
Error,10/6/2017 6:32,Application Error,1000,-100,Application,djkvdihost047.jakarta01.com,"Faulting application name: spoolsv.exe, version: 6.1.7601.17777, time stamp: 0x4f35efc3
Faulting module name: msvcrt.dll, version: 7.0.7601.17744, time stamp: 0x4eeaf722
Exception code: 0xc0000005
Fault offset: 0x0000aa14
Faulting process id: 0x63c
Faulting application start time: 0x01d33dc57ad04118
Faulting application path: C:\Windows\System32\spoolsv.exe
Faulting module path: C:\Windows\system32\msvcrt.dll
Report Id: 6aba7269-aa25-11e7-9ba3-0050569f23b2"
Error,10/6/2017 6:31,EventCreate,1,None,Application,djkvdihost446.jakarta01.com,JAKARTA01\taufik  
Error,10/6/2017 6:31,EventCreate,1,None,Application,djkvdihost446.jakarta01.com,JAKARTA01\taufik  
Error,10/6/2017 6:31,EventCreate,1,None,Application,djkvdihost446.jakarta01.com,JAKARTA01\taufik  
Error,10/6/2017 6:31,EventCreate,1,None,Application,djkvdihost186.jakarta01.com,JAKARTA01\Letitia  
Error,10/6/2017 6:29,EventCreate,1,None,Application,djkvdihost460.jakarta01.com,JAKARTA01\jati  
Error,10/6/2017 6:29,EventCreate,1,None,Application,djkvdihost610.jakarta01.com,JAKARTA01\muhammad afif  
Error,10/6/2017 6:29,EventCreate,1,None,Application,djkvdihost386.jakarta01.com,JAKARTA01\kezia  
Error,10/6/2017 6:27,EventCreate,1,None,Application,djkvdihost675.jakarta01.com,JAKARTA01\komangsd  
Error,10/6/2017 6:27,EventCreate,1,None,Application,djkvdihost227.jakarta01.com,JAKARTA01\cut nyak  
Error,10/6/2017 6:27,EventCreate,1,None,Application,djkvdihost091.jakarta01.com,JAKARTA01\puji sih  
Error,10/6/2017 6:24,EventCreate,1,None,Application,djkvdihost480.jakarta01.com,JAKARTA01\ryan  
Error,10/6/2017 6:24,Application Error,1000,-100,Application,djkvdihost480.jakarta01.com,"Faulting application name: spoolsv.exe, version: 6.1.7601.17777, time stamp: 0x4f35efc3
Faulting module name: msvcrt.dll, version: 7.0.7601.17744, time stamp: 0x4eeaf722
Exception code: 0xc0000005
Fault offset: 0x0000aa14
Faulting process id: 0x63c
Faulting application start time: 0x01d33dda521e82ca
Faulting application path: C:\Windows\System32\spoolsv.exe
Faulting module path: C:\Windows\system32\msvcrt.dll
Report Id: 4efdf3ab-aa24-11e7-9c31-0050569f382b"
Error,10/6/2017 6:24,EventCreate,1,None,Application,djkvdihost514.jakarta01.com,JAKARTA01\Hertanto gunadi  
Error,10/6/2017 6:23,EventCreate,1,None,Application,djkvdihost480.jakarta01.com,JAKARTA01\ryan  
Error,10/6/2017 6:19,EventCreate,1,None,Application,djkvdihost743.jakarta01.com,JAKARTA01\Pram  
Error,10/6/2017 6:19,EventCreate,1,None,Application,djkvdihost510.jakarta01.com,JAKARTA01\hariri  
Error,10/6/2017 6:16,EventCreate,1,None,Application,djkvdihost398.jakarta01.com,JAKARTA01\mulyanto  
Error,10/6/2017 6:16,EventCreate,1,None,Application,djkvdihost088.jakarta01.com,JAKARTA01\Erick  
Error,10/6/2017 6:13,EventCreate,1,None,Application,djkvdihost371.jakarta01.com,JAKARTA01\dwinanto  
Error,10/6/2017 6:09,EventCreate,1,None,Application,djkvdihost184.jakarta01.com,JAKARTA01\michael  
Error,10/6/2017 6:08,EventCreate,1,None,Application,djkvdihost869.jakarta01.com,JAKARTA01\hastari  
Error,10/6/2017 6:08,EventCreate,1,None,Application,djkvdihost235.jakarta01.com,JAKARTA01\Valdi  
Error,10/6/2017 6:06,EventCreate,1,None,Application,djkvdihost561.jakarta01.com,JAKARTA01\nugraha  
Error,10/6/2017 6:03,EventCreate,1,None,Application,djkvdihost130.jakarta01.com,JAKARTA01\arqom  
Error,10/6/2017 6:01,EventCreate,1,None,Application,djkvdihost417.jakarta01.com,JAKARTA01\ianm  
Error,10/6/2017 6:01,EventCreate,1,None,Application,djkvdihost728.jakarta01.com,JAKARTA01\Idafarida  
Error,10/6/2017 6:00,EventCreate,1,None,Application,djkvdihost292.jakarta01.com,JAKARTA01\Argo  
Error,10/6/2017 6:00,EventCreate,1,None,Application,djkvdihost195.jakarta01.com,JAKARTA01\henny  
Error,10/6/2017 5:54,EventCreate,1,None,Application,djkvdihost352.jakarta01.com,JAKARTA01\olly  
Error,10/6/2017 5:51,EventCreate,1,None,Application,djkvdihost453.jakarta01.com,JAKARTA01\dhara  
Error,10/6/2017 5:50,EventCreate,1,None,Application,djkvdihost350.jakarta01.com,JAKARTA01\yosiakarta  
Error,10/6/2017 5:48,EventCreate,1,None,Application,djkvdihost112.jakarta01.com,JAKARTA01\yasinta  
Error,10/6/2017 5:46,EventCreate,1,None,Application,djkvdihost653.jakarta01.com,JAKARTA01\midasope  
Error,10/6/2017 5:44,EventCreate,1,None,Application,djkvdihost032.jakarta01.com,JAKARTA01\agungwd  
Error,10/5/2017 23:58,EventCreate,1,None,Application,djkvdihost453.jakarta01.com,JAKARTA01\budi abianto  
Error,10/5/2017 20:46,EventCreate,1,None,Application,djkvdihost756.jakarta01.com,JAKARTA01\wang  
Error,10/5/2017 20:40,EventCreate,1,None,Application,djkvdihost831.jakarta01.com,JAKARTA01\syifa  
Error,10/5/2017 20:40,Application Error,1000,-100,Application,djkvdihost831.jakarta01.com,"Faulting application name: EXCEL.EXE, version: 15.0.4919.1000, time stamp: 0x58c7ab0f
Faulting module name: EXCEL.EXE, version: 15.0.4919.1000, time stamp: 0x58c7ab0f
Exception code: 0xc0000005
Fault offset: 0x0094ea89
Faulting process id: 0x2510
Faulting application start time: 0x01d33dc1c612045c
Faulting application path: C:\Program Files\Microsoft Office\Office15\EXCEL.EXE
Faulting module path: C:\Program Files\Microsoft Office\Office15\EXCEL.EXE
Report Id: b8f5c5c9-a9d2-11e7-832d-0050569f7ec2"
Error,10/5/2017 20:34,EventCreate,1,None,Application,djkvdihost120.jakarta01.com,JAKARTA01\jayson  
Error,10/5/2017 20:33,Application Error,1000,-100,Application,djkvdihost120.jakarta01.com,"Faulting application name: OUTLOOK.EXE, version: 15.0.4919.1001, time stamp: 0x58d20482
Faulting module name: OUTLOOK.EXE, version: 15.0.4919.1001, time stamp: 0x58d20482
Exception code: 0xc0000005
Fault offset: 0x008924c4
Faulting process id: 0x1c08
Faulting application start time: 0x01d33d7389bcec73
Faulting application path: C:\Program Files\Microsoft Office\Office15\OUTLOOK.EXE
Faulting module path: C:\Program Files\Microsoft Office\Office15\OUTLOOK.EXE
Report Id: d7327c03-a9d1-11e7-af2c-0050569f50b7"
Error,10/5/2017 20:15,EventCreate,1,None,Application,djkvdihost831.jakarta01.com,JAKARTA01\syifa  
Error,10/5/2017 20:15,Application Error,1000,-100,Application,djkvdihost831.jakarta01.com,"Faulting application name: EXCEL.EXE, version: 15.0.4919.1000, time stamp: 0x58c7ab0f
Faulting module name: EXCEL.EXE, version: 15.0.4919.1000, time stamp: 0x58c7ab0f
Exception code: 0xc0000005
Fault offset: 0x0094ea89
Faulting process id: 0x12ec
Faulting application start time: 0x01d33d76834e6f98
Faulting application path: C:\PROGRA~1\MICROS~2\Office15\EXCEL.EXE
Faulting module path: C:\PROGRA~1\MICROS~2\Office15\EXCEL.EXE
Report Id: 4ad928af-a9cf-11e7-832d-0050569f7ec2"
Error,10/5/2017 18:32,EventCreate,1,None,Application,djkvdihost637.jakarta01.com,"The description for Event ID 1 from source EventCreate cannot be found. Either the component that raises this event is not installed on your local computer or the installation is corrupted. You can install or repair the component on the local computer.

If the event originated on another computer, the display information had to be saved with the event.

The following information was included with the event: 

JAKARTA01\andriana  
"
Error,10/5/2017 17:53,EventCreate,1,None,Application,djkvdihost207.jakarta01.com,"The description for Event ID 1 from source EventCreate cannot be found. Either the component that raises this event is not installed on your local computer or the installation is corrupted. You can install or repair the component on the local computer.

If the event originated on another computer, the display information had to be saved with the event.

The following information was included with the event: 

JAKARTA01\Argo  
"
Error,10/5/2017 19:32,EventCreate,1,None,Application,djkvdihost526.jakarta01.com,JAKARTA01\budi abianto  
Error,10/5/2017 19:22,EventCreate,1,None,Application,djkvdihost665.jakarta01.com,JAKARTA01\Erick  
Error,10/5/2017 19:22,Application Error,1000,-100,Application,djkvdihost665.jakarta01.com,"Faulting application name: EXCEL.EXE, version: 15.0.4919.1000, time stamp: 0x58c7ab0f
Faulting module name: MSVCR100.dll, version: 10.0.40219.325, time stamp: 0x4df2be1e
Exception code: 0xc0000005
Fault offset: 0x00001f34
Faulting process id: 0x27f0
Faulting application start time: 0x01d33d8a793fb41f
Faulting application path: C:\Program Files\Microsoft Office\Office15\EXCEL.EXE
Faulting module path: C:\Windows\system32\MSVCR100.dll
Report Id: e277a39e-a9c7-11e7-bfe1-0050569f6cce"
Error,10/5/2017 19:19,EventCreate,1,None,Application,djkvdihost814.jakarta01.com,JAKARTA01\m ridho  
Error,10/5/2017 19:19,EventCreate,1,None,Application,djkvdihost814.jakarta01.com,JAKARTA01\m ridho  
Error,10/5/2017 18:57,EventCreate,1,None,Application,djkvdihost729.jakarta01.com,JAKARTA01\henry st  
Error,10/5/2017 18:57,Application Error,1000,-100,Application,djkvdihost729.jakarta01.com,"Faulting application name: lync.exe, version: 15.0.4919.1000, time stamp: 0x58c7ab1e
Faulting module name: ntdll.dll, version: 6.1.7601.23714, time stamp: 0x58bf8774
Exception code: 0xc0000005
Fault offset: 0x00031dca
Faulting process id: 0x101c
Faulting application start time: 0x01d33d74ef0b770e
Faulting application path: C:\Program Files\Microsoft Office\Office15\lync.exe
Faulting module path: C:\Windows\SYSTEM32\ntdll.dll
Report Id: 529973ae-a9c4-11e7-84f6-0050569f2193"
Error,10/5/2017 18:51,EventCreate,1,None,Application,djkvdihost638.jakarta01.com,JAKARTA01\guestisd29  
Error,10/5/2017 18:51,Application Error,1000,-100,Application,djkvdihost638.jakarta01.com,"Faulting application name: Ssms.exe, version: 2009.100.1600.1, time stamp: 0x4bb679e7
Faulting module name: ntdll.dll, version: 6.1.7601.23714, time stamp: 0x58bf8774
Exception code: 0xc0000006
Fault offset: 0x0002cd77
Faulting process id: 0x%9
Faulting application start time: 0x%10
Faulting application path: %11
Faulting module path: %12
Report Id: %13"
Error,10/5/2017 18:47,EventCreate,1,None,Application,djkvdihost229.jakarta01.com,JAKARTA01\Setiawan  
Error,10/5/2017 18:47,EventCreate,1,None,Application,djkvdihost229.jakarta01.com,JAKARTA01\Setiawan  
Error,10/5/2017 18:46,WSH,1,None,Application,djkvdihost229.jakarta01.com,"CN=Eko Setiawan password will expire in 3 day(s) at 10/8/2017 9:30:49 AM

Press CTRL + ALT + DEL and select the ""Change a password"" option."
Error,10/5/2017 18:46,WSH,1,None,Application,djkvdihost229.jakarta01.com,"CN=Eko Setiawan password will expire in 3 day(s) at 10/8/2017 9:30:49 AM

Press CTRL + ALT + DEL and select the ""Change a password"" option."
Error,10/5/2017 18:41,EventCreate,1,None,Application,djkvdihost358.jakarta01.com,JAKARTA01\nurhayani  
Error,10/5/2017 18:41,Application Error,1000,-100,Application,djkvdihost358.jakarta01.com,"Faulting application name: wmiprvse.exe, version: 6.2.9200.16398, time stamp: 0x5033a20c
Faulting module name: clrjit.dll, version: 4.0.30319.34209, time stamp: 0x53489491
Exception code: 0xc0000005
Fault offset: 0x00011abc
Faulting process id: 0xc88
Faulting application start time: 0x01d33dcedf89a225
Faulting application path: C:\Windows\system32\wbem\wmiprvse.exe
Faulting module path: C:\Windows\Microsoft.NET\Framework\v4.0.30319\clrjit.dll
Report Id: 1d7a2c87-a9c2-11e7-9653-0050569f2bc4"
Error,10/5/2017 18:32,Application Error,1000,-100,Application,djkvdihost637.jakarta01.com,"Faulting application name: lync.exe, version: 15.0.4919.1000, time stamp: 0x58c7ab1e
Faulting module name: unknown, version: 0.0.0.0, time stamp: 0x00000000
Exception code: 0xc0000005
Fault offset: 0x00004000
Faulting process id: 0x12dc
Faulting application start time: 0x01d33d796b439660
Faulting application path: C:\Program Files\Microsoft Office\Office15\lync.exe
Faulting module path: unknown
Report Id: d46ef756-a9c0-11e7-88f8-0050569f5cf3"
Error,10/5/2017 18:31,EventCreate,1,None,Application,djkvdihost726.jakarta01.com,JAKARTA01\iqbal maulanasani  
Error,10/5/2017 18:31,EventCreate,1,None,Application,djkvdihost212.jakarta01.com,JAKARTA01\william  
Error,10/5/2017 18:31,Application Error,1000,-100,Application,djkvdihost212.jakarta01.com,"Faulting application name: OUTLOOK.EXE, version: 15.0.4919.1001, time stamp: 0x58d20482
Faulting module name: OUTLOOK.EXE, version: 15.0.4919.1001, time stamp: 0x58d20482
Exception code: 0xc0000005
Fault offset: 0x008924c7
Faulting process id: 0x1c44
Faulting application start time: 0x01d33dc587f06d5f
Faulting application path: C:\Program Files\Microsoft Office\Office15\OUTLOOK.EXE
Faulting module path: C:\Program Files\Microsoft Office\Office15\OUTLOOK.EXE
Report Id: b3d05a9f-a9c0-11e7-bb66-0050569f7a6e"
Error,10/5/2017 18:31,EventCreate,1,None,Application,djkvdihost726.jakarta01.com,JAKARTA01\iqbal maulanasani  
Error,10/5/2017 18:27,EventCreate,1,None,Application,djkvdihost162.jakarta01.com,JAKARTA01\astio  
Error,10/5/2017 18:27,Application Error,1000,-100,Application,djkvdihost162.jakarta01.com,"Faulting application name: Explorer.EXE, version: 6.1.7601.23537, time stamp: 0x57c44cc4
Faulting module name: SHELL32.dll, version: 6.1.7601.23537, time stamp: 0x57c450f4
Exception code: 0xc0000005
Fault offset: 0x002e247c
Faulting process id: 0x1180
Faulting application start time: 0x01d33d80a3d0239a
Faulting application path: C:\Windows\Explorer.EXE
Faulting module path: C:\Windows\system32\SHELL32.dll
Report Id: 3ca6763f-a9c0-11e7-9303-0050569f5025"
Error,10/5/2017 18:22,EventCreate,1,None,Application,djkvdihost739.jakarta01.com,JAKARTA01\fathiya  
Error,10/5/2017 18:19,EventCreate,1,None,Application,djkvdihost054.jakarta01.com,JAKARTA01\rinaldonp  
Error,10/5/2017 18:19,Application Error,1000,-100,Application,djkvdihost054.jakarta01.com,"Faulting application name: OUTLOOK.EXE, version: 15.0.4919.1001, time stamp: 0x58d20482
Faulting module name: OUTLOOK.EXE, version: 15.0.4919.1001, time stamp: 0x58d20482
Exception code: 0xc0000005
Fault offset: 0x008924c4
Faulting process id: 0x1c00
Faulting application start time: 0x01d33d779a1bb894
Faulting application path: C:\Program Files\Microsoft Office\Office15\OUTLOOK.EXE
Faulting module path: C:\Program Files\Microsoft Office\Office15\OUTLOOK.EXE
Report Id: 119e59b1-a9bf-11e7-b9da-0050569f1a76"
Error,10/5/2017 18:18,EventCreate,1,None,Application,djkvdihost463.jakarta01.com,JAKARTA01\slamet  
Error,10/5/2017 18:12,EventCreate,1,None,Application,djkvdihost055.jakarta01.com,JAKARTA01\cita  
Error,10/5/2017 18:12,Application Error,1000,-100,Application,djkvdihost055.jakarta01.com,"Faulting application name: OUTLOOK.EXE, version: 15.0.4919.1001, time stamp: 0x58d20482
Faulting module name: OUTLOOK.EXE, version: 15.0.4919.1001, time stamp: 0x58d20482
Exception code: 0xc0000005
Fault offset: 0x008924c4
Faulting process id: 0x4b4
Faulting application start time: 0x01d33dc632131b60
Faulting application path: C:\Program Files\Microsoft Office\Office15\OUTLOOK.EXE
Faulting module path: C:\Program Files\Microsoft Office\Office15\OUTLOOK.EXE
Report Id: 0521aa83-a9be-11e7-adda-0050569f6f88"
Error,10/5/2017 18:02,EventCreate,1,None,Application,djkvdihost160.jakarta01.com,JAKARTA01\veronicam  
Error,10/5/2017 18:02,Application Error,1000,-100,Application,djkvdihost160.jakarta01.com,"Faulting application name: OUTLOOK.EXE, version: 15.0.4919.1001, time stamp: 0x58d20482
Faulting module name: OUTLOOK.EXE, version: 15.0.4919.1001, time stamp: 0x58d20482
Exception code: 0xc0000005
Fault offset: 0x008924c7
Faulting process id: 0xba4
Faulting application start time: 0x01d33d723b5b71a8
Faulting application path: C:\Program Files\Microsoft Office\Office15\OUTLOOK.EXE
Faulting module path: C:\Program Files\Microsoft Office\Office15\OUTLOOK.EXE
Report Id: b02e4c1c-a9bc-11e7-8c3a-0050569f000b"
Error,10/5/2017 17:59,EventCreate,1,None,Application,djkvdihost576.jakarta01.com,JAKARTA01\Dwi anisa  
Error,10/5/2017 17:59,EventCreate,1,None,Application,djkvdihost576.jakarta01.com,JAKARTA01\Dwi anisa  
Error,10/5/2017 17:58,EventCreate,1,None,Application,djkvdihost848.jakarta01.com,JAKARTA01\bayu  
Error,10/5/2017 17:58,Application Error,1000,-100,Application,djkvdihost848.jakarta01.com,"Faulting application name: spoolsv.exe, version: 6.1.7601.17777, time stamp: 0x4f35efc3
Faulting module name: msvcrt.dll, version: 7.0.7601.17744, time stamp: 0x4eeaf722
Exception code: 0xc0000005
Fault offset: 0x0000aa14
Faulting process id: 0x600
Faulting application start time: 0x01d33dc83efdc50b
Faulting application path: C:\Windows\System32\spoolsv.exe
Faulting module path: C:\Windows\system32\msvcrt.dll
Report Id: 0cd60d35-a9bc-11e7-9644-0050569f68f7"
Error,10/5/2017 17:57,EventCreate,1,None,Application,djkvdihost848.jakarta01.com,JAKARTA01\bayu  
Error,10/5/2017 17:56,EventCreate,1,None,Application,djkvdihost634.jakarta01.com,JAKARTA01\gati  
Error,10/5/2017 17:56,EventCreate,1,None,Application,djkvdihost634.jakarta01.com,JAKARTA01\gati  
Error,10/5/2017 17:56,EventCreate,1,None,Application,djkvdihost634.jakarta01.com,JAKARTA01\gati  
Error,10/5/2017 17:53,Application Error,1000,-100,Application,djkvdihost207.jakarta01.com,"Faulting application name: iexplore.exe, version: 11.0.9600.18639, time stamp: 0x58d6bb0d
Faulting module name: MSHTML.dll, version: 11.0.9600.18639, time stamp: 0x58d6c720
Exception code: 0xc0000005
Fault offset: 0x000ac604
Faulting process id: 0x1220
Faulting application start time: 0x01d33d6753af3212
Faulting application path: C:\Program Files\Internet Explorer\iexplore.exe
Faulting module path: C:\Windows\system32\MSHTML.dll
Report Id: 7034a65a-a9bb-11e7-acae-0050569f1211"
Error,10/5/2017 17:51,EventCreate,1,None,Application,djkvdihost872.jakarta01.com,JAKARTA01\tsusaka  
Error,10/5/2017 17:46,EventCreate,1,None,Application,djkvdihost015.jakarta01.com,JAKARTA01\mahendrars  
Error,10/5/2017 17:46,Application Error,1000,-100,Application,djkvdihost015.jakarta01.com,"Faulting application name: NLNOTES.EXE, version: 8.5.30.11258, time stamp: 0x4e72fa51
Faulting module name: nnotes.dll, version: 8.5.30.11258, time stamp: 0x4e72fa6a
Exception code: 0xc0000005
Fault offset: 0x001c7f0e
Faulting process id: 0x16c
Faulting application start time: 0x01d33dc72c99fccb
Faulting application path: C:\Program Files\IBM\Lotus\Notes\NLNOTES.EXE
Faulting module path: C:\Program Files\IBM\Lotus\Notes\nnotes.dll
Report Id: 6d0720fd-a9ba-11e7-9bf0-0050569f1c55"
Error,10/5/2017 17:42,EventCreate,1,None,Application,djkvdihost673.jakarta01.com,JAKARTA01\iqbal maulanasani  
Error,10/5/2017 17:38,EventCreate,1,None,Application,djkvdihost033.jakarta01.com,JAKARTA01\hideo  
Error,10/5/2017 17:34,EventCreate,1,None,Application,djkvdihost212.jakarta01.com,JAKARTA01\william  
Error,10/5/2017 17:34,Application Error,1000,-100,Application,djkvdihost212.jakarta01.com,"Faulting application name: OUTLOOK.EXE, version: 15.0.4919.1001, time stamp: 0x58d20482
Faulting module name: OUTLOOK.EXE, version: 15.0.4919.1001, time stamp: 0x58d20482
Exception code: 0xc0000005
Fault offset: 0x008924c4
Faulting process id: 0x1524
Faulting application start time: 0x01d33d7a612ab6c4
Faulting application path: C:\Program Files\Microsoft Office\Office15\OUTLOOK.EXE
Faulting module path: C:\Program Files\Microsoft Office\Office15\OUTLOOK.EXE
Report Id: c1cc8f4f-a9b8-11e7-bb66-0050569f7a6e"
Error,10/5/2017 17:31,EventCreate,1,None,Application,djkvdihost720.jakarta01.com,JAKARTA01\fajar  
Error,10/5/2017 17:31,Application Error,1000,-100,Application,djkvdihost720.jakarta01.com,"Faulting application name: OUTLOOK.EXE, version: 15.0.4919.1001, time stamp: 0x58d20482
Faulting module name: OUTLOOK.EXE, version: 15.0.4919.1001, time stamp: 0x58d20482
Exception code: 0xc0000005
Fault offset: 0x008924c7
Faulting process id: 0x10e4
Faulting application start time: 0x01d33dc16c169950
Faulting application path: C:\Program Files\Microsoft Office\Office15\OUTLOOK.EXE
Faulting module path: C:\Program Files\Microsoft Office\Office15\OUTLOOK.EXE
Report Id: 56ed7da2-a9b8-11e7-9ba7-0050569f19e6"
Error,10/5/2017 17:27,EventCreate,1,None,Application,djkvdihost070.jakarta01.com,JAKARTA01\WulanAn  
Error,10/5/2017 17:28,EventCreate,1,None,Application,djkvdihost288.jakarta01.com,JAKARTA01\rahman  
Error,10/5/2017 17:27,Application Error,1000,-100,Application,djkvdihost070.jakarta01.com,"Faulting application name: OUTLOOK.EXE, version: 15.0.4919.1001, time stamp: 0x58d20482
Faulting module name: OUTLOOK.EXE, version: 15.0.4919.1001, time stamp: 0x58d20482
Exception code: 0xc0000005
Fault offset: 0x008924c4
Faulting process id: 0x1f44
Faulting application start time: 0x01d33d717057e99e
Faulting application path: C:\Program Files\Microsoft Office\Office15\OUTLOOK.EXE
Faulting module path: C:\Program Files\Microsoft Office\Office15\OUTLOOK.EXE
Report Id: d81feac9-a9b7-11e7-910e-0050569f1794"
Error,10/5/2017 17:27,EventCreate,1,None,Application,djkvdihost834.jakarta01.com,JAKARTA01\sulistyono  
Error,10/5/2017 17:27,Application Error,1000,-100,Application,djkvdihost834.jakarta01.com,"Faulting application name: EXCEL.EXE, version: 15.0.4919.1000, time stamp: 0x58c7ab0f
Faulting module name: EXCEL.EXE, version: 15.0.4919.1000, time stamp: 0x58c7ab0f
Exception code: 0xc0000005
Fault offset: 0x000545e9
Faulting process id: 0x1f9c
Faulting application start time: 0x01d33d8473ba4f55
Faulting application path: C:\Program Files\Microsoft Office\Office15\EXCEL.EXE
Faulting module path: C:\Program Files\Microsoft Office\Office15\EXCEL.EXE
Report Id: bb4fc355-a9b7-11e7-83c9-0050569f08a6"
Error,10/5/2017 17:25,EventCreate,1,None,Application,djkvdihost334.jakarta01.com,JAKARTA01\teddy h  
Error,10/5/2017 17:21,EventCreate,1,None,Application,djkvdihost801.jakarta01.com,JAKARTA01\raymond  
Error,10/5/2017 17:20,EventCreate,1,None,Application,djkvdihost183.jakarta01.com,JAKARTA01\krisnawan  
Error,10/5/2017 17:20,Application Error,1000,-100,Application,djkvdihost183.jakarta01.com,"Faulting application name: EXCEL.EXE, version: 15.0.4919.1000, time stamp: 0x58c7ab0f
Faulting module name: mso.dll, version: 15.0.4919.1002, time stamp: 0x58de0799
Exception code: 0xc0000005
Fault offset: 0x013a2a78
Faulting process id: 0x144
Faulting application start time: 0x01d33d822c67dd84
Faulting application path: C:\Program Files\Microsoft Office\Office15\EXCEL.EXE
Faulting module path: C:\Program Files\Common Files\Microsoft Shared\Office15\mso.dll
Report Id: ccbde73b-a9b6-11e7-9f75-0050569f7254"
Error,10/5/2017 17:16,EventCreate,1,None,Application,djkvdihost498.jakarta01.com,JAKARTA01\ailsa  
Error,10/5/2017 17:16,Application Error,1000,-100,Application,djkvdihost498.jakarta01.com,"Faulting application name: OUTLOOK.EXE, version: 15.0.4919.1001, time stamp: 0x58d20482
Faulting module name: OUTLOOK.EXE, version: 15.0.4919.1001, time stamp: 0x58d20482
Exception code: 0xc0000005
Fault offset: 0x008924c4
Faulting process id: 0x77c
Faulting application start time: 0x01d33d75b6701684
Faulting application path: C:\Program Files\Microsoft Office\Office15\OUTLOOK.EXE
Faulting module path: C:\Program Files\Microsoft Office\Office15\OUTLOOK.EXE
Report Id: 30a17c0d-a9b6-11e7-b7b8-0050569f1363"
Error,10/5/2017 17:13,EventCreate,1,None,Application,djkvdihost245.jakarta01.com,JAKARTA01\wisnu  
Error,10/5/2017 17:13,EventCreate,1,None,Application,djkvdihost245.jakarta01.com,JAKARTA01\wisnu  
Error,10/5/2017 17:13,EventCreate,1,None,Application,djkvdihost681.jakarta01.com,JAKARTA01\edwan  
Error,10/5/2017 17:12,EventCreate,1,None,Application,djkvdihost107.jakarta01.com,JAKARTA01\citra  
Error,10/5/2017 17:12,EventCreate,1,None,Application,djkvdihost681.jakarta01.com,JAKARTA01\edwan  
Error,10/5/2017 17:12,EventCreate,1,None,Application,djkvdihost334.jakarta01.com,JAKARTA01\Ahmad Hidayat  
Error,10/5/2017 17:12,Application Error,1000,-100,Application,djkvdihost107.jakarta01.com,"Faulting application name: OUTLOOK.EXE, version: 15.0.4919.1001, time stamp: 0x58d20482
Faulting module name: OUTLOOK.EXE, version: 15.0.4919.1001, time stamp: 0x58d20482
Exception code: 0xc0000005
Fault offset: 0x008924c4
Faulting process id: 0x1c64
Faulting application start time: 0x01d33d73fea309ba
Faulting application path: C:\Program Files\Microsoft Office\Office15\OUTLOOK.EXE
Faulting module path: C:\Program Files\Microsoft Office\Office15\OUTLOOK.EXE
Report Id: b618c95a-a9b5-11e7-9488-0050569f7fd2"
Error,10/5/2017 17:09,EventCreate,1,None,Application,djkvdihost873.jakarta01.com,JAKARTA01\bayu  
Error,10/5/2017 17:09,EventCreate,1,None,Application,djkvdihost302.jakarta01.com,JAKARTA01\daniel pontifek  
Error,10/5/2017 17:08,EventCreate,1,None,Application,djkvdihost302.jakarta01.com,JAKARTA01\daniel pontifek  
Error,10/5/2017 17:08,WSH,1,None,Application,djkvdihost302.jakarta01.com,"CN=DANIEL PONTIFEK YOSEPH SILITO password will expire in 3 day(s) at 10/8/2017 9:12:02 AM

Press CTRL + ALT + DEL and select the ""Change a password"" option."
Error,10/5/2017 17:08,WSH,1,None,Application,djkvdihost302.jakarta01.com,"CN=DANIEL PONTIFEK YOSEPH SILITO password will expire in 3 day(s) at 10/8/2017 9:12:02 AM

Press CTRL + ALT + DEL and select the ""Change a password"" option."
Error,10/5/2017 17:08,EventCreate,1,None,Application,djkvdihost548.jakarta01.com,JAKARTA01\Bryant  
Error,10/5/2017 17:08,EventCreate,1,None,Application,djkvdihost873.jakarta01.com,JAKARTA01\bayu  
Error,10/5/2017 17:08,Application Error,1000,-100,Application,djkvdihost548.jakarta01.com,"Faulting application name: OUTLOOK.EXE, version: 15.0.4919.1001, time stamp: 0x58d20482
Faulting module name: OUTLOOK.EXE, version: 15.0.4919.1001, time stamp: 0x58d20482
Exception code: 0xc0000005
Fault offset: 0x008924c4
Faulting process id: 0x2590
Faulting application start time: 0x01d33da7a69ff005
Faulting application path: C:\Program Files\Microsoft Office\Office15\OUTLOOK.EXE
Faulting module path: C:\Program Files\Microsoft Office\Office15\OUTLOOK.EXE
Report Id: 11e7a53b-a9b5-11e7-b315-0050569f7144"
Error,10/5/2017 17:07,EventCreate,1,None,Application,djkvdihost228.jakarta01.com,JAKARTA01\indrak  
Error,10/5/2017 17:06,EventCreate,1,None,Application,djkvdihost778.jakarta01.com,JAKARTA01\dhimas  
Error,10/5/2017 17:06,Application Error,1000,-100,Application,djkvdihost228.jakarta01.com,"Faulting application name: Explorer.EXE, version: 6.1.7601.23537, time stamp: 0x57c44cc4
Faulting module name: Explorer.EXE, version: 6.1.7601.23537, time stamp: 0x57c44cc4
Exception code: 0xc0000005
Fault offset: 0x00081c66
Faulting process id: 0x14c4
Faulting application start time: 0x01d33d75788035d9
Faulting application path: C:\Windows\Explorer.EXE
Faulting module path: C:\Windows\Explorer.EXE
Report Id: eb09ea72-a9b4-11e7-bf97-0050569f72c1"
Error,10/5/2017 17:06,EventCreate,1,None,Application,djkvdihost778.jakarta01.com,JAKARTA01\dhimas  
Error,10/5/2017 17:05,EventCreate,1,None,Application,djkvdihost720.jakarta01.com,JAKARTA01\fajar  
Error,10/5/2017 17:04,Application Error,1000,-100,Application,djkvdihost720.jakarta01.com,"Faulting application name: OUTLOOK.EXE, version: 15.0.4919.1001, time stamp: 0x58d20482
Faulting module name: OUTLOOK.EXE, version: 15.0.4919.1001, time stamp: 0x58d20482
Exception code: 0xc0000005
Fault offset: 0x008924c4
Faulting process id: 0x1e70
Faulting application start time: 0x01d33d752a17bd1e
Faulting application path: C:\Program Files\Microsoft Office\Office15\OUTLOOK.EXE
Faulting module path: C:\Program Files\Microsoft Office\Office15\OUTLOOK.EXE
Report Id: a51ceed7-a9b4-11e7-9ba7-0050569f19e6"
Error,10/5/2017 16:55,EventCreate,1,None,Application,djkvdihost421.jakarta01.com,JAKARTA01\rubyani  
Error,10/5/2017 16:55,EventCreate,1,None,Application,djkvdihost113.jakarta01.com,JAKARTA01\ici  
Error,10/5/2017 16:55,EventCreate,1,None,Application,djkvdihost421.jakarta01.com,JAKARTA01\rubyani  
Error,10/5/2017 16:55,EventCreate,1,None,Application,djkvdihost113.jakarta01.com,JAKARTA01\ici  
Error,10/5/2017 16:52,EventCreate,1,None,Application,djkvdihost221.jakarta01.com,JAKARTA01\Ana  
Error,10/5/2017 16:52,EventCreate,1,None,Application,djkvdihost221.jakarta01.com,JAKARTA01\Ana  
Error,10/5/2017 16:49,EventCreate,1,None,Application,djkvdihost850.jakarta01.com,JAKARTA01\hirano  
Error,10/5/2017 16:48,EventCreate,1,None,Application,djkvdihost850.jakarta01.com,JAKARTA01\hirano  
Error,10/5/2017 16:47,EventCreate,1,None,Application,djkvdihost493.jakarta01.com,JAKARTA01\MSandy  
Error,10/5/2017 16:46,EventCreate,1,None,Application,djkvdihost898.jakarta01.com,JAKARTA01\Adi Purnomo  
Error,10/5/2017 16:46,Application Error,1000,-100,Application,djkvdihost898.jakarta01.com,"Faulting application name: OUTLOOK.EXE, version: 15.0.4927.1001, time stamp: 0x58f5f52e
Faulting module name: OUTLOOK.EXE, version: 15.0.4927.1001, time stamp: 0x58f5f52e
Exception code: 0xc0000409
Fault offset: 0x00e97caf
Faulting process id: 0x1f44
Faulting application start time: 0x01d33d7370ec02c6
Faulting application path: C:\Program Files (x86)\Microsoft Office\Office15\OUTLOOK.EXE
Faulting module path: C:\Program Files (x86)\Microsoft Office\Office15\OUTLOOK.EXE
Report Id: 19c80b4c-a9b2-11e7-bda8-0050569f032d"
Error,10/5/2017 16:45,EventCreate,1,None,Application,djkvdihost771.jakarta01.com,JAKARTA01\komangsd  
Error,10/5/2017 16:45,EventCreate,1,None,Application,djkvdihost869.jakarta01.com,JAKARTA01\andi  
Error,10/5/2017 16:44,EventCreate,1,None,Application,djkvdihost429.jakarta01.com,JAKARTA01\Rizky Anggari  
Error,10/5/2017 16:44,EventCreate,1,None,Application,djkvdihost850.jakarta01.com,JAKARTA01\hirano  
Error,10/5/2017 16:44,EventCreate,1,None,Application,djkvdihost647.jakarta01.com,JAKARTA01\pramana  
Error,10/5/2017 16:41,EventCreate,1,None,Application,djkvdihost281.jakarta01.com,JAKARTA01\eriksetiawan  
Error,10/5/2017 16:41,Application Error,1000,-100,Application,djkvdihost281.jakarta01.com,"Faulting application name: iexplore.exe, version: 11.0.9600.18639, time stamp: 0x58d6bb0d
Faulting module name: Flash32_20_0_0_286.ocx, version: 20.0.0.286, time stamp: 0x56944dbe
Exception code: 0xc0000005
Fault offset: 0x000d9900
Faulting process id: 0x18b8
Faulting application start time: 0x01d33db647d36d71
Faulting application path: C:\Program Files\Internet Explorer\iexplore.exe
Faulting module path: C:\Windows\system32\Macromed\Flash\Flash32_20_0_0_286.ocx
Report Id: 4b30ee64-a9b1-11e7-b70f-0050569f6f91"
Error,10/5/2017 16:39,EventCreate,1,None,Application,djkvdihost529.jakarta01.com,JAKARTA01\nurfadila  
Error,10/5/2017 16:40,Application Error,1000,-100,Application,djkvdihost818.jakarta01.com,"Faulting application name: BrokerAgent.exe, version: 7.8.0.8004, time stamp: 0x56950d22
Faulting module name: KERNELBASE.dll, version: 6.1.7601.23714, time stamp: 0x58bf87a4
Exception code: 0xe0434352
Fault offset: 0x0000845d
Faulting process id: 0x774
Faulting application start time: 0x01d33dbd6eff0510
Faulting application path: C:\Program Files\Citrix\Virtual Desktop Agent\BrokerAgent.exe
Faulting module path: C:\Windows\system32\KERNELBASE.dll
Report Id: 468d8ad0-a9b1-11e7-a643-0050569f7ace"
Error,10/5/2017 16:35,EventCreate,1,None,Application,djkvdihost220.jakarta01.com,JAKARTA01\aditya chandra  
Error,10/5/2017 16:34,EventCreate,1,None,Application,djkvdihost616.jakarta01.com,JAKARTA01\yosephine  
Error,10/5/2017 16:34,EventCreate,1,None,Application,djkvdihost608.jakarta01.com,JAKARTA01\amanda chandra  
Error,10/5/2017 16:34,Application Error,1000,-100,Application,djkvdihost608.jakarta01.com,"Faulting application name: OUTLOOK.EXE, version: 15.0.4919.1001, time stamp: 0x58d20482
Faulting module name: OUTLOOK.EXE, version: 15.0.4919.1001, time stamp: 0x58d20482
Exception code: 0xc0000005
Fault offset: 0x008924c4
Faulting process id: 0x1e80
Faulting application start time: 0x01d33d7043c7bf95
Faulting application path: C:\Program Files\Microsoft Office\Office15\OUTLOOK.EXE
Faulting module path: C:\Program Files\Microsoft Office\Office15\OUTLOOK.EXE
Report Id: 5203a4d0-a9b0-11e7-be79-0050569f0de5"
Error,10/5/2017 16:30,EventCreate,1,None,Application,djkvdihost117.jakarta01.com,JAKARTA01\diah  
Error,10/5/2017 16:29,EventCreate,1,None,Application,djkvdihost117.jakarta01.com,JAKARTA01\diah  
Error,10/5/2017 16:21,EventCreate,1,None,Application,djkvdihost204.jakarta01.com,JAKARTA01\dadi hardi  
Error,10/5/2017 16:21,EventCreate,1,None,Application,djkvdihost302.jakarta01.com,JAKARTA01\adityo yuwono  
Error,10/5/2017 16:21,EventCreate,1,None,Application,djkvdihost302.jakarta01.com,JAKARTA01\adityo yuwono  
Error,10/5/2017 16:21,EventCreate,1,None,Application,djkvdihost835.jakarta01.com,JAKARTA01\Ariestyo  
Error,10/5/2017 16:21,Application Error,1000,-100,Application,djkvdihost204.jakarta01.com,"Faulting application name: OUTLOOK.EXE, version: 15.0.4919.1001, time stamp: 0x58d20482
Faulting module name: OUTLOOK.EXE, version: 15.0.4919.1001, time stamp: 0x58d20482
Exception code: 0xc0000005
Fault offset: 0x008924c4
Faulting process id: 0x1a8c
Faulting application start time: 0x01d33d754e2a9283
Faulting application path: C:\Program Files\Microsoft Office\Office15\OUTLOOK.EXE
Faulting module path: C:\Program Files\Microsoft Office\Office15\OUTLOOK.EXE
Report Id: 9232a407-a9ae-11e7-87d6-0050569f0768"
Error,10/5/2017 16:20,EventCreate,1,None,Application,djkvdihost302.jakarta01.com,JAKARTA01\adityo yuwono  
Error,10/5/2017 16:20,EventCreate,1,None,Application,djkvdihost565.jakarta01.com,JAKARTA01\Hilman  
Error,10/5/2017 16:19,EventCreate,1,None,Application,djkvdihost026.jakarta01.com,JAKARTA01\sinta  
Error,10/5/2017 16:19,Application Error,1000,-100,Application,djkvdihost026.jakarta01.com,"Faulting application name: PhotoScreensaver.scr, version: 6.1.7601.17514, time stamp: 0x4ce7a590
Faulting module name: SHELL32.dll, version: 6.1.7601.23537, time stamp: 0x57c450f4
Exception code: 0xc0000005
Fault offset: 0x001f269f
Faulting process id: 0x17dc
Faulting application start time: 0x01d33db78cd22161
Faulting application path: C:\Windows\system32\PhotoScreensaver.scr
Faulting module path: C:\Windows\system32\SHELL32.dll
Report Id: 481f7907-a9ae-11e7-9cf6-0050569f56f8"
Error,10/5/2017 16:15,EventCreate,1,None,Application,djkvdihost254.jakarta01.com,JAKARTA01\primaningtyas  
Error,10/5/2017 16:15,Application Error,1000,-100,Application,djkvdihost254.jakarta01.com,"Faulting application name: EXCEL.EXE, version: 15.0.4919.1000, time stamp: 0x58c7ab0f
Faulting module name: mso.dll, version: 15.0.4919.1002, time stamp: 0x58de0799
Exception code: 0xc0000005
Fault offset: 0x013a2a78
Faulting process id: 0x1e64
Faulting application start time: 0x01d33dba6b66f499
Faulting application path: C:\Program Files\Microsoft Office\Office15\EXCEL.EXE
Faulting module path: C:\Program Files\Common Files\Microsoft Shared\Office15\mso.dll
Report Id: b64eaf6d-a9ad-11e7-8351-0050569f2dfe"
Error,10/5/2017 16:08,EventCreate,1,None,Application,djkvdihost130.jakarta01.com,JAKARTA01\yenny  
Error,10/5/2017 16:08,EventCreate,1,None,Application,djkvdihost130.jakarta01.com,JAKARTA01\yenny  
Error,10/5/2017 16:08,EventCreate,1,None,Application,djkvdihost130.jakarta01.com,JAKARTA01\yenny  
Error,10/5/2017 16:07,EventCreate,1,None,Application,djkvdihost130.jakarta01.com,JAKARTA01\yenny  
Error,10/5/2017 16:03,EventCreate,1,None,Application,djkvdihost833.jakarta01.com,JAKARTA01\handayani  
Error,10/5/2017 16:03,EventCreate,1,None,Application,djkvdihost751.jakarta01.com,JAKARTA01\Hilman  
Error,10/5/2017 16:03,EventCreate,1,None,Application,djkvdihost833.jakarta01.com,JAKARTA01\handayani  
Error,10/5/2017 16:03,EventCreate,1,None,Application,djkvdihost553.jakarta01.com,JAKARTA01\ridjal  
Error,10/5/2017 16:00,EventCreate,1,None,Application,djkvdihost101.jakarta01.com,JAKARTA01\diah astuti  
Error,10/5/2017 16:00,Application Error,1000,-100,Application,djkvdihost101.jakarta01.com,"Faulting application name: OUTLOOK.EXE, version: 15.0.4919.1001, time stamp: 0x58d20482
Faulting module name: OUTLOOK.EXE, version: 15.0.4919.1001, time stamp: 0x58d20482
Exception code: 0xc0000005
Fault offset: 0x008924c4
Faulting process id: 0x1544
Faulting application start time: 0x01d33d750758dfc9
Faulting application path: C:\Program Files\Microsoft Office\Office15\OUTLOOK.EXE
Faulting module path: C:\Program Files\Microsoft Office\Office15\OUTLOOK.EXE
Report Id: a841f5b6-a9ab-11e7-8186-0050569f71ba"
Error,10/5/2017 15:58,EventCreate,1,None,Application,djkvdihost021.jakarta01.com,JAKARTA01\regina  
Error,10/5/2017 15:58,EventCreate,1,None,Application,djkvdihost021.jakarta01.com,JAKARTA01\regina  
Error,10/5/2017 15:55,EventCreate,1,None,Application,djkvdihost275.jakarta01.com,JAKARTA01\bahar  
Error,10/5/2017 15:55,Application Error,1000,-100,Application,djkvdihost275.jakarta01.com,"Faulting application name: spoolsv.exe, version: 6.1.7601.17777, time stamp: 0x4f35efc3
Faulting module name: msvcrt.dll, version: 7.0.7601.17744, time stamp: 0x4eeaf722
Exception code: 0xc0000005
Fault offset: 0x0000aa14
Faulting process id: 0x62c
Faulting application start time: 0x01d33db63c9ba7ad
Faulting application path: C:\Windows\System32\spoolsv.exe
Faulting module path: C:\Windows\system32\msvcrt.dll
Report Id: f97d6eb2-a9aa-11e7-a2c4-0050569f2f2d"
Error,10/5/2017 15:55,EventCreate,1,None,Application,djkvdihost275.jakarta01.com,JAKARTA01\bahar  
Error,10/5/2017 15:51,EventCreate,1,None,Application,djkvdihost745.jakarta01.com,JAKARTA01\tenri  
Error,10/5/2017 15:51,EventCreate,1,None,Application,djkvdihost843.jakarta01.com,JAKARTA01\kubo  
Error,10/5/2017 15:51,Application Error,1000,-100,Application,djkvdihost745.jakarta01.com,"Faulting application name: OUTLOOK.EXE, version: 15.0.4919.1001, time stamp: 0x58d20482
Faulting module name: OUTLOOK.EXE, version: 15.0.4919.1001, time stamp: 0x58d20482
Exception code: 0xc0000005
Fault offset: 0x008924c4
Faulting process id: 0x106c
Faulting application start time: 0x01d33da050130103
Faulting application path: C:\Program Files\Microsoft Office\Office15\OUTLOOK.EXE
Faulting module path: C:\Program Files\Microsoft Office\Office15\OUTLOOK.EXE
Report Id: 586ffe90-a9aa-11e7-9985-0050569f2c5e"
Error,10/5/2017 15:50,EventCreate,1,None,Application,djkvdihost811.jakarta01.com,JAKARTA01\mutiara  
Error,10/5/2017 15:49,EventCreate,1,None,Application,djkvdihost501.jakarta01.com,JAKARTA01\Lordy  
Error,10/5/2017 15:50,Application Error,1000,-100,Application,djkvdihost811.jakarta01.com,"Faulting application name: OUTLOOK.EXE, version: 15.0.4919.1001, time stamp: 0x58d20482
Faulting module name: OUTLOOK.EXE, version: 15.0.4919.1001, time stamp: 0x58d20482
Exception code: 0xc0000005
Fault offset: 0x008924c4
Faulting process id: 0x1110
Faulting application start time: 0x01d33d901735274c
Faulting application path: C:\Program Files\Microsoft Office\Office15\OUTLOOK.EXE
Faulting module path: C:\Program Files\Microsoft Office\Office15\OUTLOOK.EXE
Report Id: 363439ca-a9aa-11e7-b803-0050569f311e"
Error,10/5/2017 15:49,Application Error,1000,-100,Application,djkvdihost501.jakarta01.com,"Faulting application name: OUTLOOK.EXE, version: 15.0.4919.1001, time stamp: 0x58d20482
Faulting module name: OUTLOOK.EXE, version: 15.0.4919.1001, time stamp: 0x58d20482
Exception code: 0xc0000005
Fault offset: 0x008924c7
Faulting process id: 0xba8
Faulting application start time: 0x01d33d755d8c84b2
Faulting application path: C:\Program Files\Microsoft Office\Office15\OUTLOOK.EXE
Faulting module path: C:\Program Files\Microsoft Office\Office15\OUTLOOK.EXE
Report Id: 255e3250-a9aa-11e7-aa24-0050569f2180"
Error,10/5/2017 15:47,EventCreate,1,None,Application,djkvdihost424.jakarta01.com,JAKARTA01\Indah  
Error,10/5/2017 15:47,Application Error,1000,-100,Application,djkvdihost424.jakarta01.com,"Faulting application name: OUTLOOK.EXE, version: 15.0.4919.1001, time stamp: 0x58d20482
Faulting module name: OUTLOOK.EXE, version: 15.0.4919.1001, time stamp: 0x58d20482
Exception code: 0xc0000005
Fault offset: 0x008924c7
Faulting process id: 0x19a4
Faulting application start time: 0x01d33d74c0bbe625
Faulting application path: C:\Program Files\Microsoft Office\Office15\OUTLOOK.EXE
Faulting module path: C:\Program Files\Microsoft Office\Office15\OUTLOOK.EXE
Report Id: c4b9f45a-a9a9-11e7-a0cc-0050569f20ab"
Error,10/5/2017 15:30,EventCreate,1,None,Application,djkvdihost817.jakarta01.com,JAKARTA01\Tyas  
Error,10/5/2017 15:30,Application Error,1000,-100,Application,djkvdihost817.jakarta01.com,"Faulting application name: OUTLOOK.EXE, version: 15.0.4919.1001, time stamp: 0x58d20482
Faulting module name: OUTLOOK.EXE, version: 15.0.4919.1001, time stamp: 0x58d20482
Exception code: 0xc0000005
Fault offset: 0x008924c4
Faulting process id: 0x1614
Faulting application start time: 0x01d33d762e9bfecd
Faulting application path: C:\Program Files\Microsoft Office\Office15\OUTLOOK.EXE
Faulting module path: C:\Program Files\Microsoft Office\Office15\OUTLOOK.EXE
Report Id: 7e26e6a2-a9a7-11e7-9252-0050569f5ea8"
Error,10/5/2017 15:22,EventCreate,1,None,Application,djkvdihost300.jakarta01.com,JAKARTA01\gian  
Error,10/5/2017 15:22,Application Error,1000,-100,Application,djkvdihost300.jakarta01.com,"Faulting application name: PhotoScreensaver.scr, version: 6.1.7601.17514, time stamp: 0x4ce7a590
Faulting module name: SHELL32.dll, version: 6.1.7601.23537, time stamp: 0x57c450f4
Exception code: 0xc0000005
Fault offset: 0x001f269f
Faulting process id: 0x1fdc
Faulting application start time: 0x01d33db2e20248ce
Faulting application path: C:\Windows\system32\PhotoScreensaver.scr
Faulting module path: C:\Windows\system32\SHELL32.dll
Report Id: 4c0c03a6-a9a6-11e7-bb16-0050569f2b46"
Error,10/5/2017 15:19,EventCreate,1,None,Application,djkvdihost092.jakarta01.com,JAKARTA01\nur endah  
Error,10/5/2017 15:19,Application Error,1000,-100,Application,djkvdihost092.jakarta01.com,"Faulting application name: OUTLOOK.EXE, version: 15.0.4919.1001, time stamp: 0x58d20482
Faulting module name: OUTLOOK.EXE, version: 15.0.4919.1001, time stamp: 0x58d20482
Exception code: 0xc0000005
Fault offset: 0x008924c4
Faulting process id: 0x1a24
Faulting application start time: 0x01d33d79d657942d
Faulting application path: C:\Program Files\Microsoft Office\Office15\OUTLOOK.EXE
Faulting module path: C:\Program Files\Microsoft Office\Office15\OUTLOOK.EXE
Report Id: e7b174aa-a9a5-11e7-9b5a-0050569f40ab"
Error,10/5/2017 15:14,EventCreate,1,None,Application,djkvdihost873.jakarta01.com,JAKARTA01\bayu  
Error,10/5/2017 15:14,EventCreate,1,None,Application,djkvdihost232.jakarta01.com,JAKARTA01\Hera  
Error,10/5/2017 15:14,EventCreate,1,None,Application,djkvdihost393.jakarta01.com,JAKARTA01\georgedk  
Error,10/5/2017 15:14,Application Error,1000,-100,Application,djkvdihost232.jakarta01.com,"Faulting application name: OUTLOOK.EXE, version: 15.0.4919.1001, time stamp: 0x58d20482
Faulting module name: OUTLOOK.EXE, version: 15.0.4919.1001, time stamp: 0x58d20482
Exception code: 0xc0000005
Fault offset: 0x008924c4
Faulting process id: 0x1514
Faulting application start time: 0x01d33d71e4ee31d7
Faulting application path: C:\Program Files\Microsoft Office\Office15\OUTLOOK.EXE
Faulting module path: C:\Program Files\Microsoft Office\Office15\OUTLOOK.EXE
Report Id: 273916ce-a9a5-11e7-959c-0050569f48db"
Error,10/5/2017 15:04,EventCreate,1,None,Application,djkvdihost335.jakarta01.com,JAKARTA01\AdrianP  
Error,10/5/2017 15:03,EventCreate,1,None,Application,djkvdihost490.jakarta01.com,JAKARTA01\erikson  
Error,10/5/2017 15:01,EventCreate,1,None,Application,djkvdihost300.jakarta01.com,JAKARTA01\gian  
Error,10/5/2017 13:47,EventCreate,1,None,Application,djkvdihost028.jakarta01.com,JAKARTA01\guestacc10  
Error,10/5/2017 13:20,EventCreate,1,None,Application,djkvdihost028.jakarta01.com,JAKARTA01\Virgitha  
Error,10/5/2017 14:59,EventCreate,1,None,Application,djkvdihost640.jakarta01.com,JAKARTA01\yansen  
