Error,10/5/2017 7:35,EventCreate,1,None,Application,djkvdihost139.jakarta01.com,JAKARTA01\sitti  
Error,10/5/2017 7:35,EventCreate,1,None,Application,djkvdihost331.jakarta01.com,JAKARTA01\Erlisa  
Error,10/5/2017 7:35,EventCreate,1,None,Application,djkvdihost516.jakarta01.com,JAKARTA01\titis  
Error,10/5/2017 7:35,EventCreate,1,None,Application,djkvdihost587.jakarta01.com,JAKARTA01\Rafika  
Error,10/5/2017 7:35,EventCreate,1,None,Application,djkvdihost800.jakarta01.com,JAKARTA01\mirawati  
Error,10/5/2017 7:34,EventCreate,1,None,Application,djkvdihost691.jakarta01.com,JAKARTA01\MegaDN  
Error,10/5/2017 7:34,EventCreate,1,None,Application,djkvdihost655.jakarta01.com,JAKARTA01\yumiyati  
Error,10/5/2017 7:33,EventCreate,1,None,Application,djkvdihost612.jakarta01.com,JAKARTA01\antonius  
Error,10/5/2017 7:33,EventCreate,1,None,Application,djkvdihost898.jakarta01.com,JAKARTA01\Adi Purnomo  
Error,10/5/2017 7:33,EventCreate,1,None,Application,djkvdihost029.jakarta01.com,JAKARTA01\srahma  
Error,10/5/2017 7:33,EventCreate,1,None,Application,djkvdihost892.jakarta01.com,JAKARTA01\Denni  
Error,10/5/2017 7:32,EventCreate,1,None,Application,djkvdihost289.jakarta01.com,JAKARTA01\inna  
Error,10/5/2017 7:32,EventCreate,1,None,Application,djkvdihost591.jakarta01.com,JAKARTA01\REIS  
Error,10/5/2017 7:32,EventCreate,1,None,Application,djkvdihost476.jakarta01.com,JAKARTA01\yulianty  
Error,10/5/2017 7:32,EventCreate,1,None,Application,djkvdihost115.jakarta01.com,JAKARTA01\arinie  
Error,10/5/2017 7:32,EventCreate,1,None,Application,djkvdihost070.jakarta01.com,JAKARTA01\WulanAn  
Error,10/5/2017 7:32,EventCreate,1,None,Application,djkvdihost814.jakarta01.com,JAKARTA01\rozi  
Error,10/5/2017 7:31,EventCreate,1,None,Application,djkvdihost706.jakarta01.com,JAKARTA01\DianRamadhania  
Error,10/5/2017 7:32,EventCreate,1,None,Application,djkvdihost814.jakarta01.com,JAKARTA01\rozi  
Error,10/5/2017 7:31,EventCreate,1,None,Application,djkvdihost676.jakarta01.com,JAKARTA01\restiani  
Error,10/5/2017 7:31,EventCreate,1,None,Application,djkvdihost706.jakarta01.com,JAKARTA01\DianRamadhania  
Error,10/5/2017 7:31,EventCreate,1,None,Application,djkvdihost765.jakarta01.com,JAKARTA01\Teguh Aji  
Error,10/5/2017 7:31,EventCreate,1,None,Application,djkvdihost590.jakarta01.com,JAKARTA01\ivan  
Error,10/5/2017 7:30,EventCreate,1,None,Application,djkvdihost402.jakarta01.com,JAKARTA01\andiani  
Error,10/5/2017 7:30,EventCreate,1,None,Application,djkvdihost142.jakarta01.com,JAKARTA01\Marlina  
Error,10/5/2017 7:30,EventCreate,1,None,Application,djkvdihost580.jakarta01.com,JAKARTA01\sulaiman  
Error,10/5/2017 7:30,EventCreate,1,None,Application,djkvdihost417.jakarta01.com,JAKARTA01\Dina Vathati  
Error,10/5/2017 7:30,EventCreate,1,None,Application,djkvdihost742.jakarta01.com,JAKARTA01\lestari  
Error,10/5/2017 7:30,EventCreate,1,None,Application,djkvdihost701.jakarta01.com,JAKARTA01\Liasyah  
Error,10/5/2017 7:30,EventCreate,1,None,Application,djkvdihost716.jakarta01.com,JAKARTA01\nurmalasari  
Error,10/5/2017 7:30,EventCreate,1,None,Application,djkvdihost858.jakarta01.com,JAKARTA01\i gede  
Error,10/5/2017 7:30,EventCreate,1,None,Application,djkvdihost510.jakarta01.com,JAKARTA01\adhi  
Error,10/5/2017 7:29,EventCreate,1,None,Application,djkvdihost226.jakarta01.com,JAKARTA01\GuestISD56  
Error,10/5/2017 7:29,EventCreate,1,None,Application,djkvdihost224.jakarta01.com,JAKARTA01\Daniel  
Error,10/5/2017 7:29,EventCreate,1,None,Application,djkvdihost835.jakarta01.com,JAKARTA01\pramana  
Error,10/5/2017 7:29,EventCreate,1,None,Application,djkvdihost268.jakarta01.com,JAKARTA01\Dicky  
Error,10/5/2017 7:28,EventCreate,1,None,Application,djkvdihost268.jakarta01.com,JAKARTA01\Dicky  
Error,10/5/2017 7:28,EventCreate,1,None,Application,djkvdihost011.jakarta01.com,JAKARTA01\aditya chandra  
Error,10/5/2017 7:28,EventCreate,1,None,Application,djkvdihost374.jakarta01.com,JAKARTA01\regina  
Error,10/5/2017 7:28,EventCreate,1,None,Application,djkvdihost299.jakarta01.com,JAKARTA01\tesha  
Error,10/5/2017 7:27,EventCreate,1,None,Application,djkvdihost325.jakarta01.com,JAKARTA01\ayub  
Error,10/5/2017 7:27,EventCreate,1,None,Application,djkvdihost312.jakarta01.com,JAKARTA01\anggi  
Error,10/5/2017 7:27,EventCreate,1,None,Application,djkvdihost317.jakarta01.com,JAKARTA01\ayudia  
Error,10/5/2017 7:27,EventCreate,1,None,Application,djkvdihost774.jakarta01.com,JAKARTA01\vina febria  
Error,10/5/2017 7:27,EventCreate,1,None,Application,djkvdihost897.jakarta01.com,JAKARTA01\StellaH  
Error,10/5/2017 7:27,EventCreate,1,None,Application,djkvdihost432.jakarta01.com,JAKARTA01\irman  
Error,10/5/2017 7:26,EventCreate,1,None,Application,djkvdihost642.jakarta01.com,JAKARTA01\pratiwi  
Error,10/5/2017 7:26,EventCreate,1,None,Application,djkvdihost166.jakarta01.com,JAKARTA01\trisnawati  
Error,10/5/2017 7:26,EventCreate,1,None,Application,djkvdihost519.jakarta01.com,JAKARTA01\aticha  
Error,10/5/2017 7:26,EventCreate,1,None,Application,djkvdihost040.jakarta01.com,JAKARTA01\Amaliawati  
Error,10/5/2017 7:26,EventCreate,1,None,Application,djkvdihost819.jakarta01.com,JAKARTA01\binar  
Error,10/5/2017 7:25,EventCreate,1,None,Application,djkvdihost759.jakarta01.com,JAKARTA01\MIrhasE  
Error,10/5/2017 7:25,EventCreate,1,None,Application,djkvdihost232.jakarta01.com,JAKARTA01\Hera  
Error,10/5/2017 7:24,EventCreate,1,None,Application,djkvdihost602.jakarta01.com,JAKARTA01\Resty  
Error,10/5/2017 7:24,EventCreate,1,None,Application,djkvdihost719.jakarta01.com,JAKARTA01\debby  
Error,10/5/2017 7:24,EventCreate,1,None,Application,djkvdihost088.jakarta01.com,JAKARTA01\liza  
Error,10/5/2017 7:24,EventCreate,1,None,Application,djkvdihost537.jakarta01.com,JAKARTA01\Adjeng  
Error,10/5/2017 7:24,EventCreate,1,None,Application,djkvdihost870.jakarta01.com,JAKARTA01\m nugraha  
Error,10/5/2017 7:24,EventCreate,1,None,Application,djkvdihost572.jakarta01.com,JAKARTA01\lenny  
Error,10/5/2017 7:24,EventCreate,1,None,Application,djkvdihost448.jakarta01.com,JAKARTA01\rachelas  
Error,10/5/2017 7:23,EventCreate,1,None,Application,djkvdihost821.jakarta01.com,JAKARTA01\Luki Mahanani  
Error,10/5/2017 7:23,EventCreate,1,None,Application,djkvdihost894.jakarta01.com,JAKARTA01\Joni  
Error,10/5/2017 7:23,EventCreate,1,None,Application,djkvdihost672.jakarta01.com,JAKARTA01\yofiandhy  
Error,10/5/2017 7:23,EventCreate,1,None,Application,djkvdihost608.jakarta01.com,JAKARTA01\amanda chandra  
Error,10/5/2017 7:22,EventCreate,1,None,Application,djkvdihost497.jakarta01.com,JAKARTA01\Sely  
Error,10/5/2017 7:22,EventCreate,1,None,Application,djkvdihost730.jakarta01.com,JAKARTA01\RURI  
Error,10/5/2017 7:22,EventCreate,1,None,Application,djkvdihost864.jakarta01.com,JAKARTA01\andi  
Error,10/5/2017 7:22,EventCreate,1,None,Application,djkvdihost205.jakarta01.com,JAKARTA01\nunik  
Error,10/5/2017 7:22,EventCreate,1,None,Application,djkvdihost617.jakarta01.com,JAKARTA01\Dyandra  
Error,10/5/2017 7:22,EventCreate,1,None,Application,djkvdihost412.jakarta01.com,JAKARTA01\ayu rifa  
Error,10/5/2017 7:22,EventCreate,1,None,Application,djkvdihost285.jakarta01.com,JAKARTA01\gatots  
Error,10/5/2017 7:21,EventCreate,1,None,Application,djkvdihost219.jakarta01.com,JAKARTA01\teddy h  
Error,10/5/2017 7:21,EventCreate,1,None,Application,djkvdihost848.jakarta01.com,JAKARTA01\tsusaka  
Error,10/5/2017 7:21,EventCreate,1,None,Application,djkvdihost333.jakarta01.com,JAKARTA01\Dimas Satya  
Error,10/5/2017 7:21,EventCreate,1,None,Application,djkvdihost627.jakarta01.com,JAKARTA01\riaanggreyni  
Error,10/5/2017 7:21,EventCreate,1,None,Application,djkvdihost551.jakarta01.com,JAKARTA01\kusumadita  
Error,10/5/2017 7:21,EventCreate,1,None,Application,djkvdihost735.jakarta01.com,JAKARTA01\namora  
Error,10/5/2017 7:21,EventCreate,1,None,Application,djkvdihost333.jakarta01.com,JAKARTA01\Dimas Satya  
Error,10/5/2017 7:20,EventCreate,1,None,Application,djkvdihost567.jakarta01.com,JAKARTA01\Luki Mahanani  
Error,10/5/2017 7:20,EventCreate,1,None,Application,djkvdihost793.jakarta01.com,JAKARTA01\raditya  
Error,10/5/2017 7:20,EventCreate,1,None,Application,djkvdihost171.jakarta01.com,JAKARTA01\heri  
Error,10/5/2017 7:20,EventCreate,1,None,Application,djkvdihost809.jakarta01.com,JAKARTA01\k_ignatius  
Error,10/5/2017 7:19,WSH,1,None,Application,djkvdihost793.jakarta01.com,"CN=Raditya Pratama password will expire in 3 day(s) at 10/8/2017 7:52:49 AM

Press CTRL + ALT + DEL and select the ""Change a password"" option."
Error,10/5/2017 7:20,EventCreate,1,None,Application,djkvdihost069.jakarta01.com,JAKARTA01\vadya  
Error,10/5/2017 7:20,EventCreate,1,None,Application,djkvdihost059.jakarta01.com,JAKARTA01\Rana  
Error,10/5/2017 7:19,WSH,1,None,Application,djkvdihost793.jakarta01.com,"CN=Raditya Pratama password will expire in 3 day(s) at 10/8/2017 7:52:49 AM

Press CTRL + ALT + DEL and select the ""Change a password"" option."
Error,10/5/2017 7:19,EventCreate,1,None,Application,djkvdihost168.jakarta01.com,JAKARTA01\yenni  
Error,10/5/2017 7:19,EventCreate,1,None,Application,djkvdihost314.jakarta01.com,JAKARTA01\susilowati  
Error,10/5/2017 7:19,EventCreate,1,None,Application,djkvdihost399.jakarta01.com,JAKARTA01\retno  
Error,10/5/2017 7:19,EventCreate,1,None,Application,djkvdihost647.jakarta01.com,JAKARTA01\femmy  
Error,10/5/2017 7:19,EventCreate,1,None,Application,djkvdihost562.jakarta01.com,JAKARTA01\Lily  
Error,10/5/2017 7:18,EventCreate,1,None,Application,djkvdihost708.jakarta01.com,JAKARTA01\meity  
Error,10/5/2017 7:18,EventCreate,1,None,Application,djkvdihost429.jakarta01.com,JAKARTA01\fardy  
Error,10/5/2017 7:18,EventCreate,1,None,Application,djkvdihost745.jakarta01.com,JAKARTA01\tenri  
Error,10/5/2017 7:17,EventCreate,1,None,Application,djkvdihost287.jakarta01.com,JAKARTA01\dian  
Error,10/5/2017 7:17,EventCreate,1,None,Application,djkvdihost130.jakarta01.com,JAKARTA01\gati  
Error,10/5/2017 7:16,EventCreate,1,None,Application,djkvdihost121.jakarta01.com,JAKARTA01\iqbal  
Error,10/5/2017 7:16,EventCreate,1,None,Application,djkvdihost544.jakarta01.com,JAKARTA01\ayuningtias  
Error,10/5/2017 7:16,EventCreate,1,None,Application,djkvdihost348.jakarta01.com,JAKARTA01\komangya  
Error,10/5/2017 7:16,EventCreate,1,None,Application,djkvdihost240.jakarta01.com,JAKARTA01\evanc  
Error,10/5/2017 7:15,EventCreate,1,None,Application,djkvdihost187.jakarta01.com,JAKARTA01\dyah  
Error,10/5/2017 7:15,Application Error,1000,-100,Application,djkvdihost121.jakarta01.com,"Faulting application name: spoolsv.exe, version: 6.1.7601.17777, time stamp: 0x4f35efc3
Faulting module name: msvcrt.dll, version: 7.0.7601.17744, time stamp: 0x4eeaf722
Exception code: 0xc0000005
Fault offset: 0x0000aa14
Faulting process id: 0x638
Faulting application start time: 0x01d33d190f46067b
Faulting application path: C:\Windows\System32\spoolsv.exe
Faulting module path: C:\Windows\system32\msvcrt.dll
Report Id: 5c3c03f0-a962-11e7-8c5f-0050569f69fa"
Error,10/5/2017 7:15,EventCreate,1,None,Application,djkvdihost662.jakarta01.com,JAKARTA01\fatma  
Error,10/5/2017 7:15,EventCreate,1,None,Application,djkvdihost853.jakarta01.com,JAKARTA01\ueda  
Error,10/5/2017 7:15,EventCreate,1,None,Application,djkvdihost025.jakarta01.com,JAKARTA01\santoso  
Error,10/5/2017 7:14,EventCreate,1,None,Application,djkvdihost784.jakarta01.com,JAKARTA01\Marthen  
Error,10/5/2017 7:14,EventCreate,1,None,Application,djkvdihost833.jakarta01.com,JAKARTA01\isnaini  
Error,10/5/2017 7:14,EventCreate,1,None,Application,djkvdihost811.jakarta01.com,JAKARTA01\mutiara  
Error,10/5/2017 7:14,EventCreate,1,None,Application,djkvdihost651.jakarta01.com,JAKARTA01\livia  
Error,10/5/2017 7:14,EventCreate,1,None,Application,djkvdihost169.jakarta01.com,JAKARTA01\danielhp  
Error,10/5/2017 7:13,WSH,1,None,Application,djkvdihost784.jakarta01.com,"CN=Marthen password will expire in 3 day(s) at 10/8/2017 8:33:25 AM

Press CTRL + ALT + DEL and select the ""Change a password"" option."
Error,10/5/2017 7:13,WSH,1,None,Application,djkvdihost811.jakarta01.com,"CN=Mutiara Annisa password will expire in 0 day(s) at 10/5/2017 6:47:13 PM

Press CTRL + ALT + DEL and select the ""Change a password"" option."
Error,10/5/2017 7:13,WSH,1,None,Application,djkvdihost784.jakarta01.com,"CN=Marthen password will expire in 3 day(s) at 10/8/2017 8:33:25 AM

Press CTRL + ALT + DEL and select the ""Change a password"" option."
Error,10/5/2017 7:13,EventCreate,1,None,Application,djkvdihost462.jakarta01.com,JAKARTA01\polyska  
Error,10/5/2017 7:13,WSH,1,None,Application,djkvdihost811.jakarta01.com,"CN=Mutiara Annisa password will expire in 0 day(s) at 10/5/2017 6:47:13 PM

Press CTRL + ALT + DEL and select the ""Change a password"" option."
Error,10/5/2017 7:13,EventCreate,1,None,Application,djkvdihost462.jakarta01.com,JAKARTA01\polyska  
Error,10/5/2017 7:12,EventCreate,1,None,Application,djkvdihost428.jakarta01.com,JAKARTA01\nony  
Error,10/5/2017 7:12,EventCreate,1,None,Application,djkvdihost058.jakarta01.com,JAKARTA01\DEVI  
Error,10/5/2017 7:11,EventCreate,1,None,Application,djkvdihost210.jakarta01.com,JAKARTA01\NovrianAS  
Error,10/5/2017 7:11,EventCreate,1,None,Application,djkvdihost259.jakarta01.com,JAKARTA01\phesyana  
Error,10/5/2017 7:10,EventCreate,1,None,Application,djkvdihost783.jakarta01.com,JAKARTA01\dwinda  
Error,10/5/2017 7:10,EventCreate,1,None,Application,djkvdihost770.jakarta01.com,JAKARTA01\Pratama  
Error,10/5/2017 7:10,EventCreate,1,None,Application,djkvdihost249.jakarta01.com,JAKARTA01\raras  
Error,10/5/2017 7:09,EventCreate,1,None,Application,djkvdihost109.jakarta01.com,JAKARTA01\edwan  
Error,10/5/2017 7:09,EventCreate,1,None,Application,djkvdihost644.jakarta01.com,JAKARTA01\Moh Ditto  
Error,10/5/2017 7:09,EventCreate,1,None,Application,djkvdihost634.jakarta01.com,JAKARTA01\Shena  
Error,10/5/2017 7:09,EventCreate,1,None,Application,djkvdihost372.jakarta01.com,JAKARTA01\feni  
Error,10/5/2017 7:09,EventCreate,1,None,Application,djkvdihost663.jakarta01.com,JAKARTA01\alexander  
Error,10/5/2017 7:08,EventCreate,1,None,Application,djkvdihost609.jakarta01.com,JAKARTA01\andi wijaya  
Error,10/5/2017 7:08,EventCreate,1,None,Application,djkvdihost636.jakarta01.com,JAKARTA01\rusliyani  
Error,10/5/2017 7:08,EventCreate,1,None,Application,djkvdihost532.jakarta01.com,JAKARTA01\Arfilia  
Error,10/5/2017 7:08,EventCreate,1,None,Application,djkvdihost571.jakarta01.com,JAKARTA01\fatima  
Error,10/5/2017 7:06,EventCreate,1,None,Application,djkvdihost670.jakarta01.com,JAKARTA01\marchelius  
Error,10/5/2017 7:06,EventCreate,1,None,Application,djkvdihost234.jakarta01.com,JAKARTA01\utomo  
Error,10/5/2017 7:05,EventCreate,1,None,Application,djkvdihost802.jakarta01.com,JAKARTA01\Sandra  
Error,10/5/2017 7:05,EventCreate,1,None,Application,djkvdihost878.jakarta01.com,JAKARTA01\bobby  
Error,10/5/2017 7:05,EventCreate,1,None,Application,djkvdihost063.jakarta01.com,JAKARTA01\azwar  
Error,10/5/2017 7:05,EventCreate,1,None,Application,djkvdihost325.jakarta01.com,JAKARTA01\nurfadila  
Error,10/5/2017 7:04,EventCreate,1,None,Application,djkvdihost262.jakarta01.com,JAKARTA01\muhammad zubayr  
Error,10/5/2017 7:04,EventCreate,1,None,Application,djkvdihost203.jakarta01.com,JAKARTA01\indrawati  
Error,10/5/2017 7:04,EventCreate,1,None,Application,djkvdihost419.jakarta01.com,JAKARTA01\yosephine  
Error,10/5/2017 7:03,EventCreate,1,None,Application,djkvdihost653.jakarta01.com,JAKARTA01\mulyanto  
Error,10/5/2017 7:01,EventCreate,1,None,Application,djkvdihost861.jakarta01.com,JAKARTA01\masuyama  
Error,10/5/2017 7:01,EventCreate,1,None,Application,djkvdihost738.jakarta01.com,JAKARTA01\topik  
Error,10/5/2017 6:57,EventCreate,1,None,Application,djkvdihost707.jakarta01.com,JAKARTA01\barry  
Error,10/5/2017 6:57,EventCreate,1,None,Application,djkvdihost033.jakarta01.com,JAKARTA01\hertanto  
Error,10/5/2017 6:56,EventCreate,1,None,Application,djkvdihost520.jakarta01.com,JAKARTA01\muhammad afif  
Error,10/5/2017 6:55,EventCreate,1,None,Application,djkvdihost746.jakarta01.com,JAKARTA01\Patsiana  
Error,10/5/2017 6:55,EventCreate,1,None,Application,djkvdihost252.jakarta01.com,JAKARTA01\cahyaningtiyas  
Error,10/5/2017 6:55,EventCreate,1,None,Application,djkvdihost421.jakarta01.com,JAKARTA01\komangsd  
Error,10/5/2017 6:54,EventCreate,1,None,Application,djkvdihost225.jakarta01.com,JAKARTA01\sasono  
Error,10/5/2017 6:53,EventCreate,1,None,Application,djkvdihost445.jakarta01.com,JAKARTA01\Pinta  
Error,10/5/2017 6:50,EventCreate,1,None,Application,djkvdihost178.jakarta01.com,JAKARTA01\Chinthea  
Error,10/5/2017 6:50,EventCreate,1,None,Application,djkvdihost624.jakarta01.com,JAKARTA01\Pricillia  
Error,10/5/2017 6:50,Application Error,1000,-100,Application,djkvdihost178.jakarta01.com,"Faulting application name: spoolsv.exe, version: 6.1.7601.17777, time stamp: 0x4f35efc3
Faulting module name: msvcrt.dll, version: 7.0.7601.17744, time stamp: 0x4eeaf722
Exception code: 0xc0000005
Fault offset: 0x0000aa14
Faulting process id: 0x63c
Faulting application start time: 0x01d33cf392fda61d
Faulting application path: C:\Windows\System32\spoolsv.exe
Faulting module path: C:\Windows\system32\msvcrt.dll
Report Id: c881a7eb-a95e-11e7-848f-0050569f35b5"
Error,10/5/2017 6:49,WSH,1,None,Application,djkvdihost624.jakarta01.com,"CN=Pricillia Winda Sutio password will expire in 3 day(s) at 10/8/2017 6:34:54 AM

Press CTRL + ALT + DEL and select the ""Change a password"" option."
Error,10/5/2017 6:49,WSH,1,None,Application,djkvdihost624.jakarta01.com,"CN=Pricillia Winda Sutio password will expire in 3 day(s) at 10/8/2017 6:34:54 AM

Press CTRL + ALT + DEL and select the ""Change a password"" option."
Error,10/5/2017 6:48,EventCreate,1,None,Application,djkvdihost756.jakarta01.com,JAKARTA01\andrinur  
Error,10/5/2017 6:48,EventCreate,1,None,Application,djkvdihost845.jakarta01.com,JAKARTA01\Ouchi  
Error,10/5/2017 6:47,EventCreate,1,None,Application,djkvdihost713.jakarta01.com,JAKARTA01\ester  
Error,10/5/2017 6:46,EventCreate,1,None,Application,djkvdihost213.jakarta01.com,JAKARTA01\hideo  
Error,10/5/2017 6:46,EventCreate,1,None,Application,djkvdihost757.jakarta01.com,JAKARTA01\army  
Error,10/5/2017 6:45,EventCreate,1,None,Application,djkvdihost273.jakarta01.com,JAKARTA01\yasinta  
Error,10/5/2017 6:45,EventCreate,1,None,Application,djkvdihost599.jakarta01.com,JAKARTA01\tobing  
Error,10/5/2017 6:45,EventCreate,1,None,Application,djkvdihost650.jakarta01.com,JAKARTA01\Letitia  
Error,10/5/2017 6:44,EventCreate,1,None,Application,djkvdihost764.jakarta01.com,JAKARTA01\taufik  
Error,10/5/2017 6:42,EventCreate,1,None,Application,djkvdihost124.jakarta01.com,JAKARTA01\gallant  
Error,10/5/2017 6:42,Application Error,1000,-100,Application,djkvdihost124.jakarta01.com,"Faulting application name: spoolsv.exe, version: 6.1.7601.17777, time stamp: 0x4f35efc3
Faulting module name: msvcrt.dll, version: 7.0.7601.17744, time stamp: 0x4eeaf722
Exception code: 0xc0000005
Fault offset: 0x0000aa14
Faulting process id: 0x630
Faulting application start time: 0x01d33cfa498f6262
Faulting application path: C:\Windows\System32\spoolsv.exe
Faulting module path: C:\Windows\system32\msvcrt.dll
Report Id: ae195175-a95d-11e7-9f12-0050569f4413"
Error,10/5/2017 6:42,EventCreate,1,None,Application,djkvdihost452.jakarta01.com,JAKARTA01\puji sih  
Error,10/5/2017 6:42,EventCreate,1,None,Application,djkvdihost847.jakarta01.com,JAKARTA01\jeremia  
Error,10/5/2017 6:40,EventCreate,1,None,Application,djkvdihost016.jakarta01.com,JAKARTA01\suwilhan  
Error,10/5/2017 6:39,EventCreate,1,None,Application,djkvdihost570.jakarta01.com,JAKARTA01\Linah  
Error,10/5/2017 6:39,EventCreate,1,None,Application,djkvdihost775.jakarta01.com,JAKARTA01\rusmelin  
Error,10/5/2017 6:37,EventCreate,1,None,Application,djkvdihost545.jakarta01.com,JAKARTA01\kartika  
Error,10/5/2017 6:35,EventCreate,1,None,Application,djkvdihost721.jakarta01.com,JAKARTA01\rusliadi  
Error,10/5/2017 6:34,EventCreate,1,None,Application,djkvdihost137.jakarta01.com,JAKARTA01\ryan  
Error,10/5/2017 6:34,Application Error,1000,-100,Application,djkvdihost137.jakarta01.com,"Faulting application name: spoolsv.exe, version: 6.1.7601.17777, time stamp: 0x4f35efc3
Faulting module name: msvcrt.dll, version: 7.0.7601.17744, time stamp: 0x4eeaf722
Exception code: 0xc0000005
Fault offset: 0x0000aa14
Faulting process id: 0x638
Faulting application start time: 0x01d33d07feea480b
Faulting application path: C:\Windows\System32\spoolsv.exe
Faulting module path: C:\Windows\system32\msvcrt.dll
Report Id: 9657bf75-a95c-11e7-821b-0050569f67b2"
Error,10/5/2017 6:35,EventCreate,1,None,Application,djkvdihost062.jakarta01.com,JAKARTA01\susanto  
Error,10/5/2017 6:34,EventCreate,1,None,Application,djkvdihost846.jakarta01.com,JAKARTA01\Machida  
Error,10/5/2017 6:34,EventCreate,1,None,Application,djkvdihost320.jakarta01.com,JAKARTA01\kezia  
Error,10/5/2017 6:32,EventCreate,1,None,Application,djkvdihost080.jakarta01.com,JAKARTA01\tjahja  
Error,10/5/2017 6:30,EventCreate,1,None,Application,djkvdihost036.jakarta01.com,JAKARTA01\margiati  
Error,10/5/2017 6:28,EventCreate,1,None,Application,djkvdihost112.jakarta01.com,JAKARTA01\Pram  
Error,10/5/2017 6:28,EventCreate,1,None,Application,djkvdihost767.jakarta01.com,JAKARTA01\cut nyak  
Error,10/5/2017 6:26,EventCreate,1,None,Application,djkvdihost352.jakarta01.com,JAKARTA01\Hertanto gunadi  
Error,10/5/2017 6:24,EventCreate,1,None,Application,djkvdihost275.jakarta01.com,JAKARTA01\zaldi  
Error,10/5/2017 6:24,EventCreate,1,None,Application,djkvdihost137.jakarta01.com,JAKARTA01\ryan  
Error,10/5/2017 6:23,EventCreate,1,None,Application,djkvdihost161.jakarta01.com,JAKARTA01\moh rinov  
Error,10/5/2017 6:23,EventCreate,1,None,Application,djkvdihost628.jakarta01.com,JAKARTA01\arqom  
Error,10/5/2017 6:22,EventCreate,1,None,Application,djkvdihost152.jakarta01.com,JAKARTA01\michael  
Error,10/5/2017 6:20,EventCreate,1,None,Application,djkvdihost207.jakarta01.com,JAKARTA01\Argo  
Error,10/5/2017 6:20,EventCreate,1,None,Application,djkvdihost818.jakarta01.com,JAKARTA01\Idafarida  
Error,10/5/2017 6:18,EventCreate,1,None,Application,djkvdihost076.jakarta01.com,JAKARTA01\olly  
Error,10/5/2017 6:18,EventCreate,1,None,Application,djkvdihost076.jakarta01.com,JAKARTA01\olly  
Error,10/5/2017 6:16,EventCreate,1,None,Application,djkvdihost502.jakarta01.com,JAKARTA01\nugraha  
Error,10/5/2017 6:13,EventCreate,1,None,Application,djkvdihost133.jakarta01.com,JAKARTA01\Valdi  
Error,10/5/2017 6:07,EventCreate,1,None,Application,djkvdihost003.jakarta01.com,JAKARTA01\anisa  
Error,10/5/2017 6:06,EventCreate,1,None,Application,djkvdihost665.jakarta01.com,JAKARTA01\Erick  
Error,10/5/2017 6:06,EventCreate,1,None,Application,djkvdihost872.jakarta01.com,JAKARTA01\hastari  
Error,10/5/2017 6:05,EventCreate,1,None,Application,djkvdihost039.jakarta01.com,JAKARTA01\dwinanto  
Error,10/5/2017 6:03,EventCreate,1,None,Application,djkvdihost013.jakarta01.com,JAKARTA01\agungwd  
Error,10/5/2017 5:58,EventCreate,1,None,Application,djkvdihost433.jakarta01.com,JAKARTA01\henny  
Error,10/5/2017 5:56,EventCreate,1,None,Application,djkvdihost457.jakarta01.com,JAKARTA01\ianm  
Error,10/5/2017 5:53,EventCreate,1,None,Application,djkvdihost688.jakarta01.com,JAKARTA01\ridjal  
Error,10/5/2017 5:51,EventCreate,1,None,Application,djkvdihost543.jakarta01.com,JAKARTA01\midasope  
Error,10/5/2017 5:49,EventCreate,1,None,Application,djkvdihost188.jakarta01.com,JAKARTA01\hilmy  
Error,10/5/2017 5:44,EventCreate,1,None,Application,djkvdihost093.jakarta01.com,JAKARTA01\dhara  
Error,10/5/2017 5:44,Application Error,1000,-100,Application,djkvdihost093.jakarta01.com,"Faulting application name: spoolsv.exe, version: 6.1.7601.17777, time stamp: 0x4f35efc3
Faulting module name: msvcrt.dll, version: 7.0.7601.17744, time stamp: 0x4eeaf722
Exception code: 0xc0000005
Fault offset: 0x0000aa14
Faulting process id: 0x63c
Faulting application start time: 0x01d33d17621ebe7b
Faulting application path: C:\Windows\System32\spoolsv.exe
Faulting module path: C:\Windows\system32\msvcrt.dll
Report Id: a0d54e93-a955-11e7-97ac-0050569f2e88"
Error,10/5/2017 5:44,EventCreate,1,None,Application,djkvdihost093.jakarta01.com,JAKARTA01\dhara  
Error,10/5/2017 5:43,EventCreate,1,None,Application,djkvdihost247.jakarta01.com,JAKARTA01\SELIH  
Error,10/5/2017 5:43,EventCreate,1,None,Application,djkvdihost474.jakarta01.com,JAKARTA01\Ajie  
Error,10/4/2017 21:29,EventCreate,1,None,Application,djkvdihost496.jakarta01.com,JAKARTA01\henry  
Error,10/4/2017 21:29,EventCreate,1,None,Application,djkvdihost496.jakarta01.com,JAKARTA01\henry  
Error,10/4/2017 20:33,EventCreate,1,None,Application,djkvdihost414.jakarta01.com,JAKARTA01\Moh Ditto  
Error,10/4/2017 20:25,EventCreate,1,None,Application,djkvdihost609.jakarta01.com,JAKARTA01\ayudia  
Error,10/4/2017 20:25,Application Error,1000,-100,Application,djkvdihost609.jakarta01.com,"Faulting application name: WINWORD.EXE, version: 15.0.4911.1000, time stamp: 0x58a2c075
Faulting module name: wwlib.dll, version: 15.0.4911.1000, time stamp: 0x58a2c073
Exception code: 0xc0000005
Fault offset: 0x003634e7
Faulting process id: 0x274
Faulting application start time: 0x01d33d036b4c44d2
Faulting application path: C:\Program Files\Microsoft Office\Office15\WINWORD.EXE
Faulting module path: C:\Program Files\Microsoft Office\Office15\wwlib.dll
Report Id: 83aceb38-a907-11e7-83e8-0050569f2bc8"
Error,10/4/2017 20:00,EventCreate,1,None,Application,djkvdihost563.jakarta01.com,JAKARTA01\ipuk  
Error,10/4/2017 19:56,EventCreate,1,None,Application,djkvdihost093.jakarta01.com,JAKARTA01\arinie  
Error,10/4/2017 19:56,Application Error,1000,-100,Application,djkvdihost093.jakarta01.com,"Faulting application name: OUTLOOK.EXE, version: 15.0.4919.1001, time stamp: 0x58d20482
Faulting module name: OUTLOOK.EXE, version: 15.0.4919.1001, time stamp: 0x58d20482
Exception code: 0xc0000005
Fault offset: 0x008924c7
Faulting process id: 0xdcc
Faulting application start time: 0x01d33cd07a1fcbdf
Faulting application path: C:\Program Files\Microsoft Office\Office15\OUTLOOK.EXE
Faulting module path: C:\Program Files\Microsoft Office\Office15\OUTLOOK.EXE
Report Id: 6a94bb62-a903-11e7-9ba0-0050569f2e88"
Error,10/4/2017 17:58,EventCreate,1,None,Application,djkvdihost431.jakarta01.com,JAKARTA01\guestisd64  
Error,10/4/2017 19:36,EventCreate,1,None,Application,djkvdihost325.jakarta01.com,JAKARTA01\marchelius  
Error,10/4/2017 19:36,Application Error,1000,-100,Application,djkvdihost325.jakarta01.com,"Faulting application name: iexplore.exe, version: 11.0.9600.18639, time stamp: 0x58d6bb0d
Faulting module name: MSHTML.dll, version: 11.0.9600.18639, time stamp: 0x58d6c720
Exception code: 0xc0000005
Fault offset: 0x000ac604
Faulting process id: 0x1854
Faulting application start time: 0x01d33cb17cb7fd8c
Faulting application path: C:\Program Files\Internet Explorer\iexplore.exe
Faulting module path: C:\Windows\system32\MSHTML.dll
Report Id: b41ba374-a900-11e7-b004-0050569f3e54"
Error,10/4/2017 19:23,EventCreate,1,None,Application,djkvdihost707.jakarta01.com,JAKARTA01\nurhayani  
Error,10/4/2017 19:23,Application Error,1000,-100,Application,djkvdihost707.jakarta01.com,"Faulting application name: iexplore.exe, version: 11.0.9600.18639, time stamp: 0x58d6bb0d
Faulting module name: unknown, version: 0.0.0.0, time stamp: 0x00000000
Exception code: 0xc0000005
Fault offset: 0x7ff012c8
Faulting process id: 0x1530
Faulting application start time: 0x01d33d0b5c0ecfac
Faulting application path: C:\Program Files\Internet Explorer\iexplore.exe
Faulting module path: unknown
Report Id: c565402b-a8fe-11e7-afaf-0050569f5e44"
Error,10/4/2017 19:19,EventCreate,1,None,Application,djkvdihost861.jakarta01.com,JAKARTA01\bobby  
Error,10/4/2017 19:15,EventCreate,1,None,Application,djkvdihost414.jakarta01.com,JAKARTA01\Elisabeth  
Error,10/4/2017 19:15,Application Error,1000,-100,Application,djkvdihost414.jakarta01.com,"Faulting application name: spoolsv.exe, version: 6.1.7601.17777, time stamp: 0x4f35efc3
Faulting module name: msvcrt.dll, version: 7.0.7601.17744, time stamp: 0x4eeaf722
Exception code: 0xc0000005
Fault offset: 0x0000aa14
Faulting process id: 0x634
Faulting application start time: 0x01d33d0964bcc283
Faulting application path: C:\Windows\System32\spoolsv.exe
Faulting module path: C:\Windows\system32\msvcrt.dll
Report Id: b75c5338-a8fd-11e7-b9f1-0050569f0db3"
Error,10/4/2017 19:15,EventCreate,1,None,Application,djkvdihost414.jakarta01.com,JAKARTA01\Elisabeth  
Error,10/4/2017 19:15,EventCreate,1,None,Application,djkvdihost414.jakarta01.com,JAKARTA01\Elisabeth  
Error,10/4/2017 17:04,EventCreate,1,None,Application,djkvdihost814.jakarta01.com,JAKARTA01\guestacc10  
Error,10/4/2017 18:50,EventCreate,1,None,Application,djkvdihost129.jakarta01.com,JAKARTA01\Budi Abianto  
Error,10/4/2017 17:03,EventCreate,1,None,Application,djkvdihost814.jakarta01.com,JAKARTA01\guestacc10  
Error,10/4/2017 18:43,EventCreate,1,None,Application,djkvdihost514.jakarta01.com,JAKARTA01\diena  
Error,10/4/2017 18:43,EventCreate,1,None,Application,djkvdihost514.jakarta01.com,JAKARTA01\diena  
Error,10/4/2017 18:39,EventCreate,1,None,Application,djkvdihost531.jakarta01.com,JAKARTA01\boby  
Error,10/4/2017 18:39,Application Error,1000,-100,Application,djkvdihost531.jakarta01.com,"Faulting application name: PhotoScreensaver.scr, version: 6.1.7601.17514, time stamp: 0x4ce7a590
Faulting module name: SHELL32.dll, version: 6.1.7601.23537, time stamp: 0x57c450f4
Exception code: 0xc0000005
Fault offset: 0x001f269f
Faulting process id: 0x1ff0
Faulting application start time: 0x01d33cf87daa1283
Faulting application path: C:\Windows\system32\PhotoScreensaver.scr
Faulting module path: C:\Windows\system32\SHELL32.dll
Report Id: a95f6fed-a8f8-11e7-a739-0050569f42e0"
Error,10/4/2017 18:30,EventCreate,1,None,Application,djkvdihost171.jakarta01.com,JAKARTA01\Arina  
Error,10/4/2017 18:29,EventCreate,1,None,Application,djkvdihost819.jakarta01.com,JAKARTA01\tiar  
Error,10/4/2017 18:29,EventCreate,1,None,Application,djkvdihost819.jakarta01.com,JAKARTA01\tiar  
Error,10/4/2017 18:28,EventCreate,1,None,Application,djkvdihost191.jakarta01.com,JAKARTA01\rara  
Error,10/4/2017 18:28,EventCreate,1,None,Application,djkvdihost713.jakarta01.com,JAKARTA01\tara  
Error,10/4/2017 18:28,Application Error,1000,-100,Application,djkvdihost191.jakarta01.com,"Faulting application name: OUTLOOK.EXE, version: 15.0.4919.1001, time stamp: 0x58d20482
Faulting module name: OUTLOOK.EXE, version: 15.0.4919.1001, time stamp: 0x58d20482
Exception code: 0xc0000005
Fault offset: 0x008924c4
Faulting process id: 0x1d00
Faulting application start time: 0x01d33cac24dc5470
Faulting application path: C:\PROGRA~1\MICROS~2\Office15\OUTLOOK.EXE
Faulting module path: C:\PROGRA~1\MICROS~2\Office15\OUTLOOK.EXE
Report Id: 283ca701-a8f7-11e7-9546-0050569f44bf"
Error,10/4/2017 18:28,EventCreate,1,None,Application,djkvdihost713.jakarta01.com,JAKARTA01\tara  
Error,10/4/2017 16:46,EventCreate,1,None,Application,djkvdihost744.jakarta01.com,"The description for Event ID 1 from source EventCreate cannot be found. Either the component that raises this event is not installed on your local computer or the installation is corrupted. You can install or repair the component on the local computer.

If the event originated on another computer, the display information had to be saved with the event.

The following information was included with the event: 

JAKARTA01\Pratama  
"
Error,10/4/2017 16:44,EventCreate,1,None,Application,djkvdihost744.jakarta01.com,"The description for Event ID 1 from source EventCreate cannot be found. Either the component that raises this event is not installed on your local computer or the installation is corrupted. You can install or repair the component on the local computer.

If the event originated on another computer, the display information had to be saved with the event.

The following information was included with the event: 

JAKARTA01\Pratama  
"
Error,10/4/2017 17:04,EventCreate,1,None,Application,djkvdihost648.jakarta01.com,JAKARTA01\guestacc09  
Error,10/4/2017 18:19,EventCreate,1,None,Application,djkvdihost350.jakarta01.com,JAKARTA01\quartiny  
Error,10/4/2017 18:16,EventCreate,1,None,Application,djkvdihost126.jakarta01.com,JAKARTA01\Moh Ditto  
Error,10/4/2017 18:15,EventCreate,1,None,Application,djkvdihost833.jakarta01.com,JAKARTA01\Jauw  
Error,10/4/2017 18:15,EventCreate,1,None,Application,djkvdihost833.jakarta01.com,JAKARTA01\Jauw  
Error,10/4/2017 18:14,EventCreate,1,None,Application,djkvdihost818.jakarta01.com,JAKARTA01\arismanm  
Error,10/4/2017 18:14,Application Error,1000,-100,Application,djkvdihost818.jakarta01.com,"Faulting application name: OUTLOOK.EXE, version: 15.0.4919.1001, time stamp: 0x58d20482
Faulting module name: OUTLOOK.EXE, version: 15.0.4919.1001, time stamp: 0x58d20482
Exception code: 0xc0000005
Fault offset: 0x008924c4
Faulting process id: 0x1ba8
Faulting application start time: 0x01d33cd519c1dae7
Faulting application path: C:\Program Files\Microsoft Office\Office15\OUTLOOK.EXE
Faulting module path: C:\Program Files\Microsoft Office\Office15\OUTLOOK.EXE
Report Id: 3a62a182-a8f5-11e7-af75-0050569f7ace"
Error,10/4/2017 18:13,EventCreate,1,None,Application,djkvdihost008.jakarta01.com,JAKARTA01\ryan  
Error,10/4/2017 18:13,Application Error,1000,-100,Application,djkvdihost008.jakarta01.com,"Faulting application name: OUTLOOK.EXE, version: 15.0.4919.1001, time stamp: 0x58d20482
Faulting module name: OUTLOOK.EXE, version: 15.0.4919.1001, time stamp: 0x58d20482
Exception code: 0xc0000005
Fault offset: 0x008924c7
Faulting process id: 0x1c60
Faulting application start time: 0x01d33ca7048faf41
Faulting application path: C:\Program Files\Microsoft Office\Office15\OUTLOOK.EXE
Faulting module path: C:\Program Files\Microsoft Office\Office15\OUTLOOK.EXE
Report Id: 10ece312-a8f5-11e7-9f0c-0050569f4d38"
Error,10/4/2017 18:12,EventCreate,1,None,Application,djkvdihost150.jakarta01.com,JAKARTA01\rozi  
Error,10/4/2017 18:12,Application Error,1000,-100,Application,djkvdihost150.jakarta01.com,"Faulting application name: OUTLOOK.EXE, version: 15.0.4919.1001, time stamp: 0x58d20482
Faulting module name: OUTLOOK.EXE, version: 15.0.4919.1001, time stamp: 0x58d20482
Exception code: 0xc0000005
Fault offset: 0x008924c7
Faulting process id: 0x1ed4
Faulting application start time: 0x01d33ca6762cec20
Faulting application path: C:\Program Files\Microsoft Office\Office15\OUTLOOK.EXE
Faulting module path: C:\Program Files\Microsoft Office\Office15\OUTLOOK.EXE
Report Id: f6a128fc-a8f4-11e7-9a48-0050569f732a"
Error,10/4/2017 18:07,EventCreate,1,None,Application,djkvdihost284.jakarta01.com,JAKARTA01\JanuardiI  
Error,10/4/2017 18:00,EventCreate,1,None,Application,djkvdihost846.jakarta01.com,JAKARTA01\sodeoka  
Error,10/4/2017 17:56,EventCreate,1,None,Application,djkvdihost154.jakarta01.com,JAKARTA01\quartiny  
Error,10/4/2017 17:56,EventCreate,1,None,Application,djkvdihost452.jakarta01.com,JAKARTA01\iqbal maulanasani  
Error,10/4/2017 17:56,EventCreate,1,None,Application,djkvdihost154.jakarta01.com,JAKARTA01\quartiny  
Error,10/4/2017 17:55,EventCreate,1,None,Application,djkvdihost452.jakarta01.com,JAKARTA01\iqbal maulanasani  
Error,10/4/2017 17:53,EventCreate,1,None,Application,djkvdihost334.jakarta01.com,JAKARTA01\wirantika  
Error,10/4/2017 17:53,EventCreate,1,None,Application,djkvdihost853.jakarta01.com,JAKARTA01\Nishinaka  
Error,10/4/2017 17:52,EventCreate,1,None,Application,djkvdihost334.jakarta01.com,JAKARTA01\wirantika  
Error,10/4/2017 17:50,EventCreate,1,None,Application,djkvdihost126.jakarta01.com,JAKARTA01\Jauw  
Error,10/4/2017 17:50,Application Error,1000,-100,Application,djkvdihost126.jakarta01.com,"Faulting application name: iexplore.exe, version: 11.0.9600.18639, time stamp: 0x58d6bb0d
Faulting module name: MSHTML.dll, version: 11.0.9600.18639, time stamp: 0x58d6c720
Exception code: 0xc0000005
Fault offset: 0x000ac604
Faulting process id: 0x155c
Faulting application start time: 0x01d33ca9daecb0b6
Faulting application path: C:\Program Files\Internet Explorer\iexplore.exe
Faulting module path: C:\Windows\system32\MSHTML.dll
Report Id: c52aeb44-a8f1-11e7-9f98-0050569f2fff"
Error,10/4/2017 17:45,EventCreate,1,None,Application,djkvdihost154.jakarta01.com,JAKARTA01\iqbal maulanasani  
Error,10/4/2017 17:45,EventCreate,1,None,Application,djkvdihost667.jakarta01.com,JAKARTA01\retno  
Error,10/4/2017 17:45,Application Error,1000,-100,Application,djkvdihost667.jakarta01.com,"Faulting application name: OUTLOOK.EXE, version: 15.0.4919.1001, time stamp: 0x58d20482
Faulting module name: OUTLOOK.EXE, version: 15.0.4919.1001, time stamp: 0x58d20482
Exception code: 0xc0000005
Fault offset: 0x008924c4
Faulting process id: 0x1a1c
Faulting application start time: 0x01d33cb4e63e2263
Faulting application path: C:\Program Files\Microsoft Office\Office15\OUTLOOK.EXE
Faulting module path: C:\Program Files\Microsoft Office\Office15\OUTLOOK.EXE
Report Id: 1b098945-a8f1-11e7-90f7-0050569f29fc"
Error,10/4/2017 17:43,EventCreate,1,None,Application,djkvdihost350.jakarta01.com,JAKARTA01\eka  
Error,10/4/2017 17:43,Application Error,1000,-100,Application,djkvdihost350.jakarta01.com,"Faulting application name: iexplore.exe, version: 11.0.9600.18639, time stamp: 0x58d6bb0d
Faulting module name: unknown, version: 0.0.0.0, time stamp: 0x00000000
Exception code: 0xc0000005
Fault offset: 0x7ff13238
Faulting process id: 0x189c
Faulting application start time: 0x01d33ce2bcc56868
Faulting application path: C:\Program Files\Internet Explorer\iexplore.exe
Faulting module path: unknown
Report Id: e6fd79db-a8f0-11e7-8672-0050569f053c"
Error,10/4/2017 17:40,EventCreate,1,None,Application,djkvdihost002.jakarta01.com,JAKARTA01\nadya  
Error,10/4/2017 17:40,Application Error,1000,-100,Application,djkvdihost002.jakarta01.com,"Faulting application name: OUTLOOK.EXE, version: 15.0.4919.1001, time stamp: 0x58d20482
Faulting module name: OUTLOOK.EXE, version: 15.0.4919.1001, time stamp: 0x58d20482
Exception code: 0xc0000005
Fault offset: 0x008924c7
Faulting process id: 0x764
Faulting application start time: 0x01d33caebbc7e4e4
Faulting application path: C:\Program Files\Microsoft Office\Office15\OUTLOOK.EXE
Faulting module path: C:\Program Files\Microsoft Office\Office15\OUTLOOK.EXE
Report Id: 7ddafbe1-a8f0-11e7-9a8d-0050569f005a"
Error,10/4/2017 17:40,EventCreate,1,None,Application,djkvdihost779.jakarta01.com,JAKARTA01\nurfadila  
Error,10/4/2017 17:39,EventCreate,1,None,Application,djkvdihost098.jakarta01.com,JAKARTA01\magdalena  
Error,10/4/2017 17:39,Application Error,1000,-100,Application,djkvdihost098.jakarta01.com,"Faulting application name: EXCEL.EXE, version: 15.0.4919.1000, time stamp: 0x58c7ab0f
Faulting module name: EXCEL.EXE, version: 15.0.4919.1000, time stamp: 0x58c7ab0f
Exception code: 0xc0000005
Fault offset: 0x003887a3
Faulting process id: 0x85c
Faulting application start time: 0x01d33cac3c703fc9
Faulting application path: C:\Program Files\Microsoft Office\Office15\EXCEL.EXE
Faulting module path: C:\Program Files\Microsoft Office\Office15\EXCEL.EXE
Report Id: 4787d3e9-a8f0-11e7-bfe6-0050569f5bc2"
Error,10/4/2017 17:39,EventCreate,1,None,Application,djkvdihost779.jakarta01.com,JAKARTA01\nurfadila  
Error,10/4/2017 17:37,EventCreate,1,None,Application,djkvdihost487.jakarta01.com,JAKARTA01\Dwi anisa  
Error,10/4/2017 17:37,EventCreate,1,None,Application,djkvdihost487.jakarta01.com,JAKARTA01\Dwi anisa  
Error,10/4/2017 17:36,EventCreate,1,None,Application,djkvdihost833.jakarta01.com,JAKARTA01\raymond  
Error,10/4/2017 17:35,EventCreate,1,None,Application,djkvdihost089.jakarta01.com,JAKARTA01\henry st  
Error,10/4/2017 17:32,EventCreate,1,None,Application,djkvdihost026.jakarta01.com,JAKARTA01\anissa  
Error,10/4/2017 17:32,Application Error,1000,-100,Application,djkvdihost026.jakarta01.com,"Faulting application name: EXCEL.EXE, version: 15.0.4919.1000, time stamp: 0x58c7ab0f
Faulting module name: EXCEL.EXE, version: 15.0.4919.1000, time stamp: 0x58c7ab0f
Exception code: 0xc0000005
Fault offset: 0x0004f585
Faulting process id: 0xe34
Faulting application start time: 0x01d33cc870f5957b
Faulting application path: C:\Program Files\Microsoft Office\Office15\EXCEL.EXE
Faulting module path: C:\Program Files\Microsoft Office\Office15\EXCEL.EXE
Report Id: 4fc09956-a8ef-11e7-9944-0050569f56f8"
Error,10/4/2017 17:29,EventCreate,1,None,Application,djkvdihost528.jakarta01.com,JAKARTA01\eddy  
Error,10/4/2017 17:29,EventCreate,1,None,Application,djkvdihost528.jakarta01.com,JAKARTA01\eddy  
Error,10/4/2017 17:28,EventCreate,1,None,Application,djkvdihost347.jakarta01.com,JAKARTA01\Argo  
Error,10/4/2017 17:28,Application Error,1000,-100,Application,djkvdihost347.jakarta01.com,"Faulting application name: OUTLOOK.EXE, version: 15.0.4919.1001, time stamp: 0x58d20482
Faulting module name: OUTLOOK.EXE, version: 15.0.4919.1001, time stamp: 0x58d20482
Exception code: 0xc0000005
Fault offset: 0x008924c4
Faulting process id: 0x1ebc
Faulting application start time: 0x01d33c9cb93d2f8c
Faulting application path: C:\Program Files\Microsoft Office\Office15\OUTLOOK.EXE
Faulting module path: C:\Program Files\Microsoft Office\Office15\OUTLOOK.EXE
Report Id: b98c6705-a8ee-11e7-9065-0050569f08e4"
Error,10/4/2017 17:27,EventCreate,1,None,Application,djkvdihost779.jakarta01.com,JAKARTA01\devid  
Error,10/4/2017 17:27,EventCreate,1,None,Application,djkvdihost828.jakarta01.com,JAKARTA01\Erick  
Error,10/4/2017 17:27,EventCreate,1,None,Application,djkvdihost779.jakarta01.com,JAKARTA01\devid  
Error,10/4/2017 17:27,Application Error,1000,-100,Application,djkvdihost828.jakarta01.com,"Faulting application name: EXCEL.EXE, version: 15.0.4919.1000, time stamp: 0x58c7ab0f
Faulting module name: MSVCR100.dll, version: 10.0.40219.325, time stamp: 0x4df2be1e
Exception code: 0xc0000005
Fault offset: 0x00001f34
Faulting process id: 0x6a0
Faulting application start time: 0x01d33ceb9b5d3c17
Faulting application path: C:\Program Files\Microsoft Office\Office15\EXCEL.EXE
Faulting module path: C:\Windows\system32\MSVCR100.dll
Report Id: 90f21883-a8ee-11e7-a99e-0050569f224e"
Error,10/4/2017 17:25,EventCreate,1,None,Application,djkvdihost518.jakarta01.com,JAKARTA01\mega  
Error,10/4/2017 17:25,Application Error,1000,-100,Application,djkvdihost518.jakarta01.com,"Faulting application name: OUTLOOK.EXE, version: 15.0.4919.1001, time stamp: 0x58d20482
Faulting module name: OUTLOOK.EXE, version: 15.0.4919.1001, time stamp: 0x58d20482
Exception code: 0xc0000005
Fault offset: 0x008924c4
Faulting process id: 0x1e74
Faulting application start time: 0x01d33cba86bb0701
Faulting application path: C:\Program Files\Microsoft Office\Office15\OUTLOOK.EXE
Faulting module path: C:\Program Files\Microsoft Office\Office15\OUTLOOK.EXE
Report Id: 6794f8af-a8ee-11e7-8db6-0050569f3e4e"
Error,10/4/2017 17:23,EventCreate,1,None,Application,djkvdihost143.jakarta01.com,JAKARTA01\raymond  
Error,10/4/2017 17:20,EventCreate,1,None,Application,djkvdihost513.jakarta01.com,JAKARTA01\rinaldonp  
Error,10/4/2017 17:20,EventCreate,1,None,Application,djkvdihost628.jakarta01.com,JAKARTA01\ayuningtias  
Error,10/4/2017 17:20,Application Error,1000,-100,Application,djkvdihost513.jakarta01.com,"Faulting application name: OUTLOOK.EXE, version: 15.0.4919.1001, time stamp: 0x58d20482
Faulting module name: OUTLOOK.EXE, version: 15.0.4919.1001, time stamp: 0x58d20482
Exception code: 0xc0000005
Fault offset: 0x008924c7
Faulting process id: 0x1d40
Faulting application start time: 0x01d33cabdee9724f
Faulting application path: C:\Program Files\Microsoft Office\Office15\OUTLOOK.EXE
Faulting module path: C:\Program Files\Microsoft Office\Office15\OUTLOOK.EXE
Report Id: a44de6ef-a8ed-11e7-b003-0050569f05da"
Error,10/4/2017 17:20,Application Error,1000,-100,Application,djkvdihost628.jakarta01.com,"Faulting application name: WFICA32.EXE, version: 14.4.1000.16, time stamp: 0x571e1d89
Faulting module name: MMDevAPI.DLL, version: 6.1.7601.17514, time stamp: 0x4ce7b892
Exception code: 0xc0000005
Fault offset: 0x00018d99
Faulting process id: 0x2674
Faulting application start time: 0x01d33cfa5c506c96
Faulting application path: C:\PROGRA~1\Citrix\ICACLI~1\WFICA32.EXE
Faulting module path: C:\Windows\system32\MMDevAPI.DLL
Report Id: a08eab16-a8ed-11e7-82ab-0050569f189f"
Error,10/4/2017 17:17,EventCreate,1,None,Application,djkvdihost372.jakarta01.com,JAKARTA01\Arum  
Error,10/4/2017 17:17,Application Error,1000,-100,Application,djkvdihost372.jakarta01.com,"Faulting application name: OUTLOOK.EXE, version: 15.0.4919.1001, time stamp: 0x58d20482
Faulting module name: OUTLOOK.EXE, version: 15.0.4919.1001, time stamp: 0x58d20482
Exception code: 0xc0000005
Fault offset: 0x008924c4
Faulting process id: 0x1e78
Faulting application start time: 0x01d33cb0028c7f05
Faulting application path: C:\Program Files\Microsoft Office\Office15\OUTLOOK.EXE
Faulting module path: C:\Program Files\Microsoft Office\Office15\OUTLOOK.EXE
Report Id: 31b85851-a8ed-11e7-95c1-0050569f5e70"
Error,10/4/2017 17:14,EventCreate,1,None,Application,djkvdihost049.jakarta01.com,JAKARTA01\wirantika  
Error,10/4/2017 17:13,EventCreate,1,None,Application,djkvdihost577.jakarta01.com,JAKARTA01\regina  
Error,10/4/2017 17:11,EventCreate,1,None,Application,djkvdihost577.jakarta01.com,JAKARTA01\regina  
Error,10/4/2017 17:11,EventCreate,1,None,Application,djkvdihost577.jakarta01.com,JAKARTA01\regina  
Error,10/4/2017 17:08,EventCreate,1,None,Application,djkvdihost136.jakarta01.com,JAKARTA01\jayson  
Error,10/4/2017 17:08,Application Error,1000,-100,Application,djkvdihost136.jakarta01.com,"Faulting application name: POWERPNT.EXE, version: 15.0.4919.1000, time stamp: 0x58c7acf7
Faulting module name: unknown, version: 0.0.0.0, time stamp: 0x00000000
Exception code: 0xc0000005
Fault offset: 0x00000000
Faulting process id: 0x2740
Faulting application start time: 0x01d33cdf75298510
Faulting application path: C:\Program Files\Microsoft Office\Office15\POWERPNT.EXE
Faulting module path: unknown
Report Id: f0d191b4-a8eb-11e7-a6a7-0050569f5df0"
Error,10/4/2017 17:01,EventCreate,1,None,Application,djkvdihost263.jakarta01.com,JAKARTA01\Hilman  
Error,10/4/2017 17:01,EventCreate,1,None,Application,djkvdihost263.jakarta01.com,JAKARTA01\Hilman  
Error,10/4/2017 16:57,EventCreate,1,None,Application,djkvdihost347.jakarta01.com,JAKARTA01\Argo  
Error,10/4/2017 15:03,EventCreate,1,None,Application,djkvdihost643.jakarta01.com,JAKARTA01\MahendraR  
Error,10/4/2017 16:57,Application Error,1000,-100,Application,djkvdihost347.jakarta01.com,"Faulting application name: PhotoScreensaver.scr, version: 6.1.7601.17514, time stamp: 0x4ce7a590
Faulting module name: SHELL32.dll, version: 6.1.7601.23537, time stamp: 0x57c450f4
Exception code: 0xc0000005
Fault offset: 0x001f269f
Faulting process id: 0x2768
Faulting application start time: 0x01d33cf6d972a08c
Faulting application path: C:\Windows\system32\PhotoScreensaver.scr
Faulting module path: C:\Windows\system32\SHELL32.dll
Report Id: 6eb8ca1a-a8ea-11e7-9065-0050569f08e4"
Error,10/4/2017 16:55,EventCreate,1,None,Application,djkvdihost343.jakarta01.com,JAKARTA01\fajar  
Error,10/4/2017 16:55,Application Error,1000,-100,Application,djkvdihost343.jakarta01.com,"Faulting application name: OUTLOOK.EXE, version: 15.0.4919.1001, time stamp: 0x58d20482
Faulting module name: OUTLOOK.EXE, version: 15.0.4919.1001, time stamp: 0x58d20482
Exception code: 0xc0000005
Fault offset: 0x008924c4
Faulting process id: 0x180
Faulting application start time: 0x01d33cdbe52ea15c
Faulting application path: C:\Program Files\Microsoft Office\Office15\OUTLOOK.EXE
Faulting module path: C:\Program Files\Microsoft Office\Office15\OUTLOOK.EXE
Report Id: 3686e03f-a8ea-11e7-866f-0050569f2873"
Error,10/4/2017 16:53,EventCreate,1,None,Application,djkvdihost567.jakarta01.com,JAKARTA01\aulya  
Error,10/4/2017 16:53,Application Error,1000,-100,Application,djkvdihost567.jakarta01.com,"Faulting application name: OUTLOOK.EXE, version: 15.0.4919.1001, time stamp: 0x58d20482
Faulting module name: OUTLOOK.EXE, version: 15.0.4919.1001, time stamp: 0x58d20482
Exception code: 0xc0000005
Fault offset: 0x008924c4
Faulting process id: 0xa00
Faulting application start time: 0x01d33cd83ca09553
Faulting application path: C:\Program Files\Microsoft Office\Office15\OUTLOOK.EXE
Faulting module path: C:\Program Files\Microsoft Office\Office15\OUTLOOK.EXE
Report Id: d5b89f85-a8e9-11e7-a933-0050569f30ec"
Error,10/4/2017 16:51,EventCreate,1,None,Application,djkvdihost221.jakarta01.com,JAKARTA01\Reiffy  
Error,10/4/2017 16:49,EventCreate,1,None,Application,djkvdihost198.jakarta01.com,JAKARTA01\ridjal  
Error,10/4/2017 16:40,EventCreate,1,None,Application,djkvdihost811.jakarta01.com,JAKARTA01\lisa  
Error,10/4/2017 16:40,Application Error,1000,-100,Application,djkvdihost811.jakarta01.com,"Faulting application name: WINWORD.EXE, version: 15.0.4911.1000, time stamp: 0x58a2c075
Faulting module name: wwlib.dll, version: 15.0.4911.1000, time stamp: 0x58a2c073
Exception code: 0xc0000005
Fault offset: 0x006f0ff9
Faulting process id: 0x1130
Faulting application start time: 0x01d33cb73d29f54b
Faulting application path: C:\Program Files\Microsoft Office\Office15\WINWORD.EXE
Faulting module path: C:\Program Files\Microsoft Office\Office15\wwlib.dll
Report Id: 0d8ee31b-a8e8-11e7-a69d-0050569f311e"
Error,10/4/2017 16:39,EventCreate,1,None,Application,djkvdihost818.jakarta01.com,JAKARTA01\arismanm  
Error,10/4/2017 16:39,EventCreate,1,None,Application,djkvdihost267.jakarta01.com,JAKARTA01\andi wijaya  
