Error,9/26/2017 8:15:11 AM,EventCreate,1,None,Application,djkvdihost411.jakarta01.com,JAKARTA01\genarosa  
Error,9/26/2017 8:14:41 AM,WSH,1,None,Application,djkvdihost664.jakarta01.com,"CN=Elisabeth Evaty Dewi password will expire in 2 day(s) at 9/28/2017 4:12:02 PM

Press CTRL + ALT + DEL and select the ""Change a password"" option."
Error,9/26/2017 8:15:06 AM,EventCreate,1,None,Application,djkvdihost826.jakarta01.com,JAKARTA01\Novita rahayu  
Error,9/26/2017 8:15:03 AM,EventCreate,1,None,Application,djkvdihost133.jakarta01.com,JAKARTA01\Rana  
Error,9/26/2017 8:14:57 AM,EventCreate,1,None,Application,djkvdihost575.jakarta01.com,JAKARTA01\Adhi Nur  
Error,9/26/2017 8:14:57 AM,EventCreate,1,None,Application,djkvdihost805.jakarta01.com,JAKARTA01\rahma  
Error,9/26/2017 8:14:22 AM,EventCreate,1,None,Application,djkvdihost468.jakarta01.com,JAKARTA01\fardhady  
Error,9/26/2017 8:14:40 AM,WSH,1,None,Application,djkvdihost664.jakarta01.com,"CN=Elisabeth Evaty Dewi password will expire in 2 day(s) at 9/28/2017 4:12:02 PM

Press CTRL + ALT + DEL and select the ""Change a password"" option."
Error,9/26/2017 8:14:32 AM,EventCreate,1,None,Application,djkvdihost802.jakarta01.com,JAKARTA01\wiranti  
Error,9/26/2017 8:14:21 AM,EventCreate,1,None,Application,djkvdihost321.jakarta01.com,JAKARTA01\sitti  
Error,9/26/2017 8:14:15 AM,EventCreate,1,None,Application,djkvdihost726.jakarta01.com,JAKARTA01\Dini Rahmawati  
Error,9/26/2017 8:14:02 AM,Application Error,1000,(100),Application,djkvdihost321.jakarta01.com,"Faulting application name: spoolsv.exe, version: 6.1.7601.17777, time stamp: 0x4f35efc3
Faulting module name: msvcrt.dll, version: 7.0.7601.17744, time stamp: 0x4eeaf722
Exception code: 0xc0000005
Fault offset: 0x0000aa14
Faulting process id: 0x634
Faulting application start time: 0x01d335e5645e7a18
Faulting application path: C:\Windows\System32\spoolsv.exe
Faulting module path: C:\Windows\system32\msvcrt.dll
Report Id: fb302f7a-a257-11e7-ab30-0050569f78a6"
Error,9/26/2017 8:13:58 AM,EventCreate,1,None,Application,djkvdihost150.jakarta01.com,JAKARTA01\riaanggreyni  
Error,9/26/2017 8:13:56 AM,EventCreate,1,None,Application,djkvdihost468.jakarta01.com,JAKARTA01\fardhady  
Error,9/26/2017 8:13:52 AM,EventCreate,1,None,Application,djkvdihost670.jakarta01.com,JAKARTA01\puspitasari  
Error,9/26/2017 8:13:21 AM,EventCreate,1,None,Application,djkvdihost048.jakarta01.com,JAKARTA01\Thalia  
Error,9/26/2017 8:13:14 AM,Application Error,1000,(100),Application,djkvdihost048.jakarta01.com,"Faulting application name: spoolsv.exe, version: 6.1.7601.17777, time stamp: 0x4f35efc3
Faulting module name: msvcrt.dll, version: 7.0.7601.17744, time stamp: 0x4eeaf722
Exception code: 0xc0000005
Fault offset: 0x0000aa14
Faulting process id: 0x638
Faulting application start time: 0x01d33610e3ee941e
Faulting application path: C:\Windows\System32\spoolsv.exe
Faulting module path: C:\Windows\system32\msvcrt.dll
Report Id: de40e663-a257-11e7-a09e-0050569f751d"
Error,9/26/2017 8:13:25 AM,EventCreate,1,None,Application,djkvdihost496.jakarta01.com,JAKARTA01\augtiaji  
Error,9/26/2017 8:13:13 AM,EventCreate,1,None,Application,djkvdihost395.jakarta01.com,JAKARTA01\ardiana  
Error,9/26/2017 8:13:08 AM,EventCreate,1,None,Application,djkvdihost190.jakarta01.com,JAKARTA01\ibahtiar  
Error,9/26/2017 8:12:36 AM,EventCreate,1,None,Application,djkvdihost557.jakarta01.com,JAKARTA01\lenny  
Error,9/26/2017 8:12:31 AM,WSH,1,None,Application,djkvdihost496.jakarta01.com,"CN=Augtiaji Awang Baskoro password will expire in 2 day(s) at 9/28/2017 8:00:28 AM

Press CTRL + ALT + DEL and select the ""Change a password"" option."
Error,9/26/2017 8:12:52 AM,EventCreate,1,None,Application,djkvdihost824.jakarta01.com,JAKARTA01\erik  
Error,9/26/2017 8:12:42 AM,EventCreate,1,None,Application,djkvdihost532.jakarta01.com,JAKARTA01\sutedja  
Error,9/26/2017 8:12:31 AM,WSH,1,None,Application,djkvdihost496.jakarta01.com,"CN=Augtiaji Awang Baskoro password will expire in 2 day(s) at 9/28/2017 8:00:28 AM

Press CTRL + ALT + DEL and select the ""Change a password"" option."
Error,9/26/2017 8:12:30 AM,EventCreate,1,None,Application,djkvdihost737.jakarta01.com,JAKARTA01\meity  
Error,9/26/2017 8:12:25 AM,EventCreate,1,None,Application,djkvdihost557.jakarta01.com,JAKARTA01\lenny  
Error,9/26/2017 8:12:21 AM,EventCreate,1,None,Application,djkvdihost324.jakarta01.com,JAKARTA01\Arlyne  
Error,9/26/2017 8:11:40 AM,EventCreate,1,None,Application,djkvdihost237.jakarta01.com,JAKARTA01\subhan  
Error,9/26/2017 8:12:02 AM,EventCreate,1,None,Application,djkvdihost552.jakarta01.com,JAKARTA01\Daniel  
Error,9/26/2017 8:11:58 AM,EventCreate,1,None,Application,djkvdihost599.jakarta01.com,JAKARTA01\MSandy  
Error,9/26/2017 8:11:53 AM,EventCreate,1,None,Application,djkvdihost142.jakarta01.com,JAKARTA01\ronald david  
Error,9/26/2017 8:11:38 AM,EventCreate,1,None,Application,djkvdihost552.jakarta01.com,JAKARTA01\Daniel  
Error,9/26/2017 8:11:28 AM,EventCreate,1,None,Application,djkvdihost240.jakarta01.com,JAKARTA01\Ariestyo  
Error,9/26/2017 8:11:21 AM,EventCreate,1,None,Application,djkvdihost237.jakarta01.com,JAKARTA01\subhan  
Error,9/26/2017 8:11:16 AM,EventCreate,1,None,Application,djkvdihost355.jakarta01.com,JAKARTA01\mery  
Error,9/26/2017 8:11:10 AM,EventCreate,1,None,Application,djkvdihost088.jakarta01.com,JAKARTA01\daniel pontifek  
Error,9/26/2017 8:11:10 AM,EventCreate,1,None,Application,djkvdihost384.jakarta01.com,JAKARTA01\dadang  
Error,9/26/2017 8:11:10 AM,EventCreate,1,None,Application,djkvdihost823.jakarta01.com,JAKARTA01\Darmawan  
Error,9/26/2017 8:11:00 AM,EventCreate,1,None,Application,djkvdihost318.jakarta01.com,JAKARTA01\linda  
Error,9/26/2017 8:10:23 AM,EventCreate,1,None,Application,djkvdihost463.jakarta01.com,JAKARTA01\phia  
Error,9/26/2017 8:10:12 AM,EventCreate,1,None,Application,djkvdihost472.jakarta01.com,JAKARTA01\AULIASA  
Error,9/26/2017 8:10:05 AM,EventCreate,1,None,Application,djkvdihost598.jakarta01.com,JAKARTA01\sergi  
Error,9/26/2017 8:10:23 AM,EventCreate,1,None,Application,djkvdihost318.jakarta01.com,JAKARTA01\linda  
Error,9/26/2017 8:10:23 AM,EventCreate,1,None,Application,djkvdihost048.jakarta01.com,JAKARTA01\Thalia  
Error,9/26/2017 8:10:20 AM,Application Error,1000,(100),Application,djkvdihost463.jakarta01.com,"Faulting application name: PhotoScreensaver.scr, version: 6.1.7601.17514, time stamp: 0x4ce7a590
Faulting module name: SHELL32.dll, version: 6.1.7601.23537, time stamp: 0x57c450f4
Exception code: 0xc0000005
Fault offset: 0x001f269f
Faulting process id: 0x1e0c
Faulting application start time: 0x01d3366392050fcd
Faulting application path: C:\Windows\system32\PhotoScreensaver.scr
Faulting module path: C:\Windows\system32\SHELL32.dll
Report Id: 76f3b82d-a257-11e7-9478-0050569f143b"
Error,9/26/2017 8:10:17 AM,EventCreate,1,None,Application,djkvdihost379.jakarta01.com,JAKARTA01\oliviales  
Error,9/26/2017 8:10:16 AM,EventCreate,1,None,Application,djkvdihost113.jakarta01.com,JAKARTA01\eriku  
Error,9/26/2017 8:10:14 AM,EventCreate,1,None,Application,djkvdihost156.jakarta01.com,JAKARTA01\MegaDN  
Error,9/26/2017 8:10:08 AM,EventCreate,1,None,Application,djkvdihost230.jakarta01.com,JAKARTA01\Adang  
Error,9/26/2017 8:10:04 AM,EventCreate,1,None,Application,djkvdihost105.jakarta01.com,JAKARTA01\Clara  
Error,9/26/2017 8:10:04 AM,EventCreate,1,None,Application,djkvdihost790.jakarta01.com,JAKARTA01\pahlevi  
Error,9/26/2017 8:10:02 AM,EventCreate,1,None,Application,djkvdihost598.jakarta01.com,JAKARTA01\sergi  
Error,9/26/2017 8:09:36 AM,EventCreate,1,None,Application,djkvdihost714.jakarta01.com,JAKARTA01\feni  
Error,9/26/2017 8:09:30 AM,Application Error,1000,(100),Application,djkvdihost714.jakarta01.com,"Faulting application name: spoolsv.exe, version: 6.1.7601.17777, time stamp: 0x4f35efc3
Faulting module name: msvcrt.dll, version: 7.0.7601.17744, time stamp: 0x4eeaf722
Exception code: 0xc0000005
Fault offset: 0x0000aa14
Faulting process id: 0x63c
Faulting application start time: 0x01d335ee7b530939
Faulting application path: C:\Windows\System32\spoolsv.exe
Faulting module path: C:\Windows\system32\msvcrt.dll
Report Id: 58d1d72d-a257-11e7-8123-0050569f6ab5"
Error,9/26/2017 8:09:56 AM,EventCreate,1,None,Application,djkvdihost598.jakarta01.com,JAKARTA01\sergi  
Error,9/26/2017 8:09:53 AM,EventCreate,1,None,Application,djkvdihost471.jakarta01.com,JAKARTA01\pancaran  
Error,9/26/2017 8:09:48 AM,EventCreate,1,None,Application,djkvdihost349.jakarta01.com,JAKARTA01\lieke  
Error,9/26/2017 8:08:45 AM,EventCreate,1,None,Application,djkvdihost472.jakarta01.com,JAKARTA01\AULIASA  
Error,9/26/2017 8:09:35 AM,EventCreate,1,None,Application,djkvdihost228.jakarta01.com,JAKARTA01\yosanta  
Error,9/26/2017 8:09:30 AM,EventCreate,1,None,Application,djkvdihost152.jakarta01.com,JAKARTA01\Adi Saputra  
Error,9/26/2017 8:08:57 AM,EventCreate,1,None,Application,djkvdihost314.jakarta01.com,JAKARTA01\Devina  
Error,9/26/2017 8:08:54 AM,Application Error,1000,(100),Application,djkvdihost314.jakarta01.com,"Faulting application name: EXCEL.EXE, version: 15.0.4919.1000, time stamp: 0x58c7ab0f
Faulting module name: unknown, version: 0.0.0.0, time stamp: 0x00000000
Exception code: 0xc0000005
Fault offset: 0x00650070
Faulting process id: 0x14c
Faulting application start time: 0x01d3366402f69afb
Faulting application path: C:\Program Files\Microsoft Office\Office15\EXCEL.EXE
Faulting module path: unknown
Report Id: 432377bb-a257-11e7-96e8-0050569f5e4e"
Error,9/26/2017 8:09:03 AM,EventCreate,1,None,Application,djkvdihost019.jakarta01.com,JAKARTA01\raditya  
Error,9/26/2017 8:09:02 AM,EventCreate,1,None,Application,djkvdihost146.jakarta01.com,JAKARTA01\astio  
Error,9/26/2017 8:08:57 AM,EventCreate,1,None,Application,djkvdihost521.jakarta01.com,JAKARTA01\Darmi  
Error,9/26/2017 8:08:45 AM,EventCreate,1,None,Application,djkvdihost045.jakarta01.com,JAKARTA01\hardianbp  
Error,9/26/2017 8:08:40 AM,Application Error,1000,(100),Application,djkvdihost019.jakarta01.com,"Faulting application name: wfcrun32.exe, version: 14.4.1000.16, time stamp: 0x571e1bd4
Faulting module name: USER32.dll, version: 6.1.7601.23594, time stamp: 0x58249e2b
Exception code: 0xc0000409
Fault offset: 0x00066364
Faulting process id: 0x186c
Faulting application start time: 0x01d33663fb3034fb
Faulting application path: C:\Program Files\Citrix\ICA Client\wfcrun32.exe
Faulting module path: C:\Windows\system32\USER32.dll
Report Id: 3b1ccd8e-a257-11e7-8fc7-0050569f4f8a"
Error,9/26/2017 8:08:38 AM,EventCreate,1,None,Application,djkvdihost238.jakarta01.com,JAKARTA01\EDameria  
Error,9/26/2017 8:08:33 AM,EventCreate,1,None,Application,djkvdihost176.jakarta01.com,JAKARTA01\ni ketut  
Error,9/26/2017 8:08:30 AM,EventCreate,1,None,Application,djkvdihost418.jakarta01.com,JAKARTA01\krisnawan  
Error,9/26/2017 8:08:27 AM,EventCreate,1,None,Application,djkvdihost628.jakarta01.com,JAKARTA01\Dini  
Error,9/26/2017 8:08:22 AM,EventCreate,1,None,Application,djkvdihost751.jakarta01.com,JAKARTA01\andrik  
Error,9/26/2017 8:07:47 AM,EventCreate,1,None,Application,djkvdihost134.jakarta01.com,JAKARTA01\barry  
Error,9/26/2017 8:07:40 AM,Application Error,1000,(100),Application,djkvdihost134.jakarta01.com,"Faulting application name: spoolsv.exe, version: 6.1.7601.17777, time stamp: 0x4f35efc3
Faulting module name: msvcrt.dll, version: 7.0.7601.17744, time stamp: 0x4eeaf722
Exception code: 0xc0000005
Fault offset: 0x0000aa14
Faulting process id: 0x638
Faulting application start time: 0x01d335e738f1fb7a
Faulting application path: C:\Windows\System32\spoolsv.exe
Faulting module path: C:\Windows\system32\msvcrt.dll
Report Id: 1780c597-a257-11e7-bab6-0050569f5725"
Error,9/26/2017 8:08:09 AM,EventCreate,1,None,Application,djkvdihost488.jakarta01.com,JAKARTA01\samsul  
Error,9/26/2017 8:08:08 AM,EventCreate,1,None,Application,djkvdihost346.jakarta01.com,JAKARTA01\badrudin  
Error,9/26/2017 8:08:00 AM,EventCreate,1,None,Application,djkvdihost589.jakarta01.com,JAKARTA01\william  
Error,9/26/2017 8:07:57 AM,EventCreate,1,None,Application,djkvdihost224.jakarta01.com,JAKARTA01\Dilla  
Error,9/26/2017 8:07:34 AM,EventCreate,1,None,Application,djkvdihost224.jakarta01.com,JAKARTA01\Dilla  
Error,9/26/2017 8:07:14 AM,EventCreate,1,None,Application,djkvdihost810.jakarta01.com,JAKARTA01\MuhammadH  
Error,9/26/2017 8:07:14 AM,EventCreate,1,None,Application,djkvdihost386.jakarta01.com,JAKARTA01\tyas  
Error,9/26/2017 8:07:08 AM,EventCreate,1,None,Application,djkvdihost707.jakarta01.com,JAKARTA01\dolly  
Error,9/26/2017 8:06:25 AM,EventCreate,1,None,Application,djkvdihost869.jakarta01.com,JAKARTA01\harry  
Error,9/26/2017 8:06:08 AM,EventCreate,1,None,Application,djkvdihost470.jakarta01.com,JAKARTA01\fediana  
Error,9/26/2017 8:06:07 AM,EventCreate,1,None,Application,djkvdihost766.jakarta01.com,JAKARTA01\veronicam  
Error,9/26/2017 8:06:06 AM,EventCreate,1,None,Application,djkvdihost684.jakarta01.com,JAKARTA01\Latiefah  
Error,9/26/2017 8:05:47 AM,EventCreate,1,None,Application,djkvdihost106.jakarta01.com,JAKARTA01\agnesthine  
Error,9/26/2017 8:05:30 AM,EventCreate,1,None,Application,djkvdihost074.jakarta01.com,JAKARTA01\dhimas  
Error,9/26/2017 8:05:28 AM,EventCreate,1,None,Application,djkvdihost519.jakarta01.com,JAKARTA01\ahmad  
Error,9/26/2017 8:05:28 AM,EventCreate,1,None,Application,djkvdihost640.jakarta01.com,JAKARTA01\daniel chin  
Error,9/26/2017 8:05:26 AM,EventCreate,1,None,Application,djkvdihost409.jakarta01.com,JAKARTA01\wulan  
Error,9/26/2017 8:05:08 AM,EventCreate,1,None,Application,djkvdihost157.jakarta01.com,JAKARTA01\Darmawati  
Error,9/26/2017 8:04:53 AM,EventCreate,1,None,Application,djkvdihost035.jakarta01.com,JAKARTA01\marie  
Error,9/26/2017 8:04:50 AM,EventCreate,1,None,Application,djkvdihost514.jakarta01.com,JAKARTA01\wahyudj  
Error,9/26/2017 8:04:46 AM,EventCreate,1,None,Application,djkvdihost294.jakarta01.com,JAKARTA01\muhammadhakim  
Error,9/26/2017 8:04:42 AM,EventCreate,1,None,Application,djkvdihost259.jakarta01.com,JAKARTA01\iqbal maulanasani  
Error,9/26/2017 8:04:42 AM,EventCreate,1,None,Application,djkvdihost295.jakarta01.com,JAKARTA01\mega  
Error,9/26/2017 8:04:41 AM,EventCreate,1,None,Application,djkvdihost544.jakarta01.com,JAKARTA01\wisnu  
Error,9/26/2017 8:04:39 AM,EventCreate,1,None,Application,djkvdihost494.jakarta01.com,JAKARTA01\giandripn  
Error,9/26/2017 8:04:37 AM,EventCreate,1,None,Application,djkvdihost520.jakarta01.com,JAKARTA01\andriana  
Error,9/26/2017 8:04:35 AM,EventCreate,1,None,Application,djkvdihost086.jakarta01.com,JAKARTA01\ayu  
Error,9/26/2017 8:04:29 AM,EventCreate,1,None,Application,djkvdihost807.jakarta01.com,JAKARTA01\victor  
Error,9/26/2017 8:04:26 AM,EventCreate,1,None,Application,djkvdihost256.jakarta01.com,JAKARTA01\Agus  
Error,9/26/2017 8:04:26 AM,Application Error,1000,(100),Application,djkvdihost035.jakarta01.com,"Faulting application name: wfcrun32.exe, version: 14.4.1000.16, time stamp: 0x571e1bd4
Faulting module name: unknown, version: 0.0.0.0, time stamp: 0x00000000
Exception code: 0xc0000005
Fault offset: 0x7748e1a9
Faulting process id: 0x1af0
Faulting application start time: 0x01d33663631f9b1b
Faulting application path: C:\Program Files\Citrix\ICA Client\wfcrun32.exe
Faulting module path: unknown
Report Id: a3a73a3f-a256-11e7-9662-0050569f3ac9"
Error,9/26/2017 8:04:21 AM,EventCreate,1,None,Application,djkvdihost436.jakarta01.com,JAKARTA01\iva  
Error,9/26/2017 8:04:17 AM,EventCreate,1,None,Application,djkvdihost465.jakarta01.com,JAKARTA01\sorayahs  
Error,9/26/2017 8:04:13 AM,EventCreate,1,None,Application,djkvdihost800.jakarta01.com,JAKARTA01\yenny  
Error,9/26/2017 8:04:12 AM,EventCreate,1,None,Application,djkvdihost299.jakarta01.com,JAKARTA01\handayani  
Error,9/26/2017 8:03:36 AM,EventCreate,1,None,Application,djkvdihost902.jakarta01.com,JAKARTA01\Indra Bramantyono  
Error,9/26/2017 8:04:08 AM,EventCreate,1,None,Application,djkvdihost013.jakarta01.com,JAKARTA01\yusdian  
Error,9/26/2017 8:04:06 AM,Application Error,1000,(100),Application,djkvdihost807.jakarta01.com,"Faulting application name: spoolsv.exe, version: 6.1.7601.17777, time stamp: 0x4f35efc3
Faulting module name: msvcrt.dll, version: 7.0.7601.17744, time stamp: 0x4eeaf722
Exception code: 0xc0000005
Fault offset: 0x0000aa14
Faulting process id: 0x638
Faulting application start time: 0x01d335faeaede79d
Faulting application path: C:\Windows\System32\spoolsv.exe
Faulting module path: C:\Windows\system32\msvcrt.dll
Report Id: 97cad903-a256-11e7-b6cb-0050569f071c"
Error,9/26/2017 8:04:00 AM,EventCreate,1,None,Application,djkvdihost820.jakarta01.com,JAKARTA01\rizal  
Error,9/26/2017 8:03:54 AM,EventCreate,1,None,Application,djkvdihost092.jakarta01.com,JAKARTA01\Rizky Anggari  
Error,9/26/2017 8:03:43 AM,EventCreate,1,None,Application,djkvdihost131.jakarta01.com,JAKARTA01\Helena  
Error,9/26/2017 8:03:36 AM,EventCreate,1,None,Application,djkvdihost368.jakarta01.com,JAKARTA01\Fitri Nawawi  
Error,9/26/2017 8:03:11 AM,WSH,1,None,Application,djkvdihost902.jakarta01.com,"CN=Indra Bramantyono password will expire in 2 day(s) at 9/28/2017 7:52:05 AM

Press CTRL + ALT + DEL and select the ""Change a password"" option."
Error,9/26/2017 8:03:27 AM,EventCreate,1,None,Application,djkvdihost203.jakarta01.com,JAKARTA01\kristiana  
Error,9/26/2017 8:03:27 AM,EventCreate,1,None,Application,djkvdihost690.jakarta01.com,JAKARTA01\belly  
Error,9/26/2017 8:03:26 AM,EventCreate,1,None,Application,djkvdihost141.jakarta01.com,JAKARTA01\driarkoro  
Error,9/26/2017 8:03:16 AM,EventCreate,1,None,Application,djkvdihost208.jakarta01.com,JAKARTA01\supris  
Error,9/26/2017 8:03:14 AM,EventCreate,1,None,Application,djkvdihost764.jakarta01.com,JAKARTA01\fatima  
Error,9/26/2017 8:03:11 AM,WSH,1,None,Application,djkvdihost902.jakarta01.com,"CN=Indra Bramantyono password will expire in 2 day(s) at 9/28/2017 7:52:05 AM

Press CTRL + ALT + DEL and select the ""Change a password"" option."
Error,9/26/2017 8:02:51 AM,EventCreate,1,None,Application,djkvdihost368.jakarta01.com,JAKARTA01\Fitri Nawawi  
Error,9/26/2017 8:02:51 AM,EventCreate,1,None,Application,djkvdihost174.jakarta01.com,JAKARTA01\zulkarnaena  
Error,9/26/2017 8:02:41 AM,EventCreate,1,None,Application,djkvdihost128.jakarta01.com,JAKARTA01\lileliza  
Error,9/26/2017 8:02:49 AM,EventCreate,1,None,Application,djkvdihost472.jakarta01.com,JAKARTA01\raymond  
Error,9/26/2017 8:02:49 AM,EventCreate,1,None,Application,djkvdihost193.jakarta01.com,JAKARTA01\Yunita2  
Error,9/26/2017 8:02:39 AM,EventCreate,1,None,Application,djkvdihost595.jakarta01.com,JAKARTA01\Felix  
Error,9/26/2017 8:02:07 AM,EventCreate,1,None,Application,djkvdihost526.jakarta01.com,JAKARTA01\heriansyah  
Error,9/26/2017 8:02:18 AM,EventCreate,1,None,Application,djkvdihost296.jakarta01.com,JAKARTA01\airin  
Error,9/26/2017 8:02:10 AM,EventCreate,1,None,Application,djkvdihost561.jakarta01.com,JAKARTA01\reza  
Error,9/26/2017 8:02:06 AM,EventCreate,1,None,Application,djkvdihost104.jakarta01.com,JAKARTA01\enrikko  
Error,9/26/2017 8:02:04 AM,EventCreate,1,None,Application,djkvdihost526.jakarta01.com,JAKARTA01\heriansyah  
Error,9/26/2017 8:01:58 AM,EventCreate,1,None,Application,djkvdihost770.jakarta01.com,JAKARTA01\indra jayadi  
Error,9/26/2017 8:01:57 AM,EventCreate,1,None,Application,djkvdihost181.jakarta01.com,JAKARTA01\Puspa  
Error,9/26/2017 8:01:57 AM,EventCreate,1,None,Application,djkvdihost504.jakarta01.com,JAKARTA01\muhammady  
Error,9/26/2017 8:01:55 AM,EventCreate,1,None,Application,djkvdihost267.jakarta01.com,JAKARTA01\janna  
Error,9/26/2017 8:01:51 AM,EventCreate,1,None,Application,djkvdihost365.jakarta01.com,JAKARTA01\tri wahyu  
Error,9/26/2017 8:01:18 AM,EventCreate,1,None,Application,djkvdihost540.jakarta01.com,JAKARTA01\Ahmad Hidayat  
Error,9/26/2017 8:00:28 AM,EventCreate,1,None,Application,djkvdihost002.jakarta01.com,JAKARTA01\DanielAW  
Error,9/26/2017 8:01:37 AM,EventCreate,1,None,Application,djkvdihost243.jakarta01.com,JAKARTA01\karmenia  
Error,9/26/2017 8:01:33 AM,EventCreate,1,None,Application,djkvdihost342.jakarta01.com,JAKARTA01\fathur  
Error,9/26/2017 8:01:17 AM,EventCreate,1,None,Application,djkvdihost188.jakarta01.com,JAKARTA01\Nazlaini  
Error,9/26/2017 8:01:16 AM,EventCreate,1,None,Application,djkvdihost602.jakarta01.com,JAKARTA01\Leonardus  
Error,9/26/2017 8:01:11 AM,EventCreate,1,None,Application,djkvdihost541.jakarta01.com,JAKARTA01\Bambang  
Error,9/26/2017 8:01:08 AM,EventCreate,1,None,Application,djkvdihost692.jakarta01.com,JAKARTA01\R Syafira  
Error,9/26/2017 8:00:04 AM,EventCreate,1,None,Application,djkvdihost002.jakarta01.com,JAKARTA01\DanielAW  
Error,9/26/2017 8:01:05 AM,EventCreate,1,None,Application,djkvdihost093.jakarta01.com,JAKARTA01\teddyks  
Error,9/26/2017 8:01:05 AM,EventCreate,1,None,Application,djkvdihost701.jakarta01.com,JAKARTA01\saputro  
Error,9/26/2017 8:01:03 AM,EventCreate,1,None,Application,djkvdihost283.jakarta01.com,JAKARTA01\gian  
Error,9/26/2017 8:00:54 AM,EventCreate,1,None,Application,djkvdihost280.jakarta01.com,JAKARTA01\sonson  
Error,9/26/2017 8:00:51 AM,EventCreate,1,None,Application,djkvdihost396.jakarta01.com,JAKARTA01\alifah  
Error,9/26/2017 8:00:49 AM,EventCreate,1,None,Application,djkvdihost723.jakarta01.com,JAKARTA01\yoga  
Error,9/26/2017 8:00:46 AM,EventCreate,1,None,Application,djkvdihost233.jakarta01.com,JAKARTA01\anjani  
Error,9/26/2017 8:00:44 AM,EventCreate,1,None,Application,djkvdihost460.jakarta01.com,JAKARTA01\Ana  
Error,9/26/2017 8:00:43 AM,EventCreate,1,None,Application,djkvdihost602.jakarta01.com,JAKARTA01\Leonardus  
Error,9/26/2017 8:00:32 AM,EventCreate,1,None,Application,djkvdihost745.jakarta01.com,JAKARTA01\Rahmat  
Error,9/26/2017 8:00:24 AM,EventCreate,1,None,Application,djkvdihost351.jakarta01.com,JAKARTA01\chalfin  
Error,9/26/2017 8:00:23 AM,EventCreate,1,None,Application,djkvdihost057.jakarta01.com,JAKARTA01\puri  
Error,9/26/2017 8:00:21 AM,EventCreate,1,None,Application,djkvdihost758.jakarta01.com,JAKARTA01\RatiAF  
Error,9/26/2017 8:00:13 AM,EventCreate,1,None,Application,djkvdihost771.jakarta01.com,JAKARTA01\leonie  
Error,9/26/2017 8:00:13 AM,EventCreate,1,None,Application,djkvdihost350.jakarta01.com,JAKARTA01\ouki  
Error,9/26/2017 8:00:05 AM,EventCreate,1,None,Application,djkvdihost440.jakarta01.com,JAKARTA01\erminawati  
Error,9/26/2017 7:59:33 AM,EventCreate,1,None,Application,djkvdihost421.jakarta01.com,JAKARTA01\fajar  
Error,9/26/2017 7:59:58 AM,EventCreate,1,None,Application,djkvdihost291.jakarta01.com,JAKARTA01\zaldi  
Error,9/26/2017 7:59:58 AM,EventCreate,1,None,Application,djkvdihost099.jakarta01.com,JAKARTA01\melani  
Error,9/26/2017 7:59:55 AM,EventCreate,1,None,Application,djkvdihost317.jakarta01.com,JAKARTA01\BERNARDUS  
Error,9/26/2017 7:59:49 AM,EventCreate,1,None,Application,djkvdihost540.jakarta01.com,JAKARTA01\Ahmad Hidayat  
Error,9/26/2017 7:59:49 AM,EventCreate,1,None,Application,djkvdihost691.jakarta01.com,JAKARTA01\novianti  
Error,9/26/2017 7:59:49 AM,EventCreate,1,None,Application,djkvdihost573.jakarta01.com,JAKARTA01\evanc  
Error,9/26/2017 7:59:34 AM,EventCreate,1,None,Application,djkvdihost442.jakarta01.com,JAKARTA01\bella  
Error,9/26/2017 7:59:13 AM,EventCreate,1,None,Application,djkvdihost580.jakarta01.com,JAKARTA01\budhasca  
Error,9/26/2017 7:59:08 AM,EventCreate,1,None,Application,djkvdihost580.jakarta01.com,JAKARTA01\budhasca  
Error,9/26/2017 7:59:05 AM,EventCreate,1,None,Application,djkvdihost580.jakarta01.com,JAKARTA01\budhasca  
Error,9/26/2017 7:59:02 AM,EventCreate,1,None,Application,djkvdihost580.jakarta01.com,JAKARTA01\budhasca  
Error,9/26/2017 7:59:30 AM,EventCreate,1,None,Application,djkvdihost196.jakarta01.com,JAKARTA01\palmella  
Error,9/26/2017 7:58:54 AM,EventCreate,1,None,Application,djkvdihost179.jakarta01.com,JAKARTA01\MAUREEN  
Error,9/26/2017 7:59:24 AM,EventCreate,1,None,Application,djkvdihost568.jakarta01.com,JAKARTA01\ailsa  
Error,9/26/2017 7:59:23 AM,EventCreate,1,None,Application,djkvdihost250.jakarta01.com,JAKARTA01\Lordy  
Error,9/26/2017 7:59:21 AM,Application Error,1000,(100),Application,djkvdihost421.jakarta01.com,"Faulting application name: spoolsv.exe, version: 6.1.7601.17777, time stamp: 0x4f35efc3
Faulting module name: msvcrt.dll, version: 7.0.7601.17744, time stamp: 0x4eeaf722
Exception code: 0xc0000005
Fault offset: 0x0000aa14
Faulting process id: 0x638
Faulting application start time: 0x01d335ea93a223e6
Faulting application path: C:\Windows\System32\spoolsv.exe
Faulting module path: C:\Windows\system32\msvcrt.dll
Report Id: ee1281dc-a255-11e7-884f-0050569f500d"
Error,9/26/2017 7:59:13 AM,EventCreate,1,None,Application,djkvdihost815.jakarta01.com,JAKARTA01\AdindaGita  
Error,9/26/2017 7:59:09 AM,EventCreate,1,None,Application,djkvdihost579.jakarta01.com,JAKARTA01\yuliana  
Error,9/26/2017 7:58:37 AM,EventCreate,1,None,Application,djkvdihost695.jakarta01.com,JAKARTA01\aulya  
Error,9/26/2017 7:59:05 AM,EventCreate,1,None,Application,djkvdihost028.jakarta01.com,JAKARTA01\Yonanda  
Error,9/26/2017 7:58:32 AM,EventCreate,1,None,Application,djkvdihost628.jakarta01.com,JAKARTA01\dhimas  
Error,9/26/2017 7:59:02 AM,EventCreate,1,None,Application,djkvdihost248.jakarta01.com,JAKARTA01\lizty  
Error,9/26/2017 7:59:00 AM,EventCreate,1,None,Application,djkvdihost528.jakarta01.com,JAKARTA01\sulaiman  
Error,9/26/2017 7:59:00 AM,EventCreate,1,None,Application,djkvdihost580.jakarta01.com,JAKARTA01\budhasca  
Error,9/26/2017 7:58:58 AM,EventCreate,1,None,Application,djkvdihost437.jakarta01.com,JAKARTA01\puty  
Error,9/26/2017 7:58:27 AM,WSH,1,None,Application,djkvdihost421.jakarta01.com,"CN=Fajar Kusuma password will expire in 2 day(s) at 9/28/2017 7:48:23 AM

Press CTRL + ALT + DEL and select the ""Change a password"" option."
Error,9/26/2017 7:58:57 AM,EventCreate,1,None,Application,djkvdihost553.jakarta01.com,JAKARTA01\hemayani  
Error,9/26/2017 7:58:47 AM,EventCreate,1,None,Application,djkvdihost184.jakarta01.com,JAKARTA01\MuhammadI  
Error,9/26/2017 7:58:42 AM,EventCreate,1,None,Application,djkvdihost702.jakarta01.com,JAKARTA01\adiyanti  
Error,9/26/2017 7:58:41 AM,EventCreate,1,None,Application,djkvdihost784.jakarta01.com,JAKARTA01\smuhidin  
Error,9/26/2017 7:58:38 AM,EventCreate,1,None,Application,djkvdihost583.jakarta01.com,JAKARTA01\syifa  
Error,9/26/2017 7:58:31 AM,EventCreate,1,None,Application,djkvdihost085.jakarta01.com,JAKARTA01\BudiS  
Error,9/26/2017 7:58:26 AM,EventCreate,1,None,Application,djkvdihost033.jakarta01.com,JAKARTA01\annisa inggita  
Error,9/26/2017 7:58:25 AM,WSH,1,None,Application,djkvdihost421.jakarta01.com,"CN=Fajar Kusuma password will expire in 2 day(s) at 9/28/2017 7:48:23 AM

Press CTRL + ALT + DEL and select the ""Change a password"" option."
Error,9/26/2017 7:58:25 AM,EventCreate,1,None,Application,djkvdihost628.jakarta01.com,JAKARTA01\dhimas  
Error,9/26/2017 7:58:21 AM,EventCreate,1,None,Application,djkvdihost053.jakarta01.com,JAKARTA01\nyimas  
Error,9/26/2017 7:57:48 AM,EventCreate,1,None,Application,djkvdihost429.jakarta01.com,JAKARTA01\dwi budi  
Error,9/26/2017 7:58:05 AM,EventCreate,1,None,Application,djkvdihost484.jakarta01.com,JAKARTA01\bagas  
Error,9/26/2017 7:58:00 AM,EventCreate,1,None,Application,djkvdihost179.jakarta01.com,JAKARTA01\MAUREEN  
Error,9/26/2017 7:57:58 AM,EventCreate,1,None,Application,djkvdihost603.jakarta01.com,JAKARTA01\henry st  
Error,9/26/2017 7:57:56 AM,EventCreate,1,None,Application,djkvdihost016.jakarta01.com,JAKARTA01\FAUZIAH  
Error,9/26/2017 7:57:54 AM,EventCreate,1,None,Application,djkvdihost695.jakarta01.com,JAKARTA01\aulya  
Error,9/26/2017 7:57:52 AM,EventCreate,1,None,Application,djkvdihost281.jakarta01.com,JAKARTA01\yorika  
Error,9/26/2017 7:57:49 AM,EventCreate,1,None,Application,djkvdihost303.jakarta01.com,JAKARTA01\NovrianAS  
Error,9/26/2017 7:57:41 AM,EventCreate,1,None,Application,djkvdihost513.jakarta01.com,JAKARTA01\samekto  
Error,9/26/2017 7:57:37 AM,EventCreate,1,None,Application,djkvdihost429.jakarta01.com,JAKARTA01\dwi budi  
Error,9/26/2017 7:57:34 AM,EventCreate,1,None,Application,djkvdihost775.jakarta01.com,JAKARTA01\shinta  
Error,9/26/2017 7:57:31 AM,EventCreate,1,None,Application,djkvdihost786.jakarta01.com,JAKARTA01\ubaedi  
Error,9/26/2017 7:57:25 AM,EventCreate,1,None,Application,djkvdihost051.jakarta01.com,JAKARTA01\kreshna  
Error,9/26/2017 7:57:22 AM,EventCreate,1,None,Application,djkvdihost801.jakarta01.com,JAKARTA01\M Said  
Error,9/26/2017 7:57:19 AM,EventCreate,1,None,Application,djkvdihost801.jakarta01.com,JAKARTA01\M Said  
Error,9/26/2017 7:57:18 AM,EventCreate,1,None,Application,djkvdihost822.jakarta01.com,JAKARTA01\GuestISD56  
Error,9/26/2017 7:57:14 AM,EventCreate,1,None,Application,djkvdihost779.jakarta01.com,JAKARTA01\Taufik Kurniawan  
Error,9/26/2017 7:57:13 AM,EventCreate,1,None,Application,djkvdihost118.jakarta01.com,JAKARTA01\Chaterin  
Error,9/26/2017 7:57:08 AM,EventCreate,1,None,Application,djkvdihost081.jakarta01.com,JAKARTA01\georgedk  
Error,9/26/2017 7:57:07 AM,EventCreate,1,None,Application,djkvdihost731.jakarta01.com,JAKARTA01\vanya  
Error,9/26/2017 7:56:58 AM,EventCreate,1,None,Application,djkvdihost110.jakarta01.com,JAKARTA01\andrewrs  
Error,9/26/2017 7:56:58 AM,EventCreate,1,None,Application,djkvdihost438.jakarta01.com,JAKARTA01\M Fajri  
Error,9/26/2017 7:56:26 AM,EventCreate,1,None,Application,djkvdihost789.jakarta01.com,JAKARTA01\yofiandhy  
Error,9/26/2017 7:56:23 AM,Application Error,1000,(100),Application,djkvdihost789.jakarta01.com,"Faulting application name: OUTLOOK.EXE, version: 15.0.4919.1001, time stamp: 0x58d20482
Faulting module name: OUTLOOK.EXE, version: 15.0.4919.1001, time stamp: 0x58d20482
Exception code: 0xc0000005
Fault offset: 0x008924c7
Faulting process id: 0x1768
Faulting application start time: 0x01d33654f93fe9c2
Faulting application path: C:\Program Files\Microsoft Office\Office15\OUTLOOK.EXE
Faulting module path: C:\Program Files\Microsoft Office\Office15\OUTLOOK.EXE
Report Id: 83fcdaeb-a255-11e7-aed8-0050569f59cf"
Error,9/26/2017 7:56:53 AM,EventCreate,1,None,Application,djkvdihost285.jakarta01.com,JAKARTA01\devita  
Error,9/26/2017 7:56:50 AM,EventCreate,1,None,Application,djkvdihost483.jakarta01.com,JAKARTA01\hanna  
Error,9/26/2017 7:56:49 AM,EventCreate,1,None,Application,djkvdihost718.jakarta01.com,JAKARTA01\Bagus Gede  
Error,9/26/2017 7:56:48 AM,EventCreate,1,None,Application,djkvdihost268.jakarta01.com,JAKARTA01\toyoda  
Error,9/26/2017 7:56:48 AM,EventCreate,1,None,Application,djkvdihost428.jakarta01.com,JAKARTA01\cecilia  
Error,9/26/2017 7:56:45 AM,EventCreate,1,None,Application,djkvdihost001.jakarta01.com,JAKARTA01\rinaldonp  
Error,9/26/2017 7:56:40 AM,EventCreate,1,None,Application,djkvdihost492.jakarta01.com,JAKARTA01\ramantid  
Error,9/26/2017 7:56:39 AM,EventCreate,1,None,Application,djkvdihost482.jakarta01.com,JAKARTA01\danna  
Error,9/26/2017 7:56:34 AM,EventCreate,1,None,Application,djkvdihost316.jakarta01.com,JAKARTA01\davidc  
Error,9/26/2017 7:56:32 AM,EventCreate,1,None,Application,djkvdihost022.jakarta01.com,JAKARTA01\Audyanza  
Error,9/26/2017 7:56:30 AM,EventCreate,1,None,Application,djkvdihost027.jakarta01.com,JAKARTA01\guestisd37  
Error,9/26/2017 7:56:30 AM,EventCreate,1,None,Application,djkvdihost630.jakarta01.com,JAKARTA01\Aviv  
Error,9/26/2017 7:56:26 AM,EventCreate,1,None,Application,djkvdihost162.jakarta01.com,JAKARTA01\indra pranowo  
Error,9/26/2017 7:56:23 AM,EventCreate,1,None,Application,djkvdihost718.jakarta01.com,JAKARTA01\Bagus Gede  
Error,9/26/2017 7:56:13 AM,EventCreate,1,None,Application,djkvdihost158.jakarta01.com,JAKARTA01\Didik  
Error,9/26/2017 7:55:50 AM,EventCreate,1,None,Application,djkvdihost050.jakarta01.com,JAKARTA01\angga  
Error,9/26/2017 7:55:50 AM,EventCreate,1,None,Application,djkvdihost147.jakarta01.com,JAKARTA01\Risqia  
Error,9/26/2017 7:55:43 AM,EventCreate,1,None,Application,djkvdihost899.jakarta01.com,JAKARTA01\adi prasetio  
Error,9/26/2017 7:55:45 AM,EventCreate,1,None,Application,djkvdihost360.jakarta01.com,JAKARTA01\lani  
Error,9/26/2017 7:55:34 AM,EventCreate,1,None,Application,djkvdihost489.jakarta01.com,JAKARTA01\dadi hardi  
Error,9/26/2017 7:55:31 AM,EventCreate,1,None,Application,djkvdihost632.jakarta01.com,JAKARTA01\Rio Satria  
Error,9/26/2017 7:55:01 AM,EventCreate,1,None,Application,djkvdihost523.jakarta01.com,JAKARTA01\rindang  
Error,9/26/2017 7:54:57 AM,EventCreate,1,None,Application,djkvdihost523.jakarta01.com,JAKARTA01\rindang  
Error,9/26/2017 7:54:56 AM,EventCreate,1,None,Application,djkvdihost523.jakarta01.com,JAKARTA01\rindang  
Error,9/26/2017 7:54:53 AM,EventCreate,1,None,Application,djkvdihost618.jakarta01.com,JAKARTA01\janu  
Error,9/26/2017 7:55:16 AM,EventCreate,1,None,Application,djkvdihost348.jakarta01.com,JAKARTA01\PRATAMA  
Error,9/26/2017 7:55:08 AM,EventCreate,1,None,Application,djkvdihost287.jakarta01.com,JAKARTA01\Katsuhito  
Error,9/26/2017 7:55:08 AM,EventCreate,1,None,Application,djkvdihost046.jakarta01.com,JAKARTA01\indrak  
Error,9/26/2017 7:54:57 AM,EventCreate,1,None,Application,djkvdihost329.jakarta01.com,JAKARTA01\hadid  
Error,9/26/2017 7:54:54 AM,EventCreate,1,None,Application,djkvdihost375.jakarta01.com,JAKARTA01\hana nurul  
Error,9/26/2017 7:54:51 AM,EventCreate,1,None,Application,djkvdihost523.jakarta01.com,JAKARTA01\rindang  
Error,9/26/2017 7:54:50 AM,EventCreate,1,None,Application,djkvdihost111.jakarta01.com,JAKARTA01\krisna  
Error,9/26/2017 7:54:36 AM,EventCreate,1,None,Application,djkvdihost715.jakarta01.com,JAKARTA01\Rinaldo  
Error,9/26/2017 7:54:35 AM,EventCreate,1,None,Application,djkvdihost091.jakarta01.com,JAKARTA01\melly  
Error,9/26/2017 7:54:34 AM,EventCreate,1,None,Application,djkvdihost202.jakarta01.com,JAKARTA01\magdalena  
Error,9/26/2017 7:54:34 AM,EventCreate,1,None,Application,djkvdihost036.jakarta01.com,JAKARTA01\imam  
Error,9/26/2017 7:54:26 AM,EventCreate,1,None,Application,djkvdihost894.jakarta01.com,JAKARTA01\Adhisty  
Error,9/26/2017 7:54:25 AM,EventCreate,1,None,Application,djkvdihost374.jakarta01.com,JAKARTA01\m iqbal  
Error,9/26/2017 7:54:23 AM,EventCreate,1,None,Application,djkvdihost617.jakarta01.com,JAKARTA01\luthfi  
Error,9/26/2017 7:54:21 AM,EventCreate,1,None,Application,djkvdihost155.jakarta01.com,JAKARTA01\GUESTISD32  
Error,9/26/2017 7:54:17 AM,EventCreate,1,None,Application,djkvdihost412.jakarta01.com,JAKARTA01\ginanjar  
Error,9/26/2017 7:54:12 AM,EventCreate,1,None,Application,djkvdihost761.jakarta01.com,JAKARTA01\sandrase  
Error,9/26/2017 7:54:11 AM,EventCreate,1,None,Application,djkvdihost239.jakarta01.com,JAKARTA01\lisa  
Error,9/26/2017 7:54:08 AM,EventCreate,1,None,Application,djkvdihost239.jakarta01.com,JAKARTA01\lisa  
Error,9/26/2017 7:54:05 AM,EventCreate,1,None,Application,djkvdihost634.jakarta01.com,JAKARTA01\yumiyati  
Error,9/26/2017 7:54:02 AM,EventCreate,1,None,Application,djkvdihost898.jakarta01.com,JAKARTA01\StellaH  
Error,9/26/2017 7:53:54 AM,EventCreate,1,None,Application,djkvdihost693.jakarta01.com,JAKARTA01\chinthiars  
Error,9/26/2017 7:53:53 AM,EventCreate,1,None,Application,djkvdihost315.jakarta01.com,JAKARTA01\Mustikawati  
Error,9/26/2017 7:53:51 AM,EventCreate,1,None,Application,djkvdihost618.jakarta01.com,JAKARTA01\janu  
Error,9/26/2017 7:53:08 AM,EventCreate,1,None,Application,djkvdihost555.jakarta01.com,JAKARTA01\dimas  
Error,9/26/2017 7:53:33 AM,EventCreate,1,None,Application,djkvdihost082.jakarta01.com,JAKARTA01\ChyntiaDN  
Error,9/26/2017 7:53:33 AM,EventCreate,1,None,Application,djkvdihost669.jakarta01.com,JAKARTA01\Tammyana  
Error,9/26/2017 7:53:29 AM,EventCreate,1,None,Application,djkvdihost754.jakarta01.com,JAKARTA01\melany  
Error,9/26/2017 7:53:15 AM,EventCreate,1,None,Application,djkvdihost432.jakarta01.com,JAKARTA01\rbagus  
Error,9/26/2017 7:53:14 AM,EventCreate,1,None,Application,djkvdihost090.jakarta01.com,JAKARTA01\natalie  
Error,9/26/2017 7:53:11 AM,EventCreate,1,None,Application,djkvdihost398.jakarta01.com,JAKARTA01\cinta  
Error,9/26/2017 7:52:30 AM,EventCreate,1,None,Application,djkvdihost555.jakarta01.com,JAKARTA01\dimas  
Error,9/26/2017 7:52:50 AM,EventCreate,1,None,Application,djkvdihost182.jakarta01.com,JAKARTA01\nirliani  
Error,9/26/2017 7:52:17 AM,EventCreate,1,None,Application,djkvdihost087.jakarta01.com,JAKARTA01\aditya ny  
Error,9/26/2017 7:52:07 AM,EventCreate,1,None,Application,djkvdihost555.jakarta01.com,JAKARTA01\dimas  
Error,9/26/2017 7:52:04 AM,EventCreate,1,None,Application,djkvdihost569.jakarta01.com,JAKARTA01\harumi  
Error,9/26/2017 7:52:00 AM,EventCreate,1,None,Application,djkvdihost572.jakarta01.com,JAKARTA01\Moh Ditto  
Error,9/26/2017 7:51:59 AM,EventCreate,1,None,Application,djkvdihost508.jakarta01.com,JAKARTA01\rahayu  
Error,9/26/2017 7:51:58 AM,EventCreate,1,None,Application,djkvdihost571.jakarta01.com,JAKARTA01\Liasyah  
Error,9/26/2017 7:51:58 AM,EventCreate,1,None,Application,djkvdihost389.jakarta01.com,JAKARTA01\arismanm  
Error,9/26/2017 7:51:47 AM,EventCreate,1,None,Application,djkvdihost261.jakarta01.com,JAKARTA01\bryan  
Error,9/26/2017 7:51:13 AM,EventCreate,1,None,Application,djkvdihost892.jakarta01.com,JAKARTA01\matthew  
Error,9/26/2017 7:51:43 AM,EventCreate,1,None,Application,djkvdihost300.jakarta01.com,JAKARTA01\mauluddin  
Error,9/26/2017 7:51:42 AM,EventCreate,1,None,Application,djkvdihost100.jakarta01.com,JAKARTA01\Hilman  
Error,9/26/2017 7:51:40 AM,EventCreate,1,None,Application,djkvdihost833.jakarta01.com,JAKARTA01\Beny  
Error,9/26/2017 7:51:32 AM,EventCreate,1,None,Application,djkvdihost813.jakarta01.com,JAKARTA01\priscilla  
Error,9/26/2017 7:51:28 AM,EventCreate,1,None,Application,djkvdihost649.jakarta01.com,JAKARTA01\ClarissaMh  
Error,9/26/2017 7:51:24 AM,EventCreate,1,None,Application,djkvdihost128.jakarta01.com,JAKARTA01\Yumiyati  
Error,9/26/2017 7:51:21 AM,EventCreate,1,None,Application,djkvdihost163.jakarta01.com,JAKARTA01\Dian Permata  
Error,9/26/2017 7:51:13 AM,EventCreate,1,None,Application,djkvdihost645.jakarta01.com,JAKARTA01\Anosa  
Error,9/26/2017 7:50:48 AM,WSH,1,None,Application,djkvdihost892.jakarta01.com,"CN=Matthew Hanzel password will expire in 2 day(s) at 9/28/2017 7:34:54 AM

Press CTRL + ALT + DEL and select the ""Change a password"" option."
Error,9/26/2017 7:50:56 AM,EventCreate,1,None,Application,djkvdihost025.jakarta01.com,JAKARTA01\Dyandra  
Error,9/26/2017 7:50:55 AM,EventCreate,1,None,Application,djkvdihost414.jakarta01.com,JAKARTA01\heri  
Error,9/26/2017 7:50:48 AM,WSH,1,None,Application,djkvdihost892.jakarta01.com,"CN=Matthew Hanzel password will expire in 2 day(s) at 9/28/2017 7:34:54 AM

Press CTRL + ALT + DEL and select the ""Change a password"" option."
Error,9/26/2017 7:50:46 AM,EventCreate,1,None,Application,djkvdihost760.jakarta01.com,JAKARTA01\endrojono  
Error,9/26/2017 7:50:32 AM,EventCreate,1,None,Application,djkvdihost697.jakarta01.com,JAKARTA01\Indah  
Error,9/26/2017 7:50:06 AM,EventCreate,1,None,Application,djkvdihost032.jakarta01.com,JAKARTA01\fathiya  
Error,9/26/2017 7:50:03 AM,EventCreate,1,None,Application,djkvdihost767.jakarta01.com,JAKARTA01\KristoforusAW  
Error,9/26/2017 7:50:01 AM,EventCreate,1,None,Application,djkvdihost187.jakarta01.com,JAKARTA01\resha  
Error,9/26/2017 7:50:01 AM,EventCreate,1,None,Application,djkvdihost777.jakarta01.com,JAKARTA01\binar  
Error,9/26/2017 7:49:59 AM,EventCreate,1,None,Application,djkvdihost799.jakarta01.com,JAKARTA01\endah_k  
Error,9/26/2017 7:49:57 AM,EventCreate,1,None,Application,djkvdihost742.jakarta01.com,JAKARTA01\puji  
Error,9/26/2017 7:49:22 AM,WSH,1,None,Application,djkvdihost777.jakarta01.com,"CN=Binar Kistina Satcaningtyas password will expire in 2 day(s) at 9/28/2017 7:12:23 AM

Press CTRL + ALT + DEL and select the ""Change a password"" option."
Error,9/26/2017 7:49:38 AM,EventCreate,1,None,Application,djkvdihost364.jakarta01.com,JAKARTA01\Ronald  
Error,9/26/2017 7:49:31 AM,EventCreate,1,None,Application,djkvdihost474.jakarta01.com,JAKARTA01\mutiman  
Error,9/26/2017 7:49:29 AM,EventCreate,1,None,Application,djkvdihost814.jakarta01.com,JAKARTA01\Pradita  
Error,9/26/2017 7:49:20 AM,WSH,1,None,Application,djkvdihost777.jakarta01.com,"CN=Binar Kistina Satcaningtyas password will expire in 2 day(s) at 9/28/2017 7:12:23 AM

Press CTRL + ALT + DEL and select the ""Change a password"" option."
Error,9/26/2017 7:49:08 AM,EventCreate,1,None,Application,djkvdihost144.jakarta01.com,JAKARTA01\warda  
Error,9/26/2017 7:48:55 AM,EventCreate,1,None,Application,djkvdihost447.jakarta01.com,JAKARTA01\sulistyono  
Error,9/26/2017 7:48:37 AM,Application Error,1000,(100),Application,djkvdihost447.jakarta01.com,"Faulting application name: spoolsv.exe, version: 6.1.7601.17777, time stamp: 0x4f35efc3
Faulting module name: msvcrt.dll, version: 7.0.7601.17744, time stamp: 0x4eeaf722
Exception code: 0xc0000005
Fault offset: 0x0000aa14
Faulting process id: 0x638
Faulting application start time: 0x01d335e32af530a4
Faulting application path: C:\Windows\System32\spoolsv.exe
Faulting module path: C:\Windows\system32\msvcrt.dll
Report Id: 6dca1072-a254-11e7-ba8c-0050569f1d15"
Error,9/26/2017 7:48:57 AM,EventCreate,1,None,Application,djkvdihost563.jakarta01.com,JAKARTA01\ALFIYAH  
Error,9/26/2017 7:48:51 AM,EventCreate,1,None,Application,djkvdihost861.jakarta01.com,JAKARTA01\alia  
Error,9/26/2017 7:48:44 AM,EventCreate,1,None,Application,djkvdihost251.jakarta01.com,JAKARTA01\rhaditya  
Error,9/26/2017 7:48:44 AM,EventCreate,1,None,Application,djkvdihost795.jakarta01.com,JAKARTA01\yulianty  
Error,9/26/2017 7:48:43 AM,EventCreate,1,None,Application,djkvdihost062.jakarta01.com,JAKARTA01\Teguh Aji  
Error,9/26/2017 7:48:43 AM,EventCreate,1,None,Application,djkvdihost338.jakarta01.com,JAKARTA01\chris  
Error,9/26/2017 7:48:26 AM,EventCreate,1,None,Application,djkvdihost367.jakarta01.com,JAKARTA01\anggata  
Error,9/26/2017 7:48:22 AM,EventCreate,1,None,Application,djkvdihost134.jakarta01.com,JAKARTA01\barry  
Error,9/26/2017 7:48:21 AM,EventCreate,1,None,Application,djkvdihost855.jakarta01.com,JAKARTA01\kubo  
Error,9/26/2017 7:48:16 AM,EventCreate,1,None,Application,djkvdihost447.jakarta01.com,JAKARTA01\sulistyono  
Error,9/26/2017 7:47:44 AM,WSH,1,None,Application,djkvdihost144.jakarta01.com,"CN=Warda Husna Harahap password will expire in 2 day(s) at 9/28/2017 7:48:27 AM

Press CTRL + ALT + DEL and select the ""Change a password"" option."
Error,9/26/2017 7:48:08 AM,EventCreate,1,None,Application,djkvdihost896.jakarta01.com,JAKARTA01\naruhito  
Error,9/26/2017 7:48:08 AM,EventCreate,1,None,Application,djkvdihost373.jakarta01.com,JAKARTA01\Rini Purnama  
Error,9/26/2017 7:47:57 AM,EventCreate,1,None,Application,djkvdihost783.jakarta01.com,JAKARTA01\GuestISD46  
Error,9/26/2017 7:47:50 AM,EventCreate,1,None,Application,djkvdihost535.jakarta01.com,JAKARTA01\mazy  
Error,9/26/2017 7:47:50 AM,EventCreate,1,None,Application,djkvdihost284.jakarta01.com,JAKARTA01\yudi  
Error,9/26/2017 7:47:42 AM,WSH,1,None,Application,djkvdihost144.jakarta01.com,"CN=Warda Husna Harahap password will expire in 2 day(s) at 9/28/2017 7:48:27 AM

Press CTRL + ALT + DEL and select the ""Change a password"" option."
Error,9/26/2017 7:47:31 AM,EventCreate,1,None,Application,djkvdihost221.jakarta01.com,JAKARTA01\indriyani  
Error,9/26/2017 7:47:29 AM,EventCreate,1,None,Application,djkvdihost672.jakarta01.com,JAKARTA01\hendry  
Error,9/26/2017 7:47:25 AM,EventCreate,1,None,Application,djkvdihost872.jakarta01.com,JAKARTA01\m nugraha  
Error,9/26/2017 7:47:24 AM,EventCreate,1,None,Application,djkvdihost747.jakarta01.com,JAKARTA01\yosephine  
Error,9/26/2017 7:47:20 AM,WSH,1,None,Application,djkvdihost134.jakarta01.com,"CN=Barry Christie T password will expire in 2 day(s) at 9/28/2017 7:09:01 AM

Press CTRL + ALT + DEL and select the ""Change a password"" option."
Error,9/26/2017 7:47:20 AM,WSH,1,None,Application,djkvdihost134.jakarta01.com,"CN=Barry Christie T password will expire in 2 day(s) at 9/28/2017 7:09:01 AM

Press CTRL + ALT + DEL and select the ""Change a password"" option."
Error,9/26/2017 7:47:10 AM,EventCreate,1,None,Application,djkvdihost271.jakarta01.com,JAKARTA01\findal  
Error,9/26/2017 7:46:44 AM,EventCreate,1,None,Application,djkvdihost623.jakarta01.com,JAKARTA01\nungi  
Error,9/26/2017 7:46:41 AM,EventCreate,1,None,Application,djkvdihost623.jakarta01.com,JAKARTA01\nungi  
Error,9/26/2017 7:46:37 AM,EventCreate,1,None,Application,djkvdihost623.jakarta01.com,JAKARTA01\nungi  
Error,9/26/2017 7:47:06 AM,EventCreate,1,None,Application,djkvdihost175.jakarta01.com,JAKARTA01\martha  
Error,9/26/2017 7:47:00 AM,EventCreate,1,None,Application,djkvdihost551.jakarta01.com,JAKARTA01\yusi  
Error,9/26/2017 7:46:55 AM,EventCreate,1,None,Application,djkvdihost722.jakarta01.com,JAKARTA01\margiati  
Error,9/26/2017 7:46:53 AM,EventCreate,1,None,Application,djkvdihost214.jakarta01.com,JAKARTA01\Talitha  
Error,9/26/2017 7:46:39 AM,EventCreate,1,None,Application,djkvdihost879.jakarta01.com,JAKARTA01\Amelia  
Error,9/26/2017 7:46:38 AM,EventCreate,1,None,Application,djkvdihost481.jakarta01.com,JAKARTA01\Arum  
Error,9/26/2017 7:46:18 AM,EventCreate,1,None,Application,djkvdihost816.jakarta01.com,JAKARTA01\henry  
Error,9/26/2017 7:46:08 AM,EventCreate,1,None,Application,djkvdihost706.jakarta01.com,JAKARTA01\adriani  
Error,9/26/2017 7:46:03 AM,EventCreate,1,None,Application,djkvdihost706.jakarta01.com,JAKARTA01\adriani  
Error,9/26/2017 7:46:30 AM,EventCreate,1,None,Application,djkvdihost416.jakarta01.com,JAKARTA01\mahendra  
Error,9/26/2017 7:46:23 AM,EventCreate,1,None,Application,djkvdihost236.jakarta01.com,JAKARTA01\REIS  
Error,9/26/2017 7:45:52 AM,EventCreate,1,None,Application,djkvdihost464.jakarta01.com,JAKARTA01\Priellya  
Error,9/26/2017 7:46:16 AM,EventCreate,1,None,Application,djkvdihost431.jakarta01.com,JAKARTA01\himawan  
Error,9/26/2017 7:46:13 AM,EventCreate,1,None,Application,djkvdihost830.jakarta01.com,JAKARTA01\meri  
Error,9/26/2017 7:46:13 AM,EventCreate,1,None,Application,djkvdihost685.jakarta01.com,JAKARTA01\nirmala  
Error,9/26/2017 7:46:06 AM,Application Error,1000,(100),Application,djkvdihost623.jakarta01.com,"Faulting application name: wfcrun32.exe, version: 14.4.1000.16, time stamp: 0x571e1bd4
Faulting module name: unknown, version: 0.0.0.0, time stamp: 0x00000000
Exception code: 0xc0000005
Fault offset: 0x772de1a9
Faulting process id: 0x18ac
Faulting application start time: 0x01d33660d22e609e
Faulting application path: C:\Program Files\Citrix\ICA Client\wfcrun32.exe
Faulting module path: unknown
Report Id: 141abfde-a254-11e7-88b4-0050569f26a7"
Error,9/26/2017 7:46:02 AM,EventCreate,1,None,Application,djkvdihost029.jakarta01.com,JAKARTA01\Tino  
Error,9/26/2017 7:46:00 AM,EventCreate,1,None,Application,djkvdihost706.jakarta01.com,JAKARTA01\adriani  
Error,9/26/2017 7:45:57 AM,EventCreate,1,None,Application,djkvdihost816.jakarta01.com,JAKARTA01\henry  
Error,9/26/2017 7:45:41 AM,EventCreate,1,None,Application,djkvdihost464.jakarta01.com,JAKARTA01\Priellya  
Error,9/26/2017 7:45:33 AM,EventCreate,1,None,Application,djkvdihost381.jakarta01.com,JAKARTA01\alfiari  
Error,9/26/2017 7:45:32 AM,EventCreate,1,None,Application,djkvdihost842.jakarta01.com,JAKARTA01\deddy  
Error,9/26/2017 7:45:15 AM,EventCreate,1,None,Application,djkvdihost461.jakarta01.com,JAKARTA01\ahmad zainul  
Error,9/26/2017 7:45:09 AM,EventCreate,1,None,Application,djkvdihost289.jakarta01.com,JAKARTA01\victoria  
Error,9/26/2017 7:45:04 AM,EventCreate,1,None,Application,djkvdihost546.jakarta01.com,JAKARTA01\bellaisya  
Error,9/26/2017 7:44:53 AM,EventCreate,1,None,Application,djkvdihost565.jakarta01.com,JAKARTA01\widiasmara  
Error,9/26/2017 7:44:50 AM,EventCreate,1,None,Application,djkvdihost037.jakarta01.com,JAKARTA01\prakasa  
Error,9/26/2017 7:44:47 AM,EventCreate,1,None,Application,djkvdihost276.jakarta01.com,JAKARTA01\tiar  
Error,9/26/2017 7:44:43 AM,EventCreate,1,None,Application,djkvdihost839.jakarta01.com,JAKARTA01\arief  
Error,9/26/2017 7:44:39 AM,EventCreate,1,None,Application,djkvdihost732.jakarta01.com,JAKARTA01\laila  
Error,9/26/2017 7:44:05 AM,EventCreate,1,None,Application,djkvdihost656.jakarta01.com,JAKARTA01\kristian  
Error,9/26/2017 7:44:31 AM,EventCreate,1,None,Application,djkvdihost071.jakarta01.com,JAKARTA01\Hilma  
Error,9/26/2017 7:43:43 AM,EventCreate,1,None,Application,djkvdihost876.jakarta01.com,JAKARTA01\bayu  
Error,9/26/2017 7:43:38 AM,EventCreate,1,None,Application,djkvdihost876.jakarta01.com,JAKARTA01\bayu  
Error,9/26/2017 7:43:55 AM,EventCreate,1,None,Application,djkvdihost041.jakarta01.com,JAKARTA01\komang  
Error,9/26/2017 7:43:24 AM,EventCreate,1,None,Application,djkvdihost719.jakarta01.com,JAKARTA01\Nurhayati  
Error,9/26/2017 7:43:19 AM,EventCreate,1,None,Application,djkvdihost258.jakarta01.com,JAKARTA01\clarissa  
Error,9/26/2017 7:43:49 AM,EventCreate,1,None,Application,djkvdihost247.jakarta01.com,JAKARTA01\alvita  
Error,9/26/2017 7:43:42 AM,EventCreate,1,None,Application,djkvdihost720.jakarta01.com,JAKARTA01\arum eka  
Error,9/26/2017 7:43:42 AM,EventCreate,1,None,Application,djkvdihost829.jakarta01.com,JAKARTA01\dadi  
Error,9/26/2017 7:43:41 AM,EventCreate,1,None,Application,djkvdihost605.jakarta01.com,JAKARTA01\Listya  
