Error,9/28/2017 14:39,Application Error,1000,-100,Application,djkvdihost606.jakarta01.com,"Faulting application name: OUTLOOK.EXE, version: 15.0.4919.1001, time stamp: 0x58d20482
Faulting module name: OUTLOOK.EXE, version: 15.0.4919.1001, time stamp: 0x58d20482
Exception code: 0xc0000005
Fault offset: 0x008924c4
Faulting process id: 0xbc0
Faulting application start time: 0x01d338231db37590
Faulting application path: C:\Program Files\Microsoft Office\Office15\OUTLOOK.EXE
Faulting module path: C:\Program Files\Microsoft Office\Office15\OUTLOOK.EXE
Report Id: 33572516-a420-11e7-9d62-0050569f2d11"
Error,9/28/2017 14:38,EventCreate,1,None,Application,djkvdihost852.jakarta01.com,JAKARTA01\natasya  
Error,9/28/2017 14:37,EventCreate,1,None,Application,djkvdihost852.jakarta01.com,JAKARTA01\natasya  
Error,9/28/2017 14:25,EventCreate,1,None,Application,djkvdihost076.jakarta01.com,JAKARTA01\barry  
Error,9/28/2017 14:25,Application Error,1000,-100,Application,djkvdihost076.jakarta01.com,"Faulting application name: OUTLOOK.EXE, version: 15.0.4919.1001, time stamp: 0x58d20482
Faulting module name: OUTLOOK.EXE, version: 15.0.4919.1001, time stamp: 0x58d20482
Exception code: 0xc0000005
Fault offset: 0x008924c4
Faulting process id: 0x1ff0
Faulting application start time: 0x01d33825a162d0b5
Faulting application path: C:\Program Files\Microsoft Office\Office15\OUTLOOK.EXE
Faulting module path: C:\Program Files\Microsoft Office\Office15\OUTLOOK.EXE
Report Id: 257269ef-a41e-11e7-9e49-0050569f7c49"
Error,9/28/2017 14:24,EventCreate,1,None,Application,djkvdihost302.jakarta01.com,JAKARTA01\binar  
Error,9/28/2017 14:24,Application Error,1000,-100,Application,djkvdihost302.jakarta01.com,"Faulting application name: OUTLOOK.EXE, version: 15.0.4919.1001, time stamp: 0x58d20482
Faulting module name: OUTLOOK.EXE, version: 15.0.4919.1001, time stamp: 0x58d20482
Exception code: 0xc0000005
Fault offset: 0x008924c4
Faulting process id: 0x1e9c
Faulting application start time: 0x01d337f19d237358
Faulting application path: C:\Program Files\Microsoft Office\Office15\OUTLOOK.EXE
Faulting module path: C:\Program Files\Microsoft Office\Office15\OUTLOOK.EXE
Report Id: 0bc961e0-a41e-11e7-a728-0050569f7524"
Error,9/28/2017 14:23,EventCreate,1,None,Application,djkvdihost612.jakarta01.com,JAKARTA01\cita  
Error,9/28/2017 14:23,Application Error,1000,-100,Application,djkvdihost612.jakarta01.com,"Faulting application name: OUTLOOK.EXE, version: 15.0.4919.1001, time stamp: 0x58d20482
Faulting module name: OUTLOOK.EXE, version: 15.0.4919.1001, time stamp: 0x58d20482
Exception code: 0xc0000005
Fault offset: 0x008924c4
Faulting process id: 0x13c4
Faulting application start time: 0x01d337f55b31ea60
Faulting application path: C:\Program Files\Microsoft Office\Office15\OUTLOOK.EXE
Faulting module path: C:\Program Files\Microsoft Office\Office15\OUTLOOK.EXE
Report Id: e7a32d7f-a41d-11e7-a2cd-0050569f7ff0"
Error,9/28/2017 14:18,EventCreate,1,None,Application,djkvdihost106.jakarta01.com,JAKARTA01\hari  
Error,9/28/2017 14:18,Application Error,1000,-100,Application,djkvdihost106.jakarta01.com,"Faulting application name: EXCEL.EXE, version: 15.0.4919.1000, time stamp: 0x58c7ab0f
Faulting module name: EXCEL.EXE, version: 15.0.4919.1000, time stamp: 0x58c7ab0f
Exception code: 0xc0000005
Fault offset: 0x0006bf5f
Faulting process id: 0x1624
Faulting application start time: 0x01d33829f65436b7
Faulting application path: C:\Program Files\Microsoft Office\Office15\EXCEL.EXE
Faulting module path: C:\Program Files\Microsoft Office\Office15\EXCEL.EXE
Report Id: 38e0183e-a41d-11e7-9229-0050569f7e1e"
Error,9/28/2017 14:18,EventCreate,1,None,Application,djkvdihost106.jakarta01.com,JAKARTA01\hari  
Error,9/28/2017 14:18,Microsoft Office 15,1000,None,Application,djkvdihost106.jakarta01.com,"Faulting application excel.exe, version 15.0.4919.1000, stamp 58c7ab0f, faulting module excel.exe, version 15.0.4919.1000, stamp 58c7ab0f, debug? 0, fault address 0x00b4f778."
Error,9/28/2017 14:10,EventCreate,1,None,Application,djkvdihost415.jakarta01.com,JAKARTA01\wulanf  
Error,9/28/2017 14:10,EventCreate,1,None,Application,djkvdihost746.jakarta01.com,JAKARTA01\fferdian  
Error,9/28/2017 14:10,Application Error,1000,-100,Application,djkvdihost746.jakarta01.com,"Faulting application name: OUTLOOK.EXE, version: 15.0.4919.1001, time stamp: 0x58d20482
Faulting module name: OUTLOOK.EXE, version: 15.0.4919.1001, time stamp: 0x58d20482
Exception code: 0xc0000005
Fault offset: 0x008924c4
Faulting process id: 0x1b4c
Faulting application start time: 0x01d337ff993a6061
Faulting application path: C:\Program Files\Microsoft Office\Office15\OUTLOOK.EXE
Faulting module path: C:\Program Files\Microsoft Office\Office15\OUTLOOK.EXE
Report Id: 0c194c7f-a41c-11e7-ba61-0050569f0500"
Error,9/28/2017 14:09,Application Error,1000,-100,Application,djkvdihost415.jakarta01.com,"Faulting application name: PhotoScreensaver.scr, version: 6.1.7601.17514, time stamp: 0x4ce7a590
Faulting module name: SHELL32.dll, version: 6.1.7601.23537, time stamp: 0x57c450f4
Exception code: 0xc0000005
Fault offset: 0x001f269f
Faulting process id: 0x1408
Faulting application start time: 0x01d3382786ea81db
Faulting application path: C:\Windows\system32\PhotoScreensaver.scr
Faulting module path: C:\Windows\system32\SHELL32.dll
Report Id: 09805f8b-a41c-11e7-8e67-0050569f7ca0"
Error,9/28/2017 14:02,EventCreate,1,None,Application,djkvdihost156.jakarta01.com,JAKARTA01\Risqia  
Error,9/28/2017 14:02,Application Error,1000,-100,Application,djkvdihost156.jakarta01.com,"Faulting application name: OUTLOOK.EXE, version: 15.0.4919.1001, time stamp: 0x58d20482
Faulting module name: olmapi32.dll, version: 15.0.4919.1000, time stamp: 0x58c7abcf
Exception code: 0xc0000005
Fault offset: 0x00051a9b
Faulting process id: 0x1f28
Faulting application start time: 0x01d33827a7985920
Faulting application path: C:\Program Files\Microsoft Office\Office15\OUTLOOK.EXE
Faulting module path: C:\Program Files\Microsoft Office\Office15\olmapi32.dll
Report Id: f7e30100-a41a-11e7-806f-0050569f59c3"
Error,9/28/2017 13:58,EventCreate,1,None,Application,djkvdihost452.jakarta01.com,JAKARTA01\martha  
Error,9/28/2017 13:58,Application Error,1000,-100,Application,djkvdihost452.jakarta01.com,"Faulting application name: spoolsv.exe, version: 6.1.7601.17777, time stamp: 0x4f35efc3
Faulting module name: msvcrt.dll, version: 7.0.7601.17744, time stamp: 0x4eeaf722
Exception code: 0xc0000005
Fault offset: 0x0000aa14
Faulting process id: 0x630
Faulting application start time: 0x01d33784bc3a6c41
Faulting application path: C:\Windows\System32\spoolsv.exe
Faulting module path: C:\Windows\system32\msvcrt.dll
Report Id: 7bdeaaab-a41a-11e7-b403-0050569f500e"
Error,9/28/2017 13:54,EventCreate,1,None,Application,djkvdihost235.jakarta01.com,JAKARTA01\debby  
Error,9/28/2017 13:54,Application Error,1000,-100,Application,djkvdihost235.jakarta01.com,"Faulting application name: PhotoScreensaver.scr, version: 6.1.7601.17514, time stamp: 0x4ce7a590
Faulting module name: SHELL32.dll, version: 6.1.7601.23537, time stamp: 0x57c450f4
Exception code: 0xc0000005
Fault offset: 0x001f269f
Faulting process id: 0x1828
Faulting application start time: 0x01d33825daedf7e2
Faulting application path: C:\Windows\system32\PhotoScreensaver.scr
Faulting module path: C:\Windows\system32\SHELL32.dll
Report Id: da6e14e4-a419-11e7-9b37-0050569f055d"
Error,9/28/2017 13:52,EventCreate,1,None,Application,djkvdihost452.jakarta01.com,JAKARTA01\martha  
Error,9/28/2017 13:52,Application Error,1000,-100,Application,djkvdihost452.jakarta01.com,"Faulting application name: OUTLOOK.EXE, version: 15.0.4919.1001, time stamp: 0x58d20482
Faulting module name: OUTLOOK.EXE, version: 15.0.4919.1001, time stamp: 0x58d20482
Exception code: 0xc0000005
Fault offset: 0x008924c7
Faulting process id: 0xa80
Faulting application start time: 0x01d338214f71df9e
Faulting application path: C:\Program Files\Microsoft Office\Office15\OUTLOOK.EXE
Faulting module path: C:\Program Files\Microsoft Office\Office15\OUTLOOK.EXE
Report Id: 939c06a4-a419-11e7-b403-0050569f500e"
Error,9/28/2017 13:47,EventCreate,1,None,Application,djkvdihost204.jakarta01.com,JAKARTA01\andi almira  
Error,9/28/2017 13:47,EventCreate,1,None,Application,djkvdihost076.jakarta01.com,JAKARTA01\barry  
Error,9/28/2017 13:47,Application Error,1000,-100,Application,djkvdihost204.jakarta01.com,"Faulting application name: OUTLOOK.EXE, version: 15.0.4919.1001, time stamp: 0x58d20482
Faulting module name: OUTLOOK.EXE, version: 15.0.4919.1001, time stamp: 0x58d20482
Exception code: 0xc0000005
Fault offset: 0x008924c4
Faulting process id: 0x14f8
Faulting application start time: 0x01d337f80eef1843
Faulting application path: C:\Program Files\Microsoft Office\Office15\OUTLOOK.EXE
Faulting module path: C:\Program Files\Microsoft Office\Office15\OUTLOOK.EXE
Report Id: e4ae5e41-a418-11e7-a28e-0050569f0768"
Error,9/28/2017 13:46,EventCreate,1,None,Application,djkvdihost076.jakarta01.com,JAKARTA01\barry  
Error,9/28/2017 13:42,EventCreate,1,None,Application,djkvdihost403.jakarta01.com,JAKARTA01\mega  
Error,9/28/2017 13:42,Application Error,1000,-100,Application,djkvdihost403.jakarta01.com,"Faulting application name: iexplore.exe, version: 11.0.9600.18639, time stamp: 0x58d6bb0d
Faulting module name: MSHTML.dll, version: 11.0.9600.18639, time stamp: 0x58d6c720
Exception code: 0xc0000005
Fault offset: 0x000ac604
Faulting process id: 0x1974
Faulting application start time: 0x01d3380c9598065c
Faulting application path: C:\Program Files\Internet Explorer\iexplore.exe
Faulting module path: C:\Windows\system32\MSHTML.dll
Report Id: 27ad7d47-a418-11e7-b67c-0050569f2213"
Error,9/28/2017 13:39,EventCreate,1,None,Application,djkvdihost093.jakarta01.com,JAKARTA01\tri wahyu  
Error,9/28/2017 13:39,EventCreate,1,None,Application,djkvdihost093.jakarta01.com,JAKARTA01\tri wahyu  
Error,9/28/2017 13:36,EventCreate,1,None,Application,djkvdihost715.jakarta01.com,JAKARTA01\Arum  
Error,9/28/2017 13:36,Application Error,1000,-100,Application,djkvdihost715.jakarta01.com,"Faulting application name: OUTLOOK.EXE, version: 15.0.4919.1001, time stamp: 0x58d20482
Faulting module name: OUTLOOK.EXE, version: 15.0.4919.1001, time stamp: 0x58d20482
Exception code: 0xc0000005
Fault offset: 0x008924c4
Faulting process id: 0x460
Faulting application start time: 0x01d33823371fac1c
Faulting application path: C:\Program Files\Microsoft Office\Office15\OUTLOOK.EXE
Faulting module path: C:\Program Files\Microsoft Office\Office15\OUTLOOK.EXE
Report Id: 656e6dc1-a417-11e7-bcc8-0050569f0951"
Error,9/28/2017 13:28,EventCreate,1,None,Application,djkvdihost606.jakarta01.com,JAKARTA01\henny  
Error,9/28/2017 13:28,Application Error,1000,-100,Application,djkvdihost606.jakarta01.com,"Faulting application name: OUTLOOK.EXE, version: 15.0.4919.1001, time stamp: 0x58d20482
Faulting module name: OUTLOOK.EXE, version: 15.0.4919.1001, time stamp: 0x58d20482
Exception code: 0xc0000005
Fault offset: 0x008924c4
Faulting process id: 0x1fac
Faulting application start time: 0x01d337e3771f26aa
Faulting application path: C:\Program Files\Microsoft Office\Office15\OUTLOOK.EXE
Faulting module path: C:\Program Files\Microsoft Office\Office15\OUTLOOK.EXE
Report Id: 3122846f-a416-11e7-9d62-0050569f2d11"
Error,9/28/2017 13:27,EventCreate,1,None,Application,djkvdihost044.jakarta01.com,JAKARTA01\MahendraR  
Error,9/28/2017 13:26,EventCreate,1,None,Application,djkvdihost715.jakarta01.com,JAKARTA01\Arum  
Error,9/28/2017 13:26,Application Error,1000,-100,Application,djkvdihost715.jakarta01.com,"Faulting application name: OUTLOOK.EXE, version: 15.0.4919.1001, time stamp: 0x58d20482
Faulting module name: OUTLOOK.EXE, version: 15.0.4919.1001, time stamp: 0x58d20482
Exception code: 0xc0000005
Fault offset: 0x008924c4
Faulting process id: 0xda0
Faulting application start time: 0x01d33804520ee315
Faulting application path: C:\Program Files\Microsoft Office\Office15\OUTLOOK.EXE
Faulting module path: C:\Program Files\Microsoft Office\Office15\OUTLOOK.EXE
Report Id: f539d4ee-a415-11e7-bcc8-0050569f0951"
Error,9/28/2017 13:18,EventCreate,1,None,Application,djkvdihost661.jakarta01.com,JAKARTA01\krisna  
Error,9/28/2017 13:17,Application Error,1000,-100,Application,djkvdihost661.jakarta01.com,"Faulting application name: PhotoScreensaver.scr, version: 6.1.7601.17514, time stamp: 0x4ce7a590
Faulting module name: SHELL32.dll, version: 6.1.7601.23537, time stamp: 0x57c450f4
Exception code: 0xc0000005
Fault offset: 0x001f269f
Faulting process id: 0x1328
Faulting application start time: 0x01d3381eee30e9a6
Faulting application path: C:\Windows\system32\PhotoScreensaver.scr
Faulting module path: C:\Windows\system32\SHELL32.dll
Report Id: c4a33daa-a414-11e7-b48b-0050569f3afa"
Error,9/28/2017 13:13,EventCreate,1,None,Application,djkvdihost739.jakarta01.com,JAKARTA01\dananwst  
Error,9/28/2017 13:13,Application Error,1000,-100,Application,djkvdihost739.jakarta01.com,"Faulting application name: lync.exe, version: 15.0.4919.1000, time stamp: 0x58c7ab1e
Faulting module name: Uc.dll, version: 15.0.4919.1000, time stamp: 0x58c7b032
Exception code: 0xc0000005
Fault offset: 0x00559bd1
Faulting process id: 0x1894
Faulting application start time: 0x01d337fa18535f57
Faulting application path: C:\Program Files\Microsoft Office\Office15\lync.exe
Faulting module path: C:\Program Files\Microsoft Office\Office15\Uc.dll
Report Id: 29ae7f4c-a414-11e7-92e7-0050569f163a"
Error,9/28/2017 13:12,EventCreate,1,None,Application,djkvdihost761.jakarta01.com,JAKARTA01\mochammad  
Error,9/28/2017 13:12,Application Error,1000,-100,Application,djkvdihost761.jakarta01.com,"Faulting application name: PhotoScreensaver.scr, version: 6.1.7601.17514, time stamp: 0x4ce7a590
Faulting module name: SHELL32.dll, version: 6.1.7601.23537, time stamp: 0x57c450f4
Exception code: 0xc0000005
Fault offset: 0x001f269f
Faulting process id: 0x1020
Faulting application start time: 0x01d3381f454bd369
Faulting application path: C:\Windows\system32\PhotoScreensaver.scr
Faulting module path: C:\Windows\system32\SHELL32.dll
Report Id: f473283c-a413-11e7-baa5-0050569f0569"
Error,9/28/2017 13:10,EventCreate,1,None,Application,djkvdihost523.jakarta01.com,JAKARTA01\ferdi  
Error,9/28/2017 13:10,EventCreate,1,None,Application,djkvdihost523.jakarta01.com,JAKARTA01\ferdi  
Error,9/28/2017 13:05,EventCreate,1,None,Application,djkvdihost726.jakarta01.com,JAKARTA01\nirliani  
Error,9/28/2017 13:02,EventCreate,1,None,Application,djkvdihost155.jakarta01.com,JAKARTA01\GuestISD49  
Error,9/28/2017 12:56,EventCreate,1,None,Application,djkvdihost761.jakarta01.com,JAKARTA01\mochammad  
Error,9/28/2017 12:56,Application Error,1000,-100,Application,djkvdihost761.jakarta01.com,"Faulting application name: PhotoScreensaver.scr, version: 6.1.7601.17514, time stamp: 0x4ce7a590
Faulting module name: SHELL32.dll, version: 6.1.7601.23537, time stamp: 0x57c450f4
Exception code: 0xc0000005
Fault offset: 0x001f269f
Faulting process id: 0x1d3c
Faulting application start time: 0x01d3381e17141a36
Faulting application path: C:\Windows\system32\PhotoScreensaver.scr
Faulting module path: C:\Windows\system32\SHELL32.dll
Report Id: c05c042a-a411-11e7-baa5-0050569f0569"
Error,9/28/2017 12:47,EventCreate,1,None,Application,djkvdihost761.jakarta01.com,JAKARTA01\mochammad  
Error,9/28/2017 12:47,Application Error,1000,-100,Application,djkvdihost761.jakarta01.com,"Faulting application name: PhotoScreensaver.scr, version: 6.1.7601.17514, time stamp: 0x4ce7a590
Faulting module name: SHELL32.dll, version: 6.1.7601.23537, time stamp: 0x57c450f4
Exception code: 0xc0000005
Fault offset: 0x001f269f
Faulting process id: 0x137c
Faulting application start time: 0x01d3381d28efe83f
Faulting application path: C:\Windows\system32\PhotoScreensaver.scr
Faulting module path: C:\Windows\system32\SHELL32.dll
Report Id: 81debf6f-a410-11e7-baa5-0050569f0569"
Error,9/28/2017 12:46,EventCreate,1,None,Application,djkvdihost858.jakarta01.com,JAKARTA01\harry  
Error,9/28/2017 12:46,Application Error,1000,-100,Application,djkvdihost858.jakarta01.com,"Faulting application name: OUTLOOK.EXE, version: 15.0.4919.1001, time stamp: 0x58d20482
Faulting module name: OUTLOOK.EXE, version: 15.0.4919.1001, time stamp: 0x58d20482
Exception code: 0xc0000005
Fault offset: 0x008924c4
Faulting process id: 0x1990
Faulting application start time: 0x01d337f2617f5729
Faulting application path: C:\Program Files\Microsoft Office\Office15\OUTLOOK.EXE
Faulting module path: C:\Program Files\Microsoft Office\Office15\OUTLOOK.EXE
Report Id: 4fa693c5-a410-11e7-ae26-0050569f5cd1"
Error,9/28/2017 12:41,EventCreate,1,None,Application,djkvdihost761.jakarta01.com,JAKARTA01\mochammad  
Error,9/28/2017 12:40,Application Error,1000,-100,Application,djkvdihost761.jakarta01.com,"Faulting application name: PhotoScreensaver.scr, version: 6.1.7601.17514, time stamp: 0x4ce7a590
Faulting module name: SHELL32.dll, version: 6.1.7601.23537, time stamp: 0x57c450f4
Exception code: 0xc0000005
Fault offset: 0x001f269f
Faulting process id: 0x132c
Faulting application start time: 0x01d3381adea5ec26
Faulting application path: C:\Windows\system32\PhotoScreensaver.scr
Faulting module path: C:\Windows\system32\SHELL32.dll
Report Id: 9ac14933-a40f-11e7-baa5-0050569f0569"
Error,9/28/2017 12:33,EventCreate,1,None,Application,djkvdihost181.jakarta01.com,JAKARTA01\amanda chandra  
Error,9/28/2017 12:33,Application Error,1000,-100,Application,djkvdihost181.jakarta01.com,"Faulting application name: OUTLOOK.EXE, version: 15.0.4919.1001, time stamp: 0x58d20482
Faulting module name: OUTLOOK.EXE, version: 15.0.4919.1001, time stamp: 0x58d20482
Exception code: 0xc0000005
Fault offset: 0x008924c4
Faulting process id: 0x688
Faulting application start time: 0x01d337f036ce9545
Faulting application path: C:\Program Files\Microsoft Office\Office15\OUTLOOK.EXE
Faulting module path: C:\Program Files\Microsoft Office\Office15\OUTLOOK.EXE
Report Id: 84f70bdf-a40e-11e7-be40-0050569f0420"
Error,9/28/2017 12:29,EventCreate,1,None,Application,djkvdihost822.jakarta01.com,JAKARTA01\DanielAW  
Error,9/28/2017 12:29,EventCreate,1,None,Application,djkvdihost822.jakarta01.com,JAKARTA01\DanielAW  
Error,9/28/2017 12:28,EventCreate,1,None,Application,djkvdihost421.jakarta01.com,JAKARTA01\DianRamadhania  
Error,9/28/2017 12:28,EventCreate,1,None,Application,djkvdihost421.jakarta01.com,JAKARTA01\DianRamadhania  
Error,9/28/2017 12:26,EventCreate,1,None,Application,djkvdihost114.jakarta01.com,JAKARTA01\yansen  
Error,9/28/2017 12:24,EventCreate,1,None,Application,djkvdihost761.jakarta01.com,JAKARTA01\mochammad  
Error,9/28/2017 12:24,Application Error,1000,-100,Application,djkvdihost761.jakarta01.com,"Faulting application name: PhotoScreensaver.scr, version: 6.1.7601.17514, time stamp: 0x4ce7a590
Faulting module name: SHELL32.dll, version: 6.1.7601.23537, time stamp: 0x57c450f4
Exception code: 0xc0000005
Fault offset: 0x001f269f
Faulting process id: 0x137c
Faulting application start time: 0x01d33819e3d34dc4
Faulting application path: C:\Windows\system32\PhotoScreensaver.scr
Faulting module path: C:\Windows\system32\SHELL32.dll
Report Id: 523f07b3-a40d-11e7-baa5-0050569f0569"
Error,9/28/2017 12:17,EventCreate,1,None,Application,djkvdihost761.jakarta01.com,JAKARTA01\mochammad  
Error,9/28/2017 12:17,Application Error,1000,-100,Application,djkvdihost761.jakarta01.com,"Faulting application name: PhotoScreensaver.scr, version: 6.1.7601.17514, time stamp: 0x4ce7a590
Faulting module name: SHELL32.dll, version: 6.1.7601.23537, time stamp: 0x57c450f4
Exception code: 0xc0000005
Fault offset: 0x001f269f
Faulting process id: 0x10e8
Faulting application start time: 0x01d338176afd34c3
Faulting application path: C:\Windows\system32\PhotoScreensaver.scr
Faulting module path: C:\Windows\system32\SHELL32.dll
Report Id: 58a446be-a40c-11e7-baa5-0050569f0569"
Error,9/28/2017 12:12,EventCreate,1,None,Application,djkvdihost021.jakarta01.com,JAKARTA01\istiningsih  
Error,9/28/2017 12:12,Application Error,1000,-100,Application,djkvdihost021.jakarta01.com,"Faulting application name: AcroRd32.exe, version: 10.1.4.38, time stamp: 0x5012ea69
Faulting module name: AcroRd32.dll, version: 10.1.4.38, time stamp: 0x5012f9f9
Exception code: 0xc0000005
Fault offset: 0x000b6bc5
Faulting process id: 0x17d4
Faulting application start time: 0x01d338006d571194
Faulting application path: C:\Program Files\Adobe\Reader 10.0\Reader\AcroRd32.exe
Faulting module path: C:\Program Files\Adobe\Reader 10.0\Reader\AcroRd32.dll
Report Id: 9a4cda07-a40b-11e7-b7b0-0050569f1ecb"
Error,9/28/2017 12:03,EventCreate,1,None,Application,djkvdihost289.jakarta01.com,JAKARTA01\devita  
Error,9/28/2017 12:03,Application Error,1000,-100,Application,djkvdihost289.jakarta01.com,"Faulting application name: PhotoScreensaver.scr, version: 6.1.7601.17514, time stamp: 0x4ce7a590
Faulting module name: SHELL32.dll, version: 6.1.7601.23537, time stamp: 0x57c450f4
Exception code: 0xc0000005
Fault offset: 0x001f269f
Faulting process id: 0xaa4
Faulting application start time: 0x01d33815ef920b15
Faulting application path: C:\Windows\system32\PhotoScreensaver.scr
Faulting module path: C:\Windows\system32\SHELL32.dll
Report Id: 65ed604f-a40a-11e7-b313-0050569f79dd"
Error,9/28/2017 12:00,EventCreate,1,None,Application,djkvdihost485.jakarta01.com,JAKARTA01\agnesthine  
Error,9/28/2017 11:59,EventCreate,1,None,Application,djkvdihost761.jakarta01.com,JAKARTA01\mochammad  
Error,9/28/2017 11:59,Application Error,1000,-100,Application,djkvdihost761.jakarta01.com,"Faulting application name: PhotoScreensaver.scr, version: 6.1.7601.17514, time stamp: 0x4ce7a590
Faulting module name: SHELL32.dll, version: 6.1.7601.23537, time stamp: 0x57c450f4
Exception code: 0xc0000005
Fault offset: 0x001f269f
Faulting process id: 0x1ccc
Faulting application start time: 0x01d338139ad156aa
Faulting application path: C:\Windows\system32\PhotoScreensaver.scr
Faulting module path: C:\Windows\system32\SHELL32.dll
Report Id: d6a82201-a409-11e7-baa5-0050569f0569"
Error,9/28/2017 11:59,Application Error,1000,-100,Application,djkvdihost485.jakarta01.com,"Faulting application name: OUTLOOK.EXE, version: 15.0.4919.1001, time stamp: 0x58d20482
Faulting module name: OUTLOOK.EXE, version: 15.0.4919.1001, time stamp: 0x58d20482
Exception code: 0xc0000005
Fault offset: 0x008924c4
Faulting process id: 0x1a88
Faulting application start time: 0x01d337f6cb401c74
Faulting application path: C:\Program Files\Microsoft Office\Office15\OUTLOOK.EXE
Faulting module path: C:\Program Files\Microsoft Office\Office15\OUTLOOK.EXE
Report Id: e05ccff7-a409-11e7-8bfa-0050569f3848"
Error,9/28/2017 11:55,EventCreate,1,None,Application,djkvdihost272.jakarta01.com,JAKARTA01\wildan  
Error,9/28/2017 11:50,EventCreate,1,None,Application,djkvdihost063.jakarta01.com,JAKARTA01\niluh  
Error,9/28/2017 11:50,Application Error,1000,-100,Application,djkvdihost063.jakarta01.com,"Faulting application name: spoolsv.exe, version: 6.1.7601.17777, time stamp: 0x4f35efc3
Faulting module name: msvcrt.dll, version: 7.0.7601.17744, time stamp: 0x4eeaf722
Exception code: 0xc0000005
Fault offset: 0x0000aa14
Faulting process id: 0x634
Faulting application start time: 0x01d334aa346d12c8
Faulting application path: C:\Windows\System32\spoolsv.exe
Faulting module path: C:\Windows\system32\msvcrt.dll
Report Id: 9579c952-a408-11e7-9bd4-0050569f4597"
Error,9/28/2017 11:40,EventCreate,1,None,Application,djkvdihost365.jakarta01.com,JAKARTA01\agungwd  
Error,9/28/2017 11:40,Application Error,1000,-100,Application,djkvdihost365.jakarta01.com,"Faulting application name: EXCEL.EXE, version: 15.0.4919.1000, time stamp: 0x58c7ab0f
Faulting module name: mso.dll, version: 15.0.4919.1002, time stamp: 0x58de0799
Exception code: 0xc0000005
Fault offset: 0x00210660
Faulting process id: 0x1278
Faulting application start time: 0x01d3380ff08a6fc8
Faulting application path: C:\Program Files\Microsoft Office\Office15\EXCEL.EXE
Faulting module path: C:\Program Files\Common Files\Microsoft Shared\Office15\mso.dll
Report Id: 30089158-a407-11e7-8fa7-0050569f0670"
Error,9/28/2017 11:37,EventCreate,1,None,Application,djkvdihost610.jakarta01.com,JAKARTA01\GUESTISD33  
Error,9/28/2017 11:37,Application Error,1000,-100,Application,djkvdihost610.jakarta01.com,"Faulting application name: EXCEL.EXE, version: 15.0.4919.1000, time stamp: 0x58c7ab0f
Faulting module name: EXCEL.EXE, version: 15.0.4919.1000, time stamp: 0x58c7ab0f
Exception code: 0xc0000005
Fault offset: 0x0094ea89
Faulting process id: 0x17e4
Faulting application start time: 0x01d337fff1e5297f
Faulting application path: C:\PROGRA~1\MICROS~2\Office15\EXCEL.EXE
Faulting module path: C:\PROGRA~1\MICROS~2\Office15\EXCEL.EXE
Report Id: c1dfb27f-a406-11e7-bc7b-0050569f01e9"
Error,9/28/2017 11:35,EventCreate,1,None,Application,djkvdihost758.jakarta01.com,JAKARTA01\marlina2  
Error,9/28/2017 11:32,EventCreate,1,None,Application,djkvdihost761.jakarta01.com,JAKARTA01\mochammad  
Error,9/28/2017 11:32,Application Error,1000,-100,Application,djkvdihost761.jakarta01.com,"Faulting application name: PhotoScreensaver.scr, version: 6.1.7601.17514, time stamp: 0x4ce7a590
Faulting module name: SHELL32.dll, version: 6.1.7601.23537, time stamp: 0x57c450f4
Exception code: 0xc0000005
Fault offset: 0x001f269f
Faulting process id: 0x82c
Faulting application start time: 0x01d338124e6546d2
Faulting application path: C:\Windows\system32\PhotoScreensaver.scr
Faulting module path: C:\Windows\system32\SHELL32.dll
Report Id: 0876a5d7-a406-11e7-baa5-0050569f0569"
Error,9/28/2017 11:30,EventCreate,1,None,Application,djkvdihost223.jakarta01.com,JAKARTA01\guestisd35  
Error,9/28/2017 11:25,EventCreate,1,None,Application,djkvdihost483.jakarta01.com,JAKARTA01\anggata  
Error,9/28/2017 11:25,Application Error,1000,-100,Application,djkvdihost483.jakarta01.com,"Faulting application name: pcsws.exe, version: 5090.2.8121.38, time stamp: 0x4817fa9f
Faulting module name: PCSEDIT.DLL, version: 5090.2.8121.38, time stamp: 0x48608847
Exception code: 0xc0000005
Fault offset: 0x00006af5
Faulting process id: 0x17b8
Faulting application start time: 0x01d33810d7f9bfeb
Faulting application path: C:\Program Files\IBM\Client Access\Emulator\pcsws.exe
Faulting module path: C:\Program Files\IBM\Client Access\Emulator\PCSEDIT.DLL
Report Id: 1d78ba81-a405-11e7-9c00-0050569f3313"
Error,9/28/2017 11:24,EventCreate,1,None,Application,djkvdihost709.jakarta01.com,JAKARTA01\Alexval  
Error,9/28/2017 11:22,EventCreate,1,None,Application,djkvdihost483.jakarta01.com,JAKARTA01\anggata  
Error,9/28/2017 11:22,Application Error,1000,-100,Application,djkvdihost483.jakarta01.com,"Faulting application name: pcsws.exe, version: 5090.2.8121.38, time stamp: 0x4817fa9f
Faulting module name: PCSEDIT.DLL, version: 5090.2.8121.38, time stamp: 0x48608847
Exception code: 0xc0000005
Fault offset: 0x00006af5
Faulting process id: 0x1a04
Faulting application start time: 0x01d338105fefd23a
Faulting application path: C:\Program Files\IBM\Client Access\Emulator\pcsws.exe
Faulting module path: C:\Program Files\IBM\Client Access\Emulator\PCSEDIT.DLL
Report Id: b0b6564c-a404-11e7-9c00-0050569f3313"
Error,9/28/2017 11:15,EventCreate,1,None,Application,djkvdihost300.jakarta01.com,JAKARTA01\henry  
Error,9/28/2017 11:14,EventCreate,1,None,Application,djkvdihost300.jakarta01.com,JAKARTA01\henry  
Error,9/28/2017 11:14,Application Error,1000,-100,Application,djkvdihost300.jakarta01.com,"Faulting application name: spoolsv.exe, version: 6.1.7601.17777, time stamp: 0x4f35efc3
Faulting module name: msvcrt.dll, version: 7.0.7601.17744, time stamp: 0x4eeaf722
Exception code: 0xc0000005
Fault offset: 0x0000aa14
Faulting process id: 0x634
Faulting application start time: 0x01d338100465abc3
Faulting application path: C:\Windows\System32\spoolsv.exe
Faulting module path: C:\Windows\system32\msvcrt.dll
Report Id: 877c7b14-a403-11e7-97d5-0050569f2b46"
Error,9/28/2017 11:14,EventCreate,1,None,Application,djkvdihost483.jakarta01.com,JAKARTA01\anggata  
Error,9/28/2017 11:14,Application Error,1000,-100,Application,djkvdihost483.jakarta01.com,"Faulting application name: pcsws.exe, version: 5090.2.8121.38, time stamp: 0x4817fa9f
Faulting module name: PCSEDIT.DLL, version: 5090.2.8121.38, time stamp: 0x48608847
Exception code: 0xc0000005
Fault offset: 0x00008499
Faulting process id: 0x18b0
Faulting application start time: 0x01d338100fd73720
Faulting application path: C:\Program Files\IBM\Client Access\Emulator\pcsws.exe
Faulting module path: C:\Program Files\IBM\Client Access\Emulator\PCSEDIT.DLL
Report Id: 7a01dd46-a403-11e7-9c00-0050569f3313"
Error,9/28/2017 11:12,EventCreate,1,None,Application,djkvdihost483.jakarta01.com,JAKARTA01\anggata  
Error,9/28/2017 11:12,Application Error,1000,-100,Application,djkvdihost483.jakarta01.com,"Faulting application name: pcsws.exe, version: 5090.2.8121.38, time stamp: 0x4817fa9f
Faulting module name: PCSEDIT.DLL, version: 5090.2.8121.38, time stamp: 0x48608847
Exception code: 0xc0000005
Fault offset: 0x00006af5
Faulting process id: 0x1898
Faulting application start time: 0x01d337f59ac609c7
Faulting application path: C:\Program Files\IBM\Client Access\Emulator\pcsws.exe
Faulting module path: C:\Program Files\IBM\Client Access\Emulator\PCSEDIT.DLL
Report Id: 444345fe-a403-11e7-9c00-0050569f3313"
Error,9/28/2017 11:11,EventCreate,1,None,Application,djkvdihost523.jakarta01.com,JAKARTA01\sysdovs03  
Error,9/28/2017 11:11,EventCreate,1,None,Application,djkvdihost483.jakarta01.com,JAKARTA01\anggata  
Error,9/28/2017 11:11,Application Error,1000,-100,Application,djkvdihost483.jakarta01.com,"Faulting application name: pcsws.exe, version: 5090.2.8121.38, time stamp: 0x4817fa9f
Faulting module name: PCSEDIT.DLL, version: 5090.2.8121.38, time stamp: 0x48608847
Exception code: 0xc0000005
Fault offset: 0x00006af5
Faulting process id: 0x1c24
Faulting application start time: 0x01d337f5a1817ce7
Faulting application path: C:\Program Files\IBM\Client Access\Emulator\pcsws.exe
Faulting module path: C:\Program Files\IBM\Client Access\Emulator\PCSEDIT.DLL
Report Id: 117e5d2a-a403-11e7-9c00-0050569f3313"
Error,9/28/2017 11:08,EventCreate,1,None,Application,djkvdihost686.jakarta01.com,JAKARTA01\yusdian  
Error,9/28/2017 11:07,EventCreate,1,None,Application,djkvdihost709.jakarta01.com,JAKARTA01\henry  
Error,9/28/2017 11:04,EventCreate,1,None,Application,djkvdihost295.jakarta01.com,JAKARTA01\william  
Error,9/28/2017 11:04,Application Error,1000,-100,Application,djkvdihost295.jakarta01.com,"Faulting application name: spoolsv.exe, version: 6.1.7601.17777, time stamp: 0x4f35efc3
Faulting module name: msvcrt.dll, version: 7.0.7601.17744, time stamp: 0x4eeaf722
Exception code: 0xc0000005
Fault offset: 0x0000aa14
Faulting process id: 0x63c
Faulting application start time: 0x01d337f818c90465
Faulting application path: C:\Windows\System32\spoolsv.exe
Faulting module path: C:\Windows\system32\msvcrt.dll
Report Id: 1245434f-a402-11e7-814f-0050569f7627"
Error,9/28/2017 11:00,EventCreate,1,None,Application,djkvdihost640.jakarta01.com,JAKARTA01\Beny  
Error,9/28/2017 11:00,Application Error,1000,-100,Application,djkvdihost640.jakarta01.com,"Faulting application name: EXCEL.EXE, version: 15.0.4919.1000, time stamp: 0x58c7ab0f
Faulting module name: EXCEL.EXE, version: 15.0.4919.1000, time stamp: 0x58c7ab0f
Exception code: 0xc0000005
Fault offset: 0x00083da6
Faulting process id: 0x1b50
Faulting application start time: 0x01d3380cc7000565
Faulting application path: C:\Program Files\Microsoft Office\Office15\EXCEL.EXE
Faulting module path: C:\Program Files\Microsoft Office\Office15\EXCEL.EXE
Report Id: 8c984b75-a401-11e7-a24e-0050569f6358"
Error,9/28/2017 10:58,EventCreate,1,None,Application,djkvdihost062.jakarta01.com,JAKARTA01\Rahmat  
Error,9/28/2017 10:58,Application Error,1000,-100,Application,djkvdihost062.jakarta01.com,"Faulting application name: OUTLOOK.EXE, version: 15.0.4919.1001, time stamp: 0x58d20482
Faulting module name: OUTLOOK.EXE, version: 15.0.4919.1001, time stamp: 0x58d20482
Exception code: 0xc0000005
Fault offset: 0x008924c4
Faulting process id: 0x1d44
Faulting application start time: 0x01d337f2261859a3
Faulting application path: C:\Program Files\Microsoft Office\Office15\OUTLOOK.EXE
Faulting module path: C:\Program Files\Microsoft Office\Office15\OUTLOOK.EXE
Report Id: 45ad6432-a401-11e7-ac05-0050569f5110"
Error,9/28/2017 10:57,EventCreate,1,None,Application,djkvdihost808.jakarta01.com,JAKARTA01\yuliana  
Error,9/28/2017 10:54,EventCreate,1,None,Application,djkvdihost709.jakarta01.com,JAKARTA01\guestspd09  
Error,9/28/2017 10:47,EventCreate,1,None,Application,djkvdihost873.jakarta01.com,JAKARTA01\masuyama  
Error,9/28/2017 10:46,EventCreate,1,None,Application,djkvdihost214.jakarta01.com,JAKARTA01\toyoda  
Error,9/28/2017 10:46,Application Error,1000,-100,Application,djkvdihost873.jakarta01.com,"Faulting application name: OUTLOOK.EXE, version: 15.0.4919.1001, time stamp: 0x58d20482
Faulting module name: OUTLOOK.EXE, version: 15.0.4919.1001, time stamp: 0x58d20482
Exception code: 0xc0000005
Fault offset: 0x008924c4
Faulting process id: 0x1740
Faulting application start time: 0x01d337ef3e29432d
Faulting application path: C:\Program Files\Microsoft Office\Office15\OUTLOOK.EXE
Faulting module path: C:\Program Files\Microsoft Office\Office15\OUTLOOK.EXE
Report Id: ad105bd5-a3ff-11e7-9b85-0050569f2f6a"
Error,9/28/2017 10:46,Application Error,1000,-100,Application,djkvdihost214.jakarta01.com,"Faulting application name: OUTLOOK.EXE, version: 15.0.4919.1001, time stamp: 0x58d20482
Faulting module name: OUTLOOK.EXE, version: 15.0.4919.1001, time stamp: 0x58d20482
Exception code: 0xc0000005
Fault offset: 0x008924c4
Faulting process id: 0xa54
Faulting application start time: 0x01d337f49ff70d3d
Faulting application path: C:\Program Files\Microsoft Office\Office15\OUTLOOK.EXE
Faulting module path: C:\Program Files\Microsoft Office\Office15\OUTLOOK.EXE
Report Id: 9b4faa3b-a3ff-11e7-ae54-0050569f50f1"
Error,9/28/2017 10:44,EventCreate,1,None,Application,djkvdihost414.jakarta01.com,JAKARTA01\nugraha  
Error,9/28/2017 10:44,Application Error,1000,-100,Application,djkvdihost414.jakarta01.com,"Faulting application name: PhotoScreensaver.scr, version: 6.1.7601.17514, time stamp: 0x4ce7a590
Faulting module name: SHELL32.dll, version: 6.1.7601.23537, time stamp: 0x57c450f4
Exception code: 0xc0000005
Fault offset: 0x001f269f
Faulting process id: 0x1ff8
Faulting application start time: 0x01d3380bc9d60cf0
Faulting application path: C:\Windows\system32\PhotoScreensaver.scr
Faulting module path: C:\Windows\system32\SHELL32.dll
Report Id: 4ed18037-a3ff-11e7-84cb-0050569f0db3"
Error,9/28/2017 10:44,EventCreate,1,None,Application,djkvdihost531.jakarta01.com,JAKARTA01\guestisd53  
Error,9/28/2017 10:37,EventCreate,1,None,Application,djkvdihost621.jakarta01.com,JAKARTA01\Setiawan  
Error,9/28/2017 10:37,EventCreate,1,None,Application,djkvdihost570.jakarta01.com,JAKARTA01\karmelita  
Error,9/28/2017 10:37,EventCreate,1,None,Application,djkvdihost029.jakarta01.com,JAKARTA01\indrak  
Error,9/28/2017 10:34,EventCreate,1,None,Application,djkvdihost649.jakarta01.com,JAKARTA01\purba  
Error,9/28/2017 10:33,EventCreate,1,None,Application,djkvdihost254.jakarta01.com,JAKARTA01\angga  
Error,9/28/2017 10:31,EventCreate,1,None,Application,djkvdihost113.jakarta01.com,JAKARTA01\dimas  
Error,9/28/2017 10:31,Application Error,1000,-100,Application,djkvdihost113.jakarta01.com,"Faulting application name: spoolsv.exe, version: 6.1.7601.17777, time stamp: 0x4f35efc3
Faulting module name: msvcrt.dll, version: 7.0.7601.17744, time stamp: 0x4eeaf722
Exception code: 0xc0000005
Fault offset: 0x0000aa14
Faulting process id: 0x8d0
Faulting application start time: 0x01d337f6014719ef
Faulting application path: C:\Windows\System32\spoolsv.exe
Faulting module path: C:\Windows\system32\msvcrt.dll
Report Id: 87804a33-a3fd-11e7-bfcf-0050569f6764"
Error,9/28/2017 10:29,EventCreate,1,None,Application,djkvdihost220.jakarta01.com,JAKARTA01\Festy  
Error,9/28/2017 10:29,Application Error,1000,-100,Application,djkvdihost220.jakarta01.com,"Faulting application name: spoolsv.exe, version: 6.1.7601.17777, time stamp: 0x4f35efc3
Faulting module name: msvcrt.dll, version: 7.0.7601.17744, time stamp: 0x4eeaf722
Exception code: 0xc0000005
Fault offset: 0x0000aa14
Faulting process id: 0x63c
Faulting application start time: 0x01d337b2bd0b88f3
Faulting application path: C:\Windows\System32\spoolsv.exe
Faulting module path: C:\Windows\system32\msvcrt.dll
Report Id: 4809a4ed-a3fd-11e7-954c-0050569f20aa"
Error,9/28/2017 10:29,EventCreate,1,None,Application,djkvdihost752.jakarta01.com,JAKARTA01\nora  
Error,9/28/2017 10:28,EventCreate,1,None,Application,djkvdihost752.jakarta01.com,JAKARTA01\nora  
Error,9/28/2017 10:27,EventCreate,1,None,Application,djkvdihost752.jakarta01.com,JAKARTA01\nora  
Error,9/28/2017 10:27,EventCreate,1,None,Application,djkvdihost763.jakarta01.com,JAKARTA01\sugeng  
Error,9/28/2017 10:21,EventCreate,1,None,Application,djkvdihost647.jakarta01.com,JAKARTA01\Christopher  
Error,9/28/2017 10:18,EventCreate,1,None,Application,djkvdihost421.jakarta01.com,JAKARTA01\DianRamadhania  
Error,9/28/2017 10:18,EventCreate,1,None,Application,djkvdihost115.jakarta01.com,JAKARTA01\suwilhan  
Error,9/28/2017 10:18,Application Error,1000,-100,Application,djkvdihost421.jakarta01.com,"Faulting application name: OUTLOOK.EXE, version: 15.0.4919.1001, time stamp: 0x58d20482
Faulting module name: OUTLOOK.EXE, version: 15.0.4919.1001, time stamp: 0x58d20482
Exception code: 0xc0000005
Fault offset: 0x008924c4
Faulting process id: 0x103c
Faulting application start time: 0x01d337eefc3c38fa
Faulting application path: C:\Program Files\Microsoft Office\Office15\OUTLOOK.EXE
Faulting module path: C:\Program Files\Microsoft Office\Office15\OUTLOOK.EXE
Report Id: bba7f0e7-a3fb-11e7-aac4-0050569f500d"
Error,9/28/2017 10:18,Application Error,1000,-100,Application,djkvdihost115.jakarta01.com,"Faulting application name: OUTLOOK.EXE, version: 15.0.4919.1001, time stamp: 0x58d20482
Faulting module name: OUTLOOK.EXE, version: 15.0.4919.1001, time stamp: 0x58d20482
Exception code: 0xc0000005
Fault offset: 0x008924c7
Faulting process id: 0x1a10
Faulting application start time: 0x01d33806b427f93f
Faulting application path: C:\Program Files\Microsoft Office\Office15\OUTLOOK.EXE
Faulting module path: C:\Program Files\Microsoft Office\Office15\OUTLOOK.EXE
Report Id: ab2e534f-a3fb-11e7-8ec1-0050569f1686"
Error,9/28/2017 10:16,EventCreate,1,None,Application,djkvdihost159.jakarta01.com,JAKARTA01\teddy  
Error,9/28/2017 10:16,Application Error,1000,-100,Application,djkvdihost159.jakarta01.com,"Faulting application name: OUTLOOK.EXE, version: 15.0.4919.1001, time stamp: 0x58d20482
Faulting module name: OUTLOOK.EXE, version: 15.0.4919.1001, time stamp: 0x58d20482
Exception code: 0xc0000005
Fault offset: 0x008924c7
Faulting process id: 0x1774
Faulting application start time: 0x01d337f8cd6e100c
Faulting application path: C:\Program Files\Microsoft Office\Office15\OUTLOOK.EXE
Faulting module path: C:\Program Files\Microsoft Office\Office15\OUTLOOK.EXE
Report Id: 7afa2bac-a3fb-11e7-9a4e-0050569f7203"
Error,9/28/2017 10:15,EventCreate,1,None,Application,djkvdihost526.jakarta01.com,JAKARTA01\iqbal maulanasani  
Error,9/28/2017 10:14,EventCreate,1,None,Application,djkvdihost415.jakarta01.com,JAKARTA01\wulanf  
Error,9/28/2017 10:14,Application Error,1000,-100,Application,djkvdihost415.jakarta01.com,"Faulting application name: PhotoScreensaver.scr, version: 6.1.7601.17514, time stamp: 0x4ce7a590
Faulting module name: SHELL32.dll, version: 6.1.7601.23537, time stamp: 0x57c450f4
Exception code: 0xc0000005
Fault offset: 0x001f269f
Faulting process id: 0x5c8
Faulting application start time: 0x01d33806e6b2b532
Faulting application path: C:\Windows\system32\PhotoScreensaver.scr
Faulting module path: C:\Windows\system32\SHELL32.dll
Report Id: 33e42182-a3fb-11e7-8e67-0050569f7ca0"
Error,9/28/2017 10:15,EventCreate,1,None,Application,djkvdihost599.jakarta01.com,JAKARTA01\risa  
Error,9/28/2017 10:14,EventCreate,1,None,Application,djkvdihost461.jakarta01.com,JAKARTA01\badrudin  
Error,9/28/2017 10:13,EventCreate,1,None,Application,djkvdihost414.jakarta01.com,JAKARTA01\nugraha  
Error,9/28/2017 10:14,EventCreate,1,None,Application,djkvdihost123.jakarta01.com,JAKARTA01\saptorini  
Error,9/28/2017 10:14,EventCreate,1,None,Application,djkvdihost526.jakarta01.com,JAKARTA01\iqbal maulanasani  
Error,9/28/2017 10:13,Application Error,1000,-100,Application,djkvdihost414.jakarta01.com,"Faulting application name: iexplore.exe, version: 11.0.9600.18639, time stamp: 0x58d6bb0d
Faulting module name: unknown, version: 0.0.0.0, time stamp: 0x00000000
Exception code: 0xc0000005
Fault offset: 0x7ff013b1
Faulting process id: 0x1a30
Faulting application start time: 0x01d337ea391408dd
Faulting application path: C:\Program Files\Internet Explorer\iexplore.exe
Faulting module path: unknown
Report Id: 0fab84f2-a3fb-11e7-84cb-0050569f0db3"
Error,9/28/2017 10:13,EventCreate,1,None,Application,djkvdihost046.jakarta01.com,JAKARTA01\guestisd52  
Error,9/28/2017 10:09,EventCreate,1,None,Application,djkvdihost444.jakarta01.com,JAKARTA01\ChyntiaDN  
Error,9/28/2017 10:08,EventCreate,1,None,Application,djkvdihost179.jakarta01.com,JAKARTA01\budi ramadhan  
Error,9/28/2017 10:08,EventCreate,1,None,Application,djkvdihost384.jakarta01.com,JAKARTA01\moh rinov  
Error,9/28/2017 10:09,Application Error,1000,-100,Application,djkvdihost444.jakarta01.com,"Faulting application name: OUTLOOK.EXE, version: 15.0.4919.1001, time stamp: 0x58d20482
Faulting module name: OUTLOOK.EXE, version: 15.0.4919.1001, time stamp: 0x58d20482
Exception code: 0xc0000005
Fault offset: 0x008924c4
Faulting process id: 0x1e14
Faulting application start time: 0x01d337f2c0c835f8
Faulting application path: C:\Program Files\Microsoft Office\Office15\OUTLOOK.EXE
Faulting module path: C:\Program Files\Microsoft Office\Office15\OUTLOOK.EXE
Report Id: 60f97639-a3fa-11e7-8cf6-0050569f07c9"
Error,9/28/2017 10:08,Application Error,1000,-100,Application,djkvdihost179.jakarta01.com,"Faulting application name: spoolsv.exe, version: 6.1.7601.17777, time stamp: 0x4f35efc3
Faulting module name: msvcrt.dll, version: 7.0.7601.17744, time stamp: 0x4eeaf722
Exception code: 0xc0000005
Fault offset: 0x0000aa14
Faulting process id: 0x634
Faulting application start time: 0x01d3378789862b57
Faulting application path: C:\Windows\System32\spoolsv.exe
Faulting module path: C:\Windows\system32\msvcrt.dll
Report Id: 5ba705a1-a3fa-11e7-a2c7-0050569f4288"
Error,9/28/2017 10:08,Application Error,1000,-100,Application,djkvdihost384.jakarta01.com,"Faulting application name: OUTLOOK.EXE, version: 15.0.4919.1001, time stamp: 0x58d20482
Faulting module name: OUTLOOK.EXE, version: 15.0.4919.1001, time stamp: 0x58d20482
Exception code: 0xc0000005
Fault offset: 0x008924c4
Faulting process id: 0x1b34
Faulting application start time: 0x01d337eab75aff43
Faulting application path: C:\Program Files\Microsoft Office\Office15\OUTLOOK.EXE
Faulting module path: C:\Program Files\Microsoft Office\Office15\OUTLOOK.EXE
Report Id: 5abeb887-a3fa-11e7-8e8a-0050569f08e5"
Error,9/28/2017 10:06,EventCreate,1,None,Application,djkvdihost342.jakarta01.com,JAKARTA01\Damal  
Error,9/28/2017 10:05,EventCreate,1,None,Application,djkvdihost342.jakarta01.com,JAKARTA01\Damal  
Error,9/28/2017 10:04,EventCreate,1,None,Application,djkvdihost022.jakarta01.com,JAKARTA01\Rafika  
Error,9/28/2017 10:02,EventCreate,1,None,Application,djkvdihost578.jakarta01.com,JAKARTA01\budir  
Error,9/28/2017 10:00,EventCreate,1,None,Application,djkvdihost415.jakarta01.com,JAKARTA01\wulanf  
Error,9/28/2017 10:00,Application Error,1000,-100,Application,djkvdihost415.jakarta01.com,"Faulting application name: PhotoScreensaver.scr, version: 6.1.7601.17514, time stamp: 0x4ce7a590
Faulting module name: SHELL32.dll, version: 6.1.7601.23537, time stamp: 0x57c450f4
Exception code: 0xc0000005
Fault offset: 0x001f269f
Faulting process id: 0x191c
Faulting application start time: 0x01d33804286dd2f2
Faulting application path: C:\Windows\system32\PhotoScreensaver.scr
Faulting module path: C:\Windows\system32\SHELL32.dll
Report Id: 3bdebe12-a3f9-11e7-8e67-0050569f7ca0"
Error,9/28/2017 9:59,EventCreate,1,None,Application,djkvdihost043.jakarta01.com,JAKARTA01\imam  
Error,9/28/2017 9:59,Application Error,1000,-100,Application,djkvdihost043.jakarta01.com,"Faulting application name: cwbunnav.exe, version: 12.0.0.0, time stamp: 0x483ccc47
Faulting module name: cwbunjni.dll, version: 12.0.0.0, time stamp: 0x48607acf
Exception code: 0xc0000005
Fault offset: 0x00007644
Faulting process id: 0x126c
Faulting application start time: 0x01d33805cd9fcc11
Faulting application path: C:\Program Files\IBM\Client Access\cwbunnav.exe
Faulting module path: C:\Program Files\IBM\Client Access\Shared\cwbunjni.dll
Report Id: 11e40897-a3f9-11e7-9caf-0050569f61b1"
Error,9/28/2017 9:58,EventCreate,1,None,Application,djkvdihost664.jakarta01.com,JAKARTA01\santoso  
Error,9/28/2017 9:58,Application Error,1000,-100,Application,djkvdihost664.jakarta01.com,"Faulting application name: OUTLOOK.EXE, version: 15.0.4919.1001, time stamp: 0x58d20482
Faulting module name: OUTLOOK.EXE, version: 15.0.4919.1001, time stamp: 0x58d20482
Exception code: 0xc0000005
Fault offset: 0x008924c7
Faulting process id: 0x1314
Faulting application start time: 0x01d337f3180708ed
Faulting application path: C:\Program Files\Microsoft Office\Office15\OUTLOOK.EXE
Faulting module path: C:\Program Files\Microsoft Office\Office15\OUTLOOK.EXE
Report Id: f374397e-a3f8-11e7-8659-0050569f6e89"
Error,9/28/2017 9:57,EventCreate,1,None,Application,djkvdihost543.jakarta01.com,JAKARTA01\isnaini  
Error,9/28/2017 9:57,EventCreate,1,None,Application,djkvdihost543.jakarta01.com,JAKARTA01\isnaini  
Error,9/28/2017 9:57,EventCreate,1,None,Application,djkvdihost543.jakarta01.com,JAKARTA01\isnaini  
Error,9/28/2017 9:56,EventCreate,1,None,Application,djkvdihost508.jakarta01.com,JAKARTA01\feni  
Error,9/28/2017 9:56,EventCreate,1,None,Application,djkvdihost508.jakarta01.com,JAKARTA01\feni  
Error,9/28/2017 9:54,EventCreate,1,None,Application,djkvdihost699.jakarta01.com,JAKARTA01\Bryant  
Error,9/28/2017 9:54,Application Error,1000,-100,Application,djkvdihost699.jakarta01.com,"Faulting application name: OUTLOOK.EXE, version: 15.0.4919.1001, time stamp: 0x58d20482
Faulting module name: OUTLOOK.EXE, version: 15.0.4919.1001, time stamp: 0x58d20482
Exception code: 0xc0000005
Fault offset: 0x008924c4
Faulting process id: 0x14e0
Faulting application start time: 0x01d337fc9d2ba4b9
Faulting application path: C:\Program Files\Microsoft Office\Office15\OUTLOOK.EXE
Faulting module path: C:\Program Files\Microsoft Office\Office15\OUTLOOK.EXE
Report Id: 588b77b2-a3f8-11e7-94b4-0050569f7795"
Error,9/28/2017 9:54,EventCreate,1,None,Application,djkvdihost654.jakarta01.com,JAKARTA01\septi  
Error,9/28/2017 9:48,EventCreate,1,None,Application,djkvdihost045.jakarta01.com,JAKARTA01\meltsaury  
Error,9/28/2017 9:43,EventCreate,1,None,Application,djkvdihost700.jakarta01.com,JAKARTA01\abdulas  
Error,9/28/2017 9:42,EventCreate,1,None,Application,djkvdihost415.jakarta01.com,JAKARTA01\wulanf  
Error,9/28/2017 9:42,Application Error,1000,-100,Application,djkvdihost415.jakarta01.com,"Faulting application name: PhotoScreensaver.scr, version: 6.1.7601.17514, time stamp: 0x4ce7a590
Faulting module name: SHELL32.dll, version: 6.1.7601.23537, time stamp: 0x57c450f4
Exception code: 0xc0000005
Fault offset: 0x001f269f
Faulting process id: 0x1b6c
Faulting application start time: 0x01d3380255e12db2
Faulting application path: C:\Windows\system32\PhotoScreensaver.scr
Faulting module path: C:\Windows\system32\SHELL32.dll
Report Id: a2c16cc2-a3f6-11e7-8e67-0050569f7ca0"
Error,9/28/2017 9:42,EventCreate,1,None,Application,djkvdihost277.jakarta01.com,JAKARTA01\regina  
Error,9/28/2017 9:42,EventCreate,1,None,Application,djkvdihost566.jakarta01.com,JAKARTA01\ici  
Error,9/28/2017 9:41,EventCreate,1,None,Application,djkvdihost208.jakarta01.com,JAKARTA01\hersiari  
Error,9/28/2017 9:41,Application Error,1000,-100,Application,djkvdihost208.jakarta01.com,"Faulting application name: OUTLOOK.EXE, version: 15.0.4919.1001, time stamp: 0x58d20482
Faulting module name: OUTLOOK.EXE, version: 15.0.4919.1001, time stamp: 0x58d20482
Exception code: 0xc0000005
Fault offset: 0x008924c4
Faulting process id: 0x163c
Faulting application start time: 0x01d338015aa153b8
Faulting application path: C:\Program Files\Microsoft Office\Office15\OUTLOOK.EXE
Faulting module path: C:\Program Files\Microsoft Office\Office15\OUTLOOK.EXE
Report Id: 8935c928-a3f6-11e7-9ca3-0050569f693f"
Error,9/28/2017 9:41,EventCreate,1,None,Application,djkvdihost405.jakarta01.com,JAKARTA01\wisnu  
Error,9/28/2017 9:40,EventCreate,1,None,Application,djkvdihost115.jakarta01.com,JAKARTA01\suwilhan  
Error,9/28/2017 9:40,EventCreate,1,None,Application,djkvdihost802.jakarta01.com,JAKARTA01\tenri  
