Error,10/5/2017 8:21:32 AM,EventCreate,1,None,Application,djkvdihost576.jakarta01.com,JAKARTA01\sorayahs  
Error,10/5/2017 8:21:26 AM,EventCreate,1,None,Application,djkvdihost342.jakarta01.com,JAKARTA01\ghozia  
Error,10/5/2017 8:21:21 AM,WSH,1,None,Application,djkvdihost368.jakarta01.com,"CN=Novianawati Wahyuni password will expire in 4 day(s) at 10/9/2017 8:14:42 AM

Press CTRL + ALT + DEL and select the ""Change a password"" option."
Error,10/5/2017 8:21:17 AM,EventCreate,1,None,Application,djkvdihost190.jakarta01.com,JAKARTA01\andrik  
Error,10/5/2017 8:20:42 AM,WSH,1,None,Application,djkvdihost044.jakarta01.com,"CN=Donna password will expire in 4 day(s) at 10/9/2017 1:18:52 PM

Press CTRL + ALT + DEL and select the ""Change a password"" option."
Error,10/5/2017 8:20:47 AM,EventCreate,1,None,Application,djkvdihost652.jakarta01.com,JAKARTA01\pahlevi  
Error,10/5/2017 8:20:41 AM,WSH,1,None,Application,djkvdihost044.jakarta01.com,"CN=Donna password will expire in 4 day(s) at 10/9/2017 1:18:52 PM

Press CTRL + ALT + DEL and select the ""Change a password"" option."
Error,10/5/2017 8:20:22 AM,EventCreate,1,None,Application,djkvdihost604.jakarta01.com,JAKARTA01\panji ndaru  
Error,10/5/2017 8:20:11 AM,EventCreate,1,None,Application,djkvdihost405.jakarta01.com,JAKARTA01\kristiana  
Error,10/5/2017 8:19:39 AM,EventCreate,1,None,Application,djkvdihost165.jakarta01.com,JAKARTA01\Adang  
Error,10/5/2017 8:19:34 AM,EventCreate,1,None,Application,djkvdihost328.jakarta01.com,JAKARTA01\ALFIYAH  
Error,10/5/2017 8:19:21 AM,EventCreate,1,None,Application,djkvdihost779.jakarta01.com,JAKARTA01\venir  
Error,10/5/2017 8:18:48 AM,EventCreate,1,None,Application,djkvdihost806.jakarta01.com,JAKARTA01\adriani  
Error,10/5/2017 8:18:44 AM,Application Error,1000,(100),Application,djkvdihost806.jakarta01.com,"Faulting application name: spoolsv.exe, version: 6.1.7601.17777, time stamp: 0x4f35efc3
Faulting module name: msvcrt.dll, version: 7.0.7601.17744, time stamp: 0x4eeaf722
Exception code: 0xc0000005
Fault offset: 0x0000aa14
Faulting process id: 0x638
Faulting application start time: 0x01d33cf586ec9e1a
Faulting application path: C:\Windows\System32\spoolsv.exe
Faulting module path: C:\Windows\system32\msvcrt.dll
Report Id: 209c5bb8-a96b-11e7-bd44-0050569f7046"
Error,10/5/2017 8:19:02 AM,EventCreate,1,None,Application,djkvdihost391.jakarta01.com,JAKARTA01\fahmi  
Error,10/5/2017 8:18:59 AM,EventCreate,1,None,Application,djkvdihost456.jakarta01.com,JAKARTA01\Armanto  
Error,10/5/2017 8:18:36 AM,EventCreate,1,None,Application,djkvdihost806.jakarta01.com,JAKARTA01\adriani  
Error,10/5/2017 8:18:31 AM,EventCreate,1,None,Application,djkvdihost377.jakarta01.com,JAKARTA01\MFIRMAN  
Error,10/5/2017 8:18:23 AM,EventCreate,1,None,Application,djkvdihost378.jakarta01.com,JAKARTA01\Reiffy  
Error,10/5/2017 8:18:21 AM,EventCreate,1,None,Application,djkvdihost245.jakarta01.com,JAKARTA01\yusuf  
Error,10/5/2017 8:18:18 AM,EventCreate,1,None,Application,djkvdihost387.jakarta01.com,JAKARTA01\LILY AISYAH  
Error,10/5/2017 8:18:10 AM,EventCreate,1,None,Application,djkvdihost261.jakarta01.com,JAKARTA01\Elisabeth  
Error,10/5/2017 8:17:51 AM,EventCreate,1,None,Application,djkvdihost148.jakarta01.com,JAKARTA01\ardiana  
Error,10/5/2017 8:17:47 AM,EventCreate,1,None,Application,djkvdihost469.jakarta01.com,JAKARTA01\wahyudj  
Error,10/5/2017 8:17:43 AM,EventCreate,1,None,Application,djkvdihost441.jakarta01.com,JAKARTA01\alexsandro  
Error,10/5/2017 8:17:43 AM,EventCreate,1,None,Application,djkvdihost492.jakarta01.com,JAKARTA01\endrojono  
Error,10/5/2017 8:17:35 AM,EventCreate,1,None,Application,djkvdihost134.jakarta01.com,JAKARTA01\MuhammadH  
Error,10/5/2017 8:17:33 AM,EventCreate,1,None,Application,djkvdihost480.jakarta01.com,JAKARTA01\nunu  
Error,10/5/2017 8:17:15 AM,EventCreate,1,None,Application,djkvdihost726.jakarta01.com,JAKARTA01\Jessica  
Error,10/5/2017 8:17:09 AM,EventCreate,1,None,Application,djkvdihost679.jakarta01.com,JAKARTA01\Rio  
Error,10/5/2017 8:16:37 AM,WSH,1,None,Application,djkvdihost480.jakarta01.com,"CN=Nunu Rusli password will expire in 3 day(s) at 10/8/2017 8:06:25 AM

Press CTRL + ALT + DEL and select the ""Change a password"" option."
Error,10/5/2017 8:16:45 AM,EventCreate,1,None,Application,djkvdihost054.jakarta01.com,JAKARTA01\rinaldonp  
Error,10/5/2017 8:16:37 AM,WSH,1,None,Application,djkvdihost480.jakarta01.com,"CN=Nunu Rusli password will expire in 3 day(s) at 10/8/2017 8:06:25 AM

Press CTRL + ALT + DEL and select the ""Change a password"" option."
Error,10/5/2017 8:16:27 AM,EventCreate,1,None,Application,djkvdihost463.jakarta01.com,JAKARTA01\nadia  
Error,10/5/2017 8:16:20 AM,EventCreate,1,None,Application,djkvdihost212.jakarta01.com,JAKARTA01\william  
Error,10/5/2017 8:16:07 AM,EventCreate,1,None,Application,djkvdihost525.jakarta01.com,JAKARTA01\anindita  
Error,10/5/2017 8:15:56 AM,EventCreate,1,None,Application,djkvdihost554.jakarta01.com,JAKARTA01\dwi septiyanti  
Error,10/5/2017 8:15:47 AM,EventCreate,1,None,Application,djkvdihost525.jakarta01.com,JAKARTA01\anindita  
Error,10/5/2017 8:15:26 AM,EventCreate,1,None,Application,djkvdihost256.jakarta01.com,JAKARTA01\ali pasya  
Error,10/5/2017 8:14:57 AM,EventCreate,1,None,Application,djkvdihost632.jakarta01.com,JAKARTA01\Thalia  
Error,10/5/2017 8:14:55 AM,Application Error,1000,(100),Application,djkvdihost632.jakarta01.com,"Faulting application name: spoolsv.exe, version: 6.1.7601.17777, time stamp: 0x4f35efc3
Faulting module name: msvcrt.dll, version: 7.0.7601.17744, time stamp: 0x4eeaf722
Exception code: 0xc0000005
Fault offset: 0x0000aa14
Faulting process id: 0x1d50
Faulting application start time: 0x01d33d76506a8d82
Faulting application path: C:\Windows\System32\spoolsv.exe
Faulting module path: C:\Windows\system32\msvcrt.dll
Report Id: 98117d02-a96a-11e7-aa64-0050569f16af"
Error,10/5/2017 8:15:22 AM,EventCreate,1,None,Application,djkvdihost879.jakarta01.com,JAKARTA01\Kurnia Arisayuga  
Error,10/5/2017 8:15:06 AM,EventCreate,1,None,Application,djkvdihost710.jakarta01.com,JAKARTA01\hariri  
Error,10/5/2017 8:14:43 AM,EventCreate,1,None,Application,djkvdihost153.jakarta01.com,JAKARTA01\mahendra  
Error,10/5/2017 8:14:40 AM,EventCreate,1,None,Application,djkvdihost231.jakarta01.com,JAKARTA01\Ana  
Error,10/5/2017 8:14:37 AM,EventCreate,1,None,Application,djkvdihost100.jakarta01.com,JAKARTA01\Ariestyo  
Error,10/5/2017 8:14:30 AM,EventCreate,1,None,Application,djkvdihost315.jakarta01.com,JAKARTA01\agnesthine  
Error,10/5/2017 8:13:48 AM,EventCreate,1,None,Application,djkvdihost684.jakarta01.com,JAKARTA01\Lutfi  
Error,10/5/2017 8:13:46 AM,EventCreate,1,None,Application,djkvdihost436.jakarta01.com,JAKARTA01\denny  
Error,10/5/2017 8:13:34 AM,EventCreate,1,None,Application,djkvdihost400.jakarta01.com,JAKARTA01\reny  
Error,10/5/2017 8:13:30 AM,EventCreate,1,None,Application,djkvdihost332.jakarta01.com,JAKARTA01\muhamadZAH  
Error,10/5/2017 8:13:25 AM,EventCreate,1,None,Application,djkvdihost518.jakarta01.com,JAKARTA01\Clara  
Error,10/5/2017 8:13:24 AM,EventCreate,1,None,Application,djkvdihost067.jakarta01.com,JAKARTA01\GuestISD49  
Error,10/5/2017 8:13:09 AM,EventCreate,1,None,Application,djkvdihost215.jakarta01.com,JAKARTA01\Agus  
Error,10/5/2017 8:13:01 AM,EventCreate,1,None,Application,djkvdihost042.jakarta01.com,JAKARTA01\Adi Saputra  
Error,10/5/2017 8:12:57 AM,EventCreate,1,None,Application,djkvdihost563.jakarta01.com,JAKARTA01\GuestISD46  
Error,10/5/2017 8:12:43 AM,EventCreate,1,None,Application,djkvdihost304.jakarta01.com,JAKARTA01\eka prastica  
Error,10/5/2017 8:12:18 AM,EventCreate,1,None,Application,djkvdihost669.jakarta01.com,JAKARTA01\christian2  
Error,10/5/2017 8:11:52 AM,EventCreate,1,None,Application,djkvdihost081.jakarta01.com,JAKARTA01\rudini  
Error,10/5/2017 8:11:04 AM,EventCreate,1,None,Application,djkvdihost700.jakarta01.com,JAKARTA01\Nur Maya  
Error,10/5/2017 8:11:26 AM,EventCreate,1,None,Application,djkvdihost012.jakarta01.com,JAKARTA01\aprilia  
Error,10/5/2017 8:11:24 AM,EventCreate,1,None,Application,djkvdihost194.jakarta01.com,JAKARTA01\yoshinta  
Error,10/5/2017 8:11:14 AM,EventCreate,1,None,Application,djkvdihost141.jakarta01.com,JAKARTA01\kunthi  
Error,10/5/2017 8:11:08 AM,EventCreate,1,None,Application,djkvdihost715.jakarta01.com,JAKARTA01\hafsia  
Error,10/5/2017 8:11:02 AM,EventCreate,1,None,Application,djkvdihost715.jakarta01.com,JAKARTA01\hafsia  
Error,10/5/2017 8:10:49 AM,EventCreate,1,None,Application,djkvdihost344.jakarta01.com,JAKARTA01\dadang  
Error,10/5/2017 8:10:13 AM,EventCreate,1,None,Application,djkvdihost277.jakarta01.com,JAKARTA01\mulyono  
Error,10/5/2017 8:10:29 AM,WSH,1,None,Application,djkvdihost700.jakarta01.com,"CN=Nur Maya Rahma password will expire in 3 day(s) at 10/8/2017 7:22:00 AM

Press CTRL + ALT + DEL and select the ""Change a password"" option."
Error,10/5/2017 8:10:29 AM,WSH,1,None,Application,djkvdihost700.jakarta01.com,"CN=Nur Maya Rahma password will expire in 3 day(s) at 10/8/2017 7:22:00 AM

Press CTRL + ALT + DEL and select the ""Change a password"" option."
Error,10/5/2017 8:09:57 AM,EventCreate,1,None,Application,djkvdihost425.jakarta01.com,JAKARTA01\elvina  
Error,10/5/2017 8:09:46 AM,EventCreate,1,None,Application,djkvdihost443.jakarta01.com,JAKARTA01\lisa  
Error,10/5/2017 8:10:06 AM,Application Error,1000,(100),Application,djkvdihost277.jakarta01.com,"Faulting application name: spoolsv.exe, version: 6.1.7601.17777, time stamp: 0x4f35efc3
Faulting module name: msvcrt.dll, version: 7.0.7601.17744, time stamp: 0x4eeaf722
Exception code: 0xc0000005
Fault offset: 0x0000aa14
Faulting process id: 0x634
Faulting application start time: 0x01d33ce42f51ae03
Faulting application path: C:\Windows\System32\spoolsv.exe
Faulting module path: C:\Windows\system32\msvcrt.dll
Report Id: ec2925ce-a969-11e7-bdcb-0050569f0aee"
Error,10/5/2017 8:10:03 AM,EventCreate,1,None,Application,djkvdihost189.jakarta01.com,JAKARTA01\muhammady  
Error,10/5/2017 8:10:02 AM,EventCreate,1,None,Application,djkvdihost607.jakarta01.com,JAKARTA01\puty  
Error,10/5/2017 8:09:50 AM,EventCreate,1,None,Application,djkvdihost425.jakarta01.com,JAKARTA01\elvina  
Error,10/5/2017 8:09:49 AM,EventCreate,1,None,Application,djkvdihost170.jakarta01.com,JAKARTA01\nadea  
Error,10/5/2017 8:09:43 AM,EventCreate,1,None,Application,djkvdihost339.jakarta01.com,JAKARTA01\amanda  
Error,10/5/2017 8:09:40 AM,EventCreate,1,None,Application,djkvdihost443.jakarta01.com,JAKARTA01\lisa  
Error,10/5/2017 8:09:39 AM,EventCreate,1,None,Application,djkvdihost646.jakarta01.com,JAKARTA01\rininta  
Error,10/5/2017 8:09:39 AM,EventCreate,1,None,Application,djkvdihost753.jakarta01.com,JAKARTA01\jati  
Error,10/5/2017 8:09:30 AM,EventCreate,1,None,Application,djkvdihost156.jakarta01.com,JAKARTA01\nirliani  
Error,10/5/2017 8:09:29 AM,EventCreate,1,None,Application,djkvdihost145.jakarta01.com,JAKARTA01\Damal  
Error,10/5/2017 8:09:15 AM,EventCreate,1,None,Application,djkvdihost808.jakarta01.com,JAKARTA01\Anton 2  
Error,10/5/2017 8:09:12 AM,EventCreate,1,None,Application,djkvdihost443.jakarta01.com,JAKARTA01\lisa  
Error,10/5/2017 8:09:08 AM,EventCreate,1,None,Application,djkvdihost200.jakarta01.com,JAKARTA01\eriku  
Error,10/5/2017 8:09:03 AM,EventCreate,1,None,Application,djkvdihost151.jakarta01.com,JAKARTA01\GUESTISD32  
Error,10/5/2017 8:09:01 AM,EventCreate,1,None,Application,djkvdihost508.jakarta01.com,JAKARTA01\rahayu  
Error,10/5/2017 8:09:01 AM,EventCreate,1,None,Application,djkvdihost111.jakarta01.com,JAKARTA01\giandripn  
Error,10/5/2017 8:08:25 AM,WSH,1,None,Application,djkvdihost808.jakarta01.com,"CN=Anton Anton password will expire in 4 day(s) at 10/9/2017 8:15:09 AM

Press CTRL + ALT + DEL and select the ""Change a password"" option."
Error,10/5/2017 8:08:24 AM,EventCreate,1,None,Application,djkvdihost605.jakarta01.com,JAKARTA01\M Said  
Error,10/5/2017 8:08:51 AM,EventCreate,1,None,Application,djkvdihost747.jakarta01.com,JAKARTA01\widiana  
Error,10/5/2017 8:08:47 AM,EventCreate,1,None,Application,djkvdihost339.jakarta01.com,JAKARTA01\amanda  
Error,10/5/2017 8:08:40 AM,EventCreate,1,None,Application,djkvdihost698.jakarta01.com,JAKARTA01\Darmawati  
Error,10/5/2017 8:08:32 AM,EventCreate,1,None,Application,djkvdihost017.jakarta01.com,JAKARTA01\linda  
Error,10/5/2017 8:07:59 AM,EventCreate,1,None,Application,djkvdihost346.jakarta01.com,JAKARTA01\enrikko  
Error,10/5/2017 8:07:54 AM,EventCreate,1,None,Application,djkvdihost121.jakarta01.com,JAKARTA01\iqbal  
Error,10/5/2017 8:08:23 AM,WSH,1,None,Application,djkvdihost808.jakarta01.com,"CN=Anton Anton password will expire in 4 day(s) at 10/9/2017 8:15:09 AM

Press CTRL + ALT + DEL and select the ""Change a password"" option."
Error,10/5/2017 8:08:21 AM,EventCreate,1,None,Application,djkvdihost605.jakarta01.com,JAKARTA01\M Said  
Error,10/5/2017 8:07:52 AM,EventCreate,1,None,Application,djkvdihost135.jakarta01.com,JAKARTA01\samsul  
Error,10/5/2017 8:07:39 AM,Application Error,1000,(100),Application,djkvdihost135.jakarta01.com,"Faulting application name: spoolsv.exe, version: 6.1.7601.17777, time stamp: 0x4f35efc3
Faulting module name: msvcrt.dll, version: 7.0.7601.17744, time stamp: 0x4eeaf722
Exception code: 0xc0000005
Fault offset: 0x0000aa14
Faulting process id: 0x638
Faulting application start time: 0x01d33cff545d7d69
Faulting application path: C:\Windows\System32\spoolsv.exe
Faulting module path: C:\Windows\system32\msvcrt.dll
Report Id: 9435f506-a969-11e7-ad39-0050569f64d7"
Error,10/5/2017 8:08:07 AM,EventCreate,1,None,Application,djkvdihost744.jakarta01.com,JAKARTA01\georgedk  
Error,10/5/2017 8:07:48 AM,EventCreate,1,None,Application,djkvdihost282.jakarta01.com,JAKARTA01\sari  
Error,10/5/2017 8:07:47 AM,Application Error,1000,(100),Application,djkvdihost346.jakarta01.com,"Faulting application name: spoolsv.exe, version: 6.1.7601.17777, time stamp: 0x4f35efc3
Faulting module name: msvcrt.dll, version: 7.0.7601.17744, time stamp: 0x4eeaf722
Exception code: 0xc0000005
Fault offset: 0x0000aa14
Faulting process id: 0x630
Faulting application start time: 0x01d33cf89ea6bfbe
Faulting application path: C:\Windows\System32\spoolsv.exe
Faulting module path: C:\Windows\system32\msvcrt.dll
Report Id: 997480c1-a969-11e7-9db0-0050569f7fe8"
Error,10/5/2017 8:07:33 AM,EventCreate,1,None,Application,djkvdihost135.jakarta01.com,JAKARTA01\samsul  
Error,10/5/2017 8:07:03 AM,EventCreate,1,None,Application,djkvdihost297.jakarta01.com,JAKARTA01\Aisyah  
Error,10/5/2017 8:07:28 AM,EventCreate,1,None,Application,djkvdihost220.jakarta01.com,JAKARTA01\Darmi  
Error,10/5/2017 8:07:28 AM,EventCreate,1,None,Application,djkvdihost197.jakarta01.com,JAKARTA01\indra jayadi  
Error,10/5/2017 8:07:26 AM,EventCreate,1,None,Application,djkvdihost507.jakarta01.com,JAKARTA01\AULIASA  
Error,10/5/2017 8:07:20 AM,EventCreate,1,None,Application,djkvdihost072.jakarta01.com,JAKARTA01\fediana  
Error,10/5/2017 8:07:17 AM,EventCreate,1,None,Application,djkvdihost020.jakarta01.com,JAKARTA01\rizal  
Error,10/5/2017 8:06:45 AM,EventCreate,1,None,Application,djkvdihost196.jakarta01.com,JAKARTA01\Fardhady  
Error,10/5/2017 8:07:07 AM,EventCreate,1,None,Application,djkvdihost574.jakarta01.com,JAKARTA01\Anton  
Error,10/5/2017 8:07:05 AM,EventCreate,1,None,Application,djkvdihost816.jakarta01.com,JAKARTA01\ahmad  
Error,10/5/2017 8:06:31 AM,EventCreate,1,None,Application,djkvdihost632.jakarta01.com,JAKARTA01\Thalia  
Error,10/5/2017 8:06:48 AM,EventCreate,1,None,Application,djkvdihost136.jakarta01.com,JAKARTA01\Anton 2  
Error,10/5/2017 8:06:45 AM,EventCreate,1,None,Application,djkvdihost398.jakarta01.com,JAKARTA01\Jauw  
Error,10/5/2017 8:06:43 AM,EventCreate,1,None,Application,djkvdihost297.jakarta01.com,JAKARTA01\Aisyah  
Error,10/5/2017 8:06:40 AM,EventCreate,1,None,Application,djkvdihost047.jakarta01.com,JAKARTA01\Dwita  
Error,10/5/2017 8:06:40 AM,EventCreate,1,None,Application,djkvdihost426.jakarta01.com,JAKARTA01\GuestISD43  
Error,10/5/2017 8:06:17 AM,EventCreate,1,None,Application,djkvdihost663.jakarta01.com,JAKARTA01\victoria  
Error,10/5/2017 8:06:11 AM,EventCreate,1,None,Application,djkvdihost663.jakarta01.com,JAKARTA01\victoria  
Error,10/5/2017 8:06:08 AM,EventCreate,1,None,Application,djkvdihost663.jakarta01.com,JAKARTA01\victoria  
Error,10/5/2017 8:06:36 AM,EventCreate,1,None,Application,djkvdihost184.jakarta01.com,JAKARTA01\augtiaji  
Error,10/5/2017 8:06:31 AM,EventCreate,1,None,Application,djkvdihost006.jakarta01.com,JAKARTA01\Fitri Nawawi  
Error,10/5/2017 8:05:57 AM,WSH,1,None,Application,djkvdihost136.jakarta01.com,"CN=Anton Anton password will expire in 4 day(s) at 10/9/2017 8:15:09 AM

Press CTRL + ALT + DEL and select the ""Change a password"" option."
Error,10/5/2017 8:06:26 AM,EventCreate,1,None,Application,djkvdihost322.jakarta01.com,JAKARTA01\prakasa  
Error,10/5/2017 8:06:26 AM,EventCreate,1,None,Application,djkvdihost196.jakarta01.com,JAKARTA01\Fardhady  
Error,10/5/2017 8:06:22 AM,Application Error,1000,(100),Application,djkvdihost632.jakarta01.com,"Faulting application name: spoolsv.exe, version: 6.1.7601.17777, time stamp: 0x4f35efc3
Faulting module name: msvcrt.dll, version: 7.0.7601.17744, time stamp: 0x4eeaf722
Exception code: 0xc0000005
Fault offset: 0x0000aa14
Faulting process id: 0x63c
Faulting application start time: 0x01d33d01ae65f89d
Faulting application path: C:\Windows\System32\spoolsv.exe
Faulting module path: C:\Windows\system32\msvcrt.dll
Report Id: 665cf5b2-a969-11e7-aa64-0050569f16af"
Error,10/5/2017 8:06:19 AM,EventCreate,1,None,Application,djkvdihost832.jakarta01.com,JAKARTA01\novianti  
Error,10/5/2017 8:05:37 AM,EventCreate,1,None,Application,djkvdihost158.jakarta01.com,JAKARTA01\ni ketut  
Error,10/5/2017 8:06:03 AM,EventCreate,1,None,Application,djkvdihost768.jakarta01.com,JAKARTA01\evi  
Error,10/5/2017 8:05:57 AM,EventCreate,1,None,Application,djkvdihost663.jakarta01.com,JAKARTA01\victoria  
Error,10/5/2017 8:05:56 AM,WSH,1,None,Application,djkvdihost136.jakarta01.com,"CN=Anton Anton password will expire in 4 day(s) at 10/9/2017 8:15:09 AM

Press CTRL + ALT + DEL and select the ""Change a password"" option."
Error,10/5/2017 8:05:56 AM,EventCreate,1,None,Application,djkvdihost615.jakarta01.com,JAKARTA01\priscilla  
Error,10/5/2017 8:05:46 AM,EventCreate,1,None,Application,djkvdihost760.jakarta01.com,JAKARTA01\adityo  
Error,10/5/2017 8:05:40 AM,EventCreate,1,None,Application,djkvdihost173.jakarta01.com,JAKARTA01\wulan  
Error,10/5/2017 8:05:34 AM,EventCreate,1,None,Application,djkvdihost671.jakarta01.com,JAKARTA01\melani  
Error,10/5/2017 8:05:00 AM,EventCreate,1,None,Application,djkvdihost703.jakarta01.com,JAKARTA01\lieke  
Error,10/5/2017 8:05:13 AM,EventCreate,1,None,Application,djkvdihost807.jakarta01.com,JAKARTA01\adiyanti  
Error,10/5/2017 8:05:10 AM,EventCreate,1,None,Application,djkvdihost831.jakarta01.com,JAKARTA01\syifa  
Error,10/5/2017 8:05:08 AM,EventCreate,1,None,Application,djkvdihost007.jakarta01.com,JAKARTA01\Hasna  
Error,10/5/2017 8:05:05 AM,EventCreate,1,None,Application,djkvdihost158.jakarta01.com,JAKARTA01\ni ketut  
Error,10/5/2017 8:05:03 AM,EventCreate,1,None,Application,djkvdihost162.jakarta01.com,JAKARTA01\astio  
Error,10/5/2017 8:04:34 AM,WSH,1,None,Application,djkvdihost703.jakarta01.com,"CN=Lieke password will expire in 4 day(s) at 10/9/2017 7:14:13 AM

Press CTRL + ALT + DEL and select the ""Change a password"" option."
Error,10/5/2017 8:04:48 AM,EventCreate,1,None,Application,djkvdihost460.jakarta01.com,JAKARTA01\muammar  
Error,10/5/2017 8:04:42 AM,EventCreate,1,None,Application,djkvdihost658.jakarta01.com,JAKARTA01\anissa  
Error,10/5/2017 8:04:37 AM,EventCreate,1,None,Application,djkvdihost318.jakarta01.com,JAKARTA01\tri wahyu  
Error,10/5/2017 8:04:32 AM,WSH,1,None,Application,djkvdihost703.jakarta01.com,"CN=Lieke password will expire in 4 day(s) at 10/9/2017 7:14:13 AM

Press CTRL + ALT + DEL and select the ""Change a password"" option."
Error,10/5/2017 8:04:29 AM,EventCreate,1,None,Application,djkvdihost242.jakarta01.com,JAKARTA01\driarkoro  
Error,10/5/2017 8:04:20 AM,EventCreate,1,None,Application,djkvdihost050.jakarta01.com,JAKARTA01\Helena  
Error,10/5/2017 8:04:08 AM,EventCreate,1,None,Application,djkvdihost260.jakarta01.com,JAKARTA01\karen  
Error,10/5/2017 8:04:02 AM,EventCreate,1,None,Application,djkvdihost557.jakarta01.com,JAKARTA01\Chairul  
Error,10/5/2017 8:03:58 AM,Application Error,1000,(100),Application,djkvdihost260.jakarta01.com,"Faulting application name: spoolsv.exe, version: 6.1.7601.17777, time stamp: 0x4f35efc3
Faulting module name: msvcrt.dll, version: 7.0.7601.17744, time stamp: 0x4eeaf722
Exception code: 0xc0000005
Fault offset: 0x0000aa14
Faulting process id: 0x630
Faulting application start time: 0x01d33ce40b958c24
Faulting application path: C:\Windows\System32\spoolsv.exe
Faulting module path: C:\Windows\system32\msvcrt.dll
Report Id: 109b54a5-a969-11e7-9091-0050569f3343"
Error,10/5/2017 8:03:48 AM,EventCreate,1,None,Application,djkvdihost418.jakarta01.com,JAKARTA01\subhan  
Error,10/5/2017 8:03:42 AM,EventCreate,1,None,Application,djkvdihost427.jakarta01.com,JAKARTA01\Siti Atikah  
Error,10/5/2017 8:03:39 AM,EventCreate,1,None,Application,djkvdihost830.jakarta01.com,JAKARTA01\evrizon  
Error,10/5/2017 8:03:39 AM,EventCreate,1,None,Application,djkvdihost536.jakarta01.com,JAKARTA01\Arlyne  
Error,10/5/2017 8:03:35 AM,EventCreate,1,None,Application,djkvdihost530.jakarta01.com,JAKARTA01\Ahmad Hidayat  
Error,10/5/2017 8:03:35 AM,EventCreate,1,None,Application,djkvdihost281.jakarta01.com,JAKARTA01\eriksetiawan  
Error,10/5/2017 8:03:31 AM,EventCreate,1,None,Application,djkvdihost271.jakarta01.com,JAKARTA01\Ade k  
Error,10/5/2017 8:03:20 AM,EventCreate,1,None,Application,djkvdihost639.jakarta01.com,JAKARTA01\mega  
Error,10/5/2017 8:03:08 AM,EventCreate,1,None,Application,djkvdihost498.jakarta01.com,JAKARTA01\ailsa  
Error,10/5/2017 8:03:07 AM,EventCreate,1,None,Application,djkvdihost817.jakarta01.com,JAKARTA01\Tyas  
Error,10/5/2017 8:03:03 AM,EventCreate,1,None,Application,djkvdihost392.jakarta01.com,JAKARTA01\dyah alit  
Error,10/5/2017 8:03:02 AM,EventCreate,1,None,Application,djkvdihost349.jakarta01.com,JAKARTA01\alifah  
Error,10/5/2017 8:02:58 AM,EventCreate,1,None,Application,djkvdihost467.jakarta01.com,JAKARTA01\achmadr  
Error,10/5/2017 8:02:57 AM,EventCreate,1,None,Application,djkvdihost585.jakarta01.com,JAKARTA01\Yonanda  
Error,10/5/2017 8:02:55 AM,EventCreate,1,None,Application,djkvdihost717.jakarta01.com,JAKARTA01\vanya  
Error,10/5/2017 8:02:52 AM,EventCreate,1,None,Application,djkvdihost177.jakarta01.com,JAKARTA01\gian  
Error,10/5/2017 8:02:48 AM,EventCreate,1,None,Application,djkvdihost495.jakarta01.com,JAKARTA01\phia  
Error,10/5/2017 8:02:48 AM,EventCreate,1,None,Application,djkvdihost255.jakarta01.com,JAKARTA01\lucky  
Error,10/5/2017 8:02:46 AM,EventCreate,1,None,Application,djkvdihost619.jakarta01.com,JAKARTA01\idams  
Error,10/5/2017 8:02:43 AM,EventCreate,1,None,Application,djkvdihost060.jakarta01.com,JAKARTA01\Yunita2  
Error,10/5/2017 8:02:43 AM,EventCreate,1,None,Application,djkvdihost155.jakarta01.com,JAKARTA01\eriks  
Error,10/5/2017 8:02:42 AM,EventCreate,1,None,Application,djkvdihost820.jakarta01.com,JAKARTA01\ng ryan  
Error,10/5/2017 8:02:37 AM,EventCreate,1,None,Application,djkvdihost681.jakarta01.com,JAKARTA01\daniel chin  
Error,10/5/2017 8:02:32 AM,EventCreate,1,None,Application,djkvdihost228.jakarta01.com,JAKARTA01\indrak  
Error,10/5/2017 8:02:27 AM,EventCreate,1,None,Application,djkvdihost284.jakarta01.com,JAKARTA01\bellaisya  
Error,10/5/2017 8:02:20 AM,EventCreate,1,None,Application,djkvdihost310.jakarta01.com,JAKARTA01\dadi  
Error,10/5/2017 8:02:05 AM,EventCreate,1,None,Application,djkvdihost741.jakarta01.com,JAKARTA01\bella  
Error,10/5/2017 8:02:01 AM,EventCreate,1,None,Application,djkvdihost031.jakarta01.com,JAKARTA01\lileliza  
Error,10/5/2017 8:01:55 AM,EventCreate,1,None,Application,djkvdihost782.jakarta01.com,JAKARTA01\nora  
Error,10/5/2017 8:01:40 AM,EventCreate,1,None,Application,djkvdihost643.jakarta01.com,JAKARTA01\samekto  
Error,10/5/2017 8:01:36 AM,EventCreate,1,None,Application,djkvdihost087.jakarta01.com,JAKARTA01\Listya  
Error,10/5/2017 8:01:28 AM,EventCreate,1,None,Application,djkvdihost725.jakarta01.com,JAKARTA01\m iqbal  
Error,10/5/2017 8:01:25 AM,EventCreate,1,None,Application,djkvdihost022.jakarta01.com,JAKARTA01\Risqia  
Error,10/5/2017 8:01:24 AM,EventCreate,1,None,Application,djkvdihost633.jakarta01.com,JAKARTA01\Bambang  
Error,10/5/2017 8:01:11 AM,EventCreate,1,None,Application,djkvdihost099.jakarta01.com,JAKARTA01\yoga  
Error,10/5/2017 8:01:11 AM,EventCreate,1,None,Application,djkvdihost501.jakarta01.com,JAKARTA01\Lordy  
Error,10/5/2017 8:01:09 AM,EventCreate,1,None,Application,djkvdihost493.jakarta01.com,JAKARTA01\meva  
Error,10/5/2017 8:00:36 AM,EventCreate,1,None,Application,djkvdihost192.jakarta01.com,JAKARTA01\Eny Masruroh  
Error,10/5/2017 8:00:31 AM,Application Error,1000,(100),Application,djkvdihost192.jakarta01.com,"Faulting application name: spoolsv.exe, version: 6.1.7601.17777, time stamp: 0x4f35efc3
Faulting module name: msvcrt.dll, version: 7.0.7601.17744, time stamp: 0x4eeaf722
Exception code: 0xc0000005
Fault offset: 0x0000aa14
Faulting process id: 0x634
Faulting application start time: 0x01d33d082394b1f4
Faulting application path: C:\Windows\System32\spoolsv.exe
Faulting module path: C:\Windows\system32\msvcrt.dll
Report Id: 955d519a-a968-11e7-b6a2-0050569f1891"
Error,10/5/2017 8:01:01 AM,EventCreate,1,None,Application,djkvdihost034.jakarta01.com,JAKARTA01\Latiefah  
Error,10/5/2017 8:00:58 AM,EventCreate,1,None,Application,djkvdihost350.jakarta01.com,JAKARTA01\nadya  
Error,10/5/2017 8:00:53 AM,EventCreate,1,None,Application,djkvdihost714.jakarta01.com,JAKARTA01\hafiah  
Error,10/5/2017 8:00:48 AM,EventCreate,1,None,Application,djkvdihost361.jakarta01.com,JAKARTA01\Rizky Anggari  
Error,10/5/2017 8:00:40 AM,EventCreate,1,None,Application,djkvdihost902.jakarta01.com,JAKARTA01\matthew  
Error,10/5/2017 8:00:29 AM,EventCreate,1,None,Application,djkvdihost506.jakarta01.com,JAKARTA01\reza  
Error,10/5/2017 8:00:26 AM,EventCreate,1,None,Application,djkvdihost365.jakarta01.com,JAKARTA01\supris  
Error,10/5/2017 8:00:24 AM,EventCreate,1,None,Application,djkvdihost583.jakarta01.com,JAKARTA01\zulkarnaena  
Error,10/5/2017 8:00:23 AM,EventCreate,1,None,Application,djkvdihost556.jakarta01.com,JAKARTA01\Widi Anggraeni  
Error,10/5/2017 8:00:20 AM,EventCreate,1,None,Application,djkvdihost470.jakarta01.com,JAKARTA01\Hadi  
Error,10/5/2017 8:00:17 AM,EventCreate,1,None,Application,djkvdihost048.jakarta01.com,JAKARTA01\clarissa  
Error,10/5/2017 8:00:09 AM,EventCreate,1,None,Application,djkvdihost675.jakarta01.com,JAKARTA01\sandrase  
Error,10/5/2017 7:59:39 AM,EventCreate,1,None,Application,djkvdihost351.jakarta01.com,JAKARTA01\Guestisd37  
Error,10/5/2017 7:59:28 AM,EventCreate,1,None,Application,djkvdihost410.jakarta01.com,JAKARTA01\BERNARDUS  
Error,10/5/2017 7:59:21 AM,EventCreate,1,None,Application,djkvdihost481.jakarta01.com,JAKARTA01\hanna  
Error,10/5/2017 7:59:16 AM,EventCreate,1,None,Application,djkvdihost131.jakarta01.com,JAKARTA01\jeffry  
Error,10/5/2017 7:59:09 AM,EventCreate,1,None,Application,djkvdihost472.jakarta01.com,JAKARTA01\puri  
Error,10/5/2017 7:59:06 AM,EventCreate,1,None,Application,djkvdihost656.jakarta01.com,JAKARTA01\chandra  
Error,10/5/2017 7:59:06 AM,EventCreate,1,None,Application,djkvdihost479.jakarta01.com,JAKARTA01\sysdovs01  
Error,10/5/2017 7:59:04 AM,EventCreate,1,None,Application,djkvdihost248.jakarta01.com,JAKARTA01\dananwst  
Error,10/5/2017 7:58:58 AM,EventCreate,1,None,Application,djkvdihost720.jakarta01.com,JAKARTA01\fajar  
Error,10/5/2017 7:58:58 AM,EventCreate,1,None,Application,djkvdihost376.jakarta01.com,JAKARTA01\Mustikawati  
Error,10/5/2017 7:58:56 AM,EventCreate,1,None,Application,djkvdihost126.jakarta01.com,JAKARTA01\angga  
Error,10/5/2017 7:58:55 AM,EventCreate,1,None,Application,djkvdihost116.jakarta01.com,JAKARTA01\fahrul  
Error,10/5/2017 7:58:52 AM,EventCreate,1,None,Application,djkvdihost274.jakarta01.com,JAKARTA01\dimas  
Error,10/5/2017 7:58:45 AM,EventCreate,1,None,Application,djkvdihost411.jakarta01.com,JAKARTA01\andrewrs  
Error,10/5/2017 7:58:43 AM,EventCreate,1,None,Application,djkvdihost442.jakarta01.com,JAKARTA01\yulia rifanda  
Error,10/5/2017 7:58:42 AM,EventCreate,1,None,Application,djkvdihost094.jakarta01.com,JAKARTA01\belly  
Error,10/5/2017 7:58:41 AM,EventCreate,1,None,Application,djkvdihost785.jakarta01.com,JAKARTA01\shinta  
Error,10/5/2017 7:58:36 AM,EventCreate,1,None,Application,djkvdihost699.jakarta01.com,JAKARTA01\Taufik Kurniawan  
Error,10/5/2017 7:58:32 AM,EventCreate,1,None,Application,djkvdihost117.jakarta01.com,JAKARTA01\MSandy  
Error,10/5/2017 7:58:28 AM,EventCreate,1,None,Application,djkvdihost204.jakarta01.com,JAKARTA01\dadi hardi  
Error,10/5/2017 7:58:26 AM,EventCreate,1,None,Application,djkvdihost729.jakarta01.com,JAKARTA01\henry st  
Error,10/5/2017 7:58:25 AM,EventCreate,1,None,Application,djkvdihost778.jakarta01.com,JAKARTA01\lani  
Error,10/5/2017 7:58:23 AM,EventCreate,1,None,Application,djkvdihost384.jakarta01.com,JAKARTA01\dady  
Error,10/5/2017 7:58:18 AM,EventCreate,1,None,Application,djkvdihost668.jakarta01.com,JAKARTA01\anjani  
Error,10/5/2017 7:58:16 AM,EventCreate,1,None,Application,djkvdihost167.jakarta01.com,JAKARTA01\fauziah wildan  
Error,10/5/2017 7:58:15 AM,EventCreate,1,None,Application,djkvdihost291.jakarta01.com,JAKARTA01\yuswardie  
Error,10/5/2017 7:58:15 AM,EventCreate,1,None,Application,djkvdihost119.jakarta01.com,JAKARTA01\Nazlaini  
Error,10/5/2017 7:58:11 AM,EventCreate,1,None,Application,djkvdihost307.jakarta01.com,JAKARTA01\ayu  
Error,10/5/2017 7:58:09 AM,EventCreate,1,None,Application,djkvdihost781.jakarta01.com,JAKARTA01\muhdi  
Error,10/5/2017 7:58:07 AM,EventCreate,1,None,Application,djkvdihost838.jakarta01.com,JAKARTA01\arief  
Error,10/5/2017 7:58:06 AM,EventCreate,1,None,Application,djkvdihost444.jakarta01.com,JAKARTA01\hadid  
Error,10/5/2017 7:58:04 AM,EventCreate,1,None,Application,djkvdihost375.jakarta01.com,JAKARTA01\chris bowo  
Error,10/5/2017 7:57:30 AM,WSH,1,None,Application,djkvdihost384.jakarta01.com,"CN=Dady Hidayat password will expire in 3 day(s) at 10/8/2017 7:59:22 AM

Press CTRL + ALT + DEL and select the ""Change a password"" option."
Error,10/5/2017 7:57:48 AM,EventCreate,1,None,Application,djkvdihost693.jakarta01.com,JAKARTA01\DedyW  
Error,10/5/2017 7:57:48 AM,EventCreate,1,None,Application,djkvdihost597.jakarta01.com,JAKARTA01\teddyks  
Error,10/5/2017 7:57:46 AM,EventCreate,1,None,Application,djkvdihost175.jakarta01.com,JAKARTA01\annisa inggita  
Error,10/5/2017 7:57:38 AM,EventCreate,1,None,Application,djkvdihost795.jakarta01.com,JAKARTA01\smuhidin  
Error,10/5/2017 7:57:37 AM,EventCreate,1,None,Application,djkvdihost253.jakarta01.com,JAKARTA01\maya  
Error,10/5/2017 7:57:37 AM,EventCreate,1,None,Application,djkvdihost827.jakarta01.com,JAKARTA01\EDameria  
Error,10/5/2017 7:57:35 AM,EventCreate,1,None,Application,djkvdihost660.jakarta01.com,JAKARTA01\Nurmalia  
Error,10/5/2017 7:57:33 AM,EventCreate,1,None,Application,djkvdihost423.jakarta01.com,JAKARTA01\widya utami  
Error,10/5/2017 7:57:32 AM,EventCreate,1,None,Application,djkvdihost499.jakarta01.com,JAKARTA01\eunice  
Error,10/5/2017 7:57:31 AM,EventCreate,1,None,Application,djkvdihost183.jakarta01.com,JAKARTA01\krisnawan  
Error,10/5/2017 7:57:29 AM,EventCreate,1,None,Application,djkvdihost180.jakarta01.com,JAKARTA01\dwi budi  
Error,10/5/2017 7:57:29 AM,EventCreate,1,None,Application,djkvdihost023.jakarta01.com,JAKARTA01\puspitasari  
Error,10/5/2017 7:57:29 AM,WSH,1,None,Application,djkvdihost384.jakarta01.com,"CN=Dady Hidayat password will expire in 3 day(s) at 10/8/2017 7:59:22 AM

Press CTRL + ALT + DEL and select the ""Change a password"" option."
Error,10/5/2017 7:57:24 AM,EventCreate,1,None,Application,djkvdihost276.jakarta01.com,JAKARTA01\wicaksono  
Error,10/5/2017 7:57:17 AM,EventCreate,1,None,Application,djkvdihost786.jakarta01.com,JAKARTA01\laila  
Error,10/5/2017 7:57:14 AM,EventCreate,1,None,Application,djkvdihost303.jakarta01.com,JAKARTA01\melany  
Error,10/5/2017 7:57:13 AM,EventCreate,1,None,Application,djkvdihost621.jakarta01.com,JAKARTA01\airin  
Error,10/5/2017 7:56:36 AM,WSH,1,None,Application,djkvdihost499.jakarta01.com,"CN=Eunice Shertaria Bangun password will expire in 3 day(s) at 10/8/2017 8:00:20 AM

Press CTRL + ALT + DEL and select the ""Change a password"" option."
Error,10/5/2017 7:57:05 AM,EventCreate,1,None,Application,djkvdihost172.jakarta01.com,JAKARTA01\Puspa  
Error,10/5/2017 7:57:04 AM,EventCreate,1,None,Application,djkvdihost752.jakarta01.com,JAKARTA01\bagas  
Error,10/5/2017 7:56:46 AM,EventCreate,1,None,Application,djkvdihost694.jakarta01.com,JAKARTA01\dimas adhi  
Error,10/5/2017 7:56:46 AM,EventCreate,1,None,Application,djkvdihost010.jakarta01.com,JAKARTA01\apip  
Error,10/5/2017 7:56:42 AM,EventCreate,1,None,Application,djkvdihost041.jakarta01.com,JAKARTA01\ceciliadt  
Error,10/5/2017 7:56:35 AM,WSH,1,None,Application,djkvdihost499.jakarta01.com,"CN=Eunice Shertaria Bangun password will expire in 3 day(s) at 10/8/2017 8:00:20 AM

Press CTRL + ALT + DEL and select the ""Change a password"" option."
Error,10/5/2017 7:56:32 AM,EventCreate,1,None,Application,djkvdihost464.jakarta01.com,JAKARTA01\rubyani  
Error,10/5/2017 7:56:32 AM,EventCreate,1,None,Application,djkvdihost882.jakarta01.com,JAKARTA01\khalid  
Error,10/5/2017 7:56:28 AM,EventCreate,1,None,Application,djkvdihost198.jakarta01.com,JAKARTA01\sergi  
Error,10/5/2017 7:56:27 AM,EventCreate,1,None,Application,djkvdihost055.jakarta01.com,JAKARTA01\cita  
Error,10/5/2017 7:55:56 AM,EventCreate,1,None,Application,djkvdihost406.jakarta01.com,JAKARTA01\budhasca  
Error,10/5/2017 7:56:25 AM,EventCreate,1,None,Application,djkvdihost690.jakarta01.com,JAKARTA01\heriansyah  
Error,10/5/2017 7:56:23 AM,EventCreate,1,None,Application,djkvdihost566.jakarta01.com,JAKARTA01\Darmawan  
Error,10/5/2017 7:56:21 AM,EventCreate,1,None,Application,djkvdihost690.jakarta01.com,JAKARTA01\heriansyah  
Error,10/5/2017 7:56:13 AM,EventCreate,1,None,Application,djkvdihost564.jakarta01.com,JAKARTA01\quartiny  
Error,10/5/2017 7:56:09 AM,EventCreate,1,None,Application,djkvdihost589.jakarta01.com,JAKARTA01\rindang  
Error,10/5/2017 7:55:35 AM,EventCreate,1,None,Application,djkvdihost279.jakarta01.com,JAKARTA01\Bob Jasper  
Error,10/5/2017 7:56:04 AM,EventCreate,1,None,Application,djkvdihost176.jakarta01.com,JAKARTA01\MuhammadI  
Error,10/5/2017 7:56:03 AM,EventCreate,1,None,Application,djkvdihost343.jakarta01.com,JAKARTA01\sonson  
Error,10/5/2017 7:56:03 AM,EventCreate,1,None,Application,djkvdihost424.jakarta01.com,JAKARTA01\Indah  
Error,10/5/2017 7:56:00 AM,EventCreate,1,None,Application,djkvdihost449.jakarta01.com,JAKARTA01\rimico  
Error,10/5/2017 7:55:58 AM,EventCreate,1,None,Application,djkvdihost266.jakarta01.com,JAKARTA01\Dini Rahmawati  
Error,10/5/2017 7:55:57 AM,EventCreate,1,None,Application,djkvdihost724.jakarta01.com,JAKARTA01\alvita  
Error,10/5/2017 7:55:46 AM,EventCreate,1,None,Application,djkvdihost440.jakarta01.com,JAKARTA01\melly  
Error,10/5/2017 7:55:44 AM,EventCreate,1,None,Application,djkvdihost406.jakarta01.com,JAKARTA01\budhasca  
Error,10/5/2017 7:55:30 AM,EventCreate,1,None,Application,djkvdihost728.jakarta01.com,JAKARTA01\devita  
Error,10/5/2017 7:55:29 AM,EventCreate,1,None,Application,djkvdihost486.jakarta01.com,JAKARTA01\finessya  
Error,10/5/2017 7:55:29 AM,EventCreate,1,None,Application,djkvdihost623.jakarta01.com,JAKARTA01\alvian  
Error,10/5/2017 7:55:28 AM,EventCreate,1,None,Application,djkvdihost101.jakarta01.com,JAKARTA01\diah astuti  
Error,10/5/2017 7:55:27 AM,EventCreate,1,None,Application,djkvdihost144.jakarta01.com,JAKARTA01\hendra firdaus  
Error,10/5/2017 7:55:25 AM,EventCreate,1,None,Application,djkvdihost293.jakarta01.com,JAKARTA01\yisca  
Error,10/5/2017 7:55:22 AM,EventCreate,1,None,Application,djkvdihost689.jakarta01.com,JAKARTA01\mery  
Error,10/5/2017 7:55:21 AM,EventCreate,1,None,Application,djkvdihost279.jakarta01.com,JAKARTA01\Bob Jasper  
Error,10/5/2017 7:55:11 AM,EventCreate,1,None,Application,djkvdihost696.jakarta01.com,JAKARTA01\erik  
Error,10/5/2017 7:55:07 AM,EventCreate,1,None,Application,djkvdihost900.jakarta01.com,JAKARTA01\Enjang  
Error,10/5/2017 7:55:11 AM,EventCreate,1,None,Application,djkvdihost626.jakarta01.com,JAKARTA01\BudiS  
Error,10/5/2017 7:55:06 AM,EventCreate,1,None,Application,djkvdihost581.jakarta01.com,JAKARTA01\Aviv  
Error,10/5/2017 7:55:06 AM,Application Error,1000,(100),Application,djkvdihost144.jakarta01.com,"Faulting application name: spoolsv.exe, version: 6.1.7601.17777, time stamp: 0x4f35efc3
Faulting module name: msvcrt.dll, version: 7.0.7601.17744, time stamp: 0x4eeaf722
Exception code: 0xc0000005
Fault offset: 0x0000aa14
Faulting process id: 0x634
Faulting application start time: 0x01d33cf7c78af071
Faulting application path: C:\Windows\System32\spoolsv.exe
Faulting module path: C:\Windows\system32\msvcrt.dll
Report Id: d3caaf17-a967-11e7-bf07-0050569f5202"
Error,10/5/2017 7:55:05 AM,EventCreate,1,None,Application,djkvdihost244.jakarta01.com,JAKARTA01\fathiya  
Error,10/5/2017 7:54:35 AM,WSH,1,None,Application,djkvdihost293.jakarta01.com,"CN=Yisca password will expire in 4 day(s) at 10/9/2017 6:54:28 AM

Press CTRL + ALT + DEL and select the ""Change a password"" option."
Error,10/5/2017 7:55:03 AM,EventCreate,1,None,Application,djkvdihost563.jakarta01.com,JAKARTA01\saptorini  
Error,10/5/2017 7:54:55 AM,EventCreate,1,None,Application,djkvdihost804.jakarta01.com,JAKARTA01\KristoforusAW  
Error,10/5/2017 7:54:51 AM,EventCreate,1,None,Application,djkvdihost028.jakarta01.com,JAKARTA01\Arum  
Error,10/5/2017 7:54:48 AM,EventCreate,1,None,Application,djkvdihost230.jakarta01.com,JAKARTA01\sugiarto  
Error,10/5/2017 7:54:47 AM,EventCreate,1,None,Application,djkvdihost264.jakarta01.com,JAKARTA01\indra pranowo  
Error,10/5/2017 7:54:47 AM,EventCreate,1,None,Application,djkvdihost394.jakarta01.com,JAKARTA01\andini  
Error,10/5/2017 7:54:46 AM,EventCreate,1,None,Application,djkvdihost803.jakarta01.com,JAKARTA01\hendry  
Error,10/5/2017 7:54:45 AM,EventCreate,1,None,Application,djkvdihost278.jakarta01.com,JAKARTA01\Putri Damayanti  
Error,10/5/2017 7:54:44 AM,EventCreate,1,None,Application,djkvdihost896.jakarta01.com,JAKARTA01\Indra Bramantyono  
Error,10/5/2017 7:54:39 AM,EventCreate,1,None,Application,djkvdihost664.jakarta01.com,JAKARTA01\Rio Satria  
Error,10/5/2017 7:54:35 AM,EventCreate,1,None,Application,djkvdihost531.jakarta01.com,JAKARTA01\hemayani  
Error,10/5/2017 7:54:34 AM,WSH,1,None,Application,djkvdihost293.jakarta01.com,"CN=Yisca password will expire in 4 day(s) at 10/9/2017 6:54:28 AM

Press CTRL + ALT + DEL and select the ""Change a password"" option."
Error,10/5/2017 7:54:28 AM,EventCreate,1,None,Application,djkvdihost202.jakarta01.com,JAKARTA01\danna  
Error,10/5/2017 7:54:23 AM,EventCreate,1,None,Application,djkvdihost229.jakarta01.com,JAKARTA01\m ridho  
Error,10/5/2017 7:54:23 AM,EventCreate,1,None,Application,djkvdihost164.jakarta01.com,JAKARTA01\luthfi  
Error,10/5/2017 7:54:04 AM,EventCreate,1,None,Application,djkvdihost014.jakarta01.com,JAKARTA01\ipuk  
Error,10/5/2017 7:54:03 AM,EventCreate,1,None,Application,djkvdihost789.jakarta01.com,JAKARTA01\ita shabrina  
Error,10/5/2017 7:54:01 AM,EventCreate,1,None,Application,djkvdihost014.jakarta01.com,JAKARTA01\ipuk  
Error,10/5/2017 7:53:51 AM,EventCreate,1,None,Application,djkvdihost218.jakarta01.com,JAKARTA01\poetry  
Error,10/5/2017 7:53:50 AM,EventCreate,1,None,Application,djkvdihost380.jakarta01.com,JAKARTA01\toyoda  
Error,10/5/2017 7:53:45 AM,EventCreate,1,None,Application,djkvdihost323.jakarta01.com,JAKARTA01\Ameilia  
Error,10/5/2017 7:53:29 AM,EventCreate,1,None,Application,djkvdihost363.jakarta01.com,JAKARTA01\harumi  
Error,10/5/2017 7:53:26 AM,EventCreate,1,None,Application,djkvdihost326.jakarta01.com,JAKARTA01\andryan  
Error,10/5/2017 7:53:22 AM,EventCreate,1,None,Application,djkvdihost409.jakarta01.com,JAKARTA01\poespita  
Error,10/5/2017 7:53:19 AM,EventCreate,1,None,Application,djkvdihost709.jakarta01.com,JAKARTA01\anggata  
Error,10/5/2017 7:53:18 AM,EventCreate,1,None,Application,djkvdihost143.jakarta01.com,JAKARTA01\davidc  
Error,10/5/2017 7:53:16 AM,EventCreate,1,None,Application,djkvdihost736.jakarta01.com,JAKARTA01\martha  
Error,10/5/2017 7:53:15 AM,EventCreate,1,None,Application,djkvdihost561.jakarta01.com,JAKARTA01\RatiAF  
Error,10/5/2017 7:53:13 AM,EventCreate,1,None,Application,djkvdihost539.jakarta01.com,JAKARTA01\Dilla  
Error,10/5/2017 7:53:10 AM,EventCreate,1,None,Application,djkvdihost522.jakarta01.com,JAKARTA01\dzati  
Error,10/5/2017 7:53:07 AM,EventCreate,1,None,Application,djkvdihost450.jakarta01.com,JAKARTA01\ahmad zainul  
Error,10/5/2017 7:52:27 AM,WSH,1,None,Application,djkvdihost539.jakarta01.com,"CN=Dilla Erdina password will expire in 3 day(s) at 10/8/2017 8:00:59 AM

Press CTRL + ALT + DEL and select the ""Change a password"" option."
Error,10/5/2017 7:52:52 AM,EventCreate,1,None,Application,djkvdihost801.jakarta01.com,JAKARTA01\novitarini  
Error,10/5/2017 7:52:48 AM,EventCreate,1,None,Application,djkvdihost113.jakarta01.com,JAKARTA01\Felix  
Error,10/5/2017 7:52:40 AM,EventCreate,1,None,Application,djkvdihost037.jakarta01.com,JAKARTA01\yorika  
Error,10/5/2017 7:52:37 AM,EventCreate,1,None,Application,djkvdihost052.jakarta01.com,JAKARTA01\warda  
Error,10/5/2017 7:52:33 AM,EventCreate,1,None,Application,djkvdihost727.jakarta01.com,JAKARTA01\yosanta  
Error,10/5/2017 7:52:31 AM,EventCreate,1,None,Application,djkvdihost641.jakarta01.com,JAKARTA01\leonie  
Error,10/5/2017 7:52:29 AM,EventCreate,1,None,Application,djkvdihost347.jakarta01.com,JAKARTA01\magdalena  
Error,10/5/2017 7:52:28 AM,EventCreate,1,None,Application,djkvdihost209.jakarta01.com,JAKARTA01\Rinaldo  
Error,10/5/2017 7:52:26 AM,WSH,1,None,Application,djkvdihost539.jakarta01.com,"CN=Dilla Erdina password will expire in 3 day(s) at 10/8/2017 8:00:59 AM

Press CTRL + ALT + DEL and select the ""Change a password"" option."
Error,10/5/2017 7:51:55 AM,EventCreate,1,None,Application,djkvdihost305.jakarta01.com,JAKARTA01\Putri  
Error,10/5/2017 7:52:19 AM,EventCreate,1,None,Application,djkvdihost453.jakarta01.com,JAKARTA01\christian  
Error,10/5/2017 7:51:49 AM,WSH,1,None,Application,djkvdihost113.jakarta01.com,"CN=Felix Sutiono password will expire in 3 day(s) at 10/8/2017 7:57:18 AM

Press CTRL + ALT + DEL and select the ""Change a password"" option."
Error,10/5/2017 7:52:17 AM,EventCreate,1,None,Application,djkvdihost222.jakarta01.com,JAKARTA01\Yudhadp  
Error,10/5/2017 7:52:10 AM,EventCreate,1,None,Application,djkvdihost893.jakarta01.com,JAKARTA01\Agus Sutikno  
Error,10/5/2017 7:52:00 AM,EventCreate,1,None,Application,djkvdihost246.jakarta01.com,JAKARTA01\GuestISD58  
Error,10/5/2017 7:51:57 AM,EventCreate,1,None,Application,djkvdihost622.jakarta01.com,JAKARTA01\widinuryanti  
Error,10/5/2017 7:51:50 AM,EventCreate,1,None,Application,djkvdihost794.jakarta01.com,JAKARTA01\ronald david  
Error,10/5/2017 7:51:47 AM,WSH,1,None,Application,djkvdihost113.jakarta01.com,"CN=Felix Sutiono password will expire in 3 day(s) at 10/8/2017 7:57:18 AM

Press CTRL + ALT + DEL and select the ""Change a password"" option."
Error,10/5/2017 7:51:44 AM,EventCreate,1,None,Application,djkvdihost305.jakarta01.com,JAKARTA01\Putri  
Error,10/5/2017 7:51:42 AM,EventCreate,1,None,Application,djkvdihost871.jakarta01.com,JAKARTA01\harry  
Error,10/5/2017 7:51:34 AM,EventCreate,1,None,Application,djkvdihost360.jakarta01.com,JAKARTA01\erminawati  
Error,10/5/2017 7:51:29 AM,EventCreate,1,None,Application,djkvdihost680.jakarta01.com,JAKARTA01\tiar  
Error,10/5/2017 7:51:16 AM,EventCreate,1,None,Application,djkvdihost008.jakarta01.com,JAKARTA01\rizka syarifa  
Error,10/5/2017 7:51:15 AM,EventCreate,1,None,Application,djkvdihost382.jakarta01.com,JAKARTA01\Beny  
Error,10/5/2017 7:51:12 AM,Application Error,1000,(100),Application,djkvdihost360.jakarta01.com,"Faulting application name: spoolsv.exe, version: 6.1.7601.17777, time stamp: 0x4f35efc3
Faulting module name: msvcrt.dll, version: 7.0.7601.17744, time stamp: 0x4eeaf722
Exception code: 0xc0000005
Fault offset: 0x0000aa14
Faulting process id: 0x634
Faulting application start time: 0x01d33cff7f984356
Faulting application path: C:\Windows\System32\spoolsv.exe
Faulting module path: C:\Windows\system32\msvcrt.dll
Report Id: 4843f923-a967-11e7-80ec-0050569f50dc"
Error,10/5/2017 7:50:35 AM,EventCreate,1,None,Application,djkvdihost321.jakarta01.com,JAKARTA01\nungi  
Error,10/5/2017 7:51:04 AM,EventCreate,1,None,Application,djkvdihost667.jakarta01.com,JAKARTA01\istiningsih  
Error,10/5/2017 7:51:04 AM,EventCreate,1,None,Application,djkvdihost541.jakarta01.com,JAKARTA01\alfiari  
Error,10/5/2017 7:50:58 AM,EventCreate,1,None,Application,djkvdihost107.jakarta01.com,JAKARTA01\citra  
Error,10/5/2017 7:50:54 AM,EventCreate,1,None,Application,djkvdihost416.jakarta01.com,JAKARTA01\victor  
Error,10/5/2017 7:50:54 AM,EventCreate,1,None,Application,djkvdihost558.jakarta01.com,JAKARTA01\teguh  
Error,10/5/2017 7:50:48 AM,EventCreate,1,None,Application,djkvdihost586.jakarta01.com,JAKARTA01\Ronald  
Error,10/5/2017 7:50:10 AM,WSH,1,None,Application,djkvdihost382.jakarta01.com,"CN=Beny Rachmad Septiawan password will expire in 3 day(s) at 10/8/2017 8:09:23 AM

Press CTRL + ALT + DEL and select the ""Change a password"" option."
Error,10/5/2017 7:50:32 AM,EventCreate,1,None,Application,djkvdihost321.jakarta01.com,JAKARTA01\nungi  
Error,10/5/2017 7:50:28 AM,EventCreate,1,None,Application,djkvdihost321.jakarta01.com,JAKARTA01\nungi  
Error,10/5/2017 7:50:30 AM,EventCreate,1,None,Application,djkvdihost250.jakarta01.com,JAKARTA01\hersiari  
Error,10/5/2017 7:50:30 AM,EventCreate,1,None,Application,djkvdihost221.jakarta01.com,JAKARTA01\edwin  
Error,10/5/2017 7:50:22 AM,EventCreate,1,None,Application,djkvdihost321.jakarta01.com,JAKARTA01\nungi  
Error,10/5/2017 7:50:10 AM,WSH,1,None,Application,djkvdihost382.jakarta01.com,"CN=Beny Rachmad Septiawan password will expire in 3 day(s) at 10/8/2017 8:09:23 AM

Press CTRL + ALT + DEL and select the ""Change a password"" option."
Error,10/5/2017 7:50:06 AM,EventCreate,1,None,Application,djkvdihost856.jakarta01.com,JAKARTA01\abdul  
Error,10/5/2017 7:50:04 AM,EventCreate,1,None,Application,djkvdihost500.jakarta01.com,JAKARTA01\GuestISD57  
Error,10/5/2017 7:50:02 AM,EventCreate,1,None,Application,djkvdihost182.jakarta01.com,JAKARTA01\michiko  
Error,10/5/2017 7:49:30 AM,WSH,1,None,Application,djkvdihost250.jakarta01.com,"CN=Dita Hersiari password will expire in 3 day(s) at 10/8/2017 7:48:55 AM

Press CTRL + ALT + DEL and select the ""Change a password"" option."
Error,10/5/2017 7:49:29 AM,EventCreate,1,None,Application,djkvdihost769.jakarta01.com,JAKARTA01\kristian  
Error,10/5/2017 7:49:55 AM,EventCreate,1,None,Application,djkvdihost191.jakarta01.com,JAKARTA01\sashkia  
Error,10/5/2017 7:49:44 AM,EventCreate,1,None,Application,djkvdihost533.jakarta01.com,JAKARTA01\faiqa  
Error,10/5/2017 7:49:31 AM,EventCreate,1,None,Application,djkvdihost235.jakarta01.com,JAKARTA01\R Syafira  
Error,10/5/2017 7:49:00 AM,WSH,1,None,Application,djkvdihost191.jakarta01.com,"CN=Sashkia Andina Pitarini password will expire in 3 day(s) at 10/8/2017 7:52:59 AM

Press CTRL + ALT + DEL and select the ""Change a password"" option."
Error,10/5/2017 7:49:29 AM,WSH,1,None,Application,djkvdihost250.jakarta01.com,"CN=Dita Hersiari password will expire in 3 day(s) at 10/8/2017 7:48:55 AM

Press CTRL + ALT + DEL and select the ""Change a password"" option."
Error,10/5/2017 7:48:57 AM,EventCreate,1,None,Application,djkvdihost306.jakarta01.com,JAKARTA01\Dian Permata  
Error,10/5/2017 7:48:45 AM,EventCreate,1,None,Application,djkvdihost587.jakarta01.com,JAKARTA01\Rafika  
Error,10/5/2017 7:48:39 AM,Application Error,1000,(100),Application,djkvdihost587.jakarta01.com,"Faulting application name: spoolsv.exe, version: 6.1.7601.17777, time stamp: 0x4f35efc3
Faulting module name: msvcrt.dll, version: 7.0.7601.17744, time stamp: 0x4eeaf722
Exception code: 0xc0000005
Fault offset: 0x0000aa14
Faulting process id: 0x638
Faulting application start time: 0x01d33d0574057ebe
Faulting application path: C:\Windows\System32\spoolsv.exe
Faulting module path: C:\Windows\system32\msvcrt.dll
Report Id: ed37d882-a966-11e7-8d5a-0050569f2ee5"
Error,10/5/2017 7:49:00 AM,WSH,1,None,Application,djkvdihost191.jakarta01.com,"CN=Sashkia Andina Pitarini password will expire in 3 day(s) at 10/8/2017 7:52:59 AM

Press CTRL + ALT + DEL and select the ""Change a password"" option."
Error,10/5/2017 7:48:25 AM,EventCreate,1,None,Application,djkvdihost120.jakarta01.com,JAKARTA01\jayson  
Error,10/5/2017 7:48:55 AM,EventCreate,1,None,Application,djkvdihost769.jakarta01.com,JAKARTA01\kristian  
Error,10/5/2017 7:48:46 AM,EventCreate,1,None,Application,djkvdihost899.jakarta01.com,JAKARTA01\naruhito  
