Error,9/28/2017 8:21:45 AM,EventCreate,1,None,Application,djkvdihost586.jakarta01.com,JAKARTA01\augtiaji  
Error,9/28/2017 8:21:13 AM,WSH,1,None,Application,djkvdihost050.jakarta01.com,"CN=Wiranti Surya Hutami password will expire in 4 day(s) at 10/2/2017 9:04:13 AM

Press CTRL + ALT + DEL and select the ""Change a password"" option."
Error,9/28/2017 8:21:24 AM,EventCreate,1,None,Application,djkvdihost294.jakarta01.com,JAKARTA01\Dini  
Error,9/28/2017 8:21:23 AM,EventCreate,1,None,Application,djkvdihost749.jakarta01.com,JAKARTA01\Jauw  
Error,9/28/2017 8:21:21 AM,EventCreate,1,None,Application,djkvdihost541.jakarta01.com,JAKARTA01\dwi septiyanti  
Error,9/28/2017 8:20:37 AM,EventCreate,1,None,Application,djkvdihost833.jakarta01.com,JAKARTA01\widya utami  
Error,9/28/2017 8:20:36 AM,EventCreate,1,None,Application,djkvdihost793.jakarta01.com,JAKARTA01\adiyanti  
Error,9/28/2017 8:20:03 AM,EventCreate,1,None,Application,djkvdihost204.jakarta01.com,JAKARTA01\andi almira  
Error,9/28/2017 8:20:25 AM,EventCreate,1,None,Application,djkvdihost717.jakarta01.com,JAKARTA01\Nirmala  
Error,9/28/2017 8:20:24 AM,EventCreate,1,None,Application,djkvdihost275.jakarta01.com,JAKARTA01\mayang  
Error,9/28/2017 8:20:15 AM,EventCreate,1,None,Application,djkvdihost355.jakarta01.com,JAKARTA01\nunu  
Error,9/28/2017 8:19:55 AM,EventCreate,1,None,Application,djkvdihost189.jakarta01.com,JAKARTA01\edwin  
Error,9/28/2017 8:19:16 AM,WSH,1,None,Application,djkvdihost189.jakarta01.com,"CN=Edwin Arius password will expire in 3 day(s) at 10/1/2017 8:30:24 AM

Press CTRL + ALT + DEL and select the ""Change a password"" option."
Error,9/28/2017 8:19:44 AM,EventCreate,1,None,Application,djkvdihost229.jakarta01.com,JAKARTA01\Novita Rahayu  
Error,9/28/2017 8:19:28 AM,EventCreate,1,None,Application,djkvdihost793.jakarta01.com,JAKARTA01\adiyanti  
Error,9/28/2017 8:19:28 AM,EventCreate,1,None,Application,djkvdihost430.jakarta01.com,JAKARTA01\Rosulla  
Error,9/28/2017 8:18:51 AM,EventCreate,1,None,Application,djkvdihost644.jakarta01.com,JAKARTA01\aria  
Error,9/28/2017 8:19:15 AM,WSH,1,None,Application,djkvdihost189.jakarta01.com,"CN=Edwin Arius password will expire in 3 day(s) at 10/1/2017 8:30:24 AM

Press CTRL + ALT + DEL and select the ""Change a password"" option."
Error,9/28/2017 8:18:48 AM,EventCreate,1,None,Application,djkvdihost153.jakarta01.com,JAKARTA01\augtiaji  
Error,9/28/2017 8:18:44 AM,Application Error,1000,(100),Application,djkvdihost153.jakarta01.com,"Faulting application name: OUTLOOK.EXE, version: 15.0.4919.1001, time stamp: 0x58d20482
Faulting module name: OUTLOOK.EXE, version: 15.0.4919.1001, time stamp: 0x58d20482
Exception code: 0xc0000005
Fault offset: 0x00ca77fa
Faulting process id: 0x1528
Faulting application start time: 0x01d337f7800c4fea
Faulting application path: C:\Program Files\Microsoft Office\Office15\OUTLOOK.EXE
Faulting module path: C:\Program Files\Microsoft Office\Office15\OUTLOOK.EXE
Report Id: f82bde0a-a3ea-11e7-83e9-0050569f17bf"
Error,9/28/2017 8:19:01 AM,EventCreate,1,None,Application,djkvdihost204.jakarta01.com,JAKARTA01\andi almira  
Error,9/28/2017 8:19:03 AM,EventCreate,1,None,Application,djkvdihost608.jakarta01.com,JAKARTA01\victor  
Error,9/28/2017 8:19:01 AM,EventCreate,1,None,Application,djkvdihost353.jakarta01.com,JAKARTA01\hafsia  
Error,9/28/2017 8:18:51 AM,EventCreate,1,None,Application,djkvdihost262.jakarta01.com,JAKARTA01\arum eka  
Error,9/28/2017 8:18:45 AM,EventCreate,1,None,Application,djkvdihost553.jakarta01.com,JAKARTA01\nurul  
Error,9/28/2017 8:18:13 AM,EventCreate,1,None,Application,djkvdihost321.jakarta01.com,JAKARTA01\Tri Ari  
Error,9/28/2017 8:18:12 AM,WSH,1,None,Application,djkvdihost430.jakarta01.com,"CN=Rosulla Topan Berliana password will expire in 3 day(s) at 10/1/2017 8:34:48 AM

Press CTRL + ALT + DEL and select the ""Change a password"" option."
Error,9/28/2017 8:18:11 AM,WSH,1,None,Application,djkvdihost430.jakarta01.com,"CN=Rosulla Topan Berliana password will expire in 3 day(s) at 10/1/2017 8:34:48 AM

Press CTRL + ALT + DEL and select the ""Change a password"" option."
Error,9/28/2017 8:18:06 AM,EventCreate,1,None,Application,djkvdihost218.jakarta01.com,JAKARTA01\Rinaldo  
Error,9/28/2017 8:17:50 AM,EventCreate,1,None,Application,djkvdihost164.jakarta01.com,JAKARTA01\elvina  
Error,9/28/2017 8:17:38 AM,EventCreate,1,None,Application,djkvdihost057.jakarta01.com,JAKARTA01\Marthen  
Error,9/28/2017 8:17:34 AM,EventCreate,1,None,Application,djkvdihost644.jakarta01.com,JAKARTA01\aria  
Error,9/28/2017 8:17:24 AM,EventCreate,1,None,Application,djkvdihost313.jakarta01.com,JAKARTA01\eriku  
Error,9/28/2017 8:17:15 AM,EventCreate,1,None,Application,djkvdihost289.jakarta01.com,JAKARTA01\devita  
Error,9/28/2017 8:17:14 AM,EventCreate,1,None,Application,djkvdihost064.jakarta01.com,JAKARTA01\GuestISD46  
Error,9/28/2017 8:17:13 AM,EventCreate,1,None,Application,djkvdihost815.jakarta01.com,JAKARTA01\mpinto  
Error,9/28/2017 8:17:08 AM,EventCreate,1,None,Application,djkvdihost332.jakarta01.com,JAKARTA01\Thalia  
Error,9/28/2017 8:17:06 AM,EventCreate,1,None,Application,djkvdihost304.jakarta01.com,JAKARTA01\Anton 2  
Error,9/28/2017 8:17:05 AM,EventCreate,1,None,Application,djkvdihost278.jakarta01.com,JAKARTA01\KristoforusAW  
Error,9/28/2017 8:17:03 AM,EventCreate,1,None,Application,djkvdihost196.jakarta01.com,JAKARTA01\GuestISD43  
Error,9/28/2017 8:17:00 AM,EventCreate,1,None,Application,djkvdihost321.jakarta01.com,JAKARTA01\Tri Ari  
Error,9/28/2017 8:16:26 AM,EventCreate,1,None,Application,djkvdihost271.jakarta01.com,JAKARTA01\Darmi  
Error,9/28/2017 8:16:24 AM,EventCreate,1,None,Application,djkvdihost271.jakarta01.com,JAKARTA01\Darmi  
Error,9/28/2017 8:16:51 AM,EventCreate,1,None,Application,djkvdihost101.jakarta01.com,JAKARTA01\evi  
Error,9/28/2017 8:16:38 AM,EventCreate,1,None,Application,djkvdihost321.jakarta01.com,JAKARTA01\Tri Ari  
Error,9/28/2017 8:16:28 AM,EventCreate,1,None,Application,djkvdihost665.jakarta01.com,JAKARTA01\citra  
Error,9/28/2017 8:15:57 AM,EventCreate,1,None,Application,djkvdihost601.jakarta01.com,JAKARTA01\muhammadhakim  
Error,9/28/2017 8:16:18 AM,EventCreate,1,None,Application,djkvdihost225.jakarta01.com,JAKARTA01\yulia rifanda  
Error,9/28/2017 8:16:16 AM,EventCreate,1,None,Application,djkvdihost271.jakarta01.com,JAKARTA01\Darmi  
Error,9/28/2017 8:16:14 AM,EventCreate,1,None,Application,djkvdihost457.jakarta01.com,JAKARTA01\panji ndaru  
Error,9/28/2017 8:16:10 AM,EventCreate,1,None,Application,djkvdihost051.jakarta01.com,JAKARTA01\indra pranowo  
Error,9/28/2017 8:15:53 AM,EventCreate,1,None,Application,djkvdihost456.jakarta01.com,JAKARTA01\andrik  
Error,9/28/2017 8:15:29 AM,EventCreate,1,None,Application,djkvdihost267.jakarta01.com,JAKARTA01\bryan  
Error,9/28/2017 8:15:22 AM,Application Error,1000,(100),Application,djkvdihost267.jakarta01.com,"Faulting application name: spoolsv.exe, version: 6.1.7601.17777, time stamp: 0x4f35efc3
Faulting module name: msvcrt.dll, version: 7.0.7601.17744, time stamp: 0x4eeaf722
Exception code: 0xc0000005
Fault offset: 0x0000aa14
Faulting process id: 0x638
Faulting application start time: 0x01d337893711ab91
Faulting application path: C:\Windows\System32\spoolsv.exe
Faulting module path: C:\Windows\system32\msvcrt.dll
Report Id: 7f65e2ad-a3ea-11e7-b534-0050569f3000"
Error,9/28/2017 8:15:47 AM,EventCreate,1,None,Application,djkvdihost597.jakarta01.com,JAKARTA01\kurniawan  
Error,9/28/2017 8:15:46 AM,EventCreate,1,None,Application,djkvdihost252.jakarta01.com,JAKARTA01\idams  
Error,9/28/2017 8:15:44 AM,EventCreate,1,None,Application,djkvdihost811.jakarta01.com,JAKARTA01\rudy  
Error,9/28/2017 8:15:40 AM,EventCreate,1,None,Application,djkvdihost199.jakarta01.com,JAKARTA01\marchelius  
Error,9/28/2017 8:15:27 AM,EventCreate,1,None,Application,djkvdihost722.jakarta01.com,JAKARTA01\Siti Atikah  
Error,9/28/2017 8:15:19 AM,EventCreate,1,None,Application,djkvdihost267.jakarta01.com,JAKARTA01\bryan  
Error,9/28/2017 8:15:03 AM,EventCreate,1,None,Application,djkvdihost087.jakarta01.com,JAKARTA01\Hasna  
Error,9/28/2017 8:14:54 AM,EventCreate,1,None,Application,djkvdihost395.jakarta01.com,JAKARTA01\eka prastica  
Error,9/28/2017 8:14:53 AM,EventCreate,1,None,Application,djkvdihost205.jakarta01.com,JAKARTA01\Dini Rahmawati  
Error,9/28/2017 8:14:43 AM,EventCreate,1,None,Application,djkvdihost382.jakarta01.com,JAKARTA01\eriks  
Error,9/28/2017 8:14:19 AM,EventCreate,1,None,Application,djkvdihost477.jakarta01.com,JAKARTA01\gian  
Error,9/28/2017 8:14:14 AM,EventCreate,1,None,Application,djkvdihost601.jakarta01.com,JAKARTA01\muhammadhakim  
Error,9/28/2017 8:14:11 AM,WSH,1,None,Application,djkvdihost267.jakarta01.com,"CN=Bryan Tanri password will expire in 3 day(s) at 10/1/2017 4:42:52 PM

Press CTRL + ALT + DEL and select the ""Change a password"" option."
Error,9/28/2017 8:14:11 AM,WSH,1,None,Application,djkvdihost267.jakarta01.com,"CN=Bryan Tanri password will expire in 3 day(s) at 10/1/2017 4:42:52 PM

Press CTRL + ALT + DEL and select the ""Change a password"" option."
Error,9/28/2017 8:13:59 AM,EventCreate,1,None,Application,djkvdihost168.jakarta01.com,JAKARTA01\Arief Sandy  
Error,9/28/2017 8:13:49 AM,EventCreate,1,None,Application,djkvdihost316.jakarta01.com,JAKARTA01\dolly  
Error,9/28/2017 8:13:45 AM,EventCreate,1,None,Application,djkvdihost247.jakarta01.com,JAKARTA01\dhimas  
Error,9/28/2017 8:13:45 AM,EventCreate,1,None,Application,djkvdihost182.jakarta01.com,JAKARTA01\vinka  
Error,9/28/2017 8:13:40 AM,EventCreate,1,None,Application,djkvdihost482.jakarta01.com,JAKARTA01\denny  
Error,9/28/2017 8:13:38 AM,EventCreate,1,None,Application,djkvdihost846.jakarta01.com,JAKARTA01\m nugraha  
Error,9/28/2017 8:13:35 AM,EventCreate,1,None,Application,djkvdihost090.jakarta01.com,JAKARTA01\Adang  
Error,9/28/2017 8:12:46 AM,EventCreate,1,None,Application,djkvdihost832.jakarta01.com,JAKARTA01\azwar  
Error,9/28/2017 8:12:22 AM,EventCreate,1,None,Application,djkvdihost696.jakarta01.com,JAKARTA01\jayson  
Error,9/28/2017 8:12:48 AM,EventCreate,1,None,Application,djkvdihost776.jakarta01.com,JAKARTA01\ronald david  
Error,9/28/2017 8:12:48 AM,EventCreate,1,None,Application,djkvdihost311.jakarta01.com,JAKARTA01\GUESTISD26  
Error,9/28/2017 8:12:40 AM,EventCreate,1,None,Application,djkvdihost832.jakarta01.com,JAKARTA01\azwar  
Error,9/28/2017 8:12:15 AM,EventCreate,1,None,Application,djkvdihost327.jakarta01.com,JAKARTA01\ardiana  
Error,9/28/2017 8:12:12 AM,EventCreate,1,None,Application,djkvdihost152.jakarta01.com,JAKARTA01\Yudhadp  
Error,9/28/2017 8:11:48 AM,EventCreate,1,None,Application,djkvdihost696.jakarta01.com,JAKARTA01\jayson  
Error,9/28/2017 8:11:38 AM,EventCreate,1,None,Application,djkvdihost248.jakarta01.com,JAKARTA01\janu  
Error,9/28/2017 8:11:21 AM,EventCreate,1,None,Application,djkvdihost375.jakarta01.com,JAKARTA01\ibahtiar  
Error,9/28/2017 8:10:48 AM,WSH,1,None,Application,djkvdihost696.jakarta01.com,"CN=Jayson Fetra password will expire in 4 day(s) at 10/2/2017 7:57:24 AM

Press CTRL + ALT + DEL and select the ""Change a password"" option."
Error,9/28/2017 8:10:50 AM,EventCreate,1,None,Application,djkvdihost201.jakarta01.com,JAKARTA01\ceciliadt  
Error,9/28/2017 8:10:45 AM,Application Error,1000,(100),Application,djkvdihost201.jakarta01.com,"Faulting application name: spoolsv.exe, version: 6.1.7601.17777, time stamp: 0x4f35efc3
Faulting module name: msvcrt.dll, version: 7.0.7601.17744, time stamp: 0x4eeaf722
Exception code: 0xc0000005
Fault offset: 0x0000aa14
Faulting process id: 0x62c
Faulting application start time: 0x01d3377de249a236
Faulting application path: C:\Windows\System32\spoolsv.exe
Faulting module path: C:\Windows\system32\msvcrt.dll
Report Id: da2e753f-a3e9-11e7-af70-0050569f5a17"
Error,9/28/2017 8:11:13 AM,EventCreate,1,None,Application,djkvdihost251.jakarta01.com,JAKARTA01\MSandy  
Error,9/28/2017 8:10:57 AM,EventCreate,1,None,Application,djkvdihost547.jakarta01.com,JAKARTA01\Erich  
Error,9/28/2017 8:10:55 AM,EventCreate,1,None,Application,djkvdihost496.jakarta01.com,JAKARTA01\alexsandro  
Error,9/28/2017 8:10:52 AM,EventCreate,1,None,Application,djkvdihost291.jakarta01.com,JAKARTA01\teguh  
Error,9/28/2017 8:10:46 AM,WSH,1,None,Application,djkvdihost696.jakarta01.com,"CN=Jayson Fetra password will expire in 4 day(s) at 10/2/2017 7:57:24 AM

Press CTRL + ALT + DEL and select the ""Change a password"" option."
Error,9/28/2017 8:10:38 AM,EventCreate,1,None,Application,djkvdihost129.jakarta01.com,JAKARTA01\ramantid  
Error,9/28/2017 8:10:23 AM,EventCreate,1,None,Application,djkvdihost192.jakarta01.com,JAKARTA01\driarkoro  
Error,9/28/2017 8:10:23 AM,EventCreate,1,None,Application,djkvdihost716.jakarta01.com,JAKARTA01\nadhilah  
Error,9/28/2017 8:10:22 AM,EventCreate,1,None,Application,djkvdihost290.jakarta01.com,JAKARTA01\MegaDN  
Error,9/28/2017 8:10:09 AM,EventCreate,1,None,Application,djkvdihost491.jakarta01.com,JAKARTA01\dimas adhi  
Error,9/28/2017 8:09:50 AM,EventCreate,1,None,Application,djkvdihost600.jakarta01.com,JAKARTA01\Katsuhito  
Error,9/28/2017 8:09:48 AM,EventCreate,1,None,Application,djkvdihost285.jakarta01.com,JAKARTA01\clarissa  
Error,9/28/2017 8:09:41 AM,EventCreate,1,None,Application,djkvdihost354.jakarta01.com,JAKARTA01\JanuardiI  
Error,9/28/2017 8:09:12 AM,EventCreate,1,None,Application,djkvdihost830.jakarta01.com,JAKARTA01\anderson  
Error,9/28/2017 8:09:09 AM,EventCreate,1,None,Application,djkvdihost830.jakarta01.com,JAKARTA01\anderson  
Error,9/28/2017 8:09:27 AM,EventCreate,1,None,Application,djkvdihost351.jakarta01.com,JAKARTA01\Listya  
Error,9/28/2017 8:09:13 AM,EventCreate,1,None,Application,djkvdihost420.jakarta01.com,JAKARTA01\Agus  
Error,9/28/2017 8:09:06 AM,EventCreate,1,None,Application,djkvdihost333.jakarta01.com,JAKARTA01\dini hariyani  
Error,9/28/2017 8:08:36 AM,EventCreate,1,None,Application,djkvdihost595.jakarta01.com,JAKARTA01\sergi  
Error,9/28/2017 8:09:05 AM,EventCreate,1,None,Application,djkvdihost254.jakarta01.com,JAKARTA01\angga  
Error,9/28/2017 8:08:54 AM,EventCreate,1,None,Application,djkvdihost830.jakarta01.com,JAKARTA01\anderson  
Error,9/28/2017 8:08:24 AM,EventCreate,1,None,Application,djkvdihost109.jakarta01.com,JAKARTA01\kreshna  
Error,9/28/2017 8:08:51 AM,EventCreate,1,None,Application,djkvdihost137.jakarta01.com,JAKARTA01\yenni  
Error,9/28/2017 8:08:47 AM,EventCreate,1,None,Application,djkvdihost321.jakarta01.com,JAKARTA01\marchelius  
Error,9/28/2017 8:08:38 AM,EventCreate,1,None,Application,djkvdihost174.jakarta01.com,JAKARTA01\erminawati  
Error,9/28/2017 8:08:34 AM,EventCreate,1,None,Application,djkvdihost350.jakarta01.com,JAKARTA01\melly  
Error,9/28/2017 8:08:33 AM,EventCreate,1,None,Application,djkvdihost595.jakarta01.com,JAKARTA01\sergi  
Error,9/28/2017 8:08:30 AM,EventCreate,1,None,Application,djkvdihost153.jakarta01.com,JAKARTA01\augtiaji  
Error,9/28/2017 8:08:21 AM,Application Error,1000,(100),Application,djkvdihost174.jakarta01.com,"Faulting application name: spoolsv.exe, version: 6.1.7601.17777, time stamp: 0x4f35efc3
Faulting module name: msvcrt.dll, version: 7.0.7601.17744, time stamp: 0x4eeaf722
Exception code: 0xc0000005
Fault offset: 0x0000aa14
Faulting process id: 0x630
Faulting application start time: 0x01d337a7b2e18c9b
Faulting application path: C:\Windows\System32\spoolsv.exe
Faulting module path: C:\Windows\system32\msvcrt.dll
Report Id: 844ea9a9-a3e9-11e7-b288-0050569f4fb8"
Error,9/28/2017 8:08:17 AM,Application Error,1000,(100),Application,djkvdihost109.jakarta01.com,"Faulting application name: spoolsv.exe, version: 6.1.7601.17777, time stamp: 0x4f35efc3
Faulting module name: msvcrt.dll, version: 7.0.7601.17744, time stamp: 0x4eeaf722
Exception code: 0xc0000005
Fault offset: 0x0000aa14
Faulting process id: 0x638
Faulting application start time: 0x01d3378fc6f37997
Faulting application path: C:\Windows\System32\spoolsv.exe
Faulting module path: C:\Windows\system32\msvcrt.dll
Report Id: 824c1fd1-a3e9-11e7-a413-0050569f04fa"
Error,9/28/2017 8:08:09 AM,EventCreate,1,None,Application,djkvdihost212.jakarta01.com,JAKARTA01\davidc  
Error,9/28/2017 8:08:01 AM,EventCreate,1,None,Application,djkvdihost485.jakarta01.com,JAKARTA01\agnesthine  
Error,9/28/2017 8:07:51 AM,EventCreate,1,None,Application,djkvdihost008.jakarta01.com,JAKARTA01\M Said  
Error,9/28/2017 8:07:36 AM,EventCreate,1,None,Application,djkvdihost673.jakarta01.com,JAKARTA01\evrizon  
Error,9/28/2017 8:07:28 AM,EventCreate,1,None,Application,djkvdihost039.jakarta01.com,JAKARTA01\amiratul  
Error,9/28/2017 8:07:18 AM,EventCreate,1,None,Application,djkvdihost624.jakarta01.com,JAKARTA01\wahyudj  
Error,9/28/2017 8:07:05 AM,EventCreate,1,None,Application,djkvdihost082.jakarta01.com,JAKARTA01\Elisabeth  
Error,9/28/2017 8:06:46 AM,EventCreate,1,None,Application,djkvdihost411.jakarta01.com,JAKARTA01\daniel chin  
Error,9/28/2017 8:06:34 AM,EventCreate,1,None,Application,djkvdihost082.jakarta01.com,JAKARTA01\Elisabeth  
Error,9/28/2017 8:06:33 AM,EventCreate,1,None,Application,djkvdihost504.jakarta01.com,JAKARTA01\Darmawati  
Error,9/28/2017 8:06:22 AM,EventCreate,1,None,Application,djkvdihost807.jakarta01.com,JAKARTA01\samekto  
Error,9/28/2017 8:06:18 AM,EventCreate,1,None,Application,djkvdihost044.jakarta01.com,JAKARTA01\BERNARDUS  
Error,9/28/2017 8:06:04 AM,EventCreate,1,None,Application,djkvdihost128.jakarta01.com,JAKARTA01\Taufik Kurniawan  
Error,9/28/2017 8:06:03 AM,EventCreate,1,None,Application,djkvdihost406.jakarta01.com,JAKARTA01\marie  
Error,9/28/2017 8:05:59 AM,EventCreate,1,None,Application,djkvdihost684.jakarta01.com,JAKARTA01\k_ignatius  
Error,9/28/2017 8:05:35 AM,EventCreate,1,None,Application,djkvdihost049.jakarta01.com,JAKARTA01\heriansyah  
Error,9/28/2017 8:05:28 AM,Application Error,1000,(100),Application,djkvdihost049.jakarta01.com,"Faulting application name: spoolsv.exe, version: 6.1.7601.17777, time stamp: 0x4f35efc3
Faulting module name: msvcrt.dll, version: 7.0.7601.17744, time stamp: 0x4eeaf722
Exception code: 0xc0000005
Fault offset: 0x0000aa14
Faulting process id: 0x638
Faulting application start time: 0x01d337938f464882
Faulting application path: C:\Windows\System32\spoolsv.exe
Faulting module path: C:\Windows\system32\msvcrt.dll
Report Id: 1da278ce-a3e9-11e7-824b-0050569f7495"
Error,9/28/2017 8:05:27 AM,EventCreate,1,None,Application,djkvdihost702.jakarta01.com,JAKARTA01\Fardhady  
Error,9/28/2017 8:05:20 AM,WSH,1,None,Application,djkvdihost684.jakarta01.com,"CN=Kurniawan Ignatius password will expire in 4 day(s) at 10/2/2017 8:01:32 AM

Press CTRL + ALT + DEL and select the ""Change a password"" option."
Error,9/28/2017 8:05:40 AM,EventCreate,1,None,Application,djkvdihost134.jakarta01.com,JAKARTA01\mery  
Error,9/28/2017 8:05:35 AM,EventCreate,1,None,Application,djkvdihost879.jakarta01.com,JAKARTA01\Amelia  
Error,9/28/2017 8:05:27 AM,EventCreate,1,None,Application,djkvdihost113.jakarta01.com,JAKARTA01\dimas  
Error,9/28/2017 8:05:25 AM,EventCreate,1,None,Application,djkvdihost805.jakarta01.com,JAKARTA01\luthfi  
Error,9/28/2017 8:05:22 AM,EventCreate,1,None,Application,djkvdihost191.jakarta01.com,JAKARTA01\reza  
Error,9/28/2017 8:05:19 AM,WSH,1,None,Application,djkvdihost684.jakarta01.com,"CN=Kurniawan Ignatius password will expire in 4 day(s) at 10/2/2017 8:01:32 AM

Press CTRL + ALT + DEL and select the ""Change a password"" option."
Error,9/28/2017 8:05:17 AM,EventCreate,1,None,Application,djkvdihost637.jakarta01.com,JAKARTA01\Latiefah  
Error,9/28/2017 8:05:14 AM,Application Error,1000,(100),Application,djkvdihost113.jakarta01.com,"Faulting application name: spoolsv.exe, version: 6.1.7601.17777, time stamp: 0x4f35efc3
Faulting module name: msvcrt.dll, version: 7.0.7601.17744, time stamp: 0x4eeaf722
Exception code: 0xc0000005
Fault offset: 0x0000aa14
Faulting process id: 0x638
Faulting application start time: 0x01d3377dbe0cb79a
Faulting application path: C:\Windows\System32\spoolsv.exe
Faulting module path: C:\Windows\system32\msvcrt.dll
Report Id: 14e61663-a3e9-11e7-bfcf-0050569f6764"
Error,9/28/2017 8:05:10 AM,EventCreate,1,None,Application,djkvdihost697.jakarta01.com,JAKARTA01\Rizky Anggari  
Error,9/28/2017 8:05:02 AM,EventCreate,1,None,Application,djkvdihost773.jakarta01.com,JAKARTA01\airin  
Error,9/28/2017 8:05:00 AM,EventCreate,1,None,Application,djkvdihost702.jakarta01.com,JAKARTA01\Fardhady  
Error,9/28/2017 8:04:51 AM,EventCreate,1,None,Application,djkvdihost154.jakarta01.com,JAKARTA01\michiko  
Error,9/28/2017 8:04:44 AM,EventCreate,1,None,Application,djkvdihost283.jakarta01.com,JAKARTA01\ni ketut  
Error,9/28/2017 8:04:42 AM,EventCreate,1,None,Application,djkvdihost092.jakarta01.com,JAKARTA01\endah_k  
Error,9/28/2017 8:04:39 AM,EventCreate,1,None,Application,djkvdihost656.jakarta01.com,JAKARTA01\yenny  
Error,9/28/2017 8:04:38 AM,EventCreate,1,None,Application,djkvdihost495.jakarta01.com,JAKARTA01\yusuf  
Error,9/28/2017 8:04:34 AM,EventCreate,1,None,Application,djkvdihost490.jakarta01.com,JAKARTA01\dyah alit  
Error,9/28/2017 8:03:56 AM,EventCreate,1,None,Application,djkvdihost469.jakarta01.com,JAKARTA01\victoria  
Error,9/28/2017 8:04:17 AM,EventCreate,1,None,Application,djkvdihost804.jakarta01.com,JAKARTA01\pahlevi  
Error,9/28/2017 8:04:15 AM,EventCreate,1,None,Application,djkvdihost158.jakarta01.com,JAKARTA01\GuestISD56  
Error,9/28/2017 8:04:03 AM,EventCreate,1,None,Application,djkvdihost331.jakarta01.com,JAKARTA01\Bambang  
Error,9/28/2017 8:04:02 AM,EventCreate,1,None,Application,djkvdihost556.jakarta01.com,JAKARTA01\rizal  
Error,9/28/2017 8:04:02 AM,EventCreate,1,None,Application,djkvdihost215.jakarta01.com,JAKARTA01\diah  
Error,9/28/2017 8:04:00 AM,EventCreate,1,None,Application,djkvdihost681.jakarta01.com,JAKARTA01\Lutfi  
Error,9/28/2017 8:03:56 AM,EventCreate,1,None,Application,djkvdihost104.jakarta01.com,JAKARTA01\hanna  
Error,9/28/2017 8:03:52 AM,EventCreate,1,None,Application,djkvdihost818.jakarta01.com,JAKARTA01\zulkarnaena  
Error,9/28/2017 8:03:50 AM,EventCreate,1,None,Application,djkvdihost901.jakarta01.com,JAKARTA01\adi prasetio  
Error,9/28/2017 8:03:48 AM,EventCreate,1,None,Application,djkvdihost726.jakarta01.com,JAKARTA01\lisa  
Error,9/28/2017 8:03:47 AM,EventCreate,1,None,Application,djkvdihost454.jakarta01.com,JAKARTA01\subhan  
Error,9/28/2017 8:03:45 AM,EventCreate,1,None,Application,djkvdihost726.jakarta01.com,JAKARTA01\lisa  
Error,9/28/2017 8:03:44 AM,EventCreate,1,None,Application,djkvdihost732.jakarta01.com,JAKARTA01\enrikko  
Error,9/28/2017 8:03:40 AM,EventCreate,1,None,Application,djkvdihost111.jakarta01.com,JAKARTA01\ayu  
Error,9/28/2017 8:03:33 AM,EventCreate,1,None,Application,djkvdihost897.jakarta01.com,JAKARTA01\naruhito  
Error,9/28/2017 8:03:37 AM,EventCreate,1,None,Application,djkvdihost379.jakarta01.com,JAKARTA01\krisnawan  
Error,9/28/2017 8:03:35 AM,EventCreate,1,None,Application,djkvdihost622.jakarta01.com,JAKARTA01\nur endah  
Error,9/28/2017 8:03:34 AM,EventCreate,1,None,Application,djkvdihost469.jakarta01.com,JAKARTA01\victoria  
Error,9/28/2017 8:03:33 AM,EventCreate,1,None,Application,djkvdihost755.jakarta01.com,JAKARTA01\kristiana  
Error,9/28/2017 8:03:32 AM,EventCreate,1,None,Application,djkvdihost643.jakarta01.com,JAKARTA01\ronal  
Error,9/28/2017 8:03:31 AM,Application Error,1000,(100),Application,djkvdihost732.jakarta01.com,"Faulting application name: spoolsv.exe, version: 6.1.7601.17777, time stamp: 0x4f35efc3
Faulting module name: msvcrt.dll, version: 7.0.7601.17744, time stamp: 0x4eeaf722
Exception code: 0xc0000005
Fault offset: 0x0000aa14
Faulting process id: 0x63c
Faulting application start time: 0x01d337796c614350
Faulting application path: C:\Windows\System32\spoolsv.exe
Faulting module path: C:\Windows\system32\msvcrt.dll
Report Id: d79a7ca8-a3e8-11e7-ba41-0050569f0f09"
Error,9/28/2017 8:03:29 AM,EventCreate,1,None,Application,djkvdihost049.jakarta01.com,JAKARTA01\heriansyah  
Error,9/28/2017 8:03:28 AM,EventCreate,1,None,Application,djkvdihost329.jakarta01.com,JAKARTA01\Nazlaini  
Error,9/28/2017 8:03:25 AM,EventCreate,1,None,Application,djkvdihost049.jakarta01.com,JAKARTA01\heriansyah  
Error,9/28/2017 8:02:48 AM,WSH,1,None,Application,djkvdihost643.jakarta01.com,"CN=Ronal Priguna Murni password will expire in 3 day(s) at 10/1/2017 7:10:52 AM

Press CTRL + ALT + DEL and select the ""Change a password"" option."
Error,9/28/2017 8:03:08 AM,EventCreate,1,None,Application,djkvdihost813.jakarta01.com,JAKARTA01\wulan  
Error,9/28/2017 8:03:06 AM,EventCreate,1,None,Application,djkvdihost455.jakarta01.com,JAKARTA01\yuswardie  
Error,9/28/2017 8:02:59 AM,EventCreate,1,None,Application,djkvdihost078.jakarta01.com,JAKARTA01\Tammyana  
Error,9/28/2017 8:02:55 AM,EventCreate,1,None,Application,djkvdihost714.jakarta01.com,JAKARTA01\R Syafira  
Error,9/28/2017 8:02:52 AM,EventCreate,1,None,Application,djkvdihost336.jakarta01.com,JAKARTA01\henry st  
Error,9/28/2017 8:02:48 AM,WSH,1,None,Application,djkvdihost643.jakarta01.com,"CN=Ronal Priguna Murni password will expire in 3 day(s) at 10/1/2017 7:10:52 AM

Press CTRL + ALT + DEL and select the ""Change a password"" option."
Error,9/28/2017 8:02:45 AM,EventCreate,1,None,Application,djkvdihost539.jakarta01.com,JAKARTA01\Rafika  
Error,9/28/2017 8:02:41 AM,EventCreate,1,None,Application,djkvdihost775.jakarta01.com,JAKARTA01\BudiS  
Error,9/28/2017 8:02:33 AM,EventCreate,1,None,Application,djkvdihost671.jakarta01.com,JAKARTA01\oliviales  
Error,9/28/2017 8:02:25 AM,EventCreate,1,None,Application,djkvdihost088.jakarta01.com,JAKARTA01\alfiari  
Error,9/28/2017 8:02:02 AM,EventCreate,1,None,Application,djkvdihost744.jakarta01.com,JAKARTA01\fajar  
Error,9/28/2017 8:01:45 AM,EventCreate,1,None,Application,djkvdihost744.jakarta01.com,JAKARTA01\fajar  
Error,9/28/2017 8:01:39 AM,EventCreate,1,None,Application,djkvdihost682.jakarta01.com,JAKARTA01\janna  
Error,9/28/2017 8:02:07 AM,EventCreate,1,None,Application,djkvdihost438.jakarta01.com,JAKARTA01\palmella  
Error,9/28/2017 8:01:31 AM,EventCreate,1,None,Application,djkvdihost646.jakarta01.com,JAKARTA01\riaanggreyni  
Error,9/28/2017 8:01:56 AM,EventCreate,1,None,Application,djkvdihost786.jakarta01.com,JAKARTA01\rezky  
Error,9/28/2017 8:01:53 AM,EventCreate,1,None,Application,djkvdihost793.jakarta01.com,JAKARTA01\iqbal maulanasani  
Error,9/28/2017 8:01:49 AM,EventCreate,1,None,Application,djkvdihost532.jakarta01.com,JAKARTA01\ahmad  
Error,9/28/2017 8:01:29 AM,EventCreate,1,None,Application,djkvdihost744.jakarta01.com,JAKARTA01\fajar  
Error,9/28/2017 8:01:26 AM,EventCreate,1,None,Application,djkvdihost795.jakarta01.com,JAKARTA01\bella  
Error,9/28/2017 8:01:25 AM,EventCreate,1,None,Application,djkvdihost768.jakarta01.com,JAKARTA01\lizty  
Error,9/28/2017 8:01:00 AM,WSH,1,None,Application,djkvdihost682.jakarta01.com,"CN=Janna Irianto password will expire in 4 day(s) at 10/2/2017 8:21:20 AM

Press CTRL + ALT + DEL and select the ""Change a password"" option."
Error,9/28/2017 8:01:20 AM,EventCreate,1,None,Application,djkvdihost142.jakarta01.com,JAKARTA01\rifan  
Error,9/28/2017 8:01:20 AM,EventCreate,1,None,Application,djkvdihost646.jakarta01.com,JAKARTA01\riaanggreyni  
Error,9/28/2017 8:01:16 AM,EventCreate,1,None,Application,djkvdihost802.jakarta01.com,JAKARTA01\tenri  
Error,9/28/2017 8:01:15 AM,EventCreate,1,None,Application,djkvdihost667.jakarta01.com,JAKARTA01\devid  
Error,9/28/2017 8:01:14 AM,EventCreate,1,None,Application,djkvdihost015.jakarta01.com,JAKARTA01\muhamadZAH  
Error,9/28/2017 8:01:11 AM,EventCreate,1,None,Application,djkvdihost839.jakarta01.com,JAKARTA01\arief  
Error,9/28/2017 8:00:59 AM,WSH,1,None,Application,djkvdihost682.jakarta01.com,"CN=Janna Irianto password will expire in 4 day(s) at 10/2/2017 8:21:20 AM

Press CTRL + ALT + DEL and select the ""Change a password"" option."
Error,9/28/2017 8:00:59 AM,EventCreate,1,None,Application,djkvdihost067.jakarta01.com,JAKARTA01\priscilla  
Error,9/28/2017 8:00:54 AM,EventCreate,1,None,Application,djkvdihost636.jakarta01.com,JAKARTA01\rbagus  
Error,9/28/2017 8:00:53 AM,EventCreate,1,None,Application,djkvdihost476.jakarta01.com,JAKARTA01\sandrase  
Error,9/28/2017 8:00:50 AM,EventCreate,1,None,Application,djkvdihost371.jakarta01.com,JAKARTA01\hardianbp  
Error,9/28/2017 8:00:39 AM,EventCreate,1,None,Application,djkvdihost027.jakarta01.com,JAKARTA01\mutiman  
Error,9/28/2017 8:00:38 AM,EventCreate,1,None,Application,djkvdihost409.jakarta01.com,JAKARTA01\Clara  
Error,9/28/2017 8:00:37 AM,EventCreate,1,None,Application,djkvdihost618.jakarta01.com,JAKARTA01\novitarini  
Error,9/28/2017 8:00:29 AM,EventCreate,1,None,Application,djkvdihost633.jakarta01.com,JAKARTA01\budhasca  
Error,9/28/2017 8:00:26 AM,EventCreate,1,None,Application,djkvdihost097.jakarta01.com,JAKARTA01\komang  
Error,9/28/2017 7:59:54 AM,EventCreate,1,None,Application,djkvdihost432.jakarta01.com,JAKARTA01\M Fajri  
Error,9/28/2017 8:00:19 AM,EventCreate,1,None,Application,djkvdihost648.jakarta01.com,JAKARTA01\lani  
Error,9/28/2017 8:00:15 AM,EventCreate,1,None,Application,djkvdihost585.jakarta01.com,JAKARTA01\veronicam  
Error,9/28/2017 8:00:15 AM,EventCreate,1,None,Application,djkvdihost694.jakarta01.com,JAKARTA01\haedar  
Error,9/28/2017 8:00:08 AM,EventCreate,1,None,Application,djkvdihost317.jakarta01.com,JAKARTA01\Yunita2  
Error,9/28/2017 8:00:06 AM,EventCreate,1,None,Application,djkvdihost612.jakarta01.com,JAKARTA01\cita  
Error,9/28/2017 7:59:58 AM,EventCreate,1,None,Application,djkvdihost408.jakarta01.com,JAKARTA01\yusi  
Error,9/28/2017 7:59:53 AM,EventCreate,1,None,Application,djkvdihost609.jakarta01.com,JAKARTA01\ouki  
Error,9/28/2017 7:59:51 AM,EventCreate,1,None,Application,djkvdihost053.jakarta01.com,JAKARTA01\vita  
Error,9/28/2017 7:59:49 AM,EventCreate,1,None,Application,djkvdihost188.jakarta01.com,JAKARTA01\m iqbal  
Error,9/28/2017 7:59:47 AM,EventCreate,1,None,Application,djkvdihost378.jakarta01.com,JAKARTA01\Liasyah  
Error,9/28/2017 7:59:37 AM,EventCreate,1,None,Application,djkvdihost731.jakarta01.com,JAKARTA01\ginanjar  
Error,9/28/2017 7:59:26 AM,EventCreate,1,None,Application,djkvdihost432.jakarta01.com,JAKARTA01\M Fajri  
Error,9/28/2017 7:59:24 AM,EventCreate,1,None,Application,djkvdihost187.jakarta01.com,JAKARTA01\Sulaiman  
Error,9/28/2017 7:59:23 AM,EventCreate,1,None,Application,djkvdihost870.jakarta01.com,JAKARTA01\deddy  
Error,9/28/2017 7:59:09 AM,EventCreate,1,None,Application,djkvdihost735.jakarta01.com,JAKARTA01\retno  
Error,9/28/2017 7:59:05 AM,EventCreate,1,None,Application,djkvdihost789.jakarta01.com,JAKARTA01\Bagus Gede  
Error,9/28/2017 7:58:59 AM,EventCreate,1,None,Application,djkvdihost902.jakarta01.com,JAKARTA01\Enjang  
Error,9/28/2017 7:58:59 AM,EventCreate,1,None,Application,djkvdihost591.jakarta01.com,JAKARTA01\Helena  
Error,9/28/2017 7:58:55 AM,EventCreate,1,None,Application,djkvdihost140.jakarta01.com,JAKARTA01\muhammady  
Error,9/28/2017 7:58:52 AM,EventCreate,1,None,Application,djkvdihost623.jakarta01.com,JAKARTA01\Yonanda  
Error,9/28/2017 7:58:50 AM,EventCreate,1,None,Application,djkvdihost202.jakarta01.com,JAKARTA01\namora  
Error,9/28/2017 7:58:47 AM,EventCreate,1,None,Application,djkvdihost435.jakarta01.com,JAKARTA01\Dyandra  
Error,9/28/2017 7:58:46 AM,EventCreate,1,None,Application,djkvdihost419.jakarta01.com,JAKARTA01\puri  
Error,9/28/2017 7:58:15 AM,EventCreate,1,None,Application,djkvdihost373.jakarta01.com,JAKARTA01\rindang  
Error,9/28/2017 7:58:12 AM,EventCreate,1,None,Application,djkvdihost373.jakarta01.com,JAKARTA01\rindang  
Error,9/28/2017 7:58:40 AM,EventCreate,1,None,Application,djkvdihost735.jakarta01.com,JAKARTA01\retno  
Error,9/28/2017 7:58:39 AM,EventCreate,1,None,Application,djkvdihost642.jakarta01.com,JAKARTA01\mirawati  
Error,9/28/2017 7:58:08 AM,EventCreate,1,None,Application,djkvdihost219.jakarta01.com,JAKARTA01\Astriana  
Error,9/28/2017 7:58:29 AM,EventCreate,1,None,Application,djkvdihost322.jakarta01.com,JAKARTA01\Dian Permata  
Error,9/28/2017 7:58:26 AM,EventCreate,1,None,Application,djkvdihost587.jakarta01.com,JAKARTA01\sorayahs  
Error,9/28/2017 7:58:13 AM,EventCreate,1,None,Application,djkvdihost358.jakarta01.com,JAKARTA01\Aisyah  
Error,9/28/2017 7:58:13 AM,EventCreate,1,None,Application,djkvdihost797.jakarta01.com,JAKARTA01\laila  
Error,9/28/2017 7:58:13 AM,EventCreate,1,None,Application,djkvdihost778.jakarta01.com,JAKARTA01\yorika  
Error,9/28/2017 7:58:09 AM,EventCreate,1,None,Application,djkvdihost625.jakarta01.com,JAKARTA01\christian  
Error,9/28/2017 7:58:09 AM,EventCreate,1,None,Application,djkvdihost043.jakarta01.com,JAKARTA01\imam  
Error,9/28/2017 7:58:08 AM,EventCreate,1,None,Application,djkvdihost441.jakarta01.com,JAKARTA01\Didik  
Error,9/28/2017 7:58:04 AM,EventCreate,1,None,Application,djkvdihost605.jakarta01.com,JAKARTA01\Ana  
Error,9/28/2017 7:58:01 AM,EventCreate,1,None,Application,djkvdihost028.jakarta01.com,JAKARTA01\andrewrs  
Error,9/28/2017 7:58:01 AM,EventCreate,1,None,Application,djkvdihost380.jakarta01.com,JAKARTA01\melany  
Error,9/28/2017 7:57:49 AM,EventCreate,1,None,Application,djkvdihost171.jakarta01.com,JAKARTA01\danna  
Error,9/28/2017 7:57:48 AM,EventCreate,1,None,Application,djkvdihost465.jakarta01.com,JAKARTA01\aulya  
Error,9/28/2017 7:57:20 AM,WSH,1,None,Application,djkvdihost373.jakarta01.com,"CN=Rindang Intan Amiel password will expire in 4 day(s) at 10/2/2017 7:44:36 AM

Press CTRL + ALT + DEL and select the ""Change a password"" option."
Error,9/28/2017 7:57:40 AM,EventCreate,1,None,Application,djkvdihost259.jakarta01.com,JAKARTA01\Guestisd30  
Error,9/28/2017 7:57:04 AM,EventCreate,1,None,Application,djkvdihost239.jakarta01.com,JAKARTA01\wicaksono  
Error,9/28/2017 7:57:01 AM,EventCreate,1,None,Application,djkvdihost219.jakarta01.com,JAKARTA01\Astriana  
Error,9/28/2017 7:57:19 AM,WSH,1,None,Application,djkvdihost373.jakarta01.com,"CN=Rindang Intan Amiel password will expire in 4 day(s) at 10/2/2017 7:44:36 AM

Press CTRL + ALT + DEL and select the ""Change a password"" option."
Error,9/28/2017 7:57:07 AM,EventCreate,1,None,Application,djkvdihost214.jakarta01.com,JAKARTA01\toyoda  
Error,9/28/2017 7:56:50 AM,Application Error,1000,(100),Application,djkvdihost239.jakarta01.com,"Faulting application name: spoolsv.exe, version: 6.1.7601.17777, time stamp: 0x4f35efc3
Faulting module name: msvcrt.dll, version: 7.0.7601.17744, time stamp: 0x4eeaf722
Exception code: 0xc0000005
Fault offset: 0x0000aa14
Faulting process id: 0x634
Faulting application start time: 0x01d337cd2b9665fa
Faulting application path: C:\Windows\System32\spoolsv.exe
Faulting module path: C:\Windows\system32\msvcrt.dll
Report Id: e8af21e6-a3e7-11e7-882e-0050569f2638"
Error,9/28/2017 7:56:54 AM,EventCreate,1,None,Application,djkvdihost899.jakarta01.com,JAKARTA01\Anosa  
Error,9/28/2017 7:56:57 AM,EventCreate,1,None,Application,djkvdihost672.jakarta01.com,JAKARTA01\dewi  
Error,9/28/2017 7:56:53 AM,EventCreate,1,None,Application,djkvdihost483.jakarta01.com,JAKARTA01\anggata  
Error,9/28/2017 7:56:49 AM,EventCreate,1,None,Application,djkvdihost500.jakarta01.com,JAKARTA01\rizka syarifa  
Error,9/28/2017 7:56:40 AM,EventCreate,1,None,Application,djkvdihost219.jakarta01.com,JAKARTA01\Astriana  
Error,9/28/2017 7:56:37 AM,EventCreate,1,None,Application,djkvdihost315.jakarta01.com,JAKARTA01\smuhidin  
Error,9/28/2017 7:56:34 AM,EventCreate,1,None,Application,djkvdihost105.jakarta01.com,JAKARTA01\warda  
Error,9/28/2017 7:56:33 AM,EventCreate,1,None,Application,djkvdihost521.jakarta01.com,JAKARTA01\leonie  
Error,9/28/2017 7:56:02 AM,EventCreate,1,None,Application,djkvdihost310.jakarta01.com,JAKARTA01\Audyanza  
Error,9/28/2017 7:56:30 AM,EventCreate,1,None,Application,djkvdihost239.jakarta01.com,JAKARTA01\wicaksono  
Error,9/28/2017 7:56:29 AM,EventCreate,1,None,Application,djkvdihost801.jakarta01.com,JAKARTA01\astio  
Error,9/28/2017 7:56:28 AM,EventCreate,1,None,Application,djkvdihost118.jakarta01.com,JAKARTA01\polyska  
Error,9/28/2017 7:56:28 AM,EventCreate,1,None,Application,djkvdihost563.jakarta01.com,JAKARTA01\GUESTISD32  
Error,9/28/2017 7:55:56 AM,EventCreate,1,None,Application,djkvdihost007.jakarta01.com,JAKARTA01\nyimas  
Error,9/28/2017 7:56:20 AM,EventCreate,1,None,Application,djkvdihost528.jakarta01.com,JAKARTA01\aprilia  
Error,9/28/2017 7:56:20 AM,EventCreate,1,None,Application,djkvdihost751.jakarta01.com,JAKARTA01\Felix  
Error,9/28/2017 7:56:19 AM,EventCreate,1,None,Application,djkvdihost076.jakarta01.com,JAKARTA01\barry  
Error,9/28/2017 7:56:12 AM,EventCreate,1,None,Application,djkvdihost324.jakarta01.com,JAKARTA01\dady  
Error,9/28/2017 7:56:10 AM,EventCreate,1,None,Application,djkvdihost160.jakarta01.com,JAKARTA01\venir  
Error,9/28/2017 7:56:09 AM,EventCreate,1,None,Application,djkvdihost601.jakarta01.com,JAKARTA01\wisnu  
Error,9/28/2017 7:56:03 AM,EventCreate,1,None,Application,djkvdihost003.jakarta01.com,JAKARTA01\rachelas  
Error,9/28/2017 7:56:01 AM,EventCreate,1,None,Application,djkvdihost245.jakarta01.com,JAKARTA01\puspitasari  
Error,9/28/2017 7:56:00 AM,EventCreate,1,None,Application,djkvdihost156.jakarta01.com,JAKARTA01\Risqia  
Error,9/28/2017 7:55:57 AM,EventCreate,1,None,Application,djkvdihost198.jakarta01.com,JAKARTA01\hilmy  
Error,9/28/2017 7:55:26 AM,WSH,1,None,Application,djkvdihost528.jakarta01.com,"CN=Aprilia Widyawati password will expire in 4 day(s) at 10/2/2017 7:54:33 AM

Press CTRL + ALT + DEL and select the ""Change a password"" option."
Error,9/28/2017 7:55:49 AM,EventCreate,1,None,Application,djkvdihost521.jakarta01.com,JAKARTA01\leonie  
Error,9/28/2017 7:55:44 AM,EventCreate,1,None,Application,djkvdihost639.jakarta01.com,JAKARTA01\poespita  
Error,9/28/2017 7:55:44 AM,EventCreate,1,None,Application,djkvdihost601.jakarta01.com,JAKARTA01\wisnu  
Error,9/28/2017 7:55:41 AM,EventCreate,1,None,Application,djkvdihost771.jakarta01.com,JAKARTA01\RatiAF  
Error,9/28/2017 7:55:37 AM,EventCreate,1,None,Application,djkvdihost640.jakarta01.com,JAKARTA01\Beny  
Error,9/28/2017 7:55:33 AM,EventCreate,1,None,Application,djkvdihost007.jakarta01.com,JAKARTA01\nyimas  
Error,9/28/2017 7:55:31 AM,EventCreate,1,None,Application,djkvdihost293.jakarta01.com,JAKARTA01\sylvia  
Error,9/28/2017 7:55:31 AM,EventCreate,1,None,Application,djkvdihost403.jakarta01.com,JAKARTA01\mega  
Error,9/28/2017 7:55:30 AM,EventCreate,1,None,Application,djkvdihost729.jakarta01.com,JAKARTA01\WulanAn  
Error,9/28/2017 7:55:29 AM,EventCreate,1,None,Application,djkvdihost535.jakarta01.com,JAKARTA01\sonson  
Error,9/28/2017 7:55:25 AM,WSH,1,None,Application,djkvdihost528.jakarta01.com,"CN=Aprilia Widyawati password will expire in 4 day(s) at 10/2/2017 7:54:33 AM

Press CTRL + ALT + DEL and select the ""Change a password"" option."
Error,9/28/2017 7:54:56 AM,EventCreate,1,None,Application,djkvdihost436.jakarta01.com,JAKARTA01\JUNETTE  
Error,9/28/2017 7:54:51 AM,EventCreate,1,None,Application,djkvdihost436.jakarta01.com,JAKARTA01\JUNETTE  
Error,9/28/2017 7:55:19 AM,EventCreate,1,None,Application,djkvdihost509.jakarta01.com,JAKARTA01\Adjeng  
Error,9/28/2017 7:55:18 AM,EventCreate,1,None,Application,djkvdihost447.jakarta01.com,JAKARTA01\Aviv  
Error,9/28/2017 7:55:11 AM,EventCreate,1,None,Application,djkvdihost364.jakarta01.com,JAKARTA01\ailsa  
Error,9/28/2017 7:55:10 AM,EventCreate,1,None,Application,djkvdihost310.jakarta01.com,JAKARTA01\Audyanza  
Error,9/28/2017 7:55:04 AM,EventCreate,1,None,Application,djkvdihost453.jakarta01.com,JAKARTA01\alifah  
Error,9/28/2017 7:55:00 AM,EventCreate,1,None,Application,djkvdihost792.jakarta01.com,JAKARTA01\paramita  
Error,9/28/2017 7:54:52 AM,EventCreate,1,None,Application,djkvdihost527.jakarta01.com,JAKARTA01\hadid  
Error,9/28/2017 7:54:41 AM,EventCreate,1,None,Application,djkvdihost436.jakarta01.com,JAKARTA01\JUNETTE  
Error,9/28/2017 7:54:36 AM,EventCreate,1,None,Application,djkvdihost260.jakarta01.com,JAKARTA01\Armanto  
Error,9/28/2017 7:54:35 AM,EventCreate,1,None,Application,djkvdihost163.jakarta01.com,JAKARTA01\Doris  
Error,9/28/2017 7:54:00 AM,EventCreate,1,None,Application,djkvdihost433.jakarta01.com,JAKARTA01\mazy  
Error,9/28/2017 7:53:56 AM,EventCreate,1,None,Application,djkvdihost066.jakarta01.com,JAKARTA01\samsul  
Error,9/28/2017 7:53:54 AM,EventCreate,1,None,Application,djkvdihost584.jakarta01.com,JAKARTA01\yudistira  
Error,9/28/2017 7:53:38 AM,EventCreate,1,None,Application,djkvdihost386.jakarta01.com,JAKARTA01\erika  
Error,9/28/2017 7:53:31 AM,EventCreate,1,None,Application,djkvdihost464.jakarta01.com,JAKARTA01\shinta  
Error,9/28/2017 7:53:28 AM,EventCreate,1,None,Application,djkvdihost826.jakarta01.com,JAKARTA01\Talitha  
Error,9/28/2017 7:53:22 AM,EventCreate,1,None,Application,djkvdihost177.jakarta01.com,JAKARTA01\rimico  
Error,9/28/2017 7:53:19 AM,EventCreate,1,None,Application,djkvdihost295.jakarta01.com,JAKARTA01\saptorini  
Error,9/28/2017 7:53:13 AM,EventCreate,1,None,Application,djkvdihost217.jakarta01.com,JAKARTA01\mutiara  
Error,9/28/2017 7:53:11 AM,EventCreate,1,None,Application,djkvdihost835.jakarta01.com,JAKARTA01\arismanm  
Error,9/28/2017 7:53:08 AM,EventCreate,1,None,Application,djkvdihost216.jakarta01.com,JAKARTA01\hemayani  
Error,9/28/2017 7:52:58 AM,EventCreate,1,None,Application,djkvdihost320.jakarta01.com,JAKARTA01\novianti  
Error,9/28/2017 7:52:55 AM,EventCreate,1,None,Application,djkvdihost760.jakarta01.com,JAKARTA01\Mustikawati  
Error,9/28/2017 7:52:12 AM,EventCreate,1,None,Application,djkvdihost133.jakarta01.com,JAKARTA01\puji  
Error,9/28/2017 7:52:06 AM,EventCreate,1,None,Application,djkvdihost284.jakarta01.com,JAKARTA01\genarosa  
Error,9/28/2017 7:52:03 AM,EventCreate,1,None,Application,djkvdihost693.jakarta01.com,JAKARTA01\prakasa  
Error,9/28/2017 7:52:00 AM,EventCreate,1,None,Application,djkvdihost894.jakarta01.com,JAKARTA01\Agus Sutikno  
Error,9/28/2017 7:51:53 AM,EventCreate,1,None,Application,djkvdihost085.jakarta01.com,JAKARTA01\Puspa  
Error,9/28/2017 7:51:52 AM,EventCreate,1,None,Application,djkvdihost573.jakarta01.com,JAKARTA01\annisa inggita  
Error,9/28/2017 7:51:35 AM,EventCreate,1,None,Application,djkvdihost674.jakarta01.com,JAKARTA01\rara  
Error,9/28/2017 7:51:33 AM,EventCreate,1,None,Application,djkvdihost568.jakarta01.com,JAKARTA01\cinta  
Error,9/28/2017 7:51:26 AM,Application Error,1000,(100),Application,djkvdihost568.jakarta01.com,"Faulting application name: spoolsv.exe, version: 6.1.7601.17777, time stamp: 0x4f35efc3
Faulting module name: msvcrt.dll, version: 7.0.7601.17744, time stamp: 0x4eeaf722
Exception code: 0xc0000005
Fault offset: 0x0000aa14
Faulting process id: 0x63c
Faulting application start time: 0x01d33780ee1ec6fe
Faulting application path: C:\Windows\System32\spoolsv.exe
Faulting module path: C:\Windows\system32\msvcrt.dll
Report Id: 27a7bc79-a3e7-11e7-a054-0050569f2dd6"
Error,9/28/2017 7:51:24 AM,EventCreate,1,None,Application,djkvdihost404.jakarta01.com,JAKARTA01\fitri  
Error,9/28/2017 7:51:19 AM,EventCreate,1,None,Application,djkvdihost024.jakarta01.com,JAKARTA01\yosanta  
Error,9/28/2017 7:51:00 AM,EventCreate,1,None,Application,djkvdihost233.jakarta01.com,JAKARTA01\NIkmatullah  
Error,9/28/2017 7:50:47 AM,EventCreate,1,None,Application,djkvdihost896.jakarta01.com,JAKARTA01\Adhisty  
Error,9/28/2017 7:50:11 AM,EventCreate,1,None,Application,djkvdihost004.jakarta01.com,JAKARTA01\MAUREEN  
Error,9/28/2017 7:50:25 AM,EventCreate,1,None,Application,djkvdihost715.jakarta01.com,JAKARTA01\Arum  
Error,9/28/2017 7:49:58 AM,EventCreate,1,None,Application,djkvdihost604.jakarta01.com,JAKARTA01\chris  
Error,9/28/2017 7:49:50 AM,EventCreate,1,None,Application,djkvdihost747.jakarta01.com,JAKARTA01\vina  
Error,9/28/2017 7:49:48 AM,EventCreate,1,None,Application,djkvdihost474.jakarta01.com,JAKARTA01\arinie  
Error,9/28/2017 7:49:43 AM,EventCreate,1,None,Application,djkvdihost592.jakarta01.com,JAKARTA01\ahmad zainul  
Error,9/28/2017 7:49:37 AM,EventCreate,1,None,Application,djkvdihost273.jakarta01.com,JAKARTA01\Rini Purnama  
Error,9/28/2017 7:49:34 AM,EventCreate,1,None,Application,djkvdihost422.jakarta01.com,JAKARTA01\Dina Vathati  
Error,9/28/2017 7:49:33 AM,EventCreate,1,None,Application,djkvdihost626.jakarta01.com,JAKARTA01\Moh Ditto  
Error,9/28/2017 7:49:33 AM,EventCreate,1,None,Application,djkvdihost180.jakarta01.com,JAKARTA01\fajar  
Error,9/28/2017 7:49:27 AM,EventCreate,1,None,Application,djkvdihost004.jakarta01.com,JAKARTA01\MAUREEN  
Error,9/28/2017 7:48:55 AM,WSH,1,None,Application,djkvdihost422.jakarta01.com,"CN=Dina Vathati Nadiya password will expire in 4 day(s) at 10/2/2017 7:24:36 AM

Press CTRL + ALT + DEL and select the ""Change a password"" option."
Error,9/28/2017 7:49:22 AM,EventCreate,1,None,Application,djkvdihost766.jakarta01.com,JAKARTA01\jeffry  
Error,9/28/2017 7:49:17 AM,EventCreate,1,None,Application,djkvdihost412.jakarta01.com,JAKARTA01\himawan  
Error,9/28/2017 7:48:43 AM,EventCreate,1,None,Application,djkvdihost572.jakarta01.com,JAKARTA01\chalfin  
Error,9/28/2017 7:48:40 AM,Application Error,1000,(100),Application,djkvdihost572.jakarta01.com,"Faulting application name: iexplore.exe, version: 11.0.9600.18639, time stamp: 0x58d6bb0d
Faulting module name: MSHTML.dll, version: 11.0.9600.18639, time stamp: 0x58d6c720
Exception code: 0xc0000005
Fault offset: 0x000ac604
Faulting process id: 0x13c
Faulting application start time: 0x01d337f36361f3e6
Faulting application path: C:\Program Files\Internet Explorer\iexplore.exe
Faulting module path: C:\Windows\system32\MSHTML.dll
Report Id: c4aca8a5-a3e6-11e7-ba5f-0050569f1025"
Error,9/28/2017 7:49:09 AM,EventCreate,1,None,Application,djkvdihost418.jakarta01.com,JAKARTA01\Ida  
Error,9/28/2017 7:49:03 AM,EventCreate,1,None,Application,djkvdihost875.jakarta01.com,JAKARTA01\abdul  
Error,9/28/2017 7:48:56 AM,EventCreate,1,None,Application,djkvdihost246.jakarta01.com,JAKARTA01\Lily  
Error,9/28/2017 7:48:54 AM,WSH,1,None,Application,djkvdihost422.jakarta01.com,"CN=Dina Vathati Nadiya password will expire in 4 day(s) at 10/2/2017 7:24:36 AM

Press CTRL + ALT + DEL and select the ""Change a password"" option."
Error,9/28/2017 7:48:47 AM,EventCreate,1,None,Application,djkvdihost094.jakarta01.com,JAKARTA01\Putri  
Error,9/28/2017 7:48:45 AM,WSH,1,None,Application,djkvdihost180.jakarta01.com,"CN=Fajar Kusuma password will expire in 0 day(s) at 9/28/2017 7:48:23 AM

Press CTRL + ALT + DEL and select the ""Change a password"" option."
Error,9/28/2017 7:48:45 AM,WSH,1,None,Application,djkvdihost180.jakarta01.com,"CN=Fajar Kusuma password will expire in 0 day(s) at 9/28/2017 7:48:23 AM

Press CTRL + ALT + DEL and select the ""Change a password"" option."
Error,9/28/2017 7:48:33 AM,EventCreate,1,None,Application,djkvdihost452.jakarta01.com,JAKARTA01\martha  
Error,9/28/2017 7:48:23 AM,EventCreate,1,None,Application,djkvdihost892.jakarta01.com,JAKARTA01\StellaH  
Error,9/28/2017 7:48:15 AM,EventCreate,1,None,Application,djkvdihost679.jakarta01.com,JAKARTA01\netra  
Error,9/28/2017 7:48:15 AM,EventCreate,1,None,Application,djkvdihost141.jakarta01.com,JAKARTA01\EDameria  
Error,9/28/2017 7:48:13 AM,EventCreate,1,None,Application,djkvdihost617.jakarta01.com,JAKARTA01\Dilla  
Error,9/28/2017 7:48:10 AM,EventCreate,1,None,Application,djkvdihost800.jakarta01.com,JAKARTA01\femmy  
Error,9/28/2017 7:48:08 AM,EventCreate,1,None,Application,djkvdihost458.jakarta01.com,JAKARTA01\meri  
Error,9/28/2017 7:48:06 AM,EventCreate,1,None,Application,djkvdihost710.jakarta01.com,JAKARTA01\bagas  
Error,9/28/2017 7:47:57 AM,EventCreate,1,None,Application,djkvdihost718.jakarta01.com,JAKARTA01\Teguh Aji  
Error,9/28/2017 7:47:57 AM,EventCreate,1,None,Application,djkvdihost572.jakarta01.com,JAKARTA01\chalfin  
Error,9/28/2017 7:47:22 AM,WSH,1,None,Application,djkvdihost458.jakarta01.com,"CN=Meri Saadah password will expire in 3 day(s) at 10/1/2017 7:33:03 AM

Press CTRL + ALT + DEL and select the ""Change a password"" option."
Error,9/28/2017 7:47:52 AM,EventCreate,1,None,Application,djkvdihost658.jakarta01.com,JAKARTA01\dwinda  
Error,9/28/2017 7:47:14 AM,WSH,1,None,Application,djkvdihost710.jakarta01.com,"CN=Bagas Kurniawan password will expire in 3 day(s) at 10/1/2017 4:14:05 PM

Press CTRL + ALT + DEL and select the ""Change a password"" option."
Error,9/28/2017 7:47:38 AM,EventCreate,1,None,Application,djkvdihost829.jakarta01.com,JAKARTA01\ClarissaMh  
Error,9/28/2017 7:47:33 AM,EventCreate,1,None,Application,djkvdihost877.jakarta01.com,JAKARTA01\kubo  
Error,9/28/2017 7:47:31 AM,EventCreate,1,None,Application,djkvdihost748.jakarta01.com,JAKARTA01\m ridho  
Error,9/28/2017 7:47:21 AM,WSH,1,None,Application,djkvdihost458.jakarta01.com,"CN=Meri Saadah password will expire in 3 day(s) at 10/1/2017 7:33:03 AM

Press CTRL + ALT + DEL and select the ""Change a password"" option."
Error,9/28/2017 7:47:13 AM,EventCreate,1,None,Application,djkvdihost661.jakarta01.com,JAKARTA01\krisna  
Error,9/28/2017 7:47:13 AM,WSH,1,None,Application,djkvdihost710.jakarta01.com,"CN=Bagas Kurniawan password will expire in 3 day(s) at 10/1/2017 4:14:05 PM

Press CTRL + ALT + DEL and select the ""Change a password"" option."
Error,9/28/2017 7:46:57 AM,EventCreate,1,None,Application,djkvdihost280.jakarta01.com,JAKARTA01\yulianty  
Error,9/28/2017 7:46:57 AM,EventCreate,1,None,Application,djkvdihost201.jakarta01.com,JAKARTA01\ceciliadt  
