Error,9/27/2017 9:49:27 AM,Application Error,1000,(100),Application,djkvdihost753.jakarta01.com,"Faulting application name: OUTLOOK.EXE, version: 15.0.4919.1001, time stamp: 0x58d20482
Faulting module name: OUTLOOK.EXE, version: 15.0.4919.1001, time stamp: 0x58d20482
Exception code: 0xc0000005
Fault offset: 0x008924c4
Faulting process id: 0x1560
Faulting application start time: 0x01d3372c8d90418e
Faulting application path: C:\Program Files\Microsoft Office\Office15\OUTLOOK.EXE
Faulting module path: C:\Program Files\Microsoft Office\Office15\OUTLOOK.EXE
Report Id: 79d80b25-a32e-11e7-a48d-0050569f7cee"
Error,9/27/2017 9:49:53 AM,EventCreate,1,None,Application,djkvdihost061.jakarta01.com,JAKARTA01\rina  
Error,9/27/2017 9:49:06 AM,EventCreate,1,None,Application,djkvdihost679.jakarta01.com,JAKARTA01\sandrase  
Error,9/27/2017 9:49:04 AM,EventCreate,1,None,Application,djkvdihost216.jakarta01.com,JAKARTA01\yoshinta  
Error,9/27/2017 9:48:18 AM,EventCreate,1,None,Application,djkvdihost126.jakarta01.com,JAKARTA01\rahman  
Error,9/27/2017 9:48:04 AM,EventCreate,1,None,Application,djkvdihost068.jakarta01.com,JAKARTA01\Chinthea  
Error,9/27/2017 9:47:44 AM,EventCreate,1,None,Application,djkvdihost376.jakarta01.com,JAKARTA01\guestisd29  
Error,9/27/2017 9:46:29 AM,WSH,1,None,Application,djkvdihost068.jakarta01.com,"CN=Chinthea Anggreni password will expire in 4 day(s) at 10/1/2017 7:10:25 AM

Press CTRL + ALT + DEL and select the ""Change a password"" option."
Error,9/27/2017 9:46:42 AM,EventCreate,1,None,Application,djkvdihost558.jakarta01.com,JAKARTA01\handayani  
Error,9/27/2017 9:46:41 AM,EventCreate,1,None,Application,djkvdihost129.jakarta01.com,JAKARTA01\wisnu  
Error,9/27/2017 9:46:29 AM,WSH,1,None,Application,djkvdihost068.jakarta01.com,"CN=Chinthea Anggreni password will expire in 4 day(s) at 10/1/2017 7:10:25 AM

Press CTRL + ALT + DEL and select the ""Change a password"" option."
Error,9/27/2017 9:46:15 AM,EventCreate,1,None,Application,djkvdihost711.jakarta01.com,JAKARTA01\kurniawan  
Error,9/27/2017 9:46:03 AM,EventCreate,1,None,Application,djkvdihost168.jakarta01.com,JAKARTA01\guestisd55  
Error,9/27/2017 9:45:14 AM,EventCreate,1,None,Application,djkvdihost148.jakarta01.com,JAKARTA01\yoedo  
Error,9/27/2017 9:45:09 AM,Application Error,1000,(100),Application,djkvdihost148.jakarta01.com,"Faulting application name: spoolsv.exe, version: 6.1.7601.17777, time stamp: 0x4f35efc3
Faulting module name: msvcrt.dll, version: 7.0.7601.17744, time stamp: 0x4eeaf722
Exception code: 0xc0000005
Fault offset: 0x0000aa14
Faulting process id: 0x634
Faulting application start time: 0x01d336ae357efcfb
Faulting application path: C:\Windows\System32\spoolsv.exe
Faulting module path: C:\Windows\system32\msvcrt.dll
Report Id: e02d4431-a32d-11e7-b604-0050569f2c32"
Error,9/27/2017 9:44:49 AM,EventCreate,1,None,Application,djkvdihost316.jakarta01.com,JAKARTA01\ronald david  
Error,9/27/2017 9:45:02 AM,EventCreate,1,None,Application,djkvdihost473.jakarta01.com,JAKARTA01\giandripn  
Error,9/27/2017 9:44:31 AM,EventCreate,1,None,Application,djkvdihost366.jakarta01.com,JAKARTA01\ici  
Error,9/27/2017 9:43:33 AM,EventCreate,1,None,Application,djkvdihost335.jakarta01.com,JAKARTA01\feni  
Error,9/27/2017 9:42:50 AM,EventCreate,1,None,Application,djkvdihost335.jakarta01.com,JAKARTA01\feni  
Error,9/27/2017 9:40:55 AM,EventCreate,1,None,Application,djkvdihost146.jakarta01.com,JAKARTA01\ClarissaMh  
Error,9/27/2017 9:41:17 AM,EventCreate,1,None,Application,djkvdihost073.jakarta01.com,JAKARTA01\isnaini  
Error,9/27/2017 9:40:34 AM,EventCreate,1,None,Application,djkvdihost151.jakarta01.com,JAKARTA01\Arief Sandy  
Error,9/27/2017 9:40:30 AM,EventCreate,1,None,Application,djkvdihost146.jakarta01.com,JAKARTA01\ClarissaMh  
Error,9/27/2017 9:40:04 AM,EventCreate,1,None,Application,djkvdihost597.jakarta01.com,JAKARTA01\Dini Rahmawati  
Error,9/27/2017 9:39:50 AM,EventCreate,1,None,Application,djkvdihost512.jakarta01.com,JAKARTA01\guestISD44  
Error,9/27/2017 9:39:19 AM,EventCreate,1,None,Application,djkvdihost497.jakarta01.com,JAKARTA01\ratmitasari  
Error,9/27/2017 9:38:52 AM,EventCreate,1,None,Application,djkvdihost529.jakarta01.com,JAKARTA01\rudy  
Error,9/27/2017 9:37:38 AM,EventCreate,1,None,Application,djkvdihost008.jakarta01.com,JAKARTA01\hafiah  
Error,9/27/2017 9:38:02 AM,EventCreate,1,None,Application,djkvdihost298.jakarta01.com,JAKARTA01\GUESTISD28  
Error,9/27/2017 9:36:47 AM,WSH,1,None,Application,djkvdihost008.jakarta01.com,"CN=Hafiah password will expire in 4 day(s) at 10/1/2017 9:33:01 AM

Press CTRL + ALT + DEL and select the ""Change a password"" option."
Error,9/27/2017 9:36:45 AM,WSH,1,None,Application,djkvdihost008.jakarta01.com,"CN=Hafiah password will expire in 4 day(s) at 10/1/2017 9:33:01 AM

Press CTRL + ALT + DEL and select the ""Change a password"" option."
Error,9/27/2017 9:36:38 AM,EventCreate,1,None,Application,djkvdihost466.jakarta01.com,JAKARTA01\guestisd54  
Error,9/27/2017 9:35:46 AM,EventCreate,1,None,Application,djkvdihost257.jakarta01.com,JAKARTA01\christian2  
Error,9/27/2017 9:32:51 AM,EventCreate,1,None,Application,djkvdihost198.jakarta01.com,JAKARTA01\guestisd07  
Error,9/27/2017 9:32:18 AM,EventCreate,1,None,Application,djkvdihost559.jakarta01.com,JAKARTA01\anindita  
Error,9/27/2017 9:32:11 AM,Application Error,1000,(100),Application,djkvdihost559.jakarta01.com,"Faulting application name: spoolsv.exe, version: 6.1.7601.17777, time stamp: 0x4f35efc3
Faulting module name: msvcrt.dll, version: 7.0.7601.17744, time stamp: 0x4eeaf722
Exception code: 0xc0000005
Fault offset: 0x0000aa14
Faulting process id: 0x638
Faulting application start time: 0x01d336d9b4f7493f
Faulting application path: C:\Windows\System32\spoolsv.exe
Faulting module path: C:\Windows\system32\msvcrt.dll
Report Id: 10313712-a32c-11e7-a375-0050569f6fa7"
Error,9/27/2017 9:32:31 AM,EventCreate,1,None,Application,djkvdihost518.jakarta01.com,JAKARTA01\andre cahyono  
Error,9/27/2017 9:32:22 AM,EventCreate,1,None,Application,djkvdihost350.jakarta01.com,JAKARTA01\budsiregar  
Error,9/27/2017 9:31:32 AM,EventCreate,1,None,Application,djkvdihost097.jakarta01.com,JAKARTA01\eka  
Error,9/27/2017 9:31:27 AM,Application Error,1000,(100),Application,djkvdihost097.jakarta01.com,"Faulting application name: spoolsv.exe, version: 6.1.7601.17777, time stamp: 0x4f35efc3
Faulting module name: msvcrt.dll, version: 7.0.7601.17744, time stamp: 0x4eeaf722
Exception code: 0xc0000005
Fault offset: 0x0000aa14
Faulting process id: 0x63c
Faulting application start time: 0x01d3373333ccdeae
Faulting application path: C:\Windows\System32\spoolsv.exe
Faulting module path: C:\Windows\system32\msvcrt.dll
Report Id: f63ae0b3-a32b-11e7-b763-0050569f1b6c"
Error,9/27/2017 9:31:07 AM,EventCreate,1,None,Application,djkvdihost746.jakarta01.com,JAKARTA01\alvian  
Error,9/27/2017 9:29:57 AM,EventCreate,1,None,Application,djkvdihost338.jakarta01.com,JAKARTA01\finessya  
Error,9/27/2017 9:28:47 AM,EventCreate,1,None,Application,djkvdihost361.jakarta01.com,JAKARTA01\GUESTISD34  
Error,9/27/2017 9:28:27 AM,EventCreate,1,None,Application,djkvdihost207.jakarta01.com,JAKARTA01\resha  
Error,9/27/2017 9:28:05 AM,EventCreate,1,None,Application,djkvdihost158.jakarta01.com,JAKARTA01\Elvira  
Error,9/27/2017 9:26:50 AM,EventCreate,1,None,Application,djkvdihost651.jakarta01.com,JAKARTA01\GUESTISD26  
Error,9/27/2017 9:26:43 AM,EventCreate,1,None,Application,djkvdihost762.jakarta01.com,JAKARTA01\phesyana  
Error,9/27/2017 9:26:13 AM,EventCreate,1,None,Application,djkvdihost108.jakarta01.com,JAKARTA01\Dilla  
Error,9/27/2017 9:26:10 AM,Application Error,1000,(100),Application,djkvdihost108.jakarta01.com,"Faulting application name: EXCEL.EXE, version: 15.0.4919.1000, time stamp: 0x58c7ab0f
Faulting module name: EXCEL.EXE, version: 15.0.4919.1000, time stamp: 0x58c7ab0f
Exception code: 0xc0000005
Fault offset: 0x000545ff
Faulting process id: 0x1dc0
Faulting application start time: 0x01d33734fbf8954e
Faulting application path: C:\Program Files\Microsoft Office\Office15\EXCEL.EXE
Faulting module path: C:\Program Files\Microsoft Office\Office15\EXCEL.EXE
Report Id: 391fcdef-a32b-11e7-aabc-0050569f141f"
Error,9/27/2017 9:24:42 AM,EventCreate,1,None,Application,djkvdihost565.jakarta01.com,JAKARTA01\ummu  
Error,9/27/2017 9:22:03 AM,EventCreate,1,None,Application,djkvdihost901.jakarta01.com,JAKARTA01\Denni  
Error,9/27/2017 9:21:38 AM,EventCreate,1,None,Application,djkvdihost041.jakarta01.com,JAKARTA01\abdulas  
Error,9/27/2017 9:20:33 AM,EventCreate,1,None,Application,djkvdihost707.jakarta01.com,JAKARTA01\wahyudj  
Error,9/27/2017 9:20:22 AM,EventCreate,1,None,Application,djkvdihost058.jakarta01.com,JAKARTA01\titin  
Error,9/27/2017 9:20:10 AM,EventCreate,1,None,Application,djkvdihost433.jakarta01.com,JAKARTA01\adiyanti  
Error,9/27/2017 9:19:50 AM,EventCreate,1,None,Application,djkvdihost803.jakarta01.com,JAKARTA01\Dwi anisa  
Error,9/27/2017 9:18:58 AM,EventCreate,1,None,Application,djkvdihost598.jakarta01.com,JAKARTA01\army  
Error,9/27/2017 9:18:07 AM,EventCreate,1,None,Application,djkvdihost071.jakarta01.com,JAKARTA01\septi  
Error,9/27/2017 9:17:33 AM,EventCreate,1,None,Application,djkvdihost661.jakarta01.com,JAKARTA01\rahmatia  
Error,9/27/2017 9:17:24 AM,EventCreate,1,None,Application,djkvdihost307.jakarta01.com,JAKARTA01\bryan  
Error,9/27/2017 9:17:13 AM,EventCreate,1,None,Application,djkvdihost661.jakarta01.com,JAKARTA01\rahmatia  
Error,9/27/2017 9:17:01 AM,EventCreate,1,None,Application,djkvdihost303.jakarta01.com,JAKARTA01\puty  
Error,9/27/2017 9:16:22 AM,EventCreate,1,None,Application,djkvdihost105.jakarta01.com,JAKARTA01\warda  
Error,9/27/2017 9:16:21 AM,Application Error,1000,(100),Application,djkvdihost105.jakarta01.com,"Faulting application name: OUTLOOK.EXE, version: 15.0.4919.1001, time stamp: 0x58d20482
Faulting module name: OUTLOOK.EXE, version: 15.0.4919.1001, time stamp: 0x58d20482
Exception code: 0xc0000005
Fault offset: 0x008924c4
Faulting process id: 0x1e28
Faulting application start time: 0x01d3372ea4a68da5
Faulting application path: C:\Program Files\Microsoft Office\Office15\OUTLOOK.EXE
Faulting module path: C:\Program Files\Microsoft Office\Office15\OUTLOOK.EXE
Report Id: da3768b4-a329-11e7-bde9-0050569f41a3"
Error,9/27/2017 9:16:21 AM,EventCreate,1,None,Application,djkvdihost141.jakarta01.com,JAKARTA01\FAUZIAH  
Error,9/27/2017 9:16:16 AM,EventCreate,1,None,Application,djkvdihost087.jakarta01.com,JAKARTA01\Prihantono  
Error,9/27/2017 9:16:00 AM,EventCreate,1,None,Application,djkvdihost111.jakarta01.com,JAKARTA01\diana  
Error,9/27/2017 9:15:54 AM,EventCreate,1,None,Application,djkvdihost369.jakarta01.com,JAKARTA01\evanc  
Error,9/27/2017 9:14:56 AM,EventCreate,1,None,Application,djkvdihost097.jakarta01.com,JAKARTA01\eka  
Error,9/27/2017 9:14:26 AM,EventCreate,1,None,Application,djkvdihost868.jakarta01.com,JAKARTA01\i gede  
Error,9/27/2017 9:13:57 AM,EventCreate,1,None,Application,djkvdihost115.jakarta01.com,JAKARTA01\agnes  
Error,9/27/2017 9:13:50 AM,EventCreate,1,None,Application,djkvdihost427.jakarta01.com,JAKARTA01\mahendrars  
Error,9/27/2017 9:13:12 AM,EventCreate,1,None,Application,djkvdihost628.jakarta01.com,JAKARTA01\azwar  
Error,9/27/2017 9:13:06 AM,Application Error,1000,(100),Application,djkvdihost628.jakarta01.com,"Faulting application name: spoolsv.exe, version: 6.1.7601.17777, time stamp: 0x4f35efc3
Faulting module name: msvcrt.dll, version: 7.0.7601.17744, time stamp: 0x4eeaf722
Exception code: 0xc0000005
Fault offset: 0x0000aa14
Faulting process id: 0x63c
Faulting application start time: 0x01d336afc54af28a
Faulting application path: C:\Windows\System32\spoolsv.exe
Faulting module path: C:\Windows\system32\msvcrt.dll
Report Id: 6613d7a8-a329-11e7-bd64-0050569f189f"
Error,9/27/2017 9:12:05 AM,EventCreate,1,None,Application,djkvdihost456.jakarta01.com,JAKARTA01\GuestISD48  
Error,9/27/2017 9:11:40 AM,EventCreate,1,None,Application,djkvdihost367.jakarta01.com,JAKARTA01\GUESTISD33  
Error,9/27/2017 9:11:33 AM,EventCreate,1,None,Application,djkvdihost618.jakarta01.com,JAKARTA01\nathaniel  
Error,9/27/2017 9:11:32 AM,EventCreate,1,None,Application,djkvdihost745.jakarta01.com,JAKARTA01\Bryant  
Error,9/27/2017 9:11:10 AM,EventCreate,1,None,Application,djkvdihost455.jakarta01.com,JAKARTA01\Adhi Nur  
Error,9/27/2017 9:10:37 AM,EventCreate,1,None,Application,djkvdihost735.jakarta01.com,JAKARTA01\GuestISD42  
Error,9/27/2017 9:09:45 AM,EventCreate,1,None,Application,djkvdihost316.jakarta01.com,JAKARTA01\ronald david  
Error,9/27/2017 9:09:57 AM,EventCreate,1,None,Application,djkvdihost735.jakarta01.com,JAKARTA01\GuestISD42  
Error,9/27/2017 9:09:44 AM,EventCreate,1,None,Application,djkvdihost264.jakarta01.com,JAKARTA01\herlina  
Error,9/27/2017 9:09:34 AM,EventCreate,1,None,Application,djkvdihost120.jakarta01.com,JAKARTA01\sanggra  
Error,9/27/2017 9:09:32 AM,EventCreate,1,None,Application,djkvdihost235.jakarta01.com,JAKARTA01\rara  
Error,9/27/2017 9:09:16 AM,EventCreate,1,None,Application,djkvdihost203.jakarta01.com,JAKARTA01\wiranti  
Error,9/27/2017 9:08:46 AM,Application Error,1000,(100),Application,djkvdihost316.jakarta01.com,"Faulting application name: spoolsv.exe, version: 6.1.7601.17777, time stamp: 0x4f35efc3
Faulting module name: msvcrt.dll, version: 7.0.7601.17744, time stamp: 0x4eeaf722
Exception code: 0xc0000005
Fault offset: 0x0000aa14
Faulting process id: 0x634
Faulting application start time: 0x01d337354df472bc
Faulting application path: C:\Windows\System32\spoolsv.exe
Faulting module path: C:\Windows\system32\msvcrt.dll
Report Id: ca971982-a328-11e7-84ed-0050569f6540"
Error,9/27/2017 9:08:44 AM,EventCreate,1,None,Application,djkvdihost050.jakarta01.com,JAKARTA01\guestisd20  
Error,9/27/2017 9:08:43 AM,Application Error,1000,(100),Application,djkvdihost050.jakarta01.com,"Faulting application name: EXCEL.EXE, version: 15.0.4919.1000, time stamp: 0x58c7ab0f
Faulting module name: unknown, version: 0.0.0.0, time stamp: 0x00000000
Exception code: 0xc0000005
Fault offset: 0x0079004c
Faulting process id: 0x64c
Faulting application start time: 0x01d3373588a38ffd
Faulting application path: C:\Program Files\Microsoft Office\Office15\EXCEL.EXE
Faulting module path: unknown
Report Id: c8e83a7d-a328-11e7-bdb4-0050569f5d85"
Error,9/27/2017 9:08:56 AM,EventCreate,1,None,Application,djkvdihost683.jakarta01.com,JAKARTA01\RatiAF  
Error,9/27/2017 9:08:45 AM,EventCreate,1,None,Application,djkvdihost316.jakarta01.com,JAKARTA01\ronald david  
Error,9/27/2017 9:08:26 AM,EventCreate,1,None,Application,djkvdihost568.jakarta01.com,JAKARTA01\citra  
Error,9/27/2017 9:08:15 AM,EventCreate,1,None,Application,djkvdihost231.jakarta01.com,JAKARTA01\Leonardus  
Error,9/27/2017 9:07:40 AM,EventCreate,1,None,Application,djkvdihost873.jakarta01.com,JAKARTA01\harry  
Error,9/27/2017 9:07:37 AM,Application Error,1000,(100),Application,djkvdihost873.jakarta01.com,"Faulting application name: spoolsv.exe, version: 6.1.7601.17777, time stamp: 0x4f35efc3
Faulting module name: msvcrt.dll, version: 7.0.7601.17744, time stamp: 0x4eeaf722
Exception code: 0xc0000005
Fault offset: 0x0000aa14
Faulting process id: 0x600
Faulting application start time: 0x01d335eb3d7f9c64
Faulting application path: C:\Windows\System32\spoolsv.exe
Faulting module path: C:\Windows\system32\msvcrt.dll
Report Id: a1c37bd1-a328-11e7-9c2d-0050569f2f6a"
Error,9/27/2017 9:07:57 AM,EventCreate,1,None,Application,djkvdihost625.jakarta01.com,JAKARTA01\lestari  
Error,9/27/2017 9:07:43 AM,EventCreate,1,None,Application,djkvdihost586.jakarta01.com,JAKARTA01\anisa  
Error,9/27/2017 9:07:38 AM,EventCreate,1,None,Application,djkvdihost050.jakarta01.com,JAKARTA01\guestisd20  
Error,9/27/2017 9:07:25 AM,EventCreate,1,None,Application,djkvdihost447.jakarta01.com,JAKARTA01\yisca  
Error,9/27/2017 9:07:19 AM,EventCreate,1,None,Application,djkvdihost217.jakarta01.com,JAKARTA01\karmelita  
Error,9/27/2017 9:07:07 AM,EventCreate,1,None,Application,djkvdihost483.jakarta01.com,JAKARTA01\wirantika  
Error,9/27/2017 9:06:55 AM,EventCreate,1,None,Application,djkvdihost256.jakarta01.com,JAKARTA01\slamet  
Error,9/27/2017 9:06:24 AM,EventCreate,1,None,Application,djkvdihost624.jakarta01.com,JAKARTA01\vina febria  
Error,9/27/2017 9:05:35 AM,EventCreate,1,None,Application,djkvdihost356.jakarta01.com,JAKARTA01\Rahmad  
Error,9/27/2017 9:05:33 AM,EventCreate,1,None,Application,djkvdihost630.jakarta01.com,JAKARTA01\kiky  
Error,9/27/2017 9:05:16 AM,EventCreate,1,None,Application,djkvdihost356.jakarta01.com,JAKARTA01\Rahmad  
Error,9/27/2017 9:04:35 AM,EventCreate,1,None,Application,djkvdihost547.jakarta01.com,JAKARTA01\eriks  
Error,9/27/2017 9:03:40 AM,EventCreate,1,None,Application,djkvdihost163.jakarta01.com,JAKARTA01\nugrah  
Error,9/27/2017 9:03:34 AM,EventCreate,1,None,Application,djkvdihost150.jakarta01.com,JAKARTA01\Reiffy  
Error,9/27/2017 9:03:20 AM,EventCreate,1,None,Application,djkvdihost892.jakarta01.com,JAKARTA01\Adi Purnomo  
Error,9/27/2017 9:03:01 AM,EventCreate,1,None,Application,djkvdihost024.jakarta01.com,JAKARTA01\fferdian  
Error,9/27/2017 9:02:45 AM,EventCreate,1,None,Application,djkvdihost583.jakarta01.com,JAKARTA01\meinar  
Error,9/27/2017 9:02:40 AM,EventCreate,1,None,Application,djkvdihost752.jakarta01.com,JAKARTA01\rinaldonp  
Error,9/27/2017 9:02:29 AM,EventCreate,1,None,Application,djkvdihost064.jakarta01.com,JAKARTA01\AdhiNu  
Error,9/27/2017 9:02:19 AM,EventCreate,1,None,Application,djkvdihost668.jakarta01.com,JAKARTA01\satria graha  
Error,9/27/2017 9:01:38 AM,EventCreate,1,None,Application,djkvdihost364.jakarta01.com,JAKARTA01\valery  
Error,9/27/2017 9:02:02 AM,EventCreate,1,None,Application,djkvdihost148.jakarta01.com,JAKARTA01\yoedo  
Error,9/27/2017 9:01:21 AM,Application Error,1000,(100),Application,djkvdihost364.jakarta01.com,"Faulting application name: spoolsv.exe, version: 6.1.7601.17777, time stamp: 0x4f35efc3
Faulting module name: msvcrt.dll, version: 7.0.7601.17744, time stamp: 0x4eeaf722
Exception code: 0xc0000005
Fault offset: 0x0000aa14
Faulting process id: 0x638
Faulting application start time: 0x01d336bc79df9815
Faulting application path: C:\Windows\System32\spoolsv.exe
Faulting module path: C:\Windows\system32\msvcrt.dll
Report Id: c1720590-a327-11e7-97c2-0050569f08cc"
Error,9/27/2017 9:01:30 AM,EventCreate,1,None,Application,djkvdihost459.jakarta01.com,JAKARTA01\haryadi  
Error,9/27/2017 9:01:25 AM,EventCreate,1,None,Application,djkvdihost098.jakarta01.com,JAKARTA01\edwan  
Error,9/27/2017 9:01:24 AM,EventCreate,1,None,Application,djkvdihost794.jakarta01.com,JAKARTA01\Andradita  
Error,9/27/2017 9:01:22 AM,EventCreate,1,None,Application,djkvdihost031.jakarta01.com,JAKARTA01\dessy  
Error,9/27/2017 9:01:21 AM,EventCreate,1,None,Application,djkvdihost799.jakarta01.com,JAKARTA01\Erlisa  
Error,9/27/2017 9:01:08 AM,EventCreate,1,None,Application,djkvdihost721.jakarta01.com,JAKARTA01\Ricky  
Error,9/27/2017 9:00:31 AM,WSH,1,None,Application,djkvdihost364.jakarta01.com,"CN=Valery T Wongsonegoro password will expire in 1 day(s) at 9/28/2017 11:44:22 AM

Press CTRL + ALT + DEL and select the ""Change a password"" option."
Error,9/27/2017 9:00:30 AM,WSH,1,None,Application,djkvdihost721.jakarta01.com,"CN=Ricky Suwandi password will expire in 4 day(s) at 10/1/2017 9:00:03 AM

Press CTRL + ALT + DEL and select the ""Change a password"" option."
Error,9/27/2017 9:00:51 AM,EventCreate,1,None,Application,djkvdihost533.jakarta01.com,JAKARTA01\mayang  
Error,9/27/2017 9:00:50 AM,EventCreate,1,None,Application,djkvdihost172.jakarta01.com,JAKARTA01\boby  
Error,9/27/2017 9:00:42 AM,EventCreate,1,None,Application,djkvdihost702.jakarta01.com,JAKARTA01\marlina2  
Error,9/27/2017 9:00:34 AM,EventCreate,1,None,Application,djkvdihost734.jakarta01.com,JAKARTA01\rudini  
Error,9/27/2017 9:00:32 AM,EventCreate,1,None,Application,djkvdihost810.jakarta01.com,JAKARTA01\GuestISD43  
Error,9/27/2017 9:00:30 AM,WSH,1,None,Application,djkvdihost364.jakarta01.com,"CN=Valery T Wongsonegoro password will expire in 1 day(s) at 9/28/2017 11:44:22 AM

Press CTRL + ALT + DEL and select the ""Change a password"" option."
Error,9/27/2017 9:00:29 AM,WSH,1,None,Application,djkvdihost721.jakarta01.com,"CN=Ricky Suwandi password will expire in 4 day(s) at 10/1/2017 9:00:03 AM

Press CTRL + ALT + DEL and select the ""Change a password"" option."
Error,9/27/2017 9:00:20 AM,EventCreate,1,None,Application,djkvdihost608.jakarta01.com,JAKARTA01\ilham  
Error,9/27/2017 8:59:58 AM,EventCreate,1,None,Application,djkvdihost212.jakarta01.com,JAKARTA01\zahra  
Error,9/27/2017 8:59:42 AM,EventCreate,1,None,Application,djkvdihost641.jakarta01.com,JAKARTA01\Setiawan  
Error,9/27/2017 8:59:37 AM,EventCreate,1,None,Application,djkvdihost541.jakarta01.com,JAKARTA01\guestisd25  
Error,9/27/2017 8:59:32 AM,EventCreate,1,None,Application,djkvdihost676.jakarta01.com,JAKARTA01\victor  
Error,9/27/2017 8:59:25 AM,EventCreate,1,None,Application,djkvdihost816.jakarta01.com,JAKARTA01\Rumata  
Error,9/27/2017 8:58:27 AM,EventCreate,1,None,Application,djkvdihost033.jakarta01.com,JAKARTA01\juliet  
Error,9/27/2017 8:58:20 AM,EventCreate,1,None,Application,djkvdihost362.jakarta01.com,JAKARTA01\ramantid  
Error,9/27/2017 8:57:56 AM,EventCreate,1,None,Application,djkvdihost246.jakarta01.com,JAKARTA01\Winda  
Error,9/27/2017 8:57:37 AM,EventCreate,1,None,Application,djkvdihost075.jakarta01.com,JAKARTA01\lizty  
Error,9/27/2017 8:57:31 AM,EventCreate,1,None,Application,djkvdihost464.jakarta01.com,JAKARTA01\erwin  
Error,9/27/2017 8:57:22 AM,EventCreate,1,None,Application,djkvdihost847.jakarta01.com,JAKARTA01\m nugraha  
Error,9/27/2017 8:56:57 AM,EventCreate,1,None,Application,djkvdihost833.jakarta01.com,JAKARTA01\Marthen  
Error,9/27/2017 8:56:54 AM,EventCreate,1,None,Application,djkvdihost270.jakarta01.com,JAKARTA01\rasyid  
Error,9/27/2017 8:56:18 AM,EventCreate,1,None,Application,djkvdihost526.jakarta01.com,JAKARTA01\naldi  
Error,9/27/2017 8:55:43 AM,EventCreate,1,None,Application,djkvdihost478.jakarta01.com,JAKARTA01\jayson  
Error,9/27/2017 8:55:32 AM,EventCreate,1,None,Application,djkvdihost478.jakarta01.com,JAKARTA01\jayson  
Error,9/27/2017 8:55:59 AM,EventCreate,1,None,Application,djkvdihost004.jakarta01.com,JAKARTA01\muhammadhakim  
Error,9/27/2017 8:55:48 AM,EventCreate,1,None,Application,djkvdihost436.jakarta01.com,JAKARTA01\Kartina  
Error,9/27/2017 8:55:28 AM,EventCreate,1,None,Application,djkvdihost106.jakarta01.com,JAKARTA01\yuliana  
Error,9/27/2017 8:55:27 AM,Application Error,1000,(100),Application,djkvdihost436.jakarta01.com,"Faulting application name: spoolsv.exe, version: 6.1.7601.17777, time stamp: 0x4f35efc3
Faulting module name: msvcrt.dll, version: 7.0.7601.17744, time stamp: 0x4eeaf722
Exception code: 0xc0000005
Fault offset: 0x0000aa14
Faulting process id: 0x634
Faulting application start time: 0x01d336aeea88ff28
Faulting application path: C:\Windows\System32\spoolsv.exe
Faulting module path: C:\Windows\system32\msvcrt.dll
Report Id: ee7fac2b-a326-11e7-b732-0050569f7286"
Error,9/27/2017 8:54:24 AM,EventCreate,1,None,Application,djkvdihost876.jakarta01.com,JAKARTA01\deddy  
Error,9/27/2017 8:54:21 AM,Application Error,1000,(100),Application,djkvdihost876.jakarta01.com,"Faulting application name: mscorsvw.exe, version: 4.0.30319.34209, time stamp: 0x5348947f
Faulting module name: mscorwks.dll, version: 2.0.50727.5472, time stamp: 0x5174dd69
Exception code: 0xc0000005
Fault offset: 0x00091005
Faulting process id: 0x%9
Faulting application start time: 0x%10
Faulting application path: %11
Faulting module path: %12
Report Id: %13"
Error,9/27/2017 8:54:40 AM,EventCreate,1,None,Application,djkvdihost478.jakarta01.com,JAKARTA01\jayson  
Error,9/27/2017 8:54:29 AM,EventCreate,1,None,Application,djkvdihost539.jakarta01.com,JAKARTA01\dyah  
Error,9/27/2017 8:54:25 AM,EventCreate,1,None,Application,djkvdihost415.jakarta01.com,JAKARTA01\maulina  
Error,9/27/2017 8:54:05 AM,EventCreate,1,None,Application,djkvdihost029.jakarta01.com,JAKARTA01\amelinda  
Error,9/27/2017 8:53:23 AM,WSH,1,None,Application,djkvdihost029.jakarta01.com,"CN=Amelinda Dyah Rahmasari password will expire in 1 day(s) at 9/28/2017 8:16:20 AM

Press CTRL + ALT + DEL and select the ""Change a password"" option."
Error,9/27/2017 8:53:30 AM,EventCreate,1,None,Application,djkvdihost320.jakarta01.com,JAKARTA01\taty  
Error,9/27/2017 8:53:22 AM,WSH,1,None,Application,djkvdihost029.jakarta01.com,"CN=Amelinda Dyah Rahmasari password will expire in 1 day(s) at 9/28/2017 8:16:20 AM

Press CTRL + ALT + DEL and select the ""Change a password"" option."
Error,9/27/2017 8:52:27 AM,EventCreate,1,None,Application,djkvdihost559.jakarta01.com,JAKARTA01\anindita  
Error,9/27/2017 8:52:50 AM,EventCreate,1,None,Application,djkvdihost155.jakarta01.com,JAKARTA01\GuestISD49  
Error,9/27/2017 8:52:44 AM,EventCreate,1,None,Application,djkvdihost488.jakarta01.com,JAKARTA01\MuhammadH  
Error,9/27/2017 8:52:37 AM,EventCreate,1,None,Application,djkvdihost045.jakarta01.com,JAKARTA01\rizka syarifa  
Error,9/27/2017 8:52:31 AM,EventCreate,1,None,Application,djkvdihost632.jakarta01.com,JAKARTA01\regina  
Error,9/27/2017 8:52:19 AM,EventCreate,1,None,Application,djkvdihost823.jakarta01.com,JAKARTA01\hana nurul  
Error,9/27/2017 8:52:17 AM,EventCreate,1,None,Application,djkvdihost560.jakarta01.com,JAKARTA01\fathur  
Error,9/27/2017 8:52:11 AM,EventCreate,1,None,Application,djkvdihost559.jakarta01.com,JAKARTA01\anindita  
Error,9/27/2017 8:52:10 AM,EventCreate,1,None,Application,djkvdihost296.jakarta01.com,JAKARTA01\Erich  
Error,9/27/2017 8:51:36 AM,EventCreate,1,None,Application,djkvdihost537.jakarta01.com,JAKARTA01\ibahtiar  
Error,9/27/2017 8:51:31 AM,EventCreate,1,None,Application,djkvdihost244.jakarta01.com,JAKARTA01\meltsaury  
Error,9/27/2017 8:51:28 AM,EventCreate,1,None,Application,djkvdihost420.jakarta01.com,JAKARTA01\puji  
Error,9/27/2017 8:51:11 AM,EventCreate,1,None,Application,djkvdihost286.jakarta01.com,JAKARTA01\anissa  
Error,9/27/2017 8:51:09 AM,EventCreate,1,None,Application,djkvdihost551.jakarta01.com,JAKARTA01\dadang  
Error,9/27/2017 8:50:44 AM,EventCreate,1,None,Application,djkvdihost360.jakarta01.com,JAKARTA01\guestisd27  
Error,9/27/2017 8:50:34 AM,EventCreate,1,None,Application,djkvdihost233.jakarta01.com,JAKARTA01\GuestISD45  
Error,9/27/2017 8:50:25 AM,EventCreate,1,None,Application,djkvdihost046.jakarta01.com,JAKARTA01\budi kurniawan  
Error,9/27/2017 8:50:23 AM,EventCreate,1,None,Application,djkvdihost306.jakarta01.com,JAKARTA01\dwihan  
Error,9/27/2017 8:49:28 AM,EventCreate,1,None,Application,djkvdihost062.jakarta01.com,JAKARTA01\hafsia  
Error,9/27/2017 8:49:50 AM,EventCreate,1,None,Application,djkvdihost112.jakarta01.com,JAKARTA01\fediana  
Error,9/27/2017 8:49:18 AM,EventCreate,1,None,Application,djkvdihost210.jakarta01.com,JAKARTA01\faiqa  
Error,9/27/2017 8:49:15 AM,Application Error,1000,(100),Application,djkvdihost210.jakarta01.com,"Faulting application name: EXCEL.EXE, version: 15.0.4919.1000, time stamp: 0x58c7ab0f
Faulting module name: EXCEL.EXE, version: 15.0.4919.1000, time stamp: 0x58c7ab0f
Exception code: 0xc0000005
Fault offset: 0x00eda408
Faulting process id: 0x1b74
Faulting application start time: 0x01d33725d8f713ff
Faulting application path: C:\Program Files\Microsoft Office\Office15\EXCEL.EXE
Faulting module path: C:\Program Files\Microsoft Office\Office15\EXCEL.EXE
Report Id: 11174106-a326-11e7-b037-0050569f2e3d"
Error,9/27/2017 8:49:22 AM,EventCreate,1,None,Application,djkvdihost062.jakarta01.com,JAKARTA01\hafsia  
Error,9/27/2017 8:48:16 AM,EventCreate,1,None,Application,djkvdihost593.jakarta01.com,JAKARTA01\anggata  
Error,9/27/2017 8:48:13 AM,Application Error,1000,(100),Application,djkvdihost593.jakarta01.com,"Faulting application name: NLNOTES.EXE, version: 8.5.30.11258, time stamp: 0x4e72fa51
Faulting module name: nnotes.dll, version: 8.5.30.11258, time stamp: 0x4e72fa6a
Exception code: 0xc0000005
Fault offset: 0x001c7f0e
Faulting process id: 0x117c
Faulting application start time: 0x01d33732adc21261
Faulting application path: C:\Program Files\IBM\Lotus\Notes\NLNOTES.EXE
Faulting module path: C:\Program Files\IBM\Lotus\Notes\nnotes.dll
Report Id: ec2385c1-a325-11e7-b0d0-0050569f49d3"
Error,9/27/2017 8:48:16 AM,EventCreate,1,None,Application,djkvdihost510.jakarta01.com,JAKARTA01\k_ignatius  
Error,9/27/2017 8:48:13 AM,Application Error,1000,(100),Application,djkvdihost510.jakarta01.com,"Faulting application name: OUTLOOK.EXE, version: 15.0.4919.1001, time stamp: 0x58d20482
Faulting module name: OUTLOOK.EXE, version: 15.0.4919.1001, time stamp: 0x58d20482
Exception code: 0xc0000005
Fault offset: 0x008924c4
Faulting process id: 0x1f38
Faulting application start time: 0x01d33728a2c6469f
Faulting application path: C:\Program Files\Microsoft Office\Office15\OUTLOOK.EXE
Faulting module path: C:\Program Files\Microsoft Office\Office15\OUTLOOK.EXE
Report Id: ec232cc0-a325-11e7-aa8d-0050569f1ca3"
Error,9/27/2017 8:48:42 AM,EventCreate,1,None,Application,djkvdihost396.jakarta01.com,JAKARTA01\teddy  
Error,9/27/2017 8:48:11 AM,EventCreate,1,None,Application,djkvdihost806.jakarta01.com,JAKARTA01\mpinto  
Error,9/27/2017 8:47:40 AM,EventCreate,1,None,Application,djkvdihost331.jakarta01.com,JAKARTA01\andriana  
Error,9/27/2017 8:48:05 AM,EventCreate,1,None,Application,djkvdihost496.jakarta01.com,JAKARTA01\Nazlaini  
Error,9/27/2017 8:47:57 AM,EventCreate,1,None,Application,djkvdihost615.jakarta01.com,JAKARTA01\astio  
Error,9/27/2017 8:47:40 AM,EventCreate,1,None,Application,djkvdihost399.jakarta01.com,JAKARTA01\Hadi  
Error,9/27/2017 8:47:00 AM,EventCreate,1,None,Application,djkvdihost236.jakarta01.com,JAKARTA01\Widi Anggraeni  
Error,9/27/2017 8:46:55 AM,Application Error,1000,(100),Application,djkvdihost236.jakarta01.com,"Faulting application name: lync.exe, version: 15.0.4919.1000, time stamp: 0x58c7ab1e
Faulting module name: ntdll.dll, version: 6.1.7601.23714, time stamp: 0x58bf8774
Exception code: 0xc0000005
Fault offset: 0x00031dca
Faulting process id: 0x128c
Faulting application start time: 0x01d33732381fdb3a
Faulting application path: C:\Program Files\Microsoft Office\Office15\lync.exe
Faulting module path: C:\Windows\SYSTEM32\ntdll.dll
Report Id: bd901840-a325-11e7-a5c9-0050569f4b6e"
Error,9/27/2017 8:47:13 AM,EventCreate,1,None,Application,djkvdihost331.jakarta01.com,JAKARTA01\andriana  
Error,9/27/2017 8:46:54 AM,EventCreate,1,None,Application,djkvdihost828.jakarta01.com,JAKARTA01\nunu  
Error,9/27/2017 8:46:35 AM,EventCreate,1,None,Application,djkvdihost013.jakarta01.com,JAKARTA01\victoria  
Error,9/27/2017 8:45:55 AM,EventCreate,1,None,Application,djkvdihost040.jakarta01.com,JAKARTA01\findal  
Error,9/27/2017 8:46:17 AM,EventCreate,1,None,Application,djkvdihost310.jakarta01.com,JAKARTA01\payogi  
Error,9/27/2017 8:46:05 AM,EventCreate,1,None,Application,djkvdihost182.jakarta01.com,JAKARTA01\andika  
Error,9/27/2017 8:46:06 AM,EventCreate,1,None,Application,djkvdihost236.jakarta01.com,JAKARTA01\Widi Anggraeni  
Error,9/27/2017 8:46:01 AM,EventCreate,1,None,Application,djkvdihost283.jakarta01.com,JAKARTA01\supris  
Error,9/27/2017 8:45:42 AM,EventCreate,1,None,Application,djkvdihost103.jakarta01.com,JAKARTA01\teddyks  
Error,9/27/2017 8:45:39 AM,EventCreate,1,None,Application,djkvdihost340.jakarta01.com,JAKARTA01\idams  
Error,9/27/2017 8:44:43 AM,WSH,1,None,Application,djkvdihost236.jakarta01.com,"CN=Widi Anggraeni password will expire in 1 day(s) at 9/28/2017 7:48:36 AM

Press CTRL + ALT + DEL and select the ""Change a password"" option."
Error,9/27/2017 8:44:44 AM,WSH,1,None,Application,djkvdihost040.jakarta01.com,"CN=Findal Darmaja password will expire in 4 day(s) at 10/1/2017 7:36:17 AM

Press CTRL + ALT + DEL and select the ""Change a password"" option."
Error,9/27/2017 8:44:52 AM,EventCreate,1,None,Application,djkvdihost284.jakarta01.com,JAKARTA01\elestari  
Error,9/27/2017 8:44:46 AM,EventCreate,1,None,Application,djkvdihost345.jakarta01.com,JAKARTA01\AdindaGita  
Error,9/27/2017 8:44:44 AM,WSH,1,None,Application,djkvdihost040.jakarta01.com,"CN=Findal Darmaja password will expire in 4 day(s) at 10/1/2017 7:36:17 AM

Press CTRL + ALT + DEL and select the ""Change a password"" option."
Error,9/27/2017 8:44:42 AM,WSH,1,None,Application,djkvdihost236.jakarta01.com,"CN=Widi Anggraeni password will expire in 1 day(s) at 9/28/2017 7:48:36 AM

Press CTRL + ALT + DEL and select the ""Change a password"" option."
Error,9/27/2017 8:44:41 AM,EventCreate,1,None,Application,djkvdihost188.jakarta01.com,JAKARTA01\ridjal  
Error,9/27/2017 8:44:03 AM,EventCreate,1,None,Application,djkvdihost022.jakarta01.com,JAKARTA01\dwi budi  
Error,9/27/2017 8:44:08 AM,EventCreate,1,None,Application,djkvdihost133.jakarta01.com,JAKARTA01\riaanggreyni  
Error,9/27/2017 8:43:46 AM,WSH,1,None,Application,djkvdihost345.jakarta01.com,"CN=Adinda Gita Priyantika password will expire in 4 day(s) at 10/1/2017 8:17:37 AM

Press CTRL + ALT + DEL and select the ""Change a password"" option."
Error,9/27/2017 8:43:46 AM,WSH,1,None,Application,djkvdihost345.jakarta01.com,"CN=Adinda Gita Priyantika password will expire in 4 day(s) at 10/1/2017 8:17:37 AM

Press CTRL + ALT + DEL and select the ""Change a password"" option."
Error,9/27/2017 8:43:32 AM,EventCreate,1,None,Application,djkvdihost022.jakarta01.com,JAKARTA01\dwi budi  
Error,9/27/2017 8:43:26 AM,EventCreate,1,None,Application,djkvdihost355.jakarta01.com,JAKARTA01\Pram  
Error,9/27/2017 8:42:51 AM,EventCreate,1,None,Application,djkvdihost709.jakarta01.com,JAKARTA01\MFIRMAN  
Error,9/27/2017 8:42:49 AM,EventCreate,1,None,Application,djkvdihost297.jakarta01.com,JAKARTA01\mohammad  
Error,9/27/2017 8:42:49 AM,EventCreate,1,None,Application,djkvdihost729.jakarta01.com,JAKARTA01\daniel pontifek  
Error,9/27/2017 8:42:19 AM,EventCreate,1,None,Application,djkvdihost832.jakarta01.com,JAKARTA01\Nikmatullah  
Error,9/27/2017 8:42:16 AM,Application Error,1000,(100),Application,djkvdihost832.jakarta01.com,"Faulting application name: OUTLOOK.EXE, version: 15.0.4919.1001, time stamp: 0x58d20482
Faulting module name: OUTLOOK.EXE, version: 15.0.4919.1001, time stamp: 0x58d20482
Exception code: 0xc0000005
Fault offset: 0x008924c7
Faulting process id: 0x42c
Faulting application start time: 0x01d33730db960f00
Faulting application path: C:\Program Files\Microsoft Office\Office15\OUTLOOK.EXE
Faulting module path: C:\Program Files\Microsoft Office\Office15\OUTLOOK.EXE
Report Id: 16e3aa5c-a325-11e7-8c2f-0050569f2723"
Error,9/27/2017 8:42:12 AM,EventCreate,1,None,Application,djkvdihost601.jakarta01.com,JAKARTA01\dady  
Error,9/27/2017 8:41:43 AM,EventCreate,1,None,Application,djkvdihost673.jakarta01.com,JAKARTA01\Priellya  
Error,9/27/2017 8:41:28 AM,EventCreate,1,None,Application,djkvdihost083.jakarta01.com,JAKARTA01\GUESTISD22  
Error,9/27/2017 8:41:26 AM,EventCreate,1,None,Application,djkvdihost190.jakarta01.com,JAKARTA01\janu  
Error,9/27/2017 8:41:18 AM,EventCreate,1,None,Application,djkvdihost305.jakarta01.com,JAKARTA01\endrojono  
Error,9/27/2017 8:41:10 AM,EventCreate,1,None,Application,djkvdihost696.jakarta01.com,JAKARTA01\rachelas  
Error,9/27/2017 8:40:54 AM,EventCreate,1,None,Application,djkvdihost768.jakarta01.com,JAKARTA01\rininta  
Error,9/27/2017 8:40:38 AM,EventCreate,1,None,Application,djkvdihost372.jakarta01.com,JAKARTA01\sutedja  
Error,9/27/2017 8:40:14 AM,EventCreate,1,None,Application,djkvdihost262.jakarta01.com,JAKARTA01\prakasa  
Error,9/27/2017 8:39:58 AM,EventCreate,1,None,Application,djkvdihost440.jakarta01.com,JAKARTA01\phia  
Error,9/27/2017 8:39:49 AM,EventCreate,1,None,Application,djkvdihost902.jakarta01.com,JAKARTA01\adi prasetio  
Error,9/27/2017 8:39:28 AM,EventCreate,1,None,Application,djkvdihost657.jakarta01.com,JAKARTA01\andrik  
Error,9/27/2017 8:38:58 AM,EventCreate,1,None,Application,djkvdihost735.jakarta01.com,JAKARTA01\irman  
Error,9/27/2017 8:38:43 AM,EventCreate,1,None,Application,djkvdihost324.jakarta01.com,JAKARTA01\Ronald  
Error,9/27/2017 8:39:05 AM,EventCreate,1,None,Application,djkvdihost327.jakarta01.com,JAKARTA01\nurhayani  
Error,9/27/2017 8:38:45 AM,EventCreate,1,None,Application,djkvdihost186.jakarta01.com,JAKARTA01\GuestISD46  
Error,9/27/2017 8:38:39 AM,EventCreate,1,None,Application,djkvdihost375.jakarta01.com,JAKARTA01\jati  
Error,9/27/2017 8:38:37 AM,EventCreate,1,None,Application,djkvdihost184.jakarta01.com,JAKARTA01\ouki  
Error,9/27/2017 8:38:33 AM,EventCreate,1,None,Application,djkvdihost573.jakarta01.com,JAKARTA01\agnesthine  
Error,9/27/2017 8:38:33 AM,EventCreate,1,None,Application,djkvdihost114.jakarta01.com,JAKARTA01\aryani  
Error,9/27/2017 8:38:29 AM,EventCreate,1,None,Application,djkvdihost327.jakarta01.com,JAKARTA01\nurhayani  
Error,9/27/2017 8:38:23 AM,EventCreate,1,None,Application,djkvdihost191.jakarta01.com,JAKARTA01\Arina  
Error,9/27/2017 8:38:20 AM,EventCreate,1,None,Application,djkvdihost014.jakarta01.com,JAKARTA01\sashkia  
Error,9/27/2017 8:37:25 AM,EventCreate,1,None,Application,djkvdihost735.jakarta01.com,JAKARTA01\irman  
Error,9/27/2017 8:32:31 AM,EventCreate,1,None,Application,djkvdihost735.jakarta01.com,JAKARTA01\lieke  
Error,9/27/2017 8:38:05 AM,EventCreate,1,None,Application,djkvdihost715.jakarta01.com,JAKARTA01\Daniel  
Error,9/27/2017 8:38:04 AM,EventCreate,1,None,Application,djkvdihost381.jakarta01.com,JAKARTA01\vadya  
Error,9/27/2017 8:31:01 AM,EventCreate,1,None,Application,djkvdihost735.jakarta01.com,JAKARTA01\lieke  
Error,9/27/2017 8:37:47 AM,EventCreate,1,None,Application,djkvdihost631.jakarta01.com,JAKARTA01\endah_k  
Error,9/27/2017 8:37:23 AM,EventCreate,1,None,Application,djkvdihost144.jakarta01.com,JAKARTA01\yenny  
Error,9/27/2017 8:37:16 AM,EventCreate,1,None,Application,djkvdihost011.jakarta01.com,JAKARTA01\nurfadila  
Error,9/27/2017 8:37:12 AM,EventCreate,1,None,Application,djkvdihost324.jakarta01.com,JAKARTA01\Ronald  
Error,9/27/2017 8:37:02 AM,EventCreate,1,None,Application,djkvdihost500.jakarta01.com,JAKARTA01\andrewrs  
Error,9/27/2017 8:36:55 AM,EventCreate,1,None,Application,djkvdihost097.jakarta01.com,JAKARTA01\yuswardie  
Error,9/27/2017 8:36:44 AM,EventCreate,1,None,Application,djkvdihost505.jakarta01.com,JAKARTA01\vita  
Error,9/27/2017 8:36:40 AM,EventCreate,1,None,Application,djkvdihost331.jakarta01.com,JAKARTA01\GuestSKA08  
Error,9/27/2017 8:36:11 AM,EventCreate,1,None,Application,djkvdihost430.jakarta01.com,JAKARTA01\Linda Marshelia  
Error,9/27/2017 8:36:06 AM,EventCreate,1,None,Application,djkvdihost170.jakarta01.com,JAKARTA01\lieke  
Error,9/27/2017 8:35:58 AM,EventCreate,1,None,Application,djkvdihost258.jakarta01.com,JAKARTA01\Lutfi  
Error,9/27/2017 8:35:55 AM,EventCreate,1,None,Application,djkvdihost091.jakarta01.com,JAKARTA01\nadya  
Error,9/27/2017 8:35:50 AM,EventCreate,1,None,Application,djkvdihost639.jakarta01.com,JAKARTA01\kreshna  
Error,9/27/2017 8:35:48 AM,EventCreate,1,None,Application,djkvdihost224.jakarta01.com,JAKARTA01\wang  
Error,9/27/2017 8:35:47 AM,EventCreate,1,None,Application,djkvdihost196.jakarta01.com,JAKARTA01\Guestisd31  
Error,9/27/2017 8:35:47 AM,EventCreate,1,None,Application,djkvdihost482.jakarta01.com,JAKARTA01\bahar  
Error,9/27/2017 8:35:45 AM,EventCreate,1,None,Application,djkvdihost104.jakarta01.com,JAKARTA01\christianrs  
Error,9/27/2017 8:35:30 AM,EventCreate,1,None,Application,djkvdihost832.jakarta01.com,JAKARTA01\Nikmatullah  
Error,9/27/2017 8:35:27 AM,EventCreate,1,None,Application,djkvdihost821.jakarta01.com,JAKARTA01\margiati  
Error,9/27/2017 8:35:25 AM,EventCreate,1,None,Application,djkvdihost611.jakarta01.com,JAKARTA01\Taufik Kurniawan  
Error,9/27/2017 8:35:20 AM,EventCreate,1,None,Application,djkvdihost594.jakarta01.com,JAKARTA01\kunthi  
Error,9/27/2017 8:34:59 AM,EventCreate,1,None,Application,djkvdihost486.jakarta01.com,JAKARTA01\nirliani  
Error,9/27/2017 8:34:55 AM,EventCreate,1,None,Application,djkvdihost057.jakarta01.com,JAKARTA01\M Fajri  
Error,9/27/2017 8:34:26 AM,EventCreate,1,None,Application,djkvdihost413.jakarta01.com,JAKARTA01\ALFIYAH  
Error,9/27/2017 8:34:10 AM,EventCreate,1,None,Application,djkvdihost072.jakarta01.com,JAKARTA01\rhaditya  
Error,9/27/2017 8:33:40 AM,EventCreate,1,None,Application,djkvdihost208.jakarta01.com,JAKARTA01\fatima  
Error,9/27/2017 8:33:37 AM,EventCreate,1,None,Application,djkvdihost336.jakarta01.com,JAKARTA01\venir  
Error,9/27/2017 8:33:30 AM,EventCreate,1,None,Application,djkvdihost556.jakarta01.com,JAKARTA01\indriani  
Error,9/27/2017 8:33:26 AM,EventCreate,1,None,Application,djkvdihost445.jakarta01.com,JAKARTA01\clarissa  
Error,9/27/2017 8:33:13 AM,EventCreate,1,None,Application,djkvdihost603.jakarta01.com,JAKARTA01\lileliza  
Error,9/27/2017 8:33:13 AM,EventCreate,1,None,Application,djkvdihost797.jakarta01.com,JAKARTA01\Elisabeth  
Error,9/27/2017 8:33:10 AM,Application Error,1000,(100),Application,djkvdihost336.jakarta01.com,"Faulting application name: wfcrun32.exe, version: 14.4.1000.16, time stamp: 0x571e1bd4
Faulting module name: MFC80.DLL, version: 8.0.50727.6195, time stamp: 0x4dcdeca2
Exception code: 0xc0000005
Fault offset: 0x000ee1a9
Faulting process id: 0x45c
Faulting application start time: 0x01d337309126c518
Faulting application path: C:\Program Files\Citrix\ICA Client\wfcrun32.exe
Faulting module path: C:\Windows\WinSxS\x86_microsoft.vc80.mfc_1fc8b3b9a1e18e3b_8.0.50727.6195_none_cbf5e994470a1a8f\MFC80.DLL
Report Id: d1c75781-a323-11e7-a4c8-0050569f7ca5"
Error,9/27/2017 8:33:04 AM,EventCreate,1,None,Application,djkvdihost288.jakarta01.com,JAKARTA01\ferdiansyah  
Error,9/27/2017 8:33:03 AM,EventCreate,1,None,Application,djkvdihost769.jakarta01.com,JAKARTA01\AULIASA  
Error,9/27/2017 8:32:28 AM,EventCreate,1,None,Application,djkvdihost215.jakarta01.com,JAKARTA01\MuhammadI  
Error,9/27/2017 8:32:13 AM,EventCreate,1,None,Application,djkvdihost708.jakarta01.com,JAKARTA01\Resty  
Error,9/27/2017 8:32:03 AM,EventCreate,1,None,Application,djkvdihost429.jakarta01.com,JAKARTA01\Darmi  
Error,9/27/2017 8:32:02 AM,EventCreate,1,None,Application,djkvdihost429.jakarta01.com,JAKARTA01\Darmi  
Error,9/27/2017 8:31:36 AM,EventCreate,1,None,Application,djkvdihost535.jakarta01.com,JAKARTA01\Novita Rahayu  
Error,9/27/2017 8:31:22 AM,EventCreate,1,None,Application,djkvdihost249.jakarta01.com,JAKARTA01\GuestISD56  
Error,9/27/2017 8:30:43 AM,EventCreate,1,None,Application,djkvdihost772.jakarta01.com,JAKARTA01\Dian Permata  
Error,9/27/2017 8:30:41 AM,Application Error,1000,(100),Application,djkvdihost772.jakarta01.com,"Faulting application name: OUTLOOK.EXE, version: 15.0.4919.1001, time stamp: 0x58d20482
Faulting module name: OUTLOOK.EXE, version: 15.0.4919.1001, time stamp: 0x58d20482
Exception code: 0xc0000005
Fault offset: 0x008924c4
Faulting process id: 0x1ba0
Faulting application start time: 0x01d3372cac37d272
Faulting application path: C:\Program Files\Microsoft Office\Office15\OUTLOOK.EXE
Faulting module path: C:\Program Files\Microsoft Office\Office15\OUTLOOK.EXE
Report Id: 78b5676f-a323-11e7-b02b-0050569f0d80"
Error,9/27/2017 8:31:02 AM,EventCreate,1,None,Application,djkvdihost770.jakarta01.com,JAKARTA01\Rini Purnama  
Error,9/27/2017 8:30:56 AM,EventCreate,1,None,Application,djkvdihost535.jakarta01.com,JAKARTA01\Novita Rahayu  
Error,9/27/2017 8:30:17 AM,EventCreate,1,None,Application,djkvdihost291.jakarta01.com,JAKARTA01\cinta  
Error,9/27/2017 8:30:11 AM,Application Error,1000,(100),Application,djkvdihost291.jakarta01.com,"Faulting application name: spoolsv.exe, version: 6.1.7601.17777, time stamp: 0x4f35efc3
Faulting module name: msvcrt.dll, version: 7.0.7601.17744, time stamp: 0x4eeaf722
Exception code: 0xc0000005
Fault offset: 0x0000aa14
Faulting process id: 0x648
Faulting application start time: 0x01d336abf9e7b7cd
Faulting application path: C:\Windows\System32\spoolsv.exe
Faulting module path: C:\Windows\system32\msvcrt.dll
Report Id: 6706b201-a323-11e7-aba1-0050569f1d26"
Error,9/27/2017 8:30:41 AM,EventCreate,1,None,Application,djkvdihost276.jakarta01.com,JAKARTA01\aditya ny  
Error,9/27/2017 8:30:36 AM,EventCreate,1,None,Application,djkvdihost276.jakarta01.com,JAKARTA01\aditya ny  
Error,9/27/2017 8:29:36 AM,EventCreate,1,None,Application,djkvdihost351.jakarta01.com,JAKARTA01\karmenia  
Error,9/27/2017 8:29:47 AM,EventCreate,1,None,Application,djkvdihost697.jakarta01.com,JAKARTA01\veronicam  
Error,9/27/2017 8:29:42 AM,EventCreate,1,None,Application,djkvdihost672.jakarta01.com,JAKARTA01\indra pranowo  
Error,9/27/2017 8:29:29 AM,EventCreate,1,None,Application,djkvdihost082.jakarta01.com,JAKARTA01\badrudin  
Error,9/27/2017 8:29:23 AM,EventCreate,1,None,Application,djkvdihost744.jakarta01.com,JAKARTA01\zulkarnaena  
Error,9/27/2017 8:28:45 AM,EventCreate,1,None,Application,djkvdihost758.jakarta01.com,JAKARTA01\Adi Saputra  
Error,9/27/2017 8:29:06 AM,EventCreate,1,None,Application,djkvdihost670.jakarta01.com,JAKARTA01\danna  
Error,9/27/2017 8:29:06 AM,EventCreate,1,None,Application,djkvdihost827.jakarta01.com,JAKARTA01\dolly  
Error,9/27/2017 8:29:05 AM,EventCreate,1,None,Application,djkvdihost789.jakarta01.com,JAKARTA01\hirano  
Error,9/27/2017 8:28:49 AM,EventCreate,1,None,Application,djkvdihost351.jakarta01.com,JAKARTA01\karmenia  
Error,9/27/2017 8:28:10 AM,EventCreate,1,None,Application,djkvdihost894.jakarta01.com,JAKARTA01\Indra Bramantyono  
Error,9/27/2017 8:27:55 AM,WSH,1,None,Application,djkvdihost894.jakarta01.com,"CN=Indra Bramantyono password will expire in 1 day(s) at 9/28/2017 7:52:05 AM

Press CTRL + ALT + DEL and select the ""Change a password"" option."
Error,9/27/2017 8:27:47 AM,WSH,1,None,Application,djkvdihost758.jakarta01.com,"CN=Adi Saputra password will expire in 4 day(s) at 10/1/2017 8:42:27 AM

Press CTRL + ALT + DEL and select the ""Change a password"" option."
Error,9/27/2017 8:27:53 AM,WSH,1,None,Application,djkvdihost894.jakarta01.com,"CN=Indra Bramantyono password will expire in 1 day(s) at 9/28/2017 7:52:05 AM

Press CTRL + ALT + DEL and select the ""Change a password"" option."
Error,9/27/2017 8:27:47 AM,WSH,1,None,Application,djkvdihost758.jakarta01.com,"CN=Adi Saputra password will expire in 4 day(s) at 10/1/2017 8:42:27 AM

Press CTRL + ALT + DEL and select the ""Change a password"" option."
Error,9/27/2017 8:27:43 AM,EventCreate,1,None,Application,djkvdihost365.jakarta01.com,JAKARTA01\m ridho  
Error,9/27/2017 8:27:37 AM,EventCreate,1,None,Application,djkvdihost902.jakarta01.com,JAKARTA01\adi prasetio  
Error,9/27/2017 8:27:21 AM,EventCreate,1,None,Application,djkvdihost437.jakarta01.com,JAKARTA01\novianti  
Error,9/27/2017 8:27:18 AM,EventCreate,1,None,Application,djkvdihost513.jakarta01.com,JAKARTA01\davidc  
Error,9/27/2017 8:27:18 AM,EventCreate,1,None,Application,djkvdihost578.jakarta01.com,JAKARTA01\Hasna  
Error,9/27/2017 8:27:16 AM,EventCreate,1,None,Application,djkvdihost747.jakarta01.com,JAKARTA01\BERNARDUS  
Error,9/27/2017 8:27:12 AM,EventCreate,1,None,Application,djkvdihost501.jakarta01.com,JAKARTA01\panji ndaru  
Error,9/27/2017 8:27:08 AM,EventCreate,1,None,Application,djkvdihost604.jakarta01.com,JAKARTA01\indra jayadi  
Error,9/27/2017 8:26:43 AM,EventCreate,1,None,Application,djkvdihost462.jakarta01.com,JAKARTA01\MSandy  
Error,9/27/2017 8:26:36 AM,EventCreate,1,None,Application,djkvdihost021.jakarta01.com,JAKARTA01\ni ketut  
Error,9/27/2017 8:26:16 AM,EventCreate,1,None,Application,djkvdihost834.jakarta01.com,JAKARTA01\sari  
Error,9/27/2017 8:25:44 AM,EventCreate,1,None,Application,djkvdihost718.jakarta01.com,JAKARTA01\Lily  
Error,9/27/2017 8:25:20 AM,EventCreate,1,None,Application,djkvdihost561.jakarta01.com,JAKARTA01\LILY AISYAH  
Error,9/27/2017 8:25:19 AM,EventCreate,1,None,Application,djkvdihost669.jakarta01.com,JAKARTA01\yoga  
Error,9/27/2017 8:25:03 AM,EventCreate,1,None,Application,djkvdihost201.jakarta01.com,JAKARTA01\Ahmad Hidayat  
Error,9/27/2017 8:24:58 AM,EventCreate,1,None,Application,djkvdihost663.jakarta01.com,JAKARTA01\Marganda  
Error,9/27/2017 8:24:35 AM,EventCreate,1,None,Application,djkvdihost776.jakarta01.com,JAKARTA01\Yulistial  
Error,9/27/2017 8:24:35 AM,EventCreate,1,None,Application,djkvdihost241.jakarta01.com,JAKARTA01\wicaksono  
Error,9/27/2017 8:24:32 AM,EventCreate,1,None,Application,djkvdihost543.jakarta01.com,JAKARTA01\mochammad  
Error,9/27/2017 8:24:26 AM,EventCreate,1,None,Application,djkvdihost308.jakarta01.com,JAKARTA01\DEVI  
Error,9/27/2017 8:24:19 AM,EventCreate,1,None,Application,djkvdihost693.jakarta01.com,JAKARTA01\guestisd03  
Error,9/27/2017 8:23:37 AM,EventCreate,1,None,Application,djkvdihost732.jakarta01.com,JAKARTA01\Darmawan  
Error,9/27/2017 8:23:35 AM,EventCreate,1,None,Application,djkvdihost757.jakarta01.com,JAKARTA01\Ida  
Error,9/27/2017 8:23:18 AM,EventCreate,1,None,Application,djkvdihost434.jakarta01.com,JAKARTA01\henry st  
Error,9/27/2017 8:23:12 AM,EventCreate,1,None,Application,djkvdihost205.jakarta01.com,JAKARTA01\palmella  
Error,9/27/2017 8:23:07 AM,EventCreate,1,None,Application,djkvdihost074.jakarta01.com,JAKARTA01\Siti Atikah  
Error,9/27/2017 8:22:46 AM,EventCreate,1,None,Application,djkvdihost724.jakarta01.com,JAKARTA01\Yustine  
Error,9/27/2017 8:22:20 AM,EventCreate,1,None,Application,djkvdihost110.jakarta01.com,JAKARTA01\tara  
