Error,10/4/2017 5:56:29 PM,EventCreate,1,None,Application,djkvdihost452.jakarta01.com,JAKARTA01\iqbal maulanasani  
Error,10/4/2017 5:56:23 PM,EventCreate,1,None,Application,djkvdihost154.jakarta01.com,JAKARTA01\quartiny  
Error,10/4/2017 5:55:25 PM,EventCreate,1,None,Application,djkvdihost452.jakarta01.com,JAKARTA01\iqbal maulanasani  
Error,10/4/2017 5:53:33 PM,EventCreate,1,None,Application,djkvdihost334.jakarta01.com,JAKARTA01\wirantika  
Error,10/4/2017 5:53:41 PM,EventCreate,1,None,Application,djkvdihost853.jakarta01.com,JAKARTA01\Nishinaka  
Error,10/4/2017 5:52:01 PM,EventCreate,1,None,Application,djkvdihost334.jakarta01.com,JAKARTA01\wirantika  
Error,10/4/2017 5:50:06 PM,EventCreate,1,None,Application,djkvdihost126.jakarta01.com,JAKARTA01\Jauw  
Error,10/4/2017 5:50:01 PM,Application Error,1000,(100),Application,djkvdihost126.jakarta01.com,"Faulting application name: iexplore.exe, version: 11.0.9600.18639, time stamp: 0x58d6bb0d
Faulting module name: MSHTML.dll, version: 11.0.9600.18639, time stamp: 0x58d6c720
Exception code: 0xc0000005
Fault offset: 0x000ac604
Faulting process id: 0x155c
Faulting application start time: 0x01d33ca9daecb0b6
Faulting application path: C:\Program Files\Internet Explorer\iexplore.exe
Faulting module path: C:\Windows\system32\MSHTML.dll
Report Id: c52aeb44-a8f1-11e7-9f98-0050569f2fff"
Error,10/4/2017 5:45:55 PM,EventCreate,1,None,Application,djkvdihost154.jakarta01.com,JAKARTA01\iqbal maulanasani  
Error,10/4/2017 5:45:19 PM,EventCreate,1,None,Application,djkvdihost667.jakarta01.com,JAKARTA01\retno  
Error,10/4/2017 5:45:16 PM,Application Error,1000,(100),Application,djkvdihost667.jakarta01.com,"Faulting application name: OUTLOOK.EXE, version: 15.0.4919.1001, time stamp: 0x58d20482
Faulting module name: OUTLOOK.EXE, version: 15.0.4919.1001, time stamp: 0x58d20482
Exception code: 0xc0000005
Fault offset: 0x008924c4
Faulting process id: 0x1a1c
Faulting application start time: 0x01d33cb4e63e2263
Faulting application path: C:\Program Files\Microsoft Office\Office15\OUTLOOK.EXE
Faulting module path: C:\Program Files\Microsoft Office\Office15\OUTLOOK.EXE
Report Id: 1b098945-a8f1-11e7-90f7-0050569f29fc"
Error,10/4/2017 5:43:58 PM,EventCreate,1,None,Application,djkvdihost350.jakarta01.com,JAKARTA01\eka  
Error,10/4/2017 5:43:48 PM,Application Error,1000,(100),Application,djkvdihost350.jakarta01.com,"Faulting application name: iexplore.exe, version: 11.0.9600.18639, time stamp: 0x58d6bb0d
Faulting module name: unknown, version: 0.0.0.0, time stamp: 0x00000000
Exception code: 0xc0000005
Fault offset: 0x7ff13238
Faulting process id: 0x189c
Faulting application start time: 0x01d33ce2bcc56868
Faulting application path: C:\Program Files\Internet Explorer\iexplore.exe
Faulting module path: unknown
Report Id: e6fd79db-a8f0-11e7-8672-0050569f053c"
Error,10/4/2017 5:40:58 PM,EventCreate,1,None,Application,djkvdihost002.jakarta01.com,JAKARTA01\nadya  
Error,10/4/2017 5:40:52 PM,Application Error,1000,(100),Application,djkvdihost002.jakarta01.com,"Faulting application name: OUTLOOK.EXE, version: 15.0.4919.1001, time stamp: 0x58d20482
Faulting module name: OUTLOOK.EXE, version: 15.0.4919.1001, time stamp: 0x58d20482
Exception code: 0xc0000005
Fault offset: 0x008924c7
Faulting process id: 0x764
Faulting application start time: 0x01d33caebbc7e4e4
Faulting application path: C:\Program Files\Microsoft Office\Office15\OUTLOOK.EXE
Faulting module path: C:\Program Files\Microsoft Office\Office15\OUTLOOK.EXE
Report Id: 7ddafbe1-a8f0-11e7-9a8d-0050569f005a"
Error,10/4/2017 5:40:21 PM,EventCreate,1,None,Application,djkvdihost779.jakarta01.com,JAKARTA01\nurfadila  
Error,10/4/2017 5:39:28 PM,EventCreate,1,None,Application,djkvdihost098.jakarta01.com,JAKARTA01\magdalena  
Error,10/4/2017 5:39:21 PM,Application Error,1000,(100),Application,djkvdihost098.jakarta01.com,"Faulting application name: EXCEL.EXE, version: 15.0.4919.1000, time stamp: 0x58c7ab0f
Faulting module name: EXCEL.EXE, version: 15.0.4919.1000, time stamp: 0x58c7ab0f
Exception code: 0xc0000005
Fault offset: 0x003887a3
Faulting process id: 0x85c
Faulting application start time: 0x01d33cac3c703fc9
Faulting application path: C:\Program Files\Microsoft Office\Office15\EXCEL.EXE
Faulting module path: C:\Program Files\Microsoft Office\Office15\EXCEL.EXE
Report Id: 4787d3e9-a8f0-11e7-bfe6-0050569f5bc2"
Error,10/4/2017 5:39:18 PM,EventCreate,1,None,Application,djkvdihost779.jakarta01.com,JAKARTA01\nurfadila  
Error,10/4/2017 5:37:38 PM,EventCreate,1,None,Application,djkvdihost487.jakarta01.com,JAKARTA01\Dwi anisa  
Error,10/4/2017 5:37:31 PM,EventCreate,1,None,Application,djkvdihost487.jakarta01.com,JAKARTA01\Dwi anisa  
Error,10/4/2017 5:36:39 PM,EventCreate,1,None,Application,djkvdihost833.jakarta01.com,JAKARTA01\raymond  
Error,10/4/2017 5:35:22 PM,EventCreate,1,None,Application,djkvdihost089.jakarta01.com,JAKARTA01\henry st  
Error,10/4/2017 5:32:30 PM,EventCreate,1,None,Application,djkvdihost026.jakarta01.com,JAKARTA01\anissa  
Error,10/4/2017 5:32:25 PM,Application Error,1000,(100),Application,djkvdihost026.jakarta01.com,"Faulting application name: EXCEL.EXE, version: 15.0.4919.1000, time stamp: 0x58c7ab0f
Faulting module name: EXCEL.EXE, version: 15.0.4919.1000, time stamp: 0x58c7ab0f
Exception code: 0xc0000005
Fault offset: 0x0004f585
Faulting process id: 0xe34
Faulting application start time: 0x01d33cc870f5957b
Faulting application path: C:\Program Files\Microsoft Office\Office15\EXCEL.EXE
Faulting module path: C:\Program Files\Microsoft Office\Office15\EXCEL.EXE
Report Id: 4fc09956-a8ef-11e7-9944-0050569f56f8"
Error,10/4/2017 5:29:30 PM,EventCreate,1,None,Application,djkvdihost528.jakarta01.com,JAKARTA01\eddy  
Error,10/4/2017 5:29:10 PM,EventCreate,1,None,Application,djkvdihost528.jakarta01.com,JAKARTA01\eddy  
Error,10/4/2017 5:28:15 PM,EventCreate,1,None,Application,djkvdihost347.jakarta01.com,JAKARTA01\Argo  
Error,10/4/2017 5:28:13 PM,Application Error,1000,(100),Application,djkvdihost347.jakarta01.com,"Faulting application name: OUTLOOK.EXE, version: 15.0.4919.1001, time stamp: 0x58d20482
Faulting module name: OUTLOOK.EXE, version: 15.0.4919.1001, time stamp: 0x58d20482
Exception code: 0xc0000005
Fault offset: 0x008924c4
Faulting process id: 0x1ebc
Faulting application start time: 0x01d33c9cb93d2f8c
Faulting application path: C:\Program Files\Microsoft Office\Office15\OUTLOOK.EXE
Faulting module path: C:\Program Files\Microsoft Office\Office15\OUTLOOK.EXE
Report Id: b98c6705-a8ee-11e7-9065-0050569f08e4"
Error,10/4/2017 5:27:28 PM,EventCreate,1,None,Application,djkvdihost779.jakarta01.com,JAKARTA01\devid  
Error,10/4/2017 5:27:09 PM,EventCreate,1,None,Application,djkvdihost828.jakarta01.com,JAKARTA01\Erick  
Error,10/4/2017 5:27:20 PM,EventCreate,1,None,Application,djkvdihost779.jakarta01.com,JAKARTA01\devid  
Error,10/4/2017 5:27:05 PM,Application Error,1000,(100),Application,djkvdihost828.jakarta01.com,"Faulting application name: EXCEL.EXE, version: 15.0.4919.1000, time stamp: 0x58c7ab0f
Faulting module name: MSVCR100.dll, version: 10.0.40219.325, time stamp: 0x4df2be1e
Exception code: 0xc0000005
Fault offset: 0x00001f34
Faulting process id: 0x6a0
Faulting application start time: 0x01d33ceb9b5d3c17
Faulting application path: C:\Program Files\Microsoft Office\Office15\EXCEL.EXE
Faulting module path: C:\Windows\system32\MSVCR100.dll
Report Id: 90f21883-a8ee-11e7-a99e-0050569f224e"
Error,10/4/2017 5:25:59 PM,EventCreate,1,None,Application,djkvdihost518.jakarta01.com,JAKARTA01\mega  
Error,10/4/2017 5:25:56 PM,Application Error,1000,(100),Application,djkvdihost518.jakarta01.com,"Faulting application name: OUTLOOK.EXE, version: 15.0.4919.1001, time stamp: 0x58d20482
Faulting module name: OUTLOOK.EXE, version: 15.0.4919.1001, time stamp: 0x58d20482
Exception code: 0xc0000005
Fault offset: 0x008924c4
Faulting process id: 0x1e74
Faulting application start time: 0x01d33cba86bb0701
Faulting application path: C:\Program Files\Microsoft Office\Office15\OUTLOOK.EXE
Faulting module path: C:\Program Files\Microsoft Office\Office15\OUTLOOK.EXE
Report Id: 6794f8af-a8ee-11e7-8db6-0050569f3e4e"
Error,10/4/2017 5:23:10 PM,EventCreate,1,None,Application,djkvdihost143.jakarta01.com,JAKARTA01\raymond  
Error,10/4/2017 5:20:32 PM,EventCreate,1,None,Application,djkvdihost513.jakarta01.com,JAKARTA01\rinaldonp  
Error,10/4/2017 5:20:22 PM,EventCreate,1,None,Application,djkvdihost628.jakarta01.com,JAKARTA01\ayuningtias  
Error,10/4/2017 5:20:28 PM,Application Error,1000,(100),Application,djkvdihost513.jakarta01.com,"Faulting application name: OUTLOOK.EXE, version: 15.0.4919.1001, time stamp: 0x58d20482
Faulting module name: OUTLOOK.EXE, version: 15.0.4919.1001, time stamp: 0x58d20482
Exception code: 0xc0000005
Fault offset: 0x008924c7
Faulting process id: 0x1d40
Faulting application start time: 0x01d33cabdee9724f
Faulting application path: C:\Program Files\Microsoft Office\Office15\OUTLOOK.EXE
Faulting module path: C:\Program Files\Microsoft Office\Office15\OUTLOOK.EXE
Report Id: a44de6ef-a8ed-11e7-b003-0050569f05da"
Error,10/4/2017 5:20:22 PM,Application Error,1000,(100),Application,djkvdihost628.jakarta01.com,"Faulting application name: WFICA32.EXE, version: 14.4.1000.16, time stamp: 0x571e1d89
Faulting module name: MMDevAPI.DLL, version: 6.1.7601.17514, time stamp: 0x4ce7b892
Exception code: 0xc0000005
Fault offset: 0x00018d99
Faulting process id: 0x2674
Faulting application start time: 0x01d33cfa5c506c96
Faulting application path: C:\PROGRA~1\Citrix\ICACLI~1\WFICA32.EXE
Faulting module path: C:\Windows\system32\MMDevAPI.DLL
Report Id: a08eab16-a8ed-11e7-82ab-0050569f189f"
Error,10/4/2017 5:17:17 PM,EventCreate,1,None,Application,djkvdihost372.jakarta01.com,JAKARTA01\Arum  
Error,10/4/2017 5:17:16 PM,Application Error,1000,(100),Application,djkvdihost372.jakarta01.com,"Faulting application name: OUTLOOK.EXE, version: 15.0.4919.1001, time stamp: 0x58d20482
Faulting module name: OUTLOOK.EXE, version: 15.0.4919.1001, time stamp: 0x58d20482
Exception code: 0xc0000005
Fault offset: 0x008924c4
Faulting process id: 0x1e78
Faulting application start time: 0x01d33cb0028c7f05
Faulting application path: C:\Program Files\Microsoft Office\Office15\OUTLOOK.EXE
Faulting module path: C:\Program Files\Microsoft Office\Office15\OUTLOOK.EXE
Report Id: 31b85851-a8ed-11e7-95c1-0050569f5e70"
Error,10/4/2017 5:14:28 PM,EventCreate,1,None,Application,djkvdihost049.jakarta01.com,JAKARTA01\wirantika  
Error,10/4/2017 5:13:04 PM,EventCreate,1,None,Application,djkvdihost577.jakarta01.com,JAKARTA01\regina  
Error,10/4/2017 5:11:57 PM,EventCreate,1,None,Application,djkvdihost577.jakarta01.com,JAKARTA01\regina  
Error,10/4/2017 5:11:36 PM,EventCreate,1,None,Application,djkvdihost577.jakarta01.com,JAKARTA01\regina  
Error,10/4/2017 5:08:25 PM,EventCreate,1,None,Application,djkvdihost136.jakarta01.com,JAKARTA01\jayson  
Error,10/4/2017 5:08:17 PM,Application Error,1000,(100),Application,djkvdihost136.jakarta01.com,"Faulting application name: POWERPNT.EXE, version: 15.0.4919.1000, time stamp: 0x58c7acf7
Faulting module name: unknown, version: 0.0.0.0, time stamp: 0x00000000
Exception code: 0xc0000005
Fault offset: 0x00000000
Faulting process id: 0x2740
Faulting application start time: 0x01d33cdf75298510
Faulting application path: C:\Program Files\Microsoft Office\Office15\POWERPNT.EXE
Faulting module path: unknown
Report Id: f0d191b4-a8eb-11e7-a6a7-0050569f5df0"
Error,10/4/2017 5:01:43 PM,EventCreate,1,None,Application,djkvdihost263.jakarta01.com,JAKARTA01\Hilman  
Error,10/4/2017 5:01:18 PM,EventCreate,1,None,Application,djkvdihost263.jakarta01.com,JAKARTA01\Hilman  
Error,10/4/2017 4:57:34 PM,EventCreate,1,None,Application,djkvdihost347.jakarta01.com,JAKARTA01\Argo  
Error,10/4/2017 3:03:05 PM,EventCreate,1,None,Application,djkvdihost643.jakarta01.com,JAKARTA01\MahendraR  
Error,10/4/2017 4:57:30 PM,Application Error,1000,(100),Application,djkvdihost347.jakarta01.com,"Faulting application name: PhotoScreensaver.scr, version: 6.1.7601.17514, time stamp: 0x4ce7a590
Faulting module name: SHELL32.dll, version: 6.1.7601.23537, time stamp: 0x57c450f4
Exception code: 0xc0000005
Fault offset: 0x001f269f
Faulting process id: 0x2768
Faulting application start time: 0x01d33cf6d972a08c
Faulting application path: C:\Windows\system32\PhotoScreensaver.scr
Faulting module path: C:\Windows\system32\SHELL32.dll
Report Id: 6eb8ca1a-a8ea-11e7-9065-0050569f08e4"
Error,10/4/2017 4:55:56 PM,EventCreate,1,None,Application,djkvdihost343.jakarta01.com,JAKARTA01\fajar  
Error,10/4/2017 4:55:55 PM,Application Error,1000,(100),Application,djkvdihost343.jakarta01.com,"Faulting application name: OUTLOOK.EXE, version: 15.0.4919.1001, time stamp: 0x58d20482
Faulting module name: OUTLOOK.EXE, version: 15.0.4919.1001, time stamp: 0x58d20482
Exception code: 0xc0000005
Fault offset: 0x008924c4
Faulting process id: 0x180
Faulting application start time: 0x01d33cdbe52ea15c
Faulting application path: C:\Program Files\Microsoft Office\Office15\OUTLOOK.EXE
Faulting module path: C:\Program Files\Microsoft Office\Office15\OUTLOOK.EXE
Report Id: 3686e03f-a8ea-11e7-866f-0050569f2873"
Error,10/4/2017 4:53:13 PM,EventCreate,1,None,Application,djkvdihost567.jakarta01.com,JAKARTA01\aulya  
Error,10/4/2017 4:53:13 PM,Application Error,1000,(100),Application,djkvdihost567.jakarta01.com,"Faulting application name: OUTLOOK.EXE, version: 15.0.4919.1001, time stamp: 0x58d20482
Faulting module name: OUTLOOK.EXE, version: 15.0.4919.1001, time stamp: 0x58d20482
Exception code: 0xc0000005
Fault offset: 0x008924c4
Faulting process id: 0xa00
Faulting application start time: 0x01d33cd83ca09553
Faulting application path: C:\Program Files\Microsoft Office\Office15\OUTLOOK.EXE
Faulting module path: C:\Program Files\Microsoft Office\Office15\OUTLOOK.EXE
Report Id: d5b89f85-a8e9-11e7-a933-0050569f30ec"
Error,10/4/2017 4:51:53 PM,EventCreate,1,None,Application,djkvdihost221.jakarta01.com,JAKARTA01\Reiffy  
Error,10/4/2017 4:49:01 PM,EventCreate,1,None,Application,djkvdihost198.jakarta01.com,JAKARTA01\ridjal  
Error,10/4/2017 4:40:31 PM,EventCreate,1,None,Application,djkvdihost811.jakarta01.com,JAKARTA01\lisa  
Error,10/4/2017 4:40:28 PM,Application Error,1000,(100),Application,djkvdihost811.jakarta01.com,"Faulting application name: WINWORD.EXE, version: 15.0.4911.1000, time stamp: 0x58a2c075
Faulting module name: wwlib.dll, version: 15.0.4911.1000, time stamp: 0x58a2c073
Exception code: 0xc0000005
Fault offset: 0x006f0ff9
Faulting process id: 0x1130
Faulting application start time: 0x01d33cb73d29f54b
Faulting application path: C:\Program Files\Microsoft Office\Office15\WINWORD.EXE
Faulting module path: C:\Program Files\Microsoft Office\Office15\wwlib.dll
Report Id: 0d8ee31b-a8e8-11e7-a69d-0050569f311e"
Error,10/4/2017 4:39:20 PM,EventCreate,1,None,Application,djkvdihost818.jakarta01.com,JAKARTA01\arismanm  
Error,10/4/2017 4:39:01 PM,EventCreate,1,None,Application,djkvdihost267.jakarta01.com,JAKARTA01\andi wijaya  
Error,10/4/2017 4:39:17 PM,Application Error,1000,(100),Application,djkvdihost818.jakarta01.com,"Faulting application name: NLNOTES.EXE, version: 8.5.30.11258, time stamp: 0x4e72fa51
Faulting module name: nnotes.dll, version: 8.5.30.11258, time stamp: 0x4e72fa6a
Exception code: 0xc0000005
Fault offset: 0x001c7f0e
Faulting process id: 0x16d8
Faulting application start time: 0x01d33cf4a53bb1cd
Faulting application path: C:\Program Files\IBM\Lotus\Notes\NLNOTES.EXE
Faulting module path: C:\Program Files\IBM\Lotus\Notes\nnotes.dll
Report Id: e39f868d-a8e7-11e7-af75-0050569f7ace"
Error,10/4/2017 4:38:57 PM,Application Error,1000,(100),Application,djkvdihost267.jakarta01.com,"Faulting application name: OUTLOOK.EXE, version: 15.0.4919.1001, time stamp: 0x58d20482
Faulting module name: OUTLOOK.EXE, version: 15.0.4919.1001, time stamp: 0x58d20482
Exception code: 0xc0000005
Fault offset: 0x008924c7
Faulting process id: 0x1d24
Faulting application start time: 0x01d33ca6c7add495
Faulting application path: C:\Program Files\Microsoft Office\Office15\OUTLOOK.EXE
Faulting module path: C:\Program Files\Microsoft Office\Office15\OUTLOOK.EXE
Report Id: d7acba6d-a8e7-11e7-a92e-0050569f3000"
Error,10/4/2017 4:37:16 PM,EventCreate,1,None,Application,djkvdihost205.jakarta01.com,JAKARTA01\karmelita  
Error,10/4/2017 4:37:12 PM,Application Error,1000,(100),Application,djkvdihost205.jakarta01.com,"Faulting application name: OUTLOOK.EXE, version: 15.0.4919.1001, time stamp: 0x58d20482
Faulting module name: OUTLOOK.EXE, version: 15.0.4919.1001, time stamp: 0x58d20482
Exception code: 0xc0000005
Fault offset: 0x008924c7
Faulting process id: 0x1bf0
Faulting application start time: 0x01d33cad427d8051
Faulting application path: C:\Program Files\Microsoft Office\Office15\OUTLOOK.EXE
Faulting module path: C:\Program Files\Microsoft Office\Office15\OUTLOOK.EXE
Report Id: 98e5819c-a8e7-11e7-8b07-0050569f261a"
Error,10/4/2017 4:30:25 PM,EventCreate,1,None,Application,djkvdihost508.jakarta01.com,JAKARTA01\Amelia  
Error,10/4/2017 4:30:21 PM,Application Error,1000,(100),Application,djkvdihost508.jakarta01.com,"Faulting application name: EXCEL.EXE, version: 15.0.4919.1000, time stamp: 0x58c7ab0f
Faulting module name: unknown, version: 0.0.0.0, time stamp: 0x00000000
Exception code: 0xc0000005
Fault offset: 0x524e5434
Faulting process id: 0x18a8
Faulting application start time: 0x01d33cb591bdd8c8
Faulting application path: C:\Program Files\Microsoft Office\Office15\EXCEL.EXE
Faulting module path: unknown
Report Id: a43d3acc-a8e6-11e7-9c46-0050569f46e2"
Error,10/4/2017 4:24:55 PM,EventCreate,1,None,Application,djkvdihost015.jakarta01.com,JAKARTA01\darnito  
Error,10/4/2017 4:24:47 PM,EventCreate,1,None,Application,djkvdihost015.jakarta01.com,JAKARTA01\darnito  
Error,10/4/2017 4:16:49 PM,EventCreate,1,None,Application,djkvdihost201.jakarta01.com,JAKARTA01\AdindaGita  
Error,10/4/2017 2:45:38 PM,EventCreate,1,None,Application,djkvdihost278.jakarta01.com,JAKARTA01\guestitso01  
Error,10/4/2017 4:16:45 PM,Application Error,1000,(100),Application,djkvdihost201.jakarta01.com,"Faulting application name: OUTLOOK.EXE, version: 15.0.4919.1001, time stamp: 0x58d20482
Faulting module name: OUTLOOK.EXE, version: 15.0.4919.1001, time stamp: 0x58d20482
Exception code: 0xc0000005
Fault offset: 0x008924c4
Faulting process id: 0x1c34
Faulting application start time: 0x01d33cafe6874dd8
Faulting application path: C:\Program Files\Microsoft Office\Office15\OUTLOOK.EXE
Faulting module path: C:\Program Files\Microsoft Office\Office15\OUTLOOK.EXE
Report Id: bd5ff244-a8e4-11e7-8c8b-0050569f5a17"
Error,10/4/2017 4:13:39 PM,EventCreate,1,None,Application,djkvdihost108.jakarta01.com,JAKARTA01\yulia rifanda  
Error,10/4/2017 4:13:36 PM,Application Error,1000,(100),Application,djkvdihost108.jakarta01.com,"Faulting application name: OUTLOOK.EXE, version: 15.0.4919.1001, time stamp: 0x58d20482
Faulting module name: OUTLOOK.EXE, version: 15.0.4919.1001, time stamp: 0x58d20482
Exception code: 0xc0000005
Fault offset: 0x008924c4
Faulting process id: 0x16c4
Faulting application start time: 0x01d33cadd2bbd2ec
Faulting application path: C:\Program Files\Microsoft Office\Office15\OUTLOOK.EXE
Faulting module path: C:\Program Files\Microsoft Office\Office15\OUTLOOK.EXE
Report Id: 4d0e59ce-a8e4-11e7-a12e-0050569f141f"
Error,10/4/2017 4:12:14 PM,EventCreate,1,None,Application,djkvdihost652.jakarta01.com,JAKARTA01\syifa  
Error,10/4/2017 4:12:09 PM,Application Error,1000,(100),Application,djkvdihost652.jakarta01.com,"Faulting application name: EXCEL.EXE, version: 15.0.4919.1000, time stamp: 0x58c7ab0f
Faulting module name: EXCEL.EXE, version: 15.0.4919.1000, time stamp: 0x58c7ab0f
Exception code: 0xc0000005
Fault offset: 0x003cf95d
Faulting process id: 0x1458
Faulting application start time: 0x01d33cbd64efa109
Faulting application path: C:\PROGRA~1\MICROS~2\Office15\EXCEL.EXE
Faulting module path: C:\PROGRA~1\MICROS~2\Office15\EXCEL.EXE
Report Id: 193016ad-a8e4-11e7-b0ef-0050569f735b"
Error,10/4/2017 4:04:31 PM,EventCreate,1,None,Application,djkvdihost691.jakarta01.com,JAKARTA01\Shena  
Error,10/4/2017 4:00:22 PM,EventCreate,1,None,Application,djkvdihost481.jakarta01.com,JAKARTA01\maulina  
Error,10/4/2017 4:00:20 PM,Application Error,1000,(100),Application,djkvdihost481.jakarta01.com,"Faulting application name: OUTLOOK.EXE, version: 15.0.4919.1001, time stamp: 0x58d20482
Faulting module name: OUTLOOK.EXE, version: 15.0.4919.1001, time stamp: 0x58d20482
Exception code: 0xc0000005
Fault offset: 0x008924c7
Faulting process id: 0x1ee8
Faulting application start time: 0x01d33cc7b46c0d23
Faulting application path: C:\Program Files\Microsoft Office\Office15\OUTLOOK.EXE
Faulting module path: C:\Program Files\Microsoft Office\Office15\OUTLOOK.EXE
Report Id: 7233c864-a8e2-11e7-a13a-0050569f59dc"
Error,10/4/2017 3:51:59 PM,EventCreate,1,None,Application,djkvdihost303.jakarta01.com,JAKARTA01\budi ramadhan  
Error,10/4/2017 3:43:49 PM,EventCreate,1,None,Application,djkvdihost376.jakarta01.com,JAKARTA01\Indah  
Error,10/4/2017 3:43:46 PM,Application Error,1000,(100),Application,djkvdihost376.jakarta01.com,"Faulting application name: OUTLOOK.EXE, version: 15.0.4919.1001, time stamp: 0x58d20482
Faulting module name: OUTLOOK.EXE, version: 15.0.4919.1001, time stamp: 0x58d20482
Exception code: 0xc0000005
Fault offset: 0x008924c7
Faulting process id: 0x4c0
Faulting application start time: 0x01d33ce6647832fa
Faulting application path: C:\Program Files\Microsoft Office\Office15\OUTLOOK.EXE
Faulting module path: C:\Program Files\Microsoft Office\Office15\OUTLOOK.EXE
Report Id: 2228f8f9-a8e0-11e7-8c50-0050569f50c4"
Error,10/4/2017 3:40:36 PM,EventCreate,1,None,Application,djkvdihost249.jakarta01.com,JAKARTA01\rbagus  
Error,10/4/2017 3:39:57 PM,EventCreate,1,None,Application,djkvdihost587.jakarta01.com,JAKARTA01\handayani  
Error,10/4/2017 3:39:26 PM,EventCreate,1,None,Application,djkvdihost457.jakarta01.com,JAKARTA01\primaningtyas  
Error,10/4/2017 3:37:12 PM,EventCreate,1,None,Application,djkvdihost721.jakarta01.com,JAKARTA01\army  
Error,10/4/2017 3:36:41 PM,EventCreate,1,None,Application,djkvdihost340.jakarta01.com,JAKARTA01\hardianbp  
Error,10/4/2017 3:36:33 PM,Application Error,1000,(100),Application,djkvdihost340.jakarta01.com,"Faulting application name: PhotoScreensaver.scr, version: 6.1.7601.17514, time stamp: 0x4ce7a590
Faulting module name: SHELL32.dll, version: 6.1.7601.23537, time stamp: 0x57c450f4
Exception code: 0xc0000005
Fault offset: 0x001f269f
Faulting process id: 0x1c88
Faulting application start time: 0x01d33ce6d2cbc5cc
Faulting application path: C:\Windows\system32\PhotoScreensaver.scr
Faulting module path: C:\Windows\system32\SHELL32.dll
Report Id: 1c2ed393-a8df-11e7-959f-0050569f6d21"
Error,10/4/2017 3:32:54 PM,EventCreate,1,None,Application,djkvdihost254.jakarta01.com,JAKARTA01\gerald  
Error,10/4/2017 3:32:37 PM,EventCreate,1,None,Application,djkvdihost254.jakarta01.com,JAKARTA01\gerald  
Error,10/4/2017 3:23:06 PM,EventCreate,1,None,Application,djkvdihost665.jakarta01.com,JAKARTA01\ayu  
Error,10/4/2017 3:23:05 PM,Application Error,1000,(100),Application,djkvdihost665.jakarta01.com,"Faulting application name: WINWORD.EXE, version: 15.0.4911.1000, time stamp: 0x58a2c075
Faulting module name: wwlib.dll, version: 15.0.4911.1000, time stamp: 0x58a2c073
Exception code: 0xc0000005
Fault offset: 0x006f0ff9
Faulting process id: 0x1504
Faulting application start time: 0x01d33caceeea2587
Faulting application path: C:\Program Files\Microsoft Office\Office15\WINWORD.EXE
Faulting module path: C:\Program Files\Microsoft Office\Office15\wwlib.dll
Report Id: 3e982201-a8dd-11e7-98d5-0050569f6cce"
Error,10/4/2017 3:17:01 PM,EventCreate,1,None,Application,djkvdihost493.jakarta01.com,JAKARTA01\maria  
Error,10/4/2017 3:16:57 PM,Application Error,1000,(100),Application,djkvdihost493.jakarta01.com,"Faulting application name: OUTLOOK.EXE, version: 15.0.4919.1001, time stamp: 0x58d20482
Faulting module name: msspell7.dll, version: 15.0.4569.1503, time stamp: 0x52b0b161
Exception code: 0xc0000005
Fault offset: 0x00048ae5
Faulting process id: 0x1e84
Faulting application start time: 0x01d33cbbdc0069ad
Faulting application path: C:\Program Files\Microsoft Office\Office15\OUTLOOK.EXE
Faulting module path: C:\Program Files\Microsoft Office\Office15\PROOF\msspell7.dll
Report Id: 631acc1c-a8dc-11e7-836d-0050569f3eb6"
Error,10/4/2017 3:15:48 PM,EventCreate,1,None,Application,djkvdihost193.jakarta01.com,JAKARTA01\aditya chandra  
Error,10/4/2017 3:11:20 PM,EventCreate,1,None,Application,djkvdihost827.jakarta01.com,JAKARTA01\dini hariyani  
Error,10/4/2017 3:09:22 PM,EventCreate,1,None,Application,djkvdihost624.jakarta01.com,JAKARTA01\eddy  
Error,10/4/2017 3:09:20 PM,Application Error,1000,(100),Application,djkvdihost624.jakarta01.com,"Faulting application name: OUTLOOK.EXE, version: 15.0.4919.1001, time stamp: 0x58d20482
Faulting module name: OUTLOOK.EXE, version: 15.0.4919.1001, time stamp: 0x58d20482
Exception code: 0xc0000005
Fault offset: 0x008924c7
Faulting process id: 0x1368
Faulting application start time: 0x01d33ca532b66188
Faulting application path: C:\Program Files\Microsoft Office\Office15\OUTLOOK.EXE
Faulting module path: C:\Program Files\Microsoft Office\Office15\OUTLOOK.EXE
Report Id: 5260b844-a8db-11e7-8bc4-0050569f47f9"
Error,10/4/2017 3:08:13 PM,EventCreate,1,None,Application,djkvdihost177.jakarta01.com,JAKARTA01\evi  
Error,10/4/2017 3:08:03 PM,Application Error,1000,(100),Application,djkvdihost177.jakarta01.com,"Faulting application name: lync.exe, version: 15.0.4919.1000, time stamp: 0x58c7ab1e
Faulting module name: ntdll.dll, version: 6.1.7601.23714, time stamp: 0x58bf8774
Exception code: 0xc0000005
Fault offset: 0x00031dca
Faulting process id: 0x9dc
Faulting application start time: 0x01d33cdf1c0fff94
Faulting application path: C:\Program Files\Microsoft Office\Office15\lync.exe
Faulting module path: C:\Windows\SYSTEM32\ntdll.dll
Report Id: 24c979b6-a8db-11e7-8051-0050569f1cd2"
Error,10/4/2017 3:05:13 PM,EventCreate,1,None,Application,djkvdihost056.jakarta01.com,JAKARTA01\aria  
Error,10/4/2017 3:05:09 PM,Application Error,1000,(100),Application,djkvdihost056.jakarta01.com,"Faulting application name: EXCEL.EXE, version: 15.0.4919.1000, time stamp: 0x58c7ab0f
Faulting module name: mso.dll, version: 15.0.4919.1002, time stamp: 0x58de0799
Exception code: 0xc0000005
Fault offset: 0x00146d32
Faulting process id: 0x17e0
Faulting application start time: 0x01d33caac9e491f1
Faulting application path: C:\Program Files\Microsoft Office\Office15\EXCEL.EXE
Faulting module path: C:\Program Files\Common Files\Microsoft Shared\Office15\mso.dll
Report Id: bd454cd1-a8da-11e7-90ba-0050569f615d"
Error,10/4/2017 1:53:11 PM,EventCreate,1,None,Application,djkvdihost006.jakarta01.com,JAKARTA01\guestisd65  
Error,10/4/2017 3:00:24 PM,EventCreate,1,None,Application,djkvdihost032.jakarta01.com,JAKARTA01\driarkoro  
Error,10/4/2017 3:00:21 PM,Application Error,1000,(100),Application,djkvdihost032.jakarta01.com,"Faulting application name: PhotoScreensaver.scr, version: 6.1.7601.17514, time stamp: 0x4ce7a590
Faulting module name: SHELL32.dll, version: 6.1.7601.23537, time stamp: 0x57c450f4
Exception code: 0xc0000005
Fault offset: 0x001f269f
Faulting process id: 0x1f68
Faulting application start time: 0x01d33ce608fdf3cd
Faulting application path: C:\Windows\system32\PhotoScreensaver.scr
Faulting module path: C:\Windows\system32\SHELL32.dll
Report Id: 11445cb6-a8da-11e7-81bf-0050569f6c2d"
Error,10/4/2017 2:57:05 PM,EventCreate,1,None,Application,djkvdihost714.jakarta01.com,JAKARTA01\yenaretsa  
Error,10/4/2017 2:56:41 PM,EventCreate,1,None,Application,djkvdihost175.jakarta01.com,JAKARTA01\adityo  
Error,10/4/2017 2:57:01 PM,Application Error,1000,(100),Application,djkvdihost714.jakarta01.com,"Faulting application name: WINWORD.EXE, version: 15.0.4911.1000, time stamp: 0x58a2c075
Faulting module name: wwlib.dll, version: 15.0.4911.1000, time stamp: 0x58a2c073
Exception code: 0xc0000005
Fault offset: 0x006f0ff9
Faulting process id: 0x1d24
Faulting application start time: 0x01d33cb96e6d2524
Faulting application path: C:\Program Files\Microsoft Office\Office15\WINWORD.EXE
Faulting module path: C:\Program Files\Microsoft Office\Office15\wwlib.dll
Report Id: 9a277b2e-a8d9-11e7-8eca-0050569f6ab5"
Error,10/4/2017 2:56:38 PM,Application Error,1000,(100),Application,djkvdihost175.jakarta01.com,"Faulting application name: OUTLOOK.EXE, version: 15.0.4919.1001, time stamp: 0x58d20482
Faulting module name: OUTLOOK.EXE, version: 15.0.4919.1001, time stamp: 0x58d20482
Exception code: 0xc0000005
Fault offset: 0x008924c7
Faulting process id: 0x844
Faulting application start time: 0x01d33cac5109ba36
Faulting application path: C:\Program Files\Microsoft Office\Office15\OUTLOOK.EXE
Faulting module path: C:\Program Files\Microsoft Office\Office15\OUTLOOK.EXE
Report Id: 8c1a1392-a8d9-11e7-a6fe-0050569f7e29"
Error,10/4/2017 2:50:52 PM,EventCreate,1,None,Application,djkvdihost900.jakarta01.com,JAKARTA01\Agus Sutikno  
Error,10/4/2017 2:49:18 PM,EventCreate,1,None,Application,djkvdihost368.jakarta01.com,JAKARTA01\rasyid  
Error,10/4/2017 2:49:26 PM,EventCreate,1,None,Application,djkvdihost900.jakarta01.com,JAKARTA01\Agus Sutikno  
Error,10/4/2017 2:48:56 PM,EventCreate,1,None,Application,djkvdihost629.jakarta01.com,JAKARTA01\erikson  
Error,10/4/2017 2:49:17 PM,Application Error,1000,(100),Application,djkvdihost368.jakarta01.com,"Faulting application name: OUTLOOK.EXE, version: 15.0.4919.1001, time stamp: 0x58d20482
Faulting module name: OUTLOOK.EXE, version: 15.0.4919.1001, time stamp: 0x58d20482
Exception code: 0xc0000005
Fault offset: 0x008924c4
Faulting process id: 0x1234
Faulting application start time: 0x01d33cb70ca984fa
Faulting application path: C:\Program Files\Microsoft Office\Office15\OUTLOOK.EXE
Faulting module path: C:\Program Files\Microsoft Office\Office15\OUTLOOK.EXE
Report Id: 859530ac-a8d8-11e7-8be9-0050569f13ab"
Error,10/4/2017 2:48:53 PM,EventCreate,1,None,Application,djkvdihost629.jakarta01.com,JAKARTA01\erikson  
Error,10/4/2017 2:45:56 PM,EventCreate,1,None,Application,djkvdihost454.jakarta01.com,JAKARTA01\Dian Permata  
Error,10/4/2017 2:45:52 PM,Application Error,1000,(100),Application,djkvdihost454.jakarta01.com,"Faulting application name: OUTLOOK.EXE, version: 15.0.4919.1001, time stamp: 0x58d20482
Faulting module name: OUTLOOK.EXE, version: 15.0.4919.1001, time stamp: 0x58d20482
Exception code: 0xc0000005
Fault offset: 0x008924c7
Faulting process id: 0x1aa4
Faulting application start time: 0x01d33cb29402240f
Faulting application path: C:\Program Files\Microsoft Office\Office15\OUTLOOK.EXE
Faulting module path: C:\Program Files\Microsoft Office\Office15\OUTLOOK.EXE
Report Id: 0b43e558-a8d8-11e7-bf37-0050569f6cfe"
Error,10/4/2017 2:43:59 PM,EventCreate,1,None,Application,djkvdihost193.jakarta01.com,JAKARTA01\raymond  
Error,10/4/2017 2:41:50 PM,EventCreate,1,None,Application,djkvdihost232.jakarta01.com,JAKARTA01\femmy  
Error,10/4/2017 2:41:38 PM,Application Error,1000,(100),Application,djkvdihost232.jakarta01.com,"Faulting application name: PhotoScreensaver.scr, version: 6.1.7601.17514, time stamp: 0x4ce7a590
Faulting module name: SHELL32.dll, version: 6.1.7601.23537, time stamp: 0x57c450f4
Exception code: 0xc0000005
Fault offset: 0x001f269f
Faulting process id: 0x1b58
Faulting application start time: 0x01d33ce3afa4bc1a
Faulting application path: C:\Windows\system32\PhotoScreensaver.scr
Faulting module path: C:\Windows\system32\SHELL32.dll
Report Id: 73b9afae-a8d7-11e7-b257-0050569f48db"
Error,10/4/2017 2:38:23 PM,EventCreate,1,None,Application,djkvdihost648.jakarta01.com,JAKARTA01\JanuardiI  
Error,10/4/2017 2:36:59 PM,EventCreate,1,None,Application,djkvdihost371.jakarta01.com,JAKARTA01\EDameria  
Error,10/4/2017 2:36:56 PM,Application Error,1000,(100),Application,djkvdihost371.jakarta01.com,"Faulting application name: WINWORD.EXE, version: 15.0.4911.1000, time stamp: 0x58a2c075
Faulting module name: wwlib.dll, version: 15.0.4911.1000, time stamp: 0x58a2c073
Exception code: 0xc0000005
Fault offset: 0x006f1046
Faulting process id: 0x1d78
Faulting application start time: 0x01d33cc08821d349
Faulting application path: C:\Program Files\Microsoft Office\Office15\WINWORD.EXE
Faulting module path: C:\Program Files\Microsoft Office\Office15\wwlib.dll
Report Id: cbff6104-a8d6-11e7-bc71-0050569f69e2"
Error,10/4/2017 2:36:01 PM,EventCreate,1,None,Application,djkvdihost276.jakarta01.com,JAKARTA01\cahyaningtiyas  
Error,10/4/2017 2:35:52 PM,Application Error,1000,(100),Application,djkvdihost276.jakarta01.com,"Faulting application name: OUTLOOK.EXE, version: 15.0.4919.1001, time stamp: 0x58d20482
Faulting module name: OUTLOOK.EXE, version: 15.0.4919.1001, time stamp: 0x58d20482
Exception code: 0xc0000005
Fault offset: 0x008924c7
Faulting process id: 0x1954
Faulting application start time: 0x01d33cdf537bbef5
Faulting application path: C:\Program Files\Microsoft Office\Office15\OUTLOOK.EXE
Faulting module path: C:\Program Files\Microsoft Office\Office15\OUTLOOK.EXE
Report Id: a581c336-a8d6-11e7-b49e-0050569f2a01"
Error,10/4/2017 2:28:37 PM,EventCreate,1,None,Application,djkvdihost894.jakarta01.com,JAKARTA01\Adi Purnomo  
Error,10/4/2017 2:28:37 PM,Application Error,1000,(100),Application,djkvdihost894.jakarta01.com,"Faulting application name: OUTLOOK.EXE, version: 15.0.4927.1001, time stamp: 0x58f5f52e
Faulting module name: OUTLOOK.EXE, version: 15.0.4927.1001, time stamp: 0x58f5f52e
Exception code: 0xc0000409
Fault offset: 0x00dc3399
Faulting process id: 0x398
Faulting application start time: 0x01d33cadc2078daa
Faulting application path: C:\Program Files (x86)\Microsoft Office\Office15\OUTLOOK.EXE
Faulting module path: C:\Program Files (x86)\Microsoft Office\Office15\OUTLOOK.EXE
Report Id: a2387610-a8d5-11e7-8fb7-0050569f363b"
Error,10/4/2017 2:27:39 PM,EventCreate,1,None,Application,djkvdihost900.jakarta01.com,JAKARTA01\Agus Sutikno  
Error,10/4/2017 2:27:39 PM,Application Error,1000,(100),Application,djkvdihost900.jakarta01.com,"Faulting application name: WINWORD.EXE, version: 15.0.4927.1000, time stamp: 0x58ec834e
Faulting module name: MSVCR100.dll, version: 10.0.40219.325, time stamp: 0x4df2be1e
Exception code: 0xc0000005
Fault offset: 0x0001f1e1
Faulting process id: 0x1250
Faulting application start time: 0x01d33ce2392c0b6e
Faulting application path: C:\Program Files (x86)\Microsoft Office\Office15\WINWORD.EXE
Faulting module path: C:\Windows\system32\MSVCR100.dll
Report Id: 7fa209ae-a8d5-11e7-acf5-0050569f56e9"
Error,10/4/2017 2:23:29 PM,EventCreate,1,None,Application,djkvdihost744.jakarta01.com,JAKARTA01\lileliza  
Error,10/4/2017 2:23:23 PM,Application Error,1000,(100),Application,djkvdihost744.jakarta01.com,"Faulting application name: OUTLOOK.EXE, version: 15.0.4919.1001, time stamp: 0x58d20482
Faulting module name: OUTLOOK.EXE, version: 15.0.4919.1001, time stamp: 0x58d20482
Exception code: 0xc0000005
Fault offset: 0x008924c7
Faulting process id: 0xde8
Faulting application start time: 0x01d33cac8272f203
Faulting application path: C:\Program Files\Microsoft Office\Office15\OUTLOOK.EXE
Faulting module path: C:\Program Files\Microsoft Office\Office15\OUTLOOK.EXE
Report Id: e76a0133-a8d4-11e7-99f7-0050569f44a8"
Error,10/4/2017 2:21:17 PM,EventCreate,1,None,Application,djkvdihost665.jakarta01.com,JAKARTA01\ayu  
Error,10/4/2017 2:21:13 PM,Application Error,1000,(100),Application,djkvdihost665.jakarta01.com,"Faulting application name: OUTLOOK.EXE, version: 15.0.4919.1001, time stamp: 0x58d20482
Faulting module name: OUTLOOK.EXE, version: 15.0.4919.1001, time stamp: 0x58d20482
Exception code: 0xc0000005
Fault offset: 0x008924c4
Faulting process id: 0x1818
Faulting application start time: 0x01d33caaf4b854c7
Faulting application path: C:\Program Files\Microsoft Office\Office15\OUTLOOK.EXE
Faulting module path: C:\Program Files\Microsoft Office\Office15\OUTLOOK.EXE
Report Id: 99cf2823-a8d4-11e7-98d5-0050569f6cce"
Error,10/4/2017 2:19:42 PM,EventCreate,1,None,Application,djkvdihost224.jakarta01.com,JAKARTA01\nadhilah  
Error,10/4/2017 2:19:41 PM,Application Error,1000,(100),Application,djkvdihost224.jakarta01.com,"Faulting application name: WINWORD.EXE, version: 15.0.4911.1000, time stamp: 0x58a2c075
Faulting module name: ntdll.dll, version: 6.1.7601.23714, time stamp: 0x58bf8774
Exception code: 0xc0000005
Fault offset: 0x0005294f
Faulting process id: 0x2524
Faulting application start time: 0x01d33cdfeb84f1e0
Faulting application path: C:\Program Files\Microsoft Office\Office15\WINWORD.EXE
Faulting module path: C:\Windows\SYSTEM32\ntdll.dll
Report Id: 632e1270-a8d4-11e7-9266-0050569f7648"
Error,10/4/2017 2:16:31 PM,EventCreate,1,None,Application,djkvdihost596.jakarta01.com,JAKARTA01\juliet  
Error,10/4/2017 2:16:28 PM,Application Error,1000,(100),Application,djkvdihost596.jakarta01.com,"Faulting application name: OUTLOOK.EXE, version: 15.0.4919.1001, time stamp: 0x58d20482
Faulting module name: OUTLOOK.EXE, version: 15.0.4919.1001, time stamp: 0x58d20482
Exception code: 0xc0000005
Fault offset: 0x008924c4
Faulting process id: 0x1da0
Faulting application start time: 0x01d33cb33150843f
Faulting application path: C:\Program Files\Microsoft Office\Office15\OUTLOOK.EXE
Faulting module path: C:\Program Files\Microsoft Office\Office15\OUTLOOK.EXE
Report Id: f0068451-a8d3-11e7-940b-0050569f4085"
Error,10/4/2017 2:07:17 PM,EventCreate,1,None,Application,djkvdihost276.jakarta01.com,JAKARTA01\cahyaningtiyas  
Error,10/4/2017 2:06:37 PM,EventCreate,1,None,Application,djkvdihost249.jakarta01.com,JAKARTA01\rbagus  
Error,10/4/2017 2:06:18 PM,EventCreate,1,None,Application,djkvdihost236.jakarta01.com,JAKARTA01\Ika  
Error,10/4/2017 2:06:34 PM,Application Error,1000,(100),Application,djkvdihost249.jakarta01.com,"Faulting application name: spoolsv.exe, version: 6.1.7601.17777, time stamp: 0x4f35efc3
Faulting module name: msvcrt.dll, version: 7.0.7601.17744, time stamp: 0x4eeaf722
Exception code: 0xc0000005
Fault offset: 0x0000aa14
Faulting process id: 0x1fd4
Faulting application start time: 0x01d33cc5d3a52a77
Faulting application path: C:\Windows\System32\spoolsv.exe
Faulting module path: C:\Windows\system32\msvcrt.dll
Report Id: 8dd3dcfb-a8d2-11e7-9b89-0050569f5afa"
Error,10/4/2017 2:06:14 PM,Application Error,1000,(100),Application,djkvdihost236.jakarta01.com,"Faulting application name: WINWORD.EXE, version: 15.0.4911.1000, time stamp: 0x58a2c075
Faulting module name: wwlib.dll, version: 15.0.4911.1000, time stamp: 0x58a2c073
Exception code: 0xc0000005
Fault offset: 0x00009780
Faulting process id: 0x1e84
Faulting application start time: 0x01d33cdea5a3f494
Faulting application path: C:\Program Files\Microsoft Office\Office15\WINWORD.EXE
Faulting module path: C:\Program Files\Microsoft Office\Office15\wwlib.dll
Report Id: 822b1e3c-a8d2-11e7-96cf-0050569f4b6e"
Error,10/4/2017 2:05:54 PM,EventCreate,1,None,Application,djkvdihost276.jakarta01.com,JAKARTA01\cahyaningtiyas  
Error,10/4/2017 2:05:49 PM,EventCreate,1,None,Application,djkvdihost177.jakarta01.com,JAKARTA01\evi  
Error,10/4/2017 2:02:02 PM,EventCreate,1,None,Application,djkvdihost072.jakarta01.com,JAKARTA01\Puspa  
Error,10/4/2017 2:01:58 PM,Application Error,1000,(100),Application,djkvdihost072.jakarta01.com,"Faulting application name: OUTLOOK.EXE, version: 15.0.4919.1001, time stamp: 0x58d20482
Faulting module name: OUTLOOK.EXE, version: 15.0.4919.1001, time stamp: 0x58d20482
Exception code: 0xc0000005
Fault offset: 0x008924c4
Faulting process id: 0x1e48
Faulting application start time: 0x01d33cabef60ac62
Faulting application path: C:\Program Files\Microsoft Office\Office15\OUTLOOK.EXE
Faulting module path: C:\Program Files\Microsoft Office\Office15\OUTLOOK.EXE
Report Id: e95b515b-a8d1-11e7-9479-0050569f66d5"
Error,10/4/2017 1:59:29 PM,EventCreate,1,None,Application,djkvdihost356.jakarta01.com,JAKARTA01\jidromann  
Error,10/4/2017 1:59:25 PM,Application Error,1000,(100),Application,djkvdihost356.jakarta01.com,"Faulting application name: OUTLOOK.EXE, version: 15.0.4919.1001, time stamp: 0x58d20482
Faulting module name: OUTLOOK.EXE, version: 15.0.4919.1001, time stamp: 0x58d20482
Exception code: 0xc0000005
Fault offset: 0x008924c4
Faulting process id: 0x16fc
Faulting application start time: 0x01d33cb324332e5e
Faulting application path: C:\Program Files\Microsoft Office\Office15\OUTLOOK.EXE
Faulting module path: C:\Program Files\Microsoft Office\Office15\OUTLOOK.EXE
Report Id: 8e62c947-a8d1-11e7-87b8-0050569f6b07"
Error,10/4/2017 1:58:11 PM,EventCreate,1,None,Application,djkvdihost820.jakarta01.com,JAKARTA01\yosiakarta  
Error,10/4/2017 1:53:16 PM,EventCreate,1,None,Application,djkvdihost724.jakarta01.com,JAKARTA01\pratiwi  
Error,10/4/2017 1:53:11 PM,Application Error,1000,(100),Application,djkvdihost724.jakarta01.com,"Faulting application name: Ssms.exe, version: 2009.100.1600.1, time stamp: 0x4bb679e7
Faulting module name: msenv.dll, version: 8.0.50727.1826, time stamp: 0x480d6b43
Exception code: 0xc0000006
Fault offset: 0x0053c02c
Faulting process id: 0x%9
Faulting application start time: 0x%10
Faulting application path: %11
Faulting module path: %12
Report Id: %13"
Error,10/4/2017 1:52:15 PM,EventCreate,1,None,Application,djkvdihost227.jakarta01.com,JAKARTA01\ng ryan  
Error,10/4/2017 1:52:07 PM,EventCreate,1,None,Application,djkvdihost227.jakarta01.com,JAKARTA01\ng ryan  
Error,10/4/2017 1:49:47 PM,EventCreate,1,None,Application,djkvdihost409.jakarta01.com,JAKARTA01\ng ryan  
Error,10/4/2017 1:49:04 PM,EventCreate,1,None,Application,djkvdihost171.jakarta01.com,JAKARTA01\dolly  
Error,10/4/2017 1:49:00 PM,Application Error,1000,(100),Application,djkvdihost171.jakarta01.com,"Faulting application name: CWBTF.EXE, version: 12.0.0.1, time stamp: 0x483cc594
Faulting module name: CwbTFDlg.dll, version: 12.0.0.1, time stamp: 0x486087c2
Exception code: 0xc0000005
Fault offset: 0x00018766
Faulting process id: 0x1cc4
Faulting application start time: 0x01d33cb2fd787be2
Faulting application path: C:\Program Files\IBM\Client Access\CWBTF.EXE
Faulting module path: C:\Windows\system32\CwbTFDlg.dll
Report Id: 19c07d45-a8d0-11e7-a4c7-0050569f63e9"
Error,10/4/2017 1:42:00 PM,EventCreate,1,None,Application,djkvdihost343.jakarta01.com,JAKARTA01\fajar  
Error,10/4/2017 1:41:59 PM,Application Error,1000,(100),Application,djkvdihost343.jakarta01.com,"Faulting application name: OUTLOOK.EXE, version: 15.0.4919.1001, time stamp: 0x58d20482
Faulting module name: OUTLOOK.EXE, version: 15.0.4919.1001, time stamp: 0x58d20482
Exception code: 0xc0000005
Fault offset: 0x008924c7
Faulting process id: 0x1838
Faulting application start time: 0x01d33cac2a0b51ad
Faulting application path: C:\Program Files\Microsoft Office\Office15\OUTLOOK.EXE
Faulting module path: C:\Program Files\Microsoft Office\Office15\OUTLOOK.EXE
Report Id: 1ef102cc-a8cf-11e7-866f-0050569f2873"
Error,10/4/2017 1:33:39 PM,EventCreate,1,None,Application,djkvdihost190.jakarta01.com,JAKARTA01\andre cahyono  
Error,10/4/2017 1:33:31 PM,Application Error,1000,(100),Application,djkvdihost190.jakarta01.com,"Faulting application name: EXCEL.EXE, version: 15.0.4919.1000, time stamp: 0x58c7ab0f
Faulting module name: MSVCR100.dll, version: 10.0.40219.325, time stamp: 0x4df2be1e
Exception code: 0xc0000005
Fault offset: 0x00001f78
Faulting process id: 0x1990
Faulting application start time: 0x01d33cc697f2384d
Faulting application path: C:\Program Files\Microsoft Office\Office15\EXCEL.EXE
Faulting module path: C:\Windows\system32\MSVCR100.dll
Report Id: f0099e72-a8cd-11e7-8b45-0050569f4ecc"
Error,10/4/2017 1:31:23 PM,EventCreate,1,None,Application,djkvdihost763.jakarta01.com,JAKARTA01\Rio  
Error,10/4/2017 1:31:20 PM,Application Error,1000,(100),Application,djkvdihost763.jakarta01.com,"Faulting application name: PhotoScreensaver.scr, version: 6.1.7601.17514, time stamp: 0x4ce7a590
Faulting module name: SHELL32.dll, version: 6.1.7601.23537, time stamp: 0x57c450f4
Exception code: 0xc0000005
Fault offset: 0x001f269f
Faulting process id: 0x2160
Faulting application start time: 0x01d33ccb15b3df74
Faulting application path: C:\Windows\system32\PhotoScreensaver.scr
Faulting module path: C:\Windows\system32\SHELL32.dll
Report Id: a193690c-a8cd-11e7-be21-0050569f04bf"
Error,10/4/2017 1:26:16 PM,EventCreate,1,None,Application,djkvdihost628.jakarta01.com,JAKARTA01\ayuningtias  
Error,10/4/2017 1:26:16 PM,Application Error,1000,(100),Application,djkvdihost628.jakarta01.com,"Faulting application name: EXCEL.EXE, version: 11.0.8404.0, time stamp: 0x51a52fcb
Faulting module name: EXCEL.EXE, version: 11.0.8404.0, time stamp: 0x51a52fcb
Exception code: 0xc0000005
Fault offset: 0x00462b27
Faulting process id: 0x1b68
Faulting application start time: 0x01d33cd933e1ea69
Faulting application path: C:\Program Files\Microsoft Office\OFFICE11\EXCEL.EXE
Faulting module path: C:\Program Files\Microsoft Office\OFFICE11\EXCEL.EXE
Report Id: ec846753-a8cc-11e7-82ab-0050569f189f"
Error,10/4/2017 1:25:42 PM,EventCreate,1,None,Application,djkvdihost789.jakarta01.com,JAKARTA01\Chinthea  
Error,10/4/2017 1:25:41 PM,Application Error,1000,(100),Application,djkvdihost789.jakarta01.com,"Faulting application name: OUTLOOK.EXE, version: 15.0.4919.1001, time stamp: 0x58d20482
Faulting module name: OUTLOOK.EXE, version: 15.0.4919.1001, time stamp: 0x58d20482
Exception code: 0xc0000005
Fault offset: 0x008924c4
Faulting process id: 0x6d4
Faulting application start time: 0x01d33cafddc4b439
Faulting application path: C:\Program Files\Microsoft Office\Office15\OUTLOOK.EXE
Faulting module path: C:\Program Files\Microsoft Office\Office15\OUTLOOK.EXE
Report Id: d8072715-a8cc-11e7-9f7b-0050569f59cf"
Error,10/4/2017 1:25:18 PM,EventCreate,1,None,Application,djkvdihost314.jakarta01.com,JAKARTA01\nirliani  
Error,10/4/2017 1:22:27 PM,EventCreate,1,None,Application,djkvdihost431.jakarta01.com,JAKARTA01\guestisd55  
Error,10/4/2017 1:19:55 PM,EventCreate,1,None,Application,djkvdihost398.jakarta01.com,JAKARTA01\guestISD57  
Error,10/4/2017 1:15:50 PM,EventCreate,1,None,Application,djkvdihost567.jakarta01.com,JAKARTA01\aulya  
Error,10/4/2017 1:15:50 PM,Application Error,1000,(100),Application,djkvdihost567.jakarta01.com,"Faulting application name: OUTLOOK.EXE, version: 15.0.4919.1001, time stamp: 0x58d20482
Faulting module name: OUTLOOK.EXE, version: 15.0.4919.1001, time stamp: 0x58d20482
Exception code: 0xc0000005
Fault offset: 0x008924c4
Faulting process id: 0x3ac
Faulting application start time: 0x01d33cd04004165f
Faulting application path: C:\Program Files\Microsoft Office\Office15\OUTLOOK.EXE
Faulting module path: C:\Program Files\Microsoft Office\Office15\OUTLOOK.EXE
Report Id: 7774b44d-a8cb-11e7-a933-0050569f30ec"
Error,10/4/2017 1:01:31 PM,EventCreate,1,None,Application,djkvdihost600.jakarta01.com,JAKARTA01\haryadi  
Error,10/4/2017 1:01:21 PM,EventCreate,1,None,Application,djkvdihost600.jakarta01.com,JAKARTA01\haryadi  
Error,10/4/2017 12:58:42 PM,EventCreate,1,None,Application,djkvdihost577.jakarta01.com,JAKARTA01\tantri  
Error,10/4/2017 12:58:42 PM,Application Error,1000,(100),Application,djkvdihost577.jakarta01.com,"Faulting application name: EXCEL.EXE, version: 15.0.4919.1000, time stamp: 0x58c7ab0f
Faulting module name: unknown, version: 0.0.0.0, time stamp: 0x00000000
Exception code: 0xc0000005
Fault offset: 0xe9589946
Faulting process id: 0x1de0
Faulting application start time: 0x01d33caf3f968536
Faulting application path: C:\Program Files\Microsoft Office\Office15\EXCEL.EXE
Faulting module path: unknown
Report Id: 127e9caa-a8c9-11e7-8a04-0050569f73eb"
Error,10/4/2017 12:55:59 PM,EventCreate,1,None,Application,djkvdihost565.jakarta01.com,JAKARTA01\faiqa  
Error,10/4/2017 12:55:58 PM,Application Error,1000,(100),Application,djkvdihost565.jakarta01.com,"Faulting application name: OUTLOOK.EXE, version: 15.0.4919.1001, time stamp: 0x58d20482
Faulting module name: OUTLOOK.EXE, version: 15.0.4919.1001, time stamp: 0x58d20482
Exception code: 0xc0000005
Fault offset: 0x008924c4
Faulting process id: 0xb90
Faulting application start time: 0x01d33ca1dc6960c8
Faulting application path: C:\Program Files\Microsoft Office\Office15\OUTLOOK.EXE
Faulting module path: C:\Program Files\Microsoft Office\Office15\OUTLOOK.EXE
Report Id: b131f898-a8c8-11e7-9578-0050569f025c"
Error,10/4/2017 12:50:56 PM,EventCreate,1,None,Application,djkvdihost323.jakarta01.com,JAKARTA01\augtiaji  
Error,10/4/2017 12:50:49 PM,Application Error,1000,(100),Application,djkvdihost323.jakarta01.com,"Faulting application name: spoolsv.exe, version: 6.1.7601.17777, time stamp: 0x4f35efc3
Faulting module name: msvcrt.dll, version: 7.0.7601.17744, time stamp: 0x4eeaf722
Exception code: 0xc0000005
Fault offset: 0x0000aa14
Faulting process id: 0x62c
Faulting application start time: 0x01d33c33063d2134
Faulting application path: C:\Windows\System32\spoolsv.exe
Faulting module path: C:\Windows\system32\msvcrt.dll
Report Id: f8c1def9-a8c7-11e7-9b02-0050569f6910"
Error,10/4/2017 12:50:07 PM,EventCreate,1,None,Application,djkvdihost337.jakarta01.com,JAKARTA01\wang  
Error,10/4/2017 12:49:43 PM,EventCreate,1,None,Application,djkvdihost337.jakarta01.com,JAKARTA01\wang  
