Error,10/5/2017 8:10,EventCreate,1,None,Application,djkvdihost607.jakarta01.com,JAKARTA01\puty  
Error,10/5/2017 8:09,EventCreate,1,None,Application,djkvdihost425.jakarta01.com,JAKARTA01\elvina  
Error,10/5/2017 8:09,EventCreate,1,None,Application,djkvdihost170.jakarta01.com,JAKARTA01\nadea  
Error,10/5/2017 8:09,EventCreate,1,None,Application,djkvdihost339.jakarta01.com,JAKARTA01\amanda  
Error,10/5/2017 8:09,EventCreate,1,None,Application,djkvdihost443.jakarta01.com,JAKARTA01\lisa  
Error,10/5/2017 8:09,EventCreate,1,None,Application,djkvdihost646.jakarta01.com,JAKARTA01\rininta  
Error,10/5/2017 8:09,EventCreate,1,None,Application,djkvdihost753.jakarta01.com,JAKARTA01\jati  
Error,10/5/2017 8:09,EventCreate,1,None,Application,djkvdihost156.jakarta01.com,JAKARTA01\nirliani  
Error,10/5/2017 8:09,EventCreate,1,None,Application,djkvdihost145.jakarta01.com,JAKARTA01\Damal  
Error,10/5/2017 8:09,EventCreate,1,None,Application,djkvdihost808.jakarta01.com,JAKARTA01\Anton 2  
Error,10/5/2017 8:09,EventCreate,1,None,Application,djkvdihost443.jakarta01.com,JAKARTA01\lisa  
Error,10/5/2017 8:09,EventCreate,1,None,Application,djkvdihost200.jakarta01.com,JAKARTA01\eriku  
Error,10/5/2017 8:09,EventCreate,1,None,Application,djkvdihost151.jakarta01.com,JAKARTA01\GUESTISD32  
Error,10/5/2017 8:09,EventCreate,1,None,Application,djkvdihost508.jakarta01.com,JAKARTA01\rahayu  
Error,10/5/2017 8:09,EventCreate,1,None,Application,djkvdihost111.jakarta01.com,JAKARTA01\giandripn  
Error,10/5/2017 8:08,WSH,1,None,Application,djkvdihost808.jakarta01.com,"CN=Anton Anton password will expire in 4 day(s) at 10/9/2017 8:15:09 AM

Press CTRL + ALT + DEL and select the ""Change a password"" option."
Error,10/5/2017 8:08,EventCreate,1,None,Application,djkvdihost605.jakarta01.com,JAKARTA01\M Said  
Error,10/5/2017 8:08,EventCreate,1,None,Application,djkvdihost747.jakarta01.com,JAKARTA01\widiana  
Error,10/5/2017 8:08,EventCreate,1,None,Application,djkvdihost339.jakarta01.com,JAKARTA01\amanda  
Error,10/5/2017 8:08,EventCreate,1,None,Application,djkvdihost698.jakarta01.com,JAKARTA01\Darmawati  
Error,10/5/2017 8:08,EventCreate,1,None,Application,djkvdihost017.jakarta01.com,JAKARTA01\linda  
Error,10/5/2017 8:07,EventCreate,1,None,Application,djkvdihost346.jakarta01.com,JAKARTA01\enrikko  
Error,10/5/2017 8:07,EventCreate,1,None,Application,djkvdihost121.jakarta01.com,JAKARTA01\iqbal  
Error,10/5/2017 8:08,WSH,1,None,Application,djkvdihost808.jakarta01.com,"CN=Anton Anton password will expire in 4 day(s) at 10/9/2017 8:15:09 AM

Press CTRL + ALT + DEL and select the ""Change a password"" option."
Error,10/5/2017 8:08,EventCreate,1,None,Application,djkvdihost605.jakarta01.com,JAKARTA01\M Said  
Error,10/5/2017 8:07,EventCreate,1,None,Application,djkvdihost135.jakarta01.com,JAKARTA01\samsul  
Error,10/5/2017 8:07,Application Error,1000,-100,Application,djkvdihost135.jakarta01.com,"Faulting application name: spoolsv.exe, version: 6.1.7601.17777, time stamp: 0x4f35efc3
Faulting module name: msvcrt.dll, version: 7.0.7601.17744, time stamp: 0x4eeaf722
Exception code: 0xc0000005
Fault offset: 0x0000aa14
Faulting process id: 0x638
Faulting application start time: 0x01d33cff545d7d69
Faulting application path: C:\Windows\System32\spoolsv.exe
Faulting module path: C:\Windows\system32\msvcrt.dll
Report Id: 9435f506-a969-11e7-ad39-0050569f64d7"
Error,10/5/2017 8:08,EventCreate,1,None,Application,djkvdihost744.jakarta01.com,JAKARTA01\georgedk  
Error,10/5/2017 8:07,EventCreate,1,None,Application,djkvdihost282.jakarta01.com,JAKARTA01\sari  
Error,10/5/2017 8:07,Application Error,1000,-100,Application,djkvdihost346.jakarta01.com,"Faulting application name: spoolsv.exe, version: 6.1.7601.17777, time stamp: 0x4f35efc3
Faulting module name: msvcrt.dll, version: 7.0.7601.17744, time stamp: 0x4eeaf722
Exception code: 0xc0000005
Fault offset: 0x0000aa14
Faulting process id: 0x630
Faulting application start time: 0x01d33cf89ea6bfbe
Faulting application path: C:\Windows\System32\spoolsv.exe
Faulting module path: C:\Windows\system32\msvcrt.dll
Report Id: 997480c1-a969-11e7-9db0-0050569f7fe8"
Error,10/5/2017 8:07,EventCreate,1,None,Application,djkvdihost135.jakarta01.com,JAKARTA01\samsul  
Error,10/5/2017 8:07,EventCreate,1,None,Application,djkvdihost297.jakarta01.com,JAKARTA01\Aisyah  
Error,10/5/2017 8:07,EventCreate,1,None,Application,djkvdihost220.jakarta01.com,JAKARTA01\Darmi  
Error,10/5/2017 8:07,EventCreate,1,None,Application,djkvdihost197.jakarta01.com,JAKARTA01\indra jayadi  
Error,10/5/2017 8:07,EventCreate,1,None,Application,djkvdihost507.jakarta01.com,JAKARTA01\AULIASA  
Error,10/5/2017 8:07,EventCreate,1,None,Application,djkvdihost072.jakarta01.com,JAKARTA01\fediana  
Error,10/5/2017 8:07,EventCreate,1,None,Application,djkvdihost020.jakarta01.com,JAKARTA01\rizal  
Error,10/5/2017 8:06,EventCreate,1,None,Application,djkvdihost196.jakarta01.com,JAKARTA01\Fardhady  
Error,10/5/2017 8:07,EventCreate,1,None,Application,djkvdihost574.jakarta01.com,JAKARTA01\Anton  
Error,10/5/2017 8:07,EventCreate,1,None,Application,djkvdihost816.jakarta01.com,JAKARTA01\ahmad  
Error,10/5/2017 8:06,EventCreate,1,None,Application,djkvdihost632.jakarta01.com,JAKARTA01\Thalia  
Error,10/5/2017 8:06,EventCreate,1,None,Application,djkvdihost136.jakarta01.com,JAKARTA01\Anton 2  
Error,10/5/2017 8:06,EventCreate,1,None,Application,djkvdihost398.jakarta01.com,JAKARTA01\Jauw  
Error,10/5/2017 8:06,EventCreate,1,None,Application,djkvdihost297.jakarta01.com,JAKARTA01\Aisyah  
Error,10/5/2017 8:06,EventCreate,1,None,Application,djkvdihost047.jakarta01.com,JAKARTA01\Dwita  
Error,10/5/2017 8:06,EventCreate,1,None,Application,djkvdihost426.jakarta01.com,JAKARTA01\GuestISD43  
Error,10/5/2017 8:06,EventCreate,1,None,Application,djkvdihost663.jakarta01.com,JAKARTA01\victoria  
Error,10/5/2017 8:06,EventCreate,1,None,Application,djkvdihost663.jakarta01.com,JAKARTA01\victoria  
Error,10/5/2017 8:06,EventCreate,1,None,Application,djkvdihost663.jakarta01.com,JAKARTA01\victoria  
Error,10/5/2017 8:06,EventCreate,1,None,Application,djkvdihost184.jakarta01.com,JAKARTA01\augtiaji  
Error,10/5/2017 8:06,EventCreate,1,None,Application,djkvdihost006.jakarta01.com,JAKARTA01\Fitri Nawawi  
Error,10/5/2017 8:05,WSH,1,None,Application,djkvdihost136.jakarta01.com,"CN=Anton Anton password will expire in 4 day(s) at 10/9/2017 8:15:09 AM

Press CTRL + ALT + DEL and select the ""Change a password"" option."
Error,10/5/2017 8:06,EventCreate,1,None,Application,djkvdihost322.jakarta01.com,JAKARTA01\prakasa  
Error,10/5/2017 8:06,EventCreate,1,None,Application,djkvdihost196.jakarta01.com,JAKARTA01\Fardhady  
Error,10/5/2017 8:06,Application Error,1000,-100,Application,djkvdihost632.jakarta01.com,"Faulting application name: spoolsv.exe, version: 6.1.7601.17777, time stamp: 0x4f35efc3
Faulting module name: msvcrt.dll, version: 7.0.7601.17744, time stamp: 0x4eeaf722
Exception code: 0xc0000005
Fault offset: 0x0000aa14
Faulting process id: 0x63c
Faulting application start time: 0x01d33d01ae65f89d
Faulting application path: C:\Windows\System32\spoolsv.exe
Faulting module path: C:\Windows\system32\msvcrt.dll
Report Id: 665cf5b2-a969-11e7-aa64-0050569f16af"
Error,10/5/2017 8:06,EventCreate,1,None,Application,djkvdihost832.jakarta01.com,JAKARTA01\novianti  
Error,10/5/2017 8:05,EventCreate,1,None,Application,djkvdihost158.jakarta01.com,JAKARTA01\ni ketut  
Error,10/5/2017 8:06,EventCreate,1,None,Application,djkvdihost768.jakarta01.com,JAKARTA01\evi  
Error,10/5/2017 8:05,EventCreate,1,None,Application,djkvdihost663.jakarta01.com,JAKARTA01\victoria  
Error,10/5/2017 8:05,WSH,1,None,Application,djkvdihost136.jakarta01.com,"CN=Anton Anton password will expire in 4 day(s) at 10/9/2017 8:15:09 AM

Press CTRL + ALT + DEL and select the ""Change a password"" option."
Error,10/5/2017 8:05,EventCreate,1,None,Application,djkvdihost615.jakarta01.com,JAKARTA01\priscilla  
Error,10/5/2017 8:05,EventCreate,1,None,Application,djkvdihost760.jakarta01.com,JAKARTA01\adityo  
Error,10/5/2017 8:05,EventCreate,1,None,Application,djkvdihost173.jakarta01.com,JAKARTA01\wulan  
Error,10/5/2017 8:05,EventCreate,1,None,Application,djkvdihost671.jakarta01.com,JAKARTA01\melani  
Error,10/5/2017 8:05,EventCreate,1,None,Application,djkvdihost703.jakarta01.com,JAKARTA01\lieke  
Error,10/5/2017 8:05,EventCreate,1,None,Application,djkvdihost807.jakarta01.com,JAKARTA01\adiyanti  
Error,10/5/2017 8:05,EventCreate,1,None,Application,djkvdihost831.jakarta01.com,JAKARTA01\syifa  
Error,10/5/2017 8:05,EventCreate,1,None,Application,djkvdihost007.jakarta01.com,JAKARTA01\Hasna  
Error,10/5/2017 8:05,EventCreate,1,None,Application,djkvdihost158.jakarta01.com,JAKARTA01\ni ketut  
Error,10/5/2017 8:05,EventCreate,1,None,Application,djkvdihost162.jakarta01.com,JAKARTA01\astio  
Error,10/5/2017 8:04,WSH,1,None,Application,djkvdihost703.jakarta01.com,"CN=Lieke password will expire in 4 day(s) at 10/9/2017 7:14:13 AM

Press CTRL + ALT + DEL and select the ""Change a password"" option."
Error,10/5/2017 8:04,EventCreate,1,None,Application,djkvdihost460.jakarta01.com,JAKARTA01\muammar  
Error,10/5/2017 8:04,EventCreate,1,None,Application,djkvdihost658.jakarta01.com,JAKARTA01\anissa  
Error,10/5/2017 8:04,EventCreate,1,None,Application,djkvdihost318.jakarta01.com,JAKARTA01\tri wahyu  
Error,10/5/2017 8:04,WSH,1,None,Application,djkvdihost703.jakarta01.com,"CN=Lieke password will expire in 4 day(s) at 10/9/2017 7:14:13 AM

Press CTRL + ALT + DEL and select the ""Change a password"" option."
Error,10/5/2017 8:04,EventCreate,1,None,Application,djkvdihost242.jakarta01.com,JAKARTA01\driarkoro  
Error,10/5/2017 8:04,EventCreate,1,None,Application,djkvdihost050.jakarta01.com,JAKARTA01\Helena  
Error,10/5/2017 8:04,EventCreate,1,None,Application,djkvdihost260.jakarta01.com,JAKARTA01\karen  
Error,10/5/2017 8:04,EventCreate,1,None,Application,djkvdihost557.jakarta01.com,JAKARTA01\Chairul  
Error,10/5/2017 8:03,Application Error,1000,-100,Application,djkvdihost260.jakarta01.com,"Faulting application name: spoolsv.exe, version: 6.1.7601.17777, time stamp: 0x4f35efc3
Faulting module name: msvcrt.dll, version: 7.0.7601.17744, time stamp: 0x4eeaf722
Exception code: 0xc0000005
Fault offset: 0x0000aa14
Faulting process id: 0x630
Faulting application start time: 0x01d33ce40b958c24
Faulting application path: C:\Windows\System32\spoolsv.exe
Faulting module path: C:\Windows\system32\msvcrt.dll
Report Id: 109b54a5-a969-11e7-9091-0050569f3343"
Error,10/5/2017 8:03,EventCreate,1,None,Application,djkvdihost418.jakarta01.com,JAKARTA01\subhan  
Error,10/5/2017 8:03,EventCreate,1,None,Application,djkvdihost427.jakarta01.com,JAKARTA01\Siti Atikah  
Error,10/5/2017 8:03,EventCreate,1,None,Application,djkvdihost830.jakarta01.com,JAKARTA01\evrizon  
Error,10/5/2017 8:03,EventCreate,1,None,Application,djkvdihost536.jakarta01.com,JAKARTA01\Arlyne  
Error,10/5/2017 8:03,EventCreate,1,None,Application,djkvdihost530.jakarta01.com,JAKARTA01\Ahmad Hidayat  
Error,10/5/2017 8:03,EventCreate,1,None,Application,djkvdihost281.jakarta01.com,JAKARTA01\eriksetiawan  
Error,10/5/2017 8:03,EventCreate,1,None,Application,djkvdihost271.jakarta01.com,JAKARTA01\Ade k  
Error,10/5/2017 8:03,EventCreate,1,None,Application,djkvdihost639.jakarta01.com,JAKARTA01\mega  
Error,10/5/2017 8:03,EventCreate,1,None,Application,djkvdihost498.jakarta01.com,JAKARTA01\ailsa  
Error,10/5/2017 8:03,EventCreate,1,None,Application,djkvdihost817.jakarta01.com,JAKARTA01\Tyas  
Error,10/5/2017 8:03,EventCreate,1,None,Application,djkvdihost392.jakarta01.com,JAKARTA01\dyah alit  
Error,10/5/2017 8:03,EventCreate,1,None,Application,djkvdihost349.jakarta01.com,JAKARTA01\alifah  
Error,10/5/2017 8:02,EventCreate,1,None,Application,djkvdihost467.jakarta01.com,JAKARTA01\achmadr  
Error,10/5/2017 8:02,EventCreate,1,None,Application,djkvdihost585.jakarta01.com,JAKARTA01\Yonanda  
Error,10/5/2017 8:02,EventCreate,1,None,Application,djkvdihost717.jakarta01.com,JAKARTA01\vanya  
Error,10/5/2017 8:02,EventCreate,1,None,Application,djkvdihost177.jakarta01.com,JAKARTA01\gian  
Error,10/5/2017 8:02,EventCreate,1,None,Application,djkvdihost495.jakarta01.com,JAKARTA01\phia  
Error,10/5/2017 8:02,EventCreate,1,None,Application,djkvdihost255.jakarta01.com,JAKARTA01\lucky  
Error,10/5/2017 8:02,EventCreate,1,None,Application,djkvdihost619.jakarta01.com,JAKARTA01\idams  
Error,10/5/2017 8:02,EventCreate,1,None,Application,djkvdihost060.jakarta01.com,JAKARTA01\Yunita2  
Error,10/5/2017 8:02,EventCreate,1,None,Application,djkvdihost155.jakarta01.com,JAKARTA01\eriks  
Error,10/5/2017 8:02,EventCreate,1,None,Application,djkvdihost820.jakarta01.com,JAKARTA01\ng ryan  
Error,10/5/2017 8:02,EventCreate,1,None,Application,djkvdihost681.jakarta01.com,JAKARTA01\daniel chin  
Error,10/5/2017 8:02,EventCreate,1,None,Application,djkvdihost228.jakarta01.com,JAKARTA01\indrak  
Error,10/5/2017 8:02,EventCreate,1,None,Application,djkvdihost284.jakarta01.com,JAKARTA01\bellaisya  
Error,10/5/2017 8:02,EventCreate,1,None,Application,djkvdihost310.jakarta01.com,JAKARTA01\dadi  
Error,10/5/2017 8:02,EventCreate,1,None,Application,djkvdihost741.jakarta01.com,JAKARTA01\bella  
Error,10/5/2017 8:02,EventCreate,1,None,Application,djkvdihost031.jakarta01.com,JAKARTA01\lileliza  
Error,10/5/2017 8:01,EventCreate,1,None,Application,djkvdihost782.jakarta01.com,JAKARTA01\nora  
Error,10/5/2017 8:01,EventCreate,1,None,Application,djkvdihost643.jakarta01.com,JAKARTA01\samekto  
Error,10/5/2017 8:01,EventCreate,1,None,Application,djkvdihost087.jakarta01.com,JAKARTA01\Listya  
Error,10/5/2017 8:01,EventCreate,1,None,Application,djkvdihost725.jakarta01.com,JAKARTA01\m iqbal  
Error,10/5/2017 8:01,EventCreate,1,None,Application,djkvdihost022.jakarta01.com,JAKARTA01\Risqia  
Error,10/5/2017 8:01,EventCreate,1,None,Application,djkvdihost633.jakarta01.com,JAKARTA01\Bambang  
Error,10/5/2017 8:01,EventCreate,1,None,Application,djkvdihost099.jakarta01.com,JAKARTA01\yoga  
Error,10/5/2017 8:01,EventCreate,1,None,Application,djkvdihost501.jakarta01.com,JAKARTA01\Lordy  
Error,10/5/2017 8:01,EventCreate,1,None,Application,djkvdihost493.jakarta01.com,JAKARTA01\meva  
Error,10/5/2017 8:00,EventCreate,1,None,Application,djkvdihost192.jakarta01.com,JAKARTA01\Eny Masruroh  
Error,10/5/2017 8:00,Application Error,1000,-100,Application,djkvdihost192.jakarta01.com,"Faulting application name: spoolsv.exe, version: 6.1.7601.17777, time stamp: 0x4f35efc3
Faulting module name: msvcrt.dll, version: 7.0.7601.17744, time stamp: 0x4eeaf722
Exception code: 0xc0000005
Fault offset: 0x0000aa14
Faulting process id: 0x634
Faulting application start time: 0x01d33d082394b1f4
Faulting application path: C:\Windows\System32\spoolsv.exe
Faulting module path: C:\Windows\system32\msvcrt.dll
Report Id: 955d519a-a968-11e7-b6a2-0050569f1891"
Error,10/5/2017 8:01,EventCreate,1,None,Application,djkvdihost034.jakarta01.com,JAKARTA01\Latiefah  
Error,10/5/2017 8:00,EventCreate,1,None,Application,djkvdihost350.jakarta01.com,JAKARTA01\nadya  
Error,10/5/2017 8:00,EventCreate,1,None,Application,djkvdihost714.jakarta01.com,JAKARTA01\hafiah  
Error,10/5/2017 8:00,EventCreate,1,None,Application,djkvdihost361.jakarta01.com,JAKARTA01\Rizky Anggari  
Error,10/5/2017 8:00,EventCreate,1,None,Application,djkvdihost902.jakarta01.com,JAKARTA01\matthew  
Error,10/5/2017 8:00,EventCreate,1,None,Application,djkvdihost506.jakarta01.com,JAKARTA01\reza  
Error,10/5/2017 8:00,EventCreate,1,None,Application,djkvdihost365.jakarta01.com,JAKARTA01\supris  
Error,10/5/2017 8:00,EventCreate,1,None,Application,djkvdihost583.jakarta01.com,JAKARTA01\zulkarnaena  
Error,10/5/2017 8:00,EventCreate,1,None,Application,djkvdihost556.jakarta01.com,JAKARTA01\Widi Anggraeni  
Error,10/5/2017 8:00,EventCreate,1,None,Application,djkvdihost470.jakarta01.com,JAKARTA01\Hadi  
Error,10/5/2017 8:00,EventCreate,1,None,Application,djkvdihost048.jakarta01.com,JAKARTA01\clarissa  
Error,10/5/2017 8:00,EventCreate,1,None,Application,djkvdihost675.jakarta01.com,JAKARTA01\sandrase  
Error,10/5/2017 7:59,EventCreate,1,None,Application,djkvdihost351.jakarta01.com,JAKARTA01\Guestisd37  
Error,10/5/2017 7:59,EventCreate,1,None,Application,djkvdihost410.jakarta01.com,JAKARTA01\BERNARDUS  
Error,10/5/2017 7:59,EventCreate,1,None,Application,djkvdihost481.jakarta01.com,JAKARTA01\hanna  
Error,10/5/2017 7:59,EventCreate,1,None,Application,djkvdihost131.jakarta01.com,JAKARTA01\jeffry  
Error,10/5/2017 7:59,EventCreate,1,None,Application,djkvdihost472.jakarta01.com,JAKARTA01\puri  
Error,10/5/2017 7:59,EventCreate,1,None,Application,djkvdihost656.jakarta01.com,JAKARTA01\chandra  
Error,10/5/2017 7:59,EventCreate,1,None,Application,djkvdihost479.jakarta01.com,JAKARTA01\sysdovs01  
Error,10/5/2017 7:59,EventCreate,1,None,Application,djkvdihost248.jakarta01.com,JAKARTA01\dananwst  
Error,10/5/2017 7:58,EventCreate,1,None,Application,djkvdihost720.jakarta01.com,JAKARTA01\fajar  
Error,10/5/2017 7:58,EventCreate,1,None,Application,djkvdihost376.jakarta01.com,JAKARTA01\Mustikawati  
Error,10/5/2017 7:58,EventCreate,1,None,Application,djkvdihost126.jakarta01.com,JAKARTA01\angga  
Error,10/5/2017 7:58,EventCreate,1,None,Application,djkvdihost116.jakarta01.com,JAKARTA01\fahrul  
Error,10/5/2017 7:58,EventCreate,1,None,Application,djkvdihost274.jakarta01.com,JAKARTA01\dimas  
Error,10/5/2017 7:58,EventCreate,1,None,Application,djkvdihost411.jakarta01.com,JAKARTA01\andrewrs  
Error,10/5/2017 7:58,EventCreate,1,None,Application,djkvdihost442.jakarta01.com,JAKARTA01\yulia rifanda  
Error,10/5/2017 7:58,EventCreate,1,None,Application,djkvdihost094.jakarta01.com,JAKARTA01\belly  
Error,10/5/2017 7:58,EventCreate,1,None,Application,djkvdihost785.jakarta01.com,JAKARTA01\shinta  
Error,10/5/2017 7:58,EventCreate,1,None,Application,djkvdihost699.jakarta01.com,JAKARTA01\Taufik Kurniawan  
Error,10/5/2017 7:58,EventCreate,1,None,Application,djkvdihost117.jakarta01.com,JAKARTA01\MSandy  
Error,10/5/2017 7:58,EventCreate,1,None,Application,djkvdihost204.jakarta01.com,JAKARTA01\dadi hardi  
Error,10/5/2017 7:58,EventCreate,1,None,Application,djkvdihost729.jakarta01.com,JAKARTA01\henry st  
Error,10/5/2017 7:58,EventCreate,1,None,Application,djkvdihost778.jakarta01.com,JAKARTA01\lani  
Error,10/5/2017 7:58,EventCreate,1,None,Application,djkvdihost384.jakarta01.com,JAKARTA01\dady  
Error,10/5/2017 7:58,EventCreate,1,None,Application,djkvdihost668.jakarta01.com,JAKARTA01\anjani  
Error,10/5/2017 7:58,EventCreate,1,None,Application,djkvdihost167.jakarta01.com,JAKARTA01\fauziah wildan  
Error,10/5/2017 7:58,EventCreate,1,None,Application,djkvdihost291.jakarta01.com,JAKARTA01\yuswardie  
Error,10/5/2017 7:58,EventCreate,1,None,Application,djkvdihost119.jakarta01.com,JAKARTA01\Nazlaini  
Error,10/5/2017 7:58,EventCreate,1,None,Application,djkvdihost307.jakarta01.com,JAKARTA01\ayu  
Error,10/5/2017 7:58,EventCreate,1,None,Application,djkvdihost781.jakarta01.com,JAKARTA01\muhdi  
Error,10/5/2017 7:58,EventCreate,1,None,Application,djkvdihost838.jakarta01.com,JAKARTA01\arief  
Error,10/5/2017 7:58,EventCreate,1,None,Application,djkvdihost444.jakarta01.com,JAKARTA01\hadid  
Error,10/5/2017 7:58,EventCreate,1,None,Application,djkvdihost375.jakarta01.com,JAKARTA01\chris bowo  
Error,10/5/2017 7:57,WSH,1,None,Application,djkvdihost384.jakarta01.com,"CN=Dady Hidayat password will expire in 3 day(s) at 10/8/2017 7:59:22 AM

Press CTRL + ALT + DEL and select the ""Change a password"" option."
Error,10/5/2017 7:57,EventCreate,1,None,Application,djkvdihost693.jakarta01.com,JAKARTA01\DedyW  
Error,10/5/2017 7:57,EventCreate,1,None,Application,djkvdihost597.jakarta01.com,JAKARTA01\teddyks  
Error,10/5/2017 7:57,EventCreate,1,None,Application,djkvdihost175.jakarta01.com,JAKARTA01\annisa inggita  
Error,10/5/2017 7:57,EventCreate,1,None,Application,djkvdihost795.jakarta01.com,JAKARTA01\smuhidin  
Error,10/5/2017 7:57,EventCreate,1,None,Application,djkvdihost253.jakarta01.com,JAKARTA01\maya  
Error,10/5/2017 7:57,EventCreate,1,None,Application,djkvdihost827.jakarta01.com,JAKARTA01\EDameria  
Error,10/5/2017 7:57,EventCreate,1,None,Application,djkvdihost660.jakarta01.com,JAKARTA01\Nurmalia  
Error,10/5/2017 7:57,EventCreate,1,None,Application,djkvdihost423.jakarta01.com,JAKARTA01\widya utami  
Error,10/5/2017 7:57,EventCreate,1,None,Application,djkvdihost499.jakarta01.com,JAKARTA01\eunice  
Error,10/5/2017 7:57,EventCreate,1,None,Application,djkvdihost183.jakarta01.com,JAKARTA01\krisnawan  
Error,10/5/2017 7:57,EventCreate,1,None,Application,djkvdihost180.jakarta01.com,JAKARTA01\dwi budi  
Error,10/5/2017 7:57,EventCreate,1,None,Application,djkvdihost023.jakarta01.com,JAKARTA01\puspitasari  
Error,10/5/2017 7:57,WSH,1,None,Application,djkvdihost384.jakarta01.com,"CN=Dady Hidayat password will expire in 3 day(s) at 10/8/2017 7:59:22 AM

Press CTRL + ALT + DEL and select the ""Change a password"" option."
Error,10/5/2017 7:57,EventCreate,1,None,Application,djkvdihost276.jakarta01.com,JAKARTA01\wicaksono  
Error,10/5/2017 7:57,EventCreate,1,None,Application,djkvdihost786.jakarta01.com,JAKARTA01\laila  
Error,10/5/2017 7:57,EventCreate,1,None,Application,djkvdihost303.jakarta01.com,JAKARTA01\melany  
Error,10/5/2017 7:57,EventCreate,1,None,Application,djkvdihost621.jakarta01.com,JAKARTA01\airin  
Error,10/5/2017 7:56,WSH,1,None,Application,djkvdihost499.jakarta01.com,"CN=Eunice Shertaria Bangun password will expire in 3 day(s) at 10/8/2017 8:00:20 AM

Press CTRL + ALT + DEL and select the ""Change a password"" option."
Error,10/5/2017 7:57,EventCreate,1,None,Application,djkvdihost172.jakarta01.com,JAKARTA01\Puspa  
Error,10/5/2017 7:57,EventCreate,1,None,Application,djkvdihost752.jakarta01.com,JAKARTA01\bagas  
Error,10/5/2017 7:56,EventCreate,1,None,Application,djkvdihost694.jakarta01.com,JAKARTA01\dimas adhi  
Error,10/5/2017 7:56,EventCreate,1,None,Application,djkvdihost010.jakarta01.com,JAKARTA01\apip  
Error,10/5/2017 7:56,EventCreate,1,None,Application,djkvdihost041.jakarta01.com,JAKARTA01\ceciliadt  
Error,10/5/2017 7:56,WSH,1,None,Application,djkvdihost499.jakarta01.com,"CN=Eunice Shertaria Bangun password will expire in 3 day(s) at 10/8/2017 8:00:20 AM

Press CTRL + ALT + DEL and select the ""Change a password"" option."
Error,10/5/2017 7:56,EventCreate,1,None,Application,djkvdihost464.jakarta01.com,JAKARTA01\rubyani  
Error,10/5/2017 7:56,EventCreate,1,None,Application,djkvdihost882.jakarta01.com,JAKARTA01\khalid  
Error,10/5/2017 7:56,EventCreate,1,None,Application,djkvdihost198.jakarta01.com,JAKARTA01\sergi  
Error,10/5/2017 7:56,EventCreate,1,None,Application,djkvdihost055.jakarta01.com,JAKARTA01\cita  
Error,10/5/2017 7:55,EventCreate,1,None,Application,djkvdihost406.jakarta01.com,JAKARTA01\budhasca  
Error,10/5/2017 7:56,EventCreate,1,None,Application,djkvdihost690.jakarta01.com,JAKARTA01\heriansyah  
Error,10/5/2017 7:56,EventCreate,1,None,Application,djkvdihost566.jakarta01.com,JAKARTA01\Darmawan  
Error,10/5/2017 7:56,EventCreate,1,None,Application,djkvdihost690.jakarta01.com,JAKARTA01\heriansyah  
Error,10/5/2017 7:56,EventCreate,1,None,Application,djkvdihost564.jakarta01.com,JAKARTA01\quartiny  
Error,10/5/2017 7:56,EventCreate,1,None,Application,djkvdihost589.jakarta01.com,JAKARTA01\rindang  
Error,10/5/2017 7:55,EventCreate,1,None,Application,djkvdihost279.jakarta01.com,JAKARTA01\Bob Jasper  
Error,10/5/2017 7:56,EventCreate,1,None,Application,djkvdihost176.jakarta01.com,JAKARTA01\MuhammadI  
Error,10/5/2017 7:56,EventCreate,1,None,Application,djkvdihost343.jakarta01.com,JAKARTA01\sonson  
Error,10/5/2017 7:56,EventCreate,1,None,Application,djkvdihost424.jakarta01.com,JAKARTA01\Indah  
Error,10/5/2017 7:56,EventCreate,1,None,Application,djkvdihost449.jakarta01.com,JAKARTA01\rimico  
Error,10/5/2017 7:55,EventCreate,1,None,Application,djkvdihost266.jakarta01.com,JAKARTA01\Dini Rahmawati  
Error,10/5/2017 7:55,EventCreate,1,None,Application,djkvdihost724.jakarta01.com,JAKARTA01\alvita  
Error,10/5/2017 7:55,EventCreate,1,None,Application,djkvdihost440.jakarta01.com,JAKARTA01\melly  
Error,10/5/2017 7:55,EventCreate,1,None,Application,djkvdihost406.jakarta01.com,JAKARTA01\budhasca  
Error,10/5/2017 7:55,EventCreate,1,None,Application,djkvdihost728.jakarta01.com,JAKARTA01\devita  
Error,10/5/2017 7:55,EventCreate,1,None,Application,djkvdihost486.jakarta01.com,JAKARTA01\finessya  
Error,10/5/2017 7:55,EventCreate,1,None,Application,djkvdihost623.jakarta01.com,JAKARTA01\alvian  
Error,10/5/2017 7:55,EventCreate,1,None,Application,djkvdihost101.jakarta01.com,JAKARTA01\diah astuti  
Error,10/5/2017 7:55,EventCreate,1,None,Application,djkvdihost144.jakarta01.com,JAKARTA01\hendra firdaus  
Error,10/5/2017 7:55,EventCreate,1,None,Application,djkvdihost293.jakarta01.com,JAKARTA01\yisca  
Error,10/5/2017 7:55,EventCreate,1,None,Application,djkvdihost689.jakarta01.com,JAKARTA01\mery  
Error,10/5/2017 7:55,EventCreate,1,None,Application,djkvdihost279.jakarta01.com,JAKARTA01\Bob Jasper  
Error,10/5/2017 7:55,EventCreate,1,None,Application,djkvdihost696.jakarta01.com,JAKARTA01\erik  
Error,10/5/2017 7:55,EventCreate,1,None,Application,djkvdihost900.jakarta01.com,JAKARTA01\Enjang  
Error,10/5/2017 7:55,EventCreate,1,None,Application,djkvdihost626.jakarta01.com,JAKARTA01\BudiS  
Error,10/5/2017 7:55,EventCreate,1,None,Application,djkvdihost581.jakarta01.com,JAKARTA01\Aviv  
Error,10/5/2017 7:55,Application Error,1000,-100,Application,djkvdihost144.jakarta01.com,"Faulting application name: spoolsv.exe, version: 6.1.7601.17777, time stamp: 0x4f35efc3
Faulting module name: msvcrt.dll, version: 7.0.7601.17744, time stamp: 0x4eeaf722
Exception code: 0xc0000005
Fault offset: 0x0000aa14
Faulting process id: 0x634
Faulting application start time: 0x01d33cf7c78af071
Faulting application path: C:\Windows\System32\spoolsv.exe
Faulting module path: C:\Windows\system32\msvcrt.dll
Report Id: d3caaf17-a967-11e7-bf07-0050569f5202"
Error,10/5/2017 7:55,EventCreate,1,None,Application,djkvdihost244.jakarta01.com,JAKARTA01\fathiya  
Error,10/5/2017 7:54,WSH,1,None,Application,djkvdihost293.jakarta01.com,"CN=Yisca password will expire in 4 day(s) at 10/9/2017 6:54:28 AM

Press CTRL + ALT + DEL and select the ""Change a password"" option."
Error,10/5/2017 7:55,EventCreate,1,None,Application,djkvdihost563.jakarta01.com,JAKARTA01\saptorini  
Error,10/5/2017 7:54,EventCreate,1,None,Application,djkvdihost804.jakarta01.com,JAKARTA01\KristoforusAW  
Error,10/5/2017 7:54,EventCreate,1,None,Application,djkvdihost028.jakarta01.com,JAKARTA01\Arum  
Error,10/5/2017 7:54,EventCreate,1,None,Application,djkvdihost230.jakarta01.com,JAKARTA01\sugiarto  
Error,10/5/2017 7:54,EventCreate,1,None,Application,djkvdihost264.jakarta01.com,JAKARTA01\indra pranowo  
Error,10/5/2017 7:54,EventCreate,1,None,Application,djkvdihost394.jakarta01.com,JAKARTA01\andini  
Error,10/5/2017 7:54,EventCreate,1,None,Application,djkvdihost803.jakarta01.com,JAKARTA01\hendry  
Error,10/5/2017 7:54,EventCreate,1,None,Application,djkvdihost278.jakarta01.com,JAKARTA01\Putri Damayanti  
Error,10/5/2017 7:54,EventCreate,1,None,Application,djkvdihost896.jakarta01.com,JAKARTA01\Indra Bramantyono  
Error,10/5/2017 7:54,EventCreate,1,None,Application,djkvdihost664.jakarta01.com,JAKARTA01\Rio Satria  
Error,10/5/2017 7:54,EventCreate,1,None,Application,djkvdihost531.jakarta01.com,JAKARTA01\hemayani  
Error,10/5/2017 7:54,WSH,1,None,Application,djkvdihost293.jakarta01.com,"CN=Yisca password will expire in 4 day(s) at 10/9/2017 6:54:28 AM

Press CTRL + ALT + DEL and select the ""Change a password"" option."
Error,10/5/2017 7:54,EventCreate,1,None,Application,djkvdihost202.jakarta01.com,JAKARTA01\danna  
Error,10/5/2017 7:54,EventCreate,1,None,Application,djkvdihost229.jakarta01.com,JAKARTA01\m ridho  
Error,10/5/2017 7:54,EventCreate,1,None,Application,djkvdihost164.jakarta01.com,JAKARTA01\luthfi  
Error,10/5/2017 7:54,EventCreate,1,None,Application,djkvdihost014.jakarta01.com,JAKARTA01\ipuk  
Error,10/5/2017 7:54,EventCreate,1,None,Application,djkvdihost789.jakarta01.com,JAKARTA01\ita shabrina  
Error,10/5/2017 7:54,EventCreate,1,None,Application,djkvdihost014.jakarta01.com,JAKARTA01\ipuk  
Error,10/5/2017 7:53,EventCreate,1,None,Application,djkvdihost218.jakarta01.com,JAKARTA01\poetry  
Error,10/5/2017 7:53,EventCreate,1,None,Application,djkvdihost380.jakarta01.com,JAKARTA01\toyoda  
Error,10/5/2017 7:53,EventCreate,1,None,Application,djkvdihost323.jakarta01.com,JAKARTA01\Ameilia  
Error,10/5/2017 7:53,EventCreate,1,None,Application,djkvdihost363.jakarta01.com,JAKARTA01\harumi  
Error,10/5/2017 7:53,EventCreate,1,None,Application,djkvdihost326.jakarta01.com,JAKARTA01\andryan  
Error,10/5/2017 7:53,EventCreate,1,None,Application,djkvdihost409.jakarta01.com,JAKARTA01\poespita  
Error,10/5/2017 7:53,EventCreate,1,None,Application,djkvdihost709.jakarta01.com,JAKARTA01\anggata  
Error,10/5/2017 7:53,EventCreate,1,None,Application,djkvdihost143.jakarta01.com,JAKARTA01\davidc  
Error,10/5/2017 7:53,EventCreate,1,None,Application,djkvdihost736.jakarta01.com,JAKARTA01\martha  
Error,10/5/2017 7:53,EventCreate,1,None,Application,djkvdihost561.jakarta01.com,JAKARTA01\RatiAF  
Error,10/5/2017 7:53,EventCreate,1,None,Application,djkvdihost539.jakarta01.com,JAKARTA01\Dilla  
Error,10/5/2017 7:53,EventCreate,1,None,Application,djkvdihost522.jakarta01.com,JAKARTA01\dzati  
Error,10/5/2017 7:53,EventCreate,1,None,Application,djkvdihost450.jakarta01.com,JAKARTA01\ahmad zainul  
Error,10/5/2017 7:52,WSH,1,None,Application,djkvdihost539.jakarta01.com,"CN=Dilla Erdina password will expire in 3 day(s) at 10/8/2017 8:00:59 AM

Press CTRL + ALT + DEL and select the ""Change a password"" option."
Error,10/5/2017 7:52,EventCreate,1,None,Application,djkvdihost801.jakarta01.com,JAKARTA01\novitarini  
Error,10/5/2017 7:52,EventCreate,1,None,Application,djkvdihost113.jakarta01.com,JAKARTA01\Felix  
Error,10/5/2017 7:52,EventCreate,1,None,Application,djkvdihost037.jakarta01.com,JAKARTA01\yorika  
Error,10/5/2017 7:52,EventCreate,1,None,Application,djkvdihost052.jakarta01.com,JAKARTA01\warda  
Error,10/5/2017 7:52,EventCreate,1,None,Application,djkvdihost727.jakarta01.com,JAKARTA01\yosanta  
Error,10/5/2017 7:52,EventCreate,1,None,Application,djkvdihost641.jakarta01.com,JAKARTA01\leonie  
Error,10/5/2017 7:52,EventCreate,1,None,Application,djkvdihost347.jakarta01.com,JAKARTA01\magdalena  
Error,10/5/2017 7:52,EventCreate,1,None,Application,djkvdihost209.jakarta01.com,JAKARTA01\Rinaldo  
Error,10/5/2017 7:52,WSH,1,None,Application,djkvdihost539.jakarta01.com,"CN=Dilla Erdina password will expire in 3 day(s) at 10/8/2017 8:00:59 AM

Press CTRL + ALT + DEL and select the ""Change a password"" option."
Error,10/5/2017 7:51,EventCreate,1,None,Application,djkvdihost305.jakarta01.com,JAKARTA01\Putri  
Error,10/5/2017 7:52,EventCreate,1,None,Application,djkvdihost453.jakarta01.com,JAKARTA01\christian  
Error,10/5/2017 7:51,WSH,1,None,Application,djkvdihost113.jakarta01.com,"CN=Felix Sutiono password will expire in 3 day(s) at 10/8/2017 7:57:18 AM

Press CTRL + ALT + DEL and select the ""Change a password"" option."
Error,10/5/2017 7:52,EventCreate,1,None,Application,djkvdihost222.jakarta01.com,JAKARTA01\Yudhadp  
Error,10/5/2017 7:52,EventCreate,1,None,Application,djkvdihost893.jakarta01.com,JAKARTA01\Agus Sutikno  
Error,10/5/2017 7:52,EventCreate,1,None,Application,djkvdihost246.jakarta01.com,JAKARTA01\GuestISD58  
Error,10/5/2017 7:51,EventCreate,1,None,Application,djkvdihost622.jakarta01.com,JAKARTA01\widinuryanti  
Error,10/5/2017 7:51,EventCreate,1,None,Application,djkvdihost794.jakarta01.com,JAKARTA01\ronald david  
Error,10/5/2017 7:51,WSH,1,None,Application,djkvdihost113.jakarta01.com,"CN=Felix Sutiono password will expire in 3 day(s) at 10/8/2017 7:57:18 AM

Press CTRL + ALT + DEL and select the ""Change a password"" option."
Error,10/5/2017 7:51,EventCreate,1,None,Application,djkvdihost305.jakarta01.com,JAKARTA01\Putri  
Error,10/5/2017 7:51,EventCreate,1,None,Application,djkvdihost871.jakarta01.com,JAKARTA01\harry  
Error,10/5/2017 7:51,EventCreate,1,None,Application,djkvdihost360.jakarta01.com,JAKARTA01\erminawati  
Error,10/5/2017 7:51,EventCreate,1,None,Application,djkvdihost680.jakarta01.com,JAKARTA01\tiar  
Error,10/5/2017 7:51,EventCreate,1,None,Application,djkvdihost008.jakarta01.com,JAKARTA01\rizka syarifa  
Error,10/5/2017 7:51,EventCreate,1,None,Application,djkvdihost382.jakarta01.com,JAKARTA01\Beny  
Error,10/5/2017 7:51,Application Error,1000,-100,Application,djkvdihost360.jakarta01.com,"Faulting application name: spoolsv.exe, version: 6.1.7601.17777, time stamp: 0x4f35efc3
Faulting module name: msvcrt.dll, version: 7.0.7601.17744, time stamp: 0x4eeaf722
Exception code: 0xc0000005
Fault offset: 0x0000aa14
Faulting process id: 0x634
Faulting application start time: 0x01d33cff7f984356
Faulting application path: C:\Windows\System32\spoolsv.exe
Faulting module path: C:\Windows\system32\msvcrt.dll
Report Id: 4843f923-a967-11e7-80ec-0050569f50dc"
Error,10/5/2017 7:50,EventCreate,1,None,Application,djkvdihost321.jakarta01.com,JAKARTA01\nungi  
Error,10/5/2017 7:51,EventCreate,1,None,Application,djkvdihost667.jakarta01.com,JAKARTA01\istiningsih  
Error,10/5/2017 7:51,EventCreate,1,None,Application,djkvdihost541.jakarta01.com,JAKARTA01\alfiari  
Error,10/5/2017 7:50,EventCreate,1,None,Application,djkvdihost107.jakarta01.com,JAKARTA01\citra  
Error,10/5/2017 7:50,EventCreate,1,None,Application,djkvdihost416.jakarta01.com,JAKARTA01\victor  
Error,10/5/2017 7:50,EventCreate,1,None,Application,djkvdihost558.jakarta01.com,JAKARTA01\teguh  
Error,10/5/2017 7:50,EventCreate,1,None,Application,djkvdihost586.jakarta01.com,JAKARTA01\Ronald  
Error,10/5/2017 7:50,WSH,1,None,Application,djkvdihost382.jakarta01.com,"CN=Beny Rachmad Septiawan password will expire in 3 day(s) at 10/8/2017 8:09:23 AM

Press CTRL + ALT + DEL and select the ""Change a password"" option."
Error,10/5/2017 7:50,EventCreate,1,None,Application,djkvdihost321.jakarta01.com,JAKARTA01\nungi  
Error,10/5/2017 7:50,EventCreate,1,None,Application,djkvdihost321.jakarta01.com,JAKARTA01\nungi  
Error,10/5/2017 7:50,EventCreate,1,None,Application,djkvdihost250.jakarta01.com,JAKARTA01\hersiari  
Error,10/5/2017 7:50,EventCreate,1,None,Application,djkvdihost221.jakarta01.com,JAKARTA01\edwin  
Error,10/5/2017 7:50,EventCreate,1,None,Application,djkvdihost321.jakarta01.com,JAKARTA01\nungi  
Error,10/5/2017 7:50,WSH,1,None,Application,djkvdihost382.jakarta01.com,"CN=Beny Rachmad Septiawan password will expire in 3 day(s) at 10/8/2017 8:09:23 AM

Press CTRL + ALT + DEL and select the ""Change a password"" option."
Error,10/5/2017 7:50,EventCreate,1,None,Application,djkvdihost856.jakarta01.com,JAKARTA01\abdul  
Error,10/5/2017 7:50,EventCreate,1,None,Application,djkvdihost500.jakarta01.com,JAKARTA01\GuestISD57  
Error,10/5/2017 7:50,EventCreate,1,None,Application,djkvdihost182.jakarta01.com,JAKARTA01\michiko  
Error,10/5/2017 7:49,WSH,1,None,Application,djkvdihost250.jakarta01.com,"CN=Dita Hersiari password will expire in 3 day(s) at 10/8/2017 7:48:55 AM

Press CTRL + ALT + DEL and select the ""Change a password"" option."
Error,10/5/2017 7:49,EventCreate,1,None,Application,djkvdihost769.jakarta01.com,JAKARTA01\kristian  
Error,10/5/2017 7:49,EventCreate,1,None,Application,djkvdihost191.jakarta01.com,JAKARTA01\sashkia  
Error,10/5/2017 7:49,EventCreate,1,None,Application,djkvdihost533.jakarta01.com,JAKARTA01\faiqa  
Error,10/5/2017 7:49,EventCreate,1,None,Application,djkvdihost235.jakarta01.com,JAKARTA01\R Syafira  
Error,10/5/2017 7:49,WSH,1,None,Application,djkvdihost191.jakarta01.com,"CN=Sashkia Andina Pitarini password will expire in 3 day(s) at 10/8/2017 7:52:59 AM

Press CTRL + ALT + DEL and select the ""Change a password"" option."
Error,10/5/2017 7:49,WSH,1,None,Application,djkvdihost250.jakarta01.com,"CN=Dita Hersiari password will expire in 3 day(s) at 10/8/2017 7:48:55 AM

Press CTRL + ALT + DEL and select the ""Change a password"" option."
Error,10/5/2017 7:48,EventCreate,1,None,Application,djkvdihost306.jakarta01.com,JAKARTA01\Dian Permata  
Error,10/5/2017 7:48,EventCreate,1,None,Application,djkvdihost587.jakarta01.com,JAKARTA01\Rafika  
Error,10/5/2017 7:48,Application Error,1000,-100,Application,djkvdihost587.jakarta01.com,"Faulting application name: spoolsv.exe, version: 6.1.7601.17777, time stamp: 0x4f35efc3
Faulting module name: msvcrt.dll, version: 7.0.7601.17744, time stamp: 0x4eeaf722
Exception code: 0xc0000005
Fault offset: 0x0000aa14
Faulting process id: 0x638
Faulting application start time: 0x01d33d0574057ebe
Faulting application path: C:\Windows\System32\spoolsv.exe
Faulting module path: C:\Windows\system32\msvcrt.dll
Report Id: ed37d882-a966-11e7-8d5a-0050569f2ee5"
Error,10/5/2017 7:49,WSH,1,None,Application,djkvdihost191.jakarta01.com,"CN=Sashkia Andina Pitarini password will expire in 3 day(s) at 10/8/2017 7:52:59 AM

Press CTRL + ALT + DEL and select the ""Change a password"" option."
Error,10/5/2017 7:48,EventCreate,1,None,Application,djkvdihost120.jakarta01.com,JAKARTA01\jayson  
Error,10/5/2017 7:48,EventCreate,1,None,Application,djkvdihost769.jakarta01.com,JAKARTA01\kristian  
Error,10/5/2017 7:48,EventCreate,1,None,Application,djkvdihost899.jakarta01.com,JAKARTA01\naruhito  
Error,10/5/2017 7:48,EventCreate,1,None,Application,djkvdihost181.jakarta01.com,JAKARTA01\M Fajri  
Error,10/5/2017 7:48,EventCreate,1,None,Application,djkvdihost385.jakarta01.com,JAKARTA01\meinar  
Error,10/5/2017 7:48,EventCreate,1,None,Application,djkvdihost901.jakarta01.com,JAKARTA01\Anosa  
Error,10/5/2017 7:48,EventCreate,1,None,Application,djkvdihost404.jakarta01.com,JAKARTA01\aprianto  
Error,10/5/2017 7:48,EventCreate,1,None,Application,djkvdihost579.jakarta01.com,JAKARTA01\mdendy  
Error,10/5/2017 7:48,WSH,1,None,Application,djkvdihost385.jakarta01.com,"CN=Meinar Indria password will expire in 4 day(s) at 10/9/2017 4:29:18 PM

Press CTRL + ALT + DEL and select the ""Change a password"" option."
Error,10/5/2017 7:48,EventCreate,1,None,Application,djkvdihost538.jakarta01.com,JAKARTA01\mazy  
Error,10/5/2017 7:48,EventCreate,1,None,Application,djkvdihost306.jakarta01.com,JAKARTA01\Dian Permata  
Error,10/5/2017 7:48,EventCreate,1,None,Application,djkvdihost298.jakarta01.com,JAKARTA01\Winda  
Error,10/5/2017 7:47,EventCreate,1,None,Application,djkvdihost478.jakarta01.com,JAKARTA01\Priellya  
Error,10/5/2017 7:48,EventCreate,1,None,Application,djkvdihost083.jakarta01.com,JAKARTA01\rini  
Error,10/5/2017 7:48,Application Error,1000,-100,Application,djkvdihost120.jakarta01.com,"Faulting application name: spoolsv.exe, version: 6.1.7601.17777, time stamp: 0x4f35efc3
Faulting module name: msvcrt.dll, version: 7.0.7601.17744, time stamp: 0x4eeaf722
Exception code: 0xc0000005
Fault offset: 0x0000aa14
Faulting process id: 0x634
Faulting application start time: 0x01d33d076ff25dff
Faulting application path: C:\Windows\System32\spoolsv.exe
Faulting module path: C:\Windows\system32\msvcrt.dll
Report Id: de20b673-a966-11e7-af2c-0050569f50b7"
Error,10/5/2017 7:48,EventCreate,1,None,Application,djkvdihost606.jakarta01.com,JAKARTA01\Tri Ari  
Error,10/5/2017 7:48,EventCreate,1,None,Application,djkvdihost396.jakarta01.com,JAKARTA01\Astriana  
Error,10/5/2017 7:48,EventCreate,1,None,Application,djkvdihost401.jakarta01.com,JAKARTA01\rezky  
Error,10/5/2017 7:47,EventCreate,1,None,Application,djkvdihost688.jakarta01.com,JAKARTA01\palmella  
Error,10/5/2017 7:48,EventCreate,1,None,Application,djkvdihost592.jakarta01.com,JAKARTA01\yuliana  
Error,10/5/2017 7:48,WSH,1,None,Application,djkvdihost385.jakarta01.com,"CN=Meinar Indria password will expire in 4 day(s) at 10/9/2017 4:29:18 PM

Press CTRL + ALT + DEL and select the ""Change a password"" option."
Error,10/5/2017 7:48,EventCreate,1,None,Application,djkvdihost298.jakarta01.com,JAKARTA01\Winda  
Error,10/5/2017 7:47,EventCreate,1,None,Application,djkvdihost579.jakarta01.com,JAKARTA01\mdendy  
Error,10/5/2017 7:47,EventCreate,1,None,Application,djkvdihost269.jakarta01.com,JAKARTA01\JUNETTE  
Error,10/5/2017 7:47,EventCreate,1,None,Application,djkvdihost404.jakarta01.com,JAKARTA01\aprianto  
Error,10/5/2017 7:47,EventCreate,1,None,Application,djkvdihost383.jakarta01.com,JAKARTA01\Rahmat  
Error,10/5/2017 7:47,EventCreate,1,None,Application,djkvdihost478.jakarta01.com,JAKARTA01\Priellya  
Error,10/5/2017 7:47,EventCreate,1,None,Application,djkvdihost697.jakarta01.com,JAKARTA01\janna  
Error,10/5/2017 7:46,EventCreate,1,None,Application,djkvdihost812.jakarta01.com,JAKARTA01\kreshna  
Error,10/5/2017 7:47,EventCreate,1,None,Application,djkvdihost616.jakarta01.com,JAKARTA01\Audyanza  
Error,10/5/2017 7:47,EventCreate,1,None,Application,djkvdihost269.jakarta01.com,JAKARTA01\JUNETTE  
Error,10/5/2017 7:47,EventCreate,1,None,Application,djkvdihost673.jakarta01.com,JAKARTA01\haris  
Error,10/5/2017 7:46,WSH,1,None,Application,djkvdihost383.jakarta01.com,"CN=Rahmat Hendratama password will expire in 3 day(s) at 10/8/2017 7:42:39 AM

Press CTRL + ALT + DEL and select the ""Change a password"" option."
Error,10/5/2017 7:47,EventCreate,1,None,Application,djkvdihost057.jakarta01.com,JAKARTA01\andika  
Error,10/5/2017 7:46,EventCreate,1,None,Application,djkvdihost688.jakarta01.com,JAKARTA01\palmella  
Error,10/5/2017 7:46,EventCreate,1,None,Application,djkvdihost857.jakarta01.com,JAKARTA01\deddy  
Error,10/5/2017 7:46,EventCreate,1,None,Application,djkvdihost529.jakarta01.com,JAKARTA01\ferdi  
Error,10/5/2017 7:46,Application Error,1000,-100,Application,djkvdihost812.jakarta01.com,"Faulting application name: spoolsv.exe, version: 6.1.7601.17777, time stamp: 0x4f35efc3
Faulting module name: msvcrt.dll, version: 7.0.7601.17744, time stamp: 0x4eeaf722
Exception code: 0xc0000005
Fault offset: 0x0000aa14
Faulting process id: 0x638
Faulting application start time: 0x01d33cf779844423
Faulting application path: C:\Windows\System32\spoolsv.exe
Faulting module path: C:\Windows\system32\msvcrt.dll
Report Id: a5d9aaae-a966-11e7-8c62-0050569f31e5"
Error,10/5/2017 7:46,EventCreate,1,None,Application,djkvdihost434.jakarta01.com,JAKARTA01\handayani  
Error,10/5/2017 7:46,EventCreate,1,None,Application,djkvdihost600.jakarta01.com,JAKARTA01\yosie  
Error,10/5/2017 7:46,EventCreate,1,None,Application,djkvdihost345.jakarta01.com,JAKARTA01\aria  
Error,10/5/2017 7:46,WSH,1,None,Application,djkvdihost383.jakarta01.com,"CN=Rahmat Hendratama password will expire in 3 day(s) at 10/8/2017 7:42:39 AM

Press CTRL + ALT + DEL and select the ""Change a password"" option."
Error,10/5/2017 7:46,EventCreate,1,None,Application,djkvdihost880.jakarta01.com,JAKARTA01\Kurnia Arisayuga  
Error,10/5/2017 7:46,EventCreate,1,None,Application,djkvdihost749.jakarta01.com,JAKARTA01\arismanm  
Error,10/5/2017 7:45,EventCreate,1,None,Application,djkvdihost640.jakarta01.com,JAKARTA01\yansen  
Error,10/5/2017 7:45,EventCreate,1,None,Application,djkvdihost154.jakarta01.com,JAKARTA01\ningmatul  
Error,10/5/2017 7:44,EventCreate,1,None,Application,djkvdihost824.jakarta01.com,JAKARTA01\marie  
Error,10/5/2017 7:44,EventCreate,1,None,Application,djkvdihost841.jakarta01.com,JAKARTA01\natasya  
Error,10/5/2017 7:44,EventCreate,1,None,Application,djkvdihost596.jakarta01.com,JAKARTA01\vina  
Error,10/5/2017 7:44,EventCreate,1,None,Application,djkvdihost613.jakarta01.com,JAKARTA01\SANI  
Error,10/5/2017 7:44,WSH,1,None,Application,djkvdihost824.jakarta01.com,"CN=Marie Ana Aryanti password will expire in 3 day(s) at 10/8/2017 8:24:37 AM

Press CTRL + ALT + DEL and select the ""Change a password"" option."
Error,10/5/2017 7:44,EventCreate,1,None,Application,djkvdihost595.jakarta01.com,JAKARTA01\Talitha  
Error,10/5/2017 7:44,EventCreate,1,None,Application,djkvdihost238.jakarta01.com,JAKARTA01\vinka  
Error,10/5/2017 7:44,EventCreate,1,None,Application,djkvdihost046.jakarta01.com,JAKARTA01\gadis  
Error,10/5/2017 7:44,EventCreate,1,None,Application,djkvdihost408.jakarta01.com,JAKARTA01\chalfin  
Error,10/5/2017 7:44,EventCreate,1,None,Application,djkvdihost192.jakarta01.com,JAKARTA01\Eny Masruroh  
Error,10/5/2017 7:44,EventCreate,1,None,Application,djkvdihost704.jakarta01.com,JAKARTA01\niluh  
Error,10/5/2017 7:44,EventCreate,1,None,Application,djkvdihost217.jakarta01.com,JAKARTA01\harish  
Error,10/5/2017 7:44,WSH,1,None,Application,djkvdihost824.jakarta01.com,"CN=Marie Ana Aryanti password will expire in 3 day(s) at 10/8/2017 8:24:37 AM

Press CTRL + ALT + DEL and select the ""Change a password"" option."
Error,10/5/2017 7:44,EventCreate,1,None,Application,djkvdihost613.jakarta01.com,JAKARTA01\SANI  
Error,10/5/2017 7:43,EventCreate,1,None,Application,djkvdihost610.jakarta01.com,JAKARTA01\cecilia  
Error,10/5/2017 7:43,EventCreate,1,None,Application,djkvdihost712.jakarta01.com,JAKARTA01\widiasmara  
Error,10/5/2017 7:43,EventCreate,1,None,Application,djkvdihost567.jakarta01.com,JAKARTA01\Nikmatullah  
Error,10/5/2017 7:43,EventCreate,1,None,Application,djkvdihost134.jakarta01.com,JAKARTA01\elestari  
Error,10/5/2017 7:43,EventCreate,1,None,Application,djkvdihost834.jakarta01.com,JAKARTA01\sulistyono  
Error,10/5/2017 7:43,EventCreate,1,None,Application,djkvdihost108.jakarta01.com,JAKARTA01\wildan  
Error,10/5/2017 7:43,EventCreate,1,None,Application,djkvdihost488.jakarta01.com,JAKARTA01\haedar  
Error,10/5/2017 7:43,EventCreate,1,None,Application,djkvdihost004.jakarta01.com,JAKARTA01\Pradita  
Error,10/5/2017 7:42,EventCreate,1,None,Application,djkvdihost485.jakarta01.com,JAKARTA01\rudy  
Error,10/5/2017 7:42,EventCreate,1,None,Application,djkvdihost601.jakarta01.com,JAKARTA01\aulya  
Error,10/5/2017 7:42,EventCreate,1,None,Application,djkvdihost446.jakarta01.com,JAKARTA01\yudi  
Error,10/5/2017 7:42,EventCreate,1,None,Application,djkvdihost839.jakarta01.com,JAKARTA01\suhendrayana  
Error,10/5/2017 7:42,EventCreate,1,None,Application,djkvdihost451.jakarta01.com,JAKARTA01\cinta  
Error,10/5/2017 7:42,EventCreate,1,None,Application,djkvdihost026.jakarta01.com,JAKARTA01\sinta  
Error,10/5/2017 7:42,EventCreate,1,None,Application,djkvdihost308.jakarta01.com,JAKARTA01\aditya ny  
Error,10/5/2017 7:42,EventCreate,1,None,Application,djkvdihost458.jakarta01.com,JAKARTA01\nicole  
Error,10/5/2017 7:41,EventCreate,1,None,Application,djkvdihost150.jakarta01.com,JAKARTA01\ClarissaMh  
Error,10/5/2017 7:41,EventCreate,1,None,Application,djkvdihost776.jakarta01.com,JAKARTA01\Arina  
Error,10/5/2017 7:41,EventCreate,1,None,Application,djkvdihost666.jakarta01.com,JAKARTA01\Bagus Gede  
Error,10/5/2017 7:41,EventCreate,1,None,Application,djkvdihost056.jakarta01.com,JAKARTA01\heriyadi  
Error,10/5/2017 7:41,EventCreate,1,None,Application,djkvdihost288.jakarta01.com,JAKARTA01\Yunita  
Error,10/5/2017 7:41,EventCreate,1,None,Application,djkvdihost002.jakarta01.com,JAKARTA01\Amelia  
Error,10/5/2017 7:40,EventCreate,1,None,Application,djkvdihost091.jakarta01.com,JAKARTA01\arum eka  
Error,10/5/2017 7:40,EventCreate,1,None,Application,djkvdihost163.jakarta01.com,JAKARTA01\Devina  
Error,10/5/2017 7:39,EventCreate,1,None,Application,djkvdihost542.jakarta01.com,JAKARTA01\DanielAW  
Error,10/5/2017 7:40,EventCreate,1,None,Application,djkvdihost337.jakarta01.com,JAKARTA01\himawan  
Error,10/5/2017 7:40,EventCreate,1,None,Application,djkvdihost743.jakarta01.com,JAKARTA01\chris  
Error,10/5/2017 7:40,EventCreate,1,None,Application,djkvdihost569.jakarta01.com,JAKARTA01\Hilma  
Error,10/5/2017 7:40,EventCreate,1,None,Application,djkvdihost114.jakarta01.com,JAKARTA01\yusi  
Error,10/5/2017 7:39,EventCreate,1,None,Application,djkvdihost084.jakarta01.com,JAKARTA01\erika  
Error,10/5/2017 7:39,EventCreate,1,None,Application,djkvdihost123.jakarta01.com,JAKARTA01\netra  
Error,10/5/2017 7:39,EventCreate,1,None,Application,djkvdihost542.jakarta01.com,JAKARTA01\DanielAW  
Error,10/5/2017 7:39,EventCreate,1,None,Application,djkvdihost324.jakarta01.com,JAKARTA01\ChyntiaDN  
Error,10/5/2017 7:38,EventCreate,1,None,Application,djkvdihost160.jakarta01.com,JAKARTA01\veronicam  
Error,10/5/2017 7:38,EventCreate,1,None,Application,djkvdihost098.jakarta01.com,JAKARTA01\Nurhayati  
Error,10/5/2017 7:38,EventCreate,1,None,Application,djkvdihost092.jakarta01.com,JAKARTA01\nur endah  
Error,10/5/2017 7:38,EventCreate,1,None,Application,djkvdihost763.jakarta01.com,JAKARTA01\Dwi anisa  
Error,10/5/2017 7:38,EventCreate,1,None,Application,djkvdihost359.jakarta01.com,JAKARTA01\wiranti  
Error,10/5/2017 7:38,EventCreate,1,None,Application,djkvdihost098.jakarta01.com,JAKARTA01\Nurhayati  
Error,10/5/2017 7:37,EventCreate,1,None,Application,djkvdihost021.jakarta01.com,JAKARTA01\AdrianP  
Error,10/5/2017 7:37,EventCreate,1,None,Application,djkvdihost140.jakarta01.com,JAKARTA01\myreshka  
Error,10/5/2017 7:37,EventCreate,1,None,Application,djkvdihost635.jakarta01.com,JAKARTA01\nadhilah  
Error,10/5/2017 7:37,EventCreate,1,None,Application,djkvdihost414.jakarta01.com,JAKARTA01\maria  
Error,10/5/2017 7:37,EventCreate,1,None,Application,djkvdihost334.jakarta01.com,JAKARTA01\sysdovs02  
Error,10/5/2017 7:36,EventCreate,1,None,Application,djkvdihost685.jakarta01.com,JAKARTA01\findal  
Error,10/5/2017 7:36,EventCreate,1,None,Application,djkvdihost001.jakarta01.com,JAKARTA01\caroline  
Error,10/5/2017 7:36,EventCreate,1,None,Application,djkvdihost258.jakarta01.com,JAKARTA01\tudie  
Error,10/5/2017 7:35,EventCreate,1,None,Application,djkvdihost227.jakarta01.com,JAKARTA01\Yosi  
Error,10/5/2017 7:35,EventCreate,1,None,Application,djkvdihost584.jakarta01.com,JAKARTA01\ALTHEA  
