Error,9/27/2017 8:08,EventCreate,1,None,Application,djkvdihost243.jakarta01.com,JAKARTA01\R Syafira  
Error,9/27/2017 8:08,EventCreate,1,None,Application,djkvdihost140.jakarta01.com,JAKARTA01\Pratama  
Error,9/27/2017 8:08,EventCreate,1,None,Application,djkvdihost162.jakarta01.com,JAKARTA01\indriyani  
Error,9/27/2017 8:08,EventCreate,1,None,Application,djkvdihost432.jakarta01.com,JAKARTA01\hanna  
Error,9/27/2017 8:08,EventCreate,1,None,Application,djkvdihost653.jakarta01.com,JAKARTA01\Yonanda  
Error,9/27/2017 8:08,Application Error,1000,-100,Application,djkvdihost653.jakarta01.com,"Faulting application name: spoolsv.exe, version: 6.1.7601.17777, time stamp: 0x4f35efc3
Faulting module name: msvcrt.dll, version: 7.0.7601.17744, time stamp: 0x4eeaf722
Exception code: 0xc0000005
Fault offset: 0x0000aa14
Faulting process id: 0x638
Faulting application start time: 0x01d336b74ff6697a
Faulting application path: C:\Windows\System32\spoolsv.exe
Faulting module path: C:\Windows\system32\msvcrt.dll
Report Id: 614ddf75-a320-11e7-abe3-0050569f4206"
Error,9/27/2017 8:08,EventCreate,1,None,Application,djkvdihost130.jakarta01.com,JAKARTA01\arismanm  
Error,9/27/2017 8:08,EventCreate,1,None,Application,djkvdihost807.jakarta01.com,JAKARTA01\Puspitasari  
Error,9/27/2017 8:08,EventCreate,1,None,Application,djkvdihost684.jakarta01.com,JAKARTA01\teguh  
Error,9/27/2017 8:07,WSH,1,None,Application,djkvdihost140.jakarta01.com,"CN=Pratama password will expire in 4 day(s) at 10/1/2017 8:19:55 AM

Press CTRL + ALT + DEL and select the ""Change a password"" option."
Error,9/27/2017 8:08,EventCreate,1,None,Application,djkvdihost824.jakarta01.com,JAKARTA01\trisnawati  
Error,9/27/2017 8:08,EventCreate,1,None,Application,djkvdihost347.jakarta01.com,JAKARTA01\amanda chandra  
Error,9/27/2017 8:07,WSH,1,None,Application,djkvdihost092.jakarta01.com,"CN=Syifa Silvia password will expire in 4 day(s) at 10/1/2017 8:17:07 AM

Press CTRL + ALT + DEL and select the ""Change a password"" option."
Error,9/27/2017 8:07,EventCreate,1,None,Application,djkvdihost713.jakarta01.com,JAKARTA01\dini hariyani  
Error,9/27/2017 8:07,EventCreate,1,None,Application,djkvdihost113.jakarta01.com,JAKARTA01\fauziah wildan  
Error,9/27/2017 8:07,WSH,1,None,Application,djkvdihost140.jakarta01.com,"CN=Pratama password will expire in 4 day(s) at 10/1/2017 8:19:55 AM

Press CTRL + ALT + DEL and select the ""Change a password"" option."
Error,9/27/2017 8:07,EventCreate,1,None,Application,djkvdihost314.jakarta01.com,JAKARTA01\Helena  
Error,9/27/2017 8:07,EventCreate,1,None,Application,djkvdihost801.jakarta01.com,JAKARTA01\netra  
Error,9/27/2017 8:07,EventCreate,1,None,Application,djkvdihost322.jakarta01.com,JAKARTA01\yusdian  
Error,9/27/2017 8:07,WSH,1,None,Application,djkvdihost092.jakarta01.com,"CN=Syifa Silvia password will expire in 4 day(s) at 10/1/2017 8:17:07 AM

Press CTRL + ALT + DEL and select the ""Change a password"" option."
Error,9/27/2017 8:07,EventCreate,1,None,Application,djkvdihost281.jakarta01.com,JAKARTA01\Puspa  
Error,9/27/2017 8:06,EventCreate,1,None,Application,djkvdihost169.jakarta01.com,JAKARTA01\Aisyah  
Error,9/27/2017 8:06,EventCreate,1,None,Application,djkvdihost636.jakarta01.com,JAKARTA01\reza  
Error,9/27/2017 8:06,EventCreate,1,None,Application,djkvdihost269.jakarta01.com,JAKARTA01\Clara  
Error,9/27/2017 8:06,EventCreate,1,None,Application,djkvdihost822.jakarta01.com,JAKARTA01\priscilla  
Error,9/27/2017 8:06,EventCreate,1,None,Application,djkvdihost378.jakarta01.com,JAKARTA01\krisnawan  
Error,9/27/2017 8:06,EventCreate,1,None,Application,djkvdihost401.jakarta01.com,JAKARTA01\erminawati  
Error,9/27/2017 8:06,EventCreate,1,None,Application,djkvdihost567.jakarta01.com,JAKARTA01\Azis Budianto  
Error,9/27/2017 8:06,EventCreate,1,None,Application,djkvdihost647.jakarta01.com,JAKARTA01\muhammady  
Error,9/27/2017 8:06,EventCreate,1,None,Application,djkvdihost371.jakarta01.com,JAKARTA01\sergi  
Error,9/27/2017 8:06,EventCreate,1,None,Application,djkvdihost003.jakarta01.com,JAKARTA01\amiratul  
Error,9/27/2017 8:05,EventCreate,1,None,Application,djkvdihost880.jakarta01.com,JAKARTA01\Amelia  
Error,9/27/2017 8:05,EventCreate,1,None,Application,djkvdihost085.jakarta01.com,JAKARTA01\enrikko  
Error,9/27/2017 8:05,EventCreate,1,None,Application,djkvdihost790.jakarta01.com,JAKARTA01\zaldi  
Error,9/27/2017 8:05,EventCreate,1,None,Application,djkvdihost240.jakarta01.com,JAKARTA01\Anton  
Error,9/27/2017 8:05,EventCreate,1,None,Application,djkvdihost134.jakarta01.com,JAKARTA01\rizal  
Error,9/27/2017 8:05,EventCreate,1,None,Application,djkvdihost387.jakarta01.com,JAKARTA01\Teguh Aji  
Error,9/27/2017 8:05,EventCreate,1,None,Application,djkvdihost634.jakarta01.com,JAKARTA01\sitti  
Error,9/27/2017 8:05,EventCreate,1,None,Application,djkvdihost743.jakarta01.com,JAKARTA01\sonson  
Error,9/27/2017 8:05,EventCreate,1,None,Application,djkvdihost221.jakarta01.com,JAKARTA01\polyska  
Error,9/27/2017 8:05,EventCreate,1,None,Application,djkvdihost829.jakarta01.com,JAKARTA01\mega  
Error,9/27/2017 8:05,EventCreate,1,None,Application,djkvdihost795.jakarta01.com,JAKARTA01\wulanf  
Error,9/27/2017 8:05,EventCreate,1,None,Application,djkvdihost587.jakarta01.com,JAKARTA01\fathiya  
Error,9/27/2017 8:05,EventCreate,1,None,Application,djkvdihost719.jakarta01.com,JAKARTA01\mutiara  
Error,9/27/2017 8:05,EventCreate,1,None,Application,djkvdihost635.jakarta01.com,JAKARTA01\adityo  
Error,9/27/2017 8:04,EventCreate,1,None,Application,djkvdihost254.jakarta01.com,JAKARTA01\subhan  
Error,9/27/2017 8:04,EventCreate,1,None,Application,djkvdihost753.jakarta01.com,JAKARTA01\erika  
Error,9/27/2017 8:04,EventCreate,1,None,Application,djkvdihost065.jakarta01.com,JAKARTA01\tyas  
Error,9/27/2017 8:04,EventCreate,1,None,Application,djkvdihost359.jakarta01.com,JAKARTA01\brenda  
Error,9/27/2017 8:04,EventCreate,1,None,Application,djkvdihost214.jakarta01.com,JAKARTA01\mery  
Error,9/27/2017 8:04,Application Error,1000,-100,Application,djkvdihost214.jakarta01.com,"Faulting application name: spoolsv.exe, version: 6.1.7601.17777, time stamp: 0x4f35efc3
Faulting module name: msvcrt.dll, version: 7.0.7601.17744, time stamp: 0x4eeaf722
Exception code: 0xc0000005
Fault offset: 0x0000aa14
Faulting process id: 0x630
Faulting application start time: 0x01d336e7d48001dc
Faulting application path: C:\Windows\System32\spoolsv.exe
Faulting module path: C:\Windows\system32\msvcrt.dll
Report Id: c183f2cb-a31f-11e7-8f45-0050569f50f1"
Error,9/27/2017 8:04,EventCreate,1,None,Application,djkvdihost183.jakarta01.com,JAKARTA01\EDameria  
Error,9/27/2017 8:04,EventCreate,1,None,Application,djkvdihost588.jakarta01.com,JAKARTA01\Festy  
Error,9/27/2017 8:04,EventCreate,1,None,Application,djkvdihost572.jakarta01.com,JAKARTA01\dhimas  
Error,9/27/2017 8:04,EventCreate,1,None,Application,djkvdihost275.jakarta01.com,JAKARTA01\yansen  
Error,9/27/2017 8:04,EventCreate,1,None,Application,djkvdihost220.jakarta01.com,JAKARTA01\rbagus  
Error,9/27/2017 8:03,EventCreate,1,None,Application,djkvdihost681.jakarta01.com,JAKARTA01\melany  
Error,9/27/2017 8:03,Application Error,1000,-100,Application,djkvdihost681.jakarta01.com,"Faulting application name: spoolsv.exe, version: 6.1.7601.17777, time stamp: 0x4f35efc3
Faulting module name: msvcrt.dll, version: 7.0.7601.17744, time stamp: 0x4eeaf722
Exception code: 0xc0000005
Fault offset: 0x0000aa14
Faulting process id: 0x63c
Faulting application start time: 0x01d336ad11a0b963
Faulting application path: C:\Windows\System32\spoolsv.exe
Faulting module path: C:\Windows\system32\msvcrt.dll
Report Id: b35fa35b-a31f-11e7-ae59-0050569f4c33"
Error,9/27/2017 8:04,EventCreate,1,None,Application,djkvdihost214.jakarta01.com,JAKARTA01\mery  
Error,9/27/2017 8:03,EventCreate,1,None,Application,djkvdihost779.jakarta01.com,JAKARTA01\nora  
Error,9/27/2017 8:03,EventCreate,1,None,Application,djkvdihost779.jakarta01.com,JAKARTA01\nora  
Error,9/27/2017 8:03,EventCreate,1,None,Application,djkvdihost294.jakarta01.com,JAKARTA01\samsul  
Error,9/27/2017 8:03,EventCreate,1,None,Application,djkvdihost086.jakarta01.com,JAKARTA01\samekto  
Error,9/27/2017 8:03,EventCreate,1,None,Application,djkvdihost528.jakarta01.com,JAKARTA01\Chairul  
Error,9/27/2017 8:03,EventCreate,1,None,Application,djkvdihost382.jakarta01.com,JAKARTA01\puri  
Error,9/27/2017 8:03,EventCreate,1,None,Application,djkvdihost585.jakarta01.com,JAKARTA01\alexsandro  
Error,9/27/2017 8:02,WSH,1,None,Application,djkvdihost294.jakarta01.com,"CN=Samsul Bahri password will expire in 4 day(s) at 10/1/2017 8:25:56 AM

Press CTRL + ALT + DEL and select the ""Change a password"" option."
Error,9/27/2017 8:03,EventCreate,1,None,Application,djkvdihost426.jakarta01.com,JAKARTA01\Donna  
Error,9/27/2017 8:03,WSH,1,None,Application,djkvdihost779.jakarta01.com,"CN=Nora Amelia password will expire in 4 day(s) at 10/1/2017 8:01:13 AM

Press CTRL + ALT + DEL and select the ""Change a password"" option."
Error,9/27/2017 8:03,EventCreate,1,None,Application,djkvdihost051.jakarta01.com,JAKARTA01\Yunita2  
Error,9/27/2017 8:03,EventCreate,1,None,Application,djkvdihost442.jakarta01.com,JAKARTA01\anderson  
Error,9/27/2017 8:03,EventCreate,1,None,Application,djkvdihost006.jakarta01.com,JAKARTA01\Rizky Anggari  
Error,9/27/2017 8:03,EventCreate,1,None,Application,djkvdihost189.jakarta01.com,JAKARTA01\wulan  
Error,9/27/2017 8:03,EventCreate,1,None,Application,djkvdihost554.jakarta01.com,JAKARTA01\ita shabrina  
Error,9/27/2017 8:03,EventCreate,1,None,Application,djkvdihost421.jakarta01.com,JAKARTA01\iva  
Error,9/27/2017 8:03,EventCreate,1,None,Application,djkvdihost253.jakarta01.com,JAKARTA01\Yunita  
Error,9/27/2017 8:03,EventCreate,1,None,Application,djkvdihost379.jakarta01.com,JAKARTA01\kristian  
Error,9/27/2017 8:03,WSH,1,None,Application,djkvdihost779.jakarta01.com,"CN=Nora Amelia password will expire in 4 day(s) at 10/1/2017 8:01:13 AM

Press CTRL + ALT + DEL and select the ""Change a password"" option."
Error,9/27/2017 8:03,EventCreate,1,None,Application,djkvdihost453.jakarta01.com,JAKARTA01\JUNETTE  
Error,9/27/2017 8:02,EventCreate,1,None,Application,djkvdihost504.jakarta01.com,JAKARTA01\istiningsih  
Error,9/27/2017 8:02,EventCreate,1,None,Application,djkvdihost265.jakarta01.com,JAKARTA01\yosie  
Error,9/27/2017 8:02,EventCreate,1,None,Application,djkvdihost166.jakarta01.com,JAKARTA01\Nurhayati  
Error,9/27/2017 8:02,EventCreate,1,None,Application,djkvdihost166.jakarta01.com,JAKARTA01\Nurhayati  
Error,9/27/2017 8:02,WSH,1,None,Application,djkvdihost294.jakarta01.com,"CN=Samsul Bahri password will expire in 4 day(s) at 10/1/2017 8:25:56 AM

Press CTRL + ALT + DEL and select the ""Change a password"" option."
Error,9/27/2017 8:02,EventCreate,1,None,Application,djkvdihost067.jakarta01.com,JAKARTA01\poespita  
Error,9/27/2017 8:02,EventCreate,1,None,Application,djkvdihost648.jakarta01.com,JAKARTA01\lisa  
Error,9/27/2017 8:02,EventCreate,1,None,Application,djkvdihost557.jakarta01.com,JAKARTA01\arum eka  
Error,9/27/2017 8:02,EventCreate,1,None,Application,djkvdihost796.jakarta01.com,JAKARTA01\MAUREEN  
Error,9/27/2017 8:02,EventCreate,1,None,Application,djkvdihost646.jakarta01.com,JAKARTA01\DanielAW  
Error,9/27/2017 8:02,EventCreate,1,None,Application,djkvdihost139.jakarta01.com,JAKARTA01\nungi  
Error,9/27/2017 8:02,EventCreate,1,None,Application,djkvdihost176.jakarta01.com,JAKARTA01\Chaterin  
Error,9/27/2017 8:02,EventCreate,1,None,Application,djkvdihost723.jakarta01.com,JAKARTA01\aprilia  
Error,9/27/2017 8:02,EventCreate,1,None,Application,djkvdihost302.jakarta01.com,JAKARTA01\ahmad zainul  
Error,9/27/2017 8:02,EventCreate,1,None,Application,djkvdihost409.jakarta01.com,JAKARTA01\Arlyne  
Error,9/27/2017 8:02,EventCreate,1,None,Application,djkvdihost418.jakarta01.com,JAKARTA01\fahrul  
Error,9/27/2017 8:02,EventCreate,1,None,Application,djkvdihost648.jakarta01.com,JAKARTA01\lisa  
Error,9/27/2017 8:02,EventCreate,1,None,Application,djkvdihost394.jakarta01.com,JAKARTA01\arinie  
Error,9/27/2017 8:02,EventCreate,1,None,Application,djkvdihost646.jakarta01.com,JAKARTA01\DanielAW  
Error,9/27/2017 8:02,EventCreate,1,None,Application,djkvdihost339.jakarta01.com,JAKARTA01\Risqia  
Error,9/27/2017 8:02,EventCreate,1,None,Application,djkvdihost800.jakarta01.com,JAKARTA01\budir  
Error,9/27/2017 8:02,EventCreate,1,None,Application,djkvdihost047.jakarta01.com,JAKARTA01\WulanAn  
Error,9/27/2017 8:01,EventCreate,1,None,Application,djkvdihost658.jakarta01.com,JAKARTA01\imam  
Error,9/27/2017 8:01,EventCreate,1,None,Application,djkvdihost471.jakarta01.com,JAKARTA01\Novianawati  
Error,9/27/2017 8:01,EventCreate,1,None,Application,djkvdihost139.jakarta01.com,JAKARTA01\nungi  
Error,9/27/2017 8:01,EventCreate,1,None,Application,djkvdihost485.jakarta01.com,JAKARTA01\heriansyah  
Error,9/27/2017 8:01,EventCreate,1,None,Application,djkvdihost020.jakarta01.com,JAKARTA01\natalie  
Error,9/27/2017 8:01,EventCreate,1,None,Application,djkvdihost681.jakarta01.com,JAKARTA01\melany  
Error,9/27/2017 8:01,EventCreate,1,None,Application,djkvdihost633.jakarta01.com,JAKARTA01\ivan  
Error,9/27/2017 8:01,EventCreate,1,None,Application,djkvdihost701.jakarta01.com,JAKARTA01\marie  
Error,9/27/2017 8:01,EventCreate,1,None,Application,djkvdihost677.jakarta01.com,JAKARTA01\yosephine  
Error,9/27/2017 8:00,EventCreate,1,None,Application,djkvdihost609.jakarta01.com,JAKARTA01\henry  
Error,9/27/2017 8:01,EventCreate,1,None,Application,djkvdihost165.jakarta01.com,JAKARTA01\alfiari  
Error,9/27/2017 8:01,EventCreate,1,None,Application,djkvdihost135.jakarta01.com,JAKARTA01\diah dwi  
Error,9/27/2017 8:01,EventCreate,1,None,Application,djkvdihost778.jakarta01.com,JAKARTA01\melani  
Error,9/27/2017 8:01,EventCreate,1,None,Application,djkvdihost777.jakarta01.com,JAKARTA01\yorika  
Error,9/27/2017 8:00,EventCreate,1,None,Application,djkvdihost023.jakarta01.com,JAKARTA01\niluh  
Error,9/27/2017 8:00,EventCreate,1,None,Application,djkvdihost792.jakarta01.com,JAKARTA01\devid  
Error,9/27/2017 8:00,Application Error,1000,-100,Application,djkvdihost609.jakarta01.com,"Faulting application name: spoolsv.exe, version: 6.1.7601.17777, time stamp: 0x4f35efc3
Faulting module name: msvcrt.dll, version: 7.0.7601.17744, time stamp: 0x4eeaf722
Exception code: 0xc0000005
Fault offset: 0x0000aa14
Faulting process id: 0x638
Faulting application start time: 0x01d3369feb023b5e
Faulting application path: C:\Windows\System32\spoolsv.exe
Faulting module path: C:\Windows\system32\msvcrt.dll
Report Id: 4d7a13d3-a31f-11e7-9a47-0050569f2bc8"
Error,9/27/2017 8:00,EventCreate,1,None,Application,djkvdihost771.jakarta01.com,JAKARTA01\Bambang  
Error,9/27/2017 8:00,EventCreate,1,None,Application,djkvdihost267.jakarta01.com,JAKARTA01\Tammyana  
Error,9/27/2017 8:00,WSH,1,None,Application,djkvdihost135.jakarta01.com,"CN=Diah Dwi Ayulestari password will expire in 4 day(s) at 10/1/2017 5:19:33 PM

Press CTRL + ALT + DEL and select the ""Change a password"" option."
Error,9/27/2017 8:00,WSH,1,None,Application,djkvdihost135.jakarta01.com,"CN=Diah Dwi Ayulestari password will expire in 4 day(s) at 10/1/2017 5:19:33 PM

Press CTRL + ALT + DEL and select the ""Change a password"" option."
Error,9/27/2017 8:00,EventCreate,1,None,Application,djkvdihost023.jakarta01.com,JAKARTA01\niluh  
Error,9/27/2017 8:00,EventCreate,1,None,Application,djkvdihost579.jakarta01.com,JAKARTA01\meri  
Error,9/27/2017 8:00,EventCreate,1,None,Application,djkvdihost694.jakarta01.com,JAKARTA01\aprianto  
Error,9/27/2017 7:59,WSH,1,None,Application,djkvdihost579.jakarta01.com,"CN=Meri Saadah password will expire in 4 day(s) at 10/1/2017 7:33:03 AM

Press CTRL + ALT + DEL and select the ""Change a password"" option."
Error,9/27/2017 7:59,EventCreate,1,None,Application,djkvdihost492.jakarta01.com,JAKARTA01\myreshka  
Error,9/27/2017 7:59,WSH,1,None,Application,djkvdihost579.jakarta01.com,"CN=Meri Saadah password will expire in 4 day(s) at 10/1/2017 7:33:03 AM

Press CTRL + ALT + DEL and select the ""Change a password"" option."
Error,9/27/2017 7:59,EventCreate,1,None,Application,djkvdihost079.jakarta01.com,JAKARTA01\dewi  
Error,9/27/2017 7:59,EventCreate,1,None,Application,djkvdihost138.jakarta01.com,JAKARTA01\Nur Maya  
Error,9/27/2017 7:59,EventCreate,1,None,Application,djkvdihost386.jakarta01.com,JAKARTA01\sugiarto  
Error,9/27/2017 7:59,EventCreate,1,None,Application,djkvdihost325.jakarta01.com,JAKARTA01\nila  
Error,9/27/2017 7:59,EventCreate,1,None,Application,djkvdihost280.jakarta01.com,JAKARTA01\MegaDN  
Error,9/27/2017 7:59,EventCreate,1,None,Application,djkvdihost279.jakarta01.com,JAKARTA01\hadid  
Error,9/27/2017 7:59,EventCreate,1,None,Application,djkvdihost785.jakarta01.com,JAKARTA01\dwi septiyanti  
Error,9/27/2017 7:58,Application Error,1000,-100,Application,djkvdihost279.jakarta01.com,"Faulting application name: spoolsv.exe, version: 6.1.7601.17777, time stamp: 0x4f35efc3
Faulting module name: msvcrt.dll, version: 7.0.7601.17744, time stamp: 0x4eeaf722
Exception code: 0xc0000005
Fault offset: 0x0000aa14
Faulting process id: 0x634
Faulting application start time: 0x01d336b9f67cfd6d
Faulting application path: C:\Windows\System32\spoolsv.exe
Faulting module path: C:\Windows\system32\msvcrt.dll
Report Id: 0b6921fa-a31f-11e7-9e73-0050569f6cfb"
Error,9/27/2017 7:58,EventCreate,1,None,Application,djkvdihost250.jakarta01.com,JAKARTA01\aticha  
Error,9/27/2017 7:58,EventCreate,1,None,Application,djkvdihost772.jakarta01.com,JAKARTA01\Dian Permata  
Error,9/27/2017 7:58,WSH,1,None,Application,djkvdihost250.jakarta01.com,"CN=Aticha Astary password will expire in 1 day(s) at 9/28/2017 6:55:15 AM

Press CTRL + ALT + DEL and select the ""Change a password"" option."
Error,9/27/2017 7:58,EventCreate,1,None,Application,djkvdihost863.jakarta01.com,JAKARTA01\bayu  
Error,9/27/2017 7:58,EventCreate,1,None,Application,djkvdihost259.jakarta01.com,JAKARTA01\Devina  
Error,9/27/2017 7:58,EventCreate,1,None,Application,djkvdihost108.jakarta01.com,JAKARTA01\Dilla  
Error,9/27/2017 7:58,EventCreate,1,None,Application,djkvdihost470.jakarta01.com,JAKARTA01\fajar  
Error,9/27/2017 7:58,WSH,1,None,Application,djkvdihost250.jakarta01.com,"CN=Aticha Astary password will expire in 1 day(s) at 9/28/2017 6:55:15 AM

Press CTRL + ALT + DEL and select the ""Change a password"" option."
Error,9/27/2017 7:58,EventCreate,1,None,Application,djkvdihost443.jakarta01.com,JAKARTA01\meity  
Error,9/27/2017 7:58,EventCreate,1,None,Application,djkvdihost425.jakarta01.com,JAKARTA01\komangsd  
Error,9/27/2017 7:58,EventCreate,1,None,Application,djkvdihost717.jakarta01.com,JAKARTA01\himawan  
Error,9/27/2017 7:57,WSH,1,None,Application,djkvdihost863.jakarta01.com,"CN=Andi Bayu W password will expire in 1 day(s) at 9/28/2017 8:06:14 AM

Press CTRL + ALT + DEL and select the ""Change a password"" option."
Error,9/27/2017 7:57,EventCreate,1,None,Application,djkvdihost404.jakarta01.com,JAKARTA01\mdendy  
Error,9/27/2017 7:57,EventCreate,1,None,Application,djkvdihost593.jakarta01.com,JAKARTA01\anggata  
Error,9/27/2017 7:57,WSH,1,None,Application,djkvdihost470.jakarta01.com,"CN=Fajar Kusuma password will expire in 1 day(s) at 9/28/2017 7:48:23 AM

Press CTRL + ALT + DEL and select the ""Change a password"" option."
Error,9/27/2017 7:57,EventCreate,1,None,Application,djkvdihost831.jakarta01.com,JAKARTA01\mirawati  
Error,9/27/2017 7:57,EventCreate,1,None,Application,djkvdihost248.jakarta01.com,JAKARTA01\Beny  
Error,9/27/2017 7:57,EventCreate,1,None,Application,djkvdihost187.jakarta01.com,JAKARTA01\luthfi  
Error,9/27/2017 7:57,WSH,1,None,Application,djkvdihost863.jakarta01.com,"CN=Andi Bayu W password will expire in 1 day(s) at 9/28/2017 8:06:14 AM

Press CTRL + ALT + DEL and select the ""Change a password"" option."
Error,9/27/2017 7:57,Application Error,1000,-100,Application,djkvdihost404.jakarta01.com,"Faulting application name: spoolsv.exe, version: 6.1.7601.17777, time stamp: 0x4f35efc3
Faulting module name: msvcrt.dll, version: 7.0.7601.17744, time stamp: 0x4eeaf722
Exception code: 0xc0000005
Fault offset: 0x0000aa14
Faulting process id: 0x630
Faulting application start time: 0x01d336b69aa28db5
Faulting application path: C:\Windows\System32\spoolsv.exe
Faulting module path: C:\Windows\system32\msvcrt.dll
Report Id: cf7f74bf-a31e-11e7-8ac4-0050569f50b8"
Error,9/27/2017 7:57,EventCreate,1,None,Application,djkvdihost070.jakarta01.com,JAKARTA01\gallant  
Error,9/27/2017 7:57,WSH,1,None,Application,djkvdihost470.jakarta01.com,"CN=Fajar Kusuma password will expire in 1 day(s) at 9/28/2017 7:48:23 AM

Press CTRL + ALT + DEL and select the ""Change a password"" option."
Error,9/27/2017 7:57,EventCreate,1,None,Application,djkvdihost509.jakarta01.com,JAKARTA01\yenni  
Error,9/27/2017 7:57,EventCreate,1,None,Application,djkvdihost525.jakarta01.com,JAKARTA01\ginanjar  
Error,9/27/2017 7:56,EventCreate,1,None,Application,djkvdihost893.jakarta01.com,JAKARTA01\Enjang  
Error,9/27/2017 7:56,EventCreate,1,None,Application,djkvdihost627.jakarta01.com,JAKARTA01\melly  
Error,9/27/2017 7:56,EventCreate,1,None,Application,djkvdihost311.jakarta01.com,JAKARTA01\dimas  
Error,9/27/2017 7:56,EventCreate,1,None,Application,djkvdihost900.jakarta01.com,JAKARTA01\Agus Sutikno  
Error,9/27/2017 7:56,EventCreate,1,None,Application,djkvdihost674.jakarta01.com,JAKARTA01\Putri Damayanti  
Error,9/27/2017 7:56,EventCreate,1,None,Application,djkvdihost782.jakarta01.com,JAKARTA01\eka prastica  
Error,9/27/2017 7:56,EventCreate,1,None,Application,djkvdihost101.jakarta01.com,JAKARTA01\airin  
Error,9/27/2017 7:56,EventCreate,1,None,Application,djkvdihost043.jakarta01.com,JAKARTA01\M Said  
Error,9/27/2017 7:56,EventCreate,1,None,Application,djkvdihost602.jakarta01.com,JAKARTA01\Pradita  
Error,9/27/2017 7:56,EventCreate,1,None,Application,djkvdihost643.jakarta01.com,JAKARTA01\ALTHEA  
Error,9/27/2017 7:56,EventCreate,1,None,Application,djkvdihost118.jakarta01.com,JAKARTA01\Jessica  
Error,9/27/2017 7:55,EventCreate,1,None,Application,djkvdihost218.jakarta01.com,JAKARTA01\Daniel  
Error,9/27/2017 7:55,WSH,1,None,Application,djkvdihost118.jakarta01.com,"CN=Jessica password will expire in 1 day(s) at 9/28/2017 7:39:59 AM

Press CTRL + ALT + DEL and select the ""Change a password"" option."
Error,9/27/2017 7:55,EventCreate,1,None,Application,djkvdihost180.jakarta01.com,JAKARTA01\budhasca  
Error,9/27/2017 7:54,EventCreate,1,None,Application,djkvdihost180.jakarta01.com,JAKARTA01\budhasca  
Error,9/27/2017 7:54,EventCreate,1,None,Application,djkvdihost180.jakarta01.com,JAKARTA01\budhasca  
Error,9/27/2017 7:55,EventCreate,1,None,Application,djkvdihost857.jakarta01.com,JAKARTA01\abdul  
Error,9/27/2017 7:55,EventCreate,1,None,Application,djkvdihost416.jakarta01.com,JAKARTA01\davidhs  
Error,9/27/2017 7:55,WSH,1,None,Application,djkvdihost118.jakarta01.com,"CN=Jessica password will expire in 1 day(s) at 9/28/2017 7:39:59 AM

Press CTRL + ALT + DEL and select the ""Change a password"" option."
Error,9/27/2017 7:55,EventCreate,1,None,Application,djkvdihost613.jakarta01.com,JAKARTA01\isnaini  
Error,9/27/2017 7:54,EventCreate,1,None,Application,djkvdihost036.jakarta01.com,JAKARTA01\Ana  
Error,9/27/2017 7:54,EventCreate,1,None,Application,djkvdihost544.jakarta01.com,JAKARTA01\lani  
Error,9/27/2017 7:54,EventCreate,1,None,Application,djkvdihost180.jakarta01.com,JAKARTA01\budhasca  
Error,9/27/2017 7:54,EventCreate,1,None,Application,djkvdihost321.jakarta01.com,JAKARTA01\Rinaldo  
Error,9/27/2017 7:54,EventCreate,1,None,Application,djkvdihost895.jakarta01.com,JAKARTA01\naruhito  
Error,9/27/2017 7:54,EventCreate,1,None,Application,djkvdihost741.jakarta01.com,JAKARTA01\christian  
Error,9/27/2017 7:54,EventCreate,1,None,Application,djkvdihost137.jakarta01.com,JAKARTA01\tjahja  
Error,9/27/2017 7:54,EventCreate,1,None,Application,djkvdihost301.jakarta01.com,JAKARTA01\janna  
Error,9/27/2017 7:54,EventCreate,1,None,Application,djkvdihost357.jakarta01.com,JAKARTA01\alvita  
Error,9/27/2017 7:54,EventCreate,1,None,Application,djkvdihost595.jakarta01.com,JAKARTA01\Anosa  
Error,9/27/2017 7:54,EventCreate,1,None,Application,djkvdihost490.jakarta01.com,JAKARTA01\restiani  
Error,9/27/2017 7:54,EventCreate,1,None,Application,djkvdihost835.jakarta01.com,JAKARTA01\Damal  
Error,9/27/2017 7:54,EventCreate,1,None,Application,djkvdihost389.jakarta01.com,JAKARTA01\Danny  
Error,9/27/2017 7:53,EventCreate,1,None,Application,djkvdihost731.jakarta01.com,JAKARTA01\nur endah  
Error,9/27/2017 7:53,EventCreate,1,None,Application,djkvdihost850.jakarta01.com,JAKARTA01\andi  
Error,9/27/2017 7:53,EventCreate,1,None,Application,djkvdihost137.jakarta01.com,JAKARTA01\tjahja  
Error,9/27/2017 7:53,EventCreate,1,None,Application,djkvdihost570.jakarta01.com,JAKARTA01\Darmawati  
Error,9/27/2017 7:53,EventCreate,1,None,Application,djkvdihost278.jakarta01.com,JAKARTA01\chris  
Error,9/27/2017 7:53,EventCreate,1,None,Application,djkvdihost329.jakarta01.com,JAKARTA01\KristoforusAW  
Error,9/27/2017 7:52,EventCreate,1,None,Application,djkvdihost489.jakarta01.com,JAKARTA01\titis  
Error,9/27/2017 7:52,EventCreate,1,None,Application,djkvdihost093.jakarta01.com,JAKARTA01\JanuardiI  
Error,9/27/2017 7:52,EventCreate,1,None,Application,djkvdihost508.jakarta01.com,JAKARTA01\nadhilah  
Error,9/27/2017 7:52,EventCreate,1,None,Application,djkvdihost035.jakarta01.com,JAKARTA01\Dyandra  
Error,9/27/2017 7:52,EventCreate,1,None,Application,djkvdihost704.jakarta01.com,JAKARTA01\REIS  
Error,9/27/2017 7:52,EventCreate,1,None,Application,djkvdihost626.jakarta01.com,JAKARTA01\andryan  
Error,9/27/2017 7:52,EventCreate,1,None,Application,djkvdihost227.jakarta01.com,JAKARTA01\sorayahs  
Error,9/27/2017 7:51,EventCreate,1,None,Application,djkvdihost515.jakarta01.com,JAKARTA01\ningmatul  
Error,9/27/2017 7:51,EventCreate,1,None,Application,djkvdihost260.jakarta01.com,JAKARTA01\mazy  
Error,9/27/2017 7:51,EventCreate,1,None,Application,djkvdihost791.jakarta01.com,JAKARTA01\martha  
Error,9/27/2017 7:51,EventCreate,1,None,Application,djkvdihost193.jakarta01.com,JAKARTA01\Astriana  
Error,9/27/2017 7:50,EventCreate,1,None,Application,djkvdihost154.jakarta01.com,JAKARTA01\hilmy  
Error,9/27/2017 7:50,EventCreate,1,None,Application,djkvdihost656.jakarta01.com,JAKARTA01\barry  
Error,9/27/2017 7:50,EventCreate,1,None,Application,djkvdihost784.jakarta01.com,JAKARTA01\chalfin  
Error,9/27/2017 7:50,EventCreate,1,None,Application,djkvdihost291.jakarta01.com,JAKARTA01\cinta  
Error,9/27/2017 7:50,EventCreate,1,None,Application,djkvdihost154.jakarta01.com,JAKARTA01\hilmy  
Error,9/27/2017 7:50,EventCreate,1,None,Application,djkvdihost814.jakarta01.com,JAKARTA01\Sandra  
Error,9/27/2017 7:49,WSH,1,None,Application,djkvdihost656.jakarta01.com,"CN=Barry Christie T password will expire in 1 day(s) at 9/28/2017 7:09:01 AM

Press CTRL + ALT + DEL and select the ""Change a password"" option."
Error,9/27/2017 7:49,EventCreate,1,None,Application,djkvdihost007.jakarta01.com,JAKARTA01\utomo  
Error,9/27/2017 7:49,EventCreate,1,None,Application,djkvdihost282.jakarta01.com,JAKARTA01\yosanta  
Error,9/27/2017 7:49,EventCreate,1,None,Application,djkvdihost521.jakarta01.com,JAKARTA01\yumiyati  
Error,9/27/2017 7:49,WSH,1,None,Application,djkvdihost656.jakarta01.com,"CN=Barry Christie T password will expire in 1 day(s) at 9/28/2017 7:09:01 AM

Press CTRL + ALT + DEL and select the ""Change a password"" option."
Error,9/27/2017 7:49,EventCreate,1,None,Application,djkvdihost088.jakarta01.com,JAKARTA01\Dini  
Error,9/27/2017 7:49,EventCreate,1,None,Application,djkvdihost143.jakarta01.com,JAKARTA01\SANI  
Error,9/27/2017 7:49,EventCreate,1,None,Application,djkvdihost007.jakarta01.com,JAKARTA01\utomo  
Error,9/27/2017 7:49,EventCreate,1,None,Application,djkvdihost623.jakarta01.com,JAKARTA01\fitri  
Error,9/27/2017 7:48,EventCreate,1,None,Application,djkvdihost323.jakarta01.com,JAKARTA01\bagas  
Error,9/27/2017 7:48,EventCreate,1,None,Application,djkvdihost145.jakarta01.com,JAKARTA01\ryan  
Error,9/27/2017 7:48,EventCreate,1,None,Application,djkvdihost546.jakarta01.com,JAKARTA01\wildan  
Error,9/27/2017 7:48,EventCreate,1,None,Application,djkvdihost546.jakarta01.com,JAKARTA01\wildan  
Error,9/27/2017 7:48,EventCreate,1,None,Application,djkvdihost458.jakarta01.com,JAKARTA01\Fardhady  
Error,9/27/2017 7:48,EventCreate,1,None,Application,djkvdihost202.jakarta01.com,JAKARTA01\yudi  
Error,9/27/2017 7:47,WSH,1,None,Application,djkvdihost323.jakarta01.com,"CN=Bagas Kurniawan password will expire in 4 day(s) at 10/1/2017 4:14:05 PM

Press CTRL + ALT + DEL and select the ""Change a password"" option."
Error,9/27/2017 7:47,EventCreate,1,None,Application,djkvdihost318.jakarta01.com,JAKARTA01\Rahmat  
Error,9/27/2017 7:47,EventCreate,1,None,Application,djkvdihost211.jakarta01.com,JAKARTA01\ipuk  
Error,9/27/2017 7:47,WSH,1,None,Application,djkvdihost323.jakarta01.com,"CN=Bagas Kurniawan password will expire in 4 day(s) at 10/1/2017 4:14:05 PM

Press CTRL + ALT + DEL and select the ""Change a password"" option."
Error,9/27/2017 7:47,EventCreate,1,None,Application,djkvdihost465.jakarta01.com,JAKARTA01\gadis  
Error,9/27/2017 7:47,EventCreate,1,None,Application,djkvdihost374.jakarta01.com,JAKARTA01\tantri  
Error,9/27/2017 7:47,Application Error,1000,-100,Application,djkvdihost465.jakarta01.com,"Faulting application name: spoolsv.exe, version: 6.1.7601.17777, time stamp: 0x4f35efc3
Faulting module name: msvcrt.dll, version: 7.0.7601.17744, time stamp: 0x4eeaf722
Exception code: 0xc0000005
Fault offset: 0x0000aa14
Faulting process id: 0x638
Faulting application start time: 0x01d336bd2e0014f9
Faulting application path: C:\Windows\System32\spoolsv.exe
Faulting module path: C:\Windows\system32\msvcrt.dll
Report Id: 6bca7c4e-a31d-11e7-a6de-0050569f61de"
Error,9/27/2017 7:46,EventCreate,1,None,Application,djkvdihost574.jakarta01.com,JAKARTA01\Lukitowati  
Error,9/27/2017 7:46,EventCreate,1,None,Application,djkvdihost574.jakarta01.com,JAKARTA01\Lukitowati  
Error,9/27/2017 7:47,EventCreate,1,None,Application,djkvdihost351.jakarta01.com,JAKARTA01\feni  
Error,9/27/2017 7:47,EventCreate,1,None,Application,djkvdihost775.jakarta01.com,JAKARTA01\krisna  
Error,9/27/2017 7:46,EventCreate,1,None,Application,djkvdihost522.jakarta01.com,JAKARTA01\toyoda  
Error,9/27/2017 7:46,EventCreate,1,None,Application,djkvdihost871.jakarta01.com,JAKARTA01\alia  
Error,9/27/2017 7:46,EventCreate,1,None,Application,djkvdihost090.jakarta01.com,JAKARTA01\komang  
Error,9/27/2017 7:46,EventCreate,1,None,Application,djkvdihost333.jakarta01.com,JAKARTA01\nurmalasari  
Error,9/27/2017 7:46,EventCreate,1,None,Application,djkvdihost574.jakarta01.com,JAKARTA01\Lukitowati  
Error,9/27/2017 7:46,EventCreate,1,None,Application,djkvdihost502.jakarta01.com,JAKARTA01\dian  
Error,9/27/2017 7:46,EventCreate,1,None,Application,djkvdihost102.jakarta01.com,JAKARTA01\Rana  
Error,9/27/2017 7:46,EventCreate,1,None,Application,djkvdihost431.jakarta01.com,JAKARTA01\tudie  
Error,9/27/2017 7:46,EventCreate,1,None,Application,djkvdihost352.jakarta01.com,JAKARTA01\Chadijah  
Error,9/27/2017 7:45,EventCreate,1,None,Application,djkvdihost109.jakarta01.com,JAKARTA01\Indah  
Error,9/27/2017 7:45,EventCreate,1,None,Application,djkvdihost659.jakarta01.com,JAKARTA01\pramana  
Error,9/27/2017 7:45,EventCreate,1,None,Application,djkvdihost629.jakarta01.com,JAKARTA01\widiasmara  
Error,9/27/2017 7:45,EventCreate,1,None,Application,djkvdihost606.jakarta01.com,JAKARTA01\Mustikawati  
Error,9/27/2017 7:45,EventCreate,1,None,Application,djkvdihost109.jakarta01.com,JAKARTA01\Indah  
Error,9/27/2017 7:45,EventCreate,1,None,Application,djkvdihost204.jakarta01.com,JAKARTA01\suhendrayana  
Error,9/27/2017 7:45,EventCreate,1,None,Application,djkvdihost474.jakarta01.com,JAKARTA01\maria  
Error,9/27/2017 7:45,EventCreate,1,None,Application,djkvdihost671.jakarta01.com,JAKARTA01\Arum  
Error,9/27/2017 7:44,EventCreate,1,None,Application,djkvdihost398.jakarta01.com,JAKARTA01\teddy h  
Error,9/27/2017 7:44,EventCreate,1,None,Application,djkvdihost395.jakarta01.com,JAKARTA01\dadi  
Error,9/27/2017 7:43,EventCreate,1,None,Application,djkvdihost273.jakarta01.com,JAKARTA01\annisa inggita  
Error,9/27/2017 7:43,EventCreate,1,None,Application,djkvdihost412.jakarta01.com,JAKARTA01\vina  
Error,9/27/2017 7:43,EventCreate,1,None,Application,djkvdihost896.jakarta01.com,JAKARTA01\Adhisty  
Error,9/27/2017 7:43,EventCreate,1,None,Application,djkvdihost472.jakarta01.com,JAKARTA01\srahma  
Error,9/27/2017 7:43,EventCreate,1,None,Application,djkvdihost099.jakarta01.com,JAKARTA01\sinta  
Error,9/27/2017 7:42,EventCreate,1,None,Application,djkvdihost032.jakarta01.com,JAKARTA01\caroline  
Error,9/27/2017 7:42,Application Error,1000,-100,Application,djkvdihost032.jakarta01.com,"Faulting application name: spoolsv.exe, version: 6.1.7601.17777, time stamp: 0x4f35efc3
Faulting module name: msvcrt.dll, version: 7.0.7601.17744, time stamp: 0x4eeaf722
Exception code: 0xc0000005
Fault offset: 0x0000aa14
Faulting process id: 0x634
Faulting application start time: 0x01d336c881eca2dd
Faulting application path: C:\Windows\System32\spoolsv.exe
Faulting module path: C:\Windows\system32\msvcrt.dll
Report Id: c54926f4-a31c-11e7-9979-0050569f6c2d"
Error,9/27/2017 7:42,EventCreate,1,None,Application,djkvdihost160.jakarta01.com,JAKARTA01\eddy  
Error,9/27/2017 7:42,EventCreate,1,None,Application,djkvdihost617.jakarta01.com,JAKARTA01\retno  
Error,9/27/2017 7:41,EventCreate,1,None,Application,djkvdihost192.jakarta01.com,JAKARTA01\Talitha  
Error,9/27/2017 7:41,EventCreate,1,None,Application,djkvdihost665.jakarta01.com,JAKARTA01\Dina Vathati  
Error,9/27/2017 7:41,EventCreate,1,None,Application,djkvdihost142.jakarta01.com,JAKARTA01\belly  
Error,9/27/2017 7:41,EventCreate,1,None,Application,djkvdihost765.jakarta01.com,JAKARTA01\rindang  
Error,9/27/2017 7:41,EventCreate,1,None,Application,djkvdihost765.jakarta01.com,JAKARTA01\rindang  
Error,9/27/2017 7:40,EventCreate,1,None,Application,djkvdihost195.jakarta01.com,JAKARTA01\dwinda  
Error,9/27/2017 7:40,EventCreate,1,None,Application,djkvdihost358.jakarta01.com,JAKARTA01\Letitia  
Error,9/27/2017 7:40,EventCreate,1,None,Application,djkvdihost765.jakarta01.com,JAKARTA01\rindang  
Error,9/27/2017 7:39,EventCreate,1,None,Application,djkvdihost358.jakarta01.com,JAKARTA01\Letitia  
Error,9/27/2017 7:40,EventCreate,1,None,Application,djkvdihost448.jakarta01.com,JAKARTA01\heriyadi  
Error,9/27/2017 7:39,EventCreate,1,None,Application,djkvdihost536.jakarta01.com,JAKARTA01\linda  
Error,9/27/2017 7:39,EventCreate,1,None,Application,djkvdihost645.jakarta01.com,JAKARTA01\yusi  
Error,9/27/2017 7:38,EventCreate,1,None,Application,djkvdihost289.jakarta01.com,JAKARTA01\Rio Satria  
Error,9/27/2017 7:38,EventCreate,1,None,Application,djkvdihost532.jakarta01.com,JAKARTA01\indrawati  
Error,9/27/2017 7:38,EventCreate,1,None,Application,djkvdihost392.jakarta01.com,JAKARTA01\Yosi  
Error,9/27/2017 7:38,EventCreate,1,None,Application,djkvdihost219.jakarta01.com,JAKARTA01\elita  
Error,9/27/2017 7:38,EventCreate,1,None,Application,djkvdihost622.jakarta01.com,JAKARTA01\tiar  
Error,9/27/2017 7:37,EventCreate,1,None,Application,djkvdihost348.jakarta01.com,JAKARTA01\Lukitowati  
Error,9/27/2017 7:37,EventCreate,1,None,Application,djkvdihost767.jakarta01.com,JAKARTA01\Dicky  
Error,9/27/2017 7:36,EventCreate,1,None,Application,djkvdihost767.jakarta01.com,JAKARTA01\Dicky  
Error,9/27/2017 7:36,EventCreate,1,None,Application,djkvdihost400.jakarta01.com,JAKARTA01\MIrhasE  
Error,9/27/2017 7:36,EventCreate,1,None,Application,djkvdihost444.jakarta01.com,JAKARTA01\ChyntiaDN  
Error,9/27/2017 7:36,Application Error,1000,-100,Application,djkvdihost767.jakarta01.com,"Faulting application name: wfcrun32.exe, version: 14.4.1000.16, time stamp: 0x571e1bd4
Faulting module name: MFC80.DLL, version: 8.0.50727.6195, time stamp: 0x4dcdeca2
Exception code: 0xc0000005
Fault offset: 0x0005e1b0
Faulting process id: 0x18dc
Faulting application start time: 0x01d337289f45072d
Faulting application path: C:\Program Files\Citrix\ICA Client\wfcrun32.exe
Faulting module path: C:\Windows\WinSxS\x86_microsoft.vc80.mfc_1fc8b3b9a1e18e3b_8.0.50727.6195_none_cbf5e994470a1a8f\MFC80.DLL
Report Id: e3a07a3d-a31b-11e7-ba33-0050569f79f3"
Error,9/27/2017 7:36,EventCreate,1,None,Application,djkvdihost510.jakarta01.com,JAKARTA01\k_ignatius  
Error,9/27/2017 7:35,WSH,1,None,Application,djkvdihost767.jakarta01.com,"CN=Dicky Andhika Abdurrahman password will expire in 4 day(s) at 10/1/2017 7:18:12 AM

Press CTRL + ALT + DEL and select the ""Change a password"" option."
Error,9/27/2017 7:36,EventCreate,1,None,Application,djkvdihost773.jakarta01.com,JAKARTA01\ayub  
Error,9/27/2017 7:36,EventCreate,1,None,Application,djkvdihost001.jakarta01.com,JAKARTA01\inna  
Error,9/27/2017 7:36,EventCreate,1,None,Application,djkvdihost384.jakarta01.com,JAKARTA01\muhammad afif  
Error,9/27/2017 7:36,EventCreate,1,None,Application,djkvdihost642.jakarta01.com,JAKARTA01\haris  
Error,9/27/2017 7:35,WSH,1,None,Application,djkvdihost767.jakarta01.com,"CN=Dicky Andhika Abdurrahman password will expire in 4 day(s) at 10/1/2017 7:18:12 AM

Press CTRL + ALT + DEL and select the ""Change a password"" option."
Error,9/27/2017 7:35,EventCreate,1,None,Application,djkvdihost422.jakarta01.com,JAKARTA01\Amaliawati  
Error,9/27/2017 7:35,EventCreate,1,None,Application,djkvdihost293.jakarta01.com,JAKARTA01\paramita  
Error,9/27/2017 7:34,EventCreate,1,None,Application,djkvdihost839.jakarta01.com,JAKARTA01\arief  
Error,9/27/2017 7:34,EventCreate,1,None,Application,djkvdihost027.jakarta01.com,JAKARTA01\sulistyono  
Error,9/27/2017 7:34,EventCreate,1,None,Application,djkvdihost514.jakarta01.com,JAKARTA01\ayudia  
Error,9/27/2017 7:34,EventCreate,1,None,Application,djkvdihost542.jakarta01.com,JAKARTA01\AdrianP  
Error,9/27/2017 7:33,EventCreate,1,None,Application,djkvdihost027.jakarta01.com,JAKARTA01\sulistyono  
Error,9/27/2017 7:33,EventCreate,1,None,Application,djkvdihost454.jakarta01.com,JAKARTA01\adhi  
Error,9/27/2017 7:32,WSH,1,None,Application,djkvdihost454.jakarta01.com,"CN=Adhi Pradityo password will expire in 4 day(s) at 10/1/2017 7:25:00 AM

Press CTRL + ALT + DEL and select the ""Change a password"" option."
Error,9/27/2017 7:33,EventCreate,1,None,Application,djkvdihost873.jakarta01.com,JAKARTA01\harry  
Error,9/27/2017 7:33,EventCreate,1,None,Application,djkvdihost720.jakarta01.com,JAKARTA01\ceciliadt  
Error,9/27/2017 7:33,EventCreate,1,None,Application,djkvdihost229.jakarta01.com,JAKARTA01\nunik  
Error,9/27/2017 7:32,EventCreate,1,None,Application,djkvdihost616.jakarta01.com,JAKARTA01\fardy  
Error,9/27/2017 7:32,EventCreate,1,None,Application,djkvdihost495.jakarta01.com,JAKARTA01\Ameilia  
Error,9/27/2017 7:32,WSH,1,None,Application,djkvdihost454.jakarta01.com,"CN=Adhi Pradityo password will expire in 4 day(s) at 10/1/2017 7:25:00 AM

Press CTRL + ALT + DEL and select the ""Change a password"" option."
Error,9/27/2017 7:32,EventCreate,1,None,Application,djkvdihost751.jakarta01.com,JAKARTA01\raditya  
Error,9/27/2017 7:32,EventCreate,1,None,Application,djkvdihost042.jakarta01.com,JAKARTA01\lenny  
Error,9/27/2017 7:32,EventCreate,1,None,Application,djkvdihost760.jakarta01.com,JAKARTA01\RURI  
Error,9/27/2017 7:31,EventCreate,1,None,Application,djkvdihost766.jakarta01.com,JAKARTA01\femmy  
Error,9/27/2017 7:31,EventCreate,1,None,Application,djkvdihost295.jakarta01.com,JAKARTA01\marchelius  
Error,9/27/2017 7:31,EventCreate,1,None,Application,djkvdihost825.jakarta01.com,JAKARTA01\Bob Jasper  
Error,9/27/2017 7:30,EventCreate,1,None,Application,djkvdihost185.jakarta01.com,JAKARTA01\heri  
Error,9/27/2017 7:30,EventCreate,1,None,Application,djkvdihost388.jakarta01.com,JAKARTA01\ayuningtias  
Error,9/27/2017 7:30,EventCreate,1,None,Application,djkvdihost830.jakarta01.com,JAKARTA01\rezky  
Error,9/27/2017 7:30,EventCreate,1,None,Application,djkvdihost553.jakarta01.com,JAKARTA01\kusumadita  
Error,9/27/2017 7:29,EventCreate,1,None,Application,djkvdihost860.jakarta01.com,JAKARTA01\sodeoka  
Error,9/27/2017 7:29,EventCreate,1,None,Application,djkvdihost049.jakarta01.com,JAKARTA01\ayu  
Error,9/27/2017 7:29,EventCreate,1,None,Application,djkvdihost660.jakarta01.com,JAKARTA01\gati  
Error,9/27/2017 7:29,EventCreate,1,None,Application,djkvdihost660.jakarta01.com,JAKARTA01\gati  
Error,9/27/2017 7:29,EventCreate,1,None,Application,djkvdihost660.jakarta01.com,JAKARTA01\gati  
Error,9/27/2017 7:28,EventCreate,1,None,Application,djkvdihost206.jakarta01.com,JAKARTA01\rusliadi  
Error,9/27/2017 7:28,EventCreate,1,None,Application,djkvdihost660.jakarta01.com,JAKARTA01\gati  
Error,9/27/2017 7:28,EventCreate,1,None,Application,djkvdihost173.jakarta01.com,JAKARTA01\vanya  
Error,9/27/2017 7:28,EventCreate,1,None,Application,djkvdihost034.jakarta01.com,JAKARTA01\antonius  
Error,9/27/2017 7:28,EventCreate,1,None,Application,djkvdihost726.jakarta01.com,JAKARTA01\nony  
Error,9/27/2017 7:28,EventCreate,1,None,Application,djkvdihost128.jakarta01.com,JAKARTA01\fatma  
Error,9/27/2017 7:28,EventCreate,1,None,Application,djkvdihost206.jakarta01.com,JAKARTA01\rusliadi  
Error,9/27/2017 7:28,EventCreate,1,None,Application,djkvdihost034.jakarta01.com,JAKARTA01\antonius  
Error,9/27/2017 7:28,EventCreate,1,None,Application,djkvdihost078.jakarta01.com,JAKARTA01\susilowati  
Error,9/27/2017 7:27,EventCreate,1,None,Application,djkvdihost739.jakarta01.com,JAKARTA01\binar  
Error,9/27/2017 7:27,EventCreate,1,None,Application,djkvdihost687.jakarta01.com,JAKARTA01\ailsa  
Error,9/27/2017 7:27,EventCreate,1,None,Application,djkvdihost463.jakarta01.com,JAKARTA01\livia  
Error,9/27/2017 7:27,WSH,1,None,Application,djkvdihost739.jakarta01.com,"CN=Binar Kistina Satcaningtyas password will expire in 1 day(s) at 9/28/2017 7:12:23 AM

Press CTRL + ALT + DEL and select the ""Change a password"" option."
Error,9/27/2017 7:27,EventCreate,1,None,Application,djkvdihost685.jakarta01.com,JAKARTA01\amanda  
Error,9/27/2017 7:26,EventCreate,1,None,Application,djkvdihost171.jakarta01.com,JAKARTA01\ronal  
Error,9/27/2017 7:27,WSH,1,None,Application,djkvdihost739.jakarta01.com,"CN=Binar Kistina Satcaningtyas password will expire in 1 day(s) at 9/28/2017 7:12:23 AM

Press CTRL + ALT + DEL and select the ""Change a password"" option."
Error,9/27/2017 7:26,EventCreate,1,None,Application,djkvdihost695.jakarta01.com,JAKARTA01\raras  
Error,9/27/2017 7:26,EventCreate,1,None,Application,djkvdihost695.jakarta01.com,JAKARTA01\raras  
Error,9/27/2017 7:26,EventCreate,1,None,Application,djkvdihost690.jakarta01.com,JAKARTA01\karen  
Error,9/27/2017 7:25,WSH,1,None,Application,djkvdihost171.jakarta01.com,"CN=Ronal Priguna Murni password will expire in 4 day(s) at 10/1/2017 7:10:52 AM

Press CTRL + ALT + DEL and select the ""Change a password"" option."
Error,9/27/2017 7:25,EventCreate,1,None,Application,djkvdihost039.jakarta01.com,JAKARTA01\topik  
Error,9/27/2017 7:25,WSH,1,None,Application,djkvdihost690.jakarta01.com,"CN=Karen Laurencia password will expire in 1 day(s) at 9/28/2017 7:15:10 AM

Press CTRL + ALT + DEL and select the ""Change a password"" option."
Error,9/27/2017 7:25,WSH,1,None,Application,djkvdihost171.jakarta01.com,"CN=Ronal Priguna Murni password will expire in 4 day(s) at 10/1/2017 7:10:52 AM

Press CTRL + ALT + DEL and select the ""Change a password"" option."
Error,9/27/2017 7:25,WSH,1,None,Application,djkvdihost690.jakarta01.com,"CN=Karen Laurencia password will expire in 1 day(s) at 9/28/2017 7:15:10 AM

Press CTRL + ALT + DEL and select the ""Change a password"" option."
Error,9/27/2017 7:25,EventCreate,1,None,Application,djkvdihost218.jakarta01.com,JAKARTA01\ailsa  
Error,9/27/2017 7:24,EventCreate,1,None,Application,djkvdihost815.jakarta01.com,JAKARTA01\aria  
Error,9/27/2017 7:24,EventCreate,1,None,Application,djkvdihost399.jakarta01.com,JAKARTA01\m iqbal  
Error,9/27/2017 7:23,EventCreate,1,None,Application,djkvdihost435.jakarta01.com,JAKARTA01\Dimas Satya  
Error,9/27/2017 7:23,EventCreate,1,None,Application,djkvdihost435.jakarta01.com,JAKARTA01\Dimas Satya  
Error,9/27/2017 7:23,EventCreate,1,None,Application,djkvdihost446.jakarta01.com,JAKARTA01\andini  
Error,9/27/2017 7:23,EventCreate,1,None,Application,djkvdihost346.jakarta01.com,JAKARTA01\Leli  
Error,9/27/2017 7:23,EventCreate,1,None,Application,djkvdihost435.jakarta01.com,JAKARTA01\Dimas Satya  
Error,9/27/2017 7:23,EventCreate,1,None,Application,djkvdihost428.jakarta01.com,JAKARTA01\risa  
Error,9/27/2017 7:22,EventCreate,1,None,Application,djkvdihost879.jakarta01.com,JAKARTA01\Kurnia Arisayuga  
Error,9/27/2017 7:22,EventCreate,1,None,Application,djkvdihost754.jakarta01.com,JAKARTA01\debby  
Error,9/27/2017 7:22,EventCreate,1,None,Application,djkvdihost820.jakarta01.com,JAKARTA01\gatots  
Error,9/27/2017 7:22,WSH,1,None,Application,djkvdihost879.jakarta01.com,"CN=Kurnia Arisayuga password will expire in 4 day(s) at 10/1/2017 8:01:35 AM

Press CTRL + ALT + DEL and select the ""Change a password"" option."
Error,9/27/2017 7:22,WSH,1,None,Application,djkvdihost879.jakarta01.com,"CN=Kurnia Arisayuga password will expire in 4 day(s) at 10/1/2017 8:01:35 AM

Press CTRL + ALT + DEL and select the ""Change a password"" option."
Error,9/27/2017 7:21,EventCreate,1,None,Application,djkvdihost018.jakarta01.com,JAKARTA01\andiani  
Error,9/27/2017 7:21,EventCreate,1,None,Application,djkvdihost119.jakarta01.com,JAKARTA01\dwinanto  
Error,9/27/2017 7:19,EventCreate,1,None,Application,djkvdihost349.jakarta01.com,JAKARTA01\nicole  
Error,9/27/2017 7:19,EventCreate,1,None,Application,djkvdihost125.jakarta01.com,JAKARTA01\DianRamadhania  
Error,9/27/2017 7:19,EventCreate,1,None,Application,djkvdihost450.jakarta01.com,JAKARTA01\HEra  
Error,9/27/2017 7:18,EventCreate,1,None,Application,djkvdihost516.jakarta01.com,JAKARTA01\willya  
Error,9/27/2017 7:18,EventCreate,1,None,Application,djkvdihost234.jakarta01.com,JAKARTA01\mauluddin  
Error,9/27/2017 7:18,EventCreate,1,None,Application,djkvdihost060.jakarta01.com,JAKARTA01\ester  
Error,9/27/2017 7:18,EventCreate,1,None,Application,djkvdihost213.jakarta01.com,JAKARTA01\danielhp  
Error,9/27/2017 7:17,EventCreate,1,None,Application,djkvdihost210.jakarta01.com,JAKARTA01\faiqa  
Error,9/27/2017 7:17,Application Error,1000,-100,Application,djkvdihost210.jakarta01.com,"Faulting application name: spoolsv.exe, version: 6.1.7601.17777, time stamp: 0x4f35efc3
Faulting module name: msvcrt.dll, version: 7.0.7601.17744, time stamp: 0x4eeaf722
Exception code: 0xc0000005
Fault offset: 0x0000aa14
Faulting process id: 0x630
Faulting application start time: 0x01d336b921240bee
Faulting application path: C:\Windows\System32\spoolsv.exe
Faulting module path: C:\Windows\system32\msvcrt.dll
Report Id: 2e73e74f-a319-11e7-b037-0050569f2e3d"
Error,9/27/2017 7:17,EventCreate,1,None,Application,djkvdihost852.jakarta01.com,JAKARTA01\katsuta  
Error,9/27/2017 7:17,EventCreate,1,None,Application,djkvdihost877.jakarta01.com,JAKARTA01\tsusaka  
Error,9/27/2017 7:17,EventCreate,1,None,Application,djkvdihost874.jakarta01.com,JAKARTA01\Nishinaka  
Error,9/27/2017 7:16,EventCreate,1,None,Application,djkvdihost210.jakarta01.com,JAKARTA01\faiqa  
Error,9/27/2017 7:15,EventCreate,1,None,Application,djkvdihost441.jakarta01.com,JAKARTA01\andrinur  
Error,9/27/2017 7:15,EventCreate,1,None,Application,djkvdihost716.jakarta01.com,JAKARTA01\muhammad zubayr  
Error,9/27/2017 7:14,EventCreate,1,None,Application,djkvdihost698.jakarta01.com,JAKARTA01\rusmelin  
Error,9/27/2017 7:12,EventCreate,1,None,Application,djkvdihost563.jakarta01.com,JAKARTA01\Patsiana  
Error,9/27/2017 7:11,EventCreate,1,None,Application,djkvdihost722.jakarta01.com,JAKARTA01\Fitri Nawawi  
Error,9/27/2017 7:11,EventCreate,1,None,Application,djkvdihost667.jakarta01.com,JAKARTA01\IRMALA  
Error,9/27/2017 7:10,EventCreate,1,None,Application,djkvdihost722.jakarta01.com,JAKARTA01\Fitri Nawawi  
Error,9/27/2017 7:10,EventCreate,1,None,Application,djkvdihost380.jakarta01.com,JAKARTA01\Eny Masruroh  
Error,9/27/2017 7:09,EventCreate,1,None,Application,djkvdihost313.jakarta01.com,JAKARTA01\Moh Ditto  
Error,9/27/2017 7:08,EventCreate,1,None,Application,djkvdihost628.jakarta01.com,JAKARTA01\azwar  
Error,9/27/2017 7:06,EventCreate,1,None,Application,djkvdihost251.jakarta01.com,JAKARTA01\hertanto  
Error,9/27/2017 7:05,EventCreate,1,None,Application,djkvdihost304.jakarta01.com,JAKARTA01\rusliyani  
Error,9/27/2017 7:03,EventCreate,1,None,Application,djkvdihost870.jakarta01.com,JAKARTA01\masuyama  
Error,9/27/2017 7:03,EventCreate,1,None,Application,djkvdihost332.jakarta01.com,JAKARTA01\Nur Alma  
Error,9/27/2017 7:02,EventCreate,1,None,Application,djkvdihost843.jakarta01.com,JAKARTA01\jeremia  
Error,9/27/2017 7:02,EventCreate,1,None,Application,djkvdihost843.jakarta01.com,JAKARTA01\jeremia  
Error,9/27/2017 7:01,EventCreate,1,None,Application,djkvdihost182.jakarta01.com,JAKARTA01\tjahja  
Error,9/27/2017 7:00,EventCreate,1,None,Application,djkvdihost545.jakarta01.com,JAKARTA01\dadi hardi  
Error,9/27/2017 6:57,EventCreate,1,None,Application,djkvdihost095.jakarta01.com,JAKARTA01\Pricillia  
Error,9/27/2017 6:56,EventCreate,1,None,Application,djkvdihost519.jakarta01.com,JAKARTA01\rini  
Error,9/27/2017 6:56,EventCreate,1,None,Application,djkvdihost786.jakarta01.com,JAKARTA01\dyah alit  
Error,9/27/2017 6:54,EventCreate,1,None,Application,djkvdihost199.jakarta01.com,JAKARTA01\Valdi  
Error,9/27/2017 6:52,EventCreate,1,None,Application,djkvdihost804.jakarta01.com,JAKARTA01\Pinta  
