Error,10/4/2017 7:52:04 AM,WSH,1,None,Application,djkvdihost252.jakarta01.com,"CN=Beny Rachmad Septiawan password will expire in 4 day(s) at 10/8/2017 8:09:23 AM

Press CTRL + ALT + DEL and select the ""Change a password"" option."
Error,10/4/2017 7:52:22 AM,EventCreate,1,None,Application,djkvdihost064.jakarta01.com,JAKARTA01\yorika  
Error,10/4/2017 7:52:12 AM,EventCreate,1,None,Application,djkvdihost046.jakarta01.com,JAKARTA01\phia  
Error,10/4/2017 7:52:11 AM,WSH,1,None,Application,djkvdihost771.jakarta01.com,"CN=Astriana Nur Annissa password will expire in 1 day(s) at 10/5/2017 7:44:37 AM

Press CTRL + ALT + DEL and select the ""Change a password"" option."
Error,10/4/2017 7:52:07 AM,EventCreate,1,None,Application,djkvdihost224.jakarta01.com,JAKARTA01\nadhilah  
Error,10/4/2017 7:52:03 AM,EventCreate,1,None,Application,djkvdihost454.jakarta01.com,JAKARTA01\Dian Permata  
Error,10/4/2017 7:52:02 AM,WSH,1,None,Application,djkvdihost252.jakarta01.com,"CN=Beny Rachmad Septiawan password will expire in 4 day(s) at 10/8/2017 8:09:23 AM

Press CTRL + ALT + DEL and select the ""Change a password"" option."
Error,10/4/2017 7:52:00 AM,EventCreate,1,None,Application,djkvdihost522.jakarta01.com,JAKARTA01\M Fajri  
Error,10/4/2017 7:51:54 AM,EventCreate,1,None,Application,djkvdihost665.jakarta01.com,JAKARTA01\ayu  
Error,10/4/2017 7:51:42 AM,EventCreate,1,None,Application,djkvdihost082.jakarta01.com,JAKARTA01\bagas  
Error,10/4/2017 7:51:37 AM,EventCreate,1,None,Application,djkvdihost776.jakarta01.com,JAKARTA01\muhdi  
Error,10/4/2017 7:51:36 AM,EventCreate,1,None,Application,djkvdihost359.jakarta01.com,JAKARTA01\apip  
Error,10/4/2017 7:51:32 AM,EventCreate,1,None,Application,djkvdihost424.jakarta01.com,JAKARTA01\marie  
Error,10/4/2017 7:51:31 AM,EventCreate,1,None,Application,djkvdihost186.jakarta01.com,JAKARTA01\krisnawan  
Error,10/4/2017 7:51:06 AM,EventCreate,1,None,Application,djkvdihost336.jakarta01.com,JAKARTA01\tiar  
Error,10/4/2017 7:50:37 AM,WSH,1,None,Application,djkvdihost424.jakarta01.com,"CN=Marie Ana Aryanti password will expire in 4 day(s) at 10/8/2017 8:24:37 AM

Press CTRL + ALT + DEL and select the ""Change a password"" option."
Error,10/4/2017 7:51:01 AM,EventCreate,1,None,Application,djkvdihost299.jakarta01.com,JAKARTA01\arum eka  
Error,10/4/2017 7:50:54 AM,EventCreate,1,None,Application,djkvdihost875.jakarta01.com,JAKARTA01\i gede  
Error,10/4/2017 7:50:46 AM,EventCreate,1,None,Application,djkvdihost493.jakarta01.com,JAKARTA01\maria  
Error,10/4/2017 7:50:36 AM,WSH,1,None,Application,djkvdihost424.jakarta01.com,"CN=Marie Ana Aryanti password will expire in 4 day(s) at 10/8/2017 8:24:37 AM

Press CTRL + ALT + DEL and select the ""Change a password"" option."
Error,10/4/2017 7:50:36 AM,EventCreate,1,None,Application,djkvdihost164.jakarta01.com,JAKARTA01\puspitasari  
Error,10/4/2017 7:50:31 AM,EventCreate,1,None,Application,djkvdihost034.jakarta01.com,JAKARTA01\Mustikawati  
Error,10/4/2017 7:50:31 AM,EventCreate,1,None,Application,djkvdihost055.jakarta01.com,JAKARTA01\Ronald  
Error,10/4/2017 7:50:26 AM,EventCreate,1,None,Application,djkvdihost432.jakarta01.com,JAKARTA01\chandra  
Error,10/4/2017 7:50:10 AM,EventCreate,1,None,Application,djkvdihost486.jakarta01.com,JAKARTA01\Hadi  
Error,10/4/2017 7:50:10 AM,EventCreate,1,None,Application,djkvdihost502.jakarta01.com,JAKARTA01\wildan  
Error,10/4/2017 7:49:46 AM,EventCreate,1,None,Application,djkvdihost667.jakarta01.com,JAKARTA01\retno  
Error,10/4/2017 7:49:41 AM,EventCreate,1,None,Application,djkvdihost453.jakarta01.com,JAKARTA01\andiani  
Error,10/4/2017 7:49:35 AM,EventCreate,1,None,Application,djkvdihost163.jakarta01.com,JAKARTA01\leonie  
Error,10/4/2017 7:49:34 AM,EventCreate,1,None,Application,djkvdihost636.jakarta01.com,JAKARTA01\Dini Rahmawati  
Error,10/4/2017 7:49:33 AM,EventCreate,1,None,Application,djkvdihost749.jakarta01.com,JAKARTA01\ningmatul  
Error,10/4/2017 7:49:23 AM,EventCreate,1,None,Application,djkvdihost449.jakarta01.com,JAKARTA01\annisa inggita  
Error,10/4/2017 7:49:20 AM,EventCreate,1,None,Application,djkvdihost583.jakarta01.com,JAKARTA01\edwan  
Error,10/4/2017 7:49:11 AM,EventCreate,1,None,Application,djkvdihost289.jakarta01.com,JAKARTA01\Aviv  
Error,10/4/2017 7:49:08 AM,EventCreate,1,None,Application,djkvdihost388.jakarta01.com,JAKARTA01\chris  
Error,10/4/2017 7:48:48 AM,EventCreate,1,None,Application,djkvdihost694.jakarta01.com,JAKARTA01\Dina Vathati  
Error,10/4/2017 7:48:48 AM,EventCreate,1,None,Application,djkvdihost809.jakarta01.com,JAKARTA01\Setiawan  
Error,10/4/2017 7:48:47 AM,EventCreate,1,None,Application,djkvdihost468.jakarta01.com,JAKARTA01\Teguh Aji  
Error,10/4/2017 7:48:16 AM,WSH,1,None,Application,djkvdihost809.jakarta01.com,"CN=Eko Setiawan password will expire in 4 day(s) at 10/8/2017 9:30:49 AM

Press CTRL + ALT + DEL and select the ""Change a password"" option."
Error,10/4/2017 7:48:42 AM,EventCreate,1,None,Application,djkvdihost654.jakarta01.com,JAKARTA01\yusi  
Error,10/4/2017 7:48:35 AM,EventCreate,1,None,Application,djkvdihost344.jakarta01.com,JAKARTA01\mazy  
Error,10/4/2017 7:48:30 AM,EventCreate,1,None,Application,djkvdihost777.jakarta01.com,JAKARTA01\christian  
Error,10/4/2017 7:48:18 AM,EventCreate,1,None,Application,djkvdihost675.jakarta01.com,JAKARTA01\melly  
Error,10/4/2017 7:48:15 AM,WSH,1,None,Application,djkvdihost809.jakarta01.com,"CN=Eko Setiawan password will expire in 4 day(s) at 10/8/2017 9:30:49 AM

Press CTRL + ALT + DEL and select the ""Change a password"" option."
Error,10/4/2017 7:48:13 AM,EventCreate,1,None,Application,djkvdihost115.jakarta01.com,JAKARTA01\fahrul  
Error,10/4/2017 7:48:01 AM,EventCreate,1,None,Application,djkvdihost795.jakarta01.com,JAKARTA01\haris  
Error,10/4/2017 7:48:01 AM,EventCreate,1,None,Application,djkvdihost393.jakarta01.com,JAKARTA01\wiranti  
Error,10/4/2017 7:47:27 AM,EventCreate,1,None,Application,djkvdihost576.jakarta01.com,JAKARTA01\Marthen  
Error,10/4/2017 7:47:52 AM,EventCreate,1,None,Application,djkvdihost433.jakarta01.com,JAKARTA01\diah dwi  
Error,10/4/2017 7:47:51 AM,EventCreate,1,None,Application,djkvdihost334.jakarta01.com,JAKARTA01\sulistyono  
Error,10/4/2017 7:47:50 AM,EventCreate,1,None,Application,djkvdihost528.jakarta01.com,JAKARTA01\aditya ny  
Error,10/4/2017 7:47:46 AM,EventCreate,1,None,Application,djkvdihost114.jakarta01.com,JAKARTA01\alexsandro  
Error,10/4/2017 7:47:42 AM,EventCreate,1,None,Application,djkvdihost537.jakarta01.com,JAKARTA01\rahayu  
Error,10/4/2017 7:47:17 AM,EventCreate,1,None,Application,djkvdihost232.jakarta01.com,JAKARTA01\femmy  
Error,10/4/2017 7:46:38 AM,EventCreate,1,None,Application,djkvdihost225.jakarta01.com,JAKARTA01\MAUREEN  
Error,10/4/2017 7:47:04 AM,EventCreate,1,None,Application,djkvdihost106.jakarta01.com,JAKARTA01\GuestISD57  
Error,10/4/2017 7:46:57 AM,EventCreate,1,None,Application,djkvdihost568.jakarta01.com,JAKARTA01\raras  
Error,10/4/2017 7:46:56 AM,EventCreate,1,None,Application,djkvdihost323.jakarta01.com,JAKARTA01\augtiaji  
Error,10/4/2017 7:46:52 AM,EventCreate,1,None,Application,djkvdihost093.jakarta01.com,JAKARTA01\arinie  
Error,10/4/2017 7:46:52 AM,EventCreate,1,None,Application,djkvdihost169.jakarta01.com,JAKARTA01\Ajie  
Error,10/4/2017 7:46:44 AM,WSH,1,None,Application,djkvdihost576.jakarta01.com,"CN=Marthen password will expire in 4 day(s) at 10/8/2017 8:33:25 AM

Press CTRL + ALT + DEL and select the ""Change a password"" option."
Error,10/4/2017 7:46:14 AM,WSH,1,None,Application,djkvdihost093.jakarta01.com,"CN=Arinie Ratna Puspita password will expire in 1 day(s) at 10/5/2017 3:05:51 PM

Press CTRL + ALT + DEL and select the ""Change a password"" option."
Error,10/4/2017 7:46:43 AM,WSH,1,None,Application,djkvdihost576.jakarta01.com,"CN=Marthen password will expire in 4 day(s) at 10/8/2017 8:33:25 AM

Press CTRL + ALT + DEL and select the ""Change a password"" option."
Error,10/4/2017 7:46:40 AM,EventCreate,1,None,Application,djkvdihost373.jakarta01.com,JAKARTA01\Tino  
Error,10/4/2017 7:46:35 AM,EventCreate,1,None,Application,djkvdihost229.jakarta01.com,JAKARTA01\dimas  
Error,10/4/2017 7:46:32 AM,EventCreate,1,None,Application,djkvdihost225.jakarta01.com,JAKARTA01\MAUREEN  
Error,10/4/2017 7:46:28 AM,EventCreate,1,None,Application,djkvdihost899.jakarta01.com,JAKARTA01\matthew  
Error,10/4/2017 7:46:26 AM,EventCreate,1,None,Application,djkvdihost674.jakarta01.com,JAKARTA01\Chaterin  
Error,10/4/2017 7:46:14 AM,WSH,1,None,Application,djkvdihost093.jakarta01.com,"CN=Arinie Ratna Puspita password will expire in 1 day(s) at 10/5/2017 3:05:51 PM

Press CTRL + ALT + DEL and select the ""Change a password"" option."
Error,10/4/2017 7:46:12 AM,EventCreate,1,None,Application,djkvdihost175.jakarta01.com,JAKARTA01\adityo  
Error,10/4/2017 7:46:10 AM,EventCreate,1,None,Application,djkvdihost133.jakarta01.com,JAKARTA01\yumiyati  
Error,10/4/2017 7:46:09 AM,EventCreate,1,None,Application,djkvdihost692.jakarta01.com,JAKARTA01\nungi  
Error,10/4/2017 7:46:06 AM,EventCreate,1,None,Application,djkvdihost294.jakarta01.com,JAKARTA01\dhimas  
Error,10/4/2017 7:45:33 AM,EventCreate,1,None,Application,djkvdihost469.jakarta01.com,JAKARTA01\Lily  
Error,10/4/2017 7:45:29 AM,Application Error,1000,(100),Application,djkvdihost469.jakarta01.com,"Faulting application name: spoolsv.exe, version: 6.1.7601.17777, time stamp: 0x4f35efc3
Faulting module name: msvcrt.dll, version: 7.0.7601.17744, time stamp: 0x4eeaf722
Exception code: 0xc0000005
Fault offset: 0x0000aa14
Faulting process id: 0x634
Faulting application start time: 0x01d33c3e0f19219a
Faulting application path: C:\Windows\System32\spoolsv.exe
Faulting module path: C:\Windows\system32\msvcrt.dll
Report Id: 5138b493-a89d-11e7-b8e3-0050569f144f"
Error,10/4/2017 7:45:56 AM,EventCreate,1,None,Application,djkvdihost030.jakarta01.com,JAKARTA01\palmella  
Error,10/4/2017 7:45:55 AM,EventCreate,1,None,Application,djkvdihost209.jakarta01.com,JAKARTA01\guestitd03  
Error,10/4/2017 7:45:52 AM,EventCreate,1,None,Application,djkvdihost567.jakarta01.com,JAKARTA01\aulya  
Error,10/4/2017 7:45:48 AM,EventCreate,1,None,Application,djkvdihost896.jakarta01.com,JAKARTA01\Anosa  
Error,10/4/2017 7:45:42 AM,EventCreate,1,None,Application,djkvdihost219.jakarta01.com,JAKARTA01\rizka syarifa  
Error,10/4/2017 7:45:39 AM,EventCreate,1,None,Application,djkvdihost100.jakarta01.com,JAKARTA01\Yustine  
Error,10/4/2017 7:45:12 AM,EventCreate,1,None,Application,djkvdihost655.jakarta01.com,JAKARTA01\rindang  
Error,10/4/2017 7:45:05 AM,EventCreate,1,None,Application,djkvdihost655.jakarta01.com,JAKARTA01\rindang  
Error,10/4/2017 7:45:29 AM,EventCreate,1,None,Application,djkvdihost383.jakarta01.com,JAKARTA01\GuestISD43  
Error,10/4/2017 7:45:28 AM,EventCreate,1,None,Application,djkvdihost804.jakarta01.com,JAKARTA01\Liasyah  
Error,10/4/2017 7:45:21 AM,Application Error,1000,(100),Application,djkvdihost219.jakarta01.com,"Faulting application name: spoolsv.exe, version: 6.1.7601.17777, time stamp: 0x4f35efc3
Faulting module name: msvcrt.dll, version: 7.0.7601.17744, time stamp: 0x4eeaf722
Exception code: 0xc0000005
Fault offset: 0x0000aa14
Faulting process id: 0x630
Faulting application start time: 0x01d33c2f6fa825b1
Faulting application path: C:\Windows\System32\spoolsv.exe
Faulting module path: C:\Windows\system32\msvcrt.dll
Report Id: 4cc11eb7-a89d-11e7-a699-0050569f67cb"
Error,10/4/2017 7:45:18 AM,EventCreate,1,None,Application,djkvdihost469.jakarta01.com,JAKARTA01\Lily  
Error,10/4/2017 7:45:06 AM,EventCreate,1,None,Application,djkvdihost412.jakarta01.com,JAKARTA01\Felix  
Error,10/4/2017 7:45:05 AM,EventCreate,1,None,Application,djkvdihost655.jakarta01.com,JAKARTA01\rindang  
Error,10/4/2017 7:45:04 AM,EventCreate,1,None,Application,djkvdihost033.jakarta01.com,JAKARTA01\Talitha  
Error,10/4/2017 7:45:03 AM,EventCreate,1,None,Application,djkvdihost360.jakarta01.com,JAKARTA01\rubyani  
Error,10/4/2017 7:45:02 AM,EventCreate,1,None,Application,djkvdihost354.jakarta01.com,JAKARTA01\wicaksono  
Error,10/4/2017 7:44:13 AM,WSH,1,None,Application,djkvdihost412.jakarta01.com,"CN=Felix Sutiono password will expire in 4 day(s) at 10/8/2017 7:57:18 AM

Press CTRL + ALT + DEL and select the ""Change a password"" option."
Error,10/4/2017 7:44:42 AM,EventCreate,1,None,Application,djkvdihost802.jakarta01.com,JAKARTA01\netra  
Error,10/4/2017 7:44:25 AM,EventCreate,1,None,Application,djkvdihost418.jakarta01.com,JAKARTA01\andika  
Error,10/4/2017 7:44:21 AM,EventCreate,1,None,Application,djkvdihost126.jakarta01.com,JAKARTA01\Jauw  
Error,10/4/2017 7:44:20 AM,EventCreate,1,None,Application,djkvdihost226.jakarta01.com,JAKARTA01\Sely  
Error,10/4/2017 7:44:12 AM,WSH,1,None,Application,djkvdihost412.jakarta01.com,"CN=Felix Sutiono password will expire in 4 day(s) at 10/8/2017 7:57:18 AM

Press CTRL + ALT + DEL and select the ""Change a password"" option."
Error,10/4/2017 7:44:10 AM,EventCreate,1,None,Application,djkvdihost816.jakarta01.com,JAKARTA01\rezky  
Error,10/4/2017 7:44:01 AM,EventCreate,1,None,Application,djkvdihost592.jakarta01.com,JAKARTA01\chalfin  
Error,10/4/2017 7:43:55 AM,EventCreate,1,None,Application,djkvdihost372.jakarta01.com,JAKARTA01\Arum  
Error,10/4/2017 7:43:54 AM,EventCreate,1,None,Application,djkvdihost670.jakarta01.com,JAKARTA01\eka prastica  
Error,10/4/2017 7:43:53 AM,EventCreate,1,None,Application,djkvdihost312.jakarta01.com,JAKARTA01\Pradita  
Error,10/4/2017 7:43:44 AM,EventCreate,1,None,Application,djkvdihost679.jakarta01.com,JAKARTA01\istiningsih  
Error,10/4/2017 7:43:35 AM,EventCreate,1,None,Application,djkvdihost754.jakarta01.com,JAKARTA01\laila  
Error,10/4/2017 7:43:29 AM,EventCreate,1,None,Application,djkvdihost105.jakarta01.com,JAKARTA01\mahendra  
Error,10/4/2017 7:43:26 AM,EventCreate,1,None,Application,djkvdihost782.jakarta01.com,JAKARTA01\Putri Damayanti  
Error,10/4/2017 7:43:23 AM,EventCreate,1,None,Application,djkvdihost212.jakarta01.com,JAKARTA01\handayani  
Error,10/4/2017 7:43:09 AM,EventCreate,1,None,Application,djkvdihost256.jakarta01.com,JAKARTA01\cinta  
Error,10/4/2017 7:43:01 AM,EventCreate,1,None,Application,djkvdihost857.jakarta01.com,JAKARTA01\harry  
Error,10/4/2017 7:43:00 AM,EventCreate,1,None,Application,djkvdihost280.jakarta01.com,JAKARTA01\belly  
Error,10/4/2017 7:42:58 AM,EventCreate,1,None,Application,djkvdihost244.jakarta01.com,JAKARTA01\nurmalasari  
Error,10/4/2017 7:42:58 AM,EventCreate,1,None,Application,djkvdihost602.jakarta01.com,JAKARTA01\ceciliadt  
Error,10/4/2017 7:42:54 AM,EventCreate,1,None,Application,djkvdihost038.jakarta01.com,JAKARTA01\nur endah  
Error,10/4/2017 7:42:22 AM,EventCreate,1,None,Application,djkvdihost541.jakarta01.com,JAKARTA01\JUNETTE  
Error,10/4/2017 7:42:49 AM,EventCreate,1,None,Application,djkvdihost104.jakarta01.com,JAKARTA01\teddyks  
Error,10/4/2017 7:42:34 AM,EventCreate,1,None,Application,djkvdihost895.jakarta01.com,JAKARTA01\Denni  
Error,10/4/2017 7:42:34 AM,EventCreate,1,None,Application,djkvdihost161.jakarta01.com,JAKARTA01\danna  
Error,10/4/2017 7:42:24 AM,EventCreate,1,None,Application,djkvdihost666.jakarta01.com,JAKARTA01\fauziah wildan  
Error,10/4/2017 7:42:15 AM,EventCreate,1,None,Application,djkvdihost893.jakarta01.com,JAKARTA01\naruhito  
Error,10/4/2017 7:42:19 AM,EventCreate,1,None,Application,djkvdihost541.jakarta01.com,JAKARTA01\JUNETTE  
Error,10/4/2017 7:42:17 AM,EventCreate,1,None,Application,djkvdihost609.jakarta01.com,JAKARTA01\ayudia  
Error,10/4/2017 7:41:48 AM,EventCreate,1,None,Application,djkvdihost618.jakarta01.com,JAKARTA01\Dyandra  
Error,10/4/2017 7:41:39 AM,EventCreate,1,None,Application,djkvdihost014.jakarta01.com,JAKARTA01\adiyanti  
Error,10/4/2017 7:41:18 AM,EventCreate,1,None,Application,djkvdihost475.jakarta01.com,JAKARTA01\Djohan  
Error,10/4/2017 7:41:07 AM,EventCreate,1,None,Application,djkvdihost376.jakarta01.com,JAKARTA01\Indah  
Error,10/4/2017 7:40:54 AM,EventCreate,1,None,Application,djkvdihost533.jakarta01.com,JAKARTA01\ronal  
Error,10/4/2017 7:40:53 AM,EventCreate,1,None,Application,djkvdihost013.jakarta01.com,JAKARTA01\REIS  
Error,10/4/2017 7:40:44 AM,EventCreate,1,None,Application,djkvdihost179.jakarta01.com,JAKARTA01\achmadr  
Error,10/4/2017 7:40:37 AM,EventCreate,1,None,Application,djkvdihost669.jakarta01.com,JAKARTA01\kreshna  
Error,10/4/2017 7:40:31 AM,EventCreate,1,None,Application,djkvdihost544.jakarta01.com,JAKARTA01\alvita  
Error,10/4/2017 7:40:28 AM,EventCreate,1,None,Application,djkvdihost069.jakarta01.com,JAKARTA01\yuliana  
Error,10/4/2017 7:40:28 AM,EventCreate,1,None,Application,djkvdihost434.jakarta01.com,JAKARTA01\vanya  
Error,10/4/2017 7:40:27 AM,EventCreate,1,None,Application,djkvdihost307.jakarta01.com,JAKARTA01\hana nurul  
Error,10/4/2017 7:40:26 AM,EventCreate,1,None,Application,djkvdihost331.jakarta01.com,JAKARTA01\nugrah  
Error,10/4/2017 7:40:23 AM,EventCreate,1,None,Application,djkvdihost025.jakarta01.com,JAKARTA01\tesha  
Error,10/4/2017 7:39:59 AM,EventCreate,1,None,Application,djkvdihost463.jakarta01.com,JAKARTA01\vina febria  
Error,10/4/2017 7:39:50 AM,Application Error,1000,(100),Application,djkvdihost463.jakarta01.com,"Faulting application name: spoolsv.exe, version: 6.1.7601.17777, time stamp: 0x4f35efc3
Faulting module name: msvcrt.dll, version: 7.0.7601.17744, time stamp: 0x4eeaf722
Exception code: 0xc0000005
Fault offset: 0x0000aa14
Faulting process id: 0x634
Faulting application start time: 0x01d33c2df98fd64a
Faulting application path: C:\Windows\System32\spoolsv.exe
Faulting module path: C:\Windows\system32\msvcrt.dll
Report Id: 8761e32b-a89c-11e7-92af-0050569f143b"
Error,10/4/2017 7:40:12 AM,EventCreate,1,None,Application,djkvdihost022.jakarta01.com,JAKARTA01\harumi  
Error,10/4/2017 7:40:07 AM,EventCreate,1,None,Application,djkvdihost544.jakarta01.com,JAKARTA01\alvita  
Error,10/4/2017 7:39:29 AM,EventCreate,1,None,Application,djkvdihost205.jakarta01.com,JAKARTA01\rahmatia  
Error,10/4/2017 7:39:27 AM,EventCreate,1,None,Application,djkvdihost509.jakarta01.com,JAKARTA01\titis  
Error,10/4/2017 7:39:14 AM,EventCreate,1,None,Application,djkvdihost538.jakarta01.com,JAKARTA01\caroline  
Error,10/4/2017 7:39:08 AM,EventCreate,1,None,Application,djkvdihost042.jakarta01.com,JAKARTA01\Adjeng  
Error,10/4/2017 7:38:44 AM,EventCreate,1,None,Application,djkvdihost571.jakarta01.com,JAKARTA01\Rio Satria  
Error,10/4/2017 7:38:39 AM,EventCreate,1,None,Application,djkvdihost414.jakarta01.com,JAKARTA01\evanc  
Error,10/4/2017 7:38:33 AM,EventCreate,1,None,Application,djkvdihost273.jakarta01.com,JAKARTA01\vina  
Error,10/4/2017 7:38:19 AM,EventCreate,1,None,Application,djkvdihost660.jakarta01.com,JAKARTA01\sitti  
Error,10/4/2017 7:37:46 AM,EventCreate,1,None,Application,djkvdihost166.jakarta01.com,JAKARTA01\nunik  
Error,10/4/2017 7:37:36 AM,EventCreate,1,None,Application,djkvdihost448.jakarta01.com,JAKARTA01\cecilia  
Error,10/4/2017 7:37:21 AM,EventCreate,1,None,Application,djkvdihost830.jakarta01.com,JAKARTA01\myreshka  
Error,10/4/2017 7:37:19 AM,EventCreate,1,None,Application,djkvdihost770.jakarta01.com,JAKARTA01\veronicam  
Error,10/4/2017 7:37:08 AM,EventCreate,1,None,Application,djkvdihost089.jakarta01.com,JAKARTA01\Hilman  
Error,10/4/2017 7:36:38 AM,EventCreate,1,None,Application,djkvdihost257.jakarta01.com,JAKARTA01\Ameilia  
Error,10/4/2017 7:37:08 AM,EventCreate,1,None,Application,djkvdihost386.jakarta01.com,JAKARTA01\Rini Purnama  
Error,10/4/2017 7:36:59 AM,EventCreate,1,None,Application,djkvdihost308.jakarta01.com,JAKARTA01\Erich  
Error,10/4/2017 7:36:56 AM,EventCreate,1,None,Application,djkvdihost696.jakarta01.com,JAKARTA01\MIrhasE  
Error,10/4/2017 7:36:30 AM,EventCreate,1,None,Application,djkvdihost257.jakarta01.com,JAKARTA01\Ameilia  
Error,10/4/2017 7:36:26 AM,EventCreate,1,None,Application,djkvdihost167.jakarta01.com,JAKARTA01\Devina  
Error,10/4/2017 7:36:26 AM,EventCreate,1,None,Application,djkvdihost257.jakarta01.com,JAKARTA01\Ameilia  
Error,10/4/2017 7:36:25 AM,EventCreate,1,None,Application,djkvdihost340.jakarta01.com,JAKARTA01\hardianbp  
Error,10/4/2017 7:36:20 AM,EventCreate,1,None,Application,djkvdihost339.jakarta01.com,JAKARTA01\nurlina  
Error,10/4/2017 7:36:02 AM,EventCreate,1,None,Application,djkvdihost288.jakarta01.com,JAKARTA01\DEVI  
Error,10/4/2017 7:36:03 AM,EventCreate,1,None,Application,djkvdihost139.jakarta01.com,JAKARTA01\Nikmatullah  
Error,10/4/2017 7:35:34 AM,EventCreate,1,None,Application,djkvdihost757.jakarta01.com,JAKARTA01\karen  
Error,10/4/2017 7:35:25 AM,EventCreate,1,None,Application,djkvdihost463.jakarta01.com,JAKARTA01\vina febria  
Error,10/4/2017 7:35:21 AM,EventCreate,1,None,Application,djkvdihost589.jakarta01.com,JAKARTA01\lestari  
Error,10/4/2017 7:35:15 AM,EventCreate,1,None,Application,djkvdihost200.jakarta01.com,JAKARTA01\ipuk  
Error,10/4/2017 7:35:12 AM,EventCreate,1,None,Application,djkvdihost443.jakarta01.com,JAKARTA01\army  
Error,10/4/2017 7:34:53 AM,EventCreate,1,None,Application,djkvdihost156.jakarta01.com,JAKARTA01\sinta  
Error,10/4/2017 7:34:42 AM,EventCreate,1,None,Application,djkvdihost130.jakarta01.com,JAKARTA01\RURI  
Error,10/4/2017 7:34:36 AM,EventCreate,1,None,Application,djkvdihost426.jakarta01.com,JAKARTA01\AdrianP  
Error,10/4/2017 7:34:28 AM,EventCreate,1,None,Application,djkvdihost616.jakarta01.com,JAKARTA01\nicole  
Error,10/4/2017 7:34:28 AM,EventCreate,1,None,Application,djkvdihost099.jakarta01.com,JAKARTA01\ALTHEA  
Error,10/4/2017 7:34:18 AM,EventCreate,1,None,Application,djkvdihost848.jakarta01.com,JAKARTA01\andi  
Error,10/4/2017 7:34:09 AM,EventCreate,1,None,Application,djkvdihost287.jakarta01.com,JAKARTA01\mery  
Error,10/4/2017 7:34:07 AM,EventCreate,1,None,Application,djkvdihost087.jakarta01.com,JAKARTA01\michiko  
Error,10/4/2017 7:34:07 AM,EventCreate,1,None,Application,djkvdihost501.jakarta01.com,JAKARTA01\muammar  
Error,10/4/2017 7:33:50 AM,EventCreate,1,None,Application,djkvdihost892.jakarta01.com,JAKARTA01\Indra Bramantyono  
Error,10/4/2017 7:33:48 AM,EventCreate,1,None,Application,djkvdihost056.jakarta01.com,JAKARTA01\aria  
Error,10/4/2017 7:33:45 AM,EventCreate,1,None,Application,djkvdihost460.jakarta01.com,JAKARTA01\widiana  
Error,10/4/2017 7:32:47 AM,EventCreate,1,None,Application,djkvdihost180.jakarta01.com,JAKARTA01\findal  
Error,10/4/2017 7:32:38 AM,EventCreate,1,None,Application,djkvdihost852.jakarta01.com,JAKARTA01\ueda  
Error,10/4/2017 7:32:22 AM,EventCreate,1,None,Application,djkvdihost495.jakarta01.com,JAKARTA01\srahma  
Error,10/4/2017 7:31:54 AM,EventCreate,1,None,Application,djkvdihost673.jakarta01.com,JAKARTA01\pramana  
Error,10/4/2017 7:31:48 AM,EventCreate,1,None,Application,djkvdihost335.jakarta01.com,JAKARTA01\polyska  
Error,10/4/2017 7:31:10 AM,EventCreate,1,None,Application,djkvdihost686.jakarta01.com,JAKARTA01\anggi  
Error,10/4/2017 7:30:50 AM,EventCreate,1,None,Application,djkvdihost901.jakarta01.com,JAKARTA01\Joni  
Error,10/4/2017 7:30:50 AM,EventCreate,1,None,Application,djkvdihost564.jakarta01.com,JAKARTA01\Yunita  
Error,10/4/2017 7:30:37 AM,EventCreate,1,None,Application,djkvdihost211.jakarta01.com,JAKARTA01\poetry  
Error,10/4/2017 7:30:10 AM,EventCreate,1,None,Application,djkvdihost462.jakarta01.com,JAKARTA01\Resty  
Error,10/4/2017 7:30:00 AM,EventCreate,1,None,Application,djkvdihost321.jakarta01.com,JAKARTA01\susilowati  
Error,10/4/2017 7:29:56 AM,EventCreate,1,None,Application,djkvdihost321.jakarta01.com,JAKARTA01\susilowati  
Error,10/4/2017 7:29:50 AM,EventCreate,1,None,Application,djkvdihost083.jakarta01.com,JAKARTA01\fitri  
Error,10/4/2017 7:29:44 AM,EventCreate,1,None,Application,djkvdihost094.jakarta01.com,JAKARTA01\lenny  
Error,10/4/2017 7:28:48 AM,EventCreate,1,None,Application,djkvdihost096.jakarta01.com,JAKARTA01\Bob Jasper  
Error,10/4/2017 7:28:39 AM,EventCreate,1,None,Application,djkvdihost096.jakarta01.com,JAKARTA01\Bob Jasper  
Error,10/4/2017 7:28:28 AM,EventCreate,1,None,Application,djkvdihost012.jakarta01.com,JAKARTA01\aticha  
Error,10/4/2017 7:28:22 AM,Application Error,1000,(100),Application,djkvdihost096.jakarta01.com,"Faulting application name: wfcrun32.exe, version: 14.4.1000.16, time stamp: 0x571e1bd4
Faulting module name: unknown, version: 0.0.0.0, time stamp: 0x00000000
Exception code: 0xc0000005
Fault offset: 0x7790e1a9
Faulting process id: 0x1390
Faulting application start time: 0x01d33ca7a5f0edf2
Faulting application path: C:\Program Files\Citrix\ICA Client\wfcrun32.exe
Faulting module path: unknown
Report Id: ed657eef-a89a-11e7-bfbd-0050569f108e"
Error,10/4/2017 7:28:22 AM,EventCreate,1,None,Application,djkvdihost270.jakarta01.com,JAKARTA01\dwinda  
Error,10/4/2017 7:28:19 AM,EventCreate,1,None,Application,djkvdihost165.jakarta01.com,JAKARTA01\antonius  
Error,10/4/2017 7:28:16 AM,EventCreate,1,None,Application,djkvdihost873.jakarta01.com,JAKARTA01\m nugraha  
Error,10/4/2017 7:27:39 AM,EventCreate,1,None,Application,djkvdihost651.jakarta01.com,JAKARTA01\azwar  
Error,10/4/2017 7:27:34 AM,Application Error,1000,(100),Application,djkvdihost651.jakarta01.com,"Faulting application name: spoolsv.exe, version: 6.1.7601.17777, time stamp: 0x4f35efc3
Faulting module name: msvcrt.dll, version: 7.0.7601.17744, time stamp: 0x4eeaf722
Exception code: 0xc0000005
Fault offset: 0x0000aa14
Faulting process id: 0x63c
Faulting application start time: 0x01d33c406b595c77
Faulting application path: C:\Windows\System32\spoolsv.exe
Faulting module path: C:\Windows\system32\msvcrt.dll
Report Id: d05a0dc8-a89a-11e7-a9a3-0050569f757a"
Error,10/4/2017 7:27:55 AM,EventCreate,1,None,Application,djkvdihost582.jakarta01.com,JAKARTA01\komangya  
Error,10/4/2017 7:27:35 AM,EventCreate,1,None,Application,djkvdihost111.jakarta01.com,JAKARTA01\binar  
Error,10/4/2017 7:27:31 AM,EventCreate,1,None,Application,djkvdihost111.jakarta01.com,JAKARTA01\binar  
Error,10/4/2017 7:27:24 AM,EventCreate,1,None,Application,djkvdihost722.jakarta01.com,JAKARTA01\Rana  
Error,10/4/2017 7:27:16 AM,EventCreate,1,None,Application,djkvdihost070.jakarta01.com,JAKARTA01\Eny Masruroh  
Error,10/4/2017 7:27:08 AM,EventCreate,1,None,Application,djkvdihost719.jakarta01.com,JAKARTA01\Tammyana  
Error,10/4/2017 7:27:00 AM,EventCreate,1,None,Application,djkvdihost772.jakarta01.com,JAKARTA01\himawan  
Error,10/4/2017 7:26:56 AM,EventCreate,1,None,Application,djkvdihost442.jakarta01.com,JAKARTA01\mario  
Error,10/4/2017 7:26:50 AM,EventCreate,1,None,Application,djkvdihost898.jakarta01.com,JAKARTA01\StellaH  
Error,10/4/2017 7:26:45 AM,EventCreate,1,None,Application,djkvdihost724.jakarta01.com,JAKARTA01\pratiwi  
Error,10/4/2017 7:26:36 AM,EventCreate,1,None,Application,djkvdihost425.jakarta01.com,JAKARTA01\dyah alit  
Error,10/4/2017 7:26:32 AM,EventCreate,1,None,Application,djkvdihost084.jakarta01.com,JAKARTA01\vadya  
Error,10/4/2017 7:25:43 AM,EventCreate,1,None,Application,djkvdihost259.jakarta01.com,JAKARTA01\irman  
Error,10/4/2017 7:26:06 AM,EventCreate,1,None,Application,djkvdihost664.jakarta01.com,JAKARTA01\meity  
Error,10/4/2017 7:25:41 AM,EventCreate,1,None,Application,djkvdihost259.jakarta01.com,JAKARTA01\irman  
Error,10/4/2017 7:25:31 AM,EventCreate,1,None,Application,djkvdihost651.jakarta01.com,JAKARTA01\azwar  
Error,10/4/2017 7:24:53 AM,EventCreate,1,None,Application,djkvdihost635.jakarta01.com,JAKARTA01\Dimas Satya  
Error,10/4/2017 7:25:21 AM,EventCreate,1,None,Application,djkvdihost590.jakarta01.com,JAKARTA01\ario  
Error,10/4/2017 7:25:11 AM,EventCreate,1,None,Application,djkvdihost768.jakarta01.com,JAKARTA01\budi kurniawan  
Error,10/4/2017 7:24:55 AM,EventCreate,1,None,Application,djkvdihost613.jakarta01.com,JAKARTA01\trisnawati  
Error,10/4/2017 7:24:54 AM,EventCreate,1,None,Application,djkvdihost519.jakarta01.com,JAKARTA01\meinar  
Error,10/4/2017 7:24:38 AM,EventCreate,1,None,Application,djkvdihost635.jakarta01.com,JAKARTA01\Dimas Satya  
Error,10/4/2017 7:24:27 AM,EventCreate,1,None,Application,djkvdihost780.jakarta01.com,JAKARTA01\fatma  
Error,10/4/2017 7:24:23 AM,EventCreate,1,None,Application,djkvdihost036.jakarta01.com,JAKARTA01\yenni  
Error,10/4/2017 7:24:09 AM,EventCreate,1,None,Application,djkvdihost796.jakarta01.com,JAKARTA01\Putri  
Error,10/4/2017 7:23:50 AM,EventCreate,1,None,Application,djkvdihost215.jakarta01.com,JAKARTA01\k_ignatius  
Error,10/4/2017 7:23:39 AM,EventCreate,1,None,Application,djkvdihost822.jakarta01.com,JAKARTA01\Yosi  
Error,10/4/2017 7:23:28 AM,EventCreate,1,None,Application,djkvdihost008.jakarta01.com,JAKARTA01\ryan  
Error,10/4/2017 7:23:15 AM,EventCreate,1,None,Application,djkvdihost250.jakarta01.com,JAKARTA01\GuestISD56  
Error,10/4/2017 7:23:15 AM,EventCreate,1,None,Application,djkvdihost378.jakarta01.com,JAKARTA01\reny  
Error,10/4/2017 7:23:11 AM,EventCreate,1,None,Application,djkvdihost688.jakarta01.com,JAKARTA01\NovrianAS  
Error,10/4/2017 7:23:02 AM,EventCreate,1,None,Application,djkvdihost700.jakarta01.com,JAKARTA01\kusumadita  
Error,10/4/2017 7:22:32 AM,EventCreate,1,None,Application,djkvdihost641.jakarta01.com,JAKARTA01\junito  
Error,10/4/2017 7:22:10 AM,EventCreate,1,None,Application,djkvdihost286.jakarta01.com,JAKARTA01\wulanf  
Error,10/4/2017 7:22:04 AM,EventCreate,1,None,Application,djkvdihost199.jakarta01.com,JAKARTA01\novita Rahayu  
Error,10/4/2017 7:21:48 AM,EventCreate,1,None,Application,djkvdihost267.jakarta01.com,JAKARTA01\andi wijaya  
Error,10/4/2017 7:21:47 AM,EventCreate,1,None,Application,djkvdihost374.jakarta01.com,JAKARTA01\finessya  
Error,10/4/2017 7:21:26 AM,EventCreate,1,None,Application,djkvdihost405.jakarta01.com,JAKARTA01\Sandra  
Error,10/4/2017 7:21:16 AM,EventCreate,1,None,Application,djkvdihost196.jakarta01.com,JAKARTA01\nila  
Error,10/4/2017 7:21:16 AM,EventCreate,1,None,Application,djkvdihost626.jakarta01.com,JAKARTA01\santoso  
Error,10/4/2017 7:20:56 AM,EventCreate,1,None,Application,djkvdihost793.jakarta01.com,JAKARTA01\Priellya  
Error,10/4/2017 7:20:53 AM,EventCreate,1,None,Application,djkvdihost518.jakarta01.com,JAKARTA01\mega  
Error,10/4/2017 7:20:40 AM,EventCreate,1,None,Application,djkvdihost137.jakarta01.com,JAKARTA01\mutiara  
Error,10/4/2017 7:19:43 AM,WSH,1,None,Application,djkvdihost137.jakarta01.com,"CN=Mutiara Annisa password will expire in 1 day(s) at 10/5/2017 6:47:13 PM

Press CTRL + ALT + DEL and select the ""Change a password"" option."
Error,10/4/2017 7:19:49 AM,EventCreate,1,None,Application,djkvdihost408.jakarta01.com,JAKARTA01\fardy  
Error,10/4/2017 7:19:43 AM,WSH,1,None,Application,djkvdihost137.jakarta01.com,"CN=Mutiara Annisa password will expire in 1 day(s) at 10/5/2017 6:47:13 PM

Press CTRL + ALT + DEL and select the ""Change a password"" option."
Error,10/4/2017 7:19:31 AM,EventCreate,1,None,Application,djkvdihost632.jakarta01.com,JAKARTA01\LILY AISYAH  
Error,10/4/2017 7:19:29 AM,EventCreate,1,None,Application,djkvdihost491.jakarta01.com,JAKARTA01\diah astuti  
Error,10/4/2017 7:19:24 AM,EventCreate,1,None,Application,djkvdihost150.jakarta01.com,JAKARTA01\rozi  
Error,10/4/2017 7:18:27 AM,EventCreate,1,None,Application,djkvdihost384.jakarta01.com,JAKARTA01\danielhp  
Error,10/4/2017 7:18:07 AM,EventCreate,1,None,Application,djkvdihost847.jakarta01.com,JAKARTA01\tsusaka  
Error,10/4/2017 7:17:45 AM,EventCreate,1,None,Application,djkvdihost658.jakarta01.com,JAKARTA01\saptorini  
Error,10/4/2017 7:17:44 AM,EventCreate,1,None,Application,djkvdihost729.jakarta01.com,JAKARTA01\Jessica  
Error,10/4/2017 7:17:42 AM,EventCreate,1,None,Application,djkvdihost183.jakarta01.com,JAKARTA01\ferdi  
Error,10/4/2017 7:17:13 AM,EventCreate,1,None,Application,djkvdihost496.jakarta01.com,JAKARTA01\rininta  
Error,10/4/2017 7:16:54 AM,EventCreate,1,None,Application,djkvdihost653.jakarta01.com,JAKARTA01\phesyana  
Error,10/4/2017 7:16:15 AM,EventCreate,1,None,Application,djkvdihost358.jakarta01.com,JAKARTA01\Dicky  
Error,10/4/2017 7:16:36 AM,EventCreate,1,None,Application,djkvdihost717.jakarta01.com,JAKARTA01\Virgitha  
Error,10/4/2017 7:15:59 AM,EventCreate,1,None,Application,djkvdihost358.jakarta01.com,JAKARTA01\Dicky  
Error,10/4/2017 7:15:38 AM,EventCreate,1,None,Application,djkvdihost699.jakarta01.com,JAKARTA01\amanda chandra  
Error,10/4/2017 7:15:35 AM,EventCreate,1,None,Application,djkvdihost500.jakarta01.com,JAKARTA01\Nurhayati  
Error,10/4/2017 7:14:38 AM,EventCreate,1,None,Application,djkvdihost503.jakarta01.com,JAKARTA01\DianRamadhania  
Error,10/4/2017 7:14:35 AM,EventCreate,1,None,Application,djkvdihost503.jakarta01.com,JAKARTA01\DianRamadhania  
Error,10/4/2017 7:14:32 AM,EventCreate,1,None,Application,djkvdihost503.jakarta01.com,JAKARTA01\DianRamadhania  
Error,10/4/2017 7:14:30 AM,EventCreate,1,None,Application,djkvdihost555.jakarta01.com,JAKARTA01\heri  
Error,10/4/2017 7:14:21 AM,EventCreate,1,None,Application,djkvdihost711.jakarta01.com,JAKARTA01\DanielAW  
Error,10/4/2017 7:12:54 AM,EventCreate,1,None,Application,djkvdihost006.jakarta01.com,JAKARTA01\elestari  
Error,10/4/2017 7:12:46 AM,EventCreate,1,None,Application,djkvdihost237.jakarta01.com,JAKARTA01\dadi  
Error,10/4/2017 7:11:49 AM,EventCreate,1,None,Application,djkvdihost142.jakarta01.com,JAKARTA01\yosie  
Error,10/4/2017 7:11:18 AM,EventCreate,1,None,Application,djkvdihost138.jakarta01.com,JAKARTA01\barry  
Error,10/4/2017 7:10:55 AM,EventCreate,1,None,Application,djkvdihost710.jakarta01.com,JAKARTA01\mirawati  
Error,10/4/2017 7:10:21 AM,WSH,1,None,Application,djkvdihost710.jakarta01.com,"CN=Mirawati Pranoto password will expire in 1 day(s) at 10/5/2017 7:42:29 AM

Press CTRL + ALT + DEL and select the ""Change a password"" option."
Error,10/4/2017 7:10:40 AM,EventCreate,1,None,Application,djkvdihost037.jakarta01.com,JAKARTA01\livia  
Error,10/4/2017 7:10:21 AM,EventCreate,1,None,Application,djkvdihost580.jakarta01.com,JAKARTA01\hertanto  
Error,10/4/2017 7:10:20 AM,WSH,1,None,Application,djkvdihost710.jakarta01.com,"CN=Mirawati Pranoto password will expire in 1 day(s) at 10/5/2017 7:42:29 AM

Press CTRL + ALT + DEL and select the ""Change a password"" option."
Error,10/4/2017 7:10:17 AM,EventCreate,1,None,Application,djkvdihost624.jakarta01.com,JAKARTA01\eddy  
Error,10/4/2017 7:10:12 AM,EventCreate,1,None,Application,djkvdihost101.jakarta01.com,JAKARTA01\gatots  
Error,10/4/2017 7:09:32 AM,EventCreate,1,None,Application,djkvdihost303.jakarta01.com,JAKARTA01\budi ramadhan  
Error,10/4/2017 7:09:08 AM,EventCreate,1,None,Application,djkvdihost337.jakarta01.com,JAKARTA01\dian  
Error,10/4/2017 7:07:41 AM,EventCreate,1,None,Application,djkvdihost305.jakarta01.com,JAKARTA01\feni  
Error,10/4/2017 7:06:37 AM,EventCreate,1,None,Application,djkvdihost628.jakarta01.com,JAKARTA01\ayuningtias  
Error,10/4/2017 7:06:34 AM,EventCreate,1,None,Application,djkvdihost242.jakarta01.com,JAKARTA01\topik  
Error,10/4/2017 7:06:27 AM,EventCreate,1,None,Application,djkvdihost844.jakarta01.com,JAKARTA01\Nishinaka  
Error,10/4/2017 7:06:22 AM,EventCreate,1,None,Application,djkvdihost302.jakarta01.com,JAKARTA01\indrawati  
Error,10/4/2017 7:05:38 AM,EventCreate,1,None,Application,djkvdihost431.jakarta01.com,JAKARTA01\Shena  
Error,10/4/2017 7:05:05 AM,EventCreate,1,None,Application,djkvdihost532.jakarta01.com,JAKARTA01\melani  
Error,10/4/2017 7:04:45 AM,EventCreate,1,None,Application,djkvdihost787.jakarta01.com,JAKARTA01\gati  
Error,10/4/2017 7:03:44 AM,EventCreate,1,None,Application,djkvdihost876.jakarta01.com,JAKARTA01\masuyama  
Error,10/4/2017 7:03:41 AM,EventCreate,1,None,Application,djkvdihost814.jakarta01.com,JAKARTA01\paramita  
Error,10/4/2017 7:02:24 AM,EventCreate,1,None,Application,djkvdihost053.jakarta01.com,JAKARTA01\Luki Mahanani  
Error,10/4/2017 7:02:13 AM,EventCreate,1,None,Application,djkvdihost121.jakarta01.com,JAKARTA01\Hera  
Error,10/4/2017 7:02:01 AM,EventCreate,1,None,Application,djkvdihost474.jakarta01.com,JAKARTA01\andri  
Error,10/4/2017 7:01:46 AM,EventCreate,1,None,Application,djkvdihost642.jakarta01.com,JAKARTA01\iqbal  
Error,10/4/2017 7:01:42 AM,EventCreate,1,None,Application,djkvdihost839.jakarta01.com,JAKARTA01\suhendrayana  
Error,10/4/2017 7:01:36 AM,EventCreate,1,None,Application,djkvdihost676.jakarta01.com,JAKARTA01\moh rinov  
Error,10/4/2017 7:00:32 AM,EventCreate,1,None,Application,djkvdihost152.jakarta01.com,JAKARTA01\tenri  
Error,10/4/2017 6:59:34 AM,EventCreate,1,None,Application,djkvdihost304.jakarta01.com,JAKARTA01\ester  
Error,10/4/2017 6:59:06 AM,EventCreate,1,None,Application,djkvdihost235.jakarta01.com,JAKARTA01\Amaliawati  
Error,10/4/2017 6:58:33 AM,EventCreate,1,None,Application,djkvdihost685.jakarta01.com,JAKARTA01\namora  
Error,10/4/2017 6:56:30 AM,EventCreate,1,None,Application,djkvdihost240.jakarta01.com,JAKARTA01\rini  
Error,10/4/2017 6:56:16 AM,EventCreate,1,None,Application,djkvdihost269.jakarta01.com,JAKARTA01\Mulyono  
Error,10/4/2017 6:56:15 AM,EventCreate,1,None,Application,djkvdihost001.jakarta01.com,JAKARTA01\Nur Alma  
Error,10/4/2017 6:56:11 AM,EventCreate,1,None,Application,djkvdihost871.jakarta01.com,JAKARTA01\bobby  
Error,10/4/2017 6:55:53 AM,EventCreate,1,None,Application,djkvdihost316.jakarta01.com,JAKARTA01\dini hariyani  
Error,10/4/2017 6:54:55 AM,EventCreate,1,None,Application,djkvdihost144.jakarta01.com,JAKARTA01\rusliyani  
Error,10/4/2017 6:54:50 AM,EventCreate,1,None,Application,djkvdihost052.jakarta01.com,JAKARTA01\kartika  
Error,10/4/2017 6:54:16 AM,EventCreate,1,None,Application,djkvdihost562.jakarta01.com,JAKARTA01\Patsiana  
Error,10/4/2017 6:53:42 AM,EventCreate,1,None,Application,djkvdihost861.jakarta01.com,JAKARTA01\bayu  
Error,10/4/2017 6:53:39 AM,EventCreate,1,None,Application,djkvdihost291.jakarta01.com,JAKARTA01\Pricillia  
Error,10/4/2017 6:52:41 AM,WSH,1,None,Application,djkvdihost291.jakarta01.com,"CN=Pricillia Winda Sutio password will expire in 4 day(s) at 10/8/2017 6:34:54 AM

Press CTRL + ALT + DEL and select the ""Change a password"" option."
Error,10/4/2017 6:52:41 AM,EventCreate,1,None,Application,djkvdihost610.jakarta01.com,JAKARTA01\devid  
Error,10/4/2017 6:52:41 AM,WSH,1,None,Application,djkvdihost291.jakarta01.com,"CN=Pricillia Winda Sutio password will expire in 4 day(s) at 10/8/2017 6:34:54 AM

Press CTRL + ALT + DEL and select the ""Change a password"" option."
Error,10/4/2017 6:52:02 AM,EventCreate,1,None,Application,djkvdihost048.jakarta01.com,JAKARTA01\muhammad zubayr  
Error,10/4/2017 6:51:53 AM,EventCreate,1,None,Application,djkvdihost820.jakarta01.com,JAKARTA01\IRMALA  
Error,10/4/2017 6:51:47 AM,EventCreate,1,None,Application,djkvdihost549.jakarta01.com,JAKARTA01\eunice  
Error,10/4/2017 6:51:39 AM,EventCreate,1,None,Application,djkvdihost586.jakarta01.com,JAKARTA01\alexander  
Error,10/4/2017 6:50:55 AM,EventCreate,1,None,Application,djkvdihost119.jakarta01.com,JAKARTA01\Letitia  
Error,10/4/2017 6:50:43 AM,WSH,1,None,Application,djkvdihost549.jakarta01.com,"CN=Eunice Shertaria Bangun password will expire in 4 day(s) at 10/8/2017 8:00:20 AM

Press CTRL + ALT + DEL and select the ""Change a password"" option."
Error,10/4/2017 6:50:41 AM,WSH,1,None,Application,djkvdihost549.jakarta01.com,"CN=Eunice Shertaria Bangun password will expire in 4 day(s) at 10/8/2017 8:00:20 AM

Press CTRL + ALT + DEL and select the ""Change a password"" option."
Error,10/4/2017 6:50:41 AM,EventCreate,1,None,Application,djkvdihost423.jakarta01.com,JAKARTA01\susanto  
Error,10/4/2017 6:49:26 AM,EventCreate,1,None,Application,djkvdihost181.jakarta01.com,JAKARTA01\suwilhan  
Error,10/4/2017 6:49:02 AM,EventCreate,1,None,Application,djkvdihost858.jakarta01.com,JAKARTA01\Ouchi  
Error,10/4/2017 6:49:00 AM,EventCreate,1,None,Application,djkvdihost298.jakarta01.com,JAKARTA01\Pinta  
Error,10/4/2017 6:48:01 AM,EventCreate,1,None,Application,djkvdihost471.jakarta01.com,JAKARTA01\yofiandhy  
Error,10/4/2017 6:48:22 AM,EventCreate,1,None,Application,djkvdihost792.jakarta01.com,JAKARTA01\rusliadi  
Error,10/4/2017 6:48:00 AM,EventCreate,1,None,Application,djkvdihost399.jakarta01.com,JAKARTA01\poespita  
Error,10/4/2017 6:47:31 AM,EventCreate,1,None,Application,djkvdihost471.jakarta01.com,JAKARTA01\yofiandhy  
Error,10/4/2017 6:47:24 AM,EventCreate,1,None,Application,djkvdihost663.jakarta01.com,JAKARTA01\yosephine  
Error,10/4/2017 6:47:13 AM,EventCreate,1,None,Application,djkvdihost411.jakarta01.com,JAKARTA01\willya  
Error,10/4/2017 6:46:24 AM,EventCreate,1,None,Application,djkvdihost843.jakarta01.com,JAKARTA01\jeremia  
Error,10/4/2017 6:46:08 AM,EventCreate,1,None,Application,djkvdihost375.jakarta01.com,JAKARTA01\debby  
Error,10/4/2017 6:45:42 AM,EventCreate,1,None,Application,djkvdihost789.jakarta01.com,JAKARTA01\Chinthea  
Error,10/4/2017 6:44:15 AM,EventCreate,1,None,Application,djkvdihost480.jakarta01.com,JAKARTA01\tjahja  
Error,10/4/2017 6:44:05 AM,EventCreate,1,None,Application,djkvdihost059.jakarta01.com,JAKARTA01\Pram  
Error,10/4/2017 6:43:43 AM,EventCreate,1,None,Application,djkvdihost188.jakarta01.com,JAKARTA01\amanda  
Error,10/4/2017 6:43:28 AM,EventCreate,1,None,Application,djkvdihost059.jakarta01.com,JAKARTA01\Pram  
Error,10/4/2017 6:43:14 AM,EventCreate,1,None,Application,djkvdihost342.jakarta01.com,JAKARTA01\zaldi  
Error,10/4/2017 6:42:48 AM,EventCreate,1,None,Application,djkvdihost440.jakarta01.com,JAKARTA01\kezia  
Error,10/4/2017 6:42:20 AM,EventCreate,1,None,Application,djkvdihost230.jakarta01.com,JAKARTA01\margiati  
Error,10/4/2017 6:42:07 AM,EventCreate,1,None,Application,djkvdihost743.jakarta01.com,JAKARTA01\muhammad afif  
Error,10/4/2017 6:41:24 AM,EventCreate,1,None,Application,djkvdihost039.jakarta01.com,JAKARTA01\hideo  
Error,10/4/2017 6:40:51 AM,EventCreate,1,None,Application,djkvdihost113.jakarta01.com,JAKARTA01\komangsd  
Error,10/4/2017 6:39:33 AM,EventCreate,1,None,Application,djkvdihost092.jakarta01.com,JAKARTA01\taufik  
Error,10/4/2017 6:39:31 AM,EventCreate,1,None,Application,djkvdihost092.jakarta01.com,JAKARTA01\taufik  
Error,10/4/2017 6:39:51 AM,EventCreate,1,None,Application,djkvdihost351.jakarta01.com,JAKARTA01\yasinta  
Error,10/4/2017 6:39:27 AM,EventCreate,1,None,Application,djkvdihost092.jakarta01.com,JAKARTA01\taufik  
Error,10/4/2017 6:38:24 AM,EventCreate,1,None,Application,djkvdihost608.jakarta01.com,JAKARTA01\sasono  
Error,10/4/2017 6:36:56 AM,EventCreate,1,None,Application,djkvdihost608.jakarta01.com,JAKARTA01\sasono  
Error,10/4/2017 6:36:29 AM,EventCreate,1,None,Application,djkvdihost565.jakarta01.com,JAKARTA01\faiqa  
Error,10/4/2017 6:36:00 AM,EventCreate,1,None,Application,djkvdihost715.jakarta01.com,JAKARTA01\gallant  
Error,10/4/2017 6:33:00 AM,EventCreate,1,None,Application,djkvdihost845.jakarta01.com,JAKARTA01\Machida  
Error,10/4/2017 6:32:10 AM,EventCreate,1,None,Application,djkvdihost853.jakarta01.com,JAKARTA01\hastari  
Error,10/4/2017 6:28:16 AM,EventCreate,1,None,Application,djkvdihost525.jakarta01.com,JAKARTA01\cut nyak  
Error,10/4/2017 6:25:11 AM,EventCreate,1,None,Application,djkvdihost785.jakarta01.com,JAKARTA01\Linah  
Error,10/4/2017 6:23:50 AM,EventCreate,1,None,Application,djkvdihost821.jakarta01.com,JAKARTA01\Nur Maya  
Error,10/4/2017 6:23:21 AM,WSH,1,None,Application,djkvdihost821.jakarta01.com,"CN=Nur Maya Rahma password will expire in 4 day(s) at 10/8/2017 7:22:00 AM

Press CTRL + ALT + DEL and select the ""Change a password"" option."
Error,10/4/2017 6:23:34 AM,EventCreate,1,None,Application,djkvdihost370.jakarta01.com,JAKARTA01\Hertanto gunadi  
Error,10/4/2017 6:23:20 AM,WSH,1,None,Application,djkvdihost821.jakarta01.com,"CN=Nur Maya Rahma password will expire in 4 day(s) at 10/8/2017 7:22:00 AM

Press CTRL + ALT + DEL and select the ""Change a password"" option."
Error,10/4/2017 6:20:16 AM,EventCreate,1,None,Application,djkvdihost387.jakarta01.com,JAKARTA01\rusmelin  
Error,10/4/2017 6:16:10 AM,EventCreate,1,None,Application,djkvdihost712.jakarta01.com,JAKARTA01\Idafarida  
Error,10/4/2017 6:13:12 AM,EventCreate,1,None,Application,djkvdihost731.jakarta01.com,JAKARTA01\nunu  
Error,10/4/2017 6:12:47 AM,WSH,1,None,Application,djkvdihost731.jakarta01.com,"CN=Nunu Rusli password will expire in 4 day(s) at 10/8/2017 8:06:25 AM

Press CTRL + ALT + DEL and select the ""Change a password"" option."
Error,10/4/2017 6:13:12 AM,EventCreate,1,None,Application,djkvdihost016.jakarta01.com,JAKARTA01\dwinanto  
Error,10/4/2017 6:12:45 AM,WSH,1,None,Application,djkvdihost731.jakarta01.com,"CN=Nunu Rusli password will expire in 4 day(s) at 10/8/2017 8:06:25 AM

Press CTRL + ALT + DEL and select the ""Change a password"" option."
Error,10/4/2017 6:11:00 AM,EventCreate,1,None,Application,djkvdihost762.jakarta01.com,JAKARTA01\hayatilah  
Error,10/4/2017 6:10:16 AM,EventCreate,1,None,Application,djkvdihost076.jakarta01.com,JAKARTA01\nugraha  
Error,10/4/2017 6:09:59 AM,EventCreate,1,None,Application,djkvdihost347.jakarta01.com,JAKARTA01\Argo  
Error,10/4/2017 6:09:10 AM,EventCreate,1,None,Application,djkvdihost265.jakarta01.com,JAKARTA01\mulyanto  
Error,10/4/2017 6:06:11 AM,EventCreate,1,None,Application,djkvdihost828.jakarta01.com,JAKARTA01\Erick  
Error,10/4/2017 6:04:26 AM,EventCreate,1,None,Application,djkvdihost027.jakarta01.com,JAKARTA01\Valdi  
Error,10/4/2017 5:56:28 AM,EventCreate,1,None,Application,djkvdihost261.jakarta01.com,JAKARTA01\anisa  
Error,10/4/2017 5:55:11 AM,EventCreate,1,None,Application,djkvdihost608.jakarta01.com,JAKARTA01\ridjal  
Error,10/4/2017 5:54:26 AM,EventCreate,1,None,Application,djkvdihost766.jakarta01.com,JAKARTA01\ianm  
Error,10/4/2017 5:54:24 AM,EventCreate,1,None,Application,djkvdihost061.jakarta01.com,JAKARTA01\arqom  
Error,10/4/2017 5:52:21 AM,EventCreate,1,None,Application,djkvdihost784.jakarta01.com,JAKARTA01\Moh Ditto  
Error,10/4/2017 5:51:35 AM,EventCreate,1,None,Application,djkvdihost279.jakarta01.com,JAKARTA01\midasope  
Error,10/4/2017 5:51:15 AM,EventCreate,1,None,Application,djkvdihost615.jakarta01.com,JAKARTA01\hilmy  
Error,10/4/2017 5:48:56 AM,EventCreate,1,None,Application,djkvdihost249.jakarta01.com,JAKARTA01\yosiakarta  
Error,10/4/2017 5:42:33 AM,EventCreate,1,None,Application,djkvdihost487.jakarta01.com,JAKARTA01\agungwd  
Error,10/3/2017 9:32:12 PM,EventCreate,1,None,Application,djkvdihost658.jakarta01.com,JAKARTA01\sulistyono  
Error,10/3/2017 9:32:09 PM,Application Error,1000,(100),Application,djkvdihost658.jakarta01.com,"Faulting application name: PhotoScreensaver.scr, version: 6.1.7601.17514, time stamp: 0x4ce7a590
Faulting module name: SHELL32.dll, version: 6.1.7601.23537, time stamp: 0x57c450f4
Exception code: 0xc0000005
Fault offset: 0x001f269f
Faulting process id: 0xa24
Faulting application start time: 0x01d33c3ace5d7651
Faulting application path: C:\Windows\system32\PhotoScreensaver.scr
Faulting module path: C:\Windows\system32\SHELL32.dll
Report Id: a2af7449-a847-11e7-aaae-0050569f2ade"
Error,10/3/2017 9:31:35 PM,EventCreate,1,None,Application,djkvdihost752.jakarta01.com,JAKARTA01\wang  
Error,10/3/2017 8:32:56 PM,EventCreate,1,None,Application,djkvdihost697.jakarta01.com,JAKARTA01\vita  
Error,10/3/2017 8:32:28 PM,EventCreate,1,None,Application,djkvdihost697.jakarta01.com,JAKARTA01\vita  
Error,10/3/2017 6:26:38 PM,EventCreate,1,None,Application,djkvdihost774.jakarta01.com,JAKARTA01\guestitso01  
Error,10/3/2017 7:41:57 PM,EventCreate,1,None,Application,djkvdihost693.jakarta01.com,JAKARTA01\Budi Abianto  
Error,10/3/2017 7:35:44 PM,EventCreate,1,None,Application,djkvdihost321.jakarta01.com,JAKARTA01\AULIASA  
Error,10/3/2017 7:35:44 PM,Application Error,1000,(100),Application,djkvdihost321.jakarta01.com,"Faulting application name: OUTLOOK.EXE, version: 15.0.4919.1001, time stamp: 0x58d20482
Faulting module name: OUTLOOK.EXE, version: 15.0.4919.1001, time stamp: 0x58d20482
Exception code: 0xc0000005
Fault offset: 0x008924c7
Faulting process id: 0xd78
Faulting application start time: 0x01d33be36c8a223b
Faulting application path: C:\Program Files\Microsoft Office\Office15\OUTLOOK.EXE
Faulting module path: C:\Program Files\Microsoft Office\Office15\OUTLOOK.EXE
Report Id: 5f308425-a837-11e7-99ed-0050569f78a6"
Error,10/3/2017 7:29:31 PM,EventCreate,1,None,Application,djkvdihost373.jakarta01.com,JAKARTA01\dwi septiyanti  
Error,10/3/2017 7:29:30 PM,Application Error,1000,(100),Application,djkvdihost373.jakarta01.com,"Faulting application name: OUTLOOK.EXE, version: 15.0.4919.1001, time stamp: 0x58d20482
Faulting module name: OUTLOOK.EXE, version: 15.0.4919.1001, time stamp: 0x58d20482
Exception code: 0xc0000005
Fault offset: 0x008924c4
Faulting process id: 0x30c
Faulting application start time: 0x01d33c3f2822a7e0
Faulting application path: C:\Program Files\Microsoft Office\Office15\OUTLOOK.EXE
Faulting module path: C:\Program Files\Microsoft Office\Office15\OUTLOOK.EXE
Report Id: 809cd082-a836-11e7-82da-0050569f2775"
Error,10/3/2017 7:26:39 PM,EventCreate,1,None,Application,djkvdihost762.jakarta01.com,JAKARTA01\Widi Anggraeni  
