Error,10/3/2017 8:27,Application Error,1000,-100,Application,djkvdihost093.jakarta01.com,"Faulting application name: OUTLOOK.EXE, version: 15.0.4919.1001, time stamp: 0x58d20482
Faulting module name: OUTLOOK.EXE, version: 15.0.4919.1001, time stamp: 0x58d20482
Exception code: 0xc0000005
Fault offset: 0x008924c7
Faulting process id: 0x1e98
Faulting application start time: 0x01d33be04baaf6c2
Faulting application path: C:\Program Files\Microsoft Office\Office15\OUTLOOK.EXE
Faulting module path: C:\Program Files\Microsoft Office\Office15\OUTLOOK.EXE
Report Id: 01884455-a7da-11e7-a428-0050569f2e88"
Error,10/3/2017 8:27,EventCreate,1,None,Application,djkvdihost778.jakarta01.com,JAKARTA01\tara  
Error,10/3/2017 8:27,EventCreate,1,None,Application,djkvdihost380.jakarta01.com,JAKARTA01\AdindaGita  
Error,10/3/2017 8:27,EventCreate,1,None,Application,djkvdihost045.jakarta01.com,JAKARTA01\Erlisa  
Error,10/3/2017 8:27,EventCreate,1,None,Application,djkvdihost573.jakarta01.com,JAKARTA01\naldi  
Error,10/3/2017 8:26,EventCreate,1,None,Application,djkvdihost824.jakarta01.com,JAKARTA01\junito  
Error,10/3/2017 8:26,EventCreate,1,None,Application,djkvdihost252.jakarta01.com,JAKARTA01\ibahtiar  
Error,10/3/2017 8:26,EventCreate,1,None,Application,djkvdihost216.jakarta01.com,JAKARTA01\Rosulla  
Error,10/3/2017 8:26,EventCreate,1,None,Application,djkvdihost113.jakarta01.com,JAKARTA01\sanggra  
Error,10/3/2017 8:26,EventCreate,1,None,Application,djkvdihost828.jakarta01.com,JAKARTA01\guestisd37  
Error,10/3/2017 8:25,EventCreate,1,None,Application,djkvdihost001.jakarta01.com,JAKARTA01\dwi budi  
Error,10/3/2017 8:25,EventCreate,1,None,Application,djkvdihost151.jakarta01.com,JAKARTA01\Rani  
Error,10/3/2017 8:25,EventCreate,1,None,Application,djkvdihost801.jakarta01.com,JAKARTA01\nurhayani  
Error,10/3/2017 8:25,EventCreate,1,None,Application,djkvdihost593.jakarta01.com,JAKARTA01\dadang  
Error,10/3/2017 8:24,EventCreate,1,None,Application,djkvdihost168.jakarta01.com,JAKARTA01\Nurhayati  
Error,10/3/2017 8:25,EventCreate,1,None,Application,djkvdihost739.jakarta01.com,JAKARTA01\Ronald Hertanto  
Error,10/3/2017 8:25,EventCreate,1,None,Application,djkvdihost495.jakarta01.com,JAKARTA01\zahra  
Error,10/3/2017 8:25,EventCreate,1,None,Application,djkvdihost064.jakarta01.com,JAKARTA01\kurniawan  
Error,10/3/2017 8:24,EventCreate,1,None,Application,djkvdihost001.jakarta01.com,JAKARTA01\dwi budi  
Error,10/3/2017 8:24,EventCreate,1,None,Application,djkvdihost168.jakarta01.com,JAKARTA01\Nurhayati  
Error,10/3/2017 8:24,EventCreate,1,None,Application,djkvdihost001.jakarta01.com,JAKARTA01\dwi budi  
Error,10/3/2017 8:23,EventCreate,1,None,Application,djkvdihost030.jakarta01.com,JAKARTA01\mayang  
Error,10/3/2017 8:23,EventCreate,1,None,Application,djkvdihost764.jakarta01.com,JAKARTA01\sitti  
Error,10/3/2017 8:23,EventCreate,1,None,Application,djkvdihost332.jakarta01.com,JAKARTA01\rahma  
Error,10/3/2017 8:23,EventCreate,1,None,Application,djkvdihost053.jakarta01.com,JAKARTA01\sari  
Error,10/3/2017 8:23,EventCreate,1,None,Application,djkvdihost115.jakarta01.com,JAKARTA01\amiratul  
Error,10/3/2017 8:23,EventCreate,1,None,Application,djkvdihost282.jakarta01.com,JAKARTA01\hana nurul  
Error,10/3/2017 8:22,EventCreate,1,None,Application,djkvdihost764.jakarta01.com,JAKARTA01\sitti  
Error,10/3/2017 8:17,EventCreate,1,None,Application,djkvdihost764.jakarta01.com,"The description for Event ID 1 from source EventCreate cannot be found. Either the component that raises this event is not installed on your local computer or the installation is corrupted. You can install or repair the component on the local computer.

If the event originated on another computer, the display information had to be saved with the event.

The following information was included with the event: 

JAKARTA01\victoria  
"
Error,10/3/2017 8:22,EventCreate,1,None,Application,djkvdihost010.jakarta01.com,JAKARTA01\aprilia  
Error,10/3/2017 8:22,EventCreate,1,None,Application,djkvdihost010.jakarta01.com,JAKARTA01\aprilia  
Error,10/3/2017 8:21,EventCreate,1,None,Application,djkvdihost457.jakarta01.com,JAKARTA01\guestisd03  
Error,10/3/2017 8:15,EventCreate,1,None,Application,djkvdihost764.jakarta01.com,"The description for Event ID 1 from source EventCreate cannot be found. Either the component that raises this event is not installed on your local computer or the installation is corrupted. You can install or repair the component on the local computer.

If the event originated on another computer, the display information had to be saved with the event.

The following information was included with the event: 

JAKARTA01\victoria  
"
Error,10/3/2017 8:21,EventCreate,1,None,Application,djkvdihost633.jakarta01.com,JAKARTA01\lieke  
Error,10/3/2017 8:21,EventCreate,1,None,Application,djkvdihost327.jakarta01.com,JAKARTA01\achmadr  
Error,10/3/2017 8:21,EventCreate,1,None,Application,djkvdihost185.jakarta01.com,JAKARTA01\idams  
Error,10/3/2017 8:21,EventCreate,1,None,Application,djkvdihost641.jakarta01.com,JAKARTA01\victoria  
Error,10/3/2017 8:20,EventCreate,1,None,Application,djkvdihost749.jakarta01.com,JAKARTA01\christian2  
Error,10/3/2017 8:20,EventCreate,1,None,Application,djkvdihost189.jakarta01.com,JAKARTA01\nunu  
Error,10/3/2017 8:20,EventCreate,1,None,Application,djkvdihost148.jakarta01.com,JAKARTA01\augtiaji  
Error,10/3/2017 8:20,EventCreate,1,None,Application,djkvdihost211.jakarta01.com,JAKARTA01\GUESTISD32  
Error,10/3/2017 8:19,EventCreate,1,None,Application,djkvdihost467.jakarta01.com,JAKARTA01\fathur  
Error,10/3/2017 8:19,EventCreate,1,None,Application,djkvdihost004.jakarta01.com,JAKARTA01\ramantid  
Error,10/3/2017 8:18,EventCreate,1,None,Application,djkvdihost610.jakarta01.com,JAKARTA01\findal  
Error,10/3/2017 8:18,EventCreate,1,None,Application,djkvdihost526.jakarta01.com,JAKARTA01\denny  
Error,10/3/2017 8:18,EventCreate,1,None,Application,djkvdihost284.jakarta01.com,JAKARTA01\richard  
Error,10/3/2017 8:17,EventCreate,1,None,Application,djkvdihost426.jakarta01.com,JAKARTA01\Pratama  
Error,10/3/2017 8:17,EventCreate,1,None,Application,djkvdihost590.jakarta01.com,JAKARTA01\komangya  
Error,10/3/2017 8:16,EventCreate,1,None,Application,djkvdihost681.jakarta01.com,JAKARTA01\leonie  
Error,10/3/2017 8:16,EventCreate,1,None,Application,djkvdihost539.jakarta01.com,JAKARTA01\dhimas  
Error,10/3/2017 8:16,EventCreate,1,None,Application,djkvdihost337.jakarta01.com,JAKARTA01\quartiny  
Error,10/3/2017 8:16,EventCreate,1,None,Application,djkvdihost543.jakarta01.com,JAKARTA01\trisnawati  
Error,10/3/2017 8:16,EventCreate,1,None,Application,djkvdihost491.jakarta01.com,JAKARTA01\fajar  
Error,10/3/2017 8:16,EventCreate,1,None,Application,djkvdihost726.jakarta01.com,JAKARTA01\Listya  
Error,10/3/2017 8:16,EventCreate,1,None,Application,djkvdihost016.jakarta01.com,JAKARTA01\DanielAW  
Error,10/3/2017 8:15,EventCreate,1,None,Application,djkvdihost681.jakarta01.com,JAKARTA01\leonie  
Error,10/3/2017 8:15,EventCreate,1,None,Application,djkvdihost325.jakarta01.com,JAKARTA01\JanuardiI  
Error,10/3/2017 8:15,EventCreate,1,None,Application,djkvdihost807.jakarta01.com,JAKARTA01\Ariestyo  
Error,10/3/2017 8:15,EventCreate,1,None,Application,djkvdihost690.jakarta01.com,JAKARTA01\Festy  
Error,10/3/2017 8:15,EventCreate,1,None,Application,djkvdihost264.jakarta01.com,JAKARTA01\jidromann  
Error,10/3/2017 8:13,EventCreate,1,None,Application,djkvdihost059.jakarta01.com,JAKARTA01\taty  
Error,10/3/2017 8:14,EventCreate,1,None,Application,djkvdihost703.jakarta01.com,JAKARTA01\endrojono  
Error,10/3/2017 8:14,EventCreate,1,None,Application,djkvdihost710.jakarta01.com,JAKARTA01\Arief Sandy  
Error,10/3/2017 8:14,EventCreate,1,None,Application,djkvdihost391.jakarta01.com,JAKARTA01\yusuf  
Error,10/3/2017 8:14,EventCreate,1,None,Application,djkvdihost366.jakarta01.com,JAKARTA01\nirmala  
Error,10/3/2017 8:14,EventCreate,1,None,Application,djkvdihost034.jakarta01.com,JAKARTA01\Nurmalia  
Error,10/3/2017 8:14,EventCreate,1,None,Application,djkvdihost648.jakarta01.com,JAKARTA01\janna  
Error,10/3/2017 8:14,EventCreate,1,None,Application,djkvdihost301.jakarta01.com,JAKARTA01\supris  
Error,10/3/2017 8:13,EventCreate,1,None,Application,djkvdihost059.jakarta01.com,JAKARTA01\taty  
Error,10/3/2017 8:13,EventCreate,1,None,Application,djkvdihost636.jakarta01.com,JAKARTA01\jayson  
Error,10/3/2017 8:14,EventCreate,1,None,Application,djkvdihost414.jakarta01.com,JAKARTA01\nirliani  
Error,10/3/2017 8:13,EventCreate,1,None,Application,djkvdihost564.jakarta01.com,JAKARTA01\mutiman  
Error,10/3/2017 8:13,EventCreate,1,None,Application,djkvdihost688.jakarta01.com,JAKARTA01\GuestISD56  
Error,10/3/2017 8:13,EventCreate,1,None,Application,djkvdihost894.jakarta01.com,JAKARTA01\Agus Sutikno  
Error,10/3/2017 8:13,Application Error,1000,-100,Application,djkvdihost894.jakarta01.com,"Faulting application name: lync.exe, version: 15.0.4927.1000, time stamp: 0x58ec7faa
Faulting module name: KERNELBASE.dll, version: 6.1.7601.23807, time stamp: 0x5915f98e
Exception code: 0xc0000005
Fault offset: 0x00035f75
Faulting process id: 0xcac
Faulting application start time: 0x01d33bdfd87e7491
Faulting application path: C:\Program Files (x86)\Microsoft Office\Office15\lync.exe
Faulting module path: C:\Windows\syswow64\KERNELBASE.dll
Report Id: 058923fa-a7d8-11e7-927b-0050569f363b"
Error,10/3/2017 8:13,Application Error,1000,-100,Application,djkvdihost636.jakarta01.com,"Faulting application name: spoolsv.exe, version: 6.1.7601.17777, time stamp: 0x4f35efc3
Faulting module name: msvcrt.dll, version: 7.0.7601.17744, time stamp: 0x4eeaf722
Exception code: 0xc0000005
Fault offset: 0x0000aa14
Faulting process id: 0x638
Faulting application start time: 0x01d33b6abd04da32
Faulting application path: C:\Windows\System32\spoolsv.exe
Faulting module path: C:\Windows\system32\msvcrt.dll
Report Id: 1385e601-a7d8-11e7-bdca-0050569f416c"
Error,10/3/2017 8:13,EventCreate,1,None,Application,djkvdihost218.jakarta01.com,JAKARTA01\ALFIYAH  
Error,10/3/2017 8:13,EventCreate,1,None,Application,djkvdihost164.jakarta01.com,JAKARTA01\ardiana  
Error,10/3/2017 8:13,EventCreate,1,None,Application,djkvdihost453.jakarta01.com,JAKARTA01\dewi  
Error,10/3/2017 8:13,EventCreate,1,None,Application,djkvdihost632.jakarta01.com,JAKARTA01\Lordy  
Error,10/3/2017 8:13,EventCreate,1,None,Application,djkvdihost114.jakarta01.com,JAKARTA01\Rio  
Error,10/3/2017 8:13,EventCreate,1,None,Application,djkvdihost289.jakarta01.com,JAKARTA01\daniel chin  
Error,10/3/2017 8:13,EventCreate,1,None,Application,djkvdihost163.jakarta01.com,JAKARTA01\nadya  
Error,10/3/2017 8:12,EventCreate,1,None,Application,djkvdihost143.jakarta01.com,JAKARTA01\ubaedi  
Error,10/3/2017 8:12,EventCreate,1,None,Application,djkvdihost483.jakarta01.com,JAKARTA01\sulaiman  
Error,10/3/2017 8:12,EventCreate,1,None,Application,djkvdihost679.jakarta01.com,JAKARTA01\nadhilah  
Error,10/3/2017 8:12,EventCreate,1,None,Application,djkvdihost033.jakarta01.com,JAKARTA01\katrin  
Error,10/3/2017 8:12,EventCreate,1,None,Application,djkvdihost403.jakarta01.com,JAKARTA01\Rumata  
Error,10/3/2017 8:12,EventCreate,1,None,Application,djkvdihost248.jakarta01.com,JAKARTA01\tesha  
Error,10/3/2017 8:12,EventCreate,1,None,Application,djkvdihost033.jakarta01.com,JAKARTA01\katrin  
Error,10/3/2017 8:11,EventCreate,1,None,Application,djkvdihost407.jakarta01.com,JAKARTA01\sylvia  
Error,10/3/2017 8:11,EventCreate,1,None,Application,djkvdihost483.jakarta01.com,JAKARTA01\sulaiman  
Error,10/3/2017 8:11,WSH,1,None,Application,djkvdihost403.jakarta01.com,"CN=Rumata password will expire in 2 day(s) at 10/5/2017 8:42:02 AM

Press CTRL + ALT + DEL and select the ""Change a password"" option."
Error,10/3/2017 8:11,WSH,1,None,Application,djkvdihost403.jakarta01.com,"CN=Rumata password will expire in 2 day(s) at 10/5/2017 8:42:02 AM

Press CTRL + ALT + DEL and select the ""Change a password"" option."
Error,10/3/2017 8:11,EventCreate,1,None,Application,djkvdihost117.jakarta01.com,JAKARTA01\agnesthine  
Error,10/3/2017 8:11,EventCreate,1,None,Application,djkvdihost549.jakarta01.com,JAKARTA01\wahyudj  
Error,10/3/2017 8:11,EventCreate,1,None,Application,djkvdihost502.jakarta01.com,JAKARTA01\eriku  
Error,10/3/2017 8:11,EventCreate,1,None,Application,djkvdihost763.jakarta01.com,JAKARTA01\widya utami  
Error,10/3/2017 8:10,EventCreate,1,None,Application,djkvdihost322.jakarta01.com,JAKARTA01\Arlyne  
Error,10/3/2017 8:09,EventCreate,1,None,Application,djkvdihost570.jakarta01.com,JAKARTA01\david  
Error,10/3/2017 8:09,EventCreate,1,None,Application,djkvdihost145.jakarta01.com,JAKARTA01\kristian  
Error,10/3/2017 8:09,EventCreate,1,None,Application,djkvdihost442.jakarta01.com,JAKARTA01\Siti Atikah  
Error,10/3/2017 8:09,EventCreate,1,None,Application,djkvdihost056.jakarta01.com,JAKARTA01\reza  
Error,10/3/2017 8:09,EventCreate,1,None,Application,djkvdihost898.jakarta01.com,JAKARTA01\matthew  
Error,10/3/2017 8:09,EventCreate,1,None,Application,djkvdihost152.jakarta01.com,JAKARTA01\belly  
Error,10/3/2017 8:09,EventCreate,1,None,Application,djkvdihost145.jakarta01.com,JAKARTA01\kristian  
Error,10/3/2017 8:08,EventCreate,1,None,Application,djkvdihost200.jakarta01.com,JAKARTA01\dyah alit  
Error,10/3/2017 8:08,EventCreate,1,None,Application,djkvdihost500.jakarta01.com,JAKARTA01\fahmi  
Error,10/3/2017 8:08,EventCreate,1,None,Application,djkvdihost624.jakarta01.com,JAKARTA01\sergi  
Error,10/3/2017 8:08,Application Error,1000,-100,Application,djkvdihost624.jakarta01.com,"Faulting application name: spoolsv.exe, version: 6.1.7601.17777, time stamp: 0x4f35efc3
Faulting module name: msvcrt.dll, version: 7.0.7601.17744, time stamp: 0x4eeaf722
Exception code: 0xc0000005
Fault offset: 0x0000aa14
Faulting process id: 0x638
Faulting application start time: 0x01d33b9178ba0e4f
Faulting application path: C:\Windows\System32\spoolsv.exe
Faulting module path: C:\Windows\system32\msvcrt.dll
Report Id: 51657c28-a7d7-11e7-b53f-0050569f47f9"
Error,10/3/2017 8:08,EventCreate,1,None,Application,djkvdihost644.jakarta01.com,JAKARTA01\budhasca  
Error,10/3/2017 8:08,EventCreate,1,None,Application,djkvdihost644.jakarta01.com,JAKARTA01\budhasca  
Error,10/3/2017 8:08,EventCreate,1,None,Application,djkvdihost312.jakarta01.com,JAKARTA01\evi  
Error,10/3/2017 8:08,EventCreate,1,None,Application,djkvdihost635.jakarta01.com,JAKARTA01\ahmad  
Error,10/3/2017 8:08,EventCreate,1,None,Application,djkvdihost542.jakarta01.com,JAKARTA01\indra jayadi  
Error,10/3/2017 8:08,EventCreate,1,None,Application,djkvdihost736.jakarta01.com,JAKARTA01\Arfilia  
Error,10/3/2017 8:07,EventCreate,1,None,Application,djkvdihost644.jakarta01.com,JAKARTA01\budhasca  
Error,10/3/2017 8:07,EventCreate,1,None,Application,djkvdihost639.jakarta01.com,JAKARTA01\puty  
Error,10/3/2017 8:07,EventCreate,1,None,Application,djkvdihost207.jakarta01.com,JAKARTA01\hardianbp  
Error,10/3/2017 8:07,EventCreate,1,None,Application,djkvdihost779.jakarta01.com,JAKARTA01\sandi  
Error,10/3/2017 8:07,EventCreate,1,None,Application,djkvdihost066.jakarta01.com,JAKARTA01\haris  
Error,10/3/2017 8:07,EventCreate,1,None,Application,djkvdihost421.jakarta01.com,JAKARTA01\Agus  
Error,10/3/2017 8:07,EventCreate,1,None,Application,djkvdihost361.jakarta01.com,JAKARTA01\rizal  
Error,10/3/2017 8:07,EventCreate,1,None,Application,djkvdihost039.jakarta01.com,JAKARTA01\syifa  
Error,10/3/2017 8:07,EventCreate,1,None,Application,djkvdihost621.jakarta01.com,JAKARTA01\chinthiars  
Error,10/3/2017 8:07,EventCreate,1,None,Application,djkvdihost360.jakarta01.com,JAKARTA01\rasyid  
Error,10/3/2017 8:07,EventCreate,1,None,Application,djkvdihost863.jakarta01.com,JAKARTA01\natasya  
Error,10/3/2017 8:06,EventCreate,1,None,Application,djkvdihost121.jakarta01.com,JAKARTA01\Yonanda  
Error,10/3/2017 8:06,EventCreate,1,None,Application,djkvdihost036.jakarta01.com,JAKARTA01\novianti  
Error,10/3/2017 8:06,EventCreate,1,None,Application,djkvdihost896.jakarta01.com,JAKARTA01\Joni  
Error,10/3/2017 8:06,EventCreate,1,None,Application,djkvdihost774.jakarta01.com,JAKARTA01\Ade k  
Error,10/3/2017 8:06,EventCreate,1,None,Application,djkvdihost250.jakarta01.com,JAKARTA01\bryan  
Error,10/3/2017 8:06,EventCreate,1,None,Application,djkvdihost583.jakarta01.com,JAKARTA01\raditya  
Error,10/3/2017 8:06,EventCreate,1,None,Application,djkvdihost245.jakarta01.com,JAKARTA01\mega  
Error,10/3/2017 8:06,EventCreate,1,None,Application,djkvdihost753.jakarta01.com,JAKARTA01\sugiarto  
Error,10/3/2017 8:06,EventCreate,1,None,Application,djkvdihost188.jakarta01.com,JAKARTA01\marchelius  
Error,10/3/2017 8:06,EventCreate,1,None,Application,djkvdihost623.jakarta01.com,JAKARTA01\Lutfi  
Error,10/3/2017 8:06,EventCreate,1,None,Application,djkvdihost221.jakarta01.com,JAKARTA01\pahlevi  
Error,10/3/2017 8:06,EventCreate,1,None,Application,djkvdihost068.jakarta01.com,JAKARTA01\panji ndaru  
Error,10/3/2017 8:05,EventCreate,1,None,Application,djkvdihost622.jakarta01.com,JAKARTA01\GuestISD43  
Error,10/3/2017 8:06,EventCreate,1,None,Application,djkvdihost896.jakarta01.com,JAKARTA01\Joni  
Error,10/3/2017 8:05,EventCreate,1,None,Application,djkvdihost821.jakarta01.com,JAKARTA01\Anton 2  
Error,10/3/2017 8:05,EventCreate,1,None,Application,djkvdihost207.jakarta01.com,JAKARTA01\hardianbp  
Error,10/3/2017 8:05,EventCreate,1,None,Application,djkvdihost419.jakarta01.com,JAKARTA01\evrizon  
Error,10/3/2017 8:05,EventCreate,1,None,Application,djkvdihost036.jakarta01.com,JAKARTA01\novianti  
Error,10/3/2017 8:05,EventCreate,1,None,Application,djkvdihost215.jakarta01.com,JAKARTA01\airin  
Error,10/3/2017 8:05,EventCreate,1,None,Application,djkvdihost388.jakarta01.com,JAKARTA01\GuestISD49  
Error,10/3/2017 8:05,EventCreate,1,None,Application,djkvdihost121.jakarta01.com,JAKARTA01\Yonanda  
Error,10/3/2017 8:05,EventCreate,1,None,Application,djkvdihost274.jakarta01.com,JAKARTA01\Katsuhito  
Error,10/3/2017 8:05,EventCreate,1,None,Application,djkvdihost170.jakarta01.com,JAKARTA01\lileliza  
Error,10/3/2017 8:04,EventCreate,1,None,Application,djkvdihost845.jakarta01.com,JAKARTA01\deddy  
Error,10/3/2017 8:04,EventCreate,1,None,Application,djkvdihost134.jakarta01.com,JAKARTA01\dananwst  
Error,10/3/2017 8:04,EventCreate,1,None,Application,djkvdihost586.jakarta01.com,JAKARTA01\ClarissaMh  
Error,10/3/2017 8:04,EventCreate,1,None,Application,djkvdihost373.jakarta01.com,JAKARTA01\dwi septiyanti  
Error,10/3/2017 8:04,EventCreate,1,None,Application,djkvdihost858.jakarta01.com,JAKARTA01\harry  
Error,10/3/2017 8:04,EventCreate,1,None,Application,djkvdihost137.jakarta01.com,JAKARTA01\Clara  
Error,10/3/2017 8:04,EventCreate,1,None,Application,djkvdihost258.jakarta01.com,JAKARTA01\enrikko  
Error,10/3/2017 8:03,EventCreate,1,None,Application,djkvdihost466.jakarta01.com,JAKARTA01\toyoda  
Error,10/3/2017 8:04,EventCreate,1,None,Application,djkvdihost622.jakarta01.com,JAKARTA01\GuestISD43  
Error,10/3/2017 8:04,EventCreate,1,None,Application,djkvdihost674.jakarta01.com,JAKARTA01\Anton  
Error,10/3/2017 8:04,EventCreate,1,None,Application,djkvdihost667.jakarta01.com,JAKARTA01\wiranti  
Error,10/3/2017 8:04,EventCreate,1,None,Application,djkvdihost762.jakarta01.com,JAKARTA01\Widi Anggraeni  
Error,10/3/2017 8:04,EventCreate,1,None,Application,djkvdihost128.jakarta01.com,JAKARTA01\Nikmatullah  
Error,10/3/2017 8:04,EventCreate,1,None,Application,djkvdihost072.jakarta01.com,JAKARTA01\hanna  
Error,10/3/2017 8:04,EventCreate,1,None,Application,djkvdihost741.jakarta01.com,JAKARTA01\maitri  
Error,10/3/2017 8:04,EventCreate,1,None,Application,djkvdihost087.jakarta01.com,JAKARTA01\ouki  
Error,10/3/2017 8:03,EventCreate,1,None,Application,djkvdihost179.jakarta01.com,JAKARTA01\Tino  
Error,10/3/2017 8:03,EventCreate,1,None,Application,djkvdihost321.jakarta01.com,JAKARTA01\AULIASA  
Error,10/3/2017 8:03,EventCreate,1,None,Application,djkvdihost084.jakarta01.com,JAKARTA01\dimas  
Error,10/3/2017 8:03,EventCreate,1,None,Application,djkvdihost094.jakarta01.com,JAKARTA01\subhan  
Error,10/3/2017 8:03,EventCreate,1,None,Application,djkvdihost214.jakarta01.com,JAKARTA01\adityo  
Error,10/3/2017 8:03,Application Error,1000,-100,Application,djkvdihost466.jakarta01.com,"Faulting application name: OUTLOOK.EXE, version: 15.0.4919.1001, time stamp: 0x58d20482
Faulting module name: OUTLOOK.EXE, version: 15.0.4919.1001, time stamp: 0x58d20482
Exception code: 0xc0000005
Fault offset: 0x000bf01b
Faulting process id: 0x14a0
Faulting application start time: 0x01d33be24079f8ec
Faulting application path: C:\Program Files\Microsoft Office\Office15\OUTLOOK.EXE
Faulting module path: C:\Program Files\Microsoft Office\Office15\OUTLOOK.EXE
Report Id: b633fc7e-a7d6-11e7-846e-0050569f35be"
Error,10/3/2017 8:03,EventCreate,1,None,Application,djkvdihost819.jakarta01.com,JAKARTA01\wulan  
Error,10/3/2017 8:03,EventCreate,1,None,Application,djkvdihost531.jakarta01.com,JAKARTA01\andiani  
Error,10/3/2017 8:03,Application Error,1000,-100,Application,djkvdihost531.jakarta01.com,"Faulting application name: wfcrun32.exe, version: 14.4.1000.16, time stamp: 0x571e1bd4
Faulting module name: unknown, version: 0.0.0.0, time stamp: 0x00000000
Exception code: 0xc0000005
Fault offset: 0x775ce1a9
Faulting process id: 0x18ac
Faulting application start time: 0x01d33be35bba10c6
Faulting application path: C:\Program Files\Citrix\ICA Client\wfcrun32.exe
Faulting module path: unknown
Report Id: 99a6e0c6-a7d6-11e7-864c-0050569f42e0"
Error,10/3/2017 8:03,EventCreate,1,None,Application,djkvdihost286.jakarta01.com,JAKARTA01\sorayahs  
Error,10/3/2017 8:03,Application Error,1000,-100,Application,djkvdihost741.jakarta01.com,"Faulting application name: spoolsv.exe, version: 6.1.7601.17777, time stamp: 0x4f35efc3
Faulting module name: msvcrt.dll, version: 7.0.7601.17744, time stamp: 0x4eeaf722
Exception code: 0xc0000005
Fault offset: 0x0000aa14
Faulting process id: 0x634
Faulting application start time: 0x01d33b7af939807e
Faulting application path: C:\Windows\System32\spoolsv.exe
Faulting module path: C:\Windows\system32\msvcrt.dll
Report Id: a7ab1bf2-a7d6-11e7-b785-0050569f3d29"
Error,10/3/2017 8:03,EventCreate,1,None,Application,djkvdihost803.jakarta01.com,JAKARTA01\smuhidin  
Error,10/3/2017 8:03,EventCreate,1,None,Application,djkvdihost084.jakarta01.com,JAKARTA01\dimas  
Error,10/3/2017 8:03,EventCreate,1,None,Application,djkvdihost058.jakarta01.com,JAKARTA01\MuhammadI  
Error,10/3/2017 8:03,EventCreate,1,None,Application,djkvdihost597.jakarta01.com,JAKARTA01\Dini  
Error,10/3/2017 8:03,EventCreate,1,None,Application,djkvdihost612.jakarta01.com,JAKARTA01\Nazlaini  
Error,10/3/2017 8:03,EventCreate,1,None,Application,djkvdihost558.jakarta01.com,JAKARTA01\rubyani  
Error,10/3/2017 8:03,EventCreate,1,None,Application,djkvdihost224.jakarta01.com,JAKARTA01\samekto  
Error,10/3/2017 8:03,EventCreate,1,None,Application,djkvdihost534.jakarta01.com,JAKARTA01\heriansyah  
Error,10/3/2017 8:02,Application Error,1000,-100,Application,djkvdihost597.jakarta01.com,"Faulting application name: wfcrun32.exe, version: 14.4.1000.16, time stamp: 0x571e1bd4
Faulting module name: MFC80.DLL, version: 8.0.50727.6195, time stamp: 0x4dcdeca2
Exception code: 0xc0000005
Fault offset: 0x000de1b0
Faulting process id: 0x18e8
Faulting application start time: 0x01d33be355a0107d
Faulting application path: C:\Program Files\Citrix\ICA Client\wfcrun32.exe
Faulting module path: C:\Windows\WinSxS\x86_microsoft.vc80.mfc_1fc8b3b9a1e18e3b_8.0.50727.6195_none_cbf5e994470a1a8f\MFC80.DLL
Report Id: 98e8d9d7-a7d6-11e7-8136-0050569f4d36"
Error,10/3/2017 8:02,EventCreate,1,None,Application,djkvdihost496.jakarta01.com,JAKARTA01\puri  
Error,10/3/2017 8:02,EventCreate,1,None,Application,djkvdihost122.jakarta01.com,JAKARTA01\Tri Ari  
Error,10/3/2017 8:02,EventCreate,1,None,Application,djkvdihost740.jakarta01.com,JAKARTA01\vita  
Error,10/3/2017 8:02,EventCreate,1,None,Application,djkvdihost162.jakarta01.com,JAKARTA01\gian  
Error,10/3/2017 8:02,EventCreate,1,None,Application,djkvdihost504.jakarta01.com,JAKARTA01\lizty  
Error,10/3/2017 8:02,EventCreate,1,None,Application,djkvdihost423.jakarta01.com,JAKARTA01\annisa inggita  
Error,10/3/2017 8:02,EventCreate,1,None,Application,djkvdihost650.jakarta01.com,JAKARTA01\ahmad zainul  
Error,10/3/2017 8:02,EventCreate,1,None,Application,djkvdihost566.jakarta01.com,JAKARTA01\georgedk  
Error,10/3/2017 8:02,EventCreate,1,None,Application,djkvdihost186.jakarta01.com,JAKARTA01\zulkarnaena  
Error,10/3/2017 8:02,EventCreate,1,None,Application,djkvdihost349.jakarta01.com,JAKARTA01\ali pasya  
Error,10/3/2017 8:01,EventCreate,1,None,Application,djkvdihost379.jakarta01.com,JAKARTA01\lisa  
Error,10/3/2017 8:02,EventCreate,1,None,Application,djkvdihost319.jakarta01.com,JAKARTA01\ceciliadt  
Error,10/3/2017 8:01,EventCreate,1,None,Application,djkvdihost661.jakarta01.com,JAKARTA01\meva  
Error,10/3/2017 8:01,EventCreate,1,None,Application,djkvdihost686.jakarta01.com,JAKARTA01\Darmawati  
Error,10/3/2017 8:01,EventCreate,1,None,Application,djkvdihost556.jakarta01.com,JAKARTA01\ng ryan  
Error,10/3/2017 8:01,EventCreate,1,None,Application,djkvdihost026.jakarta01.com,JAKARTA01\Bob Jasper  
Error,10/3/2017 8:01,EventCreate,1,None,Application,djkvdihost306.jakarta01.com,JAKARTA01\brenda  
Error,10/3/2017 8:01,EventCreate,1,None,Application,djkvdihost611.jakarta01.com,JAKARTA01\Rizky Anggari  
Error,10/3/2017 8:01,EventCreate,1,None,Application,djkvdihost511.jakarta01.com,JAKARTA01\dolly  
Error,10/3/2017 8:01,EventCreate,1,None,Application,djkvdihost007.jakarta01.com,JAKARTA01\dadi  
Error,10/3/2017 8:00,EventCreate,1,None,Application,djkvdihost201.jakarta01.com,JAKARTA01\Fardhady  
Error,10/3/2017 8:01,EventCreate,1,None,Application,djkvdihost062.jakarta01.com,JAKARTA01\michiko  
Error,10/3/2017 8:01,EventCreate,1,None,Application,djkvdihost379.jakarta01.com,JAKARTA01\lisa  
Error,10/3/2017 8:01,EventCreate,1,None,Application,djkvdihost670.jakarta01.com,JAKARTA01\R Syafira  
Error,10/3/2017 8:01,EventCreate,1,None,Application,djkvdihost624.jakarta01.com,JAKARTA01\sergi  
Error,10/3/2017 8:00,EventCreate,1,None,Application,djkvdihost624.jakarta01.com,JAKARTA01\sergi  
Error,10/3/2017 8:01,EventCreate,1,None,Application,djkvdihost434.jakarta01.com,JAKARTA01\Adi Saputra  
Error,10/3/2017 8:00,EventCreate,1,None,Application,djkvdihost738.jakarta01.com,JAKARTA01\yenny  
Error,10/3/2017 8:00,Application Error,1000,-100,Application,djkvdihost738.jakarta01.com,"Faulting application name: spoolsv.exe, version: 6.1.7601.17777, time stamp: 0x4f35efc3
Faulting module name: msvcrt.dll, version: 7.0.7601.17744, time stamp: 0x4eeaf722
Exception code: 0xc0000005
Fault offset: 0x0000aa14
Faulting process id: 0x638
Faulting application start time: 0x01d33b9e5d560d32
Faulting application path: C:\Windows\System32\spoolsv.exe
Faulting module path: C:\Windows\system32\msvcrt.dll
Report Id: 4c32ef9f-a7d6-11e7-814e-0050569f64d2"
Error,10/3/2017 8:00,EventCreate,1,None,Application,djkvdihost738.jakarta01.com,JAKARTA01\yenny  
Error,10/3/2017 8:01,EventCreate,1,None,Application,djkvdihost227.jakarta01.com,JAKARTA01\BudiS  
Error,10/3/2017 8:01,EventCreate,1,None,Application,djkvdihost661.jakarta01.com,JAKARTA01\meva  
Error,10/3/2017 8:00,EventCreate,1,None,Application,djkvdihost562.jakarta01.com,JAKARTA01\janu  
Error,10/3/2017 8:00,EventCreate,1,None,Application,djkvdihost130.jakarta01.com,JAKARTA01\muhammady  
Error,10/3/2017 8:00,EventCreate,1,None,Application,djkvdihost226.jakarta01.com,JAKARTA01\bella  
Error,10/3/2017 8:00,EventCreate,1,None,Application,djkvdihost624.jakarta01.com,JAKARTA01\sergi  
Error,10/3/2017 8:00,EventCreate,1,None,Application,djkvdihost091.jakarta01.com,JAKARTA01\Helena  
Error,10/3/2017 8:00,EventCreate,1,None,Application,djkvdihost830.jakarta01.com,JAKARTA01\Putri Damayanti  
Error,10/3/2017 8:00,Application Error,1000,-100,Application,djkvdihost511.jakarta01.com,"Faulting application name: wfcrun32.exe, version: 14.4.1000.16, time stamp: 0x571e1bd4
Faulting module name: MFC80.DLL, version: 8.0.50727.6195, time stamp: 0x4dcdeca2
Exception code: 0xc0000005
Fault offset: 0x0008e1a9
Faulting process id: 0x197c
Faulting application start time: 0x01d33be308772d42
Faulting application path: C:\Program Files\Citrix\ICA Client\wfcrun32.exe
Faulting module path: C:\Windows\WinSxS\x86_microsoft.vc80.mfc_1fc8b3b9a1e18e3b_8.0.50727.6195_none_cbf5e994470a1a8f\MFC80.DLL
Report Id: 47faddd1-a7d6-11e7-a585-0050569f66ca"
Error,10/3/2017 8:00,EventCreate,1,None,Application,djkvdihost161.jakarta01.com,JAKARTA01\astio  
Error,10/3/2017 8:00,EventCreate,1,None,Application,djkvdihost738.jakarta01.com,JAKARTA01\yenny  
Error,10/3/2017 8:00,EventCreate,1,None,Application,djkvdihost233.jakarta01.com,JAKARTA01\Leonardus  
Error,10/3/2017 8:00,EventCreate,1,None,Application,djkvdihost408.jakarta01.com,JAKARTA01\wang  
Error,10/3/2017 8:00,EventCreate,1,None,Application,djkvdihost037.jakarta01.com,JAKARTA01\clarissa  
Error,10/3/2017 8:00,EventCreate,1,None,Application,djkvdihost201.jakarta01.com,JAKARTA01\Fardhady  
Error,10/3/2017 8:00,EventCreate,1,None,Application,djkvdihost896.jakarta01.com,JAKARTA01\matthew  
Error,10/3/2017 8:00,EventCreate,1,None,Application,djkvdihost020.jakarta01.com,JAKARTA01\diah dwi  
Error,10/3/2017 7:59,EventCreate,1,None,Application,djkvdihost849.jakarta01.com,JAKARTA01\abdul  
Error,10/3/2017 7:59,EventCreate,1,None,Application,djkvdihost017.jakarta01.com,JAKARTA01\melly  
Error,10/3/2017 7:59,EventCreate,1,None,Application,djkvdihost463.jakarta01.com,JAKARTA01\rhaditya  
Error,10/3/2017 7:59,EventCreate,1,None,Application,djkvdihost476.jakarta01.com,JAKARTA01\jati  
Error,10/3/2017 7:59,EventCreate,1,None,Application,djkvdihost029.jakarta01.com,JAKARTA01\ronald david  
Error,10/3/2017 7:59,EventCreate,1,None,Application,djkvdihost310.jakarta01.com,JAKARTA01\fauziah wildan  
Error,10/3/2017 7:59,EventCreate,1,None,Application,djkvdihost090.jakarta01.com,JAKARTA01\Taufik Kurniawan  
Error,10/3/2017 7:59,EventCreate,1,None,Application,djkvdihost738.jakarta01.com,JAKARTA01\yenny  
Error,10/3/2017 7:59,EventCreate,1,None,Application,djkvdihost683.jakarta01.com,JAKARTA01\ni ketut  
Error,10/3/2017 7:59,EventCreate,1,None,Application,djkvdihost712.jakarta01.com,JAKARTA01\anindita  
Error,10/3/2017 7:59,EventCreate,1,None,Application,djkvdihost287.jakarta01.com,JAKARTA01\yosanta  
Error,10/3/2017 7:59,EventCreate,1,None,Application,djkvdihost665.jakarta01.com,JAKARTA01\M Said  
Error,10/3/2017 7:59,EventCreate,1,None,Application,djkvdihost088.jakarta01.com,JAKARTA01\widiana  
Error,10/3/2017 7:59,EventCreate,1,None,Application,djkvdihost814.jakarta01.com,JAKARTA01\erminawati  
Error,10/3/2017 7:59,EventCreate,1,None,Application,djkvdihost756.jakarta01.com,JAKARTA01\rakhmanto  
Error,10/3/2017 7:59,EventCreate,1,None,Application,djkvdihost165.jakarta01.com,JAKARTA01\Rio Satria  
Error,10/3/2017 7:59,EventCreate,1,None,Application,djkvdihost525.jakarta01.com,JAKARTA01\puspitasari  
Error,10/3/2017 7:59,EventCreate,1,None,Application,djkvdihost025.jakarta01.com,JAKARTA01\teguh  
Error,10/3/2017 7:59,Application Error,1000,-100,Application,djkvdihost814.jakarta01.com,"Faulting application name: spoolsv.exe, version: 6.1.7601.17777, time stamp: 0x4f35efc3
Faulting module name: msvcrt.dll, version: 7.0.7601.17744, time stamp: 0x4eeaf722
Exception code: 0xc0000005
Fault offset: 0x0000aa14
Faulting process id: 0x634
Faulting application start time: 0x01d33b6b4c71293e
Faulting application path: C:\Windows\System32\spoolsv.exe
Faulting module path: C:\Windows\system32\msvcrt.dll
Report Id: 0cd715b6-a7d6-11e7-afad-0050569f551f"
Error,10/3/2017 7:59,EventCreate,1,None,Application,djkvdihost693.jakarta01.com,JAKARTA01\m ridho  
Error,10/3/2017 7:58,EventCreate,1,None,Application,djkvdihost077.jakarta01.com,JAKARTA01\andryan  
Error,10/3/2017 7:58,EventCreate,1,None,Application,djkvdihost901.jakarta01.com,JAKARTA01\Enjang  
Error,10/3/2017 7:58,EventCreate,1,None,Application,djkvdihost014.jakarta01.com,JAKARTA01\priscilla  
Error,10/3/2017 7:58,EventCreate,1,None,Application,djkvdihost477.jakarta01.com,JAKARTA01\hendra firdaus  
Error,10/3/2017 7:58,EventCreate,1,None,Application,djkvdihost470.jakarta01.com,JAKARTA01\EDameria  
Error,10/3/2017 7:58,EventCreate,1,None,Application,djkvdihost343.jakarta01.com,JAKARTA01\Astriana  
Error,10/3/2017 7:58,EventCreate,1,None,Application,djkvdihost653.jakarta01.com,JAKARTA01\Dilla  
Error,10/3/2017 7:58,EventCreate,1,None,Application,djkvdihost180.jakarta01.com,JAKARTA01\hafiah  
Error,10/3/2017 7:58,EventCreate,1,None,Application,djkvdihost895.jakarta01.com,JAKARTA01\Adi Purnomo  
Error,10/3/2017 7:58,EventCreate,1,None,Application,djkvdihost443.jakarta01.com,JAKARTA01\Risqia  
Error,10/3/2017 7:58,EventCreate,1,None,Application,djkvdihost190.jakarta01.com,JAKARTA01\Darmi  
Error,10/3/2017 7:58,EventCreate,1,None,Application,djkvdihost385.jakarta01.com,JAKARTA01\hadid  
Error,10/3/2017 7:58,EventCreate,1,None,Application,djkvdihost021.jakarta01.com,JAKARTA01\chris bowo  
Error,10/3/2017 7:57,EventCreate,1,None,Application,djkvdihost808.jakarta01.com,JAKARTA01\eriks  
Error,10/3/2017 7:57,EventCreate,1,None,Application,djkvdihost329.jakarta01.com,JAKARTA01\alifah  
Error,10/3/2017 7:57,EventCreate,1,None,Application,djkvdihost275.jakarta01.com,JAKARTA01\andrewrs  
Error,10/3/2017 7:57,EventCreate,1,None,Application,djkvdihost382.jakarta01.com,JAKARTA01\puji  
Error,10/3/2017 7:57,EventCreate,1,None,Application,djkvdihost833.jakarta01.com,JAKARTA01\rimico  
Error,10/3/2017 7:57,EventCreate,1,None,Application,djkvdihost544.jakarta01.com,JAKARTA01\muhammadhakim  
Error,10/3/2017 7:57,EventCreate,1,None,Application,djkvdihost138.jakarta01.com,JAKARTA01\henry st  
Error,10/3/2017 7:57,WSH,1,None,Application,djkvdihost343.jakarta01.com,"CN=Astriana Nur Annissa password will expire in 2 day(s) at 10/5/2017 7:44:37 AM

Press CTRL + ALT + DEL and select the ""Change a password"" option."
Error,10/3/2017 7:57,EventCreate,1,None,Application,djkvdihost677.jakarta01.com,JAKARTA01\widiasmara  
Error,10/3/2017 7:57,EventCreate,1,None,Application,djkvdihost533.jakarta01.com,JAKARTA01\mery  
Error,10/3/2017 7:57,EventCreate,1,None,Application,djkvdihost265.jakarta01.com,JAKARTA01\Bagus Gede  
Error,10/3/2017 7:57,WSH,1,None,Application,djkvdihost343.jakarta01.com,"CN=Astriana Nur Annissa password will expire in 2 day(s) at 10/5/2017 7:44:37 AM

Press CTRL + ALT + DEL and select the ""Change a password"" option."
Error,10/3/2017 7:57,EventCreate,1,None,Application,djkvdihost416.jakarta01.com,JAKARTA01\luthfi  
Error,10/3/2017 7:57,EventCreate,1,None,Application,djkvdihost412.jakarta01.com,JAKARTA01\eriksetiawan  
Error,10/3/2017 7:57,EventCreate,1,None,Application,djkvdihost237.jakarta01.com,JAKARTA01\rizka syarifa  
Error,10/3/2017 7:57,EventCreate,1,None,Application,djkvdihost432.jakarta01.com,JAKARTA01\resha  
Error,10/3/2017 7:57,EventCreate,1,None,Application,djkvdihost616.jakarta01.com,JAKARTA01\Aviv  
Error,10/3/2017 7:56,EventCreate,1,None,Application,djkvdihost808.jakarta01.com,JAKARTA01\eriks  
Error,10/3/2017 7:56,EventCreate,1,None,Application,djkvdihost808.jakarta01.com,JAKARTA01\eriks  
Error,10/3/2017 7:56,EventCreate,1,None,Application,djkvdihost602.jakarta01.com,JAKARTA01\Bambang  
Error,10/3/2017 7:56,EventCreate,1,None,Application,djkvdihost326.jakarta01.com,JAKARTA01\Audyanza  
Error,10/3/2017 7:56,EventCreate,1,None,Application,djkvdihost838.jakarta01.com,JAKARTA01\arief  
Error,10/3/2017 7:56,EventCreate,1,None,Application,djkvdihost063.jakarta01.com,JAKARTA01\poetry  
Error,10/3/2017 7:56,EventCreate,1,None,Application,djkvdihost430.jakarta01.com,JAKARTA01\Ronald  
Error,10/3/2017 7:56,EventCreate,1,None,Application,djkvdihost780.jakarta01.com,JAKARTA01\Latiefah  
Error,10/3/2017 7:56,EventCreate,1,None,Application,djkvdihost229.jakarta01.com,JAKARTA01\Beny  
Error,10/3/2017 7:56,EventCreate,1,None,Application,djkvdihost707.jakarta01.com,JAKARTA01\M Fajri  
Error,10/3/2017 7:56,EventCreate,1,None,Application,djkvdihost669.jakarta01.com,JAKARTA01\rahayu  
Error,10/3/2017 7:56,EventCreate,1,None,Application,djkvdihost339.jakarta01.com,JAKARTA01\MIrhasE  
Error,10/3/2017 7:56,EventCreate,1,None,Application,djkvdihost875.jakarta01.com,JAKARTA01\katsuta  
Error,10/3/2017 7:56,EventCreate,1,None,Application,djkvdihost173.jakarta01.com,JAKARTA01\ailsa  
Error,10/3/2017 7:56,EventCreate,1,None,Application,djkvdihost050.jakarta01.com,JAKARTA01\alex  
Error,10/3/2017 7:56,EventCreate,1,None,Application,djkvdihost694.jakarta01.com,JAKARTA01\nurul  
Error,10/3/2017 7:56,EventCreate,1,None,Application,djkvdihost816.jakarta01.com,JAKARTA01\endah_k  
Error,10/3/2017 7:56,EventCreate,1,None,Application,djkvdihost733.jakarta01.com,JAKARTA01\aulya  
Error,10/3/2017 7:56,EventCreate,1,None,Application,djkvdihost341.jakarta01.com,JAKARTA01\melany  
Error,10/3/2017 7:56,EventCreate,1,None,Application,djkvdihost019.jakarta01.com,JAKARTA01\devid  
Error,10/3/2017 7:56,EventCreate,1,None,Application,djkvdihost808.jakarta01.com,JAKARTA01\eriks  
Error,10/3/2017 7:56,EventCreate,1,None,Application,djkvdihost565.jakarta01.com,JAKARTA01\wicaksono  
Error,10/3/2017 7:55,EventCreate,1,None,Application,djkvdihost081.jakarta01.com,JAKARTA01\Liasyah  
Error,10/3/2017 7:55,EventCreate,1,None,Application,djkvdihost746.jakarta01.com,JAKARTA01\victor  
Error,10/3/2017 7:55,EventCreate,1,None,Application,djkvdihost704.jakarta01.com,JAKARTA01\Rinaldo  
Error,10/3/2017 7:55,EventCreate,1,None,Application,djkvdihost728.jakarta01.com,JAKARTA01\citra  
Error,10/3/2017 7:55,EventCreate,1,None,Application,djkvdihost079.jakarta01.com,JAKARTA01\Winda  
Error,10/3/2017 7:55,EventCreate,1,None,Application,djkvdihost052.jakarta01.com,JAKARTA01\arismanm  
Error,10/3/2017 7:55,EventCreate,1,None,Application,djkvdihost568.jakarta01.com,JAKARTA01\Yudhadp  
Error,10/3/2017 7:55,EventCreate,1,None,Application,djkvdihost493.jakarta01.com,JAKARTA01\cita  
Error,10/3/2017 7:55,EventCreate,1,None,Application,djkvdihost735.jakarta01.com,JAKARTA01\samsul  
Error,10/3/2017 7:55,EventCreate,1,None,Application,djkvdihost156.jakarta01.com,JAKARTA01\yulia rifanda  
Error,10/3/2017 7:55,EventCreate,1,None,Application,djkvdihost466.jakarta01.com,JAKARTA01\toyoda  
Error,10/3/2017 7:55,EventCreate,1,None,Application,djkvdihost488.jakarta01.com,JAKARTA01\sonson  
Error,10/3/2017 7:54,EventCreate,1,None,Application,djkvdihost031.jakarta01.com,JAKARTA01\dimas adhi  
Error,10/3/2017 7:54,EventCreate,1,None,Application,djkvdihost596.jakarta01.com,JAKARTA01\alvita  
Error,10/3/2017 7:54,EventCreate,1,None,Application,djkvdihost129.jakarta01.com,JAKARTA01\bagas  
Error,10/3/2017 7:54,EventCreate,1,None,Application,djkvdihost351.jakarta01.com,JAKARTA01\novitarini  
Error,10/3/2017 7:54,EventCreate,1,None,Application,djkvdihost645.jakarta01.com,JAKARTA01\ipuk  
Error,10/3/2017 7:54,EventCreate,1,None,Application,djkvdihost469.jakarta01.com,JAKARTA01\prakasa  
Error,10/3/2017 7:54,EventCreate,1,None,Application,djkvdihost234.jakarta01.com,JAKARTA01\Didik  
Error,10/3/2017 7:54,EventCreate,1,None,Application,djkvdihost757.jakarta01.com,JAKARTA01\muhdi  
Error,10/3/2017 7:54,EventCreate,1,None,Application,djkvdihost745.jakarta01.com,JAKARTA01\Armanto  
Error,10/3/2017 7:54,EventCreate,1,None,Application,djkvdihost001.jakarta01.com,JAKARTA01\edwan  
Error,10/3/2017 7:54,EventCreate,1,None,Application,djkvdihost820.jakarta01.com,JAKARTA01\Darmawan  
Error,10/3/2017 7:54,EventCreate,1,None,Application,djkvdihost060.jakarta01.com,JAKARTA01\yuliana  
Error,10/3/2017 7:54,EventCreate,1,None,Application,djkvdihost015.jakarta01.com,JAKARTA01\bellaisya  
Error,10/3/2017 7:54,EventCreate,1,None,Application,djkvdihost515.jakarta01.com,JAKARTA01\aditya ny  
Error,10/3/2017 7:54,EventCreate,1,None,Application,djkvdihost043.jakarta01.com,JAKARTA01\maulina  
Error,10/3/2017 7:53,EventCreate,1,None,Application,djkvdihost012.jakarta01.com,JAKARTA01\warda  
Error,10/3/2017 7:53,EventCreate,1,None,Application,djkvdihost744.jakarta01.com,JAKARTA01\mazy  
Error,10/3/2017 7:53,EventCreate,1,None,Application,djkvdihost775.jakarta01.com,JAKARTA01\danna  
Error,10/3/2017 7:53,EventCreate,1,None,Application,djkvdihost813.jakarta01.com,JAKARTA01\dadi hardi  
Error,10/3/2017 7:53,EventCreate,1,None,Application,djkvdihost834.jakarta01.com,JAKARTA01\anggata  
Error,10/3/2017 7:53,EventCreate,1,None,Application,djkvdihost119.jakarta01.com,JAKARTA01\harumi  
Error,10/3/2017 7:53,EventCreate,1,None,Application,djkvdihost554.jakarta01.com,JAKARTA01\Chaterin  
Error,10/3/2017 7:53,EventCreate,1,None,Application,djkvdihost120.jakarta01.com,JAKARTA01\Hadi  
Error,10/3/2017 7:53,EventCreate,1,None,Application,djkvdihost645.jakarta01.com,JAKARTA01\ipuk  
Error,10/3/2017 7:53,EventCreate,1,None,Application,djkvdihost714.jakarta01.com,JAKARTA01\Felix  
Error,10/3/2017 7:53,EventCreate,1,None,Application,djkvdihost131.jakarta01.com,JAKARTA01\dady  
Error,10/3/2017 7:53,EventCreate,1,None,Application,djkvdihost748.jakarta01.com,JAKARTA01\mahendra  
Error,10/3/2017 7:53,EventCreate,1,None,Application,djkvdihost898.jakarta01.com,JAKARTA01\matthew  
Error,10/3/2017 7:53,EventCreate,1,None,Application,djkvdihost548.jakarta01.com,JAKARTA01\hemayani  
Error,10/3/2017 7:53,EventCreate,1,None,Application,djkvdihost786.jakarta01.com,JAKARTA01\lani  
Error,10/3/2017 7:52,EventCreate,1,None,Application,djkvdihost722.jakarta01.com,JAKARTA01\indrak  
Error,10/3/2017 7:52,EventCreate,1,None,Application,djkvdihost256.jakarta01.com,JAKARTA01\KristoforusAW  
Error,10/3/2017 7:52,EventCreate,1,None,Application,djkvdihost096.jakarta01.com,JAKARTA01\yansen  
Error,10/3/2017 7:52,EventCreate,1,None,Application,djkvdihost731.jakarta01.com,JAKARTA01\RatiAF  
Error,10/3/2017 7:52,EventCreate,1,None,Application,djkvdihost222.jakarta01.com,JAKARTA01\krisnawan  
Error,10/3/2017 7:52,EventCreate,1,None,Application,djkvdihost781.jakarta01.com,JAKARTA01\Erich  
Error,10/3/2017 7:52,EventCreate,1,None,Application,djkvdihost304.jakarta01.com,JAKARTA01\nurlina  
Error,10/3/2017 7:52,EventCreate,1,None,Application,djkvdihost715.jakarta01.com,JAKARTA01\yulianty  
Error,10/3/2017 7:52,EventCreate,1,None,Application,djkvdihost127.jakarta01.com,JAKARTA01\arum eka  
Error,10/3/2017 7:52,EventCreate,1,None,Application,djkvdihost805.jakarta01.com,JAKARTA01\alfiari  
Error,10/3/2017 7:52,EventCreate,1,None,Application,djkvdihost359.jakarta01.com,JAKARTA01\Ahmad Hidayat  
Error,10/3/2017 7:52,EventCreate,1,None,Application,djkvdihost716.jakarta01.com,JAKARTA01\angga  
Error,10/3/2017 7:51,EventCreate,1,None,Application,djkvdihost652.jakarta01.com,JAKARTA01\christianrs  
Error,10/3/2017 7:51,EventCreate,1,None,Application,djkvdihost399.jakarta01.com,JAKARTA01\nicole  
Error,10/3/2017 7:51,EventCreate,1,None,Application,djkvdihost141.jakarta01.com,JAKARTA01\magdalena  
Error,10/3/2017 7:51,EventCreate,1,None,Application,djkvdihost881.jakarta01.com,JAKARTA01\khalid  
Error,10/3/2017 7:50,EventCreate,1,None,Application,djkvdihost027.jakarta01.com,JAKARTA01\Adjeng  
Error,10/3/2017 7:51,EventCreate,1,None,Application,djkvdihost011.jakarta01.com,JAKARTA01\yorika  
Error,10/3/2017 7:50,EventCreate,1,None,Application,djkvdihost424.jakarta01.com,JAKARTA01\apip  
Error,10/3/2017 7:50,EventCreate,1,None,Application,djkvdihost270.jakarta01.com,JAKARTA01\alexsandro  
Error,10/3/2017 7:50,EventCreate,1,None,Application,djkvdihost300.jakarta01.com,JAKARTA01\nadia  
Error,10/3/2017 7:50,EventCreate,1,None,Application,djkvdihost687.jakarta01.com,JAKARTA01\ayu  
Error,10/3/2017 7:50,EventCreate,1,None,Application,djkvdihost347.jakarta01.com,JAKARTA01\tenri  
Error,10/3/2017 7:50,EventCreate,1,None,Application,djkvdihost300.jakarta01.com,JAKARTA01\nadia  
Error,10/3/2017 7:50,EventCreate,1,None,Application,djkvdihost027.jakarta01.com,JAKARTA01\Adjeng  
Error,10/3/2017 7:50,EventCreate,1,None,Application,djkvdihost267.jakarta01.com,JAKARTA01\rininta  
Error,10/3/2017 7:50,EventCreate,1,None,Application,djkvdihost047.jakarta01.com,JAKARTA01\fathiya  
Error,10/3/2017 7:49,EventCreate,1,None,Application,djkvdihost444.jakarta01.com,JAKARTA01\krisna  
Error,10/3/2017 7:49,EventCreate,1,None,Application,djkvdihost537.jakarta01.com,JAKARTA01\chandra  
Error,10/3/2017 7:49,EventCreate,1,None,Application,djkvdihost061.jakarta01.com,JAKARTA01\andika  
Error,10/3/2017 7:49,EventCreate,1,None,Application,djkvdihost396.jakarta01.com,JAKARTA01\linda  
Error,10/3/2017 7:49,EventCreate,1,None,Application,djkvdihost835.jakarta01.com,JAKARTA01\palmella  
Error,10/3/2017 7:49,EventCreate,1,None,Application,djkvdihost706.jakarta01.com,JAKARTA01\Ana  
Error,10/3/2017 7:49,EventCreate,1,None,Application,djkvdihost334.jakarta01.com,JAKARTA01\paramita  
Error,10/3/2017 7:48,EventCreate,1,None,Application,djkvdihost847.jakarta01.com,JAKARTA01\masuyama  
Error,10/3/2017 7:48,Application Error,1000,-100,Application,djkvdihost847.jakarta01.com,"Faulting application name: spoolsv.exe, version: 6.1.7601.17777, time stamp: 0x4f35efc3
Faulting module name: msvcrt.dll, version: 7.0.7601.17744, time stamp: 0x4eeaf722
Exception code: 0xc0000005
Fault offset: 0x0000aa14
Faulting process id: 0x604
Faulting application start time: 0x01d33b8f3c834cef
Faulting application path: C:\Windows\System32\spoolsv.exe
Faulting module path: C:\Windows\system32\msvcrt.dll
Report Id: 9c85cd7a-a7d4-11e7-8338-0050569f5be4"
Error,10/3/2017 7:48,EventCreate,1,None,Application,djkvdihost448.jakarta01.com,JAKARTA01\AISYAH  
Error,10/3/2017 7:48,EventCreate,1,None,Application,djkvdihost383.jakarta01.com,JAKARTA01\imam  
Error,10/3/2017 7:48,EventCreate,1,None,Application,djkvdihost305.jakarta01.com,JAKARTA01\Mustikawati  
Error,10/3/2017 7:48,EventCreate,1,None,Application,djkvdihost242.jakarta01.com,JAKARTA01\cecilia  
Error,10/3/2017 7:48,EventCreate,1,None,Application,djkvdihost372.jakarta01.com,JAKARTA01\tiar  
Error,10/3/2017 7:48,EventCreate,1,None,Application,djkvdihost184.jakarta01.com,JAKARTA01\laila  
Error,10/3/2017 7:48,EventCreate,1,None,Application,djkvdihost402.jakarta01.com,JAKARTA01\finessya  
Error,10/3/2017 7:48,EventCreate,1,None,Application,djkvdihost541.jakarta01.com,JAKARTA01\nungi  
Error,10/3/2017 7:48,EventCreate,1,None,Application,djkvdihost605.jakarta01.com,JAKARTA01\chalfin  
Error,10/3/2017 7:48,EventCreate,1,None,Application,djkvdihost082.jakarta01.com,JAKARTA01\christian  
Error,10/3/2017 7:47,EventCreate,1,None,Application,djkvdihost651.jakarta01.com,JAKARTA01\Lily  
Error,10/3/2017 7:48,EventCreate,1,None,Application,djkvdihost205.jakarta01.com,JAKARTA01\rini  
Error,10/3/2017 7:48,EventCreate,1,None,Application,djkvdihost335.jakarta01.com,JAKARTA01\venir  
Error,10/3/2017 7:47,EventCreate,1,None,Application,djkvdihost059.jakarta01.com,JAKARTA01\Dwi anisa  
Error,10/3/2017 7:47,EventCreate,1,None,Application,djkvdihost609.jakarta01.com,JAKARTA01\yudi  
Error,10/3/2017 7:47,EventCreate,1,None,Application,djkvdihost428.jakarta01.com,JAKARTA01\meity  
Error,10/3/2017 7:47,EventCreate,1,None,Application,djkvdihost767.jakarta01.com,JAKARTA01\ChyntiaDN  
Error,10/3/2017 7:47,EventCreate,1,None,Application,djkvdihost651.jakarta01.com,JAKARTA01\Lily  
Error,10/3/2017 7:47,EventCreate,1,None,Application,djkvdihost207.jakarta01.com,JAKARTA01\handayani  
Error,10/3/2017 7:47,EventCreate,1,None,Application,djkvdihost508.jakarta01.com,JAKARTA01\teddyks  
Error,10/3/2017 7:46,EventCreate,1,None,Application,djkvdihost126.jakarta01.com,JAKARTA01\devita  
Error,10/3/2017 7:46,EventCreate,1,None,Application,djkvdihost588.jakarta01.com,JAKARTA01\Hertanto gunadi  
Error,10/3/2017 7:46,EventCreate,1,None,Application,djkvdihost036.jakarta01.com,JAKARTA01\haris  
Error,10/3/2017 7:46,EventCreate,1,None,Application,djkvdihost174.jakarta01.com,JAKARTA01\indra pranowo  
Error,10/3/2017 7:46,EventCreate,1,None,Application,djkvdihost451.jakarta01.com,JAKARTA01\amanda  
Error,10/3/2017 7:46,EventCreate,1,None,Application,djkvdihost524.jakarta01.com,JAKARTA01\Dian Permata  
Error,10/3/2017 7:46,EventCreate,1,None,Application,djkvdihost358.jakarta01.com,JAKARTA01\Talitha  
Error,10/3/2017 7:45,EventCreate,1,None,Application,djkvdihost782.jakarta01.com,JAKARTA01\azwar  
Error,10/3/2017 7:45,EventCreate,1,None,Application,djkvdihost599.jakarta01.com,JAKARTA01\dzati  
Error,10/3/2017 7:45,EventCreate,1,None,Application,djkvdihost555.jakarta01.com,JAKARTA01\antonius  
Error,10/3/2017 7:45,EventCreate,1,None,Application,djkvdihost172.jakarta01.com,JAKARTA01\mutiara  
Error,10/3/2017 7:45,EventCreate,1,None,Application,djkvdihost378.jakarta01.com,JAKARTA01\Dwita  
Error,10/3/2017 7:45,EventCreate,1,None,Application,djkvdihost782.jakarta01.com,JAKARTA01\azwar  
Error,10/3/2017 7:45,EventCreate,1,None,Application,djkvdihost350.jakarta01.com,JAKARTA01\vinka  
Error,10/3/2017 7:44,EventCreate,1,None,Application,djkvdihost760.jakarta01.com,JAKARTA01\lenny  
Error,10/3/2017 7:44,WSH,1,None,Application,djkvdihost172.jakarta01.com,"CN=Mutiara Annisa password will expire in 2 day(s) at 10/5/2017 6:47:13 PM

Press CTRL + ALT + DEL and select the ""Change a password"" option."
Error,10/3/2017 7:44,WSH,1,None,Application,djkvdihost172.jakarta01.com,"CN=Mutiara Annisa password will expire in 2 day(s) at 10/5/2017 6:47:13 PM

Press CTRL + ALT + DEL and select the ""Change a password"" option."
Error,10/3/2017 7:44,EventCreate,1,None,Application,djkvdihost662.jakarta01.com,JAKARTA01\eka prastica  
Error,10/3/2017 7:44,EventCreate,1,None,Application,djkvdihost460.jakarta01.com,JAKARTA01\ayu rifa  
