Error,10/2/2017 11:12:27 AM,Application Error,1000,(100),Application,djkvdihost586.jakarta01.com,"Faulting application name: OUTLOOK.EXE, version: 15.0.4919.1001, time stamp: 0x58d20482
Faulting module name: OUTLOOK.EXE, version: 15.0.4919.1001, time stamp: 0x58d20482
Exception code: 0xc0000005
Fault offset: 0x008924c4
Faulting process id: 0x13a4
Faulting application start time: 0x01d33b14a0bd4129
Faulting application path: C:\Program Files\Microsoft Office\Office15\OUTLOOK.EXE
Faulting module path: C:\Program Files\Microsoft Office\Office15\OUTLOOK.EXE
Report Id: e60e2c65-a727-11e7-b889-0050569f2f99"
Error,10/2/2017 11:07:24 AM,EventCreate,1,None,Application,djkvdihost273.jakarta01.com,JAKARTA01\david  
Error,10/2/2017 11:06:02 AM,EventCreate,1,None,Application,djkvdihost069.jakarta01.com,JAKARTA01\yoshinta  
Error,10/2/2017 11:05:57 AM,Application Error,1000,(100),Application,djkvdihost069.jakarta01.com,"Faulting application name: spoolsv.exe, version: 6.1.7601.17777, time stamp: 0x4f35efc3
Faulting module name: msvcrt.dll, version: 7.0.7601.17744, time stamp: 0x4eeaf722
Exception code: 0xc0000005
Fault offset: 0x0000aa14
Faulting process id: 0x638
Faulting application start time: 0x01d33a296960a751
Faulting application path: C:\Windows\System32\spoolsv.exe
Faulting module path: C:\Windows\system32\msvcrt.dll
Report Id: fd5f7dd9-a726-11e7-bf08-0050569f7ed9"
Error,10/2/2017 11:03:53 AM,EventCreate,1,None,Application,djkvdihost213.jakarta01.com,JAKARTA01\rimico  
Error,10/2/2017 9:34:40 AM,EventCreate,1,None,Application,djkvdihost650.jakarta01.com,JAKARTA01\guestisd59  
Error,10/2/2017 11:03:52 AM,Application Error,1000,(100),Application,djkvdihost213.jakarta01.com,"Faulting application name: OUTLOOK.EXE, version: 15.0.4919.1001, time stamp: 0x58d20482
Faulting module name: ntdll.dll, version: 6.1.7601.23714, time stamp: 0x58bf8774
Exception code: 0xc0000005
Fault offset: 0x0005294f
Faulting process id: 0x12b8
Faulting application start time: 0x01d33b1fb8a576c1
Faulting application path: C:\Program Files\Microsoft Office\Office15\OUTLOOK.EXE
Faulting module path: C:\Windows\SYSTEM32\ntdll.dll
Report Id: b34e81b6-a726-11e7-93cb-0050569f2093"
Error,10/2/2017 9:33:55 AM,EventCreate,1,None,Application,djkvdihost650.jakarta01.com,JAKARTA01\guestisd59  
Error,10/2/2017 11:02:07 AM,EventCreate,1,None,Application,djkvdihost269.jakarta01.com,JAKARTA01\rbagus  
Error,10/2/2017 11:01:24 AM,EventCreate,1,None,Application,djkvdihost269.jakarta01.com,JAKARTA01\rbagus  
Error,10/2/2017 10:58:19 AM,EventCreate,1,None,Application,djkvdihost333.jakarta01.com,JAKARTA01\heri  
Error,10/2/2017 10:58:16 AM,Application Error,1000,(100),Application,djkvdihost333.jakarta01.com,"Faulting application name: EXCEL.EXE, version: 15.0.4919.1000, time stamp: 0x58c7ab0f
Faulting module name: EXCEL.EXE, version: 15.0.4919.1000, time stamp: 0x58c7ab0f
Exception code: 0xc0000005
Fault offset: 0x00045d81
Faulting process id: 0x1f80
Faulting application start time: 0x01d33b174d756c6d
Faulting application path: C:\Program Files\Microsoft Office\Office15\EXCEL.EXE
Faulting module path: C:\Program Files\Microsoft Office\Office15\EXCEL.EXE
Report Id: eabbdb26-a725-11e7-bb8c-0050569f7a99"
Error,10/2/2017 9:14:54 AM,EventCreate,1,None,Application,djkvdihost195.jakarta01.com,JAKARTA01\fahmi  
Error,10/2/2017 9:14:14 AM,EventCreate,1,None,Application,djkvdihost195.jakarta01.com,JAKARTA01\fahmi  
Error,10/2/2017 10:53:51 AM,EventCreate,1,None,Application,djkvdihost462.jakarta01.com,JAKARTA01\Lutfi  
Error,10/2/2017 10:53:46 AM,EventCreate,1,None,Application,djkvdihost462.jakarta01.com,JAKARTA01\Lutfi  
Error,10/2/2017 10:53:04 AM,EventCreate,1,None,Application,djkvdihost622.jakarta01.com,JAKARTA01\aynie  
Error,10/2/2017 10:53:04 AM,Application Error,1000,(100),Application,djkvdihost622.jakarta01.com,"Faulting application name: OUTLOOK.EXE, version: 15.0.4919.1001, time stamp: 0x58d20482
Faulting module name: OUTLOOK.EXE, version: 15.0.4919.1001, time stamp: 0x58d20482
Exception code: 0xc0000005
Fault offset: 0x008924c4
Faulting process id: 0x1718
Faulting application start time: 0x01d33b22ad4a8034
Faulting application path: C:\Program Files\Microsoft Office\Office15\OUTLOOK.EXE
Faulting module path: C:\Program Files\Microsoft Office\Office15\OUTLOOK.EXE
Report Id: 30e752b9-a725-11e7-8f07-0050569f1e5e"
Error,10/2/2017 10:47:32 AM,EventCreate,1,None,Application,djkvdihost627.jakarta01.com,JAKARTA01\Setiawan  
Error,10/2/2017 10:44:45 AM,EventCreate,1,None,Application,djkvdihost522.jakarta01.com,JAKARTA01\SANI  
Error,10/2/2017 10:43:07 AM,EventCreate,1,None,Application,djkvdihost682.jakarta01.com,JAKARTA01\Yulistial  
Error,10/2/2017 10:41:33 AM,EventCreate,1,None,Application,djkvdihost143.jakarta01.com,JAKARTA01\Felix  
Error,10/2/2017 10:41:29 AM,Application Error,1000,(100),Application,djkvdihost143.jakarta01.com,"Faulting application name: OUTLOOK.EXE, version: 15.0.4919.1001, time stamp: 0x58d20482
Faulting module name: OUTLOOK.EXE, version: 15.0.4919.1001, time stamp: 0x58d20482
Exception code: 0xc0000005
Fault offset: 0x008924c4
Faulting process id: 0x1fe8
Faulting application start time: 0x01d33b191533a5bc
Faulting application path: C:\Program Files\Microsoft Office\Office15\OUTLOOK.EXE
Faulting module path: C:\Program Files\Microsoft Office\Office15\OUTLOOK.EXE
Report Id: 9298c456-a723-11e7-9c94-0050569f0c5e"
Error,10/2/2017 10:40:32 AM,EventCreate,1,None,Application,djkvdihost007.jakarta01.com,JAKARTA01\Linah  
Error,10/2/2017 10:40:28 AM,Application Error,1000,(100),Application,djkvdihost007.jakarta01.com,"Faulting application name: OUTLOOK.EXE, version: 15.0.4919.1001, time stamp: 0x58d20482
Faulting module name: OUTLOOK.EXE, version: 15.0.4919.1001, time stamp: 0x58d20482
Exception code: 0xc0000005
Fault offset: 0x008924c4
Faulting process id: 0x143c
Faulting application start time: 0x01d33b1051b6f93e
Faulting application path: C:\Program Files\Microsoft Office\Office15\OUTLOOK.EXE
Faulting module path: C:\Program Files\Microsoft Office\Office15\OUTLOOK.EXE
Report Id: 6e8f200b-a723-11e7-bcba-0050569f749a"
Error,10/2/2017 10:38:48 AM,EventCreate,1,None,Application,djkvdihost069.jakarta01.com,JAKARTA01\yoshinta  
Error,10/2/2017 10:38:47 AM,EventCreate,1,None,Application,djkvdihost249.jakarta01.com,JAKARTA01\yisca  
Error,10/2/2017 10:38:05 AM,EventCreate,1,None,Application,djkvdihost874.jakarta01.com,JAKARTA01\jeremia  
Error,10/2/2017 10:38:04 AM,Application Error,1000,(100),Application,djkvdihost874.jakarta01.com,"Faulting application name: pcsws.exe, version: 5090.2.8121.38, time stamp: 0x4817fa9f
Faulting module name: cwbcore.dll, version: 12.0.0.0, time stamp: 0x486088f5
Exception code: 0xc0000005
Fault offset: 0x00076f44
Faulting process id: 0x1988
Faulting application start time: 0x01d33b2fd2a733d6
Faulting application path: C:\Program Files\IBM\Client Access\Emulator\pcsws.exe
Faulting module path: C:\Windows\system32\cwbcore.dll
Report Id: 18abf1f4-a723-11e7-ad9a-0050569f5341"
Error,10/2/2017 10:37:47 AM,EventCreate,1,None,Application,djkvdihost874.jakarta01.com,JAKARTA01\jeremia  
Error,10/2/2017 10:37:47 AM,Application Error,1000,(100),Application,djkvdihost874.jakarta01.com,"Faulting application name: pcsws.exe, version: 5090.2.8121.38, time stamp: 0x4817fa9f
Faulting module name: cwbcore.dll, version: 12.0.0.0, time stamp: 0x486088f5
Exception code: 0xc0000005
Fault offset: 0x00076f44
Faulting process id: 0x2468
Faulting application start time: 0x01d33b2fab2ebcd0
Faulting application path: C:\Program Files\IBM\Client Access\Emulator\pcsws.exe
Faulting module path: C:\Windows\system32\cwbcore.dll
Report Id: 0e43cca2-a723-11e7-ad9a-0050569f5341"
Error,10/2/2017 10:36:40 AM,EventCreate,1,None,Application,djkvdihost874.jakarta01.com,JAKARTA01\jeremia  
Error,10/2/2017 10:36:39 AM,Application Error,1000,(100),Application,djkvdihost874.jakarta01.com,"Faulting application name: pcsws.exe, version: 5090.2.8121.38, time stamp: 0x4817fa9f
Faulting module name: cwbcore.dll, version: 12.0.0.0, time stamp: 0x486088f5
Exception code: 0xc0000005
Fault offset: 0x00076f44
Faulting process id: 0x2580
Faulting application start time: 0x01d33b2b4dd7fcf9
Faulting application path: C:\Program Files\IBM\Client Access\Emulator\pcsws.exe
Faulting module path: C:\Windows\system32\cwbcore.dll
Report Id: e616a6fc-a722-11e7-ad9a-0050569f5341"
Error,10/2/2017 10:35:21 AM,EventCreate,1,None,Application,djkvdihost256.jakarta01.com,JAKARTA01\Learning02  
Error,10/2/2017 10:35:20 AM,Application Error,1000,(100),Application,djkvdihost256.jakarta01.com,"Faulting application name: iexplore.exe, version: 11.0.9600.18639, time stamp: 0x58d6bb0d
Faulting module name: Flash32_20_0_0_286.ocx, version: 20.0.0.286, time stamp: 0x56944dbe
Exception code: 0xc0000005
Fault offset: 0x000d9900
Faulting process id: 0x1e40
Faulting application start time: 0x01d33b266d59429f
Faulting application path: C:\Program Files\Internet Explorer\iexplore.exe
Faulting module path: C:\Windows\system32\Macromed\Flash\Flash32_20_0_0_286.ocx
Report Id: b6e2b0e4-a722-11e7-a11d-0050569f7f6d"
Error,10/2/2017 10:35:12 AM,EventCreate,1,None,Application,djkvdihost379.jakarta01.com,JAKARTA01\andryan  
Error,10/2/2017 10:35:02 AM,EventCreate,1,None,Application,djkvdihost051.jakarta01.com,JAKARTA01\guestISD56  
Error,10/2/2017 10:35:08 AM,Application Error,1000,(100),Application,djkvdihost379.jakarta01.com,"Faulting application name: OUTLOOK.EXE, version: 15.0.4919.1001, time stamp: 0x58d20482
Faulting module name: OUTLOOK.EXE, version: 15.0.4919.1001, time stamp: 0x58d20482
Exception code: 0xc0000005
Fault offset: 0x008924c4
Faulting process id: 0x1fb4
Faulting application start time: 0x01d33b1999277dd4
Faulting application path: C:\Program Files\Microsoft Office\Office15\OUTLOOK.EXE
Faulting module path: C:\Program Files\Microsoft Office\Office15\OUTLOOK.EXE
Report Id: afbdc874-a722-11e7-9a24-0050569f4898"
Error,10/2/2017 10:34:29 AM,EventCreate,1,None,Application,djkvdihost051.jakarta01.com,JAKARTA01\guestISD56  
Error,10/2/2017 10:29:51 AM,EventCreate,1,None,Application,djkvdihost117.jakarta01.com,JAKARTA01\Tino  
Error,10/2/2017 10:29:48 AM,Application Error,1000,(100),Application,djkvdihost117.jakarta01.com,"Faulting application name: EXCEL.EXE, version: 15.0.4919.1000, time stamp: 0x58c7ab0f
Faulting module name: unknown, version: 0.0.0.0, time stamp: 0x00000000
Exception code: 0xc0000005
Fault offset: 0x90909090
Faulting process id: 0x123c
Faulting application start time: 0x01d33b270a7a1d1d
Faulting application path: C:\Program Files\Microsoft Office\Office15\EXCEL.EXE
Faulting module path: unknown
Report Id: f125f6a6-a721-11e7-a274-0050569f0198"
Error,10/2/2017 10:28:32 AM,EventCreate,1,None,Application,djkvdihost874.jakarta01.com,JAKARTA01\jeremia  
Error,10/2/2017 10:28:14 AM,EventCreate,1,None,Application,djkvdihost688.jakarta01.com,JAKARTA01\kusumadita  
Error,10/2/2017 10:28:32 AM,Application Error,1000,(100),Application,djkvdihost874.jakarta01.com,"Faulting application name: OUTLOOK.EXE, version: 15.0.4919.1001, time stamp: 0x58d20482
Faulting module name: OUTLOOK.EXE, version: 15.0.4919.1001, time stamp: 0x58d20482
Exception code: 0xc0000005
Fault offset: 0x008924c4
Faulting process id: 0xc18
Faulting application start time: 0x01d33b0f49d74894
Faulting application path: C:\Program Files\Microsoft Office\Office15\OUTLOOK.EXE
Faulting module path: C:\Program Files\Microsoft Office\Office15\OUTLOOK.EXE
Report Id: c37f4923-a721-11e7-ad9a-0050569f5341"
Error,10/2/2017 10:28:10 AM,Application Error,1000,(100),Application,djkvdihost688.jakarta01.com,"Faulting application name: OUTLOOK.EXE, version: 15.0.4919.1001, time stamp: 0x58d20482
Faulting module name: OUTLOOK.EXE, version: 15.0.4919.1001, time stamp: 0x58d20482
Exception code: 0xc0000005
Fault offset: 0x008924c7
Faulting process id: 0x1d20
Faulting application start time: 0x01d33b14ee104839
Faulting application path: C:\Program Files\Microsoft Office\Office15\OUTLOOK.EXE
Faulting module path: C:\Program Files\Microsoft Office\Office15\OUTLOOK.EXE
Report Id: b6a6dbce-a721-11e7-8a8f-0050569f70f3"
Error,10/2/2017 10:26:04 AM,EventCreate,1,None,Application,djkvdihost321.jakarta01.com,JAKARTA01\henny  
Error,10/2/2017 10:26:03 AM,Application Error,1000,(100),Application,djkvdihost321.jakarta01.com,"Faulting application name: OUTLOOK.EXE, version: 15.0.4919.1001, time stamp: 0x58d20482
Faulting module name: OUTLOOK.EXE, version: 15.0.4919.1001, time stamp: 0x58d20482
Exception code: 0xc0000005
Fault offset: 0x008924c4
Faulting process id: 0x1dfc
Faulting application start time: 0x01d33b09223a2cf3
Faulting application path: C:\Program Files\Microsoft Office\Office15\OUTLOOK.EXE
Faulting module path: C:\Program Files\Microsoft Office\Office15\OUTLOOK.EXE
Report Id: 6ad08d28-a721-11e7-8b32-0050569f78a6"
Error,10/2/2017 10:21:36 AM,EventCreate,1,None,Application,djkvdihost459.jakarta01.com,JAKARTA01\Andradita  
Error,10/2/2017 10:21:35 AM,Application Error,1000,(100),Application,djkvdihost459.jakarta01.com,"Faulting application name: AcroRd32.exe, version: 10.1.4.38, time stamp: 0x5012ea69
Faulting module name: AcroRd32.dll, version: 10.1.4.38, time stamp: 0x5012f9f9
Exception code: 0xc0000005
Fault offset: 0x002c60bb
Faulting process id: 0x16f4
Faulting application start time: 0x01d33b2d3c356325
Faulting application path: C:\Program Files\Adobe\Reader 10.0\Reader\AcroRd32.exe
Faulting module path: C:\Program Files\Adobe\Reader 10.0\Reader\AcroRd32.dll
Report Id: caf80385-a720-11e7-a936-0050569f5ea5"
Error,10/2/2017 10:20:33 AM,EventCreate,1,None,Application,djkvdihost459.jakarta01.com,JAKARTA01\Andradita  
Error,10/2/2017 10:20:29 AM,Application Error,1000,(100),Application,djkvdihost459.jakarta01.com,"Faulting application name: spoolsv.exe, version: 6.1.7601.17777, time stamp: 0x4f35efc3
Faulting module name: msvcrt.dll, version: 7.0.7601.17744, time stamp: 0x4eeaf722
Exception code: 0xc0000005
Fault offset: 0x0000aa14
Faulting process id: 0x12a8
Faulting application start time: 0x01d33b233ae3ec6c
Faulting application path: C:\Windows\System32\spoolsv.exe
Faulting module path: C:\Windows\system32\msvcrt.dll
Report Id: a3e87b65-a720-11e7-a936-0050569f5ea5"
Error,10/2/2017 10:18:08 AM,EventCreate,1,None,Application,djkvdihost312.jakarta01.com,JAKARTA01\ALFIYAH  
Error,10/2/2017 10:16:21 AM,EventCreate,1,None,Application,djkvdihost621.jakarta01.com,JAKARTA01\muhammad afif  
Error,10/2/2017 10:16:21 AM,Application Error,1000,(100),Application,djkvdihost621.jakarta01.com,"Faulting application name: OUTLOOK.EXE, version: 15.0.4919.1001, time stamp: 0x58d20482
Faulting module name: OUTLOOK.EXE, version: 15.0.4919.1001, time stamp: 0x58d20482
Exception code: 0xc0000005
Fault offset: 0x008924c4
Faulting process id: 0xd4c
Faulting application start time: 0x01d33b2978580c1f
Faulting application path: C:\Program Files\Microsoft Office\Office15\OUTLOOK.EXE
Faulting module path: C:\Program Files\Microsoft Office\Office15\OUTLOOK.EXE
Report Id: 0fbfbd76-a720-11e7-880b-0050569f4a52"
Error,10/2/2017 10:15:34 AM,EventCreate,1,None,Application,djkvdihost448.jakarta01.com,JAKARTA01\dini hariyani  
Error,10/2/2017 10:15:31 AM,Application Error,1000,(100),Application,djkvdihost448.jakarta01.com,"Faulting application name: OUTLOOK.EXE, version: 15.0.4919.1001, time stamp: 0x58d20482
Faulting module name: OUTLOOK.EXE, version: 15.0.4919.1001, time stamp: 0x58d20482
Exception code: 0xc0000005
Fault offset: 0x008924c4
Faulting process id: 0xcc0
Faulting application start time: 0x01d33b249dbe8ced
Faulting application path: C:\Program Files\Microsoft Office\Office15\OUTLOOK.EXE
Faulting module path: C:\Program Files\Microsoft Office\Office15\OUTLOOK.EXE
Report Id: f21ebe98-a71f-11e7-983d-0050569f0cfc"
Error,10/2/2017 10:14:58 AM,EventCreate,1,None,Application,djkvdihost547.jakarta01.com,JAKARTA01\hertanto  
Error,10/2/2017 10:14:54 AM,Application Error,1000,(100),Application,djkvdihost547.jakarta01.com,"Faulting application name: EXCEL.EXE, version: 15.0.4919.1000, time stamp: 0x58c7ab0f
Faulting module name: EXCEL.EXE, version: 15.0.4919.1000, time stamp: 0x58c7ab0f
Exception code: 0xc0000005
Fault offset: 0x010c9809
Faulting process id: 0xa9c
Faulting application start time: 0x01d33b20a5856dd8
Faulting application path: C:\Program Files\Microsoft Office\Office15\EXCEL.EXE
Faulting module path: C:\Program Files\Microsoft Office\Office15\EXCEL.EXE
Report Id: dbf313c3-a71f-11e7-a4bc-0050569f5691"
Error,10/2/2017 10:12:04 AM,EventCreate,1,None,Application,djkvdihost130.jakarta01.com,JAKARTA01\army  
Error,10/2/2017 10:11:33 AM,EventCreate,1,None,Application,djkvdihost130.jakarta01.com,JAKARTA01\army  
Error,10/2/2017 10:11:02 AM,EventCreate,1,None,Application,djkvdihost227.jakarta01.com,JAKARTA01\Mustikawati  
Error,10/2/2017 10:10:59 AM,Application Error,1000,(100),Application,djkvdihost227.jakarta01.com,"Faulting application name: OUTLOOK.EXE, version: 15.0.4919.1001, time stamp: 0x58d20482
Faulting module name: OUTLOOK.EXE, version: 15.0.4919.1001, time stamp: 0x58d20482
Exception code: 0xc0000005
Fault offset: 0x008924c7
Faulting process id: 0x1fcc
Faulting application start time: 0x01d33b1a0e5883e4
Faulting application path: C:\Program Files\Microsoft Office\Office15\OUTLOOK.EXE
Faulting module path: C:\Program Files\Microsoft Office\Office15\OUTLOOK.EXE
Report Id: 4fa48e72-a71f-11e7-ab7a-0050569f3407"
Error,10/2/2017 10:10:00 AM,EventCreate,1,None,Application,djkvdihost898.jakarta01.com,JAKARTA01\Anosa  
Error,10/2/2017 10:10:00 AM,Application Error,1000,(100),Application,djkvdihost898.jakarta01.com,"Faulting application name: OUTLOOK.EXE, version: 15.0.4927.1001, time stamp: 0x58f5f52e
Faulting module name: mso.dll, version: 15.0.4927.1000, time stamp: 0x58ec86ab
Exception code: 0xc0000005
Fault offset: 0x000e5adc
Faulting process id: 0xf78
Faulting application start time: 0x01d33b1ade54aa1b
Faulting application path: C:\Program Files (x86)\Microsoft Office\Office15\OUTLOOK.EXE
Faulting module path: C:\Program Files (x86)\Common Files\Microsoft Shared\Office15\mso.dll
Report Id: 2c946594-a71f-11e7-a221-0050569f032d"
Error,10/2/2017 10:07:11 AM,EventCreate,1,None,Application,djkvdihost828.jakarta01.com,JAKARTA01\Luki Mahanani  
Error,10/2/2017 10:07:20 AM,EventCreate,1,None,Application,djkvdihost051.jakarta01.com,JAKARTA01\GuestISD56  
Error,10/2/2017 10:07:08 AM,Application Error,1000,(100),Application,djkvdihost828.jakarta01.com,"Faulting application name: OUTLOOK.EXE, version: 15.0.4919.1001, time stamp: 0x58d20482
Faulting module name: OUTLOOK.EXE, version: 15.0.4919.1001, time stamp: 0x58d20482
Exception code: 0xc0000005
Fault offset: 0x002c7fa9
Faulting process id: 0x1edc
Faulting application start time: 0x01d33b1519e3813c
Faulting application path: C:\Program Files\Microsoft Office\Office15\OUTLOOK.EXE
Faulting module path: C:\Program Files\Microsoft Office\Office15\OUTLOOK.EXE
Report Id: c629c29c-a71e-11e7-a744-0050569f224e"
Error,10/2/2017 10:06:47 AM,EventCreate,1,None,Application,djkvdihost727.jakarta01.com,JAKARTA01\Bryant  
Error,10/2/2017 10:05:36 AM,EventCreate,1,None,Application,djkvdihost697.jakarta01.com,JAKARTA01\GuestISD49  
Error,10/2/2017 10:03:25 AM,EventCreate,1,None,Application,djkvdihost238.jakarta01.com,JAKARTA01\william  
Error,10/2/2017 10:01:48 AM,EventCreate,1,None,Application,djkvdihost864.jakarta01.com,JAKARTA01\deddy  
Error,10/2/2017 10:01:47 AM,Application Error,1000,(100),Application,djkvdihost864.jakarta01.com,"Faulting application name: OUTLOOK.EXE, version: 15.0.4919.1001, time stamp: 0x58d20482
Faulting module name: OUTLOOK.EXE, version: 15.0.4919.1001, time stamp: 0x58d20482
Exception code: 0xc0000005
Fault offset: 0x008924c4
Faulting process id: 0x1464
Faulting application start time: 0x01d33b21ca7dde9c
Faulting application path: C:\Program Files\Microsoft Office\Office15\OUTLOOK.EXE
Faulting module path: C:\Program Files\Microsoft Office\Office15\OUTLOOK.EXE
Report Id: 070a3841-a71e-11e7-af19-0050569f5f99"
Error,10/2/2017 10:00:52 AM,EventCreate,1,None,Application,djkvdihost619.jakarta01.com,JAKARTA01\yusdian  
Error,10/2/2017 9:59:32 AM,EventCreate,1,None,Application,djkvdihost747.jakarta01.com,JAKARTA01\andrinur  
Error,10/2/2017 9:58:42 AM,EventCreate,1,None,Application,djkvdihost452.jakarta01.com,JAKARTA01\yudistira  
Error,10/2/2017 9:58:39 AM,Application Error,1000,(100),Application,djkvdihost452.jakarta01.com,"Faulting application name: OUTLOOK.EXE, version: 15.0.4919.1001, time stamp: 0x58d20482
Faulting module name: OUTLOOK.EXE, version: 15.0.4919.1001, time stamp: 0x58d20482
Exception code: 0xc0000005
Fault offset: 0x008924c7
Faulting process id: 0x1db0
Faulting application start time: 0x01d33b20553f98c1
Faulting application path: C:\Program Files\Microsoft Office\Office15\OUTLOOK.EXE
Faulting module path: C:\Program Files\Microsoft Office\Office15\OUTLOOK.EXE
Report Id: 96a8d519-a71d-11e7-9ef2-0050569f500e"
Error,10/2/2017 9:54:49 AM,EventCreate,1,None,Application,djkvdihost815.jakarta01.com,JAKARTA01\iqbal maulanasani  
Error,10/2/2017 9:54:24 AM,EventCreate,1,None,Application,djkvdihost373.jakarta01.com,JAKARTA01\saptorini  
Error,10/2/2017 9:53:49 AM,EventCreate,1,None,Application,djkvdihost453.jakarta01.com,JAKARTA01\WulanAn  
Error,10/2/2017 9:53:46 AM,Application Error,1000,(100),Application,djkvdihost453.jakarta01.com,"Faulting application name: OUTLOOK.EXE, version: 15.0.4919.1001, time stamp: 0x58d20482
Faulting module name: OUTLOOK.EXE, version: 15.0.4919.1001, time stamp: 0x58d20482
Exception code: 0xc0000005
Fault offset: 0x008924c4
Faulting process id: 0x117c
Faulting application start time: 0x01d33b2664598aca
Faulting application path: C:\Program Files\Microsoft Office\Office15\OUTLOOK.EXE
Faulting module path: C:\Program Files\Microsoft Office\Office15\OUTLOOK.EXE
Report Id: e81b74c2-a71c-11e7-ae49-0050569f4331"
Error,10/2/2017 9:53:40 AM,EventCreate,1,None,Application,djkvdihost139.jakarta01.com,JAKARTA01\guestisd52  
Error,10/2/2017 9:52:17 AM,EventCreate,1,None,Application,djkvdihost621.jakarta01.com,JAKARTA01\muhammad afif  
Error,10/2/2017 9:52:17 AM,Application Error,1000,(100),Application,djkvdihost621.jakarta01.com,"Faulting application name: OUTLOOK.EXE, version: 15.0.4919.1001, time stamp: 0x58d20482
Faulting module name: OUTLOOK.EXE, version: 15.0.4919.1001, time stamp: 0x58d20482
Exception code: 0xc0000005
Fault offset: 0x008924c4
Faulting process id: 0x1414
Faulting application start time: 0x01d33b28219fcf8f
Faulting application path: C:\Program Files\Microsoft Office\Office15\OUTLOOK.EXE
Faulting module path: C:\Program Files\Microsoft Office\Office15\OUTLOOK.EXE
Report Id: b33a7a7f-a71c-11e7-880b-0050569f4a52"
Error,10/2/2017 8:46:15 AM,EventCreate,1,None,Application,djkvdihost560.jakarta01.com,JAKARTA01\guestisd20  
Error,10/2/2017 9:52:10 AM,EventCreate,1,None,Application,djkvdihost093.jakarta01.com,JAKARTA01\Aisyah  
Error,10/2/2017 9:51:08 AM,EventCreate,1,None,Application,djkvdihost033.jakarta01.com,JAKARTA01\erminawati  
Error,10/2/2017 9:51:03 AM,Application Error,1000,(100),Application,djkvdihost033.jakarta01.com,"Faulting application name: spoolsv.exe, version: 6.1.7601.17777, time stamp: 0x4f35efc3
Faulting module name: msvcrt.dll, version: 7.0.7601.17744, time stamp: 0x4eeaf722
Exception code: 0xc0000005
Fault offset: 0x0000aa14
Faulting process id: 0x63c
Faulting application start time: 0x01d33a2bf474215a
Faulting application path: C:\Windows\System32\spoolsv.exe
Faulting module path: C:\Windows\system32\msvcrt.dll
Report Id: 87281d39-a71c-11e7-9662-0050569f3ef5"
Error,10/2/2017 9:48:20 AM,EventCreate,1,None,Application,djkvdihost649.jakarta01.com,JAKARTA01\MahendraR  
Error,10/2/2017 9:48:20 AM,Application Error,1000,(100),Application,djkvdihost649.jakarta01.com,"Faulting application name: OUTLOOK.EXE, version: 15.0.4919.1001, time stamp: 0x58d20482
Faulting module name: OUTLOOK.EXE, version: 15.0.4919.1001, time stamp: 0x58d20482
Exception code: 0xc0000005
Fault offset: 0x008924c4
Faulting process id: 0x620
Faulting application start time: 0x01d33b224f5e1c58
Faulting application path: C:\Program Files\Microsoft Office\Office15\OUTLOOK.EXE
Faulting module path: C:\Program Files\Microsoft Office\Office15\OUTLOOK.EXE
Report Id: 25a9a3f8-a71c-11e7-82b9-0050569f7cb7"
Error,10/2/2017 9:45:47 AM,EventCreate,1,None,Application,djkvdihost797.jakarta01.com,JAKARTA01\Hilman  
Error,10/2/2017 9:44:59 AM,EventCreate,1,None,Application,djkvdihost496.jakarta01.com,JAKARTA01\guestISD50  
Error,10/2/2017 9:44:31 AM,EventCreate,1,None,Application,djkvdihost824.jakarta01.com,JAKARTA01\edwan  
Error,10/2/2017 9:44:18 AM,EventCreate,1,None,Application,djkvdihost496.jakarta01.com,JAKARTA01\guestISD50  
Error,10/2/2017 9:43:15 AM,EventCreate,1,None,Application,djkvdihost486.jakarta01.com,JAKARTA01\feni  
Error,10/2/2017 9:42:43 AM,EventCreate,1,None,Application,djkvdihost621.jakarta01.com,JAKARTA01\muhammad afif  
Error,10/2/2017 9:43:08 AM,EventCreate,1,None,Application,djkvdihost486.jakarta01.com,JAKARTA01\feni  
Error,10/2/2017 9:42:20 AM,EventCreate,1,None,Application,djkvdihost882.jakarta01.com,JAKARTA01\khalid  
Error,10/2/2017 9:42:20 AM,Application Error,1000,(100),Application,djkvdihost882.jakarta01.com,"Faulting application name: NLNOTES.EXE, version: 8.5.30.11258, time stamp: 0x4e72fa51
Faulting module name: nnotes.dll, version: 8.5.30.11258, time stamp: 0x4e72fa6a
Exception code: 0xc0000005
Fault offset: 0x001c7f0e
Faulting process id: 0x19d8
Faulting application start time: 0x01d33b28115b3b2e
Faulting application path: C:\Program Files\IBM\Lotus\Notes\NLNOTES.EXE
Faulting module path: C:\Program Files\IBM\Lotus\Notes\nnotes.dll
Report Id: 4f1ad10e-a71b-11e7-91ca-0050569f72cd"
Error,10/2/2017 9:42:40 AM,Application Error,1000,(100),Application,djkvdihost621.jakarta01.com,"Faulting application name: OUTLOOK.EXE, version: 15.0.4919.1001, time stamp: 0x58d20482
Faulting module name: OUTLOOK.EXE, version: 15.0.4919.1001, time stamp: 0x58d20482
Exception code: 0xc0000005
Fault offset: 0x008924c4
Faulting process id: 0x162c
Faulting application start time: 0x01d33b13ff2e462f
Faulting application path: C:\Program Files\Microsoft Office\Office15\OUTLOOK.EXE
Faulting module path: C:\Program Files\Microsoft Office\Office15\OUTLOOK.EXE
Report Id: 5b72d95f-a71b-11e7-880b-0050569f4a52"
Error,10/2/2017 9:42:02 AM,EventCreate,1,None,Application,djkvdihost113.jakarta01.com,JAKARTA01\isnaini  
Error,10/2/2017 9:41:18 AM,EventCreate,1,None,Application,djkvdihost113.jakarta01.com,JAKARTA01\isnaini  
Error,10/2/2017 9:40:10 AM,EventCreate,1,None,Application,djkvdihost322.jakarta01.com,JAKARTA01\purba  
Error,10/2/2017 9:39:47 AM,EventCreate,1,None,Application,djkvdihost012.jakarta01.com,JAKARTA01\budir  
Error,10/2/2017 9:37:53 AM,EventCreate,1,None,Application,djkvdihost429.jakarta01.com,JAKARTA01\Putri Damayanti  
Error,10/2/2017 9:37:49 AM,Application Error,1000,(100),Application,djkvdihost429.jakarta01.com,"Faulting application name: OUTLOOK.EXE, version: 15.0.4919.1001, time stamp: 0x58d20482
Faulting module name: OUTLOOK.EXE, version: 15.0.4919.1001, time stamp: 0x58d20482
Exception code: 0xc0000005
Fault offset: 0x008924c7
Faulting process id: 0x14ec
Faulting application start time: 0x01d33b18729e4c89
Faulting application path: C:\Program Files\Microsoft Office\Office15\OUTLOOK.EXE
Faulting module path: C:\Program Files\Microsoft Office\Office15\OUTLOOK.EXE
Report Id: ad85769d-a71a-11e7-bfed-0050569f6573"
Error,10/2/2017 9:37:34 AM,EventCreate,1,None,Application,djkvdihost072.jakarta01.com,JAKARTA01\ratmitasari  
Error,10/2/2017 9:37:02 AM,EventCreate,1,None,Application,djkvdihost063.jakarta01.com,JAKARTA01\lucky  
Error,10/2/2017 9:37:20 AM,EventCreate,1,None,Application,djkvdihost162.jakarta01.com,JAKARTA01\guestisd61  
Error,10/2/2017 9:36:59 AM,Application Error,1000,(100),Application,djkvdihost063.jakarta01.com,"Faulting application name: spoolsv.exe, version: 6.1.7601.17777, time stamp: 0x4f35efc3
Faulting module name: msvcrt.dll, version: 7.0.7601.17744, time stamp: 0x4eeaf722
Exception code: 0xc0000005
Fault offset: 0x0000aa14
Faulting process id: 0x638
Faulting application start time: 0x01d33966c411bc99
Faulting application path: C:\Windows\System32\spoolsv.exe
Faulting module path: C:\Windows\system32\msvcrt.dll
Report Id: 8fbd6716-a71a-11e7-9dfc-0050569f4597"
Error,10/2/2017 9:36:28 AM,EventCreate,1,None,Application,djkvdihost566.jakarta01.com,JAKARTA01\guestisd60  
Error,10/2/2017 9:34:51 AM,EventCreate,1,None,Application,djkvdihost699.jakarta01.com,JAKARTA01\Linda Marshelia  
Error,10/2/2017 9:32:33 AM,EventCreate,1,None,Application,djkvdihost369.jakarta01.com,JAKARTA01\pramana  
Error,10/2/2017 9:32:38 AM,EventCreate,1,None,Application,djkvdihost683.jakarta01.com,JAKARTA01\AdhiNu  
Error,10/2/2017 9:32:29 AM,Application Error,1000,(100),Application,djkvdihost369.jakarta01.com,"Faulting application name: WINWORD.EXE, version: 15.0.4911.1000, time stamp: 0x58a2c075
Faulting module name: wwlib.dll, version: 15.0.4911.1000, time stamp: 0x58a2c073
Exception code: 0xc0000005
Fault offset: 0x006f0ff9
Faulting process id: 0x1ce0
Faulting application start time: 0x01d33b1e55088d6d
Faulting application path: C:\Program Files\Microsoft Office\Office15\WINWORD.EXE
Faulting module path: C:\Program Files\Microsoft Office\Office15\wwlib.dll
Report Id: ef29f93d-a719-11e7-8831-0050569f7e6d"
Error,10/2/2017 9:31:21 AM,EventCreate,1,None,Application,djkvdihost256.jakarta01.com,JAKARTA01\Learning02  
Error,10/2/2017 9:31:19 AM,EventCreate,1,None,Application,djkvdihost724.jakarta01.com,JAKARTA01\indriani  
Error,10/2/2017 9:31:18 AM,Application Error,1000,(100),Application,djkvdihost256.jakarta01.com,"Faulting application name: iexplore.exe, version: 11.0.9600.18639, time stamp: 0x58d6bb0d
Faulting module name: MSHTML.dll, version: 11.0.9600.18639, time stamp: 0x58d6c720
Exception code: 0xc0000005
Fault offset: 0x000ac604
Faulting process id: 0x129c
Faulting application start time: 0x01d33b2678d0664f
Faulting application path: C:\Program Files\Internet Explorer\iexplore.exe
Faulting module path: C:\Windows\system32\MSHTML.dll
Report Id: c49ec42a-a719-11e7-a11d-0050569f7f6d"
Error,10/2/2017 9:31:16 AM,EventCreate,1,None,Application,djkvdihost850.jakarta01.com,JAKARTA01\abdul  
Error,10/2/2017 9:29:57 AM,EventCreate,1,None,Application,djkvdihost901.jakarta01.com,JAKARTA01\Joni  
Error,10/2/2017 9:29:57 AM,Application Error,1000,(100),Application,djkvdihost901.jakarta01.com,"Faulting application name: OUTLOOK.EXE, version: 15.0.4927.1001, time stamp: 0x58f5f52e
Faulting module name: ntdll.dll, version: 6.1.7601.23807, time stamp: 0x5915f8e8
Exception code: 0xc0000005
Fault offset: 0x0003c8e0
Faulting process id: 0x120
Faulting application start time: 0x01d33b13eaee7f6c
Faulting application path: C:\Program Files (x86)\Microsoft Office\Office15\OUTLOOK.EXE
Faulting module path: C:\Windows\SysWOW64\ntdll.dll
Report Id: 949632de-a719-11e7-91e0-0050569f7d78"
Error,10/2/2017 9:29:35 AM,EventCreate,1,None,Application,djkvdihost479.jakarta01.com,JAKARTA01\lenny  
Error,10/2/2017 9:29:29 AM,EventCreate,1,None,Application,djkvdihost807.jakarta01.com,JAKARTA01\guestisd34  
Error,10/2/2017 9:29:10 AM,EventCreate,1,None,Application,djkvdihost777.jakarta01.com,JAKARTA01\Dwi anisa  
Error,10/2/2017 9:27:53 AM,EventCreate,1,None,Application,djkvdihost244.jakarta01.com,JAKARTA01\Arief Sandy  
Error,10/2/2017 9:26:27 AM,EventCreate,1,None,Application,djkvdihost818.jakarta01.com,JAKARTA01\hafsia  
Error,10/2/2017 9:25:21 AM,EventCreate,1,None,Application,djkvdihost818.jakarta01.com,JAKARTA01\hafsia  
Error,10/2/2017 9:24:43 AM,EventCreate,1,None,Application,djkvdihost156.jakarta01.com,JAKARTA01\dodi  
Error,10/2/2017 9:23:50 AM,WSH,1,None,Application,djkvdihost156.jakarta01.com,"CN=Dodi Heru Setio Putro password will expire in 3 day(s) at 10/5/2017 9:00:40 AM

Press CTRL + ALT + DEL and select the ""Change a password"" option."
Error,10/2/2017 9:23:49 AM,WSH,1,None,Application,djkvdihost156.jakarta01.com,"CN=Dodi Heru Setio Putro password will expire in 3 day(s) at 10/5/2017 9:00:40 AM

Press CTRL + ALT + DEL and select the ""Change a password"" option."
Error,10/2/2017 9:22:20 AM,EventCreate,1,None,Application,djkvdihost831.jakarta01.com,JAKARTA01\Rudy Setyo  
Error,10/2/2017 9:22:04 AM,EventCreate,1,None,Application,djkvdihost700.jakarta01.com,JAKARTA01\ici  
Error,10/2/2017 9:18:58 AM,EventCreate,1,None,Application,djkvdihost351.jakarta01.com,JAKARTA01\septi  
Error,10/2/2017 9:18:36 AM,EventCreate,1,None,Application,djkvdihost042.jakarta01.com,JAKARTA01\cita  
Error,10/2/2017 9:17:10 AM,EventCreate,1,None,Application,djkvdihost047.jakarta01.com,JAKARTA01\diah  
Error,10/2/2017 9:17:02 AM,EventCreate,1,None,Application,djkvdihost255.jakarta01.com,JAKARTA01\dessy  
Error,10/2/2017 9:15:35 AM,EventCreate,1,None,Application,djkvdihost011.jakarta01.com,JAKARTA01\Hasna  
Error,10/2/2017 9:15:29 AM,Application Error,1000,(100),Application,djkvdihost011.jakarta01.com,"Faulting application name: OUTLOOK.EXE, version: 15.0.4919.1001, time stamp: 0x58d20482
Faulting module name: OUTLOOK.EXE, version: 15.0.4919.1001, time stamp: 0x58d20482
Exception code: 0xc0000005
Fault offset: 0x008924c4
Faulting process id: 0x1938
Faulting application start time: 0x01d33b1ec43aa5be
Faulting application path: C:\Program Files\Microsoft Office\Office15\OUTLOOK.EXE
Faulting module path: C:\Program Files\Microsoft Office\Office15\OUTLOOK.EXE
Report Id: 8ee84caf-a717-11e7-8813-0050569f70b5"
Error,10/2/2017 9:15:31 AM,EventCreate,1,None,Application,djkvdihost498.jakarta01.com,JAKARTA01\robi  
Error,10/2/2017 9:15:02 AM,EventCreate,1,None,Application,djkvdihost834.jakarta01.com,JAKARTA01\mohammad  
Error,10/2/2017 9:14:26 AM,EventCreate,1,None,Application,djkvdihost448.jakarta01.com,JAKARTA01\dini hariyani  
Error,10/2/2017 9:12:50 AM,EventCreate,1,None,Application,djkvdihost763.jakarta01.com,JAKARTA01\dolly  
Error,10/2/2017 9:11:45 AM,EventCreate,1,None,Application,djkvdihost746.jakarta01.com,JAKARTA01\alexsandro  
Error,10/2/2017 9:11:45 AM,Application Error,1000,(100),Application,djkvdihost746.jakarta01.com,"Faulting application name: OUTLOOK.EXE, version: 15.0.4919.1001, time stamp: 0x58d20482
Faulting module name: OUTLOOK.EXE, version: 15.0.4919.1001, time stamp: 0x58d20482
Exception code: 0xc0000005
Fault offset: 0x008924c4
Faulting process id: 0x1f24
Faulting application start time: 0x01d33b19d75ebb70
Faulting application path: C:\Program Files\Microsoft Office\Office15\OUTLOOK.EXE
Faulting module path: C:\Program Files\Microsoft Office\Office15\OUTLOOK.EXE
Report Id: 0994cba7-a717-11e7-8750-0050569f0500"
Error,10/2/2017 9:11:54 AM,EventCreate,1,None,Application,djkvdihost686.jakarta01.com,JAKARTA01\guestisd54  
Error,10/2/2017 9:10:21 AM,EventCreate,1,None,Application,djkvdihost120.jakarta01.com,JAKARTA01\michiko  
Error,10/2/2017 9:10:17 AM,Application Error,1000,(100),Application,djkvdihost120.jakarta01.com,"Faulting application name: OUTLOOK.EXE, version: 15.0.4919.1001, time stamp: 0x58d20482
Faulting module name: OUTLOOK.EXE, version: 15.0.4919.1001, time stamp: 0x58d20482
Exception code: 0xc0000005
Fault offset: 0x008924c4
Faulting process id: 0x374
Faulting application start time: 0x01d33b16d347b503
Faulting application path: C:\Program Files\Microsoft Office\Office15\OUTLOOK.EXE
Faulting module path: C:\Program Files\Microsoft Office\Office15\OUTLOOK.EXE
Report Id: d56ae8e8-a716-11e7-ab3b-0050569f50b7"
Error,10/2/2017 9:10:01 AM,EventCreate,1,None,Application,djkvdihost874.jakarta01.com,JAKARTA01\jeremia  
Error,10/2/2017 9:09:59 AM,Application Error,1000,(100),Application,djkvdihost874.jakarta01.com,"Faulting application name: pcsws.exe, version: 5090.2.8121.38, time stamp: 0x4817fa9f
Faulting module name: PCSUPM.DLL_unloaded, version: 0.0.0.0, time stamp: 0x48608848
Exception code: 0xc0000005
Fault offset: 0x67332b0b
Faulting process id: 0x19c4
Faulting application start time: 0x01d33b2370f65c44
Faulting application path: C:\Program Files\IBM\Client Access\Emulator\pcsws.exe
Faulting module path: PCSUPM.DLL
Report Id: ca1bdca4-a716-11e7-ad9a-0050569f5341"
Error,10/2/2017 9:08:55 AM,EventCreate,1,None,Application,djkvdihost023.jakarta01.com,JAKARTA01\ummu  
Error,10/2/2017 9:08:41 AM,EventCreate,1,None,Application,djkvdihost193.jakarta01.com,JAKARTA01\pancaran  
Error,10/2/2017 9:08:00 AM,EventCreate,1,None,Application,djkvdihost038.jakarta01.com,JAKARTA01\irman  
Error,10/2/2017 9:07:59 AM,EventCreate,1,None,Application,djkvdihost023.jakarta01.com,JAKARTA01\ummu  
Error,10/2/2017 9:06:55 AM,EventCreate,1,None,Application,djkvdihost017.jakarta01.com,JAKARTA01\daniel pontifek  
Error,10/2/2017 9:06:51 AM,EventCreate,1,None,Application,djkvdihost897.jakarta01.com,JAKARTA01\adi prasetio  
Error,10/2/2017 9:06:43 AM,EventCreate,1,None,Application,djkvdihost459.jakarta01.com,JAKARTA01\Andradita  
Error,10/2/2017 9:06:27 AM,Application Error,1000,(100),Application,djkvdihost459.jakarta01.com,"Faulting application name: spoolsv.exe, version: 6.1.7601.17777, time stamp: 0x4f35efc3
Faulting module name: msvcrt.dll, version: 7.0.7601.17744, time stamp: 0x4eeaf722
Exception code: 0xc0000005
Fault offset: 0x0000aa14
Faulting process id: 0x638
Faulting application start time: 0x01d33a2ccb6c3c03
Faulting application path: C:\Windows\System32\spoolsv.exe
Faulting module path: C:\Windows\system32\msvcrt.dll
Report Id: 4c0bc5ea-a716-11e7-a936-0050569f5ea5"
Error,10/2/2017 9:06:14 AM,EventCreate,1,None,Application,djkvdihost064.jakarta01.com,JAKARTA01\nugrah  
Error,10/2/2017 9:05:37 AM,EventCreate,1,None,Application,djkvdihost481.jakarta01.com,JAKARTA01\elestari  
Error,10/2/2017 9:04:49 AM,EventCreate,1,None,Application,djkvdihost563.jakarta01.com,JAKARTA01\ailsa  
Error,10/2/2017 9:04:46 AM,Application Error,1000,(100),Application,djkvdihost563.jakarta01.com,"Faulting application name: lync.exe, version: 15.0.4919.1000, time stamp: 0x58c7ab1e
Faulting module name: mshtml.dll, version: 11.0.9600.18639, time stamp: 0x58d6c720
Exception code: 0xc0000005
Fault offset: 0x00476281
Faulting process id: 0x15c
Faulting application start time: 0x01d33b1a44b57648
Faulting application path: C:\Program Files\Microsoft Office\Office15\lync.exe
Faulting module path: C:\Windows\System32\mshtml.dll
Report Id: 0fb0ab51-a716-11e7-9c5e-0050569f256f"
Error,10/2/2017 9:04:31 AM,EventCreate,1,None,Application,djkvdihost483.jakarta01.com,JAKARTA01\samekto  
Error,10/2/2017 9:04:28 AM,Application Error,1000,(100),Application,djkvdihost483.jakarta01.com,"Faulting application name: lync.exe, version: 15.0.4919.1000, time stamp: 0x58c7ab1e
Faulting module name: mshtml.dll, version: 11.0.9600.18639, time stamp: 0x58d6c720
Exception code: 0xc0000005
Fault offset: 0x0013a2cc
Faulting process id: 0x7ac
Faulting application start time: 0x01d33b1a28950d00
Faulting application path: C:\Program Files\Microsoft Office\Office15\lync.exe
Faulting module path: C:\Windows\System32\mshtml.dll
Report Id: 052bb7c6-a716-11e7-8d9f-0050569f3313"
Error,10/2/2017 9:04:55 AM,EventCreate,1,None,Application,djkvdihost327.jakarta01.com,JAKARTA01\Arfilia  
Error,10/2/2017 9:04:48 AM,EventCreate,1,None,Application,djkvdihost304.jakarta01.com,JAKARTA01\Ricky  
Error,10/2/2017 9:04:46 AM,EventCreate,1,None,Application,djkvdihost195.jakarta01.com,JAKARTA01\dessy  
Error,10/2/2017 9:04:09 AM,EventCreate,1,None,Application,djkvdihost813.jakarta01.com,JAKARTA01\diena  
Error,10/2/2017 9:03:20 AM,EventCreate,1,None,Application,djkvdihost721.jakarta01.com,JAKARTA01\Christopher  
Error,10/2/2017 9:03:09 AM,EventCreate,1,None,Application,djkvdihost460.jakarta01.com,JAKARTA01\Ida  
Error,10/2/2017 9:02:45 AM,EventCreate,1,None,Application,djkvdihost068.jakarta01.com,JAKARTA01\Ika  
Error,10/2/2017 9:02:44 AM,EventCreate,1,None,Application,djkvdihost029.jakarta01.com,JAKARTA01\rahmatia  
Error,10/2/2017 9:02:32 AM,EventCreate,1,None,Application,djkvdihost562.jakarta01.com,JAKARTA01\slamet  
Error,10/2/2017 9:02:17 AM,EventCreate,1,None,Application,djkvdihost407.jakarta01.com,JAKARTA01\Adhi Nur  
Error,10/2/2017 9:02:07 AM,EventCreate,1,None,Application,djkvdihost703.jakarta01.com,JAKARTA01\wirantika  
Error,10/2/2017 9:01:55 AM,EventCreate,1,None,Application,djkvdihost772.jakarta01.com,JAKARTA01\herlina  
Error,10/2/2017 9:01:51 AM,EventCreate,1,None,Application,djkvdihost602.jakarta01.com,JAKARTA01\muhdi  
Error,10/2/2017 9:01:03 AM,EventCreate,1,None,Application,djkvdihost649.jakarta01.com,JAKARTA01\MahendraR  
Error,10/2/2017 9:01:01 AM,Application Error,1000,(100),Application,djkvdihost649.jakarta01.com,"Faulting application name: OUTLOOK.EXE, version: 15.0.4919.1001, time stamp: 0x58d20482
Faulting module name: OUTLOOK.EXE, version: 15.0.4919.1001, time stamp: 0x58d20482
Exception code: 0xc0000005
Fault offset: 0x008924c4
Faulting process id: 0x1ffc
Faulting application start time: 0x01d33b1f1eb12418
Faulting application path: C:\Program Files\Microsoft Office\Office15\OUTLOOK.EXE
Faulting module path: C:\Program Files\Microsoft Office\Office15\OUTLOOK.EXE
Report Id: 899064f8-a715-11e7-82b9-0050569f7cb7"
Error,10/2/2017 9:00:34 AM,EventCreate,1,None,Application,djkvdihost519.jakarta01.com,JAKARTA01\wisnu  
Error,10/2/2017 9:00:31 AM,EventCreate,1,None,Application,djkvdihost403.jakarta01.com,JAKARTA01\eriksetiawan  
Error,10/2/2017 9:00:26 AM,Application Error,1000,(100),Application,djkvdihost519.jakarta01.com,"Faulting application name: spoolsv.exe, version: 6.1.7601.17777, time stamp: 0x4f35efc3
Faulting module name: msvcrt.dll, version: 7.0.7601.17744, time stamp: 0x4eeaf722
Exception code: 0xc0000005
Fault offset: 0x0000aa14
Faulting process id: 0x63c
Faulting application start time: 0x01d33a326ebd10bc
Faulting application path: C:\Windows\System32\spoolsv.exe
Faulting module path: C:\Windows\system32\msvcrt.dll
Report Id: 74f8854c-a715-11e7-b097-0050569f0c0e"
Error,10/2/2017 9:00:10 AM,EventCreate,1,None,Application,djkvdihost684.jakarta01.com,JAKARTA01\dzati  
Error,10/2/2017 8:59:51 AM,EventCreate,1,None,Application,djkvdihost811.jakarta01.com,JAKARTA01\sysdovs03  
Error,10/2/2017 8:59:51 AM,EventCreate,1,None,Application,djkvdihost780.jakarta01.com,JAKARTA01\valery  
Error,10/2/2017 8:59:11 AM,EventCreate,1,None,Application,djkvdihost521.jakarta01.com,JAKARTA01\erwin  
Error,10/2/2017 8:58:57 AM,EventCreate,1,None,Application,djkvdihost706.jakarta01.com,JAKARTA01\selih  
Error,10/2/2017 8:57:54 AM,EventCreate,1,None,Application,djkvdihost805.jakarta01.com,JAKARTA01\guestacc08  
Error,10/2/2017 8:56:43 AM,EventCreate,1,None,Application,djkvdihost625.jakarta01.com,JAKARTA01\nuning  
Error,10/2/2017 8:56:41 AM,EventCreate,1,None,Application,djkvdihost864.jakarta01.com,JAKARTA01\deddy  
Error,10/2/2017 8:56:39 AM,EventCreate,1,None,Application,djkvdihost864.jakarta01.com,JAKARTA01\deddy  
Error,10/2/2017 8:57:06 AM,EventCreate,1,None,Application,djkvdihost744.jakarta01.com,JAKARTA01\budi kurniawan  
Error,10/2/2017 8:57:02 AM,EventCreate,1,None,Application,djkvdihost458.jakarta01.com,JAKARTA01\meltsaury  
Error,10/2/2017 8:56:49 AM,EventCreate,1,None,Application,djkvdihost063.jakarta01.com,JAKARTA01\lucky  
Error,10/2/2017 8:56:49 AM,EventCreate,1,None,Application,djkvdihost501.jakarta01.com,JAKARTA01\Festy  
Error,10/2/2017 8:56:36 AM,EventCreate,1,None,Application,djkvdihost374.jakarta01.com,JAKARTA01\ilham  
Error,10/2/2017 8:56:23 AM,EventCreate,1,None,Application,djkvdihost864.jakarta01.com,JAKARTA01\deddy  
Error,10/2/2017 8:56:17 AM,EventCreate,1,None,Application,djkvdihost374.jakarta01.com,JAKARTA01\ilham  
Error,10/2/2017 8:55:40 AM,EventCreate,1,None,Application,djkvdihost622.jakarta01.com,JAKARTA01\aynie  
Error,10/2/2017 8:55:40 AM,Application Error,1000,(100),Application,djkvdihost622.jakarta01.com,"Faulting application name: OUTLOOK.EXE, version: 15.0.4919.1001, time stamp: 0x58d20482
Faulting module name: ntdll.dll, version: 6.1.7601.23714, time stamp: 0x58bf8774
Exception code: 0xc0000005
Fault offset: 0x000529ac
Faulting process id: 0x1ee0
Faulting application start time: 0x01d33b2142d5aa1f
Faulting application path: C:\Program Files\Microsoft Office\Office15\OUTLOOK.EXE
Faulting module path: C:\Windows\SYSTEM32\ntdll.dll
Report Id: ca47f340-a714-11e7-8f07-0050569f1e5e"
Error,10/2/2017 8:55:56 AM,EventCreate,1,None,Application,djkvdihost496.jakarta01.com,JAKARTA01\Lisa  
Error,10/2/2017 8:55:44 AM,EventCreate,1,None,Application,djkvdihost362.jakarta01.com,JAKARTA01\GuestISD65  
Error,10/2/2017 8:55:28 AM,EventCreate,1,None,Application,djkvdihost625.jakarta01.com,JAKARTA01\nuning  
Error,10/2/2017 8:55:29 AM,EventCreate,1,None,Application,djkvdihost496.jakarta01.com,JAKARTA01\Lisa  
Error,10/2/2017 8:55:27 AM,EventCreate,1,None,Application,djkvdihost096.jakarta01.com,JAKARTA01\kiky  
Error,10/2/2017 8:55:20 AM,EventCreate,1,None,Application,djkvdihost574.jakarta01.com,JAKARTA01\guestisd29  
Error,10/2/2017 8:54:48 AM,EventCreate,1,None,Application,djkvdihost882.jakarta01.com,JAKARTA01\khalid  
Error,10/2/2017 8:54:47 AM,Application Error,1000,(100),Application,djkvdihost882.jakarta01.com,"Faulting application name: NLNOTES.EXE, version: 8.5.30.11258, time stamp: 0x4e72fa51
Faulting module name: nnotes.dll, version: 8.5.30.11258, time stamp: 0x4e72fa6a
Exception code: 0xc0000005
Fault offset: 0x001c7f0e
Faulting process id: 0x1a5c
Faulting application start time: 0x01d33b216ba5b03e
Faulting application path: C:\Program Files\IBM\Lotus\Notes\NLNOTES.EXE
Faulting module path: C:\Program Files\IBM\Lotus\Notes\nnotes.dll
Report Id: aab0253e-a714-11e7-91ca-0050569f72cd"
Error,10/2/2017 8:54:43 AM,WSH,1,None,Application,djkvdihost625.jakarta01.com,"CN=Nuning password will expire in 3 day(s) at 10/5/2017 8:27:15 AM

Press CTRL + ALT + DEL and select the ""Change a password"" option."
Error,10/2/2017 8:55:00 AM,EventCreate,1,None,Application,djkvdihost269.jakarta01.com,JAKARTA01\guestisd64  
Error,10/2/2017 8:54:52 AM,EventCreate,1,None,Application,djkvdihost002.jakarta01.com,JAKARTA01\FAUZIAH  
Error,10/2/2017 8:54:43 AM,WSH,1,None,Application,djkvdihost625.jakarta01.com,"CN=Nuning password will expire in 3 day(s) at 10/5/2017 8:27:15 AM

Press CTRL + ALT + DEL and select the ""Change a password"" option."
Error,10/2/2017 8:54:42 AM,EventCreate,1,None,Application,djkvdihost519.jakarta01.com,JAKARTA01\wisnu  
Error,10/2/2017 8:54:37 AM,EventCreate,1,None,Application,djkvdihost077.jakarta01.com,JAKARTA01\guestisd53  
Error,10/2/2017 8:54:33 AM,EventCreate,1,None,Application,djkvdihost478.jakarta01.com,JAKARTA01\Novita Rahayu  
Error,10/2/2017 8:53:24 AM,EventCreate,1,None,Application,djkvdihost622.jakarta01.com,JAKARTA01\aynie  
Error,10/2/2017 8:53:23 AM,Application Error,1000,(100),Application,djkvdihost622.jakarta01.com,"Faulting application name: OUTLOOK.EXE, version: 15.0.4919.1001, time stamp: 0x58d20482
Faulting module name: ntdll.dll, version: 6.1.7601.23714, time stamp: 0x58bf8774
Exception code: 0xc0000005
Fault offset: 0x000529ac
Faulting process id: 0x1980
Faulting application start time: 0x01d33b20c366e348
Faulting application path: C:\Program Files\Microsoft Office\Office15\OUTLOOK.EXE
Faulting module path: C:\Windows\SYSTEM32\ntdll.dll
Report Id: 78fc7fc7-a714-11e7-8f07-0050569f1e5e"
Error,10/2/2017 8:53:43 AM,EventCreate,1,None,Application,djkvdihost593.jakarta01.com,JAKARTA01\yoedo  
Error,10/2/2017 8:53:41 AM,EventCreate,1,None,Application,djkvdihost509.jakarta01.com,JAKARTA01\wang  
Error,10/2/2017 8:53:40 AM,EventCreate,1,None,Application,djkvdihost601.jakarta01.com,JAKARTA01\jati  
Error,10/2/2017 8:53:33 AM,EventCreate,1,None,Application,djkvdihost445.jakarta01.com,JAKARTA01\Reiffy  
Error,10/2/2017 8:52:47 AM,EventCreate,1,None,Application,djkvdihost198.jakarta01.com,JAKARTA01\Learning  
Error,10/2/2017 8:52:44 AM,Application Error,1000,(100),Application,djkvdihost198.jakarta01.com,"Faulting application name: iexplore.exe, version: 11.0.9600.18639, time stamp: 0x58d6bb0d
Faulting module name: Flash32_20_0_0_286.ocx, version: 20.0.0.286, time stamp: 0x56944dbe
Exception code: 0xc0000005
Fault offset: 0x000d9900
Faulting process id: 0x1c58
Faulting application start time: 0x01d33b20c2bcffd8
Faulting application path: C:\Program Files\Internet Explorer\iexplore.exe
Faulting module path: C:\Windows\system32\Macromed\Flash\Flash32_20_0_0_286.ocx
Report Id: 6195d0eb-a714-11e7-a9b8-0050569f21ef"
Error,10/2/2017 8:52:55 AM,EventCreate,1,None,Application,djkvdihost192.jakarta01.com,JAKARTA01\Azis Budianto  
Error,10/2/2017 8:52:23 AM,EventCreate,1,None,Application,djkvdihost354.jakarta01.com,JAKARTA01\alvian  
Error,10/2/2017 8:52:14 AM,EventCreate,1,None,Application,djkvdihost192.jakarta01.com,JAKARTA01\Azis Budianto  
Error,10/2/2017 8:51:28 AM,EventCreate,1,None,Application,djkvdihost178.jakarta01.com,JAKARTA01\novitarini  
