Error,9/28/2017 8:16,EventCreate,1,None,Application,djkvdihost271.jakarta01.com,JAKARTA01\Darmi  
Error,9/28/2017 8:16,EventCreate,1,None,Application,djkvdihost271.jakarta01.com,JAKARTA01\Darmi  
Error,9/28/2017 8:16,EventCreate,1,None,Application,djkvdihost101.jakarta01.com,JAKARTA01\evi  
Error,9/28/2017 8:16,EventCreate,1,None,Application,djkvdihost321.jakarta01.com,JAKARTA01\Tri Ari  
Error,9/28/2017 8:16,EventCreate,1,None,Application,djkvdihost665.jakarta01.com,JAKARTA01\citra  
Error,9/28/2017 8:15,EventCreate,1,None,Application,djkvdihost601.jakarta01.com,JAKARTA01\muhammadhakim  
Error,9/28/2017 8:16,EventCreate,1,None,Application,djkvdihost225.jakarta01.com,JAKARTA01\yulia rifanda  
Error,9/28/2017 8:16,EventCreate,1,None,Application,djkvdihost271.jakarta01.com,JAKARTA01\Darmi  
Error,9/28/2017 8:16,EventCreate,1,None,Application,djkvdihost457.jakarta01.com,JAKARTA01\panji ndaru  
Error,9/28/2017 8:16,EventCreate,1,None,Application,djkvdihost051.jakarta01.com,JAKARTA01\indra pranowo  
Error,9/28/2017 8:15,EventCreate,1,None,Application,djkvdihost456.jakarta01.com,JAKARTA01\andrik  
Error,9/28/2017 8:15,EventCreate,1,None,Application,djkvdihost267.jakarta01.com,JAKARTA01\bryan  
Error,9/28/2017 8:15,Application Error,1000,-100,Application,djkvdihost267.jakarta01.com,"Faulting application name: spoolsv.exe, version: 6.1.7601.17777, time stamp: 0x4f35efc3
Faulting module name: msvcrt.dll, version: 7.0.7601.17744, time stamp: 0x4eeaf722
Exception code: 0xc0000005
Fault offset: 0x0000aa14
Faulting process id: 0x638
Faulting application start time: 0x01d337893711ab91
Faulting application path: C:\Windows\System32\spoolsv.exe
Faulting module path: C:\Windows\system32\msvcrt.dll
Report Id: 7f65e2ad-a3ea-11e7-b534-0050569f3000"
Error,9/28/2017 8:15,EventCreate,1,None,Application,djkvdihost597.jakarta01.com,JAKARTA01\kurniawan  
Error,9/28/2017 8:15,EventCreate,1,None,Application,djkvdihost252.jakarta01.com,JAKARTA01\idams  
Error,9/28/2017 8:15,EventCreate,1,None,Application,djkvdihost811.jakarta01.com,JAKARTA01\rudy  
Error,9/28/2017 8:15,EventCreate,1,None,Application,djkvdihost199.jakarta01.com,JAKARTA01\marchelius  
Error,9/28/2017 8:15,EventCreate,1,None,Application,djkvdihost722.jakarta01.com,JAKARTA01\Siti Atikah  
Error,9/28/2017 8:15,EventCreate,1,None,Application,djkvdihost267.jakarta01.com,JAKARTA01\bryan  
Error,9/28/2017 8:15,EventCreate,1,None,Application,djkvdihost087.jakarta01.com,JAKARTA01\Hasna  
Error,9/28/2017 8:14,EventCreate,1,None,Application,djkvdihost395.jakarta01.com,JAKARTA01\eka prastica  
Error,9/28/2017 8:14,EventCreate,1,None,Application,djkvdihost205.jakarta01.com,JAKARTA01\Dini Rahmawati  
Error,9/28/2017 8:14,EventCreate,1,None,Application,djkvdihost382.jakarta01.com,JAKARTA01\eriks  
Error,9/28/2017 8:14,EventCreate,1,None,Application,djkvdihost477.jakarta01.com,JAKARTA01\gian  
Error,9/28/2017 8:14,EventCreate,1,None,Application,djkvdihost601.jakarta01.com,JAKARTA01\muhammadhakim  
Error,9/28/2017 8:14,WSH,1,None,Application,djkvdihost267.jakarta01.com,"CN=Bryan Tanri password will expire in 3 day(s) at 10/1/2017 4:42:52 PM

Press CTRL + ALT + DEL and select the ""Change a password"" option."
Error,9/28/2017 8:14,WSH,1,None,Application,djkvdihost267.jakarta01.com,"CN=Bryan Tanri password will expire in 3 day(s) at 10/1/2017 4:42:52 PM

Press CTRL + ALT + DEL and select the ""Change a password"" option."
Error,9/28/2017 8:13,EventCreate,1,None,Application,djkvdihost168.jakarta01.com,JAKARTA01\Arief Sandy  
Error,9/28/2017 8:13,EventCreate,1,None,Application,djkvdihost316.jakarta01.com,JAKARTA01\dolly  
Error,9/28/2017 8:13,EventCreate,1,None,Application,djkvdihost247.jakarta01.com,JAKARTA01\dhimas  
Error,9/28/2017 8:13,EventCreate,1,None,Application,djkvdihost182.jakarta01.com,JAKARTA01\vinka  
Error,9/28/2017 8:13,EventCreate,1,None,Application,djkvdihost482.jakarta01.com,JAKARTA01\denny  
Error,9/28/2017 8:13,EventCreate,1,None,Application,djkvdihost846.jakarta01.com,JAKARTA01\m nugraha  
Error,9/28/2017 8:13,EventCreate,1,None,Application,djkvdihost090.jakarta01.com,JAKARTA01\Adang  
Error,9/28/2017 8:12,EventCreate,1,None,Application,djkvdihost832.jakarta01.com,JAKARTA01\azwar  
Error,9/28/2017 8:12,EventCreate,1,None,Application,djkvdihost696.jakarta01.com,JAKARTA01\jayson  
Error,9/28/2017 8:12,EventCreate,1,None,Application,djkvdihost776.jakarta01.com,JAKARTA01\ronald david  
Error,9/28/2017 8:12,EventCreate,1,None,Application,djkvdihost311.jakarta01.com,JAKARTA01\GUESTISD26  
Error,9/28/2017 8:12,EventCreate,1,None,Application,djkvdihost832.jakarta01.com,JAKARTA01\azwar  
Error,9/28/2017 8:12,EventCreate,1,None,Application,djkvdihost327.jakarta01.com,JAKARTA01\ardiana  
Error,9/28/2017 8:12,EventCreate,1,None,Application,djkvdihost152.jakarta01.com,JAKARTA01\Yudhadp  
Error,9/28/2017 8:11,EventCreate,1,None,Application,djkvdihost696.jakarta01.com,JAKARTA01\jayson  
Error,9/28/2017 8:11,EventCreate,1,None,Application,djkvdihost248.jakarta01.com,JAKARTA01\janu  
Error,9/28/2017 8:11,EventCreate,1,None,Application,djkvdihost375.jakarta01.com,JAKARTA01\ibahtiar  
Error,9/28/2017 8:10,WSH,1,None,Application,djkvdihost696.jakarta01.com,"CN=Jayson Fetra password will expire in 4 day(s) at 10/2/2017 7:57:24 AM

Press CTRL + ALT + DEL and select the ""Change a password"" option."
Error,9/28/2017 8:10,EventCreate,1,None,Application,djkvdihost201.jakarta01.com,JAKARTA01\ceciliadt  
Error,9/28/2017 8:10,Application Error,1000,-100,Application,djkvdihost201.jakarta01.com,"Faulting application name: spoolsv.exe, version: 6.1.7601.17777, time stamp: 0x4f35efc3
Faulting module name: msvcrt.dll, version: 7.0.7601.17744, time stamp: 0x4eeaf722
Exception code: 0xc0000005
Fault offset: 0x0000aa14
Faulting process id: 0x62c
Faulting application start time: 0x01d3377de249a236
Faulting application path: C:\Windows\System32\spoolsv.exe
Faulting module path: C:\Windows\system32\msvcrt.dll
Report Id: da2e753f-a3e9-11e7-af70-0050569f5a17"
Error,9/28/2017 8:11,EventCreate,1,None,Application,djkvdihost251.jakarta01.com,JAKARTA01\MSandy  
Error,9/28/2017 8:10,EventCreate,1,None,Application,djkvdihost547.jakarta01.com,JAKARTA01\Erich  
Error,9/28/2017 8:10,EventCreate,1,None,Application,djkvdihost496.jakarta01.com,JAKARTA01\alexsandro  
Error,9/28/2017 8:10,EventCreate,1,None,Application,djkvdihost291.jakarta01.com,JAKARTA01\teguh  
Error,9/28/2017 8:10,WSH,1,None,Application,djkvdihost696.jakarta01.com,"CN=Jayson Fetra password will expire in 4 day(s) at 10/2/2017 7:57:24 AM

Press CTRL + ALT + DEL and select the ""Change a password"" option."
Error,9/28/2017 8:10,EventCreate,1,None,Application,djkvdihost129.jakarta01.com,JAKARTA01\ramantid  
Error,9/28/2017 8:10,EventCreate,1,None,Application,djkvdihost192.jakarta01.com,JAKARTA01\driarkoro  
Error,9/28/2017 8:10,EventCreate,1,None,Application,djkvdihost716.jakarta01.com,JAKARTA01\nadhilah  
Error,9/28/2017 8:10,EventCreate,1,None,Application,djkvdihost290.jakarta01.com,JAKARTA01\MegaDN  
Error,9/28/2017 8:10,EventCreate,1,None,Application,djkvdihost491.jakarta01.com,JAKARTA01\dimas adhi  
Error,9/28/2017 8:09,EventCreate,1,None,Application,djkvdihost600.jakarta01.com,JAKARTA01\Katsuhito  
Error,9/28/2017 8:09,EventCreate,1,None,Application,djkvdihost285.jakarta01.com,JAKARTA01\clarissa  
Error,9/28/2017 8:09,EventCreate,1,None,Application,djkvdihost354.jakarta01.com,JAKARTA01\JanuardiI  
Error,9/28/2017 8:09,EventCreate,1,None,Application,djkvdihost830.jakarta01.com,JAKARTA01\anderson  
Error,9/28/2017 8:09,EventCreate,1,None,Application,djkvdihost830.jakarta01.com,JAKARTA01\anderson  
Error,9/28/2017 8:09,EventCreate,1,None,Application,djkvdihost351.jakarta01.com,JAKARTA01\Listya  
Error,9/28/2017 8:09,EventCreate,1,None,Application,djkvdihost420.jakarta01.com,JAKARTA01\Agus  
Error,9/28/2017 8:09,EventCreate,1,None,Application,djkvdihost333.jakarta01.com,JAKARTA01\dini hariyani  
Error,9/28/2017 8:08,EventCreate,1,None,Application,djkvdihost595.jakarta01.com,JAKARTA01\sergi  
Error,9/28/2017 8:09,EventCreate,1,None,Application,djkvdihost254.jakarta01.com,JAKARTA01\angga  
Error,9/28/2017 8:08,EventCreate,1,None,Application,djkvdihost830.jakarta01.com,JAKARTA01\anderson  
Error,9/28/2017 8:08,EventCreate,1,None,Application,djkvdihost109.jakarta01.com,JAKARTA01\kreshna  
Error,9/28/2017 8:08,EventCreate,1,None,Application,djkvdihost137.jakarta01.com,JAKARTA01\yenni  
Error,9/28/2017 8:08,EventCreate,1,None,Application,djkvdihost321.jakarta01.com,JAKARTA01\marchelius  
Error,9/28/2017 8:08,EventCreate,1,None,Application,djkvdihost174.jakarta01.com,JAKARTA01\erminawati  
Error,9/28/2017 8:08,EventCreate,1,None,Application,djkvdihost350.jakarta01.com,JAKARTA01\melly  
Error,9/28/2017 8:08,EventCreate,1,None,Application,djkvdihost595.jakarta01.com,JAKARTA01\sergi  
Error,9/28/2017 8:08,EventCreate,1,None,Application,djkvdihost153.jakarta01.com,JAKARTA01\augtiaji  
Error,9/28/2017 8:08,Application Error,1000,-100,Application,djkvdihost174.jakarta01.com,"Faulting application name: spoolsv.exe, version: 6.1.7601.17777, time stamp: 0x4f35efc3
Faulting module name: msvcrt.dll, version: 7.0.7601.17744, time stamp: 0x4eeaf722
Exception code: 0xc0000005
Fault offset: 0x0000aa14
Faulting process id: 0x630
Faulting application start time: 0x01d337a7b2e18c9b
Faulting application path: C:\Windows\System32\spoolsv.exe
Faulting module path: C:\Windows\system32\msvcrt.dll
Report Id: 844ea9a9-a3e9-11e7-b288-0050569f4fb8"
Error,9/28/2017 8:08,Application Error,1000,-100,Application,djkvdihost109.jakarta01.com,"Faulting application name: spoolsv.exe, version: 6.1.7601.17777, time stamp: 0x4f35efc3
Faulting module name: msvcrt.dll, version: 7.0.7601.17744, time stamp: 0x4eeaf722
Exception code: 0xc0000005
Fault offset: 0x0000aa14
Faulting process id: 0x638
Faulting application start time: 0x01d3378fc6f37997
Faulting application path: C:\Windows\System32\spoolsv.exe
Faulting module path: C:\Windows\system32\msvcrt.dll
Report Id: 824c1fd1-a3e9-11e7-a413-0050569f04fa"
Error,9/28/2017 8:08,EventCreate,1,None,Application,djkvdihost212.jakarta01.com,JAKARTA01\davidc  
Error,9/28/2017 8:08,EventCreate,1,None,Application,djkvdihost485.jakarta01.com,JAKARTA01\agnesthine  
Error,9/28/2017 8:07,EventCreate,1,None,Application,djkvdihost008.jakarta01.com,JAKARTA01\M Said  
Error,9/28/2017 8:07,EventCreate,1,None,Application,djkvdihost673.jakarta01.com,JAKARTA01\evrizon  
Error,9/28/2017 8:07,EventCreate,1,None,Application,djkvdihost039.jakarta01.com,JAKARTA01\amiratul  
Error,9/28/2017 8:07,EventCreate,1,None,Application,djkvdihost624.jakarta01.com,JAKARTA01\wahyudj  
Error,9/28/2017 8:07,EventCreate,1,None,Application,djkvdihost082.jakarta01.com,JAKARTA01\Elisabeth  
Error,9/28/2017 8:06,EventCreate,1,None,Application,djkvdihost411.jakarta01.com,JAKARTA01\daniel chin  
Error,9/28/2017 8:06,EventCreate,1,None,Application,djkvdihost082.jakarta01.com,JAKARTA01\Elisabeth  
Error,9/28/2017 8:06,EventCreate,1,None,Application,djkvdihost504.jakarta01.com,JAKARTA01\Darmawati  
Error,9/28/2017 8:06,EventCreate,1,None,Application,djkvdihost807.jakarta01.com,JAKARTA01\samekto  
Error,9/28/2017 8:06,EventCreate,1,None,Application,djkvdihost044.jakarta01.com,JAKARTA01\BERNARDUS  
Error,9/28/2017 8:06,EventCreate,1,None,Application,djkvdihost128.jakarta01.com,JAKARTA01\Taufik Kurniawan  
Error,9/28/2017 8:06,EventCreate,1,None,Application,djkvdihost406.jakarta01.com,JAKARTA01\marie  
Error,9/28/2017 8:05,EventCreate,1,None,Application,djkvdihost684.jakarta01.com,JAKARTA01\k_ignatius  
Error,9/28/2017 8:05,EventCreate,1,None,Application,djkvdihost049.jakarta01.com,JAKARTA01\heriansyah  
Error,9/28/2017 8:05,Application Error,1000,-100,Application,djkvdihost049.jakarta01.com,"Faulting application name: spoolsv.exe, version: 6.1.7601.17777, time stamp: 0x4f35efc3
Faulting module name: msvcrt.dll, version: 7.0.7601.17744, time stamp: 0x4eeaf722
Exception code: 0xc0000005
Fault offset: 0x0000aa14
Faulting process id: 0x638
Faulting application start time: 0x01d337938f464882
Faulting application path: C:\Windows\System32\spoolsv.exe
Faulting module path: C:\Windows\system32\msvcrt.dll
Report Id: 1da278ce-a3e9-11e7-824b-0050569f7495"
Error,9/28/2017 8:05,EventCreate,1,None,Application,djkvdihost702.jakarta01.com,JAKARTA01\Fardhady  
Error,9/28/2017 8:05,WSH,1,None,Application,djkvdihost684.jakarta01.com,"CN=Kurniawan Ignatius password will expire in 4 day(s) at 10/2/2017 8:01:32 AM

Press CTRL + ALT + DEL and select the ""Change a password"" option."
Error,9/28/2017 8:05,EventCreate,1,None,Application,djkvdihost134.jakarta01.com,JAKARTA01\mery  
Error,9/28/2017 8:05,EventCreate,1,None,Application,djkvdihost879.jakarta01.com,JAKARTA01\Amelia  
Error,9/28/2017 8:05,EventCreate,1,None,Application,djkvdihost113.jakarta01.com,JAKARTA01\dimas  
Error,9/28/2017 8:05,EventCreate,1,None,Application,djkvdihost805.jakarta01.com,JAKARTA01\luthfi  
Error,9/28/2017 8:05,EventCreate,1,None,Application,djkvdihost191.jakarta01.com,JAKARTA01\reza  
Error,9/28/2017 8:05,WSH,1,None,Application,djkvdihost684.jakarta01.com,"CN=Kurniawan Ignatius password will expire in 4 day(s) at 10/2/2017 8:01:32 AM

Press CTRL + ALT + DEL and select the ""Change a password"" option."
Error,9/28/2017 8:05,EventCreate,1,None,Application,djkvdihost637.jakarta01.com,JAKARTA01\Latiefah  
Error,9/28/2017 8:05,Application Error,1000,-100,Application,djkvdihost113.jakarta01.com,"Faulting application name: spoolsv.exe, version: 6.1.7601.17777, time stamp: 0x4f35efc3
Faulting module name: msvcrt.dll, version: 7.0.7601.17744, time stamp: 0x4eeaf722
Exception code: 0xc0000005
Fault offset: 0x0000aa14
Faulting process id: 0x638
Faulting application start time: 0x01d3377dbe0cb79a
Faulting application path: C:\Windows\System32\spoolsv.exe
Faulting module path: C:\Windows\system32\msvcrt.dll
Report Id: 14e61663-a3e9-11e7-bfcf-0050569f6764"
Error,9/28/2017 8:05,EventCreate,1,None,Application,djkvdihost697.jakarta01.com,JAKARTA01\Rizky Anggari  
Error,9/28/2017 8:05,EventCreate,1,None,Application,djkvdihost773.jakarta01.com,JAKARTA01\airin  
Error,9/28/2017 8:05,EventCreate,1,None,Application,djkvdihost702.jakarta01.com,JAKARTA01\Fardhady  
Error,9/28/2017 8:04,EventCreate,1,None,Application,djkvdihost154.jakarta01.com,JAKARTA01\michiko  
Error,9/28/2017 8:04,EventCreate,1,None,Application,djkvdihost283.jakarta01.com,JAKARTA01\ni ketut  
Error,9/28/2017 8:04,EventCreate,1,None,Application,djkvdihost092.jakarta01.com,JAKARTA01\endah_k  
Error,9/28/2017 8:04,EventCreate,1,None,Application,djkvdihost656.jakarta01.com,JAKARTA01\yenny  
Error,9/28/2017 8:04,EventCreate,1,None,Application,djkvdihost495.jakarta01.com,JAKARTA01\yusuf  
Error,9/28/2017 8:04,EventCreate,1,None,Application,djkvdihost490.jakarta01.com,JAKARTA01\dyah alit  
Error,9/28/2017 8:03,EventCreate,1,None,Application,djkvdihost469.jakarta01.com,JAKARTA01\victoria  
Error,9/28/2017 8:04,EventCreate,1,None,Application,djkvdihost804.jakarta01.com,JAKARTA01\pahlevi  
Error,9/28/2017 8:04,EventCreate,1,None,Application,djkvdihost158.jakarta01.com,JAKARTA01\GuestISD56  
Error,9/28/2017 8:04,EventCreate,1,None,Application,djkvdihost331.jakarta01.com,JAKARTA01\Bambang  
Error,9/28/2017 8:04,EventCreate,1,None,Application,djkvdihost556.jakarta01.com,JAKARTA01\rizal  
Error,9/28/2017 8:04,EventCreate,1,None,Application,djkvdihost215.jakarta01.com,JAKARTA01\diah  
Error,9/28/2017 8:04,EventCreate,1,None,Application,djkvdihost681.jakarta01.com,JAKARTA01\Lutfi  
Error,9/28/2017 8:03,EventCreate,1,None,Application,djkvdihost104.jakarta01.com,JAKARTA01\hanna  
Error,9/28/2017 8:03,EventCreate,1,None,Application,djkvdihost818.jakarta01.com,JAKARTA01\zulkarnaena  
Error,9/28/2017 8:03,EventCreate,1,None,Application,djkvdihost901.jakarta01.com,JAKARTA01\adi prasetio  
Error,9/28/2017 8:03,EventCreate,1,None,Application,djkvdihost726.jakarta01.com,JAKARTA01\lisa  
Error,9/28/2017 8:03,EventCreate,1,None,Application,djkvdihost454.jakarta01.com,JAKARTA01\subhan  
Error,9/28/2017 8:03,EventCreate,1,None,Application,djkvdihost726.jakarta01.com,JAKARTA01\lisa  
Error,9/28/2017 8:03,EventCreate,1,None,Application,djkvdihost732.jakarta01.com,JAKARTA01\enrikko  
Error,9/28/2017 8:03,EventCreate,1,None,Application,djkvdihost111.jakarta01.com,JAKARTA01\ayu  
Error,9/28/2017 8:03,EventCreate,1,None,Application,djkvdihost897.jakarta01.com,JAKARTA01\naruhito  
Error,9/28/2017 8:03,EventCreate,1,None,Application,djkvdihost379.jakarta01.com,JAKARTA01\krisnawan  
Error,9/28/2017 8:03,EventCreate,1,None,Application,djkvdihost622.jakarta01.com,JAKARTA01\nur endah  
Error,9/28/2017 8:03,EventCreate,1,None,Application,djkvdihost469.jakarta01.com,JAKARTA01\victoria  
Error,9/28/2017 8:03,EventCreate,1,None,Application,djkvdihost755.jakarta01.com,JAKARTA01\kristiana  
Error,9/28/2017 8:03,EventCreate,1,None,Application,djkvdihost643.jakarta01.com,JAKARTA01\ronal  
Error,9/28/2017 8:03,Application Error,1000,-100,Application,djkvdihost732.jakarta01.com,"Faulting application name: spoolsv.exe, version: 6.1.7601.17777, time stamp: 0x4f35efc3
Faulting module name: msvcrt.dll, version: 7.0.7601.17744, time stamp: 0x4eeaf722
Exception code: 0xc0000005
Fault offset: 0x0000aa14
Faulting process id: 0x63c
Faulting application start time: 0x01d337796c614350
Faulting application path: C:\Windows\System32\spoolsv.exe
Faulting module path: C:\Windows\system32\msvcrt.dll
Report Id: d79a7ca8-a3e8-11e7-ba41-0050569f0f09"
Error,9/28/2017 8:03,EventCreate,1,None,Application,djkvdihost049.jakarta01.com,JAKARTA01\heriansyah  
Error,9/28/2017 8:03,EventCreate,1,None,Application,djkvdihost329.jakarta01.com,JAKARTA01\Nazlaini  
Error,9/28/2017 8:03,EventCreate,1,None,Application,djkvdihost049.jakarta01.com,JAKARTA01\heriansyah  
Error,9/28/2017 8:02,WSH,1,None,Application,djkvdihost643.jakarta01.com,"CN=Ronal Priguna Murni password will expire in 3 day(s) at 10/1/2017 7:10:52 AM

Press CTRL + ALT + DEL and select the ""Change a password"" option."
Error,9/28/2017 8:03,EventCreate,1,None,Application,djkvdihost813.jakarta01.com,JAKARTA01\wulan  
Error,9/28/2017 8:03,EventCreate,1,None,Application,djkvdihost455.jakarta01.com,JAKARTA01\yuswardie  
Error,9/28/2017 8:02,EventCreate,1,None,Application,djkvdihost078.jakarta01.com,JAKARTA01\Tammyana  
Error,9/28/2017 8:02,EventCreate,1,None,Application,djkvdihost714.jakarta01.com,JAKARTA01\R Syafira  
Error,9/28/2017 8:02,EventCreate,1,None,Application,djkvdihost336.jakarta01.com,JAKARTA01\henry st  
Error,9/28/2017 8:02,WSH,1,None,Application,djkvdihost643.jakarta01.com,"CN=Ronal Priguna Murni password will expire in 3 day(s) at 10/1/2017 7:10:52 AM

Press CTRL + ALT + DEL and select the ""Change a password"" option."
Error,9/28/2017 8:02,EventCreate,1,None,Application,djkvdihost539.jakarta01.com,JAKARTA01\Rafika  
Error,9/28/2017 8:02,EventCreate,1,None,Application,djkvdihost775.jakarta01.com,JAKARTA01\BudiS  
Error,9/28/2017 8:02,EventCreate,1,None,Application,djkvdihost671.jakarta01.com,JAKARTA01\oliviales  
Error,9/28/2017 8:02,EventCreate,1,None,Application,djkvdihost088.jakarta01.com,JAKARTA01\alfiari  
Error,9/28/2017 8:02,EventCreate,1,None,Application,djkvdihost744.jakarta01.com,JAKARTA01\fajar  
Error,9/28/2017 8:01,EventCreate,1,None,Application,djkvdihost744.jakarta01.com,JAKARTA01\fajar  
Error,9/28/2017 8:01,EventCreate,1,None,Application,djkvdihost682.jakarta01.com,JAKARTA01\janna  
Error,9/28/2017 8:02,EventCreate,1,None,Application,djkvdihost438.jakarta01.com,JAKARTA01\palmella  
Error,9/28/2017 8:01,EventCreate,1,None,Application,djkvdihost646.jakarta01.com,JAKARTA01\riaanggreyni  
Error,9/28/2017 8:01,EventCreate,1,None,Application,djkvdihost786.jakarta01.com,JAKARTA01\rezky  
Error,9/28/2017 8:01,EventCreate,1,None,Application,djkvdihost793.jakarta01.com,JAKARTA01\iqbal maulanasani  
Error,9/28/2017 8:01,EventCreate,1,None,Application,djkvdihost532.jakarta01.com,JAKARTA01\ahmad  
Error,9/28/2017 8:01,EventCreate,1,None,Application,djkvdihost744.jakarta01.com,JAKARTA01\fajar  
Error,9/28/2017 8:01,EventCreate,1,None,Application,djkvdihost795.jakarta01.com,JAKARTA01\bella  
Error,9/28/2017 8:01,EventCreate,1,None,Application,djkvdihost768.jakarta01.com,JAKARTA01\lizty  
Error,9/28/2017 8:01,WSH,1,None,Application,djkvdihost682.jakarta01.com,"CN=Janna Irianto password will expire in 4 day(s) at 10/2/2017 8:21:20 AM

Press CTRL + ALT + DEL and select the ""Change a password"" option."
Error,9/28/2017 8:01,EventCreate,1,None,Application,djkvdihost142.jakarta01.com,JAKARTA01\rifan  
Error,9/28/2017 8:01,EventCreate,1,None,Application,djkvdihost646.jakarta01.com,JAKARTA01\riaanggreyni  
Error,9/28/2017 8:01,EventCreate,1,None,Application,djkvdihost802.jakarta01.com,JAKARTA01\tenri  
Error,9/28/2017 8:01,EventCreate,1,None,Application,djkvdihost667.jakarta01.com,JAKARTA01\devid  
Error,9/28/2017 8:01,EventCreate,1,None,Application,djkvdihost015.jakarta01.com,JAKARTA01\muhamadZAH  
Error,9/28/2017 8:01,EventCreate,1,None,Application,djkvdihost839.jakarta01.com,JAKARTA01\arief  
Error,9/28/2017 8:00,WSH,1,None,Application,djkvdihost682.jakarta01.com,"CN=Janna Irianto password will expire in 4 day(s) at 10/2/2017 8:21:20 AM

Press CTRL + ALT + DEL and select the ""Change a password"" option."
Error,9/28/2017 8:00,EventCreate,1,None,Application,djkvdihost067.jakarta01.com,JAKARTA01\priscilla  
Error,9/28/2017 8:00,EventCreate,1,None,Application,djkvdihost636.jakarta01.com,JAKARTA01\rbagus  
Error,9/28/2017 8:00,EventCreate,1,None,Application,djkvdihost476.jakarta01.com,JAKARTA01\sandrase  
Error,9/28/2017 8:00,EventCreate,1,None,Application,djkvdihost371.jakarta01.com,JAKARTA01\hardianbp  
Error,9/28/2017 8:00,EventCreate,1,None,Application,djkvdihost027.jakarta01.com,JAKARTA01\mutiman  
Error,9/28/2017 8:00,EventCreate,1,None,Application,djkvdihost409.jakarta01.com,JAKARTA01\Clara  
Error,9/28/2017 8:00,EventCreate,1,None,Application,djkvdihost618.jakarta01.com,JAKARTA01\novitarini  
Error,9/28/2017 8:00,EventCreate,1,None,Application,djkvdihost633.jakarta01.com,JAKARTA01\budhasca  
Error,9/28/2017 8:00,EventCreate,1,None,Application,djkvdihost097.jakarta01.com,JAKARTA01\komang  
Error,9/28/2017 7:59,EventCreate,1,None,Application,djkvdihost432.jakarta01.com,JAKARTA01\M Fajri  
Error,9/28/2017 8:00,EventCreate,1,None,Application,djkvdihost648.jakarta01.com,JAKARTA01\lani  
Error,9/28/2017 8:00,EventCreate,1,None,Application,djkvdihost585.jakarta01.com,JAKARTA01\veronicam  
Error,9/28/2017 8:00,EventCreate,1,None,Application,djkvdihost694.jakarta01.com,JAKARTA01\haedar  
Error,9/28/2017 8:00,EventCreate,1,None,Application,djkvdihost317.jakarta01.com,JAKARTA01\Yunita2  
Error,9/28/2017 8:00,EventCreate,1,None,Application,djkvdihost612.jakarta01.com,JAKARTA01\cita  
Error,9/28/2017 7:59,EventCreate,1,None,Application,djkvdihost408.jakarta01.com,JAKARTA01\yusi  
Error,9/28/2017 7:59,EventCreate,1,None,Application,djkvdihost609.jakarta01.com,JAKARTA01\ouki  
Error,9/28/2017 7:59,EventCreate,1,None,Application,djkvdihost053.jakarta01.com,JAKARTA01\vita  
Error,9/28/2017 7:59,EventCreate,1,None,Application,djkvdihost188.jakarta01.com,JAKARTA01\m iqbal  
Error,9/28/2017 7:59,EventCreate,1,None,Application,djkvdihost378.jakarta01.com,JAKARTA01\Liasyah  
Error,9/28/2017 7:59,EventCreate,1,None,Application,djkvdihost731.jakarta01.com,JAKARTA01\ginanjar  
Error,9/28/2017 7:59,EventCreate,1,None,Application,djkvdihost432.jakarta01.com,JAKARTA01\M Fajri  
Error,9/28/2017 7:59,EventCreate,1,None,Application,djkvdihost187.jakarta01.com,JAKARTA01\Sulaiman  
Error,9/28/2017 7:59,EventCreate,1,None,Application,djkvdihost870.jakarta01.com,JAKARTA01\deddy  
Error,9/28/2017 7:59,EventCreate,1,None,Application,djkvdihost735.jakarta01.com,JAKARTA01\retno  
Error,9/28/2017 7:59,EventCreate,1,None,Application,djkvdihost789.jakarta01.com,JAKARTA01\Bagus Gede  
Error,9/28/2017 7:58,EventCreate,1,None,Application,djkvdihost902.jakarta01.com,JAKARTA01\Enjang  
Error,9/28/2017 7:58,EventCreate,1,None,Application,djkvdihost591.jakarta01.com,JAKARTA01\Helena  
Error,9/28/2017 7:58,EventCreate,1,None,Application,djkvdihost140.jakarta01.com,JAKARTA01\muhammady  
Error,9/28/2017 7:58,EventCreate,1,None,Application,djkvdihost623.jakarta01.com,JAKARTA01\Yonanda  
Error,9/28/2017 7:58,EventCreate,1,None,Application,djkvdihost202.jakarta01.com,JAKARTA01\namora  
Error,9/28/2017 7:58,EventCreate,1,None,Application,djkvdihost435.jakarta01.com,JAKARTA01\Dyandra  
Error,9/28/2017 7:58,EventCreate,1,None,Application,djkvdihost419.jakarta01.com,JAKARTA01\puri  
Error,9/28/2017 7:58,EventCreate,1,None,Application,djkvdihost373.jakarta01.com,JAKARTA01\rindang  
Error,9/28/2017 7:58,EventCreate,1,None,Application,djkvdihost373.jakarta01.com,JAKARTA01\rindang  
Error,9/28/2017 7:58,EventCreate,1,None,Application,djkvdihost735.jakarta01.com,JAKARTA01\retno  
Error,9/28/2017 7:58,EventCreate,1,None,Application,djkvdihost642.jakarta01.com,JAKARTA01\mirawati  
Error,9/28/2017 7:58,EventCreate,1,None,Application,djkvdihost219.jakarta01.com,JAKARTA01\Astriana  
Error,9/28/2017 7:58,EventCreate,1,None,Application,djkvdihost322.jakarta01.com,JAKARTA01\Dian Permata  
Error,9/28/2017 7:58,EventCreate,1,None,Application,djkvdihost587.jakarta01.com,JAKARTA01\sorayahs  
Error,9/28/2017 7:58,EventCreate,1,None,Application,djkvdihost358.jakarta01.com,JAKARTA01\Aisyah  
Error,9/28/2017 7:58,EventCreate,1,None,Application,djkvdihost797.jakarta01.com,JAKARTA01\laila  
Error,9/28/2017 7:58,EventCreate,1,None,Application,djkvdihost778.jakarta01.com,JAKARTA01\yorika  
Error,9/28/2017 7:58,EventCreate,1,None,Application,djkvdihost625.jakarta01.com,JAKARTA01\christian  
Error,9/28/2017 7:58,EventCreate,1,None,Application,djkvdihost043.jakarta01.com,JAKARTA01\imam  
Error,9/28/2017 7:58,EventCreate,1,None,Application,djkvdihost441.jakarta01.com,JAKARTA01\Didik  
Error,9/28/2017 7:58,EventCreate,1,None,Application,djkvdihost605.jakarta01.com,JAKARTA01\Ana  
Error,9/28/2017 7:58,EventCreate,1,None,Application,djkvdihost028.jakarta01.com,JAKARTA01\andrewrs  
Error,9/28/2017 7:58,EventCreate,1,None,Application,djkvdihost380.jakarta01.com,JAKARTA01\melany  
Error,9/28/2017 7:57,EventCreate,1,None,Application,djkvdihost171.jakarta01.com,JAKARTA01\danna  
Error,9/28/2017 7:57,EventCreate,1,None,Application,djkvdihost465.jakarta01.com,JAKARTA01\aulya  
Error,9/28/2017 7:57,WSH,1,None,Application,djkvdihost373.jakarta01.com,"CN=Rindang Intan Amiel password will expire in 4 day(s) at 10/2/2017 7:44:36 AM

Press CTRL + ALT + DEL and select the ""Change a password"" option."
Error,9/28/2017 7:57,EventCreate,1,None,Application,djkvdihost259.jakarta01.com,JAKARTA01\Guestisd30  
Error,9/28/2017 7:57,EventCreate,1,None,Application,djkvdihost239.jakarta01.com,JAKARTA01\wicaksono  
Error,9/28/2017 7:57,EventCreate,1,None,Application,djkvdihost219.jakarta01.com,JAKARTA01\Astriana  
Error,9/28/2017 7:57,WSH,1,None,Application,djkvdihost373.jakarta01.com,"CN=Rindang Intan Amiel password will expire in 4 day(s) at 10/2/2017 7:44:36 AM

Press CTRL + ALT + DEL and select the ""Change a password"" option."
Error,9/28/2017 7:57,EventCreate,1,None,Application,djkvdihost214.jakarta01.com,JAKARTA01\toyoda  
Error,9/28/2017 7:56,Application Error,1000,-100,Application,djkvdihost239.jakarta01.com,"Faulting application name: spoolsv.exe, version: 6.1.7601.17777, time stamp: 0x4f35efc3
Faulting module name: msvcrt.dll, version: 7.0.7601.17744, time stamp: 0x4eeaf722
Exception code: 0xc0000005
Fault offset: 0x0000aa14
Faulting process id: 0x634
Faulting application start time: 0x01d337cd2b9665fa
Faulting application path: C:\Windows\System32\spoolsv.exe
Faulting module path: C:\Windows\system32\msvcrt.dll
Report Id: e8af21e6-a3e7-11e7-882e-0050569f2638"
Error,9/28/2017 7:56,EventCreate,1,None,Application,djkvdihost899.jakarta01.com,JAKARTA01\Anosa  
Error,9/28/2017 7:56,EventCreate,1,None,Application,djkvdihost672.jakarta01.com,JAKARTA01\dewi  
Error,9/28/2017 7:56,EventCreate,1,None,Application,djkvdihost483.jakarta01.com,JAKARTA01\anggata  
Error,9/28/2017 7:56,EventCreate,1,None,Application,djkvdihost500.jakarta01.com,JAKARTA01\rizka syarifa  
Error,9/28/2017 7:56,EventCreate,1,None,Application,djkvdihost219.jakarta01.com,JAKARTA01\Astriana  
Error,9/28/2017 7:56,EventCreate,1,None,Application,djkvdihost315.jakarta01.com,JAKARTA01\smuhidin  
Error,9/28/2017 7:56,EventCreate,1,None,Application,djkvdihost105.jakarta01.com,JAKARTA01\warda  
Error,9/28/2017 7:56,EventCreate,1,None,Application,djkvdihost521.jakarta01.com,JAKARTA01\leonie  
Error,9/28/2017 7:56,EventCreate,1,None,Application,djkvdihost310.jakarta01.com,JAKARTA01\Audyanza  
Error,9/28/2017 7:56,EventCreate,1,None,Application,djkvdihost239.jakarta01.com,JAKARTA01\wicaksono  
Error,9/28/2017 7:56,EventCreate,1,None,Application,djkvdihost801.jakarta01.com,JAKARTA01\astio  
Error,9/28/2017 7:56,EventCreate,1,None,Application,djkvdihost118.jakarta01.com,JAKARTA01\polyska  
Error,9/28/2017 7:56,EventCreate,1,None,Application,djkvdihost563.jakarta01.com,JAKARTA01\GUESTISD32  
Error,9/28/2017 7:55,EventCreate,1,None,Application,djkvdihost007.jakarta01.com,JAKARTA01\nyimas  
Error,9/28/2017 7:56,EventCreate,1,None,Application,djkvdihost528.jakarta01.com,JAKARTA01\aprilia  
Error,9/28/2017 7:56,EventCreate,1,None,Application,djkvdihost751.jakarta01.com,JAKARTA01\Felix  
Error,9/28/2017 7:56,EventCreate,1,None,Application,djkvdihost076.jakarta01.com,JAKARTA01\barry  
Error,9/28/2017 7:56,EventCreate,1,None,Application,djkvdihost324.jakarta01.com,JAKARTA01\dady  
Error,9/28/2017 7:56,EventCreate,1,None,Application,djkvdihost160.jakarta01.com,JAKARTA01\venir  
Error,9/28/2017 7:56,EventCreate,1,None,Application,djkvdihost601.jakarta01.com,JAKARTA01\wisnu  
Error,9/28/2017 7:56,EventCreate,1,None,Application,djkvdihost003.jakarta01.com,JAKARTA01\rachelas  
Error,9/28/2017 7:56,EventCreate,1,None,Application,djkvdihost245.jakarta01.com,JAKARTA01\puspitasari  
Error,9/28/2017 7:56,EventCreate,1,None,Application,djkvdihost156.jakarta01.com,JAKARTA01\Risqia  
Error,9/28/2017 7:55,EventCreate,1,None,Application,djkvdihost198.jakarta01.com,JAKARTA01\hilmy  
Error,9/28/2017 7:55,WSH,1,None,Application,djkvdihost528.jakarta01.com,"CN=Aprilia Widyawati password will expire in 4 day(s) at 10/2/2017 7:54:33 AM

Press CTRL + ALT + DEL and select the ""Change a password"" option."
Error,9/28/2017 7:55,EventCreate,1,None,Application,djkvdihost521.jakarta01.com,JAKARTA01\leonie  
Error,9/28/2017 7:55,EventCreate,1,None,Application,djkvdihost639.jakarta01.com,JAKARTA01\poespita  
Error,9/28/2017 7:55,EventCreate,1,None,Application,djkvdihost601.jakarta01.com,JAKARTA01\wisnu  
Error,9/28/2017 7:55,EventCreate,1,None,Application,djkvdihost771.jakarta01.com,JAKARTA01\RatiAF  
Error,9/28/2017 7:55,EventCreate,1,None,Application,djkvdihost640.jakarta01.com,JAKARTA01\Beny  
Error,9/28/2017 7:55,EventCreate,1,None,Application,djkvdihost007.jakarta01.com,JAKARTA01\nyimas  
Error,9/28/2017 7:55,EventCreate,1,None,Application,djkvdihost293.jakarta01.com,JAKARTA01\sylvia  
Error,9/28/2017 7:55,EventCreate,1,None,Application,djkvdihost403.jakarta01.com,JAKARTA01\mega  
Error,9/28/2017 7:55,EventCreate,1,None,Application,djkvdihost729.jakarta01.com,JAKARTA01\WulanAn  
Error,9/28/2017 7:55,EventCreate,1,None,Application,djkvdihost535.jakarta01.com,JAKARTA01\sonson  
Error,9/28/2017 7:55,WSH,1,None,Application,djkvdihost528.jakarta01.com,"CN=Aprilia Widyawati password will expire in 4 day(s) at 10/2/2017 7:54:33 AM

Press CTRL + ALT + DEL and select the ""Change a password"" option."
Error,9/28/2017 7:54,EventCreate,1,None,Application,djkvdihost436.jakarta01.com,JAKARTA01\JUNETTE  
Error,9/28/2017 7:54,EventCreate,1,None,Application,djkvdihost436.jakarta01.com,JAKARTA01\JUNETTE  
Error,9/28/2017 7:55,EventCreate,1,None,Application,djkvdihost509.jakarta01.com,JAKARTA01\Adjeng  
Error,9/28/2017 7:55,EventCreate,1,None,Application,djkvdihost447.jakarta01.com,JAKARTA01\Aviv  
Error,9/28/2017 7:55,EventCreate,1,None,Application,djkvdihost364.jakarta01.com,JAKARTA01\ailsa  
Error,9/28/2017 7:55,EventCreate,1,None,Application,djkvdihost310.jakarta01.com,JAKARTA01\Audyanza  
Error,9/28/2017 7:55,EventCreate,1,None,Application,djkvdihost453.jakarta01.com,JAKARTA01\alifah  
Error,9/28/2017 7:55,EventCreate,1,None,Application,djkvdihost792.jakarta01.com,JAKARTA01\paramita  
Error,9/28/2017 7:54,EventCreate,1,None,Application,djkvdihost527.jakarta01.com,JAKARTA01\hadid  
Error,9/28/2017 7:54,EventCreate,1,None,Application,djkvdihost436.jakarta01.com,JAKARTA01\JUNETTE  
Error,9/28/2017 7:54,EventCreate,1,None,Application,djkvdihost260.jakarta01.com,JAKARTA01\Armanto  
Error,9/28/2017 7:54,EventCreate,1,None,Application,djkvdihost163.jakarta01.com,JAKARTA01\Doris  
Error,9/28/2017 7:54,EventCreate,1,None,Application,djkvdihost433.jakarta01.com,JAKARTA01\mazy  
Error,9/28/2017 7:53,EventCreate,1,None,Application,djkvdihost066.jakarta01.com,JAKARTA01\samsul  
Error,9/28/2017 7:53,EventCreate,1,None,Application,djkvdihost584.jakarta01.com,JAKARTA01\yudistira  
Error,9/28/2017 7:53,EventCreate,1,None,Application,djkvdihost386.jakarta01.com,JAKARTA01\erika  
Error,9/28/2017 7:53,EventCreate,1,None,Application,djkvdihost464.jakarta01.com,JAKARTA01\shinta  
Error,9/28/2017 7:53,EventCreate,1,None,Application,djkvdihost826.jakarta01.com,JAKARTA01\Talitha  
Error,9/28/2017 7:53,EventCreate,1,None,Application,djkvdihost177.jakarta01.com,JAKARTA01\rimico  
Error,9/28/2017 7:53,EventCreate,1,None,Application,djkvdihost295.jakarta01.com,JAKARTA01\saptorini  
Error,9/28/2017 7:53,EventCreate,1,None,Application,djkvdihost217.jakarta01.com,JAKARTA01\mutiara  
Error,9/28/2017 7:53,EventCreate,1,None,Application,djkvdihost835.jakarta01.com,JAKARTA01\arismanm  
Error,9/28/2017 7:53,EventCreate,1,None,Application,djkvdihost216.jakarta01.com,JAKARTA01\hemayani  
Error,9/28/2017 7:52,EventCreate,1,None,Application,djkvdihost320.jakarta01.com,JAKARTA01\novianti  
Error,9/28/2017 7:52,EventCreate,1,None,Application,djkvdihost760.jakarta01.com,JAKARTA01\Mustikawati  
Error,9/28/2017 7:52,EventCreate,1,None,Application,djkvdihost133.jakarta01.com,JAKARTA01\puji  
Error,9/28/2017 7:52,EventCreate,1,None,Application,djkvdihost284.jakarta01.com,JAKARTA01\genarosa  
Error,9/28/2017 7:52,EventCreate,1,None,Application,djkvdihost693.jakarta01.com,JAKARTA01\prakasa  
Error,9/28/2017 7:52,EventCreate,1,None,Application,djkvdihost894.jakarta01.com,JAKARTA01\Agus Sutikno  
Error,9/28/2017 7:51,EventCreate,1,None,Application,djkvdihost085.jakarta01.com,JAKARTA01\Puspa  
Error,9/28/2017 7:51,EventCreate,1,None,Application,djkvdihost573.jakarta01.com,JAKARTA01\annisa inggita  
Error,9/28/2017 7:51,EventCreate,1,None,Application,djkvdihost674.jakarta01.com,JAKARTA01\rara  
Error,9/28/2017 7:51,EventCreate,1,None,Application,djkvdihost568.jakarta01.com,JAKARTA01\cinta  
Error,9/28/2017 7:51,Application Error,1000,-100,Application,djkvdihost568.jakarta01.com,"Faulting application name: spoolsv.exe, version: 6.1.7601.17777, time stamp: 0x4f35efc3
Faulting module name: msvcrt.dll, version: 7.0.7601.17744, time stamp: 0x4eeaf722
Exception code: 0xc0000005
Fault offset: 0x0000aa14
Faulting process id: 0x63c
Faulting application start time: 0x01d33780ee1ec6fe
Faulting application path: C:\Windows\System32\spoolsv.exe
Faulting module path: C:\Windows\system32\msvcrt.dll
Report Id: 27a7bc79-a3e7-11e7-a054-0050569f2dd6"
Error,9/28/2017 7:51,EventCreate,1,None,Application,djkvdihost404.jakarta01.com,JAKARTA01\fitri  
Error,9/28/2017 7:51,EventCreate,1,None,Application,djkvdihost024.jakarta01.com,JAKARTA01\yosanta  
Error,9/28/2017 7:51,EventCreate,1,None,Application,djkvdihost233.jakarta01.com,JAKARTA01\NIkmatullah  
Error,9/28/2017 7:50,EventCreate,1,None,Application,djkvdihost896.jakarta01.com,JAKARTA01\Adhisty  
Error,9/28/2017 7:50,EventCreate,1,None,Application,djkvdihost004.jakarta01.com,JAKARTA01\MAUREEN  
Error,9/28/2017 7:50,EventCreate,1,None,Application,djkvdihost715.jakarta01.com,JAKARTA01\Arum  
Error,9/28/2017 7:49,EventCreate,1,None,Application,djkvdihost604.jakarta01.com,JAKARTA01\chris  
Error,9/28/2017 7:49,EventCreate,1,None,Application,djkvdihost747.jakarta01.com,JAKARTA01\vina  
Error,9/28/2017 7:49,EventCreate,1,None,Application,djkvdihost474.jakarta01.com,JAKARTA01\arinie  
Error,9/28/2017 7:49,EventCreate,1,None,Application,djkvdihost592.jakarta01.com,JAKARTA01\ahmad zainul  
Error,9/28/2017 7:49,EventCreate,1,None,Application,djkvdihost273.jakarta01.com,JAKARTA01\Rini Purnama  
Error,9/28/2017 7:49,EventCreate,1,None,Application,djkvdihost422.jakarta01.com,JAKARTA01\Dina Vathati  
Error,9/28/2017 7:49,EventCreate,1,None,Application,djkvdihost626.jakarta01.com,JAKARTA01\Moh Ditto  
Error,9/28/2017 7:49,EventCreate,1,None,Application,djkvdihost180.jakarta01.com,JAKARTA01\fajar  
Error,9/28/2017 7:49,EventCreate,1,None,Application,djkvdihost004.jakarta01.com,JAKARTA01\MAUREEN  
Error,9/28/2017 7:48,WSH,1,None,Application,djkvdihost422.jakarta01.com,"CN=Dina Vathati Nadiya password will expire in 4 day(s) at 10/2/2017 7:24:36 AM

Press CTRL + ALT + DEL and select the ""Change a password"" option."
Error,9/28/2017 7:49,EventCreate,1,None,Application,djkvdihost766.jakarta01.com,JAKARTA01\jeffry  
Error,9/28/2017 7:49,EventCreate,1,None,Application,djkvdihost412.jakarta01.com,JAKARTA01\himawan  
Error,9/28/2017 7:48,EventCreate,1,None,Application,djkvdihost572.jakarta01.com,JAKARTA01\chalfin  
Error,9/28/2017 7:48,Application Error,1000,-100,Application,djkvdihost572.jakarta01.com,"Faulting application name: iexplore.exe, version: 11.0.9600.18639, time stamp: 0x58d6bb0d
Faulting module name: MSHTML.dll, version: 11.0.9600.18639, time stamp: 0x58d6c720
Exception code: 0xc0000005
Fault offset: 0x000ac604
Faulting process id: 0x13c
Faulting application start time: 0x01d337f36361f3e6
Faulting application path: C:\Program Files\Internet Explorer\iexplore.exe
Faulting module path: C:\Windows\system32\MSHTML.dll
Report Id: c4aca8a5-a3e6-11e7-ba5f-0050569f1025"
Error,9/28/2017 7:49,EventCreate,1,None,Application,djkvdihost418.jakarta01.com,JAKARTA01\Ida  
Error,9/28/2017 7:49,EventCreate,1,None,Application,djkvdihost875.jakarta01.com,JAKARTA01\abdul  
Error,9/28/2017 7:48,EventCreate,1,None,Application,djkvdihost246.jakarta01.com,JAKARTA01\Lily  
Error,9/28/2017 7:48,WSH,1,None,Application,djkvdihost422.jakarta01.com,"CN=Dina Vathati Nadiya password will expire in 4 day(s) at 10/2/2017 7:24:36 AM

Press CTRL + ALT + DEL and select the ""Change a password"" option."
Error,9/28/2017 7:48,EventCreate,1,None,Application,djkvdihost094.jakarta01.com,JAKARTA01\Putri  
Error,9/28/2017 7:48,WSH,1,None,Application,djkvdihost180.jakarta01.com,"CN=Fajar Kusuma password will expire in 0 day(s) at 9/28/2017 7:48:23 AM

Press CTRL + ALT + DEL and select the ""Change a password"" option."
Error,9/28/2017 7:48,WSH,1,None,Application,djkvdihost180.jakarta01.com,"CN=Fajar Kusuma password will expire in 0 day(s) at 9/28/2017 7:48:23 AM

Press CTRL + ALT + DEL and select the ""Change a password"" option."
Error,9/28/2017 7:48,EventCreate,1,None,Application,djkvdihost452.jakarta01.com,JAKARTA01\martha  
Error,9/28/2017 7:48,EventCreate,1,None,Application,djkvdihost892.jakarta01.com,JAKARTA01\StellaH  
Error,9/28/2017 7:48,EventCreate,1,None,Application,djkvdihost679.jakarta01.com,JAKARTA01\netra  
Error,9/28/2017 7:48,EventCreate,1,None,Application,djkvdihost141.jakarta01.com,JAKARTA01\EDameria  
Error,9/28/2017 7:48,EventCreate,1,None,Application,djkvdihost617.jakarta01.com,JAKARTA01\Dilla  
Error,9/28/2017 7:48,EventCreate,1,None,Application,djkvdihost800.jakarta01.com,JAKARTA01\femmy  
Error,9/28/2017 7:48,EventCreate,1,None,Application,djkvdihost458.jakarta01.com,JAKARTA01\meri  
Error,9/28/2017 7:48,EventCreate,1,None,Application,djkvdihost710.jakarta01.com,JAKARTA01\bagas  
Error,9/28/2017 7:47,EventCreate,1,None,Application,djkvdihost718.jakarta01.com,JAKARTA01\Teguh Aji  
Error,9/28/2017 7:47,EventCreate,1,None,Application,djkvdihost572.jakarta01.com,JAKARTA01\chalfin  
Error,9/28/2017 7:47,WSH,1,None,Application,djkvdihost458.jakarta01.com,"CN=Meri Saadah password will expire in 3 day(s) at 10/1/2017 7:33:03 AM

Press CTRL + ALT + DEL and select the ""Change a password"" option."
Error,9/28/2017 7:47,EventCreate,1,None,Application,djkvdihost658.jakarta01.com,JAKARTA01\dwinda  
Error,9/28/2017 7:47,WSH,1,None,Application,djkvdihost710.jakarta01.com,"CN=Bagas Kurniawan password will expire in 3 day(s) at 10/1/2017 4:14:05 PM

Press CTRL + ALT + DEL and select the ""Change a password"" option."
Error,9/28/2017 7:47,EventCreate,1,None,Application,djkvdihost829.jakarta01.com,JAKARTA01\ClarissaMh  
Error,9/28/2017 7:47,EventCreate,1,None,Application,djkvdihost877.jakarta01.com,JAKARTA01\kubo  
Error,9/28/2017 7:47,EventCreate,1,None,Application,djkvdihost748.jakarta01.com,JAKARTA01\m ridho  
Error,9/28/2017 7:47,WSH,1,None,Application,djkvdihost458.jakarta01.com,"CN=Meri Saadah password will expire in 3 day(s) at 10/1/2017 7:33:03 AM

Press CTRL + ALT + DEL and select the ""Change a password"" option."
Error,9/28/2017 7:47,EventCreate,1,None,Application,djkvdihost661.jakarta01.com,JAKARTA01\krisna  
Error,9/28/2017 7:47,WSH,1,None,Application,djkvdihost710.jakarta01.com,"CN=Bagas Kurniawan password will expire in 3 day(s) at 10/1/2017 4:14:05 PM

Press CTRL + ALT + DEL and select the ""Change a password"" option."
Error,9/28/2017 7:46,EventCreate,1,None,Application,djkvdihost280.jakarta01.com,JAKARTA01\yulianty  
Error,9/28/2017 7:46,EventCreate,1,None,Application,djkvdihost201.jakarta01.com,JAKARTA01\ceciliadt  
Error,9/28/2017 7:46,EventCreate,1,None,Application,djkvdihost526.jakarta01.com,JAKARTA01\yuliana  
Error,9/28/2017 7:46,EventCreate,1,None,Application,djkvdihost519.jakarta01.com,JAKARTA01\yudi  
Error,9/28/2017 7:46,EventCreate,1,None,Application,djkvdihost207.jakarta01.com,JAKARTA01\Resty  
Error,9/28/2017 7:46,EventCreate,1,None,Application,djkvdihost895.jakarta01.com,JAKARTA01\Joni  
Error,9/28/2017 7:45,EventCreate,1,None,Application,djkvdihost720.jakarta01.com,JAKARTA01\budir  
Error,9/28/2017 7:45,EventCreate,1,None,Application,djkvdihost650.jakarta01.com,JAKARTA01\rahayu  
Error,9/28/2017 7:45,EventCreate,1,None,Application,djkvdihost512.jakarta01.com,JAKARTA01\Putri Damayanti  
Error,9/28/2017 7:45,EventCreate,1,None,Application,djkvdihost781.jakarta01.com,JAKARTA01\trisnawati  
Error,9/28/2017 7:44,EventCreate,1,None,Application,djkvdihost345.jakarta01.com,JAKARTA01\ningmatul  
Error,9/28/2017 7:44,EventCreate,1,None,Application,djkvdihost001.jakarta01.com,JAKARTA01\achmadr  
Error,9/28/2017 7:44,EventCreate,1,None,Application,djkvdihost703.jakarta01.com,JAKARTA01\dadi  
Error,9/28/2017 7:44,EventCreate,1,None,Application,djkvdihost279.jakarta01.com,JAKARTA01\adityo  
Error,9/28/2017 7:44,EventCreate,1,None,Application,djkvdihost169.jakarta01.com,JAKARTA01\rhaditya  
Error,9/28/2017 7:44,EventCreate,1,None,Application,djkvdihost348.jakarta01.com,JAKARTA01\dadi hardi  
Error,9/28/2017 7:44,EventCreate,1,None,Application,djkvdihost552.jakarta01.com,JAKARTA01\Pradita  
Error,9/28/2017 7:44,EventCreate,1,None,Application,djkvdihost683.jakarta01.com,JAKARTA01\Devina  
Error,9/28/2017 7:44,EventCreate,1,None,Application,djkvdihost847.jakarta01.com,JAKARTA01\alia  
Error,9/28/2017 7:44,EventCreate,1,None,Application,djkvdihost175.jakarta01.com,JAKARTA01\magdalena  
Error,9/28/2017 7:43,EventCreate,1,None,Application,djkvdihost583.jakarta01.com,JAKARTA01\nicole  
Error,9/28/2017 7:43,EventCreate,1,None,Application,djkvdihost091.jakarta01.com,JAKARTA01\Ronald  
Error,9/28/2017 7:43,EventCreate,1,None,Application,djkvdihost536.jakarta01.com,JAKARTA01\ALTHEA  
Error,9/28/2017 7:43,EventCreate,1,None,Application,djkvdihost515.jakarta01.com,JAKARTA01\inna  
Error,9/28/2017 7:43,EventCreate,1,None,Application,djkvdihost598.jakarta01.com,JAKARTA01\fahrul  
Error,9/28/2017 7:43,EventCreate,1,None,Application,djkvdihost415.jakarta01.com,JAKARTA01\wulanf  
Error,9/28/2017 7:43,EventCreate,1,None,Application,djkvdihost074.jakarta01.com,JAKARTA01\nungi  
Error,9/28/2017 7:43,EventCreate,1,None,Application,djkvdihost860.jakarta01.com,JAKARTA01\natasya  
Error,9/28/2017 7:42,EventCreate,1,None,Application,djkvdihost536.jakarta01.com,JAKARTA01\ALTHEA  
Error,9/28/2017 7:42,EventCreate,1,None,Application,djkvdihost410.jakarta01.com,JAKARTA01\vanya  
Error,9/28/2017 7:42,EventCreate,1,None,Application,djkvdihost484.jakarta01.com,JAKARTA01\ryan  
Error,9/28/2017 7:42,EventCreate,1,None,Application,djkvdihost444.jakarta01.com,JAKARTA01\ChyntiaDN  
Error,9/28/2017 7:42,EventCreate,1,None,Application,djkvdihost616.jakarta01.com,JAKARTA01\hendry  
Error,9/28/2017 7:42,EventCreate,1,None,Application,djkvdihost520.jakarta01.com,JAKARTA01\Indah  
Error,9/28/2017 7:42,EventCreate,1,None,Application,djkvdihost900.jakarta01.com,JAKARTA01\matthew  
Error,9/28/2017 7:42,EventCreate,1,None,Application,djkvdihost176.jakarta01.com,JAKARTA01\bellaisya  
Error,9/28/2017 7:42,EventCreate,1,None,Application,djkvdihost372.jakarta01.com,JAKARTA01\iva  
Error,9/28/2017 7:42,EventCreate,1,None,Application,djkvdihost102.jakarta01.com,JAKARTA01\linda  
Error,9/28/2017 7:41,EventCreate,1,None,Application,djkvdihost664.jakarta01.com,JAKARTA01\santoso  
Error,9/28/2017 7:42,EventCreate,1,None,Application,djkvdihost389.jakarta01.com,JAKARTA01\antonius  
Error,9/28/2017 7:41,EventCreate,1,None,Application,djkvdihost356.jakarta01.com,JAKARTA01\gadis  
Error,9/28/2017 7:41,EventCreate,1,None,Application,djkvdihost224.jakarta01.com,JAKARTA01\nila  
Error,9/28/2017 7:41,EventCreate,1,None,Application,djkvdihost228.jakarta01.com,JAKARTA01\ita shabrina  
Error,9/28/2017 7:41,EventCreate,1,None,Application,djkvdihost288.jakarta01.com,JAKARTA01\sashkia  
Error,9/28/2017 7:41,EventCreate,1,None,Application,djkvdihost834.jakarta01.com,JAKARTA01\endrojono  
Error,9/28/2017 7:41,Application Error,1000,-100,Application,djkvdihost664.jakarta01.com,"Faulting application name: PhotoScreensaver.scr, version: 6.1.7601.17514, time stamp: 0x4ce7a590
Faulting module name: SHELL32.dll, version: 6.1.7601.23537, time stamp: 0x57c450f4
Exception code: 0xc0000005
Fault offset: 0x001f269f
Faulting process id: 0x1a70
Faulting application start time: 0x01d337f0fbde6cfd
Faulting application path: C:\Windows\system32\PhotoScreensaver.scr
Faulting module path: C:\Windows\system32\SHELL32.dll
Report Id: b934ecbd-a3e5-11e7-8659-0050569f6e89"
Error,9/28/2017 7:41,EventCreate,1,None,Application,djkvdihost516.jakarta01.com,JAKARTA01\tobing  
Error,9/28/2017 7:40,EventCreate,1,None,Application,djkvdihost401.jakarta01.com,JAKARTA01\Leli  
Error,9/28/2017 7:40,EventCreate,1,None,Application,djkvdihost858.jakarta01.com,JAKARTA01\harry  
Error,9/28/2017 7:40,EventCreate,1,None,Application,djkvdihost241.jakarta01.com,JAKARTA01\Chadijah  
Error,9/28/2017 7:40,Application Error,1000,-100,Application,djkvdihost241.jakarta01.com,"Faulting application name: OUTLOOK.EXE, version: 15.0.4919.1001, time stamp: 0x58d20482
Faulting module name: OUTLOOK.EXE, version: 15.0.4919.1001, time stamp: 0x58d20482
Exception code: 0xc0000005
Fault offset: 0x008924c4
Faulting process id: 0x81c
Faulting application start time: 0x01d337f0a89a45ae
Faulting application path: C:\Program Files\Microsoft Office\Office15\OUTLOOK.EXE
Faulting module path: C:\Program Files\Microsoft Office\Office15\OUTLOOK.EXE
Report Id: 99e076f5-a3e5-11e7-9eac-0050569f27bd"
Error,9/28/2017 7:40,EventCreate,1,None,Application,djkvdihost745.jakarta01.com,JAKARTA01\Azis Budianto  
Error,9/28/2017 7:40,EventCreate,1,None,Application,djkvdihost146.jakarta01.com,JAKARTA01\lestari  
Error,9/28/2017 7:40,EventCreate,1,None,Application,djkvdihost463.jakarta01.com,JAKARTA01\andiani  
Error,9/28/2017 7:40,EventCreate,1,None,Application,djkvdihost047.jakarta01.com,JAKARTA01\nurmalasari  
Error,9/28/2017 7:40,EventCreate,1,None,Application,djkvdihost446.jakarta01.com,JAKARTA01\raditya  
Error,9/28/2017 7:40,EventCreate,1,None,Application,djkvdihost518.jakarta01.com,JAKARTA01\saputro  
Error,9/28/2017 7:40,EventCreate,1,None,Application,djkvdihost874.jakarta01.com,JAKARTA01\sodeoka  
Error,9/28/2017 7:40,EventCreate,1,None,Application,djkvdihost823.jakarta01.com,JAKARTA01\ipuk  
Error,9/28/2017 7:40,EventCreate,1,None,Application,djkvdihost040.jakarta01.com,JAKARTA01\Chairul  
Error,9/28/2017 7:39,EventCreate,1,None,Application,djkvdihost131.jakarta01.com,JAKARTA01\SANI  
Error,9/28/2017 7:39,EventCreate,1,None,Application,djkvdihost657.jakarta01.com,JAKARTA01\tantri  
Error,9/28/2017 7:39,EventCreate,1,None,Application,djkvdihost762.jakarta01.com,JAKARTA01\Pratama  
Error,9/28/2017 7:38,EventCreate,1,None,Application,djkvdihost852.jakarta01.com,JAKARTA01\bayu  
Error,9/28/2017 7:38,WSH,1,None,Application,djkvdihost762.jakarta01.com,"CN=Pratama password will expire in 3 day(s) at 10/1/2017 8:19:55 AM

Press CTRL + ALT + DEL and select the ""Change a password"" option."
Error,9/28/2017 7:39,EventCreate,1,None,Application,djkvdihost466.jakarta01.com,JAKARTA01\lieke  
Error,9/28/2017 7:39,EventCreate,1,None,Application,djkvdihost050.jakarta01.com,JAKARTA01\handayani  
Error,9/28/2017 7:39,EventCreate,1,None,Application,djkvdihost307.jakarta01.com,JAKARTA01\nunik  
Error,9/28/2017 7:38,EventCreate,1,None,Application,djkvdihost852.jakarta01.com,JAKARTA01\bayu  
