Error,9/27/2017 9:08,EventCreate,1,None,Application,djkvdihost050.jakarta01.com,JAKARTA01\guestisd20  
Error,9/27/2017 9:08,Application Error,1000,-100,Application,djkvdihost050.jakarta01.com,"Faulting application name: EXCEL.EXE, version: 15.0.4919.1000, time stamp: 0x58c7ab0f
Faulting module name: unknown, version: 0.0.0.0, time stamp: 0x00000000
Exception code: 0xc0000005
Fault offset: 0x0079004c
Faulting process id: 0x64c
Faulting application start time: 0x01d3373588a38ffd
Faulting application path: C:\Program Files\Microsoft Office\Office15\EXCEL.EXE
Faulting module path: unknown
Report Id: c8e83a7d-a328-11e7-bdb4-0050569f5d85"
Error,9/27/2017 9:08,EventCreate,1,None,Application,djkvdihost683.jakarta01.com,JAKARTA01\RatiAF  
Error,9/27/2017 9:08,EventCreate,1,None,Application,djkvdihost316.jakarta01.com,JAKARTA01\ronald david  
Error,9/27/2017 9:08,EventCreate,1,None,Application,djkvdihost568.jakarta01.com,JAKARTA01\citra  
Error,9/27/2017 9:08,EventCreate,1,None,Application,djkvdihost231.jakarta01.com,JAKARTA01\Leonardus  
Error,9/27/2017 9:07,EventCreate,1,None,Application,djkvdihost873.jakarta01.com,JAKARTA01\harry  
Error,9/27/2017 9:07,Application Error,1000,-100,Application,djkvdihost873.jakarta01.com,"Faulting application name: spoolsv.exe, version: 6.1.7601.17777, time stamp: 0x4f35efc3
Faulting module name: msvcrt.dll, version: 7.0.7601.17744, time stamp: 0x4eeaf722
Exception code: 0xc0000005
Fault offset: 0x0000aa14
Faulting process id: 0x600
Faulting application start time: 0x01d335eb3d7f9c64
Faulting application path: C:\Windows\System32\spoolsv.exe
Faulting module path: C:\Windows\system32\msvcrt.dll
Report Id: a1c37bd1-a328-11e7-9c2d-0050569f2f6a"
Error,9/27/2017 9:07,EventCreate,1,None,Application,djkvdihost625.jakarta01.com,JAKARTA01\lestari  
Error,9/27/2017 9:07,EventCreate,1,None,Application,djkvdihost586.jakarta01.com,JAKARTA01\anisa  
Error,9/27/2017 9:07,EventCreate,1,None,Application,djkvdihost050.jakarta01.com,JAKARTA01\guestisd20  
Error,9/27/2017 9:07,EventCreate,1,None,Application,djkvdihost447.jakarta01.com,JAKARTA01\yisca  
Error,9/27/2017 9:07,EventCreate,1,None,Application,djkvdihost217.jakarta01.com,JAKARTA01\karmelita  
Error,9/27/2017 9:07,EventCreate,1,None,Application,djkvdihost483.jakarta01.com,JAKARTA01\wirantika  
Error,9/27/2017 9:06,EventCreate,1,None,Application,djkvdihost256.jakarta01.com,JAKARTA01\slamet  
Error,9/27/2017 9:06,EventCreate,1,None,Application,djkvdihost624.jakarta01.com,JAKARTA01\vina febria  
Error,9/27/2017 9:05,EventCreate,1,None,Application,djkvdihost356.jakarta01.com,JAKARTA01\Rahmad  
Error,9/27/2017 9:05,EventCreate,1,None,Application,djkvdihost630.jakarta01.com,JAKARTA01\kiky  
Error,9/27/2017 9:05,EventCreate,1,None,Application,djkvdihost356.jakarta01.com,JAKARTA01\Rahmad  
Error,9/27/2017 9:04,EventCreate,1,None,Application,djkvdihost547.jakarta01.com,JAKARTA01\eriks  
Error,9/27/2017 9:03,EventCreate,1,None,Application,djkvdihost163.jakarta01.com,JAKARTA01\nugrah  
Error,9/27/2017 9:03,EventCreate,1,None,Application,djkvdihost150.jakarta01.com,JAKARTA01\Reiffy  
Error,9/27/2017 9:03,EventCreate,1,None,Application,djkvdihost892.jakarta01.com,JAKARTA01\Adi Purnomo  
Error,9/27/2017 9:03,EventCreate,1,None,Application,djkvdihost024.jakarta01.com,JAKARTA01\fferdian  
Error,9/27/2017 9:02,EventCreate,1,None,Application,djkvdihost583.jakarta01.com,JAKARTA01\meinar  
Error,9/27/2017 9:02,EventCreate,1,None,Application,djkvdihost752.jakarta01.com,JAKARTA01\rinaldonp  
Error,9/27/2017 9:02,EventCreate,1,None,Application,djkvdihost064.jakarta01.com,JAKARTA01\AdhiNu  
Error,9/27/2017 9:02,EventCreate,1,None,Application,djkvdihost668.jakarta01.com,JAKARTA01\satria graha  
Error,9/27/2017 9:01,EventCreate,1,None,Application,djkvdihost364.jakarta01.com,JAKARTA01\valery  
Error,9/27/2017 9:02,EventCreate,1,None,Application,djkvdihost148.jakarta01.com,JAKARTA01\yoedo  
Error,9/27/2017 9:01,Application Error,1000,-100,Application,djkvdihost364.jakarta01.com,"Faulting application name: spoolsv.exe, version: 6.1.7601.17777, time stamp: 0x4f35efc3
Faulting module name: msvcrt.dll, version: 7.0.7601.17744, time stamp: 0x4eeaf722
Exception code: 0xc0000005
Fault offset: 0x0000aa14
Faulting process id: 0x638
Faulting application start time: 0x01d336bc79df9815
Faulting application path: C:\Windows\System32\spoolsv.exe
Faulting module path: C:\Windows\system32\msvcrt.dll
Report Id: c1720590-a327-11e7-97c2-0050569f08cc"
Error,9/27/2017 9:01,EventCreate,1,None,Application,djkvdihost459.jakarta01.com,JAKARTA01\haryadi  
Error,9/27/2017 9:01,EventCreate,1,None,Application,djkvdihost098.jakarta01.com,JAKARTA01\edwan  
Error,9/27/2017 9:01,EventCreate,1,None,Application,djkvdihost794.jakarta01.com,JAKARTA01\Andradita  
Error,9/27/2017 9:01,EventCreate,1,None,Application,djkvdihost031.jakarta01.com,JAKARTA01\dessy  
Error,9/27/2017 9:01,EventCreate,1,None,Application,djkvdihost799.jakarta01.com,JAKARTA01\Erlisa  
Error,9/27/2017 9:01,EventCreate,1,None,Application,djkvdihost721.jakarta01.com,JAKARTA01\Ricky  
Error,9/27/2017 9:00,WSH,1,None,Application,djkvdihost364.jakarta01.com,"CN=Valery T Wongsonegoro password will expire in 1 day(s) at 9/28/2017 11:44:22 AM

Press CTRL + ALT + DEL and select the ""Change a password"" option."
Error,9/27/2017 9:00,WSH,1,None,Application,djkvdihost721.jakarta01.com,"CN=Ricky Suwandi password will expire in 4 day(s) at 10/1/2017 9:00:03 AM

Press CTRL + ALT + DEL and select the ""Change a password"" option."
Error,9/27/2017 9:00,EventCreate,1,None,Application,djkvdihost533.jakarta01.com,JAKARTA01\mayang  
Error,9/27/2017 9:00,EventCreate,1,None,Application,djkvdihost172.jakarta01.com,JAKARTA01\boby  
Error,9/27/2017 9:00,EventCreate,1,None,Application,djkvdihost702.jakarta01.com,JAKARTA01\marlina2  
Error,9/27/2017 9:00,EventCreate,1,None,Application,djkvdihost734.jakarta01.com,JAKARTA01\rudini  
Error,9/27/2017 9:00,EventCreate,1,None,Application,djkvdihost810.jakarta01.com,JAKARTA01\GuestISD43  
Error,9/27/2017 9:00,WSH,1,None,Application,djkvdihost364.jakarta01.com,"CN=Valery T Wongsonegoro password will expire in 1 day(s) at 9/28/2017 11:44:22 AM

Press CTRL + ALT + DEL and select the ""Change a password"" option."
Error,9/27/2017 9:00,WSH,1,None,Application,djkvdihost721.jakarta01.com,"CN=Ricky Suwandi password will expire in 4 day(s) at 10/1/2017 9:00:03 AM

Press CTRL + ALT + DEL and select the ""Change a password"" option."
Error,9/27/2017 9:00,EventCreate,1,None,Application,djkvdihost608.jakarta01.com,JAKARTA01\ilham  
Error,9/27/2017 8:59,EventCreate,1,None,Application,djkvdihost212.jakarta01.com,JAKARTA01\zahra  
Error,9/27/2017 8:59,EventCreate,1,None,Application,djkvdihost641.jakarta01.com,JAKARTA01\Setiawan  
Error,9/27/2017 8:59,EventCreate,1,None,Application,djkvdihost541.jakarta01.com,JAKARTA01\guestisd25  
Error,9/27/2017 8:59,EventCreate,1,None,Application,djkvdihost676.jakarta01.com,JAKARTA01\victor  
Error,9/27/2017 8:59,EventCreate,1,None,Application,djkvdihost816.jakarta01.com,JAKARTA01\Rumata  
Error,9/27/2017 8:58,EventCreate,1,None,Application,djkvdihost033.jakarta01.com,JAKARTA01\juliet  
Error,9/27/2017 8:58,EventCreate,1,None,Application,djkvdihost362.jakarta01.com,JAKARTA01\ramantid  
Error,9/27/2017 8:57,EventCreate,1,None,Application,djkvdihost246.jakarta01.com,JAKARTA01\Winda  
Error,9/27/2017 8:57,EventCreate,1,None,Application,djkvdihost075.jakarta01.com,JAKARTA01\lizty  
Error,9/27/2017 8:57,EventCreate,1,None,Application,djkvdihost464.jakarta01.com,JAKARTA01\erwin  
Error,9/27/2017 8:57,EventCreate,1,None,Application,djkvdihost847.jakarta01.com,JAKARTA01\m nugraha  
Error,9/27/2017 8:56,EventCreate,1,None,Application,djkvdihost833.jakarta01.com,JAKARTA01\Marthen  
Error,9/27/2017 8:56,EventCreate,1,None,Application,djkvdihost270.jakarta01.com,JAKARTA01\rasyid  
Error,9/27/2017 8:56,EventCreate,1,None,Application,djkvdihost526.jakarta01.com,JAKARTA01\naldi  
Error,9/27/2017 8:55,EventCreate,1,None,Application,djkvdihost478.jakarta01.com,JAKARTA01\jayson  
Error,9/27/2017 8:55,EventCreate,1,None,Application,djkvdihost478.jakarta01.com,JAKARTA01\jayson  
Error,9/27/2017 8:55,EventCreate,1,None,Application,djkvdihost004.jakarta01.com,JAKARTA01\muhammadhakim  
Error,9/27/2017 8:55,EventCreate,1,None,Application,djkvdihost436.jakarta01.com,JAKARTA01\Kartina  
Error,9/27/2017 8:55,EventCreate,1,None,Application,djkvdihost106.jakarta01.com,JAKARTA01\yuliana  
Error,9/27/2017 8:55,Application Error,1000,-100,Application,djkvdihost436.jakarta01.com,"Faulting application name: spoolsv.exe, version: 6.1.7601.17777, time stamp: 0x4f35efc3
Faulting module name: msvcrt.dll, version: 7.0.7601.17744, time stamp: 0x4eeaf722
Exception code: 0xc0000005
Fault offset: 0x0000aa14
Faulting process id: 0x634
Faulting application start time: 0x01d336aeea88ff28
Faulting application path: C:\Windows\System32\spoolsv.exe
Faulting module path: C:\Windows\system32\msvcrt.dll
Report Id: ee7fac2b-a326-11e7-b732-0050569f7286"
Error,9/27/2017 8:54,EventCreate,1,None,Application,djkvdihost876.jakarta01.com,JAKARTA01\deddy  
Error,9/27/2017 8:54,Application Error,1000,-100,Application,djkvdihost876.jakarta01.com,"Faulting application name: mscorsvw.exe, version: 4.0.30319.34209, time stamp: 0x5348947f
Faulting module name: mscorwks.dll, version: 2.0.50727.5472, time stamp: 0x5174dd69
Exception code: 0xc0000005
Fault offset: 0x00091005
Faulting process id: 0x%9
Faulting application start time: 0x%10
Faulting application path: %11
Faulting module path: %12
Report Id: %13"
Error,9/27/2017 8:54,EventCreate,1,None,Application,djkvdihost478.jakarta01.com,JAKARTA01\jayson  
Error,9/27/2017 8:54,EventCreate,1,None,Application,djkvdihost539.jakarta01.com,JAKARTA01\dyah  
Error,9/27/2017 8:54,EventCreate,1,None,Application,djkvdihost415.jakarta01.com,JAKARTA01\maulina  
Error,9/27/2017 8:54,EventCreate,1,None,Application,djkvdihost029.jakarta01.com,JAKARTA01\amelinda  
Error,9/27/2017 8:53,WSH,1,None,Application,djkvdihost029.jakarta01.com,"CN=Amelinda Dyah Rahmasari password will expire in 1 day(s) at 9/28/2017 8:16:20 AM

Press CTRL + ALT + DEL and select the ""Change a password"" option."
Error,9/27/2017 8:53,EventCreate,1,None,Application,djkvdihost320.jakarta01.com,JAKARTA01\taty  
Error,9/27/2017 8:53,WSH,1,None,Application,djkvdihost029.jakarta01.com,"CN=Amelinda Dyah Rahmasari password will expire in 1 day(s) at 9/28/2017 8:16:20 AM

Press CTRL + ALT + DEL and select the ""Change a password"" option."
Error,9/27/2017 8:52,EventCreate,1,None,Application,djkvdihost559.jakarta01.com,JAKARTA01\anindita  
Error,9/27/2017 8:52,EventCreate,1,None,Application,djkvdihost155.jakarta01.com,JAKARTA01\GuestISD49  
Error,9/27/2017 8:52,EventCreate,1,None,Application,djkvdihost488.jakarta01.com,JAKARTA01\MuhammadH  
Error,9/27/2017 8:52,EventCreate,1,None,Application,djkvdihost045.jakarta01.com,JAKARTA01\rizka syarifa  
Error,9/27/2017 8:52,EventCreate,1,None,Application,djkvdihost632.jakarta01.com,JAKARTA01\regina  
Error,9/27/2017 8:52,EventCreate,1,None,Application,djkvdihost823.jakarta01.com,JAKARTA01\hana nurul  
Error,9/27/2017 8:52,EventCreate,1,None,Application,djkvdihost560.jakarta01.com,JAKARTA01\fathur  
Error,9/27/2017 8:52,EventCreate,1,None,Application,djkvdihost559.jakarta01.com,JAKARTA01\anindita  
Error,9/27/2017 8:52,EventCreate,1,None,Application,djkvdihost296.jakarta01.com,JAKARTA01\Erich  
Error,9/27/2017 8:51,EventCreate,1,None,Application,djkvdihost537.jakarta01.com,JAKARTA01\ibahtiar  
Error,9/27/2017 8:51,EventCreate,1,None,Application,djkvdihost244.jakarta01.com,JAKARTA01\meltsaury  
Error,9/27/2017 8:51,EventCreate,1,None,Application,djkvdihost420.jakarta01.com,JAKARTA01\puji  
Error,9/27/2017 8:51,EventCreate,1,None,Application,djkvdihost286.jakarta01.com,JAKARTA01\anissa  
Error,9/27/2017 8:51,EventCreate,1,None,Application,djkvdihost551.jakarta01.com,JAKARTA01\dadang  
Error,9/27/2017 8:50,EventCreate,1,None,Application,djkvdihost360.jakarta01.com,JAKARTA01\guestisd27  
Error,9/27/2017 8:50,EventCreate,1,None,Application,djkvdihost233.jakarta01.com,JAKARTA01\GuestISD45  
Error,9/27/2017 8:50,EventCreate,1,None,Application,djkvdihost046.jakarta01.com,JAKARTA01\budi kurniawan  
Error,9/27/2017 8:50,EventCreate,1,None,Application,djkvdihost306.jakarta01.com,JAKARTA01\dwihan  
Error,9/27/2017 8:49,EventCreate,1,None,Application,djkvdihost062.jakarta01.com,JAKARTA01\hafsia  
Error,9/27/2017 8:49,EventCreate,1,None,Application,djkvdihost112.jakarta01.com,JAKARTA01\fediana  
Error,9/27/2017 8:49,EventCreate,1,None,Application,djkvdihost210.jakarta01.com,JAKARTA01\faiqa  
Error,9/27/2017 8:49,Application Error,1000,-100,Application,djkvdihost210.jakarta01.com,"Faulting application name: EXCEL.EXE, version: 15.0.4919.1000, time stamp: 0x58c7ab0f
Faulting module name: EXCEL.EXE, version: 15.0.4919.1000, time stamp: 0x58c7ab0f
Exception code: 0xc0000005
Fault offset: 0x00eda408
Faulting process id: 0x1b74
Faulting application start time: 0x01d33725d8f713ff
Faulting application path: C:\Program Files\Microsoft Office\Office15\EXCEL.EXE
Faulting module path: C:\Program Files\Microsoft Office\Office15\EXCEL.EXE
Report Id: 11174106-a326-11e7-b037-0050569f2e3d"
Error,9/27/2017 8:49,EventCreate,1,None,Application,djkvdihost062.jakarta01.com,JAKARTA01\hafsia  
Error,9/27/2017 8:48,EventCreate,1,None,Application,djkvdihost593.jakarta01.com,JAKARTA01\anggata  
Error,9/27/2017 8:48,Application Error,1000,-100,Application,djkvdihost593.jakarta01.com,"Faulting application name: NLNOTES.EXE, version: 8.5.30.11258, time stamp: 0x4e72fa51
Faulting module name: nnotes.dll, version: 8.5.30.11258, time stamp: 0x4e72fa6a
Exception code: 0xc0000005
Fault offset: 0x001c7f0e
Faulting process id: 0x117c
Faulting application start time: 0x01d33732adc21261
Faulting application path: C:\Program Files\IBM\Lotus\Notes\NLNOTES.EXE
Faulting module path: C:\Program Files\IBM\Lotus\Notes\nnotes.dll
Report Id: ec2385c1-a325-11e7-b0d0-0050569f49d3"
Error,9/27/2017 8:48,EventCreate,1,None,Application,djkvdihost510.jakarta01.com,JAKARTA01\k_ignatius  
Error,9/27/2017 8:48,Application Error,1000,-100,Application,djkvdihost510.jakarta01.com,"Faulting application name: OUTLOOK.EXE, version: 15.0.4919.1001, time stamp: 0x58d20482
Faulting module name: OUTLOOK.EXE, version: 15.0.4919.1001, time stamp: 0x58d20482
Exception code: 0xc0000005
Fault offset: 0x008924c4
Faulting process id: 0x1f38
Faulting application start time: 0x01d33728a2c6469f
Faulting application path: C:\Program Files\Microsoft Office\Office15\OUTLOOK.EXE
Faulting module path: C:\Program Files\Microsoft Office\Office15\OUTLOOK.EXE
Report Id: ec232cc0-a325-11e7-aa8d-0050569f1ca3"
Error,9/27/2017 8:48,EventCreate,1,None,Application,djkvdihost396.jakarta01.com,JAKARTA01\teddy  
Error,9/27/2017 8:48,EventCreate,1,None,Application,djkvdihost806.jakarta01.com,JAKARTA01\mpinto  
Error,9/27/2017 8:47,EventCreate,1,None,Application,djkvdihost331.jakarta01.com,JAKARTA01\andriana  
Error,9/27/2017 8:48,EventCreate,1,None,Application,djkvdihost496.jakarta01.com,JAKARTA01\Nazlaini  
Error,9/27/2017 8:47,EventCreate,1,None,Application,djkvdihost615.jakarta01.com,JAKARTA01\astio  
Error,9/27/2017 8:47,EventCreate,1,None,Application,djkvdihost399.jakarta01.com,JAKARTA01\Hadi  
Error,9/27/2017 8:47,EventCreate,1,None,Application,djkvdihost236.jakarta01.com,JAKARTA01\Widi Anggraeni  
Error,9/27/2017 8:46,Application Error,1000,-100,Application,djkvdihost236.jakarta01.com,"Faulting application name: lync.exe, version: 15.0.4919.1000, time stamp: 0x58c7ab1e
Faulting module name: ntdll.dll, version: 6.1.7601.23714, time stamp: 0x58bf8774
Exception code: 0xc0000005
Fault offset: 0x00031dca
Faulting process id: 0x128c
Faulting application start time: 0x01d33732381fdb3a
Faulting application path: C:\Program Files\Microsoft Office\Office15\lync.exe
Faulting module path: C:\Windows\SYSTEM32\ntdll.dll
Report Id: bd901840-a325-11e7-a5c9-0050569f4b6e"
Error,9/27/2017 8:47,EventCreate,1,None,Application,djkvdihost331.jakarta01.com,JAKARTA01\andriana  
Error,9/27/2017 8:46,EventCreate,1,None,Application,djkvdihost828.jakarta01.com,JAKARTA01\nunu  
Error,9/27/2017 8:46,EventCreate,1,None,Application,djkvdihost013.jakarta01.com,JAKARTA01\victoria  
Error,9/27/2017 8:45,EventCreate,1,None,Application,djkvdihost040.jakarta01.com,JAKARTA01\findal  
Error,9/27/2017 8:46,EventCreate,1,None,Application,djkvdihost310.jakarta01.com,JAKARTA01\payogi  
Error,9/27/2017 8:46,EventCreate,1,None,Application,djkvdihost182.jakarta01.com,JAKARTA01\andika  
Error,9/27/2017 8:46,EventCreate,1,None,Application,djkvdihost236.jakarta01.com,JAKARTA01\Widi Anggraeni  
Error,9/27/2017 8:46,EventCreate,1,None,Application,djkvdihost283.jakarta01.com,JAKARTA01\supris  
Error,9/27/2017 8:45,EventCreate,1,None,Application,djkvdihost103.jakarta01.com,JAKARTA01\teddyks  
Error,9/27/2017 8:45,EventCreate,1,None,Application,djkvdihost340.jakarta01.com,JAKARTA01\idams  
Error,9/27/2017 8:44,WSH,1,None,Application,djkvdihost236.jakarta01.com,"CN=Widi Anggraeni password will expire in 1 day(s) at 9/28/2017 7:48:36 AM

Press CTRL + ALT + DEL and select the ""Change a password"" option."
Error,9/27/2017 8:44,WSH,1,None,Application,djkvdihost040.jakarta01.com,"CN=Findal Darmaja password will expire in 4 day(s) at 10/1/2017 7:36:17 AM

Press CTRL + ALT + DEL and select the ""Change a password"" option."
Error,9/27/2017 8:44,EventCreate,1,None,Application,djkvdihost284.jakarta01.com,JAKARTA01\elestari  
Error,9/27/2017 8:44,EventCreate,1,None,Application,djkvdihost345.jakarta01.com,JAKARTA01\AdindaGita  
Error,9/27/2017 8:44,WSH,1,None,Application,djkvdihost040.jakarta01.com,"CN=Findal Darmaja password will expire in 4 day(s) at 10/1/2017 7:36:17 AM

Press CTRL + ALT + DEL and select the ""Change a password"" option."
Error,9/27/2017 8:44,WSH,1,None,Application,djkvdihost236.jakarta01.com,"CN=Widi Anggraeni password will expire in 1 day(s) at 9/28/2017 7:48:36 AM

Press CTRL + ALT + DEL and select the ""Change a password"" option."
Error,9/27/2017 8:44,EventCreate,1,None,Application,djkvdihost188.jakarta01.com,JAKARTA01\ridjal  
Error,9/27/2017 8:44,EventCreate,1,None,Application,djkvdihost022.jakarta01.com,JAKARTA01\dwi budi  
Error,9/27/2017 8:44,EventCreate,1,None,Application,djkvdihost133.jakarta01.com,JAKARTA01\riaanggreyni  
Error,9/27/2017 8:43,WSH,1,None,Application,djkvdihost345.jakarta01.com,"CN=Adinda Gita Priyantika password will expire in 4 day(s) at 10/1/2017 8:17:37 AM

Press CTRL + ALT + DEL and select the ""Change a password"" option."
Error,9/27/2017 8:43,WSH,1,None,Application,djkvdihost345.jakarta01.com,"CN=Adinda Gita Priyantika password will expire in 4 day(s) at 10/1/2017 8:17:37 AM

Press CTRL + ALT + DEL and select the ""Change a password"" option."
Error,9/27/2017 8:43,EventCreate,1,None,Application,djkvdihost022.jakarta01.com,JAKARTA01\dwi budi  
Error,9/27/2017 8:43,EventCreate,1,None,Application,djkvdihost355.jakarta01.com,JAKARTA01\Pram  
Error,9/27/2017 8:42,EventCreate,1,None,Application,djkvdihost709.jakarta01.com,JAKARTA01\MFIRMAN  
Error,9/27/2017 8:42,EventCreate,1,None,Application,djkvdihost297.jakarta01.com,JAKARTA01\mohammad  
Error,9/27/2017 8:42,EventCreate,1,None,Application,djkvdihost729.jakarta01.com,JAKARTA01\daniel pontifek  
Error,9/27/2017 8:42,EventCreate,1,None,Application,djkvdihost832.jakarta01.com,JAKARTA01\Nikmatullah  
Error,9/27/2017 8:42,Application Error,1000,-100,Application,djkvdihost832.jakarta01.com,"Faulting application name: OUTLOOK.EXE, version: 15.0.4919.1001, time stamp: 0x58d20482
Faulting module name: OUTLOOK.EXE, version: 15.0.4919.1001, time stamp: 0x58d20482
Exception code: 0xc0000005
Fault offset: 0x008924c7
Faulting process id: 0x42c
Faulting application start time: 0x01d33730db960f00
Faulting application path: C:\Program Files\Microsoft Office\Office15\OUTLOOK.EXE
Faulting module path: C:\Program Files\Microsoft Office\Office15\OUTLOOK.EXE
Report Id: 16e3aa5c-a325-11e7-8c2f-0050569f2723"
Error,9/27/2017 8:42,EventCreate,1,None,Application,djkvdihost601.jakarta01.com,JAKARTA01\dady  
Error,9/27/2017 8:41,EventCreate,1,None,Application,djkvdihost673.jakarta01.com,JAKARTA01\Priellya  
Error,9/27/2017 8:41,EventCreate,1,None,Application,djkvdihost083.jakarta01.com,JAKARTA01\GUESTISD22  
Error,9/27/2017 8:41,EventCreate,1,None,Application,djkvdihost190.jakarta01.com,JAKARTA01\janu  
Error,9/27/2017 8:41,EventCreate,1,None,Application,djkvdihost305.jakarta01.com,JAKARTA01\endrojono  
Error,9/27/2017 8:41,EventCreate,1,None,Application,djkvdihost696.jakarta01.com,JAKARTA01\rachelas  
Error,9/27/2017 8:40,EventCreate,1,None,Application,djkvdihost768.jakarta01.com,JAKARTA01\rininta  
Error,9/27/2017 8:40,EventCreate,1,None,Application,djkvdihost372.jakarta01.com,JAKARTA01\sutedja  
Error,9/27/2017 8:40,EventCreate,1,None,Application,djkvdihost262.jakarta01.com,JAKARTA01\prakasa  
Error,9/27/2017 8:39,EventCreate,1,None,Application,djkvdihost440.jakarta01.com,JAKARTA01\phia  
Error,9/27/2017 8:39,EventCreate,1,None,Application,djkvdihost902.jakarta01.com,JAKARTA01\adi prasetio  
Error,9/27/2017 8:39,EventCreate,1,None,Application,djkvdihost657.jakarta01.com,JAKARTA01\andrik  
Error,9/27/2017 8:38,EventCreate,1,None,Application,djkvdihost735.jakarta01.com,JAKARTA01\irman  
Error,9/27/2017 8:38,EventCreate,1,None,Application,djkvdihost324.jakarta01.com,JAKARTA01\Ronald  
Error,9/27/2017 8:39,EventCreate,1,None,Application,djkvdihost327.jakarta01.com,JAKARTA01\nurhayani  
Error,9/27/2017 8:38,EventCreate,1,None,Application,djkvdihost186.jakarta01.com,JAKARTA01\GuestISD46  
Error,9/27/2017 8:38,EventCreate,1,None,Application,djkvdihost375.jakarta01.com,JAKARTA01\jati  
Error,9/27/2017 8:38,EventCreate,1,None,Application,djkvdihost184.jakarta01.com,JAKARTA01\ouki  
Error,9/27/2017 8:38,EventCreate,1,None,Application,djkvdihost573.jakarta01.com,JAKARTA01\agnesthine  
Error,9/27/2017 8:38,EventCreate,1,None,Application,djkvdihost114.jakarta01.com,JAKARTA01\aryani  
Error,9/27/2017 8:38,EventCreate,1,None,Application,djkvdihost327.jakarta01.com,JAKARTA01\nurhayani  
Error,9/27/2017 8:38,EventCreate,1,None,Application,djkvdihost191.jakarta01.com,JAKARTA01\Arina  
Error,9/27/2017 8:38,EventCreate,1,None,Application,djkvdihost014.jakarta01.com,JAKARTA01\sashkia  
Error,9/27/2017 8:37,EventCreate,1,None,Application,djkvdihost735.jakarta01.com,JAKARTA01\irman  
Error,9/27/2017 8:32,EventCreate,1,None,Application,djkvdihost735.jakarta01.com,JAKARTA01\lieke  
Error,9/27/2017 8:38,EventCreate,1,None,Application,djkvdihost715.jakarta01.com,JAKARTA01\Daniel  
Error,9/27/2017 8:38,EventCreate,1,None,Application,djkvdihost381.jakarta01.com,JAKARTA01\vadya  
Error,9/27/2017 8:31,EventCreate,1,None,Application,djkvdihost735.jakarta01.com,JAKARTA01\lieke  
Error,9/27/2017 8:37,EventCreate,1,None,Application,djkvdihost631.jakarta01.com,JAKARTA01\endah_k  
Error,9/27/2017 8:37,EventCreate,1,None,Application,djkvdihost144.jakarta01.com,JAKARTA01\yenny  
Error,9/27/2017 8:37,EventCreate,1,None,Application,djkvdihost011.jakarta01.com,JAKARTA01\nurfadila  
Error,9/27/2017 8:37,EventCreate,1,None,Application,djkvdihost324.jakarta01.com,JAKARTA01\Ronald  
Error,9/27/2017 8:37,EventCreate,1,None,Application,djkvdihost500.jakarta01.com,JAKARTA01\andrewrs  
Error,9/27/2017 8:36,EventCreate,1,None,Application,djkvdihost097.jakarta01.com,JAKARTA01\yuswardie  
Error,9/27/2017 8:36,EventCreate,1,None,Application,djkvdihost505.jakarta01.com,JAKARTA01\vita  
Error,9/27/2017 8:36,EventCreate,1,None,Application,djkvdihost331.jakarta01.com,JAKARTA01\GuestSKA08  
Error,9/27/2017 8:36,EventCreate,1,None,Application,djkvdihost430.jakarta01.com,JAKARTA01\Linda Marshelia  
Error,9/27/2017 8:36,EventCreate,1,None,Application,djkvdihost170.jakarta01.com,JAKARTA01\lieke  
Error,9/27/2017 8:35,EventCreate,1,None,Application,djkvdihost258.jakarta01.com,JAKARTA01\Lutfi  
Error,9/27/2017 8:35,EventCreate,1,None,Application,djkvdihost091.jakarta01.com,JAKARTA01\nadya  
Error,9/27/2017 8:35,EventCreate,1,None,Application,djkvdihost639.jakarta01.com,JAKARTA01\kreshna  
Error,9/27/2017 8:35,EventCreate,1,None,Application,djkvdihost224.jakarta01.com,JAKARTA01\wang  
Error,9/27/2017 8:35,EventCreate,1,None,Application,djkvdihost196.jakarta01.com,JAKARTA01\Guestisd31  
Error,9/27/2017 8:35,EventCreate,1,None,Application,djkvdihost482.jakarta01.com,JAKARTA01\bahar  
Error,9/27/2017 8:35,EventCreate,1,None,Application,djkvdihost104.jakarta01.com,JAKARTA01\christianrs  
Error,9/27/2017 8:35,EventCreate,1,None,Application,djkvdihost832.jakarta01.com,JAKARTA01\Nikmatullah  
Error,9/27/2017 8:35,EventCreate,1,None,Application,djkvdihost821.jakarta01.com,JAKARTA01\margiati  
Error,9/27/2017 8:35,EventCreate,1,None,Application,djkvdihost611.jakarta01.com,JAKARTA01\Taufik Kurniawan  
Error,9/27/2017 8:35,EventCreate,1,None,Application,djkvdihost594.jakarta01.com,JAKARTA01\kunthi  
Error,9/27/2017 8:34,EventCreate,1,None,Application,djkvdihost486.jakarta01.com,JAKARTA01\nirliani  
Error,9/27/2017 8:34,EventCreate,1,None,Application,djkvdihost057.jakarta01.com,JAKARTA01\M Fajri  
Error,9/27/2017 8:34,EventCreate,1,None,Application,djkvdihost413.jakarta01.com,JAKARTA01\ALFIYAH  
Error,9/27/2017 8:34,EventCreate,1,None,Application,djkvdihost072.jakarta01.com,JAKARTA01\rhaditya  
Error,9/27/2017 8:33,EventCreate,1,None,Application,djkvdihost208.jakarta01.com,JAKARTA01\fatima  
Error,9/27/2017 8:33,EventCreate,1,None,Application,djkvdihost336.jakarta01.com,JAKARTA01\venir  
Error,9/27/2017 8:33,EventCreate,1,None,Application,djkvdihost556.jakarta01.com,JAKARTA01\indriani  
Error,9/27/2017 8:33,EventCreate,1,None,Application,djkvdihost445.jakarta01.com,JAKARTA01\clarissa  
Error,9/27/2017 8:33,EventCreate,1,None,Application,djkvdihost603.jakarta01.com,JAKARTA01\lileliza  
Error,9/27/2017 8:33,EventCreate,1,None,Application,djkvdihost797.jakarta01.com,JAKARTA01\Elisabeth  
Error,9/27/2017 8:33,Application Error,1000,-100,Application,djkvdihost336.jakarta01.com,"Faulting application name: wfcrun32.exe, version: 14.4.1000.16, time stamp: 0x571e1bd4
Faulting module name: MFC80.DLL, version: 8.0.50727.6195, time stamp: 0x4dcdeca2
Exception code: 0xc0000005
Fault offset: 0x000ee1a9
Faulting process id: 0x45c
Faulting application start time: 0x01d337309126c518
Faulting application path: C:\Program Files\Citrix\ICA Client\wfcrun32.exe
Faulting module path: C:\Windows\WinSxS\x86_microsoft.vc80.mfc_1fc8b3b9a1e18e3b_8.0.50727.6195_none_cbf5e994470a1a8f\MFC80.DLL
Report Id: d1c75781-a323-11e7-a4c8-0050569f7ca5"
Error,9/27/2017 8:33,EventCreate,1,None,Application,djkvdihost288.jakarta01.com,JAKARTA01\ferdiansyah  
Error,9/27/2017 8:33,EventCreate,1,None,Application,djkvdihost769.jakarta01.com,JAKARTA01\AULIASA  
Error,9/27/2017 8:32,EventCreate,1,None,Application,djkvdihost215.jakarta01.com,JAKARTA01\MuhammadI  
Error,9/27/2017 8:32,EventCreate,1,None,Application,djkvdihost708.jakarta01.com,JAKARTA01\Resty  
Error,9/27/2017 8:32,EventCreate,1,None,Application,djkvdihost429.jakarta01.com,JAKARTA01\Darmi  
Error,9/27/2017 8:32,EventCreate,1,None,Application,djkvdihost429.jakarta01.com,JAKARTA01\Darmi  
Error,9/27/2017 8:31,EventCreate,1,None,Application,djkvdihost535.jakarta01.com,JAKARTA01\Novita Rahayu  
Error,9/27/2017 8:31,EventCreate,1,None,Application,djkvdihost249.jakarta01.com,JAKARTA01\GuestISD56  
Error,9/27/2017 8:30,EventCreate,1,None,Application,djkvdihost772.jakarta01.com,JAKARTA01\Dian Permata  
Error,9/27/2017 8:30,Application Error,1000,-100,Application,djkvdihost772.jakarta01.com,"Faulting application name: OUTLOOK.EXE, version: 15.0.4919.1001, time stamp: 0x58d20482
Faulting module name: OUTLOOK.EXE, version: 15.0.4919.1001, time stamp: 0x58d20482
Exception code: 0xc0000005
Fault offset: 0x008924c4
Faulting process id: 0x1ba0
Faulting application start time: 0x01d3372cac37d272
Faulting application path: C:\Program Files\Microsoft Office\Office15\OUTLOOK.EXE
Faulting module path: C:\Program Files\Microsoft Office\Office15\OUTLOOK.EXE
Report Id: 78b5676f-a323-11e7-b02b-0050569f0d80"
Error,9/27/2017 8:31,EventCreate,1,None,Application,djkvdihost770.jakarta01.com,JAKARTA01\Rini Purnama  
Error,9/27/2017 8:30,EventCreate,1,None,Application,djkvdihost535.jakarta01.com,JAKARTA01\Novita Rahayu  
Error,9/27/2017 8:30,EventCreate,1,None,Application,djkvdihost291.jakarta01.com,JAKARTA01\cinta  
Error,9/27/2017 8:30,Application Error,1000,-100,Application,djkvdihost291.jakarta01.com,"Faulting application name: spoolsv.exe, version: 6.1.7601.17777, time stamp: 0x4f35efc3
Faulting module name: msvcrt.dll, version: 7.0.7601.17744, time stamp: 0x4eeaf722
Exception code: 0xc0000005
Fault offset: 0x0000aa14
Faulting process id: 0x648
Faulting application start time: 0x01d336abf9e7b7cd
Faulting application path: C:\Windows\System32\spoolsv.exe
Faulting module path: C:\Windows\system32\msvcrt.dll
Report Id: 6706b201-a323-11e7-aba1-0050569f1d26"
Error,9/27/2017 8:30,EventCreate,1,None,Application,djkvdihost276.jakarta01.com,JAKARTA01\aditya ny  
Error,9/27/2017 8:30,EventCreate,1,None,Application,djkvdihost276.jakarta01.com,JAKARTA01\aditya ny  
Error,9/27/2017 8:29,EventCreate,1,None,Application,djkvdihost351.jakarta01.com,JAKARTA01\karmenia  
Error,9/27/2017 8:29,EventCreate,1,None,Application,djkvdihost697.jakarta01.com,JAKARTA01\veronicam  
Error,9/27/2017 8:29,EventCreate,1,None,Application,djkvdihost672.jakarta01.com,JAKARTA01\indra pranowo  
Error,9/27/2017 8:29,EventCreate,1,None,Application,djkvdihost082.jakarta01.com,JAKARTA01\badrudin  
Error,9/27/2017 8:29,EventCreate,1,None,Application,djkvdihost744.jakarta01.com,JAKARTA01\zulkarnaena  
Error,9/27/2017 8:28,EventCreate,1,None,Application,djkvdihost758.jakarta01.com,JAKARTA01\Adi Saputra  
Error,9/27/2017 8:29,EventCreate,1,None,Application,djkvdihost670.jakarta01.com,JAKARTA01\danna  
Error,9/27/2017 8:29,EventCreate,1,None,Application,djkvdihost827.jakarta01.com,JAKARTA01\dolly  
Error,9/27/2017 8:29,EventCreate,1,None,Application,djkvdihost789.jakarta01.com,JAKARTA01\hirano  
Error,9/27/2017 8:28,EventCreate,1,None,Application,djkvdihost351.jakarta01.com,JAKARTA01\karmenia  
Error,9/27/2017 8:28,EventCreate,1,None,Application,djkvdihost894.jakarta01.com,JAKARTA01\Indra Bramantyono  
Error,9/27/2017 8:27,WSH,1,None,Application,djkvdihost894.jakarta01.com,"CN=Indra Bramantyono password will expire in 1 day(s) at 9/28/2017 7:52:05 AM

Press CTRL + ALT + DEL and select the ""Change a password"" option."
Error,9/27/2017 8:27,WSH,1,None,Application,djkvdihost758.jakarta01.com,"CN=Adi Saputra password will expire in 4 day(s) at 10/1/2017 8:42:27 AM

Press CTRL + ALT + DEL and select the ""Change a password"" option."
Error,9/27/2017 8:27,WSH,1,None,Application,djkvdihost894.jakarta01.com,"CN=Indra Bramantyono password will expire in 1 day(s) at 9/28/2017 7:52:05 AM

Press CTRL + ALT + DEL and select the ""Change a password"" option."
Error,9/27/2017 8:27,WSH,1,None,Application,djkvdihost758.jakarta01.com,"CN=Adi Saputra password will expire in 4 day(s) at 10/1/2017 8:42:27 AM

Press CTRL + ALT + DEL and select the ""Change a password"" option."
Error,9/27/2017 8:27,EventCreate,1,None,Application,djkvdihost365.jakarta01.com,JAKARTA01\m ridho  
Error,9/27/2017 8:27,EventCreate,1,None,Application,djkvdihost902.jakarta01.com,JAKARTA01\adi prasetio  
Error,9/27/2017 8:27,EventCreate,1,None,Application,djkvdihost437.jakarta01.com,JAKARTA01\novianti  
Error,9/27/2017 8:27,EventCreate,1,None,Application,djkvdihost513.jakarta01.com,JAKARTA01\davidc  
Error,9/27/2017 8:27,EventCreate,1,None,Application,djkvdihost578.jakarta01.com,JAKARTA01\Hasna  
Error,9/27/2017 8:27,EventCreate,1,None,Application,djkvdihost747.jakarta01.com,JAKARTA01\BERNARDUS  
Error,9/27/2017 8:27,EventCreate,1,None,Application,djkvdihost501.jakarta01.com,JAKARTA01\panji ndaru  
Error,9/27/2017 8:27,EventCreate,1,None,Application,djkvdihost604.jakarta01.com,JAKARTA01\indra jayadi  
Error,9/27/2017 8:26,EventCreate,1,None,Application,djkvdihost462.jakarta01.com,JAKARTA01\MSandy  
Error,9/27/2017 8:26,EventCreate,1,None,Application,djkvdihost021.jakarta01.com,JAKARTA01\ni ketut  
Error,9/27/2017 8:26,EventCreate,1,None,Application,djkvdihost834.jakarta01.com,JAKARTA01\sari  
Error,9/27/2017 8:25,EventCreate,1,None,Application,djkvdihost718.jakarta01.com,JAKARTA01\Lily  
Error,9/27/2017 8:25,EventCreate,1,None,Application,djkvdihost561.jakarta01.com,JAKARTA01\LILY AISYAH  
Error,9/27/2017 8:25,EventCreate,1,None,Application,djkvdihost669.jakarta01.com,JAKARTA01\yoga  
Error,9/27/2017 8:25,EventCreate,1,None,Application,djkvdihost201.jakarta01.com,JAKARTA01\Ahmad Hidayat  
Error,9/27/2017 8:24,EventCreate,1,None,Application,djkvdihost663.jakarta01.com,JAKARTA01\Marganda  
Error,9/27/2017 8:24,EventCreate,1,None,Application,djkvdihost776.jakarta01.com,JAKARTA01\Yulistial  
Error,9/27/2017 8:24,EventCreate,1,None,Application,djkvdihost241.jakarta01.com,JAKARTA01\wicaksono  
Error,9/27/2017 8:24,EventCreate,1,None,Application,djkvdihost543.jakarta01.com,JAKARTA01\mochammad  
Error,9/27/2017 8:24,EventCreate,1,None,Application,djkvdihost308.jakarta01.com,JAKARTA01\DEVI  
Error,9/27/2017 8:24,EventCreate,1,None,Application,djkvdihost693.jakarta01.com,JAKARTA01\guestisd03  
Error,9/27/2017 8:23,EventCreate,1,None,Application,djkvdihost732.jakarta01.com,JAKARTA01\Darmawan  
Error,9/27/2017 8:23,EventCreate,1,None,Application,djkvdihost757.jakarta01.com,JAKARTA01\Ida  
Error,9/27/2017 8:23,EventCreate,1,None,Application,djkvdihost434.jakarta01.com,JAKARTA01\henry st  
Error,9/27/2017 8:23,EventCreate,1,None,Application,djkvdihost205.jakarta01.com,JAKARTA01\palmella  
Error,9/27/2017 8:23,EventCreate,1,None,Application,djkvdihost074.jakarta01.com,JAKARTA01\Siti Atikah  
Error,9/27/2017 8:22,EventCreate,1,None,Application,djkvdihost724.jakarta01.com,JAKARTA01\Yustine  
Error,9/27/2017 8:22,EventCreate,1,None,Application,djkvdihost110.jakarta01.com,JAKARTA01\tara  
Error,9/27/2017 8:22,EventCreate,1,None,Application,djkvdihost059.jakarta01.com,JAKARTA01\nadea  
Error,9/27/2017 8:22,EventCreate,1,None,Application,djkvdihost266.jakarta01.com,JAKARTA01\harumi  
Error,9/27/2017 8:21,EventCreate,1,None,Application,djkvdihost774.jakarta01.com,JAKARTA01\Adjeng  
Error,9/27/2017 8:21,EventCreate,1,None,Application,djkvdihost876.jakarta01.com,JAKARTA01\deddy  
Error,9/27/2017 8:21,EventCreate,1,None,Application,djkvdihost691.jakarta01.com,JAKARTA01\alifah  
Error,9/27/2017 8:21,EventCreate,1,None,Application,djkvdihost348.jakarta01.com,JAKARTA01\Hilma  
Error,9/27/2017 8:21,EventCreate,1,None,Application,djkvdihost735.jakarta01.com,JAKARTA01\veronicam  
Error,9/27/2017 8:21,EventCreate,1,None,Application,djkvdihost862.jakarta01.com,JAKARTA01\natasya  
Error,9/27/2017 8:21,EventCreate,1,None,Application,djkvdihost209.jakarta01.com,JAKARTA01\Anton 2  
Error,9/27/2017 8:21,EventCreate,1,None,Application,djkvdihost800.jakarta01.com,JAKARTA01\Lordy  
Error,9/27/2017 8:21,WSH,1,None,Application,djkvdihost059.jakarta01.com,"CN=Nadea Endar Kesuma password will expire in 4 day(s) at 10/1/2017 8:20:18 AM

Press CTRL + ALT + DEL and select the ""Change a password"" option."
Error,9/27/2017 8:21,EventCreate,1,None,Application,djkvdihost081.jakarta01.com,JAKARTA01\rifan  
Error,9/27/2017 8:21,EventCreate,1,None,Application,djkvdihost317.jakarta01.com,JAKARTA01\Didik  
Error,9/27/2017 8:21,WSH,1,None,Application,djkvdihost059.jakarta01.com,"CN=Nadea Endar Kesuma password will expire in 4 day(s) at 10/1/2017 8:20:18 AM

Press CTRL + ALT + DEL and select the ""Change a password"" option."
Error,9/27/2017 8:20,EventCreate,1,None,Application,djkvdihost876.jakarta01.com,JAKARTA01\deddy  
Error,9/27/2017 8:20,EventCreate,1,None,Application,djkvdihost800.jakarta01.com,JAKARTA01\Lordy  
Error,9/27/2017 8:19,WSH,1,None,Application,djkvdihost800.jakarta01.com,"CN=Lordy Perdana Purba password will expire in 4 day(s) at 10/1/2017 1:47:43 PM

Press CTRL + ALT + DEL and select the ""Change a password"" option."
Error,9/27/2017 8:20,EventCreate,1,None,Application,djkvdihost714.jakarta01.com,JAKARTA01\sylvia  
Error,9/27/2017 8:20,EventCreate,1,None,Application,djkvdihost699.jakarta01.com,JAKARTA01\elvina  
Error,9/27/2017 8:20,Application Error,1000,-100,Application,djkvdihost699.jakarta01.com,"Faulting application name: spoolsv.exe, version: 6.1.7601.17777, time stamp: 0x4f35efc3
Faulting module name: msvcrt.dll, version: 7.0.7601.17744, time stamp: 0x4eeaf722
Exception code: 0xc0000005
Fault offset: 0x0000aa14
Faulting process id: 0x638
Faulting application start time: 0x01d336c0cacb4592
Faulting application path: C:\Windows\System32\spoolsv.exe
Faulting module path: C:\Windows\system32\msvcrt.dll
Report Id: fb2e9191-a321-11e7-8b32-0050569f7795"
Error,9/27/2017 8:19,WSH,1,None,Application,djkvdihost800.jakarta01.com,"CN=Lordy Perdana Purba password will expire in 4 day(s) at 10/1/2017 1:47:43 PM

Press CTRL + ALT + DEL and select the ""Change a password"" option."
Error,9/27/2017 8:19,EventCreate,1,None,Application,djkvdihost178.jakarta01.com,JAKARTA01\ardiana  
Error,9/27/2017 8:20,EventCreate,1,None,Application,djkvdihost714.jakarta01.com,JAKARTA01\sylvia  
Error,9/27/2017 8:19,EventCreate,1,None,Application,djkvdihost460.jakarta01.com,JAKARTA01\michiko  
Error,9/27/2017 8:19,EventCreate,1,None,Application,djkvdihost131.jakarta01.com,JAKARTA01\widya utami  
Error,9/27/2017 8:19,EventCreate,1,None,Application,djkvdihost404.jakarta01.com,JAKARTA01\mdendy  
Error,9/27/2017 8:19,EventCreate,1,None,Application,djkvdihost404.jakarta01.com,JAKARTA01\mdendy  
Error,9/27/2017 8:19,EventCreate,1,None,Application,djkvdihost699.jakarta01.com,JAKARTA01\elvina  
Error,9/27/2017 8:19,EventCreate,1,None,Application,djkvdihost178.jakarta01.com,JAKARTA01\ardiana  
Error,9/27/2017 8:19,EventCreate,1,None,Application,djkvdihost300.jakarta01.com,JAKARTA01\magdalena  
Error,9/27/2017 8:18,WSH,1,None,Application,djkvdihost131.jakarta01.com,"CN=Widya Utami Ketuyahman password will expire in 1 day(s) at 9/28/2017 8:10:15 AM

Press CTRL + ALT + DEL and select the ""Change a password"" option."
Error,9/27/2017 8:19,EventCreate,1,None,Application,djkvdihost761.jakarta01.com,JAKARTA01\Marlina  
Error,9/27/2017 8:19,EventCreate,1,None,Application,djkvdihost105.jakarta01.com,JAKARTA01\warda  
Error,9/27/2017 8:19,EventCreate,1,None,Application,djkvdihost100.jakarta01.com,JAKARTA01\guestisd37  
Error,9/27/2017 8:19,EventCreate,1,None,Application,djkvdihost247.jakarta01.com,JAKARTA01\evi  
Error,9/27/2017 8:18,WSH,1,None,Application,djkvdihost105.jakarta01.com,"CN=Warda Husna Harahap password will expire in 1 day(s) at 9/28/2017 7:48:27 AM

Press CTRL + ALT + DEL and select the ""Change a password"" option."
Error,9/27/2017 8:18,WSH,1,None,Application,djkvdihost131.jakarta01.com,"CN=Widya Utami Ketuyahman password will expire in 1 day(s) at 9/28/2017 8:10:15 AM

Press CTRL + ALT + DEL and select the ""Change a password"" option."
Error,9/27/2017 8:18,EventCreate,1,None,Application,djkvdihost194.jakarta01.com,JAKARTA01\hemayani  
Error,9/27/2017 8:18,EventCreate,1,None,Application,djkvdihost811.jakarta01.com,JAKARTA01\Tri Ari  
Error,9/27/2017 8:18,EventCreate,1,None,Application,djkvdihost225.jakarta01.com,JAKARTA01\liza  
Error,9/27/2017 8:18,EventCreate,1,None,Application,djkvdihost805.jakarta01.com,JAKARTA01\denny  
Error,9/27/2017 8:18,WSH,1,None,Application,djkvdihost105.jakarta01.com,"CN=Warda Husna Harahap password will expire in 1 day(s) at 9/28/2017 7:48:27 AM

Press CTRL + ALT + DEL and select the ""Change a password"" option."
Error,9/27/2017 8:18,EventCreate,1,None,Application,djkvdihost705.jakarta01.com,JAKARTA01\Bagus Gede  
Error,9/27/2017 8:18,EventCreate,1,None,Application,djkvdihost619.jakarta01.com,JAKARTA01\maya  
Error,9/27/2017 8:17,EventCreate,1,None,Application,djkvdihost147.jakarta01.com,JAKARTA01\hendry  
Error,9/27/2017 8:17,EventCreate,1,None,Application,djkvdihost793.jakarta01.com,JAKARTA01\shinta  
Error,9/27/2017 8:17,EventCreate,1,None,Application,djkvdihost613.jakarta01.com,JAKARTA01\gian  
Error,9/27/2017 8:17,EventCreate,1,None,Application,djkvdihost637.jakarta01.com,JAKARTA01\mutiman  
Error,9/27/2017 8:17,EventCreate,1,None,Application,djkvdihost664.jakarta01.com,JAKARTA01\Adang  
Error,9/27/2017 8:17,EventCreate,1,None,Application,djkvdihost274.jakarta01.com,JAKARTA01\Ariestyo  
Error,9/27/2017 8:16,EventCreate,1,None,Application,djkvdihost251.jakarta01.com,JAKARTA01\hertanto  
Error,9/27/2017 8:16,Application Error,1000,-100,Application,djkvdihost251.jakarta01.com,"Faulting application name: spoolsv.exe, version: 6.1.7601.17777, time stamp: 0x4f35efc3
Faulting module name: msvcrt.dll, version: 7.0.7601.17744, time stamp: 0x4eeaf722
Exception code: 0xc0000005
Fault offset: 0x0000aa14
Faulting process id: 0x634
Faulting application start time: 0x01d336b8e4e001cd
Faulting application path: C:\Windows\System32\spoolsv.exe
Faulting module path: C:\Windows\system32\msvcrt.dll
Report Id: 78c0ab12-a321-11e7-864b-0050569f13e4"
Error,9/27/2017 8:16,EventCreate,1,None,Application,djkvdihost373.jakarta01.com,JAKARTA01\ubaedi  
Error,9/27/2017 8:16,EventCreate,1,None,Application,djkvdihost644.jakarta01.com,JAKARTA01\eriku  
Error,9/27/2017 8:16,EventCreate,1,None,Application,djkvdihost153.jakarta01.com,JAKARTA01\Agus  
Error,9/27/2017 8:16,EventCreate,1,None,Application,djkvdihost540.jakarta01.com,JAKARTA01\bella  
Error,9/27/2017 8:16,EventCreate,1,None,Application,djkvdihost898.jakarta01.com,JAKARTA01\StellaH  
Error,9/27/2017 8:16,EventCreate,1,None,Application,djkvdihost152.jakarta01.com,JAKARTA01\Liasyah  
Error,9/27/2017 8:16,EventCreate,1,None,Application,djkvdihost666.jakarta01.com,JAKARTA01\Jauw  
Error,9/27/2017 8:15,EventCreate,1,None,Application,djkvdihost089.jakarta01.com,JAKARTA01\sulaiman  
Error,9/27/2017 8:15,EventCreate,1,None,Application,djkvdihost477.jakarta01.com,JAKARTA01\smuhidin  
Error,9/27/2017 8:15,EventCreate,1,None,Application,djkvdihost326.jakarta01.com,JAKARTA01\devita  
Error,9/27/2017 8:15,EventCreate,1,None,Application,djkvdihost527.jakarta01.com,JAKARTA01\haedar  
Error,9/27/2017 8:15,EventCreate,1,None,Application,djkvdihost736.jakarta01.com,JAKARTA01\Rosulla  
Error,9/27/2017 8:15,EventCreate,1,None,Application,djkvdihost094.jakarta01.com,JAKARTA01\ahmad  
Error,9/27/2017 8:15,EventCreate,1,None,Application,djkvdihost263.jakarta01.com,JAKARTA01\katrin  
Error,9/27/2017 8:15,EventCreate,1,None,Application,djkvdihost403.jakarta01.com,JAKARTA01\william  
Error,9/27/2017 8:15,EventCreate,1,None,Application,djkvdihost457.jakarta01.com,JAKARTA01\kristiana  
Error,9/27/2017 8:14,WSH,1,None,Application,djkvdihost736.jakarta01.com,"CN=Rosulla Topan Berliana password will expire in 4 day(s) at 10/1/2017 8:34:48 AM

Press CTRL + ALT + DEL and select the ""Change a password"" option."
Error,9/27/2017 8:15,EventCreate,1,None,Application,djkvdihost491.jakarta01.com,JAKARTA01\rahma  
Error,9/27/2017 8:14,WSH,1,None,Application,djkvdihost736.jakarta01.com,"CN=Rosulla Topan Berliana password will expire in 4 day(s) at 10/1/2017 8:34:48 AM

Press CTRL + ALT + DEL and select the ""Change a password"" option."
Error,9/27/2017 8:14,EventCreate,1,None,Application,djkvdihost813.jakarta01.com,JAKARTA01\cecilia  
Error,9/27/2017 8:14,EventCreate,1,None,Application,djkvdihost009.jakarta01.com,JAKARTA01\Armanto  
Error,9/27/2017 8:13,EventCreate,1,None,Application,djkvdihost419.jakarta01.com,JAKARTA01\adriani  
Error,9/27/2017 8:13,EventCreate,1,None,Application,djkvdihost419.jakarta01.com,JAKARTA01\adriani  
Error,9/27/2017 8:13,EventCreate,1,None,Application,djkvdihost307.jakarta01.com,JAKARTA01\bryan  
Error,9/27/2017 8:13,EventCreate,1,None,Application,djkvdihost066.jakarta01.com,JAKARTA01\tasin  
Error,9/27/2017 8:13,EventCreate,1,None,Application,djkvdihost353.jakarta01.com,JAKARTA01\rimico  
Error,9/27/2017 8:12,EventCreate,1,None,Application,djkvdihost354.jakarta01.com,JAKARTA01\Latiefah  
Error,9/27/2017 8:13,EventCreate,1,None,Application,djkvdihost475.jakarta01.com,JAKARTA01\sandi  
Error,9/27/2017 8:13,EventCreate,1,None,Application,djkvdihost737.jakarta01.com,JAKARTA01\augtiaji  
Error,9/27/2017 8:13,EventCreate,1,None,Application,djkvdihost410.jakarta01.com,JAKARTA01\hari  
Error,9/27/2017 8:13,EventCreate,1,None,Application,djkvdihost344.jakarta01.com,JAKARTA01\chinthiars  
Error,9/27/2017 8:13,EventCreate,1,None,Application,djkvdihost419.jakarta01.com,JAKARTA01\adriani  
Error,9/27/2017 8:13,EventCreate,1,None,Application,djkvdihost727.jakarta01.com,JAKARTA01\indrak  
Error,9/27/2017 8:12,EventCreate,1,None,Application,djkvdihost299.jakarta01.com,JAKARTA01\alex  
Error,9/27/2017 8:13,EventCreate,1,None,Application,djkvdihost706.jakarta01.com,JAKARTA01\rahayu  
Error,9/27/2017 8:13,Application Error,1000,-100,Application,djkvdihost307.jakarta01.com,"Faulting application name: spoolsv.exe, version: 6.1.7601.17777, time stamp: 0x4f35efc3
Faulting module name: msvcrt.dll, version: 7.0.7601.17744, time stamp: 0x4eeaf722
Exception code: 0xc0000005
Fault offset: 0x0000aa14
Faulting process id: 0x638
Faulting application start time: 0x01d336b678e1edcd
Faulting application path: C:\Windows\System32\spoolsv.exe
Faulting module path: C:\Windows\system32\msvcrt.dll
Report Id: 029a99b4-a321-11e7-a58b-0050569f2ce9"
Error,9/27/2017 8:13,EventCreate,1,None,Application,djkvdihost019.jakarta01.com,JAKARTA01\bellaisya  
Error,9/27/2017 8:12,EventCreate,1,None,Application,djkvdihost802.jakarta01.com,JAKARTA01\dimas adhi  
Error,9/27/2017 8:13,EventCreate,1,None,Application,djkvdihost002.jakarta01.com,JAKARTA01\erik  
Error,9/27/2017 8:13,EventCreate,1,None,Application,djkvdihost826.jakarta01.com,JAKARTA01\novitarini  
Error,9/27/2017 8:12,WSH,1,None,Application,djkvdihost737.jakarta01.com,"CN=Augtiaji Awang Baskoro password will expire in 1 day(s) at 9/28/2017 8:00:28 AM

Press CTRL + ALT + DEL and select the ""Change a password"" option."
Error,9/27/2017 8:12,EventCreate,1,None,Application,djkvdihost002.jakarta01.com,JAKARTA01\erik  
Error,9/27/2017 8:12,EventCreate,1,None,Application,djkvdihost748.jakarta01.com,JAKARTA01\mahendra  
Error,9/27/2017 8:12,EventCreate,1,None,Application,djkvdihost484.jakarta01.com,JAKARTA01\driarkoro  
Error,9/27/2017 8:12,EventCreate,1,None,Application,djkvdihost802.jakarta01.com,JAKARTA01\dimas adhi  
Error,9/27/2017 8:12,EventCreate,1,None,Application,djkvdihost016.jakarta01.com,JAKARTA01\GUESTISD32  
Error,9/27/2017 8:12,EventCreate,1,None,Application,djkvdihost354.jakarta01.com,JAKARTA01\Latiefah  
Error,9/27/2017 8:12,WSH,1,None,Application,djkvdihost737.jakarta01.com,"CN=Augtiaji Awang Baskoro password will expire in 1 day(s) at 9/28/2017 8:00:28 AM

Press CTRL + ALT + DEL and select the ""Change a password"" option."
Error,9/27/2017 8:12,EventCreate,1,None,Application,djkvdihost324.jakarta01.com,JAKARTA01\wisnu  
Error,9/27/2017 8:12,EventCreate,1,None,Application,djkvdihost688.jakarta01.com,JAKARTA01\yulia rifanda  
Error,9/27/2017 8:12,WSH,1,None,Application,djkvdihost307.jakarta01.com,"CN=Bryan Tanri password will expire in 4 day(s) at 10/1/2017 4:42:52 PM

Press CTRL + ALT + DEL and select the ""Change a password"" option."
Error,9/27/2017 8:12,WSH,1,None,Application,djkvdihost307.jakarta01.com,"CN=Bryan Tanri password will expire in 4 day(s) at 10/1/2017 4:42:52 PM

Press CTRL + ALT + DEL and select the ""Change a password"" option."
Error,9/27/2017 8:11,EventCreate,1,None,Application,djkvdihost299.jakarta01.com,JAKARTA01\alex  
Error,9/27/2017 8:11,EventCreate,1,None,Application,djkvdihost569.jakarta01.com,JAKARTA01\achmadr  
Error,9/27/2017 8:10,EventCreate,1,None,Application,djkvdihost899.jakarta01.com,JAKARTA01\matthew  
Error,9/27/2017 8:10,EventCreate,1,None,Application,djkvdihost480.jakarta01.com,JAKARTA01\rozi  
Error,9/27/2017 8:10,EventCreate,1,None,Application,djkvdihost268.jakarta01.com,JAKARTA01\Tino  
Error,9/27/2017 8:10,EventCreate,1,None,Application,djkvdihost411.jakarta01.com,JAKARTA01\andi almira  
Error,9/27/2017 8:10,WSH,1,None,Application,djkvdihost899.jakarta01.com,"CN=Matthew Hanzel password will expire in 1 day(s) at 9/28/2017 7:34:54 AM

Press CTRL + ALT + DEL and select the ""Change a password"" option."
Error,9/27/2017 8:10,WSH,1,None,Application,djkvdihost899.jakarta01.com,"CN=Matthew Hanzel password will expire in 1 day(s) at 9/28/2017 7:34:54 AM

Press CTRL + ALT + DEL and select the ""Change a password"" option."
Error,9/27/2017 8:09,EventCreate,1,None,Application,djkvdihost261.jakarta01.com,JAKARTA01\yulianty  
Error,9/27/2017 8:09,EventCreate,1,None,Application,djkvdihost028.jakarta01.com,JAKARTA01\Yudhadp  
Error,9/27/2017 8:09,EventCreate,1,None,Application,djkvdihost181.jakarta01.com,JAKARTA01\angga  
Error,9/27/2017 8:09,EventCreate,1,None,Application,djkvdihost175.jakarta01.com,JAKARTA01\oliviales  
Error,9/27/2017 8:09,EventCreate,1,None,Application,djkvdihost438.jakarta01.com,JAKARTA01\Nirmala  
Error,9/27/2017 8:09,EventCreate,1,None,Application,djkvdihost312.jakarta01.com,JAKARTA01\andi wijaya  
Error,9/27/2017 8:09,EventCreate,1,None,Application,djkvdihost411.jakarta01.com,JAKARTA01\andi almira  
Error,9/27/2017 8:08,EventCreate,1,None,Application,djkvdihost092.jakarta01.com,JAKARTA01\syifa  
Error,9/27/2017 8:09,EventCreate,1,None,Application,djkvdihost499.jakarta01.com,JAKARTA01\laila  
Error,9/27/2017 8:08,EventCreate,1,None,Application,djkvdihost824.jakarta01.com,JAKARTA01\trisnawati  
