Error,10/3/2017 7:21:54 AM,EventCreate,1,None,Application,djkvdihost167.jakarta01.com,JAKARTA01\lestari  
Error,10/3/2017 7:21:30 AM,EventCreate,1,None,Application,djkvdihost136.jakarta01.com,JAKARTA01\caroline  
Error,10/3/2017 7:21:30 AM,EventCreate,1,None,Application,djkvdihost002.jakarta01.com,JAKARTA01\rindang  
Error,10/3/2017 7:21:25 AM,EventCreate,1,None,Application,djkvdihost147.jakarta01.com,JAKARTA01\dwinda  
Error,10/3/2017 7:20:56 AM,EventCreate,1,None,Application,djkvdihost485.jakarta01.com,JAKARTA01\Luki Mahanani  
Error,10/3/2017 7:20:55 AM,EventCreate,1,None,Application,djkvdihost785.jakarta01.com,JAKARTA01\amanda chandra  
Error,10/3/2017 7:20:41 AM,Application Error,1000,(100),Application,djkvdihost785.jakarta01.com,"Faulting application name: spoolsv.exe, version: 6.1.7601.17777, time stamp: 0x4f35efc3
Faulting module name: msvcrt.dll, version: 7.0.7601.17744, time stamp: 0x4eeaf722
Exception code: 0xc0000005
Fault offset: 0x0000aa14
Faulting process id: 0x638
Faulting application start time: 0x01d33b71971bba41
Faulting application path: C:\Windows\System32\spoolsv.exe
Faulting module path: C:\Windows\system32\msvcrt.dll
Report Id: afb38223-a7d0-11e7-a5c6-0050569f15ab"
Error,10/3/2017 7:20:37 AM,EventCreate,1,None,Application,djkvdihost336.jakarta01.com,JAKARTA01\fatma  
Error,10/3/2017 7:20:34 AM,EventCreate,1,None,Application,djkvdihost592.jakarta01.com,JAKARTA01\adhi  
Error,10/3/2017 7:19:22 AM,EventCreate,1,None,Application,djkvdihost520.jakarta01.com,JAKARTA01\Yustine  
Error,10/3/2017 7:19:08 AM,EventCreate,1,None,Application,djkvdihost475.jakarta01.com,JAKARTA01\Novita rahayu  
Error,10/3/2017 7:19:00 AM,EventCreate,1,None,Application,djkvdihost893.jakarta01.com,JAKARTA01\StellaH  
Error,10/3/2017 7:18:55 AM,EventCreate,1,None,Application,djkvdihost291.jakarta01.com,JAKARTA01\nunik  
Error,10/3/2017 7:17:17 AM,EventCreate,1,None,Application,djkvdihost536.jakarta01.com,JAKARTA01\JUNETTE  
Error,10/3/2017 7:17:13 AM,EventCreate,1,None,Application,djkvdihost591.jakarta01.com,JAKARTA01\aria  
Error,10/3/2017 7:17:23 AM,EventCreate,1,None,Application,djkvdihost228.jakarta01.com,JAKARTA01\Virgitha  
Error,10/3/2017 7:17:13 AM,EventCreate,1,None,Application,djkvdihost328.jakarta01.com,JAKARTA01\phesyana  
Error,10/3/2017 7:17:10 AM,EventCreate,1,None,Application,djkvdihost436.jakarta01.com,JAKARTA01\rachelas  
Error,10/3/2017 7:17:07 AM,EventCreate,1,None,Application,djkvdihost536.jakarta01.com,JAKARTA01\JUNETTE  
Error,10/3/2017 7:17:06 AM,Application Error,1000,(100),Application,djkvdihost591.jakarta01.com,"Faulting application name: spoolsv.exe, version: 6.1.7601.17777, time stamp: 0x4f35efc3
Faulting module name: msvcrt.dll, version: 7.0.7601.17744, time stamp: 0x4eeaf722
Exception code: 0xc0000005
Fault offset: 0x0000aa14
Faulting process id: 0x638
Faulting application start time: 0x01d33bc63053687e
Faulting application path: C:\Windows\System32\spoolsv.exe
Faulting module path: C:\Windows\system32\msvcrt.dll
Report Id: 2f9e5051-a7d0-11e7-a8a2-0050569f3904"
Error,10/3/2017 7:14:58 AM,EventCreate,1,None,Application,djkvdihost603.jakarta01.com,JAKARTA01\tantri  
Error,10/3/2017 7:14:59 AM,EventCreate,1,None,Application,djkvdihost356.jakarta01.com,JAKARTA01\eddy  
Error,10/3/2017 7:14:45 AM,EventCreate,1,None,Application,djkvdihost582.jakarta01.com,JAKARTA01\cahyaningtiyas  
Error,10/3/2017 7:14:40 AM,EventCreate,1,None,Application,djkvdihost581.jakarta01.com,JAKARTA01\suwilhan  
Error,10/3/2017 7:14:21 AM,EventCreate,1,None,Application,djkvdihost370.jakarta01.com,JAKARTA01\hertanto  
Error,10/3/2017 7:14:12 AM,EventCreate,1,None,Application,djkvdihost685.jakarta01.com,JAKARTA01\ayub  
Error,10/3/2017 7:14:06 AM,Application Error,1000,(100),Application,djkvdihost370.jakarta01.com,"Faulting application name: spoolsv.exe, version: 6.1.7601.17777, time stamp: 0x4f35efc3
Faulting module name: msvcrt.dll, version: 7.0.7601.17744, time stamp: 0x4eeaf722
Exception code: 0xc0000005
Fault offset: 0x0000aa14
Faulting process id: 0x634
Faulting application start time: 0x01d33b9b6d51e0aa
Faulting application path: C:\Windows\System32\spoolsv.exe
Faulting module path: C:\Windows\system32\msvcrt.dll
Report Id: c4676c61-a7cf-11e7-ab90-0050569f7da7"
Error,10/3/2017 7:13:58 AM,EventCreate,1,None,Application,djkvdihost603.jakarta01.com,JAKARTA01\tantri  
Error,10/3/2017 7:13:38 AM,EventCreate,1,None,Application,djkvdihost144.jakarta01.com,JAKARTA01\Yosi  
Error,10/3/2017 7:13:36 AM,EventCreate,1,None,Application,djkvdihost571.jakarta01.com,JAKARTA01\Rana  
Error,10/3/2017 7:13:36 AM,EventCreate,1,None,Application,djkvdihost181.jakarta01.com,JAKARTA01\Moh Ditto  
Error,10/3/2017 7:13:16 AM,EventCreate,1,None,Application,djkvdihost046.jakarta01.com,JAKARTA01\raras  
Error,10/3/2017 7:13:07 AM,EventCreate,1,None,Application,djkvdihost897.jakarta01.com,JAKARTA01\Indra Bramantyono  
Error,10/3/2017 7:13:07 AM,EventCreate,1,None,Application,djkvdihost422.jakarta01.com,JAKARTA01\andri  
Error,10/3/2017 7:13:00 AM,EventCreate,1,None,Application,djkvdihost089.jakarta01.com,JAKARTA01\fardy  
Error,10/3/2017 7:12:49 AM,EventCreate,1,None,Application,djkvdihost675.jakarta01.com,JAKARTA01\Sely  
Error,10/3/2017 7:12:48 AM,EventCreate,1,None,Application,djkvdihost765.jakarta01.com,JAKARTA01\muhammad zubayr  
Error,10/3/2017 7:12:28 AM,EventCreate,1,None,Application,djkvdihost628.jakarta01.com,JAKARTA01\kusumadita  
Error,10/3/2017 7:12:08 AM,EventCreate,1,None,Application,djkvdihost765.jakarta01.com,JAKARTA01\muhammad zubayr  
Error,10/3/2017 7:11:26 AM,EventCreate,1,None,Application,djkvdihost317.jakarta01.com,JAKARTA01\polyska  
Error,10/3/2017 7:11:43 AM,EventCreate,1,None,Application,djkvdihost418.jakarta01.com,JAKARTA01\ryan  
Error,10/3/2017 7:11:23 AM,EventCreate,1,None,Application,djkvdihost317.jakarta01.com,JAKARTA01\polyska  
Error,10/3/2017 7:11:04 AM,EventCreate,1,None,Application,djkvdihost420.jakarta01.com,JAKARTA01\meinar  
Error,10/3/2017 7:10:42 AM,EventCreate,1,None,Application,djkvdihost377.jakarta01.com,JAKARTA01\hersiari  
Error,10/3/2017 7:10:08 AM,EventCreate,1,None,Application,djkvdihost531.jakarta01.com,JAKARTA01\andiani  
Error,10/3/2017 7:10:06 AM,Application Error,1000,(100),Application,djkvdihost531.jakarta01.com,"Faulting application name: wfcrun32.exe, version: 14.4.1000.16, time stamp: 0x571e1bd4
Faulting module name: MFC80.DLL, version: 8.0.50727.6195, time stamp: 0x4dcdeca2
Exception code: 0xc0000005
Fault offset: 0x000de1b0
Faulting process id: 0x1ab0
Faulting application start time: 0x01d33bdbf759888e
Faulting application path: C:\Program Files\Citrix\ICA Client\wfcrun32.exe
Faulting module path: C:\Windows\WinSxS\x86_microsoft.vc80.mfc_1fc8b3b9a1e18e3b_8.0.50727.6195_none_cbf5e994470a1a8f\MFC80.DLL
Report Id: 352c296e-a7cf-11e7-864c-0050569f42e0"
Error,10/3/2017 7:10:28 AM,EventCreate,1,None,Application,djkvdihost150.jakarta01.com,JAKARTA01\suhendrayana  
Error,10/3/2017 7:10:18 AM,EventCreate,1,None,Application,djkvdihost191.jakarta01.com,JAKARTA01\budi ramadhan  
Error,10/3/2017 7:09:48 AM,EventCreate,1,None,Application,djkvdihost003.jakarta01.com,JAKARTA01\andi wijaya  
Error,10/3/2017 7:09:22 AM,EventCreate,1,None,Application,djkvdihost711.jakarta01.com,JAKARTA01\Shena  
Error,10/3/2017 7:08:37 AM,EventCreate,1,None,Application,djkvdihost717.jakarta01.com,JAKARTA01\reny  
Error,10/3/2017 7:08:36 AM,EventCreate,1,None,Application,djkvdihost051.jakarta01.com,JAKARTA01\indrawati  
Error,10/3/2017 7:08:34 AM,EventCreate,1,None,Application,djkvdihost531.jakarta01.com,JAKARTA01\andiani  
Error,10/3/2017 7:08:11 AM,Application Error,1000,(100),Application,djkvdihost531.jakarta01.com,"Faulting application name: wfcrun32.exe, version: 14.4.1000.16, time stamp: 0x571e1bd4
Faulting module name: MFC80.DLL, version: 8.0.50727.6195, time stamp: 0x4dcdeca2
Exception code: 0xc0000005
Fault offset: 0x000de1b0
Faulting process id: 0x668
Faulting application start time: 0x01d33bdbafce93a6
Faulting application path: C:\Program Files\Citrix\ICA Client\wfcrun32.exe
Faulting module path: C:\Windows\WinSxS\x86_microsoft.vc80.mfc_1fc8b3b9a1e18e3b_8.0.50727.6195_none_cbf5e994470a1a8f\MFC80.DLL
Report Id: f0f09e06-a7ce-11e7-864c-0050569f42e0"
Error,10/3/2017 7:08:07 AM,EventCreate,1,None,Application,djkvdihost238.jakarta01.com,JAKARTA01\Jessica  
Error,10/3/2017 7:08:01 AM,EventCreate,1,None,Application,djkvdihost579.jakarta01.com,JAKARTA01\melani  
Error,10/3/2017 7:07:45 AM,EventCreate,1,None,Application,djkvdihost409.jakarta01.com,JAKARTA01\danielhp  
Error,10/3/2017 7:07:45 AM,EventCreate,1,None,Application,djkvdihost073.jakarta01.com,JAKARTA01\moh rinov  
Error,10/3/2017 7:07:18 AM,EventCreate,1,None,Application,djkvdihost574.jakarta01.com,JAKARTA01\debby  
Error,10/3/2017 7:06:58 AM,EventCreate,1,None,Application,djkvdihost795.jakarta01.com,JAKARTA01\vadya  
Error,10/3/2017 7:06:56 AM,EventCreate,1,None,Application,djkvdihost400.jakarta01.com,JAKARTA01\gatots  
Error,10/3/2017 7:06:51 AM,EventCreate,1,None,Application,djkvdihost604.jakarta01.com,JAKARTA01\tjahja  
Error,10/3/2017 7:06:09 AM,EventCreate,1,None,Application,djkvdihost160.jakarta01.com,JAKARTA01\rusliyani  
Error,10/3/2017 7:05:29 AM,EventCreate,1,None,Application,djkvdihost387.jakarta01.com,JAKARTA01\heri  
Error,10/3/2017 7:04:33 AM,EventCreate,1,None,Application,djkvdihost852.jakarta01.com,JAKARTA01\bobby  
Error,10/3/2017 7:04:07 AM,EventCreate,1,None,Application,djkvdihost725.jakarta01.com,JAKARTA01\muhammad afif  
Error,10/3/2017 7:03:25 AM,EventCreate,1,None,Application,djkvdihost268.jakarta01.com,JAKARTA01\anggi  
Error,10/3/2017 7:03:46 AM,EventCreate,1,None,Application,djkvdihost864.jakarta01.com,JAKARTA01\Nishinaka  
Error,10/3/2017 7:02:20 AM,EventCreate,1,None,Application,djkvdihost847.jakarta01.com,JAKARTA01\masuyama  
Error,10/3/2017 7:02:15 AM,EventCreate,1,None,Application,djkvdihost546.jakarta01.com,JAKARTA01\nila  
Error,10/3/2017 7:01:39 AM,EventCreate,1,None,Application,djkvdihost107.jakarta01.com,JAKARTA01\namora  
Error,10/3/2017 7:01:18 AM,EventCreate,1,None,Application,djkvdihost375.jakarta01.com,JAKARTA01\Amaliawati  
Error,10/3/2017 7:01:06 AM,Application Error,1000,(100),Application,djkvdihost375.jakarta01.com,"Faulting application name: spoolsv.exe, version: 6.1.7601.17777, time stamp: 0x4f35efc3
Faulting module name: msvcrt.dll, version: 7.0.7601.17744, time stamp: 0x4eeaf722
Exception code: 0xc0000005
Fault offset: 0x0000aa14
Faulting process id: 0x634
Faulting application start time: 0x01d33ba0746d05f1
Faulting application path: C:\Windows\System32\spoolsv.exe
Faulting module path: C:\Windows\system32\msvcrt.dll
Report Id: f3e1a878-a7cd-11e7-b710-0050569f386d"
Error,10/3/2017 7:00:46 AM,EventCreate,1,None,Application,djkvdihost023.jakarta01.com,JAKARTA01\ester  
Error,10/3/2017 7:00:20 AM,EventCreate,1,None,Application,djkvdihost509.jakarta01.com,JAKARTA01\barry  
Error,10/3/2017 7:00:18 AM,EventCreate,1,None,Application,djkvdihost764.jakarta01.com,JAKARTA01\feni  
Error,10/3/2017 6:59:55 AM,EventCreate,1,None,Application,djkvdihost595.jakarta01.com,JAKARTA01\k_ignatius  
Error,10/3/2017 6:58:52 AM,EventCreate,1,None,Application,djkvdihost857.jakarta01.com,JAKARTA01\ueda  
Error,10/3/2017 6:58:38 AM,EventCreate,1,None,Application,djkvdihost758.jakarta01.com,JAKARTA01\RURI  
Error,10/3/2017 6:58:23 AM,EventCreate,1,None,Application,djkvdihost199.jakarta01.com,JAKARTA01\wildan  
Error,10/3/2017 6:55:44 AM,EventCreate,1,None,Application,djkvdihost528.jakarta01.com,JAKARTA01\kartika  
Error,10/3/2017 6:55:52 AM,EventCreate,1,None,Application,djkvdihost671.jakarta01.com,JAKARTA01\Hera  
Error,10/3/2017 6:55:32 AM,EventCreate,1,None,Application,djkvdihost354.jakarta01.com,JAKARTA01\Livia  
Error,10/3/2017 6:55:32 AM,Application Error,1000,(100),Application,djkvdihost528.jakarta01.com,"Faulting application name: spoolsv.exe, version: 6.1.7601.17777, time stamp: 0x4f35efc3
Faulting module name: msvcrt.dll, version: 7.0.7601.17744, time stamp: 0x4eeaf722
Exception code: 0xc0000005
Fault offset: 0x0000aa14
Faulting process id: 0x638
Faulting application start time: 0x01d33b6d47a45d29
Faulting application path: C:\Windows\System32\spoolsv.exe
Faulting module path: C:\Windows\system32\msvcrt.dll
Report Id: 2c42a11f-a7cd-11e7-ade6-0050569f7fb2"
Error,10/3/2017 6:55:27 AM,EventCreate,1,None,Application,djkvdihost283.jakarta01.com,JAKARTA01\Patsiana  
Error,10/3/2017 6:55:06 AM,EventCreate,1,None,Application,djkvdihost619.jakarta01.com,JAKARTA01\Donna  
Error,10/3/2017 6:53:35 AM,EventCreate,1,None,Application,djkvdihost390.jakarta01.com,JAKARTA01\Pram  
Error,10/3/2017 6:52:26 AM,EventCreate,1,None,Application,djkvdihost236.jakarta01.com,JAKARTA01\zaldi  
Error,10/3/2017 6:52:11 AM,EventCreate,1,None,Application,djkvdihost268.jakarta01.com,JAKARTA01\anggi  
Error,10/3/2017 6:51:56 AM,Application Error,1000,(100),Application,djkvdihost268.jakarta01.com,"Faulting application name: spoolsv.exe, version: 6.1.7601.17777, time stamp: 0x4f35efc3
Faulting module name: msvcrt.dll, version: 7.0.7601.17744, time stamp: 0x4eeaf722
Exception code: 0xc0000005
Fault offset: 0x0000aa14
Faulting process id: 0x634
Faulting application start time: 0x01d33b6a9d834d93
Faulting application path: C:\Windows\System32\spoolsv.exe
Faulting module path: C:\Windows\system32\msvcrt.dll
Report Id: ab92062a-a7cc-11e7-b9fd-0050569f2588"
Error,10/3/2017 6:51:24 AM,EventCreate,1,None,Application,djkvdihost462.jakarta01.com,JAKARTA01\Pricillia  
Error,10/3/2017 6:49:03 AM,EventCreate,1,None,Application,djkvdihost212.jakarta01.com,JAKARTA01\andini  
Error,10/3/2017 6:48:41 AM,EventCreate,1,None,Application,djkvdihost139.jakarta01.com,JAKARTA01\komangsd  
Error,10/3/2017 6:48:28 AM,EventCreate,1,None,Application,djkvdihost617.jakarta01.com,JAKARTA01\willya  
Error,10/3/2017 6:47:42 AM,EventCreate,1,None,Application,djkvdihost464.jakarta01.com,JAKARTA01\Letitia  
Error,10/3/2017 6:45:52 AM,EventCreate,1,None,Application,djkvdihost318.jakarta01.com,JAKARTA01\taufik  
Error,10/3/2017 6:44:45 AM,EventCreate,1,None,Application,djkvdihost804.jakarta01.com,JAKARTA01\hideo  
Error,10/3/2017 6:44:27 AM,EventCreate,1,None,Application,djkvdihost298.jakarta01.com,JAKARTA01\henny  
Error,10/3/2017 6:42:14 AM,EventCreate,1,None,Application,djkvdihost551.jakarta01.com,JAKARTA01\poespita  
Error,10/3/2017 6:42:03 AM,EventCreate,1,None,Application,djkvdihost873.jakarta01.com,JAKARTA01\Ouchi  
Error,10/3/2017 6:41:47 AM,EventCreate,1,None,Application,djkvdihost874.jakarta01.com,JAKARTA01\jeremia  
Error,10/3/2017 6:41:47 AM,EventCreate,1,None,Application,djkvdihost646.jakarta01.com,JAKARTA01\Nur Alma  
Error,10/3/2017 6:40:29 AM,EventCreate,1,None,Application,djkvdihost385.jakarta01.com,JAKARTA01\Aisyah  
Error,10/3/2017 6:39:11 AM,EventCreate,1,None,Application,djkvdihost225.jakarta01.com,JAKARTA01\rusliadi  
Error,10/3/2017 6:38:37 AM,EventCreate,1,None,Application,djkvdihost285.jakarta01.com,JAKARTA01\gallant  
Error,10/3/2017 6:38:09 AM,EventCreate,1,None,Application,djkvdihost187.jakarta01.com,JAKARTA01\arqom  
Error,10/3/2017 6:38:04 AM,EventCreate,1,None,Application,djkvdihost158.jakarta01.com,JAKARTA01\andrinur  
Error,10/3/2017 6:36:45 AM,EventCreate,1,None,Application,djkvdihost210.jakarta01.com,JAKARTA01\yasinta  
Error,10/3/2017 6:36:44 AM,EventCreate,1,None,Application,djkvdihost672.jakarta01.com,JAKARTA01\mulyono  
Error,10/3/2017 6:36:38 AM,EventCreate,1,None,Application,djkvdihost831.jakarta01.com,JAKARTA01\alexander  
Error,10/3/2017 6:36:20 AM,EventCreate,1,None,Application,djkvdihost213.jakarta01.com,JAKARTA01\margiati  
Error,10/3/2017 6:34:45 AM,EventCreate,1,None,Application,djkvdihost818.jakarta01.com,JAKARTA01\Chinthea  
Error,10/3/2017 6:34:38 AM,EventCreate,1,None,Application,djkvdihost871.jakarta01.com,JAKARTA01\Machida  
Error,10/3/2017 6:31:49 AM,EventCreate,1,None,Application,djkvdihost626.jakarta01.com,JAKARTA01\sasono  
Error,10/3/2017 6:29:12 AM,EventCreate,1,None,Application,djkvdihost368.jakarta01.com,JAKARTA01\susanto  
Error,10/3/2017 6:29:04 AM,EventCreate,1,None,Application,djkvdihost344.jakarta01.com,JAKARTA01\kezia  
Error,10/3/2017 6:28:02 AM,EventCreate,1,None,Application,djkvdihost346.jakarta01.com,JAKARTA01\cut nyak  
Error,10/3/2017 6:22:10 AM,EventCreate,1,None,Application,djkvdihost647.jakarta01.com,JAKARTA01\puji sih  
Error,10/3/2017 6:16:33 AM,EventCreate,1,None,Application,djkvdihost249.jakarta01.com,JAKARTA01\mulyanto  
Error,10/3/2017 6:16:20 AM,Application Error,1000,(100),Application,djkvdihost249.jakarta01.com,"Faulting application name: spoolsv.exe, version: 6.1.7601.17777, time stamp: 0x4f35efc3
Faulting module name: msvcrt.dll, version: 7.0.7601.17744, time stamp: 0x4eeaf722
Exception code: 0xc0000005
Fault offset: 0x0000aa14
Faulting process id: 0x630
Faulting application start time: 0x01d33b7d38affbd8
Faulting application path: C:\Windows\System32\spoolsv.exe
Faulting module path: C:\Windows\system32\msvcrt.dll
Report Id: b2e4fd0d-a7c7-11e7-a940-0050569f5afa"
Error,10/3/2017 6:14:50 AM,EventCreate,1,None,Application,djkvdihost812.jakarta01.com,JAKARTA01\hayatilah  
Error,10/3/2017 6:14:10 AM,EventCreate,1,None,Application,djkvdihost104.jakarta01.com,JAKARTA01\Linah  
Error,10/3/2017 6:13:02 AM,EventCreate,1,None,Application,djkvdihost506.jakarta01.com,JAKARTA01\Idafarida  
Error,10/3/2017 6:12:51 AM,EventCreate,1,None,Application,djkvdihost135.jakarta01.com,JAKARTA01\michael  
Error,10/3/2017 6:11:49 AM,EventCreate,1,None,Application,djkvdihost009.jakarta01.com,JAKARTA01\dwinanto  
Error,10/3/2017 6:10:38 AM,EventCreate,1,None,Application,djkvdihost132.jakarta01.com,JAKARTA01\rusmelin  
Error,10/3/2017 6:10:04 AM,EventCreate,1,None,Application,djkvdihost288.jakarta01.com,JAKARTA01\yofiandhy  
Error,10/3/2017 6:09:28 AM,WSH,1,None,Application,djkvdihost132.jakarta01.com,"CN=Rusmelin Salim password will expire in 1 day(s) at 10/4/2017 5:56:49 AM

Press CTRL + ALT + DEL and select the ""Change a password"" option."
Error,10/3/2017 6:09:28 AM,WSH,1,None,Application,djkvdihost132.jakarta01.com,"CN=Rusmelin Salim password will expire in 1 day(s) at 10/4/2017 5:56:49 AM

Press CTRL + ALT + DEL and select the ""Change a password"" option."
Error,10/3/2017 6:07:55 AM,EventCreate,1,None,Application,djkvdihost867.jakarta01.com,JAKARTA01\hastari  
Error,10/3/2017 6:06:10 AM,EventCreate,1,None,Application,djkvdihost663.jakarta01.com,JAKARTA01\olly  
Error,10/3/2017 6:03:45 AM,EventCreate,1,None,Application,djkvdihost302.jakarta01.com,JAKARTA01\Valdi  
Error,10/3/2017 6:03:00 AM,EventCreate,1,None,Application,djkvdihost067.jakarta01.com,JAKARTA01\arqom  
Error,10/3/2017 6:02:54 AM,EventCreate,1,None,Application,djkvdihost345.jakarta01.com,JAKARTA01\ianm  
Error,10/3/2017 6:02:32 AM,EventCreate,1,None,Application,djkvdihost750.jakarta01.com,JAKARTA01\nugraha  
Error,10/3/2017 6:00:42 AM,EventCreate,1,None,Application,djkvdihost696.jakarta01.com,JAKARTA01\Erick  
Error,10/3/2017 5:59:56 AM,EventCreate,1,None,Application,djkvdihost256.jakarta01.com,JAKARTA01\Idafarida  
Error,10/3/2017 5:54:50 AM,EventCreate,1,None,Application,djkvdihost557.jakarta01.com,JAKARTA01\dhara  
Error,10/3/2017 5:53:04 AM,EventCreate,1,None,Application,djkvdihost294.jakarta01.com,JAKARTA01\ridjal  
Error,10/3/2017 5:49:14 AM,EventCreate,1,None,Application,djkvdihost196.jakarta01.com,JAKARTA01\hilmy  
Error,10/3/2017 5:48:29 AM,EventCreate,1,None,Application,djkvdihost567.jakarta01.com,JAKARTA01\agungwd  
Error,10/3/2017 5:46:10 AM,EventCreate,1,None,Application,djkvdihost627.jakarta01.com,JAKARTA01\midasope  
Error,10/2/2017 9:04:22 PM,EventCreate,1,None,Application,djkvdihost847.jakarta01.com,JAKARTA01\Ouchi  
Error,10/2/2017 9:04:30 PM,EventCreate,1,None,Application,djkvdihost897.jakarta01.com,JAKARTA01\Anosa  
Error,10/2/2017 9:04:19 PM,Application Error,1000,(100),Application,djkvdihost847.jakarta01.com,"Faulting application name: iexplore.exe, version: 11.0.9600.18639, time stamp: 0x58d6bb0d
Faulting module name: MSHTML.dll, version: 11.0.9600.18639, time stamp: 0x58d6c720
Exception code: 0xc0000005
Fault offset: 0x000ac604
Faulting process id: 0x1748
Faulting application start time: 0x01d33b0f0e9658cb
Faulting application path: C:\Program Files\Internet Explorer\iexplore.exe
Faulting module path: C:\Windows\system32\MSHTML.dll
Report Id: 94ca0289-a77a-11e7-a3d0-0050569f5be4"
Error,10/2/2017 8:53:37 PM,EventCreate,1,None,Application,djkvdihost627.jakarta01.com,JAKARTA01\Setiawan  
Error,10/2/2017 8:53:34 PM,Application Error,1000,(100),Application,djkvdihost627.jakarta01.com,"Faulting application name: OUTLOOK.EXE, version: 15.0.4919.1001, time stamp: 0x58d20482
Faulting module name: OUTLOOK.EXE, version: 15.0.4919.1001, time stamp: 0x58d20482
Exception code: 0xc0000005
Fault offset: 0x008924c7
Faulting process id: 0x1a08
Faulting application start time: 0x01d33b80c3f7c5a7
Faulting application path: C:\Program Files\Microsoft Office\Office15\OUTLOOK.EXE
Faulting module path: C:\Program Files\Microsoft Office\Office15\OUTLOOK.EXE
Report Id: 149d28ba-a779-11e7-9a87-0050569f6aff"
Error,10/2/2017 8:22:33 PM,EventCreate,1,None,Application,djkvdihost315.jakarta01.com,JAKARTA01\hariri  
Error,10/2/2017 8:03:36 PM,EventCreate,1,None,Application,djkvdihost499.jakarta01.com,JAKARTA01\mpinto  
Error,10/2/2017 8:03:31 PM,Application Error,1000,(100),Application,djkvdihost499.jakarta01.com,"Faulting application name: WINWORD.EXE, version: 15.0.4911.1000, time stamp: 0x58a2c075
Faulting module name: wwlib.dll, version: 15.0.4911.1000, time stamp: 0x58a2c073
Exception code: 0xc0000005
Fault offset: 0x00c929ac
Faulting process id: 0x1898
Faulting application start time: 0x01d33b22746eb32b
Faulting application path: C:\Program Files\Microsoft Office\Office15\WINWORD.EXE
Faulting module path: C:\Program Files\Microsoft Office\Office15\wwlib.dll
Report Id: 16d0fff1-a772-11e7-8375-0050569f1dfe"
Error,10/2/2017 7:43:29 PM,EventCreate,1,None,Application,djkvdihost229.jakarta01.com,JAKARTA01\mahendrars  
Error,10/2/2017 7:43:24 PM,Application Error,1000,(100),Application,djkvdihost229.jakarta01.com,"Faulting application name: NLNOTES.EXE, version: 8.5.30.11258, time stamp: 0x4e72fa51
Faulting module name: nnotes.dll, version: 8.5.30.11258, time stamp: 0x4e72fa6a
Exception code: 0xc0000005
Fault offset: 0x001c7f0e
Faulting process id: 0x68c
Faulting application start time: 0x01d33b7c0830cd52
Faulting application path: C:\Program Files\IBM\Lotus\Notes\NLNOTES.EXE
Faulting module path: C:\Program Files\IBM\Lotus\Notes\nnotes.dll
Report Id: 47152e62-a76f-11e7-8bcf-0050569f6ff7"
Error,10/2/2017 5:18:04 PM,EventCreate,1,None,Application,djkvdihost418.jakarta01.com,"The description for Event ID 1 from source EventCreate cannot be found. Either the component that raises this event is not installed on your local computer or the installation is corrupted. You can install or repair the component on the local computer.

If the event originated on another computer, the display information had to be saved with the event.

The following information was included with the event: 

JAKARTA01\guestisd65  
"
Error,10/2/2017 7:10:13 PM,EventCreate,1,None,Application,djkvdihost570.jakarta01.com,JAKARTA01\LILY AISYAH  
Error,10/2/2017 7:06:45 PM,EventCreate,1,None,Application,djkvdihost409.jakarta01.com,JAKARTA01\Erick  
Error,10/2/2017 7:06:32 PM,EventCreate,1,None,Application,djkvdihost762.jakarta01.com,JAKARTA01\LILY AISYAH  
Error,10/2/2017 7:06:41 PM,Application Error,1000,(100),Application,djkvdihost409.jakarta01.com,"Faulting application name: OUTLOOK.EXE, version: 15.0.4919.1001, time stamp: 0x58d20482
Faulting module name: OUTLOOK.EXE, version: 15.0.4919.1001, time stamp: 0x58d20482
Exception code: 0xc0000005
Fault offset: 0x008924c7
Faulting process id: 0x1b84
Faulting application start time: 0x01d33b0bb6b92d8d
Faulting application path: C:\Program Files\Microsoft Office\Office15\OUTLOOK.EXE
Faulting module path: C:\Program Files\Microsoft Office\Office15\OUTLOOK.EXE
Report Id: 25c18fc2-a76a-11e7-aa78-0050569f7bdc"
Error,10/2/2017 7:06:17 PM,EventCreate,1,None,Application,djkvdihost762.jakarta01.com,JAKARTA01\LILY AISYAH  
Error,10/2/2017 7:02:13 PM,EventCreate,1,None,Application,djkvdihost234.jakarta01.com,JAKARTA01\Arum  
Error,10/2/2017 7:02:08 PM,Application Error,1000,(100),Application,djkvdihost234.jakarta01.com,"Faulting application name: OUTLOOK.EXE, version: 15.0.4919.1001, time stamp: 0x58d20482
Faulting module name: OUTLOOK.EXE, version: 15.0.4919.1001, time stamp: 0x58d20482
Exception code: 0xc0000005
Fault offset: 0x008924c7
Faulting process id: 0xef4
Faulting application start time: 0x01d33b310b9ebc90
Faulting application path: C:\Program Files\Microsoft Office\Office15\OUTLOOK.EXE
Faulting module path: C:\Program Files\Microsoft Office\Office15\OUTLOOK.EXE
Report Id: 8388494c-a769-11e7-bc84-0050569f4373"
Error,10/2/2017 6:57:34 PM,EventCreate,1,None,Application,djkvdihost383.jakarta01.com,JAKARTA01\Didik  
Error,10/2/2017 6:57:33 PM,Application Error,1000,(100),Application,djkvdihost383.jakarta01.com,"Faulting application name: CWBTF.EXE, version: 12.0.0.1, time stamp: 0x483cc594
Faulting module name: CWBTF.EXE, version: 12.0.0.1, time stamp: 0x483cc594
Exception code: 0xc0000005
Fault offset: 0x0000cd29
Faulting process id: 0x19b4
Faulting application start time: 0x01d33b5cd9752992
Faulting application path: C:\Program Files\IBM\Client Access\CWBTF.EXE
Faulting module path: C:\Program Files\IBM\Client Access\CWBTF.EXE
Report Id: dfb44a54-a768-11e7-a7dd-0050569f63ec"
Error,10/2/2017 6:46:03 PM,EventCreate,1,None,Application,djkvdihost357.jakarta01.com,JAKARTA01\Rio  
Error,10/2/2017 6:46:03 PM,Application Error,1000,(100),Application,djkvdihost357.jakarta01.com,"Faulting application name: Explorer.EXE, version: 6.1.7601.23537, time stamp: 0x57c44cc4
Faulting module name: Explorer.EXE, version: 6.1.7601.23537, time stamp: 0x57c44cc4
Exception code: 0xc0000005
Fault offset: 0x00005f5e
Faulting process id: 0x15f4
Faulting application start time: 0x01d33b1b1c989c6f
Faulting application path: C:\Windows\Explorer.EXE
Faulting module path: C:\Windows\Explorer.EXE
Report Id: 441c4fed-a767-11e7-ba87-0050569f0017"
Error,10/2/2017 6:46:01 PM,EventCreate,1,None,Application,djkvdihost357.jakarta01.com,JAKARTA01\Rio  
Error,10/2/2017 6:46:00 PM,Application Error,1000,(100),Application,djkvdihost357.jakarta01.com,"Faulting application name: lync.exe, version: 15.0.4919.1000, time stamp: 0x58c7ab1e
Faulting module name: ntdll.dll, version: 6.1.7601.23714, time stamp: 0x58bf8774
Exception code: 0xc0000005
Fault offset: 0x00031dca
Faulting process id: 0x10cc
Faulting application start time: 0x01d33b6e18179c5c
Faulting application path: C:\Program Files\Microsoft Office\Office15\lync.exe
Faulting module path: C:\Windows\SYSTEM32\ntdll.dll
Report Id: 426d75a3-a767-11e7-ba87-0050569f0017"
Error,10/2/2017 6:42:48 PM,EventCreate,1,None,Application,djkvdihost451.jakarta01.com,JAKARTA01\istiningsih  
Error,10/2/2017 6:42:44 PM,Application Error,1000,(100),Application,djkvdihost451.jakarta01.com,"Faulting application name: EXCEL.EXE, version: 15.0.4919.1000, time stamp: 0x58c7ab0f
Faulting module name: EXCEL.EXE, version: 15.0.4919.1000, time stamp: 0x58c7ab0f
Exception code: 0xc0000005
Fault offset: 0x003d346f
Faulting process id: 0x1814
Faulting application start time: 0x01d33b24a868a7b2
Faulting application path: C:\Program Files\Microsoft Office\Office15\EXCEL.EXE
Faulting module path: C:\Program Files\Microsoft Office\Office15\EXCEL.EXE
Report Id: cd560875-a766-11e7-880b-0050569f6bd1"
Error,10/2/2017 6:41:42 PM,EventCreate,1,None,Application,djkvdihost739.jakarta01.com,JAKARTA01\haryadi  
Error,10/2/2017 6:41:35 PM,EventCreate,1,None,Application,djkvdihost649.jakarta01.com,JAKARTA01\MahendraR  
Error,10/2/2017 6:41:35 PM,Application Error,1000,(100),Application,djkvdihost649.jakarta01.com,"Faulting application name: OUTLOOK.EXE, version: 15.0.4919.1001, time stamp: 0x58d20482
Faulting module name: OUTLOOK.EXE, version: 15.0.4919.1001, time stamp: 0x58d20482
Exception code: 0xc0000005
Fault offset: 0x008924c4
Faulting process id: 0x1f70
Faulting application start time: 0x01d33b585bb32dc6
Faulting application path: C:\Program Files\Microsoft Office\Office15\OUTLOOK.EXE
Faulting module path: C:\Program Files\Microsoft Office\Office15\OUTLOOK.EXE
Report Id: a4782906-a766-11e7-82b9-0050569f7cb7"
Error,10/2/2017 6:41:07 PM,EventCreate,1,None,Application,djkvdihost739.jakarta01.com,JAKARTA01\haryadi  
Error,10/2/2017 6:34:22 PM,EventCreate,1,None,Application,djkvdihost696.jakarta01.com,JAKARTA01\fferdian  
Error,10/2/2017 6:34:18 PM,Application Error,1000,(100),Application,djkvdihost696.jakarta01.com,"Faulting application name: OUTLOOK.EXE, version: 15.0.4919.1001, time stamp: 0x58d20482
Faulting module name: OUTLOOK.EXE, version: 15.0.4919.1001, time stamp: 0x58d20482
Exception code: 0xc0000005
Fault offset: 0x008924c4
Faulting process id: 0xcd4
Faulting application start time: 0x01d33b15a12c31e0
Faulting application path: C:\Program Files\Microsoft Office\Office15\OUTLOOK.EXE
Faulting module path: C:\Program Files\Microsoft Office\Office15\OUTLOOK.EXE
Report Id: a0386547-a765-11e7-9b06-0050569f0ad2"
Error,10/2/2017 6:25:38 PM,EventCreate,1,None,Application,djkvdihost785.jakarta01.com,JAKARTA01\tjahja  
Error,10/2/2017 6:25:35 PM,Application Error,1000,(100),Application,djkvdihost785.jakarta01.com,"Faulting application name: spoolsv.exe, version: 6.1.7601.17777, time stamp: 0x4f35efc3
Faulting module name: msvcrt.dll, version: 7.0.7601.17744, time stamp: 0x4eeaf722
Exception code: 0xc0000005
Fault offset: 0x0000aa14
Faulting process id: 0x638
Faulting application start time: 0x01d33b68eea4df29
Faulting application path: C:\Windows\System32\spoolsv.exe
Faulting module path: C:\Windows\system32\msvcrt.dll
Report Id: 688114c9-a764-11e7-bf77-0050569f15ab"
Error,10/2/2017 6:24:54 PM,EventCreate,1,None,Application,djkvdihost785.jakarta01.com,JAKARTA01\tjahja  
Error,10/2/2017 6:23:17 PM,EventCreate,1,None,Application,djkvdihost221.jakarta01.com,JAKARTA01\rara  
Error,10/2/2017 6:23:13 PM,Application Error,1000,(100),Application,djkvdihost221.jakarta01.com,"Faulting application name: OUTLOOK.EXE, version: 15.0.4919.1001, time stamp: 0x58d20482
Faulting module name: OUTLOOK.EXE, version: 15.0.4919.1001, time stamp: 0x58d20482
Exception code: 0xc0000005
Fault offset: 0x008924c4
Faulting process id: 0x1ec8
Faulting application start time: 0x01d33b156b00c65c
Faulting application path: C:\PROGRA~1\MICROS~2\Office15\OUTLOOK.EXE
Faulting module path: C:\PROGRA~1\MICROS~2\Office15\OUTLOOK.EXE
Report Id: 13932f4e-a764-11e7-bc05-0050569f0e59"
Error,10/2/2017 6:22:11 PM,EventCreate,1,None,Application,djkvdihost142.jakarta01.com,JAKARTA01\Azis Budianto  
Error,10/2/2017 6:22:00 PM,EventCreate,1,None,Application,djkvdihost142.jakarta01.com,JAKARTA01\Azis Budianto  
Error,10/2/2017 6:18:48 PM,EventCreate,1,None,Application,djkvdihost112.jakarta01.com,JAKARTA01\aulya  
Error,10/2/2017 6:18:44 PM,Application Error,1000,(100),Application,djkvdihost112.jakarta01.com,"Faulting application name: OUTLOOK.EXE, version: 15.0.4919.1001, time stamp: 0x58d20482
Faulting module name: OUTLOOK.EXE, version: 15.0.4919.1001, time stamp: 0x58d20482
Exception code: 0xc0000005
Fault offset: 0x008924c4
Faulting process id: 0xdf4
Faulting application start time: 0x01d33b4e4ce82494
Faulting application path: C:\Program Files\Microsoft Office\Office15\OUTLOOK.EXE
Faulting module path: C:\Program Files\Microsoft Office\Office15\OUTLOOK.EXE
Report Id: 737dbd87-a763-11e7-96db-0050569f573e"
Error,10/2/2017 6:14:01 PM,EventCreate,1,None,Application,djkvdihost739.jakarta01.com,JAKARTA01\Moh Ditto  
Error,10/2/2017 6:13:59 PM,Application Error,1000,(100),Application,djkvdihost739.jakarta01.com,"Faulting application name: OUTLOOK.EXE, version: 15.0.4919.1001, time stamp: 0x58d20482
Faulting module name: OUTLOOK.EXE, version: 15.0.4919.1001, time stamp: 0x58d20482
Exception code: 0xc0000005
Fault offset: 0x008924c4
Faulting process id: 0x1ec0
Faulting application start time: 0x01d33b201e4ce9d0
Faulting application path: C:\Program Files\Microsoft Office\Office15\OUTLOOK.EXE
Faulting module path: C:\Program Files\Microsoft Office\Office15\OUTLOOK.EXE
Report Id: c97c66ee-a762-11e7-864c-0050569f163a"
Error,10/2/2017 6:10:43 PM,EventCreate,1,None,Application,djkvdihost096.jakarta01.com,JAKARTA01\edwin  
Error,10/2/2017 6:08:52 PM,EventCreate,1,None,Application,djkvdihost204.jakarta01.com,JAKARTA01\belly  
Error,10/2/2017 6:09:14 PM,EventCreate,1,None,Application,djkvdihost131.jakarta01.com,JAKARTA01\Dwi anisa  
Error,10/2/2017 6:08:51 PM,Application Error,1000,(100),Application,djkvdihost204.jakarta01.com,"Faulting application name: WINWORD.EXE, version: 15.0.4911.1000, time stamp: 0x58a2c075
Faulting module name: wwlib.dll, version: 15.0.4911.1000, time stamp: 0x58a2c073
Exception code: 0xc0000005
Fault offset: 0x006f0ff9
Faulting process id: 0x186c
Faulting application start time: 0x01d33b6eb319527f
Faulting application path: C:\Program Files\Microsoft Office\Office15\WINWORD.EXE
Faulting module path: C:\Program Files\Microsoft Office\Office15\wwlib.dll
Report Id: 11f37a58-a762-11e7-958f-0050569f0768"
Error,10/2/2017 6:07:50 PM,EventCreate,1,None,Application,djkvdihost204.jakarta01.com,JAKARTA01\belly  
Error,10/2/2017 6:07:49 PM,Application Error,1000,(100),Application,djkvdihost204.jakarta01.com,"Faulting application name: WINWORD.EXE, version: 15.0.4911.1000, time stamp: 0x58a2c075
Faulting module name: wwlib.dll, version: 15.0.4911.1000, time stamp: 0x58a2c073
Exception code: 0xc0000005
Fault offset: 0x006f0ff9
Faulting process id: 0x1e50
Faulting application start time: 0x01d33b6ea5407093
Faulting application path: C:\Program Files\Microsoft Office\Office15\WINWORD.EXE
Faulting module path: C:\Program Files\Microsoft Office\Office15\wwlib.dll
Report Id: ed192660-a761-11e7-958f-0050569f0768"
Error,10/2/2017 6:07:29 PM,EventCreate,1,None,Application,djkvdihost204.jakarta01.com,JAKARTA01\belly  
Error,10/2/2017 6:07:25 PM,Application Error,1000,(100),Application,djkvdihost204.jakarta01.com,"Faulting application name: WINWORD.EXE, version: 15.0.4911.1000, time stamp: 0x58a2c075
Faulting module name: wwlib.dll, version: 15.0.4911.1000, time stamp: 0x58a2c073
Exception code: 0xc0000005
Fault offset: 0x006f1046
Faulting process id: 0x2678
Faulting application start time: 0x01d33b6052ff7204
Faulting application path: C:\Program Files\Microsoft Office\Office15\WINWORD.EXE
Faulting module path: C:\Program Files\Microsoft Office\Office15\wwlib.dll
Report Id: dea867f8-a761-11e7-958f-0050569f0768"
Error,10/2/2017 5:55:38 PM,EventCreate,1,None,Application,djkvdihost622.jakarta01.com,JAKARTA01\budi abianto  
Error,10/2/2017 5:48:06 PM,EventCreate,1,None,Application,djkvdihost660.jakarta01.com,JAKARTA01\georgedk  
Error,10/2/2017 5:47:45 PM,EventCreate,1,None,Application,djkvdihost660.jakarta01.com,JAKARTA01\georgedk  
Error,10/2/2017 5:47:22 PM,EventCreate,1,None,Application,djkvdihost419.jakarta01.com,JAKARTA01\Anton 2  
Error,10/2/2017 5:41:51 PM,EventCreate,1,None,Application,djkvdihost357.jakarta01.com,JAKARTA01\Rio  
Error,10/2/2017 5:41:28 PM,EventCreate,1,None,Application,djkvdihost253.jakarta01.com,JAKARTA01\yorika  
Error,10/2/2017 5:41:46 PM,Application Error,1000,(100),Application,djkvdihost357.jakarta01.com,"Faulting application name: lync.exe, version: 15.0.4919.1000, time stamp: 0x58c7ab1e
Faulting module name: ntdll.dll, version: 6.1.7601.23714, time stamp: 0x58bf8774
Exception code: 0xc0000005
Fault offset: 0x00031dca
Faulting process id: 0x53c
Faulting application start time: 0x01d33b2b50b85b17
Faulting application path: C:\Program Files\Microsoft Office\Office15\lync.exe
Faulting module path: C:\Windows\SYSTEM32\ntdll.dll
Report Id: 4917f200-a75e-11e7-ba87-0050569f0017"
Error,10/2/2017 5:41:24 PM,Application Error,1000,(100),Application,djkvdihost253.jakarta01.com,"Faulting application name: iexplore.exe, version: 11.0.9600.18639, time stamp: 0x58d6bb0d
Faulting module name: MSHTML.dll, version: 11.0.9600.18639, time stamp: 0x58d6c720
Exception code: 0xc0000005
Fault offset: 0x000ac604
Faulting process id: 0xac4
Faulting application start time: 0x01d33b165fc2c5de
Faulting application path: C:\Program Files\Internet Explorer\iexplore.exe
Faulting module path: C:\Windows\system32\MSHTML.dll
Report Id: 3c4636ef-a75e-11e7-9dfc-0050569f42cd"
Error,10/2/2017 5:35:18 PM,EventCreate,1,None,Application,djkvdihost420.jakarta01.com,JAKARTA01\dian  
Error,10/2/2017 5:35:15 PM,Application Error,1000,(100),Application,djkvdihost420.jakarta01.com,"Faulting application name: iexplore.exe, version: 11.0.9600.18639, time stamp: 0x58d6bb0d
Faulting module name: MSHTML.dll, version: 11.0.9600.18639, time stamp: 0x58d6c720
Exception code: 0xc0000005
Fault offset: 0x000ac604
Faulting process id: 0x1a58
Faulting application start time: 0x01d33b134690975e
Faulting application path: C:\Program Files\Internet Explorer\iexplore.exe
Faulting module path: C:\Windows\system32\MSHTML.dll
Report Id: 5ffb5ea7-a75d-11e7-8f7a-0050569f12f6"
Error,10/2/2017 5:32:12 PM,EventCreate,1,None,Application,djkvdihost059.jakarta01.com,JAKARTA01\edwan  
Error,10/2/2017 5:32:00 PM,EventCreate,1,None,Application,djkvdihost059.jakarta01.com,JAKARTA01\edwan  
Error,10/2/2017 5:29:28 PM,EventCreate,1,None,Application,djkvdihost118.jakarta01.com,JAKARTA01\arqom  
Error,10/2/2017 5:29:25 PM,Application Error,1000,(100),Application,djkvdihost118.jakarta01.com,"Faulting application name: OUTLOOK.EXE, version: 15.0.4919.1001, time stamp: 0x58d20482
Faulting module name: OUTLOOK.EXE, version: 15.0.4919.1001, time stamp: 0x58d20482
Exception code: 0xc0000005
Fault offset: 0x008924c4
Faulting process id: 0x19cc
Faulting application start time: 0x01d33b46c33c31ae
Faulting application path: C:\Program Files\Microsoft Office\Office15\OUTLOOK.EXE
Faulting module path: C:\Program Files\Microsoft Office\Office15\OUTLOOK.EXE
Report Id: 8f7a8c31-a75c-11e7-a1ea-0050569f4ede"
Error,10/2/2017 5:20:50 PM,EventCreate,1,None,Application,djkvdihost412.jakarta01.com,JAKARTA01\airin  
Error,10/2/2017 5:20:42 PM,Application Error,1000,(100),Application,djkvdihost412.jakarta01.com,"Faulting application name: iexplore.exe, version: 11.0.9600.18639, time stamp: 0x58d6bb0d
Faulting module name: MSHTML.dll, version: 11.0.9600.18639, time stamp: 0x58d6c720
Exception code: 0xc0000005
Fault offset: 0x000ac604
Faulting process id: 0x1570
Faulting application start time: 0x01d33b2a12008bf6
Faulting application path: C:\Program Files\Internet Explorer\iexplore.exe
Faulting module path: C:\Windows\system32\MSHTML.dll
Report Id: 581088e6-a75b-11e7-bf25-0050569f7011"
Error,10/2/2017 5:19:33 PM,EventCreate,1,None,Application,djkvdihost609.jakarta01.com,JAKARTA01\Resty  
Error,10/2/2017 5:19:30 PM,Application Error,1000,(100),Application,djkvdihost609.jakarta01.com,"Faulting application name: EXCEL.EXE, version: 15.0.4919.1000, time stamp: 0x58c7ab0f
Faulting module name: unknown, version: 0.0.0.0, time stamp: 0x00000000
Exception code: 0xc0000005
Fault offset: 0x0944c0c3
Faulting process id: 0x7e8
Faulting application start time: 0x01d33b19b8ef4196
Faulting application path: C:\Program Files\Microsoft Office\Office15\EXCEL.EXE
Faulting module path: unknown
Report Id: 2ce5c1ae-a75b-11e7-b554-0050569f2bc8"
Error,10/2/2017 5:13:23 PM,EventCreate,1,None,Application,djkvdihost147.jakarta01.com,JAKARTA01\Clara  
Error,10/2/2017 5:12:58 PM,EventCreate,1,None,Application,djkvdihost147.jakarta01.com,JAKARTA01\Clara  
Error,10/2/2017 5:12:04 PM,EventCreate,1,None,Application,djkvdihost178.jakarta01.com,JAKARTA01\fardy  
Error,10/2/2017 5:11:43 PM,EventCreate,1,None,Application,djkvdihost509.jakarta01.com,JAKARTA01\wang  
Error,10/2/2017 5:11:38 PM,Application Error,1000,(100),Application,djkvdihost509.jakarta01.com,"Faulting application name: OUTLOOK.EXE, version: 15.0.4919.1001, time stamp: 0x58d20482
Faulting module name: OUTLOOK.EXE, version: 15.0.4919.1001, time stamp: 0x58d20482
Exception code: 0xc0000005
Fault offset: 0x008924c7
Faulting process id: 0x14c
Faulting application start time: 0x01d33b21586bb504
Faulting application path: C:\Program Files\Microsoft Office\Office15\OUTLOOK.EXE
Faulting module path: C:\Program Files\Microsoft Office\Office15\OUTLOOK.EXE
Report Id: 137ca2e1-a75a-11e7-87a7-0050569f0ea0"
Error,10/2/2017 5:11:11 PM,EventCreate,1,None,Application,djkvdihost178.jakarta01.com,JAKARTA01\fardy  
Error,10/2/2017 5:10:48 PM,EventCreate,1,None,Application,djkvdihost082.jakarta01.com,JAKARTA01\chinthiars  
Error,10/2/2017 5:10:44 PM,Application Error,1000,(100),Application,djkvdihost082.jakarta01.com,"Faulting application name: iexplore.exe, version: 11.0.9600.18639, time stamp: 0x58d6bb0d
Faulting module name: Flash32_20_0_0_286.ocx, version: 20.0.0.286, time stamp: 0x56944dbe
Exception code: 0xc0000005
Fault offset: 0x000d9900
Faulting process id: 0x18b4
Faulting application start time: 0x01d33b2cdfb0ce9d
Faulting application path: C:\Program Files\Internet Explorer\iexplore.exe
Faulting module path: C:\Windows\system32\Macromed\Flash\Flash32_20_0_0_286.ocx
Report Id: f36bbeda-a759-11e7-9943-0050569f4c1b"
Error,10/2/2017 5:07:11 PM,EventCreate,1,None,Application,djkvdihost211.jakarta01.com,JAKARTA01\leonie  
Error,10/2/2017 5:07:08 PM,Application Error,1000,(100),Application,djkvdihost211.jakarta01.com,"Faulting application name: spoolsv.exe, version: 6.1.7601.17777, time stamp: 0x4f35efc3
Faulting module name: msvcrt.dll, version: 7.0.7601.17744, time stamp: 0x4eeaf722
Exception code: 0xc0000005
Fault offset: 0x0000aa14
Faulting process id: 0x630
Faulting application start time: 0x01d33b6596a82f05
Faulting application path: C:\Windows\System32\spoolsv.exe
Faulting module path: C:\Windows\system32\msvcrt.dll
Report Id: 725ef514-a759-11e7-a30b-0050569f4dab"
Error,10/2/2017 5:07:01 PM,EventCreate,1,None,Application,djkvdihost211.jakarta01.com,JAKARTA01\leonie  
Error,10/2/2017 5:06:57 PM,EventCreate,1,None,Application,djkvdihost211.jakarta01.com,JAKARTA01\leonie  
Error,10/2/2017 5:06:46 PM,EventCreate,1,None,Application,djkvdihost211.jakarta01.com,JAKARTA01\leonie  
Error,10/2/2017 5:03:37 PM,EventCreate,1,None,Application,djkvdihost726.jakarta01.com,JAKARTA01\andini  
Error,10/2/2017 5:03:34 PM,Application Error,1000,(100),Application,djkvdihost726.jakarta01.com,"Faulting application name: OUTLOOK.EXE, version: 15.0.4919.1001, time stamp: 0x58d20482
Faulting module name: OUTLOOK.EXE, version: 15.0.4919.1001, time stamp: 0x58d20482
Exception code: 0xc0000005
Fault offset: 0x008924c4
Faulting process id: 0x278
Faulting application start time: 0x01d33b1a13535b0e
Faulting application path: C:\Program Files\Microsoft Office\Office15\OUTLOOK.EXE
Faulting module path: C:\Program Files\Microsoft Office\Office15\OUTLOOK.EXE
Report Id: f2d59ffb-a758-11e7-90e6-0050569f2f0e"
Error,10/2/2017 5:02:17 PM,EventCreate,1,None,Application,djkvdihost488.jakarta01.com,JAKARTA01\katrin  
Error,10/2/2017 5:02:11 PM,Application Error,1000,(100),Application,djkvdihost488.jakarta01.com,"Faulting application name: iexplore.exe, version: 11.0.9600.18639, time stamp: 0x58d6bb0d
Faulting module name: MSHTML.dll, version: 11.0.9600.18639, time stamp: 0x58d6c720
Exception code: 0xc0000005
Fault offset: 0x000ac604
Faulting process id: 0x1564
Faulting application start time: 0x01d33b1cb6fac971
Faulting application path: C:\Program Files\Internet Explorer\iexplore.exe
Faulting module path: C:\Windows\system32\MSHTML.dll
Report Id: c1e00a46-a758-11e7-8f0d-0050569f1f6c"
Error,10/2/2017 5:00:28 PM,EventCreate,1,None,Application,djkvdihost358.jakarta01.com,JAKARTA01\wisnu  
Error,10/2/2017 5:00:21 PM,EventCreate,1,None,Application,djkvdihost358.jakarta01.com,JAKARTA01\wisnu  
Error,10/2/2017 4:59:38 PM,EventCreate,1,None,Application,djkvdihost569.jakarta01.com,JAKARTA01\Chairul  
Error,10/2/2017 4:59:37 PM,Application Error,1000,(100),Application,djkvdihost569.jakarta01.com,"Faulting application name: OUTLOOK.EXE, version: 15.0.4919.1001, time stamp: 0x58d20482
Faulting module name: ntdll.dll, version: 6.1.7601.23714, time stamp: 0x58bf8774
Exception code: 0xc0000005
Fault offset: 0x0005294f
Faulting process id: 0x11a0
Faulting application start time: 0x01d33b1fce715868
Faulting application path: C:\Program Files\Microsoft Office\Office15\OUTLOOK.EXE
Faulting module path: C:\Windows\SYSTEM32\ntdll.dll
Report Id: 65e89e7f-a758-11e7-a1f2-0050569f6426"
Error,10/2/2017 4:56:27 PM,EventCreate,1,None,Application,djkvdihost222.jakarta01.com,JAKARTA01\budsiregar  
Error,10/2/2017 4:55:06 PM,EventCreate,1,None,Application,djkvdihost453.jakarta01.com,JAKARTA01\WulanAn  
Error,10/2/2017 4:55:05 PM,EventCreate,1,None,Application,djkvdihost084.jakarta01.com,JAKARTA01\raymond  
Error,10/2/2017 4:55:05 PM,Application Error,1000,(100),Application,djkvdihost453.jakarta01.com,"Faulting application name: OUTLOOK.EXE, version: 15.0.4919.1001, time stamp: 0x58d20482
Faulting module name: OUTLOOK.EXE, version: 15.0.4919.1001, time stamp: 0x58d20482
Exception code: 0xc0000005
Fault offset: 0x008924c4
Faulting process id: 0x13b8
Faulting application start time: 0x01d33b29b04cf26e
Faulting application path: C:\Program Files\Microsoft Office\Office15\OUTLOOK.EXE
Faulting module path: C:\Program Files\Microsoft Office\Office15\OUTLOOK.EXE
Report Id: c3ce941a-a757-11e7-ae49-0050569f4331"
Error,10/2/2017 4:52:14 PM,EventCreate,1,None,Application,djkvdihost115.jakarta01.com,JAKARTA01\bellaisya  
Error,10/2/2017 4:52:34 PM,EventCreate,1,None,Application,djkvdihost238.jakarta01.com,JAKARTA01\william  
Error,10/2/2017 4:52:34 PM,Application Error,1000,(100),Application,djkvdihost238.jakarta01.com,"Faulting application name: WINWORD.EXE, version: 15.0.4911.1000, time stamp: 0x58a2c075
Faulting module name: wwlib.dll, version: 15.0.4911.1000, time stamp: 0x58a2c073
Exception code: 0xc0000005
Fault offset: 0x006f0ff9
Faulting process id: 0x1d58
Faulting application start time: 0x01d33b6420ff08fc
Faulting application path: C:\Program Files\Microsoft Office\Office15\WINWORD.EXE
Faulting module path: C:\Program Files\Microsoft Office\Office15\wwlib.dll
Report Id: 697404d9-a757-11e7-9e05-0050569f5dfe"
Error,10/2/2017 4:52:10 PM,EventCreate,1,None,Application,djkvdihost238.jakarta01.com,JAKARTA01\william  
Error,10/2/2017 4:52:10 PM,Application Error,1000,(100),Application,djkvdihost115.jakarta01.com,"Faulting application name: EXCEL.EXE, version: 15.0.4919.1000, time stamp: 0x58c7ab0f
Faulting module name: mso.dll, version: 15.0.4919.1002, time stamp: 0x58de0799
Exception code: 0xc0000005
Fault offset: 0x013a2a78
Faulting process id: 0x1610
Faulting application start time: 0x01d33b330ec2dc2b
Faulting application path: C:\Program Files\Microsoft Office\Office15\EXCEL.EXE
Faulting module path: C:\Program Files\Common Files\Microsoft Shared\Office15\mso.dll
Report Id: 5b6e62bf-a757-11e7-b3c7-0050569f1686"
Error,10/2/2017 4:52:09 PM,Application Error,1000,(100),Application,djkvdihost238.jakarta01.com,"Faulting application name: WINWORD.EXE, version: 15.0.4911.1000, time stamp: 0x58a2c075
Faulting module name: wwlib.dll, version: 15.0.4911.1000, time stamp: 0x58a2c073
Exception code: 0xc0000005
Fault offset: 0x006f0ff9
Faulting process id: 0x1904
Faulting application start time: 0x01d33b345c202f12
Faulting application path: C:\Program Files\Microsoft Office\Office15\WINWORD.EXE
Faulting module path: C:\Program Files\Microsoft Office\Office15\wwlib.dll
Report Id: 5afa8d58-a757-11e7-9e05-0050569f5dfe"
Error,10/2/2017 4:50:52 PM,EventCreate,1,None,Application,djkvdihost278.jakarta01.com,JAKARTA01\saptorini  
Error,10/2/2017 4:48:00 PM,EventCreate,1,None,Application,djkvdihost530.jakarta01.com,JAKARTA01\Dwi anisa  
Error,10/2/2017 4:47:07 PM,EventCreate,1,None,Application,djkvdihost580.jakarta01.com,JAKARTA01\iqbal maulanasani  
Error,10/2/2017 4:46:51 PM,EventCreate,1,None,Application,djkvdihost580.jakarta01.com,JAKARTA01\iqbal maulanasani  
Error,10/2/2017 4:45:52 PM,EventCreate,1,None,Application,djkvdihost188.jakarta01.com,JAKARTA01\Anton 2  
Error,10/2/2017 4:45:05 PM,EventCreate,1,None,Application,djkvdihost610.jakarta01.com,JAKARTA01\Hilman  
Error,10/2/2017 4:44:40 PM,EventCreate,1,None,Application,djkvdihost610.jakarta01.com,JAKARTA01\Hilman  
Error,10/2/2017 4:44:21 PM,EventCreate,1,None,Application,djkvdihost275.jakarta01.com,JAKARTA01\AdindaGita  
Error,10/2/2017 4:44:07 PM,EventCreate,1,None,Application,djkvdihost275.jakarta01.com,JAKARTA01\AdindaGita  
Error,10/2/2017 4:40:50 PM,EventCreate,1,None,Application,djkvdihost383.jakarta01.com,JAKARTA01\Didik  
