Error,9/29/2017 6:32,EventCreate,1,None,Application,djkvdihost237.jakarta01.com,JAKARTA01\Budi Abianto  
Error,9/29/2017 6:32,EventCreate,1,None,Application,djkvdihost643.jakarta01.com,JAKARTA01\mulyanto  
Error,9/29/2017 6:32,WSH,1,None,Application,djkvdihost181.jakarta01.com,"CN=Chinthea Anggreni password will expire in 2 day(s) at 10/1/2017 7:10:25 AM

Press CTRL + ALT + DEL and select the ""Change a password"" option."
Error,9/29/2017 6:29,EventCreate,1,None,Application,djkvdihost870.jakarta01.com,JAKARTA01\ueda  
Error,9/29/2017 6:28,EventCreate,1,None,Application,djkvdihost873.jakarta01.com,JAKARTA01\hastari  
Error,9/29/2017 6:27,EventCreate,1,None,Application,djkvdihost478.jakarta01.com,JAKARTA01\cut nyak  
Error,9/29/2017 6:27,EventCreate,1,None,Application,djkvdihost486.jakarta01.com,JAKARTA01\Clara  
Error,9/29/2017 6:26,EventCreate,1,None,Application,djkvdihost483.jakarta01.com,JAKARTA01\hideo  
Error,9/29/2017 6:25,EventCreate,1,None,Application,djkvdihost002.jakarta01.com,JAKARTA01\moh rinov  
Error,9/29/2017 6:22,EventCreate,1,None,Application,djkvdihost050.jakarta01.com,JAKARTA01\Hertanto gunadi  
Error,9/29/2017 6:22,EventCreate,1,None,Application,djkvdihost065.jakarta01.com,JAKARTA01\Pram  
Error,9/29/2017 6:15,EventCreate,1,None,Application,djkvdihost362.jakarta01.com,JAKARTA01\Valdi  
Error,9/29/2017 6:11,EventCreate,1,None,Application,djkvdihost062.jakarta01.com,JAKARTA01\michael  
Error,9/29/2017 6:09,EventCreate,1,None,Application,djkvdihost469.jakarta01.com,JAKARTA01\dwinanto  
Error,9/29/2017 6:06,EventCreate,1,None,Application,djkvdihost634.jakarta01.com,JAKARTA01\Argo  
Error,9/29/2017 6:04,EventCreate,1,None,Application,djkvdihost324.jakarta01.com,JAKARTA01\ridjal  
Error,9/29/2017 6:01,EventCreate,1,None,Application,djkvdihost474.jakarta01.com,JAKARTA01\arqom  
Error,9/29/2017 6:00,EventCreate,1,None,Application,djkvdihost066.jakarta01.com,JAKARTA01\Idafarida  
Error,9/29/2017 5:59,EventCreate,1,None,Application,djkvdihost814.jakarta01.com,JAKARTA01\erikson  
Error,9/29/2017 5:52,EventCreate,1,None,Application,djkvdihost278.jakarta01.com,JAKARTA01\midasope  
Error,9/29/2017 5:51,EventCreate,1,None,Application,djkvdihost499.jakarta01.com,JAKARTA01\olly  
Error,9/29/2017 5:51,EventCreate,1,None,Application,djkvdihost153.jakarta01.com,JAKARTA01\henny  
Error,9/29/2017 5:50,EventCreate,1,None,Application,djkvdihost729.jakarta01.com,JAKARTA01\yasinta  
Error,9/29/2017 5:49,EventCreate,1,None,Application,djkvdihost128.jakarta01.com,JAKARTA01\agungwd  
Error,9/29/2017 5:47,EventCreate,1,None,Application,djkvdihost572.jakarta01.com,JAKARTA01\Erick  
Error,9/29/2017 5:46,WSH,1,None,Application,djkvdihost572.jakarta01.com,"CN=Erick Eka Putra password will expire in 2 day(s) at 10/1/2017 6:09:39 AM

Press CTRL + ALT + DEL and select the ""Change a password"" option."
Error,9/29/2017 5:46,WSH,1,None,Application,djkvdihost572.jakarta01.com,"CN=Erick Eka Putra password will expire in 2 day(s) at 10/1/2017 6:09:39 AM

Press CTRL + ALT + DEL and select the ""Change a password"" option."
Error,9/29/2017 5:43,EventCreate,1,None,Application,djkvdihost155.jakarta01.com,JAKARTA01\Ajie  
Error,9/29/2017 5:43,EventCreate,1,None,Application,djkvdihost192.jakarta01.com,JAKARTA01\indra jayadi  
Error,9/29/2017 5:41,EventCreate,1,None,Application,djkvdihost390.jakarta01.com,JAKARTA01\dhara  
Error,9/29/2017 5:40,WSH,1,None,Application,djkvdihost390.jakarta01.com,"CN=Dhara password will expire in 3 day(s) at 10/2/2017 6:10:29 AM

Press CTRL + ALT + DEL and select the ""Change a password"" option."
Error,9/29/2017 5:40,WSH,1,None,Application,djkvdihost390.jakarta01.com,"CN=Dhara password will expire in 3 day(s) at 10/2/2017 6:10:29 AM

Press CTRL + ALT + DEL and select the ""Change a password"" option."
Error,9/29/2017 5:35,EventCreate,1,None,Application,djkvdihost431.jakarta01.com,JAKARTA01\anisa  
Error,9/29/2017 5:14,EventCreate,1,None,Application,djkvdihost045.jakarta01.com,JAKARTA01\meltsaury  
Error,9/29/2017 5:14,Application Error,1000,-100,Application,djkvdihost045.jakarta01.com,"Faulting application name: PhotoScreensaver.scr, version: 6.1.7601.17514, time stamp: 0x4ce7a590
Faulting module name: SHELL32.dll, version: 6.1.7601.23537, time stamp: 0x57c450f4
Exception code: 0xc0000005
Fault offset: 0x001f269f
Faulting process id: 0x1c78
Faulting application start time: 0x01d338a665b6ca62
Faulting application path: C:\Windows\system32\PhotoScreensaver.scr
Faulting module path: C:\Windows\system32\SHELL32.dll
Report Id: 64af7061-a49a-11e7-b3ad-0050569f26b7"
Error,9/29/2017 5:03,EventCreate,1,None,Application,djkvdihost045.jakarta01.com,JAKARTA01\meltsaury  
Error,9/29/2017 5:03,Application Error,1000,-100,Application,djkvdihost045.jakarta01.com,"Faulting application name: PhotoScreensaver.scr, version: 6.1.7601.17514, time stamp: 0x4ce7a590
Faulting module name: SHELL32.dll, version: 6.1.7601.23537, time stamp: 0x57c450f4
Exception code: 0xc0000005
Fault offset: 0x001f269f
Faulting process id: 0x1100
Faulting application start time: 0x01d33880020391dc
Faulting application path: C:\Windows\system32\PhotoScreensaver.scr
Faulting module path: C:\Windows\system32\SHELL32.dll
Report Id: d66bcdd4-a498-11e7-b3ad-0050569f26b7"
Error,9/28/2017 21:02,EventCreate,1,None,Application,djkvdihost541.jakarta01.com,JAKARTA01\dwi septiyanti  
Error,9/28/2017 21:02,Application Error,1000,-100,Application,djkvdihost541.jakarta01.com,"Faulting application name: OUTLOOK.EXE, version: 15.0.4919.1001, time stamp: 0x58d20482
Faulting module name: OUTLOOK.EXE, version: 15.0.4919.1001, time stamp: 0x58d20482
Exception code: 0xc0000005
Fault offset: 0x008924c7
Faulting process id: 0x1cf0
Faulting application start time: 0x01d337f81e1053df
Faulting application path: C:\Program Files\Microsoft Office\Office15\OUTLOOK.EXE
Faulting module path: C:\Program Files\Microsoft Office\Office15\OUTLOOK.EXE
Report Id: ab8767ac-a455-11e7-8428-0050569f54e6"
Error,9/28/2017 20:41,Application Error,1000,-100,Application,djkvdihost676.jakarta01.com,"Faulting application name: BrokerAgent.exe, version: 7.8.0.8004, time stamp: 0x56950d22
Faulting module name: KERNELBASE.dll, version: 6.1.7601.23714, time stamp: 0x58bf87a4
Exception code: 0xe0434352
Fault offset: 0x0000845d
Faulting process id: 0x758
Faulting application start time: 0x01d3385f5b3a8b63
Faulting application path: C:\Program Files\Citrix\Virtual Desktop Agent\BrokerAgent.exe
Faulting module path: C:\Windows\system32\KERNELBASE.dll
Report Id: b3a2be61-a452-11e7-9ca1-0050569f26e3"
Error,9/28/2017 20:13,EventCreate,1,None,Application,djkvdihost455.jakarta01.com,JAKARTA01\yuswardie  
Error,9/28/2017 20:13,Application Error,1000,-100,Application,djkvdihost455.jakarta01.com,"Faulting application name: PhotoScreensaver.scr, version: 6.1.7601.17514, time stamp: 0x4ce7a590
Faulting module name: SHELL32.dll, version: 6.1.7601.23537, time stamp: 0x57c450f4
Exception code: 0xc0000005
Fault offset: 0x001f269f
Faulting process id: 0x980
Faulting application start time: 0x01d33853d55963b8
Faulting application path: C:\Windows\system32\PhotoScreensaver.scr
Faulting module path: C:\Windows\system32\SHELL32.dll
Report Id: ddc59bef-a44e-11e7-814d-0050569f61da"
Error,9/28/2017 19:44,EventCreate,1,None,Application,djkvdihost390.jakarta01.com,JAKARTA01\zahra  
Error,9/28/2017 19:44,Application Error,1000,-100,Application,djkvdihost390.jakarta01.com,"Faulting application name: OUTLOOK.EXE, version: 15.0.4919.1001, time stamp: 0x58d20482
Faulting module name: OUTLOOK.EXE, version: 15.0.4919.1001, time stamp: 0x58d20482
Exception code: 0xc0000005
Fault offset: 0x008924c4
Faulting process id: 0x11f4
Faulting application start time: 0x01d337fc5263f551
Faulting application path: C:\Program Files\Microsoft Office\Office15\OUTLOOK.EXE
Faulting module path: C:\Program Files\Microsoft Office\Office15\OUTLOOK.EXE
Report Id: d29243e2-a44a-11e7-903e-0050569f37b2"
Error,9/28/2017 18:02,EventCreate,1,None,Application,djkvdihost579.jakarta01.com,"The description for Event ID 1 from source EventCreate cannot be found. Either the component that raises this event is not installed on your local computer or the installation is corrupted. You can install or repair the component on the local computer.

If the event originated on another computer, the display information had to be saved with the event.

The following information was included with the event: 

JAKARTA01\purba  
"
Error,9/28/2017 19:32,EventCreate,1,None,Application,djkvdihost377.jakarta01.com,JAKARTA01\boby  
Error,9/28/2017 19:32,Application Error,1000,-100,Application,djkvdihost377.jakarta01.com,"Faulting application name: AcroRd32.exe, version: 10.1.4.38, time stamp: 0x5012ea69
Faulting module name: AcroRd32.dll, version: 10.1.4.38, time stamp: 0x5012f9f9
Exception code: 0xc0000005
Fault offset: 0x0015d3ec
Faulting process id: 0x16e0
Faulting application start time: 0x01d337fd4d7e3774
Faulting application path: C:\Program Files\Adobe\Reader 10.0\Reader\AcroRd32.exe
Faulting module path: C:\Program Files\Adobe\Reader 10.0\Reader\AcroRd32.dll
Report Id: 15355ed5-a449-11e7-8745-0050569f0110"
Error,9/28/2017 19:17,EventCreate,1,None,Application,djkvdihost684.jakarta01.com,JAKARTA01\k_ignatius  
Error,9/28/2017 19:17,Application Error,1000,-100,Application,djkvdihost684.jakarta01.com,"Faulting application name: EXCEL.EXE, version: 15.0.4919.1000, time stamp: 0x58c7ab0f
Faulting module name: unknown, version: 0.0.0.0, time stamp: 0x00000000
Exception code: 0xc0000005
Fault offset: 0x63006100
Faulting process id: 0x1f8c
Faulting application start time: 0x01d337f709adf43f
Faulting application path: C:\Program Files\Microsoft Office\Office15\EXCEL.EXE
Faulting module path: unknown
Report Id: efe2f297-a446-11e7-be2a-0050569f057c"
Error,9/28/2017 17:29,EventCreate,1,None,Application,djkvdihost389.jakarta01.com,JAKARTA01\sysdovs03  
Error,9/28/2017 18:50,EventCreate,1,None,Application,djkvdihost808.jakarta01.com,JAKARTA01\yuliana  
Error,9/28/2017 18:49,Application Error,1000,-100,Application,djkvdihost808.jakarta01.com,"Faulting application name: EXCEL.EXE, version: 15.0.4919.1000, time stamp: 0x58c7ab0f
Faulting module name: unknown, version: 0.0.0.0, time stamp: 0x00000000
Exception code: 0xc0000005
Fault offset: 0xc052c3d5
Faulting process id: 0x12e0
Faulting application start time: 0x01d3380de62b75f8
Faulting application path: C:\Program Files\Microsoft Office\Office15\EXCEL.EXE
Faulting module path: unknown
Report Id: 25d3e9df-a443-11e7-82c9-0050569f3518"
Error,9/28/2017 18:39,EventCreate,1,None,Application,djkvdihost455.jakarta01.com,JAKARTA01\yuswardie  
Error,9/28/2017 18:39,Application Error,1000,-100,Application,djkvdihost455.jakarta01.com,"Faulting application name: PhotoScreensaver.scr, version: 6.1.7601.17514, time stamp: 0x4ce7a590
Faulting module name: SHELL32.dll, version: 6.1.7601.23537, time stamp: 0x57c450f4
Exception code: 0xc0000005
Fault offset: 0x001f269f
Faulting process id: 0xb5c
Faulting application start time: 0x01d3384c1208ed5f
Faulting application path: C:\Windows\system32\PhotoScreensaver.scr
Faulting module path: C:\Windows\system32\SHELL32.dll
Report Id: a83073fa-a441-11e7-814d-0050569f61da"
Error,9/28/2017 18:38,EventCreate,1,None,Application,djkvdihost854.jakarta01.com,JAKARTA01\ueda  
Error,9/28/2017 18:24,EventCreate,1,None,Application,djkvdihost708.jakarta01.com,JAKARTA01\wang  
Error,9/28/2017 18:24,Application Error,1000,-100,Application,djkvdihost708.jakarta01.com,"Faulting application name: OUTLOOK.EXE, version: 15.0.4919.1001, time stamp: 0x58d20482
Faulting module name: OUTLOOK.EXE, version: 15.0.4919.1001, time stamp: 0x58d20482
Exception code: 0xc0000005
Fault offset: 0x008924c4
Faulting process id: 0x1300
Faulting application start time: 0x01d337fd9e783dff
Faulting application path: C:\Program Files\Microsoft Office\Office15\OUTLOOK.EXE
Faulting module path: C:\Program Files\Microsoft Office\Office15\OUTLOOK.EXE
Report Id: a27302d5-a43f-11e7-896a-0050569f65de"
Error,9/28/2017 18:20,EventCreate,1,None,Application,djkvdihost664.jakarta01.com,JAKARTA01\santoso  
Error,9/28/2017 18:20,Application Error,1000,-100,Application,djkvdihost664.jakarta01.com,"Faulting application name: OUTLOOK.EXE, version: 15.0.4919.1001, time stamp: 0x58d20482
Faulting module name: OUTLOOK.EXE, version: 15.0.4919.1001, time stamp: 0x58d20482
Exception code: 0xc0000005
Fault offset: 0x008924c7
Faulting process id: 0x2358
Faulting application start time: 0x01d3383b1a00a87f
Faulting application path: C:\Program Files\Microsoft Office\Office15\OUTLOOK.EXE
Faulting module path: C:\Program Files\Microsoft Office\Office15\OUTLOOK.EXE
Report Id: f8cd5542-a43e-11e7-8659-0050569f6e89"
Error,9/28/2017 18:16,EventCreate,1,None,Application,djkvdihost455.jakarta01.com,JAKARTA01\yuswardie  
Error,9/28/2017 18:16,Application Error,1000,-100,Application,djkvdihost455.jakarta01.com,"Faulting application name: PhotoScreensaver.scr, version: 6.1.7601.17514, time stamp: 0x4ce7a590
Faulting module name: SHELL32.dll, version: 6.1.7601.23537, time stamp: 0x57c450f4
Exception code: 0xc0000005
Fault offset: 0x001f269f
Faulting process id: 0x10b0
Faulting application start time: 0x01d33846e5befbf8
Faulting application path: C:\Windows\system32\PhotoScreensaver.scr
Faulting module path: C:\Windows\system32\SHELL32.dll
Report Id: 869fe91d-a43e-11e7-814d-0050569f61da"
Error,9/28/2017 18:13,EventCreate,1,None,Application,djkvdihost217.jakarta01.com,JAKARTA01\karmenia  
Error,9/28/2017 18:13,EventCreate,1,None,Application,djkvdihost217.jakarta01.com,JAKARTA01\karmenia  
Error,9/28/2017 18:13,EventCreate,1,None,Application,djkvdihost217.jakarta01.com,JAKARTA01\karmenia  
Error,9/28/2017 18:10,EventCreate,1,None,Application,djkvdihost569.jakarta01.com,JAKARTA01\phia  
Error,9/28/2017 18:10,Application Error,1000,-100,Application,djkvdihost569.jakarta01.com,"Faulting application name: OUTLOOK.EXE, version: 15.0.4919.1001, time stamp: 0x58d20482
Faulting module name: OUTLOOK.EXE, version: 15.0.4919.1001, time stamp: 0x58d20482
Exception code: 0xc0000005
Fault offset: 0x008924c4
Faulting process id: 0x1884
Faulting application start time: 0x01d337f13bbb093d
Faulting application path: C:\Program Files\Microsoft Office\Office15\OUTLOOK.EXE
Faulting module path: C:\Program Files\Microsoft Office\Office15\OUTLOOK.EXE
Report Id: 987d0d10-a43d-11e7-a7a3-0050569f6426"
Error,9/28/2017 18:09,EventCreate,1,None,Application,djkvdihost440.jakarta01.com,JAKARTA01\maulina  
Error,9/28/2017 18:09,Application Error,1000,-100,Application,djkvdihost440.jakarta01.com,"Faulting application name: OUTLOOK.EXE, version: 15.0.4919.1001, time stamp: 0x58d20482
Faulting module name: OUTLOOK.EXE, version: 15.0.4919.1001, time stamp: 0x58d20482
Exception code: 0xc0000005
Fault offset: 0x008924c4
Faulting process id: 0x15ec
Faulting application start time: 0x01d337fcec700ed7
Faulting application path: C:\Program Files\Microsoft Office\Office15\OUTLOOK.EXE
Faulting module path: C:\Program Files\Microsoft Office\Office15\OUTLOOK.EXE
Report Id: 71a4758e-a43d-11e7-8faa-0050569f1637"
Error,9/28/2017 18:07,EventCreate,1,None,Application,djkvdihost229.jakarta01.com,JAKARTA01\Novita Rahayu  
Error,9/28/2017 18:07,Application Error,1000,-100,Application,djkvdihost229.jakarta01.com,"Faulting application name: OUTLOOK.EXE, version: 15.0.4919.1001, time stamp: 0x58d20482
Faulting module name: OUTLOOK.EXE, version: 15.0.4919.1001, time stamp: 0x58d20482
Exception code: 0xc0000005
Fault offset: 0x008924c4
Faulting process id: 0x1c5c
Faulting application start time: 0x01d337f7f5de450f
Faulting application path: C:\Program Files\Microsoft Office\Office15\OUTLOOK.EXE
Faulting module path: C:\Program Files\Microsoft Office\Office15\OUTLOOK.EXE
Report Id: 2ce52cc7-a43d-11e7-b8eb-0050569f6ff7"
Error,9/28/2017 18:05,EventCreate,1,None,Application,djkvdihost525.jakarta01.com,JAKARTA01\syifa  
Error,9/28/2017 18:05,Application Error,1000,-100,Application,djkvdihost525.jakarta01.com,"Faulting application name: EXCEL.EXE, version: 15.0.4919.1000, time stamp: 0x58c7ab0f
Faulting module name: EXCEL.EXE, version: 15.0.4919.1000, time stamp: 0x58c7ab0f
Exception code: 0xc0000005
Fault offset: 0x002ff54c
Faulting process id: 0x1868
Faulting application start time: 0x01d3380f145f8c9c
Faulting application path: C:\Program Files\Microsoft Office\Office15\EXCEL.EXE
Faulting module path: C:\Program Files\Microsoft Office\Office15\EXCEL.EXE
Report Id: f0294d5b-a43c-11e7-9211-0050569f4507"
Error,9/28/2017 18:02,EventCreate,1,None,Application,djkvdihost579.jakarta01.com,JAKARTA01\purba  
Error,9/28/2017 17:58,EventCreate,1,None,Application,djkvdihost803.jakarta01.com,JAKARTA01\Anton 2  
Error,9/28/2017 17:54,EventCreate,1,None,Application,djkvdihost279.jakarta01.com,JAKARTA01\adityo  
Error,9/28/2017 17:54,Application Error,1000,-100,Application,djkvdihost279.jakarta01.com,"Faulting application name: iexplore.exe, version: 11.0.9600.18639, time stamp: 0x58d6bb0d
Faulting module name: MSHTML.dll, version: 11.0.9600.18639, time stamp: 0x58d6c720
Exception code: 0xc0000005
Fault offset: 0x000ac604
Faulting process id: 0xd18
Faulting application start time: 0x01d337f2e28034fd
Faulting application path: C:\Program Files\Internet Explorer\iexplore.exe
Faulting module path: C:\Windows\system32\MSHTML.dll
Report Id: 62b51102-a43b-11e7-ad29-0050569f6cfb"
Error,9/28/2017 17:49,EventCreate,1,None,Application,djkvdihost308.jakarta01.com,JAKARTA01\Virgitha  
Error,9/28/2017 17:49,Application Error,1000,-100,Application,djkvdihost308.jakarta01.com,"Faulting application name: OUTLOOK.EXE, version: 15.0.4919.1001, time stamp: 0x58d20482
Faulting module name: OUTLOOK.EXE, version: 15.0.4919.1001, time stamp: 0x58d20482
Exception code: 0xc0000005
Fault offset: 0x008924c7
Faulting process id: 0xb00
Faulting application start time: 0x01d337f0cc95da8c
Faulting application path: C:\Program Files\Microsoft Office\Office15\OUTLOOK.EXE
Faulting module path: C:\Program Files\Microsoft Office\Office15\OUTLOOK.EXE
Report Id: b86ccf1f-a43a-11e7-bfc4-0050569f4d71"
Error,9/28/2017 17:48,EventCreate,1,None,Application,djkvdihost059.jakarta01.com,JAKARTA01\nadea  
Error,9/28/2017 17:47,WSH,1,None,Application,djkvdihost059.jakarta01.com,"CN=Nadea Endar Kesuma password will expire in 3 day(s) at 10/1/2017 8:20:18 AM

Press CTRL + ALT + DEL and select the ""Change a password"" option."
Error,9/28/2017 17:47,WSH,1,None,Application,djkvdihost059.jakarta01.com,"CN=Nadea Endar Kesuma password will expire in 3 day(s) at 10/1/2017 8:20:18 AM

Press CTRL + ALT + DEL and select the ""Change a password"" option."
Error,9/28/2017 17:46,EventCreate,1,None,Application,djkvdihost627.jakarta01.com,JAKARTA01\DanielAW  
Error,9/28/2017 17:46,EventCreate,1,None,Application,djkvdihost627.jakarta01.com,JAKARTA01\DanielAW  
Error,9/28/2017 17:45,EventCreate,1,None,Application,djkvdihost743.jakarta01.com,JAKARTA01\Eny Masruroh  
Error,9/28/2017 17:45,Application Error,1000,-100,Application,djkvdihost743.jakarta01.com,"Faulting application name: OUTLOOK.EXE, version: 15.0.4919.1001, time stamp: 0x58d20482
Faulting module name: OUTLOOK.EXE, version: 15.0.4919.1001, time stamp: 0x58d20482
Exception code: 0xc0000005
Fault offset: 0x008924c4
Faulting process id: 0x1cfc
Faulting application start time: 0x01d337f17579ddf0
Faulting application path: C:\Program Files\Microsoft Office\Office15\OUTLOOK.EXE
Faulting module path: C:\Program Files\Microsoft Office\Office15\OUTLOOK.EXE
Report Id: 2af9e85a-a43a-11e7-b088-0050569f62ff"
Error,9/28/2017 17:44,EventCreate,1,None,Application,djkvdihost254.jakarta01.com,JAKARTA01\angga  
Error,9/28/2017 17:44,EventCreate,1,None,Application,djkvdihost359.jakarta01.com,JAKARTA01\Siti Atikah  
Error,9/28/2017 17:44,Application Error,1000,-100,Application,djkvdihost254.jakarta01.com,"Faulting application name: OUTLOOK.EXE, version: 15.0.4919.1001, time stamp: 0x58d20482
Faulting module name: OUTLOOK.EXE, version: 15.0.4919.1001, time stamp: 0x58d20482
Exception code: 0xc0000005
Fault offset: 0x008924c4
Faulting process id: 0x1d50
Faulting application start time: 0x01d337f6a1e5eed4
Faulting application path: C:\Program Files\Microsoft Office\Office15\OUTLOOK.EXE
Faulting module path: C:\Program Files\Microsoft Office\Office15\OUTLOOK.EXE
Report Id: 05c0e8df-a43a-11e7-9c02-0050569f2dfe"
Error,9/28/2017 17:44,EventCreate,1,None,Application,djkvdihost290.jakarta01.com,JAKARTA01\MegaDN  
Error,9/28/2017 17:44,Application Error,1000,-100,Application,djkvdihost290.jakarta01.com,"Faulting application name: OUTLOOK.EXE, version: 15.0.4919.1001, time stamp: 0x58d20482
Faulting module name: OUTLOOK.EXE, version: 15.0.4919.1001, time stamp: 0x58d20482
Exception code: 0xc0000005
Fault offset: 0x008924c7
Faulting process id: 0x10cc
Faulting application start time: 0x01d337f677226927
Faulting application path: C:\Program Files\Microsoft Office\Office15\OUTLOOK.EXE
Faulting module path: C:\Program Files\Microsoft Office\Office15\OUTLOOK.EXE
Report Id: f0fb8814-a439-11e7-8149-0050569f3e9e"
Error,9/28/2017 17:41,EventCreate,1,None,Application,djkvdihost199.jakarta01.com,JAKARTA01\wirantika  
Error,9/28/2017 17:38,EventCreate,1,None,Application,djkvdihost739.jakarta01.com,JAKARTA01\dananwst  
Error,9/28/2017 17:38,Application Error,1000,-100,Application,djkvdihost739.jakarta01.com,"Faulting application name: OUTLOOK.EXE, version: 15.0.4919.1001, time stamp: 0x58d20482
Faulting module name: OUTLOOK.EXE, version: 15.0.4919.1001, time stamp: 0x58d20482
Exception code: 0xc0000005
Fault offset: 0x008924c4
Faulting process id: 0x1a28
Faulting application start time: 0x01d337fa27773a17
Faulting application path: C:\Program Files\Microsoft Office\Office15\OUTLOOK.EXE
Faulting module path: C:\Program Files\Microsoft Office\Office15\OUTLOOK.EXE
Report Id: 3492f732-a439-11e7-92e7-0050569f163a"
Error,9/28/2017 17:37,EventCreate,1,None,Application,djkvdihost303.jakarta01.com,JAKARTA01\Kartina  
Error,9/28/2017 17:37,Application Error,1000,-100,Application,djkvdihost303.jakarta01.com,"Faulting application name: OUTLOOK.EXE, version: 15.0.4919.1001, time stamp: 0x58d20482
Faulting module name: OUTLOOK.EXE, version: 15.0.4919.1001, time stamp: 0x58d20482
Exception code: 0xc0000005
Fault offset: 0x008924c4
Faulting process id: 0xc08
Faulting application start time: 0x01d33800f42308b4
Faulting application path: C:\Program Files\Microsoft Office\Office15\OUTLOOK.EXE
Faulting module path: C:\Program Files\Microsoft Office\Office15\OUTLOOK.EXE
Report Id: 0c8a3f46-a439-11e7-8ece-0050569f10a4"
Error,9/28/2017 17:37,EventCreate,1,None,Application,djkvdihost702.jakarta01.com,JAKARTA01\dhimas  
Error,9/28/2017 17:35,EventCreate,1,None,Application,djkvdihost316.jakarta01.com,JAKARTA01\dolly  
Error,9/28/2017 17:35,Application Error,1000,-100,Application,djkvdihost316.jakarta01.com,"Faulting application name: CWBTF.EXE, version: 12.0.0.1, time stamp: 0x483cc594
Faulting module name: CwbTFDlg.dll, version: 12.0.0.1, time stamp: 0x486087c2
Exception code: 0xc0000005
Fault offset: 0x00018766
Faulting process id: 0x26e4
Faulting application start time: 0x01d3383c20c288d7
Faulting application path: C:\Program Files\IBM\Client Access\CWBTF.EXE
Faulting module path: C:\Windows\system32\CwbTFDlg.dll
Report Id: c2f1b3b3-a438-11e7-ae78-0050569f6540"
Error,9/28/2017 17:33,EventCreate,1,None,Application,djkvdihost721.jakarta01.com,JAKARTA01\kristian  
Error,9/28/2017 17:33,Application Error,1000,-100,Application,djkvdihost721.jakarta01.com,"Faulting application name: PhotoScreensaver.scr, version: 6.1.7601.17514, time stamp: 0x4ce7a590
Faulting module name: SHELL32.dll, version: 6.1.7601.23537, time stamp: 0x57c450f4
Exception code: 0xc0000005
Fault offset: 0x001f269f
Faulting process id: 0x26b0
Faulting application start time: 0x01d338451009f3a0
Faulting application path: C:\Windows\system32\PhotoScreensaver.scr
Faulting module path: C:\Windows\system32\SHELL32.dll
Report Id: 7f11bf37-a438-11e7-8e60-0050569f38f4"
Error,9/28/2017 17:33,EventCreate,1,None,Application,djkvdihost339.jakarta01.com,JAKARTA01\lileliza  
Error,9/28/2017 17:32,EventCreate,1,None,Application,djkvdihost245.jakarta01.com,JAKARTA01\puspitasari  
Error,9/28/2017 17:32,Application Error,1000,-100,Application,djkvdihost245.jakarta01.com,"Faulting application name: iexplore.exe, version: 11.0.9600.18639, time stamp: 0x58d6bb0d
Faulting module name: MSHTML.dll, version: 11.0.9600.18639, time stamp: 0x58d6c720
Exception code: 0xc0000005
Fault offset: 0x000ac604
Faulting process id: 0x1308
Faulting application start time: 0x01d337f480efdaa4
Faulting application path: C:\Program Files\Internet Explorer\iexplore.exe
Faulting module path: C:\Windows\system32\MSHTML.dll
Report Id: 5bb762c4-a438-11e7-aff3-0050569f58a4"
Error,9/28/2017 17:30,EventCreate,1,None,Application,djkvdihost382.jakarta01.com,JAKARTA01\Rafika  
Error,9/28/2017 17:29,EventCreate,1,None,Application,djkvdihost382.jakarta01.com,JAKARTA01\Rafika  
Error,9/28/2017 17:28,EventCreate,1,None,Application,djkvdihost340.jakarta01.com,JAKARTA01\raymond  
Error,9/28/2017 17:26,EventCreate,1,None,Application,djkvdihost721.jakarta01.com,JAKARTA01\kristian  
Error,9/28/2017 17:26,Application Error,1000,-100,Application,djkvdihost721.jakarta01.com,"Faulting application name: PhotoScreensaver.scr, version: 6.1.7601.17514, time stamp: 0x4ce7a590
Faulting module name: SHELL32.dll, version: 6.1.7601.23537, time stamp: 0x57c450f4
Exception code: 0xc0000005
Fault offset: 0x001f269f
Faulting process id: 0x1780
Faulting application start time: 0x01d338431e929c65
Faulting application path: C:\Windows\system32\PhotoScreensaver.scr
Faulting module path: C:\Windows\system32\SHELL32.dll
Report Id: 7b76f2d8-a437-11e7-8e60-0050569f38f4"
Error,9/28/2017 17:25,EventCreate,1,None,Application,djkvdihost528.jakarta01.com,JAKARTA01\isnaini  
Error,9/28/2017 17:25,EventCreate,1,None,Application,djkvdihost528.jakarta01.com,JAKARTA01\isnaini  
Error,9/28/2017 17:25,EventCreate,1,None,Application,djkvdihost537.jakarta01.com,JAKARTA01\wisnu  
Error,9/28/2017 17:25,EventCreate,1,None,Application,djkvdihost537.jakarta01.com,JAKARTA01\wisnu  
Error,9/28/2017 17:21,EventCreate,1,None,Application,djkvdihost179.jakarta01.com,JAKARTA01\iqbal maulanasani  
Error,9/28/2017 17:19,EventCreate,1,None,Application,djkvdihost179.jakarta01.com,JAKARTA01\iqbal maulanasani  
Error,9/28/2017 17:18,EventCreate,1,None,Application,djkvdihost139.jakarta01.com,JAKARTA01\Dwi anisa  
Error,9/28/2017 17:17,EventCreate,1,None,Application,djkvdihost139.jakarta01.com,JAKARTA01\Dwi anisa  
Error,9/28/2017 17:16,EventCreate,1,None,Application,djkvdihost225.jakarta01.com,JAKARTA01\andrewrs  
Error,9/28/2017 17:14,EventCreate,1,None,Application,djkvdihost585.jakarta01.com,JAKARTA01\handayani  
Error,9/28/2017 17:13,EventCreate,1,None,Application,djkvdihost585.jakarta01.com,JAKARTA01\handayani  
Error,9/28/2017 17:13,EventCreate,1,None,Application,djkvdihost379.jakarta01.com,JAKARTA01\adityo yuwono  
Error,9/28/2017 17:12,EventCreate,1,None,Application,djkvdihost379.jakarta01.com,JAKARTA01\adityo yuwono  
Error,9/28/2017 17:12,EventCreate,1,None,Application,djkvdihost379.jakarta01.com,JAKARTA01\adityo yuwono  
Error,9/28/2017 17:11,EventCreate,1,None,Application,djkvdihost036.jakarta01.com,JAKARTA01\andrewrs  
Error,9/28/2017 17:02,EventCreate,1,None,Application,djkvdihost688.jakarta01.com,JAKARTA01\Fardhady  
Error,9/28/2017 17:01,EventCreate,1,None,Application,djkvdihost688.jakarta01.com,JAKARTA01\Fardhady  
Error,9/28/2017 17:01,Application Error,1000,-100,Application,djkvdihost688.jakarta01.com,"Faulting application name: wfcrun32.exe, version: 14.4.1000.16, time stamp: 0x571e1bd4
Faulting module name: MFC80.DLL, version: 8.0.50727.6195, time stamp: 0x4dcdeca2
Exception code: 0xc0000005
Fault offset: 0x000ee1a9
Faulting process id: 0x82c
Faulting application start time: 0x01d33840cf455931
Faulting application path: C:\Program Files\Citrix\ICA Client\wfcrun32.exe
Faulting module path: C:\Windows\WinSxS\x86_microsoft.vc80.mfc_1fc8b3b9a1e18e3b_8.0.50727.6195_none_cbf5e994470a1a8f\MFC80.DLL
Report Id: 10ac1e79-a434-11e7-918e-0050569f70f3"
Error,9/28/2017 17:01,EventCreate,1,None,Application,djkvdihost688.jakarta01.com,JAKARTA01\Fardhady  
Error,9/28/2017 16:59,EventCreate,1,None,Application,djkvdihost179.jakarta01.com,JAKARTA01\edwan  
Error,9/28/2017 16:57,EventCreate,1,None,Application,djkvdihost346.jakarta01.com,JAKARTA01\nurfadila  
Error,9/28/2017 16:57,EventCreate,1,None,Application,djkvdihost361.jakarta01.com,JAKARTA01\rahmatia  
Error,9/28/2017 16:57,EventCreate,1,None,Application,djkvdihost346.jakarta01.com,JAKARTA01\nurfadila  
Error,9/28/2017 16:56,EventCreate,1,None,Application,djkvdihost361.jakarta01.com,JAKARTA01\rahmatia  
Error,9/28/2017 16:54,EventCreate,1,None,Application,djkvdihost860.jakarta01.com,JAKARTA01\ueda  
Error,9/28/2017 16:51,EventCreate,1,None,Application,djkvdihost719.jakarta01.com,JAKARTA01\erwin  
Error,9/28/2017 16:51,Application Error,1000,-100,Application,djkvdihost719.jakarta01.com,"Faulting application name: OUTLOOK.EXE, version: 15.0.4919.1001, time stamp: 0x58d20482
Faulting module name: OUTLOOK.EXE, version: 15.0.4919.1001, time stamp: 0x58d20482
Exception code: 0xc0000005
Fault offset: 0x008924c4
Faulting process id: 0x1e24
Faulting application start time: 0x01d337fdd1b106d5
Faulting application path: C:\Program Files\Microsoft Office\Office15\OUTLOOK.EXE
Faulting module path: C:\Program Files\Microsoft Office\Office15\OUTLOOK.EXE
Report Id: 923dadca-a432-11e7-abea-0050569f1be3"
Error,9/28/2017 16:50,EventCreate,1,None,Application,djkvdihost711.jakarta01.com,JAKARTA01\ali pasya  
Error,9/28/2017 16:50,Application Error,1000,-100,Application,djkvdihost711.jakarta01.com,"Faulting application name: PhotoScreensaver.scr, version: 6.1.7601.17514, time stamp: 0x4ce7a590
Faulting module name: SHELL32.dll, version: 6.1.7601.23537, time stamp: 0x57c450f4
Exception code: 0xc0000005
Fault offset: 0x001f269f
Faulting process id: 0x1834
Faulting application start time: 0x01d3383f2f6d935a
Faulting application path: C:\Windows\system32\PhotoScreensaver.scr
Faulting module path: C:\Windows\system32\SHELL32.dll
Report Id: 796a03ad-a432-11e7-a8fa-0050569f3915"
Error,9/28/2017 16:49,EventCreate,1,None,Application,djkvdihost668.jakarta01.com,JAKARTA01\haryadi  
Error,9/28/2017 16:49,EventCreate,1,None,Application,djkvdihost548.jakarta01.com,JAKARTA01\fitri  
Error,9/28/2017 16:49,Application Error,1000,-100,Application,djkvdihost668.jakarta01.com,"Faulting application name: OUTLOOK.EXE, version: 15.0.4919.1001, time stamp: 0x58d20482
Faulting module name: OUTLOOK.EXE, version: 15.0.4919.1001, time stamp: 0x58d20482
Exception code: 0xc0000005
Fault offset: 0x008924c4
Faulting process id: 0x1564
Faulting application start time: 0x01d337fcbae8832e
Faulting application path: C:\Program Files\Microsoft Office\Office15\OUTLOOK.EXE
Faulting module path: C:\Program Files\Microsoft Office\Office15\OUTLOOK.EXE
Report Id: 50467a9c-a432-11e7-9408-0050569f76ec"
Error,9/28/2017 16:48,EventCreate,1,None,Application,djkvdihost817.jakarta01.com,JAKARTA01\elestari  
Error,9/28/2017 16:45,EventCreate,1,None,Application,djkvdihost814.jakarta01.com,JAKARTA01\ubaedi  
Error,9/28/2017 16:44,EventCreate,1,None,Application,djkvdihost465.jakarta01.com,JAKARTA01\rininta  
Error,9/28/2017 16:44,Application Error,1000,-100,Application,djkvdihost814.jakarta01.com,"Faulting application name: PhotoScreensaver.scr, version: 6.1.7601.17514, time stamp: 0x4ce7a590
Faulting module name: SHELL32.dll, version: 6.1.7601.23537, time stamp: 0x57c450f4
Exception code: 0xc0000005
Fault offset: 0x001f269f
Faulting process id: 0x1e2c
Faulting application start time: 0x01d3383cb56bfd0f
Faulting application path: C:\Windows\system32\PhotoScreensaver.scr
Faulting module path: C:\Windows\system32\SHELL32.dll
Report Id: ad5644a9-a431-11e7-960e-0050569f551f"
Error,9/28/2017 16:44,EventCreate,1,None,Application,djkvdihost465.jakarta01.com,JAKARTA01\rininta  
Error,9/28/2017 16:43,EventCreate,1,None,Application,djkvdihost361.jakarta01.com,JAKARTA01\Hilman  
Error,9/28/2017 16:43,EventCreate,1,None,Application,djkvdihost361.jakarta01.com,JAKARTA01\Hilman  
Error,9/28/2017 16:40,EventCreate,1,None,Application,djkvdihost697.jakarta01.com,JAKARTA01\ridjal  
Error,9/28/2017 16:35,EventCreate,1,None,Application,djkvdihost347.jakarta01.com,JAKARTA01\naldi  
Error,9/28/2017 16:35,Application Error,1000,-100,Application,djkvdihost347.jakarta01.com,"Faulting application name: OUTLOOK.EXE, version: 15.0.4919.1001, time stamp: 0x58d20482
Faulting module name: OUTLOOK.EXE, version: 15.0.4919.1001, time stamp: 0x58d20482
Exception code: 0xc0000005
Fault offset: 0x008924c4
Faulting process id: 0x15b0
Faulting application start time: 0x01d337fd5f37e0b6
Faulting application path: C:\Program Files\Microsoft Office\Office15\OUTLOOK.EXE
Faulting module path: C:\Program Files\Microsoft Office\Office15\OUTLOOK.EXE
Report Id: 67554a09-a430-11e7-93d4-0050569f08e4"
Error,9/28/2017 16:28,EventCreate,1,None,Application,djkvdihost074.jakarta01.com,JAKARTA01\regina  
Error,9/28/2017 16:28,EventCreate,1,None,Application,djkvdihost068.jakarta01.com,JAKARTA01\puji sih  
Error,9/28/2017 16:28,Application Error,1000,-100,Application,djkvdihost068.jakarta01.com,"Faulting application name: PhotoScreensaver.scr, version: 6.1.7601.17514, time stamp: 0x4ce7a590
Faulting module name: SHELL32.dll, version: 6.1.7601.23537, time stamp: 0x57c450f4
Exception code: 0xc0000005
Fault offset: 0x001f269f
Faulting process id: 0x2234
Faulting application start time: 0x01d3383a526db8d4
Faulting application path: C:\Windows\system32\PhotoScreensaver.scr
Faulting module path: C:\Windows\system32\SHELL32.dll
Report Id: 51c11ab4-a42f-11e7-8aa8-0050569f6ddf"
Error,9/28/2017 16:26,EventCreate,1,None,Application,djkvdihost718.jakarta01.com,JAKARTA01\Teguh Aji  
Error,9/28/2017 16:26,Application Error,1000,-100,Application,djkvdihost718.jakarta01.com,"Faulting application name: OUTLOOK.EXE, version: 15.0.4919.1001, time stamp: 0x58d20482
Faulting module name: OUTLOOK.EXE, version: 15.0.4919.1001, time stamp: 0x58d20482
Exception code: 0xc0000005
Fault offset: 0x008924c4
Faulting process id: 0x1c0c
Faulting application start time: 0x01d337f3a3bf027d
Faulting application path: C:\Program Files\Microsoft Office\Office15\OUTLOOK.EXE
Faulting module path: C:\Program Files\Microsoft Office\Office15\OUTLOOK.EXE
Report Id: 263d4951-a42f-11e7-9ce6-0050569f2674"
Error,9/28/2017 16:22,EventCreate,1,None,Application,djkvdihost663.jakarta01.com,JAKARTA01\rozi  
Error,9/28/2017 16:22,Application Error,1000,-100,Application,djkvdihost663.jakarta01.com,"Faulting application name: OUTLOOK.EXE, version: 15.0.4919.1001, time stamp: 0x58d20482
Faulting module name: OUTLOOK.EXE, version: 15.0.4919.1001, time stamp: 0x58d20482
Exception code: 0xc0000005
Fault offset: 0x008924c4
Faulting process id: 0x158c
Faulting application start time: 0x01d337edf9550e90
Faulting application path: C:\Program Files\Microsoft Office\Office15\OUTLOOK.EXE
Faulting module path: C:\Program Files\Microsoft Office\Office15\OUTLOOK.EXE
Report Id: 8daa6430-a42e-11e7-b41d-0050569f5db8"
Error,9/28/2017 16:16,EventCreate,1,None,Application,djkvdihost361.jakarta01.com,JAKARTA01\DEVI  
Error,9/28/2017 16:16,Application Error,1000,-100,Application,djkvdihost361.jakarta01.com,"Faulting application name: AcroRd32.exe, version: 10.1.4.38, time stamp: 0x5012ea69
Faulting module name: AcroRd32.dll, version: 10.1.4.38, time stamp: 0x5012f9f9
Exception code: 0xc0000005
Fault offset: 0x00165288
Faulting process id: 0x1434
Faulting application start time: 0x01d3380d974d3be2
Faulting application path: C:\Program Files\Adobe\Reader 10.0\Reader\AcroRd32.exe
Faulting module path: C:\Program Files\Adobe\Reader 10.0\Reader\AcroRd32.dll
Report Id: a8cf30c8-a42d-11e7-adb6-0050569f08f9"
Error,9/28/2017 16:15,EventCreate,1,None,Application,djkvdihost688.jakarta01.com,JAKARTA01\rahman  
Error,9/28/2017 16:15,EventCreate,1,None,Application,djkvdihost688.jakarta01.com,JAKARTA01\rahman  
Error,9/28/2017 16:13,EventCreate,1,None,Application,djkvdihost637.jakarta01.com,JAKARTA01\Latiefah  
Error,9/28/2017 16:13,Application Error,1000,-100,Application,djkvdihost637.jakarta01.com,"Faulting application name: WFICA32.EXE, version: 14.4.1000.16, time stamp: 0x571e1d89
Faulting module name: VDTWIN.DLL, version: 14.4.1000.16, time stamp: 0x571e1a65
Exception code: 0xc0000005
Fault offset: 0x0002a52b
Faulting process id: 0x5d8
Faulting application start time: 0x01d337fca80505d4
Faulting application path: C:\PROGRA~1\Citrix\ICACLI~1\WFICA32.EXE
Faulting module path: C:\PROGRA~1\Citrix\ICACLI~1\VDTWIN.DLL
Report Id: 500f4ee1-a42d-11e7-8f1e-0050569f5cf3"
Error,9/28/2017 16:08,EventCreate,1,None,Application,djkvdihost610.jakarta01.com,JAKARTA01\GUESTISD33  
Error,9/28/2017 16:08,EventCreate,1,None,Application,djkvdihost772.jakarta01.com,JAKARTA01\aynie  
Error,9/28/2017 16:08,Application Error,1000,-100,Application,djkvdihost610.jakarta01.com,"Faulting application name: EXCEL.EXE, version: 15.0.4919.1000, time stamp: 0x58c7ab0f
Faulting module name: EXCEL.EXE, version: 15.0.4919.1000, time stamp: 0x58c7ab0f
Exception code: 0xc0000005
Fault offset: 0x0094ea89
Faulting process id: 0x1534
Faulting application start time: 0x01d33813901ed461
Faulting application path: C:\Program Files\Microsoft Office\Office15\EXCEL.EXE
Faulting module path: C:\Program Files\Microsoft Office\Office15\EXCEL.EXE
Report Id: 8877aae3-a42c-11e7-bc7b-0050569f01e9"
Error,9/28/2017 16:05,EventCreate,1,None,Application,djkvdihost802.jakarta01.com,JAKARTA01\tenri  
Error,9/28/2017 16:05,Application Error,1000,-100,Application,djkvdihost802.jakarta01.com,"Faulting application name: OUTLOOK.EXE, version: 15.0.4919.1001, time stamp: 0x58d20482
Faulting module name: OUTLOOK.EXE, version: 15.0.4919.1001, time stamp: 0x58d20482
Exception code: 0xc0000005
Fault offset: 0x002c7fa9
Faulting process id: 0x568
Faulting application start time: 0x01d33803298315bf
Faulting application path: C:\Program Files\Microsoft Office\Office15\OUTLOOK.EXE
Faulting module path: C:\Program Files\Microsoft Office\Office15\OUTLOOK.EXE
Report Id: 2dca70b6-a42c-11e7-804f-0050569f6ece"
Error,9/28/2017 16:04,EventCreate,1,None,Application,djkvdihost683.jakarta01.com,JAKARTA01\Devina  
Error,9/28/2017 16:04,EventCreate,1,None,Application,djkvdihost533.jakarta01.com,JAKARTA01\cut nyak  
Error,9/28/2017 16:04,Application Error,1000,-100,Application,djkvdihost683.jakarta01.com,"Faulting application name: OUTLOOK.EXE, version: 15.0.4919.1001, time stamp: 0x58d20482
Faulting module name: OUTLOOK.EXE, version: 15.0.4919.1001, time stamp: 0x58d20482
Exception code: 0xc0000005
Fault offset: 0x008924c7
Faulting process id: 0x2300
Faulting application start time: 0x01d33837c2be186c
Faulting application path: C:\Program Files\Microsoft Office\Office15\OUTLOOK.EXE
Faulting module path: C:\Program Files\Microsoft Office\Office15\OUTLOOK.EXE
Report Id: 061e42c4-a42c-11e7-b96e-0050569f1fcf"
Error,9/28/2017 16:04,Application Error,1000,-100,Application,djkvdihost533.jakarta01.com,"Faulting application name: OUTLOOK.EXE, version: 15.0.4919.1001, time stamp: 0x58d20482
Faulting module name: OUTLOOK.EXE, version: 15.0.4919.1001, time stamp: 0x58d20482
Exception code: 0xc0000005
Fault offset: 0x008924c7
Faulting process id: 0x1b48
Faulting application start time: 0x01d337e9e58de8d3
Faulting application path: C:\Program Files\Microsoft Office\Office15\OUTLOOK.EXE
Faulting module path: C:\Program Files\Microsoft Office\Office15\OUTLOOK.EXE
Report Id: 04acfd74-a42c-11e7-96b0-0050569f6efb"
Error,9/28/2017 16:01,EventCreate,1,None,Application,djkvdihost756.jakarta01.com,JAKARTA01\rina  
Error,9/28/2017 16:00,EventCreate,1,None,Application,djkvdihost756.jakarta01.com,JAKARTA01\rina  
Error,9/28/2017 15:59,EventCreate,1,None,Application,djkvdihost534.jakarta01.com,JAKARTA01\eunice  
Error,9/28/2017 15:59,Application Error,1000,-100,Application,djkvdihost534.jakarta01.com,"Faulting application name: OUTLOOK.EXE, version: 15.0.4919.1001, time stamp: 0x58d20482
Faulting module name: OUTLOOK.EXE, version: 15.0.4919.1001, time stamp: 0x58d20482
Exception code: 0xc0000005
Fault offset: 0x008924c4
Faulting process id: 0x1e00
Faulting application start time: 0x01d33800cf0bfb4c
Faulting application path: C:\Program Files\Microsoft Office\Office15\OUTLOOK.EXE
Faulting module path: C:\Program Files\Microsoft Office\Office15\OUTLOOK.EXE
Report Id: 5a6d500a-a42b-11e7-9be4-0050569f2ff4"
Error,9/28/2017 15:55,EventCreate,1,None,Application,djkvdihost032.jakarta01.com,JAKARTA01\Dicky  
Error,9/28/2017 15:55,Application Error,1000,-100,Application,djkvdihost032.jakarta01.com,"Faulting application name: OUTLOOK.EXE, version: 15.0.4919.1001, time stamp: 0x58d20482
Faulting module name: OUTLOOK.EXE, version: 15.0.4919.1001, time stamp: 0x58d20482
Exception code: 0xc0000005
Fault offset: 0x008924c4
Faulting process id: 0x1ba0
Faulting application start time: 0x01d337f74add7dfc
Faulting application path: C:\Program Files\Microsoft Office\Office15\OUTLOOK.EXE
Faulting module path: C:\Program Files\Microsoft Office\Office15\OUTLOOK.EXE
Report Id: d19d0b51-a42a-11e7-9949-0050569f6c2d"
Error,9/28/2017 15:54,EventCreate,1,None,Application,djkvdihost664.jakarta01.com,JAKARTA01\santoso  
Error,9/28/2017 15:54,Application Error,1000,-100,Application,djkvdihost664.jakarta01.com,"Faulting application name: lync.exe, version: 15.0.4919.1000, time stamp: 0x58c7ab1e
Faulting module name: ntdll.dll, version: 6.1.7601.23714, time stamp: 0x58bf8774
Exception code: 0xc0000005
Fault offset: 0x00031dca
Faulting process id: 0x11b0
Faulting application start time: 0x01d337ece7a04df3
Faulting application path: C:\Program Files\Microsoft Office\Office15\lync.exe
Faulting module path: C:\Windows\SYSTEM32\ntdll.dll
Report Id: 9340ab1f-a42a-11e7-8659-0050569f6e89"
Error,9/28/2017 15:49,EventCreate,1,None,Application,djkvdihost583.jakarta01.com,JAKARTA01\nicole  
Error,9/28/2017 15:49,Application Error,1000,-100,Application,djkvdihost583.jakarta01.com,"Faulting application name: OUTLOOK.EXE, version: 15.0.4919.1001, time stamp: 0x58d20482
Faulting module name: OUTLOOK.EXE, version: 15.0.4919.1001, time stamp: 0x58d20482
Exception code: 0xc0000005
Fault offset: 0x008924c4
Faulting process id: 0x1b48
Faulting application start time: 0x01d3382b00d2d7f3
Faulting application path: C:\Program Files\Microsoft Office\Office15\OUTLOOK.EXE
Faulting module path: C:\Program Files\Microsoft Office\Office15\OUTLOOK.EXE
Report Id: efd2bf00-a429-11e7-ba1d-0050569f7b7f"
Error,9/28/2017 15:47,EventCreate,1,None,Application,djkvdihost274.jakarta01.com,JAKARTA01\hariri  
Error,9/28/2017 15:43,EventCreate,1,None,Application,djkvdihost215.jakarta01.com,JAKARTA01\diah  
Error,9/28/2017 15:42,Application Error,1000,-100,Application,djkvdihost215.jakarta01.com,"Faulting application name: iexplore.exe, version: 11.0.9600.18639, time stamp: 0x58d6bb0d
Faulting module name: MSHTML.dll, version: 11.0.9600.18639, time stamp: 0x58d6c720
Exception code: 0xc0000005
Fault offset: 0x000ac604
Faulting process id: 0x15f0
Faulting application start time: 0x01d337fa6091cc40
Faulting application path: C:\Program Files\Internet Explorer\iexplore.exe
Faulting module path: C:\Windows\system32\MSHTML.dll
Report Id: 0602ac92-a429-11e7-ade3-0050569f5b38"
Error,9/28/2017 15:38,EventCreate,1,None,Application,djkvdihost243.jakarta01.com,JAKARTA01\Pinta  
Error,9/28/2017 15:38,Application Error,1000,-100,Application,djkvdihost243.jakarta01.com,"Faulting application name: OUTLOOK.EXE, version: 15.0.4919.1001, time stamp: 0x58d20482
Faulting module name: OUTLOOK.EXE, version: 15.0.4919.1001, time stamp: 0x58d20482
Exception code: 0xc0000005
Fault offset: 0x008924c7
Faulting process id: 0x628
Faulting application start time: 0x01d337e9cf604555
Faulting application path: C:\Program Files\Microsoft Office\Office15\OUTLOOK.EXE
Faulting module path: C:\Program Files\Microsoft Office\Office15\OUTLOOK.EXE
Report Id: 6fb18b0a-a428-11e7-ae4a-0050569f37b4"
Error,9/28/2017 15:35,EventCreate,1,None,Application,djkvdihost338.jakarta01.com,JAKARTA01\sari  
Error,9/28/2017 15:35,Application Error,1000,-100,Application,djkvdihost338.jakarta01.com,"Faulting application name: PhotoScreensaver.scr, version: 6.1.7601.17514, time stamp: 0x4ce7a590
Faulting module name: SHELL32.dll, version: 6.1.7601.23537, time stamp: 0x57c450f4
Exception code: 0xc0000005
Fault offset: 0x001f269f
Faulting process id: 0xec4
Faulting application start time: 0x01d338329816d982
Faulting application path: C:\Windows\system32\PhotoScreensaver.scr
Faulting module path: C:\Windows\system32\SHELL32.dll
Report Id: eb204f7a-a427-11e7-a2c4-0050569f3d2d"
Error,9/28/2017 15:29,EventCreate,1,None,Application,djkvdihost754.jakarta01.com,JAKARTA01\lileliza  
Error,9/28/2017 15:29,Application Error,1000,-100,Application,djkvdihost754.jakarta01.com,"Faulting application name: OUTLOOK.EXE, version: 15.0.4919.1001, time stamp: 0x58d20482
Faulting module name: OUTLOOK.EXE, version: 15.0.4919.1001, time stamp: 0x58d20482
Exception code: 0xc0000005
Fault offset: 0x008924c4
Faulting process id: 0x138c
Faulting application start time: 0x01d337ed5e95e047
Faulting application path: C:\Program Files\Microsoft Office\Office15\OUTLOOK.EXE
Faulting module path: C:\Program Files\Microsoft Office\Office15\OUTLOOK.EXE
Report Id: 31c51357-a427-11e7-8f6f-0050569f2d6d"
Error,9/28/2017 14:14,EventCreate,1,None,Application,djkvdihost097.jakarta01.com,JAKARTA01\sysdovs03  
Error,9/28/2017 15:09,EventCreate,1,None,Application,djkvdihost277.jakarta01.com,JAKARTA01\cahyaningtiyas  
Error,9/28/2017 15:06,EventCreate,1,None,Application,djkvdihost292.jakarta01.com,JAKARTA01\Linda Marshelia  
Error,9/28/2017 15:06,Application Error,1000,-100,Application,djkvdihost292.jakarta01.com,"Faulting application name: AcroRd32.exe, version: 10.1.4.38, time stamp: 0x5012ea69
Faulting module name: ntdll.dll, version: 6.1.7601.23714, time stamp: 0x58bf8774
Exception code: 0xc0000005
Fault offset: 0x0005294f
Faulting process id: 0x1c54
Faulting application start time: 0x01d3383097174c49
Faulting application path: C:\Program Files\Adobe\Reader 10.0\Reader\AcroRd32.exe
Faulting module path: C:\Windows\SYSTEM32\ntdll.dll
Report Id: e7c8b496-a423-11e7-b455-0050569f2acb"
Error,9/28/2017 15:03,EventCreate,1,None,Application,djkvdihost505.jakarta01.com,JAKARTA01\dessy  
Error,9/28/2017 15:03,Application Error,1000,-100,Application,djkvdihost505.jakarta01.com,"Faulting application name: iexplore.exe, version: 11.0.9600.18639, time stamp: 0x58d6bb0d
Faulting module name: MSHTML.dll, version: 11.0.9600.18639, time stamp: 0x58d6c720
Exception code: 0xc0000005
Fault offset: 0x000ac604
Faulting process id: 0xacc
Faulting application start time: 0x01d337fe31904a68
Faulting application path: C:\Program Files\Internet Explorer\iexplore.exe
Faulting module path: C:\Windows\system32\MSHTML.dll
Report Id: 860880bb-a423-11e7-99db-0050569f5749"
Error,9/28/2017 15:00,EventCreate,1,None,Application,djkvdihost543.jakarta01.com,JAKARTA01\Danny  
Error,9/28/2017 15:00,EventCreate,1,None,Application,djkvdihost543.jakarta01.com,JAKARTA01\Danny  
Error,9/28/2017 14:55,EventCreate,1,None,Application,djkvdihost874.jakarta01.com,JAKARTA01\sodeoka  
Error,9/28/2017 14:55,Application Error,1000,-100,Application,djkvdihost874.jakarta01.com,"Faulting application name: OUTLOOK.EXE, version: 15.0.4919.1001, time stamp: 0x58d20482
Faulting module name: OUTLOOK.EXE, version: 15.0.4919.1001, time stamp: 0x58d20482
Exception code: 0xc0000005
Fault offset: 0x008924c7
Faulting process id: 0x195c
Faulting application start time: 0x01d337f24e197d32
Faulting application path: C:\Program Files\Microsoft Office\Office15\OUTLOOK.EXE
Faulting module path: C:\Program Files\Microsoft Office\Office15\OUTLOOK.EXE
Report Id: 67eb32af-a422-11e7-9a77-0050569f5341"
Error,9/28/2017 14:53,EventCreate,1,None,Application,djkvdihost501.jakarta01.com,JAKARTA01\pancaran  
Error,9/28/2017 14:49,EventCreate,1,None,Application,djkvdihost547.jakarta01.com,JAKARTA01\Erich  
Error,9/28/2017 14:49,Application Error,1000,-100,Application,djkvdihost547.jakarta01.com,"Faulting application name: EXCEL.EXE, version: 15.0.4919.1000, time stamp: 0x58c7ab0f
Faulting module name: EXCEL.EXE, version: 15.0.4919.1000, time stamp: 0x58c7ab0f
Exception code: 0xc0000005
Fault offset: 0x0094ea89
Faulting process id: 0x1d2c
Faulting application start time: 0x01d337f762a41938
Faulting application path: C:\PROGRA~1\MICROS~2\Office15\EXCEL.EXE
Faulting module path: C:\PROGRA~1\MICROS~2\Office15\EXCEL.EXE
Report Id: 9cb53575-a421-11e7-8ef5-0050569f5691"
Error,9/28/2017 14:39,EventCreate,1,None,Application,djkvdihost606.jakarta01.com,JAKARTA01\henny  
