Error,10/5/2017 9:40:08 AM,EventCreate,1,None,Application,djkvdihost457.jakarta01.com,JAKARTA01\ronal  
Error,10/5/2017 9:39:15 AM,EventCreate,1,None,Application,djkvdihost134.jakarta01.com,JAKARTA01\MuhammadH  
Error,10/5/2017 9:39:11 AM,Application Error,1000,(100),Application,djkvdihost134.jakarta01.com,"Faulting application name: EXCEL.EXE, version: 15.0.4919.1000, time stamp: 0x58c7ab0f
Faulting module name: EXCEL.EXE, version: 15.0.4919.1000, time stamp: 0x58c7ab0f
Exception code: 0xc0000005
Fault offset: 0x00072187
Faulting process id: 0x1f50
Faulting application start time: 0x01d33d831522a727
Faulting application path: C:\Program Files\Microsoft Office\Office15\EXCEL.EXE
Faulting module path: C:\Program Files\Microsoft Office\Office15\EXCEL.EXE
Report Id: 5e0ee09f-a976-11e7-b0e5-0050569f5725"
Error,10/5/2017 9:38:16 AM,EventCreate,1,None,Application,djkvdihost334.jakarta01.com,JAKARTA01\metha  
Error,10/5/2017 9:38:15 AM,Application Error,1000,(100),Application,djkvdihost334.jakarta01.com,"Faulting application name: NLNOTES.EXE, version: 8.5.30.11258, time stamp: 0x4e72fa51
Faulting module name: nnotes.dll, version: 8.5.30.11258, time stamp: 0x4e72fa6a
Exception code: 0xc0000005
Fault offset: 0x001c7f0e
Faulting process id: 0xc68
Faulting application start time: 0x01d33d82fe8f20ee
Faulting application path: C:\Program Files\IBM\Lotus\Notes\NLNOTES.EXE
Faulting module path: C:\Program Files\IBM\Lotus\Notes\nnotes.dll
Report Id: 3c798fa9-a976-11e7-9dc7-0050569f05b5"
Error,10/5/2017 9:36:28 AM,EventCreate,1,None,Application,djkvdihost049.jakarta01.com,JAKARTA01\iqbal maulanasani  
Error,10/5/2017 9:35:47 AM,EventCreate,1,None,Application,djkvdihost687.jakarta01.com,JAKARTA01\guestisd64  
Error,10/5/2017 9:33:58 AM,EventCreate,1,None,Application,djkvdihost149.jakarta01.com,JAKARTA01\ilham  
Error,10/5/2017 9:33:55 AM,Application Error,1000,(100),Application,djkvdihost149.jakarta01.com,"Faulting application name: EXCEL.EXE, version: 15.0.4919.1000, time stamp: 0x58c7ab0f
Faulting module name: MSVCR100.dll, version: 10.0.40219.325, time stamp: 0x4df2be1e
Exception code: 0xc0000005
Fault offset: 0x00001f5a
Faulting process id: 0x1d80
Faulting application start time: 0x01d33d7edd0643d7
Faulting application path: C:\Program Files\Microsoft Office\Office15\EXCEL.EXE
Faulting module path: C:\Windows\system32\MSVCR100.dll
Report Id: a17786bf-a975-11e7-9cf7-0050569f3304"
Error,10/5/2017 9:33:06 AM,EventCreate,1,None,Application,djkvdihost582.jakarta01.com,JAKARTA01\guestisd53  
Error,10/5/2017 9:33:09 AM,EventCreate,1,None,Application,djkvdihost465.jakarta01.com,JAKARTA01\guestISD50  
Error,10/5/2017 9:32:33 AM,EventCreate,1,None,Application,djkvdihost345.jakarta01.com,JAKARTA01\aria  
Error,10/5/2017 9:32:43 AM,EventCreate,1,None,Application,djkvdihost468.jakarta01.com,JAKARTA01\guestisd61  
Error,10/5/2017 9:32:30 AM,Application Error,1000,(100),Application,djkvdihost345.jakarta01.com,"Faulting application name: OUTLOOK.EXE, version: 15.0.4919.1001, time stamp: 0x58d20482
Faulting module name: OUTLOOK.EXE, version: 15.0.4919.1001, time stamp: 0x58d20482
Exception code: 0xc0000005
Fault offset: 0x008924c4
Faulting process id: 0xd38
Faulting application start time: 0x01d33d73f6100c40
Faulting application path: C:\Program Files\Microsoft Office\Office15\OUTLOOK.EXE
Faulting module path: C:\Program Files\Microsoft Office\Office15\OUTLOOK.EXE
Report Id: 6ee54d70-a975-11e7-9e87-0050569f15fc"
Error,10/5/2017 9:31:47 AM,EventCreate,1,None,Application,djkvdihost901.jakarta01.com,JAKARTA01\Adhisty  
Error,10/5/2017 9:31:32 AM,EventCreate,1,None,Application,djkvdihost582.jakarta01.com,JAKARTA01\guestisd53  
Error,10/5/2017 9:31:03 AM,EventCreate,1,None,Application,djkvdihost684.jakarta01.com,JAKARTA01\Lutfi  
Error,10/5/2017 9:31:01 AM,Application Error,1000,(100),Application,djkvdihost684.jakarta01.com,"Faulting application name: CWBTF.EXE, version: 12.0.0.1, time stamp: 0x483cc594
Faulting module name: MFC80U.DLL, version: 8.0.50727.6195, time stamp: 0x4dcdece0
Exception code: 0xc0000005
Fault offset: 0x00025c43
Faulting process id: 0x1d90
Faulting application start time: 0x01d33d77a71bf557
Faulting application path: C:\Program Files\IBM\Client Access\CWBTF.EXE
Faulting module path: C:\Windows\WinSxS\x86_microsoft.vc80.mfc_1fc8b3b9a1e18e3b_8.0.50727.6195_none_cbf5e994470a1a8f\MFC80U.DLL
Report Id: 39a8f275-a975-11e7-a051-0050569f057c"
Error,10/5/2017 9:30:30 AM,EventCreate,1,None,Application,djkvdihost304.jakarta01.com,JAKARTA01\eka prastica  
Error,10/5/2017 9:30:27 AM,Application Error,1000,(100),Application,djkvdihost304.jakarta01.com,"Faulting application name: OUTLOOK.EXE, version: 15.0.4919.1001, time stamp: 0x58d20482
Faulting module name: OUTLOOK.EXE, version: 15.0.4919.1001, time stamp: 0x58d20482
Exception code: 0xc0000005
Fault offset: 0x008924c7
Faulting process id: 0x1d14
Faulting application start time: 0x01d33d77008355e9
Faulting application path: C:\Program Files\Microsoft Office\Office15\OUTLOOK.EXE
Faulting module path: C:\Program Files\Microsoft Office\Office15\OUTLOOK.EXE
Report Id: 2588d4bb-a975-11e7-ad83-0050569f465e"
Error,10/5/2017 9:30:44 AM,EventCreate,1,None,Application,djkvdihost334.jakarta01.com,JAKARTA01\metha  
Error,10/5/2017 9:30:25 AM,EventCreate,1,None,Application,djkvdihost901.jakarta01.com,JAKARTA01\Adhisty  
Error,10/5/2017 9:28:39 AM,EventCreate,1,None,Application,djkvdihost335.jakarta01.com,JAKARTA01\robi  
Error,10/5/2017 9:28:22 AM,EventCreate,1,None,Application,djkvdihost078.jakarta01.com,JAKARTA01\guestisd60  
Error,10/5/2017 9:28:20 AM,EventCreate,1,None,Application,djkvdihost216.jakarta01.com,JAKARTA01\guestisd52  
Error,10/5/2017 9:28:08 AM,EventCreate,1,None,Application,djkvdihost582.jakarta01.com,JAKARTA01\metha  
Error,10/5/2017 9:27:57 AM,EventCreate,1,None,Application,djkvdihost648.jakarta01.com,JAKARTA01\yoedo  
Error,10/5/2017 9:26:27 AM,EventCreate,1,None,Application,djkvdihost367.jakarta01.com,JAKARTA01\Anosa  
Error,10/5/2017 9:25:39 AM,EventCreate,1,None,Application,djkvdihost300.jakarta01.com,JAKARTA01\handayani  
Error,10/5/2017 9:26:07 AM,EventCreate,1,None,Application,djkvdihost893.jakarta01.com,JAKARTA01\Adhisty  
Error,10/5/2017 9:25:50 AM,EventCreate,1,None,Application,djkvdihost185.jakarta01.com,JAKARTA01\budir  
Error,10/5/2017 9:25:19 AM,EventCreate,1,None,Application,djkvdihost589.jakarta01.com,JAKARTA01\rindang  
Error,10/5/2017 9:25:05 AM,EventCreate,1,None,Application,djkvdihost565.jakarta01.com,JAKARTA01\MahendraR  
Error,10/5/2017 9:25:27 AM,EventCreate,1,None,Application,djkvdihost300.jakarta01.com,JAKARTA01\handayani  
Error,10/5/2017 9:24:38 AM,Application Error,1000,(100),Application,djkvdihost589.jakarta01.com,"Faulting application name: OUTLOOK.EXE, version: 15.0.4919.1001, time stamp: 0x58d20482
Faulting module name: OUTLOOK.EXE, version: 15.0.4919.1001, time stamp: 0x58d20482
Exception code: 0xc0000005
Fault offset: 0x008924c4
Faulting process id: 0x14a8
Faulting application start time: 0x01d33d76bbe0ceea
Faulting application path: C:\Program Files\Microsoft Office\Office15\OUTLOOK.EXE
Faulting module path: C:\Program Files\Microsoft Office\Office15\OUTLOOK.EXE
Report Id: 5539fbbf-a974-11e7-a1d3-0050569f7f7d"
Error,10/5/2017 9:25:04 AM,Application Error,1000,(100),Application,djkvdihost565.jakarta01.com,"Faulting application name: OUTLOOK.EXE, version: 15.0.4919.1001, time stamp: 0x58d20482
Faulting module name: OUTLOOK.EXE, version: 15.0.4919.1001, time stamp: 0x58d20482
Exception code: 0xc0000005
Fault offset: 0x008924c7
Faulting process id: 0x1b5c
Faulting application start time: 0x01d33d7a320e8c5b
Faulting application path: C:\Program Files\Microsoft Office\Office15\OUTLOOK.EXE
Faulting module path: C:\Program Files\Microsoft Office\Office15\OUTLOOK.EXE
Report Id: 654504e1-a974-11e7-b9bb-0050569f025c"
Error,10/5/2017 9:24:15 AM,EventCreate,1,None,Application,djkvdihost846.jakarta01.com,JAKARTA01\Machida  
Error,10/5/2017 9:24:15 AM,Application Error,1000,(100),Application,djkvdihost846.jakarta01.com,"Faulting application name: OUTLOOK.EXE, version: 15.0.4919.1001, time stamp: 0x58d20482
Faulting module name: oart.dll, version: 15.0.4911.1000, time stamp: 0x58a2bf30
Exception code: 0xc0000005
Fault offset: 0x00213de2
Faulting process id: 0x149c
Faulting application start time: 0x01d33d80eb3fb4d5
Faulting application path: C:\Program Files\Microsoft Office\Office15\OUTLOOK.EXE
Faulting module path: C:\Program Files\Microsoft Office\Office15\oart.dll
Report Id: 4799652d-a974-11e7-90c9-0050569f2b16"
Error,10/5/2017 9:24:09 AM,EventCreate,1,None,Application,djkvdihost053.jakarta01.com,JAKARTA01\indriani  
Error,10/5/2017 9:23:52 AM,EventCreate,1,None,Application,djkvdihost777.jakarta01.com,JAKARTA01\meltsaury  
Error,10/5/2017 9:23:04 AM,EventCreate,1,None,Application,djkvdihost846.jakarta01.com,JAKARTA01\Machida  
Error,10/5/2017 9:23:04 AM,Application Error,1000,(100),Application,djkvdihost846.jakarta01.com,"Faulting application name: OUTLOOK.EXE, version: 15.0.4919.1001, time stamp: 0x58d20482
Faulting module name: oart.dll, version: 15.0.4911.1000, time stamp: 0x58a2bf30
Exception code: 0xc0000005
Fault offset: 0x00213de2
Faulting process id: 0x1c28
Faulting application start time: 0x01d33d80c1a049ee
Faulting application path: C:\Program Files\Microsoft Office\Office15\OUTLOOK.EXE
Faulting module path: C:\Program Files\Microsoft Office\Office15\oart.dll
Report Id: 1d751e02-a974-11e7-90c9-0050569f2b16"
Error,10/5/2017 9:23:21 AM,EventCreate,1,None,Application,djkvdihost629.jakarta01.com,JAKARTA01\guestISD44  
Error,10/5/2017 9:23:01 AM,EventCreate,1,None,Application,djkvdihost549.jakarta01.com,JAKARTA01\dodi  
Error,10/5/2017 9:22:00 AM,EventCreate,1,None,Application,djkvdihost846.jakarta01.com,JAKARTA01\Machida  
Error,10/5/2017 9:22:25 AM,EventCreate,1,None,Application,djkvdihost731.jakarta01.com,JAKARTA01\FAUZIAH  
Error,10/5/2017 9:21:57 AM,Application Error,1000,(100),Application,djkvdihost846.jakarta01.com,"Faulting application name: OUTLOOK.EXE, version: 15.0.4919.1001, time stamp: 0x58d20482
Faulting module name: oart.dll, version: 15.0.4911.1000, time stamp: 0x58a2bf30
Exception code: 0xc0000005
Fault offset: 0x00213de2
Faulting process id: 0x1a58
Faulting application start time: 0x01d33d6951ef8faf
Faulting application path: C:\Program Files\Microsoft Office\Office15\OUTLOOK.EXE
Faulting module path: C:\Program Files\Microsoft Office\Office15\oart.dll
Report Id: f5bff490-a973-11e7-90c9-0050569f2b16"
Error,10/5/2017 9:21:26 AM,EventCreate,1,None,Application,djkvdihost210.jakarta01.com,JAKARTA01\NovrianAS  
Error,10/5/2017 9:21:19 AM,EventCreate,1,None,Application,djkvdihost162.jakarta01.com,JAKARTA01\astio  
Error,10/5/2017 9:21:16 AM,Application Error,1000,(100),Application,djkvdihost162.jakarta01.com,"Faulting application name: Explorer.EXE, version: 6.1.7601.23537, time stamp: 0x57c44cc4
Faulting module name: SHELL32.dll, version: 6.1.7601.23537, time stamp: 0x57c450f4
Exception code: 0xc0000005
Fault offset: 0x002e247c
Faulting process id: 0x888
Faulting application start time: 0x01d33d75cc5d410d
Faulting application path: C:\Windows\Explorer.EXE
Faulting module path: C:\Windows\system32\SHELL32.dll
Report Id: dd3a78ba-a973-11e7-9303-0050569f5025"
Error,10/5/2017 9:21:23 AM,Application Error,1000,(100),Application,djkvdihost210.jakarta01.com,"Faulting application name: EXCEL.EXE, version: 15.0.4919.1000, time stamp: 0x58c7ab0f
Faulting module name: unknown, version: 0.0.0.0, time stamp: 0x00000000
Exception code: 0xc0000005
Fault offset: 0xb75a5d99
Faulting process id: 0x1354
Faulting application start time: 0x01d33d74da9966a3
Faulting application path: C:\Program Files\Microsoft Office\Office15\EXCEL.EXE
Faulting module path: unknown
Report Id: e146a45d-a973-11e7-955b-0050569f2e3d"
Error,10/5/2017 9:20:22 AM,EventCreate,1,None,Application,djkvdihost378.jakarta01.com,JAKARTA01\Reiffy  
Error,10/5/2017 9:20:19 AM,Application Error,1000,(100),Application,djkvdihost378.jakarta01.com,"Faulting application name: OUTLOOK.EXE, version: 15.0.4919.1001, time stamp: 0x58d20482
Faulting module name: OUTLOOK.EXE, version: 15.0.4919.1001, time stamp: 0x58d20482
Exception code: 0xc0000005
Fault offset: 0x008924c7
Faulting process id: 0x16c0
Faulting application start time: 0x01d33d77c43ebaab
Faulting application path: C:\Program Files\Microsoft Office\Office15\OUTLOOK.EXE
Faulting module path: C:\Program Files\Microsoft Office\Office15\OUTLOOK.EXE
Report Id: bb2ec96b-a973-11e7-bee3-0050569f3595"
Error,10/5/2017 9:19:59 AM,EventCreate,1,None,Application,djkvdihost120.jakarta01.com,JAKARTA01\jayson  
Error,10/5/2017 9:19:51 AM,EventCreate,1,None,Application,djkvdihost120.jakarta01.com,JAKARTA01\jayson  
Error,10/5/2017 9:19:22 AM,EventCreate,1,None,Application,djkvdihost006.jakarta01.com,JAKARTA01\Fitri Nawawi  
Error,10/5/2017 9:19:18 AM,Application Error,1000,(100),Application,djkvdihost006.jakarta01.com,"Faulting application name: OUTLOOK.EXE, version: 15.0.4919.1001, time stamp: 0x58d20482
Faulting module name: OUTLOOK.EXE, version: 15.0.4919.1001, time stamp: 0x58d20482
Exception code: 0xc0000005
Fault offset: 0x008924c7
Faulting process id: 0x14f4
Faulting application start time: 0x01d33d7a45db5720
Faulting application path: C:\Program Files\Microsoft Office\Office15\OUTLOOK.EXE
Faulting module path: C:\Program Files\Microsoft Office\Office15\OUTLOOK.EXE
Report Id: 9711e4da-a973-11e7-a423-0050569f333d"
Error,10/5/2017 9:18:36 AM,EventCreate,1,None,Application,djkvdihost529.jakarta01.com,JAKARTA01\ferdi  
Error,10/5/2017 9:18:32 AM,Application Error,1000,(100),Application,djkvdihost529.jakarta01.com,"Faulting application name: PhotoScreensaver.scr, version: 6.1.7601.17514, time stamp: 0x4ce7a590
Faulting module name: SHELL32.dll, version: 6.1.7601.23537, time stamp: 0x57c450f4
Exception code: 0xc0000005
Fault offset: 0x001f269f
Faulting process id: 0x1474
Faulting application start time: 0x01d33d7e2da78467
Faulting application path: C:\Windows\system32\PhotoScreensaver.scr
Faulting module path: C:\Windows\system32\SHELL32.dll
Report Id: 7b2bbfa9-a973-11e7-9e7e-0050569f7c8a"
Error,10/5/2017 9:17:59 AM,EventCreate,1,None,Application,djkvdihost132.jakarta01.com,JAKARTA01\raymond  
Error,10/5/2017 9:16:35 AM,EventCreate,1,None,Application,djkvdihost373.jakarta01.com,JAKARTA01\Agus Sutikno  
Error,10/5/2017 9:15:49 AM,EventCreate,1,None,Application,djkvdihost674.jakarta01.com,JAKARTA01\ramantid  
Error,10/5/2017 9:14:30 AM,EventCreate,1,None,Application,djkvdihost410.jakarta01.com,JAKARTA01\BERNARDUS  
Error,10/5/2017 9:14:26 AM,Application Error,1000,(100),Application,djkvdihost410.jakarta01.com,"Faulting application name: OUTLOOK.EXE, version: 15.0.4919.1001, time stamp: 0x58d20482
Faulting module name: OUTLOOK.EXE, version: 15.0.4919.1001, time stamp: 0x58d20482
Exception code: 0xc0000005
Fault offset: 0x008924c4
Faulting process id: 0x16e8
Faulting application start time: 0x01d33d7523c7f0d9
Faulting application path: C:\Program Files\Microsoft Office\Office15\OUTLOOK.EXE
Faulting module path: C:\Program Files\Microsoft Office\Office15\OUTLOOK.EXE
Report Id: e8ecf44f-a972-11e7-8c16-0050569f77c5"
Error,10/5/2017 9:13:31 AM,EventCreate,1,None,Application,djkvdihost152.jakarta01.com,JAKARTA01\michael  
Error,10/5/2017 9:13:24 AM,Application Error,1000,(100),Application,djkvdihost152.jakarta01.com,"Faulting application name: EXCEL.EXE, version: 15.0.4919.1000, time stamp: 0x58c7ab0f
Faulting module name: EXCEL.EXE, version: 15.0.4919.1000, time stamp: 0x58c7ab0f
Exception code: 0xc0000005
Fault offset: 0x00033041
Faulting process id: 0x1e54
Faulting application start time: 0x01d33d7943d42628
Faulting application path: C:\Program Files\Microsoft Office\Office15\EXCEL.EXE
Faulting module path: C:\Program Files\Microsoft Office\Office15\EXCEL.EXE
Report Id: c3d90ed2-a972-11e7-aaef-0050569f58dc"
Error,10/5/2017 9:13:00 AM,EventCreate,1,None,Application,djkvdihost105.jakarta01.com,JAKARTA01\Kartina  
Error,10/5/2017 9:12:54 AM,Application Error,1000,(100),Application,djkvdihost105.jakarta01.com,"Faulting application name: spoolsv.exe, version: 6.1.7601.17777, time stamp: 0x4f35efc3
Faulting module name: msvcrt.dll, version: 7.0.7601.17744, time stamp: 0x4eeaf722
Exception code: 0xc0000005
Fault offset: 0x0000aa14
Faulting process id: 0x638
Faulting application start time: 0x01d33cfc3ed5cce2
Faulting application path: C:\Windows\System32\spoolsv.exe
Faulting module path: C:\Windows\system32\msvcrt.dll
Report Id: b1da72c0-a972-11e7-a89c-0050569f41a3"
Error,10/5/2017 9:13:12 AM,EventCreate,1,None,Application,djkvdihost638.jakarta01.com,JAKARTA01\guestisd29  
Error,10/5/2017 9:13:01 AM,EventCreate,1,None,Application,djkvdihost515.jakarta01.com,JAKARTA01\GUESTISD33  
Error,10/5/2017 9:12:16 AM,EventCreate,1,None,Application,djkvdihost186.jakarta01.com,JAKARTA01\Adhi Nur  
Error,10/5/2017 9:11:44 AM,EventCreate,1,None,Application,djkvdihost236.jakarta01.com,JAKARTA01\nathaniel  
Error,10/5/2017 9:11:38 AM,EventCreate,1,None,Application,djkvdihost051.jakarta01.com,JAKARTA01\daniel pontifek  
Error,10/5/2017 9:11:38 AM,EventCreate,1,None,Application,djkvdihost086.jakarta01.com,JAKARTA01\diena  
Error,10/5/2017 9:10:49 AM,WSH,1,None,Application,djkvdihost051.jakarta01.com,"CN=DANIEL PONTIFEK YOSEPH SILITO password will expire in 3 day(s) at 10/8/2017 9:12:02 AM

Press CTRL + ALT + DEL and select the ""Change a password"" option."
Error,10/5/2017 9:10:48 AM,EventCreate,1,None,Application,djkvdihost705.jakarta01.com,JAKARTA01\guestisd54  
Error,10/5/2017 9:10:48 AM,WSH,1,None,Application,djkvdihost051.jakarta01.com,"CN=DANIEL PONTIFEK YOSEPH SILITO password will expire in 3 day(s) at 10/8/2017 9:12:02 AM

Press CTRL + ALT + DEL and select the ""Change a password"" option."
Error,10/5/2017 9:10:13 AM,EventCreate,1,None,Application,djkvdihost814.jakarta01.com,JAKARTA01\rozi  
Error,10/5/2017 9:10:10 AM,Application Error,1000,(100),Application,djkvdihost814.jakarta01.com,"Faulting application name: OUTLOOK.EXE, version: 15.0.4919.1001, time stamp: 0x58d20482
Faulting module name: OUTLOOK.EXE, version: 15.0.4919.1001, time stamp: 0x58d20482
Exception code: 0xc0000005
Fault offset: 0x008924c4
Faulting process id: 0x1de8
Faulting application start time: 0x01d33d71744ca3ba
Faulting application path: C:\Program Files\Microsoft Office\Office15\OUTLOOK.EXE
Faulting module path: C:\Program Files\Microsoft Office\Office15\OUTLOOK.EXE
Report Id: 50764e3e-a972-11e7-8122-0050569f551f"
Error,10/5/2017 9:10:23 AM,EventCreate,1,None,Application,djkvdihost043.jakarta01.com,JAKARTA01\guestacc08  
Error,10/5/2017 9:09:53 AM,EventCreate,1,None,Application,djkvdihost009.jakarta01.com,JAKARTA01\Ika  
Error,10/5/2017 9:09:47 AM,EventCreate,1,None,Application,djkvdihost103.jakarta01.com,JAKARTA01\titin  
Error,10/5/2017 9:09:14 AM,EventCreate,1,None,Application,djkvdihost555.jakarta01.com,JAKARTA01\GUESTISD28  
Error,10/5/2017 9:08:35 AM,EventCreate,1,None,Application,djkvdihost156.jakarta01.com,JAKARTA01\Rini Purnama  
Error,10/5/2017 9:07:46 AM,EventCreate,1,None,Application,djkvdihost156.jakarta01.com,JAKARTA01\Rini Purnama  
Error,10/5/2017 9:07:14 AM,EventCreate,1,None,Application,djkvdihost435.jakarta01.com,JAKARTA01\valery  
Error,10/5/2017 9:07:04 AM,Application Error,1000,(100),Application,djkvdihost435.jakarta01.com,"Faulting application name: spoolsv.exe, version: 6.1.7601.17777, time stamp: 0x4f35efc3
Faulting module name: msvcrt.dll, version: 7.0.7601.17744, time stamp: 0x4eeaf722
Exception code: 0xc0000005
Fault offset: 0x0000aa14
Faulting process id: 0x634
Faulting application start time: 0x01d33d028c611f43
Faulting application path: C:\Windows\System32\spoolsv.exe
Faulting module path: C:\Windows\system32\msvcrt.dll
Report Id: e159c027-a971-11e7-865c-0050569f384e"
Error,10/5/2017 9:06:45 AM,EventCreate,1,None,Application,djkvdihost176.jakarta01.com,JAKARTA01\MuhammadI  
Error,10/5/2017 9:06:42 AM,Application Error,1000,(100),Application,djkvdihost176.jakarta01.com,"Faulting application name: OUTLOOK.EXE, version: 15.0.4919.1001, time stamp: 0x58d20482
Faulting module name: OUTLOOK.EXE, version: 15.0.4919.1001, time stamp: 0x58d20482
Exception code: 0xc0000005
Fault offset: 0x002c7fa9
Faulting process id: 0x1f18
Faulting application start time: 0x01d33d74e4001244
Faulting application path: C:\Program Files\Microsoft Office\Office15\OUTLOOK.EXE
Faulting module path: C:\Program Files\Microsoft Office\Office15\OUTLOOK.EXE
Report Id: d47ac5e6-a971-11e7-bf3b-0050569f4cbe"
Error,10/5/2017 9:06:26 AM,EventCreate,1,None,Application,djkvdihost471.jakarta01.com,JAKARTA01\Hilman  
Error,10/5/2017 9:06:55 AM,EventCreate,1,None,Application,djkvdihost625.jakarta01.com,JAKARTA01\slamet  
Error,10/5/2017 9:06:49 AM,EventCreate,1,None,Application,djkvdihost435.jakarta01.com,JAKARTA01\valery  
Error,10/5/2017 9:05:43 AM,EventCreate,1,None,Application,djkvdihost354.jakarta01.com,JAKARTA01\davidhs  
Error,10/5/2017 9:05:13 AM,EventCreate,1,None,Application,djkvdihost471.jakarta01.com,JAKARTA01\Hilman  
Error,10/5/2017 9:05:13 AM,Application Error,1000,(100),Application,djkvdihost471.jakarta01.com,"Faulting application name: spoolsv.exe, version: 6.1.7601.17777, time stamp: 0x4f35efc3
Faulting module name: msvcrt.dll, version: 7.0.7601.17744, time stamp: 0x4eeaf722
Exception code: 0xc0000005
Fault offset: 0x0000aa14
Faulting process id: 0x634
Faulting application start time: 0x01d33d7e28cb081b
Faulting application path: C:\Windows\System32\spoolsv.exe
Faulting module path: C:\Windows\system32\msvcrt.dll
Report Id: 9f01fc12-a971-11e7-b660-0050569f6455"
Error,10/5/2017 9:05:25 AM,EventCreate,1,None,Application,djkvdihost286.jakarta01.com,JAKARTA01\budi kurniawan  
Error,10/5/2017 9:05:24 AM,EventCreate,1,None,Application,djkvdihost772.jakarta01.com,JAKARTA01\nirliani  
Error,10/5/2017 9:05:17 AM,EventCreate,1,None,Application,djkvdihost393.jakarta01.com,JAKARTA01\wisnu  
Error,10/5/2017 9:05:14 AM,EventCreate,1,None,Application,djkvdihost762.jakarta01.com,JAKARTA01\ridjal  
Error,10/5/2017 9:04:49 AM,EventCreate,1,None,Application,djkvdihost471.jakarta01.com,JAKARTA01\Hilman  
Error,10/5/2017 9:04:43 AM,EventCreate,1,None,Application,djkvdihost110.jakarta01.com,JAKARTA01\guestacc09  
Error,10/5/2017 9:03:47 AM,EventCreate,1,None,Application,djkvdihost085.jakarta01.com,JAKARTA01\GuestISD42  
Error,10/5/2017 9:03:10 AM,EventCreate,1,None,Application,djkvdihost397.jakarta01.com,JAKARTA01\Kurnia Arisayuga  
Error,10/5/2017 9:03:02 AM,EventCreate,1,None,Application,djkvdihost739.jakarta01.com,JAKARTA01\saputro  
Error,10/5/2017 9:02:53 AM,EventCreate,1,None,Application,djkvdihost527.jakarta01.com,JAKARTA01\Juliet  
Error,10/5/2017 9:01:52 AM,EventCreate,1,None,Application,djkvdihost211.jakarta01.com,JAKARTA01\Andradita  
Error,10/5/2017 9:01:46 AM,Application Error,1000,(100),Application,djkvdihost211.jakarta01.com,"Faulting application name: spoolsv.exe, version: 6.1.7601.17777, time stamp: 0x4f35efc3
Faulting module name: msvcrt.dll, version: 7.0.7601.17744, time stamp: 0x4eeaf722
Exception code: 0xc0000005
Fault offset: 0x0000aa14
Faulting process id: 0x640
Faulting application start time: 0x01d33cfa13d76e60
Faulting application path: C:\Windows\System32\spoolsv.exe
Faulting module path: C:\Windows\system32\msvcrt.dll
Report Id: 23dddb7a-a971-11e7-a206-0050569f4dab"
Error,10/5/2017 9:02:02 AM,EventCreate,1,None,Application,djkvdihost136.jakarta01.com,JAKARTA01\Tammyana  
Error,10/5/2017 9:01:54 AM,EventCreate,1,None,Application,djkvdihost491.jakarta01.com,JAKARTA01\hari  
Error,10/5/2017 9:01:43 AM,EventCreate,1,None,Application,djkvdihost815.jakarta01.com,JAKARTA01\Ricky  
Error,10/5/2017 9:01:35 AM,EventCreate,1,None,Application,djkvdihost496.jakarta01.com,JAKARTA01\GUESTISD26  
Error,10/5/2017 9:01:09 AM,EventCreate,1,None,Application,djkvdihost587.jakarta01.com,JAKARTA01\christianrs  
Error,10/5/2017 8:59:36 AM,EventCreate,1,None,Application,djkvdihost073.jakarta01.com,JAKARTA01\fferdian  
Error,10/5/2017 8:59:11 AM,EventCreate,1,None,Application,djkvdihost030.jakarta01.com,JAKARTA01\Sunaryo  
Error,10/5/2017 8:58:40 AM,EventCreate,1,None,Application,djkvdihost356.jakarta01.com,JAKARTA01\rara  
Error,10/5/2017 8:58:37 AM,Application Error,1000,(100),Application,djkvdihost356.jakarta01.com,"Faulting application name: OUTLOOK.EXE, version: 15.0.4919.1001, time stamp: 0x58d20482
Faulting module name: OUTLOOK.EXE, version: 15.0.4919.1001, time stamp: 0x58d20482
Exception code: 0xc0000005
Fault offset: 0x008924c4
Faulting process id: 0x1194
Faulting application start time: 0x01d33d78631e8453
Faulting application path: C:\PROGRA~1\MICROS~2\Office15\OUTLOOK.EXE
Faulting module path: C:\PROGRA~1\MICROS~2\Office15\OUTLOOK.EXE
Report Id: b2ef9553-a970-11e7-b543-0050569f6b07"
Error,10/5/2017 8:59:03 AM,EventCreate,1,None,Application,djkvdihost035.jakarta01.com,JAKARTA01\Rudy Setyo  
Error,10/5/2017 8:59:04 AM,EventCreate,1,None,Application,djkvdihost302.jakarta01.com,JAKARTA01\adityo yuwono  
Error,10/5/2017 8:58:14 AM,WSH,1,None,Application,djkvdihost035.jakarta01.com,"CN=Rudy Setyo Wiyono password will expire in 3 day(s) at 10/8/2017 9:29:06 AM

Press CTRL + ALT + DEL and select the ""Change a password"" option."
Error,10/5/2017 8:58:25 AM,EventCreate,1,None,Application,djkvdihost548.jakarta01.com,JAKARTA01\Bryant  
Error,10/5/2017 8:58:17 AM,EventCreate,1,None,Application,djkvdihost677.jakarta01.com,JAKARTA01\erwin  
Error,10/5/2017 8:58:13 AM,WSH,1,None,Application,djkvdihost035.jakarta01.com,"CN=Rudy Setyo Wiyono password will expire in 3 day(s) at 10/8/2017 9:29:06 AM

Press CTRL + ALT + DEL and select the ""Change a password"" option."
Error,10/5/2017 8:58:01 AM,EventCreate,1,None,Application,djkvdihost686.jakarta01.com,JAKARTA01\kiky  
Error,10/5/2017 8:57:51 AM,EventCreate,1,None,Application,djkvdihost211.jakarta01.com,JAKARTA01\Andradita  
Error,10/5/2017 8:56:51 AM,EventCreate,1,None,Application,djkvdihost570.jakarta01.com,JAKARTA01\Linah  
Error,10/5/2017 8:57:19 AM,EventCreate,1,None,Application,djkvdihost792.jakarta01.com,JAKARTA01\ummu  
Error,10/5/2017 8:56:50 AM,Application Error,1000,(100),Application,djkvdihost570.jakarta01.com,"Faulting application name: OUTLOOK.EXE, version: 15.0.4919.1001, time stamp: 0x58d20482
Faulting module name: OUTLOOK.EXE, version: 15.0.4919.1001, time stamp: 0x58d20482
Exception code: 0xc0000005
Fault offset: 0x008924c4
Faulting process id: 0xca0
Faulting application start time: 0x01d33d69f7388e31
Faulting application path: C:\Program Files\Microsoft Office\Office15\OUTLOOK.EXE
Faulting module path: C:\Program Files\Microsoft Office\Office15\OUTLOOK.EXE
Report Id: 73a4fedf-a970-11e7-8afd-0050569f14fb"
Error,10/5/2017 8:56:17 AM,EventCreate,1,None,Application,djkvdihost041.jakarta01.com,JAKARTA01\ceciliadt  
Error,10/5/2017 8:56:14 AM,Application Error,1000,(100),Application,djkvdihost041.jakarta01.com,"Faulting application name: EXCEL.EXE, version: 15.0.4919.1000, time stamp: 0x58c7ab0f
Faulting module name: EXCEL.EXE, version: 15.0.4919.1000, time stamp: 0x58c7ab0f
Exception code: 0xc0000005
Fault offset: 0x00b3b5c7
Faulting process id: 0xf98
Faulting application start time: 0x01d33d7616cb34d9
Faulting application path: C:\Program Files\Microsoft Office\Office15\EXCEL.EXE
Faulting module path: C:\Program Files\Microsoft Office\Office15\EXCEL.EXE
Report Id: 5ddc4868-a970-11e7-9ce6-0050569f3b85"
Error,10/5/2017 8:56:11 AM,EventCreate,1,None,Application,djkvdihost106.jakarta01.com,JAKARTA01\muhammadhakim  
Error,10/5/2017 8:55:48 AM,EventCreate,1,None,Application,djkvdihost233.jakarta01.com,JAKARTA01\alex  
Error,10/5/2017 8:55:28 AM,EventCreate,1,None,Application,djkvdihost149.jakarta01.com,JAKARTA01\ilham  
Error,10/5/2017 8:55:11 AM,EventCreate,1,None,Application,djkvdihost683.jakarta01.com,JAKARTA01\fitri  
Error,10/5/2017 8:55:06 AM,EventCreate,1,None,Application,djkvdihost461.jakarta01.com,JAKARTA01\diana  
Error,10/5/2017 8:54:53 AM,EventCreate,1,None,Application,djkvdihost526.jakarta01.com,JAKARTA01\katrin  
Error,10/5/2017 8:54:45 AM,EventCreate,1,None,Application,djkvdihost195.jakarta01.com,JAKARTA01\zahra  
Error,10/5/2017 8:53:51 AM,EventCreate,1,None,Application,djkvdihost327.jakarta01.com,JAKARTA01\GuestISD48  
Error,10/5/2017 8:54:03 AM,EventCreate,1,None,Application,djkvdihost683.jakarta01.com,JAKARTA01\fitri  
Error,10/5/2017 8:53:05 AM,EventCreate,1,None,Application,djkvdihost471.jakarta01.com,JAKARTA01\indriani  
Error,10/5/2017 8:52:30 AM,EventCreate,1,None,Application,djkvdihost822.jakarta01.com,JAKARTA01\Christopher  
Error,10/5/2017 8:51:53 AM,EventCreate,1,None,Application,djkvdihost618.jakarta01.com,JAKARTA01\yenaretsa  
Error,10/5/2017 8:51:30 AM,EventCreate,1,None,Application,djkvdihost852.jakarta01.com,JAKARTA01\sodeoka  
Error,10/5/2017 8:51:19 AM,EventCreate,1,None,Application,djkvdihost593.jakarta01.com,JAKARTA01\haryadi  
Error,10/5/2017 8:51:04 AM,EventCreate,1,None,Application,djkvdihost364.jakarta01.com,JAKARTA01\tasin  
Error,10/5/2017 8:50:56 AM,EventCreate,1,None,Application,djkvdihost129.jakarta01.com,JAKARTA01\guestisd27  
Error,10/5/2017 8:50:39 AM,EventCreate,1,None,Application,djkvdihost509.jakarta01.com,JAKARTA01\junito  
Error,10/5/2017 8:50:33 AM,EventCreate,1,None,Application,djkvdihost280.jakarta01.com,JAKARTA01\Prihantono  
Error,10/5/2017 8:49:39 AM,EventCreate,1,None,Application,djkvdihost504.jakarta01.com,JAKARTA01\dessy  
Error,10/5/2017 8:49:06 AM,EventCreate,1,None,Application,djkvdihost431.jakarta01.com,JAKARTA01\david  
Error,10/5/2017 8:48:37 AM,EventCreate,1,None,Application,djkvdihost265.jakarta01.com,JAKARTA01\aynie  
Error,10/5/2017 8:47:49 AM,EventCreate,1,None,Application,djkvdihost357.jakarta01.com,JAKARTA01\guestisd20  
Error,10/5/2017 8:47:18 AM,EventCreate,1,None,Application,djkvdihost040.jakarta01.com,JAKARTA01\Amaliawati  
Error,10/5/2017 8:47:13 AM,Application Error,1000,(100),Application,djkvdihost040.jakarta01.com,"Faulting application name: spoolsv.exe, version: 6.1.7601.17777, time stamp: 0x4f35efc3
Faulting module name: msvcrt.dll, version: 7.0.7601.17744, time stamp: 0x4eeaf722
Exception code: 0xc0000005
Fault offset: 0x0000aa14
Faulting process id: 0x634
Faulting application start time: 0x01d33cf89f8de3a6
Faulting application path: C:\Windows\System32\spoolsv.exe
Faulting module path: C:\Windows\system32\msvcrt.dll
Report Id: 1b8233be-a96f-11e7-bc5c-0050569f20f8"
Error,10/5/2017 8:47:24 AM,EventCreate,1,None,Application,djkvdihost454.jakarta01.com,JAKARTA01\nuning  
Error,10/5/2017 8:46:52 AM,EventCreate,1,None,Application,djkvdihost346.jakarta01.com,JAKARTA01\enrikko  
Error,10/5/2017 8:46:16 AM,EventCreate,1,None,Application,djkvdihost726.jakarta01.com,JAKARTA01\mohammad  
Error,10/5/2017 8:45:40 AM,EventCreate,1,None,Application,djkvdihost202.jakarta01.com,JAKARTA01\danna  
Error,10/5/2017 8:45:36 AM,Application Error,1000,(100),Application,djkvdihost202.jakarta01.com,"Faulting application name: EXCEL.EXE, version: 15.0.4919.1000, time stamp: 0x58c7ab0f
Faulting module name: unknown, version: 0.0.0.0, time stamp: 0x00000000
Exception code: 0xc0000005
Fault offset: 0x00520073
Faulting process id: 0x17e8
Faulting application start time: 0x01d33d7ba14176c8
Faulting application path: C:\Program Files\Microsoft Office\Office15\EXCEL.EXE
Faulting module path: unknown
Report Id: e1668b58-a96e-11e7-9501-0050569f7cb6"
Error,10/5/2017 8:45:05 AM,EventCreate,1,None,Application,djkvdihost122.jakarta01.com,JAKARTA01\Rumata  
Error,10/5/2017 8:45:05 AM,EventCreate,1,None,Application,djkvdihost722.jakarta01.com,JAKARTA01\guestisd55  
Error,10/5/2017 8:44:39 AM,EventCreate,1,None,Application,djkvdihost105.jakarta01.com,JAKARTA01\Kartina  
Error,10/5/2017 8:44:32 AM,EventCreate,1,None,Application,djkvdihost403.jakarta01.com,JAKARTA01\payogi  
Error,10/5/2017 8:44:08 AM,EventCreate,1,None,Application,djkvdihost395.jakarta01.com,JAKARTA01\Erich  
Error,10/5/2017 8:44:05 AM,EventCreate,1,None,Application,djkvdihost267.jakarta01.com,JAKARTA01\Jessica  
Error,10/5/2017 8:43:59 AM,EventCreate,1,None,Application,djkvdihost122.jakarta01.com,JAKARTA01\Rumata  
Error,10/5/2017 8:43:36 AM,EventCreate,1,None,Application,djkvdihost358.jakarta01.com,JAKARTA01\nurhayani  
Error,10/5/2017 8:42:39 AM,WSH,1,None,Application,djkvdihost358.jakarta01.com,"CN=Nurhayani Purwitasari password will expire in 4 day(s) at 10/9/2017 7:23:45 AM

Press CTRL + ALT + DEL and select the ""Change a password"" option."
Error,10/5/2017 8:42:10 AM,EventCreate,1,None,Application,djkvdihost003.jakarta01.com,JAKARTA01\anisa  
Error,10/5/2017 8:42:39 AM,WSH,1,None,Application,djkvdihost358.jakarta01.com,"CN=Nurhayani Purwitasari password will expire in 4 day(s) at 10/9/2017 7:23:45 AM

Press CTRL + ALT + DEL and select the ""Change a password"" option."
Error,10/5/2017 8:42:37 AM,EventCreate,1,None,Application,djkvdihost027.jakarta01.com,JAKARTA01\kurniawan  
Error,10/5/2017 8:42:02 AM,EventCreate,1,None,Application,djkvdihost556.jakarta01.com,JAKARTA01\Widi Anggraeni  
Error,10/5/2017 8:42:22 AM,Application Error,1000,(100),Application,djkvdihost027.jakarta01.com,"Faulting application name: spoolsv.exe, version: 6.1.7601.17777, time stamp: 0x4f35efc3
Faulting module name: msvcrt.dll, version: 7.0.7601.17744, time stamp: 0x4eeaf722
Exception code: 0xc0000005
Fault offset: 0x0000aa14
Faulting process id: 0x62c
Faulting application start time: 0x01d33cf491be52f5
Faulting application path: C:\Windows\System32\spoolsv.exe
Faulting module path: C:\Windows\system32\msvcrt.dll
Report Id: 6e24070c-a96e-11e7-a0d7-0050569f43b0"
Error,10/5/2017 8:42:18 AM,EventCreate,1,None,Application,djkvdihost179.jakarta01.com,JAKARTA01\AdindaGita  
Error,10/5/2017 8:42:09 AM,Application Error,1000,(100),Application,djkvdihost003.jakarta01.com,"Faulting application name: OUTLOOK.EXE, version: 15.0.4919.1001, time stamp: 0x58d20482
Faulting module name: OUTLOOK.EXE, version: 15.0.4919.1001, time stamp: 0x58d20482
Exception code: 0xc0000005
Fault offset: 0x008924c7
Faulting process id: 0x1874
Faulting application start time: 0x01d33d65fce8e6e1
Faulting application path: C:\Program Files\Microsoft Office\Office15\OUTLOOK.EXE
Faulting module path: C:\Program Files\Microsoft Office\Office15\OUTLOOK.EXE
Report Id: 666c2b2c-a96e-11e7-9e54-0050569f4b5e"
Error,10/5/2017 8:41:58 AM,Application Error,1000,(100),Application,djkvdihost556.jakarta01.com,"Faulting application name: lync.exe, version: 15.0.4919.1000, time stamp: 0x58c7ab1e
Faulting module name: ntdll.dll, version: 6.1.7601.23714, time stamp: 0x58bf8774
Exception code: 0xc0000005
Fault offset: 0x00031dca
Faulting process id: 0x1288
Faulting application start time: 0x01d33d773096593f
Faulting application path: C:\Program Files\Microsoft Office\Office15\lync.exe
Faulting module path: C:\Windows\SYSTEM32\ntdll.dll
Report Id: 5fbc080f-a96e-11e7-9ade-0050569f0331"
Error,10/5/2017 8:41:18 AM,EventCreate,1,None,Application,djkvdihost422.jakarta01.com,JAKARTA01\teddy  
Error,10/5/2017 8:40:58 AM,EventCreate,1,None,Application,djkvdihost513.jakarta01.com,JAKARTA01\Elvira  
Error,10/5/2017 8:40:42 AM,EventCreate,1,None,Application,djkvdihost064.jakarta01.com,JAKARTA01\wang  
Error,10/5/2017 8:40:24 AM,EventCreate,1,None,Application,djkvdihost692.jakarta01.com,JAKARTA01\nurfadila  
Error,10/5/2017 8:40:15 AM,EventCreate,1,None,Application,djkvdihost371.jakarta01.com,JAKARTA01\marlina2  
Error,10/5/2017 8:40:01 AM,EventCreate,1,None,Application,djkvdihost237.jakarta01.com,JAKARTA01\nugrah  
Error,10/5/2017 8:38:54 AM,EventCreate,1,None,Application,djkvdihost430.jakarta01.com,JAKARTA01\andre cahyono  
Error,10/5/2017 8:38:15 AM,EventCreate,1,None,Application,djkvdihost466.jakarta01.com,JAKARTA01\mauluddin  
Error,10/5/2017 8:38:06 AM,EventCreate,1,None,Application,djkvdihost201.jakarta01.com,JAKARTA01\abdulas  
Error,10/5/2017 8:37:56 AM,EventCreate,1,None,Application,djkvdihost362.jakarta01.com,JAKARTA01\septi  
Error,10/5/2017 8:37:54 AM,EventCreate,1,None,Application,djkvdihost077.jakarta01.com,JAKARTA01\dini hariyani  
Error,10/5/2017 8:37:44 AM,EventCreate,1,None,Application,djkvdihost097.jakarta01.com,JAKARTA01\Guestisd31  
Error,10/5/2017 8:37:41 AM,EventCreate,1,None,Application,djkvdihost588.jakarta01.com,JAKARTA01\karmelita  
Error,10/5/2017 8:37:23 AM,Application Error,1000,(100),Application,djkvdihost588.jakarta01.com,"Faulting application name: spoolsv.exe, version: 6.1.7601.17777, time stamp: 0x4f35efc3
Faulting module name: msvcrt.dll, version: 7.0.7601.17744, time stamp: 0x4eeaf722
Exception code: 0xc0000005
Fault offset: 0x0000aa14
Faulting process id: 0x638
Faulting application start time: 0x01d33d02194e3233
Faulting application path: C:\Windows\System32\spoolsv.exe
Faulting module path: C:\Windows\system32\msvcrt.dll
Report Id: bbb3ceb9-a96d-11e7-9fcd-0050569f5d72"
Error,10/5/2017 8:36:57 AM,EventCreate,1,None,Application,djkvdihost294.jakarta01.com,JAKARTA01\Guestisd30  
Error,10/5/2017 8:36:02 AM,EventCreate,1,None,Application,djkvdihost828.jakarta01.com,JAKARTA01\boby  
Error,10/5/2017 8:35:59 AM,EventCreate,1,None,Application,djkvdihost503.jakarta01.com,JAKARTA01\yudistira  
Error,10/5/2017 8:35:46 AM,EventCreate,1,None,Application,djkvdihost780.jakarta01.com,JAKARTA01\mpinto  
Error,10/5/2017 8:35:46 AM,EventCreate,1,None,Application,djkvdihost568.jakarta01.com,JAKARTA01\dwihan  
Error,10/5/2017 8:35:35 AM,EventCreate,1,None,Application,djkvdihost514.jakarta01.com,JAKARTA01\eka  
Error,10/5/2017 8:35:06 AM,EventCreate,1,None,Application,djkvdihost771.jakarta01.com,JAKARTA01\amiratul  
Error,10/5/2017 8:34:59 AM,EventCreate,1,None,Application,djkvdihost546.jakarta01.com,JAKARTA01\Ronald Hertanto  
Error,10/5/2017 8:34:31 AM,EventCreate,1,None,Application,djkvdihost407.jakarta01.com,JAKARTA01\dolly  
Error,10/5/2017 8:34:28 AM,EventCreate,1,None,Application,djkvdihost254.jakarta01.com,JAKARTA01\primaningtyas  
Error,10/5/2017 8:33:24 AM,EventCreate,1,None,Application,djkvdihost437.jakarta01.com,JAKARTA01\resha  
Error,10/5/2017 8:33:10 AM,EventCreate,1,None,Application,djkvdihost338.jakarta01.com,JAKARTA01\hardianbp  
Error,10/5/2017 8:33:00 AM,EventCreate,1,None,Application,djkvdihost654.jakarta01.com,JAKARTA01\fathur  
Error,10/5/2017 8:32:19 AM,EventCreate,1,None,Application,djkvdihost363.jakarta01.com,JAKARTA01\MAUREEN  
Error,10/5/2017 8:32:17 AM,WSH,1,None,Application,djkvdihost437.jakarta01.com,"CN=Resha Ayu Angela Fatri password will expire in 3 day(s) at 10/8/2017 8:22:04 AM

Press CTRL + ALT + DEL and select the ""Change a password"" option."
Error,10/5/2017 8:32:02 AM,EventCreate,1,None,Application,djkvdihost092.jakarta01.com,JAKARTA01\nur endah  
Error,10/5/2017 8:31:59 AM,Application Error,1000,(100),Application,djkvdihost092.jakarta01.com,"Faulting application name: OUTLOOK.EXE, version: 15.0.4919.1001, time stamp: 0x58d20482
Faulting module name: OUTLOOK.EXE, version: 15.0.4919.1001, time stamp: 0x58d20482
Exception code: 0xc0000005
Fault offset: 0x008924c7
Faulting process id: 0x13ac
Faulting application start time: 0x01d33d72eefc84e6
Faulting application path: C:\Program Files\Microsoft Office\Office15\OUTLOOK.EXE
Faulting module path: C:\Program Files\Microsoft Office\Office15\OUTLOOK.EXE
Report Id: faaff2ea-a96c-11e7-9b5a-0050569f40ab"
Error,10/5/2017 8:32:28 AM,EventCreate,1,None,Application,djkvdihost199.jakarta01.com,JAKARTA01\guestisd25  
Error,10/5/2017 8:32:16 AM,WSH,1,None,Application,djkvdihost437.jakarta01.com,"CN=Resha Ayu Angela Fatri password will expire in 3 day(s) at 10/8/2017 8:22:04 AM

Press CTRL + ALT + DEL and select the ""Change a password"" option."
Error,10/5/2017 8:32:15 AM,EventCreate,1,None,Application,djkvdihost090.jakarta01.com,JAKARTA01\Riki Darisman  
Error,10/5/2017 8:32:11 AM,EventCreate,1,None,Application,djkvdihost374.jakarta01.com,JAKARTA01\ferdiansyah  
Error,10/5/2017 8:31:46 AM,EventCreate,1,None,Application,djkvdihost565.jakarta01.com,JAKARTA01\MahendraR  
Error,10/5/2017 8:31:40 AM,EventCreate,1,None,Application,djkvdihost711.jakarta01.com,JAKARTA01\Yulistial  
Error,10/5/2017 8:31:23 AM,EventCreate,1,None,Application,djkvdihost363.jakarta01.com,JAKARTA01\MAUREEN  
Error,10/5/2017 8:31:11 AM,EventCreate,1,None,Application,djkvdihost550.jakarta01.com,JAKARTA01\naldi  
Error,10/5/2017 8:30:53 AM,EventCreate,1,None,Application,djkvdihost032.jakarta01.com,JAKARTA01\ibahtiar  
Error,10/5/2017 8:30:42 AM,EventCreate,1,None,Application,djkvdihost193.jakarta01.com,JAKARTA01\Katsuhito  
Error,10/5/2017 8:30:26 AM,EventCreate,1,None,Application,djkvdihost637.jakarta01.com,JAKARTA01\andriana  
Error,10/5/2017 8:29:54 AM,EventCreate,1,None,Application,djkvdihost528.jakarta01.com,JAKARTA01\bryan  
Error,10/5/2017 8:29:18 AM,EventCreate,1,None,Application,djkvdihost573.jakarta01.com,JAKARTA01\guestisd65  
Error,10/5/2017 8:28:58 AM,EventCreate,1,None,Application,djkvdihost895.jakarta01.com,JAKARTA01\adi prasetio  
Error,10/5/2017 8:28:25 AM,EventCreate,1,None,Application,djkvdihost434.jakarta01.com,JAKARTA01\aryani  
Error,10/5/2017 8:28:25 AM,EventCreate,1,None,Application,djkvdihost344.jakarta01.com,JAKARTA01\paramita  
Error,10/5/2017 8:28:31 AM,EventCreate,1,None,Application,djkvdihost118.jakarta01.com,JAKARTA01\guestisd34  
Error,10/5/2017 8:28:24 AM,EventCreate,1,None,Application,djkvdihost796.jakarta01.com,JAKARTA01\anderson  
Error,10/5/2017 8:27:50 AM,EventCreate,1,None,Application,djkvdihost322.jakarta01.com,JAKARTA01\prakasa  
Error,10/5/2017 8:27:47 AM,Application Error,1000,(100),Application,djkvdihost322.jakarta01.com,"Faulting application name: OUTLOOK.EXE, version: 15.0.4919.1001, time stamp: 0x58d20482
Faulting module name: OUTLOOK.EXE, version: 15.0.4919.1001, time stamp: 0x58d20482
Exception code: 0xc0000005
Fault offset: 0x008924c7
Faulting process id: 0x1d4
Faulting application start time: 0x01d33d765416bd86
Faulting application path: C:\Program Files\Microsoft Office\Office15\OUTLOOK.EXE
Faulting module path: C:\Program Files\Microsoft Office\Office15\OUTLOOK.EXE
Report Id: 6457ea45-a96c-11e7-910d-0050569f6d5d"
Error,10/5/2017 8:28:04 AM,EventCreate,1,None,Application,djkvdihost434.jakarta01.com,JAKARTA01\aryani  
Error,10/5/2017 8:28:10 AM,EventCreate,1,None,Application,djkvdihost552.jakarta01.com,JAKARTA01\dadang  
Error,10/5/2017 8:27:23 AM,EventCreate,1,None,Application,djkvdihost477.jakarta01.com,JAKARTA01\Chadijah  
Error,10/5/2017 8:27:48 AM,EventCreate,1,None,Application,djkvdihost066.jakarta01.com,JAKARTA01\AdhiNu  
Error,10/5/2017 8:27:07 AM,EventCreate,1,None,Application,djkvdihost344.jakarta01.com,JAKARTA01\paramita  
Error,10/5/2017 8:27:27 AM,EventCreate,1,None,Application,djkvdihost573.jakarta01.com,JAKARTA01\guestisd65  
Error,10/5/2017 8:26:53 AM,EventCreate,1,None,Application,djkvdihost344.jakarta01.com,JAKARTA01\paramita  
Error,10/5/2017 8:26:24 AM,EventCreate,1,None,Application,djkvdihost283.jakarta01.com,JAKARTA01\Rosulla  
Error,10/5/2017 8:26:21 AM,EventCreate,1,None,Application,djkvdihost477.jakarta01.com,JAKARTA01\Chadijah  
Error,10/5/2017 8:25:24 AM,EventCreate,1,None,Application,djkvdihost372.jakarta01.com,JAKARTA01\sutedja  
Error,10/5/2017 8:25:25 AM,EventCreate,1,None,Application,djkvdihost010.jakarta01.com,JAKARTA01\apip  
Error,10/5/2017 8:25:22 AM,Application Error,1000,(100),Application,djkvdihost010.jakarta01.com,"Faulting application name: WINWORD.EXE, version: 15.0.4911.1000, time stamp: 0x58a2c075
Faulting module name: wwlib.dll, version: 15.0.4911.1000, time stamp: 0x58a2c073
Exception code: 0xc0000005
Fault offset: 0x0075eeef
Faulting process id: 0x1a34
Faulting application start time: 0x01d33d76948f0780
Faulting application path: C:\Program Files\Microsoft Office\Office15\WINWORD.EXE
Faulting module path: C:\Program Files\Microsoft Office\Office15\wwlib.dll
Report Id: 0e2360d0-a96c-11e7-a950-0050569f5c74"
Error,10/5/2017 8:25:22 AM,EventCreate,1,None,Application,djkvdihost229.jakarta01.com,JAKARTA01\maitri  
Error,10/5/2017 8:25:20 AM,EventCreate,1,None,Application,djkvdihost542.jakarta01.com,JAKARTA01\DanielAW  
Error,10/5/2017 8:25:48 AM,EventCreate,1,None,Application,djkvdihost263.jakarta01.com,JAKARTA01\mayang  
Error,10/5/2017 8:25:45 AM,EventCreate,1,None,Application,djkvdihost524.jakarta01.com,JAKARTA01\jidromann  
Error,10/5/2017 8:25:37 AM,EventCreate,1,None,Application,djkvdihost661.jakarta01.com,JAKARTA01\Rahmad  
Error,10/5/2017 8:25:32 AM,Application Error,1000,(100),Application,djkvdihost524.jakarta01.com,"Faulting application name: spoolsv.exe, version: 6.1.7601.17777, time stamp: 0x4f35efc3
Faulting module name: msvcrt.dll, version: 7.0.7601.17744, time stamp: 0x4eeaf722
Exception code: 0xc0000005
Fault offset: 0x0000aa14
Faulting process id: 0x638
Faulting application start time: 0x01d33cfd70b36f93
Faulting application path: C:\Windows\System32\spoolsv.exe
Faulting module path: C:\Windows\system32\msvcrt.dll
Report Id: 13feb7f8-a96c-11e7-9b57-0050569f1e5a"
Error,10/5/2017 8:25:25 AM,EventCreate,1,None,Application,djkvdihost379.jakarta01.com,JAKARTA01\harumi  
Error,10/5/2017 8:25:25 AM,EventCreate,1,None,Application,djkvdihost630.jakarta01.com,JAKARTA01\guestisd36  
Error,10/5/2017 8:25:17 AM,Application Error,1000,(100),Application,djkvdihost542.jakarta01.com,"Faulting application name: OUTLOOK.EXE, version: 15.0.4919.1001, time stamp: 0x58d20482
Faulting module name: OUTLOOK.EXE, version: 15.0.4919.1001, time stamp: 0x58d20482
Exception code: 0xc0000005
Fault offset: 0x008924c4
Faulting process id: 0x1c30
Faulting application start time: 0x01d33d727b067f4d
Faulting application path: C:\Program Files\Microsoft Office\Office15\OUTLOOK.EXE
Faulting module path: C:\Program Files\Microsoft Office\Office15\OUTLOOK.EXE
Report Id: 0ae58825-a96c-11e7-adac-0050569f5019"
Error,10/5/2017 8:24:53 AM,EventCreate,1,None,Application,djkvdihost555.jakarta01.com,JAKARTA01\Kurnia Arisayuga  
Error,10/5/2017 8:24:21 AM,EventCreate,1,None,Application,djkvdihost167.jakarta01.com,JAKARTA01\taty  
Error,10/5/2017 8:24:18 AM,EventCreate,1,None,Application,djkvdihost109.jakarta01.com,JAKARTA01\sylvia  
Error,10/5/2017 8:24:30 AM,EventCreate,1,None,Application,djkvdihost229.jakarta01.com,JAKARTA01\maitri  
Error,10/5/2017 8:23:34 AM,EventCreate,1,None,Application,djkvdihost109.jakarta01.com,JAKARTA01\sylvia  
Error,10/5/2017 8:23:30 AM,EventCreate,1,None,Application,djkvdihost167.jakarta01.com,JAKARTA01\taty  
Error,10/5/2017 8:23:35 AM,EventCreate,1,None,Application,djkvdihost444.jakarta01.com,JAKARTA01\hadid  
Error,10/5/2017 8:23:28 AM,Application Error,1000,(100),Application,djkvdihost444.jakarta01.com,"Faulting application name: spoolsv.exe, version: 6.1.7601.17777, time stamp: 0x4f35efc3
Faulting module name: msvcrt.dll, version: 7.0.7601.17744, time stamp: 0x4eeaf722
Exception code: 0xc0000005
Fault offset: 0x0000aa14
Faulting process id: 0x63c
Faulting application start time: 0x01d33cf78d79e338
Faulting application path: C:\Windows\System32\spoolsv.exe
Faulting module path: C:\Windows\system32\msvcrt.dll
Report Id: ca5d2137-a96b-11e7-8be3-0050569f07c9"
Error,10/5/2017 8:23:54 AM,EventCreate,1,None,Application,djkvdihost372.jakarta01.com,JAKARTA01\sutedja  
Error,10/5/2017 8:23:38 AM,EventCreate,1,None,Application,djkvdihost813.jakarta01.com,JAKARTA01\fauziah wildan  
Error,10/5/2017 8:23:12 AM,EventCreate,1,None,Application,djkvdihost082.jakarta01.com,JAKARTA01\vita  
Error,10/5/2017 8:23:01 AM,EventCreate,1,None,Application,djkvdihost167.jakarta01.com,JAKARTA01\taty  
Error,10/5/2017 8:22:48 AM,EventCreate,1,None,Application,djkvdihost109.jakarta01.com,JAKARTA01\sylvia  
Error,10/5/2017 8:22:32 AM,EventCreate,1,None,Application,djkvdihost763.jakarta01.com,JAKARTA01\DIdik  
Error,10/5/2017 8:22:20 AM,EventCreate,1,None,Application,djkvdihost368.jakarta01.com,JAKARTA01\Novianawati  
Error,10/5/2017 8:22:14 AM,EventCreate,1,None,Application,djkvdihost523.jakarta01.com,JAKARTA01\mochammad  
Error,10/5/2017 8:21:38 AM,EventCreate,1,None,Application,djkvdihost576.jakarta01.com,JAKARTA01\sorayahs  
Error,10/5/2017 8:22:04 AM,EventCreate,1,None,Application,djkvdihost766.jakarta01.com,JAKARTA01\m ridho  
Error,10/5/2017 8:21:41 AM,EventCreate,1,None,Application,djkvdihost806.jakarta01.com,JAKARTA01\adriani  
Error,10/5/2017 8:21:38 AM,EventCreate,1,None,Application,djkvdihost806.jakarta01.com,JAKARTA01\adriani  
Error,10/5/2017 8:21:31 AM,EventCreate,1,None,Application,djkvdihost806.jakarta01.com,JAKARTA01\adriani  
Error,10/5/2017 8:21:55 AM,EventCreate,1,None,Application,djkvdihost309.jakarta01.com,JAKARTA01\karmenia  
Error,10/5/2017 8:21:54 AM,EventCreate,1,None,Application,djkvdihost573.jakarta01.com,JAKARTA01\dhimas  
Error,10/5/2017 8:21:23 AM,WSH,1,None,Application,djkvdihost368.jakarta01.com,"CN=Novianawati Wahyuni password will expire in 4 day(s) at 10/9/2017 8:14:42 AM

Press CTRL + ALT + DEL and select the ""Change a password"" option."
Error,10/5/2017 8:21:43 AM,EventCreate,1,None,Application,djkvdihost044.jakarta01.com,JAKARTA01\Donna  
Error,10/5/2017 8:21:38 AM,EventCreate,1,None,Application,djkvdihost356.jakarta01.com,JAKARTA01\rara  
Error,10/5/2017 8:21:33 AM,EventCreate,1,None,Application,djkvdihost096.jakarta01.com,JAKARTA01\amelinda  
