Error,9/27/2017 8:22:11 AM,EventCreate,1,None,Application,djkvdihost059.jakarta01.com,JAKARTA01\nadea  
Error,9/27/2017 8:22:11 AM,EventCreate,1,None,Application,djkvdihost266.jakarta01.com,JAKARTA01\harumi  
Error,9/27/2017 8:21:57 AM,EventCreate,1,None,Application,djkvdihost774.jakarta01.com,JAKARTA01\Adjeng  
Error,9/27/2017 8:21:18 AM,EventCreate,1,None,Application,djkvdihost876.jakarta01.com,JAKARTA01\deddy  
Error,9/27/2017 8:21:45 AM,EventCreate,1,None,Application,djkvdihost691.jakarta01.com,JAKARTA01\alifah  
Error,9/27/2017 8:21:42 AM,EventCreate,1,None,Application,djkvdihost348.jakarta01.com,JAKARTA01\Hilma  
Error,9/27/2017 8:21:41 AM,EventCreate,1,None,Application,djkvdihost735.jakarta01.com,JAKARTA01\veronicam  
Error,9/27/2017 8:21:37 AM,EventCreate,1,None,Application,djkvdihost862.jakarta01.com,JAKARTA01\natasya  
Error,9/27/2017 8:21:36 AM,EventCreate,1,None,Application,djkvdihost209.jakarta01.com,JAKARTA01\Anton 2  
Error,9/27/2017 8:21:05 AM,EventCreate,1,None,Application,djkvdihost800.jakarta01.com,JAKARTA01\Lordy  
Error,9/27/2017 8:21:02 AM,WSH,1,None,Application,djkvdihost059.jakarta01.com,"CN=Nadea Endar Kesuma password will expire in 4 day(s) at 10/1/2017 8:20:18 AM

Press CTRL + ALT + DEL and select the ""Change a password"" option."
Error,9/27/2017 8:21:25 AM,EventCreate,1,None,Application,djkvdihost081.jakarta01.com,JAKARTA01\rifan  
Error,9/27/2017 8:21:19 AM,EventCreate,1,None,Application,djkvdihost317.jakarta01.com,JAKARTA01\Didik  
Error,9/27/2017 8:21:01 AM,WSH,1,None,Application,djkvdihost059.jakarta01.com,"CN=Nadea Endar Kesuma password will expire in 4 day(s) at 10/1/2017 8:20:18 AM

Press CTRL + ALT + DEL and select the ""Change a password"" option."
Error,9/27/2017 8:20:57 AM,EventCreate,1,None,Application,djkvdihost876.jakarta01.com,JAKARTA01\deddy  
Error,9/27/2017 8:20:24 AM,EventCreate,1,None,Application,djkvdihost800.jakarta01.com,JAKARTA01\Lordy  
Error,9/27/2017 8:19:59 AM,WSH,1,None,Application,djkvdihost800.jakarta01.com,"CN=Lordy Perdana Purba password will expire in 4 day(s) at 10/1/2017 1:47:43 PM

Press CTRL + ALT + DEL and select the ""Change a password"" option."
Error,9/27/2017 8:20:07 AM,EventCreate,1,None,Application,djkvdihost714.jakarta01.com,JAKARTA01\sylvia  
Error,9/27/2017 8:20:24 AM,EventCreate,1,None,Application,djkvdihost699.jakarta01.com,JAKARTA01\elvina  
Error,9/27/2017 8:20:01 AM,Application Error,1000,(100),Application,djkvdihost699.jakarta01.com,"Faulting application name: spoolsv.exe, version: 6.1.7601.17777, time stamp: 0x4f35efc3
Faulting module name: msvcrt.dll, version: 7.0.7601.17744, time stamp: 0x4eeaf722
Exception code: 0xc0000005
Fault offset: 0x0000aa14
Faulting process id: 0x638
Faulting application start time: 0x01d336c0cacb4592
Faulting application path: C:\Windows\System32\spoolsv.exe
Faulting module path: C:\Windows\system32\msvcrt.dll
Report Id: fb2e9191-a321-11e7-8b32-0050569f7795"
Error,9/27/2017 8:19:59 AM,WSH,1,None,Application,djkvdihost800.jakarta01.com,"CN=Lordy Perdana Purba password will expire in 4 day(s) at 10/1/2017 1:47:43 PM

Press CTRL + ALT + DEL and select the ""Change a password"" option."
Error,9/27/2017 8:19:42 AM,EventCreate,1,None,Application,djkvdihost178.jakarta01.com,JAKARTA01\ardiana  
Error,9/27/2017 8:20:04 AM,EventCreate,1,None,Application,djkvdihost714.jakarta01.com,JAKARTA01\sylvia  
Error,9/27/2017 8:19:57 AM,EventCreate,1,None,Application,djkvdihost460.jakarta01.com,JAKARTA01\michiko  
Error,9/27/2017 8:19:53 AM,EventCreate,1,None,Application,djkvdihost131.jakarta01.com,JAKARTA01\widya utami  
Error,9/27/2017 8:19:23 AM,EventCreate,1,None,Application,djkvdihost404.jakarta01.com,JAKARTA01\mdendy  
Error,9/27/2017 8:19:19 AM,EventCreate,1,None,Application,djkvdihost404.jakarta01.com,JAKARTA01\mdendy  
Error,9/27/2017 8:19:47 AM,EventCreate,1,None,Application,djkvdihost699.jakarta01.com,JAKARTA01\elvina  
Error,9/27/2017 8:19:35 AM,EventCreate,1,None,Application,djkvdihost178.jakarta01.com,JAKARTA01\ardiana  
Error,9/27/2017 8:19:28 AM,EventCreate,1,None,Application,djkvdihost300.jakarta01.com,JAKARTA01\magdalena  
Error,9/27/2017 8:18:53 AM,WSH,1,None,Application,djkvdihost131.jakarta01.com,"CN=Widya Utami Ketuyahman password will expire in 1 day(s) at 9/28/2017 8:10:15 AM

Press CTRL + ALT + DEL and select the ""Change a password"" option."
Error,9/27/2017 8:19:18 AM,EventCreate,1,None,Application,djkvdihost761.jakarta01.com,JAKARTA01\Marlina  
Error,9/27/2017 8:19:16 AM,EventCreate,1,None,Application,djkvdihost105.jakarta01.com,JAKARTA01\warda  
Error,9/27/2017 8:19:15 AM,EventCreate,1,None,Application,djkvdihost100.jakarta01.com,JAKARTA01\guestisd37  
Error,9/27/2017 8:19:12 AM,EventCreate,1,None,Application,djkvdihost247.jakarta01.com,JAKARTA01\evi  
Error,9/27/2017 8:18:27 AM,WSH,1,None,Application,djkvdihost105.jakarta01.com,"CN=Warda Husna Harahap password will expire in 1 day(s) at 9/28/2017 7:48:27 AM

Press CTRL + ALT + DEL and select the ""Change a password"" option."
Error,9/27/2017 8:18:52 AM,WSH,1,None,Application,djkvdihost131.jakarta01.com,"CN=Widya Utami Ketuyahman password will expire in 1 day(s) at 9/28/2017 8:10:15 AM

Press CTRL + ALT + DEL and select the ""Change a password"" option."
Error,9/27/2017 8:18:41 AM,EventCreate,1,None,Application,djkvdihost194.jakarta01.com,JAKARTA01\hemayani  
Error,9/27/2017 8:18:32 AM,EventCreate,1,None,Application,djkvdihost811.jakarta01.com,JAKARTA01\Tri Ari  
Error,9/27/2017 8:18:31 AM,EventCreate,1,None,Application,djkvdihost225.jakarta01.com,JAKARTA01\liza  
Error,9/27/2017 8:18:27 AM,EventCreate,1,None,Application,djkvdihost805.jakarta01.com,JAKARTA01\denny  
Error,9/27/2017 8:18:26 AM,WSH,1,None,Application,djkvdihost105.jakarta01.com,"CN=Warda Husna Harahap password will expire in 1 day(s) at 9/28/2017 7:48:27 AM

Press CTRL + ALT + DEL and select the ""Change a password"" option."
Error,9/27/2017 8:18:18 AM,EventCreate,1,None,Application,djkvdihost705.jakarta01.com,JAKARTA01\Bagus Gede  
Error,9/27/2017 8:18:00 AM,EventCreate,1,None,Application,djkvdihost619.jakarta01.com,JAKARTA01\maya  
Error,9/27/2017 8:17:59 AM,EventCreate,1,None,Application,djkvdihost147.jakarta01.com,JAKARTA01\hendry  
Error,9/27/2017 8:17:43 AM,EventCreate,1,None,Application,djkvdihost793.jakarta01.com,JAKARTA01\shinta  
Error,9/27/2017 8:17:42 AM,EventCreate,1,None,Application,djkvdihost613.jakarta01.com,JAKARTA01\gian  
Error,9/27/2017 8:17:42 AM,EventCreate,1,None,Application,djkvdihost637.jakarta01.com,JAKARTA01\mutiman  
Error,9/27/2017 8:17:32 AM,EventCreate,1,None,Application,djkvdihost664.jakarta01.com,JAKARTA01\Adang  
Error,9/27/2017 8:17:32 AM,EventCreate,1,None,Application,djkvdihost274.jakarta01.com,JAKARTA01\Ariestyo  
Error,9/27/2017 8:16:29 AM,EventCreate,1,None,Application,djkvdihost251.jakarta01.com,JAKARTA01\hertanto  
Error,9/27/2017 8:16:22 AM,Application Error,1000,(100),Application,djkvdihost251.jakarta01.com,"Faulting application name: spoolsv.exe, version: 6.1.7601.17777, time stamp: 0x4f35efc3
Faulting module name: msvcrt.dll, version: 7.0.7601.17744, time stamp: 0x4eeaf722
Exception code: 0xc0000005
Fault offset: 0x0000aa14
Faulting process id: 0x634
Faulting application start time: 0x01d336b8e4e001cd
Faulting application path: C:\Windows\System32\spoolsv.exe
Faulting module path: C:\Windows\system32\msvcrt.dll
Report Id: 78c0ab12-a321-11e7-864b-0050569f13e4"
Error,9/27/2017 8:16:38 AM,EventCreate,1,None,Application,djkvdihost373.jakarta01.com,JAKARTA01\ubaedi  
Error,9/27/2017 8:16:30 AM,EventCreate,1,None,Application,djkvdihost644.jakarta01.com,JAKARTA01\eriku  
Error,9/27/2017 8:16:11 AM,EventCreate,1,None,Application,djkvdihost153.jakarta01.com,JAKARTA01\Agus  
Error,9/27/2017 8:16:06 AM,EventCreate,1,None,Application,djkvdihost540.jakarta01.com,JAKARTA01\bella  
Error,9/27/2017 8:16:06 AM,EventCreate,1,None,Application,djkvdihost898.jakarta01.com,JAKARTA01\StellaH  
Error,9/27/2017 8:16:06 AM,EventCreate,1,None,Application,djkvdihost152.jakarta01.com,JAKARTA01\Liasyah  
Error,9/27/2017 8:16:04 AM,EventCreate,1,None,Application,djkvdihost666.jakarta01.com,JAKARTA01\Jauw  
Error,9/27/2017 8:15:56 AM,EventCreate,1,None,Application,djkvdihost089.jakarta01.com,JAKARTA01\sulaiman  
Error,9/27/2017 8:15:55 AM,EventCreate,1,None,Application,djkvdihost477.jakarta01.com,JAKARTA01\smuhidin  
Error,9/27/2017 8:15:51 AM,EventCreate,1,None,Application,djkvdihost326.jakarta01.com,JAKARTA01\devita  
Error,9/27/2017 8:15:50 AM,EventCreate,1,None,Application,djkvdihost527.jakarta01.com,JAKARTA01\haedar  
Error,9/27/2017 8:15:40 AM,EventCreate,1,None,Application,djkvdihost736.jakarta01.com,JAKARTA01\Rosulla  
Error,9/27/2017 8:15:22 AM,EventCreate,1,None,Application,djkvdihost094.jakarta01.com,JAKARTA01\ahmad  
Error,9/27/2017 8:15:17 AM,EventCreate,1,None,Application,djkvdihost263.jakarta01.com,JAKARTA01\katrin  
Error,9/27/2017 8:15:14 AM,EventCreate,1,None,Application,djkvdihost403.jakarta01.com,JAKARTA01\william  
Error,9/27/2017 8:15:13 AM,EventCreate,1,None,Application,djkvdihost457.jakarta01.com,JAKARTA01\kristiana  
Error,9/27/2017 8:14:38 AM,WSH,1,None,Application,djkvdihost736.jakarta01.com,"CN=Rosulla Topan Berliana password will expire in 4 day(s) at 10/1/2017 8:34:48 AM

Press CTRL + ALT + DEL and select the ""Change a password"" option."
Error,9/27/2017 8:15:06 AM,EventCreate,1,None,Application,djkvdihost491.jakarta01.com,JAKARTA01\rahma  
Error,9/27/2017 8:14:38 AM,WSH,1,None,Application,djkvdihost736.jakarta01.com,"CN=Rosulla Topan Berliana password will expire in 4 day(s) at 10/1/2017 8:34:48 AM

Press CTRL + ALT + DEL and select the ""Change a password"" option."
Error,9/27/2017 8:14:36 AM,EventCreate,1,None,Application,djkvdihost813.jakarta01.com,JAKARTA01\cecilia  
Error,9/27/2017 8:14:19 AM,EventCreate,1,None,Application,djkvdihost009.jakarta01.com,JAKARTA01\Armanto  
Error,9/27/2017 8:13:27 AM,EventCreate,1,None,Application,djkvdihost419.jakarta01.com,JAKARTA01\adriani  
Error,9/27/2017 8:13:22 AM,EventCreate,1,None,Application,djkvdihost419.jakarta01.com,JAKARTA01\adriani  
Error,9/27/2017 8:13:14 AM,EventCreate,1,None,Application,djkvdihost307.jakarta01.com,JAKARTA01\bryan  
Error,9/27/2017 8:13:36 AM,EventCreate,1,None,Application,djkvdihost066.jakarta01.com,JAKARTA01\tasin  
Error,9/27/2017 8:13:33 AM,EventCreate,1,None,Application,djkvdihost353.jakarta01.com,JAKARTA01\rimico  
Error,9/27/2017 8:12:56 AM,EventCreate,1,None,Application,djkvdihost354.jakarta01.com,JAKARTA01\Latiefah  
Error,9/27/2017 8:13:23 AM,EventCreate,1,None,Application,djkvdihost475.jakarta01.com,JAKARTA01\sandi  
Error,9/27/2017 8:13:16 AM,EventCreate,1,None,Application,djkvdihost737.jakarta01.com,JAKARTA01\augtiaji  
Error,9/27/2017 8:13:15 AM,EventCreate,1,None,Application,djkvdihost410.jakarta01.com,JAKARTA01\hari  
Error,9/27/2017 8:13:13 AM,EventCreate,1,None,Application,djkvdihost344.jakarta01.com,JAKARTA01\chinthiars  
Error,9/27/2017 8:13:12 AM,EventCreate,1,None,Application,djkvdihost419.jakarta01.com,JAKARTA01\adriani  
Error,9/27/2017 8:13:11 AM,EventCreate,1,None,Application,djkvdihost727.jakarta01.com,JAKARTA01\indrak  
Error,9/27/2017 8:12:39 AM,EventCreate,1,None,Application,djkvdihost299.jakarta01.com,JAKARTA01\alex  
Error,9/27/2017 8:13:08 AM,EventCreate,1,None,Application,djkvdihost706.jakarta01.com,JAKARTA01\rahayu  
Error,9/27/2017 8:13:04 AM,Application Error,1000,(100),Application,djkvdihost307.jakarta01.com,"Faulting application name: spoolsv.exe, version: 6.1.7601.17777, time stamp: 0x4f35efc3
Faulting module name: msvcrt.dll, version: 7.0.7601.17744, time stamp: 0x4eeaf722
Exception code: 0xc0000005
Fault offset: 0x0000aa14
Faulting process id: 0x638
Faulting application start time: 0x01d336b678e1edcd
Faulting application path: C:\Windows\System32\spoolsv.exe
Faulting module path: C:\Windows\system32\msvcrt.dll
Report Id: 029a99b4-a321-11e7-a58b-0050569f2ce9"
Error,9/27/2017 8:13:03 AM,EventCreate,1,None,Application,djkvdihost019.jakarta01.com,JAKARTA01\bellaisya  
Error,9/27/2017 8:12:58 AM,EventCreate,1,None,Application,djkvdihost802.jakarta01.com,JAKARTA01\dimas adhi  
Error,9/27/2017 8:13:03 AM,EventCreate,1,None,Application,djkvdihost002.jakarta01.com,JAKARTA01\erik  
Error,9/27/2017 8:13:02 AM,EventCreate,1,None,Application,djkvdihost826.jakarta01.com,JAKARTA01\novitarini  
Error,9/27/2017 8:12:26 AM,WSH,1,None,Application,djkvdihost737.jakarta01.com,"CN=Augtiaji Awang Baskoro password will expire in 1 day(s) at 9/28/2017 8:00:28 AM

Press CTRL + ALT + DEL and select the ""Change a password"" option."
Error,9/27/2017 8:12:55 AM,EventCreate,1,None,Application,djkvdihost002.jakarta01.com,JAKARTA01\erik  
Error,9/27/2017 8:12:51 AM,EventCreate,1,None,Application,djkvdihost748.jakarta01.com,JAKARTA01\mahendra  
Error,9/27/2017 8:12:49 AM,EventCreate,1,None,Application,djkvdihost484.jakarta01.com,JAKARTA01\driarkoro  
Error,9/27/2017 8:12:47 AM,EventCreate,1,None,Application,djkvdihost802.jakarta01.com,JAKARTA01\dimas adhi  
Error,9/27/2017 8:12:41 AM,EventCreate,1,None,Application,djkvdihost016.jakarta01.com,JAKARTA01\GUESTISD32  
Error,9/27/2017 8:12:39 AM,EventCreate,1,None,Application,djkvdihost354.jakarta01.com,JAKARTA01\Latiefah  
Error,9/27/2017 8:12:24 AM,WSH,1,None,Application,djkvdihost737.jakarta01.com,"CN=Augtiaji Awang Baskoro password will expire in 1 day(s) at 9/28/2017 8:00:28 AM

Press CTRL + ALT + DEL and select the ""Change a password"" option."
Error,9/27/2017 8:12:19 AM,EventCreate,1,None,Application,djkvdihost324.jakarta01.com,JAKARTA01\wisnu  
Error,9/27/2017 8:12:05 AM,EventCreate,1,None,Application,djkvdihost688.jakarta01.com,JAKARTA01\yulia rifanda  
Error,9/27/2017 8:12:04 AM,WSH,1,None,Application,djkvdihost307.jakarta01.com,"CN=Bryan Tanri password will expire in 4 day(s) at 10/1/2017 4:42:52 PM

Press CTRL + ALT + DEL and select the ""Change a password"" option."
Error,9/27/2017 8:12:04 AM,WSH,1,None,Application,djkvdihost307.jakarta01.com,"CN=Bryan Tanri password will expire in 4 day(s) at 10/1/2017 4:42:52 PM

Press CTRL + ALT + DEL and select the ""Change a password"" option."
Error,9/27/2017 8:11:36 AM,EventCreate,1,None,Application,djkvdihost299.jakarta01.com,JAKARTA01\alex  
Error,9/27/2017 8:11:03 AM,EventCreate,1,None,Application,djkvdihost569.jakarta01.com,JAKARTA01\achmadr  
Error,9/27/2017 8:10:33 AM,EventCreate,1,None,Application,djkvdihost899.jakarta01.com,JAKARTA01\matthew  
Error,9/27/2017 8:10:15 AM,EventCreate,1,None,Application,djkvdihost480.jakarta01.com,JAKARTA01\rozi  
Error,9/27/2017 8:10:13 AM,EventCreate,1,None,Application,djkvdihost268.jakarta01.com,JAKARTA01\Tino  
Error,9/27/2017 8:10:12 AM,EventCreate,1,None,Application,djkvdihost411.jakarta01.com,JAKARTA01\andi almira  
Error,9/27/2017 8:10:10 AM,WSH,1,None,Application,djkvdihost899.jakarta01.com,"CN=Matthew Hanzel password will expire in 1 day(s) at 9/28/2017 7:34:54 AM

Press CTRL + ALT + DEL and select the ""Change a password"" option."
Error,9/27/2017 8:10:09 AM,WSH,1,None,Application,djkvdihost899.jakarta01.com,"CN=Matthew Hanzel password will expire in 1 day(s) at 9/28/2017 7:34:54 AM

Press CTRL + ALT + DEL and select the ""Change a password"" option."
Error,9/27/2017 8:09:58 AM,EventCreate,1,None,Application,djkvdihost261.jakarta01.com,JAKARTA01\yulianty  
Error,9/27/2017 8:09:55 AM,EventCreate,1,None,Application,djkvdihost028.jakarta01.com,JAKARTA01\Yudhadp  
Error,9/27/2017 8:09:47 AM,EventCreate,1,None,Application,djkvdihost181.jakarta01.com,JAKARTA01\angga  
Error,9/27/2017 8:09:45 AM,EventCreate,1,None,Application,djkvdihost175.jakarta01.com,JAKARTA01\oliviales  
Error,9/27/2017 8:09:43 AM,EventCreate,1,None,Application,djkvdihost438.jakarta01.com,JAKARTA01\Nirmala  
Error,9/27/2017 8:09:41 AM,EventCreate,1,None,Application,djkvdihost312.jakarta01.com,JAKARTA01\andi wijaya  
Error,9/27/2017 8:09:25 AM,EventCreate,1,None,Application,djkvdihost411.jakarta01.com,JAKARTA01\andi almira  
Error,9/27/2017 8:08:53 AM,EventCreate,1,None,Application,djkvdihost092.jakarta01.com,JAKARTA01\syifa  
Error,9/27/2017 8:09:08 AM,EventCreate,1,None,Application,djkvdihost499.jakarta01.com,JAKARTA01\laila  
Error,9/27/2017 8:08:31 AM,EventCreate,1,None,Application,djkvdihost824.jakarta01.com,JAKARTA01\trisnawati  
Error,9/27/2017 8:08:55 AM,EventCreate,1,None,Application,djkvdihost243.jakarta01.com,JAKARTA01\R Syafira  
Error,9/27/2017 8:08:21 AM,EventCreate,1,None,Application,djkvdihost140.jakarta01.com,JAKARTA01\Pratama  
Error,9/27/2017 8:08:49 AM,EventCreate,1,None,Application,djkvdihost162.jakarta01.com,JAKARTA01\indriyani  
Error,9/27/2017 8:08:49 AM,EventCreate,1,None,Application,djkvdihost432.jakarta01.com,JAKARTA01\hanna  
Error,9/27/2017 8:08:49 AM,EventCreate,1,None,Application,djkvdihost653.jakarta01.com,JAKARTA01\Yonanda  
Error,9/27/2017 8:08:33 AM,Application Error,1000,(100),Application,djkvdihost653.jakarta01.com,"Faulting application name: spoolsv.exe, version: 6.1.7601.17777, time stamp: 0x4f35efc3
Faulting module name: msvcrt.dll, version: 7.0.7601.17744, time stamp: 0x4eeaf722
Exception code: 0xc0000005
Fault offset: 0x0000aa14
Faulting process id: 0x638
Faulting application start time: 0x01d336b74ff6697a
Faulting application path: C:\Windows\System32\spoolsv.exe
Faulting module path: C:\Windows\system32\msvcrt.dll
Report Id: 614ddf75-a320-11e7-abe3-0050569f4206"
Error,9/27/2017 8:08:31 AM,EventCreate,1,None,Application,djkvdihost130.jakarta01.com,JAKARTA01\arismanm  
Error,9/27/2017 8:08:29 AM,EventCreate,1,None,Application,djkvdihost807.jakarta01.com,JAKARTA01\Puspitasari  
Error,9/27/2017 8:08:15 AM,EventCreate,1,None,Application,djkvdihost684.jakarta01.com,JAKARTA01\teguh  
Error,9/27/2017 8:07:46 AM,WSH,1,None,Application,djkvdihost140.jakarta01.com,"CN=Pratama password will expire in 4 day(s) at 10/1/2017 8:19:55 AM

Press CTRL + ALT + DEL and select the ""Change a password"" option."
Error,9/27/2017 8:08:09 AM,EventCreate,1,None,Application,djkvdihost824.jakarta01.com,JAKARTA01\trisnawati  
Error,9/27/2017 8:08:05 AM,EventCreate,1,None,Application,djkvdihost347.jakarta01.com,JAKARTA01\amanda chandra  
Error,9/27/2017 8:07:35 AM,WSH,1,None,Application,djkvdihost092.jakarta01.com,"CN=Syifa Silvia password will expire in 4 day(s) at 10/1/2017 8:17:07 AM

Press CTRL + ALT + DEL and select the ""Change a password"" option."
Error,9/27/2017 8:07:55 AM,EventCreate,1,None,Application,djkvdihost713.jakarta01.com,JAKARTA01\dini hariyani  
Error,9/27/2017 8:07:52 AM,EventCreate,1,None,Application,djkvdihost113.jakarta01.com,JAKARTA01\fauziah wildan  
Error,9/27/2017 8:07:44 AM,WSH,1,None,Application,djkvdihost140.jakarta01.com,"CN=Pratama password will expire in 4 day(s) at 10/1/2017 8:19:55 AM

Press CTRL + ALT + DEL and select the ""Change a password"" option."
Error,9/27/2017 8:07:40 AM,EventCreate,1,None,Application,djkvdihost314.jakarta01.com,JAKARTA01\Helena  
Error,9/27/2017 8:07:37 AM,EventCreate,1,None,Application,djkvdihost801.jakarta01.com,JAKARTA01\netra  
Error,9/27/2017 8:07:35 AM,EventCreate,1,None,Application,djkvdihost322.jakarta01.com,JAKARTA01\yusdian  
Error,9/27/2017 8:07:35 AM,WSH,1,None,Application,djkvdihost092.jakarta01.com,"CN=Syifa Silvia password will expire in 4 day(s) at 10/1/2017 8:17:07 AM

Press CTRL + ALT + DEL and select the ""Change a password"" option."
Error,9/27/2017 8:07:27 AM,EventCreate,1,None,Application,djkvdihost281.jakarta01.com,JAKARTA01\Puspa  
Error,9/27/2017 8:06:54 AM,EventCreate,1,None,Application,djkvdihost169.jakarta01.com,JAKARTA01\Aisyah  
Error,9/27/2017 8:06:48 AM,EventCreate,1,None,Application,djkvdihost636.jakarta01.com,JAKARTA01\reza  
Error,9/27/2017 8:06:42 AM,EventCreate,1,None,Application,djkvdihost269.jakarta01.com,JAKARTA01\Clara  
Error,9/27/2017 8:06:32 AM,EventCreate,1,None,Application,djkvdihost822.jakarta01.com,JAKARTA01\priscilla  
Error,9/27/2017 8:06:24 AM,EventCreate,1,None,Application,djkvdihost378.jakarta01.com,JAKARTA01\krisnawan  
Error,9/27/2017 8:06:24 AM,EventCreate,1,None,Application,djkvdihost401.jakarta01.com,JAKARTA01\erminawati  
Error,9/27/2017 8:06:19 AM,EventCreate,1,None,Application,djkvdihost567.jakarta01.com,JAKARTA01\Azis Budianto  
Error,9/27/2017 8:06:15 AM,EventCreate,1,None,Application,djkvdihost647.jakarta01.com,JAKARTA01\muhammady  
Error,9/27/2017 8:06:06 AM,EventCreate,1,None,Application,djkvdihost371.jakarta01.com,JAKARTA01\sergi  
Error,9/27/2017 8:06:00 AM,EventCreate,1,None,Application,djkvdihost003.jakarta01.com,JAKARTA01\amiratul  
Error,9/27/2017 8:05:54 AM,EventCreate,1,None,Application,djkvdihost880.jakarta01.com,JAKARTA01\Amelia  
Error,9/27/2017 8:05:49 AM,EventCreate,1,None,Application,djkvdihost085.jakarta01.com,JAKARTA01\enrikko  
Error,9/27/2017 8:05:49 AM,EventCreate,1,None,Application,djkvdihost790.jakarta01.com,JAKARTA01\zaldi  
Error,9/27/2017 8:05:46 AM,EventCreate,1,None,Application,djkvdihost240.jakarta01.com,JAKARTA01\Anton  
Error,9/27/2017 8:05:45 AM,EventCreate,1,None,Application,djkvdihost134.jakarta01.com,JAKARTA01\rizal  
Error,9/27/2017 8:05:42 AM,EventCreate,1,None,Application,djkvdihost387.jakarta01.com,JAKARTA01\Teguh Aji  
Error,9/27/2017 8:05:39 AM,EventCreate,1,None,Application,djkvdihost634.jakarta01.com,JAKARTA01\sitti  
Error,9/27/2017 8:05:31 AM,EventCreate,1,None,Application,djkvdihost743.jakarta01.com,JAKARTA01\sonson  
Error,9/27/2017 8:05:29 AM,EventCreate,1,None,Application,djkvdihost221.jakarta01.com,JAKARTA01\polyska  
Error,9/27/2017 8:05:22 AM,EventCreate,1,None,Application,djkvdihost829.jakarta01.com,JAKARTA01\mega  
Error,9/27/2017 8:05:20 AM,EventCreate,1,None,Application,djkvdihost795.jakarta01.com,JAKARTA01\wulanf  
Error,9/27/2017 8:05:14 AM,EventCreate,1,None,Application,djkvdihost587.jakarta01.com,JAKARTA01\fathiya  
Error,9/27/2017 8:05:10 AM,EventCreate,1,None,Application,djkvdihost719.jakarta01.com,JAKARTA01\mutiara  
Error,9/27/2017 8:05:06 AM,EventCreate,1,None,Application,djkvdihost635.jakarta01.com,JAKARTA01\adityo  
Error,9/27/2017 8:04:54 AM,EventCreate,1,None,Application,djkvdihost254.jakarta01.com,JAKARTA01\subhan  
Error,9/27/2017 8:04:52 AM,EventCreate,1,None,Application,djkvdihost753.jakarta01.com,JAKARTA01\erika  
Error,9/27/2017 8:04:42 AM,EventCreate,1,None,Application,djkvdihost065.jakarta01.com,JAKARTA01\tyas  
Error,9/27/2017 8:04:36 AM,EventCreate,1,None,Application,djkvdihost359.jakarta01.com,JAKARTA01\brenda  
Error,9/27/2017 8:04:08 AM,EventCreate,1,None,Application,djkvdihost214.jakarta01.com,JAKARTA01\mery  
Error,9/27/2017 8:04:05 AM,Application Error,1000,(100),Application,djkvdihost214.jakarta01.com,"Faulting application name: spoolsv.exe, version: 6.1.7601.17777, time stamp: 0x4f35efc3
Faulting module name: msvcrt.dll, version: 7.0.7601.17744, time stamp: 0x4eeaf722
Exception code: 0xc0000005
Fault offset: 0x0000aa14
Faulting process id: 0x630
Faulting application start time: 0x01d336e7d48001dc
Faulting application path: C:\Windows\System32\spoolsv.exe
Faulting module path: C:\Windows\system32\msvcrt.dll
Report Id: c183f2cb-a31f-11e7-8f45-0050569f50f1"
Error,9/27/2017 8:04:30 AM,EventCreate,1,None,Application,djkvdihost183.jakarta01.com,JAKARTA01\EDameria  
Error,9/27/2017 8:04:21 AM,EventCreate,1,None,Application,djkvdihost588.jakarta01.com,JAKARTA01\Festy  
Error,9/27/2017 8:04:20 AM,EventCreate,1,None,Application,djkvdihost572.jakarta01.com,JAKARTA01\dhimas  
Error,9/27/2017 8:04:17 AM,EventCreate,1,None,Application,djkvdihost275.jakarta01.com,JAKARTA01\yansen  
Error,9/27/2017 8:04:17 AM,EventCreate,1,None,Application,djkvdihost220.jakarta01.com,JAKARTA01\rbagus  
Error,9/27/2017 8:03:47 AM,EventCreate,1,None,Application,djkvdihost681.jakarta01.com,JAKARTA01\melany  
Error,9/27/2017 8:03:41 AM,Application Error,1000,(100),Application,djkvdihost681.jakarta01.com,"Faulting application name: spoolsv.exe, version: 6.1.7601.17777, time stamp: 0x4f35efc3
Faulting module name: msvcrt.dll, version: 7.0.7601.17744, time stamp: 0x4eeaf722
Exception code: 0xc0000005
Fault offset: 0x0000aa14
Faulting process id: 0x63c
Faulting application start time: 0x01d336ad11a0b963
Faulting application path: C:\Windows\System32\spoolsv.exe
Faulting module path: C:\Windows\system32\msvcrt.dll
Report Id: b35fa35b-a31f-11e7-ae59-0050569f4c33"
Error,9/27/2017 8:04:05 AM,EventCreate,1,None,Application,djkvdihost214.jakarta01.com,JAKARTA01\mery  
Error,9/27/2017 8:03:53 AM,EventCreate,1,None,Application,djkvdihost779.jakarta01.com,JAKARTA01\nora  
Error,9/27/2017 8:03:30 AM,EventCreate,1,None,Application,djkvdihost779.jakarta01.com,JAKARTA01\nora  
Error,9/27/2017 8:03:54 AM,EventCreate,1,None,Application,djkvdihost294.jakarta01.com,JAKARTA01\samsul  
Error,9/27/2017 8:03:41 AM,EventCreate,1,None,Application,djkvdihost086.jakarta01.com,JAKARTA01\samekto  
Error,9/27/2017 8:03:41 AM,EventCreate,1,None,Application,djkvdihost528.jakarta01.com,JAKARTA01\Chairul  
Error,9/27/2017 8:03:40 AM,EventCreate,1,None,Application,djkvdihost382.jakarta01.com,JAKARTA01\puri  
Error,9/27/2017 8:03:36 AM,EventCreate,1,None,Application,djkvdihost585.jakarta01.com,JAKARTA01\alexsandro  
Error,9/27/2017 8:02:54 AM,WSH,1,None,Application,djkvdihost294.jakarta01.com,"CN=Samsul Bahri password will expire in 4 day(s) at 10/1/2017 8:25:56 AM

Press CTRL + ALT + DEL and select the ""Change a password"" option."
Error,9/27/2017 8:03:24 AM,EventCreate,1,None,Application,djkvdihost426.jakarta01.com,JAKARTA01\Donna  
Error,9/27/2017 8:03:06 AM,WSH,1,None,Application,djkvdihost779.jakarta01.com,"CN=Nora Amelia password will expire in 4 day(s) at 10/1/2017 8:01:13 AM

Press CTRL + ALT + DEL and select the ""Change a password"" option."
Error,9/27/2017 8:03:20 AM,EventCreate,1,None,Application,djkvdihost051.jakarta01.com,JAKARTA01\Yunita2  
Error,9/27/2017 8:03:16 AM,EventCreate,1,None,Application,djkvdihost442.jakarta01.com,JAKARTA01\anderson  
Error,9/27/2017 8:03:12 AM,EventCreate,1,None,Application,djkvdihost006.jakarta01.com,JAKARTA01\Rizky Anggari  
Error,9/27/2017 8:03:10 AM,EventCreate,1,None,Application,djkvdihost189.jakarta01.com,JAKARTA01\wulan  
Error,9/27/2017 8:03:10 AM,EventCreate,1,None,Application,djkvdihost554.jakarta01.com,JAKARTA01\ita shabrina  
Error,9/27/2017 8:03:09 AM,EventCreate,1,None,Application,djkvdihost421.jakarta01.com,JAKARTA01\iva  
Error,9/27/2017 8:03:08 AM,EventCreate,1,None,Application,djkvdihost253.jakarta01.com,JAKARTA01\Yunita  
Error,9/27/2017 8:03:06 AM,EventCreate,1,None,Application,djkvdihost379.jakarta01.com,JAKARTA01\kristian  
Error,9/27/2017 8:03:04 AM,WSH,1,None,Application,djkvdihost779.jakarta01.com,"CN=Nora Amelia password will expire in 4 day(s) at 10/1/2017 8:01:13 AM

Press CTRL + ALT + DEL and select the ""Change a password"" option."
Error,9/27/2017 8:03:02 AM,EventCreate,1,None,Application,djkvdihost453.jakarta01.com,JAKARTA01\JUNETTE  
Error,9/27/2017 8:02:59 AM,EventCreate,1,None,Application,djkvdihost504.jakarta01.com,JAKARTA01\istiningsih  
Error,9/27/2017 8:02:58 AM,EventCreate,1,None,Application,djkvdihost265.jakarta01.com,JAKARTA01\yosie  
Error,9/27/2017 8:02:58 AM,EventCreate,1,None,Application,djkvdihost166.jakarta01.com,JAKARTA01\Nurhayati  
Error,9/27/2017 8:02:53 AM,EventCreate,1,None,Application,djkvdihost166.jakarta01.com,JAKARTA01\Nurhayati  
Error,9/27/2017 8:02:53 AM,WSH,1,None,Application,djkvdihost294.jakarta01.com,"CN=Samsul Bahri password will expire in 4 day(s) at 10/1/2017 8:25:56 AM

Press CTRL + ALT + DEL and select the ""Change a password"" option."
Error,9/27/2017 8:02:52 AM,EventCreate,1,None,Application,djkvdihost067.jakarta01.com,JAKARTA01\poespita  
Error,9/27/2017 8:02:16 AM,EventCreate,1,None,Application,djkvdihost648.jakarta01.com,JAKARTA01\lisa  
Error,9/27/2017 8:02:45 AM,EventCreate,1,None,Application,djkvdihost557.jakarta01.com,JAKARTA01\arum eka  
Error,9/27/2017 8:02:41 AM,EventCreate,1,None,Application,djkvdihost796.jakarta01.com,JAKARTA01\MAUREEN  
Error,9/27/2017 8:02:08 AM,EventCreate,1,None,Application,djkvdihost646.jakarta01.com,JAKARTA01\DanielAW  
Error,9/27/2017 8:02:03 AM,EventCreate,1,None,Application,djkvdihost139.jakarta01.com,JAKARTA01\nungi  
Error,9/27/2017 8:02:33 AM,EventCreate,1,None,Application,djkvdihost176.jakarta01.com,JAKARTA01\Chaterin  
Error,9/27/2017 8:02:27 AM,EventCreate,1,None,Application,djkvdihost723.jakarta01.com,JAKARTA01\aprilia  
Error,9/27/2017 8:02:24 AM,EventCreate,1,None,Application,djkvdihost302.jakarta01.com,JAKARTA01\ahmad zainul  
Error,9/27/2017 8:02:24 AM,EventCreate,1,None,Application,djkvdihost409.jakarta01.com,JAKARTA01\Arlyne  
Error,9/27/2017 8:02:13 AM,EventCreate,1,None,Application,djkvdihost418.jakarta01.com,JAKARTA01\fahrul  
Error,9/27/2017 8:02:13 AM,EventCreate,1,None,Application,djkvdihost648.jakarta01.com,JAKARTA01\lisa  
Error,9/27/2017 8:02:10 AM,EventCreate,1,None,Application,djkvdihost394.jakarta01.com,JAKARTA01\arinie  
Error,9/27/2017 8:02:03 AM,EventCreate,1,None,Application,djkvdihost646.jakarta01.com,JAKARTA01\DanielAW  
Error,9/27/2017 8:02:00 AM,EventCreate,1,None,Application,djkvdihost339.jakarta01.com,JAKARTA01\Risqia  
Error,9/27/2017 8:02:01 AM,EventCreate,1,None,Application,djkvdihost800.jakarta01.com,JAKARTA01\budir  
Error,9/27/2017 8:02:01 AM,EventCreate,1,None,Application,djkvdihost047.jakarta01.com,JAKARTA01\WulanAn  
Error,9/27/2017 8:01:58 AM,EventCreate,1,None,Application,djkvdihost658.jakarta01.com,JAKARTA01\imam  
Error,9/27/2017 8:01:53 AM,EventCreate,1,None,Application,djkvdihost471.jakarta01.com,JAKARTA01\Novianawati  
Error,9/27/2017 8:01:50 AM,EventCreate,1,None,Application,djkvdihost139.jakarta01.com,JAKARTA01\nungi  
Error,9/27/2017 8:01:49 AM,EventCreate,1,None,Application,djkvdihost485.jakarta01.com,JAKARTA01\heriansyah  
Error,9/27/2017 8:01:43 AM,EventCreate,1,None,Application,djkvdihost020.jakarta01.com,JAKARTA01\natalie  
Error,9/27/2017 8:01:40 AM,EventCreate,1,None,Application,djkvdihost681.jakarta01.com,JAKARTA01\melany  
Error,9/27/2017 8:01:39 AM,EventCreate,1,None,Application,djkvdihost633.jakarta01.com,JAKARTA01\ivan  
Error,9/27/2017 8:01:35 AM,EventCreate,1,None,Application,djkvdihost701.jakarta01.com,JAKARTA01\marie  
Error,9/27/2017 8:01:26 AM,EventCreate,1,None,Application,djkvdihost677.jakarta01.com,JAKARTA01\yosephine  
Error,9/27/2017 8:00:50 AM,EventCreate,1,None,Application,djkvdihost609.jakarta01.com,JAKARTA01\henry  
Error,9/27/2017 8:01:19 AM,EventCreate,1,None,Application,djkvdihost165.jakarta01.com,JAKARTA01\alfiari  
Error,9/27/2017 8:01:17 AM,EventCreate,1,None,Application,djkvdihost135.jakarta01.com,JAKARTA01\diah dwi  
Error,9/27/2017 8:01:18 AM,EventCreate,1,None,Application,djkvdihost778.jakarta01.com,JAKARTA01\melani  
Error,9/27/2017 8:01:12 AM,EventCreate,1,None,Application,djkvdihost777.jakarta01.com,JAKARTA01\yorika  
Error,9/27/2017 8:00:27 AM,EventCreate,1,None,Application,djkvdihost023.jakarta01.com,JAKARTA01\niluh  
Error,9/27/2017 8:00:56 AM,EventCreate,1,None,Application,djkvdihost792.jakarta01.com,JAKARTA01\devid  
Error,9/27/2017 8:00:50 AM,Application Error,1000,(100),Application,djkvdihost609.jakarta01.com,"Faulting application name: spoolsv.exe, version: 6.1.7601.17777, time stamp: 0x4f35efc3
Faulting module name: msvcrt.dll, version: 7.0.7601.17744, time stamp: 0x4eeaf722
Exception code: 0xc0000005
Fault offset: 0x0000aa14
Faulting process id: 0x638
Faulting application start time: 0x01d3369feb023b5e
Faulting application path: C:\Windows\System32\spoolsv.exe
Faulting module path: C:\Windows\system32\msvcrt.dll
Report Id: 4d7a13d3-a31f-11e7-9a47-0050569f2bc8"
Error,9/27/2017 8:00:47 AM,EventCreate,1,None,Application,djkvdihost771.jakarta01.com,JAKARTA01\Bambang  
Error,9/27/2017 8:00:41 AM,EventCreate,1,None,Application,djkvdihost267.jakarta01.com,JAKARTA01\Tammyana  
Error,9/27/2017 8:00:17 AM,WSH,1,None,Application,djkvdihost135.jakarta01.com,"CN=Diah Dwi Ayulestari password will expire in 4 day(s) at 10/1/2017 5:19:33 PM

Press CTRL + ALT + DEL and select the ""Change a password"" option."
Error,9/27/2017 8:00:17 AM,WSH,1,None,Application,djkvdihost135.jakarta01.com,"CN=Diah Dwi Ayulestari password will expire in 4 day(s) at 10/1/2017 5:19:33 PM

Press CTRL + ALT + DEL and select the ""Change a password"" option."
Error,9/27/2017 8:00:14 AM,EventCreate,1,None,Application,djkvdihost023.jakarta01.com,JAKARTA01\niluh  
Error,9/27/2017 8:00:14 AM,EventCreate,1,None,Application,djkvdihost579.jakarta01.com,JAKARTA01\meri  
Error,9/27/2017 8:00:09 AM,EventCreate,1,None,Application,djkvdihost694.jakarta01.com,JAKARTA01\aprianto  
Error,9/27/2017 7:59:39 AM,WSH,1,None,Application,djkvdihost579.jakarta01.com,"CN=Meri Saadah password will expire in 4 day(s) at 10/1/2017 7:33:03 AM

Press CTRL + ALT + DEL and select the ""Change a password"" option."
Error,9/27/2017 7:59:39 AM,EventCreate,1,None,Application,djkvdihost492.jakarta01.com,JAKARTA01\myreshka  
Error,9/27/2017 7:59:38 AM,WSH,1,None,Application,djkvdihost579.jakarta01.com,"CN=Meri Saadah password will expire in 4 day(s) at 10/1/2017 7:33:03 AM

Press CTRL + ALT + DEL and select the ""Change a password"" option."
Error,9/27/2017 7:59:20 AM,EventCreate,1,None,Application,djkvdihost079.jakarta01.com,JAKARTA01\dewi  
Error,9/27/2017 7:59:17 AM,EventCreate,1,None,Application,djkvdihost138.jakarta01.com,JAKARTA01\Nur Maya  
Error,9/27/2017 7:59:13 AM,EventCreate,1,None,Application,djkvdihost386.jakarta01.com,JAKARTA01\sugiarto  
Error,9/27/2017 7:59:12 AM,EventCreate,1,None,Application,djkvdihost325.jakarta01.com,JAKARTA01\nila  
Error,9/27/2017 7:59:10 AM,EventCreate,1,None,Application,djkvdihost280.jakarta01.com,JAKARTA01\MegaDN  
Error,9/27/2017 7:59:07 AM,EventCreate,1,None,Application,djkvdihost279.jakarta01.com,JAKARTA01\hadid  
Error,9/27/2017 7:59:05 AM,EventCreate,1,None,Application,djkvdihost785.jakarta01.com,JAKARTA01\dwi septiyanti  
Error,9/27/2017 7:58:59 AM,Application Error,1000,(100),Application,djkvdihost279.jakarta01.com,"Faulting application name: spoolsv.exe, version: 6.1.7601.17777, time stamp: 0x4f35efc3
Faulting module name: msvcrt.dll, version: 7.0.7601.17744, time stamp: 0x4eeaf722
Exception code: 0xc0000005
Fault offset: 0x0000aa14
Faulting process id: 0x634
Faulting application start time: 0x01d336b9f67cfd6d
Faulting application path: C:\Windows\System32\spoolsv.exe
Faulting module path: C:\Windows\system32\msvcrt.dll
Report Id: 0b6921fa-a31f-11e7-9e73-0050569f6cfb"
Error,9/27/2017 7:58:57 AM,EventCreate,1,None,Application,djkvdihost250.jakarta01.com,JAKARTA01\aticha  
Error,9/27/2017 7:58:54 AM,EventCreate,1,None,Application,djkvdihost772.jakarta01.com,JAKARTA01\Dian Permata  
Error,9/27/2017 7:58:19 AM,WSH,1,None,Application,djkvdihost250.jakarta01.com,"CN=Aticha Astary password will expire in 1 day(s) at 9/28/2017 6:55:15 AM

Press CTRL + ALT + DEL and select the ""Change a password"" option."
Error,9/27/2017 7:58:17 AM,EventCreate,1,None,Application,djkvdihost863.jakarta01.com,JAKARTA01\bayu  
Error,9/27/2017 7:58:37 AM,EventCreate,1,None,Application,djkvdihost259.jakarta01.com,JAKARTA01\Devina  
Error,9/27/2017 7:58:36 AM,EventCreate,1,None,Application,djkvdihost108.jakarta01.com,JAKARTA01\Dilla  
Error,9/27/2017 7:58:19 AM,EventCreate,1,None,Application,djkvdihost470.jakarta01.com,JAKARTA01\fajar  
Error,9/27/2017 7:58:18 AM,WSH,1,None,Application,djkvdihost250.jakarta01.com,"CN=Aticha Astary password will expire in 1 day(s) at 9/28/2017 6:55:15 AM

Press CTRL + ALT + DEL and select the ""Change a password"" option."
Error,9/27/2017 7:58:11 AM,EventCreate,1,None,Application,djkvdihost443.jakarta01.com,JAKARTA01\meity  
Error,9/27/2017 7:58:08 AM,EventCreate,1,None,Application,djkvdihost425.jakarta01.com,JAKARTA01\komangsd  
Error,9/27/2017 7:58:07 AM,EventCreate,1,None,Application,djkvdihost717.jakarta01.com,JAKARTA01\himawan  
Error,9/27/2017 7:57:32 AM,WSH,1,None,Application,djkvdihost863.jakarta01.com,"CN=Andi Bayu W password will expire in 1 day(s) at 9/28/2017 8:06:14 AM

Press CTRL + ALT + DEL and select the ""Change a password"" option."
Error,9/27/2017 7:57:26 AM,EventCreate,1,None,Application,djkvdihost404.jakarta01.com,JAKARTA01\mdendy  
Error,9/27/2017 7:57:51 AM,EventCreate,1,None,Application,djkvdihost593.jakarta01.com,JAKARTA01\anggata  
Error,9/27/2017 7:57:13 AM,WSH,1,None,Application,djkvdihost470.jakarta01.com,"CN=Fajar Kusuma password will expire in 1 day(s) at 9/28/2017 7:48:23 AM

Press CTRL + ALT + DEL and select the ""Change a password"" option."
Error,9/27/2017 7:57:41 AM,EventCreate,1,None,Application,djkvdihost831.jakarta01.com,JAKARTA01\mirawati  
Error,9/27/2017 7:57:40 AM,EventCreate,1,None,Application,djkvdihost248.jakarta01.com,JAKARTA01\Beny  
Error,9/27/2017 7:57:32 AM,EventCreate,1,None,Application,djkvdihost187.jakarta01.com,JAKARTA01\luthfi  
Error,9/27/2017 7:57:31 AM,WSH,1,None,Application,djkvdihost863.jakarta01.com,"CN=Andi Bayu W password will expire in 1 day(s) at 9/28/2017 8:06:14 AM

Press CTRL + ALT + DEL and select the ""Change a password"" option."
Error,9/27/2017 7:57:19 AM,Application Error,1000,(100),Application,djkvdihost404.jakarta01.com,"Faulting application name: spoolsv.exe, version: 6.1.7601.17777, time stamp: 0x4f35efc3
Faulting module name: msvcrt.dll, version: 7.0.7601.17744, time stamp: 0x4eeaf722
Exception code: 0xc0000005
Fault offset: 0x0000aa14
Faulting process id: 0x630
Faulting application start time: 0x01d336b69aa28db5
Faulting application path: C:\Windows\System32\spoolsv.exe
Faulting module path: C:\Windows\system32\msvcrt.dll
Report Id: cf7f74bf-a31e-11e7-8ac4-0050569f50b8"
Error,9/27/2017 7:57:17 AM,EventCreate,1,None,Application,djkvdihost070.jakarta01.com,JAKARTA01\gallant  
Error,9/27/2017 7:57:13 AM,WSH,1,None,Application,djkvdihost470.jakarta01.com,"CN=Fajar Kusuma password will expire in 1 day(s) at 9/28/2017 7:48:23 AM

Press CTRL + ALT + DEL and select the ""Change a password"" option."
Error,9/27/2017 7:57:04 AM,EventCreate,1,None,Application,djkvdihost509.jakarta01.com,JAKARTA01\yenni  
Error,9/27/2017 7:57:03 AM,EventCreate,1,None,Application,djkvdihost525.jakarta01.com,JAKARTA01\ginanjar  
Error,9/27/2017 7:56:52 AM,EventCreate,1,None,Application,djkvdihost893.jakarta01.com,JAKARTA01\Enjang  
Error,9/27/2017 7:56:45 AM,EventCreate,1,None,Application,djkvdihost627.jakarta01.com,JAKARTA01\melly  
Error,9/27/2017 7:56:43 AM,EventCreate,1,None,Application,djkvdihost311.jakarta01.com,JAKARTA01\dimas  
Error,9/27/2017 7:56:39 AM,EventCreate,1,None,Application,djkvdihost900.jakarta01.com,JAKARTA01\Agus Sutikno  
Error,9/27/2017 7:56:36 AM,EventCreate,1,None,Application,djkvdihost674.jakarta01.com,JAKARTA01\Putri Damayanti  
Error,9/27/2017 7:56:24 AM,EventCreate,1,None,Application,djkvdihost782.jakarta01.com,JAKARTA01\eka prastica  
Error,9/27/2017 7:56:24 AM,EventCreate,1,None,Application,djkvdihost101.jakarta01.com,JAKARTA01\airin  
Error,9/27/2017 7:56:23 AM,EventCreate,1,None,Application,djkvdihost043.jakarta01.com,JAKARTA01\M Said  
Error,9/27/2017 7:56:20 AM,EventCreate,1,None,Application,djkvdihost602.jakarta01.com,JAKARTA01\Pradita  
Error,9/27/2017 7:56:18 AM,EventCreate,1,None,Application,djkvdihost643.jakarta01.com,JAKARTA01\ALTHEA  
Error,9/27/2017 7:56:02 AM,EventCreate,1,None,Application,djkvdihost118.jakarta01.com,JAKARTA01\Jessica  
Error,9/27/2017 7:55:44 AM,EventCreate,1,None,Application,djkvdihost218.jakarta01.com,JAKARTA01\Daniel  
Error,9/27/2017 7:55:06 AM,WSH,1,None,Application,djkvdihost118.jakarta01.com,"CN=Jessica password will expire in 1 day(s) at 9/28/2017 7:39:59 AM

Press CTRL + ALT + DEL and select the ""Change a password"" option."
Error,9/27/2017 7:55:08 AM,EventCreate,1,None,Application,djkvdihost180.jakarta01.com,JAKARTA01\budhasca  
Error,9/27/2017 7:54:57 AM,EventCreate,1,None,Application,djkvdihost180.jakarta01.com,JAKARTA01\budhasca  
Error,9/27/2017 7:54:55 AM,EventCreate,1,None,Application,djkvdihost180.jakarta01.com,JAKARTA01\budhasca  
Error,9/27/2017 7:55:13 AM,EventCreate,1,None,Application,djkvdihost857.jakarta01.com,JAKARTA01\abdul  
Error,9/27/2017 7:55:12 AM,EventCreate,1,None,Application,djkvdihost416.jakarta01.com,JAKARTA01\davidhs  
Error,9/27/2017 7:55:05 AM,WSH,1,None,Application,djkvdihost118.jakarta01.com,"CN=Jessica password will expire in 1 day(s) at 9/28/2017 7:39:59 AM

Press CTRL + ALT + DEL and select the ""Change a password"" option."
Error,9/27/2017 7:55:04 AM,EventCreate,1,None,Application,djkvdihost613.jakarta01.com,JAKARTA01\isnaini  
Error,9/27/2017 7:54:55 AM,EventCreate,1,None,Application,djkvdihost036.jakarta01.com,JAKARTA01\Ana  
Error,9/27/2017 7:54:54 AM,EventCreate,1,None,Application,djkvdihost544.jakarta01.com,JAKARTA01\lani  
Error,9/27/2017 7:54:52 AM,EventCreate,1,None,Application,djkvdihost180.jakarta01.com,JAKARTA01\budhasca  
Error,9/27/2017 7:54:50 AM,EventCreate,1,None,Application,djkvdihost321.jakarta01.com,JAKARTA01\Rinaldo  
Error,9/27/2017 7:54:46 AM,EventCreate,1,None,Application,djkvdihost895.jakarta01.com,JAKARTA01\naruhito  
Error,9/27/2017 7:54:43 AM,EventCreate,1,None,Application,djkvdihost741.jakarta01.com,JAKARTA01\christian  
Error,9/27/2017 7:54:06 AM,EventCreate,1,None,Application,djkvdihost137.jakarta01.com,JAKARTA01\tjahja  
Error,9/27/2017 7:54:28 AM,EventCreate,1,None,Application,djkvdihost301.jakarta01.com,JAKARTA01\janna  
Error,9/27/2017 7:54:20 AM,EventCreate,1,None,Application,djkvdihost357.jakarta01.com,JAKARTA01\alvita  
Error,9/27/2017 7:54:11 AM,EventCreate,1,None,Application,djkvdihost595.jakarta01.com,JAKARTA01\Anosa  
Error,9/27/2017 7:54:11 AM,EventCreate,1,None,Application,djkvdihost490.jakarta01.com,JAKARTA01\restiani  
Error,9/27/2017 7:54:04 AM,EventCreate,1,None,Application,djkvdihost835.jakarta01.com,JAKARTA01\Damal  
Error,9/27/2017 7:54:01 AM,EventCreate,1,None,Application,djkvdihost389.jakarta01.com,JAKARTA01\Danny  
Error,9/27/2017 7:53:54 AM,EventCreate,1,None,Application,djkvdihost731.jakarta01.com,JAKARTA01\nur endah  
Error,9/27/2017 7:53:47 AM,EventCreate,1,None,Application,djkvdihost850.jakarta01.com,JAKARTA01\andi  
Error,9/27/2017 7:53:45 AM,EventCreate,1,None,Application,djkvdihost137.jakarta01.com,JAKARTA01\tjahja  
Error,9/27/2017 7:53:28 AM,EventCreate,1,None,Application,djkvdihost570.jakarta01.com,JAKARTA01\Darmawati  
Error,9/27/2017 7:53:27 AM,EventCreate,1,None,Application,djkvdihost278.jakarta01.com,JAKARTA01\chris  
Error,9/27/2017 7:53:16 AM,EventCreate,1,None,Application,djkvdihost329.jakarta01.com,JAKARTA01\KristoforusAW  
Error,9/27/2017 7:52:47 AM,EventCreate,1,None,Application,djkvdihost489.jakarta01.com,JAKARTA01\titis  
Error,9/27/2017 7:52:34 AM,EventCreate,1,None,Application,djkvdihost093.jakarta01.com,JAKARTA01\JanuardiI  
Error,9/27/2017 7:52:30 AM,EventCreate,1,None,Application,djkvdihost508.jakarta01.com,JAKARTA01\nadhilah  
Error,9/27/2017 7:52:22 AM,EventCreate,1,None,Application,djkvdihost035.jakarta01.com,JAKARTA01\Dyandra  
Error,9/27/2017 7:52:08 AM,EventCreate,1,None,Application,djkvdihost704.jakarta01.com,JAKARTA01\REIS  
Error,9/27/2017 7:52:06 AM,EventCreate,1,None,Application,djkvdihost626.jakarta01.com,JAKARTA01\andryan  
Error,9/27/2017 7:52:00 AM,EventCreate,1,None,Application,djkvdihost227.jakarta01.com,JAKARTA01\sorayahs  
Error,9/27/2017 7:51:52 AM,EventCreate,1,None,Application,djkvdihost515.jakarta01.com,JAKARTA01\ningmatul  
Error,9/27/2017 7:51:29 AM,EventCreate,1,None,Application,djkvdihost260.jakarta01.com,JAKARTA01\mazy  
Error,9/27/2017 7:51:12 AM,EventCreate,1,None,Application,djkvdihost791.jakarta01.com,JAKARTA01\martha  
Error,9/27/2017 7:51:02 AM,EventCreate,1,None,Application,djkvdihost193.jakarta01.com,JAKARTA01\Astriana  
Error,9/27/2017 7:50:37 AM,EventCreate,1,None,Application,djkvdihost154.jakarta01.com,JAKARTA01\hilmy  
Error,9/27/2017 7:50:50 AM,EventCreate,1,None,Application,djkvdihost656.jakarta01.com,JAKARTA01\barry  
Error,9/27/2017 7:50:50 AM,EventCreate,1,None,Application,djkvdihost784.jakarta01.com,JAKARTA01\chalfin  
Error,9/27/2017 7:50:40 AM,EventCreate,1,None,Application,djkvdihost291.jakarta01.com,JAKARTA01\cinta  
Error,9/27/2017 7:50:34 AM,EventCreate,1,None,Application,djkvdihost154.jakarta01.com,JAKARTA01\hilmy  
Error,9/27/2017 7:50:02 AM,EventCreate,1,None,Application,djkvdihost814.jakarta01.com,JAKARTA01\Sandra  
Error,9/27/2017 7:49:32 AM,WSH,1,None,Application,djkvdihost656.jakarta01.com,"CN=Barry Christie T password will expire in 1 day(s) at 9/28/2017 7:09:01 AM

Press CTRL + ALT + DEL and select the ""Change a password"" option."
Error,9/27/2017 7:49:28 AM,EventCreate,1,None,Application,djkvdihost007.jakarta01.com,JAKARTA01\utomo  
Error,9/27/2017 7:49:40 AM,EventCreate,1,None,Application,djkvdihost282.jakarta01.com,JAKARTA01\yosanta  
Error,9/27/2017 7:49:34 AM,EventCreate,1,None,Application,djkvdihost521.jakarta01.com,JAKARTA01\yumiyati  
Error,9/27/2017 7:49:31 AM,WSH,1,None,Application,djkvdihost656.jakarta01.com,"CN=Barry Christie T password will expire in 1 day(s) at 9/28/2017 7:09:01 AM

Press CTRL + ALT + DEL and select the ""Change a password"" option."
Error,9/27/2017 7:49:22 AM,EventCreate,1,None,Application,djkvdihost088.jakarta01.com,JAKARTA01\Dini  
Error,9/27/2017 7:49:18 AM,EventCreate,1,None,Application,djkvdihost143.jakarta01.com,JAKARTA01\SANI  
Error,9/27/2017 7:49:12 AM,EventCreate,1,None,Application,djkvdihost007.jakarta01.com,JAKARTA01\utomo  
Error,9/27/2017 7:49:12 AM,EventCreate,1,None,Application,djkvdihost623.jakarta01.com,JAKARTA01\fitri  
Error,9/27/2017 7:48:55 AM,EventCreate,1,None,Application,djkvdihost323.jakarta01.com,JAKARTA01\bagas  
Error,9/27/2017 7:48:53 AM,EventCreate,1,None,Application,djkvdihost145.jakarta01.com,JAKARTA01\ryan  
Error,9/27/2017 7:48:41 AM,EventCreate,1,None,Application,djkvdihost546.jakarta01.com,JAKARTA01\wildan  
Error,9/27/2017 7:48:23 AM,EventCreate,1,None,Application,djkvdihost546.jakarta01.com,JAKARTA01\wildan  
Error,9/27/2017 7:48:23 AM,EventCreate,1,None,Application,djkvdihost458.jakarta01.com,JAKARTA01\Fardhady  
Error,9/27/2017 7:48:22 AM,EventCreate,1,None,Application,djkvdihost202.jakarta01.com,JAKARTA01\yudi  
Error,9/27/2017 7:47:41 AM,WSH,1,None,Application,djkvdihost323.jakarta01.com,"CN=Bagas Kurniawan password will expire in 4 day(s) at 10/1/2017 4:14:05 PM

Press CTRL + ALT + DEL and select the ""Change a password"" option."
Error,9/27/2017 7:47:59 AM,EventCreate,1,None,Application,djkvdihost318.jakarta01.com,JAKARTA01\Rahmat  
Error,9/27/2017 7:47:48 AM,EventCreate,1,None,Application,djkvdihost211.jakarta01.com,JAKARTA01\ipuk  
Error,9/27/2017 7:47:41 AM,WSH,1,None,Application,djkvdihost323.jakarta01.com,"CN=Bagas Kurniawan password will expire in 4 day(s) at 10/1/2017 4:14:05 PM

Press CTRL + ALT + DEL and select the ""Change a password"" option."
Error,9/27/2017 7:47:35 AM,EventCreate,1,None,Application,djkvdihost465.jakarta01.com,JAKARTA01\gadis  
Error,9/27/2017 7:47:34 AM,EventCreate,1,None,Application,djkvdihost374.jakarta01.com,JAKARTA01\tantri  
Error,9/27/2017 7:47:22 AM,Application Error,1000,(100),Application,djkvdihost465.jakarta01.com,"Faulting application name: spoolsv.exe, version: 6.1.7601.17777, time stamp: 0x4f35efc3
Faulting module name: msvcrt.dll, version: 7.0.7601.17744, time stamp: 0x4eeaf722
Exception code: 0xc0000005
Fault offset: 0x0000aa14
Faulting process id: 0x638
Faulting application start time: 0x01d336bd2e0014f9
Faulting application path: C:\Windows\System32\spoolsv.exe
Faulting module path: C:\Windows\system32\msvcrt.dll
Report Id: 6bca7c4e-a31d-11e7-a6de-0050569f61de"
Error,9/27/2017 7:46:45 AM,EventCreate,1,None,Application,djkvdihost574.jakarta01.com,JAKARTA01\Lukitowati  
Error,9/27/2017 7:46:41 AM,EventCreate,1,None,Application,djkvdihost574.jakarta01.com,JAKARTA01\Lukitowati  
Error,9/27/2017 7:47:09 AM,EventCreate,1,None,Application,djkvdihost351.jakarta01.com,JAKARTA01\feni  
Error,9/27/2017 7:47:03 AM,EventCreate,1,None,Application,djkvdihost775.jakarta01.com,JAKARTA01\krisna  
Error,9/27/2017 7:46:58 AM,EventCreate,1,None,Application,djkvdihost522.jakarta01.com,JAKARTA01\toyoda  
Error,9/27/2017 7:46:51 AM,EventCreate,1,None,Application,djkvdihost871.jakarta01.com,JAKARTA01\alia  
Error,9/27/2017 7:46:43 AM,EventCreate,1,None,Application,djkvdihost090.jakarta01.com,JAKARTA01\komang  
Error,9/27/2017 7:46:42 AM,EventCreate,1,None,Application,djkvdihost333.jakarta01.com,JAKARTA01\nurmalasari  
Error,9/27/2017 7:46:39 AM,EventCreate,1,None,Application,djkvdihost574.jakarta01.com,JAKARTA01\Lukitowati  
Error,9/27/2017 7:46:37 AM,EventCreate,1,None,Application,djkvdihost502.jakarta01.com,JAKARTA01\dian  
Error,9/27/2017 7:46:27 AM,EventCreate,1,None,Application,djkvdihost102.jakarta01.com,JAKARTA01\Rana  
Error,9/27/2017 7:46:18 AM,EventCreate,1,None,Application,djkvdihost431.jakarta01.com,JAKARTA01\tudie  
Error,9/27/2017 7:46:10 AM,EventCreate,1,None,Application,djkvdihost352.jakarta01.com,JAKARTA01\Chadijah  
Error,9/27/2017 7:45:45 AM,EventCreate,1,None,Application,djkvdihost109.jakarta01.com,JAKARTA01\Indah  
Error,9/27/2017 7:45:23 AM,EventCreate,1,None,Application,djkvdihost659.jakarta01.com,JAKARTA01\pramana  
Error,9/27/2017 7:45:17 AM,EventCreate,1,None,Application,djkvdihost629.jakarta01.com,JAKARTA01\widiasmara  
