Error,10/2/2017 13:54,Application Error,1000,-100,Application,djkvdihost591.jakarta01.com,"Faulting application name: NLNOTES.EXE, version: 8.5.30.11258, time stamp: 0x4e72fa51
Faulting module name: nnotes.dll, version: 8.5.30.11258, time stamp: 0x4e72fa6a
Exception code: 0xc0000005
Fault offset: 0x001c7f0e
Faulting process id: 0x1ff4
Faulting application start time: 0x01d33b4b5b0e7f63
Faulting application path: C:\Program Files\IBM\Lotus\Notes\NLNOTES.EXE
Faulting module path: C:\Program Files\IBM\Lotus\Notes\nnotes.dll
Report Id: 98c22e67-a73e-11e7-940b-0050569f3904"
Error,10/2/2017 13:54,EventCreate,1,None,Application,djkvdihost537.jakarta01.com,JAKARTA01\dwi budi  
Error,10/2/2017 13:53,Application Error,1000,-100,Application,djkvdihost537.jakarta01.com,"Faulting application name: OUTLOOK.EXE, version: 15.0.4919.1001, time stamp: 0x58d20482
Faulting module name: unknown, version: 0.0.0.0, time stamp: 0x00000000
Exception code: 0xc0000005
Fault offset: 0x6cfffc8a
Faulting process id: 0x1ef4
Faulting application start time: 0x01d33b1aad00cd49
Faulting application path: C:\Program Files\Microsoft Office\Office15\OUTLOOK.EXE
Faulting module path: unknown
Report Id: 764af222-a73e-11e7-a0e9-0050569f34ed"
Error,10/2/2017 13:52,EventCreate,1,None,Application,djkvdihost591.jakarta01.com,JAKARTA01\guestacc10  
Error,10/2/2017 13:52,Application Error,1000,-100,Application,djkvdihost591.jakarta01.com,"Faulting application name: NLNOTES.EXE, version: 8.5.30.11258, time stamp: 0x4e72fa51
Faulting module name: nnotes.dll, version: 8.5.30.11258, time stamp: 0x4e72fa6a
Exception code: 0xc0000005
Fault offset: 0x001c7f0e
Faulting process id: 0x1aa0
Faulting application start time: 0x01d33b4b0409b15f
Faulting application path: C:\Program Files\IBM\Lotus\Notes\NLNOTES.EXE
Faulting module path: C:\Program Files\IBM\Lotus\Notes\nnotes.dll
Report Id: 4287b598-a73e-11e7-940b-0050569f3904"
Error,10/2/2017 13:52,EventCreate,1,None,Application,djkvdihost591.jakarta01.com,JAKARTA01\guestacc10  
Error,10/2/2017 13:16,EventCreate,1,None,Application,djkvdihost301.jakarta01.com,JAKARTA01\guestisd65  
Error,10/2/2017 13:35,EventCreate,1,None,Application,djkvdihost706.jakarta01.com,JAKARTA01\sysdovs02  
Error,10/2/2017 13:32,EventCreate,1,None,Application,djkvdihost523.jakarta01.com,JAKARTA01\GuestISD56  
Error,10/2/2017 13:26,EventCreate,1,None,Application,djkvdihost321.jakarta01.com,JAKARTA01\henny  
Error,10/2/2017 13:26,Application Error,1000,-100,Application,djkvdihost321.jakarta01.com,"Faulting application name: OUTLOOK.EXE, version: 15.0.4919.1001, time stamp: 0x58d20482
Faulting module name: OUTLOOK.EXE, version: 15.0.4919.1001, time stamp: 0x58d20482
Exception code: 0xc0000005
Fault offset: 0x008924c4
Faulting process id: 0x1d50
Faulting application start time: 0x01d33b2e30f65a9c
Faulting application path: C:\Program Files\Microsoft Office\Office15\OUTLOOK.EXE
Faulting module path: C:\Program Files\Microsoft Office\Office15\OUTLOOK.EXE
Report Id: a5db3630-a73a-11e7-8b32-0050569f78a6"
Error,10/2/2017 13:25,EventCreate,1,None,Application,djkvdihost857.jakarta01.com,JAKARTA01\kubo  
Error,10/2/2017 13:25,Application Error,1000,-100,Application,djkvdihost857.jakarta01.com,"Faulting application name: OUTLOOK.EXE, version: 15.0.4919.1001, time stamp: 0x58d20482
Faulting module name: OUTLOOK.EXE, version: 15.0.4919.1001, time stamp: 0x58d20482
Exception code: 0xc0000005
Fault offset: 0x008924c4
Faulting process id: 0x1598
Faulting application start time: 0x01d33b3bb47a298b
Faulting application path: C:\Program Files\Microsoft Office\Office15\OUTLOOK.EXE
Faulting module path: C:\Program Files\Microsoft Office\Office15\OUTLOOK.EXE
Report Id: 87904ddb-a73a-11e7-b5cf-0050569f40f8"
Error,10/2/2017 13:22,EventCreate,1,None,Application,djkvdihost834.jakarta01.com,JAKARTA01\mohammad  
Error,10/2/2017 13:22,Application Error,1000,-100,Application,djkvdihost834.jakarta01.com,"Faulting application name: OUTLOOK.EXE, version: 15.0.4919.1001, time stamp: 0x58d20482
Faulting module name: OUTLOOK.EXE, version: 15.0.4919.1001, time stamp: 0x58d20482
Exception code: 0xc0000005
Fault offset: 0x008924c4
Faulting process id: 0x1d80
Faulting application start time: 0x01d33b244d00e5e3
Faulting application path: C:\Program Files\Microsoft Office\Office15\OUTLOOK.EXE
Faulting module path: C:\Program Files\Microsoft Office\Office15\OUTLOOK.EXE
Report Id: 16e661b3-a73a-11e7-a4a3-0050569f08a6"
Error,10/2/2017 13:20,EventCreate,1,None,Application,djkvdihost118.jakarta01.com,JAKARTA01\arqom  
Error,10/2/2017 13:13,EventCreate,1,None,Application,djkvdihost527.jakarta01.com,JAKARTA01\Rosulla  
Error,10/2/2017 13:11,EventCreate,1,None,Application,djkvdihost401.jakarta01.com,JAKARTA01\hadid  
Error,10/2/2017 13:11,EventCreate,1,None,Application,djkvdihost682.jakarta01.com,JAKARTA01\Yulistial  
Error,10/2/2017 13:11,EventCreate,1,None,Application,djkvdihost682.jakarta01.com,JAKARTA01\Yulistial  
Error,10/2/2017 13:11,Application Error,1000,-100,Application,djkvdihost401.jakarta01.com,"Faulting application name: spoolsv.exe, version: 6.1.7601.17777, time stamp: 0x4f35efc3
Faulting module name: msvcrt.dll, version: 7.0.7601.17744, time stamp: 0x4eeaf722
Exception code: 0xc0000005
Fault offset: 0x0000aa14
Faulting process id: 0x638
Faulting application start time: 0x01d33a2920b050e1
Faulting application path: C:\Windows\System32\spoolsv.exe
Faulting module path: C:\Windows\system32\msvcrt.dll
Report Id: 8fd14752-a738-11e7-a954-0050569f74f0"
Error,10/2/2017 13:11,EventCreate,1,None,Application,djkvdihost682.jakarta01.com,JAKARTA01\Yulistial  
Error,10/2/2017 12:59,EventCreate,1,None,Application,djkvdihost349.jakarta01.com,JAKARTA01\JUNETTE  
Error,10/2/2017 12:56,EventCreate,1,None,Application,djkvdihost583.jakarta01.com,JAKARTA01\Adjeng  
Error,10/2/2017 12:56,Application Error,1000,-100,Application,djkvdihost583.jakarta01.com,"Faulting application name: OUTLOOK.EXE, version: 15.0.4919.1001, time stamp: 0x58d20482
Faulting module name: OUTLOOK.EXE, version: 15.0.4919.1001, time stamp: 0x58d20482
Exception code: 0xc0000005
Fault offset: 0x008924c4
Faulting process id: 0xbb8
Faulting application start time: 0x01d33b18c8b6f57e
Faulting application path: C:\Program Files\Microsoft Office\Office15\OUTLOOK.EXE
Faulting module path: C:\Program Files\Microsoft Office\Office15\OUTLOOK.EXE
Report Id: 68e9e678-a736-11e7-a571-0050569f7b7f"
Error,10/2/2017 12:29,EventCreate,1,None,Application,djkvdihost236.jakarta01.com,JAKARTA01\ita shabrina  
Error,10/2/2017 12:29,EventCreate,1,None,Application,djkvdihost236.jakarta01.com,JAKARTA01\ita shabrina  
Error,10/2/2017 12:25,EventCreate,1,None,Application,djkvdihost009.jakarta01.com,JAKARTA01\resha  
Error,10/2/2017 12:12,EventCreate,1,None,Application,djkvdihost698.jakarta01.com,JAKARTA01\nyimas  
Error,10/2/2017 12:12,Application Error,1000,-100,Application,djkvdihost698.jakarta01.com,"Faulting application name: PhotoScreensaver.scr, version: 6.1.7601.17514, time stamp: 0x4ce7a590
Faulting module name: SHELL32.dll, version: 6.1.7601.23537, time stamp: 0x57c450f4
Exception code: 0xc0000005
Fault offset: 0x001f269f
Faulting process id: 0xe98
Faulting application start time: 0x01d33b3bd6b5592d
Faulting application path: C:\Windows\system32\PhotoScreensaver.scr
Faulting module path: C:\Windows\system32\SHELL32.dll
Report Id: 42c0b211-a730-11e7-9a4c-0050569f04a2"
Error,10/2/2017 12:06,EventCreate,1,None,Application,djkvdihost307.jakarta01.com,JAKARTA01\GUESTISD28  
Error,10/2/2017 12:06,EventCreate,1,None,Application,djkvdihost788.jakarta01.com,JAKARTA01\angga  
Error,10/2/2017 12:06,Application Error,1000,-100,Application,djkvdihost788.jakarta01.com,"Faulting application name: OUTLOOK.EXE, version: 15.0.4919.1001, time stamp: 0x58d20482
Faulting module name: OUTLOOK.EXE, version: 15.0.4919.1001, time stamp: 0x58d20482
Exception code: 0xc0000005
Fault offset: 0x008924c7
Faulting process id: 0xcac
Faulting application start time: 0x01d33b18489d5fc2
Faulting application path: C:\Program Files\Microsoft Office\Office15\OUTLOOK.EXE
Faulting module path: C:\Program Files\Microsoft Office\Office15\OUTLOOK.EXE
Report Id: 64c93921-a72f-11e7-a50d-0050569f7298"
Error,10/2/2017 12:03,EventCreate,1,None,Application,djkvdihost857.jakarta01.com,JAKARTA01\kubo  
Error,10/2/2017 11:50,EventCreate,1,None,Application,djkvdihost732.jakarta01.com,JAKARTA01\Teguh Aji  
Error,10/2/2017 11:50,Application Error,1000,-100,Application,djkvdihost732.jakarta01.com,"Faulting application name: OUTLOOK.EXE, version: 15.0.4919.1001, time stamp: 0x58d20482
Faulting module name: OUTLOOK.EXE, version: 15.0.4919.1001, time stamp: 0x58d20482
Exception code: 0xc0000005
Fault offset: 0x002c7fa9
Faulting process id: 0x115c
Faulting application start time: 0x01d33b20bbbe5ad1
Faulting application path: C:\Program Files\Microsoft Office\Office15\OUTLOOK.EXE
Faulting module path: C:\Program Files\Microsoft Office\Office15\OUTLOOK.EXE
Report Id: 26835c4e-a72d-11e7-944e-0050569f0f09"
Error,10/2/2017 11:49,EventCreate,1,None,Application,djkvdihost050.jakarta01.com,JAKARTA01\guestisd64  
Error,10/2/2017 11:48,EventCreate,1,None,Application,djkvdihost366.jakarta01.com,JAKARTA01\Rani  
Error,10/2/2017 11:48,Application Error,1000,-100,Application,djkvdihost366.jakarta01.com,"Faulting application name: OUTLOOK.EXE, version: 15.0.4919.1001, time stamp: 0x58d20482
Faulting module name: OUTLOOK.EXE, version: 15.0.4919.1001, time stamp: 0x58d20482
Exception code: 0xc0000005
Fault offset: 0x008924c7
Faulting process id: 0x1470
Faulting application start time: 0x01d33b207fc8279f
Faulting application path: C:\Program Files\Microsoft Office\Office15\OUTLOOK.EXE
Faulting module path: C:\Program Files\Microsoft Office\Office15\OUTLOOK.EXE
Report Id: e956a5d5-a72c-11e7-8cad-0050569f74a8"
Error,10/2/2017 11:45,EventCreate,1,None,Application,djkvdihost739.jakarta01.com,JAKARTA01\Moh Ditto  
Error,10/2/2017 11:45,Application Error,1000,-100,Application,djkvdihost739.jakarta01.com,"Faulting application name: PrintIsolationHost.exe, version: 6.1.7600.16385, time stamp: 0x4a5bcebc
Faulting module name: hpzppWN7.dll, version: 0.3.7071.0, time stamp: 0x4a5bda01
Exception code: 0xc0000005
Fault offset: 0x0000346c
Faulting process id: 0x168c
Faulting application start time: 0x01d33b3947a1511f
Faulting application path: C:\Windows\system32\PrintIsolationHost.exe
Faulting module path: C:\Windows\system32\spool\PRTPROCS\W32X86\hpzppWN7.dll
Report Id: 8559c2df-a72c-11e7-864c-0050569f163a"
Error,10/2/2017 11:45,EventCreate,1,None,Application,djkvdihost739.jakarta01.com,JAKARTA01\Moh Ditto  
Error,10/2/2017 11:45,Application Error,1000,-100,Application,djkvdihost739.jakarta01.com,"Faulting application name: PrintIsolationHost.exe, version: 6.1.7600.16385, time stamp: 0x4a5bcebc
Faulting module name: hpzppWN7.dll, version: 0.3.7071.0, time stamp: 0x4a5bda01
Exception code: 0xc0000005
Fault offset: 0x0000346c
Faulting process id: 0x16a0
Faulting application start time: 0x01d33b393effb8df
Faulting application path: C:\Windows\system32\PrintIsolationHost.exe
Faulting module path: C:\Windows\system32\spool\PRTPROCS\W32X86\hpzppWN7.dll
Report Id: 825423ff-a72c-11e7-864c-0050569f163a"
Error,10/2/2017 11:44,EventCreate,1,None,Application,djkvdihost774.jakarta01.com,JAKARTA01\ningmatul  
Error,10/2/2017 11:40,EventCreate,1,None,Application,djkvdihost562.jakarta01.com,JAKARTA01\slamet  
Error,10/2/2017 11:40,Application Error,1000,-100,Application,djkvdihost562.jakarta01.com,"Faulting application name: OUTLOOK.EXE, version: 15.0.4919.1001, time stamp: 0x58d20482
Faulting module name: OUTLOOK.EXE, version: 15.0.4919.1001, time stamp: 0x58d20482
Exception code: 0xc0000005
Fault offset: 0x008924c4
Faulting process id: 0x1b30
Faulting application start time: 0x01d33b2287eee46c
Faulting application path: C:\Program Files\Microsoft Office\Office15\OUTLOOK.EXE
Faulting module path: C:\Program Files\Microsoft Office\Office15\OUTLOOK.EXE
Report Id: ce344a4b-a72b-11e7-be3b-0050569f1020"
Error,10/2/2017 11:37,EventCreate,1,None,Application,djkvdihost554.jakarta01.com,JAKARTA01\guestisd40  
Error,10/2/2017 11:35,EventCreate,1,None,Application,djkvdihost009.jakarta01.com,JAKARTA01\guestisd39  
Error,10/2/2017 11:34,EventCreate,1,None,Application,djkvdihost605.jakarta01.com,JAKARTA01\prakasa  
Error,10/2/2017 11:34,EventCreate,1,None,Application,djkvdihost051.jakarta01.com,JAKARTA01\Rini Purnama  
Error,10/2/2017 11:33,EventCreate,1,None,Application,djkvdihost879.jakarta01.com,JAKARTA01\Amelia  
Error,10/2/2017 11:34,Application Error,1000,-100,Application,djkvdihost605.jakarta01.com,"Faulting application name: OUTLOOK.EXE, version: 15.0.4919.1001, time stamp: 0x58d20482
Faulting module name: OUTLOOK.EXE, version: 15.0.4919.1001, time stamp: 0x58d20482
Exception code: 0xc0000005
Fault offset: 0x008924c4
Faulting process id: 0x1bd0
Faulting application start time: 0x01d33b1d0b70b5ac
Faulting application path: C:\Program Files\Microsoft Office\Office15\OUTLOOK.EXE
Faulting module path: C:\Program Files\Microsoft Office\Office15\OUTLOOK.EXE
Report Id: f329440e-a72a-11e7-82e7-0050569f5b7a"
Error,10/2/2017 11:33,EventCreate,1,None,Application,djkvdihost051.jakarta01.com,JAKARTA01\Rini Purnama  
Error,10/2/2017 11:32,EventCreate,1,None,Application,djkvdihost213.jakarta01.com,JAKARTA01\rimico  
Error,10/2/2017 11:32,Application Error,1000,-100,Application,djkvdihost213.jakarta01.com,"Faulting application name: OUTLOOK.EXE, version: 15.0.4919.1001, time stamp: 0x58d20482
Faulting module name: OUTLOOK.EXE, version: 15.0.4919.1001, time stamp: 0x58d20482
Exception code: 0xc0000005
Fault offset: 0x008924c7
Faulting process id: 0x8f0
Faulting application start time: 0x01d33b33882d630c
Faulting application path: C:\Program Files\Microsoft Office\Office15\OUTLOOK.EXE
Faulting module path: C:\Program Files\Microsoft Office\Office15\OUTLOOK.EXE
Report Id: c314fa4a-a72a-11e7-93cb-0050569f2093"
Error,10/2/2017 11:32,EventCreate,1,None,Application,djkvdihost879.jakarta01.com,JAKARTA01\Amelia  
Error,10/2/2017 11:20,EventCreate,1,None,Application,djkvdihost362.jakarta01.com,JAKARTA01\yasinta  
Error,10/2/2017 11:20,EventCreate,1,None,Application,djkvdihost362.jakarta01.com,JAKARTA01\yasinta  
Error,10/2/2017 11:16,EventCreate,1,None,Application,djkvdihost255.jakarta01.com,JAKARTA01\dessy  
Error,10/2/2017 11:16,Application Error,1000,-100,Application,djkvdihost255.jakarta01.com,"Faulting application name: OUTLOOK.EXE, version: 15.0.4919.1001, time stamp: 0x58d20482
Faulting module name: OUTLOOK.EXE, version: 15.0.4919.1001, time stamp: 0x58d20482
Exception code: 0xc0000005
Fault offset: 0x008924c7
Faulting process id: 0x1d34
Faulting application start time: 0x01d33b2c6a54bd24
Faulting application path: C:\Program Files\Microsoft Office\Office15\OUTLOOK.EXE
Faulting module path: C:\Program Files\Microsoft Office\Office15\OUTLOOK.EXE
Report Id: 661aefde-a728-11e7-98c6-0050569f19b7"
Error,10/2/2017 11:12,EventCreate,1,None,Application,djkvdihost586.jakarta01.com,JAKARTA01\phesyana  
Error,10/2/2017 11:12,Application Error,1000,-100,Application,djkvdihost586.jakarta01.com,"Faulting application name: OUTLOOK.EXE, version: 15.0.4919.1001, time stamp: 0x58d20482
Faulting module name: OUTLOOK.EXE, version: 15.0.4919.1001, time stamp: 0x58d20482
Exception code: 0xc0000005
Fault offset: 0x008924c4
Faulting process id: 0x13a4
Faulting application start time: 0x01d33b14a0bd4129
Faulting application path: C:\Program Files\Microsoft Office\Office15\OUTLOOK.EXE
Faulting module path: C:\Program Files\Microsoft Office\Office15\OUTLOOK.EXE
Report Id: e60e2c65-a727-11e7-b889-0050569f2f99"
Error,10/2/2017 11:07,EventCreate,1,None,Application,djkvdihost273.jakarta01.com,JAKARTA01\david  
Error,10/2/2017 11:06,EventCreate,1,None,Application,djkvdihost069.jakarta01.com,JAKARTA01\yoshinta  
Error,10/2/2017 11:05,Application Error,1000,-100,Application,djkvdihost069.jakarta01.com,"Faulting application name: spoolsv.exe, version: 6.1.7601.17777, time stamp: 0x4f35efc3
Faulting module name: msvcrt.dll, version: 7.0.7601.17744, time stamp: 0x4eeaf722
Exception code: 0xc0000005
Fault offset: 0x0000aa14
Faulting process id: 0x638
Faulting application start time: 0x01d33a296960a751
Faulting application path: C:\Windows\System32\spoolsv.exe
Faulting module path: C:\Windows\system32\msvcrt.dll
Report Id: fd5f7dd9-a726-11e7-bf08-0050569f7ed9"
Error,10/2/2017 11:03,EventCreate,1,None,Application,djkvdihost213.jakarta01.com,JAKARTA01\rimico  
Error,10/2/2017 9:34,EventCreate,1,None,Application,djkvdihost650.jakarta01.com,JAKARTA01\guestisd59  
Error,10/2/2017 11:03,Application Error,1000,-100,Application,djkvdihost213.jakarta01.com,"Faulting application name: OUTLOOK.EXE, version: 15.0.4919.1001, time stamp: 0x58d20482
Faulting module name: ntdll.dll, version: 6.1.7601.23714, time stamp: 0x58bf8774
Exception code: 0xc0000005
Fault offset: 0x0005294f
Faulting process id: 0x12b8
Faulting application start time: 0x01d33b1fb8a576c1
Faulting application path: C:\Program Files\Microsoft Office\Office15\OUTLOOK.EXE
Faulting module path: C:\Windows\SYSTEM32\ntdll.dll
Report Id: b34e81b6-a726-11e7-93cb-0050569f2093"
Error,10/2/2017 9:33,EventCreate,1,None,Application,djkvdihost650.jakarta01.com,JAKARTA01\guestisd59  
Error,10/2/2017 11:02,EventCreate,1,None,Application,djkvdihost269.jakarta01.com,JAKARTA01\rbagus  
Error,10/2/2017 11:01,EventCreate,1,None,Application,djkvdihost269.jakarta01.com,JAKARTA01\rbagus  
Error,10/2/2017 10:58,EventCreate,1,None,Application,djkvdihost333.jakarta01.com,JAKARTA01\heri  
Error,10/2/2017 10:58,Application Error,1000,-100,Application,djkvdihost333.jakarta01.com,"Faulting application name: EXCEL.EXE, version: 15.0.4919.1000, time stamp: 0x58c7ab0f
Faulting module name: EXCEL.EXE, version: 15.0.4919.1000, time stamp: 0x58c7ab0f
Exception code: 0xc0000005
Fault offset: 0x00045d81
Faulting process id: 0x1f80
Faulting application start time: 0x01d33b174d756c6d
Faulting application path: C:\Program Files\Microsoft Office\Office15\EXCEL.EXE
Faulting module path: C:\Program Files\Microsoft Office\Office15\EXCEL.EXE
Report Id: eabbdb26-a725-11e7-bb8c-0050569f7a99"
Error,10/2/2017 9:14,EventCreate,1,None,Application,djkvdihost195.jakarta01.com,JAKARTA01\fahmi  
Error,10/2/2017 9:14,EventCreate,1,None,Application,djkvdihost195.jakarta01.com,JAKARTA01\fahmi  
Error,10/2/2017 10:53,EventCreate,1,None,Application,djkvdihost462.jakarta01.com,JAKARTA01\Lutfi  
Error,10/2/2017 10:53,EventCreate,1,None,Application,djkvdihost462.jakarta01.com,JAKARTA01\Lutfi  
Error,10/2/2017 10:53,EventCreate,1,None,Application,djkvdihost622.jakarta01.com,JAKARTA01\aynie  
Error,10/2/2017 10:53,Application Error,1000,-100,Application,djkvdihost622.jakarta01.com,"Faulting application name: OUTLOOK.EXE, version: 15.0.4919.1001, time stamp: 0x58d20482
Faulting module name: OUTLOOK.EXE, version: 15.0.4919.1001, time stamp: 0x58d20482
Exception code: 0xc0000005
Fault offset: 0x008924c4
Faulting process id: 0x1718
Faulting application start time: 0x01d33b22ad4a8034
Faulting application path: C:\Program Files\Microsoft Office\Office15\OUTLOOK.EXE
Faulting module path: C:\Program Files\Microsoft Office\Office15\OUTLOOK.EXE
Report Id: 30e752b9-a725-11e7-8f07-0050569f1e5e"
Error,10/2/2017 10:47,EventCreate,1,None,Application,djkvdihost627.jakarta01.com,JAKARTA01\Setiawan  
Error,10/2/2017 10:44,EventCreate,1,None,Application,djkvdihost522.jakarta01.com,JAKARTA01\SANI  
Error,10/2/2017 10:43,EventCreate,1,None,Application,djkvdihost682.jakarta01.com,JAKARTA01\Yulistial  
Error,10/2/2017 10:41,EventCreate,1,None,Application,djkvdihost143.jakarta01.com,JAKARTA01\Felix  
Error,10/2/2017 10:41,Application Error,1000,-100,Application,djkvdihost143.jakarta01.com,"Faulting application name: OUTLOOK.EXE, version: 15.0.4919.1001, time stamp: 0x58d20482
Faulting module name: OUTLOOK.EXE, version: 15.0.4919.1001, time stamp: 0x58d20482
Exception code: 0xc0000005
Fault offset: 0x008924c4
Faulting process id: 0x1fe8
Faulting application start time: 0x01d33b191533a5bc
Faulting application path: C:\Program Files\Microsoft Office\Office15\OUTLOOK.EXE
Faulting module path: C:\Program Files\Microsoft Office\Office15\OUTLOOK.EXE
Report Id: 9298c456-a723-11e7-9c94-0050569f0c5e"
Error,10/2/2017 10:40,EventCreate,1,None,Application,djkvdihost007.jakarta01.com,JAKARTA01\Linah  
Error,10/2/2017 10:40,Application Error,1000,-100,Application,djkvdihost007.jakarta01.com,"Faulting application name: OUTLOOK.EXE, version: 15.0.4919.1001, time stamp: 0x58d20482
Faulting module name: OUTLOOK.EXE, version: 15.0.4919.1001, time stamp: 0x58d20482
Exception code: 0xc0000005
Fault offset: 0x008924c4
Faulting process id: 0x143c
Faulting application start time: 0x01d33b1051b6f93e
Faulting application path: C:\Program Files\Microsoft Office\Office15\OUTLOOK.EXE
Faulting module path: C:\Program Files\Microsoft Office\Office15\OUTLOOK.EXE
Report Id: 6e8f200b-a723-11e7-bcba-0050569f749a"
Error,10/2/2017 10:38,EventCreate,1,None,Application,djkvdihost069.jakarta01.com,JAKARTA01\yoshinta  
Error,10/2/2017 10:38,EventCreate,1,None,Application,djkvdihost249.jakarta01.com,JAKARTA01\yisca  
Error,10/2/2017 10:38,EventCreate,1,None,Application,djkvdihost874.jakarta01.com,JAKARTA01\jeremia  
Error,10/2/2017 10:38,Application Error,1000,-100,Application,djkvdihost874.jakarta01.com,"Faulting application name: pcsws.exe, version: 5090.2.8121.38, time stamp: 0x4817fa9f
Faulting module name: cwbcore.dll, version: 12.0.0.0, time stamp: 0x486088f5
Exception code: 0xc0000005
Fault offset: 0x00076f44
Faulting process id: 0x1988
Faulting application start time: 0x01d33b2fd2a733d6
Faulting application path: C:\Program Files\IBM\Client Access\Emulator\pcsws.exe
Faulting module path: C:\Windows\system32\cwbcore.dll
Report Id: 18abf1f4-a723-11e7-ad9a-0050569f5341"
Error,10/2/2017 10:37,EventCreate,1,None,Application,djkvdihost874.jakarta01.com,JAKARTA01\jeremia  
Error,10/2/2017 10:37,Application Error,1000,-100,Application,djkvdihost874.jakarta01.com,"Faulting application name: pcsws.exe, version: 5090.2.8121.38, time stamp: 0x4817fa9f
Faulting module name: cwbcore.dll, version: 12.0.0.0, time stamp: 0x486088f5
Exception code: 0xc0000005
Fault offset: 0x00076f44
Faulting process id: 0x2468
Faulting application start time: 0x01d33b2fab2ebcd0
Faulting application path: C:\Program Files\IBM\Client Access\Emulator\pcsws.exe
Faulting module path: C:\Windows\system32\cwbcore.dll
Report Id: 0e43cca2-a723-11e7-ad9a-0050569f5341"
Error,10/2/2017 10:36,EventCreate,1,None,Application,djkvdihost874.jakarta01.com,JAKARTA01\jeremia  
Error,10/2/2017 10:36,Application Error,1000,-100,Application,djkvdihost874.jakarta01.com,"Faulting application name: pcsws.exe, version: 5090.2.8121.38, time stamp: 0x4817fa9f
Faulting module name: cwbcore.dll, version: 12.0.0.0, time stamp: 0x486088f5
Exception code: 0xc0000005
Fault offset: 0x00076f44
Faulting process id: 0x2580
Faulting application start time: 0x01d33b2b4dd7fcf9
Faulting application path: C:\Program Files\IBM\Client Access\Emulator\pcsws.exe
Faulting module path: C:\Windows\system32\cwbcore.dll
Report Id: e616a6fc-a722-11e7-ad9a-0050569f5341"
Error,10/2/2017 10:35,EventCreate,1,None,Application,djkvdihost256.jakarta01.com,JAKARTA01\Learning02  
Error,10/2/2017 10:35,Application Error,1000,-100,Application,djkvdihost256.jakarta01.com,"Faulting application name: iexplore.exe, version: 11.0.9600.18639, time stamp: 0x58d6bb0d
Faulting module name: Flash32_20_0_0_286.ocx, version: 20.0.0.286, time stamp: 0x56944dbe
Exception code: 0xc0000005
Fault offset: 0x000d9900
Faulting process id: 0x1e40
Faulting application start time: 0x01d33b266d59429f
Faulting application path: C:\Program Files\Internet Explorer\iexplore.exe
Faulting module path: C:\Windows\system32\Macromed\Flash\Flash32_20_0_0_286.ocx
Report Id: b6e2b0e4-a722-11e7-a11d-0050569f7f6d"
Error,10/2/2017 10:35,EventCreate,1,None,Application,djkvdihost379.jakarta01.com,JAKARTA01\andryan  
Error,10/2/2017 10:35,EventCreate,1,None,Application,djkvdihost051.jakarta01.com,JAKARTA01\guestISD56  
Error,10/2/2017 10:35,Application Error,1000,-100,Application,djkvdihost379.jakarta01.com,"Faulting application name: OUTLOOK.EXE, version: 15.0.4919.1001, time stamp: 0x58d20482
Faulting module name: OUTLOOK.EXE, version: 15.0.4919.1001, time stamp: 0x58d20482
Exception code: 0xc0000005
Fault offset: 0x008924c4
Faulting process id: 0x1fb4
Faulting application start time: 0x01d33b1999277dd4
Faulting application path: C:\Program Files\Microsoft Office\Office15\OUTLOOK.EXE
Faulting module path: C:\Program Files\Microsoft Office\Office15\OUTLOOK.EXE
Report Id: afbdc874-a722-11e7-9a24-0050569f4898"
Error,10/2/2017 10:34,EventCreate,1,None,Application,djkvdihost051.jakarta01.com,JAKARTA01\guestISD56  
Error,10/2/2017 10:29,EventCreate,1,None,Application,djkvdihost117.jakarta01.com,JAKARTA01\Tino  
Error,10/2/2017 10:29,Application Error,1000,-100,Application,djkvdihost117.jakarta01.com,"Faulting application name: EXCEL.EXE, version: 15.0.4919.1000, time stamp: 0x58c7ab0f
Faulting module name: unknown, version: 0.0.0.0, time stamp: 0x00000000
Exception code: 0xc0000005
Fault offset: 0x90909090
Faulting process id: 0x123c
Faulting application start time: 0x01d33b270a7a1d1d
Faulting application path: C:\Program Files\Microsoft Office\Office15\EXCEL.EXE
Faulting module path: unknown
Report Id: f125f6a6-a721-11e7-a274-0050569f0198"
Error,10/2/2017 10:28,EventCreate,1,None,Application,djkvdihost874.jakarta01.com,JAKARTA01\jeremia  
Error,10/2/2017 10:28,EventCreate,1,None,Application,djkvdihost688.jakarta01.com,JAKARTA01\kusumadita  
Error,10/2/2017 10:28,Application Error,1000,-100,Application,djkvdihost874.jakarta01.com,"Faulting application name: OUTLOOK.EXE, version: 15.0.4919.1001, time stamp: 0x58d20482
Faulting module name: OUTLOOK.EXE, version: 15.0.4919.1001, time stamp: 0x58d20482
Exception code: 0xc0000005
Fault offset: 0x008924c4
Faulting process id: 0xc18
Faulting application start time: 0x01d33b0f49d74894
Faulting application path: C:\Program Files\Microsoft Office\Office15\OUTLOOK.EXE
Faulting module path: C:\Program Files\Microsoft Office\Office15\OUTLOOK.EXE
Report Id: c37f4923-a721-11e7-ad9a-0050569f5341"
Error,10/2/2017 10:28,Application Error,1000,-100,Application,djkvdihost688.jakarta01.com,"Faulting application name: OUTLOOK.EXE, version: 15.0.4919.1001, time stamp: 0x58d20482
Faulting module name: OUTLOOK.EXE, version: 15.0.4919.1001, time stamp: 0x58d20482
Exception code: 0xc0000005
Fault offset: 0x008924c7
Faulting process id: 0x1d20
Faulting application start time: 0x01d33b14ee104839
Faulting application path: C:\Program Files\Microsoft Office\Office15\OUTLOOK.EXE
Faulting module path: C:\Program Files\Microsoft Office\Office15\OUTLOOK.EXE
Report Id: b6a6dbce-a721-11e7-8a8f-0050569f70f3"
Error,10/2/2017 10:26,EventCreate,1,None,Application,djkvdihost321.jakarta01.com,JAKARTA01\henny  
Error,10/2/2017 10:26,Application Error,1000,-100,Application,djkvdihost321.jakarta01.com,"Faulting application name: OUTLOOK.EXE, version: 15.0.4919.1001, time stamp: 0x58d20482
Faulting module name: OUTLOOK.EXE, version: 15.0.4919.1001, time stamp: 0x58d20482
Exception code: 0xc0000005
Fault offset: 0x008924c4
Faulting process id: 0x1dfc
Faulting application start time: 0x01d33b09223a2cf3
Faulting application path: C:\Program Files\Microsoft Office\Office15\OUTLOOK.EXE
Faulting module path: C:\Program Files\Microsoft Office\Office15\OUTLOOK.EXE
Report Id: 6ad08d28-a721-11e7-8b32-0050569f78a6"
Error,10/2/2017 10:21,EventCreate,1,None,Application,djkvdihost459.jakarta01.com,JAKARTA01\Andradita  
Error,10/2/2017 10:21,Application Error,1000,-100,Application,djkvdihost459.jakarta01.com,"Faulting application name: AcroRd32.exe, version: 10.1.4.38, time stamp: 0x5012ea69
Faulting module name: AcroRd32.dll, version: 10.1.4.38, time stamp: 0x5012f9f9
Exception code: 0xc0000005
Fault offset: 0x002c60bb
Faulting process id: 0x16f4
Faulting application start time: 0x01d33b2d3c356325
Faulting application path: C:\Program Files\Adobe\Reader 10.0\Reader\AcroRd32.exe
Faulting module path: C:\Program Files\Adobe\Reader 10.0\Reader\AcroRd32.dll
Report Id: caf80385-a720-11e7-a936-0050569f5ea5"
Error,10/2/2017 10:20,EventCreate,1,None,Application,djkvdihost459.jakarta01.com,JAKARTA01\Andradita  
Error,10/2/2017 10:20,Application Error,1000,-100,Application,djkvdihost459.jakarta01.com,"Faulting application name: spoolsv.exe, version: 6.1.7601.17777, time stamp: 0x4f35efc3
Faulting module name: msvcrt.dll, version: 7.0.7601.17744, time stamp: 0x4eeaf722
Exception code: 0xc0000005
Fault offset: 0x0000aa14
Faulting process id: 0x12a8
Faulting application start time: 0x01d33b233ae3ec6c
Faulting application path: C:\Windows\System32\spoolsv.exe
Faulting module path: C:\Windows\system32\msvcrt.dll
Report Id: a3e87b65-a720-11e7-a936-0050569f5ea5"
Error,10/2/2017 10:18,EventCreate,1,None,Application,djkvdihost312.jakarta01.com,JAKARTA01\ALFIYAH  
Error,10/2/2017 10:16,EventCreate,1,None,Application,djkvdihost621.jakarta01.com,JAKARTA01\muhammad afif  
Error,10/2/2017 10:16,Application Error,1000,-100,Application,djkvdihost621.jakarta01.com,"Faulting application name: OUTLOOK.EXE, version: 15.0.4919.1001, time stamp: 0x58d20482
Faulting module name: OUTLOOK.EXE, version: 15.0.4919.1001, time stamp: 0x58d20482
Exception code: 0xc0000005
Fault offset: 0x008924c4
Faulting process id: 0xd4c
Faulting application start time: 0x01d33b2978580c1f
Faulting application path: C:\Program Files\Microsoft Office\Office15\OUTLOOK.EXE
Faulting module path: C:\Program Files\Microsoft Office\Office15\OUTLOOK.EXE
Report Id: 0fbfbd76-a720-11e7-880b-0050569f4a52"
Error,10/2/2017 10:15,EventCreate,1,None,Application,djkvdihost448.jakarta01.com,JAKARTA01\dini hariyani  
Error,10/2/2017 10:15,Application Error,1000,-100,Application,djkvdihost448.jakarta01.com,"Faulting application name: OUTLOOK.EXE, version: 15.0.4919.1001, time stamp: 0x58d20482
Faulting module name: OUTLOOK.EXE, version: 15.0.4919.1001, time stamp: 0x58d20482
Exception code: 0xc0000005
Fault offset: 0x008924c4
Faulting process id: 0xcc0
Faulting application start time: 0x01d33b249dbe8ced
Faulting application path: C:\Program Files\Microsoft Office\Office15\OUTLOOK.EXE
Faulting module path: C:\Program Files\Microsoft Office\Office15\OUTLOOK.EXE
Report Id: f21ebe98-a71f-11e7-983d-0050569f0cfc"
Error,10/2/2017 10:14,EventCreate,1,None,Application,djkvdihost547.jakarta01.com,JAKARTA01\hertanto  
Error,10/2/2017 10:14,Application Error,1000,-100,Application,djkvdihost547.jakarta01.com,"Faulting application name: EXCEL.EXE, version: 15.0.4919.1000, time stamp: 0x58c7ab0f
Faulting module name: EXCEL.EXE, version: 15.0.4919.1000, time stamp: 0x58c7ab0f
Exception code: 0xc0000005
Fault offset: 0x010c9809
Faulting process id: 0xa9c
Faulting application start time: 0x01d33b20a5856dd8
Faulting application path: C:\Program Files\Microsoft Office\Office15\EXCEL.EXE
Faulting module path: C:\Program Files\Microsoft Office\Office15\EXCEL.EXE
Report Id: dbf313c3-a71f-11e7-a4bc-0050569f5691"
Error,10/2/2017 10:12,EventCreate,1,None,Application,djkvdihost130.jakarta01.com,JAKARTA01\army  
Error,10/2/2017 10:11,EventCreate,1,None,Application,djkvdihost130.jakarta01.com,JAKARTA01\army  
Error,10/2/2017 10:11,EventCreate,1,None,Application,djkvdihost227.jakarta01.com,JAKARTA01\Mustikawati  
Error,10/2/2017 10:10,Application Error,1000,-100,Application,djkvdihost227.jakarta01.com,"Faulting application name: OUTLOOK.EXE, version: 15.0.4919.1001, time stamp: 0x58d20482
Faulting module name: OUTLOOK.EXE, version: 15.0.4919.1001, time stamp: 0x58d20482
Exception code: 0xc0000005
Fault offset: 0x008924c7
Faulting process id: 0x1fcc
Faulting application start time: 0x01d33b1a0e5883e4
Faulting application path: C:\Program Files\Microsoft Office\Office15\OUTLOOK.EXE
Faulting module path: C:\Program Files\Microsoft Office\Office15\OUTLOOK.EXE
Report Id: 4fa48e72-a71f-11e7-ab7a-0050569f3407"
Error,10/2/2017 10:10,EventCreate,1,None,Application,djkvdihost898.jakarta01.com,JAKARTA01\Anosa  
Error,10/2/2017 10:10,Application Error,1000,-100,Application,djkvdihost898.jakarta01.com,"Faulting application name: OUTLOOK.EXE, version: 15.0.4927.1001, time stamp: 0x58f5f52e
Faulting module name: mso.dll, version: 15.0.4927.1000, time stamp: 0x58ec86ab
Exception code: 0xc0000005
Fault offset: 0x000e5adc
Faulting process id: 0xf78
Faulting application start time: 0x01d33b1ade54aa1b
Faulting application path: C:\Program Files (x86)\Microsoft Office\Office15\OUTLOOK.EXE
Faulting module path: C:\Program Files (x86)\Common Files\Microsoft Shared\Office15\mso.dll
Report Id: 2c946594-a71f-11e7-a221-0050569f032d"
Error,10/2/2017 10:07,EventCreate,1,None,Application,djkvdihost828.jakarta01.com,JAKARTA01\Luki Mahanani  
Error,10/2/2017 10:07,EventCreate,1,None,Application,djkvdihost051.jakarta01.com,JAKARTA01\GuestISD56  
Error,10/2/2017 10:07,Application Error,1000,-100,Application,djkvdihost828.jakarta01.com,"Faulting application name: OUTLOOK.EXE, version: 15.0.4919.1001, time stamp: 0x58d20482
Faulting module name: OUTLOOK.EXE, version: 15.0.4919.1001, time stamp: 0x58d20482
Exception code: 0xc0000005
Fault offset: 0x002c7fa9
Faulting process id: 0x1edc
Faulting application start time: 0x01d33b1519e3813c
Faulting application path: C:\Program Files\Microsoft Office\Office15\OUTLOOK.EXE
Faulting module path: C:\Program Files\Microsoft Office\Office15\OUTLOOK.EXE
Report Id: c629c29c-a71e-11e7-a744-0050569f224e"
Error,10/2/2017 10:06,EventCreate,1,None,Application,djkvdihost727.jakarta01.com,JAKARTA01\Bryant  
Error,10/2/2017 10:05,EventCreate,1,None,Application,djkvdihost697.jakarta01.com,JAKARTA01\GuestISD49  
Error,10/2/2017 10:03,EventCreate,1,None,Application,djkvdihost238.jakarta01.com,JAKARTA01\william  
Error,10/2/2017 10:01,EventCreate,1,None,Application,djkvdihost864.jakarta01.com,JAKARTA01\deddy  
Error,10/2/2017 10:01,Application Error,1000,-100,Application,djkvdihost864.jakarta01.com,"Faulting application name: OUTLOOK.EXE, version: 15.0.4919.1001, time stamp: 0x58d20482
Faulting module name: OUTLOOK.EXE, version: 15.0.4919.1001, time stamp: 0x58d20482
Exception code: 0xc0000005
Fault offset: 0x008924c4
Faulting process id: 0x1464
Faulting application start time: 0x01d33b21ca7dde9c
Faulting application path: C:\Program Files\Microsoft Office\Office15\OUTLOOK.EXE
Faulting module path: C:\Program Files\Microsoft Office\Office15\OUTLOOK.EXE
Report Id: 070a3841-a71e-11e7-af19-0050569f5f99"
Error,10/2/2017 10:00,EventCreate,1,None,Application,djkvdihost619.jakarta01.com,JAKARTA01\yusdian  
Error,10/2/2017 9:59,EventCreate,1,None,Application,djkvdihost747.jakarta01.com,JAKARTA01\andrinur  
Error,10/2/2017 9:58,EventCreate,1,None,Application,djkvdihost452.jakarta01.com,JAKARTA01\yudistira  
Error,10/2/2017 9:58,Application Error,1000,-100,Application,djkvdihost452.jakarta01.com,"Faulting application name: OUTLOOK.EXE, version: 15.0.4919.1001, time stamp: 0x58d20482
Faulting module name: OUTLOOK.EXE, version: 15.0.4919.1001, time stamp: 0x58d20482
Exception code: 0xc0000005
Fault offset: 0x008924c7
Faulting process id: 0x1db0
Faulting application start time: 0x01d33b20553f98c1
Faulting application path: C:\Program Files\Microsoft Office\Office15\OUTLOOK.EXE
Faulting module path: C:\Program Files\Microsoft Office\Office15\OUTLOOK.EXE
Report Id: 96a8d519-a71d-11e7-9ef2-0050569f500e"
Error,10/2/2017 9:54,EventCreate,1,None,Application,djkvdihost815.jakarta01.com,JAKARTA01\iqbal maulanasani  
Error,10/2/2017 9:54,EventCreate,1,None,Application,djkvdihost373.jakarta01.com,JAKARTA01\saptorini  
Error,10/2/2017 9:53,EventCreate,1,None,Application,djkvdihost453.jakarta01.com,JAKARTA01\WulanAn  
Error,10/2/2017 9:53,Application Error,1000,-100,Application,djkvdihost453.jakarta01.com,"Faulting application name: OUTLOOK.EXE, version: 15.0.4919.1001, time stamp: 0x58d20482
Faulting module name: OUTLOOK.EXE, version: 15.0.4919.1001, time stamp: 0x58d20482
Exception code: 0xc0000005
Fault offset: 0x008924c4
Faulting process id: 0x117c
Faulting application start time: 0x01d33b2664598aca
Faulting application path: C:\Program Files\Microsoft Office\Office15\OUTLOOK.EXE
Faulting module path: C:\Program Files\Microsoft Office\Office15\OUTLOOK.EXE
Report Id: e81b74c2-a71c-11e7-ae49-0050569f4331"
Error,10/2/2017 9:53,EventCreate,1,None,Application,djkvdihost139.jakarta01.com,JAKARTA01\guestisd52  
Error,10/2/2017 9:52,EventCreate,1,None,Application,djkvdihost621.jakarta01.com,JAKARTA01\muhammad afif  
Error,10/2/2017 9:52,Application Error,1000,-100,Application,djkvdihost621.jakarta01.com,"Faulting application name: OUTLOOK.EXE, version: 15.0.4919.1001, time stamp: 0x58d20482
Faulting module name: OUTLOOK.EXE, version: 15.0.4919.1001, time stamp: 0x58d20482
Exception code: 0xc0000005
Fault offset: 0x008924c4
Faulting process id: 0x1414
Faulting application start time: 0x01d33b28219fcf8f
Faulting application path: C:\Program Files\Microsoft Office\Office15\OUTLOOK.EXE
Faulting module path: C:\Program Files\Microsoft Office\Office15\OUTLOOK.EXE
Report Id: b33a7a7f-a71c-11e7-880b-0050569f4a52"
Error,10/2/2017 8:46,EventCreate,1,None,Application,djkvdihost560.jakarta01.com,JAKARTA01\guestisd20  
Error,10/2/2017 9:52,EventCreate,1,None,Application,djkvdihost093.jakarta01.com,JAKARTA01\Aisyah  
Error,10/2/2017 9:51,EventCreate,1,None,Application,djkvdihost033.jakarta01.com,JAKARTA01\erminawati  
Error,10/2/2017 9:51,Application Error,1000,-100,Application,djkvdihost033.jakarta01.com,"Faulting application name: spoolsv.exe, version: 6.1.7601.17777, time stamp: 0x4f35efc3
Faulting module name: msvcrt.dll, version: 7.0.7601.17744, time stamp: 0x4eeaf722
Exception code: 0xc0000005
Fault offset: 0x0000aa14
Faulting process id: 0x63c
Faulting application start time: 0x01d33a2bf474215a
Faulting application path: C:\Windows\System32\spoolsv.exe
Faulting module path: C:\Windows\system32\msvcrt.dll
Report Id: 87281d39-a71c-11e7-9662-0050569f3ef5"
Error,10/2/2017 9:48,EventCreate,1,None,Application,djkvdihost649.jakarta01.com,JAKARTA01\MahendraR  
Error,10/2/2017 9:48,Application Error,1000,-100,Application,djkvdihost649.jakarta01.com,"Faulting application name: OUTLOOK.EXE, version: 15.0.4919.1001, time stamp: 0x58d20482
Faulting module name: OUTLOOK.EXE, version: 15.0.4919.1001, time stamp: 0x58d20482
Exception code: 0xc0000005
Fault offset: 0x008924c4
Faulting process id: 0x620
Faulting application start time: 0x01d33b224f5e1c58
Faulting application path: C:\Program Files\Microsoft Office\Office15\OUTLOOK.EXE
Faulting module path: C:\Program Files\Microsoft Office\Office15\OUTLOOK.EXE
Report Id: 25a9a3f8-a71c-11e7-82b9-0050569f7cb7"
Error,10/2/2017 9:45,EventCreate,1,None,Application,djkvdihost797.jakarta01.com,JAKARTA01\Hilman  
Error,10/2/2017 9:44,EventCreate,1,None,Application,djkvdihost496.jakarta01.com,JAKARTA01\guestISD50  
Error,10/2/2017 9:44,EventCreate,1,None,Application,djkvdihost824.jakarta01.com,JAKARTA01\edwan  
Error,10/2/2017 9:44,EventCreate,1,None,Application,djkvdihost496.jakarta01.com,JAKARTA01\guestISD50  
Error,10/2/2017 9:43,EventCreate,1,None,Application,djkvdihost486.jakarta01.com,JAKARTA01\feni  
Error,10/2/2017 9:42,EventCreate,1,None,Application,djkvdihost621.jakarta01.com,JAKARTA01\muhammad afif  
Error,10/2/2017 9:43,EventCreate,1,None,Application,djkvdihost486.jakarta01.com,JAKARTA01\feni  
Error,10/2/2017 9:42,EventCreate,1,None,Application,djkvdihost882.jakarta01.com,JAKARTA01\khalid  
Error,10/2/2017 9:42,Application Error,1000,-100,Application,djkvdihost882.jakarta01.com,"Faulting application name: NLNOTES.EXE, version: 8.5.30.11258, time stamp: 0x4e72fa51
Faulting module name: nnotes.dll, version: 8.5.30.11258, time stamp: 0x4e72fa6a
Exception code: 0xc0000005
Fault offset: 0x001c7f0e
Faulting process id: 0x19d8
Faulting application start time: 0x01d33b28115b3b2e
Faulting application path: C:\Program Files\IBM\Lotus\Notes\NLNOTES.EXE
Faulting module path: C:\Program Files\IBM\Lotus\Notes\nnotes.dll
Report Id: 4f1ad10e-a71b-11e7-91ca-0050569f72cd"
Error,10/2/2017 9:42,Application Error,1000,-100,Application,djkvdihost621.jakarta01.com,"Faulting application name: OUTLOOK.EXE, version: 15.0.4919.1001, time stamp: 0x58d20482
Faulting module name: OUTLOOK.EXE, version: 15.0.4919.1001, time stamp: 0x58d20482
Exception code: 0xc0000005
Fault offset: 0x008924c4
Faulting process id: 0x162c
Faulting application start time: 0x01d33b13ff2e462f
Faulting application path: C:\Program Files\Microsoft Office\Office15\OUTLOOK.EXE
Faulting module path: C:\Program Files\Microsoft Office\Office15\OUTLOOK.EXE
Report Id: 5b72d95f-a71b-11e7-880b-0050569f4a52"
Error,10/2/2017 9:42,EventCreate,1,None,Application,djkvdihost113.jakarta01.com,JAKARTA01\isnaini  
Error,10/2/2017 9:41,EventCreate,1,None,Application,djkvdihost113.jakarta01.com,JAKARTA01\isnaini  
Error,10/2/2017 9:40,EventCreate,1,None,Application,djkvdihost322.jakarta01.com,JAKARTA01\purba  
Error,10/2/2017 9:39,EventCreate,1,None,Application,djkvdihost012.jakarta01.com,JAKARTA01\budir  
Error,10/2/2017 9:37,EventCreate,1,None,Application,djkvdihost429.jakarta01.com,JAKARTA01\Putri Damayanti  
Error,10/2/2017 9:37,Application Error,1000,-100,Application,djkvdihost429.jakarta01.com,"Faulting application name: OUTLOOK.EXE, version: 15.0.4919.1001, time stamp: 0x58d20482
Faulting module name: OUTLOOK.EXE, version: 15.0.4919.1001, time stamp: 0x58d20482
Exception code: 0xc0000005
Fault offset: 0x008924c7
Faulting process id: 0x14ec
Faulting application start time: 0x01d33b18729e4c89
Faulting application path: C:\Program Files\Microsoft Office\Office15\OUTLOOK.EXE
Faulting module path: C:\Program Files\Microsoft Office\Office15\OUTLOOK.EXE
Report Id: ad85769d-a71a-11e7-bfed-0050569f6573"
Error,10/2/2017 9:37,EventCreate,1,None,Application,djkvdihost072.jakarta01.com,JAKARTA01\ratmitasari  
Error,10/2/2017 9:37,EventCreate,1,None,Application,djkvdihost063.jakarta01.com,JAKARTA01\lucky  
Error,10/2/2017 9:37,EventCreate,1,None,Application,djkvdihost162.jakarta01.com,JAKARTA01\guestisd61  
Error,10/2/2017 9:36,Application Error,1000,-100,Application,djkvdihost063.jakarta01.com,"Faulting application name: spoolsv.exe, version: 6.1.7601.17777, time stamp: 0x4f35efc3
Faulting module name: msvcrt.dll, version: 7.0.7601.17744, time stamp: 0x4eeaf722
Exception code: 0xc0000005
Fault offset: 0x0000aa14
Faulting process id: 0x638
Faulting application start time: 0x01d33966c411bc99
Faulting application path: C:\Windows\System32\spoolsv.exe
Faulting module path: C:\Windows\system32\msvcrt.dll
Report Id: 8fbd6716-a71a-11e7-9dfc-0050569f4597"
Error,10/2/2017 9:36,EventCreate,1,None,Application,djkvdihost566.jakarta01.com,JAKARTA01\guestisd60  
Error,10/2/2017 9:34,EventCreate,1,None,Application,djkvdihost699.jakarta01.com,JAKARTA01\Linda Marshelia  
Error,10/2/2017 9:32,EventCreate,1,None,Application,djkvdihost369.jakarta01.com,JAKARTA01\pramana  
Error,10/2/2017 9:32,EventCreate,1,None,Application,djkvdihost683.jakarta01.com,JAKARTA01\AdhiNu  
Error,10/2/2017 9:32,Application Error,1000,-100,Application,djkvdihost369.jakarta01.com,"Faulting application name: WINWORD.EXE, version: 15.0.4911.1000, time stamp: 0x58a2c075
Faulting module name: wwlib.dll, version: 15.0.4911.1000, time stamp: 0x58a2c073
Exception code: 0xc0000005
Fault offset: 0x006f0ff9
Faulting process id: 0x1ce0
Faulting application start time: 0x01d33b1e55088d6d
Faulting application path: C:\Program Files\Microsoft Office\Office15\WINWORD.EXE
Faulting module path: C:\Program Files\Microsoft Office\Office15\wwlib.dll
Report Id: ef29f93d-a719-11e7-8831-0050569f7e6d"
Error,10/2/2017 9:31,EventCreate,1,None,Application,djkvdihost256.jakarta01.com,JAKARTA01\Learning02  
Error,10/2/2017 9:31,EventCreate,1,None,Application,djkvdihost724.jakarta01.com,JAKARTA01\indriani  
Error,10/2/2017 9:31,Application Error,1000,-100,Application,djkvdihost256.jakarta01.com,"Faulting application name: iexplore.exe, version: 11.0.9600.18639, time stamp: 0x58d6bb0d
Faulting module name: MSHTML.dll, version: 11.0.9600.18639, time stamp: 0x58d6c720
Exception code: 0xc0000005
Fault offset: 0x000ac604
Faulting process id: 0x129c
Faulting application start time: 0x01d33b2678d0664f
Faulting application path: C:\Program Files\Internet Explorer\iexplore.exe
Faulting module path: C:\Windows\system32\MSHTML.dll
Report Id: c49ec42a-a719-11e7-a11d-0050569f7f6d"
Error,10/2/2017 9:31,EventCreate,1,None,Application,djkvdihost850.jakarta01.com,JAKARTA01\abdul  
Error,10/2/2017 9:29,EventCreate,1,None,Application,djkvdihost901.jakarta01.com,JAKARTA01\Joni  
Error,10/2/2017 9:29,Application Error,1000,-100,Application,djkvdihost901.jakarta01.com,"Faulting application name: OUTLOOK.EXE, version: 15.0.4927.1001, time stamp: 0x58f5f52e
Faulting module name: ntdll.dll, version: 6.1.7601.23807, time stamp: 0x5915f8e8
Exception code: 0xc0000005
Fault offset: 0x0003c8e0
Faulting process id: 0x120
Faulting application start time: 0x01d33b13eaee7f6c
Faulting application path: C:\Program Files (x86)\Microsoft Office\Office15\OUTLOOK.EXE
Faulting module path: C:\Windows\SysWOW64\ntdll.dll
Report Id: 949632de-a719-11e7-91e0-0050569f7d78"
Error,10/2/2017 9:29,EventCreate,1,None,Application,djkvdihost479.jakarta01.com,JAKARTA01\lenny  
Error,10/2/2017 9:29,EventCreate,1,None,Application,djkvdihost807.jakarta01.com,JAKARTA01\guestisd34  
Error,10/2/2017 9:29,EventCreate,1,None,Application,djkvdihost777.jakarta01.com,JAKARTA01\Dwi anisa  
Error,10/2/2017 9:27,EventCreate,1,None,Application,djkvdihost244.jakarta01.com,JAKARTA01\Arief Sandy  
Error,10/2/2017 9:26,EventCreate,1,None,Application,djkvdihost818.jakarta01.com,JAKARTA01\hafsia  
Error,10/2/2017 9:25,EventCreate,1,None,Application,djkvdihost818.jakarta01.com,JAKARTA01\hafsia  
Error,10/2/2017 9:24,EventCreate,1,None,Application,djkvdihost156.jakarta01.com,JAKARTA01\dodi  
Error,10/2/2017 9:23,WSH,1,None,Application,djkvdihost156.jakarta01.com,"CN=Dodi Heru Setio Putro password will expire in 3 day(s) at 10/5/2017 9:00:40 AM

Press CTRL + ALT + DEL and select the ""Change a password"" option."
Error,10/2/2017 9:23,WSH,1,None,Application,djkvdihost156.jakarta01.com,"CN=Dodi Heru Setio Putro password will expire in 3 day(s) at 10/5/2017 9:00:40 AM

Press CTRL + ALT + DEL and select the ""Change a password"" option."
Error,10/2/2017 9:22,EventCreate,1,None,Application,djkvdihost831.jakarta01.com,JAKARTA01\Rudy Setyo  
Error,10/2/2017 9:22,EventCreate,1,None,Application,djkvdihost700.jakarta01.com,JAKARTA01\ici  
Error,10/2/2017 9:18,EventCreate,1,None,Application,djkvdihost351.jakarta01.com,JAKARTA01\septi  
Error,10/2/2017 9:18,EventCreate,1,None,Application,djkvdihost042.jakarta01.com,JAKARTA01\cita  
Error,10/2/2017 9:17,EventCreate,1,None,Application,djkvdihost047.jakarta01.com,JAKARTA01\diah  
Error,10/2/2017 9:17,EventCreate,1,None,Application,djkvdihost255.jakarta01.com,JAKARTA01\dessy  
Error,10/2/2017 9:15,EventCreate,1,None,Application,djkvdihost011.jakarta01.com,JAKARTA01\Hasna  
Error,10/2/2017 9:15,Application Error,1000,-100,Application,djkvdihost011.jakarta01.com,"Faulting application name: OUTLOOK.EXE, version: 15.0.4919.1001, time stamp: 0x58d20482
Faulting module name: OUTLOOK.EXE, version: 15.0.4919.1001, time stamp: 0x58d20482
Exception code: 0xc0000005
Fault offset: 0x008924c4
Faulting process id: 0x1938
Faulting application start time: 0x01d33b1ec43aa5be
Faulting application path: C:\Program Files\Microsoft Office\Office15\OUTLOOK.EXE
Faulting module path: C:\Program Files\Microsoft Office\Office15\OUTLOOK.EXE
Report Id: 8ee84caf-a717-11e7-8813-0050569f70b5"
Error,10/2/2017 9:15,EventCreate,1,None,Application,djkvdihost498.jakarta01.com,JAKARTA01\robi  
Error,10/2/2017 9:15,EventCreate,1,None,Application,djkvdihost834.jakarta01.com,JAKARTA01\mohammad  
Error,10/2/2017 9:14,EventCreate,1,None,Application,djkvdihost448.jakarta01.com,JAKARTA01\dini hariyani  
Error,10/2/2017 9:12,EventCreate,1,None,Application,djkvdihost763.jakarta01.com,JAKARTA01\dolly  
Error,10/2/2017 9:11,EventCreate,1,None,Application,djkvdihost746.jakarta01.com,JAKARTA01\alexsandro  
Error,10/2/2017 9:11,Application Error,1000,-100,Application,djkvdihost746.jakarta01.com,"Faulting application name: OUTLOOK.EXE, version: 15.0.4919.1001, time stamp: 0x58d20482
Faulting module name: OUTLOOK.EXE, version: 15.0.4919.1001, time stamp: 0x58d20482
Exception code: 0xc0000005
Fault offset: 0x008924c4
Faulting process id: 0x1f24
Faulting application start time: 0x01d33b19d75ebb70
Faulting application path: C:\Program Files\Microsoft Office\Office15\OUTLOOK.EXE
Faulting module path: C:\Program Files\Microsoft Office\Office15\OUTLOOK.EXE
Report Id: 0994cba7-a717-11e7-8750-0050569f0500"
Error,10/2/2017 9:11,EventCreate,1,None,Application,djkvdihost686.jakarta01.com,JAKARTA01\guestisd54  
Error,10/2/2017 9:10,EventCreate,1,None,Application,djkvdihost120.jakarta01.com,JAKARTA01\michiko  
