Error,10/5/2017 9:24,EventCreate,1,None,Application,djkvdihost846.jakarta01.com,JAKARTA01\Machida  
Error,10/5/2017 9:24,Application Error,1000,-100,Application,djkvdihost846.jakarta01.com,"Faulting application name: OUTLOOK.EXE, version: 15.0.4919.1001, time stamp: 0x58d20482
Faulting module name: oart.dll, version: 15.0.4911.1000, time stamp: 0x58a2bf30
Exception code: 0xc0000005
Fault offset: 0x00213de2
Faulting process id: 0x149c
Faulting application start time: 0x01d33d80eb3fb4d5
Faulting application path: C:\Program Files\Microsoft Office\Office15\OUTLOOK.EXE
Faulting module path: C:\Program Files\Microsoft Office\Office15\oart.dll
Report Id: 4799652d-a974-11e7-90c9-0050569f2b16"
Error,10/5/2017 9:24,EventCreate,1,None,Application,djkvdihost053.jakarta01.com,JAKARTA01\indriani  
Error,10/5/2017 9:23,EventCreate,1,None,Application,djkvdihost777.jakarta01.com,JAKARTA01\meltsaury  
Error,10/5/2017 9:23,EventCreate,1,None,Application,djkvdihost846.jakarta01.com,JAKARTA01\Machida  
Error,10/5/2017 9:23,Application Error,1000,-100,Application,djkvdihost846.jakarta01.com,"Faulting application name: OUTLOOK.EXE, version: 15.0.4919.1001, time stamp: 0x58d20482
Faulting module name: oart.dll, version: 15.0.4911.1000, time stamp: 0x58a2bf30
Exception code: 0xc0000005
Fault offset: 0x00213de2
Faulting process id: 0x1c28
Faulting application start time: 0x01d33d80c1a049ee
Faulting application path: C:\Program Files\Microsoft Office\Office15\OUTLOOK.EXE
Faulting module path: C:\Program Files\Microsoft Office\Office15\oart.dll
Report Id: 1d751e02-a974-11e7-90c9-0050569f2b16"
Error,10/5/2017 9:23,EventCreate,1,None,Application,djkvdihost629.jakarta01.com,JAKARTA01\guestISD44  
Error,10/5/2017 9:23,EventCreate,1,None,Application,djkvdihost549.jakarta01.com,JAKARTA01\dodi  
Error,10/5/2017 9:22,EventCreate,1,None,Application,djkvdihost846.jakarta01.com,JAKARTA01\Machida  
Error,10/5/2017 9:22,EventCreate,1,None,Application,djkvdihost731.jakarta01.com,JAKARTA01\FAUZIAH  
Error,10/5/2017 9:21,Application Error,1000,-100,Application,djkvdihost846.jakarta01.com,"Faulting application name: OUTLOOK.EXE, version: 15.0.4919.1001, time stamp: 0x58d20482
Faulting module name: oart.dll, version: 15.0.4911.1000, time stamp: 0x58a2bf30
Exception code: 0xc0000005
Fault offset: 0x00213de2
Faulting process id: 0x1a58
Faulting application start time: 0x01d33d6951ef8faf
Faulting application path: C:\Program Files\Microsoft Office\Office15\OUTLOOK.EXE
Faulting module path: C:\Program Files\Microsoft Office\Office15\oart.dll
Report Id: f5bff490-a973-11e7-90c9-0050569f2b16"
Error,10/5/2017 9:21,EventCreate,1,None,Application,djkvdihost210.jakarta01.com,JAKARTA01\NovrianAS  
Error,10/5/2017 9:21,EventCreate,1,None,Application,djkvdihost162.jakarta01.com,JAKARTA01\astio  
Error,10/5/2017 9:21,Application Error,1000,-100,Application,djkvdihost162.jakarta01.com,"Faulting application name: Explorer.EXE, version: 6.1.7601.23537, time stamp: 0x57c44cc4
Faulting module name: SHELL32.dll, version: 6.1.7601.23537, time stamp: 0x57c450f4
Exception code: 0xc0000005
Fault offset: 0x002e247c
Faulting process id: 0x888
Faulting application start time: 0x01d33d75cc5d410d
Faulting application path: C:\Windows\Explorer.EXE
Faulting module path: C:\Windows\system32\SHELL32.dll
Report Id: dd3a78ba-a973-11e7-9303-0050569f5025"
Error,10/5/2017 9:21,Application Error,1000,-100,Application,djkvdihost210.jakarta01.com,"Faulting application name: EXCEL.EXE, version: 15.0.4919.1000, time stamp: 0x58c7ab0f
Faulting module name: unknown, version: 0.0.0.0, time stamp: 0x00000000
Exception code: 0xc0000005
Fault offset: 0xb75a5d99
Faulting process id: 0x1354
Faulting application start time: 0x01d33d74da9966a3
Faulting application path: C:\Program Files\Microsoft Office\Office15\EXCEL.EXE
Faulting module path: unknown
Report Id: e146a45d-a973-11e7-955b-0050569f2e3d"
Error,10/5/2017 9:20,EventCreate,1,None,Application,djkvdihost378.jakarta01.com,JAKARTA01\Reiffy  
Error,10/5/2017 9:20,Application Error,1000,-100,Application,djkvdihost378.jakarta01.com,"Faulting application name: OUTLOOK.EXE, version: 15.0.4919.1001, time stamp: 0x58d20482
Faulting module name: OUTLOOK.EXE, version: 15.0.4919.1001, time stamp: 0x58d20482
Exception code: 0xc0000005
Fault offset: 0x008924c7
Faulting process id: 0x16c0
Faulting application start time: 0x01d33d77c43ebaab
Faulting application path: C:\Program Files\Microsoft Office\Office15\OUTLOOK.EXE
Faulting module path: C:\Program Files\Microsoft Office\Office15\OUTLOOK.EXE
Report Id: bb2ec96b-a973-11e7-bee3-0050569f3595"
Error,10/5/2017 9:19,EventCreate,1,None,Application,djkvdihost120.jakarta01.com,JAKARTA01\jayson  
Error,10/5/2017 9:19,EventCreate,1,None,Application,djkvdihost120.jakarta01.com,JAKARTA01\jayson  
Error,10/5/2017 9:19,EventCreate,1,None,Application,djkvdihost006.jakarta01.com,JAKARTA01\Fitri Nawawi  
Error,10/5/2017 9:19,Application Error,1000,-100,Application,djkvdihost006.jakarta01.com,"Faulting application name: OUTLOOK.EXE, version: 15.0.4919.1001, time stamp: 0x58d20482
Faulting module name: OUTLOOK.EXE, version: 15.0.4919.1001, time stamp: 0x58d20482
Exception code: 0xc0000005
Fault offset: 0x008924c7
Faulting process id: 0x14f4
Faulting application start time: 0x01d33d7a45db5720
Faulting application path: C:\Program Files\Microsoft Office\Office15\OUTLOOK.EXE
Faulting module path: C:\Program Files\Microsoft Office\Office15\OUTLOOK.EXE
Report Id: 9711e4da-a973-11e7-a423-0050569f333d"
Error,10/5/2017 9:18,EventCreate,1,None,Application,djkvdihost529.jakarta01.com,JAKARTA01\ferdi  
Error,10/5/2017 9:18,Application Error,1000,-100,Application,djkvdihost529.jakarta01.com,"Faulting application name: PhotoScreensaver.scr, version: 6.1.7601.17514, time stamp: 0x4ce7a590
Faulting module name: SHELL32.dll, version: 6.1.7601.23537, time stamp: 0x57c450f4
Exception code: 0xc0000005
Fault offset: 0x001f269f
Faulting process id: 0x1474
Faulting application start time: 0x01d33d7e2da78467
Faulting application path: C:\Windows\system32\PhotoScreensaver.scr
Faulting module path: C:\Windows\system32\SHELL32.dll
Report Id: 7b2bbfa9-a973-11e7-9e7e-0050569f7c8a"
Error,10/5/2017 9:17,EventCreate,1,None,Application,djkvdihost132.jakarta01.com,JAKARTA01\raymond  
Error,10/5/2017 9:16,EventCreate,1,None,Application,djkvdihost373.jakarta01.com,JAKARTA01\Agus Sutikno  
Error,10/5/2017 9:15,EventCreate,1,None,Application,djkvdihost674.jakarta01.com,JAKARTA01\ramantid  
Error,10/5/2017 9:14,EventCreate,1,None,Application,djkvdihost410.jakarta01.com,JAKARTA01\BERNARDUS  
Error,10/5/2017 9:14,Application Error,1000,-100,Application,djkvdihost410.jakarta01.com,"Faulting application name: OUTLOOK.EXE, version: 15.0.4919.1001, time stamp: 0x58d20482
Faulting module name: OUTLOOK.EXE, version: 15.0.4919.1001, time stamp: 0x58d20482
Exception code: 0xc0000005
Fault offset: 0x008924c4
Faulting process id: 0x16e8
Faulting application start time: 0x01d33d7523c7f0d9
Faulting application path: C:\Program Files\Microsoft Office\Office15\OUTLOOK.EXE
Faulting module path: C:\Program Files\Microsoft Office\Office15\OUTLOOK.EXE
Report Id: e8ecf44f-a972-11e7-8c16-0050569f77c5"
Error,10/5/2017 9:13,EventCreate,1,None,Application,djkvdihost152.jakarta01.com,JAKARTA01\michael  
Error,10/5/2017 9:13,Application Error,1000,-100,Application,djkvdihost152.jakarta01.com,"Faulting application name: EXCEL.EXE, version: 15.0.4919.1000, time stamp: 0x58c7ab0f
Faulting module name: EXCEL.EXE, version: 15.0.4919.1000, time stamp: 0x58c7ab0f
Exception code: 0xc0000005
Fault offset: 0x00033041
Faulting process id: 0x1e54
Faulting application start time: 0x01d33d7943d42628
Faulting application path: C:\Program Files\Microsoft Office\Office15\EXCEL.EXE
Faulting module path: C:\Program Files\Microsoft Office\Office15\EXCEL.EXE
Report Id: c3d90ed2-a972-11e7-aaef-0050569f58dc"
Error,10/5/2017 9:13,EventCreate,1,None,Application,djkvdihost105.jakarta01.com,JAKARTA01\Kartina  
Error,10/5/2017 9:12,Application Error,1000,-100,Application,djkvdihost105.jakarta01.com,"Faulting application name: spoolsv.exe, version: 6.1.7601.17777, time stamp: 0x4f35efc3
Faulting module name: msvcrt.dll, version: 7.0.7601.17744, time stamp: 0x4eeaf722
Exception code: 0xc0000005
Fault offset: 0x0000aa14
Faulting process id: 0x638
Faulting application start time: 0x01d33cfc3ed5cce2
Faulting application path: C:\Windows\System32\spoolsv.exe
Faulting module path: C:\Windows\system32\msvcrt.dll
Report Id: b1da72c0-a972-11e7-a89c-0050569f41a3"
Error,10/5/2017 9:13,EventCreate,1,None,Application,djkvdihost638.jakarta01.com,JAKARTA01\guestisd29  
Error,10/5/2017 9:13,EventCreate,1,None,Application,djkvdihost515.jakarta01.com,JAKARTA01\GUESTISD33  
Error,10/5/2017 9:12,EventCreate,1,None,Application,djkvdihost186.jakarta01.com,JAKARTA01\Adhi Nur  
Error,10/5/2017 9:11,EventCreate,1,None,Application,djkvdihost236.jakarta01.com,JAKARTA01\nathaniel  
Error,10/5/2017 9:11,EventCreate,1,None,Application,djkvdihost051.jakarta01.com,JAKARTA01\daniel pontifek  
Error,10/5/2017 9:11,EventCreate,1,None,Application,djkvdihost086.jakarta01.com,JAKARTA01\diena  
Error,10/5/2017 9:10,WSH,1,None,Application,djkvdihost051.jakarta01.com,"CN=DANIEL PONTIFEK YOSEPH SILITO password will expire in 3 day(s) at 10/8/2017 9:12:02 AM

Press CTRL + ALT + DEL and select the ""Change a password"" option."
Error,10/5/2017 9:10,EventCreate,1,None,Application,djkvdihost705.jakarta01.com,JAKARTA01\guestisd54  
Error,10/5/2017 9:10,WSH,1,None,Application,djkvdihost051.jakarta01.com,"CN=DANIEL PONTIFEK YOSEPH SILITO password will expire in 3 day(s) at 10/8/2017 9:12:02 AM

Press CTRL + ALT + DEL and select the ""Change a password"" option."
Error,10/5/2017 9:10,EventCreate,1,None,Application,djkvdihost814.jakarta01.com,JAKARTA01\rozi  
Error,10/5/2017 9:10,Application Error,1000,-100,Application,djkvdihost814.jakarta01.com,"Faulting application name: OUTLOOK.EXE, version: 15.0.4919.1001, time stamp: 0x58d20482
Faulting module name: OUTLOOK.EXE, version: 15.0.4919.1001, time stamp: 0x58d20482
Exception code: 0xc0000005
Fault offset: 0x008924c4
Faulting process id: 0x1de8
Faulting application start time: 0x01d33d71744ca3ba
Faulting application path: C:\Program Files\Microsoft Office\Office15\OUTLOOK.EXE
Faulting module path: C:\Program Files\Microsoft Office\Office15\OUTLOOK.EXE
Report Id: 50764e3e-a972-11e7-8122-0050569f551f"
Error,10/5/2017 9:10,EventCreate,1,None,Application,djkvdihost043.jakarta01.com,JAKARTA01\guestacc08  
Error,10/5/2017 9:09,EventCreate,1,None,Application,djkvdihost009.jakarta01.com,JAKARTA01\Ika  
Error,10/5/2017 9:09,EventCreate,1,None,Application,djkvdihost103.jakarta01.com,JAKARTA01\titin  
Error,10/5/2017 9:09,EventCreate,1,None,Application,djkvdihost555.jakarta01.com,JAKARTA01\GUESTISD28  
Error,10/5/2017 9:08,EventCreate,1,None,Application,djkvdihost156.jakarta01.com,JAKARTA01\Rini Purnama  
Error,10/5/2017 9:07,EventCreate,1,None,Application,djkvdihost156.jakarta01.com,JAKARTA01\Rini Purnama  
Error,10/5/2017 9:07,EventCreate,1,None,Application,djkvdihost435.jakarta01.com,JAKARTA01\valery  
Error,10/5/2017 9:07,Application Error,1000,-100,Application,djkvdihost435.jakarta01.com,"Faulting application name: spoolsv.exe, version: 6.1.7601.17777, time stamp: 0x4f35efc3
Faulting module name: msvcrt.dll, version: 7.0.7601.17744, time stamp: 0x4eeaf722
Exception code: 0xc0000005
Fault offset: 0x0000aa14
Faulting process id: 0x634
Faulting application start time: 0x01d33d028c611f43
Faulting application path: C:\Windows\System32\spoolsv.exe
Faulting module path: C:\Windows\system32\msvcrt.dll
Report Id: e159c027-a971-11e7-865c-0050569f384e"
Error,10/5/2017 9:06,EventCreate,1,None,Application,djkvdihost176.jakarta01.com,JAKARTA01\MuhammadI  
Error,10/5/2017 9:06,Application Error,1000,-100,Application,djkvdihost176.jakarta01.com,"Faulting application name: OUTLOOK.EXE, version: 15.0.4919.1001, time stamp: 0x58d20482
Faulting module name: OUTLOOK.EXE, version: 15.0.4919.1001, time stamp: 0x58d20482
Exception code: 0xc0000005
Fault offset: 0x002c7fa9
Faulting process id: 0x1f18
Faulting application start time: 0x01d33d74e4001244
Faulting application path: C:\Program Files\Microsoft Office\Office15\OUTLOOK.EXE
Faulting module path: C:\Program Files\Microsoft Office\Office15\OUTLOOK.EXE
Report Id: d47ac5e6-a971-11e7-bf3b-0050569f4cbe"
Error,10/5/2017 9:06,EventCreate,1,None,Application,djkvdihost471.jakarta01.com,JAKARTA01\Hilman  
Error,10/5/2017 9:06,EventCreate,1,None,Application,djkvdihost625.jakarta01.com,JAKARTA01\slamet  
Error,10/5/2017 9:06,EventCreate,1,None,Application,djkvdihost435.jakarta01.com,JAKARTA01\valery  
Error,10/5/2017 9:05,EventCreate,1,None,Application,djkvdihost354.jakarta01.com,JAKARTA01\davidhs  
Error,10/5/2017 9:05,EventCreate,1,None,Application,djkvdihost471.jakarta01.com,JAKARTA01\Hilman  
Error,10/5/2017 9:05,Application Error,1000,-100,Application,djkvdihost471.jakarta01.com,"Faulting application name: spoolsv.exe, version: 6.1.7601.17777, time stamp: 0x4f35efc3
Faulting module name: msvcrt.dll, version: 7.0.7601.17744, time stamp: 0x4eeaf722
Exception code: 0xc0000005
Fault offset: 0x0000aa14
Faulting process id: 0x634
Faulting application start time: 0x01d33d7e28cb081b
Faulting application path: C:\Windows\System32\spoolsv.exe
Faulting module path: C:\Windows\system32\msvcrt.dll
Report Id: 9f01fc12-a971-11e7-b660-0050569f6455"
Error,10/5/2017 9:05,EventCreate,1,None,Application,djkvdihost286.jakarta01.com,JAKARTA01\budi kurniawan  
Error,10/5/2017 9:05,EventCreate,1,None,Application,djkvdihost772.jakarta01.com,JAKARTA01\nirliani  
Error,10/5/2017 9:05,EventCreate,1,None,Application,djkvdihost393.jakarta01.com,JAKARTA01\wisnu  
Error,10/5/2017 9:05,EventCreate,1,None,Application,djkvdihost762.jakarta01.com,JAKARTA01\ridjal  
Error,10/5/2017 9:04,EventCreate,1,None,Application,djkvdihost471.jakarta01.com,JAKARTA01\Hilman  
Error,10/5/2017 9:04,EventCreate,1,None,Application,djkvdihost110.jakarta01.com,JAKARTA01\guestacc09  
Error,10/5/2017 9:03,EventCreate,1,None,Application,djkvdihost085.jakarta01.com,JAKARTA01\GuestISD42  
Error,10/5/2017 9:03,EventCreate,1,None,Application,djkvdihost397.jakarta01.com,JAKARTA01\Kurnia Arisayuga  
Error,10/5/2017 9:03,EventCreate,1,None,Application,djkvdihost739.jakarta01.com,JAKARTA01\saputro  
Error,10/5/2017 9:02,EventCreate,1,None,Application,djkvdihost527.jakarta01.com,JAKARTA01\Juliet  
Error,10/5/2017 9:01,EventCreate,1,None,Application,djkvdihost211.jakarta01.com,JAKARTA01\Andradita  
Error,10/5/2017 9:01,Application Error,1000,-100,Application,djkvdihost211.jakarta01.com,"Faulting application name: spoolsv.exe, version: 6.1.7601.17777, time stamp: 0x4f35efc3
Faulting module name: msvcrt.dll, version: 7.0.7601.17744, time stamp: 0x4eeaf722
Exception code: 0xc0000005
Fault offset: 0x0000aa14
Faulting process id: 0x640
Faulting application start time: 0x01d33cfa13d76e60
Faulting application path: C:\Windows\System32\spoolsv.exe
Faulting module path: C:\Windows\system32\msvcrt.dll
Report Id: 23dddb7a-a971-11e7-a206-0050569f4dab"
Error,10/5/2017 9:02,EventCreate,1,None,Application,djkvdihost136.jakarta01.com,JAKARTA01\Tammyana  
Error,10/5/2017 9:01,EventCreate,1,None,Application,djkvdihost491.jakarta01.com,JAKARTA01\hari  
Error,10/5/2017 9:01,EventCreate,1,None,Application,djkvdihost815.jakarta01.com,JAKARTA01\Ricky  
Error,10/5/2017 9:01,EventCreate,1,None,Application,djkvdihost496.jakarta01.com,JAKARTA01\GUESTISD26  
Error,10/5/2017 9:01,EventCreate,1,None,Application,djkvdihost587.jakarta01.com,JAKARTA01\christianrs  
Error,10/5/2017 8:59,EventCreate,1,None,Application,djkvdihost073.jakarta01.com,JAKARTA01\fferdian  
Error,10/5/2017 8:59,EventCreate,1,None,Application,djkvdihost030.jakarta01.com,JAKARTA01\Sunaryo  
Error,10/5/2017 8:58,EventCreate,1,None,Application,djkvdihost356.jakarta01.com,JAKARTA01\rara  
Error,10/5/2017 8:58,Application Error,1000,-100,Application,djkvdihost356.jakarta01.com,"Faulting application name: OUTLOOK.EXE, version: 15.0.4919.1001, time stamp: 0x58d20482
Faulting module name: OUTLOOK.EXE, version: 15.0.4919.1001, time stamp: 0x58d20482
Exception code: 0xc0000005
Fault offset: 0x008924c4
Faulting process id: 0x1194
Faulting application start time: 0x01d33d78631e8453
Faulting application path: C:\PROGRA~1\MICROS~2\Office15\OUTLOOK.EXE
Faulting module path: C:\PROGRA~1\MICROS~2\Office15\OUTLOOK.EXE
Report Id: b2ef9553-a970-11e7-b543-0050569f6b07"
Error,10/5/2017 8:59,EventCreate,1,None,Application,djkvdihost035.jakarta01.com,JAKARTA01\Rudy Setyo  
Error,10/5/2017 8:59,EventCreate,1,None,Application,djkvdihost302.jakarta01.com,JAKARTA01\adityo yuwono  
Error,10/5/2017 8:58,WSH,1,None,Application,djkvdihost035.jakarta01.com,"CN=Rudy Setyo Wiyono password will expire in 3 day(s) at 10/8/2017 9:29:06 AM

Press CTRL + ALT + DEL and select the ""Change a password"" option."
Error,10/5/2017 8:58,EventCreate,1,None,Application,djkvdihost548.jakarta01.com,JAKARTA01\Bryant  
Error,10/5/2017 8:58,EventCreate,1,None,Application,djkvdihost677.jakarta01.com,JAKARTA01\erwin  
Error,10/5/2017 8:58,WSH,1,None,Application,djkvdihost035.jakarta01.com,"CN=Rudy Setyo Wiyono password will expire in 3 day(s) at 10/8/2017 9:29:06 AM

Press CTRL + ALT + DEL and select the ""Change a password"" option."
Error,10/5/2017 8:58,EventCreate,1,None,Application,djkvdihost686.jakarta01.com,JAKARTA01\kiky  
Error,10/5/2017 8:57,EventCreate,1,None,Application,djkvdihost211.jakarta01.com,JAKARTA01\Andradita  
Error,10/5/2017 8:56,EventCreate,1,None,Application,djkvdihost570.jakarta01.com,JAKARTA01\Linah  
Error,10/5/2017 8:57,EventCreate,1,None,Application,djkvdihost792.jakarta01.com,JAKARTA01\ummu  
Error,10/5/2017 8:56,Application Error,1000,-100,Application,djkvdihost570.jakarta01.com,"Faulting application name: OUTLOOK.EXE, version: 15.0.4919.1001, time stamp: 0x58d20482
Faulting module name: OUTLOOK.EXE, version: 15.0.4919.1001, time stamp: 0x58d20482
Exception code: 0xc0000005
Fault offset: 0x008924c4
Faulting process id: 0xca0
Faulting application start time: 0x01d33d69f7388e31
Faulting application path: C:\Program Files\Microsoft Office\Office15\OUTLOOK.EXE
Faulting module path: C:\Program Files\Microsoft Office\Office15\OUTLOOK.EXE
Report Id: 73a4fedf-a970-11e7-8afd-0050569f14fb"
Error,10/5/2017 8:56,EventCreate,1,None,Application,djkvdihost041.jakarta01.com,JAKARTA01\ceciliadt  
Error,10/5/2017 8:56,Application Error,1000,-100,Application,djkvdihost041.jakarta01.com,"Faulting application name: EXCEL.EXE, version: 15.0.4919.1000, time stamp: 0x58c7ab0f
Faulting module name: EXCEL.EXE, version: 15.0.4919.1000, time stamp: 0x58c7ab0f
Exception code: 0xc0000005
Fault offset: 0x00b3b5c7
Faulting process id: 0xf98
Faulting application start time: 0x01d33d7616cb34d9
Faulting application path: C:\Program Files\Microsoft Office\Office15\EXCEL.EXE
Faulting module path: C:\Program Files\Microsoft Office\Office15\EXCEL.EXE
Report Id: 5ddc4868-a970-11e7-9ce6-0050569f3b85"
Error,10/5/2017 8:56,EventCreate,1,None,Application,djkvdihost106.jakarta01.com,JAKARTA01\muhammadhakim  
Error,10/5/2017 8:55,EventCreate,1,None,Application,djkvdihost233.jakarta01.com,JAKARTA01\alex  
Error,10/5/2017 8:55,EventCreate,1,None,Application,djkvdihost149.jakarta01.com,JAKARTA01\ilham  
Error,10/5/2017 8:55,EventCreate,1,None,Application,djkvdihost683.jakarta01.com,JAKARTA01\fitri  
Error,10/5/2017 8:55,EventCreate,1,None,Application,djkvdihost461.jakarta01.com,JAKARTA01\diana  
Error,10/5/2017 8:54,EventCreate,1,None,Application,djkvdihost526.jakarta01.com,JAKARTA01\katrin  
Error,10/5/2017 8:54,EventCreate,1,None,Application,djkvdihost195.jakarta01.com,JAKARTA01\zahra  
Error,10/5/2017 8:53,EventCreate,1,None,Application,djkvdihost327.jakarta01.com,JAKARTA01\GuestISD48  
Error,10/5/2017 8:54,EventCreate,1,None,Application,djkvdihost683.jakarta01.com,JAKARTA01\fitri  
Error,10/5/2017 8:53,EventCreate,1,None,Application,djkvdihost471.jakarta01.com,JAKARTA01\indriani  
Error,10/5/2017 8:52,EventCreate,1,None,Application,djkvdihost822.jakarta01.com,JAKARTA01\Christopher  
Error,10/5/2017 8:51,EventCreate,1,None,Application,djkvdihost618.jakarta01.com,JAKARTA01\yenaretsa  
Error,10/5/2017 8:51,EventCreate,1,None,Application,djkvdihost852.jakarta01.com,JAKARTA01\sodeoka  
Error,10/5/2017 8:51,EventCreate,1,None,Application,djkvdihost593.jakarta01.com,JAKARTA01\haryadi  
Error,10/5/2017 8:51,EventCreate,1,None,Application,djkvdihost364.jakarta01.com,JAKARTA01\tasin  
Error,10/5/2017 8:50,EventCreate,1,None,Application,djkvdihost129.jakarta01.com,JAKARTA01\guestisd27  
Error,10/5/2017 8:50,EventCreate,1,None,Application,djkvdihost509.jakarta01.com,JAKARTA01\junito  
Error,10/5/2017 8:50,EventCreate,1,None,Application,djkvdihost280.jakarta01.com,JAKARTA01\Prihantono  
Error,10/5/2017 8:49,EventCreate,1,None,Application,djkvdihost504.jakarta01.com,JAKARTA01\dessy  
Error,10/5/2017 8:49,EventCreate,1,None,Application,djkvdihost431.jakarta01.com,JAKARTA01\david  
Error,10/5/2017 8:48,EventCreate,1,None,Application,djkvdihost265.jakarta01.com,JAKARTA01\aynie  
Error,10/5/2017 8:47,EventCreate,1,None,Application,djkvdihost357.jakarta01.com,JAKARTA01\guestisd20  
Error,10/5/2017 8:47,EventCreate,1,None,Application,djkvdihost040.jakarta01.com,JAKARTA01\Amaliawati  
Error,10/5/2017 8:47,Application Error,1000,-100,Application,djkvdihost040.jakarta01.com,"Faulting application name: spoolsv.exe, version: 6.1.7601.17777, time stamp: 0x4f35efc3
Faulting module name: msvcrt.dll, version: 7.0.7601.17744, time stamp: 0x4eeaf722
Exception code: 0xc0000005
Fault offset: 0x0000aa14
Faulting process id: 0x634
Faulting application start time: 0x01d33cf89f8de3a6
Faulting application path: C:\Windows\System32\spoolsv.exe
Faulting module path: C:\Windows\system32\msvcrt.dll
Report Id: 1b8233be-a96f-11e7-bc5c-0050569f20f8"
Error,10/5/2017 8:47,EventCreate,1,None,Application,djkvdihost454.jakarta01.com,JAKARTA01\nuning  
Error,10/5/2017 8:46,EventCreate,1,None,Application,djkvdihost346.jakarta01.com,JAKARTA01\enrikko  
Error,10/5/2017 8:46,EventCreate,1,None,Application,djkvdihost726.jakarta01.com,JAKARTA01\mohammad  
Error,10/5/2017 8:45,EventCreate,1,None,Application,djkvdihost202.jakarta01.com,JAKARTA01\danna  
Error,10/5/2017 8:45,Application Error,1000,-100,Application,djkvdihost202.jakarta01.com,"Faulting application name: EXCEL.EXE, version: 15.0.4919.1000, time stamp: 0x58c7ab0f
Faulting module name: unknown, version: 0.0.0.0, time stamp: 0x00000000
Exception code: 0xc0000005
Fault offset: 0x00520073
Faulting process id: 0x17e8
Faulting application start time: 0x01d33d7ba14176c8
Faulting application path: C:\Program Files\Microsoft Office\Office15\EXCEL.EXE
Faulting module path: unknown
Report Id: e1668b58-a96e-11e7-9501-0050569f7cb6"
Error,10/5/2017 8:45,EventCreate,1,None,Application,djkvdihost122.jakarta01.com,JAKARTA01\Rumata  
Error,10/5/2017 8:45,EventCreate,1,None,Application,djkvdihost722.jakarta01.com,JAKARTA01\guestisd55  
Error,10/5/2017 8:44,EventCreate,1,None,Application,djkvdihost105.jakarta01.com,JAKARTA01\Kartina  
Error,10/5/2017 8:44,EventCreate,1,None,Application,djkvdihost403.jakarta01.com,JAKARTA01\payogi  
Error,10/5/2017 8:44,EventCreate,1,None,Application,djkvdihost395.jakarta01.com,JAKARTA01\Erich  
Error,10/5/2017 8:44,EventCreate,1,None,Application,djkvdihost267.jakarta01.com,JAKARTA01\Jessica  
Error,10/5/2017 8:43,EventCreate,1,None,Application,djkvdihost122.jakarta01.com,JAKARTA01\Rumata  
Error,10/5/2017 8:43,EventCreate,1,None,Application,djkvdihost358.jakarta01.com,JAKARTA01\nurhayani  
Error,10/5/2017 8:42,WSH,1,None,Application,djkvdihost358.jakarta01.com,"CN=Nurhayani Purwitasari password will expire in 4 day(s) at 10/9/2017 7:23:45 AM

Press CTRL + ALT + DEL and select the ""Change a password"" option."
Error,10/5/2017 8:42,EventCreate,1,None,Application,djkvdihost003.jakarta01.com,JAKARTA01\anisa  
Error,10/5/2017 8:42,WSH,1,None,Application,djkvdihost358.jakarta01.com,"CN=Nurhayani Purwitasari password will expire in 4 day(s) at 10/9/2017 7:23:45 AM

Press CTRL + ALT + DEL and select the ""Change a password"" option."
Error,10/5/2017 8:42,EventCreate,1,None,Application,djkvdihost027.jakarta01.com,JAKARTA01\kurniawan  
Error,10/5/2017 8:42,EventCreate,1,None,Application,djkvdihost556.jakarta01.com,JAKARTA01\Widi Anggraeni  
Error,10/5/2017 8:42,Application Error,1000,-100,Application,djkvdihost027.jakarta01.com,"Faulting application name: spoolsv.exe, version: 6.1.7601.17777, time stamp: 0x4f35efc3
Faulting module name: msvcrt.dll, version: 7.0.7601.17744, time stamp: 0x4eeaf722
Exception code: 0xc0000005
Fault offset: 0x0000aa14
Faulting process id: 0x62c
Faulting application start time: 0x01d33cf491be52f5
Faulting application path: C:\Windows\System32\spoolsv.exe
Faulting module path: C:\Windows\system32\msvcrt.dll
Report Id: 6e24070c-a96e-11e7-a0d7-0050569f43b0"
Error,10/5/2017 8:42,EventCreate,1,None,Application,djkvdihost179.jakarta01.com,JAKARTA01\AdindaGita  
Error,10/5/2017 8:42,Application Error,1000,-100,Application,djkvdihost003.jakarta01.com,"Faulting application name: OUTLOOK.EXE, version: 15.0.4919.1001, time stamp: 0x58d20482
Faulting module name: OUTLOOK.EXE, version: 15.0.4919.1001, time stamp: 0x58d20482
Exception code: 0xc0000005
Fault offset: 0x008924c7
Faulting process id: 0x1874
Faulting application start time: 0x01d33d65fce8e6e1
Faulting application path: C:\Program Files\Microsoft Office\Office15\OUTLOOK.EXE
Faulting module path: C:\Program Files\Microsoft Office\Office15\OUTLOOK.EXE
Report Id: 666c2b2c-a96e-11e7-9e54-0050569f4b5e"
Error,10/5/2017 8:41,Application Error,1000,-100,Application,djkvdihost556.jakarta01.com,"Faulting application name: lync.exe, version: 15.0.4919.1000, time stamp: 0x58c7ab1e
Faulting module name: ntdll.dll, version: 6.1.7601.23714, time stamp: 0x58bf8774
Exception code: 0xc0000005
Fault offset: 0x00031dca
Faulting process id: 0x1288
Faulting application start time: 0x01d33d773096593f
Faulting application path: C:\Program Files\Microsoft Office\Office15\lync.exe
Faulting module path: C:\Windows\SYSTEM32\ntdll.dll
Report Id: 5fbc080f-a96e-11e7-9ade-0050569f0331"
Error,10/5/2017 8:41,EventCreate,1,None,Application,djkvdihost422.jakarta01.com,JAKARTA01\teddy  
Error,10/5/2017 8:40,EventCreate,1,None,Application,djkvdihost513.jakarta01.com,JAKARTA01\Elvira  
Error,10/5/2017 8:40,EventCreate,1,None,Application,djkvdihost064.jakarta01.com,JAKARTA01\wang  
Error,10/5/2017 8:40,EventCreate,1,None,Application,djkvdihost692.jakarta01.com,JAKARTA01\nurfadila  
Error,10/5/2017 8:40,EventCreate,1,None,Application,djkvdihost371.jakarta01.com,JAKARTA01\marlina2  
Error,10/5/2017 8:40,EventCreate,1,None,Application,djkvdihost237.jakarta01.com,JAKARTA01\nugrah  
Error,10/5/2017 8:38,EventCreate,1,None,Application,djkvdihost430.jakarta01.com,JAKARTA01\andre cahyono  
Error,10/5/2017 8:38,EventCreate,1,None,Application,djkvdihost466.jakarta01.com,JAKARTA01\mauluddin  
Error,10/5/2017 8:38,EventCreate,1,None,Application,djkvdihost201.jakarta01.com,JAKARTA01\abdulas  
Error,10/5/2017 8:37,EventCreate,1,None,Application,djkvdihost362.jakarta01.com,JAKARTA01\septi  
Error,10/5/2017 8:37,EventCreate,1,None,Application,djkvdihost077.jakarta01.com,JAKARTA01\dini hariyani  
Error,10/5/2017 8:37,EventCreate,1,None,Application,djkvdihost097.jakarta01.com,JAKARTA01\Guestisd31  
Error,10/5/2017 8:37,EventCreate,1,None,Application,djkvdihost588.jakarta01.com,JAKARTA01\karmelita  
Error,10/5/2017 8:37,Application Error,1000,-100,Application,djkvdihost588.jakarta01.com,"Faulting application name: spoolsv.exe, version: 6.1.7601.17777, time stamp: 0x4f35efc3
Faulting module name: msvcrt.dll, version: 7.0.7601.17744, time stamp: 0x4eeaf722
Exception code: 0xc0000005
Fault offset: 0x0000aa14
Faulting process id: 0x638
Faulting application start time: 0x01d33d02194e3233
Faulting application path: C:\Windows\System32\spoolsv.exe
Faulting module path: C:\Windows\system32\msvcrt.dll
Report Id: bbb3ceb9-a96d-11e7-9fcd-0050569f5d72"
Error,10/5/2017 8:36,EventCreate,1,None,Application,djkvdihost294.jakarta01.com,JAKARTA01\Guestisd30  
Error,10/5/2017 8:36,EventCreate,1,None,Application,djkvdihost828.jakarta01.com,JAKARTA01\boby  
Error,10/5/2017 8:35,EventCreate,1,None,Application,djkvdihost503.jakarta01.com,JAKARTA01\yudistira  
Error,10/5/2017 8:35,EventCreate,1,None,Application,djkvdihost780.jakarta01.com,JAKARTA01\mpinto  
Error,10/5/2017 8:35,EventCreate,1,None,Application,djkvdihost568.jakarta01.com,JAKARTA01\dwihan  
Error,10/5/2017 8:35,EventCreate,1,None,Application,djkvdihost514.jakarta01.com,JAKARTA01\eka  
Error,10/5/2017 8:35,EventCreate,1,None,Application,djkvdihost771.jakarta01.com,JAKARTA01\amiratul  
Error,10/5/2017 8:34,EventCreate,1,None,Application,djkvdihost546.jakarta01.com,JAKARTA01\Ronald Hertanto  
Error,10/5/2017 8:34,EventCreate,1,None,Application,djkvdihost407.jakarta01.com,JAKARTA01\dolly  
Error,10/5/2017 8:34,EventCreate,1,None,Application,djkvdihost254.jakarta01.com,JAKARTA01\primaningtyas  
Error,10/5/2017 8:33,EventCreate,1,None,Application,djkvdihost437.jakarta01.com,JAKARTA01\resha  
Error,10/5/2017 8:33,EventCreate,1,None,Application,djkvdihost338.jakarta01.com,JAKARTA01\hardianbp  
Error,10/5/2017 8:33,EventCreate,1,None,Application,djkvdihost654.jakarta01.com,JAKARTA01\fathur  
Error,10/5/2017 8:32,EventCreate,1,None,Application,djkvdihost363.jakarta01.com,JAKARTA01\MAUREEN  
Error,10/5/2017 8:32,WSH,1,None,Application,djkvdihost437.jakarta01.com,"CN=Resha Ayu Angela Fatri password will expire in 3 day(s) at 10/8/2017 8:22:04 AM

Press CTRL + ALT + DEL and select the ""Change a password"" option."
Error,10/5/2017 8:32,EventCreate,1,None,Application,djkvdihost092.jakarta01.com,JAKARTA01\nur endah  
Error,10/5/2017 8:31,Application Error,1000,-100,Application,djkvdihost092.jakarta01.com,"Faulting application name: OUTLOOK.EXE, version: 15.0.4919.1001, time stamp: 0x58d20482
Faulting module name: OUTLOOK.EXE, version: 15.0.4919.1001, time stamp: 0x58d20482
Exception code: 0xc0000005
Fault offset: 0x008924c7
Faulting process id: 0x13ac
Faulting application start time: 0x01d33d72eefc84e6
Faulting application path: C:\Program Files\Microsoft Office\Office15\OUTLOOK.EXE
Faulting module path: C:\Program Files\Microsoft Office\Office15\OUTLOOK.EXE
Report Id: faaff2ea-a96c-11e7-9b5a-0050569f40ab"
Error,10/5/2017 8:32,EventCreate,1,None,Application,djkvdihost199.jakarta01.com,JAKARTA01\guestisd25  
Error,10/5/2017 8:32,WSH,1,None,Application,djkvdihost437.jakarta01.com,"CN=Resha Ayu Angela Fatri password will expire in 3 day(s) at 10/8/2017 8:22:04 AM

Press CTRL + ALT + DEL and select the ""Change a password"" option."
Error,10/5/2017 8:32,EventCreate,1,None,Application,djkvdihost090.jakarta01.com,JAKARTA01\Riki Darisman  
Error,10/5/2017 8:32,EventCreate,1,None,Application,djkvdihost374.jakarta01.com,JAKARTA01\ferdiansyah  
Error,10/5/2017 8:31,EventCreate,1,None,Application,djkvdihost565.jakarta01.com,JAKARTA01\MahendraR  
Error,10/5/2017 8:31,EventCreate,1,None,Application,djkvdihost711.jakarta01.com,JAKARTA01\Yulistial  
Error,10/5/2017 8:31,EventCreate,1,None,Application,djkvdihost363.jakarta01.com,JAKARTA01\MAUREEN  
Error,10/5/2017 8:31,EventCreate,1,None,Application,djkvdihost550.jakarta01.com,JAKARTA01\naldi  
Error,10/5/2017 8:30,EventCreate,1,None,Application,djkvdihost032.jakarta01.com,JAKARTA01\ibahtiar  
Error,10/5/2017 8:30,EventCreate,1,None,Application,djkvdihost193.jakarta01.com,JAKARTA01\Katsuhito  
Error,10/5/2017 8:30,EventCreate,1,None,Application,djkvdihost637.jakarta01.com,JAKARTA01\andriana  
Error,10/5/2017 8:29,EventCreate,1,None,Application,djkvdihost528.jakarta01.com,JAKARTA01\bryan  
Error,10/5/2017 8:29,EventCreate,1,None,Application,djkvdihost573.jakarta01.com,JAKARTA01\guestisd65  
Error,10/5/2017 8:28,EventCreate,1,None,Application,djkvdihost895.jakarta01.com,JAKARTA01\adi prasetio  
Error,10/5/2017 8:28,EventCreate,1,None,Application,djkvdihost434.jakarta01.com,JAKARTA01\aryani  
Error,10/5/2017 8:28,EventCreate,1,None,Application,djkvdihost344.jakarta01.com,JAKARTA01\paramita  
Error,10/5/2017 8:28,EventCreate,1,None,Application,djkvdihost118.jakarta01.com,JAKARTA01\guestisd34  
Error,10/5/2017 8:28,EventCreate,1,None,Application,djkvdihost796.jakarta01.com,JAKARTA01\anderson  
Error,10/5/2017 8:27,EventCreate,1,None,Application,djkvdihost322.jakarta01.com,JAKARTA01\prakasa  
Error,10/5/2017 8:27,Application Error,1000,-100,Application,djkvdihost322.jakarta01.com,"Faulting application name: OUTLOOK.EXE, version: 15.0.4919.1001, time stamp: 0x58d20482
Faulting module name: OUTLOOK.EXE, version: 15.0.4919.1001, time stamp: 0x58d20482
Exception code: 0xc0000005
Fault offset: 0x008924c7
Faulting process id: 0x1d4
Faulting application start time: 0x01d33d765416bd86
Faulting application path: C:\Program Files\Microsoft Office\Office15\OUTLOOK.EXE
Faulting module path: C:\Program Files\Microsoft Office\Office15\OUTLOOK.EXE
Report Id: 6457ea45-a96c-11e7-910d-0050569f6d5d"
Error,10/5/2017 8:28,EventCreate,1,None,Application,djkvdihost434.jakarta01.com,JAKARTA01\aryani  
Error,10/5/2017 8:28,EventCreate,1,None,Application,djkvdihost552.jakarta01.com,JAKARTA01\dadang  
Error,10/5/2017 8:27,EventCreate,1,None,Application,djkvdihost477.jakarta01.com,JAKARTA01\Chadijah  
Error,10/5/2017 8:27,EventCreate,1,None,Application,djkvdihost066.jakarta01.com,JAKARTA01\AdhiNu  
Error,10/5/2017 8:27,EventCreate,1,None,Application,djkvdihost344.jakarta01.com,JAKARTA01\paramita  
Error,10/5/2017 8:27,EventCreate,1,None,Application,djkvdihost573.jakarta01.com,JAKARTA01\guestisd65  
Error,10/5/2017 8:26,EventCreate,1,None,Application,djkvdihost344.jakarta01.com,JAKARTA01\paramita  
Error,10/5/2017 8:26,EventCreate,1,None,Application,djkvdihost283.jakarta01.com,JAKARTA01\Rosulla  
Error,10/5/2017 8:26,EventCreate,1,None,Application,djkvdihost477.jakarta01.com,JAKARTA01\Chadijah  
Error,10/5/2017 8:25,EventCreate,1,None,Application,djkvdihost372.jakarta01.com,JAKARTA01\sutedja  
Error,10/5/2017 8:25,EventCreate,1,None,Application,djkvdihost010.jakarta01.com,JAKARTA01\apip  
Error,10/5/2017 8:25,Application Error,1000,-100,Application,djkvdihost010.jakarta01.com,"Faulting application name: WINWORD.EXE, version: 15.0.4911.1000, time stamp: 0x58a2c075
Faulting module name: wwlib.dll, version: 15.0.4911.1000, time stamp: 0x58a2c073
Exception code: 0xc0000005
Fault offset: 0x0075eeef
Faulting process id: 0x1a34
Faulting application start time: 0x01d33d76948f0780
Faulting application path: C:\Program Files\Microsoft Office\Office15\WINWORD.EXE
Faulting module path: C:\Program Files\Microsoft Office\Office15\wwlib.dll
Report Id: 0e2360d0-a96c-11e7-a950-0050569f5c74"
Error,10/5/2017 8:25,EventCreate,1,None,Application,djkvdihost229.jakarta01.com,JAKARTA01\maitri  
Error,10/5/2017 8:25,EventCreate,1,None,Application,djkvdihost542.jakarta01.com,JAKARTA01\DanielAW  
Error,10/5/2017 8:25,EventCreate,1,None,Application,djkvdihost263.jakarta01.com,JAKARTA01\mayang  
Error,10/5/2017 8:25,EventCreate,1,None,Application,djkvdihost524.jakarta01.com,JAKARTA01\jidromann  
Error,10/5/2017 8:25,EventCreate,1,None,Application,djkvdihost661.jakarta01.com,JAKARTA01\Rahmad  
Error,10/5/2017 8:25,Application Error,1000,-100,Application,djkvdihost524.jakarta01.com,"Faulting application name: spoolsv.exe, version: 6.1.7601.17777, time stamp: 0x4f35efc3
Faulting module name: msvcrt.dll, version: 7.0.7601.17744, time stamp: 0x4eeaf722
Exception code: 0xc0000005
Fault offset: 0x0000aa14
Faulting process id: 0x638
Faulting application start time: 0x01d33cfd70b36f93
Faulting application path: C:\Windows\System32\spoolsv.exe
Faulting module path: C:\Windows\system32\msvcrt.dll
Report Id: 13feb7f8-a96c-11e7-9b57-0050569f1e5a"
Error,10/5/2017 8:25,EventCreate,1,None,Application,djkvdihost379.jakarta01.com,JAKARTA01\harumi  
Error,10/5/2017 8:25,EventCreate,1,None,Application,djkvdihost630.jakarta01.com,JAKARTA01\guestisd36  
Error,10/5/2017 8:25,Application Error,1000,-100,Application,djkvdihost542.jakarta01.com,"Faulting application name: OUTLOOK.EXE, version: 15.0.4919.1001, time stamp: 0x58d20482
Faulting module name: OUTLOOK.EXE, version: 15.0.4919.1001, time stamp: 0x58d20482
Exception code: 0xc0000005
Fault offset: 0x008924c4
Faulting process id: 0x1c30
Faulting application start time: 0x01d33d727b067f4d
Faulting application path: C:\Program Files\Microsoft Office\Office15\OUTLOOK.EXE
Faulting module path: C:\Program Files\Microsoft Office\Office15\OUTLOOK.EXE
Report Id: 0ae58825-a96c-11e7-adac-0050569f5019"
Error,10/5/2017 8:24,EventCreate,1,None,Application,djkvdihost555.jakarta01.com,JAKARTA01\Kurnia Arisayuga  
Error,10/5/2017 8:24,EventCreate,1,None,Application,djkvdihost167.jakarta01.com,JAKARTA01\taty  
Error,10/5/2017 8:24,EventCreate,1,None,Application,djkvdihost109.jakarta01.com,JAKARTA01\sylvia  
Error,10/5/2017 8:24,EventCreate,1,None,Application,djkvdihost229.jakarta01.com,JAKARTA01\maitri  
Error,10/5/2017 8:23,EventCreate,1,None,Application,djkvdihost109.jakarta01.com,JAKARTA01\sylvia  
Error,10/5/2017 8:23,EventCreate,1,None,Application,djkvdihost167.jakarta01.com,JAKARTA01\taty  
Error,10/5/2017 8:23,EventCreate,1,None,Application,djkvdihost444.jakarta01.com,JAKARTA01\hadid  
Error,10/5/2017 8:23,Application Error,1000,-100,Application,djkvdihost444.jakarta01.com,"Faulting application name: spoolsv.exe, version: 6.1.7601.17777, time stamp: 0x4f35efc3
Faulting module name: msvcrt.dll, version: 7.0.7601.17744, time stamp: 0x4eeaf722
Exception code: 0xc0000005
Fault offset: 0x0000aa14
Faulting process id: 0x63c
Faulting application start time: 0x01d33cf78d79e338
Faulting application path: C:\Windows\System32\spoolsv.exe
Faulting module path: C:\Windows\system32\msvcrt.dll
Report Id: ca5d2137-a96b-11e7-8be3-0050569f07c9"
Error,10/5/2017 8:23,EventCreate,1,None,Application,djkvdihost372.jakarta01.com,JAKARTA01\sutedja  
Error,10/5/2017 8:23,EventCreate,1,None,Application,djkvdihost813.jakarta01.com,JAKARTA01\fauziah wildan  
Error,10/5/2017 8:23,EventCreate,1,None,Application,djkvdihost082.jakarta01.com,JAKARTA01\vita  
Error,10/5/2017 8:23,EventCreate,1,None,Application,djkvdihost167.jakarta01.com,JAKARTA01\taty  
Error,10/5/2017 8:22,EventCreate,1,None,Application,djkvdihost109.jakarta01.com,JAKARTA01\sylvia  
Error,10/5/2017 8:22,EventCreate,1,None,Application,djkvdihost763.jakarta01.com,JAKARTA01\DIdik  
Error,10/5/2017 8:22,EventCreate,1,None,Application,djkvdihost368.jakarta01.com,JAKARTA01\Novianawati  
Error,10/5/2017 8:22,EventCreate,1,None,Application,djkvdihost523.jakarta01.com,JAKARTA01\mochammad  
Error,10/5/2017 8:21,EventCreate,1,None,Application,djkvdihost576.jakarta01.com,JAKARTA01\sorayahs  
Error,10/5/2017 8:22,EventCreate,1,None,Application,djkvdihost766.jakarta01.com,JAKARTA01\m ridho  
Error,10/5/2017 8:21,EventCreate,1,None,Application,djkvdihost806.jakarta01.com,JAKARTA01\adriani  
Error,10/5/2017 8:21,EventCreate,1,None,Application,djkvdihost806.jakarta01.com,JAKARTA01\adriani  
Error,10/5/2017 8:21,EventCreate,1,None,Application,djkvdihost806.jakarta01.com,JAKARTA01\adriani  
Error,10/5/2017 8:21,EventCreate,1,None,Application,djkvdihost309.jakarta01.com,JAKARTA01\karmenia  
Error,10/5/2017 8:21,EventCreate,1,None,Application,djkvdihost573.jakarta01.com,JAKARTA01\dhimas  
Error,10/5/2017 8:21,WSH,1,None,Application,djkvdihost368.jakarta01.com,"CN=Novianawati Wahyuni password will expire in 4 day(s) at 10/9/2017 8:14:42 AM

Press CTRL + ALT + DEL and select the ""Change a password"" option."
Error,10/5/2017 8:21,EventCreate,1,None,Application,djkvdihost044.jakarta01.com,JAKARTA01\Donna  
Error,10/5/2017 8:21,EventCreate,1,None,Application,djkvdihost356.jakarta01.com,JAKARTA01\rara  
Error,10/5/2017 8:21,EventCreate,1,None,Application,djkvdihost096.jakarta01.com,JAKARTA01\amelinda  
Error,10/5/2017 8:21,EventCreate,1,None,Application,djkvdihost576.jakarta01.com,JAKARTA01\sorayahs  
Error,10/5/2017 8:21,EventCreate,1,None,Application,djkvdihost342.jakarta01.com,JAKARTA01\ghozia  
Error,10/5/2017 8:21,WSH,1,None,Application,djkvdihost368.jakarta01.com,"CN=Novianawati Wahyuni password will expire in 4 day(s) at 10/9/2017 8:14:42 AM

Press CTRL + ALT + DEL and select the ""Change a password"" option."
Error,10/5/2017 8:21,EventCreate,1,None,Application,djkvdihost190.jakarta01.com,JAKARTA01\andrik  
Error,10/5/2017 8:20,WSH,1,None,Application,djkvdihost044.jakarta01.com,"CN=Donna password will expire in 4 day(s) at 10/9/2017 1:18:52 PM

Press CTRL + ALT + DEL and select the ""Change a password"" option."
Error,10/5/2017 8:20,EventCreate,1,None,Application,djkvdihost652.jakarta01.com,JAKARTA01\pahlevi  
Error,10/5/2017 8:20,WSH,1,None,Application,djkvdihost044.jakarta01.com,"CN=Donna password will expire in 4 day(s) at 10/9/2017 1:18:52 PM

Press CTRL + ALT + DEL and select the ""Change a password"" option."
Error,10/5/2017 8:20,EventCreate,1,None,Application,djkvdihost604.jakarta01.com,JAKARTA01\panji ndaru  
Error,10/5/2017 8:20,EventCreate,1,None,Application,djkvdihost405.jakarta01.com,JAKARTA01\kristiana  
Error,10/5/2017 8:19,EventCreate,1,None,Application,djkvdihost165.jakarta01.com,JAKARTA01\Adang  
Error,10/5/2017 8:19,EventCreate,1,None,Application,djkvdihost328.jakarta01.com,JAKARTA01\ALFIYAH  
Error,10/5/2017 8:19,EventCreate,1,None,Application,djkvdihost779.jakarta01.com,JAKARTA01\venir  
Error,10/5/2017 8:18,EventCreate,1,None,Application,djkvdihost806.jakarta01.com,JAKARTA01\adriani  
Error,10/5/2017 8:18,Application Error,1000,-100,Application,djkvdihost806.jakarta01.com,"Faulting application name: spoolsv.exe, version: 6.1.7601.17777, time stamp: 0x4f35efc3
Faulting module name: msvcrt.dll, version: 7.0.7601.17744, time stamp: 0x4eeaf722
Exception code: 0xc0000005
Fault offset: 0x0000aa14
Faulting process id: 0x638
Faulting application start time: 0x01d33cf586ec9e1a
Faulting application path: C:\Windows\System32\spoolsv.exe
Faulting module path: C:\Windows\system32\msvcrt.dll
Report Id: 209c5bb8-a96b-11e7-bd44-0050569f7046"
Error,10/5/2017 8:19,EventCreate,1,None,Application,djkvdihost391.jakarta01.com,JAKARTA01\fahmi  
Error,10/5/2017 8:18,EventCreate,1,None,Application,djkvdihost456.jakarta01.com,JAKARTA01\Armanto  
Error,10/5/2017 8:18,EventCreate,1,None,Application,djkvdihost806.jakarta01.com,JAKARTA01\adriani  
Error,10/5/2017 8:18,EventCreate,1,None,Application,djkvdihost377.jakarta01.com,JAKARTA01\MFIRMAN  
Error,10/5/2017 8:18,EventCreate,1,None,Application,djkvdihost378.jakarta01.com,JAKARTA01\Reiffy  
Error,10/5/2017 8:18,EventCreate,1,None,Application,djkvdihost245.jakarta01.com,JAKARTA01\yusuf  
Error,10/5/2017 8:18,EventCreate,1,None,Application,djkvdihost387.jakarta01.com,JAKARTA01\LILY AISYAH  
Error,10/5/2017 8:18,EventCreate,1,None,Application,djkvdihost261.jakarta01.com,JAKARTA01\Elisabeth  
Error,10/5/2017 8:17,EventCreate,1,None,Application,djkvdihost148.jakarta01.com,JAKARTA01\ardiana  
Error,10/5/2017 8:17,EventCreate,1,None,Application,djkvdihost469.jakarta01.com,JAKARTA01\wahyudj  
Error,10/5/2017 8:17,EventCreate,1,None,Application,djkvdihost441.jakarta01.com,JAKARTA01\alexsandro  
Error,10/5/2017 8:17,EventCreate,1,None,Application,djkvdihost492.jakarta01.com,JAKARTA01\endrojono  
Error,10/5/2017 8:17,EventCreate,1,None,Application,djkvdihost134.jakarta01.com,JAKARTA01\MuhammadH  
Error,10/5/2017 8:17,EventCreate,1,None,Application,djkvdihost480.jakarta01.com,JAKARTA01\nunu  
Error,10/5/2017 8:17,EventCreate,1,None,Application,djkvdihost726.jakarta01.com,JAKARTA01\Jessica  
Error,10/5/2017 8:17,EventCreate,1,None,Application,djkvdihost679.jakarta01.com,JAKARTA01\Rio  
Error,10/5/2017 8:16,WSH,1,None,Application,djkvdihost480.jakarta01.com,"CN=Nunu Rusli password will expire in 3 day(s) at 10/8/2017 8:06:25 AM

Press CTRL + ALT + DEL and select the ""Change a password"" option."
Error,10/5/2017 8:16,EventCreate,1,None,Application,djkvdihost054.jakarta01.com,JAKARTA01\rinaldonp  
Error,10/5/2017 8:16,WSH,1,None,Application,djkvdihost480.jakarta01.com,"CN=Nunu Rusli password will expire in 3 day(s) at 10/8/2017 8:06:25 AM

Press CTRL + ALT + DEL and select the ""Change a password"" option."
Error,10/5/2017 8:16,EventCreate,1,None,Application,djkvdihost463.jakarta01.com,JAKARTA01\nadia  
Error,10/5/2017 8:16,EventCreate,1,None,Application,djkvdihost212.jakarta01.com,JAKARTA01\william  
Error,10/5/2017 8:16,EventCreate,1,None,Application,djkvdihost525.jakarta01.com,JAKARTA01\anindita  
Error,10/5/2017 8:15,EventCreate,1,None,Application,djkvdihost554.jakarta01.com,JAKARTA01\dwi septiyanti  
Error,10/5/2017 8:15,EventCreate,1,None,Application,djkvdihost525.jakarta01.com,JAKARTA01\anindita  
Error,10/5/2017 8:15,EventCreate,1,None,Application,djkvdihost256.jakarta01.com,JAKARTA01\ali pasya  
Error,10/5/2017 8:14,EventCreate,1,None,Application,djkvdihost632.jakarta01.com,JAKARTA01\Thalia  
Error,10/5/2017 8:14,Application Error,1000,-100,Application,djkvdihost632.jakarta01.com,"Faulting application name: spoolsv.exe, version: 6.1.7601.17777, time stamp: 0x4f35efc3
Faulting module name: msvcrt.dll, version: 7.0.7601.17744, time stamp: 0x4eeaf722
Exception code: 0xc0000005
Fault offset: 0x0000aa14
Faulting process id: 0x1d50
Faulting application start time: 0x01d33d76506a8d82
Faulting application path: C:\Windows\System32\spoolsv.exe
Faulting module path: C:\Windows\system32\msvcrt.dll
Report Id: 98117d02-a96a-11e7-aa64-0050569f16af"
Error,10/5/2017 8:15,EventCreate,1,None,Application,djkvdihost879.jakarta01.com,JAKARTA01\Kurnia Arisayuga  
Error,10/5/2017 8:15,EventCreate,1,None,Application,djkvdihost710.jakarta01.com,JAKARTA01\hariri  
Error,10/5/2017 8:14,EventCreate,1,None,Application,djkvdihost153.jakarta01.com,JAKARTA01\mahendra  
Error,10/5/2017 8:14,EventCreate,1,None,Application,djkvdihost231.jakarta01.com,JAKARTA01\Ana  
Error,10/5/2017 8:14,EventCreate,1,None,Application,djkvdihost100.jakarta01.com,JAKARTA01\Ariestyo  
Error,10/5/2017 8:14,EventCreate,1,None,Application,djkvdihost315.jakarta01.com,JAKARTA01\agnesthine  
Error,10/5/2017 8:13,EventCreate,1,None,Application,djkvdihost684.jakarta01.com,JAKARTA01\Lutfi  
Error,10/5/2017 8:13,EventCreate,1,None,Application,djkvdihost436.jakarta01.com,JAKARTA01\denny  
Error,10/5/2017 8:13,EventCreate,1,None,Application,djkvdihost400.jakarta01.com,JAKARTA01\reny  
Error,10/5/2017 8:13,EventCreate,1,None,Application,djkvdihost332.jakarta01.com,JAKARTA01\muhamadZAH  
Error,10/5/2017 8:13,EventCreate,1,None,Application,djkvdihost518.jakarta01.com,JAKARTA01\Clara  
Error,10/5/2017 8:13,EventCreate,1,None,Application,djkvdihost067.jakarta01.com,JAKARTA01\GuestISD49  
Error,10/5/2017 8:13,EventCreate,1,None,Application,djkvdihost215.jakarta01.com,JAKARTA01\Agus  
Error,10/5/2017 8:13,EventCreate,1,None,Application,djkvdihost042.jakarta01.com,JAKARTA01\Adi Saputra  
Error,10/5/2017 8:12,EventCreate,1,None,Application,djkvdihost563.jakarta01.com,JAKARTA01\GuestISD46  
Error,10/5/2017 8:12,EventCreate,1,None,Application,djkvdihost304.jakarta01.com,JAKARTA01\eka prastica  
Error,10/5/2017 8:12,EventCreate,1,None,Application,djkvdihost669.jakarta01.com,JAKARTA01\christian2  
Error,10/5/2017 8:11,EventCreate,1,None,Application,djkvdihost081.jakarta01.com,JAKARTA01\rudini  
Error,10/5/2017 8:11,EventCreate,1,None,Application,djkvdihost700.jakarta01.com,JAKARTA01\Nur Maya  
Error,10/5/2017 8:11,EventCreate,1,None,Application,djkvdihost012.jakarta01.com,JAKARTA01\aprilia  
Error,10/5/2017 8:11,EventCreate,1,None,Application,djkvdihost194.jakarta01.com,JAKARTA01\yoshinta  
Error,10/5/2017 8:11,EventCreate,1,None,Application,djkvdihost141.jakarta01.com,JAKARTA01\kunthi  
Error,10/5/2017 8:11,EventCreate,1,None,Application,djkvdihost715.jakarta01.com,JAKARTA01\hafsia  
Error,10/5/2017 8:11,EventCreate,1,None,Application,djkvdihost715.jakarta01.com,JAKARTA01\hafsia  
Error,10/5/2017 8:10,EventCreate,1,None,Application,djkvdihost344.jakarta01.com,JAKARTA01\dadang  
Error,10/5/2017 8:10,EventCreate,1,None,Application,djkvdihost277.jakarta01.com,JAKARTA01\mulyono  
Error,10/5/2017 8:10,WSH,1,None,Application,djkvdihost700.jakarta01.com,"CN=Nur Maya Rahma password will expire in 3 day(s) at 10/8/2017 7:22:00 AM

Press CTRL + ALT + DEL and select the ""Change a password"" option."
Error,10/5/2017 8:10,WSH,1,None,Application,djkvdihost700.jakarta01.com,"CN=Nur Maya Rahma password will expire in 3 day(s) at 10/8/2017 7:22:00 AM

Press CTRL + ALT + DEL and select the ""Change a password"" option."
Error,10/5/2017 8:09,EventCreate,1,None,Application,djkvdihost425.jakarta01.com,JAKARTA01\elvina  
Error,10/5/2017 8:09,EventCreate,1,None,Application,djkvdihost443.jakarta01.com,JAKARTA01\lisa  
Error,10/5/2017 8:10,Application Error,1000,-100,Application,djkvdihost277.jakarta01.com,"Faulting application name: spoolsv.exe, version: 6.1.7601.17777, time stamp: 0x4f35efc3
Faulting module name: msvcrt.dll, version: 7.0.7601.17744, time stamp: 0x4eeaf722
Exception code: 0xc0000005
Fault offset: 0x0000aa14
Faulting process id: 0x634
Faulting application start time: 0x01d33ce42f51ae03
Faulting application path: C:\Windows\System32\spoolsv.exe
Faulting module path: C:\Windows\system32\msvcrt.dll
Report Id: ec2925ce-a969-11e7-bdcb-0050569f0aee"
Error,10/5/2017 8:10,EventCreate,1,None,Application,djkvdihost189.jakarta01.com,JAKARTA01\muhammady  
