Error,10/2/2017 8:07,EventCreate,1,None,Application,djkvdihost717.jakarta01.com,JAKARTA01\Rizky Anggari  
Error,10/2/2017 8:07,EventCreate,1,None,Application,djkvdihost321.jakarta01.com,JAKARTA01\henny  
Error,10/2/2017 8:07,EventCreate,1,None,Application,djkvdihost546.jakarta01.com,JAKARTA01\Devina  
Error,10/2/2017 8:07,EventCreate,1,None,Application,djkvdihost732.jakarta01.com,JAKARTA01\Teguh Aji  
Error,10/2/2017 8:07,EventCreate,1,None,Application,djkvdihost250.jakarta01.com,JAKARTA01\anindita  
Error,10/2/2017 8:07,EventCreate,1,None,Application,djkvdihost587.jakarta01.com,JAKARTA01\dadi  
Error,10/2/2017 8:07,EventCreate,1,None,Application,djkvdihost592.jakarta01.com,JAKARTA01\tyas  
Error,10/2/2017 8:07,EventCreate,1,None,Application,djkvdihost025.jakarta01.com,JAKARTA01\subhan  
Error,10/2/2017 8:07,EventCreate,1,None,Application,djkvdihost363.jakarta01.com,JAKARTA01\anissa  
Error,10/2/2017 8:07,EventCreate,1,None,Application,djkvdihost752.jakarta01.com,JAKARTA01\fathiya  
Error,10/2/2017 8:06,EventCreate,1,None,Application,djkvdihost769.jakarta01.com,JAKARTA01\nurlina  
Error,10/2/2017 8:07,EventCreate,1,None,Application,djkvdihost178.jakarta01.com,JAKARTA01\novitarini  
Error,10/2/2017 8:07,EventCreate,1,None,Application,djkvdihost779.jakarta01.com,JAKARTA01\trisnawati  
Error,10/2/2017 8:07,EventCreate,1,None,Application,djkvdihost408.jakarta01.com,JAKARTA01\Siti Atikah  
Error,10/2/2017 8:06,EventCreate,1,None,Application,djkvdihost264.jakarta01.com,JAKARTA01\dyah alit  
Error,10/2/2017 8:06,Application Error,1000,-100,Application,djkvdihost264.jakarta01.com,"Faulting application name: OUTLOOK.EXE, version: 15.0.4919.1001, time stamp: 0x58d20482
Faulting module name: OUTLOOK.EXE, version: 15.0.4919.1001, time stamp: 0x58d20482
Exception code: 0xc0000005
Fault offset: 0x008924c7
Faulting process id: 0x16b0
Faulting application start time: 0x01d33b13dd070261
Faulting application path: C:\Program Files\Microsoft Office\Office15\OUTLOOK.EXE
Faulting module path: C:\Program Files\Microsoft Office\Office15\OUTLOOK.EXE
Report Id: ef88a61b-a70d-11e7-87a6-0050569f08b8"
Error,10/2/2017 8:07,EventCreate,1,None,Application,djkvdihost213.jakarta01.com,JAKARTA01\rimico  
Error,10/2/2017 8:06,EventCreate,1,None,Application,djkvdihost660.jakarta01.com,JAKARTA01\eriku  
Error,10/2/2017 8:06,EventCreate,1,None,Application,djkvdihost571.jakarta01.com,JAKARTA01\sandi  
Error,10/2/2017 8:06,EventCreate,1,None,Application,djkvdihost011.jakarta01.com,JAKARTA01\Hasna  
Error,10/2/2017 8:06,EventCreate,1,None,Application,djkvdihost537.jakarta01.com,JAKARTA01\dwi budi  
Error,10/2/2017 8:06,EventCreate,1,None,Application,djkvdihost381.jakarta01.com,JAKARTA01\Widi Anggraeni  
Error,10/2/2017 8:06,EventCreate,1,None,Application,djkvdihost654.jakarta01.com,JAKARTA01\yusuf  
Error,10/2/2017 8:06,EventCreate,1,None,Application,djkvdihost595.jakarta01.com,JAKARTA01\teguh  
Error,10/2/2017 8:05,EventCreate,1,None,Application,djkvdihost310.jakarta01.com,JAKARTA01\daniel chin  
Error,10/2/2017 8:05,EventCreate,1,None,Application,djkvdihost252.jakarta01.com,JAKARTA01\tenri  
Error,10/2/2017 8:05,EventCreate,1,None,Application,djkvdihost569.jakarta01.com,JAKARTA01\Chairul  
Error,10/2/2017 8:05,EventCreate,1,None,Application,djkvdihost060.jakarta01.com,JAKARTA01\badrudin  
Error,10/2/2017 8:05,EventCreate,1,None,Application,djkvdihost084.jakarta01.com,JAKARTA01\dadang  
Error,10/2/2017 8:04,EventCreate,1,None,Application,djkvdihost749.jakarta01.com,JAKARTA01\Eny Masruroh  
Error,10/2/2017 8:05,EventCreate,1,None,Application,djkvdihost018.jakarta01.com,JAKARTA01\yuswardie  
Error,10/2/2017 8:05,EventCreate,1,None,Application,djkvdihost475.jakarta01.com,JAKARTA01\Arlyne  
Error,10/2/2017 8:05,EventCreate,1,None,Application,djkvdihost769.jakarta01.com,JAKARTA01\nurlina  
Error,10/2/2017 8:05,EventCreate,1,None,Application,djkvdihost786.jakarta01.com,JAKARTA01\Marganda  
Error,10/2/2017 8:05,EventCreate,1,None,Application,djkvdihost536.jakarta01.com,JAKARTA01\Damal  
Error,10/2/2017 8:04,EventCreate,1,None,Application,djkvdihost058.jakarta01.com,JAKARTA01\rizal  
Error,10/2/2017 8:04,EventCreate,1,None,Application,djkvdihost679.jakarta01.com,JAKARTA01\sulaiman  
Error,10/2/2017 8:04,EventCreate,1,None,Application,djkvdihost520.jakarta01.com,JAKARTA01\eriks  
Error,10/2/2017 8:04,EventCreate,1,None,Application,djkvdihost052.jakarta01.com,JAKARTA01\haedar  
Error,10/2/2017 8:04,EventCreate,1,None,Application,djkvdihost396.jakarta01.com,JAKARTA01\idams  
Error,10/2/2017 8:04,EventCreate,1,None,Application,djkvdihost168.jakarta01.com,JAKARTA01\MAUREEN  
Error,10/2/2017 8:04,EventCreate,1,None,Application,djkvdihost547.jakarta01.com,JAKARTA01\hertanto  
Error,10/2/2017 8:04,EventCreate,1,None,Application,djkvdihost419.jakarta01.com,JAKARTA01\Listya  
Error,10/2/2017 8:03,WSH,1,None,Application,djkvdihost749.jakarta01.com,"CN=Eny Masruroh password will expire in 1 day(s) at 10/3/2017 7:07:28 AM

Press CTRL + ALT + DEL and select the ""Change a password"" option."
Error,10/2/2017 8:04,EventCreate,1,None,Application,djkvdihost563.jakarta01.com,JAKARTA01\ailsa  
Error,10/2/2017 8:04,EventCreate,1,None,Application,djkvdihost804.jakarta01.com,JAKARTA01\wulan  
Error,10/2/2017 8:04,EventCreate,1,None,Application,djkvdihost658.jakarta01.com,JAKARTA01\niluh  
Error,10/2/2017 8:04,EventCreate,1,None,Application,djkvdihost168.jakarta01.com,JAKARTA01\MAUREEN  
Error,10/2/2017 8:04,EventCreate,1,None,Application,djkvdihost034.jakarta01.com,JAKARTA01\Dini Rahmawati  
Error,10/2/2017 8:03,EventCreate,1,None,Application,djkvdihost470.jakarta01.com,JAKARTA01\lileliza  
Error,10/2/2017 8:03,EventCreate,1,None,Application,djkvdihost541.jakarta01.com,JAKARTA01\wicaksono  
Error,10/2/2017 8:03,WSH,1,None,Application,djkvdihost749.jakarta01.com,"CN=Eny Masruroh password will expire in 1 day(s) at 10/3/2017 7:07:28 AM

Press CTRL + ALT + DEL and select the ""Change a password"" option."
Error,10/2/2017 8:03,EventCreate,1,None,Application,djkvdihost491.jakarta01.com,JAKARTA01\supris  
Error,10/2/2017 8:03,EventCreate,1,None,Application,djkvdihost898.jakarta01.com,JAKARTA01\Anosa  
Error,10/2/2017 8:03,EventCreate,1,None,Application,djkvdihost623.jakarta01.com,JAKARTA01\Helena  
Error,10/2/2017 8:03,EventCreate,1,None,Application,djkvdihost564.jakarta01.com,JAKARTA01\lizty  
Error,10/2/2017 8:03,EventCreate,1,None,Application,djkvdihost062.jakarta01.com,JAKARTA01\vanya  
Error,10/2/2017 8:03,EventCreate,1,None,Application,djkvdihost462.jakarta01.com,JAKARTA01\Lutfi  
Error,10/2/2017 8:03,EventCreate,1,None,Application,djkvdihost483.jakarta01.com,JAKARTA01\samekto  
Error,10/2/2017 8:03,Application Error,1000,-100,Application,djkvdihost541.jakarta01.com,"Faulting application name: spoolsv.exe, version: 6.1.7601.17777, time stamp: 0x4f35efc3
Faulting module name: msvcrt.dll, version: 7.0.7601.17744, time stamp: 0x4eeaf722
Exception code: 0xc0000005
Fault offset: 0x0000aa14
Faulting process id: 0x638
Faulting application start time: 0x01d33a2fc0db7e70
Faulting application path: C:\Windows\System32\spoolsv.exe
Faulting module path: C:\Windows\system32\msvcrt.dll
Report Id: 84b4197d-a70d-11e7-9f1f-0050569f54e6"
Error,10/2/2017 8:03,EventCreate,1,None,Application,djkvdihost397.jakarta01.com,JAKARTA01\hersiari  
Error,10/2/2017 8:03,EventCreate,1,None,Application,djkvdihost036.jakarta01.com,JAKARTA01\novianti  
Error,10/2/2017 8:03,EventCreate,1,None,Application,djkvdihost383.jakarta01.com,JAKARTA01\Didik  
Error,10/2/2017 8:03,EventCreate,1,None,Application,djkvdihost514.jakarta01.com,JAKARTA01\yenny  
Error,10/2/2017 8:03,Application Error,1000,-100,Application,djkvdihost462.jakarta01.com,"Faulting application name: spoolsv.exe, version: 6.1.7601.17777, time stamp: 0x4f35efc3
Faulting module name: msvcrt.dll, version: 7.0.7601.17744, time stamp: 0x4eeaf722
Exception code: 0xc0000005
Fault offset: 0x0000aa14
Faulting process id: 0x638
Faulting application start time: 0x01d33a2e7ba1bdf3
Faulting application path: C:\Windows\System32\spoolsv.exe
Faulting module path: C:\Windows\system32\msvcrt.dll
Report Id: 8023d7b4-a70d-11e7-9885-0050569f2330"
Error,10/2/2017 8:03,EventCreate,1,None,Application,djkvdihost361.jakarta01.com,JAKARTA01\ChyntiaDN  
Error,10/2/2017 8:03,EventCreate,1,None,Application,djkvdihost502.jakarta01.com,JAKARTA01\meva  
Error,10/2/2017 8:03,EventCreate,1,None,Application,djkvdihost188.jakarta01.com,JAKARTA01\evrizon  
Error,10/2/2017 8:03,EventCreate,1,None,Application,djkvdihost659.jakarta01.com,JAKARTA01\Erlisa  
Error,10/2/2017 8:03,EventCreate,1,None,Application,djkvdihost284.jakarta01.com,JAKARTA01\hendra firdaus  
Error,10/2/2017 8:03,EventCreate,1,None,Application,djkvdihost027.jakarta01.com,JAKARTA01\heriansyah  
Error,10/2/2017 8:02,EventCreate,1,None,Application,djkvdihost080.jakarta01.com,JAKARTA01\M Said  
Error,10/2/2017 8:02,EventCreate,1,None,Application,djkvdihost179.jakarta01.com,JAKARTA01\enrikko  
Error,10/2/2017 8:02,EventCreate,1,None,Application,djkvdihost347.jakarta01.com,JAKARTA01\rubyani  
Error,10/2/2017 8:02,EventCreate,1,None,Application,djkvdihost232.jakarta01.com,JAKARTA01\MegaDN  
Error,10/2/2017 8:02,EventCreate,1,None,Application,djkvdihost659.jakarta01.com,JAKARTA01\Erlisa  
Error,10/2/2017 8:02,EventCreate,1,None,Application,djkvdihost323.jakarta01.com,JAKARTA01\gerald  
Error,10/2/2017 8:02,EventCreate,1,None,Application,djkvdihost778.jakarta01.com,JAKARTA01\BudiS  
Error,10/2/2017 8:02,EventCreate,1,None,Application,djkvdihost397.jakarta01.com,JAKARTA01\hersiari  
Error,10/2/2017 8:02,EventCreate,1,None,Application,djkvdihost152.jakarta01.com,JAKARTA01\Nikmatullah  
Error,10/2/2017 8:02,EventCreate,1,None,Application,djkvdihost073.jakarta01.com,JAKARTA01\ng ryan  
Error,10/2/2017 8:02,EventCreate,1,None,Application,djkvdihost003.jakarta01.com,JAKARTA01\panji ndaru  
Error,10/2/2017 8:02,EventCreate,1,None,Application,djkvdihost080.jakarta01.com,JAKARTA01\M Said  
Error,10/2/2017 8:02,EventCreate,1,None,Application,djkvdihost326.jakarta01.com,JAKARTA01\puri  
Error,10/2/2017 8:01,EventCreate,1,None,Application,djkvdihost014.jakarta01.com,JAKARTA01\gadis  
Error,10/2/2017 8:02,EventCreate,1,None,Application,djkvdihost597.jakarta01.com,JAKARTA01\melany  
Error,10/2/2017 8:02,EventCreate,1,None,Application,djkvdihost209.jakarta01.com,JAKARTA01\adiyanti  
Error,10/2/2017 8:02,EventCreate,1,None,Application,djkvdihost318.jakarta01.com,JAKARTA01\agnesthine  
Error,10/2/2017 8:02,EventCreate,1,None,Application,djkvdihost790.jakarta01.com,JAKARTA01\citra  
Error,10/2/2017 8:01,EventCreate,1,None,Application,djkvdihost344.jakarta01.com,JAKARTA01\tara  
Error,10/2/2017 8:01,EventCreate,1,None,Application,djkvdihost764.jakarta01.com,JAKARTA01\tiar  
Error,10/2/2017 8:01,EventCreate,1,None,Application,djkvdihost665.jakarta01.com,JAKARTA01\poespita  
Error,10/2/2017 8:01,EventCreate,1,None,Application,djkvdihost605.jakarta01.com,JAKARTA01\prakasa  
Error,10/2/2017 8:01,EventCreate,1,None,Application,djkvdihost613.jakarta01.com,JAKARTA01\melani  
Error,10/2/2017 8:01,EventCreate,1,None,Application,djkvdihost392.jakarta01.com,JAKARTA01\yunita2  
Error,10/2/2017 8:01,EventCreate,1,None,Application,djkvdihost487.jakarta01.com,JAKARTA01\Fitri Nawawi  
Error,10/2/2017 8:01,EventCreate,1,None,Application,djkvdihost757.jakarta01.com,JAKARTA01\sergi  
Error,10/2/2017 8:01,EventCreate,1,None,Application,djkvdihost757.jakarta01.com,JAKARTA01\sergi  
Error,10/2/2017 8:01,EventCreate,1,None,Application,djkvdihost088.jakarta01.com,JAKARTA01\m iqbal  
Error,10/2/2017 8:00,EventCreate,1,None,Application,djkvdihost628.jakarta01.com,JAKARTA01\Clara  
Error,10/2/2017 8:01,EventCreate,1,None,Application,djkvdihost028.jakarta01.com,JAKARTA01\Adi Saputra  
Error,10/2/2017 8:01,EventCreate,1,None,Application,djkvdihost033.jakarta01.com,JAKARTA01\erminawati  
Error,10/2/2017 8:01,EventCreate,1,None,Application,djkvdihost135.jakarta01.com,JAKARTA01\ali pasya  
Error,10/2/2017 8:00,EventCreate,1,None,Application,djkvdihost398.jakarta01.com,JAKARTA01\bella  
Error,10/2/2017 8:00,EventCreate,1,None,Application,djkvdihost124.jakarta01.com,JAKARTA01\Daniel  
Error,10/2/2017 8:00,EventCreate,1,None,Application,djkvdihost235.jakarta01.com,JAKARTA01\andrewrs  
Error,10/2/2017 8:00,EventCreate,1,None,Application,djkvdihost468.jakarta01.com,JAKARTA01\fajar  
Error,10/2/2017 8:00,EventCreate,1,None,Application,djkvdihost468.jakarta01.com,JAKARTA01\fajar  
Error,10/2/2017 8:00,EventCreate,1,None,Application,djkvdihost809.jakarta01.com,JAKARTA01\wahyudj  
Error,10/2/2017 8:00,EventCreate,1,None,Application,djkvdihost287.jakarta01.com,JAKARTA01\dhimas  
Error,10/2/2017 8:00,EventCreate,1,None,Application,djkvdihost545.jakarta01.com,JAKARTA01\endah_k  
Error,10/2/2017 8:00,EventCreate,1,None,Application,djkvdihost628.jakarta01.com,JAKARTA01\Clara  
Error,10/2/2017 8:00,EventCreate,1,None,Application,djkvdihost371.jakarta01.com,JAKARTA01\karmelita  
Error,10/2/2017 8:00,EventCreate,1,None,Application,djkvdihost079.jakarta01.com,JAKARTA01\priscilla  
Error,10/2/2017 8:00,EventCreate,1,None,Application,djkvdihost584.jakarta01.com,JAKARTA01\Nazlaini  
Error,10/2/2017 8:00,WSH,1,None,Application,djkvdihost757.jakarta01.com,"CN=Sergi Sergi password will expire in 1 day(s) at 10/3/2017 8:06:57 AM

Press CTRL + ALT + DEL and select the ""Change a password"" option."
Error,10/2/2017 8:00,EventCreate,1,None,Application,djkvdihost185.jakarta01.com,JAKARTA01\Rio Satria  
Error,10/2/2017 8:00,EventCreate,1,None,Application,djkvdihost769.jakarta01.com,JAKARTA01\Lukitowati  
Error,10/2/2017 8:00,EventCreate,1,None,Application,djkvdihost769.jakarta01.com,JAKARTA01\Lukitowati  
Error,10/2/2017 7:59,EventCreate,1,None,Application,djkvdihost769.jakarta01.com,JAKARTA01\Lukitowati  
Error,10/2/2017 8:00,EventCreate,1,None,Application,djkvdihost894.jakarta01.com,JAKARTA01\matthew  
Error,10/2/2017 8:00,EventCreate,1,None,Application,djkvdihost715.jakarta01.com,JAKARTA01\ClarissaMh  
Error,10/2/2017 8:00,EventCreate,1,None,Application,djkvdihost693.jakarta01.com,JAKARTA01\raymond  
Error,10/2/2017 8:00,WSH,1,None,Application,djkvdihost757.jakarta01.com,"CN=Sergi Sergi password will expire in 1 day(s) at 10/3/2017 8:06:57 AM

Press CTRL + ALT + DEL and select the ""Change a password"" option."
Error,10/2/2017 8:00,EventCreate,1,None,Application,djkvdihost746.jakarta01.com,JAKARTA01\alexsandro  
Error,10/2/2017 8:00,EventCreate,1,None,Application,djkvdihost719.jakarta01.com,JAKARTA01\Winda  
Error,10/2/2017 8:00,EventCreate,1,None,Application,djkvdihost812.jakarta01.com,JAKARTA01\Darmawan  
Error,10/2/2017 7:59,EventCreate,1,None,Application,djkvdihost468.jakarta01.com,JAKARTA01\fajar  
Error,10/2/2017 7:59,EventCreate,1,None,Application,djkvdihost286.jakarta01.com,JAKARTA01\nicole  
Error,10/2/2017 7:59,EventCreate,1,None,Application,djkvdihost822.jakarta01.com,JAKARTA01\sonson  
Error,10/2/2017 7:59,Application Error,1000,-100,Application,djkvdihost545.jakarta01.com,"Faulting application name: wfcrun32.exe, version: 14.4.1000.16, time stamp: 0x571e1bd4
Faulting module name: unknown, version: 0.0.0.0, time stamp: 0x00000000
Exception code: 0xc0000005
Fault offset: 0x7740e1a9
Faulting process id: 0x18e4
Faulting application start time: 0x01d33b19bb609f5e
Faulting application path: C:\Program Files\Citrix\ICA Client\wfcrun32.exe
Faulting module path: unknown
Report Id: fdc96584-a70c-11e7-ae50-0050569f021c"
Error,10/2/2017 7:59,WSH,1,None,Application,djkvdihost812.jakarta01.com,"CN=Darmawan Dewanto password will expire in 1 day(s) at 10/3/2017 11:09:33 AM

Press CTRL + ALT + DEL and select the ""Change a password"" option."
Error,10/2/2017 7:59,EventCreate,1,None,Application,djkvdihost457.jakarta01.com,JAKARTA01\Darmawati  
Error,10/2/2017 7:59,EventCreate,1,None,Application,djkvdihost081.jakarta01.com,JAKARTA01\astio  
Error,10/2/2017 7:59,EventCreate,1,None,Application,djkvdihost549.jakarta01.com,JAKARTA01\raras  
Error,10/2/2017 7:59,EventCreate,1,None,Application,djkvdihost477.jakarta01.com,JAKARTA01\Novianawati  
Error,10/2/2017 7:59,EventCreate,1,None,Application,djkvdihost190.jakarta01.com,JAKARTA01\teddyks  
Error,10/2/2017 7:59,EventCreate,1,None,Application,djkvdihost751.jakarta01.com,JAKARTA01\andiani  
Error,10/2/2017 7:59,EventCreate,1,None,Application,djkvdihost065.jakarta01.com,JAKARTA01\vadya  
Error,10/2/2017 7:59,Application Error,1000,-100,Application,djkvdihost065.jakarta01.com,"Faulting application name: EXCEL.EXE, version: 15.0.4919.1000, time stamp: 0x58c7ab0f
Faulting module name: unknown, version: 0.0.0.0, time stamp: 0x00000000
Exception code: 0xc0000005
Fault offset: 0x00739090
Faulting process id: 0x1050
Faulting application start time: 0x01d33b19a778b97c
Faulting application path: C:\Program Files\Microsoft Office\Office15\EXCEL.EXE
Faulting module path: unknown
Report Id: e76a15c6-a70c-11e7-aae7-0050569f5350"
Error,10/2/2017 7:59,EventCreate,1,None,Application,djkvdihost769.jakarta01.com,JAKARTA01\Lukitowati  
Error,10/2/2017 7:59,EventCreate,1,None,Application,djkvdihost404.jakarta01.com,JAKARTA01\rahma  
Error,10/2/2017 7:59,EventCreate,1,None,Application,djkvdihost349.jakarta01.com,JAKARTA01\JUNETTE  
Error,10/2/2017 7:59,EventCreate,1,None,Application,djkvdihost751.jakarta01.com,JAKARTA01\andiani  
Error,10/2/2017 7:59,EventCreate,1,None,Application,djkvdihost364.jakarta01.com,JAKARTA01\Hilman  
Error,10/2/2017 7:59,WSH,1,None,Application,djkvdihost812.jakarta01.com,"CN=Darmawan Dewanto password will expire in 1 day(s) at 10/3/2017 11:09:33 AM

Press CTRL + ALT + DEL and select the ""Change a password"" option."
Error,10/2/2017 7:59,EventCreate,1,None,Application,djkvdihost329.jakarta01.com,JAKARTA01\ginanjar  
Error,10/2/2017 7:59,EventCreate,1,None,Application,djkvdihost743.jakarta01.com,JAKARTA01\muhammadhakim  
Error,10/2/2017 7:59,EventCreate,1,None,Application,djkvdihost617.jakarta01.com,JAKARTA01\Elisabeth  
Error,10/2/2017 7:59,EventCreate,1,None,Application,djkvdihost172.jakarta01.com,JAKARTA01\zulkarnaena  
Error,10/2/2017 7:59,EventCreate,1,None,Application,djkvdihost390.jakarta01.com,JAKARTA01\hemayani  
Error,10/2/2017 7:58,EventCreate,1,None,Application,djkvdihost722.jakarta01.com,JAKARTA01\ubaedi  
Error,10/2/2017 7:58,EventCreate,1,None,Application,djkvdihost417.jakarta01.com,JAKARTA01\M Fajri  
Error,10/2/2017 7:58,EventCreate,1,None,Application,djkvdihost675.jakarta01.com,JAKARTA01\nadhilah  
Error,10/2/2017 7:58,EventCreate,1,None,Application,djkvdihost599.jakarta01.com,JAKARTA01\laila  
Error,10/2/2017 7:57,EventCreate,1,None,Application,djkvdihost447.jakarta01.com,JAKARTA01\Bob Jasper  
Error,10/2/2017 7:58,EventCreate,1,None,Application,djkvdihost544.jakarta01.com,JAKARTA01\reny  
Error,10/2/2017 7:58,EventCreate,1,None,Application,djkvdihost107.jakarta01.com,JAKARTA01\smuhidin  
Error,10/2/2017 7:58,EventCreate,1,None,Application,djkvdihost607.jakarta01.com,JAKARTA01\anggata  
Error,10/2/2017 7:58,EventCreate,1,None,Application,djkvdihost694.jakarta01.com,JAKARTA01\widiasmara  
Error,10/2/2017 7:58,EventCreate,1,None,Application,djkvdihost401.jakarta01.com,JAKARTA01\hadid  
Error,10/2/2017 7:58,EventCreate,1,None,Application,djkvdihost399.jakarta01.com,JAKARTA01\meity  
Error,10/2/2017 7:58,EventCreate,1,None,Application,djkvdihost345.jakarta01.com,JAKARTA01\hafiah  
Error,10/2/2017 7:58,EventCreate,1,None,Application,djkvdihost835.jakarta01.com,JAKARTA01\widya utami  
Error,10/2/2017 7:58,EventCreate,1,None,Application,djkvdihost680.jakarta01.com,JAKARTA01\amiratul  
Error,10/2/2017 7:58,EventCreate,1,None,Application,djkvdihost896.jakarta01.com,JAKARTA01\Enjang  
Error,10/2/2017 7:57,EventCreate,1,None,Application,djkvdihost129.jakarta01.com,JAKARTA01\RatiAF  
Error,10/2/2017 7:57,EventCreate,1,None,Application,djkvdihost430.jakarta01.com,JAKARTA01\Beny  
Error,10/2/2017 7:57,EventCreate,1,None,Application,djkvdihost379.jakarta01.com,JAKARTA01\andryan  
Error,10/2/2017 7:57,EventCreate,1,None,Application,djkvdihost147.jakarta01.com,JAKARTA01\Darmi  
Error,10/2/2017 7:57,EventCreate,1,None,Application,djkvdihost242.jakarta01.com,JAKARTA01\chris bowo  
Error,10/2/2017 7:57,EventCreate,1,None,Application,djkvdihost332.jakarta01.com,JAKARTA01\davidc  
Error,10/2/2017 7:57,EventCreate,1,None,Application,djkvdihost447.jakarta01.com,JAKARTA01\Bob Jasper  
Error,10/2/2017 7:57,EventCreate,1,None,Application,djkvdihost141.jakarta01.com,JAKARTA01\alvita  
Error,10/2/2017 7:57,EventCreate,1,None,Application,djkvdihost270.jakarta01.com,JAKARTA01\Dian Permata  
Error,10/2/2017 7:57,EventCreate,1,None,Application,djkvdihost449.jakarta01.com,JAKARTA01\GuestISD43  
Error,10/2/2017 7:57,EventCreate,1,None,Application,djkvdihost838.jakarta01.com,JAKARTA01\arief  
Error,10/2/2017 7:57,EventCreate,1,None,Application,djkvdihost059.jakarta01.com,JAKARTA01\vita  
Error,10/2/2017 7:57,EventCreate,1,None,Application,djkvdihost158.jakarta01.com,JAKARTA01\kristiana  
Error,10/2/2017 7:57,EventCreate,1,None,Application,djkvdihost227.jakarta01.com,JAKARTA01\Mustikawati  
Error,10/2/2017 7:57,EventCreate,1,None,Application,djkvdihost218.jakarta01.com,JAKARTA01\himawan  
Error,10/2/2017 7:57,EventCreate,1,None,Application,djkvdihost147.jakarta01.com,JAKARTA01\Darmi  
Error,10/2/2017 7:57,EventCreate,1,None,Application,djkvdihost793.jakarta01.com,JAKARTA01\luthfi  
Error,10/2/2017 7:57,EventCreate,1,None,Application,djkvdihost227.jakarta01.com,JAKARTA01\Mustikawati  
Error,10/2/2017 7:56,EventCreate,1,None,Application,djkvdihost633.jakarta01.com,JAKARTA01\Audyanza  
Error,10/2/2017 7:56,EventCreate,1,None,Application,djkvdihost189.jakarta01.com,JAKARTA01\linda  
Error,10/2/2017 7:56,EventCreate,1,None,Application,djkvdihost677.jakarta01.com,JAKARTA01\annisa inggita  
Error,10/2/2017 7:56,EventCreate,1,None,Application,djkvdihost731.jakarta01.com,JAKARTA01\maulina  
Error,10/2/2017 7:56,EventCreate,1,None,Application,djkvdihost426.jakarta01.com,JAKARTA01\iqbal maulanasani  
Error,10/2/2017 7:56,EventCreate,1,None,Application,djkvdihost122.jakarta01.com,JAKARTA01\m ridho  
Error,10/2/2017 7:56,EventCreate,1,None,Application,djkvdihost695.jakarta01.com,JAKARTA01\fatima  
Error,10/2/2017 7:56,EventCreate,1,None,Application,djkvdihost382.jakarta01.com,JAKARTA01\budhasca  
Error,10/2/2017 7:56,EventCreate,1,None,Application,djkvdihost382.jakarta01.com,JAKARTA01\budhasca  
Error,10/2/2017 7:56,EventCreate,1,None,Application,djkvdihost382.jakarta01.com,JAKARTA01\budhasca  
Error,10/2/2017 7:56,EventCreate,1,None,Application,djkvdihost382.jakarta01.com,JAKARTA01\budhasca  
Error,10/2/2017 7:56,EventCreate,1,None,Application,djkvdihost155.jakarta01.com,JAKARTA01\fahrul  
Error,10/2/2017 7:56,EventCreate,1,None,Application,djkvdihost056.jakarta01.com,JAKARTA01\Ronald  
Error,10/2/2017 7:56,EventCreate,1,None,Application,djkvdihost136.jakarta01.com,JAKARTA01\yudi  
Error,10/2/2017 7:56,EventCreate,1,None,Application,djkvdihost785.jakarta01.com,JAKARTA01\arum eka  
Error,10/2/2017 7:56,EventCreate,1,None,Application,djkvdihost434.jakarta01.com,JAKARTA01\toyoda  
Error,10/2/2017 7:55,WSH,1,None,Application,djkvdihost633.jakarta01.com,"CN=Audyanza Manaf password will expire in 2 day(s) at 10/4/2017 8:07:13 AM

Press CTRL + ALT + DEL and select the ""Change a password"" option."
Error,10/2/2017 7:56,EventCreate,1,None,Application,djkvdihost832.jakarta01.com,JAKARTA01\Yudhadp  
Error,10/2/2017 7:56,EventCreate,1,None,Application,djkvdihost148.jakarta01.com,JAKARTA01\lani  
Error,10/2/2017 7:56,EventCreate,1,None,Application,djkvdihost795.jakarta01.com,JAKARTA01\henry  
Error,10/2/2017 7:55,EventCreate,1,None,Application,djkvdihost385.jakarta01.com,JAKARTA01\edwin  
Error,10/2/2017 7:55,EventCreate,1,None,Application,djkvdihost523.jakarta01.com,JAKARTA01\palmella  
Error,10/2/2017 7:55,WSH,1,None,Application,djkvdihost633.jakarta01.com,"CN=Audyanza Manaf password will expire in 2 day(s) at 10/4/2017 8:07:13 AM

Press CTRL + ALT + DEL and select the ""Change a password"" option."
Error,10/2/2017 7:55,EventCreate,1,None,Application,djkvdihost521.jakarta01.com,JAKARTA01\priscilla  
Error,10/2/2017 7:55,EventCreate,1,None,Application,djkvdihost595.jakarta01.com,JAKARTA01\Widi Anggraeni  
Error,10/2/2017 7:55,Application Error,1000,-100,Application,djkvdihost595.jakarta01.com,"Faulting application name: lync.exe, version: 15.0.4919.1000, time stamp: 0x58c7ab1e
Faulting module name: ntdll.dll, version: 6.1.7601.23714, time stamp: 0x58bf8774
Exception code: 0xc0000005
Fault offset: 0x00031dca
Faulting process id: 0x12e8
Faulting application start time: 0x01d33b189ca8a159
Faulting application path: C:\Program Files\Microsoft Office\Office15\lync.exe
Faulting module path: C:\Windows\SYSTEM32\ntdll.dll
Report Id: 58533a6f-a70c-11e7-89de-0050569f6357"
Error,10/2/2017 7:55,EventCreate,1,None,Application,djkvdihost335.jakarta01.com,JAKARTA01\ni ketut  
Error,10/2/2017 7:55,EventCreate,1,None,Application,djkvdihost138.jakarta01.com,JAKARTA01\zahra  
Error,10/2/2017 7:55,WSH,1,None,Application,djkvdihost382.jakarta01.com,"CN=BudHasca password will expire in 1 day(s) at 10/3/2017 12:26:51 PM

Press CTRL + ALT + DEL and select the ""Change a password"" option."
Error,10/2/2017 7:55,EventCreate,1,None,Application,djkvdihost518.jakarta01.com,JAKARTA01\dimas adhi  
Error,10/2/2017 7:55,EventCreate,1,None,Application,djkvdihost212.jakarta01.com,JAKARTA01\warda  
Error,10/2/2017 7:55,EventCreate,1,None,Application,djkvdihost143.jakarta01.com,JAKARTA01\Felix  
Error,10/2/2017 7:55,EventCreate,1,None,Application,djkvdihost335.jakarta01.com,JAKARTA01\ni ketut  
Error,10/2/2017 7:55,EventCreate,1,None,Application,djkvdihost716.jakarta01.com,JAKARTA01\Bagus Gede  
Error,10/2/2017 7:55,EventCreate,1,None,Application,djkvdihost274.jakarta01.com,JAKARTA01\hanna  
Error,10/2/2017 7:55,WSH,1,None,Application,djkvdihost382.jakarta01.com,"CN=BudHasca password will expire in 1 day(s) at 10/3/2017 12:26:51 PM

Press CTRL + ALT + DEL and select the ""Change a password"" option."
Error,10/2/2017 7:55,EventCreate,1,None,Application,djkvdihost641.jakarta01.com,JAKARTA01\Elvira  
Error,10/2/2017 7:55,EventCreate,1,None,Application,djkvdihost274.jakarta01.com,JAKARTA01\hanna  
Error,10/2/2017 7:55,EventCreate,1,None,Application,djkvdihost271.jakarta01.com,JAKARTA01\dady  
Error,10/2/2017 7:54,EventCreate,1,None,Application,djkvdihost234.jakarta01.com,JAKARTA01\Arum  
Error,10/2/2017 7:54,EventCreate,1,None,Application,djkvdihost384.jakarta01.com,JAKARTA01\rizka syarifa  
Error,10/2/2017 7:54,EventCreate,1,None,Application,djkvdihost672.jakarta01.com,JAKARTA01\wildan  
Error,10/2/2017 7:54,EventCreate,1,None,Application,djkvdihost204.jakarta01.com,JAKARTA01\belly  
Error,10/2/2017 7:54,EventCreate,1,None,Application,djkvdihost600.jakarta01.com,JAKARTA01\danna  
Error,10/2/2017 7:54,EventCreate,1,None,Application,djkvdihost204.jakarta01.com,JAKARTA01\belly  
Error,10/2/2017 7:53,EventCreate,1,None,Application,djkvdihost302.jakarta01.com,JAKARTA01\dimas  
Error,10/2/2017 7:53,EventCreate,1,None,Application,djkvdihost506.jakarta01.com,JAKARTA01\vinka  
Error,10/2/2017 7:53,EventCreate,1,None,Application,djkvdihost713.jakarta01.com,JAKARTA01\ronald david  
Error,10/2/2017 7:53,EventCreate,1,None,Application,djkvdihost380.jakarta01.com,JAKARTA01\indrak  
Error,10/2/2017 7:53,Application Error,1000,-100,Application,djkvdihost380.jakarta01.com,"Faulting application name: spoolsv.exe, version: 6.1.7601.17777, time stamp: 0x4f35efc3
Faulting module name: msvcrt.dll, version: 7.0.7601.17744, time stamp: 0x4eeaf722
Exception code: 0xc0000005
Fault offset: 0x0000aa14
Faulting process id: 0x62c
Faulting application start time: 0x01d33a2b63b5520b
Faulting application path: C:\Windows\System32\spoolsv.exe
Faulting module path: C:\Windows\system32\msvcrt.dll
Report Id: 120124eb-a70c-11e7-9e62-0050569f1bab"
Error,10/2/2017 7:53,EventCreate,1,None,Application,djkvdihost024.jakarta01.com,JAKARTA01\ahmad zainul  
Error,10/2/2017 7:53,EventCreate,1,None,Application,djkvdihost009.jakarta01.com,JAKARTA01\GUESTISD32  
Error,10/2/2017 7:53,EventCreate,1,None,Application,djkvdihost219.jakarta01.com,JAKARTA01\Indah  
Error,10/2/2017 7:53,EventCreate,1,None,Application,djkvdihost629.jakarta01.com,JAKARTA01\KristoforusAW  
Error,10/2/2017 7:52,EventCreate,1,None,Application,djkvdihost016.jakarta01.com,JAKARTA01\Marthen  
Error,10/2/2017 7:52,EventCreate,1,None,Application,djkvdihost595.jakarta01.com,JAKARTA01\Widi Anggraeni  
Error,10/2/2017 7:52,EventCreate,1,None,Application,djkvdihost565.jakarta01.com,JAKARTA01\sinta  
Error,10/2/2017 7:52,EventCreate,1,None,Application,djkvdihost150.jakarta01.com,JAKARTA01\phia  
Error,10/2/2017 7:52,EventCreate,1,None,Application,djkvdihost339.jakarta01.com,JAKARTA01\eunice  
Error,10/2/2017 7:52,EventCreate,1,None,Application,djkvdihost337.jakarta01.com,JAKARTA01\yosanta  
Error,10/2/2017 7:52,EventCreate,1,None,Application,djkvdihost330.jakarta01.com,JAKARTA01\ramantid  
Error,10/2/2017 7:51,EventCreate,1,None,Application,djkvdihost352.jakarta01.com,JAKARTA01\janna  
Error,10/2/2017 7:51,EventCreate,1,None,Application,djkvdihost300.jakarta01.com,JAKARTA01\ayu  
Error,10/2/2017 7:51,EventCreate,1,None,Application,djkvdihost442.jakarta01.com,JAKARTA01\Dwita  
Error,10/2/2017 7:51,EventCreate,1,None,Application,djkvdihost893.jakarta01.com,JAKARTA01\Agus Sutikno  
Error,10/2/2017 7:51,EventCreate,1,None,Application,djkvdihost639.jakarta01.com,JAKARTA01\rachelas  
Error,10/2/2017 7:51,EventCreate,1,None,Application,djkvdihost667.jakarta01.com,JAKARTA01\Risqia  
Error,10/2/2017 7:51,EventCreate,1,None,Application,djkvdihost774.jakarta01.com,JAKARTA01\ningmatul  
Error,10/2/2017 7:51,EventCreate,1,None,Application,djkvdihost451.jakarta01.com,JAKARTA01\istiningsih  
Error,10/2/2017 7:51,EventCreate,1,None,Application,djkvdihost115.jakarta01.com,JAKARTA01\bellaisya  
Error,10/2/2017 7:50,WSH,1,None,Application,djkvdihost352.jakarta01.com,"CN=Janna Irianto password will expire in 0 day(s) at 10/2/2017 8:21:20 AM

Press CTRL + ALT + DEL and select the ""Change a password"" option."
Error,10/2/2017 7:50,WSH,1,None,Application,djkvdihost352.jakarta01.com,"CN=Janna Irianto password will expire in 0 day(s) at 10/2/2017 8:21:20 AM

Press CTRL + ALT + DEL and select the ""Change a password"" option."
Error,10/2/2017 7:50,EventCreate,1,None,Application,djkvdihost806.jakarta01.com,JAKARTA01\Pratama  
Error,10/2/2017 7:50,EventCreate,1,None,Application,djkvdihost729.jakarta01.com,JAKARTA01\arinie  
Error,10/2/2017 7:50,EventCreate,1,None,Application,djkvdihost174.jakarta01.com,JAKARTA01\heriyadi  
Error,10/2/2017 7:50,EventCreate,1,None,Application,djkvdihost895.jakarta01.com,JAKARTA01\Adhisty  
Error,10/2/2017 7:50,EventCreate,1,None,Application,djkvdihost414.jakarta01.com,JAKARTA01\andika  
Error,10/2/2017 7:50,EventCreate,1,None,Application,djkvdihost378.jakarta01.com,JAKARTA01\achmadr  
Error,10/2/2017 7:50,WSH,1,None,Application,djkvdihost729.jakarta01.com,"CN=Arinie Ratna Puspita password will expire in 3 day(s) at 10/5/2017 3:05:51 PM

Press CTRL + ALT + DEL and select the ""Change a password"" option."
Error,10/2/2017 7:50,WSH,1,None,Application,djkvdihost729.jakarta01.com,"CN=Arinie Ratna Puspita password will expire in 3 day(s) at 10/5/2017 3:05:51 PM

Press CTRL + ALT + DEL and select the ""Change a password"" option."
Error,10/2/2017 7:49,EventCreate,1,None,Application,djkvdihost298.jakarta01.com,JAKARTA01\Nurhayati  
Error,10/2/2017 7:49,EventCreate,1,None,Application,djkvdihost380.jakarta01.com,JAKARTA01\indrak  
Error,10/2/2017 7:49,EventCreate,1,None,Application,djkvdihost142.jakarta01.com,JAKARTA01\marie  
Error,10/2/2017 7:49,EventCreate,1,None,Application,djkvdihost319.jakarta01.com,JAKARTA01\cecilia  
Error,10/2/2017 7:49,EventCreate,1,None,Application,djkvdihost745.jakarta01.com,JAKARTA01\Fardhady  
Error,10/2/2017 7:49,EventCreate,1,None,Application,djkvdihost008.jakarta01.com,JAKARTA01\Liasyah  
Error,10/2/2017 7:48,EventCreate,1,None,Application,djkvdihost616.jakarta01.com,JAKARTA01\Puspa  
Error,10/2/2017 7:48,EventCreate,1,None,Application,djkvdihost100.jakarta01.com,JAKARTA01\astriana  
Error,10/2/2017 7:48,EventCreate,1,None,Application,djkvdihost644.jakarta01.com,JAKARTA01\krisnawan  
Error,10/2/2017 7:48,WSH,1,None,Application,djkvdihost100.jakarta01.com,"CN=Astriana Nur Annissa password will expire in 3 day(s) at 10/5/2017 7:44:37 AM

Press CTRL + ALT + DEL and select the ""Change a password"" option."
Error,10/2/2017 7:48,EventCreate,1,None,Application,djkvdihost674.jakarta01.com,JAKARTA01\indra pranowo  
Error,10/2/2017 7:48,EventCreate,1,None,Application,djkvdihost819.jakarta01.com,JAKARTA01\magdalena  
Error,10/2/2017 7:48,EventCreate,1,None,Application,djkvdihost054.jakarta01.com,JAKARTA01\indra jayadi  
Error,10/2/2017 7:48,EventCreate,1,None,Application,djkvdihost570.jakarta01.com,JAKARTA01\Rahmat  
Error,10/2/2017 7:48,EventCreate,1,None,Application,djkvdihost199.jakarta01.com,JAKARTA01\christian  
Error,10/2/2017 7:48,EventCreate,1,None,Application,djkvdihost690.jakarta01.com,JAKARTA01\chris  
Error,10/2/2017 7:48,EventCreate,1,None,Application,djkvdihost765.jakarta01.com,JAKARTA01\ceciliadt  
Error,10/2/2017 7:48,WSH,1,None,Application,djkvdihost100.jakarta01.com,"CN=Astriana Nur Annissa password will expire in 3 day(s) at 10/5/2017 7:44:37 AM

Press CTRL + ALT + DEL and select the ""Change a password"" option."
Error,10/2/2017 7:48,EventCreate,1,None,Application,djkvdihost429.jakarta01.com,JAKARTA01\Putri Damayanti  
Error,10/2/2017 7:47,EventCreate,1,None,Application,djkvdihost186.jakarta01.com,JAKARTA01\puji  
Error,10/2/2017 7:47,EventCreate,1,None,Application,djkvdihost126.jakarta01.com,JAKARTA01\Lily  
Error,10/2/2017 7:47,EventCreate,1,None,Application,djkvdihost233.jakarta01.com,JAKARTA01\Aviv  
Error,10/2/2017 7:47,EventCreate,1,None,Application,djkvdihost550.jakarta01.com,JAKARTA01\Dini  
Error,10/2/2017 7:46,EventCreate,1,None,Application,djkvdihost567.jakarta01.com,JAKARTA01\Hera  
Error,10/2/2017 7:46,Application Error,1000,-100,Application,djkvdihost567.jakarta01.com,"Faulting application name: OUTLOOK.EXE, version: 15.0.4919.1001, time stamp: 0x58d20482
Faulting module name: OUTLOOK.EXE, version: 15.0.4919.1001, time stamp: 0x58d20482
Exception code: 0xc0000005
Fault offset: 0x008924c4
Faulting process id: 0x1ce8
Faulting application start time: 0x01d33b126f61cdb4
Faulting application path: C:\Program Files\Microsoft Office\Office15\OUTLOOK.EXE
Faulting module path: C:\Program Files\Microsoft Office\Office15\OUTLOOK.EXE
Report Id: 26f569cd-a70b-11e7-8b61-0050569f30ec"
Error,10/2/2017 7:47,EventCreate,1,None,Application,djkvdihost201.jakarta01.com,JAKARTA01\Yustine  
Error,10/2/2017 7:46,EventCreate,1,None,Application,djkvdihost555.jakarta01.com,JAKARTA01\budi ramadhan  
Error,10/2/2017 7:46,EventCreate,1,None,Application,djkvdihost123.jakarta01.com,JAKARTA01\fitri  
Error,10/2/2017 7:46,EventCreate,1,None,Application,djkvdihost467.jakarta01.com,JAKARTA01\imam  
Error,10/2/2017 7:46,EventCreate,1,None,Application,djkvdihost453.jakarta01.com,JAKARTA01\WulanAn  
Error,10/2/2017 7:46,EventCreate,1,None,Application,djkvdihost661.jakarta01.com,JAKARTA01\ivan  
Error,10/2/2017 7:46,EventCreate,1,None,Application,djkvdihost830.jakarta01.com,JAKARTA01\hendry  
Error,10/2/2017 7:46,EventCreate,1,None,Application,djkvdihost370.jakarta01.com,JAKARTA01\muhammady  
Error,10/2/2017 7:46,EventCreate,1,None,Application,djkvdihost626.jakarta01.com,JAKARTA01\Pradita  
Error,10/2/2017 7:46,EventCreate,1,None,Application,djkvdihost016.jakarta01.com,JAKARTA01\Marthen  
Error,10/2/2017 7:46,Application Error,1000,-100,Application,djkvdihost016.jakarta01.com,"Faulting application name: spoolsv.exe, version: 6.1.7601.17777, time stamp: 0x4f35efc3
Faulting module name: msvcrt.dll, version: 7.0.7601.17744, time stamp: 0x4eeaf722
Exception code: 0xc0000005
Fault offset: 0x0000aa14
Faulting process id: 0x638
Faulting application start time: 0x01d33a2ca84fd4c4
Faulting application path: C:\Windows\System32\spoolsv.exe
Faulting module path: C:\Windows\system32\msvcrt.dll
Report Id: 18b08cb2-a70b-11e7-82df-0050569f1c7b"
Error,10/2/2017 7:46,EventCreate,1,None,Application,djkvdihost606.jakarta01.com,JAKARTA01\Nirmala  
Error,10/2/2017 7:46,EventCreate,1,None,Application,djkvdihost741.jakarta01.com,JAKARTA01\martha  
Error,10/2/2017 7:45,EventCreate,1,None,Application,djkvdihost609.jakarta01.com,JAKARTA01\Resty  
Error,10/2/2017 7:45,EventCreate,1,None,Application,djkvdihost192.jakarta01.com,JAKARTA01\karen  
Error,10/2/2017 7:45,EventCreate,1,None,Application,djkvdihost031.jakarta01.com,JAKARTA01\nurmalasari  
Error,10/2/2017 7:45,EventCreate,1,None,Application,djkvdihost211.jakarta01.com,JAKARTA01\chalfin  
Error,10/2/2017 7:45,EventCreate,1,None,Application,djkvdihost119.jakarta01.com,JAKARTA01\REIS  
Error,10/2/2017 7:45,EventCreate,1,None,Application,djkvdihost440.jakarta01.com,JAKARTA01\aditya chandra  
Error,10/2/2017 7:45,EventCreate,1,None,Application,djkvdihost376.jakarta01.com,JAKARTA01\titis  
Error,10/2/2017 7:44,EventCreate,1,None,Application,djkvdihost685.jakarta01.com,JAKARTA01\ferdi  
Error,10/2/2017 7:44,EventCreate,1,None,Application,djkvdihost664.jakarta01.com,JAKARTA01\Latiefah  
Error,10/2/2017 7:44,EventCreate,1,None,Application,djkvdihost656.jakarta01.com,JAKARTA01\samsul  
Error,10/2/2017 7:44,EventCreate,1,None,Application,djkvdihost090.jakarta01.com,JAKARTA01\harumi  
Error,10/2/2017 7:43,EventCreate,1,None,Application,djkvdihost899.jakarta01.com,JAKARTA01\StellaH  
Error,10/2/2017 7:43,EventCreate,1,None,Application,djkvdihost552.jakarta01.com,JAKARTA01\Djohan  
Error,10/2/2017 7:43,EventCreate,1,None,Application,djkvdihost086.jakarta01.com,JAKARTA01\mario  
Error,10/2/2017 7:43,EventCreate,1,None,Application,djkvdihost704.jakarta01.com,JAKARTA01\alfiari  
Error,10/2/2017 7:43,EventCreate,1,None,Application,djkvdihost105.jakarta01.com,JAKARTA01\Riki Darisman  
Error,10/2/2017 7:43,EventCreate,1,None,Application,djkvdihost611.jakarta01.com,JAKARTA01\rahayu  
Error,10/2/2017 7:43,EventCreate,1,None,Application,djkvdihost650.jakarta01.com,JAKARTA01\Aisyah  
Error,10/2/2017 7:43,EventCreate,1,None,Application,djkvdihost412.jakarta01.com,JAKARTA01\airin  
Error,10/2/2017 7:43,EventCreate,1,None,Application,djkvdihost431.jakarta01.com,JAKARTA01\davidhs  
Error,10/2/2017 7:43,EventCreate,1,None,Application,djkvdihost748.jakarta01.com,JAKARTA01\yusi  
Error,10/2/2017 7:42,EventCreate,1,None,Application,djkvdihost144.jakarta01.com,JAKARTA01\saputro  
Error,10/2/2017 7:42,EventCreate,1,None,Application,djkvdihost560.jakarta01.com,JAKARTA01\Dwi anisa  
Error,10/2/2017 7:41,EventCreate,1,None,Application,djkvdihost692.jakarta01.com,JAKARTA01\nur endah  
Error,10/2/2017 7:41,EventCreate,1,None,Application,djkvdihost061.jakarta01.com,JAKARTA01\mirawati  
Error,10/2/2017 7:41,EventCreate,1,None,Application,djkvdihost652.jakarta01.com,JAKARTA01\edwan  
Error,10/2/2017 7:41,EventCreate,1,None,Application,djkvdihost651.jakarta01.com,JAKARTA01\Arina  
Error,10/2/2017 7:41,WSH,1,None,Application,djkvdihost061.jakarta01.com,"CN=Mirawati Pranoto password will expire in 3 day(s) at 10/5/2017 7:42:29 AM

Press CTRL + ALT + DEL and select the ""Change a password"" option."
Error,10/2/2017 7:41,EventCreate,1,None,Application,djkvdihost043.jakarta01.com,JAKARTA01\Talitha  
Error,10/2/2017 7:41,EventCreate,1,None,Application,djkvdihost387.jakarta01.com,JAKARTA01\endrojono  
Error,10/2/2017 7:41,WSH,1,None,Application,djkvdihost061.jakarta01.com,"CN=Mirawati Pranoto password will expire in 3 day(s) at 10/5/2017 7:42:29 AM

Press CTRL + ALT + DEL and select the ""Change a password"" option."
Error,10/2/2017 7:40,EventCreate,1,None,Application,djkvdihost395.jakarta01.com,JAKARTA01\Ajie  
Error,10/2/2017 7:40,EventCreate,1,None,Application,djkvdihost015.jakarta01.com,JAKARTA01\rezky  
Error,10/2/2017 7:40,EventCreate,1,None,Application,djkvdihost473.jakarta01.com,JAKARTA01\sitti  
Error,10/2/2017 7:40,EventCreate,1,None,Application,djkvdihost608.jakarta01.com,JAKARTA01\mahendra  
Error,10/2/2017 7:39,EventCreate,1,None,Application,djkvdihost197.jakarta01.com,JAKARTA01\Armanto  
Error,10/2/2017 7:39,EventCreate,1,None,Application,djkvdihost307.jakarta01.com,JAKARTA01\Ariestyo  
Error,10/2/2017 7:39,EventCreate,1,None,Application,djkvdihost880.jakarta01.com,JAKARTA01\Kurnia Arisayuga  
Error,10/2/2017 7:39,EventCreate,1,None,Application,djkvdihost568.jakarta01.com,JAKARTA01\sasono  
Error,10/2/2017 7:39,EventCreate,1,None,Application,djkvdihost187.jakarta01.com,JAKARTA01\MIrhasE  
Error,10/2/2017 7:39,EventCreate,1,None,Application,djkvdihost120.jakarta01.com,JAKARTA01\michiko  
Error,10/2/2017 7:39,EventCreate,1,None,Application,djkvdihost083.jakarta01.com,JAKARTA01\devid  
Error,10/2/2017 7:38,EventCreate,1,None,Application,djkvdihost181.jakarta01.com,JAKARTA01\rhaditya  
Error,10/2/2017 7:38,EventCreate,1,None,Application,djkvdihost848.jakarta01.com,JAKARTA01\ueda  
Error,10/2/2017 7:38,Application Error,1000,-100,Application,djkvdihost848.jakarta01.com,"Faulting application name: OUTLOOK.EXE, version: 15.0.4919.1001, time stamp: 0x58d20482
Faulting module name: OUTLOOK.EXE, version: 15.0.4919.1001, time stamp: 0x58d20482
Exception code: 0xc0000005
Fault offset: 0x008924c7
Faulting process id: 0x17bc
Faulting application start time: 0x01d33b14a5bb1f7c
Faulting application path: C:\Program Files\Microsoft Office\Office15\OUTLOOK.EXE
Faulting module path: C:\Program Files\Microsoft Office\Office15\OUTLOOK.EXE
Report Id: 0b46d71c-a70a-11e7-96fa-0050569f68f7"
Error,10/2/2017 7:38,EventCreate,1,None,Application,djkvdihost217.jakarta01.com,JAKARTA01\Dicky  
Error,10/2/2017 7:38,EventCreate,1,None,Application,djkvdihost433.jakarta01.com,JAKARTA01\ipuk  
Error,10/2/2017 7:38,EventCreate,1,None,Application,djkvdihost583.jakarta01.com,JAKARTA01\Adjeng  
Error,10/2/2017 7:38,EventCreate,1,None,Application,djkvdihost030.jakarta01.com,JAKARTA01\Danny  
Error,10/2/2017 7:38,EventCreate,1,None,Application,djkvdihost181.jakarta01.com,JAKARTA01\rhaditya  
Error,10/2/2017 7:38,EventCreate,1,None,Application,djkvdihost671.jakarta01.com,JAKARTA01\meri  
Error,10/2/2017 7:38,EventCreate,1,None,Application,djkvdihost524.jakarta01.com,JAKARTA01\erika  
Error,10/2/2017 7:38,EventCreate,1,None,Application,djkvdihost217.jakarta01.com,JAKARTA01\Dicky  
Error,10/2/2017 7:37,EventCreate,1,None,Application,djkvdihost542.jakarta01.com,JAKARTA01\dadi hardi  
Error,10/2/2017 7:37,EventCreate,1,None,Application,djkvdihost788.jakarta01.com,JAKARTA01\angga  
Error,10/2/2017 7:37,EventCreate,1,None,Application,djkvdihost210.jakarta01.com,JAKARTA01\Dyandra  
Error,10/2/2017 7:37,EventCreate,1,None,Application,djkvdihost788.jakarta01.com,JAKARTA01\angga  
Error,10/2/2017 7:37,EventCreate,1,None,Application,djkvdihost435.jakarta01.com,JAKARTA01\devita  
Error,10/2/2017 7:37,EventCreate,1,None,Application,djkvdihost206.jakarta01.com,JAKARTA01\pratiwi  
Error,10/2/2017 7:37,EventCreate,1,None,Application,djkvdihost469.jakarta01.com,JAKARTA01\mutiara  
Error,10/2/2017 7:37,EventCreate,1,None,Application,djkvdihost866.jakarta01.com,JAKARTA01\i gede  
Error,10/2/2017 7:37,EventCreate,1,None,Application,djkvdihost266.jakarta01.com,JAKARTA01\AdrianP  
Error,10/2/2017 7:36,EventCreate,1,None,Application,djkvdihost014.jakarta01.com,JAKARTA01\gadis  
Error,10/2/2017 7:36,WSH,1,None,Application,djkvdihost469.jakarta01.com,"CN=Mutiara Annisa password will expire in 3 day(s) at 10/5/2017 6:47:13 PM

Press CTRL + ALT + DEL and select the ""Change a password"" option."
Error,10/2/2017 7:36,EventCreate,1,None,Application,djkvdihost655.jakarta01.com,JAKARTA01\EDameria  
Error,10/2/2017 7:36,Application Error,1000,-100,Application,djkvdihost014.jakarta01.com,"Faulting application name: spoolsv.exe, version: 6.1.7601.17777, time stamp: 0x4f35efc3
Faulting module name: msvcrt.dll, version: 7.0.7601.17744, time stamp: 0x4eeaf722
Exception code: 0xc0000005
Fault offset: 0x0000aa14
Faulting process id: 0x638
Faulting application start time: 0x01d33a28fd1ca666
Faulting application path: C:\Windows\System32\spoolsv.exe
Faulting module path: C:\Windows\system32\msvcrt.dll
Report Id: c0483f19-a709-11e7-ab6e-0050569f20a9"
Error,10/2/2017 7:36,EventCreate,1,None,Application,djkvdihost377.jakarta01.com,JAKARTA01\antonius  
Error,10/2/2017 7:36,WSH,1,None,Application,djkvdihost469.jakarta01.com,"CN=Mutiara Annisa password will expire in 3 day(s) at 10/5/2017 6:47:13 PM

Press CTRL + ALT + DEL and select the ""Change a password"" option."
Error,10/2/2017 7:36,EventCreate,1,None,Application,djkvdihost784.jakarta01.com,JAKARTA01\inna  
Error,10/2/2017 7:35,EventCreate,1,None,Application,djkvdihost391.jakarta01.com,JAKARTA01\anggi  
Error,10/2/2017 7:36,EventCreate,1,None,Application,djkvdihost253.jakarta01.com,JAKARTA01\yorika  
Error,10/2/2017 7:35,EventCreate,1,None,Application,djkvdihost293.jakarta01.com,JAKARTA01\yulianty  
Error,10/2/2017 7:35,EventCreate,1,None,Application,djkvdihost803.jakarta01.com,JAKARTA01\Chadijah  
Error,10/2/2017 7:35,Application Error,1000,-100,Application,djkvdihost293.jakarta01.com,"Faulting application name: spoolsv.exe, version: 6.1.7601.17777, time stamp: 0x4f35efc3
Faulting module name: msvcrt.dll, version: 7.0.7601.17744, time stamp: 0x4eeaf722
Exception code: 0xc0000005
Fault offset: 0x0000aa14
Faulting process id: 0x638
Faulting application start time: 0x01d33a2d5c9667ac
Faulting application path: C:\Windows\System32\spoolsv.exe
Faulting module path: C:\Windows\system32\msvcrt.dll
Report Id: 91533d89-a709-11e7-a8ba-0050569f58c8"
Error,10/2/2017 7:35,EventCreate,1,None,Application,djkvdihost532.jakarta01.com,JAKARTA01\yuliana  
Error,10/2/2017 7:34,EventCreate,1,None,Application,djkvdihost131.jakarta01.com,JAKARTA01\Erich  
Error,10/2/2017 7:34,EventCreate,1,None,Application,djkvdihost533.jakarta01.com,JAKARTA01\yumiyati  
Error,10/2/2017 7:34,EventCreate,1,None,Application,djkvdihost140.jakarta01.com,JAKARTA01\mazy  
Error,10/2/2017 7:34,EventCreate,1,None,Application,djkvdihost844.jakarta01.com,JAKARTA01\sodeoka  
Error,10/2/2017 7:34,EventCreate,1,None,Application,djkvdihost285.jakarta01.com,JAKARTA01\ryan  
Error,10/2/2017 7:34,EventCreate,1,None,Application,djkvdihost816.jakarta01.com,JAKARTA01\binar  
Error,10/2/2017 7:33,EventCreate,1,None,Application,djkvdihost531.jakarta01.com,JAKARTA01\yansen  
Error,10/2/2017 7:33,EventCreate,1,None,Application,djkvdihost902.jakarta01.com,JAKARTA01\Denni  
Error,10/2/2017 7:33,EventCreate,1,None,Application,djkvdihost466.jakarta01.com,JAKARTA01\Chaterin  
Error,10/2/2017 7:33,EventCreate,1,None,Application,djkvdihost094.jakarta01.com,JAKARTA01\Anton 2  
Error,10/2/2017 7:33,EventCreate,1,None,Application,djkvdihost424.jakarta01.com,JAKARTA01\andi wijaya  
Error,10/2/2017 7:33,EventCreate,1,None,Application,djkvdihost369.jakarta01.com,JAKARTA01\pramana  
Error,10/2/2017 7:32,EventCreate,1,None,Application,djkvdihost640.jakarta01.com,JAKARTA01\nungi  
Error,10/2/2017 7:32,EventCreate,1,None,Application,djkvdihost711.jakarta01.com,JAKARTA01\Amaliawati  
Error,10/2/2017 7:32,EventCreate,1,None,Application,djkvdihost640.jakarta01.com,JAKARTA01\nungi  
Error,10/2/2017 7:32,EventCreate,1,None,Application,djkvdihost021.jakarta01.com,JAKARTA01\faiqa  
Error,10/2/2017 7:32,EventCreate,1,None,Application,djkvdihost782.jakarta01.com,JAKARTA01\Dina Vathati  
Error,10/2/2017 7:32,EventCreate,1,None,Application,djkvdihost065.jakarta01.com,JAKARTA01\vadya  
Error,10/2/2017 7:32,EventCreate,1,None,Application,djkvdihost504.jakarta01.com,JAKARTA01\krisna  
Error,10/2/2017 7:31,EventCreate,1,None,Application,djkvdihost308.jakarta01.com,JAKARTA01\georgedk  
Error,10/2/2017 7:31,EventCreate,1,None,Application,djkvdihost437.jakarta01.com,JAKARTA01\Sandra  
Error,10/2/2017 7:31,EventCreate,1,None,Application,djkvdihost102.jakarta01.com,JAKARTA01\NovrianAS  
Error,10/2/2017 7:31,EventCreate,1,None,Application,djkvdihost437.jakarta01.com,JAKARTA01\Sandra  
Error,10/2/2017 7:31,EventCreate,1,None,Application,djkvdihost873.jakarta01.com,JAKARTA01\katsuta  
Error,10/2/2017 7:30,EventCreate,1,None,Application,djkvdihost900.jakarta01.com,JAKARTA01\naruhito  
Error,10/2/2017 7:29,EventCreate,1,None,Application,djkvdihost588.jakarta01.com,JAKARTA01\Dianramadhania  
Error,10/2/2017 7:30,EventCreate,1,None,Application,djkvdihost670.jakarta01.com,JAKARTA01\amanda chandra  
Error,10/2/2017 7:30,EventCreate,1,None,Application,djkvdihost493.jakarta01.com,JAKARTA01\adhi  
Error,10/2/2017 7:30,EventCreate,1,None,Application,djkvdihost875.jakarta01.com,JAKARTA01\m nugraha  
Error,10/2/2017 7:29,EventCreate,1,None,Application,djkvdihost588.jakarta01.com,JAKARTA01\Dianramadhania  
Error,10/2/2017 7:29,EventCreate,1,None,Application,djkvdihost579.jakarta01.com,JAKARTA01\meinar  
Error,10/2/2017 7:29,EventCreate,1,None,Application,djkvdihost736.jakarta01.com,JAKARTA01\rozi  
Error,10/2/2017 7:29,EventCreate,1,None,Application,djkvdihost791.jakarta01.com,JAKARTA01\nila  
Error,10/2/2017 7:28,EventCreate,1,None,Application,djkvdihost775.jakarta01.com,JAKARTA01\diah astuti  
Error,10/2/2017 7:28,EventCreate,1,None,Application,djkvdihost221.jakarta01.com,JAKARTA01\rara  
Error,10/2/2017 7:28,EventCreate,1,None,Application,djkvdihost556.jakarta01.com,JAKARTA01\teddy h  
Error,10/2/2017 7:28,EventCreate,1,None,Application,djkvdihost485.jakarta01.com,JAKARTA01\polyska  
