Error,10/4/2017 16:39,Application Error,1000,-100,Application,djkvdihost818.jakarta01.com,"Faulting application name: NLNOTES.EXE, version: 8.5.30.11258, time stamp: 0x4e72fa51
Faulting module name: nnotes.dll, version: 8.5.30.11258, time stamp: 0x4e72fa6a
Exception code: 0xc0000005
Fault offset: 0x001c7f0e
Faulting process id: 0x16d8
Faulting application start time: 0x01d33cf4a53bb1cd
Faulting application path: C:\Program Files\IBM\Lotus\Notes\NLNOTES.EXE
Faulting module path: C:\Program Files\IBM\Lotus\Notes\nnotes.dll
Report Id: e39f868d-a8e7-11e7-af75-0050569f7ace"
Error,10/4/2017 16:38,Application Error,1000,-100,Application,djkvdihost267.jakarta01.com,"Faulting application name: OUTLOOK.EXE, version: 15.0.4919.1001, time stamp: 0x58d20482
Faulting module name: OUTLOOK.EXE, version: 15.0.4919.1001, time stamp: 0x58d20482
Exception code: 0xc0000005
Fault offset: 0x008924c7
Faulting process id: 0x1d24
Faulting application start time: 0x01d33ca6c7add495
Faulting application path: C:\Program Files\Microsoft Office\Office15\OUTLOOK.EXE
Faulting module path: C:\Program Files\Microsoft Office\Office15\OUTLOOK.EXE
Report Id: d7acba6d-a8e7-11e7-a92e-0050569f3000"
Error,10/4/2017 16:37,EventCreate,1,None,Application,djkvdihost205.jakarta01.com,JAKARTA01\karmelita  
Error,10/4/2017 16:37,Application Error,1000,-100,Application,djkvdihost205.jakarta01.com,"Faulting application name: OUTLOOK.EXE, version: 15.0.4919.1001, time stamp: 0x58d20482
Faulting module name: OUTLOOK.EXE, version: 15.0.4919.1001, time stamp: 0x58d20482
Exception code: 0xc0000005
Fault offset: 0x008924c7
Faulting process id: 0x1bf0
Faulting application start time: 0x01d33cad427d8051
Faulting application path: C:\Program Files\Microsoft Office\Office15\OUTLOOK.EXE
Faulting module path: C:\Program Files\Microsoft Office\Office15\OUTLOOK.EXE
Report Id: 98e5819c-a8e7-11e7-8b07-0050569f261a"
Error,10/4/2017 16:30,EventCreate,1,None,Application,djkvdihost508.jakarta01.com,JAKARTA01\Amelia  
Error,10/4/2017 16:30,Application Error,1000,-100,Application,djkvdihost508.jakarta01.com,"Faulting application name: EXCEL.EXE, version: 15.0.4919.1000, time stamp: 0x58c7ab0f
Faulting module name: unknown, version: 0.0.0.0, time stamp: 0x00000000
Exception code: 0xc0000005
Fault offset: 0x524e5434
Faulting process id: 0x18a8
Faulting application start time: 0x01d33cb591bdd8c8
Faulting application path: C:\Program Files\Microsoft Office\Office15\EXCEL.EXE
Faulting module path: unknown
Report Id: a43d3acc-a8e6-11e7-9c46-0050569f46e2"
Error,10/4/2017 16:24,EventCreate,1,None,Application,djkvdihost015.jakarta01.com,JAKARTA01\darnito  
Error,10/4/2017 16:24,EventCreate,1,None,Application,djkvdihost015.jakarta01.com,JAKARTA01\darnito  
Error,10/4/2017 16:16,EventCreate,1,None,Application,djkvdihost201.jakarta01.com,JAKARTA01\AdindaGita  
Error,10/4/2017 14:45,EventCreate,1,None,Application,djkvdihost278.jakarta01.com,JAKARTA01\guestitso01  
Error,10/4/2017 16:16,Application Error,1000,-100,Application,djkvdihost201.jakarta01.com,"Faulting application name: OUTLOOK.EXE, version: 15.0.4919.1001, time stamp: 0x58d20482
Faulting module name: OUTLOOK.EXE, version: 15.0.4919.1001, time stamp: 0x58d20482
Exception code: 0xc0000005
Fault offset: 0x008924c4
Faulting process id: 0x1c34
Faulting application start time: 0x01d33cafe6874dd8
Faulting application path: C:\Program Files\Microsoft Office\Office15\OUTLOOK.EXE
Faulting module path: C:\Program Files\Microsoft Office\Office15\OUTLOOK.EXE
Report Id: bd5ff244-a8e4-11e7-8c8b-0050569f5a17"
Error,10/4/2017 16:13,EventCreate,1,None,Application,djkvdihost108.jakarta01.com,JAKARTA01\yulia rifanda  
Error,10/4/2017 16:13,Application Error,1000,-100,Application,djkvdihost108.jakarta01.com,"Faulting application name: OUTLOOK.EXE, version: 15.0.4919.1001, time stamp: 0x58d20482
Faulting module name: OUTLOOK.EXE, version: 15.0.4919.1001, time stamp: 0x58d20482
Exception code: 0xc0000005
Fault offset: 0x008924c4
Faulting process id: 0x16c4
Faulting application start time: 0x01d33cadd2bbd2ec
Faulting application path: C:\Program Files\Microsoft Office\Office15\OUTLOOK.EXE
Faulting module path: C:\Program Files\Microsoft Office\Office15\OUTLOOK.EXE
Report Id: 4d0e59ce-a8e4-11e7-a12e-0050569f141f"
Error,10/4/2017 16:12,EventCreate,1,None,Application,djkvdihost652.jakarta01.com,JAKARTA01\syifa  
Error,10/4/2017 16:12,Application Error,1000,-100,Application,djkvdihost652.jakarta01.com,"Faulting application name: EXCEL.EXE, version: 15.0.4919.1000, time stamp: 0x58c7ab0f
Faulting module name: EXCEL.EXE, version: 15.0.4919.1000, time stamp: 0x58c7ab0f
Exception code: 0xc0000005
Fault offset: 0x003cf95d
Faulting process id: 0x1458
Faulting application start time: 0x01d33cbd64efa109
Faulting application path: C:\PROGRA~1\MICROS~2\Office15\EXCEL.EXE
Faulting module path: C:\PROGRA~1\MICROS~2\Office15\EXCEL.EXE
Report Id: 193016ad-a8e4-11e7-b0ef-0050569f735b"
Error,10/4/2017 16:04,EventCreate,1,None,Application,djkvdihost691.jakarta01.com,JAKARTA01\Shena  
Error,10/4/2017 16:00,EventCreate,1,None,Application,djkvdihost481.jakarta01.com,JAKARTA01\maulina  
Error,10/4/2017 16:00,Application Error,1000,-100,Application,djkvdihost481.jakarta01.com,"Faulting application name: OUTLOOK.EXE, version: 15.0.4919.1001, time stamp: 0x58d20482
Faulting module name: OUTLOOK.EXE, version: 15.0.4919.1001, time stamp: 0x58d20482
Exception code: 0xc0000005
Fault offset: 0x008924c7
Faulting process id: 0x1ee8
Faulting application start time: 0x01d33cc7b46c0d23
Faulting application path: C:\Program Files\Microsoft Office\Office15\OUTLOOK.EXE
Faulting module path: C:\Program Files\Microsoft Office\Office15\OUTLOOK.EXE
Report Id: 7233c864-a8e2-11e7-a13a-0050569f59dc"
Error,10/4/2017 15:51,EventCreate,1,None,Application,djkvdihost303.jakarta01.com,JAKARTA01\budi ramadhan  
Error,10/4/2017 15:43,EventCreate,1,None,Application,djkvdihost376.jakarta01.com,JAKARTA01\Indah  
Error,10/4/2017 15:43,Application Error,1000,-100,Application,djkvdihost376.jakarta01.com,"Faulting application name: OUTLOOK.EXE, version: 15.0.4919.1001, time stamp: 0x58d20482
Faulting module name: OUTLOOK.EXE, version: 15.0.4919.1001, time stamp: 0x58d20482
Exception code: 0xc0000005
Fault offset: 0x008924c7
Faulting process id: 0x4c0
Faulting application start time: 0x01d33ce6647832fa
Faulting application path: C:\Program Files\Microsoft Office\Office15\OUTLOOK.EXE
Faulting module path: C:\Program Files\Microsoft Office\Office15\OUTLOOK.EXE
Report Id: 2228f8f9-a8e0-11e7-8c50-0050569f50c4"
Error,10/4/2017 15:40,EventCreate,1,None,Application,djkvdihost249.jakarta01.com,JAKARTA01\rbagus  
Error,10/4/2017 15:39,EventCreate,1,None,Application,djkvdihost587.jakarta01.com,JAKARTA01\handayani  
Error,10/4/2017 15:39,EventCreate,1,None,Application,djkvdihost457.jakarta01.com,JAKARTA01\primaningtyas  
Error,10/4/2017 15:37,EventCreate,1,None,Application,djkvdihost721.jakarta01.com,JAKARTA01\army  
Error,10/4/2017 15:36,EventCreate,1,None,Application,djkvdihost340.jakarta01.com,JAKARTA01\hardianbp  
Error,10/4/2017 15:36,Application Error,1000,-100,Application,djkvdihost340.jakarta01.com,"Faulting application name: PhotoScreensaver.scr, version: 6.1.7601.17514, time stamp: 0x4ce7a590
Faulting module name: SHELL32.dll, version: 6.1.7601.23537, time stamp: 0x57c450f4
Exception code: 0xc0000005
Fault offset: 0x001f269f
Faulting process id: 0x1c88
Faulting application start time: 0x01d33ce6d2cbc5cc
Faulting application path: C:\Windows\system32\PhotoScreensaver.scr
Faulting module path: C:\Windows\system32\SHELL32.dll
Report Id: 1c2ed393-a8df-11e7-959f-0050569f6d21"
Error,10/4/2017 15:32,EventCreate,1,None,Application,djkvdihost254.jakarta01.com,JAKARTA01\gerald  
Error,10/4/2017 15:32,EventCreate,1,None,Application,djkvdihost254.jakarta01.com,JAKARTA01\gerald  
Error,10/4/2017 15:23,EventCreate,1,None,Application,djkvdihost665.jakarta01.com,JAKARTA01\ayu  
Error,10/4/2017 15:23,Application Error,1000,-100,Application,djkvdihost665.jakarta01.com,"Faulting application name: WINWORD.EXE, version: 15.0.4911.1000, time stamp: 0x58a2c075
Faulting module name: wwlib.dll, version: 15.0.4911.1000, time stamp: 0x58a2c073
Exception code: 0xc0000005
Fault offset: 0x006f0ff9
Faulting process id: 0x1504
Faulting application start time: 0x01d33caceeea2587
Faulting application path: C:\Program Files\Microsoft Office\Office15\WINWORD.EXE
Faulting module path: C:\Program Files\Microsoft Office\Office15\wwlib.dll
Report Id: 3e982201-a8dd-11e7-98d5-0050569f6cce"
Error,10/4/2017 15:17,EventCreate,1,None,Application,djkvdihost493.jakarta01.com,JAKARTA01\maria  
Error,10/4/2017 15:16,Application Error,1000,-100,Application,djkvdihost493.jakarta01.com,"Faulting application name: OUTLOOK.EXE, version: 15.0.4919.1001, time stamp: 0x58d20482
Faulting module name: msspell7.dll, version: 15.0.4569.1503, time stamp: 0x52b0b161
Exception code: 0xc0000005
Fault offset: 0x00048ae5
Faulting process id: 0x1e84
Faulting application start time: 0x01d33cbbdc0069ad
Faulting application path: C:\Program Files\Microsoft Office\Office15\OUTLOOK.EXE
Faulting module path: C:\Program Files\Microsoft Office\Office15\PROOF\msspell7.dll
Report Id: 631acc1c-a8dc-11e7-836d-0050569f3eb6"
Error,10/4/2017 15:15,EventCreate,1,None,Application,djkvdihost193.jakarta01.com,JAKARTA01\aditya chandra  
Error,10/4/2017 15:11,EventCreate,1,None,Application,djkvdihost827.jakarta01.com,JAKARTA01\dini hariyani  
Error,10/4/2017 15:09,EventCreate,1,None,Application,djkvdihost624.jakarta01.com,JAKARTA01\eddy  
Error,10/4/2017 15:09,Application Error,1000,-100,Application,djkvdihost624.jakarta01.com,"Faulting application name: OUTLOOK.EXE, version: 15.0.4919.1001, time stamp: 0x58d20482
Faulting module name: OUTLOOK.EXE, version: 15.0.4919.1001, time stamp: 0x58d20482
Exception code: 0xc0000005
Fault offset: 0x008924c7
Faulting process id: 0x1368
Faulting application start time: 0x01d33ca532b66188
Faulting application path: C:\Program Files\Microsoft Office\Office15\OUTLOOK.EXE
Faulting module path: C:\Program Files\Microsoft Office\Office15\OUTLOOK.EXE
Report Id: 5260b844-a8db-11e7-8bc4-0050569f47f9"
Error,10/4/2017 15:08,EventCreate,1,None,Application,djkvdihost177.jakarta01.com,JAKARTA01\evi  
Error,10/4/2017 15:08,Application Error,1000,-100,Application,djkvdihost177.jakarta01.com,"Faulting application name: lync.exe, version: 15.0.4919.1000, time stamp: 0x58c7ab1e
Faulting module name: ntdll.dll, version: 6.1.7601.23714, time stamp: 0x58bf8774
Exception code: 0xc0000005
Fault offset: 0x00031dca
Faulting process id: 0x9dc
Faulting application start time: 0x01d33cdf1c0fff94
Faulting application path: C:\Program Files\Microsoft Office\Office15\lync.exe
Faulting module path: C:\Windows\SYSTEM32\ntdll.dll
Report Id: 24c979b6-a8db-11e7-8051-0050569f1cd2"
Error,10/4/2017 15:05,EventCreate,1,None,Application,djkvdihost056.jakarta01.com,JAKARTA01\aria  
Error,10/4/2017 15:05,Application Error,1000,-100,Application,djkvdihost056.jakarta01.com,"Faulting application name: EXCEL.EXE, version: 15.0.4919.1000, time stamp: 0x58c7ab0f
Faulting module name: mso.dll, version: 15.0.4919.1002, time stamp: 0x58de0799
Exception code: 0xc0000005
Fault offset: 0x00146d32
Faulting process id: 0x17e0
Faulting application start time: 0x01d33caac9e491f1
Faulting application path: C:\Program Files\Microsoft Office\Office15\EXCEL.EXE
Faulting module path: C:\Program Files\Common Files\Microsoft Shared\Office15\mso.dll
Report Id: bd454cd1-a8da-11e7-90ba-0050569f615d"
Error,10/4/2017 13:53,EventCreate,1,None,Application,djkvdihost006.jakarta01.com,JAKARTA01\guestisd65  
Error,10/4/2017 15:00,EventCreate,1,None,Application,djkvdihost032.jakarta01.com,JAKARTA01\driarkoro  
Error,10/4/2017 15:00,Application Error,1000,-100,Application,djkvdihost032.jakarta01.com,"Faulting application name: PhotoScreensaver.scr, version: 6.1.7601.17514, time stamp: 0x4ce7a590
Faulting module name: SHELL32.dll, version: 6.1.7601.23537, time stamp: 0x57c450f4
Exception code: 0xc0000005
Fault offset: 0x001f269f
Faulting process id: 0x1f68
Faulting application start time: 0x01d33ce608fdf3cd
Faulting application path: C:\Windows\system32\PhotoScreensaver.scr
Faulting module path: C:\Windows\system32\SHELL32.dll
Report Id: 11445cb6-a8da-11e7-81bf-0050569f6c2d"
Error,10/4/2017 14:57,EventCreate,1,None,Application,djkvdihost714.jakarta01.com,JAKARTA01\yenaretsa  
Error,10/4/2017 14:56,EventCreate,1,None,Application,djkvdihost175.jakarta01.com,JAKARTA01\adityo  
Error,10/4/2017 14:57,Application Error,1000,-100,Application,djkvdihost714.jakarta01.com,"Faulting application name: WINWORD.EXE, version: 15.0.4911.1000, time stamp: 0x58a2c075
Faulting module name: wwlib.dll, version: 15.0.4911.1000, time stamp: 0x58a2c073
Exception code: 0xc0000005
Fault offset: 0x006f0ff9
Faulting process id: 0x1d24
Faulting application start time: 0x01d33cb96e6d2524
Faulting application path: C:\Program Files\Microsoft Office\Office15\WINWORD.EXE
Faulting module path: C:\Program Files\Microsoft Office\Office15\wwlib.dll
Report Id: 9a277b2e-a8d9-11e7-8eca-0050569f6ab5"
Error,10/4/2017 14:56,Application Error,1000,-100,Application,djkvdihost175.jakarta01.com,"Faulting application name: OUTLOOK.EXE, version: 15.0.4919.1001, time stamp: 0x58d20482
Faulting module name: OUTLOOK.EXE, version: 15.0.4919.1001, time stamp: 0x58d20482
Exception code: 0xc0000005
Fault offset: 0x008924c7
Faulting process id: 0x844
Faulting application start time: 0x01d33cac5109ba36
Faulting application path: C:\Program Files\Microsoft Office\Office15\OUTLOOK.EXE
Faulting module path: C:\Program Files\Microsoft Office\Office15\OUTLOOK.EXE
Report Id: 8c1a1392-a8d9-11e7-a6fe-0050569f7e29"
Error,10/4/2017 14:50,EventCreate,1,None,Application,djkvdihost900.jakarta01.com,JAKARTA01\Agus Sutikno  
Error,10/4/2017 14:49,EventCreate,1,None,Application,djkvdihost368.jakarta01.com,JAKARTA01\rasyid  
Error,10/4/2017 14:49,EventCreate,1,None,Application,djkvdihost900.jakarta01.com,JAKARTA01\Agus Sutikno  
Error,10/4/2017 14:48,EventCreate,1,None,Application,djkvdihost629.jakarta01.com,JAKARTA01\erikson  
Error,10/4/2017 14:49,Application Error,1000,-100,Application,djkvdihost368.jakarta01.com,"Faulting application name: OUTLOOK.EXE, version: 15.0.4919.1001, time stamp: 0x58d20482
Faulting module name: OUTLOOK.EXE, version: 15.0.4919.1001, time stamp: 0x58d20482
Exception code: 0xc0000005
Fault offset: 0x008924c4
Faulting process id: 0x1234
Faulting application start time: 0x01d33cb70ca984fa
Faulting application path: C:\Program Files\Microsoft Office\Office15\OUTLOOK.EXE
Faulting module path: C:\Program Files\Microsoft Office\Office15\OUTLOOK.EXE
Report Id: 859530ac-a8d8-11e7-8be9-0050569f13ab"
Error,10/4/2017 14:48,EventCreate,1,None,Application,djkvdihost629.jakarta01.com,JAKARTA01\erikson  
Error,10/4/2017 14:45,EventCreate,1,None,Application,djkvdihost454.jakarta01.com,JAKARTA01\Dian Permata  
Error,10/4/2017 14:45,Application Error,1000,-100,Application,djkvdihost454.jakarta01.com,"Faulting application name: OUTLOOK.EXE, version: 15.0.4919.1001, time stamp: 0x58d20482
Faulting module name: OUTLOOK.EXE, version: 15.0.4919.1001, time stamp: 0x58d20482
Exception code: 0xc0000005
Fault offset: 0x008924c7
Faulting process id: 0x1aa4
Faulting application start time: 0x01d33cb29402240f
Faulting application path: C:\Program Files\Microsoft Office\Office15\OUTLOOK.EXE
Faulting module path: C:\Program Files\Microsoft Office\Office15\OUTLOOK.EXE
Report Id: 0b43e558-a8d8-11e7-bf37-0050569f6cfe"
Error,10/4/2017 14:43,EventCreate,1,None,Application,djkvdihost193.jakarta01.com,JAKARTA01\raymond  
Error,10/4/2017 14:41,EventCreate,1,None,Application,djkvdihost232.jakarta01.com,JAKARTA01\femmy  
Error,10/4/2017 14:41,Application Error,1000,-100,Application,djkvdihost232.jakarta01.com,"Faulting application name: PhotoScreensaver.scr, version: 6.1.7601.17514, time stamp: 0x4ce7a590
Faulting module name: SHELL32.dll, version: 6.1.7601.23537, time stamp: 0x57c450f4
Exception code: 0xc0000005
Fault offset: 0x001f269f
Faulting process id: 0x1b58
Faulting application start time: 0x01d33ce3afa4bc1a
Faulting application path: C:\Windows\system32\PhotoScreensaver.scr
Faulting module path: C:\Windows\system32\SHELL32.dll
Report Id: 73b9afae-a8d7-11e7-b257-0050569f48db"
Error,10/4/2017 14:38,EventCreate,1,None,Application,djkvdihost648.jakarta01.com,JAKARTA01\JanuardiI  
Error,10/4/2017 14:36,EventCreate,1,None,Application,djkvdihost371.jakarta01.com,JAKARTA01\EDameria  
Error,10/4/2017 14:36,Application Error,1000,-100,Application,djkvdihost371.jakarta01.com,"Faulting application name: WINWORD.EXE, version: 15.0.4911.1000, time stamp: 0x58a2c075
Faulting module name: wwlib.dll, version: 15.0.4911.1000, time stamp: 0x58a2c073
Exception code: 0xc0000005
Fault offset: 0x006f1046
Faulting process id: 0x1d78
Faulting application start time: 0x01d33cc08821d349
Faulting application path: C:\Program Files\Microsoft Office\Office15\WINWORD.EXE
Faulting module path: C:\Program Files\Microsoft Office\Office15\wwlib.dll
Report Id: cbff6104-a8d6-11e7-bc71-0050569f69e2"
Error,10/4/2017 14:36,EventCreate,1,None,Application,djkvdihost276.jakarta01.com,JAKARTA01\cahyaningtiyas  
Error,10/4/2017 14:35,Application Error,1000,-100,Application,djkvdihost276.jakarta01.com,"Faulting application name: OUTLOOK.EXE, version: 15.0.4919.1001, time stamp: 0x58d20482
Faulting module name: OUTLOOK.EXE, version: 15.0.4919.1001, time stamp: 0x58d20482
Exception code: 0xc0000005
Fault offset: 0x008924c7
Faulting process id: 0x1954
Faulting application start time: 0x01d33cdf537bbef5
Faulting application path: C:\Program Files\Microsoft Office\Office15\OUTLOOK.EXE
Faulting module path: C:\Program Files\Microsoft Office\Office15\OUTLOOK.EXE
Report Id: a581c336-a8d6-11e7-b49e-0050569f2a01"
Error,10/4/2017 14:28,EventCreate,1,None,Application,djkvdihost894.jakarta01.com,JAKARTA01\Adi Purnomo  
Error,10/4/2017 14:28,Application Error,1000,-100,Application,djkvdihost894.jakarta01.com,"Faulting application name: OUTLOOK.EXE, version: 15.0.4927.1001, time stamp: 0x58f5f52e
Faulting module name: OUTLOOK.EXE, version: 15.0.4927.1001, time stamp: 0x58f5f52e
Exception code: 0xc0000409
Fault offset: 0x00dc3399
Faulting process id: 0x398
Faulting application start time: 0x01d33cadc2078daa
Faulting application path: C:\Program Files (x86)\Microsoft Office\Office15\OUTLOOK.EXE
Faulting module path: C:\Program Files (x86)\Microsoft Office\Office15\OUTLOOK.EXE
Report Id: a2387610-a8d5-11e7-8fb7-0050569f363b"
Error,10/4/2017 14:27,EventCreate,1,None,Application,djkvdihost900.jakarta01.com,JAKARTA01\Agus Sutikno  
Error,10/4/2017 14:27,Application Error,1000,-100,Application,djkvdihost900.jakarta01.com,"Faulting application name: WINWORD.EXE, version: 15.0.4927.1000, time stamp: 0x58ec834e
Faulting module name: MSVCR100.dll, version: 10.0.40219.325, time stamp: 0x4df2be1e
Exception code: 0xc0000005
Fault offset: 0x0001f1e1
Faulting process id: 0x1250
Faulting application start time: 0x01d33ce2392c0b6e
Faulting application path: C:\Program Files (x86)\Microsoft Office\Office15\WINWORD.EXE
Faulting module path: C:\Windows\system32\MSVCR100.dll
Report Id: 7fa209ae-a8d5-11e7-acf5-0050569f56e9"
Error,10/4/2017 14:23,EventCreate,1,None,Application,djkvdihost744.jakarta01.com,JAKARTA01\lileliza  
Error,10/4/2017 14:23,Application Error,1000,-100,Application,djkvdihost744.jakarta01.com,"Faulting application name: OUTLOOK.EXE, version: 15.0.4919.1001, time stamp: 0x58d20482
Faulting module name: OUTLOOK.EXE, version: 15.0.4919.1001, time stamp: 0x58d20482
Exception code: 0xc0000005
Fault offset: 0x008924c7
Faulting process id: 0xde8
Faulting application start time: 0x01d33cac8272f203
Faulting application path: C:\Program Files\Microsoft Office\Office15\OUTLOOK.EXE
Faulting module path: C:\Program Files\Microsoft Office\Office15\OUTLOOK.EXE
Report Id: e76a0133-a8d4-11e7-99f7-0050569f44a8"
Error,10/4/2017 14:21,EventCreate,1,None,Application,djkvdihost665.jakarta01.com,JAKARTA01\ayu  
Error,10/4/2017 14:21,Application Error,1000,-100,Application,djkvdihost665.jakarta01.com,"Faulting application name: OUTLOOK.EXE, version: 15.0.4919.1001, time stamp: 0x58d20482
Faulting module name: OUTLOOK.EXE, version: 15.0.4919.1001, time stamp: 0x58d20482
Exception code: 0xc0000005
Fault offset: 0x008924c4
Faulting process id: 0x1818
Faulting application start time: 0x01d33caaf4b854c7
Faulting application path: C:\Program Files\Microsoft Office\Office15\OUTLOOK.EXE
Faulting module path: C:\Program Files\Microsoft Office\Office15\OUTLOOK.EXE
Report Id: 99cf2823-a8d4-11e7-98d5-0050569f6cce"
Error,10/4/2017 14:19,EventCreate,1,None,Application,djkvdihost224.jakarta01.com,JAKARTA01\nadhilah  
Error,10/4/2017 14:19,Application Error,1000,-100,Application,djkvdihost224.jakarta01.com,"Faulting application name: WINWORD.EXE, version: 15.0.4911.1000, time stamp: 0x58a2c075
Faulting module name: ntdll.dll, version: 6.1.7601.23714, time stamp: 0x58bf8774
Exception code: 0xc0000005
Fault offset: 0x0005294f
Faulting process id: 0x2524
Faulting application start time: 0x01d33cdfeb84f1e0
Faulting application path: C:\Program Files\Microsoft Office\Office15\WINWORD.EXE
Faulting module path: C:\Windows\SYSTEM32\ntdll.dll
Report Id: 632e1270-a8d4-11e7-9266-0050569f7648"
Error,10/4/2017 14:16,EventCreate,1,None,Application,djkvdihost596.jakarta01.com,JAKARTA01\juliet  
Error,10/4/2017 14:16,Application Error,1000,-100,Application,djkvdihost596.jakarta01.com,"Faulting application name: OUTLOOK.EXE, version: 15.0.4919.1001, time stamp: 0x58d20482
Faulting module name: OUTLOOK.EXE, version: 15.0.4919.1001, time stamp: 0x58d20482
Exception code: 0xc0000005
Fault offset: 0x008924c4
Faulting process id: 0x1da0
Faulting application start time: 0x01d33cb33150843f
Faulting application path: C:\Program Files\Microsoft Office\Office15\OUTLOOK.EXE
Faulting module path: C:\Program Files\Microsoft Office\Office15\OUTLOOK.EXE
Report Id: f0068451-a8d3-11e7-940b-0050569f4085"
Error,10/4/2017 14:07,EventCreate,1,None,Application,djkvdihost276.jakarta01.com,JAKARTA01\cahyaningtiyas  
Error,10/4/2017 14:06,EventCreate,1,None,Application,djkvdihost249.jakarta01.com,JAKARTA01\rbagus  
Error,10/4/2017 14:06,EventCreate,1,None,Application,djkvdihost236.jakarta01.com,JAKARTA01\Ika  
Error,10/4/2017 14:06,Application Error,1000,-100,Application,djkvdihost249.jakarta01.com,"Faulting application name: spoolsv.exe, version: 6.1.7601.17777, time stamp: 0x4f35efc3
Faulting module name: msvcrt.dll, version: 7.0.7601.17744, time stamp: 0x4eeaf722
Exception code: 0xc0000005
Fault offset: 0x0000aa14
Faulting process id: 0x1fd4
Faulting application start time: 0x01d33cc5d3a52a77
Faulting application path: C:\Windows\System32\spoolsv.exe
Faulting module path: C:\Windows\system32\msvcrt.dll
Report Id: 8dd3dcfb-a8d2-11e7-9b89-0050569f5afa"
Error,10/4/2017 14:06,Application Error,1000,-100,Application,djkvdihost236.jakarta01.com,"Faulting application name: WINWORD.EXE, version: 15.0.4911.1000, time stamp: 0x58a2c075
Faulting module name: wwlib.dll, version: 15.0.4911.1000, time stamp: 0x58a2c073
Exception code: 0xc0000005
Fault offset: 0x00009780
Faulting process id: 0x1e84
Faulting application start time: 0x01d33cdea5a3f494
Faulting application path: C:\Program Files\Microsoft Office\Office15\WINWORD.EXE
Faulting module path: C:\Program Files\Microsoft Office\Office15\wwlib.dll
Report Id: 822b1e3c-a8d2-11e7-96cf-0050569f4b6e"
Error,10/4/2017 14:05,EventCreate,1,None,Application,djkvdihost276.jakarta01.com,JAKARTA01\cahyaningtiyas  
Error,10/4/2017 14:05,EventCreate,1,None,Application,djkvdihost177.jakarta01.com,JAKARTA01\evi  
Error,10/4/2017 14:02,EventCreate,1,None,Application,djkvdihost072.jakarta01.com,JAKARTA01\Puspa  
Error,10/4/2017 14:01,Application Error,1000,-100,Application,djkvdihost072.jakarta01.com,"Faulting application name: OUTLOOK.EXE, version: 15.0.4919.1001, time stamp: 0x58d20482
Faulting module name: OUTLOOK.EXE, version: 15.0.4919.1001, time stamp: 0x58d20482
Exception code: 0xc0000005
Fault offset: 0x008924c4
Faulting process id: 0x1e48
Faulting application start time: 0x01d33cabef60ac62
Faulting application path: C:\Program Files\Microsoft Office\Office15\OUTLOOK.EXE
Faulting module path: C:\Program Files\Microsoft Office\Office15\OUTLOOK.EXE
Report Id: e95b515b-a8d1-11e7-9479-0050569f66d5"
Error,10/4/2017 13:59,EventCreate,1,None,Application,djkvdihost356.jakarta01.com,JAKARTA01\jidromann  
Error,10/4/2017 13:59,Application Error,1000,-100,Application,djkvdihost356.jakarta01.com,"Faulting application name: OUTLOOK.EXE, version: 15.0.4919.1001, time stamp: 0x58d20482
Faulting module name: OUTLOOK.EXE, version: 15.0.4919.1001, time stamp: 0x58d20482
Exception code: 0xc0000005
Fault offset: 0x008924c4
Faulting process id: 0x16fc
Faulting application start time: 0x01d33cb324332e5e
Faulting application path: C:\Program Files\Microsoft Office\Office15\OUTLOOK.EXE
Faulting module path: C:\Program Files\Microsoft Office\Office15\OUTLOOK.EXE
Report Id: 8e62c947-a8d1-11e7-87b8-0050569f6b07"
Error,10/4/2017 13:58,EventCreate,1,None,Application,djkvdihost820.jakarta01.com,JAKARTA01\yosiakarta  
Error,10/4/2017 13:53,EventCreate,1,None,Application,djkvdihost724.jakarta01.com,JAKARTA01\pratiwi  
Error,10/4/2017 13:53,Application Error,1000,-100,Application,djkvdihost724.jakarta01.com,"Faulting application name: Ssms.exe, version: 2009.100.1600.1, time stamp: 0x4bb679e7
Faulting module name: msenv.dll, version: 8.0.50727.1826, time stamp: 0x480d6b43
Exception code: 0xc0000006
Fault offset: 0x0053c02c
Faulting process id: 0x%9
Faulting application start time: 0x%10
Faulting application path: %11
Faulting module path: %12
Report Id: %13"
Error,10/4/2017 13:52,EventCreate,1,None,Application,djkvdihost227.jakarta01.com,JAKARTA01\ng ryan  
Error,10/4/2017 13:52,EventCreate,1,None,Application,djkvdihost227.jakarta01.com,JAKARTA01\ng ryan  
Error,10/4/2017 13:49,EventCreate,1,None,Application,djkvdihost409.jakarta01.com,JAKARTA01\ng ryan  
Error,10/4/2017 13:49,EventCreate,1,None,Application,djkvdihost171.jakarta01.com,JAKARTA01\dolly  
Error,10/4/2017 13:49,Application Error,1000,-100,Application,djkvdihost171.jakarta01.com,"Faulting application name: CWBTF.EXE, version: 12.0.0.1, time stamp: 0x483cc594
Faulting module name: CwbTFDlg.dll, version: 12.0.0.1, time stamp: 0x486087c2
Exception code: 0xc0000005
Fault offset: 0x00018766
Faulting process id: 0x1cc4
Faulting application start time: 0x01d33cb2fd787be2
Faulting application path: C:\Program Files\IBM\Client Access\CWBTF.EXE
Faulting module path: C:\Windows\system32\CwbTFDlg.dll
Report Id: 19c07d45-a8d0-11e7-a4c7-0050569f63e9"
Error,10/4/2017 13:42,EventCreate,1,None,Application,djkvdihost343.jakarta01.com,JAKARTA01\fajar  
Error,10/4/2017 13:41,Application Error,1000,-100,Application,djkvdihost343.jakarta01.com,"Faulting application name: OUTLOOK.EXE, version: 15.0.4919.1001, time stamp: 0x58d20482
Faulting module name: OUTLOOK.EXE, version: 15.0.4919.1001, time stamp: 0x58d20482
Exception code: 0xc0000005
Fault offset: 0x008924c7
Faulting process id: 0x1838
Faulting application start time: 0x01d33cac2a0b51ad
Faulting application path: C:\Program Files\Microsoft Office\Office15\OUTLOOK.EXE
Faulting module path: C:\Program Files\Microsoft Office\Office15\OUTLOOK.EXE
Report Id: 1ef102cc-a8cf-11e7-866f-0050569f2873"
Error,10/4/2017 13:33,EventCreate,1,None,Application,djkvdihost190.jakarta01.com,JAKARTA01\andre cahyono  
Error,10/4/2017 13:33,Application Error,1000,-100,Application,djkvdihost190.jakarta01.com,"Faulting application name: EXCEL.EXE, version: 15.0.4919.1000, time stamp: 0x58c7ab0f
Faulting module name: MSVCR100.dll, version: 10.0.40219.325, time stamp: 0x4df2be1e
Exception code: 0xc0000005
Fault offset: 0x00001f78
Faulting process id: 0x1990
Faulting application start time: 0x01d33cc697f2384d
Faulting application path: C:\Program Files\Microsoft Office\Office15\EXCEL.EXE
Faulting module path: C:\Windows\system32\MSVCR100.dll
Report Id: f0099e72-a8cd-11e7-8b45-0050569f4ecc"
Error,10/4/2017 13:31,EventCreate,1,None,Application,djkvdihost763.jakarta01.com,JAKARTA01\Rio  
Error,10/4/2017 13:31,Application Error,1000,-100,Application,djkvdihost763.jakarta01.com,"Faulting application name: PhotoScreensaver.scr, version: 6.1.7601.17514, time stamp: 0x4ce7a590
Faulting module name: SHELL32.dll, version: 6.1.7601.23537, time stamp: 0x57c450f4
Exception code: 0xc0000005
Fault offset: 0x001f269f
Faulting process id: 0x2160
Faulting application start time: 0x01d33ccb15b3df74
Faulting application path: C:\Windows\system32\PhotoScreensaver.scr
Faulting module path: C:\Windows\system32\SHELL32.dll
Report Id: a193690c-a8cd-11e7-be21-0050569f04bf"
Error,10/4/2017 13:26,EventCreate,1,None,Application,djkvdihost628.jakarta01.com,JAKARTA01\ayuningtias  
Error,10/4/2017 13:26,Application Error,1000,-100,Application,djkvdihost628.jakarta01.com,"Faulting application name: EXCEL.EXE, version: 11.0.8404.0, time stamp: 0x51a52fcb
Faulting module name: EXCEL.EXE, version: 11.0.8404.0, time stamp: 0x51a52fcb
Exception code: 0xc0000005
Fault offset: 0x00462b27
Faulting process id: 0x1b68
Faulting application start time: 0x01d33cd933e1ea69
Faulting application path: C:\Program Files\Microsoft Office\OFFICE11\EXCEL.EXE
Faulting module path: C:\Program Files\Microsoft Office\OFFICE11\EXCEL.EXE
Report Id: ec846753-a8cc-11e7-82ab-0050569f189f"
Error,10/4/2017 13:25,EventCreate,1,None,Application,djkvdihost789.jakarta01.com,JAKARTA01\Chinthea  
Error,10/4/2017 13:25,Application Error,1000,-100,Application,djkvdihost789.jakarta01.com,"Faulting application name: OUTLOOK.EXE, version: 15.0.4919.1001, time stamp: 0x58d20482
Faulting module name: OUTLOOK.EXE, version: 15.0.4919.1001, time stamp: 0x58d20482
Exception code: 0xc0000005
Fault offset: 0x008924c4
Faulting process id: 0x6d4
Faulting application start time: 0x01d33cafddc4b439
Faulting application path: C:\Program Files\Microsoft Office\Office15\OUTLOOK.EXE
Faulting module path: C:\Program Files\Microsoft Office\Office15\OUTLOOK.EXE
Report Id: d8072715-a8cc-11e7-9f7b-0050569f59cf"
Error,10/4/2017 13:25,EventCreate,1,None,Application,djkvdihost314.jakarta01.com,JAKARTA01\nirliani  
Error,10/4/2017 13:22,EventCreate,1,None,Application,djkvdihost431.jakarta01.com,JAKARTA01\guestisd55  
Error,10/4/2017 13:19,EventCreate,1,None,Application,djkvdihost398.jakarta01.com,JAKARTA01\guestISD57  
Error,10/4/2017 13:15,EventCreate,1,None,Application,djkvdihost567.jakarta01.com,JAKARTA01\aulya  
Error,10/4/2017 13:15,Application Error,1000,-100,Application,djkvdihost567.jakarta01.com,"Faulting application name: OUTLOOK.EXE, version: 15.0.4919.1001, time stamp: 0x58d20482
Faulting module name: OUTLOOK.EXE, version: 15.0.4919.1001, time stamp: 0x58d20482
Exception code: 0xc0000005
Fault offset: 0x008924c4
Faulting process id: 0x3ac
Faulting application start time: 0x01d33cd04004165f
Faulting application path: C:\Program Files\Microsoft Office\Office15\OUTLOOK.EXE
Faulting module path: C:\Program Files\Microsoft Office\Office15\OUTLOOK.EXE
Report Id: 7774b44d-a8cb-11e7-a933-0050569f30ec"
Error,10/4/2017 13:01,EventCreate,1,None,Application,djkvdihost600.jakarta01.com,JAKARTA01\haryadi  
Error,10/4/2017 13:01,EventCreate,1,None,Application,djkvdihost600.jakarta01.com,JAKARTA01\haryadi  
Error,10/4/2017 12:58,EventCreate,1,None,Application,djkvdihost577.jakarta01.com,JAKARTA01\tantri  
Error,10/4/2017 12:58,Application Error,1000,-100,Application,djkvdihost577.jakarta01.com,"Faulting application name: EXCEL.EXE, version: 15.0.4919.1000, time stamp: 0x58c7ab0f
Faulting module name: unknown, version: 0.0.0.0, time stamp: 0x00000000
Exception code: 0xc0000005
Fault offset: 0xe9589946
Faulting process id: 0x1de0
Faulting application start time: 0x01d33caf3f968536
Faulting application path: C:\Program Files\Microsoft Office\Office15\EXCEL.EXE
Faulting module path: unknown
Report Id: 127e9caa-a8c9-11e7-8a04-0050569f73eb"
Error,10/4/2017 12:55,EventCreate,1,None,Application,djkvdihost565.jakarta01.com,JAKARTA01\faiqa  
Error,10/4/2017 12:55,Application Error,1000,-100,Application,djkvdihost565.jakarta01.com,"Faulting application name: OUTLOOK.EXE, version: 15.0.4919.1001, time stamp: 0x58d20482
Faulting module name: OUTLOOK.EXE, version: 15.0.4919.1001, time stamp: 0x58d20482
Exception code: 0xc0000005
Fault offset: 0x008924c4
Faulting process id: 0xb90
Faulting application start time: 0x01d33ca1dc6960c8
Faulting application path: C:\Program Files\Microsoft Office\Office15\OUTLOOK.EXE
Faulting module path: C:\Program Files\Microsoft Office\Office15\OUTLOOK.EXE
Report Id: b131f898-a8c8-11e7-9578-0050569f025c"
Error,10/4/2017 12:50,EventCreate,1,None,Application,djkvdihost323.jakarta01.com,JAKARTA01\augtiaji  
Error,10/4/2017 12:50,Application Error,1000,-100,Application,djkvdihost323.jakarta01.com,"Faulting application name: spoolsv.exe, version: 6.1.7601.17777, time stamp: 0x4f35efc3
Faulting module name: msvcrt.dll, version: 7.0.7601.17744, time stamp: 0x4eeaf722
Exception code: 0xc0000005
Fault offset: 0x0000aa14
Faulting process id: 0x62c
Faulting application start time: 0x01d33c33063d2134
Faulting application path: C:\Windows\System32\spoolsv.exe
Faulting module path: C:\Windows\system32\msvcrt.dll
Report Id: f8c1def9-a8c7-11e7-9b02-0050569f6910"
Error,10/4/2017 12:50,EventCreate,1,None,Application,djkvdihost337.jakarta01.com,JAKARTA01\wang  
Error,10/4/2017 12:49,EventCreate,1,None,Application,djkvdihost337.jakarta01.com,JAKARTA01\wang  
Error,10/4/2017 12:36,EventCreate,1,None,Application,djkvdihost531.jakarta01.com,JAKARTA01\boby  
Error,10/4/2017 12:36,Application Error,1000,-100,Application,djkvdihost531.jakarta01.com,"Faulting application name: OUTLOOK.EXE, version: 15.0.4919.1001, time stamp: 0x58d20482
Faulting module name: OUTLOOK.EXE, version: 15.0.4919.1001, time stamp: 0x58d20482
Exception code: 0xc0000005
Fault offset: 0x008924c4
Faulting process id: 0x1f5c
Faulting application start time: 0x01d33caf21b35aa6
Faulting application path: C:\Program Files\Microsoft Office\Office15\OUTLOOK.EXE
Faulting module path: C:\Program Files\Microsoft Office\Office15\OUTLOOK.EXE
Report Id: ee951b7e-a8c5-11e7-a739-0050569f42e0"
Error,10/4/2017 12:31,EventCreate,1,None,Application,djkvdihost316.jakarta01.com,JAKARTA01\AULIASA  
Error,10/4/2017 12:28,EventCreate,1,None,Application,djkvdihost398.jakarta01.com,JAKARTA01\aditya chandra  
Error,10/4/2017 12:20,EventCreate,1,None,Application,djkvdihost093.jakarta01.com,JAKARTA01\arinie  
Error,10/4/2017 12:20,Application Error,1000,-100,Application,djkvdihost093.jakarta01.com,"Faulting application name: OUTLOOK.EXE, version: 15.0.4919.1001, time stamp: 0x58d20482
Faulting module name: OUTLOOK.EXE, version: 15.0.4919.1001, time stamp: 0x58d20482
Exception code: 0xc0000005
Fault offset: 0x008924c4
Faulting process id: 0x1260
Faulting application start time: 0x01d33cb4118cc620
Faulting application path: C:\Program Files\Microsoft Office\Office15\OUTLOOK.EXE
Faulting module path: C:\Program Files\Microsoft Office\Office15\OUTLOOK.EXE
Report Id: b4488d86-a8c3-11e7-9ba0-0050569f2e88"
Error,10/4/2017 12:19,EventCreate,1,None,Application,djkvdihost812.jakarta01.com,JAKARTA01\guestisd59  
Error,10/4/2017 12:18,EventCreate,1,None,Application,djkvdihost567.jakarta01.com,JAKARTA01\aulya  
Error,10/4/2017 12:18,Application Error,1000,-100,Application,djkvdihost567.jakarta01.com,"Faulting application name: OUTLOOK.EXE, version: 15.0.4919.1001, time stamp: 0x58d20482
Faulting module name: OUTLOOK.EXE, version: 15.0.4919.1001, time stamp: 0x58d20482
Exception code: 0xc0000005
Fault offset: 0x008924c7
Faulting process id: 0x1ca0
Faulting application start time: 0x01d33ccad979dda7
Faulting application path: C:\Program Files\Microsoft Office\Office15\OUTLOOK.EXE
Faulting module path: C:\Program Files\Microsoft Office\Office15\OUTLOOK.EXE
Report Id: 7a6d1e9f-a8c3-11e7-a933-0050569f30ec"
Error,10/4/2017 12:03,EventCreate,1,None,Application,djkvdihost287.jakarta01.com,JAKARTA01\mery  
Error,10/4/2017 12:03,Application Error,1000,-100,Application,djkvdihost287.jakarta01.com,"Faulting application name: OUTLOOK.EXE, version: 15.0.4919.1001, time stamp: 0x58d20482
Faulting module name: OUTLOOK.EXE, version: 15.0.4919.1001, time stamp: 0x58d20482
Exception code: 0xc0000005
Fault offset: 0x008924c4
Faulting process id: 0x1bb0
Faulting application start time: 0x01d33cc800cf4432
Faulting application path: C:\Program Files\Microsoft Office\Office15\OUTLOOK.EXE
Faulting module path: C:\Program Files\Microsoft Office\Office15\OUTLOOK.EXE
Report Id: 52f2810a-a8c1-11e7-8b50-0050569f0cf6"
Error,10/4/2017 11:48,EventCreate,1,None,Application,djkvdihost061.jakarta01.com,JAKARTA01\arqom  
Error,10/4/2017 11:48,Application Error,1000,-100,Application,djkvdihost061.jakarta01.com,"Faulting application name: PhotoScreensaver.scr, version: 6.1.7601.17514, time stamp: 0x4ce7a590
Faulting module name: SHELL32.dll, version: 6.1.7601.23537, time stamp: 0x57c450f4
Exception code: 0xc0000005
Fault offset: 0x001f269f
Faulting process id: 0x20fc
Faulting application start time: 0x01d33ccb3eb85e51
Faulting application path: C:\Windows\system32\PhotoScreensaver.scr
Faulting module path: C:\Windows\system32\SHELL32.dll
Report Id: 4025b0cc-a8bf-11e7-9633-0050569f51e7"
Error,10/4/2017 11:44,EventCreate,1,None,Application,djkvdihost831.jakarta01.com,JAKARTA01\vita  
Error,10/4/2017 11:44,Application Error,1000,-100,Application,djkvdihost831.jakarta01.com,"Faulting application name: OUTLOOK.EXE, version: 15.0.4919.1001, time stamp: 0x58d20482
Faulting module name: OUTLOOK.EXE, version: 15.0.4919.1001, time stamp: 0x58d20482
Exception code: 0xc0000005
Fault offset: 0x008924c4
Faulting process id: 0x164
Faulting application start time: 0x01d33caf86732657
Faulting application path: C:\Program Files\Microsoft Office\Office15\OUTLOOK.EXE
Faulting module path: C:\Program Files\Microsoft Office\Office15\OUTLOOK.EXE
Report Id: a5297b2d-a8be-11e7-9923-0050569f7ec2"
Error,10/4/2017 11:41,EventCreate,1,None,Application,djkvdihost265.jakarta01.com,JAKARTA01\mulyanto  
Error,10/4/2017 11:41,Application Error,1000,-100,Application,djkvdihost265.jakarta01.com,"Faulting application name: EXCEL.EXE, version: 15.0.4919.1000, time stamp: 0x58c7ab0f
Faulting module name: EXCEL.EXE, version: 15.0.4919.1000, time stamp: 0x58c7ab0f
Exception code: 0xc0000005
Fault offset: 0x00161278
Faulting process id: 0x1884
Faulting application start time: 0x01d33c9d39425fdd
Faulting application path: C:\Program Files\Microsoft Office\Office15\EXCEL.EXE
Faulting module path: C:\Program Files\Microsoft Office\Office15\EXCEL.EXE
Report Id: 3e6f9a35-a8be-11e7-a61c-0050569f2b63"
Error,10/4/2017 11:40,EventCreate,1,None,Application,djkvdihost567.jakarta01.com,JAKARTA01\aulya  
Error,10/4/2017 11:39,Application Error,1000,-100,Application,djkvdihost567.jakarta01.com,"Faulting application name: OUTLOOK.EXE, version: 15.0.4919.1001, time stamp: 0x58d20482
Faulting module name: OUTLOOK.EXE, version: 15.0.4919.1001, time stamp: 0x58d20482
Exception code: 0xc0000005
Fault offset: 0x008924c7
Faulting process id: 0x1dd8
Faulting application start time: 0x01d33caaada08918
Faulting application path: C:\Program Files\Microsoft Office\Office15\OUTLOOK.EXE
Faulting module path: C:\Program Files\Microsoft Office\Office15\OUTLOOK.EXE
Report Id: 13c3f407-a8be-11e7-a933-0050569f30ec"
Error,10/4/2017 11:38,EventCreate,1,None,Application,djkvdihost034.jakarta01.com,JAKARTA01\Mustikawati  
Error,10/4/2017 11:38,Application Error,1000,-100,Application,djkvdihost034.jakarta01.com,"Faulting application name: OUTLOOK.EXE, version: 15.0.4919.1001, time stamp: 0x58d20482
Faulting module name: OUTLOOK.EXE, version: 15.0.4919.1001, time stamp: 0x58d20482
Exception code: 0xc0000005
Fault offset: 0x008924c4
Faulting process id: 0x1d74
Faulting application start time: 0x01d33caac19d44e5
Faulting application path: C:\Program Files\Microsoft Office\Office15\OUTLOOK.EXE
Faulting module path: C:\Program Files\Microsoft Office\Office15\OUTLOOK.EXE
Report Id: ed2b77ff-a8bd-11e7-b23b-0050569f0869"
Error,10/4/2017 11:32,EventCreate,1,None,Application,djkvdihost699.jakarta01.com,JAKARTA01\amanda chandra  
Error,10/4/2017 11:32,Application Error,1000,-100,Application,djkvdihost699.jakarta01.com,"Faulting application name: OUTLOOK.EXE, version: 15.0.4919.1001, time stamp: 0x58d20482
Faulting module name: OUTLOOK.EXE, version: 15.0.4919.1001, time stamp: 0x58d20482
Exception code: 0xc0000005
Fault offset: 0x008924c4
Faulting process id: 0x1a14
Faulting application start time: 0x01d33ca632f664c0
Faulting application path: C:\Program Files\Microsoft Office\Office15\OUTLOOK.EXE
Faulting module path: C:\Program Files\Microsoft Office\Office15\OUTLOOK.EXE
Report Id: 044971db-a8bd-11e7-bd35-0050569f7795"
Error,10/4/2017 11:24,EventCreate,1,None,Application,djkvdihost398.jakarta01.com,JAKARTA01\oliviales  
Error,10/4/2017 11:19,EventCreate,1,None,Application,djkvdihost698.jakarta01.com,JAKARTA01\krisna  
Error,10/4/2017 11:19,Application Error,1000,-100,Application,djkvdihost698.jakarta01.com,"Faulting application name: OUTLOOK.EXE, version: 15.0.4919.1001, time stamp: 0x58d20482
Faulting module name: OUTLOOK.EXE, version: 15.0.4919.1001, time stamp: 0x58d20482
Exception code: 0xc0000005
Fault offset: 0x008924c4
Faulting process id: 0x1a8c
Faulting application start time: 0x01d33cab77ea7af2
Faulting application path: C:\Program Files\Microsoft Office\Office15\OUTLOOK.EXE
Faulting module path: C:\Program Files\Microsoft Office\Office15\OUTLOOK.EXE
Report Id: 3bdbf7c9-a8bb-11e7-9066-0050569f04a2"
Error,10/4/2017 11:18,EventCreate,1,None,Application,djkvdihost094.jakarta01.com,JAKARTA01\lenny  
Error,10/4/2017 11:18,Application Error,1000,-100,Application,djkvdihost094.jakarta01.com,"Faulting application name: spoolsv.exe, version: 6.1.7601.17777, time stamp: 0x4f35efc3
Faulting module name: msvcrt.dll, version: 7.0.7601.17744, time stamp: 0x4eeaf722
Exception code: 0xc0000005
Fault offset: 0x0000aa14
Faulting process id: 0x634
Faulting application start time: 0x01d33c3bd496b757
Faulting application path: C:\Windows\System32\spoolsv.exe
Faulting module path: C:\Windows\system32\msvcrt.dll
Report Id: 152e80f5-a8bb-11e7-87bb-0050569f0521"
Error,10/4/2017 11:12,EventCreate,1,None,Application,djkvdihost681.jakarta01.com,JAKARTA01\diena  
Error,10/4/2017 11:12,Application Error,1000,-100,Application,djkvdihost681.jakarta01.com,"Faulting application name: PhotoScreensaver.scr, version: 6.1.7601.17514, time stamp: 0x4ce7a590
Faulting module name: SHELL32.dll, version: 6.1.7601.23537, time stamp: 0x57c450f4
Exception code: 0xc0000005
Fault offset: 0x001f269f
Faulting process id: 0x554
Faulting application start time: 0x01d33cb90e877658
Faulting application path: C:\Windows\system32\PhotoScreensaver.scr
Faulting module path: C:\Windows\system32\SHELL32.dll
Report Id: 4aaaa454-a8ba-11e7-9d06-0050569f4c33"
Error,10/4/2017 11:11,EventCreate,1,None,Application,djkvdihost573.jakarta01.com,JAKARTA01\erwin  
Error,10/4/2017 11:10,EventCreate,1,None,Application,djkvdihost601.jakarta01.com,JAKARTA01\enrikko  
Error,10/4/2017 11:08,EventCreate,1,None,Application,djkvdihost601.jakarta01.com,JAKARTA01\enrikko  
Error,10/4/2017 11:08,EventCreate,1,None,Application,djkvdihost379.jakarta01.com,JAKARTA01\edwin  
Error,10/4/2017 11:08,Application Error,1000,-100,Application,djkvdihost601.jakarta01.com,"Faulting application name: spoolsv.exe, version: 6.1.7601.17777, time stamp: 0x4f35efc3
Faulting module name: msvcrt.dll, version: 7.0.7601.17744, time stamp: 0x4eeaf722
Exception code: 0xc0000005
Fault offset: 0x0000aa14
Faulting process id: 0x1c78
Faulting application start time: 0x01d33cace9444dd3
Faulting application path: C:\Windows\System32\spoolsv.exe
Faulting module path: C:\Windows\system32\msvcrt.dll
Report Id: bbd48aea-a8b9-11e7-b89d-0050569f5a2e"
Error,10/4/2017 11:08,Application Error,1000,-100,Application,djkvdihost379.jakarta01.com,"Faulting application name: OUTLOOK.EXE, version: 15.0.4919.1001, time stamp: 0x58d20482
Faulting module name: OUTLOOK.EXE, version: 15.0.4919.1001, time stamp: 0x58d20482
Exception code: 0xc0000005
Fault offset: 0x008924c4
Faulting process id: 0x1c94
Faulting application start time: 0x01d33caf29650314
Faulting application path: C:\Program Files\Microsoft Office\Office15\OUTLOOK.EXE
Faulting module path: C:\Program Files\Microsoft Office\Office15\OUTLOOK.EXE
Report Id: b44cd3a9-a8b9-11e7-82fc-0050569f4898"
Error,10/4/2017 11:03,EventCreate,1,None,Application,djkvdihost249.jakarta01.com,JAKARTA01\rbagus  
Error,10/4/2017 11:03,Application Error,1000,-100,Application,djkvdihost249.jakarta01.com,"Faulting application name: spoolsv.exe, version: 6.1.7601.17777, time stamp: 0x4f35efc3
Faulting module name: msvcrt.dll, version: 7.0.7601.17744, time stamp: 0x4eeaf722
Exception code: 0xc0000005
Fault offset: 0x0000aa14
Faulting process id: 0x638
Faulting application start time: 0x01d33cc4748bbf98
Faulting application path: C:\Windows\System32\spoolsv.exe
Faulting module path: C:\Windows\system32\msvcrt.dll
Report Id: ea21481f-a8b8-11e7-9b89-0050569f5afa"
Error,10/4/2017 11:02,EventCreate,1,None,Application,djkvdihost249.jakarta01.com,JAKARTA01\rbagus  
Error,10/4/2017 11:02,EventCreate,1,None,Application,djkvdihost249.jakarta01.com,JAKARTA01\rbagus  
Error,10/4/2017 9:15,EventCreate,1,None,Application,djkvdihost477.jakarta01.com,JAKARTA01\guestacc08  
Error,10/4/2017 9:14,EventCreate,1,None,Application,djkvdihost477.jakarta01.com,JAKARTA01\guestacc08  
Error,10/4/2017 11:02,EventCreate,1,None,Application,djkvdihost435.jakarta01.com,JAKARTA01\fferdian  
Error,10/4/2017 11:02,Application Error,1000,-100,Application,djkvdihost435.jakarta01.com,"Faulting application name: OUTLOOK.EXE, version: 15.0.4919.1001, time stamp: 0x58d20482
Faulting module name: OUTLOOK.EXE, version: 15.0.4919.1001, time stamp: 0x58d20482
Exception code: 0xc0000005
Fault offset: 0x008924c7
Faulting process id: 0x1224
Faulting application start time: 0x01d33cb8c44ce9ad
Faulting application path: C:\Program Files\Microsoft Office\Office15\OUTLOOK.EXE
Faulting module path: C:\Program Files\Microsoft Office\Office15\OUTLOOK.EXE
Report Id: c90583be-a8b8-11e7-ad2e-0050569f384e"
Error,10/4/2017 10:54,EventCreate,1,None,Application,djkvdihost642.jakarta01.com,JAKARTA01\Damal  
Error,10/4/2017 10:54,EventCreate,1,None,Application,djkvdihost642.jakarta01.com,JAKARTA01\Damal  
Error,10/4/2017 10:53,EventCreate,1,None,Application,djkvdihost559.jakarta01.com,JAKARTA01\aprianto  
Error,10/4/2017 10:51,EventCreate,1,None,Application,djkvdihost559.jakarta01.com,JAKARTA01\aprianto  
Error,10/4/2017 10:49,EventCreate,1,None,Application,djkvdihost812.jakarta01.com,JAKARTA01\GuestISD44  
Error,10/4/2017 10:49,EventCreate,1,None,Application,djkvdihost812.jakarta01.com,JAKARTA01\GuestISD44  
Error,10/4/2017 10:48,EventCreate,1,None,Application,djkvdihost106.jakarta01.com,JAKARTA01\GUESTISD28  
Error,10/4/2017 10:48,EventCreate,1,None,Application,djkvdihost071.jakarta01.com,JAKARTA01\endah_k  
Error,10/4/2017 10:48,EventCreate,1,None,Application,djkvdihost637.jakarta01.com,JAKARTA01\ayub  
Error,10/4/2017 10:48,Application Error,1000,-100,Application,djkvdihost071.jakarta01.com,"Faulting application name: OUTLOOK.EXE, version: 15.0.4919.1001, time stamp: 0x58d20482
Faulting module name: OUTLOOK.EXE, version: 15.0.4919.1001, time stamp: 0x58d20482
Exception code: 0xc0000005
Fault offset: 0x008924c4
Faulting process id: 0x1fb8
Faulting application start time: 0x01d33cabb6b028b6
Faulting application path: C:\Program Files\Microsoft Office\Office15\OUTLOOK.EXE
Faulting module path: C:\Program Files\Microsoft Office\Office15\OUTLOOK.EXE
Report Id: da869938-a8b6-11e7-858d-0050569f2ddd"
Error,10/4/2017 10:47,EventCreate,1,None,Application,djkvdihost447.jakarta01.com,JAKARTA01\guestisd61  
Error,10/4/2017 10:44,EventCreate,1,None,Application,djkvdihost870.jakarta01.com,JAKARTA01\harry  
Error,10/4/2017 10:43,EventCreate,1,None,Application,djkvdihost720.jakarta01.com,JAKARTA01\ivan  
Error,10/4/2017 10:42,EventCreate,1,None,Application,djkvdihost248.jakarta01.com,JAKARTA01\quartiny  
Error,10/4/2017 10:42,Application Error,1000,-100,Application,djkvdihost248.jakarta01.com,"Faulting application name: OUTLOOK.EXE, version: 15.0.4919.1001, time stamp: 0x58d20482
Faulting module name: OUTLOOK.EXE, version: 15.0.4919.1001, time stamp: 0x58d20482
Exception code: 0xc0000005
Fault offset: 0x008924c4
Faulting process id: 0x1600
Faulting application start time: 0x01d33caf74080886
Faulting application path: C:\Program Files\Microsoft Office\Office15\OUTLOOK.EXE
Faulting module path: C:\Program Files\Microsoft Office\Office15\OUTLOOK.EXE
Report Id: 08ce91c7-a8b6-11e7-b5ee-0050569f28ba"
Error,10/4/2017 10:39,EventCreate,1,None,Application,djkvdihost721.jakarta01.com,JAKARTA01\iqbal maulanasani  
Error,10/4/2017 10:39,EventCreate,1,None,Application,djkvdihost051.jakarta01.com,JAKARTA01\saptorini  
Error,10/4/2017 10:37,EventCreate,1,None,Application,djkvdihost051.jakarta01.com,JAKARTA01\saptorini  
Error,10/4/2017 10:36,EventCreate,1,None,Application,djkvdihost573.jakarta01.com,JAKARTA01\guestISD57  
Error,10/4/2017 10:36,EventCreate,1,None,Application,djkvdihost708.jakarta01.com,JAKARTA01\GuestISD45  
