Error,9/26/2017 4:21:18 PM,Application Error,1000,(100),Application,djkvdihost009.jakarta01.com,"Faulting application name: OUTLOOK.EXE, version: 15.0.4919.1001, time stamp: 0x58d20482
Faulting module name: OUTLOOK.EXE, version: 15.0.4919.1001, time stamp: 0x58d20482
Exception code: 0xc0000005
Fault offset: 0x008924c4
Faulting process id: 0x1034
Faulting application start time: 0x01d3369bb66b2a5b
Faulting application path: C:\Program Files\Microsoft Office\Office15\OUTLOOK.EXE
Faulting module path: C:\Program Files\Microsoft Office\Office15\OUTLOOK.EXE
Report Id: 0d0091a1-a29c-11e7-bc38-0050569f6f4e"
Error,9/26/2017 4:19:31 PM,EventCreate,1,None,Application,djkvdihost082.jakarta01.com,JAKARTA01\ChyntiaDN  
Error,9/26/2017 4:19:27 PM,Application Error,1000,(100),Application,djkvdihost082.jakarta01.com,"Faulting application name: OUTLOOK.EXE, version: 15.0.4919.1001, time stamp: 0x58d20482
Faulting module name: OUTLOOK.EXE, version: 15.0.4919.1001, time stamp: 0x58d20482
Exception code: 0xc0000005
Fault offset: 0x008924c4
Faulting process id: 0x1fc4
Faulting application start time: 0x01d3366224ec3a73
Faulting application path: C:\Program Files\Microsoft Office\Office15\OUTLOOK.EXE
Faulting module path: C:\Program Files\Microsoft Office\Office15\OUTLOOK.EXE
Report Id: cb106abe-a29b-11e7-86da-0050569f4c1b"
Error,9/26/2017 4:15:48 PM,EventCreate,1,None,Application,djkvdihost336.jakarta01.com,JAKARTA01\Sunaryo  
Error,9/26/2017 4:15:45 PM,Application Error,1000,(100),Application,djkvdihost336.jakarta01.com,"Faulting application name: OUTLOOK.EXE, version: 15.0.4919.1001, time stamp: 0x58d20482
Faulting module name: OUTLOOK.EXE, version: 15.0.4919.1001, time stamp: 0x58d20482
Exception code: 0xc0000005
Fault offset: 0x008924c4
Faulting process id: 0x1d48
Faulting application start time: 0x01d3366829981616
Faulting application path: C:\Program Files\Microsoft Office\Office15\OUTLOOK.EXE
Faulting module path: C:\Program Files\Microsoft Office\Office15\OUTLOOK.EXE
Report Id: 4663fa97-a29b-11e7-aeab-0050569f7ca5"
Error,9/26/2017 4:10:41 PM,EventCreate,1,None,Application,djkvdihost726.jakarta01.com,JAKARTA01\Dini Rahmawati  
Error,9/26/2017 4:10:41 PM,Application Error,1000,(100),Application,djkvdihost726.jakarta01.com,"Faulting application name: OUTLOOK.EXE, version: 15.0.4919.1001, time stamp: 0x58d20482
Faulting module name: OUTLOOK.EXE, version: 15.0.4919.1001, time stamp: 0x58d20482
Exception code: 0xc0000005
Fault offset: 0x008924c4
Faulting process id: 0x2694
Faulting application start time: 0x01d33692a25c3d42
Faulting application path: C:\Program Files\Microsoft Office\Office15\OUTLOOK.EXE
Faulting module path: C:\Program Files\Microsoft Office\Office15\OUTLOOK.EXE
Report Id: 9125939d-a29a-11e7-ae01-0050569f2f0e"
Error,9/26/2017 4:07:48 PM,EventCreate,1,None,Application,djkvdihost064.jakarta01.com,JAKARTA01\rahman  
Error,9/26/2017 4:03:04 PM,EventCreate,1,None,Application,djkvdihost816.jakarta01.com,JAKARTA01\ridjal  
Error,9/26/2017 3:58:32 PM,EventCreate,1,None,Application,djkvdihost392.jakarta01.com,JAKARTA01\hari  
Error,9/26/2017 3:58:28 PM,Application Error,1000,(100),Application,djkvdihost392.jakarta01.com,"Faulting application name: OUTLOOK.EXE, version: 15.0.4919.1001, time stamp: 0x58d20482
Faulting module name: OUTLOOK.EXE, version: 15.0.4919.1001, time stamp: 0x58d20482
Exception code: 0xc0000005
Fault offset: 0x008924c7
Faulting process id: 0x1b38
Faulting application start time: 0x01d3369234a969bc
Faulting application path: C:\Program Files\Microsoft Office\Office15\OUTLOOK.EXE
Faulting module path: C:\Program Files\Microsoft Office\Office15\OUTLOOK.EXE
Report Id: dc5967d3-a298-11e7-b3dc-0050569f437a"
Error,9/26/2017 3:57:28 PM,EventCreate,1,None,Application,djkvdihost495.jakarta01.com,JAKARTA01\muhamadZAH  
Error,9/26/2017 3:57:25 PM,Application Error,1000,(100),Application,djkvdihost495.jakarta01.com,"Faulting application name: EXCEL.EXE, version: 15.0.4919.1000, time stamp: 0x58c7ab0f
Faulting module name: EXCEL.EXE, version: 15.0.4919.1000, time stamp: 0x58c7ab0f
Exception code: 0xc0000005
Fault offset: 0x00052b8c
Faulting process id: 0x1eb4
Faulting application start time: 0x01d3366a5bfa1a32
Faulting application path: C:\Program Files\Microsoft Office\Office15\EXCEL.EXE
Faulting module path: C:\Program Files\Microsoft Office\Office15\EXCEL.EXE
Report Id: b6bfda2c-a298-11e7-9d01-0050569f43e7"
Error,9/26/2017 3:54:24 PM,EventCreate,1,None,Application,djkvdihost356.jakarta01.com,JAKARTA01\alex  
Error,9/26/2017 3:54:21 PM,Application Error,1000,(100),Application,djkvdihost356.jakarta01.com,"Faulting application name: OUTLOOK.EXE, version: 15.0.4919.1001, time stamp: 0x58d20482
Faulting module name: OUTLOOK.EXE, version: 15.0.4919.1001, time stamp: 0x58d20482
Exception code: 0xc0000005
Fault offset: 0x008924c4
Faulting process id: 0x1400
Faulting application start time: 0x01d336677c3e791d
Faulting application path: C:\Program Files\Microsoft Office\Office15\OUTLOOK.EXE
Faulting module path: C:\Program Files\Microsoft Office\Office15\OUTLOOK.EXE
Report Id: 49134412-a298-11e7-8054-0050569f6b07"
Error,9/26/2017 3:51:19 PM,EventCreate,1,None,Application,djkvdihost241.jakarta01.com,JAKARTA01\amanda chandra  
Error,9/26/2017 3:51:16 PM,Application Error,1000,(100),Application,djkvdihost241.jakarta01.com,"Faulting application name: OUTLOOK.EXE, version: 15.0.4919.1001, time stamp: 0x58d20482
Faulting module name: OUTLOOK.EXE, version: 15.0.4919.1001, time stamp: 0x58d20482
Exception code: 0xc0000005
Fault offset: 0x008924c4
Faulting process id: 0x1d44
Faulting application start time: 0x01d336634ea2a399
Faulting application path: C:\Program Files\Microsoft Office\Office15\OUTLOOK.EXE
Faulting module path: C:\Program Files\Microsoft Office\Office15\OUTLOOK.EXE
Report Id: daa7fe0f-a297-11e7-96d3-0050569f27bd"
Error,9/26/2017 3:46:53 PM,EventCreate,1,None,Application,djkvdihost814.jakarta01.com,JAKARTA01\Pradita  
Error,9/26/2017 3:46:50 PM,Application Error,1000,(100),Application,djkvdihost814.jakarta01.com,"Faulting application name: OUTLOOK.EXE, version: 15.0.4919.1001, time stamp: 0x58d20482
Faulting module name: OUTLOOK.EXE, version: 15.0.4919.1001, time stamp: 0x58d20482
Exception code: 0xc0000005
Fault offset: 0x008924c4
Faulting process id: 0x1c08
Faulting application start time: 0x01d336614d2f9176
Faulting application path: C:\Program Files\Microsoft Office\Office15\OUTLOOK.EXE
Faulting module path: C:\Program Files\Microsoft Office\Office15\OUTLOOK.EXE
Report Id: 3c5d9e28-a297-11e7-8e7f-0050569f551f"
Error,9/26/2017 3:44:28 PM,EventCreate,1,None,Application,djkvdihost375.jakarta01.com,JAKARTA01\rina  
Error,9/26/2017 3:44:08 PM,EventCreate,1,None,Application,djkvdihost375.jakarta01.com,JAKARTA01\rina  
Error,9/26/2017 3:38:29 PM,EventCreate,1,None,Application,djkvdihost552.jakarta01.com,JAKARTA01\Daniel  
Error,9/26/2017 3:38:25 PM,Application Error,1000,(100),Application,djkvdihost552.jakarta01.com,"Faulting application name: OUTLOOK.EXE, version: 15.0.4919.1001, time stamp: 0x58d20482
Faulting module name: OUTLOOK.EXE, version: 15.0.4919.1001, time stamp: 0x58d20482
Exception code: 0xc0000005
Fault offset: 0x002c7fa9
Faulting process id: 0x1db0
Faulting application start time: 0x01d33664a3965369
Faulting application path: C:\Program Files\Microsoft Office\Office15\OUTLOOK.EXE
Faulting module path: C:\Program Files\Microsoft Office\Office15\OUTLOOK.EXE
Report Id: 0f83ddb4-a296-11e7-ae93-0050569f13d9"
Error,9/26/2017 3:36:02 PM,EventCreate,1,None,Application,djkvdihost516.jakarta01.com,JAKARTA01\widiana  
Error,9/26/2017 3:34:30 PM,EventCreate,1,None,Application,djkvdihost441.jakarta01.com,JAKARTA01\suhendrayana  
Error,9/26/2017 3:34:26 PM,Application Error,1000,(100),Application,djkvdihost441.jakarta01.com,"Faulting application name: OUTLOOK.EXE, version: 15.0.4919.1001, time stamp: 0x58d20482
Faulting module name: OUTLOOK.EXE, version: 15.0.4919.1001, time stamp: 0x58d20482
Exception code: 0xc0000005
Fault offset: 0x008924c4
Faulting process id: 0x23c
Faulting application start time: 0x01d3366c74af9131
Faulting application path: C:\Program Files\Microsoft Office\Office15\OUTLOOK.EXE
Faulting module path: C:\Program Files\Microsoft Office\Office15\OUTLOOK.EXE
Report Id: 810bdf08-a295-11e7-a7f7-0050569f40af"
Error,9/26/2017 3:28:12 PM,EventCreate,1,None,Application,djkvdihost694.jakarta01.com,JAKARTA01\diena  
Error,9/26/2017 3:28:09 PM,Application Error,1000,(100),Application,djkvdihost694.jakarta01.com,"Faulting application name: OUTLOOK.EXE, version: 15.0.4919.1001, time stamp: 0x58d20482
Faulting module name: OUTLOOK.EXE, version: 15.0.4919.1001, time stamp: 0x58d20482
Exception code: 0xc0000005
Fault offset: 0x008924c4
Faulting process id: 0xbb8
Faulting application start time: 0x01d336673148b0aa
Faulting application path: C:\Program Files\Microsoft Office\Office15\OUTLOOK.EXE
Faulting module path: C:\Program Files\Microsoft Office\Office15\OUTLOOK.EXE
Report Id: a055d0c0-a294-11e7-8504-0050569f7aa4"
Error,9/26/2017 3:24:14 PM,EventCreate,1,None,Application,djkvdihost855.jakarta01.com,JAKARTA01\kubo  
Error,9/26/2017 3:24:15 PM,EventCreate,1,None,Application,djkvdihost202.jakarta01.com,JAKARTA01\dyah alit  
Error,9/26/2017 3:24:11 PM,Application Error,1000,(100),Application,djkvdihost855.jakarta01.com,"Faulting application name: OUTLOOK.EXE, version: 15.0.4919.1001, time stamp: 0x58d20482
Faulting module name: OUTLOOK.EXE, version: 15.0.4919.1001, time stamp: 0x58d20482
Exception code: 0xc0000005
Fault offset: 0x008924c7
Faulting process id: 0x19a8
Faulting application start time: 0x01d336627e8aa8dc
Faulting application path: C:\Program Files\Microsoft Office\Office15\OUTLOOK.EXE
Faulting module path: C:\Program Files\Microsoft Office\Office15\OUTLOOK.EXE
Report Id: 126abb77-a294-11e7-929f-0050569f518a"
Error,9/26/2017 3:23:14 PM,EventCreate,1,None,Application,djkvdihost801.jakarta01.com,JAKARTA01\M Said  
Error,9/26/2017 3:23:11 PM,Application Error,1000,(100),Application,djkvdihost801.jakarta01.com,"Faulting application name: OUTLOOK.EXE, version: 15.0.4919.1001, time stamp: 0x58d20482
Faulting module name: OUTLOOK.EXE, version: 15.0.4919.1001, time stamp: 0x58d20482
Exception code: 0xc0000005
Fault offset: 0x008924c4
Faulting process id: 0xfe0
Faulting application start time: 0x01d3367266146da2
Faulting application path: C:\Program Files\Microsoft Office\Office15\OUTLOOK.EXE
Faulting module path: C:\Program Files\Microsoft Office\Office15\OUTLOOK.EXE
Report Id: ee650c54-a293-11e7-8dce-0050569f584f"
Error,9/26/2017 3:20:38 PM,EventCreate,1,None,Application,djkvdihost894.jakarta01.com,JAKARTA01\Adhisty  
Error,9/26/2017 3:20:37 PM,Application Error,1000,(100),Application,djkvdihost894.jakarta01.com,"Faulting application name: OUTLOOK.EXE, version: 15.0.4927.1001, time stamp: 0x58f5f52e
Faulting module name: OUTLOOK.EXE, version: 15.0.4927.1001, time stamp: 0x58f5f52e
Exception code: 0xc0000409
Fault offset: 0x00dc3399
Faulting process id: 0x17c4
Faulting application start time: 0x01d336648aaa5cdb
Faulting application path: C:\Program Files (x86)\Microsoft Office\Office15\OUTLOOK.EXE
Faulting module path: C:\Program Files (x86)\Microsoft Office\Office15\OUTLOOK.EXE
Report Id: 92fe5d80-a293-11e7-9c7c-0050569f363b"
Error,9/26/2017 3:11:14 PM,EventCreate,1,None,Application,djkvdihost683.jakarta01.com,JAKARTA01\hana nurul  
Error,9/26/2017 3:11:05 PM,EventCreate,1,None,Application,djkvdihost345.jakarta01.com,JAKARTA01\wildan  
Error,9/26/2017 1:31:00 PM,EventCreate,1,None,Application,djkvdihost570.jakarta01.com,JAKARTA01\sysdovs03  
Error,9/26/2017 2:57:51 PM,EventCreate,1,None,Application,djkvdihost032.jakarta01.com,JAKARTA01\fathiya  
Error,9/26/2017 2:57:47 PM,Application Error,1000,(100),Application,djkvdihost032.jakarta01.com,"Faulting application name: OUTLOOK.EXE, version: 15.0.4919.1001, time stamp: 0x58d20482
Faulting module name: OUTLOOK.EXE, version: 15.0.4919.1001, time stamp: 0x58d20482
Exception code: 0xc0000005
Fault offset: 0x008924c7
Faulting process id: 0x1aec
Faulting application start time: 0x01d3369c25f13552
Faulting application path: C:\Program Files\Microsoft Office\Office15\OUTLOOK.EXE
Faulting module path: C:\Program Files\Microsoft Office\Office15\OUTLOOK.EXE
Report Id: 622d243f-a290-11e7-a1bf-0050569f6c2d"
Error,9/26/2017 2:47:22 PM,EventCreate,1,None,Application,djkvdihost009.jakarta01.com,JAKARTA01\Setiawan  
Error,9/26/2017 2:40:27 PM,EventCreate,1,None,Application,djkvdihost154.jakarta01.com,JAKARTA01\MahendraR  
Error,9/26/2017 2:40:27 PM,Application Error,1000,(100),Application,djkvdihost154.jakarta01.com,"Faulting application name: OUTLOOK.EXE, version: 15.0.4919.1001, time stamp: 0x58d20482
Faulting module name: OUTLOOK.EXE, version: 15.0.4919.1001, time stamp: 0x58d20482
Exception code: 0xc0000005
Fault offset: 0x008924c7
Faulting process id: 0x1a6c
Faulting application start time: 0x01d33698bd7a32fa
Faulting application path: C:\Program Files\Microsoft Office\Office15\OUTLOOK.EXE
Faulting module path: C:\Program Files\Microsoft Office\Office15\OUTLOOK.EXE
Report Id: f6186357-a28d-11e7-95a7-0050569f5e64"
Error,9/26/2017 2:39:54 PM,EventCreate,1,None,Application,djkvdihost453.jakarta01.com,JAKARTA01\Nikmatullah  
Error,9/26/2017 2:39:53 PM,Application Error,1000,(100),Application,djkvdihost453.jakarta01.com,"Faulting application name: OUTLOOK.EXE, version: 15.0.4919.1001, time stamp: 0x58d20482
Faulting module name: OUTLOOK.EXE, version: 15.0.4919.1001, time stamp: 0x58d20482
Exception code: 0xc0000005
Fault offset: 0x008924c4
Faulting process id: 0x1cc0
Faulting application start time: 0x01d3365f210f8b03
Faulting application path: C:\Program Files\Microsoft Office\Office15\OUTLOOK.EXE
Faulting module path: C:\Program Files\Microsoft Office\Office15\OUTLOOK.EXE
Report Id: e1ff6daa-a28d-11e7-b461-0050569f4331"
Error,9/26/2017 2:37:59 PM,EventCreate,1,None,Application,djkvdihost683.jakarta01.com,JAKARTA01\hana nurul  
Error,9/26/2017 2:34:46 PM,EventCreate,1,None,Application,djkvdihost557.jakarta01.com,JAKARTA01\christianrs  
Error,9/26/2017 2:31:59 PM,EventCreate,1,None,Application,djkvdihost287.jakarta01.com,JAKARTA01\Katsuhito  
Error,9/26/2017 2:31:56 PM,Application Error,1000,(100),Application,djkvdihost287.jakarta01.com,"Faulting application name: EXCEL.EXE, version: 15.0.4919.1000, time stamp: 0x58c7ab0f
Faulting module name: EXCEL.EXE, version: 15.0.4919.1000, time stamp: 0x58c7ab0f
Exception code: 0xc0000005
Fault offset: 0x00eebf43
Faulting process id: 0x1fa4
Faulting application start time: 0x01d3366f5a812613
Faulting application path: C:\Program Files\Microsoft Office\Office15\EXCEL.EXE
Faulting module path: C:\Program Files\Microsoft Office\Office15\EXCEL.EXE
Report Id: c59437be-a28c-11e7-8e9d-0050569f0cf6"
Error,9/26/2017 12:48:43 PM,EventCreate,1,None,Application,djkvdihost020.jakarta01.com,JAKARTA01\guestitso02  
Error,9/26/2017 2:26:11 PM,EventCreate,1,None,Application,djkvdihost154.jakarta01.com,JAKARTA01\MahendraR  
Error,9/26/2017 2:26:10 PM,Application Error,1000,(100),Application,djkvdihost154.jakarta01.com,"Faulting application name: OUTLOOK.EXE, version: 15.0.4919.1001, time stamp: 0x58d20482
Faulting module name: OUTLOOK.EXE, version: 15.0.4919.1001, time stamp: 0x58d20482
Exception code: 0xc0000005
Fault offset: 0x008924c4
Faulting process id: 0x1c60
Faulting application start time: 0x01d3367c4e2db151
Faulting application path: C:\Program Files\Microsoft Office\Office15\OUTLOOK.EXE
Faulting module path: C:\Program Files\Microsoft Office\Office15\OUTLOOK.EXE
Report Id: f7b1a55c-a28b-11e7-95a7-0050569f5e64"
Error,9/26/2017 2:23:48 PM,EventCreate,1,None,Application,djkvdihost730.jakarta01.com,JAKARTA01\GUESTISD22  
Error,9/26/2017 2:22:23 PM,EventCreate,1,None,Application,djkvdihost537.jakarta01.com,JAKARTA01\JUNETTE  
Error,9/26/2017 2:22:20 PM,Application Error,1000,(100),Application,djkvdihost537.jakarta01.com,"Faulting application name: OUTLOOK.EXE, version: 15.0.4919.1001, time stamp: 0x58d20482
Faulting module name: OUTLOOK.EXE, version: 15.0.4919.1001, time stamp: 0x58d20482
Exception code: 0xc0000005
Fault offset: 0x008924c4
Faulting process id: 0x141c
Faulting application start time: 0x01d336605e4efe35
Faulting application path: C:\Program Files\Microsoft Office\Office15\OUTLOOK.EXE
Faulting module path: C:\Program Files\Microsoft Office\Office15\OUTLOOK.EXE
Report Id: 6ea22d34-a28b-11e7-b74c-0050569f34ed"
Error,9/26/2017 2:18:52 PM,EventCreate,1,None,Application,djkvdihost579.jakarta01.com,JAKARTA01\yuliana  
Error,9/26/2017 2:18:48 PM,Application Error,1000,(100),Application,djkvdihost579.jakarta01.com,"Faulting application name: dexplore.exe, version: 8.0.50727.1826, time stamp: 0x480d53d7
Faulting module name: msenv.dll, version: 8.0.50727.1826, time stamp: 0x480d6b43
Exception code: 0xc0000006
Fault offset: 0x000aa44c
Faulting process id: 0x1038
Faulting application start time: 0x01d33676be7f1f28
Faulting application path: C:\ProgramData\App-V\7E6C07C6-BABC-4CE8-97AB-A341733341AB\99C1E27C-3700-4508-B939-73CE71D01921\Root\VFS\ProgramFilesCommonX86\Microsoft Shared\Help 8\dexplore.exe
Faulting module path: C:\Program Files\Common Files\Microsoft Shared\Help 8\msenv.dll
Report Id: efed5860-a28a-11e7-81ba-0050569f4367"
Error,9/26/2017 2:17:43 PM,EventCreate,1,None,Application,djkvdihost589.jakarta01.com,JAKARTA01\william  
Error,9/26/2017 2:17:41 PM,Application Error,1000,(100),Application,djkvdihost589.jakarta01.com,"Faulting application name: OUTLOOK.EXE, version: 15.0.4919.1001, time stamp: 0x58d20482
Faulting module name: OUTLOOK.EXE, version: 15.0.4919.1001, time stamp: 0x58d20482
Exception code: 0xc0000005
Fault offset: 0x008924c7
Faulting process id: 0x18a4
Faulting application start time: 0x01d3366424273bd2
Faulting application path: C:\Program Files\Microsoft Office\Office15\OUTLOOK.EXE
Faulting module path: C:\Program Files\Microsoft Office\Office15\OUTLOOK.EXE
Report Id: c7de3d43-a28a-11e7-b626-0050569f7f7d"
Error,9/26/2017 2:15:17 PM,EventCreate,1,None,Application,djkvdihost435.jakarta01.com,JAKARTA01\michael  
Error,9/26/2017 2:15:14 PM,Application Error,1000,(100),Application,djkvdihost435.jakarta01.com,"Faulting application name: PhotoScreensaver.scr, version: 6.1.7601.17514, time stamp: 0x4ce7a590
Faulting module name: SHELL32.dll, version: 6.1.7601.23537, time stamp: 0x57c450f4
Exception code: 0xc0000005
Fault offset: 0x001f269f
Faulting process id: 0x145c
Faulting application start time: 0x01d33697099d6103
Faulting application path: C:\Windows\system32\PhotoScreensaver.scr
Faulting module path: C:\Windows\system32\SHELL32.dll
Report Id: 70713f10-a28a-11e7-90d4-0050569f384e"
Error,9/26/2017 2:05:27 PM,EventCreate,1,None,Application,djkvdihost375.jakarta01.com,JAKARTA01\dyah alit  
Error,9/26/2017 2:03:14 PM,EventCreate,1,None,Application,djkvdihost854.jakarta01.com,JAKARTA01\tsusaka  
Error,9/26/2017 2:01:58 PM,EventCreate,1,None,Application,djkvdihost546.jakarta01.com,JAKARTA01\bellaisya  
Error,9/26/2017 2:01:54 PM,Application Error,1000,(100),Application,djkvdihost546.jakarta01.com,"Faulting application name: iexplore.exe, version: 11.0.9600.18639, time stamp: 0x58d6bb0d
Faulting module name: MSHTML.dll, version: 11.0.9600.18639, time stamp: 0x58d6c720
Exception code: 0xc0000005
Fault offset: 0x000ac604
Faulting process id: 0x14b8
Faulting application start time: 0x01d336794be6cebd
Faulting application path: C:\Program Files\Internet Explorer\iexplore.exe
Faulting module path: C:\Windows\system32\MSHTML.dll
Report Id: 93a893e3-a288-11e7-95a8-0050569f3b29"
Error,9/26/2017 2:00:14 PM,EventCreate,1,None,Application,djkvdihost001.jakarta01.com,JAKARTA01\rinaldonp  
Error,9/26/2017 2:00:10 PM,Application Error,1000,(100),Application,djkvdihost001.jakarta01.com,"Faulting application name: OUTLOOK.EXE, version: 15.0.4919.1001, time stamp: 0x58d20482
Faulting module name: OUTLOOK.EXE, version: 15.0.4919.1001, time stamp: 0x58d20482
Exception code: 0xc0000005
Fault offset: 0x008924c7
Faulting process id: 0x1df0
Faulting application start time: 0x01d336625466c282
Faulting application path: C:\Program Files\Microsoft Office\Office15\OUTLOOK.EXE
Faulting module path: C:\Program Files\Microsoft Office\Office15\OUTLOOK.EXE
Report Id: 55e95fb9-a288-11e7-b2a1-0050569f3de8"
Error,9/26/2017 1:57:53 PM,EventCreate,1,None,Application,djkvdihost827.jakarta01.com,JAKARTA01\fatma  
Error,9/26/2017 1:57:52 PM,Application Error,1000,(100),Application,djkvdihost827.jakarta01.com,"Faulting application name: lync.exe, version: 15.0.4919.1000, time stamp: 0x58c7ab1e
Faulting module name: Uc.dll, version: 15.0.4919.1000, time stamp: 0x58c7b032
Exception code: 0xc0000005
Fault offset: 0x00559bd1
Faulting process id: 0x13cc
Faulting application start time: 0x01d336764c1ab3cf
Faulting application path: C:\Program Files\Microsoft Office\Office15\lync.exe
Faulting module path: C:\Program Files\Microsoft Office\Office15\Uc.dll
Report Id: 036274ff-a288-11e7-9b0d-0050569f4289"
Error,9/26/2017 1:56:01 PM,EventCreate,1,None,Application,djkvdihost776.jakarta01.com,JAKARTA01\GuestFCD03  
Error,9/26/2017 1:44:19 PM,EventCreate,1,None,Application,djkvdihost745.jakarta01.com,JAKARTA01\Rahmat  
Error,9/26/2017 1:44:16 PM,Application Error,1000,(100),Application,djkvdihost745.jakarta01.com,"Faulting application name: OUTLOOK.EXE, version: 15.0.4919.1001, time stamp: 0x58d20482
Faulting module name: OUTLOOK.EXE, version: 15.0.4919.1001, time stamp: 0x58d20482
Exception code: 0xc0000005
Fault offset: 0x008924c7
Faulting process id: 0x1da8
Faulting application start time: 0x01d33662dc412ab2
Faulting application path: C:\Program Files\Microsoft Office\Office15\OUTLOOK.EXE
Faulting module path: C:\Program Files\Microsoft Office\Office15\OUTLOOK.EXE
Report Id: 1d359eeb-a286-11e7-98b3-0050569f2c5e"
Error,9/26/2017 1:42:32 PM,EventCreate,1,None,Application,djkvdihost726.jakarta01.com,JAKARTA01\Dini Rahmawati  
Error,9/26/2017 1:42:29 PM,Application Error,1000,(100),Application,djkvdihost726.jakarta01.com,"Faulting application name: OUTLOOK.EXE, version: 15.0.4919.1001, time stamp: 0x58d20482
Faulting module name: OUTLOOK.EXE, version: 15.0.4919.1001, time stamp: 0x58d20482
Exception code: 0xc0000005
Fault offset: 0x008924c4
Faulting process id: 0xf68
Faulting application start time: 0x01d336815439cc25
Faulting application path: C:\Program Files\Microsoft Office\Office15\OUTLOOK.EXE
Faulting module path: C:\Program Files\Microsoft Office\Office15\OUTLOOK.EXE
Report Id: dd12a232-a285-11e7-ae01-0050569f2f0e"
Error,9/26/2017 1:38:42 PM,EventCreate,1,None,Application,djkvdihost717.jakarta01.com,JAKARTA01\Bob Jasper  
Error,9/26/2017 1:38:38 PM,Application Error,1000,(100),Application,djkvdihost717.jakarta01.com,"Faulting application name: OUTLOOK.EXE, version: 15.0.4919.1001, time stamp: 0x58d20482
Faulting module name: OUTLOOK.EXE, version: 15.0.4919.1001, time stamp: 0x58d20482
Exception code: 0xc0000005
Fault offset: 0x008924c4
Faulting process id: 0x1c14
Faulting application start time: 0x01d33658140137c2
Faulting application path: C:\Program Files\Microsoft Office\Office15\OUTLOOK.EXE
Faulting module path: C:\Program Files\Microsoft Office\Office15\OUTLOOK.EXE
Report Id: 53c4850a-a285-11e7-b9f4-0050569f3764"
Error,9/26/2017 1:37:29 PM,EventCreate,1,None,Application,djkvdihost876.jakarta01.com,JAKARTA01\jeremia  
Error,9/26/2017 1:37:16 PM,EventCreate,1,None,Application,djkvdihost876.jakarta01.com,JAKARTA01\jeremia  
Error,9/26/2017 1:36:33 PM,EventCreate,1,None,Application,djkvdihost876.jakarta01.com,JAKARTA01\jeremia  
Error,9/26/2017 1:30:08 PM,EventCreate,1,None,Application,djkvdihost900.jakarta01.com,JAKARTA01\Adi Purnomo  
Error,9/26/2017 1:30:07 PM,Application Error,1000,(100),Application,djkvdihost900.jakarta01.com,"Faulting application name: OUTLOOK.EXE, version: 15.0.4927.1001, time stamp: 0x58f5f52e
Faulting module name: OUTLOOK.EXE, version: 15.0.4927.1001, time stamp: 0x58f5f52e
Exception code: 0xc0000409
Fault offset: 0x00dc3399
Faulting process id: 0x11b0
Faulting application start time: 0x01d3367677dea5a2
Faulting application path: C:\Program Files (x86)\Microsoft Office\Office15\OUTLOOK.EXE
Faulting module path: C:\Program Files (x86)\Microsoft Office\Office15\OUTLOOK.EXE
Report Id: 2340a842-a284-11e7-a214-0050569f56e9"
Error,9/26/2017 1:28:10 PM,EventCreate,1,None,Application,djkvdihost831.jakarta01.com,JAKARTA01\herlina  
Error,9/26/2017 1:27:39 PM,EventCreate,1,None,Application,djkvdihost628.jakarta01.com,JAKARTA01\nunik  
Error,9/26/2017 1:28:04 PM,Application Error,1000,(100),Application,djkvdihost831.jakarta01.com,"Faulting application name: EXCEL.EXE, version: 15.0.4919.1000, time stamp: 0x58c7ab0f
Faulting module name: MSVCR100.dll, version: 10.0.40219.325, time stamp: 0x4df2be1e
Exception code: 0xc0000005
Fault offset: 0x00001f34
Faulting process id: 0x808
Faulting application start time: 0x01d33681fde6c585
Faulting application path: C:\Program Files\Microsoft Office\Office15\EXCEL.EXE
Faulting module path: C:\Windows\system32\MSVCR100.dll
Report Id: d9fe86b7-a283-11e7-a284-0050569f7ec2"
Error,9/26/2017 1:27:37 PM,EventCreate,1,None,Application,djkvdihost628.jakarta01.com,JAKARTA01\nunik  
Error,9/26/2017 1:21:42 PM,EventCreate,1,None,Application,djkvdihost853.jakarta01.com,JAKARTA01\bayu  
Error,9/26/2017 1:20:54 PM,WSH,1,None,Application,djkvdihost853.jakarta01.com,"CN=Andi Bayu W password will expire in 2 day(s) at 9/28/2017 8:06:14 AM

Press CTRL + ALT + DEL and select the ""Change a password"" option."
Error,9/26/2017 1:20:53 PM,WSH,1,None,Application,djkvdihost853.jakarta01.com,"CN=Andi Bayu W password will expire in 2 day(s) at 9/28/2017 8:06:14 AM

Press CTRL + ALT + DEL and select the ""Change a password"" option."
Error,9/26/2017 1:18:23 PM,EventCreate,1,None,Application,djkvdihost274.jakarta01.com,JAKARTA01\JanuardiI  
Error,9/26/2017 1:17:29 PM,EventCreate,1,None,Application,djkvdihost375.jakarta01.com,JAKARTA01\widiana  
Error,9/26/2017 1:15:20 PM,EventCreate,1,None,Application,djkvdihost650.jakarta01.com,JAKARTA01\rimico  
Error,9/26/2017 1:13:51 PM,EventCreate,1,None,Application,djkvdihost828.jakarta01.com,JAKARTA01\rahman  
Error,9/26/2017 1:13:41 PM,Application Error,1000,(100),Application,djkvdihost828.jakarta01.com,"Faulting application name: spoolsv.exe, version: 6.1.7601.17777, time stamp: 0x4f35efc3
Faulting module name: msvcrt.dll, version: 7.0.7601.17744, time stamp: 0x4eeaf722
Exception code: 0xc0000005
Fault offset: 0x0000aa14
Faulting process id: 0x638
Faulting application start time: 0x01d335f81d8cfa93
Faulting application path: C:\Windows\System32\spoolsv.exe
Faulting module path: C:\Windows\system32\msvcrt.dll
Report Id: d767976c-a281-11e7-ae92-0050569f224e"
Error,9/26/2017 1:12:30 PM,EventCreate,1,None,Application,djkvdihost564.jakarta01.com,JAKARTA01\guestISD44  
Error,9/26/2017 1:10:14 PM,EventCreate,1,None,Application,djkvdihost268.jakarta01.com,JAKARTA01\toyoda  
Error,9/26/2017 1:10:22 PM,EventCreate,1,None,Application,djkvdihost207.jakarta01.com,JAKARTA01\Christopher  
Error,9/26/2017 1:10:11 PM,Application Error,1000,(100),Application,djkvdihost268.jakarta01.com,"Faulting application name: EXCEL.EXE, version: 15.0.4919.1000, time stamp: 0x58c7ab0f
Faulting module name: EXCEL.EXE, version: 15.0.4919.1000, time stamp: 0x58c7ab0f
Exception code: 0xc0000005
Fault offset: 0x0007f70a
Faulting process id: 0xc70
Faulting application start time: 0x01d336646cf5b14e
Faulting application path: C:\Program Files\Microsoft Office\Office15\EXCEL.EXE
Faulting module path: C:\Program Files\Microsoft Office\Office15\EXCEL.EXE
Report Id: 5a366194-a281-11e7-b6fd-0050569f2588"
Error,9/26/2017 1:07:55 PM,EventCreate,1,None,Application,djkvdihost377.jakarta01.com,JAKARTA01\aprilia  
Error,9/26/2017 1:07:12 PM,EventCreate,1,None,Application,djkvdihost280.jakarta01.com,JAKARTA01\Rafika  
Error,9/26/2017 1:06:55 PM,EventCreate,1,None,Application,djkvdihost280.jakarta01.com,JAKARTA01\Rafika  
Error,9/26/2017 12:52:24 PM,EventCreate,1,None,Application,djkvdihost135.jakarta01.com,JAKARTA01\tenri  
Error,9/26/2017 12:52:21 PM,Application Error,1000,(100),Application,djkvdihost135.jakarta01.com,"Faulting application name: OUTLOOK.EXE, version: 15.0.4919.1001, time stamp: 0x58d20482
Faulting module name: OUTLOOK.EXE, version: 15.0.4919.1001, time stamp: 0x58d20482
Exception code: 0xc0000005
Fault offset: 0x008924c4
Faulting process id: 0xd60
Faulting application start time: 0x01d33668ecef3f9a
Faulting application path: C:\Program Files\Microsoft Office\Office15\OUTLOOK.EXE
Faulting module path: C:\Program Files\Microsoft Office\Office15\OUTLOOK.EXE
Report Id: dc4c7c9a-a27e-11e7-a1d2-0050569f64d7"
Error,9/26/2017 12:50:29 PM,EventCreate,1,None,Application,djkvdihost543.jakarta01.com,JAKARTA01\Hasna  
Error,9/26/2017 12:50:25 PM,Application Error,1000,(100),Application,djkvdihost543.jakarta01.com,"Faulting application name: OUTLOOK.EXE, version: 15.0.4919.1001, time stamp: 0x58d20482
Faulting module name: OUTLOOK.EXE, version: 15.0.4919.1001, time stamp: 0x58d20482
Exception code: 0xc0000005
Fault offset: 0x0007a305
Faulting process id: 0x1ca4
Faulting application start time: 0x01d3366bfc7f7c0e
Faulting application path: C:\Program Files\Microsoft Office\Office15\OUTLOOK.EXE
Faulting module path: C:\Program Files\Microsoft Office\Office15\OUTLOOK.EXE
Report Id: 97672b27-a27e-11e7-a5c7-0050569f2522"
Error,9/26/2017 12:33:39 PM,EventCreate,1,None,Application,djkvdihost280.jakarta01.com,JAKARTA01\Sonson  
Error,9/26/2017 12:33:12 PM,EventCreate,1,None,Application,djkvdihost280.jakarta01.com,JAKARTA01\Sonson  
Error,9/26/2017 12:31:00 PM,EventCreate,1,None,Application,djkvdihost450.jakarta01.com,JAKARTA01\maulina  
Error,9/26/2017 12:30:30 PM,EventCreate,1,None,Application,djkvdihost275.jakarta01.com,JAKARTA01\Bryant  
Error,9/26/2017 12:30:54 PM,Application Error,1000,(100),Application,djkvdihost450.jakarta01.com,"Faulting application name: spoolsv.exe, version: 6.1.7601.17777, time stamp: 0x4f35efc3
Faulting module name: msvcrt.dll, version: 7.0.7601.17744, time stamp: 0x4eeaf722
Exception code: 0xc0000005
Fault offset: 0x0000aa14
Faulting process id: 0x638
Faulting application start time: 0x01d334aae8a09aad
Faulting application path: C:\Windows\System32\spoolsv.exe
Faulting module path: C:\Windows\system32\msvcrt.dll
Report Id: dd9061be-a27b-11e7-8fcc-0050569f164f"
Error,9/26/2017 12:30:27 PM,Application Error,1000,(100),Application,djkvdihost275.jakarta01.com,"Faulting application name: OUTLOOK.EXE, version: 15.0.4919.1001, time stamp: 0x58d20482
Faulting module name: OUTLOOK.EXE, version: 15.0.4919.1001, time stamp: 0x58d20482
Exception code: 0xc0000005
Fault offset: 0x008924c4
Faulting process id: 0x15ac
Faulting application start time: 0x01d33670e17aeef4
Faulting application path: C:\Program Files\Microsoft Office\Office15\OUTLOOK.EXE
Faulting module path: C:\Program Files\Microsoft Office\Office15\OUTLOOK.EXE
Report Id: cce2498b-a27b-11e7-b398-0050569f2f2d"
Error,9/26/2017 12:28:01 PM,EventCreate,1,None,Application,djkvdihost020.jakarta01.com,JAKARTA01\sonson  
Error,9/26/2017 10:48:19 AM,EventCreate,1,None,Application,djkvdihost164.jakarta01.com,JAKARTA01\sysdovs01  
Error,9/26/2017 10:48:13 AM,EventCreate,1,None,Application,djkvdihost164.jakarta01.com,JAKARTA01\sysdovs01  
Error,9/26/2017 9:44:15 AM,EventCreate,1,None,Application,djkvdihost164.jakarta01.com,JAKARTA01\GuestFCD04  
Error,9/26/2017 9:43:43 AM,EventCreate,1,None,Application,djkvdihost164.jakarta01.com,JAKARTA01\GuestFCD04  
Error,9/26/2017 12:06:44 PM,EventCreate,1,None,Application,djkvdihost606.jakarta01.com,JAKARTA01\yisca  
Error,9/26/2017 11:55:11 AM,EventCreate,1,None,Application,djkvdihost674.jakarta01.com,JAKARTA01\tesha  
Error,9/26/2017 11:55:08 AM,Application Error,1000,(100),Application,djkvdihost674.jakarta01.com,"Faulting application name: OUTLOOK.EXE, version: 15.0.4919.1001, time stamp: 0x58d20482
Faulting module name: OUTLOOK.EXE, version: 15.0.4919.1001, time stamp: 0x58d20482
Exception code: 0xc0000005
Fault offset: 0x008924c4
Faulting process id: 0x1dd8
Faulting application start time: 0x01d3366075f47dea
Faulting application path: C:\Program Files\Microsoft Office\Office15\OUTLOOK.EXE
Faulting module path: C:\Program Files\Microsoft Office\Office15\OUTLOOK.EXE
Report Id: de36310b-a276-11e7-88e3-0050569f555c"
Error,9/26/2017 11:50:04 AM,EventCreate,1,None,Application,djkvdihost323.jakarta01.com,JAKARTA01\maya  
Error,9/26/2017 11:47:52 AM,EventCreate,1,None,Application,djkvdihost586.jakarta01.com,JAKARTA01\marlina2  
Error,9/26/2017 11:46:40 AM,EventCreate,1,None,Application,djkvdihost584.jakarta01.com,JAKARTA01\livia  
Error,9/26/2017 11:46:37 AM,Application Error,1000,(100),Application,djkvdihost584.jakarta01.com,"Faulting application name: EXCEL.EXE, version: 15.0.4919.1000, time stamp: 0x58c7ab0f
Faulting module name: EXCEL.EXE, version: 15.0.4919.1000, time stamp: 0x58c7ab0f
Exception code: 0xc0000005
Fault offset: 0x001a7e49
Faulting process id: 0x1abc
Faulting application start time: 0x01d33671ac43d1d9
Faulting application path: C:\Program Files\Microsoft Office\Office15\EXCEL.EXE
Faulting module path: C:\Program Files\Microsoft Office\Office15\EXCEL.EXE
Report Id: ad58615e-a275-11e7-8f67-0050569f610a"
Error,9/26/2017 11:44:36 AM,EventCreate,1,None,Application,djkvdihost244.jakarta01.com,JAKARTA01\Novianawati  
Error,9/26/2017 11:41:38 AM,EventCreate,1,None,Application,djkvdihost362.jakarta01.com,JAKARTA01\asep  
Error,9/26/2017 11:41:34 AM,Application Error,1000,(100),Application,djkvdihost362.jakarta01.com,"Faulting application name: PhotoScreensaver.scr, version: 6.1.7601.17514, time stamp: 0x4ce7a590
Faulting module name: SHELL32.dll, version: 6.1.7601.23537, time stamp: 0x57c450f4
Exception code: 0xc0000005
Fault offset: 0x001f269f
Faulting process id: 0xb7c
Faulting application start time: 0x01d33676df88685b
Faulting application path: C:\Windows\system32\PhotoScreensaver.scr
Faulting module path: C:\Windows\system32\SHELL32.dll
Report Id: f91e0bc5-a274-11e7-826b-0050569f3e2a"
Error,9/26/2017 11:41:00 AM,EventCreate,1,None,Application,djkvdihost181.jakarta01.com,JAKARTA01\Puspa  
Error,9/26/2017 11:40:50 AM,Application Error,1000,(100),Application,djkvdihost181.jakarta01.com,"Faulting application name: spoolsv.exe, version: 6.1.7601.17777, time stamp: 0x4f35efc3
Faulting module name: msvcrt.dll, version: 7.0.7601.17744, time stamp: 0x4eeaf722
Exception code: 0xc0000005
Fault offset: 0x0000aa14
Faulting process id: 0x638
Faulting application start time: 0x01d335f86cd0bac2
Faulting application path: C:\Windows\System32\spoolsv.exe
Faulting module path: C:\Windows\system32\msvcrt.dll
Report Id: deafad9a-a274-11e7-b02b-0050569f0420"
Error,9/26/2017 11:39:03 AM,EventCreate,1,None,Application,djkvdihost459.jakarta01.com,JAKARTA01\ridjal  
Error,9/26/2017 11:38:59 AM,Application Error,1000,(100),Application,djkvdihost459.jakarta01.com,"Faulting application name: OUTLOOK.EXE, version: 15.0.4919.1001, time stamp: 0x58d20482
Faulting module name: OUTLOOK.EXE, version: 15.0.4919.1001, time stamp: 0x58d20482
Exception code: 0xc0000005
Fault offset: 0x008924c7
Faulting process id: 0x1fd8
Faulting application start time: 0x01d3366b9573f565
Faulting application path: C:\Program Files\Microsoft Office\Office15\OUTLOOK.EXE
Faulting module path: C:\Program Files\Microsoft Office\Office15\OUTLOOK.EXE
Report Id: 9ce0d0bb-a274-11e7-8265-0050569f5ea5"
Error,9/26/2017 11:34:45 AM,EventCreate,1,None,Application,djkvdihost777.jakarta01.com,JAKARTA01\binar  
Error,9/26/2017 11:34:44 AM,EventCreate,1,None,Application,djkvdihost229.jakarta01.com,JAKARTA01\SELIH  
Error,9/26/2017 11:34:42 AM,Application Error,1000,(100),Application,djkvdihost777.jakarta01.com,"Faulting application name: OUTLOOK.EXE, version: 15.0.4919.1001, time stamp: 0x58d20482
Faulting module name: OUTLOOK.EXE, version: 15.0.4919.1001, time stamp: 0x58d20482
Exception code: 0xc0000005
Fault offset: 0x008924c4
Faulting process id: 0x1f10
Faulting application start time: 0x01d3366260c49416
Faulting application path: C:\Program Files\Microsoft Office\Office15\OUTLOOK.EXE
Faulting module path: C:\Program Files\Microsoft Office\Office15\OUTLOOK.EXE
Report Id: 038407e5-a274-11e7-a182-0050569f086c"
Error,9/26/2017 11:34:37 AM,Application Error,1000,(100),Application,djkvdihost229.jakarta01.com,"Faulting application name: PhotoScreensaver.scr, version: 6.1.7601.17514, time stamp: 0x4ce7a590
Faulting module name: SHELL32.dll, version: 6.1.7601.23537, time stamp: 0x57c450f4
Exception code: 0xc0000005
Fault offset: 0x001f269f
Faulting process id: 0x1bc0
Faulting application start time: 0x01d3367c2016a7b7
Faulting application path: C:\Windows\system32\PhotoScreensaver.scr
Faulting module path: C:\Windows\system32\SHELL32.dll
Report Id: 000ce374-a274-11e7-8e03-0050569f6ff7"
Error,9/26/2017 11:32:45 AM,EventCreate,1,None,Application,djkvdihost771.jakarta01.com,JAKARTA01\hirano  
Error,9/26/2017 11:28:37 AM,EventCreate,1,None,Application,djkvdihost672.jakarta01.com,JAKARTA01\hendry  
Error,9/26/2017 11:28:37 AM,Application Error,1000,(100),Application,djkvdihost672.jakarta01.com,"Faulting application name: printfilterpipelinesvc.exe, version: 6.1.7600.16385, time stamp: 0x4a5bcef9
Faulting module name: unknown, version: 0.0.0.0, time stamp: 0x00000000
Exception code: 0xc0000005
Fault offset: 0x5a03fe4c
Faulting process id: 0x1e58
Faulting application start time: 0x01d3367febce82c6
Faulting application path: C:\Windows\system32\printfilterpipelinesvc.exe
Faulting module path: unknown
Report Id: 29a0a6a6-a273-11e7-a8bb-0050569f0b9e"
Error,9/26/2017 11:28:35 AM,Application Error,1000,(100),Application,djkvdihost672.jakarta01.com,"Faulting application name: printfilterpipelinesvc.exe, version: 6.1.7600.16385, time stamp: 0x4a5bcef9
Faulting module name: unknown, version: 0.0.0.0, time stamp: 0x00000000
Exception code: 0xc0000005
Fault offset: 0x5a03fe4c
Faulting process id: 0x12d4
Faulting application start time: 0x01d3367feac0e356
Faulting application path: C:\Windows\system32\printfilterpipelinesvc.exe
Faulting module path: unknown
Report Id: 28c561d6-a273-11e7-a8bb-0050569f0b9e"
Error,9/26/2017 11:28:05 AM,EventCreate,1,None,Application,djkvdihost672.jakarta01.com,JAKARTA01\hendry  
Error,9/26/2017 11:28:05 AM,Application Error,1000,(100),Application,djkvdihost672.jakarta01.com,"Faulting application name: printfilterpipelinesvc.exe, version: 6.1.7600.16385, time stamp: 0x4a5bcef9
Faulting module name: unknown, version: 0.0.0.0, time stamp: 0x00000000
Exception code: 0xc0000005
Fault offset: 0x5a03fe4c
Faulting process id: 0x1c70
Faulting application start time: 0x01d3367fd8d81466
Faulting application path: C:\Windows\system32\printfilterpipelinesvc.exe
Faulting module path: unknown
Report Id: 16ad93a6-a273-11e7-a8bb-0050569f0b9e"
Error,9/26/2017 11:28:03 AM,Application Error,1000,(100),Application,djkvdihost672.jakarta01.com,"Faulting application name: printfilterpipelinesvc.exe, version: 6.1.7600.16385, time stamp: 0x4a5bcef9
Faulting module name: unknown, version: 0.0.0.0, time stamp: 0x00000000
Exception code: 0xc0000005
Fault offset: 0x5a03fe4c
Faulting process id: 0x1988
Faulting application start time: 0x01d3367fd7bf0346
Faulting application path: C:\Windows\system32\printfilterpipelinesvc.exe
Faulting module path: unknown
Report Id: 15cf4196-a273-11e7-a8bb-0050569f0b9e"
Error,9/26/2017 11:25:19 AM,EventCreate,1,None,Application,djkvdihost672.jakarta01.com,JAKARTA01\hendry  
Error,9/26/2017 11:25:16 AM,Application Error,1000,(100),Application,djkvdihost672.jakarta01.com,"Faulting application name: printfilterpipelinesvc.exe, version: 6.1.7600.16385, time stamp: 0x4a5bcef9
Faulting module name: unknown, version: 0.0.0.0, time stamp: 0x00000000
Exception code: 0xc0000005
Fault offset: 0x5a03fe4c
Faulting process id: 0x158c
Faulting application start time: 0x01d3367f745aad46
Faulting application path: C:\Windows\system32\printfilterpipelinesvc.exe
Faulting module path: unknown
Report Id: b22a6026-a272-11e7-a8bb-0050569f0b9e"
Error,9/26/2017 11:25:14 AM,Application Error,1000,(100),Application,djkvdihost672.jakarta01.com,"Faulting application name: printfilterpipelinesvc.exe, version: 6.1.7600.16385, time stamp: 0x4a5bcef9
Faulting module name: unknown, version: 0.0.0.0, time stamp: 0x00000000
Exception code: 0xc0000005
Fault offset: 0x5a03fe4c
Faulting process id: 0x758
Faulting application start time: 0x01d3367f72c58e56
Faulting application path: C:\Windows\system32\printfilterpipelinesvc.exe
Faulting module path: unknown
Report Id: b10b5b96-a272-11e7-a8bb-0050569f0b9e"
Error,9/26/2017 11:24:04 AM,EventCreate,1,None,Application,djkvdihost749.jakarta01.com,JAKARTA01\Djohan  
Error,9/26/2017 11:23:33 AM,EventCreate,1,None,Application,djkvdihost749.jakarta01.com,JAKARTA01\Djohan  
Error,9/26/2017 11:18:02 AM,EventCreate,1,None,Application,djkvdihost515.jakarta01.com,JAKARTA01\naldi  
Error,9/26/2017 11:17:58 AM,Application Error,1000,(100),Application,djkvdihost515.jakarta01.com,"Faulting application name: OUTLOOK.EXE, version: 15.0.4919.1001, time stamp: 0x58d20482
Faulting module name: OUTLOOK.EXE, version: 15.0.4919.1001, time stamp: 0x58d20482
Exception code: 0xc0000005
Fault offset: 0x008924c7
Faulting process id: 0x1f64
Faulting application start time: 0x01d33667b8704b0b
Faulting application path: C:\Program Files\Microsoft Office\Office15\OUTLOOK.EXE
Faulting module path: C:\Program Files\Microsoft Office\Office15\OUTLOOK.EXE
Report Id: acd11910-a271-11e7-bf63-0050569f461a"
Error,9/26/2017 11:15:15 AM,EventCreate,1,None,Application,djkvdihost415.jakarta01.com,JAKARTA01\DImas Satya  
Error,9/26/2017 11:15:14 AM,EventCreate,1,None,Application,djkvdihost243.jakarta01.com,JAKARTA01\karmenia  
Error,9/26/2017 11:15:10 AM,Application Error,1000,(100),Application,djkvdihost243.jakarta01.com,"Faulting application name: OUTLOOK.EXE, version: 15.0.4919.1001, time stamp: 0x58d20482
Faulting module name: OUTLOOK.EXE, version: 15.0.4919.1001, time stamp: 0x58d20482
Exception code: 0xc0000005
Fault offset: 0x008924c4
Faulting process id: 0x1ca0
Faulting application start time: 0x01d3366304deae69
Faulting application path: C:\Program Files\Microsoft Office\Office15\OUTLOOK.EXE
Faulting module path: C:\Program Files\Microsoft Office\Office15\OUTLOOK.EXE
Report Id: 491e7214-a271-11e7-8a37-0050569f37b4"
Error,9/26/2017 11:15:09 AM,Application Error,1000,(100),Application,djkvdihost415.jakarta01.com,"Faulting application name: PhotoScreensaver.scr, version: 6.1.7601.17514, time stamp: 0x4ce7a590
Faulting module name: SHELL32.dll, version: 6.1.7601.23537, time stamp: 0x57c450f4
Exception code: 0xc0000005
Fault offset: 0x001f269f
Faulting process id: 0x1294
Faulting application start time: 0x01d3367c8a91e2dc
Faulting application path: C:\Windows\system32\PhotoScreensaver.scr
Faulting module path: C:\Windows\system32\SHELL32.dll
Report Id: 4572809c-a271-11e7-a890-0050569f7ca0"
Error,9/26/2017 11:14:23 AM,EventCreate,1,None,Application,djkvdihost480.jakarta01.com,JAKARTA01\feni  
Error,9/26/2017 11:13:55 AM,EventCreate,1,None,Application,djkvdihost480.jakarta01.com,JAKARTA01\feni  
Error,9/26/2017 11:08:37 AM,EventCreate,1,None,Application,djkvdihost052.jakarta01.com,JAKARTA01\Erich  
Error,9/26/2017 11:06:14 AM,EventCreate,1,None,Application,djkvdihost509.jakarta01.com,JAKARTA01\evi  
Error,9/26/2017 11:05:01 AM,EventCreate,1,None,Application,djkvdihost633.jakarta01.com,JAKARTA01\erikson  
Error,9/26/2017 11:00:58 AM,EventCreate,1,None,Application,djkvdihost307.jakarta01.com,JAKARTA01\haryadi  
Error,9/26/2017 11:00:54 AM,Application Error,1000,(100),Application,djkvdihost307.jakarta01.com,"Faulting application name: OUTLOOK.EXE, version: 15.0.4919.1001, time stamp: 0x58d20482
Faulting module name: OUTLOOK.EXE, version: 15.0.4919.1001, time stamp: 0x58d20482
Exception code: 0xc0000005
Fault offset: 0x008924c4
Faulting process id: 0x1cdc
Faulting application start time: 0x01d3366a0bff30ba
Faulting application path: C:\Program Files\Microsoft Office\Office15\OUTLOOK.EXE
Faulting module path: C:\Program Files\Microsoft Office\Office15\OUTLOOK.EXE
Report Id: 4ab3e8dc-a26f-11e7-89e9-0050569f2ce9"
Error,9/26/2017 10:52:56 AM,EventCreate,1,None,Application,djkvdihost448.jakarta01.com,JAKARTA01\poetry  
Error,9/26/2017 10:52:50 AM,Application Error,1000,(100),Application,djkvdihost448.jakarta01.com,"Faulting application name: OUTLOOK.EXE, version: 15.0.4919.1001, time stamp: 0x58d20482
Faulting module name: OUTLOOK.EXE, version: 15.0.4919.1001, time stamp: 0x58d20482
Exception code: 0xc0000005
Fault offset: 0x008924c4
Faulting process id: 0x14b8
Faulting application start time: 0x01d336762fdcecb3
Faulting application path: C:\Program Files\Microsoft Office\Office15\OUTLOOK.EXE
Faulting module path: C:\Program Files\Microsoft Office\Office15\OUTLOOK.EXE
Report Id: 29dff503-a26e-11e7-a274-0050569f0cfc"
Error,9/26/2017 10:52:19 AM,EventCreate,1,None,Application,djkvdihost516.jakarta01.com,JAKARTA01\saptorini  
Error,9/26/2017 10:51:29 AM,EventCreate,1,None,Application,djkvdihost433.jakarta01.com,JAKARTA01\arinie  
Error,9/26/2017 10:51:48 AM,EventCreate,1,None,Application,djkvdihost516.jakarta01.com,JAKARTA01\saptorini  
Error,9/26/2017 10:51:37 AM,EventCreate,1,None,Application,djkvdihost325.jakarta01.com,JAKARTA01\iqbal maulanasani  
Error,9/26/2017 10:51:28 AM,Application Error,1000,(100),Application,djkvdihost325.jakarta01.com,"Faulting application name: spoolsv.exe, version: 6.1.7601.17777, time stamp: 0x4f35efc3
Faulting module name: msvcrt.dll, version: 7.0.7601.17744, time stamp: 0x4eeaf722
Exception code: 0xc0000005
Fault offset: 0x0000aa14
Faulting process id: 0x638
Faulting application start time: 0x01d333e2a72f0d5d
Faulting application path: C:\Windows\System32\spoolsv.exe
Faulting module path: C:\Windows\system32\msvcrt.dll
Report Id: f98153c3-a26d-11e7-8d18-0050569f3e54"
Error,9/26/2017 10:51:27 AM,Application Error,1000,(100),Application,djkvdihost433.jakarta01.com,"Faulting application name: OUTLOOK.EXE, version: 15.0.4919.1001, time stamp: 0x58d20482
Faulting module name: OUTLOOK.EXE, version: 15.0.4919.1001, time stamp: 0x58d20482
Exception code: 0xc0000005
Fault offset: 0x008924c4
Faulting process id: 0x1c0c
Faulting application start time: 0x01d3366a5d4decaa
Faulting application path: C:\Program Files\Microsoft Office\Office15\OUTLOOK.EXE
Faulting module path: C:\Program Files\Microsoft Office\Office15\OUTLOOK.EXE
Report Id: f8dcbdd4-a26d-11e7-8dda-0050569f26fb"
Error,9/26/2017 10:49:41 AM,EventCreate,1,None,Application,djkvdihost154.jakarta01.com,JAKARTA01\MahendraR  
Error,9/26/2017 10:49:41 AM,Application Error,1000,(100),Application,djkvdihost154.jakarta01.com,"Faulting application name: OUTLOOK.EXE, version: 15.0.4919.1001, time stamp: 0x58d20482
Faulting module name: OUTLOOK.EXE, version: 15.0.4919.1001, time stamp: 0x58d20482
Exception code: 0xc0000005
Fault offset: 0x008924c4
Faulting process id: 0x1e88
Faulting application start time: 0x01d33678a264fddf
Faulting application path: C:\Program Files\Microsoft Office\Office15\OUTLOOK.EXE
Faulting module path: C:\Program Files\Microsoft Office\Office15\OUTLOOK.EXE
Report Id: b9800fa9-a26d-11e7-95a7-0050569f5e64"
Error,9/26/2017 10:49:15 AM,EventCreate,1,None,Application,djkvdihost835.jakarta01.com,JAKARTA01\ryan  
Error,9/26/2017 10:49:03 AM,EventCreate,1,None,Application,djkvdihost339.jakarta01.com,JAKARTA01\gerald  
Error,9/26/2017 10:47:32 AM,EventCreate,1,None,Application,djkvdihost480.jakarta01.com,JAKARTA01\feni  
Error,9/26/2017 10:47:16 AM,EventCreate,1,None,Application,djkvdihost219.jakarta01.com,JAKARTA01\budir  
Error,9/26/2017 10:46:38 AM,EventCreate,1,None,Application,djkvdihost213.jakarta01.com,JAKARTA01\isnaini  
Error,9/26/2017 10:39:53 AM,EventCreate,1,None,Application,djkvdihost361.jakarta01.com,JAKARTA01\nurul  
Error,9/26/2017 10:39:49 AM,Application Error,1000,(100),Application,djkvdihost361.jakarta01.com,"Faulting application name: OUTLOOK.EXE, version: 15.0.4919.1001, time stamp: 0x58d20482
Faulting module name: OUTLOOK.EXE, version: 15.0.4919.1001, time stamp: 0x58d20482
Exception code: 0xc0000005
Fault offset: 0x008924c7
Faulting process id: 0x1ce0
Faulting application start time: 0x01d33669878fa8cb
Faulting application path: C:\Program Files\Microsoft Office\Office15\OUTLOOK.EXE
Faulting module path: C:\Program Files\Microsoft Office\Office15\OUTLOOK.EXE
Report Id: 58dd0bbb-a26c-11e7-839c-0050569f08f9"
Error,9/26/2017 10:37:39 AM,EventCreate,1,None,Application,djkvdihost570.jakarta01.com,JAKARTA01\dyah alit  
Error,9/26/2017 10:37:38 AM,Application Error,1000,(100),Application,djkvdihost570.jakarta01.com,"Faulting application name: OUTLOOK.EXE, version: 15.0.4919.1001, time stamp: 0x58d20482
Faulting module name: OUTLOOK.EXE, version: 15.0.4919.1001, time stamp: 0x58d20482
Exception code: 0xc0000005
Fault offset: 0x008924c4
Faulting process id: 0x1f18
Faulting application start time: 0x01d3366252fb3f52
Faulting application path: C:\Program Files\Microsoft Office\Office15\OUTLOOK.EXE
Faulting module path: C:\Program Files\Microsoft Office\Office15\OUTLOOK.EXE
Report Id: 0a9cda87-a26c-11e7-90eb-0050569f14fb"
