Error,10/2/2017 18:13,Application Error,1000,-100,Application,djkvdihost739.jakarta01.com,"Faulting application name: OUTLOOK.EXE, version: 15.0.4919.1001, time stamp: 0x58d20482
Faulting module name: OUTLOOK.EXE, version: 15.0.4919.1001, time stamp: 0x58d20482
Exception code: 0xc0000005
Fault offset: 0x008924c4
Faulting process id: 0x1ec0
Faulting application start time: 0x01d33b201e4ce9d0
Faulting application path: C:\Program Files\Microsoft Office\Office15\OUTLOOK.EXE
Faulting module path: C:\Program Files\Microsoft Office\Office15\OUTLOOK.EXE
Report Id: c97c66ee-a762-11e7-864c-0050569f163a"
Error,10/2/2017 18:10,EventCreate,1,None,Application,djkvdihost096.jakarta01.com,JAKARTA01\edwin  
Error,10/2/2017 18:08,EventCreate,1,None,Application,djkvdihost204.jakarta01.com,JAKARTA01\belly  
Error,10/2/2017 18:09,EventCreate,1,None,Application,djkvdihost131.jakarta01.com,JAKARTA01\Dwi anisa  
Error,10/2/2017 18:08,Application Error,1000,-100,Application,djkvdihost204.jakarta01.com,"Faulting application name: WINWORD.EXE, version: 15.0.4911.1000, time stamp: 0x58a2c075
Faulting module name: wwlib.dll, version: 15.0.4911.1000, time stamp: 0x58a2c073
Exception code: 0xc0000005
Fault offset: 0x006f0ff9
Faulting process id: 0x186c
Faulting application start time: 0x01d33b6eb319527f
Faulting application path: C:\Program Files\Microsoft Office\Office15\WINWORD.EXE
Faulting module path: C:\Program Files\Microsoft Office\Office15\wwlib.dll
Report Id: 11f37a58-a762-11e7-958f-0050569f0768"
Error,10/2/2017 18:07,EventCreate,1,None,Application,djkvdihost204.jakarta01.com,JAKARTA01\belly  
Error,10/2/2017 18:07,Application Error,1000,-100,Application,djkvdihost204.jakarta01.com,"Faulting application name: WINWORD.EXE, version: 15.0.4911.1000, time stamp: 0x58a2c075
Faulting module name: wwlib.dll, version: 15.0.4911.1000, time stamp: 0x58a2c073
Exception code: 0xc0000005
Fault offset: 0x006f0ff9
Faulting process id: 0x1e50
Faulting application start time: 0x01d33b6ea5407093
Faulting application path: C:\Program Files\Microsoft Office\Office15\WINWORD.EXE
Faulting module path: C:\Program Files\Microsoft Office\Office15\wwlib.dll
Report Id: ed192660-a761-11e7-958f-0050569f0768"
Error,10/2/2017 18:07,EventCreate,1,None,Application,djkvdihost204.jakarta01.com,JAKARTA01\belly  
Error,10/2/2017 18:07,Application Error,1000,-100,Application,djkvdihost204.jakarta01.com,"Faulting application name: WINWORD.EXE, version: 15.0.4911.1000, time stamp: 0x58a2c075
Faulting module name: wwlib.dll, version: 15.0.4911.1000, time stamp: 0x58a2c073
Exception code: 0xc0000005
Fault offset: 0x006f1046
Faulting process id: 0x2678
Faulting application start time: 0x01d33b6052ff7204
Faulting application path: C:\Program Files\Microsoft Office\Office15\WINWORD.EXE
Faulting module path: C:\Program Files\Microsoft Office\Office15\wwlib.dll
Report Id: dea867f8-a761-11e7-958f-0050569f0768"
Error,10/2/2017 17:55,EventCreate,1,None,Application,djkvdihost622.jakarta01.com,JAKARTA01\budi abianto  
Error,10/2/2017 17:48,EventCreate,1,None,Application,djkvdihost660.jakarta01.com,JAKARTA01\georgedk  
Error,10/2/2017 17:47,EventCreate,1,None,Application,djkvdihost660.jakarta01.com,JAKARTA01\georgedk  
Error,10/2/2017 17:47,EventCreate,1,None,Application,djkvdihost419.jakarta01.com,JAKARTA01\Anton 2  
Error,10/2/2017 17:41,EventCreate,1,None,Application,djkvdihost357.jakarta01.com,JAKARTA01\Rio  
Error,10/2/2017 17:41,EventCreate,1,None,Application,djkvdihost253.jakarta01.com,JAKARTA01\yorika  
Error,10/2/2017 17:41,Application Error,1000,-100,Application,djkvdihost357.jakarta01.com,"Faulting application name: lync.exe, version: 15.0.4919.1000, time stamp: 0x58c7ab1e
Faulting module name: ntdll.dll, version: 6.1.7601.23714, time stamp: 0x58bf8774
Exception code: 0xc0000005
Fault offset: 0x00031dca
Faulting process id: 0x53c
Faulting application start time: 0x01d33b2b50b85b17
Faulting application path: C:\Program Files\Microsoft Office\Office15\lync.exe
Faulting module path: C:\Windows\SYSTEM32\ntdll.dll
Report Id: 4917f200-a75e-11e7-ba87-0050569f0017"
Error,10/2/2017 17:41,Application Error,1000,-100,Application,djkvdihost253.jakarta01.com,"Faulting application name: iexplore.exe, version: 11.0.9600.18639, time stamp: 0x58d6bb0d
Faulting module name: MSHTML.dll, version: 11.0.9600.18639, time stamp: 0x58d6c720
Exception code: 0xc0000005
Fault offset: 0x000ac604
Faulting process id: 0xac4
Faulting application start time: 0x01d33b165fc2c5de
Faulting application path: C:\Program Files\Internet Explorer\iexplore.exe
Faulting module path: C:\Windows\system32\MSHTML.dll
Report Id: 3c4636ef-a75e-11e7-9dfc-0050569f42cd"
Error,10/2/2017 17:35,EventCreate,1,None,Application,djkvdihost420.jakarta01.com,JAKARTA01\dian  
Error,10/2/2017 17:35,Application Error,1000,-100,Application,djkvdihost420.jakarta01.com,"Faulting application name: iexplore.exe, version: 11.0.9600.18639, time stamp: 0x58d6bb0d
Faulting module name: MSHTML.dll, version: 11.0.9600.18639, time stamp: 0x58d6c720
Exception code: 0xc0000005
Fault offset: 0x000ac604
Faulting process id: 0x1a58
Faulting application start time: 0x01d33b134690975e
Faulting application path: C:\Program Files\Internet Explorer\iexplore.exe
Faulting module path: C:\Windows\system32\MSHTML.dll
Report Id: 5ffb5ea7-a75d-11e7-8f7a-0050569f12f6"
Error,10/2/2017 17:32,EventCreate,1,None,Application,djkvdihost059.jakarta01.com,JAKARTA01\edwan  
Error,10/2/2017 17:32,EventCreate,1,None,Application,djkvdihost059.jakarta01.com,JAKARTA01\edwan  
Error,10/2/2017 17:29,EventCreate,1,None,Application,djkvdihost118.jakarta01.com,JAKARTA01\arqom  
Error,10/2/2017 17:29,Application Error,1000,-100,Application,djkvdihost118.jakarta01.com,"Faulting application name: OUTLOOK.EXE, version: 15.0.4919.1001, time stamp: 0x58d20482
Faulting module name: OUTLOOK.EXE, version: 15.0.4919.1001, time stamp: 0x58d20482
Exception code: 0xc0000005
Fault offset: 0x008924c4
Faulting process id: 0x19cc
Faulting application start time: 0x01d33b46c33c31ae
Faulting application path: C:\Program Files\Microsoft Office\Office15\OUTLOOK.EXE
Faulting module path: C:\Program Files\Microsoft Office\Office15\OUTLOOK.EXE
Report Id: 8f7a8c31-a75c-11e7-a1ea-0050569f4ede"
Error,10/2/2017 17:20,EventCreate,1,None,Application,djkvdihost412.jakarta01.com,JAKARTA01\airin  
Error,10/2/2017 17:20,Application Error,1000,-100,Application,djkvdihost412.jakarta01.com,"Faulting application name: iexplore.exe, version: 11.0.9600.18639, time stamp: 0x58d6bb0d
Faulting module name: MSHTML.dll, version: 11.0.9600.18639, time stamp: 0x58d6c720
Exception code: 0xc0000005
Fault offset: 0x000ac604
Faulting process id: 0x1570
Faulting application start time: 0x01d33b2a12008bf6
Faulting application path: C:\Program Files\Internet Explorer\iexplore.exe
Faulting module path: C:\Windows\system32\MSHTML.dll
Report Id: 581088e6-a75b-11e7-bf25-0050569f7011"
Error,10/2/2017 17:19,EventCreate,1,None,Application,djkvdihost609.jakarta01.com,JAKARTA01\Resty  
Error,10/2/2017 17:19,Application Error,1000,-100,Application,djkvdihost609.jakarta01.com,"Faulting application name: EXCEL.EXE, version: 15.0.4919.1000, time stamp: 0x58c7ab0f
Faulting module name: unknown, version: 0.0.0.0, time stamp: 0x00000000
Exception code: 0xc0000005
Fault offset: 0x0944c0c3
Faulting process id: 0x7e8
Faulting application start time: 0x01d33b19b8ef4196
Faulting application path: C:\Program Files\Microsoft Office\Office15\EXCEL.EXE
Faulting module path: unknown
Report Id: 2ce5c1ae-a75b-11e7-b554-0050569f2bc8"
Error,10/2/2017 17:13,EventCreate,1,None,Application,djkvdihost147.jakarta01.com,JAKARTA01\Clara  
Error,10/2/2017 17:12,EventCreate,1,None,Application,djkvdihost147.jakarta01.com,JAKARTA01\Clara  
Error,10/2/2017 17:12,EventCreate,1,None,Application,djkvdihost178.jakarta01.com,JAKARTA01\fardy  
Error,10/2/2017 17:11,EventCreate,1,None,Application,djkvdihost509.jakarta01.com,JAKARTA01\wang  
Error,10/2/2017 17:11,Application Error,1000,-100,Application,djkvdihost509.jakarta01.com,"Faulting application name: OUTLOOK.EXE, version: 15.0.4919.1001, time stamp: 0x58d20482
Faulting module name: OUTLOOK.EXE, version: 15.0.4919.1001, time stamp: 0x58d20482
Exception code: 0xc0000005
Fault offset: 0x008924c7
Faulting process id: 0x14c
Faulting application start time: 0x01d33b21586bb504
Faulting application path: C:\Program Files\Microsoft Office\Office15\OUTLOOK.EXE
Faulting module path: C:\Program Files\Microsoft Office\Office15\OUTLOOK.EXE
Report Id: 137ca2e1-a75a-11e7-87a7-0050569f0ea0"
Error,10/2/2017 17:11,EventCreate,1,None,Application,djkvdihost178.jakarta01.com,JAKARTA01\fardy  
Error,10/2/2017 17:10,EventCreate,1,None,Application,djkvdihost082.jakarta01.com,JAKARTA01\chinthiars  
Error,10/2/2017 17:10,Application Error,1000,-100,Application,djkvdihost082.jakarta01.com,"Faulting application name: iexplore.exe, version: 11.0.9600.18639, time stamp: 0x58d6bb0d
Faulting module name: Flash32_20_0_0_286.ocx, version: 20.0.0.286, time stamp: 0x56944dbe
Exception code: 0xc0000005
Fault offset: 0x000d9900
Faulting process id: 0x18b4
Faulting application start time: 0x01d33b2cdfb0ce9d
Faulting application path: C:\Program Files\Internet Explorer\iexplore.exe
Faulting module path: C:\Windows\system32\Macromed\Flash\Flash32_20_0_0_286.ocx
Report Id: f36bbeda-a759-11e7-9943-0050569f4c1b"
Error,10/2/2017 17:07,EventCreate,1,None,Application,djkvdihost211.jakarta01.com,JAKARTA01\leonie  
Error,10/2/2017 17:07,Application Error,1000,-100,Application,djkvdihost211.jakarta01.com,"Faulting application name: spoolsv.exe, version: 6.1.7601.17777, time stamp: 0x4f35efc3
Faulting module name: msvcrt.dll, version: 7.0.7601.17744, time stamp: 0x4eeaf722
Exception code: 0xc0000005
Fault offset: 0x0000aa14
Faulting process id: 0x630
Faulting application start time: 0x01d33b6596a82f05
Faulting application path: C:\Windows\System32\spoolsv.exe
Faulting module path: C:\Windows\system32\msvcrt.dll
Report Id: 725ef514-a759-11e7-a30b-0050569f4dab"
Error,10/2/2017 17:07,EventCreate,1,None,Application,djkvdihost211.jakarta01.com,JAKARTA01\leonie  
Error,10/2/2017 17:06,EventCreate,1,None,Application,djkvdihost211.jakarta01.com,JAKARTA01\leonie  
Error,10/2/2017 17:06,EventCreate,1,None,Application,djkvdihost211.jakarta01.com,JAKARTA01\leonie  
Error,10/2/2017 17:03,EventCreate,1,None,Application,djkvdihost726.jakarta01.com,JAKARTA01\andini  
Error,10/2/2017 17:03,Application Error,1000,-100,Application,djkvdihost726.jakarta01.com,"Faulting application name: OUTLOOK.EXE, version: 15.0.4919.1001, time stamp: 0x58d20482
Faulting module name: OUTLOOK.EXE, version: 15.0.4919.1001, time stamp: 0x58d20482
Exception code: 0xc0000005
Fault offset: 0x008924c4
Faulting process id: 0x278
Faulting application start time: 0x01d33b1a13535b0e
Faulting application path: C:\Program Files\Microsoft Office\Office15\OUTLOOK.EXE
Faulting module path: C:\Program Files\Microsoft Office\Office15\OUTLOOK.EXE
Report Id: f2d59ffb-a758-11e7-90e6-0050569f2f0e"
Error,10/2/2017 17:02,EventCreate,1,None,Application,djkvdihost488.jakarta01.com,JAKARTA01\katrin  
Error,10/2/2017 17:02,Application Error,1000,-100,Application,djkvdihost488.jakarta01.com,"Faulting application name: iexplore.exe, version: 11.0.9600.18639, time stamp: 0x58d6bb0d
Faulting module name: MSHTML.dll, version: 11.0.9600.18639, time stamp: 0x58d6c720
Exception code: 0xc0000005
Fault offset: 0x000ac604
Faulting process id: 0x1564
Faulting application start time: 0x01d33b1cb6fac971
Faulting application path: C:\Program Files\Internet Explorer\iexplore.exe
Faulting module path: C:\Windows\system32\MSHTML.dll
Report Id: c1e00a46-a758-11e7-8f0d-0050569f1f6c"
Error,10/2/2017 17:00,EventCreate,1,None,Application,djkvdihost358.jakarta01.com,JAKARTA01\wisnu  
Error,10/2/2017 17:00,EventCreate,1,None,Application,djkvdihost358.jakarta01.com,JAKARTA01\wisnu  
Error,10/2/2017 16:59,EventCreate,1,None,Application,djkvdihost569.jakarta01.com,JAKARTA01\Chairul  
Error,10/2/2017 16:59,Application Error,1000,-100,Application,djkvdihost569.jakarta01.com,"Faulting application name: OUTLOOK.EXE, version: 15.0.4919.1001, time stamp: 0x58d20482
Faulting module name: ntdll.dll, version: 6.1.7601.23714, time stamp: 0x58bf8774
Exception code: 0xc0000005
Fault offset: 0x0005294f
Faulting process id: 0x11a0
Faulting application start time: 0x01d33b1fce715868
Faulting application path: C:\Program Files\Microsoft Office\Office15\OUTLOOK.EXE
Faulting module path: C:\Windows\SYSTEM32\ntdll.dll
Report Id: 65e89e7f-a758-11e7-a1f2-0050569f6426"
Error,10/2/2017 16:56,EventCreate,1,None,Application,djkvdihost222.jakarta01.com,JAKARTA01\budsiregar  
Error,10/2/2017 16:55,EventCreate,1,None,Application,djkvdihost453.jakarta01.com,JAKARTA01\WulanAn  
Error,10/2/2017 16:55,EventCreate,1,None,Application,djkvdihost084.jakarta01.com,JAKARTA01\raymond  
Error,10/2/2017 16:55,Application Error,1000,-100,Application,djkvdihost453.jakarta01.com,"Faulting application name: OUTLOOK.EXE, version: 15.0.4919.1001, time stamp: 0x58d20482
Faulting module name: OUTLOOK.EXE, version: 15.0.4919.1001, time stamp: 0x58d20482
Exception code: 0xc0000005
Fault offset: 0x008924c4
Faulting process id: 0x13b8
Faulting application start time: 0x01d33b29b04cf26e
Faulting application path: C:\Program Files\Microsoft Office\Office15\OUTLOOK.EXE
Faulting module path: C:\Program Files\Microsoft Office\Office15\OUTLOOK.EXE
Report Id: c3ce941a-a757-11e7-ae49-0050569f4331"
Error,10/2/2017 16:52,EventCreate,1,None,Application,djkvdihost115.jakarta01.com,JAKARTA01\bellaisya  
Error,10/2/2017 16:52,EventCreate,1,None,Application,djkvdihost238.jakarta01.com,JAKARTA01\william  
Error,10/2/2017 16:52,Application Error,1000,-100,Application,djkvdihost238.jakarta01.com,"Faulting application name: WINWORD.EXE, version: 15.0.4911.1000, time stamp: 0x58a2c075
Faulting module name: wwlib.dll, version: 15.0.4911.1000, time stamp: 0x58a2c073
Exception code: 0xc0000005
Fault offset: 0x006f0ff9
Faulting process id: 0x1d58
Faulting application start time: 0x01d33b6420ff08fc
Faulting application path: C:\Program Files\Microsoft Office\Office15\WINWORD.EXE
Faulting module path: C:\Program Files\Microsoft Office\Office15\wwlib.dll
Report Id: 697404d9-a757-11e7-9e05-0050569f5dfe"
Error,10/2/2017 16:52,EventCreate,1,None,Application,djkvdihost238.jakarta01.com,JAKARTA01\william  
Error,10/2/2017 16:52,Application Error,1000,-100,Application,djkvdihost115.jakarta01.com,"Faulting application name: EXCEL.EXE, version: 15.0.4919.1000, time stamp: 0x58c7ab0f
Faulting module name: mso.dll, version: 15.0.4919.1002, time stamp: 0x58de0799
Exception code: 0xc0000005
Fault offset: 0x013a2a78
Faulting process id: 0x1610
Faulting application start time: 0x01d33b330ec2dc2b
Faulting application path: C:\Program Files\Microsoft Office\Office15\EXCEL.EXE
Faulting module path: C:\Program Files\Common Files\Microsoft Shared\Office15\mso.dll
Report Id: 5b6e62bf-a757-11e7-b3c7-0050569f1686"
Error,10/2/2017 16:52,Application Error,1000,-100,Application,djkvdihost238.jakarta01.com,"Faulting application name: WINWORD.EXE, version: 15.0.4911.1000, time stamp: 0x58a2c075
Faulting module name: wwlib.dll, version: 15.0.4911.1000, time stamp: 0x58a2c073
Exception code: 0xc0000005
Fault offset: 0x006f0ff9
Faulting process id: 0x1904
Faulting application start time: 0x01d33b345c202f12
Faulting application path: C:\Program Files\Microsoft Office\Office15\WINWORD.EXE
Faulting module path: C:\Program Files\Microsoft Office\Office15\wwlib.dll
Report Id: 5afa8d58-a757-11e7-9e05-0050569f5dfe"
Error,10/2/2017 16:50,EventCreate,1,None,Application,djkvdihost278.jakarta01.com,JAKARTA01\saptorini  
Error,10/2/2017 16:48,EventCreate,1,None,Application,djkvdihost530.jakarta01.com,JAKARTA01\Dwi anisa  
Error,10/2/2017 16:47,EventCreate,1,None,Application,djkvdihost580.jakarta01.com,JAKARTA01\iqbal maulanasani  
Error,10/2/2017 16:46,EventCreate,1,None,Application,djkvdihost580.jakarta01.com,JAKARTA01\iqbal maulanasani  
Error,10/2/2017 16:45,EventCreate,1,None,Application,djkvdihost188.jakarta01.com,JAKARTA01\Anton 2  
Error,10/2/2017 16:45,EventCreate,1,None,Application,djkvdihost610.jakarta01.com,JAKARTA01\Hilman  
Error,10/2/2017 16:44,EventCreate,1,None,Application,djkvdihost610.jakarta01.com,JAKARTA01\Hilman  
Error,10/2/2017 16:44,EventCreate,1,None,Application,djkvdihost275.jakarta01.com,JAKARTA01\AdindaGita  
Error,10/2/2017 16:44,EventCreate,1,None,Application,djkvdihost275.jakarta01.com,JAKARTA01\AdindaGita  
Error,10/2/2017 16:40,EventCreate,1,None,Application,djkvdihost383.jakarta01.com,JAKARTA01\Didik  
Error,10/2/2017 16:40,Application Error,1000,-100,Application,djkvdihost383.jakarta01.com,"Faulting application name: EXCEL.EXE, version: 15.0.4919.1000, time stamp: 0x58c7ab0f
Faulting module name: EXCEL.EXE, version: 15.0.4919.1000, time stamp: 0x58c7ab0f
Exception code: 0xc0000005
Fault offset: 0x001fd5cc
Faulting process id: 0x167c
Faulting application start time: 0x01d33b1a7c9266ea
Faulting application path: C:\Program Files\Microsoft Office\Office15\EXCEL.EXE
Faulting module path: C:\Program Files\Microsoft Office\Office15\EXCEL.EXE
Report Id: c3eb3306-a755-11e7-a7dd-0050569f63ec"
Error,10/2/2017 16:39,EventCreate,1,None,Application,djkvdihost572.jakarta01.com,JAKARTA01\guestisd53  
Error,10/2/2017 16:38,EventCreate,1,None,Application,djkvdihost184.jakarta01.com,JAKARTA01\evi  
Error,10/2/2017 16:37,EventCreate,1,None,Application,djkvdihost739.jakarta01.com,JAKARTA01\Moh Ditto  
Error,10/2/2017 16:37,Application Error,1000,-100,Application,djkvdihost739.jakarta01.com,"Faulting application name: PrintIsolationHost.exe, version: 6.1.7600.16385, time stamp: 0x4a5bcebc
Faulting module name: hpzppWN7.dll, version: 0.3.7071.0, time stamp: 0x4a5bda01
Exception code: 0xc0000005
Fault offset: 0x0000346c
Faulting process id: 0x1754
Faulting application start time: 0x01d33b621f48c53d
Faulting application path: C:\Windows\system32\PrintIsolationHost.exe
Faulting module path: C:\Windows\system32\spool\PRTPROCS\W32X86\hpzppWN7.dll
Report Id: 5cfed5a2-a755-11e7-864c-0050569f163a"
Error,10/2/2017 16:37,Application Error,1000,-100,Application,djkvdihost184.jakarta01.com,"Faulting application name: EXCEL.EXE, version: 15.0.4919.1000, time stamp: 0x58c7ab0f
Faulting module name: FX6SGALK-2.DLL, version: 0.3.0.0, time stamp: 0x50062f4d
Exception code: 0xc0000005
Fault offset: 0x0029bdf8
Faulting process id: 0x22c4
Faulting application start time: 0x01d33b5d723e89cc
Faulting application path: C:\Program Files\Microsoft Office\Office15\EXCEL.EXE
Faulting module path: C:\Windows\system32\spool\DRIVERS\W32X86\3\FX6SGALK-2.DLL
Report Id: 5f056aec-a755-11e7-b4d4-0050569f1eea"
Error,10/2/2017 16:37,Application Error,1000,-100,Application,djkvdihost739.jakarta01.com,"Faulting application name: PrintIsolationHost.exe, version: 6.1.7600.16385, time stamp: 0x4a5bcebc
Faulting module name: hpzppWN7.dll, version: 0.3.7071.0, time stamp: 0x4a5bda01
Exception code: 0xc0000005
Fault offset: 0x0000346c
Faulting process id: 0x1088
Faulting application start time: 0x01d33b62120d05db
Faulting application path: C:\Windows\system32\PrintIsolationHost.exe
Faulting module path: C:\Windows\system32\spool\PRTPROCS\W32X86\hpzppWN7.dll
Report Id: 5cb50ae3-a755-11e7-864c-0050569f163a"
Error,10/2/2017 16:37,EventCreate,1,None,Application,djkvdihost572.jakarta01.com,JAKARTA01\guestisd53  
Error,10/2/2017 16:34,EventCreate,1,None,Application,djkvdihost379.jakarta01.com,JAKARTA01\andryan  
Error,10/2/2017 16:34,EventCreate,1,None,Application,djkvdihost671.jakarta01.com,JAKARTA01\wirantika  
Error,10/2/2017 16:34,Application Error,1000,-100,Application,djkvdihost379.jakarta01.com,"Faulting application name: OUTLOOK.EXE, version: 15.0.4919.1001, time stamp: 0x58d20482
Faulting module name: OUTLOOK.EXE, version: 15.0.4919.1001, time stamp: 0x58d20482
Exception code: 0xc0000005
Fault offset: 0x008924c4
Faulting process id: 0x19ac
Faulting application start time: 0x01d33b2f87eb9b9b
Faulting application path: C:\Program Files\Microsoft Office\Office15\OUTLOOK.EXE
Faulting module path: C:\Program Files\Microsoft Office\Office15\OUTLOOK.EXE
Report Id: e82572d2-a754-11e7-9a24-0050569f4898"
Error,10/2/2017 16:32,EventCreate,1,None,Application,djkvdihost688.jakarta01.com,JAKARTA01\kusumadita  
Error,10/2/2017 16:32,Application Error,1000,-100,Application,djkvdihost688.jakarta01.com,"Faulting application name: OUTLOOK.EXE, version: 15.0.4919.1001, time stamp: 0x58d20482
Faulting module name: OUTLOOK.EXE, version: 15.0.4919.1001, time stamp: 0x58d20482
Exception code: 0xc0000005
Fault offset: 0x008924c7
Faulting process id: 0x1ac4
Faulting application start time: 0x01d33b2e7c4a6ffb
Faulting application path: C:\Program Files\Microsoft Office\Office15\OUTLOOK.EXE
Faulting module path: C:\Program Files\Microsoft Office\Office15\OUTLOOK.EXE
Report Id: 952c066e-a754-11e7-8a8f-0050569f70f3"
Error,10/2/2017 16:29,EventCreate,1,None,Application,djkvdihost307.jakarta01.com,JAKARTA01\GUESTISD28  
Error,10/2/2017 16:29,Application Error,1000,-100,Application,djkvdihost307.jakarta01.com,"Faulting application name: EXCEL.EXE, version: 15.0.4919.1000, time stamp: 0x58c7ab0f
Faulting module name: EXCEL.EXE, version: 15.0.4919.1000, time stamp: 0x58c7ab0f
Exception code: 0xc0000005
Fault offset: 0x00466d11
Faulting process id: 0x1ee4
Faulting application start time: 0x01d33b3d369101a7
Faulting application path: C:\Program Files\Microsoft Office\Office15\EXCEL.EXE
Faulting module path: C:\Program Files\Microsoft Office\Office15\EXCEL.EXE
Report Id: 358b8757-a754-11e7-bfbd-0050569f2ce9"
Error,10/2/2017 16:28,EventCreate,1,None,Application,djkvdihost033.jakarta01.com,JAKARTA01\erminawati  
Error,10/2/2017 16:28,Application Error,1000,-100,Application,djkvdihost033.jakarta01.com,"Faulting application name: OUTLOOK.EXE, version: 15.0.4919.1001, time stamp: 0x58d20482
Faulting module name: OUTLOOK.EXE, version: 15.0.4919.1001, time stamp: 0x58d20482
Exception code: 0xc0000005
Fault offset: 0x008924c4
Faulting process id: 0xaa0
Faulting application start time: 0x01d33b478553b0dd
Faulting application path: C:\Program Files\Microsoft Office\Office15\OUTLOOK.EXE
Faulting module path: C:\Program Files\Microsoft Office\Office15\OUTLOOK.EXE
Report Id: 141e190d-a754-11e7-9662-0050569f3ef5"
Error,10/2/2017 16:22,EventCreate,1,None,Application,djkvdihost432.jakarta01.com,JAKARTA01\Pricillia  
Error,10/2/2017 16:22,EventCreate,1,None,Application,djkvdihost507.jakarta01.com,JAKARTA01\juliet  
Error,10/2/2017 16:22,Application Error,1000,-100,Application,djkvdihost507.jakarta01.com,"Faulting application name: OUTLOOK.EXE, version: 15.0.4919.1001, time stamp: 0x58d20482
Faulting module name: OUTLOOK.EXE, version: 15.0.4919.1001, time stamp: 0x58d20482
Exception code: 0xc0000005
Fault offset: 0x008924c4
Faulting process id: 0x13c8
Faulting application start time: 0x01d33b55a07fadf8
Faulting application path: C:\Program Files\Microsoft Office\Office15\OUTLOOK.EXE
Faulting module path: C:\Program Files\Microsoft Office\Office15\OUTLOOK.EXE
Report Id: 4052e762-a753-11e7-8259-0050569f3022"
Error,10/2/2017 16:22,EventCreate,1,None,Application,djkvdihost198.jakarta01.com,JAKARTA01\regina  
Error,10/2/2017 16:22,Application Error,1000,-100,Application,djkvdihost432.jakarta01.com,"Faulting application name: OUTLOOK.EXE, version: 15.0.4919.1001, time stamp: 0x58d20482
Faulting module name: OUTLOOK.EXE, version: 15.0.4919.1001, time stamp: 0x58d20482
Exception code: 0xc0000005
Fault offset: 0x008924c4
Faulting process id: 0x1cd8
Faulting application start time: 0x01d33b0fc60ac9cc
Faulting application path: C:\Program Files\Microsoft Office\Office15\OUTLOOK.EXE
Faulting module path: C:\Program Files\Microsoft Office\Office15\OUTLOOK.EXE
Report Id: 40124165-a753-11e7-a9e1-0050569f10c4"
Error,10/2/2017 16:22,EventCreate,1,None,Application,djkvdihost198.jakarta01.com,JAKARTA01\regina  
Error,10/2/2017 16:21,EventCreate,1,None,Application,djkvdihost519.jakarta01.com,JAKARTA01\Hilman  
Error,10/2/2017 16:20,EventCreate,1,None,Application,djkvdihost401.jakarta01.com,JAKARTA01\hadid  
Error,10/2/2017 16:20,EventCreate,1,None,Application,djkvdihost519.jakarta01.com,JAKARTA01\Hilman  
Error,10/2/2017 16:20,Application Error,1000,-100,Application,djkvdihost401.jakarta01.com,"Faulting application name: OUTLOOK.EXE, version: 15.0.4919.1001, time stamp: 0x58d20482
Faulting module name: OUTLOOK.EXE, version: 15.0.4919.1001, time stamp: 0x58d20482
Exception code: 0xc0000005
Fault offset: 0x008924c4
Faulting process id: 0x1f10
Faulting application start time: 0x01d33b198a83b00a
Faulting application path: C:\Program Files\Microsoft Office\Office15\OUTLOOK.EXE
Faulting module path: C:\Program Files\Microsoft Office\Office15\OUTLOOK.EXE
Report Id: f203066e-a752-11e7-a954-0050569f74f0"
Error,10/2/2017 16:17,EventCreate,1,None,Application,djkvdihost651.jakarta01.com,JAKARTA01\nurfadila  
Error,10/2/2017 16:17,EventCreate,1,None,Application,djkvdihost111.jakarta01.com,JAKARTA01\rahmatia  
Error,10/2/2017 16:17,EventCreate,1,None,Application,djkvdihost651.jakarta01.com,JAKARTA01\nurfadila  
Error,10/2/2017 16:13,EventCreate,1,None,Application,djkvdihost782.jakarta01.com,JAKARTA01\Dina Vathati  
Error,10/2/2017 16:13,Application Error,1000,-100,Application,djkvdihost782.jakarta01.com,"Faulting application name: OUTLOOK.EXE, version: 15.0.4919.1001, time stamp: 0x58d20482
Faulting module name: OUTLOOK.EXE, version: 15.0.4919.1001, time stamp: 0x58d20482
Exception code: 0xc0000005
Fault offset: 0x008924c7
Faulting process id: 0x668
Faulting application start time: 0x01d33b198d9ba993
Faulting application path: C:\Program Files\Microsoft Office\Office15\OUTLOOK.EXE
Faulting module path: C:\Program Files\Microsoft Office\Office15\OUTLOOK.EXE
Report Id: f33369f2-a751-11e7-8941-0050569f3a53"
Error,10/2/2017 16:11,EventCreate,1,None,Application,djkvdihost703.jakarta01.com,JAKARTA01\Shena  
Error,10/2/2017 16:10,EventCreate,1,None,Application,djkvdihost647.jakarta01.com,JAKARTA01\sari  
Error,10/2/2017 16:09,Application Error,1000,-100,Application,djkvdihost647.jakarta01.com,"Faulting application name: iexplore.exe, version: 11.0.9600.18639, time stamp: 0x58d6bb0d
Faulting module name: MSHTML.dll, version: 11.0.9600.18639, time stamp: 0x58d6c720
Exception code: 0xc0000005
Fault offset: 0x000ac604
Faulting process id: 0x1d9c
Faulting application start time: 0x01d33b1d0e89a03d
Faulting application path: C:\Program Files\Internet Explorer\iexplore.exe
Faulting module path: C:\Windows\system32\MSHTML.dll
Report Id: 753c88d2-a751-11e7-bcaf-0050569f613e"
Error,10/2/2017 16:06,EventCreate,1,None,Application,djkvdihost012.jakarta01.com,JAKARTA01\ridjal  
Error,10/2/2017 16:02,EventCreate,1,None,Application,djkvdihost700.jakarta01.com,JAKARTA01\Luki Mahanani  
Error,10/2/2017 16:02,EventCreate,1,None,Application,djkvdihost389.jakarta01.com,JAKARTA01\Anton 2  
Error,10/2/2017 15:58,EventCreate,1,None,Application,djkvdihost467.jakarta01.com,JAKARTA01\imam  
Error,10/2/2017 15:58,Application Error,1000,-100,Application,djkvdihost467.jakarta01.com,"Faulting application name: cwbunnav.exe, version: 12.0.0.0, time stamp: 0x483ccc47
Faulting module name: cwbunjni.dll, version: 12.0.0.0, time stamp: 0x48607acf
Exception code: 0xc0000005
Fault offset: 0x00007644
Faulting process id: 0x1ccc
Faulting application start time: 0x01d33b5c9ce785b9
Faulting application path: C:\Program Files\IBM\Client Access\cwbunnav.exe
Faulting module path: C:\Program Files\IBM\Client Access\Shared\cwbunjni.dll
Report Id: de9609a9-a74f-11e7-b271-0050569f4224"
Error,10/2/2017 15:57,EventCreate,1,None,Application,djkvdihost347.jakarta01.com,JAKARTA01\rubyani  
Error,10/2/2017 15:57,Application Error,1000,-100,Application,djkvdihost347.jakarta01.com,"Faulting application name: WINWORD.EXE, version: 15.0.4911.1000, time stamp: 0x58a2c075
Faulting module name: KERNELBASE.dll, version: 6.1.7601.23714, time stamp: 0x58bf87a4
Exception code: 0xe06d7363
Fault offset: 0x0000845d
Faulting process id: 0x20c0
Faulting application start time: 0x01d33b5c1a67c027
Faulting application path: C:\Program Files\Microsoft Office\Office15\WINWORD.EXE
Faulting module path: C:\Windows\system32\KERNELBASE.dll
Report Id: b3d3e54d-a74f-11e7-8702-0050569f08e4"
Error,10/2/2017 15:52,EventCreate,1,None,Application,djkvdihost120.jakarta01.com,JAKARTA01\michiko  
Error,10/2/2017 15:52,Application Error,1000,-100,Application,djkvdihost120.jakarta01.com,"Faulting application name: OUTLOOK.EXE, version: 15.0.4919.1001, time stamp: 0x58d20482
Faulting module name: OUTLOOK.EXE, version: 15.0.4919.1001, time stamp: 0x58d20482
Exception code: 0xc0000005
Fault offset: 0x008924c4
Faulting process id: 0x808
Faulting application start time: 0x01d33b239b2ff588
Faulting application path: C:\Program Files\Microsoft Office\Office15\OUTLOOK.EXE
Faulting module path: C:\Program Files\Microsoft Office\Office15\OUTLOOK.EXE
Report Id: 10b8d083-a74f-11e7-ab3b-0050569f50b7"
Error,10/2/2017 15:48,EventCreate,1,None,Application,djkvdihost291.jakarta01.com,JAKARTA01\aria  
Error,10/2/2017 15:47,Application Error,1000,-100,Application,djkvdihost291.jakarta01.com,"Faulting application name: spoolsv.exe, version: 6.1.7601.17777, time stamp: 0x4f35efc3
Faulting module name: msvcrt.dll, version: 7.0.7601.17744, time stamp: 0x4eeaf722
Exception code: 0xc0000005
Fault offset: 0x0000aa14
Faulting process id: 0x63c
Faulting application start time: 0x01d33b58954cb169
Faulting application path: C:\Windows\System32\spoolsv.exe
Faulting module path: C:\Windows\system32\msvcrt.dll
Report Id: 64258240-a74e-11e7-bac9-0050569f1d26"
Error,10/2/2017 15:47,EventCreate,1,None,Application,djkvdihost291.jakarta01.com,JAKARTA01\aria  
Error,10/2/2017 15:42,EventCreate,1,None,Application,djkvdihost876.jakarta01.com,JAKARTA01\katsuta  
Error,10/2/2017 15:27,EventCreate,1,None,Application,djkvdihost649.jakarta01.com,JAKARTA01\MahendraR  
Error,10/2/2017 15:27,EventCreate,1,None,Application,djkvdihost650.jakarta01.com,JAKARTA01\aria  
Error,10/2/2017 15:27,Application Error,1000,-100,Application,djkvdihost649.jakarta01.com,"Faulting application name: OUTLOOK.EXE, version: 15.0.4919.1001, time stamp: 0x58d20482
Faulting module name: OUTLOOK.EXE, version: 15.0.4919.1001, time stamp: 0x58d20482
Exception code: 0xc0000005
Fault offset: 0x008924c4
Faulting process id: 0x64c
Faulting application start time: 0x01d33b28eb28cdf8
Faulting application path: C:\Program Files\Microsoft Office\Office15\OUTLOOK.EXE
Faulting module path: C:\Program Files\Microsoft Office\Office15\OUTLOOK.EXE
Report Id: 950f3aa6-a74b-11e7-82b9-0050569f7cb7"
Error,10/2/2017 15:25,EventCreate,1,None,Application,djkvdihost104.jakarta01.com,JAKARTA01\restiani  
Error,10/2/2017 15:24,EventCreate,1,None,Application,djkvdihost214.jakarta01.com,JAKARTA01\eddy  
Error,10/2/2017 15:24,Application Error,1000,-100,Application,djkvdihost214.jakarta01.com,"Faulting application name: OUTLOOK.EXE, version: 15.0.4919.1001, time stamp: 0x58d20482
Faulting module name: OUTLOOK.EXE, version: 15.0.4919.1001, time stamp: 0x58d20482
Exception code: 0xc0000005
Fault offset: 0x008924c4
Faulting process id: 0x10c4
Faulting application start time: 0x01d33b4e248374e2
Faulting application path: C:\Program Files\Microsoft Office\Office15\OUTLOOK.EXE
Faulting module path: C:\Program Files\Microsoft Office\Office15\OUTLOOK.EXE
Report Id: 1e79b835-a74b-11e7-9ec6-0050569f50f1"
Error,10/2/2017 15:22,EventCreate,1,None,Application,djkvdihost659.jakarta01.com,JAKARTA01\Erlisa  
Error,10/2/2017 15:22,Application Error,1000,-100,Application,djkvdihost659.jakarta01.com,"Faulting application name: EXCEL.EXE, version: 15.0.4919.1000, time stamp: 0x58c7ab0f
Faulting module name: EXCEL.EXE, version: 15.0.4919.1000, time stamp: 0x58c7ab0f
Exception code: 0xc0000005
Fault offset: 0x0004f585
Faulting process id: 0x2660
Faulting application start time: 0x01d33b577021d787
Faulting application path: C:\Program Files\Microsoft Office\Office15\EXCEL.EXE
Faulting module path: C:\Program Files\Microsoft Office\Office15\EXCEL.EXE
Report Id: c3e67c56-a74a-11e7-b2ee-0050569f3f50"
Error,10/2/2017 15:18,EventCreate,1,None,Application,djkvdihost650.jakarta01.com,JAKARTA01\aria  
Error,10/2/2017 13:45,EventCreate,1,None,Application,djkvdihost554.jakarta01.com,JAKARTA01\GuestISD57  
Error,10/2/2017 13:44,EventCreate,1,None,Application,djkvdihost554.jakarta01.com,JAKARTA01\GuestISD57  
Error,10/2/2017 15:17,EventCreate,1,None,Application,djkvdihost667.jakarta01.com,JAKARTA01\Risqia  
Error,10/2/2017 15:17,Application Error,1000,-100,Application,djkvdihost667.jakarta01.com,"Faulting application name: OUTLOOK.EXE, version: 15.0.4919.1001, time stamp: 0x58d20482
Faulting module name: OUTLOOK.EXE, version: 15.0.4919.1001, time stamp: 0x58d20482
Exception code: 0xc0000005
Fault offset: 0x008924c7
Faulting process id: 0x724
Faulting application start time: 0x01d33b1b745fc248
Faulting application path: C:\Program Files\Microsoft Office\Office15\OUTLOOK.EXE
Faulting module path: C:\Program Files\Microsoft Office\Office15\OUTLOOK.EXE
Report Id: 1253d09a-a74a-11e7-8529-0050569f29fc"
Error,10/2/2017 15:15,EventCreate,1,None,Application,djkvdihost224.jakarta01.com,JAKARTA01\tjahja  
Error,10/2/2017 15:15,Application Error,1000,-100,Application,djkvdihost224.jakarta01.com,"Faulting application name: OUTLOOK.EXE, version: 15.0.4919.1001, time stamp: 0x58d20482
Faulting module name: OUTLOOK.EXE, version: 15.0.4919.1001, time stamp: 0x58d20482
Exception code: 0xc0000005
Fault offset: 0x008924c4
Faulting process id: 0x1854
Faulting application start time: 0x01d33b1176daf2b9
Faulting application path: C:\Program Files\Microsoft Office\Office15\OUTLOOK.EXE
Faulting module path: C:\Program Files\Microsoft Office\Office15\OUTLOOK.EXE
Report Id: cfbfc830-a749-11e7-8e86-0050569f7648"
Error,10/2/2017 15:14,EventCreate,1,None,Application,djkvdihost209.jakarta01.com,JAKARTA01\adiyanti  
Error,10/2/2017 15:14,EventCreate,1,None,Application,djkvdihost815.jakarta01.com,JAKARTA01\shinta dewi  
Error,10/2/2017 15:14,Application Error,1000,-100,Application,djkvdihost209.jakarta01.com,"Faulting application name: PhotoScreensaver.scr, version: 6.1.7601.17514, time stamp: 0x4ce7a590
Faulting module name: SHELL32.dll, version: 6.1.7601.23537, time stamp: 0x57c450f4
Exception code: 0xc0000005
Fault offset: 0x001f269f
Faulting process id: 0x14b8
Faulting application start time: 0x01d33b5661cd7bb5
Faulting application path: C:\Windows\system32\PhotoScreensaver.scr
Faulting module path: C:\Windows\system32\SHELL32.dll
Report Id: aaba9fc1-a749-11e7-9852-0050569f17a5"
Error,10/2/2017 15:11,EventCreate,1,None,Application,djkvdihost475.jakarta01.com,JAKARTA01\Arlyne  
Error,10/2/2017 15:11,Application Error,1000,-100,Application,djkvdihost475.jakarta01.com,"Faulting application name: EXCEL.EXE, version: 15.0.4919.1000, time stamp: 0x58c7ab0f
Faulting module name: EXCEL.EXE, version: 15.0.4919.1000, time stamp: 0x58c7ab0f
Exception code: 0xc0000005
Fault offset: 0x0006b91f
Faulting process id: 0x1b3c
Faulting application start time: 0x01d33b300844039a
Faulting application path: C:\Program Files\Microsoft Office\Office15\EXCEL.EXE
Faulting module path: C:\Program Files\Microsoft Office\Office15\EXCEL.EXE
Report Id: 56edbcb2-a749-11e7-ae84-0050569f4e32"
Error,10/2/2017 15:11,EventCreate,1,None,Application,djkvdihost475.jakarta01.com,JAKARTA01\Arlyne  
Error,10/2/2017 15:11,Application Error,1000,-100,Application,djkvdihost475.jakarta01.com,"Faulting application name: EXCEL.EXE, version: 15.0.4919.1000, time stamp: 0x58c7ab0f
Faulting module name: EXCEL.EXE, version: 15.0.4919.1000, time stamp: 0x58c7ab0f
Exception code: 0xc0000005
Fault offset: 0x0006b91f
Faulting process id: 0x16c0
Faulting application start time: 0x01d33b300829d464
Faulting application path: C:\PROGRA~1\MICROS~2\Office15\EXCEL.EXE
Faulting module path: C:\PROGRA~1\MICROS~2\Office15\EXCEL.EXE
Report Id: 497df3b1-a749-11e7-ae84-0050569f4e32"
Error,10/2/2017 14:57,EventCreate,1,None,Application,djkvdihost808.jakarta01.com,JAKARTA01\guestisd59  
Error,10/2/2017 15:08,EventCreate,1,None,Application,djkvdihost507.jakarta01.com,JAKARTA01\juliet  
Error,10/2/2017 15:08,Application Error,1000,-100,Application,djkvdihost507.jakarta01.com,"Faulting application name: OUTLOOK.EXE, version: 15.0.4919.1001, time stamp: 0x58d20482
Faulting module name: OUTLOOK.EXE, version: 15.0.4919.1001, time stamp: 0x58d20482
Exception code: 0xc0000005
Fault offset: 0x008924c7
Faulting process id: 0x6dc
Faulting application start time: 0x01d33b4af589d476
Faulting application path: C:\Program Files\Microsoft Office\Office15\OUTLOOK.EXE
Faulting module path: C:\Program Files\Microsoft Office\Office15\OUTLOOK.EXE
Report Id: d89a57e0-a748-11e7-8259-0050569f3022"
Error,10/2/2017 14:57,EventCreate,1,None,Application,djkvdihost238.jakarta01.com,JAKARTA01\william  
Error,10/2/2017 14:57,Application Error,1000,-100,Application,djkvdihost238.jakarta01.com,"Faulting application name: OUTLOOK.EXE, version: 15.0.4919.1001, time stamp: 0x58d20482
Faulting module name: OUTLOOK.EXE, version: 15.0.4919.1001, time stamp: 0x58d20482
Exception code: 0xc0000005
Fault offset: 0x008924c7
Faulting process id: 0x13a8
Faulting application start time: 0x01d33b2af45edc43
Faulting application path: C:\Program Files\Microsoft Office\Office15\OUTLOOK.EXE
Faulting module path: C:\Program Files\Microsoft Office\Office15\OUTLOOK.EXE
Report Id: 4f877c37-a747-11e7-9e05-0050569f5dfe"
Error,10/2/2017 14:56,EventCreate,1,None,Application,djkvdihost034.jakarta01.com,JAKARTA01\Dini Rahmawati  
Error,10/2/2017 14:56,Application Error,1000,-100,Application,djkvdihost034.jakarta01.com,"Faulting application name: OUTLOOK.EXE, version: 15.0.4919.1001, time stamp: 0x58d20482
Faulting module name: msspell7.dll, version: 15.0.4569.1503, time stamp: 0x52b0b161
Exception code: 0xc0000005
Fault offset: 0x00048ae5
Faulting process id: 0x114c
Faulting application start time: 0x01d33b1c318e722f
Faulting application path: C:\Program Files\Microsoft Office\Office15\OUTLOOK.EXE
Faulting module path: C:\Program Files\Microsoft Office\Office15\PROOF\msspell7.dll
Report Id: 2a4de5bc-a747-11e7-ae38-0050569f0869"
Error,10/2/2017 14:48,EventCreate,1,None,Application,djkvdihost517.jakarta01.com,JAKARTA01\indrawati  
Error,10/2/2017 14:48,Application Error,1000,-100,Application,djkvdihost517.jakarta01.com,"Faulting application name: WINWORD.EXE, version: 15.0.4911.1000, time stamp: 0x58a2c075
Faulting module name: wwlib.dll, version: 15.0.4911.1000, time stamp: 0x58a2c073
Exception code: 0xc0000005
Fault offset: 0x000895cb
Faulting process id: 0x1470
Faulting application start time: 0x01d33b4a7f729e79
Faulting application path: C:\Program Files\Microsoft Office\Office15\WINWORD.EXE
Faulting module path: C:\Program Files\Microsoft Office\Office15\wwlib.dll
Report Id: 07abaaba-a746-11e7-ad9c-0050569f05e2"
Error,10/2/2017 14:42,EventCreate,1,None,Application,djkvdihost625.jakarta01.com,JAKARTA01\nuning  
Error,10/2/2017 14:42,Application Error,1000,-100,Application,djkvdihost625.jakarta01.com,"Faulting application name: EXCEL.EXE, version: 15.0.4919.1000, time stamp: 0x58c7ab0f
Faulting module name: EXCEL.EXE, version: 15.0.4919.1000, time stamp: 0x58c7ab0f
Exception code: 0xc0000005
Fault offset: 0x00300fb6
Faulting process id: 0x168
Faulting application start time: 0x01d33b2855c3423b
Faulting application path: C:\Program Files\Microsoft Office\Office15\EXCEL.EXE
Faulting module path: C:\Program Files\Microsoft Office\Office15\EXCEL.EXE
Report Id: 4cf71e5d-a745-11e7-ba8e-0050569f0dce"
Error,10/2/2017 14:40,EventCreate,1,None,Application,djkvdihost586.jakarta01.com,JAKARTA01\phesyana  
Error,10/2/2017 14:40,Application Error,1000,-100,Application,djkvdihost586.jakarta01.com,"Faulting application name: OUTLOOK.EXE, version: 15.0.4919.1001, time stamp: 0x58d20482
Faulting module name: OUTLOOK.EXE, version: 15.0.4919.1001, time stamp: 0x58d20482
Exception code: 0xc0000005
Fault offset: 0x008924c7
Faulting process id: 0x1600
Faulting application start time: 0x01d33b34b02c650a
Faulting application path: C:\Program Files\Microsoft Office\Office15\OUTLOOK.EXE
Faulting module path: C:\Program Files\Microsoft Office\Office15\OUTLOOK.EXE
Report Id: e6821998-a744-11e7-b889-0050569f2f99"
Error,10/2/2017 14:36,EventCreate,1,None,Application,djkvdihost140.jakarta01.com,JAKARTA01\mazy  
Error,10/2/2017 14:36,Application Error,1000,-100,Application,djkvdihost140.jakarta01.com,"Faulting application name: OUTLOOK.EXE, version: 15.0.4919.1001, time stamp: 0x58d20482
Faulting module name: OUTLOOK.EXE, version: 15.0.4919.1001, time stamp: 0x58d20482
Exception code: 0xc0000005
Fault offset: 0x00892154
Faulting process id: 0xf34
Faulting application start time: 0x01d33b1712f7e2ce
Faulting application path: C:\Program Files\Microsoft Office\Office15\OUTLOOK.EXE
Faulting module path: C:\Program Files\Microsoft Office\Office15\OUTLOOK.EXE
Report Id: 614c1755-a744-11e7-aeb6-0050569f5d27"
Error,10/2/2017 14:33,EventCreate,1,None,Application,djkvdihost680.jakarta01.com,JAKARTA01\amiratul  
Error,10/2/2017 14:33,Application Error,1000,-100,Application,djkvdihost680.jakarta01.com,"Faulting application name: OUTLOOK.EXE, version: 15.0.4919.1001, time stamp: 0x58d20482
Faulting module name: OUTLOOK.EXE, version: 15.0.4919.1001, time stamp: 0x58d20482
Exception code: 0xc0000005
Fault offset: 0x008924c7
Faulting process id: 0x1164
Faulting application start time: 0x01d33b19dd8c8c9b
Faulting application path: C:\Program Files\Microsoft Office\Office15\OUTLOOK.EXE
Faulting module path: C:\Program Files\Microsoft Office\Office15\OUTLOOK.EXE
Report Id: 086306e6-a744-11e7-b67a-0050569f687e"
Error,10/2/2017 14:30,EventCreate,1,None,Application,djkvdihost690.jakarta01.com,JAKARTA01\chris  
Error,10/2/2017 14:30,Application Error,1000,-100,Application,djkvdihost690.jakarta01.com,"Faulting application name: OUTLOOK.EXE, version: 15.0.4919.1001, time stamp: 0x58d20482
Faulting module name: OUTLOOK.EXE, version: 15.0.4919.1001, time stamp: 0x58d20482
Exception code: 0xc0000005
Fault offset: 0x008924c4
Faulting process id: 0x1c3c
Faulting application start time: 0x01d33b18148d7f5a
Faulting application path: C:\Program Files\Microsoft Office\Office15\OUTLOOK.EXE
Faulting module path: C:\Program Files\Microsoft Office\Office15\OUTLOOK.EXE
Report Id: 8f08c0a0-a743-11e7-a071-0050569f588e"
Error,10/2/2017 14:29,EventCreate,1,None,Application,djkvdihost812.jakarta01.com,JAKARTA01\Darmawan  
Error,10/2/2017 14:28,EventCreate,1,None,Application,djkvdihost434.jakarta01.com,JAKARTA01\hilmy  
Error,10/2/2017 14:28,EventCreate,1,None,Application,djkvdihost434.jakarta01.com,JAKARTA01\hilmy  
Error,10/2/2017 14:28,EventCreate,1,None,Application,djkvdihost434.jakarta01.com,JAKARTA01\hilmy  
Error,10/2/2017 14:28,Application Error,1000,-100,Application,djkvdihost812.jakarta01.com,"Faulting application name: PhotoScreensaver.scr, version: 6.1.7601.17514, time stamp: 0x4ce7a590
Faulting module name: SHELL32.dll, version: 6.1.7601.23537, time stamp: 0x57c450f4
Exception code: 0xc0000005
Fault offset: 0x001f269f
Faulting process id: 0x1c78
Faulting application start time: 0x01d33b4fb1043427
Faulting application path: C:\Windows\system32\PhotoScreensaver.scr
Faulting module path: C:\Windows\system32\SHELL32.dll
Report Id: 5aa167f7-a743-11e7-a4e1-0050569f31e5"
Error,10/2/2017 14:19,EventCreate,1,None,Application,djkvdihost069.jakarta01.com,JAKARTA01\toyoda  
Error,10/2/2017 14:16,EventCreate,1,None,Application,djkvdihost446.jakarta01.com,JAKARTA01\alex  
Error,10/2/2017 14:16,Application Error,1000,-100,Application,djkvdihost446.jakarta01.com,"Faulting application name: OUTLOOK.EXE, version: 15.0.4919.1001, time stamp: 0x58d20482
Faulting module name: OUTLOOK.EXE, version: 15.0.4919.1001, time stamp: 0x58d20482
Exception code: 0xc0000005
Fault offset: 0x008924c4
Faulting process id: 0xdf0
Faulting application start time: 0x01d33b207c3d2830
Faulting application path: C:\Program Files\Microsoft Office\Office15\OUTLOOK.EXE
Faulting module path: C:\Program Files\Microsoft Office\Office15\OUTLOOK.EXE
Report Id: a2b02487-a741-11e7-a14a-0050569f2b47"
Error,10/2/2017 14:14,EventCreate,1,None,Application,djkvdihost214.jakarta01.com,JAKARTA01\eddy  
Error,10/2/2017 14:14,Application Error,1000,-100,Application,djkvdihost214.jakarta01.com,"Faulting application name: OUTLOOK.EXE, version: 15.0.4919.1001, time stamp: 0x58d20482
Faulting module name: OUTLOOK.EXE, version: 15.0.4919.1001, time stamp: 0x58d20482
Exception code: 0xc0000005
Fault offset: 0x008924c4
Faulting process id: 0x18dc
Faulting application start time: 0x01d33b1545e627af
Faulting application path: C:\Program Files\Microsoft Office\Office15\OUTLOOK.EXE
Faulting module path: C:\Program Files\Microsoft Office\Office15\OUTLOOK.EXE
Report Id: 5e9468bf-a741-11e7-9ec6-0050569f50f1"
Error,10/2/2017 14:13,EventCreate,1,None,Application,djkvdihost198.jakarta01.com,JAKARTA01\Learning  
Error,10/2/2017 14:13,Application Error,1000,-100,Application,djkvdihost198.jakarta01.com,"Faulting application name: intro3.exe, version: 11.7.700.224, time stamp: 0x51a6728e
Faulting module name: intro3.exe, version: 11.7.700.224, time stamp: 0x51a6728e
Exception code: 0xc0000005
Fault offset: 0x0059ef70
Faulting process id: 0xf84
Faulting application start time: 0x01d33b4ded288b8b
Faulting application path: C:\Users\Learning\AppData\Local\Temp\intro3.exe
Faulting module path: C:\Users\Learning\AppData\Local\Temp\intro3.exe
Report Id: 2af8cb0b-a741-11e7-a9b8-0050569f21ef"
Error,10/2/2017 14:12,EventCreate,1,None,Application,djkvdihost198.jakarta01.com,JAKARTA01\Learning  
Error,10/2/2017 14:12,Application Error,1000,-100,Application,djkvdihost198.jakarta01.com,"Faulting application name: intro3.exe, version: 11.7.700.224, time stamp: 0x51a6728e
Faulting module name: intro3.exe, version: 11.7.700.224, time stamp: 0x51a6728e
Exception code: 0xc0000005
Fault offset: 0x0059ef70
Faulting process id: 0x1e58
Faulting application start time: 0x01d33b4dde2901ab
Faulting application path: C:\Users\Learning\AppData\Local\Temp\intro3.exe
Faulting module path: C:\Users\Learning\AppData\Local\Temp\intro3.exe
Report Id: 1bf9412b-a741-11e7-a9b8-0050569f21ef"
Error,10/2/2017 14:12,EventCreate,1,None,Application,djkvdihost198.jakarta01.com,JAKARTA01\Learning  
Error,10/2/2017 14:12,Application Error,1000,-100,Application,djkvdihost198.jakarta01.com,"Faulting application name: intro3.exe, version: 11.7.700.224, time stamp: 0x51a6728e
Faulting module name: intro3.exe, version: 11.7.700.224, time stamp: 0x51a6728e
Exception code: 0xc0000005
Fault offset: 0x0059ef70
Faulting process id: 0x1adc
Faulting application start time: 0x01d33b4dd9b26dab
Faulting application path: C:\Users\Learning\AppData\Local\Temp\intro3.exe
Faulting module path: C:\Users\Learning\AppData\Local\Temp\intro3.exe
Report Id: 179cdc4b-a741-11e7-a9b8-0050569f21ef"
Error,10/2/2017 14:10,EventCreate,1,None,Application,djkvdihost268.jakarta01.com,JAKARTA01\yuliana  
Error,10/2/2017 14:09,EventCreate,1,None,Application,djkvdihost746.jakarta01.com,JAKARTA01\alexsandro  
Error,10/2/2017 14:09,Application Error,1000,-100,Application,djkvdihost746.jakarta01.com,"Faulting application name: OUTLOOK.EXE, version: 15.0.4919.1001, time stamp: 0x58d20482
Faulting module name: OUTLOOK.EXE, version: 15.0.4919.1001, time stamp: 0x58d20482
Exception code: 0xc0000005
Fault offset: 0x008924c4
Faulting process id: 0x1c94
Faulting application start time: 0x01d33b23cf77ac75
Faulting application path: C:\Program Files\Microsoft Office\Office15\OUTLOOK.EXE
Faulting module path: C:\Program Files\Microsoft Office\Office15\OUTLOOK.EXE
Report Id: 95aee3dc-a740-11e7-8750-0050569f0500"
Error,10/2/2017 14:01,EventCreate,1,None,Application,djkvdihost289.jakarta01.com,JAKARTA01\MSandy  
Error,10/2/2017 14:01,Application Error,1000,-100,Application,djkvdihost289.jakarta01.com,"Faulting application name: OUTLOOK.EXE, version: 15.0.4919.1001, time stamp: 0x58d20482
Faulting module name: OUTLOOK.EXE, version: 15.0.4919.1001, time stamp: 0x58d20482
Exception code: 0xc0000005
Fault offset: 0x008924c7
Faulting process id: 0x1d8
Faulting application start time: 0x01d33b2137158521
Faulting application path: C:\Program Files\Microsoft Office\Office15\OUTLOOK.EXE
Faulting module path: C:\Program Files\Microsoft Office\Office15\OUTLOOK.EXE
Report Id: 88c6a34a-a73f-11e7-bc59-0050569f79dd"
Error,10/2/2017 13:56,EventCreate,1,None,Application,djkvdihost548.jakarta01.com,JAKARTA01\yoshinta  
Error,10/2/2017 13:56,EventCreate,1,None,Application,djkvdihost591.jakarta01.com,JAKARTA01\guestacc10  
Error,10/2/2017 13:56,Application Error,1000,-100,Application,djkvdihost591.jakarta01.com,"Faulting application name: NLNOTES.EXE, version: 8.5.30.11258, time stamp: 0x4e72fa51
Faulting module name: nnotes.dll, version: 8.5.30.11258, time stamp: 0x4e72fa6a
Exception code: 0xc0000005
Fault offset: 0x001c7f0e
Faulting process id: 0x1b64
Faulting application start time: 0x01d33b4b928bdeb2
Faulting application path: C:\Program Files\IBM\Lotus\Notes\NLNOTES.EXE
Faulting module path: C:\Program Files\IBM\Lotus\Notes\nnotes.dll
Report Id: d03f8db6-a73e-11e7-940b-0050569f3904"
Error,10/2/2017 13:54,EventCreate,1,None,Application,djkvdihost591.jakarta01.com,JAKARTA01\guestacc10  
