Error,9/26/2017 7:59,EventCreate,1,None,Application,djkvdihost815.jakarta01.com,JAKARTA01\AdindaGita  
Error,9/26/2017 7:59,EventCreate,1,None,Application,djkvdihost579.jakarta01.com,JAKARTA01\yuliana  
Error,9/26/2017 7:58,EventCreate,1,None,Application,djkvdihost695.jakarta01.com,JAKARTA01\aulya  
Error,9/26/2017 7:59,EventCreate,1,None,Application,djkvdihost028.jakarta01.com,JAKARTA01\Yonanda  
Error,9/26/2017 7:58,EventCreate,1,None,Application,djkvdihost628.jakarta01.com,JAKARTA01\dhimas  
Error,9/26/2017 7:59,EventCreate,1,None,Application,djkvdihost248.jakarta01.com,JAKARTA01\lizty  
Error,9/26/2017 7:59,EventCreate,1,None,Application,djkvdihost528.jakarta01.com,JAKARTA01\sulaiman  
Error,9/26/2017 7:59,EventCreate,1,None,Application,djkvdihost580.jakarta01.com,JAKARTA01\budhasca  
Error,9/26/2017 7:58,EventCreate,1,None,Application,djkvdihost437.jakarta01.com,JAKARTA01\puty  
Error,9/26/2017 7:58,WSH,1,None,Application,djkvdihost421.jakarta01.com,"CN=Fajar Kusuma password will expire in 2 day(s) at 9/28/2017 7:48:23 AM

Press CTRL + ALT + DEL and select the ""Change a password"" option."
Error,9/26/2017 7:58,EventCreate,1,None,Application,djkvdihost553.jakarta01.com,JAKARTA01\hemayani  
Error,9/26/2017 7:58,EventCreate,1,None,Application,djkvdihost184.jakarta01.com,JAKARTA01\MuhammadI  
Error,9/26/2017 7:58,EventCreate,1,None,Application,djkvdihost702.jakarta01.com,JAKARTA01\adiyanti  
Error,9/26/2017 7:58,EventCreate,1,None,Application,djkvdihost784.jakarta01.com,JAKARTA01\smuhidin  
Error,9/26/2017 7:58,EventCreate,1,None,Application,djkvdihost583.jakarta01.com,JAKARTA01\syifa  
Error,9/26/2017 7:58,EventCreate,1,None,Application,djkvdihost085.jakarta01.com,JAKARTA01\BudiS  
Error,9/26/2017 7:58,EventCreate,1,None,Application,djkvdihost033.jakarta01.com,JAKARTA01\annisa inggita  
Error,9/26/2017 7:58,WSH,1,None,Application,djkvdihost421.jakarta01.com,"CN=Fajar Kusuma password will expire in 2 day(s) at 9/28/2017 7:48:23 AM

Press CTRL + ALT + DEL and select the ""Change a password"" option."
Error,9/26/2017 7:58,EventCreate,1,None,Application,djkvdihost628.jakarta01.com,JAKARTA01\dhimas  
Error,9/26/2017 7:58,EventCreate,1,None,Application,djkvdihost053.jakarta01.com,JAKARTA01\nyimas  
Error,9/26/2017 7:57,EventCreate,1,None,Application,djkvdihost429.jakarta01.com,JAKARTA01\dwi budi  
Error,9/26/2017 7:58,EventCreate,1,None,Application,djkvdihost484.jakarta01.com,JAKARTA01\bagas  
Error,9/26/2017 7:58,EventCreate,1,None,Application,djkvdihost179.jakarta01.com,JAKARTA01\MAUREEN  
Error,9/26/2017 7:57,EventCreate,1,None,Application,djkvdihost603.jakarta01.com,JAKARTA01\henry st  
Error,9/26/2017 7:57,EventCreate,1,None,Application,djkvdihost016.jakarta01.com,JAKARTA01\FAUZIAH  
Error,9/26/2017 7:57,EventCreate,1,None,Application,djkvdihost695.jakarta01.com,JAKARTA01\aulya  
Error,9/26/2017 7:57,EventCreate,1,None,Application,djkvdihost281.jakarta01.com,JAKARTA01\yorika  
Error,9/26/2017 7:57,EventCreate,1,None,Application,djkvdihost303.jakarta01.com,JAKARTA01\NovrianAS  
Error,9/26/2017 7:57,EventCreate,1,None,Application,djkvdihost513.jakarta01.com,JAKARTA01\samekto  
Error,9/26/2017 7:57,EventCreate,1,None,Application,djkvdihost429.jakarta01.com,JAKARTA01\dwi budi  
Error,9/26/2017 7:57,EventCreate,1,None,Application,djkvdihost775.jakarta01.com,JAKARTA01\shinta  
Error,9/26/2017 7:57,EventCreate,1,None,Application,djkvdihost786.jakarta01.com,JAKARTA01\ubaedi  
Error,9/26/2017 7:57,EventCreate,1,None,Application,djkvdihost051.jakarta01.com,JAKARTA01\kreshna  
Error,9/26/2017 7:57,EventCreate,1,None,Application,djkvdihost801.jakarta01.com,JAKARTA01\M Said  
Error,9/26/2017 7:57,EventCreate,1,None,Application,djkvdihost801.jakarta01.com,JAKARTA01\M Said  
Error,9/26/2017 7:57,EventCreate,1,None,Application,djkvdihost822.jakarta01.com,JAKARTA01\GuestISD56  
Error,9/26/2017 7:57,EventCreate,1,None,Application,djkvdihost779.jakarta01.com,JAKARTA01\Taufik Kurniawan  
Error,9/26/2017 7:57,EventCreate,1,None,Application,djkvdihost118.jakarta01.com,JAKARTA01\Chaterin  
Error,9/26/2017 7:57,EventCreate,1,None,Application,djkvdihost081.jakarta01.com,JAKARTA01\georgedk  
Error,9/26/2017 7:57,EventCreate,1,None,Application,djkvdihost731.jakarta01.com,JAKARTA01\vanya  
Error,9/26/2017 7:56,EventCreate,1,None,Application,djkvdihost110.jakarta01.com,JAKARTA01\andrewrs  
Error,9/26/2017 7:56,EventCreate,1,None,Application,djkvdihost438.jakarta01.com,JAKARTA01\M Fajri  
Error,9/26/2017 7:56,EventCreate,1,None,Application,djkvdihost789.jakarta01.com,JAKARTA01\yofiandhy  
Error,9/26/2017 7:56,Application Error,1000,-100,Application,djkvdihost789.jakarta01.com,"Faulting application name: OUTLOOK.EXE, version: 15.0.4919.1001, time stamp: 0x58d20482
Faulting module name: OUTLOOK.EXE, version: 15.0.4919.1001, time stamp: 0x58d20482
Exception code: 0xc0000005
Fault offset: 0x008924c7
Faulting process id: 0x1768
Faulting application start time: 0x01d33654f93fe9c2
Faulting application path: C:\Program Files\Microsoft Office\Office15\OUTLOOK.EXE
Faulting module path: C:\Program Files\Microsoft Office\Office15\OUTLOOK.EXE
Report Id: 83fcdaeb-a255-11e7-aed8-0050569f59cf"
Error,9/26/2017 7:56,EventCreate,1,None,Application,djkvdihost285.jakarta01.com,JAKARTA01\devita  
Error,9/26/2017 7:56,EventCreate,1,None,Application,djkvdihost483.jakarta01.com,JAKARTA01\hanna  
Error,9/26/2017 7:56,EventCreate,1,None,Application,djkvdihost718.jakarta01.com,JAKARTA01\Bagus Gede  
Error,9/26/2017 7:56,EventCreate,1,None,Application,djkvdihost268.jakarta01.com,JAKARTA01\toyoda  
Error,9/26/2017 7:56,EventCreate,1,None,Application,djkvdihost428.jakarta01.com,JAKARTA01\cecilia  
Error,9/26/2017 7:56,EventCreate,1,None,Application,djkvdihost001.jakarta01.com,JAKARTA01\rinaldonp  
Error,9/26/2017 7:56,EventCreate,1,None,Application,djkvdihost492.jakarta01.com,JAKARTA01\ramantid  
Error,9/26/2017 7:56,EventCreate,1,None,Application,djkvdihost482.jakarta01.com,JAKARTA01\danna  
Error,9/26/2017 7:56,EventCreate,1,None,Application,djkvdihost316.jakarta01.com,JAKARTA01\davidc  
Error,9/26/2017 7:56,EventCreate,1,None,Application,djkvdihost022.jakarta01.com,JAKARTA01\Audyanza  
Error,9/26/2017 7:56,EventCreate,1,None,Application,djkvdihost027.jakarta01.com,JAKARTA01\guestisd37  
Error,9/26/2017 7:56,EventCreate,1,None,Application,djkvdihost630.jakarta01.com,JAKARTA01\Aviv  
Error,9/26/2017 7:56,EventCreate,1,None,Application,djkvdihost162.jakarta01.com,JAKARTA01\indra pranowo  
Error,9/26/2017 7:56,EventCreate,1,None,Application,djkvdihost718.jakarta01.com,JAKARTA01\Bagus Gede  
Error,9/26/2017 7:56,EventCreate,1,None,Application,djkvdihost158.jakarta01.com,JAKARTA01\Didik  
Error,9/26/2017 7:55,EventCreate,1,None,Application,djkvdihost050.jakarta01.com,JAKARTA01\angga  
Error,9/26/2017 7:55,EventCreate,1,None,Application,djkvdihost147.jakarta01.com,JAKARTA01\Risqia  
Error,9/26/2017 7:55,EventCreate,1,None,Application,djkvdihost899.jakarta01.com,JAKARTA01\adi prasetio  
Error,9/26/2017 7:55,EventCreate,1,None,Application,djkvdihost360.jakarta01.com,JAKARTA01\lani  
Error,9/26/2017 7:55,EventCreate,1,None,Application,djkvdihost489.jakarta01.com,JAKARTA01\dadi hardi  
Error,9/26/2017 7:55,EventCreate,1,None,Application,djkvdihost632.jakarta01.com,JAKARTA01\Rio Satria  
Error,9/26/2017 7:55,EventCreate,1,None,Application,djkvdihost523.jakarta01.com,JAKARTA01\rindang  
Error,9/26/2017 7:54,EventCreate,1,None,Application,djkvdihost523.jakarta01.com,JAKARTA01\rindang  
Error,9/26/2017 7:54,EventCreate,1,None,Application,djkvdihost523.jakarta01.com,JAKARTA01\rindang  
Error,9/26/2017 7:54,EventCreate,1,None,Application,djkvdihost618.jakarta01.com,JAKARTA01\janu  
Error,9/26/2017 7:55,EventCreate,1,None,Application,djkvdihost348.jakarta01.com,JAKARTA01\PRATAMA  
Error,9/26/2017 7:55,EventCreate,1,None,Application,djkvdihost287.jakarta01.com,JAKARTA01\Katsuhito  
Error,9/26/2017 7:55,EventCreate,1,None,Application,djkvdihost046.jakarta01.com,JAKARTA01\indrak  
Error,9/26/2017 7:54,EventCreate,1,None,Application,djkvdihost329.jakarta01.com,JAKARTA01\hadid  
Error,9/26/2017 7:54,EventCreate,1,None,Application,djkvdihost375.jakarta01.com,JAKARTA01\hana nurul  
Error,9/26/2017 7:54,EventCreate,1,None,Application,djkvdihost523.jakarta01.com,JAKARTA01\rindang  
Error,9/26/2017 7:54,EventCreate,1,None,Application,djkvdihost111.jakarta01.com,JAKARTA01\krisna  
Error,9/26/2017 7:54,EventCreate,1,None,Application,djkvdihost715.jakarta01.com,JAKARTA01\Rinaldo  
Error,9/26/2017 7:54,EventCreate,1,None,Application,djkvdihost091.jakarta01.com,JAKARTA01\melly  
Error,9/26/2017 7:54,EventCreate,1,None,Application,djkvdihost202.jakarta01.com,JAKARTA01\magdalena  
Error,9/26/2017 7:54,EventCreate,1,None,Application,djkvdihost036.jakarta01.com,JAKARTA01\imam  
Error,9/26/2017 7:54,EventCreate,1,None,Application,djkvdihost894.jakarta01.com,JAKARTA01\Adhisty  
Error,9/26/2017 7:54,EventCreate,1,None,Application,djkvdihost374.jakarta01.com,JAKARTA01\m iqbal  
Error,9/26/2017 7:54,EventCreate,1,None,Application,djkvdihost617.jakarta01.com,JAKARTA01\luthfi  
Error,9/26/2017 7:54,EventCreate,1,None,Application,djkvdihost155.jakarta01.com,JAKARTA01\GUESTISD32  
Error,9/26/2017 7:54,EventCreate,1,None,Application,djkvdihost412.jakarta01.com,JAKARTA01\ginanjar  
Error,9/26/2017 7:54,EventCreate,1,None,Application,djkvdihost761.jakarta01.com,JAKARTA01\sandrase  
Error,9/26/2017 7:54,EventCreate,1,None,Application,djkvdihost239.jakarta01.com,JAKARTA01\lisa  
Error,9/26/2017 7:54,EventCreate,1,None,Application,djkvdihost239.jakarta01.com,JAKARTA01\lisa  
Error,9/26/2017 7:54,EventCreate,1,None,Application,djkvdihost634.jakarta01.com,JAKARTA01\yumiyati  
Error,9/26/2017 7:54,EventCreate,1,None,Application,djkvdihost898.jakarta01.com,JAKARTA01\StellaH  
Error,9/26/2017 7:53,EventCreate,1,None,Application,djkvdihost693.jakarta01.com,JAKARTA01\chinthiars  
Error,9/26/2017 7:53,EventCreate,1,None,Application,djkvdihost315.jakarta01.com,JAKARTA01\Mustikawati  
Error,9/26/2017 7:53,EventCreate,1,None,Application,djkvdihost618.jakarta01.com,JAKARTA01\janu  
Error,9/26/2017 7:53,EventCreate,1,None,Application,djkvdihost555.jakarta01.com,JAKARTA01\dimas  
Error,9/26/2017 7:53,EventCreate,1,None,Application,djkvdihost082.jakarta01.com,JAKARTA01\ChyntiaDN  
Error,9/26/2017 7:53,EventCreate,1,None,Application,djkvdihost669.jakarta01.com,JAKARTA01\Tammyana  
Error,9/26/2017 7:53,EventCreate,1,None,Application,djkvdihost754.jakarta01.com,JAKARTA01\melany  
Error,9/26/2017 7:53,EventCreate,1,None,Application,djkvdihost432.jakarta01.com,JAKARTA01\rbagus  
Error,9/26/2017 7:53,EventCreate,1,None,Application,djkvdihost090.jakarta01.com,JAKARTA01\natalie  
Error,9/26/2017 7:53,EventCreate,1,None,Application,djkvdihost398.jakarta01.com,JAKARTA01\cinta  
Error,9/26/2017 7:52,EventCreate,1,None,Application,djkvdihost555.jakarta01.com,JAKARTA01\dimas  
Error,9/26/2017 7:52,EventCreate,1,None,Application,djkvdihost182.jakarta01.com,JAKARTA01\nirliani  
Error,9/26/2017 7:52,EventCreate,1,None,Application,djkvdihost087.jakarta01.com,JAKARTA01\aditya ny  
Error,9/26/2017 7:52,EventCreate,1,None,Application,djkvdihost555.jakarta01.com,JAKARTA01\dimas  
Error,9/26/2017 7:52,EventCreate,1,None,Application,djkvdihost569.jakarta01.com,JAKARTA01\harumi  
Error,9/26/2017 7:52,EventCreate,1,None,Application,djkvdihost572.jakarta01.com,JAKARTA01\Moh Ditto  
Error,9/26/2017 7:51,EventCreate,1,None,Application,djkvdihost508.jakarta01.com,JAKARTA01\rahayu  
Error,9/26/2017 7:51,EventCreate,1,None,Application,djkvdihost571.jakarta01.com,JAKARTA01\Liasyah  
Error,9/26/2017 7:51,EventCreate,1,None,Application,djkvdihost389.jakarta01.com,JAKARTA01\arismanm  
Error,9/26/2017 7:51,EventCreate,1,None,Application,djkvdihost261.jakarta01.com,JAKARTA01\bryan  
Error,9/26/2017 7:51,EventCreate,1,None,Application,djkvdihost892.jakarta01.com,JAKARTA01\matthew  
Error,9/26/2017 7:51,EventCreate,1,None,Application,djkvdihost300.jakarta01.com,JAKARTA01\mauluddin  
Error,9/26/2017 7:51,EventCreate,1,None,Application,djkvdihost100.jakarta01.com,JAKARTA01\Hilman  
Error,9/26/2017 7:51,EventCreate,1,None,Application,djkvdihost833.jakarta01.com,JAKARTA01\Beny  
Error,9/26/2017 7:51,EventCreate,1,None,Application,djkvdihost813.jakarta01.com,JAKARTA01\priscilla  
Error,9/26/2017 7:51,EventCreate,1,None,Application,djkvdihost649.jakarta01.com,JAKARTA01\ClarissaMh  
Error,9/26/2017 7:51,EventCreate,1,None,Application,djkvdihost128.jakarta01.com,JAKARTA01\Yumiyati  
Error,9/26/2017 7:51,EventCreate,1,None,Application,djkvdihost163.jakarta01.com,JAKARTA01\Dian Permata  
Error,9/26/2017 7:51,EventCreate,1,None,Application,djkvdihost645.jakarta01.com,JAKARTA01\Anosa  
Error,9/26/2017 7:50,WSH,1,None,Application,djkvdihost892.jakarta01.com,"CN=Matthew Hanzel password will expire in 2 day(s) at 9/28/2017 7:34:54 AM

Press CTRL + ALT + DEL and select the ""Change a password"" option."
Error,9/26/2017 7:50,EventCreate,1,None,Application,djkvdihost025.jakarta01.com,JAKARTA01\Dyandra  
Error,9/26/2017 7:50,EventCreate,1,None,Application,djkvdihost414.jakarta01.com,JAKARTA01\heri  
Error,9/26/2017 7:50,WSH,1,None,Application,djkvdihost892.jakarta01.com,"CN=Matthew Hanzel password will expire in 2 day(s) at 9/28/2017 7:34:54 AM

Press CTRL + ALT + DEL and select the ""Change a password"" option."
Error,9/26/2017 7:50,EventCreate,1,None,Application,djkvdihost760.jakarta01.com,JAKARTA01\endrojono  
Error,9/26/2017 7:50,EventCreate,1,None,Application,djkvdihost697.jakarta01.com,JAKARTA01\Indah  
Error,9/26/2017 7:50,EventCreate,1,None,Application,djkvdihost032.jakarta01.com,JAKARTA01\fathiya  
Error,9/26/2017 7:50,EventCreate,1,None,Application,djkvdihost767.jakarta01.com,JAKARTA01\KristoforusAW  
Error,9/26/2017 7:50,EventCreate,1,None,Application,djkvdihost187.jakarta01.com,JAKARTA01\resha  
Error,9/26/2017 7:50,EventCreate,1,None,Application,djkvdihost777.jakarta01.com,JAKARTA01\binar  
Error,9/26/2017 7:49,EventCreate,1,None,Application,djkvdihost799.jakarta01.com,JAKARTA01\endah_k  
Error,9/26/2017 7:49,EventCreate,1,None,Application,djkvdihost742.jakarta01.com,JAKARTA01\puji  
Error,9/26/2017 7:49,WSH,1,None,Application,djkvdihost777.jakarta01.com,"CN=Binar Kistina Satcaningtyas password will expire in 2 day(s) at 9/28/2017 7:12:23 AM

Press CTRL + ALT + DEL and select the ""Change a password"" option."
Error,9/26/2017 7:49,EventCreate,1,None,Application,djkvdihost364.jakarta01.com,JAKARTA01\Ronald  
Error,9/26/2017 7:49,EventCreate,1,None,Application,djkvdihost474.jakarta01.com,JAKARTA01\mutiman  
Error,9/26/2017 7:49,EventCreate,1,None,Application,djkvdihost814.jakarta01.com,JAKARTA01\Pradita  
Error,9/26/2017 7:49,WSH,1,None,Application,djkvdihost777.jakarta01.com,"CN=Binar Kistina Satcaningtyas password will expire in 2 day(s) at 9/28/2017 7:12:23 AM

Press CTRL + ALT + DEL and select the ""Change a password"" option."
Error,9/26/2017 7:49,EventCreate,1,None,Application,djkvdihost144.jakarta01.com,JAKARTA01\warda  
Error,9/26/2017 7:48,EventCreate,1,None,Application,djkvdihost447.jakarta01.com,JAKARTA01\sulistyono  
Error,9/26/2017 7:48,Application Error,1000,-100,Application,djkvdihost447.jakarta01.com,"Faulting application name: spoolsv.exe, version: 6.1.7601.17777, time stamp: 0x4f35efc3
Faulting module name: msvcrt.dll, version: 7.0.7601.17744, time stamp: 0x4eeaf722
Exception code: 0xc0000005
Fault offset: 0x0000aa14
Faulting process id: 0x638
Faulting application start time: 0x01d335e32af530a4
Faulting application path: C:\Windows\System32\spoolsv.exe
Faulting module path: C:\Windows\system32\msvcrt.dll
Report Id: 6dca1072-a254-11e7-ba8c-0050569f1d15"
Error,9/26/2017 7:48,EventCreate,1,None,Application,djkvdihost563.jakarta01.com,JAKARTA01\ALFIYAH  
Error,9/26/2017 7:48,EventCreate,1,None,Application,djkvdihost861.jakarta01.com,JAKARTA01\alia  
Error,9/26/2017 7:48,EventCreate,1,None,Application,djkvdihost251.jakarta01.com,JAKARTA01\rhaditya  
Error,9/26/2017 7:48,EventCreate,1,None,Application,djkvdihost795.jakarta01.com,JAKARTA01\yulianty  
Error,9/26/2017 7:48,EventCreate,1,None,Application,djkvdihost062.jakarta01.com,JAKARTA01\Teguh Aji  
Error,9/26/2017 7:48,EventCreate,1,None,Application,djkvdihost338.jakarta01.com,JAKARTA01\chris  
Error,9/26/2017 7:48,EventCreate,1,None,Application,djkvdihost367.jakarta01.com,JAKARTA01\anggata  
Error,9/26/2017 7:48,EventCreate,1,None,Application,djkvdihost134.jakarta01.com,JAKARTA01\barry  
Error,9/26/2017 7:48,EventCreate,1,None,Application,djkvdihost855.jakarta01.com,JAKARTA01\kubo  
Error,9/26/2017 7:48,EventCreate,1,None,Application,djkvdihost447.jakarta01.com,JAKARTA01\sulistyono  
Error,9/26/2017 7:47,WSH,1,None,Application,djkvdihost144.jakarta01.com,"CN=Warda Husna Harahap password will expire in 2 day(s) at 9/28/2017 7:48:27 AM

Press CTRL + ALT + DEL and select the ""Change a password"" option."
Error,9/26/2017 7:48,EventCreate,1,None,Application,djkvdihost896.jakarta01.com,JAKARTA01\naruhito  
Error,9/26/2017 7:48,EventCreate,1,None,Application,djkvdihost373.jakarta01.com,JAKARTA01\Rini Purnama  
Error,9/26/2017 7:47,EventCreate,1,None,Application,djkvdihost783.jakarta01.com,JAKARTA01\GuestISD46  
Error,9/26/2017 7:47,EventCreate,1,None,Application,djkvdihost535.jakarta01.com,JAKARTA01\mazy  
Error,9/26/2017 7:47,EventCreate,1,None,Application,djkvdihost284.jakarta01.com,JAKARTA01\yudi  
Error,9/26/2017 7:47,WSH,1,None,Application,djkvdihost144.jakarta01.com,"CN=Warda Husna Harahap password will expire in 2 day(s) at 9/28/2017 7:48:27 AM

Press CTRL + ALT + DEL and select the ""Change a password"" option."
Error,9/26/2017 7:47,EventCreate,1,None,Application,djkvdihost221.jakarta01.com,JAKARTA01\indriyani  
Error,9/26/2017 7:47,EventCreate,1,None,Application,djkvdihost672.jakarta01.com,JAKARTA01\hendry  
Error,9/26/2017 7:47,EventCreate,1,None,Application,djkvdihost872.jakarta01.com,JAKARTA01\m nugraha  
Error,9/26/2017 7:47,EventCreate,1,None,Application,djkvdihost747.jakarta01.com,JAKARTA01\yosephine  
Error,9/26/2017 7:47,WSH,1,None,Application,djkvdihost134.jakarta01.com,"CN=Barry Christie T password will expire in 2 day(s) at 9/28/2017 7:09:01 AM

Press CTRL + ALT + DEL and select the ""Change a password"" option."
Error,9/26/2017 7:47,WSH,1,None,Application,djkvdihost134.jakarta01.com,"CN=Barry Christie T password will expire in 2 day(s) at 9/28/2017 7:09:01 AM

Press CTRL + ALT + DEL and select the ""Change a password"" option."
Error,9/26/2017 7:47,EventCreate,1,None,Application,djkvdihost271.jakarta01.com,JAKARTA01\findal  
Error,9/26/2017 7:46,EventCreate,1,None,Application,djkvdihost623.jakarta01.com,JAKARTA01\nungi  
Error,9/26/2017 7:46,EventCreate,1,None,Application,djkvdihost623.jakarta01.com,JAKARTA01\nungi  
Error,9/26/2017 7:46,EventCreate,1,None,Application,djkvdihost623.jakarta01.com,JAKARTA01\nungi  
Error,9/26/2017 7:47,EventCreate,1,None,Application,djkvdihost175.jakarta01.com,JAKARTA01\martha  
Error,9/26/2017 7:47,EventCreate,1,None,Application,djkvdihost551.jakarta01.com,JAKARTA01\yusi  
Error,9/26/2017 7:46,EventCreate,1,None,Application,djkvdihost722.jakarta01.com,JAKARTA01\margiati  
Error,9/26/2017 7:46,EventCreate,1,None,Application,djkvdihost214.jakarta01.com,JAKARTA01\Talitha  
Error,9/26/2017 7:46,EventCreate,1,None,Application,djkvdihost879.jakarta01.com,JAKARTA01\Amelia  
Error,9/26/2017 7:46,EventCreate,1,None,Application,djkvdihost481.jakarta01.com,JAKARTA01\Arum  
Error,9/26/2017 7:46,EventCreate,1,None,Application,djkvdihost816.jakarta01.com,JAKARTA01\henry  
Error,9/26/2017 7:46,EventCreate,1,None,Application,djkvdihost706.jakarta01.com,JAKARTA01\adriani  
Error,9/26/2017 7:46,EventCreate,1,None,Application,djkvdihost706.jakarta01.com,JAKARTA01\adriani  
Error,9/26/2017 7:46,EventCreate,1,None,Application,djkvdihost416.jakarta01.com,JAKARTA01\mahendra  
Error,9/26/2017 7:46,EventCreate,1,None,Application,djkvdihost236.jakarta01.com,JAKARTA01\REIS  
Error,9/26/2017 7:45,EventCreate,1,None,Application,djkvdihost464.jakarta01.com,JAKARTA01\Priellya  
Error,9/26/2017 7:46,EventCreate,1,None,Application,djkvdihost431.jakarta01.com,JAKARTA01\himawan  
Error,9/26/2017 7:46,EventCreate,1,None,Application,djkvdihost830.jakarta01.com,JAKARTA01\meri  
Error,9/26/2017 7:46,EventCreate,1,None,Application,djkvdihost685.jakarta01.com,JAKARTA01\nirmala  
Error,9/26/2017 7:46,Application Error,1000,-100,Application,djkvdihost623.jakarta01.com,"Faulting application name: wfcrun32.exe, version: 14.4.1000.16, time stamp: 0x571e1bd4
Faulting module name: unknown, version: 0.0.0.0, time stamp: 0x00000000
Exception code: 0xc0000005
Fault offset: 0x772de1a9
Faulting process id: 0x18ac
Faulting application start time: 0x01d33660d22e609e
Faulting application path: C:\Program Files\Citrix\ICA Client\wfcrun32.exe
Faulting module path: unknown
Report Id: 141abfde-a254-11e7-88b4-0050569f26a7"
Error,9/26/2017 7:46,EventCreate,1,None,Application,djkvdihost029.jakarta01.com,JAKARTA01\Tino  
Error,9/26/2017 7:46,EventCreate,1,None,Application,djkvdihost706.jakarta01.com,JAKARTA01\adriani  
Error,9/26/2017 7:45,EventCreate,1,None,Application,djkvdihost816.jakarta01.com,JAKARTA01\henry  
Error,9/26/2017 7:45,EventCreate,1,None,Application,djkvdihost464.jakarta01.com,JAKARTA01\Priellya  
Error,9/26/2017 7:45,EventCreate,1,None,Application,djkvdihost381.jakarta01.com,JAKARTA01\alfiari  
Error,9/26/2017 7:45,EventCreate,1,None,Application,djkvdihost842.jakarta01.com,JAKARTA01\deddy  
Error,9/26/2017 7:45,EventCreate,1,None,Application,djkvdihost461.jakarta01.com,JAKARTA01\ahmad zainul  
Error,9/26/2017 7:45,EventCreate,1,None,Application,djkvdihost289.jakarta01.com,JAKARTA01\victoria  
Error,9/26/2017 7:45,EventCreate,1,None,Application,djkvdihost546.jakarta01.com,JAKARTA01\bellaisya  
Error,9/26/2017 7:44,EventCreate,1,None,Application,djkvdihost565.jakarta01.com,JAKARTA01\widiasmara  
Error,9/26/2017 7:44,EventCreate,1,None,Application,djkvdihost037.jakarta01.com,JAKARTA01\prakasa  
Error,9/26/2017 7:44,EventCreate,1,None,Application,djkvdihost276.jakarta01.com,JAKARTA01\tiar  
Error,9/26/2017 7:44,EventCreate,1,None,Application,djkvdihost839.jakarta01.com,JAKARTA01\arief  
Error,9/26/2017 7:44,EventCreate,1,None,Application,djkvdihost732.jakarta01.com,JAKARTA01\laila  
Error,9/26/2017 7:44,EventCreate,1,None,Application,djkvdihost656.jakarta01.com,JAKARTA01\kristian  
Error,9/26/2017 7:44,EventCreate,1,None,Application,djkvdihost071.jakarta01.com,JAKARTA01\Hilma  
Error,9/26/2017 7:43,EventCreate,1,None,Application,djkvdihost876.jakarta01.com,JAKARTA01\bayu  
Error,9/26/2017 7:43,EventCreate,1,None,Application,djkvdihost876.jakarta01.com,JAKARTA01\bayu  
Error,9/26/2017 7:43,EventCreate,1,None,Application,djkvdihost041.jakarta01.com,JAKARTA01\komang  
Error,9/26/2017 7:43,EventCreate,1,None,Application,djkvdihost719.jakarta01.com,JAKARTA01\Nurhayati  
Error,9/26/2017 7:43,EventCreate,1,None,Application,djkvdihost258.jakarta01.com,JAKARTA01\clarissa  
Error,9/26/2017 7:43,EventCreate,1,None,Application,djkvdihost247.jakarta01.com,JAKARTA01\alvita  
Error,9/26/2017 7:43,EventCreate,1,None,Application,djkvdihost720.jakarta01.com,JAKARTA01\arum eka  
Error,9/26/2017 7:43,EventCreate,1,None,Application,djkvdihost829.jakarta01.com,JAKARTA01\dadi  
Error,9/26/2017 7:43,EventCreate,1,None,Application,djkvdihost605.jakarta01.com,JAKARTA01\Listya  
Error,9/26/2017 7:43,EventCreate,1,None,Application,djkvdihost140.jakarta01.com,JAKARTA01\christian  
Error,9/26/2017 7:43,EventCreate,1,None,Application,djkvdihost656.jakarta01.com,JAKARTA01\kristian  
Error,9/26/2017 7:43,EventCreate,1,None,Application,djkvdihost490.jakarta01.com,JAKARTA01\alexsandro  
Error,9/26/2017 7:43,EventCreate,1,None,Application,djkvdihost079.jakarta01.com,JAKARTA01\ALTHEA  
Error,9/26/2017 7:43,EventCreate,1,None,Application,djkvdihost719.jakarta01.com,JAKARTA01\Nurhayati  
Error,9/26/2017 7:43,EventCreate,1,None,Application,djkvdihost403.jakarta01.com,JAKARTA01\novitarini  
Error,9/26/2017 7:43,EventCreate,1,None,Application,djkvdihost719.jakarta01.com,JAKARTA01\Nurhayati  
Error,9/26/2017 7:42,WSH,1,None,Application,djkvdihost876.jakarta01.com,"CN=Andi Bayu W password will expire in 2 day(s) at 9/28/2017 8:06:14 AM

Press CTRL + ALT + DEL and select the ""Change a password"" option."
Error,9/26/2017 7:43,EventCreate,1,None,Application,djkvdihost335.jakarta01.com,JAKARTA01\lestari  
Error,9/26/2017 7:43,EventCreate,1,None,Application,djkvdihost258.jakarta01.com,JAKARTA01\clarissa  
Error,9/26/2017 7:42,EventCreate,1,None,Application,djkvdihost314.jakarta01.com,JAKARTA01\Devina  
Error,9/26/2017 7:42,WSH,1,None,Application,djkvdihost876.jakarta01.com,"CN=Andi Bayu W password will expire in 2 day(s) at 9/28/2017 8:06:14 AM

Press CTRL + ALT + DEL and select the ""Change a password"" option."
Error,9/26/2017 7:42,EventCreate,1,None,Application,djkvdihost477.jakarta01.com,JAKARTA01\ningmatul  
Error,9/26/2017 7:42,EventCreate,1,None,Application,djkvdihost344.jakarta01.com,JAKARTA01\mutiara  
Error,9/26/2017 7:42,EventCreate,1,None,Application,djkvdihost613.jakarta01.com,JAKARTA01\utomo  
Error,9/26/2017 7:42,EventCreate,1,None,Application,djkvdihost613.jakarta01.com,JAKARTA01\utomo  
Error,9/26/2017 7:41,EventCreate,1,None,Application,djkvdihost613.jakarta01.com,JAKARTA01\utomo  
Error,9/26/2017 7:42,EventCreate,1,None,Application,djkvdihost804.jakarta01.com,JAKARTA01\Aisyah  
Error,9/26/2017 7:42,EventCreate,1,None,Application,djkvdihost430.jakarta01.com,JAKARTA01\fferdian  
Error,9/26/2017 7:42,EventCreate,1,None,Application,djkvdihost803.jakarta01.com,JAKARTA01\rara  
Error,9/26/2017 7:42,EventCreate,1,None,Application,djkvdihost875.jakarta01.com,JAKARTA01\natasya  
Error,9/26/2017 7:41,EventCreate,1,None,Application,djkvdihost613.jakarta01.com,JAKARTA01\utomo  
Error,9/26/2017 7:41,EventCreate,1,None,Application,djkvdihost704.jakarta01.com,JAKARTA01\WulanAn  
Error,9/26/2017 7:41,EventCreate,1,None,Application,djkvdihost752.jakarta01.com,JAKARTA01\liza  
Error,9/26/2017 7:41,EventCreate,1,None,Application,djkvdihost895.jakarta01.com,JAKARTA01\Joni  
Error,9/26/2017 7:41,EventCreate,1,None,Application,djkvdihost095.jakarta01.com,JAKARTA01\Chairul  
Error,9/26/2017 7:41,EventCreate,1,None,Application,djkvdihost537.jakarta01.com,JAKARTA01\JUNETTE  
Error,9/26/2017 7:41,EventCreate,1,None,Application,djkvdihost512.jakarta01.com,JAKARTA01\restiani  
Error,9/26/2017 7:40,EventCreate,1,None,Application,djkvdihost555.jakarta01.com,JAKARTA01\yumiyati  
Error,9/26/2017 7:40,EventCreate,1,None,Application,djkvdihost660.jakarta01.com,JAKARTA01\irman  
Error,9/26/2017 7:40,Application Error,1000,-100,Application,djkvdihost660.jakarta01.com,"Faulting application name: OUTLOOK.EXE, version: 15.0.4919.1001, time stamp: 0x58d20482
Faulting module name: OUTLOOK.EXE, version: 15.0.4919.1001, time stamp: 0x58d20482
Exception code: 0xc0000005
Fault offset: 0x008924c7
Faulting process id: 0x998
Faulting application start time: 0x01d3365b7f91b39c
Faulting application path: C:\Program Files\Microsoft Office\Office15\OUTLOOK.EXE
Faulting module path: C:\Program Files\Microsoft Office\Office15\OUTLOOK.EXE
Report Id: 43a2d563-a253-11e7-b099-0050569f1b88"
Error,9/26/2017 7:40,EventCreate,1,None,Application,djkvdihost425.jakarta01.com,JAKARTA01\Sandra  
Error,9/26/2017 7:40,EventCreate,1,None,Application,djkvdihost612.jakarta01.com,JAKARTA01\vina  
Error,9/26/2017 7:40,EventCreate,1,None,Application,djkvdihost806.jakarta01.com,JAKARTA01\yenni  
Error,9/26/2017 7:40,EventCreate,1,None,Application,djkvdihost420.jakarta01.com,JAKARTA01\rizka syarifa  
Error,9/26/2017 7:40,EventCreate,1,None,Application,djkvdihost788.jakarta01.com,JAKARTA01\Astriana  
Error,9/26/2017 7:39,EventCreate,1,None,Application,djkvdihost069.jakarta01.com,JAKARTA01\nadhilah  
Error,9/26/2017 7:39,EventCreate,1,None,Application,djkvdihost241.jakarta01.com,JAKARTA01\amanda chandra  
Error,9/26/2017 7:39,EventCreate,1,None,Application,djkvdihost699.jakarta01.com,JAKARTA01\Jessica  
Error,9/26/2017 7:39,EventCreate,1,None,Application,djkvdihost540.jakarta01.com,JAKARTA01\sysdovs03  
Error,9/26/2017 7:39,EventCreate,1,None,Application,djkvdihost249.jakarta01.com,JAKARTA01\achmadr  
Error,9/26/2017 7:38,EventCreate,1,None,Application,djkvdihost462.jakarta01.com,JAKARTA01\raras  
Error,9/26/2017 7:38,EventCreate,1,None,Application,djkvdihost306.jakarta01.com,JAKARTA01\m ridho  
Error,9/26/2017 7:38,WSH,1,None,Application,djkvdihost699.jakarta01.com,"CN=Jessica password will expire in 2 day(s) at 9/28/2017 7:39:59 AM

Press CTRL + ALT + DEL and select the ""Change a password"" option."
Error,9/26/2017 7:38,EventCreate,1,None,Application,djkvdihost383.jakarta01.com,JAKARTA01\nurlina  
Error,9/26/2017 7:38,EventCreate,1,None,Application,djkvdihost522.jakarta01.com,JAKARTA01\mirawati  
Error,9/26/2017 7:38,EventCreate,1,None,Application,djkvdihost343.jakarta01.com,JAKARTA01\anggi  
Error,9/26/2017 7:38,EventCreate,1,None,Application,djkvdihost753.jakarta01.com,JAKARTA01\fahrul  
Error,9/26/2017 7:38,WSH,1,None,Application,djkvdihost699.jakarta01.com,"CN=Jessica password will expire in 2 day(s) at 9/28/2017 7:39:59 AM

Press CTRL + ALT + DEL and select the ""Change a password"" option."
Error,9/26/2017 7:38,EventCreate,1,None,Application,djkvdihost397.jakarta01.com,JAKARTA01\Resty  
Error,9/26/2017 7:38,EventCreate,1,None,Application,djkvdihost674.jakarta01.com,JAKARTA01\tesha  
Error,9/26/2017 7:38,EventCreate,1,None,Application,djkvdihost893.jakarta01.com,JAKARTA01\Agus Sutikno  
Error,9/26/2017 7:38,EventCreate,1,None,Application,djkvdihost592.jakarta01.com,JAKARTA01\ita shabrina  
Error,9/26/2017 7:38,EventCreate,1,None,Application,djkvdihost126.jakarta01.com,JAKARTA01\venir  
Error,9/26/2017 7:37,EventCreate,1,None,Application,djkvdihost371.jakarta01.com,JAKARTA01\reny  
Error,9/26/2017 7:37,EventCreate,1,None,Application,djkvdihost044.jakarta01.com,JAKARTA01\budir  
Error,9/26/2017 7:37,EventCreate,1,None,Application,djkvdihost727.jakarta01.com,JAKARTA01\ronal  
Error,9/26/2017 7:37,EventCreate,1,None,Application,djkvdihost160.jakarta01.com,JAKARTA01\ipuk  
Error,9/26/2017 7:37,EventCreate,1,None,Application,djkvdihost710.jakarta01.com,JAKARTA01\istiningsih  
Error,9/26/2017 7:36,EventCreate,1,None,Application,djkvdihost710.jakarta01.com,JAKARTA01\istiningsih  
Error,9/26/2017 7:37,EventCreate,1,None,Application,djkvdihost180.jakarta01.com,JAKARTA01\wulanf  
Error,9/26/2017 7:37,EventCreate,1,None,Application,djkvdihost525.jakarta01.com,JAKARTA01\Adjeng  
Error,9/26/2017 7:37,EventCreate,1,None,Application,djkvdihost138.jakarta01.com,JAKARTA01\Dina Vathati  
Error,9/26/2017 7:36,EventCreate,1,None,Application,djkvdihost710.jakarta01.com,JAKARTA01\istiningsih  
Error,9/26/2017 7:36,EventCreate,1,None,Application,djkvdihost782.jakarta01.com,JAKARTA01\titis  
Error,9/26/2017 7:36,EventCreate,1,None,Application,djkvdihost427.jakarta01.com,JAKARTA01\tantri  
Error,9/26/2017 7:36,EventCreate,1,None,Application,djkvdihost643.jakarta01.com,JAKARTA01\nur endah  
Error,9/26/2017 7:36,EventCreate,1,None,Application,djkvdihost369.jakarta01.com,JAKARTA01\dewi  
Error,9/26/2017 7:36,EventCreate,1,None,Application,djkvdihost716.jakarta01.com,JAKARTA01\inna  
Error,9/26/2017 7:36,EventCreate,1,None,Application,djkvdihost796.jakarta01.com,JAKARTA01\budi ramadhan  
Error,9/26/2017 7:36,EventCreate,1,None,Application,djkvdihost125.jakarta01.com,JAKARTA01\Damal  
Error,9/26/2017 7:35,EventCreate,1,None,Application,djkvdihost588.jakarta01.com,JAKARTA01\andi wijaya  
Error,9/26/2017 7:35,EventCreate,1,None,Application,djkvdihost608.jakarta01.com,JAKARTA01\Festy  
Error,9/26/2017 7:35,EventCreate,1,None,Application,djkvdihost657.jakarta01.com,JAKARTA01\nurmalasari  
Error,9/26/2017 7:35,EventCreate,1,None,Application,djkvdihost331.jakarta01.com,JAKARTA01\SANI  
Error,9/26/2017 7:34,EventCreate,1,None,Application,djkvdihost636.jakarta01.com,JAKARTA01\dimas adhi  
Error,9/26/2017 7:34,EventCreate,1,None,Application,djkvdihost210.jakarta01.com,JAKARTA01\niluh  
Error,9/26/2017 7:34,EventCreate,1,None,Application,djkvdihost426.jakarta01.com,JAKARTA01\erika  
Error,9/26/2017 7:33,EventCreate,1,None,Application,djkvdihost047.jakarta01.com,JAKARTA01\yosie  
Error,9/26/2017 7:33,EventCreate,1,None,Application,djkvdihost453.jakarta01.com,JAKARTA01\Nikmatullah  
Error,9/26/2017 7:33,EventCreate,1,None,Application,djkvdihost458.jakarta01.com,JAKARTA01\dian  
Error,9/26/2017 7:33,EventCreate,1,None,Application,djkvdihost864.jakarta01.com,JAKARTA01\sodeoka  
Error,9/26/2017 7:33,EventCreate,1,None,Application,djkvdihost297.jakarta01.com,JAKARTA01\elita  
Error,9/26/2017 7:33,EventCreate,1,None,Application,djkvdihost388.jakarta01.com,JAKARTA01\fitri  
Error,9/26/2017 7:33,EventCreate,1,None,Application,djkvdihost068.jakarta01.com,JAKARTA01\aditya chandra  
Error,9/26/2017 7:32,EventCreate,1,None,Application,djkvdihost060.jakarta01.com,JAKARTA01\devid  
Error,9/26/2017 7:32,EventCreate,1,None,Application,djkvdihost708.jakarta01.com,JAKARTA01\mdendy  
Error,9/26/2017 7:32,EventCreate,1,None,Application,djkvdihost793.jakarta01.com,JAKARTA01\pramana  
Error,9/26/2017 7:31,EventCreate,1,None,Application,djkvdihost173.jakarta01.com,JAKARTA01\netra  
Error,9/26/2017 7:31,EventCreate,1,None,Application,djkvdihost129.jakarta01.com,JAKARTA01\aticha  
Error,9/26/2017 7:31,EventCreate,1,None,Application,djkvdihost897.jakarta01.com,JAKARTA01\Denni  
Error,9/26/2017 7:31,EventCreate,1,None,Application,djkvdihost708.jakarta01.com,JAKARTA01\mdendy  
Error,9/26/2017 7:31,EventCreate,1,None,Application,djkvdihost070.jakarta01.com,JAKARTA01\topik  
Error,9/26/2017 7:31,WSH,1,None,Application,djkvdihost129.jakarta01.com,"CN=Aticha Astary password will expire in 2 day(s) at 9/28/2017 6:55:15 AM

Press CTRL + ALT + DEL and select the ""Change a password"" option."
Error,9/26/2017 7:31,EventCreate,1,None,Application,djkvdihost534.jakarta01.com,JAKARTA01\Yunita  
Error,9/26/2017 7:31,EventCreate,1,None,Application,djkvdihost108.jakarta01.com,JAKARTA01\suwilhan  
Error,9/26/2017 7:31,WSH,1,None,Application,djkvdihost129.jakarta01.com,"CN=Aticha Astary password will expire in 2 day(s) at 9/28/2017 6:55:15 AM

Press CTRL + ALT + DEL and select the ""Change a password"" option."
Error,9/26/2017 7:31,EventCreate,1,None,Application,djkvdihost433.jakarta01.com,JAKARTA01\arinie  
Error,9/26/2017 7:30,EventCreate,1,None,Application,djkvdihost736.jakarta01.com,JAKARTA01\hilmy  
Error,9/26/2017 7:30,EventCreate,1,None,Application,djkvdihost357.jakarta01.com,JAKARTA01\tasin  
Error,9/26/2017 7:30,EventCreate,1,None,Application,djkvdihost567.jakarta01.com,JAKARTA01\Armanto  
Error,9/26/2017 7:30,EventCreate,1,None,Application,djkvdihost516.jakarta01.com,JAKARTA01\ryan  
Error,9/26/2017 7:29,EventCreate,1,None,Application,djkvdihost618.jakarta01.com,JAKARTA01\Rafika  
Error,9/26/2017 7:29,EventCreate,1,None,Application,djkvdihost245.jakarta01.com,JAKARTA01\Putri Damayanti  
Error,9/26/2017 7:29,Application Error,1000,-100,Application,djkvdihost516.jakarta01.com,"Faulting application name: spoolsv.exe, version: 6.1.7601.17777, time stamp: 0x4f35efc3
Faulting module name: msvcrt.dll, version: 7.0.7601.17744, time stamp: 0x4eeaf722
Exception code: 0xc0000005
Fault offset: 0x0000aa14
Faulting process id: 0x638
Faulting application start time: 0x01d335e3feefbafd
Faulting application path: C:\Windows\System32\spoolsv.exe
Faulting module path: C:\Windows\system32\msvcrt.dll
Report Id: ce659aea-a251-11e7-8e28-0050569f24d3"
Error,9/26/2017 7:29,EventCreate,1,None,Application,djkvdihost491.jakarta01.com,JAKARTA01\haris  
Error,9/26/2017 7:29,EventCreate,1,None,Application,djkvdihost137.jakarta01.com,JAKARTA01\AdrianP  
Error,9/26/2017 7:29,EventCreate,1,None,Application,djkvdihost109.jakarta01.com,JAKARTA01\RURI  
Error,9/26/2017 7:28,EventCreate,1,None,Application,djkvdihost900.jakarta01.com,JAKARTA01\Adi Purnomo  
Error,9/26/2017 7:28,EventCreate,1,None,Application,djkvdihost665.jakarta01.com,JAKARTA01\eka prastica  
Error,9/26/2017 7:27,EventCreate,1,None,Application,djkvdihost880.jakarta01.com,JAKARTA01\Kurnia Arisayuga  
Error,9/26/2017 7:28,EventCreate,1,None,Application,djkvdihost352.jakarta01.com,JAKARTA01\Yosi  
Error,9/26/2017 7:27,EventCreate,1,None,Application,djkvdihost665.jakarta01.com,JAKARTA01\eka prastica  
Error,9/26/2017 7:27,EventCreate,1,None,Application,djkvdihost880.jakarta01.com,JAKARTA01\Kurnia Arisayuga  
Error,9/26/2017 7:26,EventCreate,1,None,Application,djkvdihost323.jakarta01.com,JAKARTA01\maya  
Error,9/26/2017 7:26,EventCreate,1,None,Application,djkvdihost507.jakarta01.com,JAKARTA01\retno  
Error,9/26/2017 7:25,EventCreate,1,None,Application,djkvdihost688.jakarta01.com,JAKARTA01\susilowati  
Error,9/26/2017 7:25,EventCreate,1,None,Application,djkvdihost687.jakarta01.com,JAKARTA01\MIrhasE  
Error,9/26/2017 7:25,EventCreate,1,None,Application,djkvdihost615.jakarta01.com,JAKARTA01\sari  
Error,9/26/2017 7:24,EventCreate,1,None,Application,djkvdihost378.jakarta01.com,JAKARTA01\michiko  
Error,9/26/2017 7:23,EventCreate,1,None,Application,djkvdihost713.jakarta01.com,JAKARTA01\Dicky  
Error,9/26/2017 7:23,EventCreate,1,None,Application,djkvdihost345.jakarta01.com,JAKARTA01\wildan  
Error,9/26/2017 7:22,WSH,1,None,Application,djkvdihost345.jakarta01.com,"CN=Wildan Ahmad A password will expire in 2 day(s) at 9/28/2017 7:55:40 AM

Press CTRL + ALT + DEL and select the ""Change a password"" option."
Error,9/26/2017 7:23,EventCreate,1,None,Application,djkvdihost446.jakarta01.com,JAKARTA01\srahma  
Error,9/26/2017 7:23,EventCreate,1,None,Application,djkvdihost769.jakarta01.com,JAKARTA01\adityo  
Error,9/26/2017 7:22,WSH,1,None,Application,djkvdihost345.jakarta01.com,"CN=Wildan Ahmad A password will expire in 2 day(s) at 9/28/2017 7:55:40 AM

Press CTRL + ALT + DEL and select the ""Change a password"" option."
Error,9/26/2017 7:22,EventCreate,1,None,Application,djkvdihost533.jakarta01.com,JAKARTA01\santoso  
Error,9/26/2017 7:22,EventCreate,1,None,Application,djkvdihost857.jakarta01.com,JAKARTA01\andi  
Error,9/26/2017 7:22,EventCreate,1,None,Application,djkvdihost713.jakarta01.com,JAKARTA01\Dicky  
Error,9/26/2017 7:22,EventCreate,1,None,Application,djkvdihost734.jakarta01.com,JAKARTA01\davidhs  
Error,9/26/2017 7:22,EventCreate,1,None,Application,djkvdihost246.jakarta01.com,JAKARTA01\rezky  
Error,9/26/2017 7:22,EventCreate,1,None,Application,djkvdihost834.jakarta01.com,JAKARTA01\meinar  
Error,9/26/2017 7:21,EventCreate,1,None,Application,djkvdihost765.jakarta01.com,JAKARTA01\nicole  
Error,9/26/2017 7:21,EventCreate,1,None,Application,djkvdihost067.jakarta01.com,JAKARTA01\k_ignatius  
Error,9/26/2017 7:21,EventCreate,1,None,Application,djkvdihost399.jakarta01.com,JAKARTA01\Letitia  
Error,9/26/2017 7:20,EventCreate,1,None,Application,djkvdihost067.jakarta01.com,JAKARTA01\k_ignatius  
Error,9/26/2017 7:20,EventCreate,1,None,Application,djkvdihost419.jakarta01.com,JAKARTA01\gadis  
Error,9/26/2017 7:20,EventCreate,1,None,Application,djkvdihost084.jakarta01.com,JAKARTA01\fatma  
Error,9/26/2017 7:20,EventCreate,1,None,Application,djkvdihost211.jakarta01.com,JAKARTA01\widya utami  
Error,9/26/2017 7:20,EventCreate,1,None,Application,djkvdihost744.jakarta01.com,JAKARTA01\dwinda  
Error,9/26/2017 7:20,EventCreate,1,None,Application,djkvdihost574.jakarta01.com,JAKARTA01\trisnawati  
Error,9/26/2017 7:19,WSH,1,None,Application,djkvdihost211.jakarta01.com,"CN=Widya Utami Ketuyahman password will expire in 2 day(s) at 9/28/2017 8:10:15 AM

Press CTRL + ALT + DEL and select the ""Change a password"" option."
Error,9/26/2017 7:20,EventCreate,1,None,Application,djkvdihost570.jakarta01.com,JAKARTA01\dyah alit  
Error,9/26/2017 7:19,WSH,1,None,Application,djkvdihost211.jakarta01.com,"CN=Widya Utami Ketuyahman password will expire in 2 day(s) at 9/28/2017 8:10:15 AM

Press CTRL + ALT + DEL and select the ""Change a password"" option."
Error,9/26/2017 7:19,EventCreate,1,None,Application,djkvdihost135.jakarta01.com,JAKARTA01\tenri  
Error,9/26/2017 7:19,EventCreate,1,None,Application,djkvdihost265.jakarta01.com,JAKARTA01\sinta  
Error,9/26/2017 7:19,EventCreate,1,None,Application,djkvdihost166.jakarta01.com,JAKARTA01\nony  
Error,9/26/2017 7:19,EventCreate,1,None,Application,djkvdihost559.jakarta01.com,JAKARTA01\Nur Maya  
Error,9/26/2017 7:19,EventCreate,1,None,Application,djkvdihost052.jakarta01.com,JAKARTA01\saptorini  
Error,9/26/2017 7:18,EventCreate,1,None,Application,djkvdihost231.jakarta01.com,JAKARTA01\maria  
Error,9/26/2017 7:18,EventCreate,1,None,Application,djkvdihost404.jakarta01.com,JAKARTA01\myreshka  
Error,9/26/2017 7:18,Application Error,1000,-100,Application,djkvdihost231.jakarta01.com,"Faulting application name: wfcrun32.exe, version: 14.4.1000.16, time stamp: 0x571e1bd4
Faulting module name: unknown, version: 0.0.0.0, time stamp: 0x00000000
Exception code: 0xc0000005
Fault offset: 0x77a9e1a9
Faulting process id: 0x1840
Faulting application start time: 0x01d3365cfadebc35
Faulting application path: C:\Program Files\Citrix\ICA Client\wfcrun32.exe
Faulting module path: unknown
Report Id: 3b256eda-a250-11e7-8d30-0050569f4d50"
Error,9/26/2017 7:18,EventCreate,1,None,Application,djkvdihost327.jakarta01.com,JAKARTA01\risa  
Error,9/26/2017 7:18,EventCreate,1,None,Application,djkvdihost034.jakarta01.com,JAKARTA01\Yustine  
Error,9/26/2017 7:17,EventCreate,1,None,Application,djkvdihost493.jakarta01.com,JAKARTA01\ayudia  
Error,9/26/2017 7:17,EventCreate,1,None,Application,djkvdihost848.jakarta01.com,JAKARTA01\tsusaka  
Error,9/26/2017 7:17,EventCreate,1,None,Application,djkvdihost539.jakarta01.com,JAKARTA01\nunik  
Error,9/26/2017 7:17,EventCreate,1,None,Application,djkvdihost616.jakarta01.com,JAKARTA01\ceciliadt  
Error,9/26/2017 7:16,EventCreate,1,None,Application,djkvdihost201.jakarta01.com,JAKARTA01\andiani  
Error,9/26/2017 7:16,EventCreate,1,None,Application,djkvdihost676.jakarta01.com,JAKARTA01\debby  
Error,9/26/2017 7:16,EventCreate,1,None,Application,djkvdihost415.jakarta01.com,JAKARTA01\DImas Satya  
Error,9/26/2017 7:15,EventCreate,1,None,Application,djkvdihost651.jakarta01.com,JAKARTA01\gati  
Error,9/26/2017 7:15,EventCreate,1,None,Application,djkvdihost651.jakarta01.com,JAKARTA01\gati  
Error,9/26/2017 7:16,EventCreate,1,None,Application,djkvdihost311.jakarta01.com,JAKARTA01\nila  
Error,9/26/2017 7:16,EventCreate,1,None,Application,djkvdihost673.jakarta01.com,JAKARTA01\rachelas  
Error,9/26/2017 7:15,EventCreate,1,None,Application,djkvdihost832.jakarta01.com,JAKARTA01\indrawati  
Error,9/26/2017 7:15,EventCreate,1,None,Application,djkvdihost531.jakarta01.com,JAKARTA01\mauluddin  
Error,9/26/2017 7:15,EventCreate,1,None,Application,djkvdihost651.jakarta01.com,JAKARTA01\gati  
Error,9/26/2017 7:15,EventCreate,1,None,Application,djkvdihost415.jakarta01.com,JAKARTA01\DImas Satya  
Error,9/26/2017 7:15,EventCreate,1,None,Application,djkvdihost413.jakarta01.com,JAKARTA01\amanda  
Error,9/26/2017 7:15,EventCreate,1,None,Application,djkvdihost821.jakarta01.com,JAKARTA01\Eny Masruroh  
Error,9/26/2017 7:15,EventCreate,1,None,Application,djkvdihost536.jakarta01.com,JAKARTA01\marchelius  
Error,9/26/2017 7:15,EventCreate,1,None,Application,djkvdihost750.jakarta01.com,JAKARTA01\ario  
Error,9/26/2017 7:14,EventCreate,1,None,Application,djkvdihost217.jakarta01.com,JAKARTA01\dwinanto  
Error,9/26/2017 7:14,EventCreate,1,None,Application,djkvdihost218.jakarta01.com,JAKARTA01\aria  
Error,9/26/2017 7:13,EventCreate,1,None,Application,djkvdihost049.jakarta01.com,JAKARTA01\DianRamadhania  
Error,9/26/2017 7:13,EventCreate,1,None,Application,djkvdihost301.jakarta01.com,JAKARTA01\teddy h  
Error,9/26/2017 7:13,EventCreate,1,None,Application,djkvdihost279.jakarta01.com,JAKARTA01\ivan  
Error,9/26/2017 7:13,EventCreate,1,None,Application,djkvdihost392.jakarta01.com,JAKARTA01\hari  
Error,9/26/2017 7:13,EventCreate,1,None,Application,djkvdihost078.jakarta01.com,JAKARTA01\sashkia  
Error,9/26/2017 7:13,EventCreate,1,None,Application,djkvdihost272.jakarta01.com,JAKARTA01\rozi  
Error,9/26/2017 7:13,EventCreate,1,None,Application,djkvdihost253.jakarta01.com,JAKARTA01\Arina  
Error,9/26/2017 7:13,Application Error,1000,-100,Application,djkvdihost253.jakarta01.com,"Faulting application name: spoolsv.exe, version: 6.1.7601.17777, time stamp: 0x4f35efc3
Faulting module name: msvcrt.dll, version: 7.0.7601.17744, time stamp: 0x4eeaf722
Exception code: 0xc0000005
Fault offset: 0x0000aa14
Faulting process id: 0x630
Faulting application start time: 0x01d3361ebc0d8fad
Faulting application path: C:\Windows\System32\spoolsv.exe
Faulting module path: C:\Windows\system32\msvcrt.dll
Report Id: 7ea76077-a24f-11e7-81e2-0050569f42cd"
Error,9/26/2017 7:13,EventCreate,1,None,Application,djkvdihost257.jakarta01.com,JAKARTA01\DEVI  
Error,9/26/2017 7:13,EventCreate,1,None,Application,djkvdihost382.jakarta01.com,JAKARTA01\Nur Alma  
Error,9/26/2017 7:12,EventCreate,1,None,Application,djkvdihost059.jakarta01.com,JAKARTA01\Sely  
Error,9/26/2017 7:12,EventCreate,1,None,Application,djkvdihost448.jakarta01.com,JAKARTA01\poetry  
Error,9/26/2017 7:12,EventCreate,1,None,Application,djkvdihost491.jakarta01.com,JAKARTA01\sysdovs04  
Error,9/26/2017 7:12,Application Error,1000,-100,Application,djkvdihost059.jakarta01.com,"Faulting application name: spoolsv.exe, version: 6.1.7601.17777, time stamp: 0x4f35efc3
Faulting module name: msvcrt.dll, version: 7.0.7601.17744, time stamp: 0x4eeaf722
Exception code: 0xc0000005
Fault offset: 0x0000aa14
Faulting process id: 0x634
Faulting application start time: 0x01d335e5f4bbb0fb
Faulting application path: C:\Windows\System32\spoolsv.exe
Faulting module path: C:\Windows\system32\msvcrt.dll
Report Id: 527a6376-a24f-11e7-b393-0050569f538a"
Error,9/26/2017 7:11,EventCreate,1,None,Application,djkvdihost870.jakarta01.com,JAKARTA01\katsuta  
Error,9/26/2017 7:11,EventCreate,1,None,Application,djkvdihost171.jakarta01.com,JAKARTA01\femmy  
Error,9/26/2017 7:10,EventCreate,1,None,Application,djkvdihost456.jakarta01.com,JAKARTA01\danielhp  
Error,9/26/2017 7:10,EventCreate,1,None,Application,djkvdihost278.jakarta01.com,JAKARTA01\eddy  
Error,9/26/2017 7:10,EventCreate,1,None,Application,djkvdihost304.jakarta01.com,JAKARTA01\caroline  
Error,9/26/2017 7:10,EventCreate,1,None,Application,djkvdihost748.jakarta01.com,JAKARTA01\kusumadita  
Error,9/26/2017 7:08,EventCreate,1,None,Application,djkvdihost320.jakarta01.com,JAKARTA01\willya  
Error,9/26/2017 7:08,Application Error,1000,-100,Application,djkvdihost320.jakarta01.com,"Faulting application name: NLNOTES.EXE, version: 8.5.30.11258, time stamp: 0x4e72fa51
Faulting module name: nnotes.dll, version: 8.5.30.11258, time stamp: 0x4e72fa6a
Exception code: 0xc0000005
Fault offset: 0x001c7f0e
Faulting process id: 0x1624
Faulting application start time: 0x01d3365b9f6926db
Faulting application path: C:\Program Files\IBM\Lotus\Notes\NLNOTES.EXE
Faulting module path: C:\Program Files\IBM\Lotus\Notes\nnotes.dll
Report Id: de54ab09-a24e-11e7-a412-0050569f0985"
Error,9/26/2017 7:08,EventCreate,1,None,Application,djkvdihost305.jakarta01.com,JAKARTA01\fardy  
Error,9/26/2017 7:08,EventCreate,1,None,Application,djkvdihost660.jakarta01.com,JAKARTA01\irman  
Error,9/26/2017 7:07,EventCreate,1,None,Application,djkvdihost604.jakarta01.com,JAKARTA01\Hera  
Error,9/26/2017 7:06,EventCreate,1,None,Application,djkvdihost308.jakarta01.com,JAKARTA01\IRMALA  
Error,9/26/2017 7:06,Application Error,1000,-100,Application,djkvdihost308.jakarta01.com,"Faulting application name: spoolsv.exe, version: 6.1.7601.17777, time stamp: 0x4f35efc3
Faulting module name: msvcrt.dll, version: 7.0.7601.17744, time stamp: 0x4eeaf722
Exception code: 0xc0000005
Fault offset: 0x0000aa14
Faulting process id: 0x634
Faulting application start time: 0x01d335eea3174695
Faulting application path: C:\Windows\System32\spoolsv.exe
Faulting module path: C:\Windows\system32\msvcrt.dll
Report Id: 8dde194a-a24e-11e7-8d42-0050569f4d71"
Error,9/26/2017 7:07,EventCreate,1,None,Application,djkvdihost310.jakarta01.com,JAKARTA01\kartika  
Error,9/26/2017 7:06,EventCreate,1,None,Application,djkvdihost647.jakarta01.com,JAKARTA01\phesyana  
Error,9/26/2017 7:06,EventCreate,1,None,Application,djkvdihost319.jakarta01.com,JAKARTA01\adhi  
Error,9/26/2017 7:05,EventCreate,1,None,Application,djkvdihost825.jakarta01.com,JAKARTA01\Chinthea  
Error,9/26/2017 7:05,Application Error,1000,-100,Application,djkvdihost825.jakarta01.com,"Faulting application name: OUTLOOK.EXE, version: 15.0.4919.1001, time stamp: 0x58d20482
Faulting module name: OUTLOOK.EXE, version: 15.0.4919.1001, time stamp: 0x58d20482
Exception code: 0xc0000005
Fault offset: 0x008924c4
Faulting process id: 0xefc
Faulting application start time: 0x01d336595ff2f51c
Faulting application path: C:\Program Files\Microsoft Office\Office15\OUTLOOK.EXE
Faulting module path: C:\Program Files\Microsoft Office\Office15\OUTLOOK.EXE
Report Id: 6da32697-a24e-11e7-ab4c-0050569f6feb"
Error,9/26/2017 7:05,EventCreate,1,None,Application,djkvdihost593.jakarta01.com,JAKARTA01\tudie  
Error,9/26/2017 7:04,EventCreate,1,None,Application,djkvdihost334.jakarta01.com,JAKARTA01\Donna  
Error,9/26/2017 7:04,EventCreate,1,None,Application,djkvdihost858.jakarta01.com,JAKARTA01\i gede  
Error,9/26/2017 7:03,EventCreate,1,None,Application,djkvdihost024.jakarta01.com,JAKARTA01\hertanto  
Error,9/26/2017 7:03,EventCreate,1,None,Application,djkvdihost682.jakarta01.com,JAKARTA01\ayuningtias  
