Error,9/28/2017 7:38,WSH,1,None,Application,djkvdihost762.jakarta01.com,"CN=Pratama password will expire in 3 day(s) at 10/1/2017 8:19:55 AM

Press CTRL + ALT + DEL and select the ""Change a password"" option."
Error,9/28/2017 7:38,EventCreate,1,None,Application,djkvdihost062.jakarta01.com,JAKARTA01\Rahmat  
Error,9/28/2017 7:38,EventCreate,1,None,Application,djkvdihost264.jakarta01.com,JAKARTA01\evanc  
Error,9/28/2017 7:38,EventCreate,1,None,Application,djkvdihost721.jakarta01.com,JAKARTA01\kristian  
Error,9/28/2017 7:38,EventCreate,1,None,Application,djkvdihost785.jakarta01.com,JAKARTA01\aditya chandra  
Error,9/28/2017 7:38,EventCreate,1,None,Application,djkvdihost898.jakarta01.com,JAKARTA01\Adi Purnomo  
Error,9/28/2017 7:37,WSH,1,None,Application,djkvdihost785.jakarta01.com,"CN=Aditya Chandra password will expire in 3 day(s) at 10/1/2017 8:38:32 AM

Press CTRL + ALT + DEL and select the ""Change a password"" option."
Error,9/28/2017 7:38,EventCreate,1,None,Application,djkvdihost120.jakarta01.com,JAKARTA01\kusumadita  
Error,9/28/2017 7:37,EventCreate,1,None,Application,djkvdihost298.jakarta01.com,JAKARTA01\sinta  
Error,9/28/2017 7:37,EventCreate,1,None,Application,djkvdihost721.jakarta01.com,JAKARTA01\kristian  
Error,9/28/2017 7:37,WSH,1,None,Application,djkvdihost785.jakarta01.com,"CN=Aditya Chandra password will expire in 3 day(s) at 10/1/2017 8:38:32 AM

Press CTRL + ALT + DEL and select the ""Change a password"" option."
Error,9/28/2017 7:37,EventCreate,1,None,Application,djkvdihost148.jakarta01.com,JAKARTA01\davidhs  
Error,9/28/2017 7:37,EventCreate,1,None,Application,djkvdihost460.jakarta01.com,JAKARTA01\karen  
Error,9/28/2017 7:37,EventCreate,1,None,Application,djkvdihost360.jakarta01.com,JAKARTA01\teddy h  
Error,9/28/2017 7:36,EventCreate,1,None,Application,djkvdihost425.jakarta01.com,JAKARTA01\andi wijaya  
Error,9/28/2017 7:36,EventCreate,1,None,Application,djkvdihost211.jakarta01.com,JAKARTA01\indriyani  
Error,9/28/2017 7:36,EventCreate,1,None,Application,djkvdihost486.jakarta01.com,JAKARTA01\Shena  
Error,9/28/2017 7:35,EventCreate,1,None,Application,djkvdihost339.jakarta01.com,JAKARTA01\Marlina  
Error,9/28/2017 7:35,EventCreate,1,None,Application,djkvdihost653.jakarta01.com,JAKARTA01\Djohan  
Error,9/28/2017 7:35,EventCreate,1,None,Application,djkvdihost184.jakarta01.com,JAKARTA01\restiani  
Error,9/28/2017 7:35,EventCreate,1,None,Application,djkvdihost816.jakarta01.com,JAKARTA01\Tino  
Error,9/28/2017 7:34,EventCreate,1,None,Application,djkvdihost843.jakarta01.com,JAKARTA01\andi  
Error,9/28/2017 7:35,EventCreate,1,None,Application,djkvdihost691.jakarta01.com,JAKARTA01\Yunita  
Error,9/28/2017 7:34,EventCreate,1,None,Application,djkvdihost124.jakarta01.com,JAKARTA01\aditya ny  
Error,9/28/2017 7:34,EventCreate,1,None,Application,djkvdihost376.jakarta01.com,JAKARTA01\titis  
Error,9/28/2017 7:33,EventCreate,1,None,Application,djkvdihost843.jakarta01.com,JAKARTA01\andi  
Error,9/28/2017 7:33,EventCreate,1,None,Application,djkvdihost644.jakarta01.com,JAKARTA01\regina  
Error,9/28/2017 7:33,EventCreate,1,None,Application,djkvdihost843.jakarta01.com,JAKARTA01\andi  
Error,9/28/2017 7:33,EventCreate,1,None,Application,djkvdihost831.jakarta01.com,JAKARTA01\maya  
Error,9/28/2017 7:33,EventCreate,1,None,Application,djkvdihost204.jakarta01.com,JAKARTA01\elestari  
Error,9/28/2017 7:33,EventCreate,1,None,Application,djkvdihost114.jakarta01.com,JAKARTA01\Bob Jasper  
Error,9/28/2017 7:33,EventCreate,1,None,Application,djkvdihost825.jakarta01.com,JAKARTA01\meinar  
Error,9/28/2017 7:33,EventCreate,1,None,Application,djkvdihost013.jakarta01.com,JAKARTA01\muhammad zubayr  
Error,9/28/2017 7:33,EventCreate,1,None,Application,djkvdihost302.jakarta01.com,JAKARTA01\binar  
Error,9/28/2017 7:33,EventCreate,1,None,Application,djkvdihost116.jakarta01.com,JAKARTA01\haris  
Error,9/28/2017 7:32,EventCreate,1,None,Application,djkvdihost743.jakarta01.com,JAKARTA01\Eny Masruroh  
Error,9/28/2017 7:32,EventCreate,1,None,Application,djkvdihost704.jakarta01.com,JAKARTA01\Hilma  
Error,9/28/2017 7:32,EventCreate,1,None,Application,djkvdihost046.jakarta01.com,JAKARTA01\risa  
Error,9/28/2017 7:32,EventCreate,1,None,Application,djkvdihost560.jakarta01.com,JAKARTA01\REIS  
Error,9/28/2017 7:32,EventCreate,1,None,Application,djkvdihost079.jakarta01.com,JAKARTA01\MIrhasE  
Error,9/28/2017 7:32,EventCreate,1,None,Application,djkvdihost323.jakarta01.com,JAKARTA01\liza  
Error,9/28/2017 7:32,EventCreate,1,None,Application,djkvdihost487.jakarta01.com,JAKARTA01\phesyana  
Error,9/28/2017 7:32,EventCreate,1,None,Application,djkvdihost569.jakarta01.com,JAKARTA01\phia  
Error,9/28/2017 7:32,EventCreate,1,None,Application,djkvdihost193.jakarta01.com,JAKARTA01\amanda  
Error,9/28/2017 7:32,EventCreate,1,None,Application,djkvdihost480.jakarta01.com,JAKARTA01\Yosi  
Error,9/28/2017 7:31,WSH,1,None,Application,djkvdihost480.jakarta01.com,"CN=Yosi Dayanti password will expire in 4 day(s) at 10/2/2017 9:17:03 AM

Press CTRL + ALT + DEL and select the ""Change a password"" option."
Error,9/28/2017 7:31,EventCreate,1,None,Application,djkvdihost261.jakarta01.com,JAKARTA01\aticha  
Error,9/28/2017 7:31,WSH,1,None,Application,djkvdihost480.jakarta01.com,"CN=Yosi Dayanti password will expire in 4 day(s) at 10/2/2017 9:17:03 AM

Press CTRL + ALT + DEL and select the ""Change a password"" option."
Error,9/28/2017 7:31,EventCreate,1,None,Application,djkvdihost546.jakarta01.com,JAKARTA01\adhi  
Error,9/28/2017 7:30,EventCreate,1,None,Application,djkvdihost542.jakarta01.com,JAKARTA01\tudie  
Error,9/28/2017 7:30,EventCreate,1,None,Application,djkvdihost611.jakarta01.com,JAKARTA01\Rio Satria  
Error,9/28/2017 7:30,WSH,1,None,Application,djkvdihost546.jakarta01.com,"CN=Adhi Pradityo password will expire in 3 day(s) at 10/1/2017 7:25:00 AM

Press CTRL + ALT + DEL and select the ""Change a password"" option."
Error,9/28/2017 7:30,EventCreate,1,None,Application,djkvdihost796.jakarta01.com,JAKARTA01\NovrianAS  
Error,9/28/2017 7:30,EventCreate,1,None,Application,djkvdihost724.jakarta01.com,JAKARTA01\karmenia  
Error,9/28/2017 7:30,Application Error,1000,-100,Application,djkvdihost542.jakarta01.com,"Faulting application name: spoolsv.exe, version: 6.1.7601.17777, time stamp: 0x4f35efc3
Faulting module name: msvcrt.dll, version: 7.0.7601.17744, time stamp: 0x4eeaf722
Exception code: 0xc0000005
Fault offset: 0x0000aa14
Faulting process id: 0x630
Faulting application start time: 0x01d3378dade544c5
Faulting application path: C:\Windows\System32\spoolsv.exe
Faulting module path: C:\Windows\system32\msvcrt.dll
Report Id: 37765ff6-a3e4-11e7-8cab-0050569f5019"
Error,9/28/2017 7:30,WSH,1,None,Application,djkvdihost546.jakarta01.com,"CN=Adhi Pradityo password will expire in 3 day(s) at 10/1/2017 7:25:00 AM

Press CTRL + ALT + DEL and select the ""Change a password"" option."
Error,9/28/2017 7:30,EventCreate,1,None,Application,djkvdihost478.jakarta01.com,JAKARTA01\maria  
Error,9/28/2017 7:30,EventCreate,1,None,Application,djkvdihost037.jakarta01.com,JAKARTA01\pramana  
Error,9/28/2017 7:30,EventCreate,1,None,Application,djkvdihost602.jakarta01.com,JAKARTA01\harumi  
Error,9/28/2017 7:29,EventCreate,1,None,Application,djkvdihost542.jakarta01.com,JAKARTA01\tudie  
Error,9/28/2017 7:29,EventCreate,1,None,Application,djkvdihost021.jakarta01.com,JAKARTA01\istiningsih  
Error,9/28/2017 7:29,EventCreate,1,None,Application,djkvdihost281.jakarta01.com,JAKARTA01\sugiarto  
Error,9/28/2017 7:29,EventCreate,1,None,Application,djkvdihost659.jakarta01.com,JAKARTA01\fatima  
Error,9/28/2017 7:29,EventCreate,1,None,Application,djkvdihost179.jakarta01.com,JAKARTA01\budi ramadhan  
Error,9/28/2017 7:29,EventCreate,1,None,Application,djkvdihost253.jakarta01.com,JAKARTA01\ario  
Error,9/28/2017 7:28,EventCreate,1,None,Application,djkvdihost241.jakarta01.com,JAKARTA01\Chadijah  
Error,9/28/2017 7:28,EventCreate,1,None,Application,djkvdihost346.jakarta01.com,JAKARTA01\iqbal  
Error,9/28/2017 7:28,EventCreate,1,None,Application,djkvdihost019.jakarta01.com,JAKARTA01\LILY AISYAH  
Error,9/28/2017 7:27,EventCreate,1,None,Application,djkvdihost349.jakarta01.com,JAKARTA01\meity  
Error,9/28/2017 7:27,EventCreate,1,None,Application,djkvdihost308.jakarta01.com,JAKARTA01\Virgitha  
Error,9/28/2017 7:26,EventCreate,1,None,Application,djkvdihost843.jakarta01.com,JAKARTA01\bayu  
Error,9/28/2017 7:27,EventCreate,1,None,Application,djkvdihost033.jakarta01.com,JAKARTA01\tasin  
Error,9/28/2017 7:26,EventCreate,1,None,Application,djkvdihost810.jakarta01.com,JAKARTA01\findal  
Error,9/28/2017 7:27,EventCreate,1,None,Application,djkvdihost086.jakarta01.com,JAKARTA01\lenny  
Error,9/28/2017 7:26,WSH,1,None,Application,djkvdihost843.jakarta01.com,"CN=Andi Bayu W password will expire in 0 day(s) at 9/28/2017 8:06:14 AM

Press CTRL + ALT + DEL and select the ""Change a password"" option."
Error,9/28/2017 7:26,WSH,1,None,Application,djkvdihost843.jakarta01.com,"CN=Andi Bayu W password will expire in 0 day(s) at 9/28/2017 8:06:14 AM

Press CTRL + ALT + DEL and select the ""Change a password"" option."
Error,9/28/2017 7:25,WSH,1,None,Application,djkvdihost810.jakarta01.com,"CN=Findal Darmaja password will expire in 3 day(s) at 10/1/2017 7:36:17 AM

Press CTRL + ALT + DEL and select the ""Change a password"" option."
Error,9/28/2017 7:26,EventCreate,1,None,Application,djkvdihost854.jakarta01.com,JAKARTA01\i gede  
Error,9/28/2017 7:25,WSH,1,None,Application,djkvdihost810.jakarta01.com,"CN=Findal Darmaja password will expire in 3 day(s) at 10/1/2017 7:36:17 AM

Press CTRL + ALT + DEL and select the ""Change a password"" option."
Error,9/28/2017 7:25,EventCreate,1,None,Application,djkvdihost032.jakarta01.com,JAKARTA01\Dicky  
Error,9/28/2017 7:25,EventCreate,1,None,Application,djkvdihost032.jakarta01.com,JAKARTA01\Dicky  
Error,9/28/2017 7:25,EventCreate,1,None,Application,djkvdihost396.jakarta01.com,JAKARTA01\Rana  
Error,9/28/2017 7:25,EventCreate,1,None,Application,djkvdihost282.jakarta01.com,JAKARTA01\indrawati  
Error,9/28/2017 7:24,EventCreate,1,None,Application,djkvdihost544.jakarta01.com,JAKARTA01\yumiyati  
Error,9/28/2017 7:24,EventCreate,1,None,Application,djkvdihost108.jakarta01.com,JAKARTA01\livia  
Error,9/28/2017 7:24,EventCreate,1,None,Application,djkvdihost727.jakarta01.com,JAKARTA01\yenaretsa  
Error,9/28/2017 7:23,WSH,1,None,Application,djkvdihost032.jakarta01.com,"CN=Dicky Andhika Abdurrahman password will expire in 3 day(s) at 10/1/2017 7:18:12 AM

Press CTRL + ALT + DEL and select the ""Change a password"" option."
Error,9/28/2017 7:24,EventCreate,1,None,Application,djkvdihost387.jakarta01.com,JAKARTA01\fatma  
Error,9/28/2017 7:23,EventCreate,1,None,Application,djkvdihost581.jakarta01.com,JAKARTA01\Lukitowati  
Error,9/28/2017 7:23,WSH,1,None,Application,djkvdihost032.jakarta01.com,"CN=Dicky Andhika Abdurrahman password will expire in 3 day(s) at 10/1/2017 7:18:12 AM

Press CTRL + ALT + DEL and select the ""Change a password"" option."
Error,9/28/2017 7:23,EventCreate,1,None,Application,djkvdihost181.jakarta01.com,JAKARTA01\amanda chandra  
Error,9/28/2017 7:23,EventCreate,1,None,Application,djkvdihost893.jakarta01.com,JAKARTA01\Denni  
Error,9/28/2017 7:23,EventCreate,1,None,Application,djkvdihost581.jakarta01.com,JAKARTA01\Lukitowati  
Error,9/28/2017 7:22,EventCreate,1,None,Application,djkvdihost442.jakarta01.com,JAKARTA01\sulistyono  
Error,9/28/2017 7:22,EventCreate,1,None,Application,djkvdihost442.jakarta01.com,JAKARTA01\sulistyono  
Error,9/28/2017 7:22,EventCreate,1,None,Application,djkvdihost627.jakarta01.com,JAKARTA01\srahma  
Error,9/28/2017 7:22,EventCreate,1,None,Application,djkvdihost442.jakarta01.com,JAKARTA01\sulistyono  
Error,9/28/2017 7:22,EventCreate,1,None,Application,djkvdihost557.jakarta01.com,JAKARTA01\heriyadi  
Error,9/28/2017 7:22,EventCreate,1,None,Application,djkvdihost529.jakarta01.com,JAKARTA01\anggi  
Error,9/28/2017 7:22,EventCreate,1,None,Application,djkvdihost502.jakarta01.com,JAKARTA01\heri  
Error,9/28/2017 7:21,EventCreate,1,None,Application,djkvdihost537.jakarta01.com,JAKARTA01\dian  
Error,9/28/2017 7:20,EventCreate,1,None,Application,djkvdihost195.jakarta01.com,JAKARTA01\Valdi  
Error,9/28/2017 7:20,EventCreate,1,None,Application,djkvdihost784.jakarta01.com,JAKARTA01\Jessica  
Error,9/28/2017 7:20,EventCreate,1,None,Application,djkvdihost071.jakarta01.com,JAKARTA01\rinaldonp  
Error,9/28/2017 7:20,EventCreate,1,None,Application,djkvdihost706.jakarta01.com,JAKARTA01\mdendy  
Error,9/28/2017 7:20,EventCreate,1,None,Application,djkvdihost237.jakarta01.com,JAKARTA01\suhendrayana  
Error,9/28/2017 7:20,Application Error,1000,-100,Application,djkvdihost195.jakarta01.com,"Faulting application name: cwbunnav.exe, version: 12.0.0.0, time stamp: 0x483ccc47
Faulting module name: cwbunjni.dll, version: 12.0.0.0, time stamp: 0x48607acf
Exception code: 0xc0000005
Fault offset: 0x00007644
Faulting process id: 0x108c
Faulting application start time: 0x01d337ef9af66f18
Faulting application path: C:\Program Files\IBM\Client Access\cwbunnav.exe
Faulting module path: C:\Program Files\IBM\Client Access\Shared\cwbunjni.dll
Report Id: df634748-a3e2-11e7-bcb5-0050569f0c35"
Error,9/28/2017 7:20,EventCreate,1,None,Application,djkvdihost029.jakarta01.com,JAKARTA01\indrak  
Error,9/28/2017 7:20,EventCreate,1,None,Application,djkvdihost151.jakarta01.com,JAKARTA01\danielhp  
Error,9/28/2017 7:19,WSH,1,None,Application,djkvdihost784.jakarta01.com,"CN=Jessica password will expire in 0 day(s) at 9/28/2017 7:39:59 AM

Press CTRL + ALT + DEL and select the ""Change a password"" option."
Error,9/28/2017 7:20,EventCreate,1,None,Application,djkvdihost427.jakarta01.com,JAKARTA01\Yustine  
Error,9/28/2017 7:20,EventCreate,1,None,Application,djkvdihost036.jakarta01.com,JAKARTA01\Sely  
Error,9/28/2017 7:19,EventCreate,1,None,Application,djkvdihost774.jakarta01.com,JAKARTA01\Sandra  
Error,9/28/2017 7:19,WSH,1,None,Application,djkvdihost784.jakarta01.com,"CN=Jessica password will expire in 0 day(s) at 9/28/2017 7:39:59 AM

Press CTRL + ALT + DEL and select the ""Change a password"" option."
Error,9/28/2017 7:19,EventCreate,1,None,Application,djkvdihost268.jakarta01.com,JAKARTA01\raras  
Error,9/28/2017 7:19,EventCreate,1,None,Application,djkvdihost707.jakarta01.com,JAKARTA01\eddy  
Error,9/28/2017 7:19,EventCreate,1,None,Application,djkvdihost366.jakarta01.com,JAKARTA01\Hera  
Error,9/28/2017 7:18,EventCreate,1,None,Application,djkvdihost119.jakarta01.com,JAKARTA01\ayudia  
Error,9/28/2017 7:18,EventCreate,1,None,Application,djkvdihost143.jakarta01.com,JAKARTA01\susilowati  
Error,9/28/2017 7:18,EventCreate,1,None,Application,djkvdihost734.jakarta01.com,JAKARTA01\fardy  
Error,9/28/2017 7:18,EventCreate,1,None,Application,djkvdihost765.jakarta01.com,JAKARTA01\Dwita  
Error,9/28/2017 7:17,EventCreate,1,None,Application,djkvdihost567.jakarta01.com,JAKARTA01\andrinur  
Error,9/28/2017 7:16,EventCreate,1,None,Application,djkvdihost421.jakarta01.com,JAKARTA01\DianRamadhania  
Error,9/28/2017 7:17,EventCreate,1,None,Application,djkvdihost868.jakarta01.com,JAKARTA01\katsuta  
Error,9/28/2017 7:16,EventCreate,1,None,Application,djkvdihost414.jakarta01.com,JAKARTA01\nugraha  
Error,9/28/2017 7:16,Application Error,1000,-100,Application,djkvdihost414.jakarta01.com,"Faulting application name: PhotoScreensaver.scr, version: 6.1.7601.17514, time stamp: 0x4ce7a590
Faulting module name: SHELL32.dll, version: 6.1.7601.23537, time stamp: 0x57c450f4
Exception code: 0xc0000005
Fault offset: 0x001f269f
Faulting process id: 0x189c
Faulting application start time: 0x01d337edb03e567a
Faulting application path: C:\Windows\system32\PhotoScreensaver.scr
Faulting module path: C:\Windows\system32\SHELL32.dll
Report Id: 4597f0fa-a3e2-11e7-84cb-0050569f0db3"
Error,9/28/2017 7:16,EventCreate,1,None,Application,djkvdihost558.jakarta01.com,JAKARTA01\Chaterin  
Error,9/28/2017 7:16,EventCreate,1,None,Application,djkvdihost651.jakarta01.com,JAKARTA01\pratiwi  
Error,9/28/2017 7:16,EventCreate,1,None,Application,djkvdihost178.jakarta01.com,JAKARTA01\feni  
Error,9/28/2017 7:16,EventCreate,1,None,Application,djkvdihost421.jakarta01.com,JAKARTA01\DianRamadhania  
Error,9/28/2017 7:16,EventCreate,1,None,Application,djkvdihost574.jakarta01.com,JAKARTA01\caroline  
Error,9/28/2017 7:16,Application Error,1000,-100,Application,djkvdihost574.jakarta01.com,"Faulting application name: spoolsv.exe, version: 6.1.7601.17777, time stamp: 0x4f35efc3
Faulting module name: msvcrt.dll, version: 7.0.7601.17744, time stamp: 0x4eeaf722
Exception code: 0xc0000005
Fault offset: 0x0000aa14
Faulting process id: 0x638
Faulting application start time: 0x01d337769443dcc3
Faulting application path: C:\Windows\System32\spoolsv.exe
Faulting module path: C:\Windows\system32\msvcrt.dll
Report Id: 3fd6b0a2-a3e2-11e7-beac-0050569f211d"
Error,9/28/2017 7:16,EventCreate,1,None,Application,djkvdihost850.jakarta01.com,JAKARTA01\tsusaka  
Error,9/28/2017 7:15,EventCreate,1,None,Application,djkvdihost880.jakarta01.com,JAKARTA01\Kurnia Arisayuga  
Error,9/28/2017 7:15,EventCreate,1,None,Application,djkvdihost770.jakarta01.com,JAKARTA01\finessya  
Error,9/28/2017 7:15,EventCreate,1,None,Application,djkvdihost093.jakarta01.com,JAKARTA01\DanielAW  
Error,9/28/2017 7:15,WSH,1,None,Application,djkvdihost880.jakarta01.com,"CN=Kurnia Arisayuga password will expire in 3 day(s) at 10/1/2017 8:01:35 AM

Press CTRL + ALT + DEL and select the ""Change a password"" option."
Error,9/28/2017 7:15,WSH,1,None,Application,djkvdihost880.jakarta01.com,"CN=Kurnia Arisayuga password will expire in 3 day(s) at 10/1/2017 8:01:35 AM

Press CTRL + ALT + DEL and select the ""Change a password"" option."
Error,9/28/2017 7:14,EventCreate,1,None,Application,djkvdihost023.jakarta01.com,JAKARTA01\IRMALA  
Error,9/28/2017 7:13,EventCreate,1,None,Application,djkvdihost588.jakarta01.com,JAKARTA01\tjahja  
Error,9/28/2017 7:12,EventCreate,1,None,Application,djkvdihost185.jakarta01.com,JAKARTA01\Dimas Satya  
Error,9/28/2017 7:12,EventCreate,1,None,Application,djkvdihost185.jakarta01.com,JAKARTA01\Dimas Satya  
Error,9/28/2017 7:12,EventCreate,1,None,Application,djkvdihost185.jakarta01.com,JAKARTA01\Dimas Satya  
Error,9/28/2017 7:12,EventCreate,1,None,Application,djkvdihost326.jakarta01.com,JAKARTA01\mauluddin  
Error,9/28/2017 7:12,EventCreate,1,None,Application,djkvdihost185.jakarta01.com,JAKARTA01\Dimas Satya  
Error,9/28/2017 7:11,EventCreate,1,None,Application,djkvdihost297.jakarta01.com,JAKARTA01\poetry  
Error,9/28/2017 7:11,EventCreate,1,None,Application,djkvdihost821.jakarta01.com,JAKARTA01\nony  
Error,9/28/2017 7:11,EventCreate,1,None,Application,djkvdihost434.jakarta01.com,JAKARTA01\gati  
Error,9/28/2017 7:10,EventCreate,1,None,Application,djkvdihost059.jakarta01.com,JAKARTA01\gatots  
Error,9/28/2017 7:10,EventCreate,1,None,Application,djkvdihost011.jakarta01.com,JAKARTA01\Arina  
Error,9/28/2017 7:10,EventCreate,1,None,Application,djkvdihost652.jakarta01.com,JAKARTA01\muhammad afif  
Error,9/28/2017 7:09,EventCreate,1,None,Application,djkvdihost663.jakarta01.com,JAKARTA01\rozi  
Error,9/28/2017 7:08,EventCreate,1,None,Application,djkvdihost361.jakarta01.com,JAKARTA01\DEVI  
Error,9/28/2017 7:07,EventCreate,1,None,Application,djkvdihost752.jakarta01.com,JAKARTA01\andini  
Error,9/28/2017 7:07,EventCreate,1,None,Application,djkvdihost499.jakarta01.com,JAKARTA01\diah astuti  
Error,9/28/2017 7:06,EventCreate,1,None,Application,djkvdihost400.jakarta01.com,JAKARTA01\Riki Darisman  
Error,9/28/2017 7:06,EventCreate,1,None,Application,djkvdihost499.jakarta01.com,JAKARTA01\diah astuti  
Error,9/28/2017 7:06,EventCreate,1,None,Application,djkvdihost522.jakarta01.com,JAKARTA01\vadya  
Error,9/28/2017 7:05,EventCreate,1,None,Application,djkvdihost296.jakarta01.com,JAKARTA01\elita  
Error,9/28/2017 7:04,EventCreate,1,None,Application,djkvdihost869.jakarta01.com,JAKARTA01\ueda  
Error,9/28/2017 7:04,EventCreate,1,None,Application,djkvdihost244.jakarta01.com,JAKARTA01\faiqa  
Error,9/28/2017 7:03,EventCreate,1,None,Application,djkvdihost871.jakarta01.com,JAKARTA01\Nishinaka  
Error,9/28/2017 7:02,EventCreate,1,None,Application,djkvdihost517.jakarta01.com,JAKARTA01\yasinta  
Error,9/28/2017 7:01,EventCreate,1,None,Application,djkvdihost664.jakarta01.com,JAKARTA01\santoso  
Error,9/28/2017 7:01,EventCreate,1,None,Application,djkvdihost423.jakarta01.com,JAKARTA01\AdrianP  
Error,9/28/2017 6:59,EventCreate,1,None,Application,djkvdihost754.jakarta01.com,JAKARTA01\lileliza  
Error,9/28/2017 6:59,EventCreate,1,None,Application,djkvdihost873.jakarta01.com,JAKARTA01\masuyama  
Error,9/28/2017 6:59,EventCreate,1,None,Application,djkvdihost147.jakarta01.com,JAKARTA01\ester  
Error,9/28/2017 6:58,EventCreate,1,None,Application,djkvdihost265.jakarta01.com,JAKARTA01\Pricillia  
Error,9/28/2017 6:55,EventCreate,1,None,Application,djkvdihost593.jakarta01.com,JAKARTA01\ayuningtias  
Error,9/28/2017 6:54,EventCreate,1,None,Application,djkvdihost613.jakarta01.com,JAKARTA01\Patsiana  
Error,9/28/2017 6:54,EventCreate,1,None,Application,djkvdihost303.jakarta01.com,JAKARTA01\Kartina  
Error,9/28/2017 6:54,EventCreate,1,None,Application,djkvdihost208.jakarta01.com,JAKARTA01\hersiari  
Error,9/28/2017 6:54,Application Error,1000,-100,Application,djkvdihost303.jakarta01.com,"Faulting application name: spoolsv.exe, version: 6.1.7601.17777, time stamp: 0x4f35efc3
Faulting module name: msvcrt.dll, version: 7.0.7601.17744, time stamp: 0x4eeaf722
Exception code: 0xc0000005
Fault offset: 0x0000aa14
Faulting process id: 0x640
Faulting application start time: 0x01d3378065cab1e4
Faulting application path: C:\Windows\System32\spoolsv.exe
Faulting module path: C:\Windows\system32\msvcrt.dll
Report Id: 371cef37-a3df-11e7-8ece-0050569f10a4"
Error,9/28/2017 6:53,EventCreate,1,None,Application,djkvdihost561.jakarta01.com,JAKARTA01\alexander  
Error,9/28/2017 6:53,EventCreate,1,None,Application,djkvdihost561.jakarta01.com,JAKARTA01\alexander  
Error,9/28/2017 6:52,EventCreate,1,None,Application,djkvdihost876.jakarta01.com,JAKARTA01\jeremia  
Error,9/28/2017 6:53,EventCreate,1,None,Application,djkvdihost231.jakarta01.com,JAKARTA01\RURI  
Error,9/28/2017 6:52,EventCreate,1,None,Application,djkvdihost362.jakarta01.com,JAKARTA01\kartika  
Error,9/28/2017 6:51,EventCreate,1,None,Application,djkvdihost876.jakarta01.com,JAKARTA01\jeremia  
Error,9/28/2017 6:51,EventCreate,1,None,Application,djkvdihost190.jakarta01.com,JAKARTA01\Letitia  
Error,9/28/2017 6:51,EventCreate,1,None,Application,djkvdihost240.jakarta01.com,JAKARTA01\Amaliawati  
Error,9/28/2017 6:50,EventCreate,1,None,Application,djkvdihost301.jakarta01.com,JAKARTA01\Hertanto gunadi  
Error,9/28/2017 6:49,EventCreate,1,None,Application,djkvdihost235.jakarta01.com,JAKARTA01\debby  
Error,9/28/2017 6:48,EventCreate,1,None,Application,djkvdihost822.jakarta01.com,JAKARTA01\ivan  
Error,9/28/2017 6:48,Application Error,1000,-100,Application,djkvdihost822.jakarta01.com,"Faulting application name: spoolsv.exe, version: 6.1.7601.17777, time stamp: 0x4f35efc3
Faulting module name: msvcrt.dll, version: 7.0.7601.17744, time stamp: 0x4eeaf722
Exception code: 0xc0000005
Fault offset: 0x0000aa14
Faulting process id: 0x63c
Faulting application start time: 0x01d3377facc93ddc
Faulting application path: C:\Windows\System32\spoolsv.exe
Faulting module path: C:\Windows\system32\msvcrt.dll
Report Id: 4e20ba14-a3de-11e7-a10c-0050569f3901"
Error,9/28/2017 6:48,EventCreate,1,None,Application,djkvdihost099.jakarta01.com,JAKARTA01\Nur Alma  
Error,9/28/2017 6:47,EventCreate,1,None,Application,djkvdihost398.jakarta01.com,JAKARTA01\willya  
Error,9/28/2017 6:46,EventCreate,1,None,Application,djkvdihost374.jakarta01.com,JAKARTA01\gallant  
Error,9/28/2017 6:46,Application Error,1000,-100,Application,djkvdihost374.jakarta01.com,"Faulting application name: spoolsv.exe, version: 6.1.7601.17777, time stamp: 0x4f35efc3
Faulting module name: msvcrt.dll, version: 7.0.7601.17744, time stamp: 0x4eeaf722
Exception code: 0xc0000005
Fault offset: 0x0000aa14
Faulting process id: 0x638
Faulting application start time: 0x01d3377aa9203d61
Faulting application path: C:\Windows\System32\spoolsv.exe
Faulting module path: C:\Windows\system32\msvcrt.dll
Report Id: 141e2221-a3de-11e7-abc4-0050569f2291"
Error,9/28/2017 6:45,EventCreate,1,None,Application,djkvdihost439.jakarta01.com,JAKARTA01\Ameilia  
Error,9/28/2017 6:45,EventCreate,1,None,Application,djkvdihost365.jakarta01.com,JAKARTA01\agungwd  
Error,9/28/2017 6:44,EventCreate,1,None,Application,djkvdihost603.jakarta01.com,JAKARTA01\Chinthea  
Error,9/28/2017 6:43,WSH,1,None,Application,djkvdihost603.jakarta01.com,"CN=Chinthea Anggreni password will expire in 3 day(s) at 10/1/2017 7:10:25 AM

Press CTRL + ALT + DEL and select the ""Change a password"" option."
Error,9/28/2017 6:44,EventCreate,1,None,Application,djkvdihost863.jakarta01.com,JAKARTA01\Ouchi  
Error,9/28/2017 6:44,EventCreate,1,None,Application,djkvdihost615.jakarta01.com,JAKARTA01\yosephine  
Error,9/28/2017 6:43,EventCreate,1,None,Application,djkvdihost115.jakarta01.com,JAKARTA01\suwilhan  
Error,9/28/2017 6:43,WSH,1,None,Application,djkvdihost603.jakarta01.com,"CN=Chinthea Anggreni password will expire in 3 day(s) at 10/1/2017 7:10:25 AM

Press CTRL + ALT + DEL and select the ""Change a password"" option."
Error,9/28/2017 6:43,WSH,1,None,Application,djkvdihost115.jakarta01.com,"CN=Suwilhan Suwilhan password will expire in 3 day(s) at 10/1/2017 6:47:54 AM

Press CTRL + ALT + DEL and select the ""Change a password"" option."
Error,9/28/2017 6:43,WSH,1,None,Application,djkvdihost115.jakarta01.com,"CN=Suwilhan Suwilhan password will expire in 3 day(s) at 10/1/2017 6:47:54 AM

Press CTRL + ALT + DEL and select the ""Change a password"" option."
Error,9/28/2017 6:42,EventCreate,1,None,Application,djkvdihost089.jakarta01.com,JAKARTA01\Mulyono  
Error,9/28/2017 6:42,EventCreate,1,None,Application,djkvdihost414.jakarta01.com,JAKARTA01\nugraha  
Error,9/28/2017 6:42,EventCreate,1,None,Application,djkvdihost872.jakarta01.com,JAKARTA01\bobby  
Error,9/28/2017 6:42,EventCreate,1,None,Application,djkvdihost263.jakarta01.com,JAKARTA01\ayub  
Error,9/28/2017 6:41,EventCreate,1,None,Application,djkvdihost384.jakarta01.com,JAKARTA01\moh rinov  
Error,9/28/2017 6:41,EventCreate,1,None,Application,djkvdihost276.jakarta01.com,JAKARTA01\melani  
Error,9/28/2017 6:39,EventCreate,1,None,Application,djkvdihost243.jakarta01.com,JAKARTA01\Pinta  
Error,9/28/2017 6:39,EventCreate,1,None,Application,djkvdihost631.jakarta01.com,JAKARTA01\taufik  
Error,9/28/2017 6:39,EventCreate,1,None,Application,djkvdihost631.jakarta01.com,JAKARTA01\taufik  
Error,9/28/2017 6:39,EventCreate,1,None,Application,djkvdihost631.jakarta01.com,JAKARTA01\taufik  
Error,9/28/2017 6:38,EventCreate,1,None,Application,djkvdihost822.jakarta01.com,JAKARTA01\ivan  
Error,9/28/2017 6:38,EventCreate,1,None,Application,djkvdihost862.jakarta01.com,JAKARTA01\Machida  
Error,9/28/2017 6:38,EventCreate,1,None,Application,djkvdihost381.jakarta01.com,JAKARTA01\hideo  
Error,9/28/2017 6:37,EventCreate,1,None,Application,djkvdihost110.jakarta01.com,JAKARTA01\michael  
Error,9/28/2017 6:37,Application Error,1000,-100,Application,djkvdihost110.jakarta01.com,"Faulting application name: PhotoScreensaver.scr, version: 6.1.7601.17514, time stamp: 0x4ce7a590
Faulting module name: SHELL32.dll, version: 6.1.7601.23537, time stamp: 0x57c450f4
Exception code: 0xc0000005
Fault offset: 0x001f269f
Faulting process id: 0x18d8
Faulting application start time: 0x01d337e7dacd528c
Faulting application path: C:\Windows\system32\PhotoScreensaver.scr
Faulting module path: C:\Windows\system32\SHELL32.dll
Report Id: d637359c-a3dc-11e7-9a95-0050569f78af"
Error,9/28/2017 6:37,EventCreate,1,None,Application,djkvdihost369.jakarta01.com,JAKARTA01\margiati  
Error,9/28/2017 6:37,EventCreate,1,None,Application,djkvdihost106.jakarta01.com,JAKARTA01\hari  
Error,9/28/2017 6:36,EventCreate,1,None,Application,djkvdihost764.jakarta01.com,JAKARTA01\sasono  
Error,9/28/2017 6:36,EventCreate,1,None,Application,djkvdihost306.jakarta01.com,JAKARTA01\susanto  
Error,9/28/2017 6:35,EventCreate,1,None,Application,djkvdihost489.jakarta01.com,JAKARTA01\topik  
Error,9/28/2017 6:33,EventCreate,1,None,Application,djkvdihost470.jakarta01.com,JAKARTA01\Linah  
Error,9/28/2017 6:33,EventCreate,1,None,Application,djkvdihost258.jakarta01.com,JAKARTA01\kezia  
Error,9/28/2017 6:32,WSH,1,None,Application,djkvdihost258.jakarta01.com,"CN=Kezia Hapsari Siswosoubrotho password will expire in 3 day(s) at 10/1/2017 8:08:44 AM

Press CTRL + ALT + DEL and select the ""Change a password"" option."
Error,9/28/2017 6:32,WSH,1,None,Application,djkvdihost258.jakarta01.com,"CN=Kezia Hapsari Siswosoubrotho password will expire in 3 day(s) at 10/1/2017 8:08:44 AM

Press CTRL + ALT + DEL and select the ""Change a password"" option."
Error,9/28/2017 6:31,EventCreate,1,None,Application,djkvdihost002.jakarta01.com,JAKARTA01\rusliyani  
Error,9/28/2017 6:31,EventCreate,1,None,Application,djkvdihost270.jakarta01.com,JAKARTA01\dwinanto  
Error,9/28/2017 6:29,EventCreate,1,None,Application,djkvdihost533.jakarta01.com,JAKARTA01\cut nyak  
Error,9/28/2017 6:29,EventCreate,1,None,Application,djkvdihost676.jakarta01.com,JAKARTA01\komangsd  
Error,9/28/2017 6:28,EventCreate,1,None,Application,djkvdihost130.jakarta01.com,JAKARTA01\Pram  
Error,9/28/2017 6:27,EventCreate,1,None,Application,djkvdihost857.jakarta01.com,JAKARTA01\hastari  
Error,9/28/2017 6:25,EventCreate,1,None,Application,djkvdihost359.jakarta01.com,JAKARTA01\yofiandhy  
Error,9/28/2017 6:24,EventCreate,1,None,Application,djkvdihost359.jakarta01.com,JAKARTA01\yofiandhy  
Error,9/28/2017 6:18,EventCreate,1,None,Application,djkvdihost100.jakarta01.com,JAKARTA01\mulyanto  
Error,9/28/2017 6:18,EventCreate,1,None,Application,djkvdihost068.jakarta01.com,JAKARTA01\puji sih  
Error,9/28/2017 6:16,EventCreate,1,None,Application,djkvdihost110.jakarta01.com,JAKARTA01\michael  
Error,9/28/2017 6:13,EventCreate,1,None,Application,djkvdihost195.jakarta01.com,JAKARTA01\Valdi  
Error,9/28/2017 6:12,EventCreate,1,None,Application,djkvdihost510.jakarta01.com,JAKARTA01\rusmelin  
Error,9/28/2017 6:11,EventCreate,1,None,Application,djkvdihost081.jakarta01.com,JAKARTA01\cahyaningtiyas  
Error,9/28/2017 6:06,EventCreate,1,None,Application,djkvdihost359.jakarta01.com,JAKARTA01\ridjal  
Error,9/28/2017 6:06,EventCreate,1,None,Application,djkvdihost034.jakarta01.com,JAKARTA01\olly  
Error,9/28/2017 6:05,EventCreate,1,None,Application,djkvdihost034.jakarta01.com,JAKARTA01\olly  
Error,9/28/2017 6:03,EventCreate,1,None,Application,djkvdihost250.jakarta01.com,JAKARTA01\arqom  
Error,9/28/2017 6:00,EventCreate,1,None,Application,djkvdihost150.jakarta01.com,JAKARTA01\ianm  
Error,9/28/2017 6:00,EventCreate,1,None,Application,djkvdihost255.jakarta01.com,JAKARTA01\yosiakarta  
Error,9/28/2017 5:59,WSH,1,None,Application,djkvdihost255.jakarta01.com,"CN=Yosiakarta Yosiakarta password will expire in 3 day(s) at 10/1/2017 12:55:05 PM

Press CTRL + ALT + DEL and select the ""Change a password"" option."
Error,9/28/2017 5:59,WSH,1,None,Application,djkvdihost255.jakarta01.com,"CN=Yosiakarta Yosiakarta password will expire in 3 day(s) at 10/1/2017 12:55:05 PM

Press CTRL + ALT + DEL and select the ""Change a password"" option."
Error,9/28/2017 5:56,EventCreate,1,None,Application,djkvdihost594.jakarta01.com,JAKARTA01\Idafarida  
Error,9/28/2017 5:56,WSH,1,None,Application,djkvdihost594.jakarta01.com,"CN=IdaFarida password will expire in 4 day(s) at 10/2/2017 8:02:08 AM

Press CTRL + ALT + DEL and select the ""Change a password"" option."
Error,9/28/2017 5:56,WSH,1,None,Application,djkvdihost594.jakarta01.com,"CN=IdaFarida password will expire in 4 day(s) at 10/2/2017 8:02:08 AM

Press CTRL + ALT + DEL and select the ""Change a password"" option."
Error,9/28/2017 5:53,EventCreate,1,None,Application,djkvdihost045.jakarta01.com,JAKARTA01\dhara  
Error,9/28/2017 5:53,EventCreate,1,None,Application,djkvdihost606.jakarta01.com,JAKARTA01\henny  
Error,9/28/2017 5:53,EventCreate,1,None,Application,djkvdihost161.jakarta01.com,JAKARTA01\Erick  
Error,9/28/2017 5:52,WSH,1,None,Application,djkvdihost045.jakarta01.com,"CN=Dhara password will expire in 4 day(s) at 10/2/2017 6:10:29 AM

Press CTRL + ALT + DEL and select the ""Change a password"" option."
Error,9/28/2017 5:53,EventCreate,1,None,Application,djkvdihost155.jakarta01.com,JAKARTA01\Argo  
Error,9/28/2017 5:52,WSH,1,None,Application,djkvdihost161.jakarta01.com,"CN=Erick Eka Putra password will expire in 3 day(s) at 10/1/2017 6:09:39 AM

Press CTRL + ALT + DEL and select the ""Change a password"" option."
Error,9/28/2017 5:52,EventCreate,1,None,Application,djkvdihost135.jakarta01.com,JAKARTA01\midasope  
Error,9/28/2017 5:52,WSH,1,None,Application,djkvdihost045.jakarta01.com,"CN=Dhara password will expire in 4 day(s) at 10/2/2017 6:10:29 AM

Press CTRL + ALT + DEL and select the ""Change a password"" option."
Error,9/28/2017 5:52,WSH,1,None,Application,djkvdihost161.jakarta01.com,"CN=Erick Eka Putra password will expire in 3 day(s) at 10/1/2017 6:09:39 AM

Press CTRL + ALT + DEL and select the ""Change a password"" option."
Error,9/28/2017 5:42,EventCreate,1,None,Application,djkvdihost670.jakarta01.com,JAKARTA01\Ajie  
Error,9/27/2017 21:40,EventCreate,1,None,Application,djkvdihost403.jakarta01.com,JAKARTA01\william  
Error,9/27/2017 21:40,Application Error,1000,-100,Application,djkvdihost403.jakarta01.com,"Faulting application name: OUTLOOK.EXE, version: 15.0.4919.1001, time stamp: 0x58d20482
Faulting module name: OUTLOOK.EXE, version: 15.0.4919.1001, time stamp: 0x58d20482
Exception code: 0xc0000005
Fault offset: 0x008924c4
Faulting process id: 0x18ec
Faulting application start time: 0x01d3372dfb7e0d81
Faulting application path: C:\Program Files\Microsoft Office\Office15\OUTLOOK.EXE
Faulting module path: C:\Program Files\Microsoft Office\Office15\OUTLOOK.EXE
Report Id: c02871e6-a391-11e7-8e7b-0050569f2213"
Error,9/27/2017 20:58,EventCreate,1,None,Application,djkvdihost288.jakarta01.com,JAKARTA01\ferdiansyah  
Error,9/27/2017 20:58,Application Error,1000,-100,Application,djkvdihost288.jakarta01.com,"Faulting application name: PhotoScreensaver.scr, version: 6.1.7601.17514, time stamp: 0x4ce7a590
Faulting module name: SHELL32.dll, version: 6.1.7601.23537, time stamp: 0x57c450f4
Exception code: 0xc0000005
Fault offset: 0x001f269f
Faulting process id: 0x808
Faulting application start time: 0x01d337972c7e7392
Faulting application path: C:\Windows\system32\PhotoScreensaver.scr
Faulting module path: C:\Windows\system32\SHELL32.dll
Report Id: f3dda713-a38b-11e7-8855-0050569f27f6"
Error,9/27/2017 18:49,EventCreate,1,None,Application,djkvdihost395.jakarta01.com,"The description for Event ID 1 from source EventCreate cannot be found. Either the component that raises this event is not installed on your local computer or the installation is corrupted. You can install or repair the component on the local computer.

If the event originated on another computer, the display information had to be saved with the event.

The following information was included with the event: 

JAKARTA01\Prihantono  
"
Error,9/27/2017 18:48,EventCreate,1,None,Application,djkvdihost395.jakarta01.com,"The description for Event ID 1 from source EventCreate cannot be found. Either the component that raises this event is not installed on your local computer or the installation is corrupted. You can install or repair the component on the local computer.

If the event originated on another computer, the display information had to be saved with the event.

The following information was included with the event: 

JAKARTA01\Prihantono  
"
Error,9/27/2017 20:19,EventCreate,1,None,Application,djkvdihost399.jakarta01.com,JAKARTA01\Hadi  
Error,9/27/2017 20:19,Application Error,1000,-100,Application,djkvdihost399.jakarta01.com,"Faulting application name: OUTLOOK.EXE, version: 15.0.4919.1001, time stamp: 0x58d20482
Faulting module name: OUTLOOK.EXE, version: 15.0.4919.1001, time stamp: 0x58d20482
Exception code: 0xc0000005
Fault offset: 0x008924c7
Faulting process id: 0x19d8
Faulting application start time: 0x01d33732905a20be
Faulting application path: C:\Program Files\Microsoft Office\Office15\OUTLOOK.EXE
Faulting module path: C:\Program Files\Microsoft Office\Office15\OUTLOOK.EXE
Report Id: 868289d5-a386-11e7-b7a8-0050569f164b"
Error,9/27/2017 19:53,EventCreate,1,None,Application,djkvdihost603.jakarta01.com,JAKARTA01\hafiah  
Error,9/27/2017 19:53,WSH,1,None,Application,djkvdihost603.jakarta01.com,"CN=Hafiah password will expire in 4 day(s) at 10/1/2017 9:33:01 AM

Press CTRL + ALT + DEL and select the ""Change a password"" option."
Error,9/27/2017 19:53,EventCreate,1,None,Application,djkvdihost316.jakarta01.com,JAKARTA01\hertanto  
Error,9/27/2017 19:53,WSH,1,None,Application,djkvdihost603.jakarta01.com,"CN=Hafiah password will expire in 4 day(s) at 10/1/2017 9:33:01 AM

Press CTRL + ALT + DEL and select the ""Change a password"" option."
Error,9/27/2017 19:52,EventCreate,1,None,Application,djkvdihost316.jakarta01.com,JAKARTA01\hertanto  
Error,9/27/2017 19:35,EventCreate,1,None,Application,djkvdihost398.jakarta01.com,JAKARTA01\AdrianP  
Error,9/27/2017 19:24,EventCreate,1,None,Application,djkvdihost193.jakarta01.com,JAKARTA01\barry  
Error,9/27/2017 19:24,EventCreate,1,None,Application,djkvdihost193.jakarta01.com,JAKARTA01\barry  
Error,9/27/2017 19:24,EventCreate,1,None,Application,djkvdihost193.jakarta01.com,JAKARTA01\barry  
Error,9/27/2017 19:23,WSH,1,None,Application,djkvdihost193.jakarta01.com,"CN=Barry Christie T password will expire in 1 day(s) at 9/28/2017 7:09:01 AM

Press CTRL + ALT + DEL and select the ""Change a password"" option."
Error,9/27/2017 19:23,WSH,1,None,Application,djkvdihost193.jakarta01.com,"CN=Barry Christie T password will expire in 1 day(s) at 9/28/2017 7:09:01 AM

Press CTRL + ALT + DEL and select the ""Change a password"" option."
Error,9/27/2017 19:18,EventCreate,1,None,Application,djkvdihost480.jakarta01.com,JAKARTA01\rozi  
Error,9/27/2017 19:18,Application Error,1000,-100,Application,djkvdihost480.jakarta01.com,"Faulting application name: OUTLOOK.EXE, version: 15.0.4919.1001, time stamp: 0x58d20482
Faulting module name: OUTLOOK.EXE, version: 15.0.4919.1001, time stamp: 0x58d20482
Exception code: 0xc0000005
Fault offset: 0x008924c4
Faulting process id: 0x1e74
Faulting application start time: 0x01d3372d78117f63
Faulting application path: C:\Program Files\Microsoft Office\Office15\OUTLOOK.EXE
Faulting module path: C:\Program Files\Microsoft Office\Office15\OUTLOOK.EXE
Report Id: e98b2525-a37d-11e7-98b7-0050569f382b"
Error,9/27/2017 19:14,EventCreate,1,None,Application,djkvdihost024.jakarta01.com,JAKARTA01\fferdian  
Error,9/27/2017 19:14,Application Error,1000,-100,Application,djkvdihost024.jakarta01.com,"Faulting application name: OUTLOOK.EXE, version: 15.0.4919.1001, time stamp: 0x58d20482
Faulting module name: OUTLOOK.EXE, version: 15.0.4919.1001, time stamp: 0x58d20482
Exception code: 0xc0000005
Fault offset: 0x008924c7
Faulting process id: 0x1af4
Faulting application start time: 0x01d33772cd99e238
Faulting application path: C:\Program Files\Microsoft Office\Office15\OUTLOOK.EXE
Faulting module path: C:\Program Files\Microsoft Office\Office15\OUTLOOK.EXE
Report Id: 6e1e8a1f-a37d-11e7-bf59-0050569f6bde"
Error,9/27/2017 19:14,EventCreate,1,None,Application,djkvdihost857.jakarta01.com,JAKARTA01\tsusaka  
Error,9/27/2017 19:02,EventCreate,1,None,Application,djkvdihost234.jakarta01.com,JAKARTA01\mauluddin  
Error,9/27/2017 19:02,Application Error,1000,-100,Application,djkvdihost234.jakarta01.com,"Faulting application name: OUTLOOK.EXE, version: 15.0.4919.1001, time stamp: 0x58d20482
Faulting module name: OUTLOOK.EXE, version: 15.0.4919.1001, time stamp: 0x58d20482
Exception code: 0xc0000005
Fault offset: 0x008924c4
Faulting process id: 0x1818
Faulting application start time: 0x01d3372859cb77ac
Faulting application path: C:\Program Files\Microsoft Office\Office15\OUTLOOK.EXE
Faulting module path: C:\Program Files\Microsoft Office\Office15\OUTLOOK.EXE
Report Id: b8c76b63-a37b-11e7-8fe5-0050569f4373"
Error,9/27/2017 18:59,EventCreate,1,None,Application,djkvdihost317.jakarta01.com,JAKARTA01\komangsd  
Error,9/27/2017 18:57,EventCreate,1,None,Application,djkvdihost172.jakarta01.com,JAKARTA01\boby  
Error,9/27/2017 18:57,Application Error,1000,-100,Application,djkvdihost172.jakarta01.com,"Faulting application name: iexplore.exe, version: 11.0.9600.18639, time stamp: 0x58d6bb0d
Faulting module name: MSHTML.dll, version: 11.0.9600.18639, time stamp: 0x58d6c720
Exception code: 0xc0000005
Fault offset: 0x000ac604
Faulting process id: 0x181c
Faulting application start time: 0x01d33743ca9b6c5d
Faulting application path: C:\Program Files\Internet Explorer\iexplore.exe
Faulting module path: C:\Windows\system32\MSHTML.dll
Report Id: f9c4543f-a37a-11e7-a65b-0050569f06f3"
Error,9/27/2017 18:54,EventCreate,1,None,Application,djkvdihost509.jakarta01.com,JAKARTA01\trisnawati  
Error,9/27/2017 18:53,EventCreate,1,None,Application,djkvdihost509.jakarta01.com,JAKARTA01\trisnawati  
Error,9/27/2017 18:52,EventCreate,1,None,Application,djkvdihost434.jakarta01.com,JAKARTA01\Prihantono  
Error,9/27/2017 18:41,EventCreate,1,None,Application,djkvdihost219.jakarta01.com,JAKARTA01\komangsd  
Error,9/27/2017 18:39,EventCreate,1,None,Application,djkvdihost709.jakarta01.com,JAKARTA01\feni  
Error,9/27/2017 18:39,EventCreate,1,None,Application,djkvdihost709.jakarta01.com,JAKARTA01\feni  
Error,9/27/2017 18:39,EventCreate,1,None,Application,djkvdihost709.jakarta01.com,JAKARTA01\feni  
Error,9/27/2017 18:38,EventCreate,1,None,Application,djkvdihost160.jakarta01.com,JAKARTA01\eddy  
Error,9/27/2017 18:37,Application Error,1000,-100,Application,djkvdihost160.jakarta01.com,"Faulting application name: OUTLOOK.EXE, version: 15.0.4919.1001, time stamp: 0x58d20482
Faulting module name: OUTLOOK.EXE, version: 15.0.4919.1001, time stamp: 0x58d20482
Exception code: 0xc0000005
Fault offset: 0x008924c7
Faulting process id: 0x10b4
Faulting application start time: 0x01d337298a3654df
Faulting application path: C:\Program Files\Microsoft Office\Office15\OUTLOOK.EXE
Faulting module path: C:\Program Files\Microsoft Office\Office15\OUTLOOK.EXE
Report Id: 4f3a54e2-a378-11e7-93c8-0050569f000b"
Error,9/27/2017 18:34,EventCreate,1,None,Application,djkvdihost219.jakarta01.com,JAKARTA01\elita  
Error,9/27/2017 18:34,Application Error,1000,-100,Application,djkvdihost219.jakarta01.com,"Faulting application name: iexplore.exe, version: 11.0.9600.18639, time stamp: 0x58d6bb0d
Faulting module name: MSHTML.dll, version: 11.0.9600.18639, time stamp: 0x58d6c720
Exception code: 0xc0000005
Fault offset: 0x000ac604
Faulting process id: 0x1960
Faulting application start time: 0x01d33728db646a1a
Faulting application path: C:\Program Files\Internet Explorer\iexplore.exe
Faulting module path: C:\Windows\system32\MSHTML.dll
Report Id: ce5fddf0-a377-11e7-9827-0050569f67cb"
Error,9/27/2017 18:29,EventCreate,1,None,Application,djkvdihost049.jakarta01.com,JAKARTA01\ayu  
Error,9/27/2017 18:29,EventCreate,1,None,Application,djkvdihost364.jakarta01.com,JAKARTA01\valery  
Error,9/27/2017 18:29,EventCreate,1,None,Application,djkvdihost474.jakarta01.com,JAKARTA01\KristoforusAW  
Error,9/27/2017 18:29,Application Error,1000,-100,Application,djkvdihost364.jakarta01.com,"Faulting application name: iexplore.exe, version: 11.0.9600.18639, time stamp: 0x58d6bb0d
Faulting module name: MSHTML.dll, version: 11.0.9600.18639, time stamp: 0x58d6c720
Exception code: 0xc0000005
Fault offset: 0x000ac604
Faulting process id: 0x1b4c
Faulting application start time: 0x01d337347d647b56
Faulting application path: C:\Program Files\Internet Explorer\iexplore.exe
Faulting module path: C:\Windows\system32\MSHTML.dll
Report Id: 20af8a9f-a377-11e7-97c2-0050569f08cc"
Error,9/27/2017 18:29,Application Error,1000,-100,Application,djkvdihost049.jakarta01.com,"Faulting application name: OUTLOOK.EXE, version: 15.0.4919.1001, time stamp: 0x58d20482
Faulting module name: OUTLOOK.EXE, version: 15.0.4919.1001, time stamp: 0x58d20482
Exception code: 0xc0000005
Fault offset: 0x008924c4
Faulting process id: 0x1074
Faulting application start time: 0x01d33727c5bf8574
Faulting application path: C:\Program Files\Microsoft Office\Office15\OUTLOOK.EXE
Faulting module path: C:\Program Files\Microsoft Office\Office15\OUTLOOK.EXE
Report Id: 2085c0f5-a377-11e7-af82-0050569f7495"
Error,9/27/2017 18:26,EventCreate,1,None,Application,djkvdihost472.jakarta01.com,JAKARTA01\regina  
Error,9/27/2017 18:16,EventCreate,1,None,Application,djkvdihost752.jakarta01.com,JAKARTA01\rinaldonp  
Error,9/27/2017 18:16,Application Error,1000,-100,Application,djkvdihost752.jakarta01.com,"Faulting application name: OUTLOOK.EXE, version: 15.0.4919.1001, time stamp: 0x58d20482
Faulting module name: OUTLOOK.EXE, version: 15.0.4919.1001, time stamp: 0x58d20482
Exception code: 0xc0000005
Fault offset: 0x008924c4
Faulting process id: 0x1b5c
Faulting application start time: 0x01d33734b07492e1
Faulting application path: C:\Program Files\Microsoft Office\Office15\OUTLOOK.EXE
Faulting module path: C:\Program Files\Microsoft Office\Office15\OUTLOOK.EXE
Report Id: 46fbf2d3-a375-11e7-8427-0050569f7aea"
Error,9/27/2017 18:10,EventCreate,1,None,Application,djkvdihost714.jakarta01.com,JAKARTA01\sylvia  
Error,9/27/2017 18:10,Application Error,1000,-100,Application,djkvdihost714.jakarta01.com,"Faulting application name: VISIO.EXE, version: 11.0.3216.0, time stamp: 0x3f3df10d
Faulting module name: omfcU.DLL, version: 11.0.5510.0, time stamp: 0x3f0fb193
Exception code: 0xc0000006
Fault offset: 0x000bf78f
Faulting process id: 0x1268
Faulting application start time: 0x01d337357f036867
Faulting application path: C:\Users\sylvia\AppData\Local\Microsoft\AppV\Client\Integration\8E1FDADE-CE82-4422-8716-A810724D82CF\Root\VFS\ProgramFilesX86\Microsoft Office\Visio11\VISIO.EXE
Faulting module path: C:\Users\sylvia\AppData\Local\Microsoft\AppV\Client\Integration\8E1FDADE-CE82-4422-8716-A810724D82CF\Root\VFS\ProgramFilesX86\Microsoft Office\Visio11\omfcU.DLL
Report Id: 7163f794-a374-11e7-9da9-0050569f6ab5"
Error,9/27/2017 18:09,EventCreate,1,None,Application,djkvdihost603.jakarta01.com,JAKARTA01\lileliza  
Error,9/27/2017 18:09,Application Error,1000,-100,Application,djkvdihost603.jakarta01.com,"Faulting application name: AcroRd32.exe, version: 10.1.4.38, time stamp: 0x5012ea69
Faulting module name: AcroRd32.dll, version: 10.1.4.38, time stamp: 0x5012f9f9
Exception code: 0xc0000005
Fault offset: 0x00046700
Faulting process id: 0xc4c
Faulting application start time: 0x01d33780fdf93fca
Faulting application path: C:\Program Files\Adobe\Reader 10.0\Reader\AcroRd32.exe
Faulting module path: C:\Program Files\Adobe\Reader 10.0\Reader\AcroRd32.dll
Report Id: 43b8cae1-a374-11e7-ad19-0050569f3f5f"
Error,9/27/2017 17:55,EventCreate,1,None,Application,djkvdihost394.jakarta01.com,JAKARTA01\arinie  
Error,9/27/2017 17:55,Application Error,1000,-100,Application,djkvdihost394.jakarta01.com,"Faulting application name: OUTLOOK.EXE, version: 15.0.4919.1001, time stamp: 0x58d20482
Faulting module name: OUTLOOK.EXE, version: 15.0.4919.1001, time stamp: 0x58d20482
Exception code: 0xc0000005
Fault offset: 0x008924c4
Faulting process id: 0x7ac
Faulting application start time: 0x01d3372e516be231
Faulting application path: C:\Program Files\Microsoft Office\Office15\OUTLOOK.EXE
Faulting module path: C:\Program Files\Microsoft Office\Office15\OUTLOOK.EXE
Report Id: 56a1ef69-a372-11e7-a3ea-0050569f451c"
Error,9/27/2017 17:51,EventCreate,1,None,Application,djkvdihost034.jakarta01.com,JAKARTA01\novianti  
Error,9/27/2017 17:49,EventCreate,1,None,Application,djkvdihost265.jakarta01.com,JAKARTA01\Rafika  
Error,9/27/2017 17:48,EventCreate,1,None,Application,djkvdihost265.jakarta01.com,JAKARTA01\Rafika  
Error,9/27/2017 17:48,Application Error,1000,-100,Application,djkvdihost265.jakarta01.com,"Faulting application name: spoolsv.exe, version: 6.1.7601.17777, time stamp: 0x4f35efc3
Faulting module name: msvcrt.dll, version: 7.0.7601.17744, time stamp: 0x4eeaf722
Exception code: 0xc0000005
Fault offset: 0x0000aa14
Faulting process id: 0x634
Faulting application start time: 0x01d3377de1cd9c39
Faulting application path: C:\Windows\System32\spoolsv.exe
Faulting module path: C:\Windows\system32\msvcrt.dll
Report Id: 582d86f7-a371-11e7-8400-0050569f2b63"
Error,9/27/2017 17:47,EventCreate,1,None,Application,djkvdihost265.jakarta01.com,JAKARTA01\Rafika  
Error,9/27/2017 17:46,EventCreate,1,None,Application,djkvdihost792.jakarta01.com,JAKARTA01\devid  
Error,9/27/2017 17:46,Application Error,1000,-100,Application,djkvdihost792.jakarta01.com,"Faulting application name: OUTLOOK.EXE, version: 15.0.4919.1001, time stamp: 0x58d20482
Faulting module name: OUTLOOK.EXE, version: 15.0.4919.1001, time stamp: 0x58d20482
Exception code: 0xc0000005
Fault offset: 0x008924c4
Faulting process id: 0xb88
Faulting application start time: 0x01d3372c5b3339c7
Faulting application path: C:\Program Files\Microsoft Office\Office15\OUTLOOK.EXE
Faulting module path: C:\Program Files\Microsoft Office\Office15\OUTLOOK.EXE
Report Id: 17d50d9b-a371-11e7-907d-0050569f129c"
Error,9/27/2017 17:45,EventCreate,1,None,Application,djkvdihost526.jakarta01.com,JAKARTA01\naldi  
