Error,10/4/2017 7:34,EventCreate,1,None,Application,djkvdihost287.jakarta01.com,JAKARTA01\mery  
Error,10/4/2017 7:34,EventCreate,1,None,Application,djkvdihost087.jakarta01.com,JAKARTA01\michiko  
Error,10/4/2017 7:34,EventCreate,1,None,Application,djkvdihost501.jakarta01.com,JAKARTA01\muammar  
Error,10/4/2017 7:33,EventCreate,1,None,Application,djkvdihost892.jakarta01.com,JAKARTA01\Indra Bramantyono  
Error,10/4/2017 7:33,EventCreate,1,None,Application,djkvdihost056.jakarta01.com,JAKARTA01\aria  
Error,10/4/2017 7:33,EventCreate,1,None,Application,djkvdihost460.jakarta01.com,JAKARTA01\widiana  
Error,10/4/2017 7:32,EventCreate,1,None,Application,djkvdihost180.jakarta01.com,JAKARTA01\findal  
Error,10/4/2017 7:32,EventCreate,1,None,Application,djkvdihost852.jakarta01.com,JAKARTA01\ueda  
Error,10/4/2017 7:32,EventCreate,1,None,Application,djkvdihost495.jakarta01.com,JAKARTA01\srahma  
Error,10/4/2017 7:31,EventCreate,1,None,Application,djkvdihost673.jakarta01.com,JAKARTA01\pramana  
Error,10/4/2017 7:31,EventCreate,1,None,Application,djkvdihost335.jakarta01.com,JAKARTA01\polyska  
Error,10/4/2017 7:31,EventCreate,1,None,Application,djkvdihost686.jakarta01.com,JAKARTA01\anggi  
Error,10/4/2017 7:30,EventCreate,1,None,Application,djkvdihost901.jakarta01.com,JAKARTA01\Joni  
Error,10/4/2017 7:30,EventCreate,1,None,Application,djkvdihost564.jakarta01.com,JAKARTA01\Yunita  
Error,10/4/2017 7:30,EventCreate,1,None,Application,djkvdihost211.jakarta01.com,JAKARTA01\poetry  
Error,10/4/2017 7:30,EventCreate,1,None,Application,djkvdihost462.jakarta01.com,JAKARTA01\Resty  
Error,10/4/2017 7:30,EventCreate,1,None,Application,djkvdihost321.jakarta01.com,JAKARTA01\susilowati  
Error,10/4/2017 7:29,EventCreate,1,None,Application,djkvdihost321.jakarta01.com,JAKARTA01\susilowati  
Error,10/4/2017 7:29,EventCreate,1,None,Application,djkvdihost083.jakarta01.com,JAKARTA01\fitri  
Error,10/4/2017 7:29,EventCreate,1,None,Application,djkvdihost094.jakarta01.com,JAKARTA01\lenny  
Error,10/4/2017 7:28,EventCreate,1,None,Application,djkvdihost096.jakarta01.com,JAKARTA01\Bob Jasper  
Error,10/4/2017 7:28,EventCreate,1,None,Application,djkvdihost096.jakarta01.com,JAKARTA01\Bob Jasper  
Error,10/4/2017 7:28,EventCreate,1,None,Application,djkvdihost012.jakarta01.com,JAKARTA01\aticha  
Error,10/4/2017 7:28,Application Error,1000,-100,Application,djkvdihost096.jakarta01.com,"Faulting application name: wfcrun32.exe, version: 14.4.1000.16, time stamp: 0x571e1bd4
Faulting module name: unknown, version: 0.0.0.0, time stamp: 0x00000000
Exception code: 0xc0000005
Fault offset: 0x7790e1a9
Faulting process id: 0x1390
Faulting application start time: 0x01d33ca7a5f0edf2
Faulting application path: C:\Program Files\Citrix\ICA Client\wfcrun32.exe
Faulting module path: unknown
Report Id: ed657eef-a89a-11e7-bfbd-0050569f108e"
Error,10/4/2017 7:28,EventCreate,1,None,Application,djkvdihost270.jakarta01.com,JAKARTA01\dwinda  
Error,10/4/2017 7:28,EventCreate,1,None,Application,djkvdihost165.jakarta01.com,JAKARTA01\antonius  
Error,10/4/2017 7:28,EventCreate,1,None,Application,djkvdihost873.jakarta01.com,JAKARTA01\m nugraha  
Error,10/4/2017 7:27,EventCreate,1,None,Application,djkvdihost651.jakarta01.com,JAKARTA01\azwar  
Error,10/4/2017 7:27,Application Error,1000,-100,Application,djkvdihost651.jakarta01.com,"Faulting application name: spoolsv.exe, version: 6.1.7601.17777, time stamp: 0x4f35efc3
Faulting module name: msvcrt.dll, version: 7.0.7601.17744, time stamp: 0x4eeaf722
Exception code: 0xc0000005
Fault offset: 0x0000aa14
Faulting process id: 0x63c
Faulting application start time: 0x01d33c406b595c77
Faulting application path: C:\Windows\System32\spoolsv.exe
Faulting module path: C:\Windows\system32\msvcrt.dll
Report Id: d05a0dc8-a89a-11e7-a9a3-0050569f757a"
Error,10/4/2017 7:27,EventCreate,1,None,Application,djkvdihost582.jakarta01.com,JAKARTA01\komangya  
Error,10/4/2017 7:27,EventCreate,1,None,Application,djkvdihost111.jakarta01.com,JAKARTA01\binar  
Error,10/4/2017 7:27,EventCreate,1,None,Application,djkvdihost111.jakarta01.com,JAKARTA01\binar  
Error,10/4/2017 7:27,EventCreate,1,None,Application,djkvdihost722.jakarta01.com,JAKARTA01\Rana  
Error,10/4/2017 7:27,EventCreate,1,None,Application,djkvdihost070.jakarta01.com,JAKARTA01\Eny Masruroh  
Error,10/4/2017 7:27,EventCreate,1,None,Application,djkvdihost719.jakarta01.com,JAKARTA01\Tammyana  
Error,10/4/2017 7:27,EventCreate,1,None,Application,djkvdihost772.jakarta01.com,JAKARTA01\himawan  
Error,10/4/2017 7:26,EventCreate,1,None,Application,djkvdihost442.jakarta01.com,JAKARTA01\mario  
Error,10/4/2017 7:26,EventCreate,1,None,Application,djkvdihost898.jakarta01.com,JAKARTA01\StellaH  
Error,10/4/2017 7:26,EventCreate,1,None,Application,djkvdihost724.jakarta01.com,JAKARTA01\pratiwi  
Error,10/4/2017 7:26,EventCreate,1,None,Application,djkvdihost425.jakarta01.com,JAKARTA01\dyah alit  
Error,10/4/2017 7:26,EventCreate,1,None,Application,djkvdihost084.jakarta01.com,JAKARTA01\vadya  
Error,10/4/2017 7:25,EventCreate,1,None,Application,djkvdihost259.jakarta01.com,JAKARTA01\irman  
Error,10/4/2017 7:26,EventCreate,1,None,Application,djkvdihost664.jakarta01.com,JAKARTA01\meity  
Error,10/4/2017 7:25,EventCreate,1,None,Application,djkvdihost259.jakarta01.com,JAKARTA01\irman  
Error,10/4/2017 7:25,EventCreate,1,None,Application,djkvdihost651.jakarta01.com,JAKARTA01\azwar  
Error,10/4/2017 7:24,EventCreate,1,None,Application,djkvdihost635.jakarta01.com,JAKARTA01\Dimas Satya  
Error,10/4/2017 7:25,EventCreate,1,None,Application,djkvdihost590.jakarta01.com,JAKARTA01\ario  
Error,10/4/2017 7:25,EventCreate,1,None,Application,djkvdihost768.jakarta01.com,JAKARTA01\budi kurniawan  
Error,10/4/2017 7:24,EventCreate,1,None,Application,djkvdihost613.jakarta01.com,JAKARTA01\trisnawati  
Error,10/4/2017 7:24,EventCreate,1,None,Application,djkvdihost519.jakarta01.com,JAKARTA01\meinar  
Error,10/4/2017 7:24,EventCreate,1,None,Application,djkvdihost635.jakarta01.com,JAKARTA01\Dimas Satya  
Error,10/4/2017 7:24,EventCreate,1,None,Application,djkvdihost780.jakarta01.com,JAKARTA01\fatma  
Error,10/4/2017 7:24,EventCreate,1,None,Application,djkvdihost036.jakarta01.com,JAKARTA01\yenni  
Error,10/4/2017 7:24,EventCreate,1,None,Application,djkvdihost796.jakarta01.com,JAKARTA01\Putri  
Error,10/4/2017 7:23,EventCreate,1,None,Application,djkvdihost215.jakarta01.com,JAKARTA01\k_ignatius  
Error,10/4/2017 7:23,EventCreate,1,None,Application,djkvdihost822.jakarta01.com,JAKARTA01\Yosi  
Error,10/4/2017 7:23,EventCreate,1,None,Application,djkvdihost008.jakarta01.com,JAKARTA01\ryan  
Error,10/4/2017 7:23,EventCreate,1,None,Application,djkvdihost250.jakarta01.com,JAKARTA01\GuestISD56  
Error,10/4/2017 7:23,EventCreate,1,None,Application,djkvdihost378.jakarta01.com,JAKARTA01\reny  
Error,10/4/2017 7:23,EventCreate,1,None,Application,djkvdihost688.jakarta01.com,JAKARTA01\NovrianAS  
Error,10/4/2017 7:23,EventCreate,1,None,Application,djkvdihost700.jakarta01.com,JAKARTA01\kusumadita  
Error,10/4/2017 7:22,EventCreate,1,None,Application,djkvdihost641.jakarta01.com,JAKARTA01\junito  
Error,10/4/2017 7:22,EventCreate,1,None,Application,djkvdihost286.jakarta01.com,JAKARTA01\wulanf  
Error,10/4/2017 7:22,EventCreate,1,None,Application,djkvdihost199.jakarta01.com,JAKARTA01\novita Rahayu  
Error,10/4/2017 7:21,EventCreate,1,None,Application,djkvdihost267.jakarta01.com,JAKARTA01\andi wijaya  
Error,10/4/2017 7:21,EventCreate,1,None,Application,djkvdihost374.jakarta01.com,JAKARTA01\finessya  
Error,10/4/2017 7:21,EventCreate,1,None,Application,djkvdihost405.jakarta01.com,JAKARTA01\Sandra  
Error,10/4/2017 7:21,EventCreate,1,None,Application,djkvdihost196.jakarta01.com,JAKARTA01\nila  
Error,10/4/2017 7:21,EventCreate,1,None,Application,djkvdihost626.jakarta01.com,JAKARTA01\santoso  
Error,10/4/2017 7:20,EventCreate,1,None,Application,djkvdihost793.jakarta01.com,JAKARTA01\Priellya  
Error,10/4/2017 7:20,EventCreate,1,None,Application,djkvdihost518.jakarta01.com,JAKARTA01\mega  
Error,10/4/2017 7:20,EventCreate,1,None,Application,djkvdihost137.jakarta01.com,JAKARTA01\mutiara  
Error,10/4/2017 7:19,WSH,1,None,Application,djkvdihost137.jakarta01.com,"CN=Mutiara Annisa password will expire in 1 day(s) at 10/5/2017 6:47:13 PM

Press CTRL + ALT + DEL and select the ""Change a password"" option."
Error,10/4/2017 7:19,EventCreate,1,None,Application,djkvdihost408.jakarta01.com,JAKARTA01\fardy  
Error,10/4/2017 7:19,WSH,1,None,Application,djkvdihost137.jakarta01.com,"CN=Mutiara Annisa password will expire in 1 day(s) at 10/5/2017 6:47:13 PM

Press CTRL + ALT + DEL and select the ""Change a password"" option."
Error,10/4/2017 7:19,EventCreate,1,None,Application,djkvdihost632.jakarta01.com,JAKARTA01\LILY AISYAH  
Error,10/4/2017 7:19,EventCreate,1,None,Application,djkvdihost491.jakarta01.com,JAKARTA01\diah astuti  
Error,10/4/2017 7:19,EventCreate,1,None,Application,djkvdihost150.jakarta01.com,JAKARTA01\rozi  
Error,10/4/2017 7:18,EventCreate,1,None,Application,djkvdihost384.jakarta01.com,JAKARTA01\danielhp  
Error,10/4/2017 7:18,EventCreate,1,None,Application,djkvdihost847.jakarta01.com,JAKARTA01\tsusaka  
Error,10/4/2017 7:17,EventCreate,1,None,Application,djkvdihost658.jakarta01.com,JAKARTA01\saptorini  
Error,10/4/2017 7:17,EventCreate,1,None,Application,djkvdihost729.jakarta01.com,JAKARTA01\Jessica  
Error,10/4/2017 7:17,EventCreate,1,None,Application,djkvdihost183.jakarta01.com,JAKARTA01\ferdi  
Error,10/4/2017 7:17,EventCreate,1,None,Application,djkvdihost496.jakarta01.com,JAKARTA01\rininta  
Error,10/4/2017 7:16,EventCreate,1,None,Application,djkvdihost653.jakarta01.com,JAKARTA01\phesyana  
Error,10/4/2017 7:16,EventCreate,1,None,Application,djkvdihost358.jakarta01.com,JAKARTA01\Dicky  
Error,10/4/2017 7:16,EventCreate,1,None,Application,djkvdihost717.jakarta01.com,JAKARTA01\Virgitha  
Error,10/4/2017 7:15,EventCreate,1,None,Application,djkvdihost358.jakarta01.com,JAKARTA01\Dicky  
Error,10/4/2017 7:15,EventCreate,1,None,Application,djkvdihost699.jakarta01.com,JAKARTA01\amanda chandra  
Error,10/4/2017 7:15,EventCreate,1,None,Application,djkvdihost500.jakarta01.com,JAKARTA01\Nurhayati  
Error,10/4/2017 7:14,EventCreate,1,None,Application,djkvdihost503.jakarta01.com,JAKARTA01\DianRamadhania  
Error,10/4/2017 7:14,EventCreate,1,None,Application,djkvdihost503.jakarta01.com,JAKARTA01\DianRamadhania  
Error,10/4/2017 7:14,EventCreate,1,None,Application,djkvdihost503.jakarta01.com,JAKARTA01\DianRamadhania  
Error,10/4/2017 7:14,EventCreate,1,None,Application,djkvdihost555.jakarta01.com,JAKARTA01\heri  
Error,10/4/2017 7:14,EventCreate,1,None,Application,djkvdihost711.jakarta01.com,JAKARTA01\DanielAW  
Error,10/4/2017 7:12,EventCreate,1,None,Application,djkvdihost006.jakarta01.com,JAKARTA01\elestari  
Error,10/4/2017 7:12,EventCreate,1,None,Application,djkvdihost237.jakarta01.com,JAKARTA01\dadi  
Error,10/4/2017 7:11,EventCreate,1,None,Application,djkvdihost142.jakarta01.com,JAKARTA01\yosie  
Error,10/4/2017 7:11,EventCreate,1,None,Application,djkvdihost138.jakarta01.com,JAKARTA01\barry  
Error,10/4/2017 7:10,EventCreate,1,None,Application,djkvdihost710.jakarta01.com,JAKARTA01\mirawati  
Error,10/4/2017 7:10,WSH,1,None,Application,djkvdihost710.jakarta01.com,"CN=Mirawati Pranoto password will expire in 1 day(s) at 10/5/2017 7:42:29 AM

Press CTRL + ALT + DEL and select the ""Change a password"" option."
Error,10/4/2017 7:10,EventCreate,1,None,Application,djkvdihost037.jakarta01.com,JAKARTA01\livia  
Error,10/4/2017 7:10,EventCreate,1,None,Application,djkvdihost580.jakarta01.com,JAKARTA01\hertanto  
Error,10/4/2017 7:10,WSH,1,None,Application,djkvdihost710.jakarta01.com,"CN=Mirawati Pranoto password will expire in 1 day(s) at 10/5/2017 7:42:29 AM

Press CTRL + ALT + DEL and select the ""Change a password"" option."
Error,10/4/2017 7:10,EventCreate,1,None,Application,djkvdihost624.jakarta01.com,JAKARTA01\eddy  
Error,10/4/2017 7:10,EventCreate,1,None,Application,djkvdihost101.jakarta01.com,JAKARTA01\gatots  
Error,10/4/2017 7:09,EventCreate,1,None,Application,djkvdihost303.jakarta01.com,JAKARTA01\budi ramadhan  
Error,10/4/2017 7:09,EventCreate,1,None,Application,djkvdihost337.jakarta01.com,JAKARTA01\dian  
Error,10/4/2017 7:07,EventCreate,1,None,Application,djkvdihost305.jakarta01.com,JAKARTA01\feni  
Error,10/4/2017 7:06,EventCreate,1,None,Application,djkvdihost628.jakarta01.com,JAKARTA01\ayuningtias  
Error,10/4/2017 7:06,EventCreate,1,None,Application,djkvdihost242.jakarta01.com,JAKARTA01\topik  
Error,10/4/2017 7:06,EventCreate,1,None,Application,djkvdihost844.jakarta01.com,JAKARTA01\Nishinaka  
Error,10/4/2017 7:06,EventCreate,1,None,Application,djkvdihost302.jakarta01.com,JAKARTA01\indrawati  
Error,10/4/2017 7:05,EventCreate,1,None,Application,djkvdihost431.jakarta01.com,JAKARTA01\Shena  
Error,10/4/2017 7:05,EventCreate,1,None,Application,djkvdihost532.jakarta01.com,JAKARTA01\melani  
Error,10/4/2017 7:04,EventCreate,1,None,Application,djkvdihost787.jakarta01.com,JAKARTA01\gati  
Error,10/4/2017 7:03,EventCreate,1,None,Application,djkvdihost876.jakarta01.com,JAKARTA01\masuyama  
Error,10/4/2017 7:03,EventCreate,1,None,Application,djkvdihost814.jakarta01.com,JAKARTA01\paramita  
Error,10/4/2017 7:02,EventCreate,1,None,Application,djkvdihost053.jakarta01.com,JAKARTA01\Luki Mahanani  
Error,10/4/2017 7:02,EventCreate,1,None,Application,djkvdihost121.jakarta01.com,JAKARTA01\Hera  
Error,10/4/2017 7:02,EventCreate,1,None,Application,djkvdihost474.jakarta01.com,JAKARTA01\andri  
Error,10/4/2017 7:01,EventCreate,1,None,Application,djkvdihost642.jakarta01.com,JAKARTA01\iqbal  
Error,10/4/2017 7:01,EventCreate,1,None,Application,djkvdihost839.jakarta01.com,JAKARTA01\suhendrayana  
Error,10/4/2017 7:01,EventCreate,1,None,Application,djkvdihost676.jakarta01.com,JAKARTA01\moh rinov  
Error,10/4/2017 7:00,EventCreate,1,None,Application,djkvdihost152.jakarta01.com,JAKARTA01\tenri  
Error,10/4/2017 6:59,EventCreate,1,None,Application,djkvdihost304.jakarta01.com,JAKARTA01\ester  
Error,10/4/2017 6:59,EventCreate,1,None,Application,djkvdihost235.jakarta01.com,JAKARTA01\Amaliawati  
Error,10/4/2017 6:58,EventCreate,1,None,Application,djkvdihost685.jakarta01.com,JAKARTA01\namora  
Error,10/4/2017 6:56,EventCreate,1,None,Application,djkvdihost240.jakarta01.com,JAKARTA01\rini  
Error,10/4/2017 6:56,EventCreate,1,None,Application,djkvdihost269.jakarta01.com,JAKARTA01\Mulyono  
Error,10/4/2017 6:56,EventCreate,1,None,Application,djkvdihost001.jakarta01.com,JAKARTA01\Nur Alma  
Error,10/4/2017 6:56,EventCreate,1,None,Application,djkvdihost871.jakarta01.com,JAKARTA01\bobby  
Error,10/4/2017 6:55,EventCreate,1,None,Application,djkvdihost316.jakarta01.com,JAKARTA01\dini hariyani  
Error,10/4/2017 6:54,EventCreate,1,None,Application,djkvdihost144.jakarta01.com,JAKARTA01\rusliyani  
Error,10/4/2017 6:54,EventCreate,1,None,Application,djkvdihost052.jakarta01.com,JAKARTA01\kartika  
Error,10/4/2017 6:54,EventCreate,1,None,Application,djkvdihost562.jakarta01.com,JAKARTA01\Patsiana  
Error,10/4/2017 6:53,EventCreate,1,None,Application,djkvdihost861.jakarta01.com,JAKARTA01\bayu  
Error,10/4/2017 6:53,EventCreate,1,None,Application,djkvdihost291.jakarta01.com,JAKARTA01\Pricillia  
Error,10/4/2017 6:52,WSH,1,None,Application,djkvdihost291.jakarta01.com,"CN=Pricillia Winda Sutio password will expire in 4 day(s) at 10/8/2017 6:34:54 AM

Press CTRL + ALT + DEL and select the ""Change a password"" option."
Error,10/4/2017 6:52,EventCreate,1,None,Application,djkvdihost610.jakarta01.com,JAKARTA01\devid  
Error,10/4/2017 6:52,WSH,1,None,Application,djkvdihost291.jakarta01.com,"CN=Pricillia Winda Sutio password will expire in 4 day(s) at 10/8/2017 6:34:54 AM

Press CTRL + ALT + DEL and select the ""Change a password"" option."
Error,10/4/2017 6:52,EventCreate,1,None,Application,djkvdihost048.jakarta01.com,JAKARTA01\muhammad zubayr  
Error,10/4/2017 6:51,EventCreate,1,None,Application,djkvdihost820.jakarta01.com,JAKARTA01\IRMALA  
Error,10/4/2017 6:51,EventCreate,1,None,Application,djkvdihost549.jakarta01.com,JAKARTA01\eunice  
Error,10/4/2017 6:51,EventCreate,1,None,Application,djkvdihost586.jakarta01.com,JAKARTA01\alexander  
Error,10/4/2017 6:50,EventCreate,1,None,Application,djkvdihost119.jakarta01.com,JAKARTA01\Letitia  
Error,10/4/2017 6:50,WSH,1,None,Application,djkvdihost549.jakarta01.com,"CN=Eunice Shertaria Bangun password will expire in 4 day(s) at 10/8/2017 8:00:20 AM

Press CTRL + ALT + DEL and select the ""Change a password"" option."
Error,10/4/2017 6:50,WSH,1,None,Application,djkvdihost549.jakarta01.com,"CN=Eunice Shertaria Bangun password will expire in 4 day(s) at 10/8/2017 8:00:20 AM

Press CTRL + ALT + DEL and select the ""Change a password"" option."
Error,10/4/2017 6:50,EventCreate,1,None,Application,djkvdihost423.jakarta01.com,JAKARTA01\susanto  
Error,10/4/2017 6:49,EventCreate,1,None,Application,djkvdihost181.jakarta01.com,JAKARTA01\suwilhan  
Error,10/4/2017 6:49,EventCreate,1,None,Application,djkvdihost858.jakarta01.com,JAKARTA01\Ouchi  
Error,10/4/2017 6:49,EventCreate,1,None,Application,djkvdihost298.jakarta01.com,JAKARTA01\Pinta  
Error,10/4/2017 6:48,EventCreate,1,None,Application,djkvdihost471.jakarta01.com,JAKARTA01\yofiandhy  
Error,10/4/2017 6:48,EventCreate,1,None,Application,djkvdihost792.jakarta01.com,JAKARTA01\rusliadi  
Error,10/4/2017 6:48,EventCreate,1,None,Application,djkvdihost399.jakarta01.com,JAKARTA01\poespita  
Error,10/4/2017 6:47,EventCreate,1,None,Application,djkvdihost471.jakarta01.com,JAKARTA01\yofiandhy  
Error,10/4/2017 6:47,EventCreate,1,None,Application,djkvdihost663.jakarta01.com,JAKARTA01\yosephine  
Error,10/4/2017 6:47,EventCreate,1,None,Application,djkvdihost411.jakarta01.com,JAKARTA01\willya  
Error,10/4/2017 6:46,EventCreate,1,None,Application,djkvdihost843.jakarta01.com,JAKARTA01\jeremia  
Error,10/4/2017 6:46,EventCreate,1,None,Application,djkvdihost375.jakarta01.com,JAKARTA01\debby  
Error,10/4/2017 6:45,EventCreate,1,None,Application,djkvdihost789.jakarta01.com,JAKARTA01\Chinthea  
Error,10/4/2017 6:44,EventCreate,1,None,Application,djkvdihost480.jakarta01.com,JAKARTA01\tjahja  
Error,10/4/2017 6:44,EventCreate,1,None,Application,djkvdihost059.jakarta01.com,JAKARTA01\Pram  
Error,10/4/2017 6:43,EventCreate,1,None,Application,djkvdihost188.jakarta01.com,JAKARTA01\amanda  
Error,10/4/2017 6:43,EventCreate,1,None,Application,djkvdihost059.jakarta01.com,JAKARTA01\Pram  
Error,10/4/2017 6:43,EventCreate,1,None,Application,djkvdihost342.jakarta01.com,JAKARTA01\zaldi  
Error,10/4/2017 6:42,EventCreate,1,None,Application,djkvdihost440.jakarta01.com,JAKARTA01\kezia  
Error,10/4/2017 6:42,EventCreate,1,None,Application,djkvdihost230.jakarta01.com,JAKARTA01\margiati  
Error,10/4/2017 6:42,EventCreate,1,None,Application,djkvdihost743.jakarta01.com,JAKARTA01\muhammad afif  
Error,10/4/2017 6:41,EventCreate,1,None,Application,djkvdihost039.jakarta01.com,JAKARTA01\hideo  
Error,10/4/2017 6:40,EventCreate,1,None,Application,djkvdihost113.jakarta01.com,JAKARTA01\komangsd  
Error,10/4/2017 6:39,EventCreate,1,None,Application,djkvdihost092.jakarta01.com,JAKARTA01\taufik  
Error,10/4/2017 6:39,EventCreate,1,None,Application,djkvdihost092.jakarta01.com,JAKARTA01\taufik  
Error,10/4/2017 6:39,EventCreate,1,None,Application,djkvdihost351.jakarta01.com,JAKARTA01\yasinta  
Error,10/4/2017 6:39,EventCreate,1,None,Application,djkvdihost092.jakarta01.com,JAKARTA01\taufik  
Error,10/4/2017 6:38,EventCreate,1,None,Application,djkvdihost608.jakarta01.com,JAKARTA01\sasono  
Error,10/4/2017 6:36,EventCreate,1,None,Application,djkvdihost608.jakarta01.com,JAKARTA01\sasono  
Error,10/4/2017 6:36,EventCreate,1,None,Application,djkvdihost565.jakarta01.com,JAKARTA01\faiqa  
Error,10/4/2017 6:36,EventCreate,1,None,Application,djkvdihost715.jakarta01.com,JAKARTA01\gallant  
Error,10/4/2017 6:33,EventCreate,1,None,Application,djkvdihost845.jakarta01.com,JAKARTA01\Machida  
Error,10/4/2017 6:32,EventCreate,1,None,Application,djkvdihost853.jakarta01.com,JAKARTA01\hastari  
Error,10/4/2017 6:28,EventCreate,1,None,Application,djkvdihost525.jakarta01.com,JAKARTA01\cut nyak  
Error,10/4/2017 6:25,EventCreate,1,None,Application,djkvdihost785.jakarta01.com,JAKARTA01\Linah  
Error,10/4/2017 6:23,EventCreate,1,None,Application,djkvdihost821.jakarta01.com,JAKARTA01\Nur Maya  
Error,10/4/2017 6:23,WSH,1,None,Application,djkvdihost821.jakarta01.com,"CN=Nur Maya Rahma password will expire in 4 day(s) at 10/8/2017 7:22:00 AM

Press CTRL + ALT + DEL and select the ""Change a password"" option."
Error,10/4/2017 6:23,EventCreate,1,None,Application,djkvdihost370.jakarta01.com,JAKARTA01\Hertanto gunadi  
Error,10/4/2017 6:23,WSH,1,None,Application,djkvdihost821.jakarta01.com,"CN=Nur Maya Rahma password will expire in 4 day(s) at 10/8/2017 7:22:00 AM

Press CTRL + ALT + DEL and select the ""Change a password"" option."
Error,10/4/2017 6:20,EventCreate,1,None,Application,djkvdihost387.jakarta01.com,JAKARTA01\rusmelin  
Error,10/4/2017 6:16,EventCreate,1,None,Application,djkvdihost712.jakarta01.com,JAKARTA01\Idafarida  
Error,10/4/2017 6:13,EventCreate,1,None,Application,djkvdihost731.jakarta01.com,JAKARTA01\nunu  
Error,10/4/2017 6:12,WSH,1,None,Application,djkvdihost731.jakarta01.com,"CN=Nunu Rusli password will expire in 4 day(s) at 10/8/2017 8:06:25 AM

Press CTRL + ALT + DEL and select the ""Change a password"" option."
Error,10/4/2017 6:13,EventCreate,1,None,Application,djkvdihost016.jakarta01.com,JAKARTA01\dwinanto  
Error,10/4/2017 6:12,WSH,1,None,Application,djkvdihost731.jakarta01.com,"CN=Nunu Rusli password will expire in 4 day(s) at 10/8/2017 8:06:25 AM

Press CTRL + ALT + DEL and select the ""Change a password"" option."
Error,10/4/2017 6:11,EventCreate,1,None,Application,djkvdihost762.jakarta01.com,JAKARTA01\hayatilah  
Error,10/4/2017 6:10,EventCreate,1,None,Application,djkvdihost076.jakarta01.com,JAKARTA01\nugraha  
Error,10/4/2017 6:09,EventCreate,1,None,Application,djkvdihost347.jakarta01.com,JAKARTA01\Argo  
Error,10/4/2017 6:09,EventCreate,1,None,Application,djkvdihost265.jakarta01.com,JAKARTA01\mulyanto  
Error,10/4/2017 6:06,EventCreate,1,None,Application,djkvdihost828.jakarta01.com,JAKARTA01\Erick  
Error,10/4/2017 6:04,EventCreate,1,None,Application,djkvdihost027.jakarta01.com,JAKARTA01\Valdi  
Error,10/4/2017 5:56,EventCreate,1,None,Application,djkvdihost261.jakarta01.com,JAKARTA01\anisa  
Error,10/4/2017 5:55,EventCreate,1,None,Application,djkvdihost608.jakarta01.com,JAKARTA01\ridjal  
Error,10/4/2017 5:54,EventCreate,1,None,Application,djkvdihost766.jakarta01.com,JAKARTA01\ianm  
Error,10/4/2017 5:54,EventCreate,1,None,Application,djkvdihost061.jakarta01.com,JAKARTA01\arqom  
Error,10/4/2017 5:52,EventCreate,1,None,Application,djkvdihost784.jakarta01.com,JAKARTA01\Moh Ditto  
Error,10/4/2017 5:51,EventCreate,1,None,Application,djkvdihost279.jakarta01.com,JAKARTA01\midasope  
Error,10/4/2017 5:51,EventCreate,1,None,Application,djkvdihost615.jakarta01.com,JAKARTA01\hilmy  
Error,10/4/2017 5:48,EventCreate,1,None,Application,djkvdihost249.jakarta01.com,JAKARTA01\yosiakarta  
Error,10/4/2017 5:42,EventCreate,1,None,Application,djkvdihost487.jakarta01.com,JAKARTA01\agungwd  
Error,10/3/2017 21:32,EventCreate,1,None,Application,djkvdihost658.jakarta01.com,JAKARTA01\sulistyono  
Error,10/3/2017 21:32,Application Error,1000,-100,Application,djkvdihost658.jakarta01.com,"Faulting application name: PhotoScreensaver.scr, version: 6.1.7601.17514, time stamp: 0x4ce7a590
Faulting module name: SHELL32.dll, version: 6.1.7601.23537, time stamp: 0x57c450f4
Exception code: 0xc0000005
Fault offset: 0x001f269f
Faulting process id: 0xa24
Faulting application start time: 0x01d33c3ace5d7651
Faulting application path: C:\Windows\system32\PhotoScreensaver.scr
Faulting module path: C:\Windows\system32\SHELL32.dll
Report Id: a2af7449-a847-11e7-aaae-0050569f2ade"
Error,10/3/2017 21:31,EventCreate,1,None,Application,djkvdihost752.jakarta01.com,JAKARTA01\wang  
Error,10/3/2017 20:32,EventCreate,1,None,Application,djkvdihost697.jakarta01.com,JAKARTA01\vita  
Error,10/3/2017 20:32,EventCreate,1,None,Application,djkvdihost697.jakarta01.com,JAKARTA01\vita  
Error,10/3/2017 18:26,EventCreate,1,None,Application,djkvdihost774.jakarta01.com,JAKARTA01\guestitso01  
Error,10/3/2017 19:41,EventCreate,1,None,Application,djkvdihost693.jakarta01.com,JAKARTA01\Budi Abianto  
Error,10/3/2017 19:35,EventCreate,1,None,Application,djkvdihost321.jakarta01.com,JAKARTA01\AULIASA  
Error,10/3/2017 19:35,Application Error,1000,-100,Application,djkvdihost321.jakarta01.com,"Faulting application name: OUTLOOK.EXE, version: 15.0.4919.1001, time stamp: 0x58d20482
Faulting module name: OUTLOOK.EXE, version: 15.0.4919.1001, time stamp: 0x58d20482
Exception code: 0xc0000005
Fault offset: 0x008924c7
Faulting process id: 0xd78
Faulting application start time: 0x01d33be36c8a223b
Faulting application path: C:\Program Files\Microsoft Office\Office15\OUTLOOK.EXE
Faulting module path: C:\Program Files\Microsoft Office\Office15\OUTLOOK.EXE
Report Id: 5f308425-a837-11e7-99ed-0050569f78a6"
Error,10/3/2017 19:29,EventCreate,1,None,Application,djkvdihost373.jakarta01.com,JAKARTA01\dwi septiyanti  
Error,10/3/2017 19:29,Application Error,1000,-100,Application,djkvdihost373.jakarta01.com,"Faulting application name: OUTLOOK.EXE, version: 15.0.4919.1001, time stamp: 0x58d20482
Faulting module name: OUTLOOK.EXE, version: 15.0.4919.1001, time stamp: 0x58d20482
Exception code: 0xc0000005
Fault offset: 0x008924c4
Faulting process id: 0x30c
Faulting application start time: 0x01d33c3f2822a7e0
Faulting application path: C:\Program Files\Microsoft Office\Office15\OUTLOOK.EXE
Faulting module path: C:\Program Files\Microsoft Office\Office15\OUTLOOK.EXE
Report Id: 809cd082-a836-11e7-82da-0050569f2775"
Error,10/3/2017 19:26,EventCreate,1,None,Application,djkvdihost762.jakarta01.com,JAKARTA01\Widi Anggraeni  
Error,10/3/2017 19:26,Application Error,1000,-100,Application,djkvdihost762.jakarta01.com,"Faulting application name: lync.exe, version: 15.0.4919.1000, time stamp: 0x58c7ab1e
Faulting module name: ntdll.dll, version: 6.1.7601.23714, time stamp: 0x58bf8774
Exception code: 0xc0000005
Fault offset: 0x00031dca
Faulting process id: 0x1bb0
Faulting application start time: 0x01d33c355d1ed5ab
Faulting application path: C:\Program Files\Microsoft Office\Office15\lync.exe
Faulting module path: C:\Windows\SYSTEM32\ntdll.dll
Report Id: 1896f0c9-a836-11e7-8d3d-0050569f615e"
Error,10/3/2017 19:00,EventCreate,1,None,Application,djkvdihost373.jakarta01.com,JAKARTA01\dwi septiyanti  
Error,10/3/2017 19:00,Application Error,1000,-100,Application,djkvdihost373.jakarta01.com,"Faulting application name: OUTLOOK.EXE, version: 15.0.4919.1001, time stamp: 0x58d20482
Faulting module name: OUTLOOK.EXE, version: 15.0.4919.1001, time stamp: 0x58d20482
Exception code: 0xc0000005
Fault offset: 0x008924c4
Faulting process id: 0x23dc
Faulting application start time: 0x01d33c3797e5d072
Faulting application path: C:\Program Files\Microsoft Office\Office15\OUTLOOK.EXE
Faulting module path: C:\Program Files\Microsoft Office\Office15\OUTLOOK.EXE
Report Id: 6286edfd-a832-11e7-82da-0050569f2775"
Error,10/3/2017 18:59,EventCreate,1,None,Application,djkvdihost733.jakarta01.com,JAKARTA01\aulya  
Error,10/3/2017 18:59,Application Error,1000,-100,Application,djkvdihost733.jakarta01.com,"Faulting application name: OUTLOOK.EXE, version: 15.0.4919.1001, time stamp: 0x58d20482
Faulting module name: OUTLOOK.EXE, version: 15.0.4919.1001, time stamp: 0x58d20482
Exception code: 0xc0000005
Fault offset: 0x008924c7
Faulting process id: 0x2300
Faulting application start time: 0x01d33c3d882b1c0b
Faulting application path: C:\Program Files\Microsoft Office\Office15\OUTLOOK.EXE
Faulting module path: C:\Program Files\Microsoft Office\Office15\OUTLOOK.EXE
Report Id: 475cd9c1-a832-11e7-84ae-0050569f6100"
Error,10/3/2017 18:42,EventCreate,1,None,Application,djkvdihost233.jakarta01.com,JAKARTA01\ici  
Error,10/3/2017 18:38,EventCreate,1,None,Application,djkvdihost787.jakarta01.com,JAKARTA01\army  
Error,10/3/2017 18:38,Application Error,1000,-100,Application,djkvdihost787.jakarta01.com,"Faulting application name: OUTLOOK.EXE, version: 15.0.4919.1001, time stamp: 0x58d20482
Faulting module name: OUTLOOK.EXE, version: 15.0.4919.1001, time stamp: 0x58d20482
Exception code: 0xc0000005
Fault offset: 0x008924c7
Faulting process id: 0x1e14
Faulting application start time: 0x01d33bef615de288
Faulting application path: C:\Program Files\Microsoft Office\Office15\OUTLOOK.EXE
Faulting module path: C:\Program Files\Microsoft Office\Office15\OUTLOOK.EXE
Report Id: 6420e67e-a82f-11e7-b588-0050569f2b5f"
Error,10/3/2017 18:34,EventCreate,1,None,Application,djkvdihost024.jakarta01.com,JAKARTA01\toyoda  
Error,10/3/2017 16:49,EventCreate,1,None,Application,djkvdihost520.jakarta01.com,JAKARTA01\mahendrars  
Error,10/3/2017 18:25,EventCreate,1,None,Application,djkvdihost094.jakarta01.com,JAKARTA01\raymond  
Error,10/3/2017 18:20,EventCreate,1,None,Application,djkvdihost400.jakarta01.com,JAKARTA01\AdindaGita  
Error,10/3/2017 18:18,EventCreate,1,None,Application,djkvdihost687.jakarta01.com,JAKARTA01\ayu  
Error,10/3/2017 18:18,Application Error,1000,-100,Application,djkvdihost687.jakarta01.com,"Faulting application name: WINWORD.EXE, version: 15.0.4911.1000, time stamp: 0x58a2c075
Faulting module name: wwlib.dll, version: 15.0.4911.1000, time stamp: 0x58a2c073
Exception code: 0xc0000005
Fault offset: 0x006f1046
Faulting process id: 0x1ce0
Faulting application start time: 0x01d33c3947152574
Faulting application path: C:\Program Files\Microsoft Office\Office15\WINWORD.EXE
Faulting module path: C:\Program Files\Microsoft Office\Office15\wwlib.dll
Report Id: 896ca294-a82c-11e7-9cca-0050569f4c9f"
Error,10/3/2017 18:17,EventCreate,1,None,Application,djkvdihost687.jakarta01.com,JAKARTA01\ayu  
Error,10/3/2017 18:17,Application Error,1000,-100,Application,djkvdihost687.jakarta01.com,"Faulting application name: WINWORD.EXE, version: 15.0.4911.1000, time stamp: 0x58a2c075
Faulting module name: wwlib.dll, version: 15.0.4911.1000, time stamp: 0x58a2c073
Exception code: 0xc0000005
Fault offset: 0x006f1046
Faulting process id: 0xf14
Faulting application start time: 0x01d33c365fc31b74
Faulting application path: C:\Program Files\Microsoft Office\Office15\WINWORD.EXE
Faulting module path: C:\Program Files\Microsoft Office\Office15\wwlib.dll
Report Id: 819f88c4-a82c-11e7-9cca-0050569f4c9f"
Error,10/3/2017 18:17,EventCreate,1,None,Application,djkvdihost446.jakarta01.com,JAKARTA01\valery  
Error,10/3/2017 18:17,Application Error,1000,-100,Application,djkvdihost446.jakarta01.com,"Faulting application name: OUTLOOK.EXE, version: 15.0.4919.1001, time stamp: 0x58d20482
Faulting module name: OUTLOOK.EXE, version: 15.0.4919.1001, time stamp: 0x58d20482
Exception code: 0xc0000005
Fault offset: 0x008924c4
Faulting process id: 0x13cc
Faulting application start time: 0x01d33c1bcc94a3e7
Faulting application path: C:\Program Files\Microsoft Office\Office15\OUTLOOK.EXE
Faulting module path: C:\Program Files\Microsoft Office\Office15\OUTLOOK.EXE
Report Id: 7aa9bdbb-a82c-11e7-9efe-0050569f2b47"
Error,10/3/2017 18:16,EventCreate,1,None,Application,djkvdihost571.jakarta01.com,JAKARTA01\Herlina  
Error,10/3/2017 18:05,EventCreate,1,None,Application,djkvdihost373.jakarta01.com,JAKARTA01\dwi septiyanti  
Error,10/3/2017 15:06,EventCreate,1,None,Application,djkvdihost577.jakarta01.com,"The description for Event ID 1 from source EventCreate cannot be found. Either the component that raises this event is not installed on your local computer or the installation is corrupted. You can install or repair the component on the local computer.

If the event originated on another computer, the display information had to be saved with the event.

The following information was included with the event: 

JAKARTA01\vdiadmin  
"
Error,10/3/2017 18:05,Application Error,1000,-100,Application,djkvdihost373.jakarta01.com,"Faulting application name: OUTLOOK.EXE, version: 15.0.4919.1001, time stamp: 0x58d20482
Faulting module name: OUTLOOK.EXE, version: 15.0.4919.1001, time stamp: 0x58d20482
Exception code: 0xc0000005
Fault offset: 0x00366c92
Faulting process id: 0x1188
Faulting application start time: 0x01d33be38de6a530
Faulting application path: C:\Program Files\Microsoft Office\Office15\OUTLOOK.EXE
Faulting module path: C:\Program Files\Microsoft Office\Office15\OUTLOOK.EXE
Report Id: d1aac658-a82a-11e7-82da-0050569f2775"
Error,10/3/2017 17:53,EventCreate,1,None,Application,djkvdihost408.jakarta01.com,JAKARTA01\wang  
Error,10/3/2017 17:52,Application Error,1000,-100,Application,djkvdihost408.jakarta01.com,"Faulting application name: OUTLOOK.EXE, version: 15.0.4919.1001, time stamp: 0x58d20482
Faulting module name: OUTLOOK.EXE, version: 15.0.4919.1001, time stamp: 0x58d20482
Exception code: 0xc0000005
Fault offset: 0x008924c4
Faulting process id: 0x1968
Faulting application start time: 0x01d33be30be8dcad
Faulting application path: C:\Program Files\Microsoft Office\Office15\OUTLOOK.EXE
Faulting module path: C:\Program Files\Microsoft Office\Office15\OUTLOOK.EXE
Report Id: 04a14fef-a829-11e7-9eb3-0050569f15a3"
Error,10/3/2017 17:51,EventCreate,1,None,Application,djkvdihost780.jakarta01.com,JAKARTA01\Latiefah  
Error,10/3/2017 17:51,Application Error,1000,-100,Application,djkvdihost780.jakarta01.com,"Faulting application name: lync.exe, version: 15.0.4919.1000, time stamp: 0x58c7ab1e
Faulting module name: unknown, version: 0.0.0.0, time stamp: 0x00000000
Exception code: 0xc0000005
Fault offset: 0x00000140
Faulting process id: 0x1568
Faulting application start time: 0x01d33be2616cd4dd
Faulting application path: C:\Program Files\Microsoft Office\Office15\lync.exe
Faulting module path: unknown
Report Id: cd1c976c-a828-11e7-a75d-0050569f1146"
Error,10/3/2017 17:50,EventCreate,1,None,Application,djkvdihost622.jakarta01.com,JAKARTA01\Siti Atikah  
Error,10/3/2017 15:08,EventCreate,1,None,Application,djkvdihost112.jakarta01.com,"The description for Event ID 1 from source EventCreate cannot be found. Either the component that raises this event is not installed on your local computer or the installation is corrupted. You can install or repair the component on the local computer.

If the event originated on another computer, the display information had to be saved with the event.

The following information was included with the event: 

JAKARTA01\djkusertest01  
"
Error,10/3/2017 17:46,EventCreate,1,None,Application,djkvdihost437.jakarta01.com,JAKARTA01\ario  
Error,10/3/2017 17:45,EventCreate,1,None,Application,djkvdihost437.jakarta01.com,JAKARTA01\ario  
Error,10/3/2017 17:45,EventCreate,1,None,Application,djkvdihost437.jakarta01.com,JAKARTA01\ario  
Error,10/3/2017 17:44,EventCreate,1,None,Application,djkvdihost873.jakarta01.com,JAKARTA01\bayu  
Error,10/3/2017 17:39,EventCreate,1,None,Application,djkvdihost046.jakarta01.com,JAKARTA01\dolly  
Error,10/3/2017 17:31,EventCreate,1,None,Application,djkvdihost401.jakarta01.com,JAKARTA01\saptorini  
Error,10/3/2017 17:30,EventCreate,1,None,Application,djkvdihost135.jakarta01.com,JAKARTA01\michael  
Error,10/3/2017 17:30,Application Error,1000,-100,Application,djkvdihost135.jakarta01.com,"Faulting application name: OUTLOOK.EXE, version: 15.0.4919.1001, time stamp: 0x58d20482
Faulting module name: OUTLOOK.EXE, version: 15.0.4919.1001, time stamp: 0x58d20482
Exception code: 0xc0000005
Fault offset: 0x008924c4
Faulting process id: 0x1d60
Faulting application start time: 0x01d33bfe13e55f7c
Faulting application path: C:\Program Files\Microsoft Office\Office15\OUTLOOK.EXE
Faulting module path: C:\Program Files\Microsoft Office\Office15\OUTLOOK.EXE
Report Id: e2dad9f0-a825-11e7-b7c2-0050569f64d7"
Error,10/3/2017 17:29,EventCreate,1,None,Application,djkvdihost142.jakarta01.com,JAKARTA01\iqbal maulanasani  
Error,10/3/2017 17:30,EventCreate,1,None,Application,djkvdihost401.jakarta01.com,JAKARTA01\saptorini  
Error,10/3/2017 17:29,EventCreate,1,None,Application,djkvdihost142.jakarta01.com,JAKARTA01\iqbal maulanasani  
Error,10/3/2017 17:28,EventCreate,1,None,Application,djkvdihost831.jakarta01.com,JAKARTA01\wisnu  
Error,10/3/2017 17:28,EventCreate,1,None,Application,djkvdihost831.jakarta01.com,JAKARTA01\wisnu  
Error,10/3/2017 17:22,EventCreate,1,None,Application,djkvdihost863.jakarta01.com,JAKARTA01\kubo  
Error,10/3/2017 17:19,EventCreate,1,None,Application,djkvdihost401.jakarta01.com,JAKARTA01\shinta  
Error,10/3/2017 17:16,EventCreate,1,None,Application,djkvdihost142.jakarta01.com,JAKARTA01\shinta  
Error,10/3/2017 17:16,EventCreate,1,None,Application,djkvdihost113.jakarta01.com,JAKARTA01\sanggra  
Error,10/3/2017 17:16,Application Error,1000,-100,Application,djkvdihost113.jakarta01.com,"Faulting application name: OUTLOOK.EXE, version: 15.0.4919.1001, time stamp: 0x58d20482
Faulting module name: OUTLOOK.EXE, version: 15.0.4919.1001, time stamp: 0x58d20482
Exception code: 0xc0000005
Fault offset: 0x008924c4
Faulting process id: 0x1ec8
Faulting application start time: 0x01d33bf8ae28578c
Faulting application path: C:\Program Files\Microsoft Office\Office15\OUTLOOK.EXE
Faulting module path: C:\Program Files\Microsoft Office\Office15\OUTLOOK.EXE
Report Id: de2e2f55-a823-11e7-a7a8-0050569f6764"
Error,10/3/2017 17:12,EventCreate,1,None,Application,djkvdihost233.jakarta01.com,JAKARTA01\poetry  
Error,10/3/2017 17:12,EventCreate,1,None,Application,djkvdihost233.jakarta01.com,JAKARTA01\poetry  
Error,10/3/2017 17:09,EventCreate,1,None,Application,djkvdihost898.jakarta01.com,JAKARTA01\matthew  
Error,10/3/2017 17:09,Application Error,1000,-100,Application,djkvdihost898.jakarta01.com,"Faulting application name: OUTLOOK.EXE, version: 15.0.4927.1001, time stamp: 0x58f5f52e
Faulting module name: unknown, version: 0.0.0.0, time stamp: 0x00000000
Exception code: 0xc0000005
Fault offset: 0x00000000
Faulting process id: 0x168
Faulting application start time: 0x01d33be45f2534d4
Faulting application path: C:\Program Files (x86)\Microsoft Office\Office15\OUTLOOK.EXE
Faulting module path: unknown
Report Id: f2a1425a-a822-11e7-90c2-0050569f032d"
Error,10/3/2017 17:06,EventCreate,1,None,Application,djkvdihost876.jakarta01.com,JAKARTA01\bobby  
Error,10/3/2017 17:02,EventCreate,1,None,Application,djkvdihost525.jakarta01.com,JAKARTA01\Dwi anisa  
Error,10/3/2017 17:02,EventCreate,1,None,Application,djkvdihost039.jakarta01.com,JAKARTA01\syifa  
Error,10/3/2017 17:02,EventCreate,1,None,Application,djkvdihost525.jakarta01.com,JAKARTA01\Dwi anisa  
Error,10/3/2017 17:02,Application Error,1000,-100,Application,djkvdihost039.jakarta01.com,"Faulting application name: EXCEL.EXE, version: 15.0.4919.1000, time stamp: 0x58c7ab0f
Faulting module name: EXCEL.EXE, version: 15.0.4919.1000, time stamp: 0x58c7ab0f
Exception code: 0xc0000005
Fault offset: 0x0094ea89
Faulting process id: 0x16f0
Faulting application start time: 0x01d33bef7db54c1f
Faulting application path: C:\Program Files\Microsoft Office\Office15\EXCEL.EXE
Faulting module path: C:\Program Files\Microsoft Office\Office15\EXCEL.EXE
Report Id: f07437ca-a821-11e7-8c10-0050569f05ad"
Error,10/3/2017 17:01,EventCreate,1,None,Application,djkvdihost832.jakarta01.com,JAKARTA01\livia  
Error,10/3/2017 17:01,EventCreate,1,None,Application,djkvdihost306.jakarta01.com,JAKARTA01\brenda  
Error,10/3/2017 17:01,EventCreate,1,None,Application,djkvdihost861.jakarta01.com,JAKARTA01\Ouchi  
Error,10/3/2017 17:01,Application Error,1000,-100,Application,djkvdihost306.jakarta01.com,"Faulting application name: OUTLOOK.EXE, version: 15.0.4919.1001, time stamp: 0x58d20482
Faulting module name: OUTLOOK.EXE, version: 15.0.4919.1001, time stamp: 0x58d20482
Exception code: 0xc0000005
Fault offset: 0x008924c4
Faulting process id: 0x1aac
Faulting application start time: 0x01d33be3485d52c1
Faulting application path: C:\Program Files\Microsoft Office\Office15\OUTLOOK.EXE
Faulting module path: C:\Program Files\Microsoft Office\Office15\OUTLOOK.EXE
Report Id: c91c67b8-a821-11e7-a711-0050569f3e8b"
Error,10/3/2017 17:01,EventCreate,1,None,Application,djkvdihost832.jakarta01.com,JAKARTA01\livia  
Error,10/3/2017 17:00,EventCreate,1,None,Application,djkvdihost131.jakarta01.com,JAKARTA01\edwan  
Error,10/3/2017 17:00,EventCreate,1,None,Application,djkvdihost119.jakarta01.com,JAKARTA01\harumi  
Error,10/3/2017 16:59,EventCreate,1,None,Application,djkvdihost874.jakarta01.com,JAKARTA01\bayu  
Error,10/3/2017 16:59,Application Error,1000,-100,Application,djkvdihost119.jakarta01.com,"Faulting application name: OUTLOOK.EXE, version: 15.0.4919.1001, time stamp: 0x58d20482
Faulting module name: OUTLOOK.EXE, version: 15.0.4919.1001, time stamp: 0x58d20482
Exception code: 0xc0000005
Fault offset: 0x008924c4
Faulting process id: 0x1e08
Faulting application start time: 0x01d33be32b21fe0e
Faulting application path: C:\Program Files\Microsoft Office\Office15\OUTLOOK.EXE
Faulting module path: C:\Program Files\Microsoft Office\Office15\OUTLOOK.EXE
Report Id: 9be0316c-a821-11e7-b1cb-0050569f2a4c"
Error,10/3/2017 16:59,EventCreate,1,None,Application,djkvdihost726.jakarta01.com,JAKARTA01\Dwi anisa  
Error,10/3/2017 16:59,Application Error,1000,-100,Application,djkvdihost874.jakarta01.com,"Faulting application name: OUTLOOK.EXE, version: 15.0.4919.1001, time stamp: 0x58d20482
Faulting module name: OUTLOOK.EXE, version: 15.0.4919.1001, time stamp: 0x58d20482
Exception code: 0xc0000005
Fault offset: 0x008924c4
Faulting process id: 0x1324
Faulting application start time: 0x01d33bf664cc5b29
Faulting application path: C:\Program Files\Microsoft Office\Office15\OUTLOOK.EXE
Faulting module path: C:\Program Files\Microsoft Office\Office15\OUTLOOK.EXE
Report Id: 9168fd1b-a821-11e7-9d95-0050569f5341"
Error,10/3/2017 16:58,EventCreate,1,None,Application,djkvdihost094.jakarta01.com,JAKARTA01\subhan  
Error,10/3/2017 16:58,Application Error,1000,-100,Application,djkvdihost094.jakarta01.com,"Faulting application name: EXCEL.EXE, version: 15.0.4919.1000, time stamp: 0x58c7ab0f
Faulting module name: EXCEL.EXE, version: 15.0.4919.1000, time stamp: 0x58c7ab0f
Exception code: 0xc0000005
Fault offset: 0x00100002
Faulting process id: 0x1bf8
Faulting application start time: 0x01d33be827e1ab3d
Faulting application path: C:\Program Files\Microsoft Office\Office15\EXCEL.EXE
Faulting module path: C:\Program Files\Microsoft Office\Office15\EXCEL.EXE
Report Id: 6d9e8c5c-a821-11e7-8e6d-0050569f0521"
Error,10/3/2017 16:57,EventCreate,1,None,Application,djkvdihost687.jakarta01.com,JAKARTA01\ayu  
Error,10/3/2017 16:57,Application Error,1000,-100,Application,djkvdihost687.jakarta01.com,"Faulting application name: OUTLOOK.EXE, version: 15.0.4919.1001, time stamp: 0x58d20482
Faulting module name: OUTLOOK.EXE, version: 15.0.4919.1001, time stamp: 0x58d20482
Exception code: 0xc0000005
Fault offset: 0x008924c4
Faulting process id: 0x1fb8
Faulting application start time: 0x01d33be21c0f6515
Faulting application path: C:\Program Files\Microsoft Office\Office15\OUTLOOK.EXE
Faulting module path: C:\Program Files\Microsoft Office\Office15\OUTLOOK.EXE
Report Id: 4266b353-a821-11e7-9cca-0050569f4c9f"
Error,10/3/2017 16:55,EventCreate,1,None,Application,djkvdihost126.jakarta01.com,JAKARTA01\raymond  
Error,10/3/2017 16:55,Application Error,1000,-100,Application,djkvdihost126.jakarta01.com,"Faulting application name: spoolsv.exe, version: 6.1.7601.17777, time stamp: 0x4f35efc3
Faulting module name: msvcrt.dll, version: 7.0.7601.17744, time stamp: 0x4eeaf722
Exception code: 0xc0000005
Fault offset: 0x0000aa14
Faulting process id: 0x640
Faulting application start time: 0x01d33c2bd69fa9b1
Faulting application path: C:\Windows\System32\spoolsv.exe
Faulting module path: C:\Windows\system32\msvcrt.dll
Report Id: 02309ab4-a821-11e7-bc17-0050569f2fff"
Error,10/3/2017 16:54,EventCreate,1,None,Application,djkvdihost126.jakarta01.com,JAKARTA01\raymond  
Error,10/3/2017 16:54,EventCreate,1,None,Application,djkvdihost161.jakarta01.com,JAKARTA01\astio  
Error,10/3/2017 16:54,Application Error,1000,-100,Application,djkvdihost161.jakarta01.com,"Faulting application name: cwbunnav.exe, version: 12.0.0.0, time stamp: 0x483ccc47
Faulting module name: cwbunjni.dll, version: 12.0.0.0, time stamp: 0x48607acf
Exception code: 0xc0000005
Fault offset: 0x00007644
Faulting process id: 0x11e0
Faulting application start time: 0x01d33c2d8bfab1dd
Faulting application path: C:\Program Files\IBM\Client Access\cwbunnav.exe
Faulting module path: C:\Program Files\IBM\Client Access\Shared\cwbunjni.dll
Report Id: d08d7616-a820-11e7-a729-0050569f0cc0"
Error,10/3/2017 16:53,EventCreate,1,None,Application,djkvdihost812.jakarta01.com,JAKARTA01\erikson  
Error,10/3/2017 16:53,EventCreate,1,None,Application,djkvdihost563.jakarta01.com,JAKARTA01\guestisd39  
Error,10/3/2017 16:52,EventCreate,1,None,Application,djkvdihost812.jakarta01.com,JAKARTA01\erikson  
Error,10/3/2017 16:51,EventCreate,1,None,Application,djkvdihost778.jakarta01.com,JAKARTA01\livia  
Error,10/3/2017 16:51,EventCreate,1,None,Application,djkvdihost611.jakarta01.com,JAKARTA01\budsiregar  
Error,10/3/2017 16:51,EventCreate,1,None,Application,djkvdihost611.jakarta01.com,JAKARTA01\budsiregar  
Error,10/3/2017 16:50,EventCreate,1,None,Application,djkvdihost573.jakarta01.com,JAKARTA01\naldi  
Error,10/3/2017 16:50,EventCreate,1,None,Application,djkvdihost302.jakarta01.com,JAKARTA01\feni  
Error,10/3/2017 16:50,Application Error,1000,-100,Application,djkvdihost573.jakarta01.com,"Faulting application name: OUTLOOK.EXE, version: 15.0.4919.1001, time stamp: 0x58d20482
Faulting module name: OUTLOOK.EXE, version: 15.0.4919.1001, time stamp: 0x58d20482
Exception code: 0xc0000005
Fault offset: 0x008924c4
Faulting process id: 0x157c
Faulting application start time: 0x01d33be75ccb781b
Faulting application path: C:\Program Files\Microsoft Office\Office15\OUTLOOK.EXE
Faulting module path: C:\Program Files\Microsoft Office\Office15\OUTLOOK.EXE
Report Id: 4388bb19-a820-11e7-9fda-0050569f6f7b"
Error,10/3/2017 16:45,EventCreate,1,None,Application,djkvdihost612.jakarta01.com,JAKARTA01\darnito  
Error,10/3/2017 16:45,EventCreate,1,None,Application,djkvdihost612.jakarta01.com,JAKARTA01\darnito  
Error,10/3/2017 16:44,EventCreate,1,None,Application,djkvdihost815.jakarta01.com,JAKARTA01\Agus  
Error,10/3/2017 14:54,EventCreate,1,None,Application,djkvdihost376.jakarta01.com,JAKARTA01\willya  
Error,10/3/2017 16:43,EventCreate,1,None,Application,djkvdihost766.jakarta01.com,JAKARTA01\aisyah  
Error,10/3/2017 16:44,EventCreate,1,None,Application,djkvdihost815.jakarta01.com,JAKARTA01\Agus  
Error,10/3/2017 16:43,Application Error,1000,-100,Application,djkvdihost766.jakarta01.com,"Faulting application name: iexplore.exe, version: 11.0.9600.18639, time stamp: 0x58d6bb0d
Faulting module name: unknown, version: 0.0.0.0, time stamp: 0x00000000
Exception code: 0xc0000005
Fault offset: 0x7ff1c238
Faulting process id: 0x668
Faulting application start time: 0x01d33c26a66b415c
Faulting application path: C:\Program Files\Internet Explorer\iexplore.exe
Faulting module path: unknown
Report Id: 56a9d34f-a81f-11e7-8849-0050569f4f44"
Error,10/3/2017 16:43,EventCreate,1,None,Application,djkvdihost590.jakarta01.com,JAKARTA01\komangya  
Error,10/3/2017 16:42,EventCreate,1,None,Application,djkvdihost067.jakarta01.com,JAKARTA01\wirantika  
Error,10/3/2017 16:41,EventCreate,1,None,Application,djkvdihost590.jakarta01.com,JAKARTA01\komangya  
Error,10/3/2017 16:41,EventCreate,1,None,Application,djkvdihost590.jakarta01.com,JAKARTA01\komangya  
Error,10/3/2017 16:40,EventCreate,1,None,Application,djkvdihost520.jakarta01.com,JAKARTA01\aryani  
Error,10/3/2017 16:39,EventCreate,1,None,Application,djkvdihost255.jakarta01.com,JAKARTA01\elestari  
Error,10/3/2017 16:39,EventCreate,1,None,Application,djkvdihost520.jakarta01.com,JAKARTA01\aryani  
Error,10/3/2017 16:38,EventCreate,1,None,Application,djkvdihost255.jakarta01.com,JAKARTA01\elestari  
Error,10/3/2017 16:35,EventCreate,1,None,Application,djkvdihost406.jakarta01.com,JAKARTA01\komangya  
Error,10/3/2017 16:35,EventCreate,1,None,Application,djkvdihost406.jakarta01.com,JAKARTA01\komangya  
Error,10/3/2017 16:30,EventCreate,1,None,Application,djkvdihost361.jakarta01.com,JAKARTA01\AdindaGita  
Error,10/3/2017 16:30,EventCreate,1,None,Application,djkvdihost361.jakarta01.com,JAKARTA01\AdindaGita  
Error,10/3/2017 16:29,EventCreate,1,None,Application,djkvdihost026.jakarta01.com,JAKARTA01\Thalia  
Error,10/3/2017 16:29,EventCreate,1,None,Application,djkvdihost029.jakarta01.com,JAKARTA01\rahmatia  
Error,10/3/2017 15:57,EventCreate,1,None,Application,djkvdihost235.jakarta01.com,JAKARTA01\Shena  
Error,10/3/2017 16:28,EventCreate,1,None,Application,djkvdihost029.jakarta01.com,JAKARTA01\rahmatia  
Error,10/3/2017 16:28,EventCreate,1,None,Application,djkvdihost574.jakarta01.com,JAKARTA01\debby  
