Error,10/2/2017 4:40:46 PM,Application Error,1000,(100),Application,djkvdihost383.jakarta01.com,"Faulting application name: EXCEL.EXE, version: 15.0.4919.1000, time stamp: 0x58c7ab0f
Faulting module name: EXCEL.EXE, version: 15.0.4919.1000, time stamp: 0x58c7ab0f
Exception code: 0xc0000005
Fault offset: 0x001fd5cc
Faulting process id: 0x167c
Faulting application start time: 0x01d33b1a7c9266ea
Faulting application path: C:\Program Files\Microsoft Office\Office15\EXCEL.EXE
Faulting module path: C:\Program Files\Microsoft Office\Office15\EXCEL.EXE
Report Id: c3eb3306-a755-11e7-a7dd-0050569f63ec"
Error,10/2/2017 4:39:09 PM,EventCreate,1,None,Application,djkvdihost572.jakarta01.com,JAKARTA01\guestisd53  
Error,10/2/2017 4:38:01 PM,EventCreate,1,None,Application,djkvdihost184.jakarta01.com,JAKARTA01\evi  
Error,10/2/2017 4:37:54 PM,EventCreate,1,None,Application,djkvdihost739.jakarta01.com,JAKARTA01\Moh Ditto  
Error,10/2/2017 4:37:54 PM,Application Error,1000,(100),Application,djkvdihost739.jakarta01.com,"Faulting application name: PrintIsolationHost.exe, version: 6.1.7600.16385, time stamp: 0x4a5bcebc
Faulting module name: hpzppWN7.dll, version: 0.3.7071.0, time stamp: 0x4a5bda01
Exception code: 0xc0000005
Fault offset: 0x0000346c
Faulting process id: 0x1754
Faulting application start time: 0x01d33b621f48c53d
Faulting application path: C:\Windows\system32\PrintIsolationHost.exe
Faulting module path: C:\Windows\system32\spool\PRTPROCS\W32X86\hpzppWN7.dll
Report Id: 5cfed5a2-a755-11e7-864c-0050569f163a"
Error,10/2/2017 4:37:57 PM,Application Error,1000,(100),Application,djkvdihost184.jakarta01.com,"Faulting application name: EXCEL.EXE, version: 15.0.4919.1000, time stamp: 0x58c7ab0f
Faulting module name: FX6SGALK-2.DLL, version: 0.3.0.0, time stamp: 0x50062f4d
Exception code: 0xc0000005
Fault offset: 0x0029bdf8
Faulting process id: 0x22c4
Faulting application start time: 0x01d33b5d723e89cc
Faulting application path: C:\Program Files\Microsoft Office\Office15\EXCEL.EXE
Faulting module path: C:\Windows\system32\spool\DRIVERS\W32X86\3\FX6SGALK-2.DLL
Report Id: 5f056aec-a755-11e7-b4d4-0050569f1eea"
Error,10/2/2017 4:37:53 PM,Application Error,1000,(100),Application,djkvdihost739.jakarta01.com,"Faulting application name: PrintIsolationHost.exe, version: 6.1.7600.16385, time stamp: 0x4a5bcebc
Faulting module name: hpzppWN7.dll, version: 0.3.7071.0, time stamp: 0x4a5bda01
Exception code: 0xc0000005
Fault offset: 0x0000346c
Faulting process id: 0x1088
Faulting application start time: 0x01d33b62120d05db
Faulting application path: C:\Windows\system32\PrintIsolationHost.exe
Faulting module path: C:\Windows\system32\spool\PRTPROCS\W32X86\hpzppWN7.dll
Report Id: 5cb50ae3-a755-11e7-864c-0050569f163a"
Error,10/2/2017 4:37:28 PM,EventCreate,1,None,Application,djkvdihost572.jakarta01.com,JAKARTA01\guestisd53  
Error,10/2/2017 4:34:39 PM,EventCreate,1,None,Application,djkvdihost379.jakarta01.com,JAKARTA01\andryan  
Error,10/2/2017 4:34:32 PM,EventCreate,1,None,Application,djkvdihost671.jakarta01.com,JAKARTA01\wirantika  
Error,10/2/2017 4:34:38 PM,Application Error,1000,(100),Application,djkvdihost379.jakarta01.com,"Faulting application name: OUTLOOK.EXE, version: 15.0.4919.1001, time stamp: 0x58d20482
Faulting module name: OUTLOOK.EXE, version: 15.0.4919.1001, time stamp: 0x58d20482
Exception code: 0xc0000005
Fault offset: 0x008924c4
Faulting process id: 0x19ac
Faulting application start time: 0x01d33b2f87eb9b9b
Faulting application path: C:\Program Files\Microsoft Office\Office15\OUTLOOK.EXE
Faulting module path: C:\Program Files\Microsoft Office\Office15\OUTLOOK.EXE
Report Id: e82572d2-a754-11e7-9a24-0050569f4898"
Error,10/2/2017 4:32:20 PM,EventCreate,1,None,Application,djkvdihost688.jakarta01.com,JAKARTA01\kusumadita  
Error,10/2/2017 4:32:18 PM,Application Error,1000,(100),Application,djkvdihost688.jakarta01.com,"Faulting application name: OUTLOOK.EXE, version: 15.0.4919.1001, time stamp: 0x58d20482
Faulting module name: OUTLOOK.EXE, version: 15.0.4919.1001, time stamp: 0x58d20482
Exception code: 0xc0000005
Fault offset: 0x008924c7
Faulting process id: 0x1ac4
Faulting application start time: 0x01d33b2e7c4a6ffb
Faulting application path: C:\Program Files\Microsoft Office\Office15\OUTLOOK.EXE
Faulting module path: C:\Program Files\Microsoft Office\Office15\OUTLOOK.EXE
Report Id: 952c066e-a754-11e7-8a8f-0050569f70f3"
Error,10/2/2017 4:29:47 PM,EventCreate,1,None,Application,djkvdihost307.jakarta01.com,JAKARTA01\GUESTISD28  
Error,10/2/2017 4:29:38 PM,Application Error,1000,(100),Application,djkvdihost307.jakarta01.com,"Faulting application name: EXCEL.EXE, version: 15.0.4919.1000, time stamp: 0x58c7ab0f
Faulting module name: EXCEL.EXE, version: 15.0.4919.1000, time stamp: 0x58c7ab0f
Exception code: 0xc0000005
Fault offset: 0x00466d11
Faulting process id: 0x1ee4
Faulting application start time: 0x01d33b3d369101a7
Faulting application path: C:\Program Files\Microsoft Office\Office15\EXCEL.EXE
Faulting module path: C:\Program Files\Microsoft Office\Office15\EXCEL.EXE
Report Id: 358b8757-a754-11e7-bfbd-0050569f2ce9"
Error,10/2/2017 4:28:43 PM,EventCreate,1,None,Application,djkvdihost033.jakarta01.com,JAKARTA01\erminawati  
Error,10/2/2017 4:28:42 PM,Application Error,1000,(100),Application,djkvdihost033.jakarta01.com,"Faulting application name: OUTLOOK.EXE, version: 15.0.4919.1001, time stamp: 0x58d20482
Faulting module name: OUTLOOK.EXE, version: 15.0.4919.1001, time stamp: 0x58d20482
Exception code: 0xc0000005
Fault offset: 0x008924c4
Faulting process id: 0xaa0
Faulting application start time: 0x01d33b478553b0dd
Faulting application path: C:\Program Files\Microsoft Office\Office15\OUTLOOK.EXE
Faulting module path: C:\Program Files\Microsoft Office\Office15\OUTLOOK.EXE
Report Id: 141e190d-a754-11e7-9662-0050569f3ef5"
Error,10/2/2017 4:22:50 PM,EventCreate,1,None,Application,djkvdihost432.jakarta01.com,JAKARTA01\Pricillia  
Error,10/2/2017 4:22:48 PM,EventCreate,1,None,Application,djkvdihost507.jakarta01.com,JAKARTA01\juliet  
Error,10/2/2017 4:22:47 PM,Application Error,1000,(100),Application,djkvdihost507.jakarta01.com,"Faulting application name: OUTLOOK.EXE, version: 15.0.4919.1001, time stamp: 0x58d20482
Faulting module name: OUTLOOK.EXE, version: 15.0.4919.1001, time stamp: 0x58d20482
Exception code: 0xc0000005
Fault offset: 0x008924c4
Faulting process id: 0x13c8
Faulting application start time: 0x01d33b55a07fadf8
Faulting application path: C:\Program Files\Microsoft Office\Office15\OUTLOOK.EXE
Faulting module path: C:\Program Files\Microsoft Office\Office15\OUTLOOK.EXE
Report Id: 4052e762-a753-11e7-8259-0050569f3022"
Error,10/2/2017 4:22:18 PM,EventCreate,1,None,Application,djkvdihost198.jakarta01.com,JAKARTA01\regina  
Error,10/2/2017 4:22:46 PM,Application Error,1000,(100),Application,djkvdihost432.jakarta01.com,"Faulting application name: OUTLOOK.EXE, version: 15.0.4919.1001, time stamp: 0x58d20482
Faulting module name: OUTLOOK.EXE, version: 15.0.4919.1001, time stamp: 0x58d20482
Exception code: 0xc0000005
Fault offset: 0x008924c4
Faulting process id: 0x1cd8
Faulting application start time: 0x01d33b0fc60ac9cc
Faulting application path: C:\Program Files\Microsoft Office\Office15\OUTLOOK.EXE
Faulting module path: C:\Program Files\Microsoft Office\Office15\OUTLOOK.EXE
Report Id: 40124165-a753-11e7-a9e1-0050569f10c4"
Error,10/2/2017 4:22:16 PM,EventCreate,1,None,Application,djkvdihost198.jakarta01.com,JAKARTA01\regina  
Error,10/2/2017 4:21:21 PM,EventCreate,1,None,Application,djkvdihost519.jakarta01.com,JAKARTA01\Hilman  
Error,10/2/2017 4:20:36 PM,EventCreate,1,None,Application,djkvdihost401.jakarta01.com,JAKARTA01\hadid  
Error,10/2/2017 4:20:55 PM,EventCreate,1,None,Application,djkvdihost519.jakarta01.com,JAKARTA01\Hilman  
Error,10/2/2017 4:20:35 PM,Application Error,1000,(100),Application,djkvdihost401.jakarta01.com,"Faulting application name: OUTLOOK.EXE, version: 15.0.4919.1001, time stamp: 0x58d20482
Faulting module name: OUTLOOK.EXE, version: 15.0.4919.1001, time stamp: 0x58d20482
Exception code: 0xc0000005
Fault offset: 0x008924c4
Faulting process id: 0x1f10
Faulting application start time: 0x01d33b198a83b00a
Faulting application path: C:\Program Files\Microsoft Office\Office15\OUTLOOK.EXE
Faulting module path: C:\Program Files\Microsoft Office\Office15\OUTLOOK.EXE
Report Id: f203066e-a752-11e7-a954-0050569f74f0"
Error,10/2/2017 4:17:50 PM,EventCreate,1,None,Application,djkvdihost651.jakarta01.com,JAKARTA01\nurfadila  
Error,10/2/2017 4:17:55 PM,EventCreate,1,None,Application,djkvdihost111.jakarta01.com,JAKARTA01\rahmatia  
Error,10/2/2017 4:17:45 PM,EventCreate,1,None,Application,djkvdihost651.jakarta01.com,JAKARTA01\nurfadila  
Error,10/2/2017 4:13:31 PM,EventCreate,1,None,Application,djkvdihost782.jakarta01.com,JAKARTA01\Dina Vathati  
Error,10/2/2017 4:13:28 PM,Application Error,1000,(100),Application,djkvdihost782.jakarta01.com,"Faulting application name: OUTLOOK.EXE, version: 15.0.4919.1001, time stamp: 0x58d20482
Faulting module name: OUTLOOK.EXE, version: 15.0.4919.1001, time stamp: 0x58d20482
Exception code: 0xc0000005
Fault offset: 0x008924c7
Faulting process id: 0x668
Faulting application start time: 0x01d33b198d9ba993
Faulting application path: C:\Program Files\Microsoft Office\Office15\OUTLOOK.EXE
Faulting module path: C:\Program Files\Microsoft Office\Office15\OUTLOOK.EXE
Report Id: f33369f2-a751-11e7-8941-0050569f3a53"
Error,10/2/2017 4:11:37 PM,EventCreate,1,None,Application,djkvdihost703.jakarta01.com,JAKARTA01\Shena  
Error,10/2/2017 4:10:00 PM,EventCreate,1,None,Application,djkvdihost647.jakarta01.com,JAKARTA01\sari  
Error,10/2/2017 4:09:56 PM,Application Error,1000,(100),Application,djkvdihost647.jakarta01.com,"Faulting application name: iexplore.exe, version: 11.0.9600.18639, time stamp: 0x58d6bb0d
Faulting module name: MSHTML.dll, version: 11.0.9600.18639, time stamp: 0x58d6c720
Exception code: 0xc0000005
Fault offset: 0x000ac604
Faulting process id: 0x1d9c
Faulting application start time: 0x01d33b1d0e89a03d
Faulting application path: C:\Program Files\Internet Explorer\iexplore.exe
Faulting module path: C:\Windows\system32\MSHTML.dll
Report Id: 753c88d2-a751-11e7-bcaf-0050569f613e"
Error,10/2/2017 4:06:10 PM,EventCreate,1,None,Application,djkvdihost012.jakarta01.com,JAKARTA01\ridjal  
Error,10/2/2017 4:02:38 PM,EventCreate,1,None,Application,djkvdihost700.jakarta01.com,JAKARTA01\Luki Mahanani  
Error,10/2/2017 4:02:19 PM,EventCreate,1,None,Application,djkvdihost389.jakarta01.com,JAKARTA01\Anton 2  
Error,10/2/2017 3:58:37 PM,EventCreate,1,None,Application,djkvdihost467.jakarta01.com,JAKARTA01\imam  
Error,10/2/2017 3:58:34 PM,Application Error,1000,(100),Application,djkvdihost467.jakarta01.com,"Faulting application name: cwbunnav.exe, version: 12.0.0.0, time stamp: 0x483ccc47
Faulting module name: cwbunjni.dll, version: 12.0.0.0, time stamp: 0x48607acf
Exception code: 0xc0000005
Fault offset: 0x00007644
Faulting process id: 0x1ccc
Faulting application start time: 0x01d33b5c9ce785b9
Faulting application path: C:\Program Files\IBM\Client Access\cwbunnav.exe
Faulting module path: C:\Program Files\IBM\Client Access\Shared\cwbunjni.dll
Report Id: de9609a9-a74f-11e7-b271-0050569f4224"
Error,10/2/2017 3:57:27 PM,EventCreate,1,None,Application,djkvdihost347.jakarta01.com,JAKARTA01\rubyani  
Error,10/2/2017 3:57:22 PM,Application Error,1000,(100),Application,djkvdihost347.jakarta01.com,"Faulting application name: WINWORD.EXE, version: 15.0.4911.1000, time stamp: 0x58a2c075
Faulting module name: KERNELBASE.dll, version: 6.1.7601.23714, time stamp: 0x58bf87a4
Exception code: 0xe06d7363
Fault offset: 0x0000845d
Faulting process id: 0x20c0
Faulting application start time: 0x01d33b5c1a67c027
Faulting application path: C:\Program Files\Microsoft Office\Office15\WINWORD.EXE
Faulting module path: C:\Windows\system32\KERNELBASE.dll
Report Id: b3d3e54d-a74f-11e7-8702-0050569f08e4"
Error,10/2/2017 3:52:50 PM,EventCreate,1,None,Application,djkvdihost120.jakarta01.com,JAKARTA01\michiko  
Error,10/2/2017 3:52:49 PM,Application Error,1000,(100),Application,djkvdihost120.jakarta01.com,"Faulting application name: OUTLOOK.EXE, version: 15.0.4919.1001, time stamp: 0x58d20482
Faulting module name: OUTLOOK.EXE, version: 15.0.4919.1001, time stamp: 0x58d20482
Exception code: 0xc0000005
Fault offset: 0x008924c4
Faulting process id: 0x808
Faulting application start time: 0x01d33b239b2ff588
Faulting application path: C:\Program Files\Microsoft Office\Office15\OUTLOOK.EXE
Faulting module path: C:\Program Files\Microsoft Office\Office15\OUTLOOK.EXE
Report Id: 10b8d083-a74f-11e7-ab3b-0050569f50b7"
Error,10/2/2017 3:48:06 PM,EventCreate,1,None,Application,djkvdihost291.jakarta01.com,JAKARTA01\aria  
Error,10/2/2017 3:47:59 PM,Application Error,1000,(100),Application,djkvdihost291.jakarta01.com,"Faulting application name: spoolsv.exe, version: 6.1.7601.17777, time stamp: 0x4f35efc3
Faulting module name: msvcrt.dll, version: 7.0.7601.17744, time stamp: 0x4eeaf722
Exception code: 0xc0000005
Fault offset: 0x0000aa14
Faulting process id: 0x63c
Faulting application start time: 0x01d33b58954cb169
Faulting application path: C:\Windows\System32\spoolsv.exe
Faulting module path: C:\Windows\system32\msvcrt.dll
Report Id: 64258240-a74e-11e7-bac9-0050569f1d26"
Error,10/2/2017 3:47:29 PM,EventCreate,1,None,Application,djkvdihost291.jakarta01.com,JAKARTA01\aria  
Error,10/2/2017 3:42:21 PM,EventCreate,1,None,Application,djkvdihost876.jakarta01.com,JAKARTA01\katsuta  
Error,10/2/2017 3:27:53 PM,EventCreate,1,None,Application,djkvdihost649.jakarta01.com,JAKARTA01\MahendraR  
Error,10/2/2017 3:27:28 PM,EventCreate,1,None,Application,djkvdihost650.jakarta01.com,JAKARTA01\aria  
Error,10/2/2017 3:27:53 PM,Application Error,1000,(100),Application,djkvdihost649.jakarta01.com,"Faulting application name: OUTLOOK.EXE, version: 15.0.4919.1001, time stamp: 0x58d20482
Faulting module name: OUTLOOK.EXE, version: 15.0.4919.1001, time stamp: 0x58d20482
Exception code: 0xc0000005
Fault offset: 0x008924c4
Faulting process id: 0x64c
Faulting application start time: 0x01d33b28eb28cdf8
Faulting application path: C:\Program Files\Microsoft Office\Office15\OUTLOOK.EXE
Faulting module path: C:\Program Files\Microsoft Office\Office15\OUTLOOK.EXE
Report Id: 950f3aa6-a74b-11e7-82b9-0050569f7cb7"
Error,10/2/2017 3:25:05 PM,EventCreate,1,None,Application,djkvdihost104.jakarta01.com,JAKARTA01\restiani  
Error,10/2/2017 3:24:34 PM,EventCreate,1,None,Application,djkvdihost214.jakarta01.com,JAKARTA01\eddy  
Error,10/2/2017 3:24:34 PM,Application Error,1000,(100),Application,djkvdihost214.jakarta01.com,"Faulting application name: OUTLOOK.EXE, version: 15.0.4919.1001, time stamp: 0x58d20482
Faulting module name: OUTLOOK.EXE, version: 15.0.4919.1001, time stamp: 0x58d20482
Exception code: 0xc0000005
Fault offset: 0x008924c4
Faulting process id: 0x10c4
Faulting application start time: 0x01d33b4e248374e2
Faulting application path: C:\Program Files\Microsoft Office\Office15\OUTLOOK.EXE
Faulting module path: C:\Program Files\Microsoft Office\Office15\OUTLOOK.EXE
Report Id: 1e79b835-a74b-11e7-9ec6-0050569f50f1"
Error,10/2/2017 3:22:05 PM,EventCreate,1,None,Application,djkvdihost659.jakarta01.com,JAKARTA01\Erlisa  
Error,10/2/2017 3:22:02 PM,Application Error,1000,(100),Application,djkvdihost659.jakarta01.com,"Faulting application name: EXCEL.EXE, version: 15.0.4919.1000, time stamp: 0x58c7ab0f
Faulting module name: EXCEL.EXE, version: 15.0.4919.1000, time stamp: 0x58c7ab0f
Exception code: 0xc0000005
Fault offset: 0x0004f585
Faulting process id: 0x2660
Faulting application start time: 0x01d33b577021d787
Faulting application path: C:\Program Files\Microsoft Office\Office15\EXCEL.EXE
Faulting module path: C:\Program Files\Microsoft Office\Office15\EXCEL.EXE
Report Id: c3e67c56-a74a-11e7-b2ee-0050569f3f50"
Error,10/2/2017 3:18:53 PM,EventCreate,1,None,Application,djkvdihost650.jakarta01.com,JAKARTA01\aria  
Error,10/2/2017 1:45:12 PM,EventCreate,1,None,Application,djkvdihost554.jakarta01.com,JAKARTA01\GuestISD57  
Error,10/2/2017 1:44:47 PM,EventCreate,1,None,Application,djkvdihost554.jakarta01.com,JAKARTA01\GuestISD57  
Error,10/2/2017 3:17:07 PM,EventCreate,1,None,Application,djkvdihost667.jakarta01.com,JAKARTA01\Risqia  
Error,10/2/2017 3:17:04 PM,Application Error,1000,(100),Application,djkvdihost667.jakarta01.com,"Faulting application name: OUTLOOK.EXE, version: 15.0.4919.1001, time stamp: 0x58d20482
Faulting module name: OUTLOOK.EXE, version: 15.0.4919.1001, time stamp: 0x58d20482
Exception code: 0xc0000005
Fault offset: 0x008924c7
Faulting process id: 0x724
Faulting application start time: 0x01d33b1b745fc248
Faulting application path: C:\Program Files\Microsoft Office\Office15\OUTLOOK.EXE
Faulting module path: C:\Program Files\Microsoft Office\Office15\OUTLOOK.EXE
Report Id: 1253d09a-a74a-11e7-8529-0050569f29fc"
Error,10/2/2017 3:15:16 PM,EventCreate,1,None,Application,djkvdihost224.jakarta01.com,JAKARTA01\tjahja  
Error,10/2/2017 3:15:12 PM,Application Error,1000,(100),Application,djkvdihost224.jakarta01.com,"Faulting application name: OUTLOOK.EXE, version: 15.0.4919.1001, time stamp: 0x58d20482
Faulting module name: OUTLOOK.EXE, version: 15.0.4919.1001, time stamp: 0x58d20482
Exception code: 0xc0000005
Fault offset: 0x008924c4
Faulting process id: 0x1854
Faulting application start time: 0x01d33b1176daf2b9
Faulting application path: C:\Program Files\Microsoft Office\Office15\OUTLOOK.EXE
Faulting module path: C:\Program Files\Microsoft Office\Office15\OUTLOOK.EXE
Report Id: cfbfc830-a749-11e7-8e86-0050569f7648"
Error,10/2/2017 3:14:20 PM,EventCreate,1,None,Application,djkvdihost209.jakarta01.com,JAKARTA01\adiyanti  
Error,10/2/2017 3:14:44 PM,EventCreate,1,None,Application,djkvdihost815.jakarta01.com,JAKARTA01\shinta dewi  
Error,10/2/2017 3:14:10 PM,Application Error,1000,(100),Application,djkvdihost209.jakarta01.com,"Faulting application name: PhotoScreensaver.scr, version: 6.1.7601.17514, time stamp: 0x4ce7a590
Faulting module name: SHELL32.dll, version: 6.1.7601.23537, time stamp: 0x57c450f4
Exception code: 0xc0000005
Fault offset: 0x001f269f
Faulting process id: 0x14b8
Faulting application start time: 0x01d33b5661cd7bb5
Faulting application path: C:\Windows\system32\PhotoScreensaver.scr
Faulting module path: C:\Windows\system32\SHELL32.dll
Report Id: aaba9fc1-a749-11e7-9852-0050569f17a5"
Error,10/2/2017 3:11:50 PM,EventCreate,1,None,Application,djkvdihost475.jakarta01.com,JAKARTA01\Arlyne  
Error,10/2/2017 3:11:50 PM,Application Error,1000,(100),Application,djkvdihost475.jakarta01.com,"Faulting application name: EXCEL.EXE, version: 15.0.4919.1000, time stamp: 0x58c7ab0f
Faulting module name: EXCEL.EXE, version: 15.0.4919.1000, time stamp: 0x58c7ab0f
Exception code: 0xc0000005
Fault offset: 0x0006b91f
Faulting process id: 0x1b3c
Faulting application start time: 0x01d33b300844039a
Faulting application path: C:\Program Files\Microsoft Office\Office15\EXCEL.EXE
Faulting module path: C:\Program Files\Microsoft Office\Office15\EXCEL.EXE
Report Id: 56edbcb2-a749-11e7-ae84-0050569f4e32"
Error,10/2/2017 3:11:30 PM,EventCreate,1,None,Application,djkvdihost475.jakarta01.com,JAKARTA01\Arlyne  
Error,10/2/2017 3:11:27 PM,Application Error,1000,(100),Application,djkvdihost475.jakarta01.com,"Faulting application name: EXCEL.EXE, version: 15.0.4919.1000, time stamp: 0x58c7ab0f
Faulting module name: EXCEL.EXE, version: 15.0.4919.1000, time stamp: 0x58c7ab0f
Exception code: 0xc0000005
Fault offset: 0x0006b91f
Faulting process id: 0x16c0
Faulting application start time: 0x01d33b300829d464
Faulting application path: C:\PROGRA~1\MICROS~2\Office15\EXCEL.EXE
Faulting module path: C:\PROGRA~1\MICROS~2\Office15\EXCEL.EXE
Report Id: 497df3b1-a749-11e7-ae84-0050569f4e32"
Error,10/2/2017 2:57:25 PM,EventCreate,1,None,Application,djkvdihost808.jakarta01.com,JAKARTA01\guestisd59  
Error,10/2/2017 3:08:23 PM,EventCreate,1,None,Application,djkvdihost507.jakarta01.com,JAKARTA01\juliet  
Error,10/2/2017 3:08:18 PM,Application Error,1000,(100),Application,djkvdihost507.jakarta01.com,"Faulting application name: OUTLOOK.EXE, version: 15.0.4919.1001, time stamp: 0x58d20482
Faulting module name: OUTLOOK.EXE, version: 15.0.4919.1001, time stamp: 0x58d20482
Exception code: 0xc0000005
Fault offset: 0x008924c7
Faulting process id: 0x6dc
Faulting application start time: 0x01d33b4af589d476
Faulting application path: C:\Program Files\Microsoft Office\Office15\OUTLOOK.EXE
Faulting module path: C:\Program Files\Microsoft Office\Office15\OUTLOOK.EXE
Report Id: d89a57e0-a748-11e7-8259-0050569f3022"
Error,10/2/2017 2:57:21 PM,EventCreate,1,None,Application,djkvdihost238.jakarta01.com,JAKARTA01\william  
Error,10/2/2017 2:57:18 PM,Application Error,1000,(100),Application,djkvdihost238.jakarta01.com,"Faulting application name: OUTLOOK.EXE, version: 15.0.4919.1001, time stamp: 0x58d20482
Faulting module name: OUTLOOK.EXE, version: 15.0.4919.1001, time stamp: 0x58d20482
Exception code: 0xc0000005
Fault offset: 0x008924c7
Faulting process id: 0x13a8
Faulting application start time: 0x01d33b2af45edc43
Faulting application path: C:\Program Files\Microsoft Office\Office15\OUTLOOK.EXE
Faulting module path: C:\Program Files\Microsoft Office\Office15\OUTLOOK.EXE
Report Id: 4f877c37-a747-11e7-9e05-0050569f5dfe"
Error,10/2/2017 2:56:20 PM,EventCreate,1,None,Application,djkvdihost034.jakarta01.com,JAKARTA01\Dini Rahmawati  
Error,10/2/2017 2:56:16 PM,Application Error,1000,(100),Application,djkvdihost034.jakarta01.com,"Faulting application name: OUTLOOK.EXE, version: 15.0.4919.1001, time stamp: 0x58d20482
Faulting module name: msspell7.dll, version: 15.0.4569.1503, time stamp: 0x52b0b161
Exception code: 0xc0000005
Fault offset: 0x00048ae5
Faulting process id: 0x114c
Faulting application start time: 0x01d33b1c318e722f
Faulting application path: C:\Program Files\Microsoft Office\Office15\OUTLOOK.EXE
Faulting module path: C:\Program Files\Microsoft Office\Office15\PROOF\msspell7.dll
Report Id: 2a4de5bc-a747-11e7-ae38-0050569f0869"
Error,10/2/2017 2:48:12 PM,EventCreate,1,None,Application,djkvdihost517.jakarta01.com,JAKARTA01\indrawati  
Error,10/2/2017 2:48:08 PM,Application Error,1000,(100),Application,djkvdihost517.jakarta01.com,"Faulting application name: WINWORD.EXE, version: 15.0.4911.1000, time stamp: 0x58a2c075
Faulting module name: wwlib.dll, version: 15.0.4911.1000, time stamp: 0x58a2c073
Exception code: 0xc0000005
Fault offset: 0x000895cb
Faulting process id: 0x1470
Faulting application start time: 0x01d33b4a7f729e79
Faulting application path: C:\Program Files\Microsoft Office\Office15\WINWORD.EXE
Faulting module path: C:\Program Files\Microsoft Office\Office15\wwlib.dll
Report Id: 07abaaba-a746-11e7-ad9c-0050569f05e2"
Error,10/2/2017 2:42:58 PM,EventCreate,1,None,Application,djkvdihost625.jakarta01.com,JAKARTA01\nuning  
Error,10/2/2017 2:42:55 PM,Application Error,1000,(100),Application,djkvdihost625.jakarta01.com,"Faulting application name: EXCEL.EXE, version: 15.0.4919.1000, time stamp: 0x58c7ab0f
Faulting module name: EXCEL.EXE, version: 15.0.4919.1000, time stamp: 0x58c7ab0f
Exception code: 0xc0000005
Fault offset: 0x00300fb6
Faulting process id: 0x168
Faulting application start time: 0x01d33b2855c3423b
Faulting application path: C:\Program Files\Microsoft Office\Office15\EXCEL.EXE
Faulting module path: C:\Program Files\Microsoft Office\Office15\EXCEL.EXE
Report Id: 4cf71e5d-a745-11e7-ba8e-0050569f0dce"
Error,10/2/2017 2:40:04 PM,EventCreate,1,None,Application,djkvdihost586.jakarta01.com,JAKARTA01\phesyana  
Error,10/2/2017 2:40:03 PM,Application Error,1000,(100),Application,djkvdihost586.jakarta01.com,"Faulting application name: OUTLOOK.EXE, version: 15.0.4919.1001, time stamp: 0x58d20482
Faulting module name: OUTLOOK.EXE, version: 15.0.4919.1001, time stamp: 0x58d20482
Exception code: 0xc0000005
Fault offset: 0x008924c7
Faulting process id: 0x1600
Faulting application start time: 0x01d33b34b02c650a
Faulting application path: C:\Program Files\Microsoft Office\Office15\OUTLOOK.EXE
Faulting module path: C:\Program Files\Microsoft Office\Office15\OUTLOOK.EXE
Report Id: e6821998-a744-11e7-b889-0050569f2f99"
Error,10/2/2017 2:36:23 PM,EventCreate,1,None,Application,djkvdihost140.jakarta01.com,JAKARTA01\mazy  
Error,10/2/2017 2:36:20 PM,Application Error,1000,(100),Application,djkvdihost140.jakarta01.com,"Faulting application name: OUTLOOK.EXE, version: 15.0.4919.1001, time stamp: 0x58d20482
Faulting module name: OUTLOOK.EXE, version: 15.0.4919.1001, time stamp: 0x58d20482
Exception code: 0xc0000005
Fault offset: 0x00892154
Faulting process id: 0xf34
Faulting application start time: 0x01d33b1712f7e2ce
Faulting application path: C:\Program Files\Microsoft Office\Office15\OUTLOOK.EXE
Faulting module path: C:\Program Files\Microsoft Office\Office15\OUTLOOK.EXE
Report Id: 614c1755-a744-11e7-aeb6-0050569f5d27"
Error,10/2/2017 2:33:53 PM,EventCreate,1,None,Application,djkvdihost680.jakarta01.com,JAKARTA01\amiratul  
Error,10/2/2017 2:33:50 PM,Application Error,1000,(100),Application,djkvdihost680.jakarta01.com,"Faulting application name: OUTLOOK.EXE, version: 15.0.4919.1001, time stamp: 0x58d20482
Faulting module name: OUTLOOK.EXE, version: 15.0.4919.1001, time stamp: 0x58d20482
Exception code: 0xc0000005
Fault offset: 0x008924c7
Faulting process id: 0x1164
Faulting application start time: 0x01d33b19dd8c8c9b
Faulting application path: C:\Program Files\Microsoft Office\Office15\OUTLOOK.EXE
Faulting module path: C:\Program Files\Microsoft Office\Office15\OUTLOOK.EXE
Report Id: 086306e6-a744-11e7-b67a-0050569f687e"
Error,10/2/2017 2:30:30 PM,EventCreate,1,None,Application,djkvdihost690.jakarta01.com,JAKARTA01\chris  
Error,10/2/2017 2:30:27 PM,Application Error,1000,(100),Application,djkvdihost690.jakarta01.com,"Faulting application name: OUTLOOK.EXE, version: 15.0.4919.1001, time stamp: 0x58d20482
Faulting module name: OUTLOOK.EXE, version: 15.0.4919.1001, time stamp: 0x58d20482
Exception code: 0xc0000005
Fault offset: 0x008924c4
Faulting process id: 0x1c3c
Faulting application start time: 0x01d33b18148d7f5a
Faulting application path: C:\Program Files\Microsoft Office\Office15\OUTLOOK.EXE
Faulting module path: C:\Program Files\Microsoft Office\Office15\OUTLOOK.EXE
Report Id: 8f08c0a0-a743-11e7-a071-0050569f588e"
Error,10/2/2017 2:29:18 PM,EventCreate,1,None,Application,djkvdihost812.jakarta01.com,JAKARTA01\Darmawan  
Error,10/2/2017 2:28:58 PM,EventCreate,1,None,Application,djkvdihost434.jakarta01.com,JAKARTA01\hilmy  
Error,10/2/2017 2:28:55 PM,EventCreate,1,None,Application,djkvdihost434.jakarta01.com,JAKARTA01\hilmy  
Error,10/2/2017 2:28:31 PM,EventCreate,1,None,Application,djkvdihost434.jakarta01.com,JAKARTA01\hilmy  
Error,10/2/2017 2:28:59 PM,Application Error,1000,(100),Application,djkvdihost812.jakarta01.com,"Faulting application name: PhotoScreensaver.scr, version: 6.1.7601.17514, time stamp: 0x4ce7a590
Faulting module name: SHELL32.dll, version: 6.1.7601.23537, time stamp: 0x57c450f4
Exception code: 0xc0000005
Fault offset: 0x001f269f
Faulting process id: 0x1c78
Faulting application start time: 0x01d33b4fb1043427
Faulting application path: C:\Windows\system32\PhotoScreensaver.scr
Faulting module path: C:\Windows\system32\SHELL32.dll
Report Id: 5aa167f7-a743-11e7-a4e1-0050569f31e5"
Error,10/2/2017 2:19:50 PM,EventCreate,1,None,Application,djkvdihost069.jakarta01.com,JAKARTA01\toyoda  
Error,10/2/2017 2:16:41 PM,EventCreate,1,None,Application,djkvdihost446.jakarta01.com,JAKARTA01\alex  
Error,10/2/2017 2:16:41 PM,Application Error,1000,(100),Application,djkvdihost446.jakarta01.com,"Faulting application name: OUTLOOK.EXE, version: 15.0.4919.1001, time stamp: 0x58d20482
Faulting module name: OUTLOOK.EXE, version: 15.0.4919.1001, time stamp: 0x58d20482
Exception code: 0xc0000005
Fault offset: 0x008924c4
Faulting process id: 0xdf0
Faulting application start time: 0x01d33b207c3d2830
Faulting application path: C:\Program Files\Microsoft Office\Office15\OUTLOOK.EXE
Faulting module path: C:\Program Files\Microsoft Office\Office15\OUTLOOK.EXE
Report Id: a2b02487-a741-11e7-a14a-0050569f2b47"
Error,10/2/2017 2:14:49 PM,EventCreate,1,None,Application,djkvdihost214.jakarta01.com,JAKARTA01\eddy  
Error,10/2/2017 2:14:46 PM,Application Error,1000,(100),Application,djkvdihost214.jakarta01.com,"Faulting application name: OUTLOOK.EXE, version: 15.0.4919.1001, time stamp: 0x58d20482
Faulting module name: OUTLOOK.EXE, version: 15.0.4919.1001, time stamp: 0x58d20482
Exception code: 0xc0000005
Fault offset: 0x008924c4
Faulting process id: 0x18dc
Faulting application start time: 0x01d33b1545e627af
Faulting application path: C:\Program Files\Microsoft Office\Office15\OUTLOOK.EXE
Faulting module path: C:\Program Files\Microsoft Office\Office15\OUTLOOK.EXE
Report Id: 5e9468bf-a741-11e7-9ec6-0050569f50f1"
Error,10/2/2017 2:13:20 PM,EventCreate,1,None,Application,djkvdihost198.jakarta01.com,JAKARTA01\Learning  
Error,10/2/2017 2:13:20 PM,Application Error,1000,(100),Application,djkvdihost198.jakarta01.com,"Faulting application name: intro3.exe, version: 11.7.700.224, time stamp: 0x51a6728e
Faulting module name: intro3.exe, version: 11.7.700.224, time stamp: 0x51a6728e
Exception code: 0xc0000005
Fault offset: 0x0059ef70
Faulting process id: 0xf84
Faulting application start time: 0x01d33b4ded288b8b
Faulting application path: C:\Users\Learning\AppData\Local\Temp\intro3.exe
Faulting module path: C:\Users\Learning\AppData\Local\Temp\intro3.exe
Report Id: 2af8cb0b-a741-11e7-a9b8-0050569f21ef"
Error,10/2/2017 2:12:56 PM,EventCreate,1,None,Application,djkvdihost198.jakarta01.com,JAKARTA01\Learning  
Error,10/2/2017 2:12:55 PM,Application Error,1000,(100),Application,djkvdihost198.jakarta01.com,"Faulting application name: intro3.exe, version: 11.7.700.224, time stamp: 0x51a6728e
Faulting module name: intro3.exe, version: 11.7.700.224, time stamp: 0x51a6728e
Exception code: 0xc0000005
Fault offset: 0x0059ef70
Faulting process id: 0x1e58
Faulting application start time: 0x01d33b4dde2901ab
Faulting application path: C:\Users\Learning\AppData\Local\Temp\intro3.exe
Faulting module path: C:\Users\Learning\AppData\Local\Temp\intro3.exe
Report Id: 1bf9412b-a741-11e7-a9b8-0050569f21ef"
Error,10/2/2017 2:12:48 PM,EventCreate,1,None,Application,djkvdihost198.jakarta01.com,JAKARTA01\Learning  
Error,10/2/2017 2:12:47 PM,Application Error,1000,(100),Application,djkvdihost198.jakarta01.com,"Faulting application name: intro3.exe, version: 11.7.700.224, time stamp: 0x51a6728e
Faulting module name: intro3.exe, version: 11.7.700.224, time stamp: 0x51a6728e
Exception code: 0xc0000005
Fault offset: 0x0059ef70
Faulting process id: 0x1adc
Faulting application start time: 0x01d33b4dd9b26dab
Faulting application path: C:\Users\Learning\AppData\Local\Temp\intro3.exe
Faulting module path: C:\Users\Learning\AppData\Local\Temp\intro3.exe
Report Id: 179cdc4b-a741-11e7-a9b8-0050569f21ef"
Error,10/2/2017 2:10:58 PM,EventCreate,1,None,Application,djkvdihost268.jakarta01.com,JAKARTA01\yuliana  
Error,10/2/2017 2:09:10 PM,EventCreate,1,None,Application,djkvdihost746.jakarta01.com,JAKARTA01\alexsandro  
Error,10/2/2017 2:09:09 PM,Application Error,1000,(100),Application,djkvdihost746.jakarta01.com,"Faulting application name: OUTLOOK.EXE, version: 15.0.4919.1001, time stamp: 0x58d20482
Faulting module name: OUTLOOK.EXE, version: 15.0.4919.1001, time stamp: 0x58d20482
Exception code: 0xc0000005
Fault offset: 0x008924c4
Faulting process id: 0x1c94
Faulting application start time: 0x01d33b23cf77ac75
Faulting application path: C:\Program Files\Microsoft Office\Office15\OUTLOOK.EXE
Faulting module path: C:\Program Files\Microsoft Office\Office15\OUTLOOK.EXE
Report Id: 95aee3dc-a740-11e7-8750-0050569f0500"
Error,10/2/2017 2:01:42 PM,EventCreate,1,None,Application,djkvdihost289.jakarta01.com,JAKARTA01\MSandy  
Error,10/2/2017 2:01:38 PM,Application Error,1000,(100),Application,djkvdihost289.jakarta01.com,"Faulting application name: OUTLOOK.EXE, version: 15.0.4919.1001, time stamp: 0x58d20482
Faulting module name: OUTLOOK.EXE, version: 15.0.4919.1001, time stamp: 0x58d20482
Exception code: 0xc0000005
Fault offset: 0x008924c7
Faulting process id: 0x1d8
Faulting application start time: 0x01d33b2137158521
Faulting application path: C:\Program Files\Microsoft Office\Office15\OUTLOOK.EXE
Faulting module path: C:\Program Files\Microsoft Office\Office15\OUTLOOK.EXE
Report Id: 88c6a34a-a73f-11e7-bc59-0050569f79dd"
Error,10/2/2017 1:56:59 PM,EventCreate,1,None,Application,djkvdihost548.jakarta01.com,JAKARTA01\yoshinta  
Error,10/2/2017 1:56:29 PM,EventCreate,1,None,Application,djkvdihost591.jakarta01.com,JAKARTA01\guestacc10  
Error,10/2/2017 1:56:29 PM,Application Error,1000,(100),Application,djkvdihost591.jakarta01.com,"Faulting application name: NLNOTES.EXE, version: 8.5.30.11258, time stamp: 0x4e72fa51
Faulting module name: nnotes.dll, version: 8.5.30.11258, time stamp: 0x4e72fa6a
Exception code: 0xc0000005
Fault offset: 0x001c7f0e
Faulting process id: 0x1b64
Faulting application start time: 0x01d33b4b928bdeb2
Faulting application path: C:\Program Files\IBM\Lotus\Notes\NLNOTES.EXE
Faulting module path: C:\Program Files\IBM\Lotus\Notes\nnotes.dll
Report Id: d03f8db6-a73e-11e7-940b-0050569f3904"
Error,10/2/2017 1:54:56 PM,EventCreate,1,None,Application,djkvdihost591.jakarta01.com,JAKARTA01\guestacc10  
Error,10/2/2017 1:54:56 PM,Application Error,1000,(100),Application,djkvdihost591.jakarta01.com,"Faulting application name: NLNOTES.EXE, version: 8.5.30.11258, time stamp: 0x4e72fa51
Faulting module name: nnotes.dll, version: 8.5.30.11258, time stamp: 0x4e72fa6a
Exception code: 0xc0000005
Fault offset: 0x001c7f0e
Faulting process id: 0x1ff4
Faulting application start time: 0x01d33b4b5b0e7f63
Faulting application path: C:\Program Files\IBM\Lotus\Notes\NLNOTES.EXE
Faulting module path: C:\Program Files\IBM\Lotus\Notes\nnotes.dll
Report Id: 98c22e67-a73e-11e7-940b-0050569f3904"
Error,10/2/2017 1:54:01 PM,EventCreate,1,None,Application,djkvdihost537.jakarta01.com,JAKARTA01\dwi budi  
Error,10/2/2017 1:53:58 PM,Application Error,1000,(100),Application,djkvdihost537.jakarta01.com,"Faulting application name: OUTLOOK.EXE, version: 15.0.4919.1001, time stamp: 0x58d20482
Faulting module name: unknown, version: 0.0.0.0, time stamp: 0x00000000
Exception code: 0xc0000005
Fault offset: 0x6cfffc8a
Faulting process id: 0x1ef4
Faulting application start time: 0x01d33b1aad00cd49
Faulting application path: C:\Program Files\Microsoft Office\Office15\OUTLOOK.EXE
Faulting module path: unknown
Report Id: 764af222-a73e-11e7-a0e9-0050569f34ed"
Error,10/2/2017 1:52:33 PM,EventCreate,1,None,Application,djkvdihost591.jakarta01.com,JAKARTA01\guestacc10  
Error,10/2/2017 1:52:31 PM,Application Error,1000,(100),Application,djkvdihost591.jakarta01.com,"Faulting application name: NLNOTES.EXE, version: 8.5.30.11258, time stamp: 0x4e72fa51
Faulting module name: nnotes.dll, version: 8.5.30.11258, time stamp: 0x4e72fa6a
Exception code: 0xc0000005
Fault offset: 0x001c7f0e
Faulting process id: 0x1aa0
Faulting application start time: 0x01d33b4b0409b15f
Faulting application path: C:\Program Files\IBM\Lotus\Notes\NLNOTES.EXE
Faulting module path: C:\Program Files\IBM\Lotus\Notes\nnotes.dll
Report Id: 4287b598-a73e-11e7-940b-0050569f3904"
Error,10/2/2017 1:52:17 PM,EventCreate,1,None,Application,djkvdihost591.jakarta01.com,JAKARTA01\guestacc10  
Error,10/2/2017 1:16:37 PM,EventCreate,1,None,Application,djkvdihost301.jakarta01.com,JAKARTA01\guestisd65  
Error,10/2/2017 1:35:51 PM,EventCreate,1,None,Application,djkvdihost706.jakarta01.com,JAKARTA01\sysdovs02  
Error,10/2/2017 1:32:25 PM,EventCreate,1,None,Application,djkvdihost523.jakarta01.com,JAKARTA01\GuestISD56  
Error,10/2/2017 1:26:40 PM,EventCreate,1,None,Application,djkvdihost321.jakarta01.com,JAKARTA01\henny  
Error,10/2/2017 1:26:40 PM,Application Error,1000,(100),Application,djkvdihost321.jakarta01.com,"Faulting application name: OUTLOOK.EXE, version: 15.0.4919.1001, time stamp: 0x58d20482
Faulting module name: OUTLOOK.EXE, version: 15.0.4919.1001, time stamp: 0x58d20482
Exception code: 0xc0000005
Fault offset: 0x008924c4
Faulting process id: 0x1d50
Faulting application start time: 0x01d33b2e30f65a9c
Faulting application path: C:\Program Files\Microsoft Office\Office15\OUTLOOK.EXE
Faulting module path: C:\Program Files\Microsoft Office\Office15\OUTLOOK.EXE
Report Id: a5db3630-a73a-11e7-8b32-0050569f78a6"
Error,10/2/2017 1:25:49 PM,EventCreate,1,None,Application,djkvdihost857.jakarta01.com,JAKARTA01\kubo  
Error,10/2/2017 1:25:49 PM,Application Error,1000,(100),Application,djkvdihost857.jakarta01.com,"Faulting application name: OUTLOOK.EXE, version: 15.0.4919.1001, time stamp: 0x58d20482
Faulting module name: OUTLOOK.EXE, version: 15.0.4919.1001, time stamp: 0x58d20482
Exception code: 0xc0000005
Fault offset: 0x008924c4
Faulting process id: 0x1598
Faulting application start time: 0x01d33b3bb47a298b
Faulting application path: C:\Program Files\Microsoft Office\Office15\OUTLOOK.EXE
Faulting module path: C:\Program Files\Microsoft Office\Office15\OUTLOOK.EXE
Report Id: 87904ddb-a73a-11e7-b5cf-0050569f40f8"
Error,10/2/2017 1:22:41 PM,EventCreate,1,None,Application,djkvdihost834.jakarta01.com,JAKARTA01\mohammad  
Error,10/2/2017 1:22:40 PM,Application Error,1000,(100),Application,djkvdihost834.jakarta01.com,"Faulting application name: OUTLOOK.EXE, version: 15.0.4919.1001, time stamp: 0x58d20482
Faulting module name: OUTLOOK.EXE, version: 15.0.4919.1001, time stamp: 0x58d20482
Exception code: 0xc0000005
Fault offset: 0x008924c4
Faulting process id: 0x1d80
Faulting application start time: 0x01d33b244d00e5e3
Faulting application path: C:\Program Files\Microsoft Office\Office15\OUTLOOK.EXE
Faulting module path: C:\Program Files\Microsoft Office\Office15\OUTLOOK.EXE
Report Id: 16e661b3-a73a-11e7-a4a3-0050569f08a6"
Error,10/2/2017 1:20:59 PM,EventCreate,1,None,Application,djkvdihost118.jakarta01.com,JAKARTA01\arqom  
Error,10/2/2017 1:13:21 PM,EventCreate,1,None,Application,djkvdihost527.jakarta01.com,JAKARTA01\Rosulla  
Error,10/2/2017 1:11:50 PM,EventCreate,1,None,Application,djkvdihost401.jakarta01.com,JAKARTA01\hadid  
Error,10/2/2017 1:11:37 PM,EventCreate,1,None,Application,djkvdihost682.jakarta01.com,JAKARTA01\Yulistial  
Error,10/2/2017 1:11:30 PM,EventCreate,1,None,Application,djkvdihost682.jakarta01.com,JAKARTA01\Yulistial  
Error,10/2/2017 1:11:44 PM,Application Error,1000,(100),Application,djkvdihost401.jakarta01.com,"Faulting application name: spoolsv.exe, version: 6.1.7601.17777, time stamp: 0x4f35efc3
Faulting module name: msvcrt.dll, version: 7.0.7601.17744, time stamp: 0x4eeaf722
Exception code: 0xc0000005
Fault offset: 0x0000aa14
Faulting process id: 0x638
Faulting application start time: 0x01d33a2920b050e1
Faulting application path: C:\Windows\System32\spoolsv.exe
Faulting module path: C:\Windows\system32\msvcrt.dll
Report Id: 8fd14752-a738-11e7-a954-0050569f74f0"
Error,10/2/2017 1:11:25 PM,EventCreate,1,None,Application,djkvdihost682.jakarta01.com,JAKARTA01\Yulistial  
Error,10/2/2017 12:59:00 PM,EventCreate,1,None,Application,djkvdihost349.jakarta01.com,JAKARTA01\JUNETTE  
Error,10/2/2017 12:56:21 PM,EventCreate,1,None,Application,djkvdihost583.jakarta01.com,JAKARTA01\Adjeng  
Error,10/2/2017 12:56:19 PM,Application Error,1000,(100),Application,djkvdihost583.jakarta01.com,"Faulting application name: OUTLOOK.EXE, version: 15.0.4919.1001, time stamp: 0x58d20482
Faulting module name: OUTLOOK.EXE, version: 15.0.4919.1001, time stamp: 0x58d20482
Exception code: 0xc0000005
Fault offset: 0x008924c4
Faulting process id: 0xbb8
Faulting application start time: 0x01d33b18c8b6f57e
Faulting application path: C:\Program Files\Microsoft Office\Office15\OUTLOOK.EXE
Faulting module path: C:\Program Files\Microsoft Office\Office15\OUTLOOK.EXE
Report Id: 68e9e678-a736-11e7-a571-0050569f7b7f"
Error,10/2/2017 12:29:45 PM,EventCreate,1,None,Application,djkvdihost236.jakarta01.com,JAKARTA01\ita shabrina  
Error,10/2/2017 12:29:40 PM,EventCreate,1,None,Application,djkvdihost236.jakarta01.com,JAKARTA01\ita shabrina  
Error,10/2/2017 12:25:41 PM,EventCreate,1,None,Application,djkvdihost009.jakarta01.com,JAKARTA01\resha  
Error,10/2/2017 12:12:32 PM,EventCreate,1,None,Application,djkvdihost698.jakarta01.com,JAKARTA01\nyimas  
Error,10/2/2017 12:12:23 PM,Application Error,1000,(100),Application,djkvdihost698.jakarta01.com,"Faulting application name: PhotoScreensaver.scr, version: 6.1.7601.17514, time stamp: 0x4ce7a590
Faulting module name: SHELL32.dll, version: 6.1.7601.23537, time stamp: 0x57c450f4
Exception code: 0xc0000005
Fault offset: 0x001f269f
Faulting process id: 0xe98
Faulting application start time: 0x01d33b3bd6b5592d
Faulting application path: C:\Windows\system32\PhotoScreensaver.scr
Faulting module path: C:\Windows\system32\SHELL32.dll
Report Id: 42c0b211-a730-11e7-9a4c-0050569f04a2"
Error,10/2/2017 12:06:49 PM,EventCreate,1,None,Application,djkvdihost307.jakarta01.com,JAKARTA01\GUESTISD28  
Error,10/2/2017 12:06:09 PM,EventCreate,1,None,Application,djkvdihost788.jakarta01.com,JAKARTA01\angga  
Error,10/2/2017 12:06:06 PM,Application Error,1000,(100),Application,djkvdihost788.jakarta01.com,"Faulting application name: OUTLOOK.EXE, version: 15.0.4919.1001, time stamp: 0x58d20482
Faulting module name: OUTLOOK.EXE, version: 15.0.4919.1001, time stamp: 0x58d20482
Exception code: 0xc0000005
Fault offset: 0x008924c7
Faulting process id: 0xcac
Faulting application start time: 0x01d33b18489d5fc2
Faulting application path: C:\Program Files\Microsoft Office\Office15\OUTLOOK.EXE
Faulting module path: C:\Program Files\Microsoft Office\Office15\OUTLOOK.EXE
Report Id: 64c93921-a72f-11e7-a50d-0050569f7298"
Error,10/2/2017 12:03:21 PM,EventCreate,1,None,Application,djkvdihost857.jakarta01.com,JAKARTA01\kubo  
Error,10/2/2017 11:50:06 AM,EventCreate,1,None,Application,djkvdihost732.jakarta01.com,JAKARTA01\Teguh Aji  
Error,10/2/2017 11:50:02 AM,Application Error,1000,(100),Application,djkvdihost732.jakarta01.com,"Faulting application name: OUTLOOK.EXE, version: 15.0.4919.1001, time stamp: 0x58d20482
Faulting module name: OUTLOOK.EXE, version: 15.0.4919.1001, time stamp: 0x58d20482
Exception code: 0xc0000005
Fault offset: 0x002c7fa9
Faulting process id: 0x115c
Faulting application start time: 0x01d33b20bbbe5ad1
Faulting application path: C:\Program Files\Microsoft Office\Office15\OUTLOOK.EXE
Faulting module path: C:\Program Files\Microsoft Office\Office15\OUTLOOK.EXE
Report Id: 26835c4e-a72d-11e7-944e-0050569f0f09"
Error,10/2/2017 11:49:08 AM,EventCreate,1,None,Application,djkvdihost050.jakarta01.com,JAKARTA01\guestisd64  
Error,10/2/2017 11:48:26 AM,EventCreate,1,None,Application,djkvdihost366.jakarta01.com,JAKARTA01\Rani  
Error,10/2/2017 11:48:20 AM,Application Error,1000,(100),Application,djkvdihost366.jakarta01.com,"Faulting application name: OUTLOOK.EXE, version: 15.0.4919.1001, time stamp: 0x58d20482
Faulting module name: OUTLOOK.EXE, version: 15.0.4919.1001, time stamp: 0x58d20482
Exception code: 0xc0000005
Fault offset: 0x008924c7
Faulting process id: 0x1470
Faulting application start time: 0x01d33b207fc8279f
Faulting application path: C:\Program Files\Microsoft Office\Office15\OUTLOOK.EXE
Faulting module path: C:\Program Files\Microsoft Office\Office15\OUTLOOK.EXE
Report Id: e956a5d5-a72c-11e7-8cad-0050569f74a8"
Error,10/2/2017 11:45:32 AM,EventCreate,1,None,Application,djkvdihost739.jakarta01.com,JAKARTA01\Moh Ditto  
Error,10/2/2017 11:45:32 AM,Application Error,1000,(100),Application,djkvdihost739.jakarta01.com,"Faulting application name: PrintIsolationHost.exe, version: 6.1.7600.16385, time stamp: 0x4a5bcebc
Faulting module name: hpzppWN7.dll, version: 0.3.7071.0, time stamp: 0x4a5bda01
Exception code: 0xc0000005
Fault offset: 0x0000346c
Faulting process id: 0x168c
Faulting application start time: 0x01d33b3947a1511f
Faulting application path: C:\Windows\system32\PrintIsolationHost.exe
Faulting module path: C:\Windows\system32\spool\PRTPROCS\W32X86\hpzppWN7.dll
Report Id: 8559c2df-a72c-11e7-864c-0050569f163a"
Error,10/2/2017 11:45:30 AM,EventCreate,1,None,Application,djkvdihost739.jakarta01.com,JAKARTA01\Moh Ditto  
Error,10/2/2017 11:45:27 AM,Application Error,1000,(100),Application,djkvdihost739.jakarta01.com,"Faulting application name: PrintIsolationHost.exe, version: 6.1.7600.16385, time stamp: 0x4a5bcebc
Faulting module name: hpzppWN7.dll, version: 0.3.7071.0, time stamp: 0x4a5bda01
Exception code: 0xc0000005
Fault offset: 0x0000346c
Faulting process id: 0x16a0
Faulting application start time: 0x01d33b393effb8df
Faulting application path: C:\Windows\system32\PrintIsolationHost.exe
Faulting module path: C:\Windows\system32\spool\PRTPROCS\W32X86\hpzppWN7.dll
Report Id: 825423ff-a72c-11e7-864c-0050569f163a"
Error,10/2/2017 11:44:39 AM,EventCreate,1,None,Application,djkvdihost774.jakarta01.com,JAKARTA01\ningmatul  
Error,10/2/2017 11:40:27 AM,EventCreate,1,None,Application,djkvdihost562.jakarta01.com,JAKARTA01\slamet  
Error,10/2/2017 11:40:25 AM,Application Error,1000,(100),Application,djkvdihost562.jakarta01.com,"Faulting application name: OUTLOOK.EXE, version: 15.0.4919.1001, time stamp: 0x58d20482
Faulting module name: OUTLOOK.EXE, version: 15.0.4919.1001, time stamp: 0x58d20482
Exception code: 0xc0000005
Fault offset: 0x008924c4
Faulting process id: 0x1b30
Faulting application start time: 0x01d33b2287eee46c
Faulting application path: C:\Program Files\Microsoft Office\Office15\OUTLOOK.EXE
Faulting module path: C:\Program Files\Microsoft Office\Office15\OUTLOOK.EXE
Report Id: ce344a4b-a72b-11e7-be3b-0050569f1020"
Error,10/2/2017 11:37:40 AM,EventCreate,1,None,Application,djkvdihost554.jakarta01.com,JAKARTA01\guestisd40  
Error,10/2/2017 11:35:05 AM,EventCreate,1,None,Application,djkvdihost009.jakarta01.com,JAKARTA01\guestisd39  
Error,10/2/2017 11:34:20 AM,EventCreate,1,None,Application,djkvdihost605.jakarta01.com,JAKARTA01\prakasa  
Error,10/2/2017 11:34:07 AM,EventCreate,1,None,Application,djkvdihost051.jakarta01.com,JAKARTA01\Rini Purnama  
Error,10/2/2017 11:33:56 AM,EventCreate,1,None,Application,djkvdihost879.jakarta01.com,JAKARTA01\Amelia  
Error,10/2/2017 11:34:17 AM,Application Error,1000,(100),Application,djkvdihost605.jakarta01.com,"Faulting application name: OUTLOOK.EXE, version: 15.0.4919.1001, time stamp: 0x58d20482
Faulting module name: OUTLOOK.EXE, version: 15.0.4919.1001, time stamp: 0x58d20482
Exception code: 0xc0000005
Fault offset: 0x008924c4
Faulting process id: 0x1bd0
Faulting application start time: 0x01d33b1d0b70b5ac
Faulting application path: C:\Program Files\Microsoft Office\Office15\OUTLOOK.EXE
Faulting module path: C:\Program Files\Microsoft Office\Office15\OUTLOOK.EXE
Report Id: f329440e-a72a-11e7-82e7-0050569f5b7a"
Error,10/2/2017 11:33:27 AM,EventCreate,1,None,Application,djkvdihost051.jakarta01.com,JAKARTA01\Rini Purnama  
Error,10/2/2017 11:32:57 AM,EventCreate,1,None,Application,djkvdihost213.jakarta01.com,JAKARTA01\rimico  
Error,10/2/2017 11:32:57 AM,Application Error,1000,(100),Application,djkvdihost213.jakarta01.com,"Faulting application name: OUTLOOK.EXE, version: 15.0.4919.1001, time stamp: 0x58d20482
Faulting module name: OUTLOOK.EXE, version: 15.0.4919.1001, time stamp: 0x58d20482
Exception code: 0xc0000005
Fault offset: 0x008924c7
Faulting process id: 0x8f0
Faulting application start time: 0x01d33b33882d630c
Faulting application path: C:\Program Files\Microsoft Office\Office15\OUTLOOK.EXE
Faulting module path: C:\Program Files\Microsoft Office\Office15\OUTLOOK.EXE
Report Id: c314fa4a-a72a-11e7-93cb-0050569f2093"
Error,10/2/2017 11:32:22 AM,EventCreate,1,None,Application,djkvdihost879.jakarta01.com,JAKARTA01\Amelia  
Error,10/2/2017 11:20:48 AM,EventCreate,1,None,Application,djkvdihost362.jakarta01.com,JAKARTA01\yasinta  
Error,10/2/2017 11:20:22 AM,EventCreate,1,None,Application,djkvdihost362.jakarta01.com,JAKARTA01\yasinta  
Error,10/2/2017 11:16:08 AM,EventCreate,1,None,Application,djkvdihost255.jakarta01.com,JAKARTA01\dessy  
Error,10/2/2017 11:16:02 AM,Application Error,1000,(100),Application,djkvdihost255.jakarta01.com,"Faulting application name: OUTLOOK.EXE, version: 15.0.4919.1001, time stamp: 0x58d20482
Faulting module name: OUTLOOK.EXE, version: 15.0.4919.1001, time stamp: 0x58d20482
Exception code: 0xc0000005
Fault offset: 0x008924c7
Faulting process id: 0x1d34
Faulting application start time: 0x01d33b2c6a54bd24
Faulting application path: C:\Program Files\Microsoft Office\Office15\OUTLOOK.EXE
Faulting module path: C:\Program Files\Microsoft Office\Office15\OUTLOOK.EXE
Report Id: 661aefde-a728-11e7-98c6-0050569f19b7"
Error,10/2/2017 11:12:30 AM,EventCreate,1,None,Application,djkvdihost586.jakarta01.com,JAKARTA01\phesyana  
