Error,9/27/2017 17:45,Application Error,1000,-100,Application,djkvdihost526.jakarta01.com,"Faulting application name: OUTLOOK.EXE, version: 15.0.4919.1001, time stamp: 0x58d20482
Faulting module name: OUTLOOK.EXE, version: 15.0.4919.1001, time stamp: 0x58d20482
Exception code: 0xc0000005
Fault offset: 0x008924c4
Faulting process id: 0x1fc0
Faulting application start time: 0x01d33734131841e0
Faulting application path: C:\Program Files\Microsoft Office\Office15\OUTLOOK.EXE
Faulting module path: C:\Program Files\Microsoft Office\Office15\OUTLOOK.EXE
Report Id: f62a0f74-a370-11e7-8967-0050569f610d"
Error,9/27/2017 17:41,EventCreate,1,None,Application,djkvdihost552.jakarta01.com,JAKARTA01\raymond  
Error,9/27/2017 17:41,EventCreate,1,None,Application,djkvdihost656.jakarta01.com,JAKARTA01\barry  
Error,9/27/2017 17:41,Application Error,1000,-100,Application,djkvdihost656.jakarta01.com,"Faulting application name: OUTLOOK.EXE, version: 15.0.4919.1001, time stamp: 0x58d20482
Faulting module name: OUTLOOK.EXE, version: 15.0.4919.1001, time stamp: 0x58d20482
Exception code: 0xc0000005
Fault offset: 0x008924c4
Faulting process id: 0x173c
Faulting application start time: 0x01d3376bafaa0d0b
Faulting application path: C:\Program Files\Microsoft Office\Office15\OUTLOOK.EXE
Faulting module path: C:\Program Files\Microsoft Office\Office15\OUTLOOK.EXE
Report Id: 5fc6c12d-a370-11e7-b336-0050569f3502"
Error,9/27/2017 17:39,EventCreate,1,None,Application,djkvdihost898.jakarta01.com,JAKARTA01\Adi Purnomo  
Error,9/27/2017 17:39,EventCreate,1,None,Application,djkvdihost671.jakarta01.com,JAKARTA01\wisnu  
Error,9/27/2017 17:37,EventCreate,1,None,Application,djkvdihost671.jakarta01.com,JAKARTA01\wisnu  
Error,9/27/2017 17:32,EventCreate,1,None,Application,djkvdihost572.jakarta01.com,JAKARTA01\dewi  
Error,9/27/2017 17:31,EventCreate,1,None,Application,djkvdihost572.jakarta01.com,JAKARTA01\dewi  
Error,9/27/2017 17:30,EventCreate,1,None,Application,djkvdihost644.jakarta01.com,JAKARTA01\Dwi anisa  
Error,9/27/2017 17:28,EventCreate,1,None,Application,djkvdihost644.jakarta01.com,JAKARTA01\Dwi anisa  
Error,9/27/2017 17:19,EventCreate,1,None,Application,djkvdihost354.jakarta01.com,JAKARTA01\Latiefah  
Error,9/27/2017 17:19,Application Error,1000,-100,Application,djkvdihost354.jakarta01.com,"Faulting application name: lync.exe, version: 15.0.4919.1000, time stamp: 0x58c7ab1e
Faulting module name: ntdll.dll, version: 6.1.7601.23714, time stamp: 0x58bf8774
Exception code: 0xc0000005
Fault offset: 0x00031dca
Faulting process id: 0x1618
Faulting application start time: 0x01d3372d9f4c2806
Faulting application path: C:\Program Files\Microsoft Office\Office15\lync.exe
Faulting module path: C:\Windows\SYSTEM32\ntdll.dll
Report Id: 58233621-a36d-11e7-901b-0050569f7fc7"
Error,9/27/2017 17:18,EventCreate,1,None,Application,djkvdihost658.jakarta01.com,JAKARTA01\isnaini  
Error,9/27/2017 17:18,Application Error,1000,-100,Application,djkvdihost658.jakarta01.com,"Faulting application name: spoolsv.exe, version: 6.1.7601.17777, time stamp: 0x4f35efc3
Faulting module name: msvcrt.dll, version: 7.0.7601.17744, time stamp: 0x4eeaf722
Exception code: 0xc0000005
Fault offset: 0x0000aa14
Faulting process id: 0x638
Faulting application start time: 0x01d3377692de517c
Faulting application path: C:\Windows\System32\spoolsv.exe
Faulting module path: C:\Windows\system32\msvcrt.dll
Report Id: 36e220f6-a36d-11e7-8a08-0050569f2ade"
Error,9/27/2017 17:18,EventCreate,1,None,Application,djkvdihost325.jakarta01.com,JAKARTA01\Shena  
Error,9/27/2017 17:18,Application Error,1000,-100,Application,djkvdihost325.jakarta01.com,"Faulting application name: OUTLOOK.EXE, version: 15.0.4919.1001, time stamp: 0x58d20482
Faulting module name: OUTLOOK.EXE, version: 15.0.4919.1001, time stamp: 0x58d20482
Exception code: 0xc0000005
Fault offset: 0x00366c92
Faulting process id: 0x14e0
Faulting application start time: 0x01d33779d190728c
Faulting application path: C:\Program Files\Microsoft Office\Office15\OUTLOOK.EXE
Faulting module path: C:\Program Files\Microsoft Office\Office15\OUTLOOK.EXE
Report Id: 36586c24-a36d-11e7-8d8e-0050569f3e54"
Error,9/27/2017 17:17,EventCreate,1,None,Application,djkvdihost279.jakarta01.com,JAKARTA01\Resty  
Error,9/27/2017 17:17,EventCreate,1,None,Application,djkvdihost658.jakarta01.com,JAKARTA01\isnaini  
Error,9/27/2017 17:17,EventCreate,1,None,Application,djkvdihost282.jakarta01.com,JAKARTA01\saptorini  
Error,9/27/2017 17:17,EventCreate,1,None,Application,djkvdihost279.jakarta01.com,JAKARTA01\Resty  
Error,9/27/2017 17:16,EventCreate,1,None,Application,djkvdihost176.jakarta01.com,JAKARTA01\handayani  
Error,9/27/2017 17:15,EventCreate,1,None,Application,djkvdihost282.jakarta01.com,JAKARTA01\saptorini  
Error,9/27/2017 17:15,EventCreate,1,None,Application,djkvdihost512.jakarta01.com,JAKARTA01\rahmatia  
Error,9/27/2017 17:14,EventCreate,1,None,Application,djkvdihost512.jakarta01.com,JAKARTA01\rahmatia  
Error,9/27/2017 17:09,EventCreate,1,None,Application,djkvdihost801.jakarta01.com,JAKARTA01\nurfadila  
Error,9/27/2017 17:09,EventCreate,1,None,Application,djkvdihost801.jakarta01.com,JAKARTA01\nurfadila  
Error,9/27/2017 17:07,EventCreate,1,None,Application,djkvdihost726.jakarta01.com,JAKARTA01\Hilman  
Error,9/27/2017 17:05,EventCreate,1,None,Application,djkvdihost346.jakarta01.com,JAKARTA01\ridjal  
Error,9/27/2017 17:00,EventCreate,1,None,Application,djkvdihost253.jakarta01.com,JAKARTA01\hana nurul  
Error,9/27/2017 16:57,EventCreate,1,None,Application,djkvdihost690.jakarta01.com,JAKARTA01\karen  
Error,9/27/2017 16:57,Application Error,1000,-100,Application,djkvdihost690.jakarta01.com,"Faulting application name: WINWORD.EXE, version: 15.0.4911.1000, time stamp: 0x58a2c075
Faulting module name: wwlib.dll, version: 15.0.4911.1000, time stamp: 0x58a2c073
Exception code: 0xc0000005
Fault offset: 0x006f1046
Faulting process id: 0x2610
Faulting application start time: 0x01d3377162baaef0
Faulting application path: C:\Program Files\Microsoft Office\Office15\WINWORD.EXE
Faulting module path: C:\Program Files\Microsoft Office\Office15\wwlib.dll
Report Id: 372aebf0-a36a-11e7-a233-0050569f588e"
Error,9/27/2017 16:51,EventCreate,1,None,Application,djkvdihost895.jakarta01.com,JAKARTA01\Naruhito  
Error,9/27/2017 16:50,EventCreate,1,None,Application,djkvdihost895.jakarta01.com,JAKARTA01\Naruhito  
Error,9/27/2017 16:47,EventCreate,1,None,Application,djkvdihost811.jakarta01.com,JAKARTA01\victoria  
Error,9/27/2017 16:47,EventCreate,1,None,Application,djkvdihost811.jakarta01.com,JAKARTA01\victoria  
Error,9/27/2017 16:46,EventCreate,1,None,Application,djkvdihost481.jakarta01.com,JAKARTA01\cahyaningtiyas  
Error,9/27/2017 16:45,EventCreate,1,None,Application,djkvdihost830.jakarta01.com,JAKARTA01\rezky  
Error,9/27/2017 16:45,Application Error,1000,-100,Application,djkvdihost830.jakarta01.com,"Faulting application name: OUTLOOK.EXE, version: 15.0.4919.1001, time stamp: 0x58d20482
Faulting module name: OUTLOOK.EXE, version: 15.0.4919.1001, time stamp: 0x58d20482
Exception code: 0xc0000005
Fault offset: 0x008924c7
Faulting process id: 0x1a58
Faulting application start time: 0x01d33728bde74ae7
Faulting application path: C:\Program Files\Microsoft Office\Office15\OUTLOOK.EXE
Faulting module path: C:\Program Files\Microsoft Office\Office15\OUTLOOK.EXE
Report Id: 9888d0dd-a368-11e7-b12f-0050569f09fe"
Error,9/27/2017 16:45,EventCreate,1,None,Application,djkvdihost481.jakarta01.com,JAKARTA01\cahyaningtiyas  
Error,9/27/2017 16:44,EventCreate,1,None,Application,djkvdihost558.jakarta01.com,JAKARTA01\rahman  
Error,9/27/2017 16:35,EventCreate,1,None,Application,djkvdihost018.jakarta01.com,JAKARTA01\andiani  
Error,9/27/2017 16:35,Application Error,1000,-100,Application,djkvdihost018.jakarta01.com,"Faulting application name: WINWORD.EXE, version: 15.0.4911.1000, time stamp: 0x58a2c075
Faulting module name: MSVCR100.dll, version: 10.0.40219.325, time stamp: 0x4df2be1e
Exception code: 0x40000015
Fault offset: 0x0008d6fd
Faulting process id: 0x424
Faulting application start time: 0x01d3372cb62ecd63
Faulting application path: C:\PROGRA~1\MICROS~2\Office15\WINWORD.EXE
Faulting module path: C:\Windows\system32\MSVCR100.dll
Report Id: 263fb796-a367-11e7-b6e7-0050569f6fb9"
Error,9/27/2017 16:33,EventCreate,1,None,Application,djkvdihost775.jakarta01.com,JAKARTA01\krisna  
Error,9/27/2017 16:33,Application Error,1000,-100,Application,djkvdihost775.jakarta01.com,"Faulting application name: iexplore.exe, version: 11.0.9600.18639, time stamp: 0x58d6bb0d
Faulting module name: MSHTML.dll, version: 11.0.9600.18639, time stamp: 0x58d6c720
Exception code: 0xc0000005
Fault offset: 0x000ac604
Faulting process id: 0x1bbc
Faulting application start time: 0x01d3372a1a1b8bf2
Faulting application path: C:\Program Files\Internet Explorer\iexplore.exe
Faulting module path: C:\Windows\system32\MSHTML.dll
Report Id: e9da944d-a366-11e7-85bc-0050569f44fc"
Error,9/27/2017 16:27,EventCreate,1,None,Application,djkvdihost024.jakarta01.com,JAKARTA01\fferdian  
Error,9/27/2017 16:27,Application Error,1000,-100,Application,djkvdihost024.jakarta01.com,"Faulting application name: OUTLOOK.EXE, version: 15.0.4919.1001, time stamp: 0x58d20482
Faulting module name: OUTLOOK.EXE, version: 15.0.4919.1001, time stamp: 0x58d20482
Exception code: 0xc0000005
Fault offset: 0x008924c4
Faulting process id: 0x1680
Faulting application start time: 0x01d337360380111a
Faulting application path: C:\Program Files\Microsoft Office\Office15\OUTLOOK.EXE
Faulting module path: C:\Program Files\Microsoft Office\Office15\OUTLOOK.EXE
Report Id: 06e79daf-a366-11e7-bf59-0050569f6bde"
Error,9/27/2017 16:25,EventCreate,1,None,Application,djkvdihost181.jakarta01.com,JAKARTA01\angga  
Error,9/27/2017 16:25,Application Error,1000,-100,Application,djkvdihost181.jakarta01.com,"Faulting application name: OUTLOOK.EXE, version: 15.0.4919.1001, time stamp: 0x58d20482
Faulting module name: OUTLOOK.EXE, version: 15.0.4919.1001, time stamp: 0x58d20482
Exception code: 0xc0000005
Fault offset: 0x008924c4
Faulting process id: 0x1a90
Faulting application start time: 0x01d3372ec583b2bb
Faulting application path: C:\Program Files\Microsoft Office\Office15\OUTLOOK.EXE
Faulting module path: C:\Program Files\Microsoft Office\Office15\OUTLOOK.EXE
Report Id: c7d2f1e8-a365-11e7-a9a3-0050569f0420"
Error,9/27/2017 16:14,EventCreate,1,None,Application,djkvdihost325.jakarta01.com,JAKARTA01\Shena  
Error,9/27/2017 16:16,EventCreate,1,None,Application,djkvdihost408.jakarta01.com,JAKARTA01\Thalia  
Error,9/27/2017 16:16,EventCreate,1,None,Application,djkvdihost126.jakarta01.com,JAKARTA01\adityo yuwono  
Error,9/27/2017 16:15,Application Error,1000,-100,Application,djkvdihost408.jakarta01.com,"Faulting application name: OUTLOOK.EXE, version: 15.0.4919.1001, time stamp: 0x58d20482
Faulting module name: OUTLOOK.EXE, version: 15.0.4919.1001, time stamp: 0x58d20482
Exception code: 0xc0000005
Fault offset: 0x008924c4
Faulting process id: 0x7bc
Faulting application start time: 0x01d3373e23bb3c79
Faulting application path: C:\Program Files\Microsoft Office\Office15\OUTLOOK.EXE
Faulting module path: C:\Program Files\Microsoft Office\Office15\OUTLOOK.EXE
Report Id: 79061791-a364-11e7-bc0b-0050569f15a3"
Error,9/27/2017 16:14,EventCreate,1,None,Application,djkvdihost690.jakarta01.com,JAKARTA01\karen  
Error,9/27/2017 16:14,Application Error,1000,-100,Application,djkvdihost690.jakarta01.com,"Faulting application name: WINWORD.EXE, version: 15.0.4911.1000, time stamp: 0x58a2c075
Faulting module name: wwlib.dll, version: 15.0.4911.1000, time stamp: 0x58a2c073
Exception code: 0xc0000005
Fault offset: 0x006f0ff9
Faulting process id: 0x15a4
Faulting application start time: 0x01d33768ea2e9e84
Faulting application path: C:\Program Files\Microsoft Office\Office15\WINWORD.EXE
Faulting module path: C:\Program Files\Microsoft Office\Office15\wwlib.dll
Report Id: 51b205e2-a364-11e7-a233-0050569f588e"
Error,9/27/2017 16:14,EventCreate,1,None,Application,djkvdihost335.jakarta01.com,JAKARTA01\rina  
Error,9/27/2017 16:11,EventCreate,1,None,Application,djkvdihost096.jakarta01.com,JAKARTA01\Ajie  
Error,9/27/2017 16:11,Application Error,1000,-100,Application,djkvdihost096.jakarta01.com,"Faulting application name: PhotoScreensaver.scr, version: 6.1.7601.17514, time stamp: 0x4ce7a590
Faulting module name: SHELL32.dll, version: 6.1.7601.23537, time stamp: 0x57c450f4
Exception code: 0xc0000005
Fault offset: 0x001f269f
Faulting process id: 0x15f0
Faulting application start time: 0x01d337684b4638bd
Faulting application path: C:\Windows\system32\PhotoScreensaver.scr
Faulting module path: C:\Windows\system32\SHELL32.dll
Report Id: c9eb035c-a363-11e7-b625-0050569f108e"
Error,9/27/2017 16:09,EventCreate,1,None,Application,djkvdihost745.jakarta01.com,JAKARTA01\Bryant  
Error,9/27/2017 16:09,Application Error,1000,-100,Application,djkvdihost745.jakarta01.com,"Faulting application name: OUTLOOK.EXE, version: 15.0.4919.1001, time stamp: 0x58d20482
Faulting module name: OUTLOOK.EXE, version: 15.0.4919.1001, time stamp: 0x58d20482
Exception code: 0xc0000005
Fault offset: 0x008924c4
Faulting process id: 0xb9c
Faulting application start time: 0x01d3375fa4ff62a0
Faulting application path: C:\Program Files\Microsoft Office\Office15\OUTLOOK.EXE
Faulting module path: C:\Program Files\Microsoft Office\Office15\OUTLOOK.EXE
Report Id: 9a8cd75a-a363-11e7-8484-0050569f2c5e"
Error,9/27/2017 16:08,EventCreate,1,None,Application,djkvdihost648.jakarta01.com,JAKARTA01\lisa  
Error,9/27/2017 16:08,Application Error,1000,-100,Application,djkvdihost648.jakarta01.com,"Faulting application name: WINWORD.EXE, version: 15.0.4911.1000, time stamp: 0x58a2c075
Faulting module name: wwlib.dll, version: 15.0.4911.1000, time stamp: 0x58a2c073
Exception code: 0xc0000005
Fault offset: 0x006f1046
Faulting process id: 0x1fc4
Faulting application start time: 0x01d3373531d962d7
Faulting application path: C:\Program Files\Microsoft Office\Office15\WINWORD.EXE
Faulting module path: C:\Program Files\Microsoft Office\Office15\wwlib.dll
Report Id: 75aefeff-a363-11e7-bafe-0050569f25f8"
Error,9/27/2017 16:07,EventCreate,1,None,Application,djkvdihost359.jakarta01.com,JAKARTA01\brenda  
Error,9/27/2017 16:07,Application Error,1000,-100,Application,djkvdihost359.jakarta01.com,"Faulting application name: OUTLOOK.EXE, version: 15.0.4919.1001, time stamp: 0x58d20482
Faulting module name: OUTLOOK.EXE, version: 15.0.4919.1001, time stamp: 0x58d20482
Exception code: 0xc0000005
Fault offset: 0x008924c4
Faulting process id: 0x1d84
Faulting application start time: 0x01d3372cce5c2a3c
Faulting application path: C:\Program Files\Microsoft Office\Office15\OUTLOOK.EXE
Faulting module path: C:\Program Files\Microsoft Office\Office15\OUTLOOK.EXE
Report Id: 4f45b30b-a363-11e7-9f79-0050569f6c79"
Error,9/27/2017 16:04,EventCreate,1,None,Application,djkvdihost599.jakarta01.com,JAKARTA01\diah  
Error,9/27/2017 16:04,Application Error,1000,-100,Application,djkvdihost599.jakarta01.com,"Faulting application name: OUTLOOK.EXE, version: 15.0.4919.1001, time stamp: 0x58d20482
Faulting module name: OUTLOOK.EXE, version: 15.0.4919.1001, time stamp: 0x58d20482
Exception code: 0xc0000005
Fault offset: 0x008924c7
Faulting process id: 0xe64
Faulting application start time: 0x01d3373c898e47d8
Faulting application path: C:\Program Files\Microsoft Office\Office15\OUTLOOK.EXE
Faulting module path: C:\Program Files\Microsoft Office\Office15\OUTLOOK.EXE
Report Id: e8e76be6-a362-11e7-8ed9-0050569f26c6"
Error,9/27/2017 16:04,EventCreate,1,None,Application,djkvdihost011.jakarta01.com,JAKARTA01\aulya  
Error,9/27/2017 16:03,EventCreate,1,None,Application,djkvdihost011.jakarta01.com,JAKARTA01\aulya  
Error,9/27/2017 16:01,EventCreate,1,None,Application,djkvdihost717.jakarta01.com,JAKARTA01\himawan  
Error,9/27/2017 16:01,Application Error,1000,-100,Application,djkvdihost717.jakarta01.com,"Faulting application name: EXCEL.EXE, version: 15.0.4919.1000, time stamp: 0x58c7ab0f
Faulting module name: EXCEL.EXE, version: 15.0.4919.1000, time stamp: 0x58c7ab0f
Exception code: 0xc0000005
Fault offset: 0x0007f70a
Faulting process id: 0x1d70
Faulting application start time: 0x01d3376f12884339
Faulting application path: C:\Program Files\Microsoft Office\Office15\EXCEL.EXE
Faulting module path: C:\Program Files\Microsoft Office\Office15\EXCEL.EXE
Report Id: 7a4089b9-a362-11e7-ab5c-0050569f3764"
Error,9/27/2017 15:46,EventCreate,1,None,Application,djkvdihost333.jakarta01.com,JAKARTA01\nurmalasari  
Error,9/27/2017 15:46,Application Error,1000,-100,Application,djkvdihost333.jakarta01.com,"Faulting application name: OUTLOOK.EXE, version: 15.0.4919.1001, time stamp: 0x58d20482
Faulting module name: wwlib.dll, version: 15.0.4911.1000, time stamp: 0x58a2c073
Exception code: 0xc0000005
Fault offset: 0x000b9f81
Faulting process id: 0x1b04
Faulting application start time: 0x01d3372a0b40727b
Faulting application path: C:\Program Files\Microsoft Office\Office15\OUTLOOK.EXE
Faulting module path: C:\Program Files\Microsoft Office\Office15\wwlib.dll
Report Id: 65e63513-a360-11e7-9fdd-0050569f7a99"
Error,9/27/2017 15:45,EventCreate,1,None,Application,djkvdihost610.jakarta01.com,JAKARTA01\hardianbp  
Error,9/27/2017 15:45,Application Error,1000,-100,Application,djkvdihost610.jakarta01.com,"Faulting application name: OUTLOOK.EXE, version: 15.0.4919.1001, time stamp: 0x58d20482
Faulting module name: OUTLOOK.EXE, version: 15.0.4919.1001, time stamp: 0x58d20482
Exception code: 0xc0000005
Fault offset: 0x008924c7
Faulting process id: 0x187c
Faulting application start time: 0x01d337651271ff86
Faulting application path: C:\Program Files\Microsoft Office\Office15\OUTLOOK.EXE
Faulting module path: C:\Program Files\Microsoft Office\Office15\OUTLOOK.EXE
Report Id: 3833c6f6-a360-11e7-89cd-0050569f01e9"
Error,9/27/2017 15:34,EventCreate,1,None,Application,djkvdihost410.jakarta01.com,JAKARTA01\hari  
Error,9/27/2017 15:34,Application Error,1000,-100,Application,djkvdihost410.jakarta01.com,"Faulting application name: EXCEL.EXE, version: 15.0.4919.1000, time stamp: 0x58c7ab0f
Faulting module name: EXCEL.EXE, version: 15.0.4919.1000, time stamp: 0x58c7ab0f
Exception code: 0xc0000005
Fault offset: 0x0027a7b8
Faulting process id: 0x1a28
Faulting application start time: 0x01d337322bf05911
Faulting application path: C:\Program Files\Microsoft Office\Office15\EXCEL.EXE
Faulting module path: C:\Program Files\Microsoft Office\Office15\EXCEL.EXE
Report Id: aafe2cfe-a35e-11e7-9906-0050569f77c5"
Error,9/27/2017 15:32,EventCreate,1,None,Application,djkvdihost869.jakarta01.com,JAKARTA01\jeremia  
Error,9/27/2017 15:29,EventCreate,1,None,Application,djkvdihost105.jakarta01.com,JAKARTA01\warda  
Error,9/27/2017 15:29,Application Error,1000,-100,Application,djkvdihost105.jakarta01.com,"Faulting application name: OUTLOOK.EXE, version: 15.0.4919.1001, time stamp: 0x58d20482
Faulting module name: OUTLOOK.EXE, version: 15.0.4919.1001, time stamp: 0x58d20482
Exception code: 0xc0000005
Fault offset: 0x008924c4
Faulting process id: 0x724
Faulting application start time: 0x01d3375b26256dc4
Faulting application path: C:\Program Files\Microsoft Office\Office15\OUTLOOK.EXE
Faulting module path: C:\Program Files\Microsoft Office\Office15\OUTLOOK.EXE
Report Id: f969ef89-a35d-11e7-bde9-0050569f41a3"
Error,9/27/2017 15:18,EventCreate,1,None,Application,djkvdihost376.jakarta01.com,JAKARTA01\guestisd29  
Error,9/27/2017 15:18,EventCreate,1,None,Application,djkvdihost210.jakarta01.com,JAKARTA01\faiqa  
Error,9/27/2017 15:18,Application Error,1000,-100,Application,djkvdihost376.jakarta01.com,"Faulting application name: EXCEL.EXE, version: 15.0.4919.1000, time stamp: 0x58c7ab0f
Faulting module name: EXCEL.EXE, version: 15.0.4919.1000, time stamp: 0x58c7ab0f
Exception code: 0xc0000005
Fault offset: 0x00204f34
Faulting process id: 0x123c
Faulting application start time: 0x01d3373b61c077de
Faulting application path: C:\Program Files\Microsoft Office\Office15\EXCEL.EXE
Faulting module path: C:\Program Files\Microsoft Office\Office15\EXCEL.EXE
Report Id: 669b9a86-a35c-11e7-9925-0050569f50c4"
Error,9/27/2017 15:17,Application Error,1000,-100,Application,djkvdihost210.jakarta01.com,"Faulting application name: OUTLOOK.EXE, version: 15.0.4919.1001, time stamp: 0x58d20482
Faulting module name: OUTLOOK.EXE, version: 15.0.4919.1001, time stamp: 0x58d20482
Exception code: 0xc0000005
Fault offset: 0x008924c7
Faulting process id: 0x1b8c
Faulting application start time: 0x01d33726008eca2f
Faulting application path: C:\Program Files\Microsoft Office\Office15\OUTLOOK.EXE
Faulting module path: C:\Program Files\Microsoft Office\Office15\OUTLOOK.EXE
Report Id: 5ee29166-a35c-11e7-b037-0050569f2e3d"
Error,9/27/2017 15:16,EventCreate,1,None,Application,djkvdihost147.jakarta01.com,JAKARTA01\hendry  
Error,9/27/2017 15:16,Application Error,1000,-100,Application,djkvdihost147.jakarta01.com,"Faulting application name: printfilterpipelinesvc.exe, version: 6.1.7600.16385, time stamp: 0x4a5bcef9
Faulting module name: unknown, version: 0.0.0.0, time stamp: 0x00000000
Exception code: 0xc0000005
Fault offset: 0x5b0ffe4c
Faulting process id: 0x1974
Faulting application start time: 0x01d33768dcfea251
Faulting application path: C:\Windows\system32\printfilterpipelinesvc.exe
Faulting module path: unknown
Report Id: 1ae8bca4-a35c-11e7-ac7d-0050569f029e"
Error,9/27/2017 15:16,Application Error,1000,-100,Application,djkvdihost147.jakarta01.com,"Faulting application name: printfilterpipelinesvc.exe, version: 6.1.7600.16385, time stamp: 0x4a5bcef9
Faulting module name: unknown, version: 0.0.0.0, time stamp: 0x00000000
Exception code: 0xc0000005
Fault offset: 0x5b0ffe4c
Faulting process id: 0x2414
Faulting application start time: 0x01d33768dc0d3743
Faulting application path: C:\Windows\system32\printfilterpipelinesvc.exe
Faulting module path: unknown
Report Id: 1a25b5c6-a35c-11e7-ac7d-0050569f029e"
Error,9/27/2017 15:16,EventCreate,1,None,Application,djkvdihost399.jakarta01.com,JAKARTA01\Hadi  
Error,9/27/2017 15:16,Application Error,1000,-100,Application,djkvdihost399.jakarta01.com,"Faulting application name: WINWORD.EXE, version: 15.0.4911.1000, time stamp: 0x58a2c075
Faulting module name: wwlib.dll, version: 15.0.4911.1000, time stamp: 0x58a2c073
Exception code: 0xc0000005
Fault offset: 0x006f1046
Faulting process id: 0x1d54
Faulting application start time: 0x01d33768d9c4d965
Faulting application path: C:\Program Files\Microsoft Office\Office15\WINWORD.EXE
Faulting module path: C:\Program Files\Microsoft Office\Office15\wwlib.dll
Report Id: 1d0f277f-a35c-11e7-b7a8-0050569f164b"
Error,9/27/2017 15:15,EventCreate,1,None,Application,djkvdihost399.jakarta01.com,JAKARTA01\Hadi  
Error,9/27/2017 15:15,Application Error,1000,-100,Application,djkvdihost399.jakarta01.com,"Faulting application name: WINWORD.EXE, version: 15.0.4911.1000, time stamp: 0x58a2c075
Faulting module name: wwlib.dll, version: 15.0.4911.1000, time stamp: 0x58a2c073
Exception code: 0xc0000005
Fault offset: 0x006f0ff9
Faulting process id: 0x1904
Faulting application start time: 0x01d33756dfc151e9
Faulting application path: C:\Program Files\Microsoft Office\Office15\WINWORD.EXE
Faulting module path: C:\Program Files\Microsoft Office\Office15\wwlib.dll
Report Id: 1296d273-a35c-11e7-b7a8-0050569f164b"
Error,9/27/2017 15:15,EventCreate,1,None,Application,djkvdihost225.jakarta01.com,JAKARTA01\liza  
Error,9/27/2017 15:15,Application Error,1000,-100,Application,djkvdihost225.jakarta01.com,"Faulting application name: OUTLOOK.EXE, version: 15.0.4919.1001, time stamp: 0x58d20482
Faulting module name: OUTLOOK.EXE, version: 15.0.4919.1001, time stamp: 0x58d20482
Exception code: 0xc0000005
Fault offset: 0x008924c4
Faulting process id: 0x1c14
Faulting application start time: 0x01d3372e9682a5aa
Faulting application path: C:\Program Files\Microsoft Office\Office15\OUTLOOK.EXE
Faulting module path: C:\Program Files\Microsoft Office\Office15\OUTLOOK.EXE
Report Id: f9a5485f-a35b-11e7-b9a7-0050569f7603"
Error,9/27/2017 15:14,EventCreate,1,None,Application,djkvdihost147.jakarta01.com,JAKARTA01\hendry  
Error,9/27/2017 15:14,Application Error,1000,-100,Application,djkvdihost147.jakarta01.com,"Faulting application name: printfilterpipelinesvc.exe, version: 6.1.7600.16385, time stamp: 0x4a5bcef9
Faulting module name: unknown, version: 0.0.0.0, time stamp: 0x00000000
Exception code: 0xc0000005
Fault offset: 0x5b0ffe4c
Faulting process id: 0x1cb4
Faulting application start time: 0x01d33768aa0cdd1b
Faulting application path: C:\Windows\system32\printfilterpipelinesvc.exe
Faulting module path: unknown
Report Id: e7da9514-a35b-11e7-ac7d-0050569f029e"
Error,9/27/2017 15:14,Application Error,1000,-100,Application,djkvdihost147.jakarta01.com,"Faulting application name: printfilterpipelinesvc.exe, version: 6.1.7600.16385, time stamp: 0x4a5bcef9
Faulting module name: unknown, version: 0.0.0.0, time stamp: 0x00000000
Exception code: 0xc0000005
Fault offset: 0x5b0ffe4c
Faulting process id: 0x1d40
Faulting application start time: 0x01d33768a89f39ff
Faulting application path: C:\Windows\system32\printfilterpipelinesvc.exe
Faulting module path: unknown
Report Id: e6c17cc2-a35b-11e7-ac7d-0050569f029e"
Error,9/27/2017 15:11,EventCreate,1,None,Application,djkvdihost147.jakarta01.com,JAKARTA01\hendry  
Error,9/27/2017 15:11,Application Error,1000,-100,Application,djkvdihost147.jakarta01.com,"Faulting application name: printfilterpipelinesvc.exe, version: 6.1.7600.16385, time stamp: 0x4a5bcef9
Faulting module name: unknown, version: 0.0.0.0, time stamp: 0x00000000
Exception code: 0xc0000005
Fault offset: 0x5b0ffe4c
Faulting process id: 0x24a8
Faulting application start time: 0x01d337683a1ae869
Faulting application path: C:\Windows\system32\printfilterpipelinesvc.exe
Faulting module path: unknown
Report Id: 77eb3883-a35b-11e7-ac7d-0050569f029e"
Error,9/27/2017 15:11,Application Error,1000,-100,Application,djkvdihost147.jakarta01.com,"Faulting application name: printfilterpipelinesvc.exe, version: 6.1.7600.16385, time stamp: 0x4a5bcef9
Faulting module name: unknown, version: 0.0.0.0, time stamp: 0x00000000
Exception code: 0xc0000005
Fault offset: 0x5b0ffe4c
Faulting process id: 0x2410
Faulting application start time: 0x01d33768393a1f98
Faulting application path: C:\Windows\system32\printfilterpipelinesvc.exe
Faulting module path: unknown
Report Id: 77031c82-a35b-11e7-ac7d-0050569f029e"
Error,9/27/2017 15:09,EventCreate,1,None,Application,djkvdihost147.jakarta01.com,JAKARTA01\hendry  
Error,9/27/2017 15:09,Application Error,1000,-100,Application,djkvdihost147.jakarta01.com,"Faulting application name: printfilterpipelinesvc.exe, version: 6.1.7600.16385, time stamp: 0x4a5bcef9
Faulting module name: unknown, version: 0.0.0.0, time stamp: 0x00000000
Exception code: 0xc0000005
Fault offset: 0x5b0ffe4c
Faulting process id: 0x2704
Faulting application start time: 0x01d33767ee1fd366
Faulting application path: C:\Windows\system32\printfilterpipelinesvc.exe
Faulting module path: unknown
Report Id: 2bee4dc6-a35b-11e7-ac7d-0050569f029e"
Error,9/27/2017 15:09,EventCreate,1,None,Application,djkvdihost147.jakarta01.com,JAKARTA01\hendry  
Error,9/27/2017 15:09,Application Error,1000,-100,Application,djkvdihost147.jakarta01.com,"Faulting application name: printfilterpipelinesvc.exe, version: 6.1.7600.16385, time stamp: 0x4a5bcef9
Faulting module name: unknown, version: 0.0.0.0, time stamp: 0x00000000
Exception code: 0xc0000005
Fault offset: 0x5b0ffe4c
Faulting process id: 0x2628
Faulting application start time: 0x01d33767ed5186e6
Faulting application path: C:\Windows\system32\printfilterpipelinesvc.exe
Faulting module path: unknown
Report Id: 2b1b9476-a35b-11e7-ac7d-0050569f029e"
Error,9/27/2017 15:07,EventCreate,1,None,Application,djkvdihost581.jakarta01.com,JAKARTA01\Doris  
Error,9/27/2017 15:07,Application Error,1000,-100,Application,djkvdihost581.jakarta01.com,"Faulting application name: iexplore.exe, version: 11.0.9600.18639, time stamp: 0x58d6bb0d
Faulting module name: MSHTML.dll, version: 11.0.9600.18639, time stamp: 0x58d6c720
Exception code: 0xc0000005
Fault offset: 0x000ac604
Faulting process id: 0x1c68
Faulting application start time: 0x01d33749733dcaad
Faulting application path: C:\Program Files\Internet Explorer\iexplore.exe
Faulting module path: C:\Windows\system32\MSHTML.dll
Report Id: e27049b4-a35a-11e7-91a1-0050569f775f"
Error,9/27/2017 15:04,EventCreate,1,None,Application,djkvdihost384.jakarta01.com,JAKARTA01\muhammad afif  
Error,9/27/2017 15:03,EventCreate,1,None,Application,djkvdihost705.jakarta01.com,JAKARTA01\Bagus Gede  
Error,9/27/2017 15:03,Application Error,1000,-100,Application,djkvdihost384.jakarta01.com,"Faulting application name: OUTLOOK.EXE, version: 15.0.4919.1001, time stamp: 0x58d20482
Faulting module name: OUTLOOK.EXE, version: 15.0.4919.1001, time stamp: 0x58d20482
Exception code: 0xc0000005
Fault offset: 0x008924c4
Faulting process id: 0x1734
Faulting application start time: 0x01d33728bd97151e
Faulting application path: C:\Program Files\Microsoft Office\Office15\OUTLOOK.EXE
Faulting module path: C:\Program Files\Microsoft Office\Office15\OUTLOOK.EXE
Report Id: 69ee68b8-a35a-11e7-8bdc-0050569f08e5"
Error,9/27/2017 15:03,Application Error,1000,-100,Application,djkvdihost705.jakarta01.com,"Faulting application name: EXCEL.EXE, version: 15.0.4919.1000, time stamp: 0x58c7ab0f
Faulting module name: EXCEL.EXE, version: 15.0.4919.1000, time stamp: 0x58c7ab0f
Exception code: 0xc0000005
Fault offset: 0x000545e9
Faulting process id: 0x75c
Faulting application start time: 0x01d33758ee289818
Faulting application path: C:\Program Files\Microsoft Office\Office15\EXCEL.EXE
Faulting module path: C:\Program Files\Microsoft Office\Office15\EXCEL.EXE
Report Id: 613fbde8-a35a-11e7-96b2-0050569f2018"
Error,9/27/2017 15:01,EventCreate,1,None,Application,djkvdihost464.jakarta01.com,JAKARTA01\erwin  
Error,9/27/2017 15:00,Application Error,1000,-100,Application,djkvdihost464.jakarta01.com,"Faulting application name: OUTLOOK.EXE, version: 15.0.4919.1001, time stamp: 0x58d20482
Faulting module name: OUTLOOK.EXE, version: 15.0.4919.1001, time stamp: 0x58d20482
Exception code: 0xc0000005
Fault offset: 0x008924c7
Faulting process id: 0x1bc0
Faulting application start time: 0x01d33734b8debf88
Faulting application path: C:\Program Files\Microsoft Office\Office15\OUTLOOK.EXE
Faulting module path: C:\Program Files\Microsoft Office\Office15\OUTLOOK.EXE
Report Id: fedc22e8-a359-11e7-826a-0050569f6220"
Error,9/27/2017 14:55,EventCreate,1,None,Application,djkvdihost875.jakarta01.com,JAKARTA01\bayu  
Error,9/27/2017 14:54,WSH,1,None,Application,djkvdihost875.jakarta01.com,"CN=Andi Bayu W password will expire in 1 day(s) at 9/28/2017 8:06:14 AM

Press CTRL + ALT + DEL and select the ""Change a password"" option."
Error,9/27/2017 14:54,WSH,1,None,Application,djkvdihost875.jakarta01.com,"CN=Andi Bayu W password will expire in 1 day(s) at 9/28/2017 8:06:14 AM

Press CTRL + ALT + DEL and select the ""Change a password"" option."
Error,9/27/2017 14:48,EventCreate,1,None,Application,djkvdihost483.jakarta01.com,JAKARTA01\agnesthine  
Error,9/27/2017 14:47,EventCreate,1,None,Application,djkvdihost610.jakarta01.com,JAKARTA01\hardianbp  
Error,9/27/2017 14:45,EventCreate,1,None,Application,djkvdihost368.jakarta01.com,JAKARTA01\agungwd  
Error,9/27/2017 14:44,EventCreate,1,None,Application,djkvdihost773.jakarta01.com,JAKARTA01\ayub  
Error,9/27/2017 14:45,Application Error,1000,-100,Application,djkvdihost368.jakarta01.com,"Faulting application name: iexplore.exe, version: 11.0.9600.18639, time stamp: 0x58d6bb0d
Faulting module name: unknown, version: 0.0.0.0, time stamp: 0x00000000
Exception code: 0xc0000005
Fault offset: 0x7ff1e6d1
Faulting process id: 0x158c
Faulting application start time: 0x01d33727866a4254
Faulting application path: C:\Program Files\Internet Explorer\iexplore.exe
Faulting module path: unknown
Report Id: c64d60ee-a357-11e7-a1fe-0050569f13ab"
Error,9/27/2017 14:44,Application Error,1000,-100,Application,djkvdihost773.jakarta01.com,"Faulting application name: AcroRd32.exe, version: 10.1.4.38, time stamp: 0x5012ea69
Faulting module name: AcroRd32.dll, version: 10.1.4.38, time stamp: 0x5012f9f9
Exception code: 0xc0000005
Fault offset: 0x00059192
Faulting process id: 0x898
Faulting application start time: 0x01d3374c42086aa3
Faulting application path: C:\Program Files\Adobe\Reader 10.0\Reader\AcroRd32.exe
Faulting module path: C:\Program Files\Adobe\Reader 10.0\Reader\AcroRd32.dll
Report Id: bb9bdf4d-a357-11e7-ac1a-0050569f1f68"
Error,9/27/2017 14:41,EventCreate,1,None,Application,djkvdihost556.jakarta01.com,JAKARTA01\mario  
Error,9/27/2017 14:40,EventCreate,1,None,Application,djkvdihost036.jakarta01.com,JAKARTA01\Ana  
Error,9/27/2017 14:40,EventCreate,1,None,Application,djkvdihost556.jakarta01.com,JAKARTA01\mario  
Error,9/27/2017 14:40,EventCreate,1,None,Application,djkvdihost366.jakarta01.com,JAKARTA01\ADITYA CHANDRA  
Error,9/27/2017 14:40,Application Error,1000,-100,Application,djkvdihost036.jakarta01.com,"Faulting application name: OUTLOOK.EXE, version: 15.0.4919.1001, time stamp: 0x58d20482
Faulting module name: OUTLOOK.EXE, version: 15.0.4919.1001, time stamp: 0x58d20482
Exception code: 0xc0000005
Fault offset: 0x008924c4
Faulting process id: 0x32c
Faulting application start time: 0x01d33730077fbe20
Faulting application path: C:\Program Files\Microsoft Office\Office15\OUTLOOK.EXE
Faulting module path: C:\Program Files\Microsoft Office\Office15\OUTLOOK.EXE
Report Id: 2617986d-a357-11e7-9a27-0050569f52b4"
Error,9/27/2017 14:39,EventCreate,1,None,Application,djkvdihost366.jakarta01.com,JAKARTA01\ADITYA CHANDRA  
Error,9/27/2017 14:38,WSH,1,None,Application,djkvdihost366.jakarta01.com,"CN=Aditya Chandra password will expire in 4 day(s) at 10/1/2017 8:38:32 AM

Press CTRL + ALT + DEL and select the ""Change a password"" option."
Error,9/27/2017 14:38,WSH,1,None,Application,djkvdihost366.jakarta01.com,"CN=Aditya Chandra password will expire in 4 day(s) at 10/1/2017 8:38:32 AM

Press CTRL + ALT + DEL and select the ""Change a password"" option."
Error,9/27/2017 14:30,EventCreate,1,None,Application,djkvdihost782.jakarta01.com,JAKARTA01\eka prastica  
Error,9/27/2017 14:30,Application Error,1000,-100,Application,djkvdihost782.jakarta01.com,"Faulting application name: MSPUB.EXE, version: 15.0.4869.1000, time stamp: 0x57e13109
Faulting module name: oart.dll, version: 15.0.4911.1000, time stamp: 0x58a2bf30
Exception code: 0xc0000005
Fault offset: 0x000d31dc
Faulting process id: 0x1be0
Faulting application start time: 0x01d33757cdba9dcd
Faulting application path: C:\Program Files\Microsoft Office\Office15\MSPUB.EXE
Faulting module path: C:\Program Files\Microsoft Office\Office15\oart.dll
Report Id: ca3c07b7-a355-11e7-8b1f-0050569f3a53"
Error,9/27/2017 14:29,EventCreate,1,None,Application,djkvdihost439.jakarta01.com,JAKARTA01\junito  
Error,9/27/2017 14:29,EventCreate,1,None,Application,djkvdihost439.jakarta01.com,JAKARTA01\junito  
Error,9/27/2017 14:29,EventCreate,1,None,Application,djkvdihost439.jakarta01.com,JAKARTA01\junito  
Error,9/27/2017 14:26,EventCreate,1,None,Application,djkvdihost793.jakarta01.com,JAKARTA01\shinta  
Error,9/27/2017 14:26,EventCreate,1,None,Application,djkvdihost510.jakarta01.com,JAKARTA01\k_ignatius  
Error,9/27/2017 14:26,Application Error,1000,-100,Application,djkvdihost793.jakarta01.com,"Faulting application name: OUTLOOK.EXE, version: 15.0.4919.1001, time stamp: 0x58d20482
Faulting module name: OUTLOOK.EXE, version: 15.0.4919.1001, time stamp: 0x58d20482
Exception code: 0xc0000005
Fault offset: 0x008924c4
Faulting process id: 0x1a8c
Faulting application start time: 0x01d3374121b86add
Faulting application path: C:\Program Files\Microsoft Office\Office15\OUTLOOK.EXE
Faulting module path: C:\Program Files\Microsoft Office\Office15\OUTLOOK.EXE
Report Id: 31455127-a355-11e7-9469-0050569f6c5a"
Error,9/27/2017 14:26,Application Error,1000,-100,Application,djkvdihost510.jakarta01.com,"Faulting application name: OUTLOOK.EXE, version: 15.0.4919.1001, time stamp: 0x58d20482
Faulting module name: OUTLOOK.EXE, version: 15.0.4919.1001, time stamp: 0x58d20482
Exception code: 0xc0000005
Fault offset: 0x008924c4
Faulting process id: 0x498
Faulting application start time: 0x01d33732b334a11d
Faulting application path: C:\Program Files\Microsoft Office\Office15\OUTLOOK.EXE
Faulting module path: C:\Program Files\Microsoft Office\Office15\OUTLOOK.EXE
Report Id: 277ec9cb-a355-11e7-aa8d-0050569f1ca3"
Error,9/27/2017 14:20,EventCreate,1,None,Application,djkvdihost147.jakarta01.com,JAKARTA01\hendry  
Error,9/27/2017 14:20,Application Error,1000,-100,Application,djkvdihost147.jakarta01.com,"Faulting application name: printfilterpipelinesvc.exe, version: 6.1.7600.16385, time stamp: 0x4a5bcef9
Faulting module name: unknown, version: 0.0.0.0, time stamp: 0x00000000
Exception code: 0xc0000005
Fault offset: 0x5b0ffe4c
Faulting process id: 0x1b78
Faulting application start time: 0x01d337611f60676e
Faulting application path: C:\Windows\system32\printfilterpipelinesvc.exe
Faulting module path: unknown
Report Id: 5d59c25e-a354-11e7-ac7d-0050569f029e"
Error,9/27/2017 14:20,Application Error,1000,-100,Application,djkvdihost147.jakarta01.com,"Faulting application name: printfilterpipelinesvc.exe, version: 6.1.7600.16385, time stamp: 0x4a5bcef9
Faulting module name: unknown, version: 0.0.0.0, time stamp: 0x00000000
Exception code: 0xc0000005
Fault offset: 0x5b0ffe4c
Faulting process id: 0xc68
Faulting application start time: 0x01d337611e616dfe
Faulting application path: C:\Windows\system32\printfilterpipelinesvc.exe
Faulting module path: unknown
Report Id: 5c6ace7e-a354-11e7-ac7d-0050569f029e"
Error,9/27/2017 14:19,EventCreate,1,None,Application,djkvdihost586.jakarta01.com,JAKARTA01\guestisd53  
Error,9/27/2017 14:16,EventCreate,1,None,Application,djkvdihost216.jakarta01.com,JAKARTA01\Christopher  
Error,9/27/2017 14:13,EventCreate,1,None,Application,djkvdihost677.jakarta01.com,JAKARTA01\yosephine  
Error,9/27/2017 14:13,Application Error,1000,-100,Application,djkvdihost677.jakarta01.com,"Faulting application name: iexplore.exe, version: 11.0.9600.18639, time stamp: 0x58d6bb0d
Faulting module name: MSHTML.dll, version: 11.0.9600.18639, time stamp: 0x58d6c720
Exception code: 0xc0000005
Fault offset: 0x000ac604
Faulting process id: 0x13d4
Faulting application start time: 0x01d3375a57ea1f06
Faulting application path: C:\Program Files\Internet Explorer\iexplore.exe
Faulting module path: C:\Windows\system32\MSHTML.dll
Report Id: 60d4848e-a353-11e7-bc33-0050569f0a8d"
Error,9/27/2017 14:12,EventCreate,1,None,Application,djkvdihost390.jakarta01.com,JAKARTA01\ghozia  
Error,9/27/2017 14:10,EventCreate,1,None,Application,djkvdihost745.jakarta01.com,JAKARTA01\Bryant  
Error,9/27/2017 14:10,Application Error,1000,-100,Application,djkvdihost745.jakarta01.com,"Faulting application name: OUTLOOK.EXE, version: 15.0.4919.1001, time stamp: 0x58d20482
Faulting module name: OUTLOOK.EXE, version: 15.0.4919.1001, time stamp: 0x58d20482
Exception code: 0xc0000005
Fault offset: 0x008924c4
Faulting process id: 0x1ca4
Faulting application start time: 0x01d3375decdf53c0
Faulting application path: C:\Program Files\Microsoft Office\Office15\OUTLOOK.EXE
Faulting module path: C:\Program Files\Microsoft Office\Office15\OUTLOOK.EXE
Report Id: dfec6fc0-a352-11e7-8484-0050569f2c5e"
Error,9/27/2017 14:09,EventCreate,1,None,Application,djkvdihost147.jakarta01.com,JAKARTA01\hendry  
Error,9/27/2017 14:09,Application Error,1000,-100,Application,djkvdihost147.jakarta01.com,"Faulting application name: printfilterpipelinesvc.exe, version: 6.1.7600.16385, time stamp: 0x4a5bcef9
Faulting module name: unknown, version: 0.0.0.0, time stamp: 0x00000000
Exception code: 0xc0000005
Fault offset: 0x5b0ffe4c
Faulting process id: 0x13b8
Faulting application start time: 0x01d3375f9a0ff1de
Faulting application path: C:\Windows\system32\printfilterpipelinesvc.exe
Faulting module path: unknown
Report Id: d816451e-a352-11e7-ac7d-0050569f029e"
Error,9/27/2017 14:09,EventCreate,1,None,Application,djkvdihost147.jakarta01.com,JAKARTA01\hendry  
Error,9/27/2017 14:09,Application Error,1000,-100,Application,djkvdihost147.jakarta01.com,"Faulting application name: printfilterpipelinesvc.exe, version: 6.1.7600.16385, time stamp: 0x4a5bcef9
Faulting module name: unknown, version: 0.0.0.0, time stamp: 0x00000000
Exception code: 0xc0000005
Fault offset: 0x5b0ffe4c
Faulting process id: 0x1e08
Faulting application start time: 0x01d3375f98b284be
Faulting application path: C:\Windows\system32\printfilterpipelinesvc.exe
Faulting module path: unknown
Report Id: d6af621e-a352-11e7-ac7d-0050569f029e"
Error,9/27/2017 14:09,EventCreate,1,None,Application,djkvdihost147.jakarta01.com,JAKARTA01\hendry  
Error,9/27/2017 14:09,Application Error,1000,-100,Application,djkvdihost147.jakarta01.com,"Faulting application name: printfilterpipelinesvc.exe, version: 6.1.7600.16385, time stamp: 0x4a5bcef9
Faulting module name: unknown, version: 0.0.0.0, time stamp: 0x00000000
Exception code: 0xc0000005
Fault offset: 0x5b0ffe4c
Faulting process id: 0x660
Faulting application start time: 0x01d3375f8597775e
Faulting application path: C:\Windows\system32\printfilterpipelinesvc.exe
Faulting module path: unknown
Report Id: c360c19e-a352-11e7-ac7d-0050569f029e"
Error,9/27/2017 14:09,Application Error,1000,-100,Application,djkvdihost147.jakarta01.com,"Faulting application name: printfilterpipelinesvc.exe, version: 6.1.7600.16385, time stamp: 0x4a5bcef9
Faulting module name: unknown, version: 0.0.0.0, time stamp: 0x00000000
Exception code: 0xc0000005
Fault offset: 0x5b0ffe4c
Faulting process id: 0xb00
Faulting application start time: 0x01d3375f844d923e
Faulting application path: C:\Windows\system32\printfilterpipelinesvc.exe
Faulting module path: unknown
Report Id: c271317e-a352-11e7-ac7d-0050569f029e"
Error,9/27/2017 14:08,EventCreate,1,None,Application,djkvdihost147.jakarta01.com,JAKARTA01\hendry  
Error,9/27/2017 14:08,Application Error,1000,-100,Application,djkvdihost147.jakarta01.com,"Faulting application name: printfilterpipelinesvc.exe, version: 6.1.7600.16385, time stamp: 0x4a5bcef9
Faulting module name: unknown, version: 0.0.0.0, time stamp: 0x00000000
Exception code: 0xc0000005
Fault offset: 0x5b0ffe4c
Faulting process id: 0x1e00
Faulting application start time: 0x01d3375f7068570e
Faulting application path: C:\Windows\system32\printfilterpipelinesvc.exe
Faulting module path: unknown
Report Id: ae34395e-a352-11e7-ac7d-0050569f029e"
Error,9/27/2017 14:08,Application Error,1000,-100,Application,djkvdihost147.jakarta01.com,"Faulting application name: printfilterpipelinesvc.exe, version: 6.1.7600.16385, time stamp: 0x4a5bcef9
Faulting module name: unknown, version: 0.0.0.0, time stamp: 0x00000000
Exception code: 0xc0000005
Fault offset: 0x5b0ffe4c
Faulting process id: 0x1f08
Faulting application start time: 0x01d3375f6f3f676e
Faulting application path: C:\Windows\system32\printfilterpipelinesvc.exe
Faulting module path: unknown
Report Id: ad5ff96e-a352-11e7-ac7d-0050569f029e"
Error,9/27/2017 14:08,EventCreate,1,None,Application,djkvdihost147.jakarta01.com,JAKARTA01\hendry  
Error,9/27/2017 14:08,Application Error,1000,-100,Application,djkvdihost147.jakarta01.com,"Faulting application name: printfilterpipelinesvc.exe, version: 6.1.7600.16385, time stamp: 0x4a5bcef9
Faulting module name: unknown, version: 0.0.0.0, time stamp: 0x00000000
Exception code: 0xc0000005
Fault offset: 0x5b0ffe4c
Faulting process id: 0x1260
Faulting application start time: 0x01d3375f6491a3ae
Faulting application path: C:\Windows\system32\printfilterpipelinesvc.exe
Faulting module path: unknown
Report Id: a25b3c0e-a352-11e7-ac7d-0050569f029e"
Error,9/27/2017 14:08,Application Error,1000,-100,Application,djkvdihost147.jakarta01.com,"Faulting application name: printfilterpipelinesvc.exe, version: 6.1.7600.16385, time stamp: 0x4a5bcef9
Faulting module name: unknown, version: 0.0.0.0, time stamp: 0x00000000
Exception code: 0xc0000005
Fault offset: 0x5b0ffe4c
Faulting process id: 0x15bc
Faulting application start time: 0x01d3375f6336a78e
Faulting application path: C:\Windows\system32\printfilterpipelinesvc.exe
Faulting module path: unknown
Report Id: a15e175e-a352-11e7-ac7d-0050569f029e"
Error,9/27/2017 14:07,EventCreate,1,None,Application,djkvdihost147.jakarta01.com,JAKARTA01\hendry  
Error,9/27/2017 14:07,Application Error,1000,-100,Application,djkvdihost147.jakarta01.com,"Faulting application name: printfilterpipelinesvc.exe, version: 6.1.7600.16385, time stamp: 0x4a5bcef9
Faulting module name: unknown, version: 0.0.0.0, time stamp: 0x00000000
Exception code: 0xc0000005
Fault offset: 0x5b0ffe4c
Faulting process id: 0x17cc
Faulting application start time: 0x01d3375f46a2acee
Faulting application path: C:\Windows\system32\printfilterpipelinesvc.exe
Faulting module path: unknown
Report Id: 84af8fde-a352-11e7-ac7d-0050569f029e"
Error,9/27/2017 14:07,Application Error,1000,-100,Application,djkvdihost147.jakarta01.com,"Faulting application name: printfilterpipelinesvc.exe, version: 6.1.7600.16385, time stamp: 0x4a5bcef9
Faulting module name: unknown, version: 0.0.0.0, time stamp: 0x00000000
Exception code: 0xc0000005
Fault offset: 0x5b0ffe4c
Faulting process id: 0xad8
Faulting application start time: 0x01d3375f4541bd5e
Faulting application path: C:\Windows\system32\printfilterpipelinesvc.exe
Faulting module path: unknown
Report Id: 83a2dace-a352-11e7-ac7d-0050569f029e"
Error,9/27/2017 14:05,EventCreate,1,None,Application,djkvdihost760.jakarta01.com,JAKARTA01\RURI  
Error,9/27/2017 14:05,Application Error,1000,-100,Application,djkvdihost760.jakarta01.com,"Faulting application name: PhotoScreensaver.scr, version: 6.1.7601.17514, time stamp: 0x4ce7a590
Faulting module name: SHELL32.dll, version: 6.1.7601.23537, time stamp: 0x57c450f4
Exception code: 0xc0000005
Fault offset: 0x001f269f
Faulting process id: 0x23b8
Faulting application start time: 0x01d3375e72bb5c4d
Faulting application path: C:\Windows\system32\PhotoScreensaver.scr
Faulting module path: C:\Windows\system32\SHELL32.dll
Report Id: 2decf7c7-a352-11e7-bc63-0050569f7cd4"
Error,9/27/2017 14:04,EventCreate,1,None,Application,djkvdihost573.jakarta01.com,JAKARTA01\DedyW  
Error,9/27/2017 13:57,EventCreate,1,None,Application,djkvdihost233.jakarta01.com,JAKARTA01\GuestISD45  
Error,9/27/2017 13:57,EventCreate,1,None,Application,djkvdihost745.jakarta01.com,JAKARTA01\Bryant  
Error,9/27/2017 13:57,Application Error,1000,-100,Application,djkvdihost233.jakarta01.com,"Faulting application name: lync.exe, version: 15.0.4919.1000, time stamp: 0x58c7ab1e
Faulting module name: Uc.dll, version: 15.0.4919.1000, time stamp: 0x58c7b032
Exception code: 0xc0000005
Fault offset: 0x00559bd1
Faulting process id: 0x11d4
Faulting application start time: 0x01d33739cc0c3212
Faulting application path: C:\Program Files\Microsoft Office\Office15\lync.exe
Faulting module path: C:\Program Files\Microsoft Office\Office15\Uc.dll
Report Id: 2d55029c-a351-11e7-ae09-0050569f352e"
Error,9/27/2017 13:57,Application Error,1000,-100,Application,djkvdihost745.jakarta01.com,"Faulting application name: OUTLOOK.EXE, version: 15.0.4919.1001, time stamp: 0x58d20482
Faulting module name: OUTLOOK.EXE, version: 15.0.4919.1001, time stamp: 0x58d20482
Exception code: 0xc0000005
Fault offset: 0x008924c7
Faulting process id: 0x844
Faulting application start time: 0x01d3374a86fed073
Faulting application path: C:\Program Files\Microsoft Office\Office15\OUTLOOK.EXE
Faulting module path: C:\Program Files\Microsoft Office\Office15\OUTLOOK.EXE
Report Id: 27357810-a351-11e7-8484-0050569f2c5e"
Error,9/27/2017 13:55,EventCreate,1,None,Application,djkvdihost436.jakarta01.com,JAKARTA01\Kartina  
Error,9/27/2017 13:55,EventCreate,1,None,Application,djkvdihost147.jakarta01.com,JAKARTA01\hendry  
Error,9/27/2017 13:55,Application Error,1000,-100,Application,djkvdihost147.jakarta01.com,"Faulting application name: printfilterpipelinesvc.exe, version: 6.1.7600.16385, time stamp: 0x4a5bcef9
Faulting module name: unknown, version: 0.0.0.0, time stamp: 0x00000000
Exception code: 0xc0000005
Fault offset: 0x5b0ffe4c
Faulting process id: 0xd38
Faulting application start time: 0x01d3375d9522921e
Faulting application path: C:\Windows\system32\printfilterpipelinesvc.exe
Faulting module path: unknown
Report Id: d315846e-a350-11e7-ac7d-0050569f029e"
Error,9/27/2017 13:55,Application Error,1000,-100,Application,djkvdihost147.jakarta01.com,"Faulting application name: printfilterpipelinesvc.exe, version: 6.1.7600.16385, time stamp: 0x4a5bcef9
Faulting module name: unknown, version: 0.0.0.0, time stamp: 0x00000000
Exception code: 0xc0000005
Fault offset: 0x5b0ffe4c
Faulting process id: 0x1338
Faulting application start time: 0x01d3375d9437bcee
Faulting application path: C:\Windows\system32\printfilterpipelinesvc.exe
Faulting module path: unknown
Report Id: d24a934e-a350-11e7-ac7d-0050569f029e"
