Error,10/4/2017 10:32,EventCreate,1,None,Application,djkvdihost344.jakarta01.com,JAKARTA01\mazy  
Error,10/4/2017 10:32,Application Error,1000,-100,Application,djkvdihost344.jakarta01.com,"Faulting application name: OUTLOOK.EXE, version: 15.0.4919.1001, time stamp: 0x58d20482
Faulting module name: OUTLOOK.EXE, version: 15.0.4919.1001, time stamp: 0x58d20482
Exception code: 0xc0000005
Fault offset: 0x008924c4
Faulting process id: 0xfa0
Faulting application start time: 0x01d33cac6914a2c7
Faulting application path: C:\Program Files\Microsoft Office\Office15\OUTLOOK.EXE
Faulting module path: C:\Program Files\Microsoft Office\Office15\OUTLOOK.EXE
Report Id: a953b716-a8b4-11e7-8373-0050569f3f98"
Error,10/4/2017 10:31,EventCreate,1,None,Application,djkvdihost668.jakarta01.com,JAKARTA01\feni  
Error,10/4/2017 10:30,EventCreate,1,None,Application,djkvdihost097.jakarta01.com,JAKARTA01\Prihantono  
Error,10/4/2017 10:29,EventCreate,1,None,Application,djkvdihost559.jakarta01.com,JAKARTA01\GUESTISD28  
Error,10/4/2017 10:28,EventCreate,1,None,Application,djkvdihost682.jakarta01.com,JAKARTA01\edwan  
Error,10/4/2017 10:27,EventCreate,1,None,Application,djkvdihost656.jakarta01.com,JAKARTA01\isnaini  
Error,10/4/2017 10:27,EventCreate,1,None,Application,djkvdihost128.jakarta01.com,JAKARTA01\Hilman  
Error,10/4/2017 10:26,EventCreate,1,None,Application,djkvdihost584.jakarta01.com,JAKARTA01\hari  
Error,10/4/2017 10:26,EventCreate,1,None,Application,djkvdihost516.jakarta01.com,JAKARTA01\Ronald Hertanto  
Error,10/4/2017 10:25,Application Error,1000,-100,Application,djkvdihost516.jakarta01.com,"Faulting application name: OUTLOOK.EXE, version: 15.0.4919.1001, time stamp: 0x58d20482
Faulting module name: OUTLOOK.EXE, version: 15.0.4919.1001, time stamp: 0x58d20482
Exception code: 0xc0000005
Fault offset: 0x008924c7
Faulting process id: 0x17f4
Faulting application start time: 0x01d33cb0830f8f9f
Faulting application path: C:\Program Files\Microsoft Office\Office15\OUTLOOK.EXE
Faulting module path: C:\Program Files\Microsoft Office\Office15\OUTLOOK.EXE
Report Id: bbbd64cd-a8b3-11e7-8486-0050569f24d3"
Error,10/4/2017 10:24,EventCreate,1,None,Application,djkvdihost587.jakarta01.com,JAKARTA01\rahman  
Error,10/4/2017 10:24,EventCreate,1,None,Application,djkvdihost587.jakarta01.com,JAKARTA01\rahman  
Error,10/4/2017 10:22,EventCreate,1,None,Application,djkvdihost260.jakarta01.com,JAKARTA01\elestari  
Error,10/4/2017 10:22,EventCreate,1,None,Application,djkvdihost817.jakarta01.com,JAKARTA01\raymond  
Error,10/4/2017 10:21,EventCreate,1,None,Application,djkvdihost005.jakarta01.com,JAKARTA01\guestisd60  
Error,10/4/2017 10:18,EventCreate,1,None,Application,djkvdihost716.jakarta01.com,JAKARTA01\adhi  
Error,10/4/2017 10:18,Application Error,1000,-100,Application,djkvdihost716.jakarta01.com,"Faulting application name: spoolsv.exe, version: 6.1.7601.17777, time stamp: 0x4f35efc3
Faulting module name: msvcrt.dll, version: 7.0.7601.17744, time stamp: 0x4eeaf722
Exception code: 0xc0000005
Fault offset: 0x0000aa14
Faulting process id: 0x638
Faulting application start time: 0x01d33c2b9d863a84
Faulting application path: C:\Windows\System32\spoolsv.exe
Faulting module path: C:\Windows\system32\msvcrt.dll
Report Id: a767b7b8-a8b2-11e7-9dc0-0050569f2f0d"
Error,10/4/2017 10:17,EventCreate,1,None,Application,djkvdihost497.jakarta01.com,JAKARTA01\mahendrars  
Error,10/4/2017 10:05,EventCreate,1,None,Application,djkvdihost393.jakarta01.com,JAKARTA01\wiranti  
Error,10/4/2017 10:05,Application Error,1000,-100,Application,djkvdihost393.jakarta01.com,"Faulting application name: OUTLOOK.EXE, version: 15.0.4919.1001, time stamp: 0x58d20482
Faulting module name: OUTLOOK.EXE, version: 15.0.4919.1001, time stamp: 0x58d20482
Exception code: 0xc0000005
Fault offset: 0x008924c7
Faulting process id: 0x1548
Faulting application start time: 0x01d33cac869729cb
Faulting application path: C:\Program Files\Microsoft Office\Office15\OUTLOOK.EXE
Faulting module path: C:\Program Files\Microsoft Office\Office15\OUTLOOK.EXE
Report Id: ed74b6da-a8b0-11e7-af5d-0050569f289b"
Error,10/4/2017 10:03,EventCreate,1,None,Application,djkvdihost342.jakarta01.com,JAKARTA01\zaldi  
Error,10/4/2017 10:02,EventCreate,1,None,Application,djkvdihost342.jakarta01.com,JAKARTA01\zaldi  
Error,10/4/2017 9:59,EventCreate,1,None,Application,djkvdihost783.jakarta01.com,JAKARTA01\guestISD50  
Error,10/4/2017 9:54,EventCreate,1,None,Application,djkvdihost154.jakarta01.com,JAKARTA01\yusdian  
Error,10/4/2017 9:53,EventCreate,1,None,Application,djkvdihost365.jakarta01.com,JAKARTA01\bahar  
Error,10/4/2017 9:48,EventCreate,1,None,Application,djkvdihost277.jakarta01.com,JAKARTA01\darnito  
Error,10/4/2017 9:48,EventCreate,1,None,Application,djkvdihost587.jakarta01.com,JAKARTA01\elestari  
Error,10/4/2017 9:47,EventCreate,1,None,Application,djkvdihost392.jakarta01.com,JAKARTA01\Etty  
Error,10/4/2017 9:46,EventCreate,1,None,Application,djkvdihost380.jakarta01.com,JAKARTA01\Elvira  
Error,10/4/2017 9:45,Application Error,1000,-100,Application,djkvdihost380.jakarta01.com,"Faulting application name: spoolsv.exe, version: 6.1.7601.17777, time stamp: 0x4f35efc3
Faulting module name: msvcrt.dll, version: 7.0.7601.17744, time stamp: 0x4eeaf722
Exception code: 0xc0000005
Fault offset: 0x0000aa14
Faulting process id: 0x62c
Faulting application start time: 0x01d33c2a597172c8
Faulting application path: C:\Windows\System32\spoolsv.exe
Faulting module path: C:\Windows\system32\msvcrt.dll
Report Id: 1e49e803-a8ae-11e7-858d-0050569f1bab"
Error,10/4/2017 9:44,EventCreate,1,None,Application,djkvdihost153.jakarta01.com,JAKARTA01\robi  
Error,10/4/2017 9:43,EventCreate,1,None,Application,djkvdihost104.jakarta01.com,JAKARTA01\teddyks  
Error,10/4/2017 9:43,EventCreate,1,None,Application,djkvdihost278.jakarta01.com,JAKARTA01\rahmatia  
Error,10/4/2017 9:42,Application Error,1000,-100,Application,djkvdihost104.jakarta01.com,"Faulting application name: lync.exe, version: 15.0.4919.1000, time stamp: 0x58c7ab1e
Faulting module name: mshtml.dll, version: 11.0.9600.18639, time stamp: 0x58d6c720
Exception code: 0xc0000005
Fault offset: 0x006ca9c2
Faulting process id: 0x540
Faulting application start time: 0x01d33ca99ada39ff
Faulting application path: C:\Program Files\Microsoft Office\Office15\lync.exe
Faulting module path: C:\Windows\System32\mshtml.dll
Report Id: b9f54554-a8ad-11e7-a6de-0050569f3d56"
Error,10/4/2017 9:42,EventCreate,1,None,Application,djkvdihost579.jakarta01.com,JAKARTA01\sysdovs03  
Error,10/4/2017 9:41,EventCreate,1,None,Application,djkvdihost548.jakarta01.com,JAKARTA01\purba  
Error,10/4/2017 9:41,EventCreate,1,None,Application,djkvdihost546.jakarta01.com,JAKARTA01\FAUZIAH  
Error,10/4/2017 9:41,EventCreate,1,None,Application,djkvdihost648.jakarta01.com,JAKARTA01\budir  
Error,10/4/2017 9:41,EventCreate,1,None,Application,djkvdihost401.jakarta01.com,JAKARTA01\Daniel  
Error,10/4/2017 9:40,WSH,1,None,Application,djkvdihost401.jakarta01.com,"CN=Daniel Cornelius Pormes password will expire in 4 day(s) at 10/8/2017 9:27:12 AM

Press CTRL + ALT + DEL and select the ""Change a password"" option."
Error,10/4/2017 9:40,WSH,1,None,Application,djkvdihost401.jakarta01.com,"CN=Daniel Cornelius Pormes password will expire in 4 day(s) at 10/8/2017 9:27:12 AM

Press CTRL + ALT + DEL and select the ""Change a password"" option."
Error,10/4/2017 9:37,EventCreate,1,None,Application,djkvdihost254.jakarta01.com,JAKARTA01\ici  
Error,10/4/2017 9:36,EventCreate,1,None,Application,djkvdihost245.jakarta01.com,JAKARTA01\GUESTISD33  
Error,10/4/2017 9:35,EventCreate,1,None,Application,djkvdihost091.jakarta01.com,JAKARTA01\Kartina  
Error,10/4/2017 9:32,EventCreate,1,None,Application,djkvdihost701.jakarta01.com,JAKARTA01\Aisyah  
Error,10/4/2017 9:32,EventCreate,1,None,Application,djkvdihost765.jakarta01.com,JAKARTA01\Marlina  
Error,10/4/2017 9:30,EventCreate,1,None,Application,djkvdihost435.jakarta01.com,JAKARTA01\fferdian  
Error,10/4/2017 9:30,Application Error,1000,-100,Application,djkvdihost435.jakarta01.com,"Faulting application name: OUTLOOK.EXE, version: 15.0.4919.1001, time stamp: 0x58d20482
Faulting module name: OUTLOOK.EXE, version: 15.0.4919.1001, time stamp: 0x58d20482
Exception code: 0xc0000005
Fault offset: 0x008924c4
Faulting process id: 0x1fe8
Faulting application start time: 0x01d33cb5e4874e9c
Faulting application path: C:\Program Files\Microsoft Office\Office15\OUTLOOK.EXE
Faulting module path: C:\Program Files\Microsoft Office\Office15\OUTLOOK.EXE
Report Id: fed743dd-a8ab-11e7-ad2e-0050569f384e"
Error,10/4/2017 9:29,EventCreate,1,None,Application,djkvdihost501.jakarta01.com,JAKARTA01\muammar  
Error,10/4/2017 9:29,EventCreate,1,None,Application,djkvdihost501.jakarta01.com,JAKARTA01\muammar  
Error,10/4/2017 9:27,EventCreate,1,None,Application,djkvdihost220.jakarta01.com,JAKARTA01\dodi  
Error,10/4/2017 9:26,WSH,1,None,Application,djkvdihost220.jakarta01.com,"CN=Dodi Heru Setio Putro password will expire in 1 day(s) at 10/5/2017 9:00:40 AM

Press CTRL + ALT + DEL and select the ""Change a password"" option."
Error,10/4/2017 9:26,WSH,1,None,Application,djkvdihost220.jakarta01.com,"CN=Dodi Heru Setio Putro password will expire in 1 day(s) at 10/5/2017 9:00:40 AM

Press CTRL + ALT + DEL and select the ""Change a password"" option."
Error,10/4/2017 9:23,EventCreate,1,None,Application,djkvdihost227.jakarta01.com,JAKARTA01\guestisd65  
Error,10/4/2017 9:22,EventCreate,1,None,Application,djkvdihost529.jakarta01.com,JAKARTA01\Helena  
Error,10/4/2017 9:22,EventCreate,1,None,Application,djkvdihost529.jakarta01.com,JAKARTA01\Helena  
Error,10/4/2017 9:22,EventCreate,1,None,Application,djkvdihost529.jakarta01.com,JAKARTA01\Helena  
Error,10/4/2017 9:22,EventCreate,1,None,Application,djkvdihost529.jakarta01.com,JAKARTA01\Helena  
Error,10/4/2017 9:22,EventCreate,1,None,Application,djkvdihost015.jakarta01.com,JAKARTA01\Christopher  
Error,10/4/2017 9:19,EventCreate,1,None,Application,djkvdihost224.jakarta01.com,JAKARTA01\nadhilah  
Error,10/4/2017 9:19,Application Error,1000,-100,Application,djkvdihost224.jakarta01.com,"Faulting application name: WINWORD.EXE, version: 15.0.4911.1000, time stamp: 0x58a2c075
Faulting module name: ntdll.dll, version: 6.1.7601.23714, time stamp: 0x58bf8774
Exception code: 0xc0000005
Fault offset: 0x0005294f
Faulting process id: 0x1f94
Faulting application start time: 0x01d33cb51a7f6631
Faulting application path: C:\Program Files\Microsoft Office\Office15\WINWORD.EXE
Faulting module path: C:\Windows\SYSTEM32\ntdll.dll
Report Id: 706361c3-a8aa-11e7-9266-0050569f7648"
Error,10/4/2017 9:18,EventCreate,1,None,Application,djkvdihost368.jakarta01.com,JAKARTA01\rasyid  
Error,10/4/2017 9:18,Application Error,1000,-100,Application,djkvdihost368.jakarta01.com,"Faulting application name: OUTLOOK.EXE, version: 15.0.4919.1001, time stamp: 0x58d20482
Faulting module name: msspell7.dll, version: 15.0.4569.1503, time stamp: 0x52b0b161
Exception code: 0xc0000005
Fault offset: 0x00048ae5
Faulting process id: 0x1d10
Faulting application start time: 0x01d33cad6335ea2a
Faulting application path: C:\Program Files\Microsoft Office\Office15\OUTLOOK.EXE
Faulting module path: C:\Program Files\Microsoft Office\Office15\PROOF\msspell7.dll
Report Id: 412cf04a-a8aa-11e7-8be9-0050569f13ab"
Error,10/4/2017 9:18,EventCreate,1,None,Application,djkvdihost864.jakarta01.com,JAKARTA01\sodeoka  
Error,10/4/2017 9:17,EventCreate,1,None,Application,djkvdihost604.jakarta01.com,JAKARTA01\Andradita  
Error,10/4/2017 9:16,Application Error,1000,-100,Application,djkvdihost604.jakarta01.com,"Faulting application name: spoolsv.exe, version: 6.1.7601.17777, time stamp: 0x4f35efc3
Faulting module name: msvcrt.dll, version: 7.0.7601.17744, time stamp: 0x4eeaf722
Exception code: 0xc0000005
Fault offset: 0x0000aa14
Faulting process id: 0x63c
Faulting application start time: 0x01d33c3a1f22ebba
Faulting application path: C:\Windows\System32\spoolsv.exe
Faulting module path: C:\Windows\system32\msvcrt.dll
Report Id: 11006b5b-a8aa-11e7-9d43-0050569f512e"
Error,10/4/2017 9:16,EventCreate,1,None,Application,djkvdihost764.jakarta01.com,JAKARTA01\alvian  
Error,10/4/2017 9:15,EventCreate,1,None,Application,djkvdihost801.jakarta01.com,JAKARTA01\tasin  
Error,10/4/2017 9:14,EventCreate,1,None,Application,djkvdihost214.jakarta01.com,JAKARTA01\david  
Error,10/4/2017 9:14,EventCreate,1,None,Application,djkvdihost402.jakarta01.com,JAKARTA01\guestitso02  
Error,10/4/2017 9:13,EventCreate,1,None,Application,djkvdihost767.jakarta01.com,JAKARTA01\dessy  
Error,10/4/2017 9:12,EventCreate,1,None,Application,djkvdihost733.jakarta01.com,JAKARTA01\indriani  
Error,10/4/2017 9:12,EventCreate,1,None,Application,djkvdihost572.jakarta01.com,JAKARTA01\guestisd07  
Error,10/4/2017 9:12,EventCreate,1,None,Application,djkvdihost197.jakarta01.com,JAKARTA01\wahyudj  
Error,10/4/2017 9:12,EventCreate,1,None,Application,djkvdihost236.jakarta01.com,JAKARTA01\Ika  
Error,10/4/2017 9:11,EventCreate,1,None,Application,djkvdihost234.jakarta01.com,JAKARTA01\agnes  
Error,10/4/2017 9:11,EventCreate,1,None,Application,djkvdihost733.jakarta01.com,JAKARTA01\indriani  
Error,10/4/2017 9:11,EventCreate,1,None,Application,djkvdihost066.jakarta01.com,JAKARTA01\GuestISD58  
Error,10/4/2017 9:10,EventCreate,1,None,Application,djkvdihost019.jakarta01.com,JAKARTA01\kiky  
Error,10/4/2017 9:09,EventCreate,1,None,Application,djkvdihost629.jakarta01.com,JAKARTA01\sysdovs01  
Error,10/4/2017 9:09,EventCreate,1,None,Application,djkvdihost451.jakarta01.com,JAKARTA01\valery  
Error,10/4/2017 9:09,EventCreate,1,None,Application,djkvdihost435.jakarta01.com,JAKARTA01\fferdian  
Error,10/4/2017 9:09,EventCreate,1,None,Application,djkvdihost553.jakarta01.com,JAKARTA01\muhammadhakim  
Error,10/4/2017 9:08,EventCreate,1,None,Application,djkvdihost212.jakarta01.com,JAKARTA01\Dwi anisa  
Error,10/4/2017 9:08,EventCreate,1,None,Application,djkvdihost553.jakarta01.com,JAKARTA01\muhammadhakim  
Error,10/4/2017 9:07,EventCreate,1,None,Application,djkvdihost319.jakarta01.com,JAKARTA01\wisnu  
Error,10/4/2017 9:07,EventCreate,1,None,Application,djkvdihost581.jakarta01.com,JAKARTA01\regina  
Error,10/4/2017 9:07,EventCreate,1,None,Application,djkvdihost751.jakarta01.com,JAKARTA01\ridjal  
Error,10/4/2017 9:07,EventCreate,1,None,Application,djkvdihost212.jakarta01.com,JAKARTA01\Dwi anisa  
Error,10/4/2017 9:06,EventCreate,1,None,Application,djkvdihost145.jakarta01.com,JAKARTA01\ummu  
Error,10/4/2017 9:06,EventCreate,1,None,Application,djkvdihost319.jakarta01.com,JAKARTA01\wisnu  
Error,10/4/2017 9:06,EventCreate,1,None,Application,djkvdihost585.jakarta01.com,JAKARTA01\Azis Budianto  
Error,10/4/2017 9:06,EventCreate,1,None,Application,djkvdihost584.jakarta01.com,JAKARTA01\hari  
Error,10/4/2017 9:06,EventCreate,1,None,Application,djkvdihost429.jakarta01.com,JAKARTA01\badrudin  
Error,10/4/2017 9:06,EventCreate,1,None,Application,djkvdihost131.jakarta01.com,JAKARTA01\wirantika  
Error,10/4/2017 9:06,EventCreate,1,None,Application,djkvdihost088.jakarta01.com,JAKARTA01\AdhiNu  
Error,10/4/2017 9:05,EventCreate,1,None,Application,djkvdihost742.jakarta01.com,JAKARTA01\andriana  
Error,10/4/2017 9:05,Application Error,1000,-100,Application,djkvdihost584.jakarta01.com,"Faulting application name: spoolsv.exe, version: 6.1.7601.17777, time stamp: 0x4f35efc3
Faulting module name: msvcrt.dll, version: 7.0.7601.17744, time stamp: 0x4eeaf722
Exception code: 0xc0000005
Fault offset: 0x0000aa14
Faulting process id: 0x638
Faulting application start time: 0x01d33c587a80673d
Faulting application path: C:\Windows\System32\spoolsv.exe
Faulting module path: C:\Windows\system32\msvcrt.dll
Report Id: 88ec93d9-a8a8-11e7-b791-0050569f610a"
Error,10/4/2017 9:05,EventCreate,1,None,Application,djkvdihost127.jakarta01.com,JAKARTA01\slamet  
Error,10/4/2017 9:05,EventCreate,1,None,Application,djkvdihost815.jakarta01.com,JAKARTA01\guestisd54  
Error,10/4/2017 9:04,EventCreate,1,None,Application,djkvdihost612.jakarta01.com,JAKARTA01\yoshinta  
Error,10/4/2017 9:04,EventCreate,1,None,Application,djkvdihost530.jakarta01.com,JAKARTA01\yoedo  
Error,10/4/2017 9:04,EventCreate,1,None,Application,djkvdihost338.jakarta01.com,JAKARTA01\karmenia  
Error,10/4/2017 9:04,EventCreate,1,None,Application,djkvdihost510.jakarta01.com,JAKARTA01\guestisd53  
Error,10/4/2017 9:03,EventCreate,1,None,Application,djkvdihost529.jakarta01.com,JAKARTA01\Marlina  
Error,10/4/2017 9:03,EventCreate,1,None,Application,djkvdihost709.jakarta01.com,JAKARTA01\budsiregar  
Error,10/4/2017 9:03,EventCreate,1,None,Application,djkvdihost015.jakarta01.com,JAKARTA01\guestisd65  
Error,10/4/2017 9:03,EventCreate,1,None,Application,djkvdihost733.jakarta01.com,JAKARTA01\indriani  
Error,10/4/2017 9:03,EventCreate,1,None,Application,djkvdihost741.jakarta01.com,JAKARTA01\Ricky  
Error,10/4/2017 9:02,EventCreate,1,None,Application,djkvdihost529.jakarta01.com,JAKARTA01\Marlina  
Error,10/4/2017 9:02,EventCreate,1,None,Application,djkvdihost569.jakarta01.com,JAKARTA01\guestisd29  
Error,10/4/2017 9:02,EventCreate,1,None,Application,djkvdihost606.jakarta01.com,JAKARTA01\saputro  
Error,10/4/2017 9:01,EventCreate,1,None,Application,djkvdihost328.jakarta01.com,JAKARTA01\diana  
Error,10/4/2017 9:01,EventCreate,1,None,Application,djkvdihost041.jakarta01.com,JAKARTA01\nathaniel  
Error,10/4/2017 9:00,EventCreate,1,None,Application,djkvdihost255.jakarta01.com,JAKARTA01\richard  
Error,10/4/2017 8:59,EventCreate,1,None,Application,djkvdihost807.jakarta01.com,JAKARTA01\guestisd52  
Error,10/4/2017 8:58,EventCreate,1,None,Application,djkvdihost680.jakarta01.com,JAKARTA01\meltsaury  
Error,10/4/2017 8:58,EventCreate,1,None,Application,djkvdihost706.jakarta01.com,JAKARTA01\kurniawan  
Error,10/4/2017 8:56,EventCreate,1,None,Application,djkvdihost093.jakarta01.com,JAKARTA01\arinie  
Error,10/4/2017 8:56,Application Error,1000,-100,Application,djkvdihost093.jakarta01.com,"Faulting application name: OUTLOOK.EXE, version: 15.0.4919.1001, time stamp: 0x58d20482
Faulting module name: OUTLOOK.EXE, version: 15.0.4919.1001, time stamp: 0x58d20482
Exception code: 0xc0000005
Fault offset: 0x008924c7
Faulting process id: 0x1abc
Faulting application start time: 0x01d33caad42e5291
Faulting application path: C:\Program Files\Microsoft Office\Office15\OUTLOOK.EXE
Faulting module path: C:\Program Files\Microsoft Office\Office15\OUTLOOK.EXE
Report Id: 4bed2633-a8a7-11e7-9ba0-0050569f2e88"
Error,10/4/2017 8:56,EventCreate,1,None,Application,djkvdihost450.jakarta01.com,JAKARTA01\diah  
Error,10/4/2017 8:56,EventCreate,1,None,Application,djkvdihost192.jakarta01.com,JAKARTA01\mauluddin  
Error,10/4/2017 8:55,EventCreate,1,None,Application,djkvdihost645.jakarta01.com,JAKARTA01\aynie  
Error,10/4/2017 8:55,EventCreate,1,None,Application,djkvdihost508.jakarta01.com,JAKARTA01\Amelia  
Error,10/4/2017 8:55,EventCreate,1,None,Application,djkvdihost803.jakarta01.com,JAKARTA01\ilham  
Error,10/4/2017 8:55,EventCreate,1,None,Application,djkvdihost554.jakarta01.com,JAKARTA01\GuestISD48  
Error,10/4/2017 8:54,EventCreate,1,None,Application,djkvdihost044.jakarta01.com,JAKARTA01\HarisH  
Error,10/4/2017 8:51,EventCreate,1,None,Application,djkvdihost086.jakarta01.com,JAKARTA01\guestisd25  
Error,10/4/2017 8:50,EventCreate,1,None,Application,djkvdihost404.jakarta01.com,JAKARTA01\william  
Error,10/4/2017 8:50,Application Error,1000,-100,Application,djkvdihost404.jakarta01.com,"Faulting application name: OUTLOOK.EXE, version: 15.0.4919.1001, time stamp: 0x58d20482
Faulting module name: OUTLOOK.EXE, version: 15.0.4919.1001, time stamp: 0x58d20482
Exception code: 0xc0000005
Fault offset: 0x008924c4
Faulting process id: 0xd44
Faulting application start time: 0x01d33cb12e95a033
Faulting application path: C:\Program Files\Microsoft Office\Office15\OUTLOOK.EXE
Faulting module path: C:\Program Files\Microsoft Office\Office15\OUTLOOK.EXE
Report Id: 627eccd3-a8a6-11e7-bc85-0050569f50b8"
Error,10/4/2017 8:50,EventCreate,1,None,Application,djkvdihost677.jakarta01.com,JAKARTA01\marlina2  
Error,10/4/2017 8:50,EventCreate,1,None,Application,djkvdihost596.jakarta01.com,JAKARTA01\juliet  
Error,10/4/2017 8:49,EventCreate,1,None,Application,djkvdihost190.jakarta01.com,JAKARTA01\andre cahyono  
Error,10/4/2017 8:49,EventCreate,1,None,Application,djkvdihost190.jakarta01.com,JAKARTA01\andre cahyono  
Error,10/4/2017 8:48,WSH,1,None,Application,djkvdihost190.jakarta01.com,"CN=Andre Cahyono password will expire in 4 day(s) at 10/8/2017 5:21:51 PM

Press CTRL + ALT + DEL and select the ""Change a password"" option."
Error,10/4/2017 8:48,WSH,1,None,Application,djkvdihost190.jakarta01.com,"CN=Andre Cahyono password will expire in 4 day(s) at 10/8/2017 5:21:51 PM

Press CTRL + ALT + DEL and select the ""Change a password"" option."
Error,10/4/2017 8:49,EventCreate,1,None,Application,djkvdihost643.jakarta01.com,JAKARTA01\MahendraR  
Error,10/4/2017 8:48,EventCreate,1,None,Application,djkvdihost605.jakarta01.com,JAKARTA01\angga  
Error,10/4/2017 8:48,Application Error,1000,-100,Application,djkvdihost605.jakarta01.com,"Faulting application name: OUTLOOK.EXE, version: 15.0.4919.1001, time stamp: 0x58d20482
Faulting module name: unknown, version: 0.0.0.0, time stamp: 0x00000000
Exception code: 0xc0000005
Fault offset: 0x8c000000
Faulting process id: 0x5ec
Faulting application start time: 0x01d33cabdd9a8020
Faulting application path: C:\Program Files\Microsoft Office\Office15\OUTLOOK.EXE
Faulting module path: unknown
Report Id: 0dcfd8f3-a8a6-11e7-898b-0050569f5b7a"
Error,10/4/2017 8:48,EventCreate,1,None,Application,djkvdihost357.jakarta01.com,JAKARTA01\handayani  
Error,10/4/2017 8:47,EventCreate,1,None,Application,djkvdihost504.jakarta01.com,JAKARTA01\Rudy Setyo  
Error,10/4/2017 8:47,EventCreate,1,None,Application,djkvdihost138.jakarta01.com,JAKARTA01\barry  
Error,10/4/2017 8:47,Application Error,1000,-100,Application,djkvdihost138.jakarta01.com,"Faulting application name: OUTLOOK.EXE, version: 15.0.4919.1001, time stamp: 0x58d20482
Faulting module name: OUTLOOK.EXE, version: 15.0.4919.1001, time stamp: 0x58d20482
Exception code: 0xc0000005
Fault offset: 0x008924c4
Faulting process id: 0x187c
Faulting application start time: 0x01d33ca614fe3efc
Faulting application path: C:\Program Files\Microsoft Office\Office15\OUTLOOK.EXE
Faulting module path: C:\Program Files\Microsoft Office\Office15\OUTLOOK.EXE
Report Id: efa0166f-a8a5-11e7-9ba2-0050569f3046"
Error,10/4/2017 8:47,EventCreate,1,None,Application,djkvdihost103.jakarta01.com,JAKARTA01\alex  
Error,10/4/2017 8:47,EventCreate,1,None,Application,djkvdihost050.jakarta01.com,JAKARTA01\Linda Marshelia  
Error,10/4/2017 8:47,EventCreate,1,None,Application,djkvdihost356.jakarta01.com,JAKARTA01\jidromann  
Error,10/4/2017 8:47,EventCreate,1,None,Application,djkvdihost117.jakarta01.com,JAKARTA01\Sunaryo  
Error,10/4/2017 8:46,EventCreate,1,None,Application,djkvdihost306.jakarta01.com,JAKARTA01\nadea  
Error,10/4/2017 8:47,EventCreate,1,None,Application,djkvdihost091.jakarta01.com,JAKARTA01\Kartina  
Error,10/4/2017 8:46,WSH,1,None,Application,djkvdihost504.jakarta01.com,"CN=Rudy Setyo Wiyono password will expire in 4 day(s) at 10/8/2017 9:29:06 AM

Press CTRL + ALT + DEL and select the ""Change a password"" option."
Error,10/4/2017 8:47,Application Error,1000,-100,Application,djkvdihost091.jakarta01.com,"Faulting application name: spoolsv.exe, version: 6.1.7601.17777, time stamp: 0x4f35efc3
Faulting module name: msvcrt.dll, version: 7.0.7601.17744, time stamp: 0x4eeaf722
Exception code: 0xc0000005
Fault offset: 0x0000aa14
Faulting process id: 0x634
Faulting application start time: 0x01d33c2aa036f0e2
Faulting application path: C:\Windows\System32\spoolsv.exe
Faulting module path: C:\Windows\system32\msvcrt.dll
Report Id: f1d1da90-a8a5-11e7-a145-0050569f1380"
Error,10/4/2017 8:47,EventCreate,1,None,Application,djkvdihost634.jakarta01.com,JAKARTA01\GuestISD42  
Error,10/4/2017 8:47,EventCreate,1,None,Application,djkvdihost228.jakarta01.com,JAKARTA01\Erlisa  
Error,10/4/2017 8:46,WSH,1,None,Application,djkvdihost504.jakarta01.com,"CN=Rudy Setyo Wiyono password will expire in 4 day(s) at 10/8/2017 9:29:06 AM

Press CTRL + ALT + DEL and select the ""Change a password"" option."
Error,10/4/2017 8:46,EventCreate,1,None,Application,djkvdihost485.jakarta01.com,JAKARTA01\taty  
Error,10/4/2017 8:46,EventCreate,1,None,Application,djkvdihost478.jakarta01.com,JAKARTA01\widinuryanti  
Error,10/4/2017 8:45,EventCreate,1,None,Application,djkvdihost168.jakarta01.com,JAKARTA01\ali pasya  
Error,10/4/2017 8:45,Application Error,1000,-100,Application,djkvdihost168.jakarta01.com,"Faulting application name: NLNOTES.EXE, version: 8.5.30.11258, time stamp: 0x4e72fa51
Faulting module name: nnotes.dll, version: 8.5.30.11258, time stamp: 0x4e72fa6a
Exception code: 0xc0000005
Fault offset: 0x001c7f0e
Faulting process id: 0x1928
Faulting application start time: 0x01d33cb2750c5453
Faulting application path: C:\Program Files\IBM\Lotus\Notes\NLNOTES.EXE
Faulting module path: C:\Program Files\IBM\Lotus\Notes\nnotes.dll
Report Id: b2cbea33-a8a5-11e7-90d1-0050569f0dfc"
Error,10/4/2017 8:45,EventCreate,1,None,Application,djkvdihost172.jakarta01.com,JAKARTA01\payogi  
Error,10/4/2017 8:45,EventCreate,1,None,Application,djkvdihost306.jakarta01.com,JAKARTA01\nadea  
Error,10/4/2017 8:44,EventCreate,1,None,Application,djkvdihost168.jakarta01.com,JAKARTA01\ali pasya  
Error,10/4/2017 8:44,Application Error,1000,-100,Application,djkvdihost168.jakarta01.com,"Faulting application name: NLNOTES.EXE, version: 8.5.30.11258, time stamp: 0x4e72fa51
Faulting module name: nnotes.dll, version: 8.5.30.11258, time stamp: 0x4e72fa6a
Exception code: 0xc0000005
Fault offset: 0x001c7f0e
Faulting process id: 0x81c
Faulting application start time: 0x01d33cb25f4f0593
Faulting application path: C:\Program Files\IBM\Lotus\Notes\NLNOTES.EXE
Faulting module path: C:\Program Files\IBM\Lotus\Notes\nnotes.dll
Report Id: 9e1df833-a8a5-11e7-90d1-0050569f0dfc"
Error,10/4/2017 8:45,EventCreate,1,None,Application,djkvdihost470.jakarta01.com,JAKARTA01\GUESTISD26  
Error,10/4/2017 8:44,EventCreate,1,None,Application,djkvdihost135.jakarta01.com,JAKARTA01\mohammad  
Error,10/4/2017 8:44,EventCreate,1,None,Application,djkvdihost476.jakarta01.com,JAKARTA01\ferdiansyah  
Error,10/4/2017 8:44,EventCreate,1,None,Application,djkvdihost627.jakarta01.com,JAKARTA01\nuning  
Error,10/4/2017 8:43,WSH,1,None,Application,djkvdihost627.jakarta01.com,"CN=Nuning password will expire in 1 day(s) at 10/5/2017 8:27:15 AM

Press CTRL + ALT + DEL and select the ""Change a password"" option."
Error,10/4/2017 8:43,EventCreate,1,None,Application,djkvdihost824.jakarta01.com,JAKARTA01\amelinda  
Error,10/4/2017 8:43,EventCreate,1,None,Application,djkvdihost653.jakarta01.com,JAKARTA01\phesyana  
Error,10/4/2017 8:43,Application Error,1000,-100,Application,djkvdihost653.jakarta01.com,"Faulting application name: OUTLOOK.EXE, version: 15.0.4919.1001, time stamp: 0x58d20482
Faulting module name: OUTLOOK.EXE, version: 15.0.4919.1001, time stamp: 0x58d20482
Exception code: 0xc0000005
Fault offset: 0x008924c4
Faulting process id: 0x1cb0
Faulting application start time: 0x01d33ca61a1976cc
Faulting application path: C:\Program Files\Microsoft Office\Office15\OUTLOOK.EXE
Faulting module path: C:\Program Files\Microsoft Office\Office15\OUTLOOK.EXE
Report Id: 5c6887cf-a8a5-11e7-80d1-0050569f4206"
Error,10/4/2017 8:43,EventCreate,1,None,Application,djkvdihost204.jakarta01.com,JAKARTA01\yulianty  
Error,10/4/2017 8:43,EventCreate,1,None,Application,djkvdihost136.jakarta01.com,JAKARTA01\jayson  
Error,10/4/2017 8:43,WSH,1,None,Application,djkvdihost627.jakarta01.com,"CN=Nuning password will expire in 1 day(s) at 10/5/2017 8:27:15 AM

Press CTRL + ALT + DEL and select the ""Change a password"" option."
Error,10/4/2017 8:42,EventCreate,1,None,Application,djkvdihost364.jakarta01.com,JAKARTA01\yudistira  
Error,10/4/2017 8:42,EventCreate,1,None,Application,djkvdihost763.jakarta01.com,JAKARTA01\Rio  
Error,10/4/2017 8:42,EventCreate,1,None,Application,djkvdihost080.jakarta01.com,JAKARTA01\teddy  
Error,10/4/2017 8:42,EventCreate,1,None,Application,djkvdihost781.jakarta01.com,JAKARTA01\satria graha  
Error,10/4/2017 8:42,EventCreate,1,None,Application,djkvdihost570.jakarta01.com,JAKARTA01\guestisd20  
Error,10/4/2017 8:42,EventCreate,1,None,Application,djkvdihost136.jakarta01.com,JAKARTA01\jayson  
Error,10/4/2017 8:41,EventCreate,1,None,Application,djkvdihost774.jakarta01.com,JAKARTA01\Rosulla  
Error,10/4/2017 8:40,EventCreate,1,None,Application,djkvdihost352.jakarta01.com,JAKARTA01\amiratul  
Error,10/4/2017 8:38,EventCreate,1,None,Application,djkvdihost893.jakarta01.com,JAKARTA01\naruhito  
Error,10/4/2017 8:39,EventCreate,1,None,Application,djkvdihost325.jakarta01.com,JAKARTA01\marchelius  
Error,10/4/2017 8:38,EventCreate,1,None,Application,djkvdihost893.jakarta01.com,JAKARTA01\naruhito  
Error,10/4/2017 8:38,EventCreate,1,None,Application,djkvdihost007.jakarta01.com,JAKARTA01\zahra  
Error,10/4/2017 8:37,EventCreate,1,None,Application,djkvdihost193.jakarta01.com,JAKARTA01\nurfadila  
Error,10/4/2017 8:37,EventCreate,1,None,Application,djkvdihost085.jakarta01.com,JAKARTA01\dwihan  
Error,10/4/2017 8:37,EventCreate,1,None,Application,djkvdihost003.jakarta01.com,JAKARTA01\dyah  
Error,10/4/2017 8:37,EventCreate,1,None,Application,djkvdihost300.jakarta01.com,JAKARTA01\anderson  
Error,10/4/2017 8:36,EventCreate,1,None,Application,djkvdihost343.jakarta01.com,JAKARTA01\fajar  
Error,10/4/2017 8:36,Application Error,1000,-100,Application,djkvdihost343.jakarta01.com,"Faulting application name: lync.exe, version: 15.0.4919.1000, time stamp: 0x58c7ab1e
Faulting module name: mshtml.dll, version: 11.0.9600.18639, time stamp: 0x58d6c720
Exception code: 0xc0000005
Fault offset: 0x0013a2cc
Faulting process id: 0x1604
Faulting application start time: 0x01d33cabcedc4955
Faulting application path: C:\Program Files\Microsoft Office\Office15\lync.exe
Faulting module path: C:\Windows\System32\mshtml.dll
Report Id: 707d854d-a8a4-11e7-866f-0050569f2873"
Error,10/4/2017 8:36,EventCreate,1,None,Application,djkvdihost835.jakarta01.com,JAKARTA01\Guestisd30  
Error,10/4/2017 8:36,EventCreate,1,None,Application,djkvdihost112.jakarta01.com,JAKARTA01\Yulistial  
Error,10/4/2017 8:36,EventCreate,1,None,Application,djkvdihost309.jakarta01.com,JAKARTA01\Guestisd31  
Error,10/4/2017 8:34,EventCreate,1,None,Application,djkvdihost006.jakarta01.com,JAKARTA01\guestisd03  
Error,10/4/2017 8:34,EventCreate,1,None,Application,djkvdihost806.jakarta01.com,JAKARTA01\mayang  
Error,10/4/2017 8:34,EventCreate,1,None,Application,djkvdihost396.jakarta01.com,JAKARTA01\hirano  
Error,10/4/2017 8:34,EventCreate,1,None,Application,djkvdihost681.jakarta01.com,JAKARTA01\diena  
Error,10/4/2017 8:34,EventCreate,1,None,Application,djkvdihost464.jakarta01.com,JAKARTA01\sanggra  
Error,10/4/2017 8:33,EventCreate,1,None,Application,djkvdihost006.jakarta01.com,JAKARTA01\guestisd03  
Error,10/4/2017 8:19,EventCreate,1,None,Application,djkvdihost006.jakarta01.com,JAKARTA01\devita  
Error,10/4/2017 8:33,EventCreate,1,None,Application,djkvdihost672.jakarta01.com,JAKARTA01\Dini  
Error,10/4/2017 8:18,EventCreate,1,None,Application,djkvdihost006.jakarta01.com,JAKARTA01\devita  
Error,10/4/2017 8:33,EventCreate,1,None,Application,djkvdihost168.jakarta01.com,JAKARTA01\ali pasya  
Error,10/4/2017 8:33,EventCreate,1,None,Application,djkvdihost182.jakarta01.com,JAKARTA01\MFIRMAN  
Error,10/4/2017 8:33,EventCreate,1,None,Application,djkvdihost738.jakarta01.com,JAKARTA01\andrik  
Error,10/4/2017 8:32,EventCreate,1,None,Application,djkvdihost747.jakarta01.com,JAKARTA01\guestisd27  
Error,10/4/2017 8:32,EventCreate,1,None,Application,djkvdihost216.jakarta01.com,JAKARTA01\devita  
Error,10/4/2017 8:32,EventCreate,1,None,Application,djkvdihost394.jakarta01.com,JAKARTA01\pahlevi  
Error,10/4/2017 8:31,EventCreate,1,None,Application,djkvdihost583.jakarta01.com,JAKARTA01\hafsia  
Error,10/4/2017 8:31,EventCreate,1,None,Application,djkvdihost020.jakarta01.com,JAKARTA01\Festy  
Error,10/4/2017 8:31,Application Error,1000,-100,Application,djkvdihost020.jakarta01.com,"Faulting application name: OUTLOOK.EXE, version: 15.0.4919.1001, time stamp: 0x58d20482
Faulting module name: OUTLOOK.EXE, version: 15.0.4919.1001, time stamp: 0x58d20482
Exception code: 0xc0000005
Fault offset: 0x008924c4
Faulting process id: 0x1974
Faulting application start time: 0x01d33caf5c120afa
Faulting application path: C:\Program Files\Microsoft Office\Office15\OUTLOOK.EXE
Faulting module path: C:\Program Files\Microsoft Office\Office15\OUTLOOK.EXE
Report Id: cae4ddbf-a8a3-11e7-b3db-0050569f3e61"
Error,10/4/2017 8:32,EventCreate,1,None,Application,djkvdihost185.jakarta01.com,JAKARTA01\christianrs  
Error,10/4/2017 8:32,EventCreate,1,None,Application,djkvdihost707.jakarta01.com,JAKARTA01\nurhayani  
Error,10/4/2017 8:31,EventCreate,1,None,Application,djkvdihost516.jakarta01.com,JAKARTA01\Ronald Hertanto  
Error,10/4/2017 8:31,EventCreate,1,None,Application,djkvdihost583.jakarta01.com,JAKARTA01\hafsia  
Error,10/4/2017 8:29,EventCreate,1,None,Application,djkvdihost305.jakarta01.com,JAKARTA01\sylvia  
Error,10/4/2017 8:29,EventCreate,1,None,Application,djkvdihost566.jakarta01.com,JAKARTA01\aryani  
Error,10/4/2017 8:30,EventCreate,1,None,Application,djkvdihost148.jakarta01.com,JAKARTA01\jati  
Error,10/4/2017 8:29,EventCreate,1,None,Application,djkvdihost109.jakarta01.com,JAKARTA01\fathur  
Error,10/4/2017 8:29,EventCreate,1,None,Application,djkvdihost293.jakarta01.com,JAKARTA01\MuhammadH  
Error,10/4/2017 8:29,EventCreate,1,None,Application,djkvdihost566.jakarta01.com,JAKARTA01\aryani  
Error,10/4/2017 8:28,EventCreate,1,None,Application,djkvdihost305.jakarta01.com,JAKARTA01\sylvia  
Error,10/4/2017 8:27,EventCreate,1,None,Application,djkvdihost247.jakarta01.com,JAKARTA01\janu  
Error,10/4/2017 8:26,EventCreate,1,None,Application,djkvdihost789.jakarta01.com,JAKARTA01\Chinthea  
Error,10/4/2017 8:26,Application Error,1000,-100,Application,djkvdihost789.jakarta01.com,"Faulting application name: OUTLOOK.EXE, version: 15.0.4919.1001, time stamp: 0x58d20482
Faulting module name: OUTLOOK.EXE, version: 15.0.4919.1001, time stamp: 0x58d20482
Exception code: 0xc0000005
Fault offset: 0x00059219
Faulting process id: 0x644
Faulting application start time: 0x01d33cafc302b0b9
Faulting application path: C:\Program Files\Microsoft Office\Office15\OUTLOOK.EXE
Faulting module path: C:\Program Files\Microsoft Office\Office15\OUTLOOK.EXE
Report Id: 15f0a6f2-a8a3-11e7-9f7b-0050569f59cf"
Error,10/4/2017 8:26,EventCreate,1,None,Application,djkvdihost004.jakarta01.com,JAKARTA01\guestisd34  
Error,10/4/2017 8:26,EventCreate,1,None,Application,djkvdihost716.jakarta01.com,JAKARTA01\adhi  
Error,10/4/2017 8:26,EventCreate,1,None,Application,djkvdihost789.jakarta01.com,JAKARTA01\Chinthea  
Error,10/4/2017 8:26,Application Error,1000,-100,Application,djkvdihost789.jakarta01.com,"Faulting application name: OUTLOOK.EXE, version: 15.0.4919.1001, time stamp: 0x58d20482
Faulting module name: OUTLOOK.EXE, version: 15.0.4919.1001, time stamp: 0x58d20482
Exception code: 0xc0000005
Fault offset: 0x008924c4
Faulting process id: 0x1bb0
Faulting application start time: 0x01d33ca38d077d82
Faulting application path: C:\Program Files\Microsoft Office\Office15\OUTLOOK.EXE
Faulting module path: C:\Program Files\Microsoft Office\Office15\OUTLOOK.EXE
Report Id: fd206079-a8a2-11e7-9f7b-0050569f59cf"
Error,10/4/2017 8:26,EventCreate,1,None,Application,djkvdihost029.jakarta01.com,JAKARTA01\yusuf  
Error,10/4/2017 8:25,EventCreate,1,None,Application,djkvdihost831.jakarta01.com,JAKARTA01\vita  
Error,10/4/2017 8:25,EventCreate,1,None,Application,djkvdihost297.jakarta01.com,JAKARTA01\guestisd36  
Error,10/4/2017 8:25,EventCreate,1,None,Application,djkvdihost726.jakarta01.com,JAKARTA01\Elisabeth  
Error,10/4/2017 8:25,EventCreate,1,None,Application,djkvdihost425.jakarta01.com,JAKARTA01\dyah alit  
Error,10/4/2017 8:25,Application Error,1000,-100,Application,djkvdihost425.jakarta01.com,"Faulting application name: OUTLOOK.EXE, version: 15.0.4919.1001, time stamp: 0x58d20482
Faulting module name: OUTLOOK.EXE, version: 15.0.4919.1001, time stamp: 0x58d20482
Exception code: 0xc0000005
Fault offset: 0x008924c4
Faulting process id: 0x980
Faulting application start time: 0x01d33cad51b96080
Faulting application path: C:\Program Files\Microsoft Office\Office15\OUTLOOK.EXE
Faulting module path: C:\Program Files\Microsoft Office\Office15\OUTLOOK.EXE
Report Id: d6bd8d40-a8a2-11e7-8a40-0050569f69e9"
Error,10/4/2017 8:25,EventCreate,1,None,Application,djkvdihost382.jakarta01.com,JAKARTA01\guestisd37  
Error,10/4/2017 8:24,EventCreate,1,None,Application,djkvdihost831.jakarta01.com,JAKARTA01\vita  
Error,10/4/2017 8:24,Application Error,1000,-100,Application,djkvdihost831.jakarta01.com,"Faulting application name: spoolsv.exe, version: 6.1.7601.17777, time stamp: 0x4f35efc3
Faulting module name: msvcrt.dll, version: 7.0.7601.17744, time stamp: 0x4eeaf722
Exception code: 0xc0000005
Fault offset: 0x0000aa14
Faulting process id: 0x63c
Faulting application start time: 0x01d33caf50317d61
Faulting application path: C:\Windows\System32\spoolsv.exe
Faulting module path: C:\Windows\system32\msvcrt.dll
Report Id: d44db68d-a8a2-11e7-9923-0050569f7ec2"
Error,10/4/2017 8:24,EventCreate,1,None,Application,djkvdihost831.jakarta01.com,JAKARTA01\vita  
Error,10/4/2017 8:25,EventCreate,1,None,Application,djkvdihost028.jakarta01.com,JAKARTA01\yisca  
Error,10/4/2017 8:25,EventCreate,1,None,Application,djkvdihost689.jakarta01.com,JAKARTA01\Ida  
Error,10/4/2017 8:24,EventCreate,1,None,Application,djkvdihost184.jakarta01.com,JAKARTA01\Armanto  
Error,10/4/2017 8:24,EventCreate,1,None,Application,djkvdihost536.jakarta01.com,JAKARTA01\alifah  
Error,10/4/2017 8:24,EventCreate,1,None,Application,djkvdihost831.jakarta01.com,JAKARTA01\vita  
Error,10/4/2017 8:23,EventCreate,1,None,Application,djkvdihost099.jakarta01.com,JAKARTA01\ALTHEA  
Error,10/4/2017 8:23,Application Error,1000,-100,Application,djkvdihost099.jakarta01.com,"Faulting application name: OUTLOOK.EXE, version: 15.0.4919.1001, time stamp: 0x58d20482
Faulting module name: OUTLOOK.EXE, version: 15.0.4919.1001, time stamp: 0x58d20482
Exception code: 0xc0000005
Fault offset: 0x008924c4
Faulting process id: 0x12b4
Faulting application start time: 0x01d33caae66ff942
Faulting application path: C:\Program Files\Microsoft Office\Office15\OUTLOOK.EXE
Faulting module path: C:\Program Files\Microsoft Office\Office15\OUTLOOK.EXE
Report Id: a14d1eae-a8a2-11e7-8b1c-0050569f23ce"
Error,10/4/2017 8:23,EventCreate,1,None,Application,djkvdihost457.jakarta01.com,JAKARTA01\primaningtyas  
Error,10/4/2017 8:23,EventCreate,1,None,Application,djkvdihost363.jakarta01.com,JAKARTA01\abdulas  
Error,10/4/2017 8:23,EventCreate,1,None,Application,djkvdihost833.jakarta01.com,JAKARTA01\Arfilia  
Error,10/4/2017 8:23,EventCreate,1,None,Application,djkvdihost404.jakarta01.com,JAKARTA01\william  
Error,10/4/2017 8:23,EventCreate,1,None,Application,djkvdihost058.jakarta01.com,JAKARTA01\kunthi  
Error,10/4/2017 8:23,EventCreate,1,None,Application,djkvdihost177.jakarta01.com,JAKARTA01\JanuardiI  
Error,10/4/2017 8:22,EventCreate,1,None,Application,djkvdihost625.jakarta01.com,JAKARTA01\ibahtiar  
Error,10/4/2017 8:22,EventCreate,1,None,Application,djkvdihost704.jakarta01.com,JAKARTA01\Leonardus  
Error,10/4/2017 8:22,EventCreate,1,None,Application,djkvdihost282.jakarta01.com,JAKARTA01\mochammad  
Error,10/4/2017 8:22,EventCreate,1,None,Application,djkvdihost705.jakarta01.com,JAKARTA01\davidhs  
Error,10/4/2017 8:22,EventCreate,1,None,Application,djkvdihost122.jakarta01.com,JAKARTA01\sutedja  
Error,10/4/2017 8:21,EventCreate,1,None,Application,djkvdihost089.jakarta01.com,JAKARTA01\Agus  
Error,10/4/2017 8:21,WSH,1,None,Application,djkvdihost704.jakarta01.com,"CN=Leonardus Jayadi Nugroho password will expire in 4 day(s) at 10/8/2017 9:07:27 AM

Press CTRL + ALT + DEL and select the ""Change a password"" option."
Error,10/4/2017 8:21,EventCreate,1,None,Application,djkvdihost310.jakarta01.com,JAKARTA01\MSandy  
Error,10/4/2017 8:22,EventCreate,1,None,Application,djkvdihost752.jakarta01.com,JAKARTA01\Nazlaini  
Error,10/4/2017 8:22,EventCreate,1,None,Application,djkvdihost390.jakarta01.com,JAKARTA01\Pratama  
Error,10/4/2017 8:22,EventCreate,1,None,Application,djkvdihost020.jakarta01.com,JAKARTA01\Festy  
Error,10/4/2017 8:21,EventCreate,1,None,Application,djkvdihost531.jakarta01.com,JAKARTA01\boby  
Error,10/4/2017 8:21,WSH,1,None,Application,djkvdihost704.jakarta01.com,"CN=Leonardus Jayadi Nugroho password will expire in 4 day(s) at 10/8/2017 9:07:27 AM

Press CTRL + ALT + DEL and select the ""Change a password"" option."
Error,10/4/2017 8:21,EventCreate,1,None,Application,djkvdihost444.jakarta01.com,JAKARTA01\mdendy  
Error,10/4/2017 8:21,EventCreate,1,None,Application,djkvdihost201.jakarta01.com,JAKARTA01\AdindaGita  
Error,10/4/2017 8:21,EventCreate,1,None,Application,djkvdihost310.jakarta01.com,JAKARTA01\MSandy  
Error,10/4/2017 8:21,EventCreate,1,None,Application,djkvdihost690.jakarta01.com,JAKARTA01\alfiari  
Error,10/4/2017 8:20,EventCreate,1,None,Application,djkvdihost089.jakarta01.com,JAKARTA01\Agus  
Error,10/4/2017 8:20,EventCreate,1,None,Application,djkvdihost658.jakarta01.com,JAKARTA01\denny  
Error,10/4/2017 8:20,EventCreate,1,None,Application,djkvdihost577.jakarta01.com,JAKARTA01\tantri  
Error,10/4/2017 8:20,EventCreate,1,None,Application,djkvdihost362.jakarta01.com,JAKARTA01\naldi  
Error,10/4/2017 8:20,EventCreate,1,None,Application,djkvdihost089.jakarta01.com,JAKARTA01\Agus  
Error,10/4/2017 8:20,EventCreate,1,None,Application,djkvdihost077.jakarta01.com,JAKARTA01\christian2  
Error,10/4/2017 8:20,EventCreate,1,None,Application,djkvdihost545.jakarta01.com,JAKARTA01\Yudhadp  
Error,10/4/2017 8:19,WSH,1,None,Application,djkvdihost577.jakarta01.com,"CN=Tantri password will expire in 4 day(s) at 10/8/2017 7:18:35 AM

Press CTRL + ALT + DEL and select the ""Change a password"" option."
Error,10/4/2017 8:19,EventCreate,1,None,Application,djkvdihost057.jakarta01.com,JAKARTA01\sari  
Error,10/4/2017 8:20,EventCreate,1,None,Application,djkvdihost187.jakarta01.com,JAKARTA01\ardiana  
Error,10/4/2017 8:19,EventCreate,1,None,Application,djkvdihost658.jakarta01.com,JAKARTA01\denny  
Error,10/4/2017 8:19,WSH,1,None,Application,djkvdihost577.jakarta01.com,"CN=Tantri password will expire in 4 day(s) at 10/8/2017 7:18:35 AM

Press CTRL + ALT + DEL and select the ""Change a password"" option."
Error,10/4/2017 8:19,EventCreate,1,None,Application,djkvdihost430.jakarta01.com,JAKARTA01\Dilla  
Error,10/4/2017 8:19,EventCreate,1,None,Application,djkvdihost009.jakarta01.com,JAKARTA01\Dwita  
Error,10/4/2017 8:19,EventCreate,1,None,Application,djkvdihost400.jakarta01.com,JAKARTA01\Rahmad  
Error,10/4/2017 8:19,WSH,1,None,Application,djkvdihost430.jakarta01.com,"CN=Dilla Erdina password will expire in 4 day(s) at 10/8/2017 8:00:59 AM

Press CTRL + ALT + DEL and select the ""Change a password"" option."
Error,10/4/2017 8:19,EventCreate,1,None,Application,djkvdihost658.jakarta01.com,JAKARTA01\denny  
Error,10/4/2017 8:18,EventCreate,1,None,Application,djkvdihost350.jakarta01.com,JAKARTA01\eka  
Error,10/4/2017 8:19,EventCreate,1,None,Application,djkvdihost002.jakarta01.com,JAKARTA01\nadya  
Error,10/4/2017 8:19,EventCreate,1,None,Application,djkvdihost057.jakarta01.com,JAKARTA01\sari  
Error,10/4/2017 8:19,WSH,1,None,Application,djkvdihost430.jakarta01.com,"CN=Dilla Erdina password will expire in 4 day(s) at 10/8/2017 8:00:59 AM

Press CTRL + ALT + DEL and select the ""Change a password"" option."
Error,10/4/2017 8:19,EventCreate,1,None,Application,djkvdihost262.jakarta01.com,JAKARTA01\Arief Sandy  
Error,10/4/2017 8:18,EventCreate,1,None,Application,djkvdihost511.jakarta01.com,JAKARTA01\adriani  
Error,10/4/2017 8:18,EventCreate,1,None,Application,djkvdihost684.jakarta01.com,JAKARTA01\mpinto  
Error,10/4/2017 8:18,EventCreate,1,None,Application,djkvdihost073.jakarta01.com,JAKARTA01\nyimas  
Error,10/4/2017 8:17,EventCreate,1,None,Application,djkvdihost350.jakarta01.com,JAKARTA01\eka  
Error,10/4/2017 8:17,EventCreate,1,None,Application,djkvdihost511.jakarta01.com,JAKARTA01\adriani  
Error,10/4/2017 8:17,EventCreate,1,None,Application,djkvdihost595.jakarta01.com,JAKARTA01\fathiya  
Error,10/4/2017 8:17,EventCreate,1,None,Application,djkvdihost556.jakarta01.com,JAKARTA01\eriksetiawan  
Error,10/4/2017 8:16,EventCreate,1,None,Application,djkvdihost520.jakarta01.com,JAKARTA01\GuestISD49  
Error,10/4/2017 8:17,EventCreate,1,None,Application,djkvdihost350.jakarta01.com,JAKARTA01\eka  
Error,10/4/2017 8:16,EventCreate,1,None,Application,djkvdihost740.jakarta01.com,JAKARTA01\elvina  
Error,10/4/2017 8:17,EventCreate,1,None,Application,djkvdihost190.jakarta01.com,JAKARTA01\Erlisa  
Error,10/4/2017 8:16,EventCreate,1,None,Application,djkvdihost599.jakarta01.com,JAKARTA01\rahma  
Error,10/4/2017 8:16,EventCreate,1,None,Application,djkvdihost834.jakarta01.com,JAKARTA01\ita shabrina  
Error,10/4/2017 8:16,EventCreate,1,None,Application,djkvdihost740.jakarta01.com,JAKARTA01\elvina  
Error,10/4/2017 8:16,EventCreate,1,None,Application,djkvdihost819.jakarta01.com,JAKARTA01\andryan  
Error,10/4/2017 8:16,EventCreate,1,None,Application,djkvdihost026.jakarta01.com,JAKARTA01\anissa  
Error,10/4/2017 8:16,EventCreate,1,None,Application,djkvdihost385.jakarta01.com,JAKARTA01\ghozia  
Error,10/4/2017 8:16,EventCreate,1,None,Application,djkvdihost379.jakarta01.com,JAKARTA01\edwin  
Error,10/4/2017 8:15,EventCreate,1,None,Application,djkvdihost599.jakarta01.com,JAKARTA01\rahma  
Error,10/4/2017 8:15,EventCreate,1,None,Application,djkvdihost233.jakarta01.com,JAKARTA01\Darmi  
Error,10/4/2017 8:15,EventCreate,1,None,Application,djkvdihost170.jakarta01.com,JAKARTA01\ALFIYAH  
Error,10/4/2017 8:15,EventCreate,1,None,Application,djkvdihost819.jakarta01.com,JAKARTA01\andryan  
Error,10/4/2017 8:15,EventCreate,1,None,Application,djkvdihost372.jakarta01.com,JAKARTA01\Arum  
Error,10/4/2017 8:15,Application Error,1000,-100,Application,djkvdihost372.jakarta01.com,"Faulting application name: OUTLOOK.EXE, version: 15.0.4919.1001, time stamp: 0x58d20482
Faulting module name: OUTLOOK.EXE, version: 15.0.4919.1001, time stamp: 0x58d20482
Exception code: 0xc0000005
Fault offset: 0x008924c4
Faulting process id: 0x1f94
Faulting application start time: 0x01d33caa5211bb45
Faulting application path: C:\Program Files\Microsoft Office\Office15\OUTLOOK.EXE
Faulting module path: C:\Program Files\Microsoft Office\Office15\OUTLOOK.EXE
Report Id: 79543805-a8a1-11e7-95c1-0050569f5e70"
Error,10/4/2017 8:15,EventCreate,1,None,Application,djkvdihost233.jakarta01.com,JAKARTA01\Darmi  
Error,10/4/2017 8:15,EventCreate,1,None,Application,djkvdihost520.jakarta01.com,JAKARTA01\GuestISD49  
Error,10/4/2017 8:15,EventCreate,1,None,Application,djkvdihost406.jakarta01.com,JAKARTA01\ahmad  
Error,10/4/2017 8:15,EventCreate,1,None,Application,djkvdihost599.jakarta01.com,JAKARTA01\rahma  
Error,10/4/2017 8:15,EventCreate,1,None,Application,djkvdihost324.jakarta01.com,JAKARTA01\chinthiars  
Error,10/4/2017 8:15,EventCreate,1,None,Application,djkvdihost441.jakarta01.com,JAKARTA01\Ade k  
Error,10/4/2017 8:14,EventCreate,1,None,Application,djkvdihost268.jakarta01.com,JAKARTA01\SELIH  
Error,10/4/2017 8:14,EventCreate,1,None,Application,djkvdihost057.jakarta01.com,JAKARTA01\Erlisa  
Error,10/4/2017 8:14,EventCreate,1,None,Application,djkvdihost047.jakarta01.com,JAKARTA01\ramantid  
Error,10/4/2017 8:14,EventCreate,1,None,Application,djkvdihost231.jakarta01.com,JAKARTA01\Didik  
Error,10/4/2017 8:14,EventCreate,1,None,Application,djkvdihost391.jakarta01.com,JAKARTA01\fediana  
Error,10/4/2017 8:13,EventCreate,1,None,Application,djkvdihost417.jakarta01.com,JAKARTA01\dadang  
Error,10/4/2017 8:13,EventCreate,1,None,Application,djkvdihost367.jakarta01.com,JAKARTA01\tyas  
Error,10/4/2017 8:13,EventCreate,1,None,Application,djkvdihost515.jakarta01.com,JAKARTA01\Taufik Kurniawan  
Error,10/4/2017 8:13,EventCreate,1,None,Application,djkvdihost350.jakarta01.com,JAKARTA01\iqbal maulanasani  
Error,10/4/2017 8:13,EventCreate,1,None,Application,djkvdihost326.jakarta01.com,JAKARTA01\resha  
Error,10/4/2017 8:13,EventCreate,1,None,Application,djkvdihost552.jakarta01.com,JAKARTA01\warda  
Error,10/4/2017 8:12,WSH,1,None,Application,djkvdihost326.jakarta01.com,"CN=Resha Ayu Angela Fatri password will expire in 4 day(s) at 10/8/2017 8:22:04 AM

Press CTRL + ALT + DEL and select the ""Change a password"" option."
Error,10/4/2017 8:12,EventCreate,1,None,Application,djkvdihost110.jakarta01.com,JAKARTA01\ronald david  
Error,10/4/2017 8:12,EventCreate,1,None,Application,djkvdihost345.jakarta01.com,JAKARTA01\Chairul  
Error,10/4/2017 8:12,EventCreate,1,None,Application,djkvdihost465.jakarta01.com,JAKARTA01\rudini  
Error,10/4/2017 8:12,EventCreate,1,None,Application,djkvdihost746.jakarta01.com,JAKARTA01\gian  
Error,10/4/2017 8:12,EventCreate,1,None,Application,djkvdihost630.jakarta01.com,JAKARTA01\ClarissaMh  
Error,10/4/2017 8:12,EventCreate,1,None,Application,djkvdihost879.jakarta01.com,JAKARTA01\Amelia  
