Error,10/6/2017 7:16:29 AM,EventCreate,1,None,Application,djkvdihost399.jakarta01.com,JAKARTA01\komangya  
Error,10/6/2017 7:16:09 AM,EventCreate,1,None,Application,djkvdihost443.jakarta01.com,JAKARTA01\mutiara  
Error,10/6/2017 7:16:07 AM,EventCreate,1,None,Application,djkvdihost839.jakarta01.com,JAKARTA01\suhendrayana  
Error,10/6/2017 7:15:56 AM,EventCreate,1,None,Application,djkvdihost150.jakarta01.com,JAKARTA01\raras  
Error,10/6/2017 7:15:17 AM,EventCreate,1,None,Application,djkvdihost806.jakarta01.com,JAKARTA01\barry  
Error,10/6/2017 7:14:18 AM,EventCreate,1,None,Application,djkvdihost183.jakarta01.com,JAKARTA01\Jessica  
Error,10/6/2017 7:14:11 AM,EventCreate,1,None,Application,djkvdihost566.jakarta01.com,JAKARTA01\moh rinov  
Error,10/6/2017 7:14:01 AM,EventCreate,1,None,Application,djkvdihost255.jakarta01.com,JAKARTA01\aticha  
Error,10/6/2017 7:13:55 AM,EventCreate,1,None,Application,djkvdihost153.jakarta01.com,JAKARTA01\gati  
Error,10/6/2017 7:13:15 AM,EventCreate,1,None,Application,djkvdihost669.jakarta01.com,JAKARTA01\kusumadita  
Error,10/6/2017 7:13:10 AM,EventCreate,1,None,Application,djkvdihost380.jakarta01.com,JAKARTA01\Virgitha  
Error,10/6/2017 7:13:04 AM,EventCreate,1,None,Application,djkvdihost056.jakarta01.com,JAKARTA01\k_ignatius  
Error,10/6/2017 7:12:28 AM,EventCreate,1,None,Application,djkvdihost303.jakarta01.com,JAKARTA01\andri  
Error,10/6/2017 7:12:26 AM,EventCreate,1,None,Application,djkvdihost691.jakarta01.com,JAKARTA01\dian  
Error,10/6/2017 7:11:47 AM,EventCreate,1,None,Application,djkvdihost869.jakarta01.com,JAKARTA01\hastari  
Error,10/6/2017 7:11:44 AM,Application Error,1000,(100),Application,djkvdihost869.jakarta01.com,"Faulting application name: EXCEL.EXE, version: 15.0.4919.1000, time stamp: 0x58c7ab0f
Faulting module name: EXCEL.EXE, version: 15.0.4919.1000, time stamp: 0x58c7ab0f
Exception code: 0xc0000005
Fault offset: 0x0094ea89
Faulting process id: 0x1040
Faulting application start time: 0x01d33e32dd5ed00e
Faulting application path: C:\PROGRA~1\MICROS~2\Office15\EXCEL.EXE
Faulting module path: C:\PROGRA~1\MICROS~2\Office15\EXCEL.EXE
Report Id: ef161906-aa2a-11e7-be00-0050569f5829"
Error,10/6/2017 7:11:42 AM,EventCreate,1,None,Application,djkvdihost520.jakarta01.com,JAKARTA01\Rana  
Error,10/6/2017 7:10:56 AM,EventCreate,1,None,Application,djkvdihost832.jakarta01.com,JAKARTA01\DianRamadhania  
Error,10/6/2017 7:10:51 AM,EventCreate,1,None,Application,djkvdihost832.jakarta01.com,JAKARTA01\DianRamadhania  
Error,10/6/2017 7:10:50 AM,EventCreate,1,None,Application,djkvdihost832.jakarta01.com,JAKARTA01\DianRamadhania  
Error,10/6/2017 7:11:07 AM,EventCreate,1,None,Application,djkvdihost835.jakarta01.com,JAKARTA01\anggita  
Error,10/6/2017 7:11:03 AM,EventCreate,1,None,Application,djkvdihost117.jakarta01.com,JAKARTA01\gadis  
Error,10/6/2017 7:10:56 AM,EventCreate,1,None,Application,djkvdihost643.jakarta01.com,JAKARTA01\Donna  
Error,10/6/2017 7:10:08 AM,WSH,1,None,Application,djkvdihost643.jakarta01.com,"CN=Donna password will expire in 3 day(s) at 10/9/2017 1:18:52 PM

Press CTRL + ALT + DEL and select the ""Change a password"" option."
Error,10/6/2017 7:10:02 AM,EventCreate,1,None,Application,djkvdihost870.jakarta01.com,JAKARTA01\bayu  
Error,10/6/2017 7:10:20 AM,EventCreate,1,None,Application,djkvdihost832.jakarta01.com,JAKARTA01\DianRamadhania  
Error,10/6/2017 7:10:18 AM,EventCreate,1,None,Application,djkvdihost142.jakarta01.com,JAKARTA01\Hera  
Error,10/6/2017 7:10:17 AM,EventCreate,1,None,Application,djkvdihost861.jakarta01.com,JAKARTA01\bobby  
Error,10/6/2017 7:10:07 AM,WSH,1,None,Application,djkvdihost643.jakarta01.com,"CN=Donna password will expire in 3 day(s) at 10/9/2017 1:18:52 PM

Press CTRL + ALT + DEL and select the ""Change a password"" option."
Error,10/6/2017 7:09:59 AM,EventCreate,1,None,Application,djkvdihost870.jakarta01.com,JAKARTA01\bayu  
Error,10/6/2017 7:09:59 AM,EventCreate,1,None,Application,djkvdihost542.jakarta01.com,JAKARTA01\heri  
Error,10/6/2017 7:09:44 AM,EventCreate,1,None,Application,djkvdihost818.jakarta01.com,JAKARTA01\gatots  
Error,10/6/2017 7:09:28 AM,EventCreate,1,None,Application,djkvdihost730.jakarta01.com,JAKARTA01\santoso  
Error,10/6/2017 7:09:10 AM,EventCreate,1,None,Application,djkvdihost432.jakarta01.com,JAKARTA01\hertanto  
Error,10/6/2017 7:09:08 AM,EventCreate,1,None,Application,djkvdihost477.jakarta01.com,JAKARTA01\muhammad zubayr  
Error,10/6/2017 7:08:42 AM,EventCreate,1,None,Application,djkvdihost023.jakarta01.com,JAKARTA01\Luki Mahanani  
Error,10/6/2017 7:08:28 AM,EventCreate,1,None,Application,djkvdihost039.jakarta01.com,JAKARTA01\melani  
Error,10/6/2017 7:07:54 AM,EventCreate,1,None,Application,djkvdihost324.jakarta01.com,JAKARTA01\nurfadila  
Error,10/6/2017 7:07:49 AM,EventCreate,1,None,Application,djkvdihost654.jakarta01.com,JAKARTA01\rachelas  
Error,10/6/2017 7:07:24 AM,EventCreate,1,None,Application,djkvdihost812.jakarta01.com,JAKARTA01\tudie  
Error,10/6/2017 7:06:45 AM,EventCreate,1,None,Application,djkvdihost646.jakarta01.com,JAKARTA01\yosephine  
Error,10/6/2017 7:06:40 AM,EventCreate,1,None,Application,djkvdihost709.jakarta01.com,JAKARTA01\Eny Masruroh  
Error,10/6/2017 7:05:41 AM,EventCreate,1,None,Application,djkvdihost167.jakarta01.com,JAKARTA01\NovrianAS  
Error,10/6/2017 7:04:22 AM,EventCreate,1,None,Application,djkvdihost507.jakarta01.com,JAKARTA01\eunice  
Error,10/6/2017 7:03:26 AM,WSH,1,None,Application,djkvdihost507.jakarta01.com,"CN=Eunice Shertaria Bangun password will expire in 2 day(s) at 10/8/2017 8:00:20 AM

Press CTRL + ALT + DEL and select the ""Change a password"" option."
Error,10/6/2017 7:03:25 AM,WSH,1,None,Application,djkvdihost507.jakarta01.com,"CN=Eunice Shertaria Bangun password will expire in 2 day(s) at 10/8/2017 8:00:20 AM

Press CTRL + ALT + DEL and select the ""Change a password"" option."
Error,10/6/2017 7:03:04 AM,EventCreate,1,None,Application,djkvdihost139.jakarta01.com,JAKARTA01\femmy  
Error,10/6/2017 7:02:04 AM,EventCreate,1,None,Application,djkvdihost872.jakarta01.com,JAKARTA01\masuyama  
Error,10/6/2017 7:01:55 AM,EventCreate,1,None,Application,djkvdihost895.jakarta01.com,JAKARTA01\Joni  
Error,10/6/2017 7:01:01 AM,EventCreate,1,None,Application,djkvdihost408.jakarta01.com,JAKARTA01\Leli  
Error,10/6/2017 7:00:24 AM,EventCreate,1,None,Application,djkvdihost671.jakarta01.com,JAKARTA01\feni  
Error,10/6/2017 7:00:21 AM,EventCreate,1,None,Application,djkvdihost776.jakarta01.com,JAKARTA01\indrawati  
Error,10/6/2017 7:00:02 AM,EventCreate,1,None,Application,djkvdihost523.jakarta01.com,JAKARTA01\dadi hardi  
Error,10/6/2017 6:59:29 AM,EventCreate,1,None,Application,djkvdihost732.jakarta01.com,JAKARTA01\alexander  
Error,10/6/2017 6:58:41 AM,EventCreate,1,None,Application,djkvdihost666.jakarta01.com,JAKARTA01\namora  
Error,10/6/2017 6:57:31 AM,EventCreate,1,None,Application,djkvdihost845.jakarta01.com,JAKARTA01\ueda  
Error,10/6/2017 6:55:36 AM,EventCreate,1,None,Application,djkvdihost529.jakarta01.com,JAKARTA01\isnaini  
Error,10/6/2017 6:55:08 AM,EventCreate,1,None,Application,djkvdihost850.jakarta01.com,JAKARTA01\jeremia  
Error,10/6/2017 6:53:34 AM,EventCreate,1,None,Application,djkvdihost121.jakarta01.com,JAKARTA01\Chaterin  
Error,10/6/2017 6:52:05 AM,EventCreate,1,None,Application,djkvdihost580.jakarta01.com,JAKARTA01\andrinur  
Error,10/6/2017 6:50:37 AM,EventCreate,1,None,Application,djkvdihost299.jakarta01.com,JAKARTA01\army  
Error,10/6/2017 6:49:06 AM,EventCreate,1,None,Application,djkvdihost533.jakarta01.com,JAKARTA01\sasono  
Error,10/6/2017 6:48:48 AM,EventCreate,1,None,Application,djkvdihost025.jakarta01.com,JAKARTA01\Patsiana  
Error,10/6/2017 6:47:21 AM,EventCreate,1,None,Application,djkvdihost506.jakarta01.com,JAKARTA01\cahyaningtiyas  
Error,10/6/2017 6:46:55 AM,EventCreate,1,None,Application,djkvdihost454.jakarta01.com,JAKARTA01\mulyono  
Error,10/6/2017 6:46:33 AM,EventCreate,1,None,Application,djkvdihost245.jakarta01.com,JAKARTA01\IRMALA  
Error,10/6/2017 6:45:57 AM,EventCreate,1,None,Application,djkvdihost060.jakarta01.com,JAKARTA01\ester  
Error,10/6/2017 6:45:49 AM,EventCreate,1,None,Application,djkvdihost538.jakarta01.com,JAKARTA01\yofiandhy  
Error,10/6/2017 6:45:08 AM,EventCreate,1,None,Application,djkvdihost634.jakarta01.com,JAKARTA01\gallant  
Error,10/6/2017 6:44:15 AM,EventCreate,1,None,Application,djkvdihost856.jakarta01.com,JAKARTA01\Ouchi  
Error,10/6/2017 6:44:08 AM,EventCreate,1,None,Application,djkvdihost041.jakarta01.com,JAKARTA01\retno  
Error,10/6/2017 6:43:52 AM,EventCreate,1,None,Application,djkvdihost215.jakarta01.com,JAKARTA01\Pricillia  
Error,10/6/2017 6:42:55 AM,WSH,1,None,Application,djkvdihost215.jakarta01.com,"CN=Pricillia Winda Sutio password will expire in 2 day(s) at 10/8/2017 6:34:54 AM

Press CTRL + ALT + DEL and select the ""Change a password"" option."
Error,10/6/2017 6:43:23 AM,EventCreate,1,None,Application,djkvdihost425.jakarta01.com,JAKARTA01\Pinta  
Error,10/6/2017 6:43:08 AM,EventCreate,1,None,Application,djkvdihost747.jakarta01.com,JAKARTA01\tobing  
Error,10/6/2017 6:42:54 AM,WSH,1,None,Application,djkvdihost215.jakarta01.com,"CN=Pricillia Winda Sutio password will expire in 2 day(s) at 10/8/2017 6:34:54 AM

Press CTRL + ALT + DEL and select the ""Change a password"" option."
Error,10/6/2017 6:42:22 AM,EventCreate,1,None,Application,djkvdihost256.jakarta01.com,JAKARTA01\willya  
Error,10/6/2017 6:41:58 AM,EventCreate,1,None,Application,djkvdihost693.jakarta01.com,JAKARTA01\mochammad  
Error,10/6/2017 6:40:43 AM,EventCreate,1,None,Application,djkvdihost658.jakarta01.com,JAKARTA01\suwilhan  
Error,10/6/2017 6:39:38 AM,EventCreate,1,None,Application,djkvdihost344.jakarta01.com,JAKARTA01\susanto  
Error,10/6/2017 6:38:50 AM,EventCreate,1,None,Application,djkvdihost504.jakarta01.com,JAKARTA01\zaldi  
Error,10/6/2017 6:38:49 AM,EventCreate,1,None,Application,djkvdihost306.jakarta01.com,JAKARTA01\debby  
Error,10/6/2017 6:38:31 AM,EventCreate,1,None,Application,djkvdihost557.jakarta01.com,JAKARTA01\hideo  
Error,10/6/2017 6:38:10 AM,EventCreate,1,None,Application,djkvdihost328.jakarta01.com,JAKARTA01\Chinthea  
Error,10/6/2017 6:35:57 AM,EventCreate,1,None,Application,djkvdihost524.jakarta01.com,JAKARTA01\rusmelin  
Error,10/6/2017 6:35:27 AM,EventCreate,1,None,Application,djkvdihost853.jakarta01.com,JAKARTA01\Machida  
Error,10/6/2017 6:33:48 AM,EventCreate,1,None,Application,djkvdihost107.jakarta01.com,JAKARTA01\rusliadi  
Error,10/6/2017 6:33:14 AM,EventCreate,1,None,Application,djkvdihost304.jakarta01.com,JAKARTA01\Nur Maya  
Error,10/6/2017 6:32:30 AM,WSH,1,None,Application,djkvdihost304.jakarta01.com,"CN=Nur Maya Rahma password will expire in 2 day(s) at 10/8/2017 7:22:00 AM

Press CTRL + ALT + DEL and select the ""Change a password"" option."
Error,10/6/2017 6:32:25 AM,EventCreate,1,None,Application,djkvdihost047.jakarta01.com,JAKARTA01\evi  
Error,10/6/2017 6:32:30 AM,WSH,1,None,Application,djkvdihost304.jakarta01.com,"CN=Nur Maya Rahma password will expire in 2 day(s) at 10/8/2017 7:22:00 AM

Press CTRL + ALT + DEL and select the ""Change a password"" option."
Error,10/6/2017 6:32:14 AM,Application Error,1000,(100),Application,djkvdihost047.jakarta01.com,"Faulting application name: spoolsv.exe, version: 6.1.7601.17777, time stamp: 0x4f35efc3
Faulting module name: msvcrt.dll, version: 7.0.7601.17744, time stamp: 0x4eeaf722
Exception code: 0xc0000005
Fault offset: 0x0000aa14
Faulting process id: 0x63c
Faulting application start time: 0x01d33dc57ad04118
Faulting application path: C:\Windows\System32\spoolsv.exe
Faulting module path: C:\Windows\system32\msvcrt.dll
Report Id: 6aba7269-aa25-11e7-9ba3-0050569f23b2"
Error,10/6/2017 6:31:25 AM,EventCreate,1,None,Application,djkvdihost446.jakarta01.com,JAKARTA01\taufik  
Error,10/6/2017 6:31:21 AM,EventCreate,1,None,Application,djkvdihost446.jakarta01.com,JAKARTA01\taufik  
Error,10/6/2017 6:31:17 AM,EventCreate,1,None,Application,djkvdihost446.jakarta01.com,JAKARTA01\taufik  
Error,10/6/2017 6:31:09 AM,EventCreate,1,None,Application,djkvdihost186.jakarta01.com,JAKARTA01\Letitia  
Error,10/6/2017 6:29:52 AM,EventCreate,1,None,Application,djkvdihost460.jakarta01.com,JAKARTA01\jati  
Error,10/6/2017 6:29:19 AM,EventCreate,1,None,Application,djkvdihost610.jakarta01.com,JAKARTA01\muhammad afif  
Error,10/6/2017 6:29:12 AM,EventCreate,1,None,Application,djkvdihost386.jakarta01.com,JAKARTA01\kezia  
Error,10/6/2017 6:27:46 AM,EventCreate,1,None,Application,djkvdihost675.jakarta01.com,JAKARTA01\komangsd  
Error,10/6/2017 6:27:22 AM,EventCreate,1,None,Application,djkvdihost227.jakarta01.com,JAKARTA01\cut nyak  
Error,10/6/2017 6:27:21 AM,EventCreate,1,None,Application,djkvdihost091.jakarta01.com,JAKARTA01\puji sih  
Error,10/6/2017 6:24:25 AM,EventCreate,1,None,Application,djkvdihost480.jakarta01.com,JAKARTA01\ryan  
Error,10/6/2017 6:24:18 AM,Application Error,1000,(100),Application,djkvdihost480.jakarta01.com,"Faulting application name: spoolsv.exe, version: 6.1.7601.17777, time stamp: 0x4f35efc3
Faulting module name: msvcrt.dll, version: 7.0.7601.17744, time stamp: 0x4eeaf722
Exception code: 0xc0000005
Fault offset: 0x0000aa14
Faulting process id: 0x63c
Faulting application start time: 0x01d33dda521e82ca
Faulting application path: C:\Windows\System32\spoolsv.exe
Faulting module path: C:\Windows\system32\msvcrt.dll
Report Id: 4efdf3ab-aa24-11e7-9c31-0050569f382b"
Error,10/6/2017 6:24:16 AM,EventCreate,1,None,Application,djkvdihost514.jakarta01.com,JAKARTA01\Hertanto gunadi  
Error,10/6/2017 6:23:52 AM,EventCreate,1,None,Application,djkvdihost480.jakarta01.com,JAKARTA01\ryan  
Error,10/6/2017 6:19:50 AM,EventCreate,1,None,Application,djkvdihost743.jakarta01.com,JAKARTA01\Pram  
Error,10/6/2017 6:19:30 AM,EventCreate,1,None,Application,djkvdihost510.jakarta01.com,JAKARTA01\hariri  
Error,10/6/2017 6:16:10 AM,EventCreate,1,None,Application,djkvdihost398.jakarta01.com,JAKARTA01\mulyanto  
Error,10/6/2017 6:16:00 AM,EventCreate,1,None,Application,djkvdihost088.jakarta01.com,JAKARTA01\Erick  
Error,10/6/2017 6:13:50 AM,EventCreate,1,None,Application,djkvdihost371.jakarta01.com,JAKARTA01\dwinanto  
Error,10/6/2017 6:09:36 AM,EventCreate,1,None,Application,djkvdihost184.jakarta01.com,JAKARTA01\michael  
Error,10/6/2017 6:08:36 AM,EventCreate,1,None,Application,djkvdihost869.jakarta01.com,JAKARTA01\hastari  
Error,10/6/2017 6:08:12 AM,EventCreate,1,None,Application,djkvdihost235.jakarta01.com,JAKARTA01\Valdi  
Error,10/6/2017 6:06:00 AM,EventCreate,1,None,Application,djkvdihost561.jakarta01.com,JAKARTA01\nugraha  
Error,10/6/2017 6:03:52 AM,EventCreate,1,None,Application,djkvdihost130.jakarta01.com,JAKARTA01\arqom  
Error,10/6/2017 6:01:25 AM,EventCreate,1,None,Application,djkvdihost417.jakarta01.com,JAKARTA01\ianm  
Error,10/6/2017 6:01:23 AM,EventCreate,1,None,Application,djkvdihost728.jakarta01.com,JAKARTA01\Idafarida  
Error,10/6/2017 6:00:39 AM,EventCreate,1,None,Application,djkvdihost292.jakarta01.com,JAKARTA01\Argo  
Error,10/6/2017 6:00:35 AM,EventCreate,1,None,Application,djkvdihost195.jakarta01.com,JAKARTA01\henny  
Error,10/6/2017 5:54:22 AM,EventCreate,1,None,Application,djkvdihost352.jakarta01.com,JAKARTA01\olly  
Error,10/6/2017 5:51:59 AM,EventCreate,1,None,Application,djkvdihost453.jakarta01.com,JAKARTA01\dhara  
Error,10/6/2017 5:50:14 AM,EventCreate,1,None,Application,djkvdihost350.jakarta01.com,JAKARTA01\yosiakarta  
Error,10/6/2017 5:48:23 AM,EventCreate,1,None,Application,djkvdihost112.jakarta01.com,JAKARTA01\yasinta  
Error,10/6/2017 5:46:34 AM,EventCreate,1,None,Application,djkvdihost653.jakarta01.com,JAKARTA01\midasope  
Error,10/6/2017 5:44:22 AM,EventCreate,1,None,Application,djkvdihost032.jakarta01.com,JAKARTA01\agungwd  
Error,10/5/2017 11:58:58 PM,EventCreate,1,None,Application,djkvdihost453.jakarta01.com,JAKARTA01\budi abianto  
Error,10/5/2017 8:46:13 PM,EventCreate,1,None,Application,djkvdihost756.jakarta01.com,JAKARTA01\wang  
Error,10/5/2017 8:40:18 PM,EventCreate,1,None,Application,djkvdihost831.jakarta01.com,JAKARTA01\syifa  
Error,10/5/2017 8:40:17 PM,Application Error,1000,(100),Application,djkvdihost831.jakarta01.com,"Faulting application name: EXCEL.EXE, version: 15.0.4919.1000, time stamp: 0x58c7ab0f
Faulting module name: EXCEL.EXE, version: 15.0.4919.1000, time stamp: 0x58c7ab0f
Exception code: 0xc0000005
Fault offset: 0x0094ea89
Faulting process id: 0x2510
Faulting application start time: 0x01d33dc1c612045c
Faulting application path: C:\Program Files\Microsoft Office\Office15\EXCEL.EXE
Faulting module path: C:\Program Files\Microsoft Office\Office15\EXCEL.EXE
Report Id: b8f5c5c9-a9d2-11e7-832d-0050569f7ec2"
Error,10/5/2017 8:34:00 PM,EventCreate,1,None,Application,djkvdihost120.jakarta01.com,JAKARTA01\jayson  
Error,10/5/2017 8:33:59 PM,Application Error,1000,(100),Application,djkvdihost120.jakarta01.com,"Faulting application name: OUTLOOK.EXE, version: 15.0.4919.1001, time stamp: 0x58d20482
Faulting module name: OUTLOOK.EXE, version: 15.0.4919.1001, time stamp: 0x58d20482
Exception code: 0xc0000005
Fault offset: 0x008924c4
Faulting process id: 0x1c08
Faulting application start time: 0x01d33d7389bcec73
Faulting application path: C:\Program Files\Microsoft Office\Office15\OUTLOOK.EXE
Faulting module path: C:\Program Files\Microsoft Office\Office15\OUTLOOK.EXE
Report Id: d7327c03-a9d1-11e7-af2c-0050569f50b7"
Error,10/5/2017 8:15:47 PM,EventCreate,1,None,Application,djkvdihost831.jakarta01.com,JAKARTA01\syifa  
Error,10/5/2017 8:15:44 PM,Application Error,1000,(100),Application,djkvdihost831.jakarta01.com,"Faulting application name: EXCEL.EXE, version: 15.0.4919.1000, time stamp: 0x58c7ab0f
Faulting module name: EXCEL.EXE, version: 15.0.4919.1000, time stamp: 0x58c7ab0f
Exception code: 0xc0000005
Fault offset: 0x0094ea89
Faulting process id: 0x12ec
Faulting application start time: 0x01d33d76834e6f98
Faulting application path: C:\PROGRA~1\MICROS~2\Office15\EXCEL.EXE
Faulting module path: C:\PROGRA~1\MICROS~2\Office15\EXCEL.EXE
Report Id: 4ad928af-a9cf-11e7-832d-0050569f7ec2"
Error,10/5/2017 6:32:16 PM,EventCreate,1,None,Application,djkvdihost637.jakarta01.com,"The description for Event ID 1 from source EventCreate cannot be found. Either the component that raises this event is not installed on your local computer or the installation is corrupted. You can install or repair the component on the local computer.

If the event originated on another computer, the display information had to be saved with the event.

The following information was included with the event: 

JAKARTA01\andriana  
"
Error,10/5/2017 5:53:42 PM,EventCreate,1,None,Application,djkvdihost207.jakarta01.com,"The description for Event ID 1 from source EventCreate cannot be found. Either the component that raises this event is not installed on your local computer or the installation is corrupted. You can install or repair the component on the local computer.

If the event originated on another computer, the display information had to be saved with the event.

The following information was included with the event: 

JAKARTA01\Argo  
"
Error,10/5/2017 7:32:17 PM,EventCreate,1,None,Application,djkvdihost526.jakarta01.com,JAKARTA01\budi abianto  
Error,10/5/2017 7:22:46 PM,EventCreate,1,None,Application,djkvdihost665.jakarta01.com,JAKARTA01\Erick  
Error,10/5/2017 7:22:43 PM,Application Error,1000,(100),Application,djkvdihost665.jakarta01.com,"Faulting application name: EXCEL.EXE, version: 15.0.4919.1000, time stamp: 0x58c7ab0f
Faulting module name: MSVCR100.dll, version: 10.0.40219.325, time stamp: 0x4df2be1e
Exception code: 0xc0000005
Fault offset: 0x00001f34
Faulting process id: 0x27f0
Faulting application start time: 0x01d33d8a793fb41f
Faulting application path: C:\Program Files\Microsoft Office\Office15\EXCEL.EXE
Faulting module path: C:\Windows\system32\MSVCR100.dll
Report Id: e277a39e-a9c7-11e7-bfe1-0050569f6cce"
Error,10/5/2017 7:19:48 PM,EventCreate,1,None,Application,djkvdihost814.jakarta01.com,JAKARTA01\m ridho  
Error,10/5/2017 7:19:42 PM,EventCreate,1,None,Application,djkvdihost814.jakarta01.com,JAKARTA01\m ridho  
Error,10/5/2017 6:57:17 PM,EventCreate,1,None,Application,djkvdihost729.jakarta01.com,JAKARTA01\henry st  
Error,10/5/2017 6:57:13 PM,Application Error,1000,(100),Application,djkvdihost729.jakarta01.com,"Faulting application name: lync.exe, version: 15.0.4919.1000, time stamp: 0x58c7ab1e
Faulting module name: ntdll.dll, version: 6.1.7601.23714, time stamp: 0x58bf8774
Exception code: 0xc0000005
Fault offset: 0x00031dca
Faulting process id: 0x101c
Faulting application start time: 0x01d33d74ef0b770e
Faulting application path: C:\Program Files\Microsoft Office\Office15\lync.exe
Faulting module path: C:\Windows\SYSTEM32\ntdll.dll
Report Id: 529973ae-a9c4-11e7-84f6-0050569f2193"
Error,10/5/2017 6:51:18 PM,EventCreate,1,None,Application,djkvdihost638.jakarta01.com,JAKARTA01\guestisd29  
Error,10/5/2017 6:51:13 PM,Application Error,1000,(100),Application,djkvdihost638.jakarta01.com,"Faulting application name: Ssms.exe, version: 2009.100.1600.1, time stamp: 0x4bb679e7
Faulting module name: ntdll.dll, version: 6.1.7601.23714, time stamp: 0x58bf8774
Exception code: 0xc0000006
Fault offset: 0x0002cd77
Faulting process id: 0x%9
Faulting application start time: 0x%10
Faulting application path: %11
Faulting module path: %12
Report Id: %13"
Error,10/5/2017 6:47:37 PM,EventCreate,1,None,Application,djkvdihost229.jakarta01.com,JAKARTA01\Setiawan  
Error,10/5/2017 6:47:22 PM,EventCreate,1,None,Application,djkvdihost229.jakarta01.com,JAKARTA01\Setiawan  
Error,10/5/2017 6:46:55 PM,WSH,1,None,Application,djkvdihost229.jakarta01.com,"CN=Eko Setiawan password will expire in 3 day(s) at 10/8/2017 9:30:49 AM

Press CTRL + ALT + DEL and select the ""Change a password"" option."
Error,10/5/2017 6:46:55 PM,WSH,1,None,Application,djkvdihost229.jakarta01.com,"CN=Eko Setiawan password will expire in 3 day(s) at 10/8/2017 9:30:49 AM

Press CTRL + ALT + DEL and select the ""Change a password"" option."
Error,10/5/2017 6:41:28 PM,EventCreate,1,None,Application,djkvdihost358.jakarta01.com,JAKARTA01\nurhayani  
Error,10/5/2017 6:41:25 PM,Application Error,1000,(100),Application,djkvdihost358.jakarta01.com,"Faulting application name: wmiprvse.exe, version: 6.2.9200.16398, time stamp: 0x5033a20c
Faulting module name: clrjit.dll, version: 4.0.30319.34209, time stamp: 0x53489491
Exception code: 0xc0000005
Fault offset: 0x00011abc
Faulting process id: 0xc88
Faulting application start time: 0x01d33dcedf89a225
Faulting application path: C:\Windows\system32\wbem\wmiprvse.exe
Faulting module path: C:\Windows\Microsoft.NET\Framework\v4.0.30319\clrjit.dll
Report Id: 1d7a2c87-a9c2-11e7-9653-0050569f2bc4"
Error,10/5/2017 6:32:13 PM,Application Error,1000,(100),Application,djkvdihost637.jakarta01.com,"Faulting application name: lync.exe, version: 15.0.4919.1000, time stamp: 0x58c7ab1e
Faulting module name: unknown, version: 0.0.0.0, time stamp: 0x00000000
Exception code: 0xc0000005
Fault offset: 0x00004000
Faulting process id: 0x12dc
Faulting application start time: 0x01d33d796b439660
Faulting application path: C:\Program Files\Microsoft Office\Office15\lync.exe
Faulting module path: unknown
Report Id: d46ef756-a9c0-11e7-88f8-0050569f5cf3"
Error,10/5/2017 6:31:30 PM,EventCreate,1,None,Application,djkvdihost726.jakarta01.com,JAKARTA01\iqbal maulanasani  
Error,10/5/2017 6:31:18 PM,EventCreate,1,None,Application,djkvdihost212.jakarta01.com,JAKARTA01\william  
Error,10/5/2017 6:31:18 PM,Application Error,1000,(100),Application,djkvdihost212.jakarta01.com,"Faulting application name: OUTLOOK.EXE, version: 15.0.4919.1001, time stamp: 0x58d20482
Faulting module name: OUTLOOK.EXE, version: 15.0.4919.1001, time stamp: 0x58d20482
Exception code: 0xc0000005
Fault offset: 0x008924c7
Faulting process id: 0x1c44
Faulting application start time: 0x01d33dc587f06d5f
Faulting application path: C:\Program Files\Microsoft Office\Office15\OUTLOOK.EXE
Faulting module path: C:\Program Files\Microsoft Office\Office15\OUTLOOK.EXE
Report Id: b3d05a9f-a9c0-11e7-bb66-0050569f7a6e"
Error,10/5/2017 6:31:07 PM,EventCreate,1,None,Application,djkvdihost726.jakarta01.com,JAKARTA01\iqbal maulanasani  
Error,10/5/2017 6:27:59 PM,EventCreate,1,None,Application,djkvdihost162.jakarta01.com,JAKARTA01\astio  
Error,10/5/2017 6:27:58 PM,Application Error,1000,(100),Application,djkvdihost162.jakarta01.com,"Faulting application name: Explorer.EXE, version: 6.1.7601.23537, time stamp: 0x57c44cc4
Faulting module name: SHELL32.dll, version: 6.1.7601.23537, time stamp: 0x57c450f4
Exception code: 0xc0000005
Fault offset: 0x002e247c
Faulting process id: 0x1180
Faulting application start time: 0x01d33d80a3d0239a
Faulting application path: C:\Windows\Explorer.EXE
Faulting module path: C:\Windows\system32\SHELL32.dll
Report Id: 3ca6763f-a9c0-11e7-9303-0050569f5025"
Error,10/5/2017 6:22:04 PM,EventCreate,1,None,Application,djkvdihost739.jakarta01.com,JAKARTA01\fathiya  
Error,10/5/2017 6:19:37 PM,EventCreate,1,None,Application,djkvdihost054.jakarta01.com,JAKARTA01\rinaldonp  
Error,10/5/2017 6:19:36 PM,Application Error,1000,(100),Application,djkvdihost054.jakarta01.com,"Faulting application name: OUTLOOK.EXE, version: 15.0.4919.1001, time stamp: 0x58d20482
Faulting module name: OUTLOOK.EXE, version: 15.0.4919.1001, time stamp: 0x58d20482
Exception code: 0xc0000005
Fault offset: 0x008924c4
Faulting process id: 0x1c00
Faulting application start time: 0x01d33d779a1bb894
Faulting application path: C:\Program Files\Microsoft Office\Office15\OUTLOOK.EXE
Faulting module path: C:\Program Files\Microsoft Office\Office15\OUTLOOK.EXE
Report Id: 119e59b1-a9bf-11e7-b9da-0050569f1a76"
Error,10/5/2017 6:18:54 PM,EventCreate,1,None,Application,djkvdihost463.jakarta01.com,JAKARTA01\slamet  
Error,10/5/2017 6:12:06 PM,EventCreate,1,None,Application,djkvdihost055.jakarta01.com,JAKARTA01\cita  
Error,10/5/2017 6:12:06 PM,Application Error,1000,(100),Application,djkvdihost055.jakarta01.com,"Faulting application name: OUTLOOK.EXE, version: 15.0.4919.1001, time stamp: 0x58d20482
Faulting module name: OUTLOOK.EXE, version: 15.0.4919.1001, time stamp: 0x58d20482
Exception code: 0xc0000005
Fault offset: 0x008924c4
Faulting process id: 0x4b4
Faulting application start time: 0x01d33dc632131b60
Faulting application path: C:\Program Files\Microsoft Office\Office15\OUTLOOK.EXE
Faulting module path: C:\Program Files\Microsoft Office\Office15\OUTLOOK.EXE
Report Id: 0521aa83-a9be-11e7-adda-0050569f6f88"
Error,10/5/2017 6:02:35 PM,EventCreate,1,None,Application,djkvdihost160.jakarta01.com,JAKARTA01\veronicam  
Error,10/5/2017 6:02:34 PM,Application Error,1000,(100),Application,djkvdihost160.jakarta01.com,"Faulting application name: OUTLOOK.EXE, version: 15.0.4919.1001, time stamp: 0x58d20482
Faulting module name: OUTLOOK.EXE, version: 15.0.4919.1001, time stamp: 0x58d20482
Exception code: 0xc0000005
Fault offset: 0x008924c7
Faulting process id: 0xba4
Faulting application start time: 0x01d33d723b5b71a8
Faulting application path: C:\Program Files\Microsoft Office\Office15\OUTLOOK.EXE
Faulting module path: C:\Program Files\Microsoft Office\Office15\OUTLOOK.EXE
Report Id: b02e4c1c-a9bc-11e7-8c3a-0050569f000b"
Error,10/5/2017 5:59:49 PM,EventCreate,1,None,Application,djkvdihost576.jakarta01.com,JAKARTA01\Dwi anisa  
Error,10/5/2017 5:59:41 PM,EventCreate,1,None,Application,djkvdihost576.jakarta01.com,JAKARTA01\Dwi anisa  
Error,10/5/2017 5:58:00 PM,EventCreate,1,None,Application,djkvdihost848.jakarta01.com,JAKARTA01\bayu  
Error,10/5/2017 5:58:00 PM,Application Error,1000,(100),Application,djkvdihost848.jakarta01.com,"Faulting application name: spoolsv.exe, version: 6.1.7601.17777, time stamp: 0x4f35efc3
Faulting module name: msvcrt.dll, version: 7.0.7601.17744, time stamp: 0x4eeaf722
Exception code: 0xc0000005
Fault offset: 0x0000aa14
Faulting process id: 0x600
Faulting application start time: 0x01d33dc83efdc50b
Faulting application path: C:\Windows\System32\spoolsv.exe
Faulting module path: C:\Windows\system32\msvcrt.dll
Report Id: 0cd60d35-a9bc-11e7-9644-0050569f68f7"
Error,10/5/2017 5:57:55 PM,EventCreate,1,None,Application,djkvdihost848.jakarta01.com,JAKARTA01\bayu  
Error,10/5/2017 5:56:04 PM,EventCreate,1,None,Application,djkvdihost634.jakarta01.com,JAKARTA01\gati  
Error,10/5/2017 5:56:01 PM,EventCreate,1,None,Application,djkvdihost634.jakarta01.com,JAKARTA01\gati  
Error,10/5/2017 5:56:00 PM,EventCreate,1,None,Application,djkvdihost634.jakarta01.com,JAKARTA01\gati  
Error,10/5/2017 5:53:37 PM,Application Error,1000,(100),Application,djkvdihost207.jakarta01.com,"Faulting application name: iexplore.exe, version: 11.0.9600.18639, time stamp: 0x58d6bb0d
Faulting module name: MSHTML.dll, version: 11.0.9600.18639, time stamp: 0x58d6c720
Exception code: 0xc0000005
Fault offset: 0x000ac604
Faulting process id: 0x1220
Faulting application start time: 0x01d33d6753af3212
Faulting application path: C:\Program Files\Internet Explorer\iexplore.exe
Faulting module path: C:\Windows\system32\MSHTML.dll
Report Id: 7034a65a-a9bb-11e7-acae-0050569f1211"
Error,10/5/2017 5:51:16 PM,EventCreate,1,None,Application,djkvdihost872.jakarta01.com,JAKARTA01\tsusaka  
Error,10/5/2017 5:46:25 PM,EventCreate,1,None,Application,djkvdihost015.jakarta01.com,JAKARTA01\mahendrars  
Error,10/5/2017 5:46:22 PM,Application Error,1000,(100),Application,djkvdihost015.jakarta01.com,"Faulting application name: NLNOTES.EXE, version: 8.5.30.11258, time stamp: 0x4e72fa51
Faulting module name: nnotes.dll, version: 8.5.30.11258, time stamp: 0x4e72fa6a
Exception code: 0xc0000005
Fault offset: 0x001c7f0e
Faulting process id: 0x16c
Faulting application start time: 0x01d33dc72c99fccb
Faulting application path: C:\Program Files\IBM\Lotus\Notes\NLNOTES.EXE
Faulting module path: C:\Program Files\IBM\Lotus\Notes\nnotes.dll
Report Id: 6d0720fd-a9ba-11e7-9bf0-0050569f1c55"
Error,10/5/2017 5:42:18 PM,EventCreate,1,None,Application,djkvdihost673.jakarta01.com,JAKARTA01\iqbal maulanasani  
Error,10/5/2017 5:38:25 PM,EventCreate,1,None,Application,djkvdihost033.jakarta01.com,JAKARTA01\hideo  
Error,10/5/2017 5:34:29 PM,EventCreate,1,None,Application,djkvdihost212.jakarta01.com,JAKARTA01\william  
Error,10/5/2017 5:34:25 PM,Application Error,1000,(100),Application,djkvdihost212.jakarta01.com,"Faulting application name: OUTLOOK.EXE, version: 15.0.4919.1001, time stamp: 0x58d20482
Faulting module name: OUTLOOK.EXE, version: 15.0.4919.1001, time stamp: 0x58d20482
Exception code: 0xc0000005
Fault offset: 0x008924c4
Faulting process id: 0x1524
Faulting application start time: 0x01d33d7a612ab6c4
Faulting application path: C:\Program Files\Microsoft Office\Office15\OUTLOOK.EXE
Faulting module path: C:\Program Files\Microsoft Office\Office15\OUTLOOK.EXE
Report Id: c1cc8f4f-a9b8-11e7-bb66-0050569f7a6e"
Error,10/5/2017 5:31:27 PM,EventCreate,1,None,Application,djkvdihost720.jakarta01.com,JAKARTA01\fajar  
Error,10/5/2017 5:31:26 PM,Application Error,1000,(100),Application,djkvdihost720.jakarta01.com,"Faulting application name: OUTLOOK.EXE, version: 15.0.4919.1001, time stamp: 0x58d20482
Faulting module name: OUTLOOK.EXE, version: 15.0.4919.1001, time stamp: 0x58d20482
Exception code: 0xc0000005
Fault offset: 0x008924c7
Faulting process id: 0x10e4
Faulting application start time: 0x01d33dc16c169950
Faulting application path: C:\Program Files\Microsoft Office\Office15\OUTLOOK.EXE
Faulting module path: C:\Program Files\Microsoft Office\Office15\OUTLOOK.EXE
Report Id: 56ed7da2-a9b8-11e7-9ba7-0050569f19e6"
Error,10/5/2017 5:27:57 PM,EventCreate,1,None,Application,djkvdihost070.jakarta01.com,JAKARTA01\WulanAn  
Error,10/5/2017 5:28:20 PM,EventCreate,1,None,Application,djkvdihost288.jakarta01.com,JAKARTA01\rahman  
Error,10/5/2017 5:27:53 PM,Application Error,1000,(100),Application,djkvdihost070.jakarta01.com,"Faulting application name: OUTLOOK.EXE, version: 15.0.4919.1001, time stamp: 0x58d20482
Faulting module name: OUTLOOK.EXE, version: 15.0.4919.1001, time stamp: 0x58d20482
Exception code: 0xc0000005
Fault offset: 0x008924c4
Faulting process id: 0x1f44
Faulting application start time: 0x01d33d717057e99e
Faulting application path: C:\Program Files\Microsoft Office\Office15\OUTLOOK.EXE
Faulting module path: C:\Program Files\Microsoft Office\Office15\OUTLOOK.EXE
Report Id: d81feac9-a9b7-11e7-910e-0050569f1794"
Error,10/5/2017 5:27:08 PM,EventCreate,1,None,Application,djkvdihost834.jakarta01.com,JAKARTA01\sulistyono  
Error,10/5/2017 5:27:05 PM,Application Error,1000,(100),Application,djkvdihost834.jakarta01.com,"Faulting application name: EXCEL.EXE, version: 15.0.4919.1000, time stamp: 0x58c7ab0f
Faulting module name: EXCEL.EXE, version: 15.0.4919.1000, time stamp: 0x58c7ab0f
Exception code: 0xc0000005
Fault offset: 0x000545e9
Faulting process id: 0x1f9c
Faulting application start time: 0x01d33d8473ba4f55
Faulting application path: C:\Program Files\Microsoft Office\Office15\EXCEL.EXE
Faulting module path: C:\Program Files\Microsoft Office\Office15\EXCEL.EXE
Report Id: bb4fc355-a9b7-11e7-83c9-0050569f08a6"
Error,10/5/2017 5:25:14 PM,EventCreate,1,None,Application,djkvdihost334.jakarta01.com,JAKARTA01\teddy h  
Error,10/5/2017 5:21:19 PM,EventCreate,1,None,Application,djkvdihost801.jakarta01.com,JAKARTA01\raymond  
Error,10/5/2017 5:20:28 PM,EventCreate,1,None,Application,djkvdihost183.jakarta01.com,JAKARTA01\krisnawan  
Error,10/5/2017 5:20:25 PM,Application Error,1000,(100),Application,djkvdihost183.jakarta01.com,"Faulting application name: EXCEL.EXE, version: 15.0.4919.1000, time stamp: 0x58c7ab0f
Faulting module name: mso.dll, version: 15.0.4919.1002, time stamp: 0x58de0799
Exception code: 0xc0000005
Fault offset: 0x013a2a78
Faulting process id: 0x144
Faulting application start time: 0x01d33d822c67dd84
Faulting application path: C:\Program Files\Microsoft Office\Office15\EXCEL.EXE
Faulting module path: C:\Program Files\Common Files\Microsoft Shared\Office15\mso.dll
Report Id: ccbde73b-a9b6-11e7-9f75-0050569f7254"
Error,10/5/2017 5:16:07 PM,EventCreate,1,None,Application,djkvdihost498.jakarta01.com,JAKARTA01\ailsa  
Error,10/5/2017 5:16:03 PM,Application Error,1000,(100),Application,djkvdihost498.jakarta01.com,"Faulting application name: OUTLOOK.EXE, version: 15.0.4919.1001, time stamp: 0x58d20482
Faulting module name: OUTLOOK.EXE, version: 15.0.4919.1001, time stamp: 0x58d20482
Exception code: 0xc0000005
Fault offset: 0x008924c4
Faulting process id: 0x77c
Faulting application start time: 0x01d33d75b6701684
Faulting application path: C:\Program Files\Microsoft Office\Office15\OUTLOOK.EXE
Faulting module path: C:\Program Files\Microsoft Office\Office15\OUTLOOK.EXE
Report Id: 30a17c0d-a9b6-11e7-b7b8-0050569f1363"
Error,10/5/2017 5:13:40 PM,EventCreate,1,None,Application,djkvdihost245.jakarta01.com,JAKARTA01\wisnu  
Error,10/5/2017 5:13:32 PM,EventCreate,1,None,Application,djkvdihost245.jakarta01.com,JAKARTA01\wisnu  
Error,10/5/2017 5:13:03 PM,EventCreate,1,None,Application,djkvdihost681.jakarta01.com,JAKARTA01\edwan  
Error,10/5/2017 5:12:41 PM,EventCreate,1,None,Application,djkvdihost107.jakarta01.com,JAKARTA01\citra  
Error,10/5/2017 5:12:51 PM,EventCreate,1,None,Application,djkvdihost681.jakarta01.com,JAKARTA01\edwan  
Error,10/5/2017 5:12:44 PM,EventCreate,1,None,Application,djkvdihost334.jakarta01.com,JAKARTA01\Ahmad Hidayat  
Error,10/5/2017 5:12:37 PM,Application Error,1000,(100),Application,djkvdihost107.jakarta01.com,"Faulting application name: OUTLOOK.EXE, version: 15.0.4919.1001, time stamp: 0x58d20482
Faulting module name: OUTLOOK.EXE, version: 15.0.4919.1001, time stamp: 0x58d20482
Exception code: 0xc0000005
Fault offset: 0x008924c4
Faulting process id: 0x1c64
Faulting application start time: 0x01d33d73fea309ba
Faulting application path: C:\Program Files\Microsoft Office\Office15\OUTLOOK.EXE
Faulting module path: C:\Program Files\Microsoft Office\Office15\OUTLOOK.EXE
Report Id: b618c95a-a9b5-11e7-9488-0050569f7fd2"
Error,10/5/2017 5:09:34 PM,EventCreate,1,None,Application,djkvdihost873.jakarta01.com,JAKARTA01\bayu  
Error,10/5/2017 5:09:12 PM,EventCreate,1,None,Application,djkvdihost302.jakarta01.com,JAKARTA01\daniel pontifek  
Error,10/5/2017 5:08:42 PM,EventCreate,1,None,Application,djkvdihost302.jakarta01.com,JAKARTA01\daniel pontifek  
Error,10/5/2017 5:08:11 PM,WSH,1,None,Application,djkvdihost302.jakarta01.com,"CN=DANIEL PONTIFEK YOSEPH SILITO password will expire in 3 day(s) at 10/8/2017 9:12:02 AM

Press CTRL + ALT + DEL and select the ""Change a password"" option."
Error,10/5/2017 5:08:10 PM,WSH,1,None,Application,djkvdihost302.jakarta01.com,"CN=DANIEL PONTIFEK YOSEPH SILITO password will expire in 3 day(s) at 10/8/2017 9:12:02 AM

Press CTRL + ALT + DEL and select the ""Change a password"" option."
Error,10/5/2017 5:08:02 PM,EventCreate,1,None,Application,djkvdihost548.jakarta01.com,JAKARTA01\Bryant  
Error,10/5/2017 5:08:10 PM,EventCreate,1,None,Application,djkvdihost873.jakarta01.com,JAKARTA01\bayu  
Error,10/5/2017 5:08:02 PM,Application Error,1000,(100),Application,djkvdihost548.jakarta01.com,"Faulting application name: OUTLOOK.EXE, version: 15.0.4919.1001, time stamp: 0x58d20482
Faulting module name: OUTLOOK.EXE, version: 15.0.4919.1001, time stamp: 0x58d20482
Exception code: 0xc0000005
Fault offset: 0x008924c4
Faulting process id: 0x2590
Faulting application start time: 0x01d33da7a69ff005
Faulting application path: C:\Program Files\Microsoft Office\Office15\OUTLOOK.EXE
Faulting module path: C:\Program Files\Microsoft Office\Office15\OUTLOOK.EXE
Report Id: 11e7a53b-a9b5-11e7-b315-0050569f7144"
Error,10/5/2017 5:07:00 PM,EventCreate,1,None,Application,djkvdihost228.jakarta01.com,JAKARTA01\indrak  
Error,10/5/2017 5:06:53 PM,EventCreate,1,None,Application,djkvdihost778.jakarta01.com,JAKARTA01\dhimas  
Error,10/5/2017 5:06:57 PM,Application Error,1000,(100),Application,djkvdihost228.jakarta01.com,"Faulting application name: Explorer.EXE, version: 6.1.7601.23537, time stamp: 0x57c44cc4
Faulting module name: Explorer.EXE, version: 6.1.7601.23537, time stamp: 0x57c44cc4
Exception code: 0xc0000005
Fault offset: 0x00081c66
Faulting process id: 0x14c4
Faulting application start time: 0x01d33d75788035d9
Faulting application path: C:\Windows\Explorer.EXE
Faulting module path: C:\Windows\Explorer.EXE
Report Id: eb09ea72-a9b4-11e7-bf97-0050569f72c1"
Error,10/5/2017 5:06:48 PM,EventCreate,1,None,Application,djkvdihost778.jakarta01.com,JAKARTA01\dhimas  
Error,10/5/2017 5:05:02 PM,EventCreate,1,None,Application,djkvdihost720.jakarta01.com,JAKARTA01\fajar  
Error,10/5/2017 5:04:59 PM,Application Error,1000,(100),Application,djkvdihost720.jakarta01.com,"Faulting application name: OUTLOOK.EXE, version: 15.0.4919.1001, time stamp: 0x58d20482
Faulting module name: OUTLOOK.EXE, version: 15.0.4919.1001, time stamp: 0x58d20482
Exception code: 0xc0000005
Fault offset: 0x008924c4
Faulting process id: 0x1e70
Faulting application start time: 0x01d33d752a17bd1e
Faulting application path: C:\Program Files\Microsoft Office\Office15\OUTLOOK.EXE
Faulting module path: C:\Program Files\Microsoft Office\Office15\OUTLOOK.EXE
Report Id: a51ceed7-a9b4-11e7-9ba7-0050569f19e6"
Error,10/5/2017 4:55:45 PM,EventCreate,1,None,Application,djkvdihost421.jakarta01.com,JAKARTA01\rubyani  
Error,10/5/2017 4:55:18 PM,EventCreate,1,None,Application,djkvdihost113.jakarta01.com,JAKARTA01\ici  
Error,10/5/2017 4:55:08 PM,EventCreate,1,None,Application,djkvdihost421.jakarta01.com,JAKARTA01\rubyani  
Error,10/5/2017 4:55:10 PM,EventCreate,1,None,Application,djkvdihost113.jakarta01.com,JAKARTA01\ici  
Error,10/5/2017 4:52:26 PM,EventCreate,1,None,Application,djkvdihost221.jakarta01.com,JAKARTA01\Ana  
Error,10/5/2017 4:52:17 PM,EventCreate,1,None,Application,djkvdihost221.jakarta01.com,JAKARTA01\Ana  
Error,10/5/2017 4:49:30 PM,EventCreate,1,None,Application,djkvdihost850.jakarta01.com,JAKARTA01\hirano  
Error,10/5/2017 4:48:24 PM,EventCreate,1,None,Application,djkvdihost850.jakarta01.com,JAKARTA01\hirano  
Error,10/5/2017 4:47:17 PM,EventCreate,1,None,Application,djkvdihost493.jakarta01.com,JAKARTA01\MSandy  
Error,10/5/2017 4:46:47 PM,EventCreate,1,None,Application,djkvdihost898.jakarta01.com,JAKARTA01\Adi Purnomo  
Error,10/5/2017 4:46:46 PM,Application Error,1000,(100),Application,djkvdihost898.jakarta01.com,"Faulting application name: OUTLOOK.EXE, version: 15.0.4927.1001, time stamp: 0x58f5f52e
Faulting module name: OUTLOOK.EXE, version: 15.0.4927.1001, time stamp: 0x58f5f52e
Exception code: 0xc0000409
Fault offset: 0x00e97caf
Faulting process id: 0x1f44
Faulting application start time: 0x01d33d7370ec02c6
Faulting application path: C:\Program Files (x86)\Microsoft Office\Office15\OUTLOOK.EXE
Faulting module path: C:\Program Files (x86)\Microsoft Office\Office15\OUTLOOK.EXE
Report Id: 19c80b4c-a9b2-11e7-bda8-0050569f032d"
Error,10/5/2017 4:45:59 PM,EventCreate,1,None,Application,djkvdihost771.jakarta01.com,JAKARTA01\komangsd  
Error,10/5/2017 4:45:04 PM,EventCreate,1,None,Application,djkvdihost869.jakarta01.com,JAKARTA01\andi  
Error,10/5/2017 4:44:59 PM,EventCreate,1,None,Application,djkvdihost429.jakarta01.com,JAKARTA01\Rizky Anggari  
Error,10/5/2017 4:44:34 PM,EventCreate,1,None,Application,djkvdihost850.jakarta01.com,JAKARTA01\hirano  
Error,10/5/2017 4:44:00 PM,EventCreate,1,None,Application,djkvdihost647.jakarta01.com,JAKARTA01\pramana  
Error,10/5/2017 4:41:03 PM,EventCreate,1,None,Application,djkvdihost281.jakarta01.com,JAKARTA01\eriksetiawan  
Error,10/5/2017 4:41:00 PM,Application Error,1000,(100),Application,djkvdihost281.jakarta01.com,"Faulting application name: iexplore.exe, version: 11.0.9600.18639, time stamp: 0x58d6bb0d
Faulting module name: Flash32_20_0_0_286.ocx, version: 20.0.0.286, time stamp: 0x56944dbe
Exception code: 0xc0000005
Fault offset: 0x000d9900
Faulting process id: 0x18b8
Faulting application start time: 0x01d33db647d36d71
Faulting application path: C:\Program Files\Internet Explorer\iexplore.exe
Faulting module path: C:\Windows\system32\Macromed\Flash\Flash32_20_0_0_286.ocx
Report Id: 4b30ee64-a9b1-11e7-b70f-0050569f6f91"
Error,10/5/2017 4:39:12 PM,EventCreate,1,None,Application,djkvdihost529.jakarta01.com,JAKARTA01\nurfadila  
Error,10/5/2017 4:40:52 PM,Application Error,1000,(100),Application,djkvdihost818.jakarta01.com,"Faulting application name: BrokerAgent.exe, version: 7.8.0.8004, time stamp: 0x56950d22
Faulting module name: KERNELBASE.dll, version: 6.1.7601.23714, time stamp: 0x58bf87a4
Exception code: 0xe0434352
Fault offset: 0x0000845d
Faulting process id: 0x774
Faulting application start time: 0x01d33dbd6eff0510
Faulting application path: C:\Program Files\Citrix\Virtual Desktop Agent\BrokerAgent.exe
Faulting module path: C:\Windows\system32\KERNELBASE.dll
Report Id: 468d8ad0-a9b1-11e7-a643-0050569f7ace"
Error,10/5/2017 4:35:49 PM,EventCreate,1,None,Application,djkvdihost220.jakarta01.com,JAKARTA01\aditya chandra  
Error,10/5/2017 4:34:33 PM,EventCreate,1,None,Application,djkvdihost616.jakarta01.com,JAKARTA01\yosephine  
Error,10/5/2017 4:34:05 PM,EventCreate,1,None,Application,djkvdihost608.jakarta01.com,JAKARTA01\amanda chandra  
Error,10/5/2017 4:34:02 PM,Application Error,1000,(100),Application,djkvdihost608.jakarta01.com,"Faulting application name: OUTLOOK.EXE, version: 15.0.4919.1001, time stamp: 0x58d20482
Faulting module name: OUTLOOK.EXE, version: 15.0.4919.1001, time stamp: 0x58d20482
Exception code: 0xc0000005
Fault offset: 0x008924c4
Faulting process id: 0x1e80
Faulting application start time: 0x01d33d7043c7bf95
Faulting application path: C:\Program Files\Microsoft Office\Office15\OUTLOOK.EXE
Faulting module path: C:\Program Files\Microsoft Office\Office15\OUTLOOK.EXE
Report Id: 5203a4d0-a9b0-11e7-be79-0050569f0de5"
Error,10/5/2017 4:30:10 PM,EventCreate,1,None,Application,djkvdihost117.jakarta01.com,JAKARTA01\diah  
Error,10/5/2017 4:29:39 PM,EventCreate,1,None,Application,djkvdihost117.jakarta01.com,JAKARTA01\diah  
Error,10/5/2017 4:21:35 PM,EventCreate,1,None,Application,djkvdihost204.jakarta01.com,JAKARTA01\dadi hardi  
Error,10/5/2017 4:21:24 PM,EventCreate,1,None,Application,djkvdihost302.jakarta01.com,JAKARTA01\adityo yuwono  
Error,10/5/2017 4:21:23 PM,EventCreate,1,None,Application,djkvdihost302.jakarta01.com,JAKARTA01\adityo yuwono  
Error,10/5/2017 4:21:38 PM,EventCreate,1,None,Application,djkvdihost835.jakarta01.com,JAKARTA01\Ariestyo  
Error,10/5/2017 4:21:31 PM,Application Error,1000,(100),Application,djkvdihost204.jakarta01.com,"Faulting application name: OUTLOOK.EXE, version: 15.0.4919.1001, time stamp: 0x58d20482
Faulting module name: OUTLOOK.EXE, version: 15.0.4919.1001, time stamp: 0x58d20482
Exception code: 0xc0000005
Fault offset: 0x008924c4
Faulting process id: 0x1a8c
Faulting application start time: 0x01d33d754e2a9283
Faulting application path: C:\Program Files\Microsoft Office\Office15\OUTLOOK.EXE
Faulting module path: C:\Program Files\Microsoft Office\Office15\OUTLOOK.EXE
Report Id: 9232a407-a9ae-11e7-87d6-0050569f0768"
Error,10/5/2017 4:20:51 PM,EventCreate,1,None,Application,djkvdihost302.jakarta01.com,JAKARTA01\adityo yuwono  
Error,10/5/2017 4:20:45 PM,EventCreate,1,None,Application,djkvdihost565.jakarta01.com,JAKARTA01\Hilman  
Error,10/5/2017 4:19:31 PM,EventCreate,1,None,Application,djkvdihost026.jakarta01.com,JAKARTA01\sinta  
Error,10/5/2017 4:19:26 PM,Application Error,1000,(100),Application,djkvdihost026.jakarta01.com,"Faulting application name: PhotoScreensaver.scr, version: 6.1.7601.17514, time stamp: 0x4ce7a590
Faulting module name: SHELL32.dll, version: 6.1.7601.23537, time stamp: 0x57c450f4
Exception code: 0xc0000005
Fault offset: 0x001f269f
Faulting process id: 0x17dc
Faulting application start time: 0x01d33db78cd22161
Faulting application path: C:\Windows\system32\PhotoScreensaver.scr
Faulting module path: C:\Windows\system32\SHELL32.dll
Report Id: 481f7907-a9ae-11e7-9cf6-0050569f56f8"
Error,10/5/2017 4:15:25 PM,EventCreate,1,None,Application,djkvdihost254.jakarta01.com,JAKARTA01\primaningtyas  
Error,10/5/2017 4:15:22 PM,Application Error,1000,(100),Application,djkvdihost254.jakarta01.com,"Faulting application name: EXCEL.EXE, version: 15.0.4919.1000, time stamp: 0x58c7ab0f
Faulting module name: mso.dll, version: 15.0.4919.1002, time stamp: 0x58de0799
Exception code: 0xc0000005
Fault offset: 0x013a2a78
Faulting process id: 0x1e64
Faulting application start time: 0x01d33dba6b66f499
Faulting application path: C:\Program Files\Microsoft Office\Office15\EXCEL.EXE
Faulting module path: C:\Program Files\Common Files\Microsoft Shared\Office15\mso.dll
Report Id: b64eaf6d-a9ad-11e7-8351-0050569f2dfe"
Error,10/5/2017 4:08:32 PM,EventCreate,1,None,Application,djkvdihost130.jakarta01.com,JAKARTA01\yenny  
Error,10/5/2017 4:08:23 PM,EventCreate,1,None,Application,djkvdihost130.jakarta01.com,JAKARTA01\yenny  
Error,10/5/2017 4:08:11 PM,EventCreate,1,None,Application,djkvdihost130.jakarta01.com,JAKARTA01\yenny  
Error,10/5/2017 4:07:47 PM,EventCreate,1,None,Application,djkvdihost130.jakarta01.com,JAKARTA01\yenny  
Error,10/5/2017 4:03:29 PM,EventCreate,1,None,Application,djkvdihost833.jakarta01.com,JAKARTA01\handayani  
Error,10/5/2017 4:03:31 PM,EventCreate,1,None,Application,djkvdihost751.jakarta01.com,JAKARTA01\Hilman  
Error,10/5/2017 4:03:20 PM,EventCreate,1,None,Application,djkvdihost833.jakarta01.com,JAKARTA01\handayani  
Error,10/5/2017 4:03:05 PM,EventCreate,1,None,Application,djkvdihost553.jakarta01.com,JAKARTA01\ridjal  
Error,10/5/2017 4:00:42 PM,EventCreate,1,None,Application,djkvdihost101.jakarta01.com,JAKARTA01\diah astuti  
Error,10/5/2017 4:00:39 PM,Application Error,1000,(100),Application,djkvdihost101.jakarta01.com,"Faulting application name: OUTLOOK.EXE, version: 15.0.4919.1001, time stamp: 0x58d20482
Faulting module name: OUTLOOK.EXE, version: 15.0.4919.1001, time stamp: 0x58d20482
Exception code: 0xc0000005
Fault offset: 0x008924c4
Faulting process id: 0x1544
Faulting application start time: 0x01d33d750758dfc9
Faulting application path: C:\Program Files\Microsoft Office\Office15\OUTLOOK.EXE
Faulting module path: C:\Program Files\Microsoft Office\Office15\OUTLOOK.EXE
Report Id: a841f5b6-a9ab-11e7-8186-0050569f71ba"
Error,10/5/2017 3:58:28 PM,EventCreate,1,None,Application,djkvdihost021.jakarta01.com,JAKARTA01\regina  
Error,10/5/2017 3:58:10 PM,EventCreate,1,None,Application,djkvdihost021.jakarta01.com,JAKARTA01\regina  
Error,10/5/2017 3:55:50 PM,EventCreate,1,None,Application,djkvdihost275.jakarta01.com,JAKARTA01\bahar  
Error,10/5/2017 3:55:46 PM,Application Error,1000,(100),Application,djkvdihost275.jakarta01.com,"Faulting application name: spoolsv.exe, version: 6.1.7601.17777, time stamp: 0x4f35efc3
Faulting module name: msvcrt.dll, version: 7.0.7601.17744, time stamp: 0x4eeaf722
Exception code: 0xc0000005
Fault offset: 0x0000aa14
Faulting process id: 0x62c
Faulting application start time: 0x01d33db63c9ba7ad
Faulting application path: C:\Windows\System32\spoolsv.exe
Faulting module path: C:\Windows\system32\msvcrt.dll
Report Id: f97d6eb2-a9aa-11e7-a2c4-0050569f2f2d"
Error,10/5/2017 3:55:17 PM,EventCreate,1,None,Application,djkvdihost275.jakarta01.com,JAKARTA01\bahar  
Error,10/5/2017 3:51:38 PM,EventCreate,1,None,Application,djkvdihost745.jakarta01.com,JAKARTA01\tenri  
