Error,10/2/2017 8:01:36 AM,EventCreate,1,None,Application,djkvdihost392.jakarta01.com,JAKARTA01\yunita2  
Error,10/2/2017 8:01:35 AM,EventCreate,1,None,Application,djkvdihost487.jakarta01.com,JAKARTA01\Fitri Nawawi  
Error,10/2/2017 8:01:07 AM,EventCreate,1,None,Application,djkvdihost757.jakarta01.com,JAKARTA01\sergi  
Error,10/2/2017 8:01:03 AM,EventCreate,1,None,Application,djkvdihost757.jakarta01.com,JAKARTA01\sergi  
Error,10/2/2017 8:01:20 AM,EventCreate,1,None,Application,djkvdihost088.jakarta01.com,JAKARTA01\m iqbal  
Error,10/2/2017 8:00:48 AM,EventCreate,1,None,Application,djkvdihost628.jakarta01.com,JAKARTA01\Clara  
Error,10/2/2017 8:01:14 AM,EventCreate,1,None,Application,djkvdihost028.jakarta01.com,JAKARTA01\Adi Saputra  
Error,10/2/2017 8:01:08 AM,EventCreate,1,None,Application,djkvdihost033.jakarta01.com,JAKARTA01\erminawati  
Error,10/2/2017 8:01:02 AM,EventCreate,1,None,Application,djkvdihost135.jakarta01.com,JAKARTA01\ali pasya  
Error,10/2/2017 8:00:58 AM,EventCreate,1,None,Application,djkvdihost398.jakarta01.com,JAKARTA01\bella  
Error,10/2/2017 8:00:56 AM,EventCreate,1,None,Application,djkvdihost124.jakarta01.com,JAKARTA01\Daniel  
Error,10/2/2017 8:00:52 AM,EventCreate,1,None,Application,djkvdihost235.jakarta01.com,JAKARTA01\andrewrs  
Error,10/2/2017 8:00:24 AM,EventCreate,1,None,Application,djkvdihost468.jakarta01.com,JAKARTA01\fajar  
Error,10/2/2017 8:00:20 AM,EventCreate,1,None,Application,djkvdihost468.jakarta01.com,JAKARTA01\fajar  
Error,10/2/2017 8:00:48 AM,EventCreate,1,None,Application,djkvdihost809.jakarta01.com,JAKARTA01\wahyudj  
Error,10/2/2017 8:00:43 AM,EventCreate,1,None,Application,djkvdihost287.jakarta01.com,JAKARTA01\dhimas  
Error,10/2/2017 8:00:42 AM,EventCreate,1,None,Application,djkvdihost545.jakarta01.com,JAKARTA01\endah_k  
Error,10/2/2017 8:00:40 AM,EventCreate,1,None,Application,djkvdihost628.jakarta01.com,JAKARTA01\Clara  
Error,10/2/2017 8:00:40 AM,EventCreate,1,None,Application,djkvdihost371.jakarta01.com,JAKARTA01\karmelita  
Error,10/2/2017 8:00:34 AM,EventCreate,1,None,Application,djkvdihost079.jakarta01.com,JAKARTA01\priscilla  
Error,10/2/2017 8:00:32 AM,EventCreate,1,None,Application,djkvdihost584.jakarta01.com,JAKARTA01\Nazlaini  
Error,10/2/2017 8:00:07 AM,WSH,1,None,Application,djkvdihost757.jakarta01.com,"CN=Sergi Sergi password will expire in 1 day(s) at 10/3/2017 8:06:57 AM

Press CTRL + ALT + DEL and select the ""Change a password"" option."
Error,10/2/2017 8:00:32 AM,EventCreate,1,None,Application,djkvdihost185.jakarta01.com,JAKARTA01\Rio Satria  
Error,10/2/2017 8:00:04 AM,EventCreate,1,None,Application,djkvdihost769.jakarta01.com,JAKARTA01\Lukitowati  
Error,10/2/2017 8:00:00 AM,EventCreate,1,None,Application,djkvdihost769.jakarta01.com,JAKARTA01\Lukitowati  
Error,10/2/2017 7:59:59 AM,EventCreate,1,None,Application,djkvdihost769.jakarta01.com,JAKARTA01\Lukitowati  
Error,10/2/2017 8:00:18 AM,EventCreate,1,None,Application,djkvdihost894.jakarta01.com,JAKARTA01\matthew  
Error,10/2/2017 8:00:13 AM,EventCreate,1,None,Application,djkvdihost715.jakarta01.com,JAKARTA01\ClarissaMh  
Error,10/2/2017 8:00:06 AM,EventCreate,1,None,Application,djkvdihost693.jakarta01.com,JAKARTA01\raymond  
Error,10/2/2017 8:00:06 AM,WSH,1,None,Application,djkvdihost757.jakarta01.com,"CN=Sergi Sergi password will expire in 1 day(s) at 10/3/2017 8:06:57 AM

Press CTRL + ALT + DEL and select the ""Change a password"" option."
Error,10/2/2017 8:00:03 AM,EventCreate,1,None,Application,djkvdihost746.jakarta01.com,JAKARTA01\alexsandro  
Error,10/2/2017 8:00:03 AM,EventCreate,1,None,Application,djkvdihost719.jakarta01.com,JAKARTA01\Winda  
Error,10/2/2017 8:00:03 AM,EventCreate,1,None,Application,djkvdihost812.jakarta01.com,JAKARTA01\Darmawan  
Error,10/2/2017 7:59:55 AM,EventCreate,1,None,Application,djkvdihost468.jakarta01.com,JAKARTA01\fajar  
Error,10/2/2017 7:59:51 AM,EventCreate,1,None,Application,djkvdihost286.jakarta01.com,JAKARTA01\nicole  
Error,10/2/2017 7:59:51 AM,EventCreate,1,None,Application,djkvdihost822.jakarta01.com,JAKARTA01\sonson  
Error,10/2/2017 7:59:50 AM,Application Error,1000,(100),Application,djkvdihost545.jakarta01.com,"Faulting application name: wfcrun32.exe, version: 14.4.1000.16, time stamp: 0x571e1bd4
Faulting module name: unknown, version: 0.0.0.0, time stamp: 0x00000000
Exception code: 0xc0000005
Fault offset: 0x7740e1a9
Faulting process id: 0x18e4
Faulting application start time: 0x01d33b19bb609f5e
Faulting application path: C:\Program Files\Citrix\ICA Client\wfcrun32.exe
Faulting module path: unknown
Report Id: fdc96584-a70c-11e7-ae50-0050569f021c"
Error,10/2/2017 7:59:18 AM,WSH,1,None,Application,djkvdihost812.jakarta01.com,"CN=Darmawan Dewanto password will expire in 1 day(s) at 10/3/2017 11:09:33 AM

Press CTRL + ALT + DEL and select the ""Change a password"" option."
Error,10/2/2017 7:59:48 AM,EventCreate,1,None,Application,djkvdihost457.jakarta01.com,JAKARTA01\Darmawati  
Error,10/2/2017 7:59:47 AM,EventCreate,1,None,Application,djkvdihost081.jakarta01.com,JAKARTA01\astio  
Error,10/2/2017 7:59:47 AM,EventCreate,1,None,Application,djkvdihost549.jakarta01.com,JAKARTA01\raras  
Error,10/2/2017 7:59:46 AM,EventCreate,1,None,Application,djkvdihost477.jakarta01.com,JAKARTA01\Novianawati  
Error,10/2/2017 7:59:45 AM,EventCreate,1,None,Application,djkvdihost190.jakarta01.com,JAKARTA01\teddyks  
Error,10/2/2017 7:59:44 AM,EventCreate,1,None,Application,djkvdihost751.jakarta01.com,JAKARTA01\andiani  
Error,10/2/2017 7:59:16 AM,EventCreate,1,None,Application,djkvdihost065.jakarta01.com,JAKARTA01\vadya  
Error,10/2/2017 7:59:13 AM,Application Error,1000,(100),Application,djkvdihost065.jakarta01.com,"Faulting application name: EXCEL.EXE, version: 15.0.4919.1000, time stamp: 0x58c7ab0f
Faulting module name: unknown, version: 0.0.0.0, time stamp: 0x00000000
Exception code: 0xc0000005
Fault offset: 0x00739090
Faulting process id: 0x1050
Faulting application start time: 0x01d33b19a778b97c
Faulting application path: C:\Program Files\Microsoft Office\Office15\EXCEL.EXE
Faulting module path: unknown
Report Id: e76a15c6-a70c-11e7-aae7-0050569f5350"
Error,10/2/2017 7:59:26 AM,EventCreate,1,None,Application,djkvdihost769.jakarta01.com,JAKARTA01\Lukitowati  
Error,10/2/2017 7:59:22 AM,EventCreate,1,None,Application,djkvdihost404.jakarta01.com,JAKARTA01\rahma  
Error,10/2/2017 7:59:21 AM,EventCreate,1,None,Application,djkvdihost349.jakarta01.com,JAKARTA01\JUNETTE  
Error,10/2/2017 7:59:21 AM,EventCreate,1,None,Application,djkvdihost751.jakarta01.com,JAKARTA01\andiani  
Error,10/2/2017 7:59:19 AM,EventCreate,1,None,Application,djkvdihost364.jakarta01.com,JAKARTA01\Hilman  
Error,10/2/2017 7:59:17 AM,WSH,1,None,Application,djkvdihost812.jakarta01.com,"CN=Darmawan Dewanto password will expire in 1 day(s) at 10/3/2017 11:09:33 AM

Press CTRL + ALT + DEL and select the ""Change a password"" option."
Error,10/2/2017 7:59:14 AM,EventCreate,1,None,Application,djkvdihost329.jakarta01.com,JAKARTA01\ginanjar  
Error,10/2/2017 7:59:06 AM,EventCreate,1,None,Application,djkvdihost743.jakarta01.com,JAKARTA01\muhammadhakim  
Error,10/2/2017 7:59:04 AM,EventCreate,1,None,Application,djkvdihost617.jakarta01.com,JAKARTA01\Elisabeth  
Error,10/2/2017 7:59:03 AM,EventCreate,1,None,Application,djkvdihost172.jakarta01.com,JAKARTA01\zulkarnaena  
Error,10/2/2017 7:59:03 AM,EventCreate,1,None,Application,djkvdihost390.jakarta01.com,JAKARTA01\hemayani  
Error,10/2/2017 7:58:57 AM,EventCreate,1,None,Application,djkvdihost722.jakarta01.com,JAKARTA01\ubaedi  
Error,10/2/2017 7:58:53 AM,EventCreate,1,None,Application,djkvdihost417.jakarta01.com,JAKARTA01\M Fajri  
Error,10/2/2017 7:58:52 AM,EventCreate,1,None,Application,djkvdihost675.jakarta01.com,JAKARTA01\nadhilah  
Error,10/2/2017 7:58:39 AM,EventCreate,1,None,Application,djkvdihost599.jakarta01.com,JAKARTA01\laila  
Error,10/2/2017 7:57:59 AM,EventCreate,1,None,Application,djkvdihost447.jakarta01.com,JAKARTA01\Bob Jasper  
Error,10/2/2017 7:58:26 AM,EventCreate,1,None,Application,djkvdihost544.jakarta01.com,JAKARTA01\reny  
Error,10/2/2017 7:58:23 AM,EventCreate,1,None,Application,djkvdihost107.jakarta01.com,JAKARTA01\smuhidin  
Error,10/2/2017 7:58:22 AM,EventCreate,1,None,Application,djkvdihost607.jakarta01.com,JAKARTA01\anggata  
Error,10/2/2017 7:58:18 AM,EventCreate,1,None,Application,djkvdihost694.jakarta01.com,JAKARTA01\widiasmara  
Error,10/2/2017 7:58:18 AM,EventCreate,1,None,Application,djkvdihost401.jakarta01.com,JAKARTA01\hadid  
Error,10/2/2017 7:58:14 AM,EventCreate,1,None,Application,djkvdihost399.jakarta01.com,JAKARTA01\meity  
Error,10/2/2017 7:58:14 AM,EventCreate,1,None,Application,djkvdihost345.jakarta01.com,JAKARTA01\hafiah  
Error,10/2/2017 7:58:13 AM,EventCreate,1,None,Application,djkvdihost835.jakarta01.com,JAKARTA01\widya utami  
Error,10/2/2017 7:58:04 AM,EventCreate,1,None,Application,djkvdihost680.jakarta01.com,JAKARTA01\amiratul  
Error,10/2/2017 7:58:03 AM,EventCreate,1,None,Application,djkvdihost896.jakarta01.com,JAKARTA01\Enjang  
Error,10/2/2017 7:57:59 AM,EventCreate,1,None,Application,djkvdihost129.jakarta01.com,JAKARTA01\RatiAF  
Error,10/2/2017 7:57:58 AM,EventCreate,1,None,Application,djkvdihost430.jakarta01.com,JAKARTA01\Beny  
Error,10/2/2017 7:57:58 AM,EventCreate,1,None,Application,djkvdihost379.jakarta01.com,JAKARTA01\andryan  
Error,10/2/2017 7:57:23 AM,EventCreate,1,None,Application,djkvdihost147.jakarta01.com,JAKARTA01\Darmi  
Error,10/2/2017 7:57:52 AM,EventCreate,1,None,Application,djkvdihost242.jakarta01.com,JAKARTA01\chris bowo  
Error,10/2/2017 7:57:49 AM,EventCreate,1,None,Application,djkvdihost332.jakarta01.com,JAKARTA01\davidc  
Error,10/2/2017 7:57:48 AM,EventCreate,1,None,Application,djkvdihost447.jakarta01.com,JAKARTA01\Bob Jasper  
Error,10/2/2017 7:57:47 AM,EventCreate,1,None,Application,djkvdihost141.jakarta01.com,JAKARTA01\alvita  
Error,10/2/2017 7:57:46 AM,EventCreate,1,None,Application,djkvdihost270.jakarta01.com,JAKARTA01\Dian Permata  
Error,10/2/2017 7:57:46 AM,EventCreate,1,None,Application,djkvdihost449.jakarta01.com,JAKARTA01\GuestISD43  
Error,10/2/2017 7:57:41 AM,EventCreate,1,None,Application,djkvdihost838.jakarta01.com,JAKARTA01\arief  
Error,10/2/2017 7:57:37 AM,EventCreate,1,None,Application,djkvdihost059.jakarta01.com,JAKARTA01\vita  
Error,10/2/2017 7:57:29 AM,EventCreate,1,None,Application,djkvdihost158.jakarta01.com,JAKARTA01\kristiana  
Error,10/2/2017 7:57:27 AM,EventCreate,1,None,Application,djkvdihost227.jakarta01.com,JAKARTA01\Mustikawati  
Error,10/2/2017 7:57:21 AM,EventCreate,1,None,Application,djkvdihost218.jakarta01.com,JAKARTA01\himawan  
Error,10/2/2017 7:57:18 AM,EventCreate,1,None,Application,djkvdihost147.jakarta01.com,JAKARTA01\Darmi  
Error,10/2/2017 7:57:15 AM,EventCreate,1,None,Application,djkvdihost793.jakarta01.com,JAKARTA01\luthfi  
Error,10/2/2017 7:57:13 AM,EventCreate,1,None,Application,djkvdihost227.jakarta01.com,JAKARTA01\Mustikawati  
Error,10/2/2017 7:56:28 AM,EventCreate,1,None,Application,djkvdihost633.jakarta01.com,JAKARTA01\Audyanza  
Error,10/2/2017 7:56:58 AM,EventCreate,1,None,Application,djkvdihost189.jakarta01.com,JAKARTA01\linda  
Error,10/2/2017 7:56:54 AM,EventCreate,1,None,Application,djkvdihost677.jakarta01.com,JAKARTA01\annisa inggita  
Error,10/2/2017 7:56:54 AM,EventCreate,1,None,Application,djkvdihost731.jakarta01.com,JAKARTA01\maulina  
Error,10/2/2017 7:56:45 AM,EventCreate,1,None,Application,djkvdihost426.jakarta01.com,JAKARTA01\iqbal maulanasani  
Error,10/2/2017 7:56:42 AM,EventCreate,1,None,Application,djkvdihost122.jakarta01.com,JAKARTA01\m ridho  
Error,10/2/2017 7:56:39 AM,EventCreate,1,None,Application,djkvdihost695.jakarta01.com,JAKARTA01\fatima  
Error,10/2/2017 7:56:18 AM,EventCreate,1,None,Application,djkvdihost382.jakarta01.com,JAKARTA01\budhasca  
Error,10/2/2017 7:56:12 AM,EventCreate,1,None,Application,djkvdihost382.jakarta01.com,JAKARTA01\budhasca  
Error,10/2/2017 7:56:09 AM,EventCreate,1,None,Application,djkvdihost382.jakarta01.com,JAKARTA01\budhasca  
Error,10/2/2017 7:56:08 AM,EventCreate,1,None,Application,djkvdihost382.jakarta01.com,JAKARTA01\budhasca  
Error,10/2/2017 7:56:37 AM,EventCreate,1,None,Application,djkvdihost155.jakarta01.com,JAKARTA01\fahrul  
Error,10/2/2017 7:56:33 AM,EventCreate,1,None,Application,djkvdihost056.jakarta01.com,JAKARTA01\Ronald  
Error,10/2/2017 7:56:33 AM,EventCreate,1,None,Application,djkvdihost136.jakarta01.com,JAKARTA01\yudi  
Error,10/2/2017 7:56:19 AM,EventCreate,1,None,Application,djkvdihost785.jakarta01.com,JAKARTA01\arum eka  
Error,10/2/2017 7:56:18 AM,EventCreate,1,None,Application,djkvdihost434.jakarta01.com,JAKARTA01\toyoda  
Error,10/2/2017 7:55:48 AM,WSH,1,None,Application,djkvdihost633.jakarta01.com,"CN=Audyanza Manaf password will expire in 2 day(s) at 10/4/2017 8:07:13 AM

Press CTRL + ALT + DEL and select the ""Change a password"" option."
Error,10/2/2017 7:56:09 AM,EventCreate,1,None,Application,djkvdihost832.jakarta01.com,JAKARTA01\Yudhadp  
Error,10/2/2017 7:56:08 AM,EventCreate,1,None,Application,djkvdihost148.jakarta01.com,JAKARTA01\lani  
Error,10/2/2017 7:56:05 AM,EventCreate,1,None,Application,djkvdihost795.jakarta01.com,JAKARTA01\henry  
Error,10/2/2017 7:55:56 AM,EventCreate,1,None,Application,djkvdihost385.jakarta01.com,JAKARTA01\edwin  
Error,10/2/2017 7:55:54 AM,EventCreate,1,None,Application,djkvdihost523.jakarta01.com,JAKARTA01\palmella  
Error,10/2/2017 7:55:47 AM,WSH,1,None,Application,djkvdihost633.jakarta01.com,"CN=Audyanza Manaf password will expire in 2 day(s) at 10/4/2017 8:07:13 AM

Press CTRL + ALT + DEL and select the ""Change a password"" option."
Error,10/2/2017 7:55:45 AM,EventCreate,1,None,Application,djkvdihost521.jakarta01.com,JAKARTA01\priscilla  
Error,10/2/2017 7:55:16 AM,EventCreate,1,None,Application,djkvdihost595.jakarta01.com,JAKARTA01\Widi Anggraeni  
Error,10/2/2017 7:55:13 AM,Application Error,1000,(100),Application,djkvdihost595.jakarta01.com,"Faulting application name: lync.exe, version: 15.0.4919.1000, time stamp: 0x58c7ab1e
Faulting module name: ntdll.dll, version: 6.1.7601.23714, time stamp: 0x58bf8774
Exception code: 0xc0000005
Fault offset: 0x00031dca
Faulting process id: 0x12e8
Faulting application start time: 0x01d33b189ca8a159
Faulting application path: C:\Program Files\Microsoft Office\Office15\lync.exe
Faulting module path: C:\Windows\SYSTEM32\ntdll.dll
Report Id: 58533a6f-a70c-11e7-89de-0050569f6357"
Error,10/2/2017 7:55:39 AM,EventCreate,1,None,Application,djkvdihost335.jakarta01.com,JAKARTA01\ni ketut  
Error,10/2/2017 7:55:35 AM,EventCreate,1,None,Application,djkvdihost138.jakarta01.com,JAKARTA01\zahra  
Error,10/2/2017 7:55:09 AM,WSH,1,None,Application,djkvdihost382.jakarta01.com,"CN=BudHasca password will expire in 1 day(s) at 10/3/2017 12:26:51 PM

Press CTRL + ALT + DEL and select the ""Change a password"" option."
Error,10/2/2017 7:55:26 AM,EventCreate,1,None,Application,djkvdihost518.jakarta01.com,JAKARTA01\dimas adhi  
Error,10/2/2017 7:55:18 AM,EventCreate,1,None,Application,djkvdihost212.jakarta01.com,JAKARTA01\warda  
Error,10/2/2017 7:55:15 AM,EventCreate,1,None,Application,djkvdihost143.jakarta01.com,JAKARTA01\Felix  
Error,10/2/2017 7:55:14 AM,EventCreate,1,None,Application,djkvdihost335.jakarta01.com,JAKARTA01\ni ketut  
Error,10/2/2017 7:55:11 AM,EventCreate,1,None,Application,djkvdihost716.jakarta01.com,JAKARTA01\Bagus Gede  
Error,10/2/2017 7:55:10 AM,EventCreate,1,None,Application,djkvdihost274.jakarta01.com,JAKARTA01\hanna  
Error,10/2/2017 7:55:07 AM,WSH,1,None,Application,djkvdihost382.jakarta01.com,"CN=BudHasca password will expire in 1 day(s) at 10/3/2017 12:26:51 PM

Press CTRL + ALT + DEL and select the ""Change a password"" option."
Error,10/2/2017 7:55:04 AM,EventCreate,1,None,Application,djkvdihost641.jakarta01.com,JAKARTA01\Elvira  
Error,10/2/2017 7:55:03 AM,EventCreate,1,None,Application,djkvdihost274.jakarta01.com,JAKARTA01\hanna  
Error,10/2/2017 7:55:02 AM,EventCreate,1,None,Application,djkvdihost271.jakarta01.com,JAKARTA01\dady  
Error,10/2/2017 7:54:44 AM,EventCreate,1,None,Application,djkvdihost234.jakarta01.com,JAKARTA01\Arum  
Error,10/2/2017 7:54:37 AM,EventCreate,1,None,Application,djkvdihost384.jakarta01.com,JAKARTA01\rizka syarifa  
Error,10/2/2017 7:54:26 AM,EventCreate,1,None,Application,djkvdihost672.jakarta01.com,JAKARTA01\wildan  
Error,10/2/2017 7:54:23 AM,EventCreate,1,None,Application,djkvdihost204.jakarta01.com,JAKARTA01\belly  
Error,10/2/2017 7:54:11 AM,EventCreate,1,None,Application,djkvdihost600.jakarta01.com,JAKARTA01\danna  
Error,10/2/2017 7:54:02 AM,EventCreate,1,None,Application,djkvdihost204.jakarta01.com,JAKARTA01\belly  
Error,10/2/2017 7:53:56 AM,EventCreate,1,None,Application,djkvdihost302.jakarta01.com,JAKARTA01\dimas  
Error,10/2/2017 7:53:53 AM,EventCreate,1,None,Application,djkvdihost506.jakarta01.com,JAKARTA01\vinka  
Error,10/2/2017 7:53:48 AM,EventCreate,1,None,Application,djkvdihost713.jakarta01.com,JAKARTA01\ronald david  
Error,10/2/2017 7:53:22 AM,EventCreate,1,None,Application,djkvdihost380.jakarta01.com,JAKARTA01\indrak  
Error,10/2/2017 7:53:15 AM,Application Error,1000,(100),Application,djkvdihost380.jakarta01.com,"Faulting application name: spoolsv.exe, version: 6.1.7601.17777, time stamp: 0x4f35efc3
Faulting module name: msvcrt.dll, version: 7.0.7601.17744, time stamp: 0x4eeaf722
Exception code: 0xc0000005
Fault offset: 0x0000aa14
Faulting process id: 0x62c
Faulting application start time: 0x01d33a2b63b5520b
Faulting application path: C:\Windows\System32\spoolsv.exe
Faulting module path: C:\Windows\system32\msvcrt.dll
Report Id: 120124eb-a70c-11e7-9e62-0050569f1bab"
Error,10/2/2017 7:53:44 AM,EventCreate,1,None,Application,djkvdihost024.jakarta01.com,JAKARTA01\ahmad zainul  
Error,10/2/2017 7:53:38 AM,EventCreate,1,None,Application,djkvdihost009.jakarta01.com,JAKARTA01\GUESTISD32  
Error,10/2/2017 7:53:25 AM,EventCreate,1,None,Application,djkvdihost219.jakarta01.com,JAKARTA01\Indah  
Error,10/2/2017 7:53:24 AM,EventCreate,1,None,Application,djkvdihost629.jakarta01.com,JAKARTA01\KristoforusAW  
Error,10/2/2017 7:52:15 AM,EventCreate,1,None,Application,djkvdihost016.jakarta01.com,JAKARTA01\Marthen  
Error,10/2/2017 7:52:38 AM,EventCreate,1,None,Application,djkvdihost595.jakarta01.com,JAKARTA01\Widi Anggraeni  
Error,10/2/2017 7:52:26 AM,EventCreate,1,None,Application,djkvdihost565.jakarta01.com,JAKARTA01\sinta  
Error,10/2/2017 7:52:18 AM,EventCreate,1,None,Application,djkvdihost150.jakarta01.com,JAKARTA01\phia  
Error,10/2/2017 7:52:15 AM,EventCreate,1,None,Application,djkvdihost339.jakarta01.com,JAKARTA01\eunice  
Error,10/2/2017 7:52:11 AM,EventCreate,1,None,Application,djkvdihost337.jakarta01.com,JAKARTA01\yosanta  
Error,10/2/2017 7:52:04 AM,EventCreate,1,None,Application,djkvdihost330.jakarta01.com,JAKARTA01\ramantid  
Error,10/2/2017 7:51:52 AM,EventCreate,1,None,Application,djkvdihost352.jakarta01.com,JAKARTA01\janna  
Error,10/2/2017 7:51:50 AM,EventCreate,1,None,Application,djkvdihost300.jakarta01.com,JAKARTA01\ayu  
Error,10/2/2017 7:51:47 AM,EventCreate,1,None,Application,djkvdihost442.jakarta01.com,JAKARTA01\Dwita  
Error,10/2/2017 7:51:35 AM,EventCreate,1,None,Application,djkvdihost893.jakarta01.com,JAKARTA01\Agus Sutikno  
Error,10/2/2017 7:51:29 AM,EventCreate,1,None,Application,djkvdihost639.jakarta01.com,JAKARTA01\rachelas  
Error,10/2/2017 7:51:26 AM,EventCreate,1,None,Application,djkvdihost667.jakarta01.com,JAKARTA01\Risqia  
Error,10/2/2017 7:51:22 AM,EventCreate,1,None,Application,djkvdihost774.jakarta01.com,JAKARTA01\ningmatul  
Error,10/2/2017 7:51:11 AM,EventCreate,1,None,Application,djkvdihost451.jakarta01.com,JAKARTA01\istiningsih  
Error,10/2/2017 7:51:09 AM,EventCreate,1,None,Application,djkvdihost115.jakarta01.com,JAKARTA01\bellaisya  
Error,10/2/2017 7:50:59 AM,WSH,1,None,Application,djkvdihost352.jakarta01.com,"CN=Janna Irianto password will expire in 0 day(s) at 10/2/2017 8:21:20 AM

Press CTRL + ALT + DEL and select the ""Change a password"" option."
Error,10/2/2017 7:50:59 AM,WSH,1,None,Application,djkvdihost352.jakarta01.com,"CN=Janna Irianto password will expire in 0 day(s) at 10/2/2017 8:21:20 AM

Press CTRL + ALT + DEL and select the ""Change a password"" option."
Error,10/2/2017 7:50:47 AM,EventCreate,1,None,Application,djkvdihost806.jakarta01.com,JAKARTA01\Pratama  
Error,10/2/2017 7:50:46 AM,EventCreate,1,None,Application,djkvdihost729.jakarta01.com,JAKARTA01\arinie  
Error,10/2/2017 7:50:40 AM,EventCreate,1,None,Application,djkvdihost174.jakarta01.com,JAKARTA01\heriyadi  
Error,10/2/2017 7:50:38 AM,EventCreate,1,None,Application,djkvdihost895.jakarta01.com,JAKARTA01\Adhisty  
Error,10/2/2017 7:50:34 AM,EventCreate,1,None,Application,djkvdihost414.jakarta01.com,JAKARTA01\andika  
Error,10/2/2017 7:50:33 AM,EventCreate,1,None,Application,djkvdihost378.jakarta01.com,JAKARTA01\achmadr  
Error,10/2/2017 7:50:02 AM,WSH,1,None,Application,djkvdihost729.jakarta01.com,"CN=Arinie Ratna Puspita password will expire in 3 day(s) at 10/5/2017 3:05:51 PM

Press CTRL + ALT + DEL and select the ""Change a password"" option."
Error,10/2/2017 7:50:02 AM,WSH,1,None,Application,djkvdihost729.jakarta01.com,"CN=Arinie Ratna Puspita password will expire in 3 day(s) at 10/5/2017 3:05:51 PM

Press CTRL + ALT + DEL and select the ""Change a password"" option."
Error,10/2/2017 7:49:58 AM,EventCreate,1,None,Application,djkvdihost298.jakarta01.com,JAKARTA01\Nurhayati  
Error,10/2/2017 7:49:58 AM,EventCreate,1,None,Application,djkvdihost380.jakarta01.com,JAKARTA01\indrak  
Error,10/2/2017 7:49:52 AM,EventCreate,1,None,Application,djkvdihost142.jakarta01.com,JAKARTA01\marie  
Error,10/2/2017 7:49:49 AM,EventCreate,1,None,Application,djkvdihost319.jakarta01.com,JAKARTA01\cecilia  
Error,10/2/2017 7:49:40 AM,EventCreate,1,None,Application,djkvdihost745.jakarta01.com,JAKARTA01\Fardhady  
Error,10/2/2017 7:49:29 AM,EventCreate,1,None,Application,djkvdihost008.jakarta01.com,JAKARTA01\Liasyah  
Error,10/2/2017 7:48:56 AM,EventCreate,1,None,Application,djkvdihost616.jakarta01.com,JAKARTA01\Puspa  
Error,10/2/2017 7:48:51 AM,EventCreate,1,None,Application,djkvdihost100.jakarta01.com,JAKARTA01\astriana  
Error,10/2/2017 7:48:47 AM,EventCreate,1,None,Application,djkvdihost644.jakarta01.com,JAKARTA01\krisnawan  
Error,10/2/2017 7:48:08 AM,WSH,1,None,Application,djkvdihost100.jakarta01.com,"CN=Astriana Nur Annissa password will expire in 3 day(s) at 10/5/2017 7:44:37 AM

Press CTRL + ALT + DEL and select the ""Change a password"" option."
Error,10/2/2017 7:48:29 AM,EventCreate,1,None,Application,djkvdihost674.jakarta01.com,JAKARTA01\indra pranowo  
Error,10/2/2017 7:48:27 AM,EventCreate,1,None,Application,djkvdihost819.jakarta01.com,JAKARTA01\magdalena  
Error,10/2/2017 7:48:22 AM,EventCreate,1,None,Application,djkvdihost054.jakarta01.com,JAKARTA01\indra jayadi  
Error,10/2/2017 7:48:19 AM,EventCreate,1,None,Application,djkvdihost570.jakarta01.com,JAKARTA01\Rahmat  
Error,10/2/2017 7:48:15 AM,EventCreate,1,None,Application,djkvdihost199.jakarta01.com,JAKARTA01\christian  
Error,10/2/2017 7:48:14 AM,EventCreate,1,None,Application,djkvdihost690.jakarta01.com,JAKARTA01\chris  
Error,10/2/2017 7:48:12 AM,EventCreate,1,None,Application,djkvdihost765.jakarta01.com,JAKARTA01\ceciliadt  
Error,10/2/2017 7:48:06 AM,WSH,1,None,Application,djkvdihost100.jakarta01.com,"CN=Astriana Nur Annissa password will expire in 3 day(s) at 10/5/2017 7:44:37 AM

Press CTRL + ALT + DEL and select the ""Change a password"" option."
Error,10/2/2017 7:48:04 AM,EventCreate,1,None,Application,djkvdihost429.jakarta01.com,JAKARTA01\Putri Damayanti  
Error,10/2/2017 7:47:57 AM,EventCreate,1,None,Application,djkvdihost186.jakarta01.com,JAKARTA01\puji  
Error,10/2/2017 7:47:49 AM,EventCreate,1,None,Application,djkvdihost126.jakarta01.com,JAKARTA01\Lily  
Error,10/2/2017 7:47:44 AM,EventCreate,1,None,Application,djkvdihost233.jakarta01.com,JAKARTA01\Aviv  
Error,10/2/2017 7:47:39 AM,EventCreate,1,None,Application,djkvdihost550.jakarta01.com,JAKARTA01\Dini  
Error,10/2/2017 7:46:43 AM,EventCreate,1,None,Application,djkvdihost567.jakarta01.com,JAKARTA01\Hera  
Error,10/2/2017 7:46:40 AM,Application Error,1000,(100),Application,djkvdihost567.jakarta01.com,"Faulting application name: OUTLOOK.EXE, version: 15.0.4919.1001, time stamp: 0x58d20482
Faulting module name: OUTLOOK.EXE, version: 15.0.4919.1001, time stamp: 0x58d20482
Exception code: 0xc0000005
Fault offset: 0x008924c4
Faulting process id: 0x1ce8
Faulting application start time: 0x01d33b126f61cdb4
Faulting application path: C:\Program Files\Microsoft Office\Office15\OUTLOOK.EXE
Faulting module path: C:\Program Files\Microsoft Office\Office15\OUTLOOK.EXE
Report Id: 26f569cd-a70b-11e7-8b61-0050569f30ec"
Error,10/2/2017 7:47:03 AM,EventCreate,1,None,Application,djkvdihost201.jakarta01.com,JAKARTA01\Yustine  
Error,10/2/2017 7:46:51 AM,EventCreate,1,None,Application,djkvdihost555.jakarta01.com,JAKARTA01\budi ramadhan  
Error,10/2/2017 7:46:48 AM,EventCreate,1,None,Application,djkvdihost123.jakarta01.com,JAKARTA01\fitri  
Error,10/2/2017 7:46:45 AM,EventCreate,1,None,Application,djkvdihost467.jakarta01.com,JAKARTA01\imam  
Error,10/2/2017 7:46:44 AM,EventCreate,1,None,Application,djkvdihost453.jakarta01.com,JAKARTA01\WulanAn  
Error,10/2/2017 7:46:39 AM,EventCreate,1,None,Application,djkvdihost661.jakarta01.com,JAKARTA01\ivan  
Error,10/2/2017 7:46:32 AM,EventCreate,1,None,Application,djkvdihost830.jakarta01.com,JAKARTA01\hendry  
Error,10/2/2017 7:46:30 AM,EventCreate,1,None,Application,djkvdihost370.jakarta01.com,JAKARTA01\muhammady  
Error,10/2/2017 7:46:23 AM,EventCreate,1,None,Application,djkvdihost626.jakarta01.com,JAKARTA01\Pradita  
Error,10/2/2017 7:46:19 AM,EventCreate,1,None,Application,djkvdihost016.jakarta01.com,JAKARTA01\Marthen  
Error,10/2/2017 7:46:16 AM,Application Error,1000,(100),Application,djkvdihost016.jakarta01.com,"Faulting application name: spoolsv.exe, version: 6.1.7601.17777, time stamp: 0x4f35efc3
Faulting module name: msvcrt.dll, version: 7.0.7601.17744, time stamp: 0x4eeaf722
Exception code: 0xc0000005
Fault offset: 0x0000aa14
Faulting process id: 0x638
Faulting application start time: 0x01d33a2ca84fd4c4
Faulting application path: C:\Windows\System32\spoolsv.exe
Faulting module path: C:\Windows\system32\msvcrt.dll
Report Id: 18b08cb2-a70b-11e7-82df-0050569f1c7b"
Error,10/2/2017 7:46:12 AM,EventCreate,1,None,Application,djkvdihost606.jakarta01.com,JAKARTA01\Nirmala  
Error,10/2/2017 7:46:11 AM,EventCreate,1,None,Application,djkvdihost741.jakarta01.com,JAKARTA01\martha  
Error,10/2/2017 7:45:35 AM,EventCreate,1,None,Application,djkvdihost609.jakarta01.com,JAKARTA01\Resty  
Error,10/2/2017 7:45:27 AM,EventCreate,1,None,Application,djkvdihost192.jakarta01.com,JAKARTA01\karen  
Error,10/2/2017 7:45:18 AM,EventCreate,1,None,Application,djkvdihost031.jakarta01.com,JAKARTA01\nurmalasari  
Error,10/2/2017 7:45:14 AM,EventCreate,1,None,Application,djkvdihost211.jakarta01.com,JAKARTA01\chalfin  
Error,10/2/2017 7:45:07 AM,EventCreate,1,None,Application,djkvdihost119.jakarta01.com,JAKARTA01\REIS  
Error,10/2/2017 7:45:06 AM,EventCreate,1,None,Application,djkvdihost440.jakarta01.com,JAKARTA01\aditya chandra  
Error,10/2/2017 7:45:01 AM,EventCreate,1,None,Application,djkvdihost376.jakarta01.com,JAKARTA01\titis  
Error,10/2/2017 7:44:57 AM,EventCreate,1,None,Application,djkvdihost685.jakarta01.com,JAKARTA01\ferdi  
Error,10/2/2017 7:44:44 AM,EventCreate,1,None,Application,djkvdihost664.jakarta01.com,JAKARTA01\Latiefah  
Error,10/2/2017 7:44:27 AM,EventCreate,1,None,Application,djkvdihost656.jakarta01.com,JAKARTA01\samsul  
Error,10/2/2017 7:44:16 AM,EventCreate,1,None,Application,djkvdihost090.jakarta01.com,JAKARTA01\harumi  
Error,10/2/2017 7:43:55 AM,EventCreate,1,None,Application,djkvdihost899.jakarta01.com,JAKARTA01\StellaH  
Error,10/2/2017 7:43:57 AM,EventCreate,1,None,Application,djkvdihost552.jakarta01.com,JAKARTA01\Djohan  
Error,10/2/2017 7:43:52 AM,EventCreate,1,None,Application,djkvdihost086.jakarta01.com,JAKARTA01\mario  
Error,10/2/2017 7:43:49 AM,EventCreate,1,None,Application,djkvdihost704.jakarta01.com,JAKARTA01\alfiari  
Error,10/2/2017 7:43:49 AM,EventCreate,1,None,Application,djkvdihost105.jakarta01.com,JAKARTA01\Riki Darisman  
Error,10/2/2017 7:43:44 AM,EventCreate,1,None,Application,djkvdihost611.jakarta01.com,JAKARTA01\rahayu  
Error,10/2/2017 7:43:28 AM,EventCreate,1,None,Application,djkvdihost650.jakarta01.com,JAKARTA01\Aisyah  
Error,10/2/2017 7:43:13 AM,EventCreate,1,None,Application,djkvdihost412.jakarta01.com,JAKARTA01\airin  
Error,10/2/2017 7:43:09 AM,EventCreate,1,None,Application,djkvdihost431.jakarta01.com,JAKARTA01\davidhs  
Error,10/2/2017 7:43:07 AM,EventCreate,1,None,Application,djkvdihost748.jakarta01.com,JAKARTA01\yusi  
Error,10/2/2017 7:42:51 AM,EventCreate,1,None,Application,djkvdihost144.jakarta01.com,JAKARTA01\saputro  
Error,10/2/2017 7:42:25 AM,EventCreate,1,None,Application,djkvdihost560.jakarta01.com,JAKARTA01\Dwi anisa  
Error,10/2/2017 7:41:59 AM,EventCreate,1,None,Application,djkvdihost692.jakarta01.com,JAKARTA01\nur endah  
Error,10/2/2017 7:41:47 AM,EventCreate,1,None,Application,djkvdihost061.jakarta01.com,JAKARTA01\mirawati  
Error,10/2/2017 7:41:41 AM,EventCreate,1,None,Application,djkvdihost652.jakarta01.com,JAKARTA01\edwan  
Error,10/2/2017 7:41:41 AM,EventCreate,1,None,Application,djkvdihost651.jakarta01.com,JAKARTA01\Arina  
Error,10/2/2017 7:41:02 AM,WSH,1,None,Application,djkvdihost061.jakarta01.com,"CN=Mirawati Pranoto password will expire in 3 day(s) at 10/5/2017 7:42:29 AM

Press CTRL + ALT + DEL and select the ""Change a password"" option."
Error,10/2/2017 7:41:16 AM,EventCreate,1,None,Application,djkvdihost043.jakarta01.com,JAKARTA01\Talitha  
Error,10/2/2017 7:41:08 AM,EventCreate,1,None,Application,djkvdihost387.jakarta01.com,JAKARTA01\endrojono  
Error,10/2/2017 7:41:02 AM,WSH,1,None,Application,djkvdihost061.jakarta01.com,"CN=Mirawati Pranoto password will expire in 3 day(s) at 10/5/2017 7:42:29 AM

Press CTRL + ALT + DEL and select the ""Change a password"" option."
Error,10/2/2017 7:40:37 AM,EventCreate,1,None,Application,djkvdihost395.jakarta01.com,JAKARTA01\Ajie  
Error,10/2/2017 7:40:16 AM,EventCreate,1,None,Application,djkvdihost015.jakarta01.com,JAKARTA01\rezky  
Error,10/2/2017 7:40:04 AM,EventCreate,1,None,Application,djkvdihost473.jakarta01.com,JAKARTA01\sitti  
Error,10/2/2017 7:40:03 AM,EventCreate,1,None,Application,djkvdihost608.jakarta01.com,JAKARTA01\mahendra  
Error,10/2/2017 7:39:53 AM,EventCreate,1,None,Application,djkvdihost197.jakarta01.com,JAKARTA01\Armanto  
Error,10/2/2017 7:39:51 AM,EventCreate,1,None,Application,djkvdihost307.jakarta01.com,JAKARTA01\Ariestyo  
Error,10/2/2017 7:39:48 AM,EventCreate,1,None,Application,djkvdihost880.jakarta01.com,JAKARTA01\Kurnia Arisayuga  
Error,10/2/2017 7:39:48 AM,EventCreate,1,None,Application,djkvdihost568.jakarta01.com,JAKARTA01\sasono  
Error,10/2/2017 7:39:44 AM,EventCreate,1,None,Application,djkvdihost187.jakarta01.com,JAKARTA01\MIrhasE  
Error,10/2/2017 7:39:28 AM,EventCreate,1,None,Application,djkvdihost120.jakarta01.com,JAKARTA01\michiko  
Error,10/2/2017 7:39:18 AM,EventCreate,1,None,Application,djkvdihost083.jakarta01.com,JAKARTA01\devid  
Error,10/2/2017 7:38:46 AM,EventCreate,1,None,Application,djkvdihost181.jakarta01.com,JAKARTA01\rhaditya  
Error,10/2/2017 7:38:47 AM,EventCreate,1,None,Application,djkvdihost848.jakarta01.com,JAKARTA01\ueda  
Error,10/2/2017 7:38:44 AM,Application Error,1000,(100),Application,djkvdihost848.jakarta01.com,"Faulting application name: OUTLOOK.EXE, version: 15.0.4919.1001, time stamp: 0x58d20482
Faulting module name: OUTLOOK.EXE, version: 15.0.4919.1001, time stamp: 0x58d20482
Exception code: 0xc0000005
Fault offset: 0x008924c7
Faulting process id: 0x17bc
Faulting application start time: 0x01d33b14a5bb1f7c
Faulting application path: C:\Program Files\Microsoft Office\Office15\OUTLOOK.EXE
Faulting module path: C:\Program Files\Microsoft Office\Office15\OUTLOOK.EXE
Report Id: 0b46d71c-a70a-11e7-96fa-0050569f68f7"
Error,10/2/2017 7:38:41 AM,EventCreate,1,None,Application,djkvdihost217.jakarta01.com,JAKARTA01\Dicky  
Error,10/2/2017 7:38:57 AM,EventCreate,1,None,Application,djkvdihost433.jakarta01.com,JAKARTA01\ipuk  
Error,10/2/2017 7:38:39 AM,EventCreate,1,None,Application,djkvdihost583.jakarta01.com,JAKARTA01\Adjeng  
Error,10/2/2017 7:38:30 AM,EventCreate,1,None,Application,djkvdihost030.jakarta01.com,JAKARTA01\Danny  
Error,10/2/2017 7:38:27 AM,EventCreate,1,None,Application,djkvdihost181.jakarta01.com,JAKARTA01\rhaditya  
Error,10/2/2017 7:38:15 AM,EventCreate,1,None,Application,djkvdihost671.jakarta01.com,JAKARTA01\meri  
Error,10/2/2017 7:38:11 AM,EventCreate,1,None,Application,djkvdihost524.jakarta01.com,JAKARTA01\erika  
Error,10/2/2017 7:38:11 AM,EventCreate,1,None,Application,djkvdihost217.jakarta01.com,JAKARTA01\Dicky  
Error,10/2/2017 7:37:47 AM,EventCreate,1,None,Application,djkvdihost542.jakarta01.com,JAKARTA01\dadi hardi  
Error,10/2/2017 7:37:44 AM,EventCreate,1,None,Application,djkvdihost788.jakarta01.com,JAKARTA01\angga  
Error,10/2/2017 7:37:39 AM,EventCreate,1,None,Application,djkvdihost210.jakarta01.com,JAKARTA01\Dyandra  
Error,10/2/2017 7:37:33 AM,EventCreate,1,None,Application,djkvdihost788.jakarta01.com,JAKARTA01\angga  
Error,10/2/2017 7:37:21 AM,EventCreate,1,None,Application,djkvdihost435.jakarta01.com,JAKARTA01\devita  
Error,10/2/2017 7:37:20 AM,EventCreate,1,None,Application,djkvdihost206.jakarta01.com,JAKARTA01\pratiwi  
Error,10/2/2017 7:37:16 AM,EventCreate,1,None,Application,djkvdihost469.jakarta01.com,JAKARTA01\mutiara  
Error,10/2/2017 7:37:08 AM,EventCreate,1,None,Application,djkvdihost866.jakarta01.com,JAKARTA01\i gede  
Error,10/2/2017 7:37:04 AM,EventCreate,1,None,Application,djkvdihost266.jakarta01.com,JAKARTA01\AdrianP  
Error,10/2/2017 7:36:51 AM,EventCreate,1,None,Application,djkvdihost014.jakarta01.com,JAKARTA01\gadis  
Error,10/2/2017 7:36:22 AM,WSH,1,None,Application,djkvdihost469.jakarta01.com,"CN=Mutiara Annisa password will expire in 3 day(s) at 10/5/2017 6:47:13 PM

Press CTRL + ALT + DEL and select the ""Change a password"" option."
Error,10/2/2017 7:36:46 AM,EventCreate,1,None,Application,djkvdihost655.jakarta01.com,JAKARTA01\EDameria  
Error,10/2/2017 7:36:39 AM,Application Error,1000,(100),Application,djkvdihost014.jakarta01.com,"Faulting application name: spoolsv.exe, version: 6.1.7601.17777, time stamp: 0x4f35efc3
Faulting module name: msvcrt.dll, version: 7.0.7601.17744, time stamp: 0x4eeaf722
Exception code: 0xc0000005
Fault offset: 0x0000aa14
Faulting process id: 0x638
Faulting application start time: 0x01d33a28fd1ca666
Faulting application path: C:\Windows\System32\spoolsv.exe
Faulting module path: C:\Windows\system32\msvcrt.dll
Report Id: c0483f19-a709-11e7-ab6e-0050569f20a9"
Error,10/2/2017 7:36:32 AM,EventCreate,1,None,Application,djkvdihost377.jakarta01.com,JAKARTA01\antonius  
Error,10/2/2017 7:36:21 AM,WSH,1,None,Application,djkvdihost469.jakarta01.com,"CN=Mutiara Annisa password will expire in 3 day(s) at 10/5/2017 6:47:13 PM

Press CTRL + ALT + DEL and select the ""Change a password"" option."
Error,10/2/2017 7:36:19 AM,EventCreate,1,None,Application,djkvdihost784.jakarta01.com,JAKARTA01\inna  
Error,10/2/2017 7:35:35 AM,EventCreate,1,None,Application,djkvdihost391.jakarta01.com,JAKARTA01\anggi  
Error,10/2/2017 7:36:03 AM,EventCreate,1,None,Application,djkvdihost253.jakarta01.com,JAKARTA01\yorika  
Error,10/2/2017 7:35:28 AM,EventCreate,1,None,Application,djkvdihost293.jakarta01.com,JAKARTA01\yulianty  
Error,10/2/2017 7:35:21 AM,EventCreate,1,None,Application,djkvdihost803.jakarta01.com,JAKARTA01\Chadijah  
Error,10/2/2017 7:35:20 AM,Application Error,1000,(100),Application,djkvdihost293.jakarta01.com,"Faulting application name: spoolsv.exe, version: 6.1.7601.17777, time stamp: 0x4f35efc3
Faulting module name: msvcrt.dll, version: 7.0.7601.17744, time stamp: 0x4eeaf722
Exception code: 0xc0000005
Fault offset: 0x0000aa14
Faulting process id: 0x638
Faulting application start time: 0x01d33a2d5c9667ac
Faulting application path: C:\Windows\System32\spoolsv.exe
Faulting module path: C:\Windows\system32\msvcrt.dll
Report Id: 91533d89-a709-11e7-a8ba-0050569f58c8"
Error,10/2/2017 7:35:03 AM,EventCreate,1,None,Application,djkvdihost532.jakarta01.com,JAKARTA01\yuliana  
Error,10/2/2017 7:34:48 AM,EventCreate,1,None,Application,djkvdihost131.jakarta01.com,JAKARTA01\Erich  
Error,10/2/2017 7:34:45 AM,EventCreate,1,None,Application,djkvdihost533.jakarta01.com,JAKARTA01\yumiyati  
Error,10/2/2017 7:34:17 AM,EventCreate,1,None,Application,djkvdihost140.jakarta01.com,JAKARTA01\mazy  
Error,10/2/2017 7:34:16 AM,EventCreate,1,None,Application,djkvdihost844.jakarta01.com,JAKARTA01\sodeoka  
Error,10/2/2017 7:34:14 AM,EventCreate,1,None,Application,djkvdihost285.jakarta01.com,JAKARTA01\ryan  
Error,10/2/2017 7:34:09 AM,EventCreate,1,None,Application,djkvdihost816.jakarta01.com,JAKARTA01\binar  
Error,10/2/2017 7:33:55 AM,EventCreate,1,None,Application,djkvdihost531.jakarta01.com,JAKARTA01\yansen  
Error,10/2/2017 7:33:43 AM,EventCreate,1,None,Application,djkvdihost902.jakarta01.com,JAKARTA01\Denni  
Error,10/2/2017 7:33:24 AM,EventCreate,1,None,Application,djkvdihost466.jakarta01.com,JAKARTA01\Chaterin  
Error,10/2/2017 7:33:23 AM,EventCreate,1,None,Application,djkvdihost094.jakarta01.com,JAKARTA01\Anton 2  
Error,10/2/2017 7:33:23 AM,EventCreate,1,None,Application,djkvdihost424.jakarta01.com,JAKARTA01\andi wijaya  
Error,10/2/2017 7:33:20 AM,EventCreate,1,None,Application,djkvdihost369.jakarta01.com,JAKARTA01\pramana  
Error,10/2/2017 7:32:39 AM,EventCreate,1,None,Application,djkvdihost640.jakarta01.com,JAKARTA01\nungi  
Error,10/2/2017 7:32:47 AM,EventCreate,1,None,Application,djkvdihost711.jakarta01.com,JAKARTA01\Amaliawati  
Error,10/2/2017 7:32:35 AM,EventCreate,1,None,Application,djkvdihost640.jakarta01.com,JAKARTA01\nungi  
Error,10/2/2017 7:32:13 AM,EventCreate,1,None,Application,djkvdihost021.jakarta01.com,JAKARTA01\faiqa  
Error,10/2/2017 7:32:11 AM,EventCreate,1,None,Application,djkvdihost782.jakarta01.com,JAKARTA01\Dina Vathati  
Error,10/2/2017 7:32:04 AM,EventCreate,1,None,Application,djkvdihost065.jakarta01.com,JAKARTA01\vadya  
Error,10/2/2017 7:32:02 AM,EventCreate,1,None,Application,djkvdihost504.jakarta01.com,JAKARTA01\krisna  
Error,10/2/2017 7:31:57 AM,EventCreate,1,None,Application,djkvdihost308.jakarta01.com,JAKARTA01\georgedk  
Error,10/2/2017 7:31:34 AM,EventCreate,1,None,Application,djkvdihost437.jakarta01.com,JAKARTA01\Sandra  
Error,10/2/2017 7:31:24 AM,EventCreate,1,None,Application,djkvdihost102.jakarta01.com,JAKARTA01\NovrianAS  
Error,10/2/2017 7:31:21 AM,EventCreate,1,None,Application,djkvdihost437.jakarta01.com,JAKARTA01\Sandra  
Error,10/2/2017 7:31:15 AM,EventCreate,1,None,Application,djkvdihost873.jakarta01.com,JAKARTA01\katsuta  
Error,10/2/2017 7:30:23 AM,EventCreate,1,None,Application,djkvdihost900.jakarta01.com,JAKARTA01\naruhito  
Error,10/2/2017 7:29:55 AM,EventCreate,1,None,Application,djkvdihost588.jakarta01.com,JAKARTA01\Dianramadhania  
Error,10/2/2017 7:30:11 AM,EventCreate,1,None,Application,djkvdihost670.jakarta01.com,JAKARTA01\amanda chandra  
Error,10/2/2017 7:30:09 AM,EventCreate,1,None,Application,djkvdihost493.jakarta01.com,JAKARTA01\adhi  
Error,10/2/2017 7:30:03 AM,EventCreate,1,None,Application,djkvdihost875.jakarta01.com,JAKARTA01\m nugraha  
Error,10/2/2017 7:29:52 AM,EventCreate,1,None,Application,djkvdihost588.jakarta01.com,JAKARTA01\Dianramadhania  
Error,10/2/2017 7:29:39 AM,EventCreate,1,None,Application,djkvdihost579.jakarta01.com,JAKARTA01\meinar  
Error,10/2/2017 7:29:33 AM,EventCreate,1,None,Application,djkvdihost736.jakarta01.com,JAKARTA01\rozi  
Error,10/2/2017 7:29:00 AM,EventCreate,1,None,Application,djkvdihost791.jakarta01.com,JAKARTA01\nila  
Error,10/2/2017 7:28:57 AM,EventCreate,1,None,Application,djkvdihost775.jakarta01.com,JAKARTA01\diah astuti  
Error,10/2/2017 7:28:43 AM,EventCreate,1,None,Application,djkvdihost221.jakarta01.com,JAKARTA01\rara  
Error,10/2/2017 7:28:09 AM,EventCreate,1,None,Application,djkvdihost556.jakarta01.com,JAKARTA01\teddy h  
Error,10/2/2017 7:28:06 AM,EventCreate,1,None,Application,djkvdihost485.jakarta01.com,JAKARTA01\polyska  
Error,10/2/2017 7:27:34 AM,EventCreate,1,None,Application,djkvdihost288.jakarta01.com,JAKARTA01\retno  
Error,10/2/2017 7:27:32 AM,EventCreate,1,None,Application,djkvdihost525.jakarta01.com,JAKARTA01\Hadi  
Error,10/2/2017 7:27:27 AM,EventCreate,1,None,Application,djkvdihost200.jakarta01.com,JAKARTA01\tudie  
Error,10/2/2017 7:27:19 AM,EventCreate,1,None,Application,djkvdihost635.jakarta01.com,JAKARTA01\yenni  
Error,10/2/2017 7:27:18 AM,EventCreate,1,None,Application,djkvdihost400.jakarta01.com,JAKARTA01\netra  
Error,10/2/2017 7:27:13 AM,EventCreate,1,None,Application,djkvdihost214.jakarta01.com,JAKARTA01\eddy  
Error,10/2/2017 7:27:05 AM,EventCreate,1,None,Application,djkvdihost723.jakarta01.com,JAKARTA01\aticha  
Error,10/2/2017 7:26:59 AM,EventCreate,1,None,Application,djkvdihost280.jakarta01.com,JAKARTA01\k_ignatius  
Error,10/2/2017 7:26:51 AM,EventCreate,1,None,Application,djkvdihost725.jakarta01.com,JAKARTA01\tobing  
Error,10/2/2017 7:26:47 AM,EventCreate,1,None,Application,djkvdihost268.jakarta01.com,JAKARTA01\restiani  
Error,10/2/2017 7:26:45 AM,EventCreate,1,None,Application,djkvdihost248.jakarta01.com,JAKARTA01\Thalia  
Error,10/2/2017 7:26:15 AM,EventCreate,1,None,Application,djkvdihost818.jakarta01.com,JAKARTA01\lenny  
Error,10/2/2017 7:26:43 AM,EventCreate,1,None,Application,djkvdihost333.jakarta01.com,JAKARTA01\heri  
Error,10/2/2017 7:26:31 AM,EventCreate,1,None,Application,djkvdihost828.jakarta01.com,JAKARTA01\Luki Mahanani  
Error,10/2/2017 7:25:57 AM,WSH,1,None,Application,djkvdihost280.jakarta01.com,"CN=Kurniawan Ignatius password will expire in 0 day(s) at 10/2/2017 8:01:32 AM

Press CTRL + ALT + DEL and select the ""Change a password"" option."
Error,10/2/2017 7:26:18 AM,EventCreate,1,None,Application,djkvdihost406.jakarta01.com,JAKARTA01\fardy  
Error,10/2/2017 7:26:03 AM,EventCreate,1,None,Application,djkvdihost696.jakarta01.com,JAKARTA01\fferdian  
Error,10/2/2017 7:25:56 AM,WSH,1,None,Application,djkvdihost280.jakarta01.com,"CN=Kurniawan Ignatius password will expire in 0 day(s) at 10/2/2017 8:01:32 AM

Press CTRL + ALT + DEL and select the ""Change a password"" option."
Error,10/2/2017 7:25:53 AM,EventCreate,1,None,Application,djkvdihost818.jakarta01.com,JAKARTA01\lenny  
Error,10/2/2017 7:25:43 AM,EventCreate,1,None,Application,djkvdihost169.jakarta01.com,JAKARTA01\ayuningtias  
Error,10/2/2017 7:24:35 AM,EventCreate,1,None,Application,djkvdihost798.jakarta01.com,JAKARTA01\ario  
Error,10/2/2017 7:24:17 AM,EventCreate,1,None,Application,djkvdihost348.jakarta01.com,JAKARTA01\maria  
Error,10/2/2017 7:24:10 AM,EventCreate,1,None,Application,djkvdihost089.jakarta01.com,JAKARTA01\Anton  
Error,10/2/2017 7:24:00 AM,EventCreate,1,None,Application,djkvdihost259.jakarta01.com,JAKARTA01\Virgitha  
Error,10/2/2017 7:23:46 AM,EventCreate,1,None,Application,djkvdihost528.jakarta01.com,JAKARTA01\Jessica  
Error,10/2/2017 7:23:44 AM,EventCreate,1,None,Application,djkvdihost653.jakarta01.com,JAKARTA01\Marlina  
Error,10/2/2017 7:23:27 AM,EventCreate,1,None,Application,djkvdihost495.jakarta01.com,JAKARTA01\Rana  
Error,10/2/2017 7:22:51 AM,EventCreate,1,None,Application,djkvdihost159.jakarta01.com,JAKARTA01\Dimas Satya  
Error,10/2/2017 7:22:46 AM,EventCreate,1,None,Application,djkvdihost159.jakarta01.com,JAKARTA01\Dimas Satya  
Error,10/2/2017 7:23:10 AM,EventCreate,1,None,Application,djkvdihost702.jakarta01.com,JAKARTA01\Letitia  
Error,10/2/2017 7:22:27 AM,EventCreate,1,None,Application,djkvdihost758.jakarta01.com,JAKARTA01\sugiarto  
Error,10/2/2017 7:22:37 AM,EventCreate,1,None,Application,djkvdihost159.jakarta01.com,JAKARTA01\Dimas Satya  
Error,10/2/2017 7:22:35 AM,EventCreate,1,None,Application,djkvdihost643.jakarta01.com,JAKARTA01\nunik  
Error,10/2/2017 7:22:28 AM,EventCreate,1,None,Application,djkvdihost450.jakarta01.com,JAKARTA01\susilowati  
Error,10/2/2017 7:22:22 AM,EventCreate,1,None,Application,djkvdihost480.jakarta01.com,JAKARTA01\poetry  
Error,10/2/2017 7:22:21 AM,EventCreate,1,None,Application,djkvdihost517.jakarta01.com,JAKARTA01\indrawati  
Error,10/2/2017 7:22:17 AM,EventCreate,1,None,Application,djkvdihost758.jakarta01.com,JAKARTA01\sugiarto  
Error,10/2/2017 7:22:09 AM,EventCreate,1,None,Application,djkvdihost121.jakarta01.com,JAKARTA01\livia  
Error,10/2/2017 7:22:08 AM,EventCreate,1,None,Application,djkvdihost726.jakarta01.com,JAKARTA01\andini  
Error,10/2/2017 7:21:49 AM,EventCreate,1,None,Application,djkvdihost389.jakarta01.com,JAKARTA01\Hertanto gunadi  
Error,10/2/2017 7:21:35 AM,EventCreate,1,None,Application,djkvdihost109.jakarta01.com,JAKARTA01\tesha  
Error,10/2/2017 7:21:23 AM,EventCreate,1,None,Application,djkvdihost095.jakarta01.com,JAKARTA01\tantri  
Error,10/2/2017 7:20:53 AM,EventCreate,1,None,Application,djkvdihost648.jakarta01.com,JAKARTA01\andri  
Error,10/2/2017 7:20:30 AM,EventCreate,1,None,Application,djkvdihost688.jakarta01.com,JAKARTA01\kusumadita  
Error,10/2/2017 7:20:26 AM,EventCreate,1,None,Application,djkvdihost589.jakarta01.com,JAKARTA01\haris  
Error,10/2/2017 7:19:47 AM,EventCreate,1,None,Application,djkvdihost865.jakarta01.com,JAKARTA01\kubo  
Error,10/2/2017 7:19:44 AM,EventCreate,1,None,Application,djkvdihost215.jakarta01.com,JAKARTA01\veronicam  
Error,10/2/2017 7:19:43 AM,EventCreate,1,None,Application,djkvdihost631.jakarta01.com,JAKARTA01\iqbal  
Error,10/2/2017 7:18:43 AM,EventCreate,1,None,Application,djkvdihost356.jakarta01.com,JAKARTA01\adityo  
Error,10/2/2017 7:18:35 AM,EventCreate,1,None,Application,djkvdihost202.jakarta01.com,JAKARTA01\myreshka  
Error,10/2/2017 7:18:20 AM,EventCreate,1,None,Application,djkvdihost872.jakarta01.com,JAKARTA01\tsusaka  
Error,10/2/2017 7:18:05 AM,EventCreate,1,None,Application,djkvdihost245.jakarta01.com,JAKARTA01\vina  
Error,10/2/2017 7:17:59 AM,EventCreate,1,None,Application,djkvdihost368.jakarta01.com,JAKARTA01\Yosi  
Error,10/2/2017 7:17:21 AM,WSH,1,None,Application,djkvdihost368.jakarta01.com,"CN=Yosi Dayanti password will expire in 0 day(s) at 10/2/2017 9:17:03 AM

Press CTRL + ALT + DEL and select the ""Change a password"" option."
Error,10/2/2017 7:17:47 AM,EventCreate,1,None,Application,djkvdihost264.jakarta01.com,JAKARTA01\dyah alit  
Error,10/2/2017 7:17:41 AM,EventCreate,1,None,Application,djkvdihost621.jakarta01.com,JAKARTA01\muhammad afif  
Error,10/2/2017 7:17:19 AM,WSH,1,None,Application,djkvdihost368.jakarta01.com,"CN=Yosi Dayanti password will expire in 0 day(s) at 10/2/2017 9:17:03 AM

Press CTRL + ALT + DEL and select the ""Change a password"" option."
Error,10/2/2017 7:17:02 AM,EventCreate,1,None,Application,djkvdihost604.jakarta01.com,JAKARTA01\findal  
Error,10/2/2017 7:16:53 AM,EventCreate,1,None,Application,djkvdihost582.jakarta01.com,JAKARTA01\santoso  
Error,10/2/2017 7:16:46 AM,EventCreate,1,None,Application,djkvdihost530.jakarta01.com,JAKARTA01\femmy  
Error,10/2/2017 7:16:20 AM,EventCreate,1,None,Application,djkvdihost645.jakarta01.com,JAKARTA01\Sely  
Error,10/2/2017 7:15:56 AM,EventCreate,1,None,Application,djkvdihost372.jakarta01.com,JAKARTA01\rusliyani  
Error,10/2/2017 7:15:33 AM,EventCreate,1,None,Application,djkvdihost766.jakarta01.com,JAKARTA01\maya  
Error,10/2/2017 7:15:31 AM,EventCreate,1,None,Application,djkvdihost585.jakarta01.com,JAKARTA01\kezia  
Error,10/2/2017 7:14:56 AM,EventCreate,1,None,Application,djkvdihost167.jakarta01.com,JAKARTA01\dananwst  
Error,10/2/2017 7:14:46 AM,EventCreate,1,None,Application,djkvdihost586.jakarta01.com,JAKARTA01\phesyana  
Error,10/2/2017 7:14:15 AM,EventCreate,1,None,Application,djkvdihost669.jakarta01.com,JAKARTA01\junito  
Error,10/2/2017 7:14:14 AM,EventCreate,1,None,Application,djkvdihost580.jakarta01.com,JAKARTA01\namora  
Error,10/2/2017 7:14:01 AM,EventCreate,1,None,Application,djkvdihost901.jakarta01.com,JAKARTA01\Joni  
Error,10/2/2017 7:14:03 AM,EventCreate,1,None,Application,djkvdihost393.jakarta01.com,JAKARTA01\danielhp  
Error,10/2/2017 7:13:52 AM,EventCreate,1,None,Application,djkvdihost636.jakarta01.com,JAKARTA01\barry  
Error,10/2/2017 7:13:45 AM,EventCreate,1,None,Application,djkvdihost420.jakarta01.com,JAKARTA01\dian  
Error,10/2/2017 7:13:21 AM,EventCreate,1,None,Application,djkvdihost642.jakarta01.com,JAKARTA01\willya  
Error,10/2/2017 7:13:03 AM,EventCreate,1,None,Application,djkvdihost422.jakarta01.com,JAKARTA01\ayudia  
Error,10/2/2017 7:12:53 AM,EventCreate,1,None,Application,djkvdihost801.jakarta01.com,JAKARTA01\DEVI  
Error,10/2/2017 7:12:09 AM,EventCreate,1,None,Application,djkvdihost760.jakarta01.com,JAKARTA01\yoga  
Error,10/2/2017 7:11:53 AM,EventCreate,1,None,Application,djkvdihost687.jakarta01.com,JAKARTA01\ayu rifa  
Error,10/2/2017 7:11:40 AM,EventCreate,1,None,Application,djkvdihost762.jakarta01.com,JAKARTA01\LILY AISYAH  
Error,10/2/2017 7:10:04 AM,EventCreate,1,None,Application,djkvdihost710.jakarta01.com,JAKARTA01\topik  
