Error,10/4/2017 8:32:32 AM,EventCreate,1,None,Application,djkvdihost216.jakarta01.com,JAKARTA01\devita  
Error,10/4/2017 8:32:28 AM,EventCreate,1,None,Application,djkvdihost394.jakarta01.com,JAKARTA01\pahlevi  
Error,10/4/2017 8:31:50 AM,EventCreate,1,None,Application,djkvdihost583.jakarta01.com,JAKARTA01\hafsia  
Error,10/4/2017 8:31:56 AM,EventCreate,1,None,Application,djkvdihost020.jakarta01.com,JAKARTA01\Festy  
Error,10/4/2017 8:31:50 AM,Application Error,1000,(100),Application,djkvdihost020.jakarta01.com,"Faulting application name: OUTLOOK.EXE, version: 15.0.4919.1001, time stamp: 0x58d20482
Faulting module name: OUTLOOK.EXE, version: 15.0.4919.1001, time stamp: 0x58d20482
Exception code: 0xc0000005
Fault offset: 0x008924c4
Faulting process id: 0x1974
Faulting application start time: 0x01d33caf5c120afa
Faulting application path: C:\Program Files\Microsoft Office\Office15\OUTLOOK.EXE
Faulting module path: C:\Program Files\Microsoft Office\Office15\OUTLOOK.EXE
Report Id: cae4ddbf-a8a3-11e7-b3db-0050569f3e61"
Error,10/4/2017 8:32:16 AM,EventCreate,1,None,Application,djkvdihost185.jakarta01.com,JAKARTA01\christianrs  
Error,10/4/2017 8:32:04 AM,EventCreate,1,None,Application,djkvdihost707.jakarta01.com,JAKARTA01\nurhayani  
Error,10/4/2017 8:31:59 AM,EventCreate,1,None,Application,djkvdihost516.jakarta01.com,JAKARTA01\Ronald Hertanto  
Error,10/4/2017 8:31:37 AM,EventCreate,1,None,Application,djkvdihost583.jakarta01.com,JAKARTA01\hafsia  
Error,10/4/2017 8:29:51 AM,EventCreate,1,None,Application,djkvdihost305.jakarta01.com,JAKARTA01\sylvia  
Error,10/4/2017 8:29:50 AM,EventCreate,1,None,Application,djkvdihost566.jakarta01.com,JAKARTA01\aryani  
Error,10/4/2017 8:30:02 AM,EventCreate,1,None,Application,djkvdihost148.jakarta01.com,JAKARTA01\jati  
Error,10/4/2017 8:29:42 AM,EventCreate,1,None,Application,djkvdihost109.jakarta01.com,JAKARTA01\fathur  
Error,10/4/2017 8:29:44 AM,EventCreate,1,None,Application,djkvdihost293.jakarta01.com,JAKARTA01\MuhammadH  
Error,10/4/2017 8:29:02 AM,EventCreate,1,None,Application,djkvdihost566.jakarta01.com,JAKARTA01\aryani  
Error,10/4/2017 8:28:54 AM,EventCreate,1,None,Application,djkvdihost305.jakarta01.com,JAKARTA01\sylvia  
Error,10/4/2017 8:27:23 AM,EventCreate,1,None,Application,djkvdihost247.jakarta01.com,JAKARTA01\janu  
Error,10/4/2017 8:26:47 AM,EventCreate,1,None,Application,djkvdihost789.jakarta01.com,JAKARTA01\Chinthea  
Error,10/4/2017 8:26:46 AM,Application Error,1000,(100),Application,djkvdihost789.jakarta01.com,"Faulting application name: OUTLOOK.EXE, version: 15.0.4919.1001, time stamp: 0x58d20482
Faulting module name: OUTLOOK.EXE, version: 15.0.4919.1001, time stamp: 0x58d20482
Exception code: 0xc0000005
Fault offset: 0x00059219
Faulting process id: 0x644
Faulting application start time: 0x01d33cafc302b0b9
Faulting application path: C:\Program Files\Microsoft Office\Office15\OUTLOOK.EXE
Faulting module path: C:\Program Files\Microsoft Office\Office15\OUTLOOK.EXE
Report Id: 15f0a6f2-a8a3-11e7-9f7b-0050569f59cf"
Error,10/4/2017 8:26:50 AM,EventCreate,1,None,Application,djkvdihost004.jakarta01.com,JAKARTA01\guestisd34  
Error,10/4/2017 8:26:47 AM,EventCreate,1,None,Application,djkvdihost716.jakarta01.com,JAKARTA01\adhi  
Error,10/4/2017 8:26:08 AM,EventCreate,1,None,Application,djkvdihost789.jakarta01.com,JAKARTA01\Chinthea  
Error,10/4/2017 8:26:05 AM,Application Error,1000,(100),Application,djkvdihost789.jakarta01.com,"Faulting application name: OUTLOOK.EXE, version: 15.0.4919.1001, time stamp: 0x58d20482
Faulting module name: OUTLOOK.EXE, version: 15.0.4919.1001, time stamp: 0x58d20482
Exception code: 0xc0000005
Fault offset: 0x008924c4
Faulting process id: 0x1bb0
Faulting application start time: 0x01d33ca38d077d82
Faulting application path: C:\Program Files\Microsoft Office\Office15\OUTLOOK.EXE
Faulting module path: C:\Program Files\Microsoft Office\Office15\OUTLOOK.EXE
Report Id: fd206079-a8a2-11e7-9f7b-0050569f59cf"
Error,10/4/2017 8:26:10 AM,EventCreate,1,None,Application,djkvdihost029.jakarta01.com,JAKARTA01\yusuf  
Error,10/4/2017 8:25:36 AM,EventCreate,1,None,Application,djkvdihost831.jakarta01.com,JAKARTA01\vita  
Error,10/4/2017 8:25:54 AM,EventCreate,1,None,Application,djkvdihost297.jakarta01.com,JAKARTA01\guestisd36  
Error,10/4/2017 8:25:47 AM,EventCreate,1,None,Application,djkvdihost726.jakarta01.com,JAKARTA01\Elisabeth  
Error,10/4/2017 8:25:04 AM,EventCreate,1,None,Application,djkvdihost425.jakarta01.com,JAKARTA01\dyah alit  
Error,10/4/2017 8:25:00 AM,Application Error,1000,(100),Application,djkvdihost425.jakarta01.com,"Faulting application name: OUTLOOK.EXE, version: 15.0.4919.1001, time stamp: 0x58d20482
Faulting module name: OUTLOOK.EXE, version: 15.0.4919.1001, time stamp: 0x58d20482
Exception code: 0xc0000005
Fault offset: 0x008924c4
Faulting process id: 0x980
Faulting application start time: 0x01d33cad51b96080
Faulting application path: C:\Program Files\Microsoft Office\Office15\OUTLOOK.EXE
Faulting module path: C:\Program Files\Microsoft Office\Office15\OUTLOOK.EXE
Report Id: d6bd8d40-a8a2-11e7-8a40-0050569f69e9"
Error,10/4/2017 8:25:28 AM,EventCreate,1,None,Application,djkvdihost382.jakarta01.com,JAKARTA01\guestisd37  
Error,10/4/2017 8:24:59 AM,EventCreate,1,None,Application,djkvdihost831.jakarta01.com,JAKARTA01\vita  
Error,10/4/2017 8:24:56 AM,Application Error,1000,(100),Application,djkvdihost831.jakarta01.com,"Faulting application name: spoolsv.exe, version: 6.1.7601.17777, time stamp: 0x4f35efc3
Faulting module name: msvcrt.dll, version: 7.0.7601.17744, time stamp: 0x4eeaf722
Exception code: 0xc0000005
Fault offset: 0x0000aa14
Faulting process id: 0x63c
Faulting application start time: 0x01d33caf50317d61
Faulting application path: C:\Windows\System32\spoolsv.exe
Faulting module path: C:\Windows\system32\msvcrt.dll
Report Id: d44db68d-a8a2-11e7-9923-0050569f7ec2"
Error,10/4/2017 8:24:54 AM,EventCreate,1,None,Application,djkvdihost831.jakarta01.com,JAKARTA01\vita  
Error,10/4/2017 8:25:08 AM,EventCreate,1,None,Application,djkvdihost028.jakarta01.com,JAKARTA01\yisca  
Error,10/4/2017 8:25:00 AM,EventCreate,1,None,Application,djkvdihost689.jakarta01.com,JAKARTA01\Ida  
Error,10/4/2017 8:24:57 AM,EventCreate,1,None,Application,djkvdihost184.jakarta01.com,JAKARTA01\Armanto  
Error,10/4/2017 8:24:38 AM,EventCreate,1,None,Application,djkvdihost536.jakarta01.com,JAKARTA01\alifah  
Error,10/4/2017 8:24:22 AM,EventCreate,1,None,Application,djkvdihost831.jakarta01.com,JAKARTA01\vita  
Error,10/4/2017 8:23:36 AM,EventCreate,1,None,Application,djkvdihost099.jakarta01.com,JAKARTA01\ALTHEA  
Error,10/4/2017 8:23:31 AM,Application Error,1000,(100),Application,djkvdihost099.jakarta01.com,"Faulting application name: OUTLOOK.EXE, version: 15.0.4919.1001, time stamp: 0x58d20482
Faulting module name: OUTLOOK.EXE, version: 15.0.4919.1001, time stamp: 0x58d20482
Exception code: 0xc0000005
Fault offset: 0x008924c4
Faulting process id: 0x12b4
Faulting application start time: 0x01d33caae66ff942
Faulting application path: C:\Program Files\Microsoft Office\Office15\OUTLOOK.EXE
Faulting module path: C:\Program Files\Microsoft Office\Office15\OUTLOOK.EXE
Report Id: a14d1eae-a8a2-11e7-8b1c-0050569f23ce"
Error,10/4/2017 8:23:57 AM,EventCreate,1,None,Application,djkvdihost457.jakarta01.com,JAKARTA01\primaningtyas  
Error,10/4/2017 8:23:35 AM,EventCreate,1,None,Application,djkvdihost363.jakarta01.com,JAKARTA01\abdulas  
Error,10/4/2017 8:23:33 AM,EventCreate,1,None,Application,djkvdihost833.jakarta01.com,JAKARTA01\Arfilia  
Error,10/4/2017 8:23:27 AM,EventCreate,1,None,Application,djkvdihost404.jakarta01.com,JAKARTA01\william  
Error,10/4/2017 8:23:21 AM,EventCreate,1,None,Application,djkvdihost058.jakarta01.com,JAKARTA01\kunthi  
Error,10/4/2017 8:23:09 AM,EventCreate,1,None,Application,djkvdihost177.jakarta01.com,JAKARTA01\JanuardiI  
Error,10/4/2017 8:22:59 AM,EventCreate,1,None,Application,djkvdihost625.jakarta01.com,JAKARTA01\ibahtiar  
Error,10/4/2017 8:22:52 AM,EventCreate,1,None,Application,djkvdihost704.jakarta01.com,JAKARTA01\Leonardus  
Error,10/4/2017 8:22:51 AM,EventCreate,1,None,Application,djkvdihost282.jakarta01.com,JAKARTA01\mochammad  
Error,10/4/2017 8:22:47 AM,EventCreate,1,None,Application,djkvdihost705.jakarta01.com,JAKARTA01\davidhs  
Error,10/4/2017 8:22:25 AM,EventCreate,1,None,Application,djkvdihost122.jakarta01.com,JAKARTA01\sutedja  
Error,10/4/2017 8:21:53 AM,EventCreate,1,None,Application,djkvdihost089.jakarta01.com,JAKARTA01\Agus  
Error,10/4/2017 8:21:50 AM,WSH,1,None,Application,djkvdihost704.jakarta01.com,"CN=Leonardus Jayadi Nugroho password will expire in 4 day(s) at 10/8/2017 9:07:27 AM

Press CTRL + ALT + DEL and select the ""Change a password"" option."
Error,10/4/2017 8:21:44 AM,EventCreate,1,None,Application,djkvdihost310.jakarta01.com,JAKARTA01\MSandy  
Error,10/4/2017 8:22:14 AM,EventCreate,1,None,Application,djkvdihost752.jakarta01.com,JAKARTA01\Nazlaini  
Error,10/4/2017 8:22:10 AM,EventCreate,1,None,Application,djkvdihost390.jakarta01.com,JAKARTA01\Pratama  
Error,10/4/2017 8:22:06 AM,EventCreate,1,None,Application,djkvdihost020.jakarta01.com,JAKARTA01\Festy  
Error,10/4/2017 8:21:59 AM,EventCreate,1,None,Application,djkvdihost531.jakarta01.com,JAKARTA01\boby  
Error,10/4/2017 8:21:48 AM,WSH,1,None,Application,djkvdihost704.jakarta01.com,"CN=Leonardus Jayadi Nugroho password will expire in 4 day(s) at 10/8/2017 9:07:27 AM

Press CTRL + ALT + DEL and select the ""Change a password"" option."
Error,10/4/2017 8:21:41 AM,EventCreate,1,None,Application,djkvdihost444.jakarta01.com,JAKARTA01\mdendy  
Error,10/4/2017 8:21:28 AM,EventCreate,1,None,Application,djkvdihost201.jakarta01.com,JAKARTA01\AdindaGita  
Error,10/4/2017 8:21:28 AM,EventCreate,1,None,Application,djkvdihost310.jakarta01.com,JAKARTA01\MSandy  
Error,10/4/2017 8:21:28 AM,EventCreate,1,None,Application,djkvdihost690.jakarta01.com,JAKARTA01\alfiari  
Error,10/4/2017 8:20:57 AM,EventCreate,1,None,Application,djkvdihost089.jakarta01.com,JAKARTA01\Agus  
Error,10/4/2017 8:20:32 AM,EventCreate,1,None,Application,djkvdihost658.jakarta01.com,JAKARTA01\denny  
Error,10/4/2017 8:20:51 AM,EventCreate,1,None,Application,djkvdihost577.jakarta01.com,JAKARTA01\tantri  
Error,10/4/2017 8:20:51 AM,EventCreate,1,None,Application,djkvdihost362.jakarta01.com,JAKARTA01\naldi  
Error,10/4/2017 8:20:43 AM,EventCreate,1,None,Application,djkvdihost089.jakarta01.com,JAKARTA01\Agus  
Error,10/4/2017 8:20:37 AM,EventCreate,1,None,Application,djkvdihost077.jakarta01.com,JAKARTA01\christian2  
Error,10/4/2017 8:20:35 AM,EventCreate,1,None,Application,djkvdihost545.jakarta01.com,JAKARTA01\Yudhadp  
Error,10/4/2017 8:19:58 AM,WSH,1,None,Application,djkvdihost577.jakarta01.com,"CN=Tantri password will expire in 4 day(s) at 10/8/2017 7:18:35 AM

Press CTRL + ALT + DEL and select the ""Change a password"" option."
Error,10/4/2017 8:19:55 AM,EventCreate,1,None,Application,djkvdihost057.jakarta01.com,JAKARTA01\sari  
Error,10/4/2017 8:20:19 AM,EventCreate,1,None,Application,djkvdihost187.jakarta01.com,JAKARTA01\ardiana  
Error,10/4/2017 8:19:40 AM,EventCreate,1,None,Application,djkvdihost658.jakarta01.com,JAKARTA01\denny  
Error,10/4/2017 8:19:58 AM,WSH,1,None,Application,djkvdihost577.jakarta01.com,"CN=Tantri password will expire in 4 day(s) at 10/8/2017 7:18:35 AM

Press CTRL + ALT + DEL and select the ""Change a password"" option."
Error,10/4/2017 8:19:45 AM,EventCreate,1,None,Application,djkvdihost430.jakarta01.com,JAKARTA01\Dilla  
Error,10/4/2017 8:19:43 AM,EventCreate,1,None,Application,djkvdihost009.jakarta01.com,JAKARTA01\Dwita  
Error,10/4/2017 8:19:32 AM,EventCreate,1,None,Application,djkvdihost400.jakarta01.com,JAKARTA01\Rahmad  
Error,10/4/2017 8:19:01 AM,WSH,1,None,Application,djkvdihost430.jakarta01.com,"CN=Dilla Erdina password will expire in 4 day(s) at 10/8/2017 8:00:59 AM

Press CTRL + ALT + DEL and select the ""Change a password"" option."
Error,10/4/2017 8:19:21 AM,EventCreate,1,None,Application,djkvdihost658.jakarta01.com,JAKARTA01\denny  
Error,10/4/2017 8:18:50 AM,EventCreate,1,None,Application,djkvdihost350.jakarta01.com,JAKARTA01\eka  
Error,10/4/2017 8:19:11 AM,EventCreate,1,None,Application,djkvdihost002.jakarta01.com,JAKARTA01\nadya  
Error,10/4/2017 8:19:05 AM,EventCreate,1,None,Application,djkvdihost057.jakarta01.com,JAKARTA01\sari  
Error,10/4/2017 8:19:00 AM,WSH,1,None,Application,djkvdihost430.jakarta01.com,"CN=Dilla Erdina password will expire in 4 day(s) at 10/8/2017 8:00:59 AM

Press CTRL + ALT + DEL and select the ""Change a password"" option."
Error,10/4/2017 8:19:00 AM,EventCreate,1,None,Application,djkvdihost262.jakarta01.com,JAKARTA01\Arief Sandy  
Error,10/4/2017 8:18:13 AM,EventCreate,1,None,Application,djkvdihost511.jakarta01.com,JAKARTA01\adriani  
Error,10/4/2017 8:18:30 AM,EventCreate,1,None,Application,djkvdihost684.jakarta01.com,JAKARTA01\mpinto  
Error,10/4/2017 8:18:30 AM,EventCreate,1,None,Application,djkvdihost073.jakarta01.com,JAKARTA01\nyimas  
Error,10/4/2017 8:17:39 AM,EventCreate,1,None,Application,djkvdihost350.jakarta01.com,JAKARTA01\eka  
Error,10/4/2017 8:17:59 AM,EventCreate,1,None,Application,djkvdihost511.jakarta01.com,JAKARTA01\adriani  
Error,10/4/2017 8:17:53 AM,EventCreate,1,None,Application,djkvdihost595.jakarta01.com,JAKARTA01\fathiya  
Error,10/4/2017 8:17:28 AM,EventCreate,1,None,Application,djkvdihost556.jakarta01.com,JAKARTA01\eriksetiawan  
Error,10/4/2017 8:16:58 AM,EventCreate,1,None,Application,djkvdihost520.jakarta01.com,JAKARTA01\GuestISD49  
Error,10/4/2017 8:17:17 AM,EventCreate,1,None,Application,djkvdihost350.jakarta01.com,JAKARTA01\eka  
Error,10/4/2017 8:16:47 AM,EventCreate,1,None,Application,djkvdihost740.jakarta01.com,JAKARTA01\elvina  
Error,10/4/2017 8:17:09 AM,EventCreate,1,None,Application,djkvdihost190.jakarta01.com,JAKARTA01\Erlisa  
Error,10/4/2017 8:16:38 AM,EventCreate,1,None,Application,djkvdihost599.jakarta01.com,JAKARTA01\rahma  
Error,10/4/2017 8:16:45 AM,EventCreate,1,None,Application,djkvdihost834.jakarta01.com,JAKARTA01\ita shabrina  
Error,10/4/2017 8:16:39 AM,EventCreate,1,None,Application,djkvdihost740.jakarta01.com,JAKARTA01\elvina  
Error,10/4/2017 8:16:06 AM,EventCreate,1,None,Application,djkvdihost819.jakarta01.com,JAKARTA01\andryan  
Error,10/4/2017 8:16:25 AM,EventCreate,1,None,Application,djkvdihost026.jakarta01.com,JAKARTA01\anissa  
Error,10/4/2017 8:16:20 AM,EventCreate,1,None,Application,djkvdihost385.jakarta01.com,JAKARTA01\ghozia  
Error,10/4/2017 8:16:17 AM,EventCreate,1,None,Application,djkvdihost379.jakarta01.com,JAKARTA01\edwin  
Error,10/4/2017 8:15:44 AM,EventCreate,1,None,Application,djkvdihost599.jakarta01.com,JAKARTA01\rahma  
Error,10/4/2017 8:15:44 AM,EventCreate,1,None,Application,djkvdihost233.jakarta01.com,JAKARTA01\Darmi  
Error,10/4/2017 8:15:54 AM,EventCreate,1,None,Application,djkvdihost170.jakarta01.com,JAKARTA01\ALFIYAH  
Error,10/4/2017 8:15:47 AM,EventCreate,1,None,Application,djkvdihost819.jakarta01.com,JAKARTA01\andryan  
Error,10/4/2017 8:15:17 AM,EventCreate,1,None,Application,djkvdihost372.jakarta01.com,JAKARTA01\Arum  
Error,10/4/2017 8:15:14 AM,Application Error,1000,(100),Application,djkvdihost372.jakarta01.com,"Faulting application name: OUTLOOK.EXE, version: 15.0.4919.1001, time stamp: 0x58d20482
Faulting module name: OUTLOOK.EXE, version: 15.0.4919.1001, time stamp: 0x58d20482
Exception code: 0xc0000005
Fault offset: 0x008924c4
Faulting process id: 0x1f94
Faulting application start time: 0x01d33caa5211bb45
Faulting application path: C:\Program Files\Microsoft Office\Office15\OUTLOOK.EXE
Faulting module path: C:\Program Files\Microsoft Office\Office15\OUTLOOK.EXE
Report Id: 79543805-a8a1-11e7-95c1-0050569f5e70"
Error,10/4/2017 8:15:41 AM,EventCreate,1,None,Application,djkvdihost233.jakarta01.com,JAKARTA01\Darmi  
Error,10/4/2017 8:15:29 AM,EventCreate,1,None,Application,djkvdihost520.jakarta01.com,JAKARTA01\GuestISD49  
Error,10/4/2017 8:15:22 AM,EventCreate,1,None,Application,djkvdihost406.jakarta01.com,JAKARTA01\ahmad  
Error,10/4/2017 8:15:20 AM,EventCreate,1,None,Application,djkvdihost599.jakarta01.com,JAKARTA01\rahma  
Error,10/4/2017 8:15:16 AM,EventCreate,1,None,Application,djkvdihost324.jakarta01.com,JAKARTA01\chinthiars  
Error,10/4/2017 8:15:08 AM,EventCreate,1,None,Application,djkvdihost441.jakarta01.com,JAKARTA01\Ade k  
Error,10/4/2017 8:14:31 AM,EventCreate,1,None,Application,djkvdihost268.jakarta01.com,JAKARTA01\SELIH  
Error,10/4/2017 8:14:26 AM,EventCreate,1,None,Application,djkvdihost057.jakarta01.com,JAKARTA01\Erlisa  
Error,10/4/2017 8:14:22 AM,EventCreate,1,None,Application,djkvdihost047.jakarta01.com,JAKARTA01\ramantid  
Error,10/4/2017 8:14:20 AM,EventCreate,1,None,Application,djkvdihost231.jakarta01.com,JAKARTA01\Didik  
Error,10/4/2017 8:14:11 AM,EventCreate,1,None,Application,djkvdihost391.jakarta01.com,JAKARTA01\fediana  
Error,10/4/2017 8:13:56 AM,EventCreate,1,None,Application,djkvdihost417.jakarta01.com,JAKARTA01\dadang  
Error,10/4/2017 8:13:55 AM,EventCreate,1,None,Application,djkvdihost367.jakarta01.com,JAKARTA01\tyas  
Error,10/4/2017 8:13:52 AM,EventCreate,1,None,Application,djkvdihost515.jakarta01.com,JAKARTA01\Taufik Kurniawan  
Error,10/4/2017 8:13:33 AM,EventCreate,1,None,Application,djkvdihost350.jakarta01.com,JAKARTA01\iqbal maulanasani  
Error,10/4/2017 8:13:26 AM,EventCreate,1,None,Application,djkvdihost326.jakarta01.com,JAKARTA01\resha  
Error,10/4/2017 8:13:04 AM,EventCreate,1,None,Application,djkvdihost552.jakarta01.com,JAKARTA01\warda  
Error,10/4/2017 8:12:33 AM,WSH,1,None,Application,djkvdihost326.jakarta01.com,"CN=Resha Ayu Angela Fatri password will expire in 4 day(s) at 10/8/2017 8:22:04 AM

Press CTRL + ALT + DEL and select the ""Change a password"" option."
Error,10/4/2017 8:12:46 AM,EventCreate,1,None,Application,djkvdihost110.jakarta01.com,JAKARTA01\ronald david  
Error,10/4/2017 8:12:45 AM,EventCreate,1,None,Application,djkvdihost345.jakarta01.com,JAKARTA01\Chairul  
Error,10/4/2017 8:12:40 AM,EventCreate,1,None,Application,djkvdihost465.jakarta01.com,JAKARTA01\rudini  
Error,10/4/2017 8:12:38 AM,EventCreate,1,None,Application,djkvdihost746.jakarta01.com,JAKARTA01\gian  
Error,10/4/2017 8:12:34 AM,EventCreate,1,None,Application,djkvdihost630.jakarta01.com,JAKARTA01\ClarissaMh  
Error,10/4/2017 8:12:33 AM,EventCreate,1,None,Application,djkvdihost879.jakarta01.com,JAKARTA01\Amelia  
Error,10/4/2017 8:12:31 AM,WSH,1,None,Application,djkvdihost326.jakarta01.com,"CN=Resha Ayu Angela Fatri password will expire in 4 day(s) at 10/8/2017 8:22:04 AM

Press CTRL + ALT + DEL and select the ""Change a password"" option."
Error,10/4/2017 8:12:10 AM,EventCreate,1,None,Application,djkvdihost349.jakarta01.com,JAKARTA01\Widi Anggraeni  
Error,10/4/2017 8:12:04 AM,EventCreate,1,None,Application,djkvdihost599.jakarta01.com,JAKARTA01\Erlisa  
Error,10/4/2017 8:11:59 AM,EventCreate,1,None,Application,djkvdihost428.jakarta01.com,JAKARTA01\ayu rifa  
Error,10/4/2017 8:11:50 AM,EventCreate,1,None,Application,djkvdihost032.jakarta01.com,JAKARTA01\driarkoro  
Error,10/4/2017 8:11:46 AM,EventCreate,1,None,Application,djkvdihost264.jakarta01.com,JAKARTA01\Rani  
Error,10/4/2017 8:11:44 AM,EventCreate,1,None,Application,djkvdihost561.jakarta01.com,JAKARTA01\fahmi  
Error,10/4/2017 8:11:38 AM,EventCreate,1,None,Application,djkvdihost506.jakarta01.com,JAKARTA01\reza  
Error,10/4/2017 8:11:35 AM,EventCreate,1,None,Application,djkvdihost162.jakarta01.com,JAKARTA01\sandi  
Error,10/4/2017 8:11:18 AM,EventCreate,1,None,Application,djkvdihost507.jakarta01.com,JAKARTA01\adi prasetio  
Error,10/4/2017 8:11:09 AM,EventCreate,1,None,Application,djkvdihost607.jakarta01.com,JAKARTA01\citra  
Error,10/4/2017 8:10:51 AM,EventCreate,1,None,Application,djkvdihost472.jakarta01.com,JAKARTA01\yansen  
Error,10/4/2017 8:10:50 AM,EventCreate,1,None,Application,djkvdihost445.jakarta01.com,JAKARTA01\natalie  
Error,10/4/2017 8:10:34 AM,EventCreate,1,None,Application,djkvdihost108.jakarta01.com,JAKARTA01\yulia rifanda  
Error,10/4/2017 8:10:20 AM,EventCreate,1,None,Application,djkvdihost557.jakarta01.com,JAKARTA01\sashkia  
Error,10/4/2017 8:10:02 AM,EventCreate,1,None,Application,djkvdihost194.jakarta01.com,JAKARTA01\subhan  
Error,10/4/2017 8:09:26 AM,WSH,1,None,Application,djkvdihost557.jakarta01.com,"CN=Sashkia Andina Pitarini password will expire in 4 day(s) at 10/8/2017 7:52:59 AM

Press CTRL + ALT + DEL and select the ""Change a password"" option."
Error,10/4/2017 8:09:54 AM,EventCreate,1,None,Application,djkvdihost409.jakarta01.com,JAKARTA01\ng ryan  
Error,10/4/2017 8:09:42 AM,EventCreate,1,None,Application,djkvdihost619.jakarta01.com,JAKARTA01\Arina  
Error,10/4/2017 8:09:29 AM,EventCreate,1,None,Application,djkvdihost542.jakarta01.com,JAKARTA01\Riki darisman  
Error,10/4/2017 8:09:24 AM,WSH,1,None,Application,djkvdihost557.jakarta01.com,"CN=Sashkia Andina Pitarini password will expire in 4 day(s) at 10/8/2017 7:52:59 AM

Press CTRL + ALT + DEL and select the ""Change a password"" option."
Error,10/4/2017 8:09:01 AM,EventCreate,1,None,Application,djkvdihost062.jakarta01.com,JAKARTA01\martha  
Error,10/4/2017 8:09:01 AM,EventCreate,1,None,Application,djkvdihost222.jakarta01.com,JAKARTA01\Fardhady  
Error,10/4/2017 8:09:00 AM,EventCreate,1,None,Application,djkvdihost622.jakarta01.com,JAKARTA01\maitri  
Error,10/4/2017 8:08:55 AM,EventCreate,1,None,Application,djkvdihost748.jakarta01.com,JAKARTA01\Thalia  
Error,10/4/2017 8:08:53 AM,EventCreate,1,None,Application,djkvdihost416.jakarta01.com,JAKARTA01\Clara  
Error,10/4/2017 8:08:48 AM,EventCreate,1,None,Application,djkvdihost021.jakarta01.com,JAKARTA01\Listya  
Error,10/4/2017 8:08:41 AM,EventCreate,1,None,Application,djkvdihost361.jakarta01.com,JAKARTA01\eriku  
Error,10/4/2017 8:08:39 AM,EventCreate,1,None,Application,djkvdihost760.jakarta01.com,JAKARTA01\Anton 2  
Error,10/4/2017 8:08:38 AM,EventCreate,1,None,Application,djkvdihost739.jakarta01.com,JAKARTA01\maya  
Error,10/4/2017 8:08:34 AM,EventCreate,1,None,Application,djkvdihost123.jakarta01.com,JAKARTA01\yoga  
Error,10/4/2017 8:08:31 AM,EventCreate,1,None,Application,djkvdihost687.jakarta01.com,JAKARTA01\teguh  
Error,10/4/2017 8:08:28 AM,EventCreate,1,None,Application,djkvdihost067.jakarta01.com,JAKARTA01\budhasca  
Error,10/4/2017 8:08:26 AM,EventCreate,1,None,Application,djkvdihost725.jakarta01.com,JAKARTA01\sugiarto  
Error,10/4/2017 8:08:23 AM,EventCreate,1,None,Application,djkvdihost283.jakarta01.com,JAKARTA01\ni ketut  
Error,10/4/2017 8:08:07 AM,EventCreate,1,None,Application,djkvdihost368.jakarta01.com,JAKARTA01\rasyid  
Error,10/4/2017 8:08:04 AM,EventCreate,1,None,Application,djkvdihost263.jakarta01.com,JAKARTA01\Nirmala  
Error,10/4/2017 8:07:32 AM,EventCreate,1,None,Application,djkvdihost189.jakarta01.com,JAKARTA01\Fitri Nawawi  
Error,10/4/2017 8:07:54 AM,EventCreate,1,None,Application,djkvdihost811.jakarta01.com,JAKARTA01\lisa  
Error,10/4/2017 8:07:53 AM,EventCreate,1,None,Application,djkvdihost436.jakarta01.com,JAKARTA01\andini  
Error,10/4/2017 8:07:53 AM,Application Error,1000,(100),Application,djkvdihost368.jakarta01.com,"Faulting application name: spoolsv.exe, version: 6.1.7601.17777, time stamp: 0x4f35efc3
Faulting module name: msvcrt.dll, version: 7.0.7601.17744, time stamp: 0x4eeaf722
Exception code: 0xc0000005
Fault offset: 0x0000aa14
Faulting process id: 0x634
Faulting application start time: 0x01d33c34274159a4
Faulting application path: C:\Windows\System32\spoolsv.exe
Faulting module path: C:\Windows\system32\msvcrt.dll
Report Id: 722efa5b-a8a0-11e7-8be9-0050569f13ab"
Error,10/4/2017 8:07:51 AM,EventCreate,1,None,Application,djkvdihost437.jakarta01.com,JAKARTA01\Ana  
Error,10/4/2017 8:07:48 AM,EventCreate,1,None,Application,djkvdihost713.jakarta01.com,JAKARTA01\MegaDN  
Error,10/4/2017 8:07:47 AM,EventCreate,1,None,Application,djkvdihost207.jakarta01.com,JAKARTA01\Bagus Gede  
Error,10/4/2017 8:07:40 AM,EventCreate,1,None,Application,djkvdihost067.jakarta01.com,JAKARTA01\budhasca  
Error,10/4/2017 8:07:39 AM,EventCreate,1,None,Application,djkvdihost051.jakarta01.com,JAKARTA01\GuestISD45  
Error,10/4/2017 8:07:35 AM,EventCreate,1,None,Application,djkvdihost745.jakarta01.com,JAKARTA01\rizal  
Error,10/4/2017 8:07:35 AM,EventCreate,1,None,Application,djkvdihost446.jakarta01.com,JAKARTA01\victoria  
Error,10/4/2017 8:07:31 AM,EventCreate,1,None,Application,djkvdihost446.jakarta01.com,JAKARTA01\victoria  
Error,10/4/2017 8:07:17 AM,EventCreate,1,None,Application,djkvdihost189.jakarta01.com,JAKARTA01\Fitri Nawawi  
Error,10/4/2017 8:07:10 AM,EventCreate,1,None,Application,djkvdihost090.jakarta01.com,JAKARTA01\M Said  
Error,10/4/2017 8:07:09 AM,EventCreate,1,None,Application,djkvdihost452.jakarta01.com,JAKARTA01\Yonanda  
Error,10/4/2017 8:07:02 AM,EventCreate,1,None,Application,djkvdihost081.jakarta01.com,JAKARTA01\vinka  
Error,10/4/2017 8:07:02 AM,EventCreate,1,None,Application,djkvdihost151.jakarta01.com,JAKARTA01\raditya  
Error,10/4/2017 8:06:49 AM,EventCreate,1,None,Application,djkvdihost315.jakarta01.com,JAKARTA01\Georgedk  
Error,10/4/2017 8:06:14 AM,EventCreate,1,None,Application,djkvdihost775.jakarta01.com,JAKARTA01\Lutfi  
Error,10/4/2017 8:06:41 AM,EventCreate,1,None,Application,djkvdihost124.jakarta01.com,JAKARTA01\nadia  
Error,10/4/2017 8:06:07 AM,WSH,1,None,Application,djkvdihost151.jakarta01.com,"CN=Raditya Pratama password will expire in 4 day(s) at 10/8/2017 7:52:49 AM

Press CTRL + ALT + DEL and select the ""Change a password"" option."
Error,10/4/2017 8:06:30 AM,EventCreate,1,None,Application,djkvdihost266.jakarta01.com,JAKARTA01\Anton  
Error,10/4/2017 8:06:26 AM,EventCreate,1,None,Application,djkvdihost063.jakarta01.com,JAKARTA01\daniel chin  
Error,10/4/2017 8:06:25 AM,EventCreate,1,None,Application,djkvdihost558.jakarta01.com,JAKARTA01\Ahmad Hidayat  
Error,10/4/2017 8:06:10 AM,EventCreate,1,None,Application,djkvdihost588.jakarta01.com,JAKARTA01\sergi  
Error,10/4/2017 8:05:55 AM,EventCreate,1,None,Application,djkvdihost588.jakarta01.com,JAKARTA01\sergi  
Error,10/4/2017 8:06:14 AM,EventCreate,1,None,Application,djkvdihost591.jakarta01.com,JAKARTA01\Adi Saputra  
Error,10/4/2017 8:06:11 AM,EventCreate,1,None,Application,djkvdihost775.jakarta01.com,JAKARTA01\Lutfi  
Error,10/4/2017 8:06:08 AM,EventCreate,1,None,Application,djkvdihost024.jakarta01.com,JAKARTA01\Ariestyo  
Error,10/4/2017 8:06:06 AM,WSH,1,None,Application,djkvdihost151.jakarta01.com,"CN=Raditya Pratama password will expire in 4 day(s) at 10/8/2017 7:52:49 AM

Press CTRL + ALT + DEL and select the ""Change a password"" option."
Error,10/4/2017 8:05:57 AM,EventCreate,1,None,Application,djkvdihost889.jakarta01.com,JAKARTA01\khalid  
Error,10/4/2017 8:05:55 AM,EventCreate,1,None,Application,djkvdihost303.jakarta01.com,JAKARTA01\Darmawati  
Error,10/4/2017 8:05:54 AM,EventCreate,1,None,Application,djkvdihost588.jakarta01.com,JAKARTA01\sergi  
Error,10/4/2017 8:05:44 AM,EventCreate,1,None,Application,djkvdihost120.jakarta01.com,JAKARTA01\dwi budi  
Error,10/4/2017 8:05:41 AM,EventCreate,1,None,Application,djkvdihost218.jakarta01.com,JAKARTA01\riaanggreyni  
Error,10/4/2017 8:05:34 AM,EventCreate,1,None,Application,djkvdihost421.jakarta01.com,JAKARTA01\rimico  
Error,10/4/2017 8:05:28 AM,EventCreate,1,None,Application,djkvdihost800.jakarta01.com,JAKARTA01\m ridho  
Error,10/4/2017 8:05:25 AM,EventCreate,1,None,Application,djkvdihost621.jakarta01.com,JAKARTA01\kristiana  
Error,10/4/2017 8:05:24 AM,EventCreate,1,None,Application,djkvdihost160.jakarta01.com,JAKARTA01\dwi septiyanti  
Error,10/4/2017 8:05:19 AM,EventCreate,1,None,Application,djkvdihost479.jakarta01.com,JAKARTA01\lani  
Error,10/4/2017 8:04:48 AM,EventCreate,1,None,Application,djkvdihost601.jakarta01.com,JAKARTA01\enrikko  
Error,10/4/2017 8:05:03 AM,EventCreate,1,None,Application,djkvdihost652.jakarta01.com,JAKARTA01\syifa  
Error,10/4/2017 8:05:02 AM,EventCreate,1,None,Application,djkvdihost248.jakarta01.com,JAKARTA01\quartiny  
Error,10/4/2017 8:04:53 AM,EventCreate,1,None,Application,djkvdihost176.jakarta01.com,JAKARTA01\prakasa  
Error,10/4/2017 8:04:52 AM,EventCreate,1,None,Application,djkvdihost813.jakarta01.com,JAKARTA01\ChyntiaDN  
Error,10/4/2017 8:04:48 AM,EventCreate,1,None,Application,djkvdihost238.jakarta01.com,JAKARTA01\Rizky Anggari  
Error,10/4/2017 8:04:43 AM,EventCreate,1,None,Application,djkvdihost597.jakarta01.com,JAKARTA01\bella  
Error,10/4/2017 8:04:42 AM,EventCreate,1,None,Application,djkvdihost410.jakarta01.com,JAKARTA01\yenny  
Error,10/4/2017 8:04:40 AM,Application Error,1000,(100),Application,djkvdihost601.jakarta01.com,"Faulting application name: spoolsv.exe, version: 6.1.7601.17777, time stamp: 0x4f35efc3
Faulting module name: msvcrt.dll, version: 7.0.7601.17744, time stamp: 0x4eeaf722
Exception code: 0xc0000005
Fault offset: 0x0000aa14
Faulting process id: 0x638
Faulting application start time: 0x01d33c2cb140883d
Faulting application path: C:\Windows\System32\spoolsv.exe
Faulting module path: C:\Windows\system32\msvcrt.dll
Report Id: ff472cdb-a89f-11e7-b89d-0050569f5a2e"
Error,10/4/2017 8:04:39 AM,EventCreate,1,None,Application,djkvdihost498.jakarta01.com,JAKARTA01\erik  
Error,10/4/2017 8:04:32 AM,EventCreate,1,None,Application,djkvdihost638.jakarta01.com,JAKARTA01\Nurmalia  
Error,10/4/2017 8:04:31 AM,EventCreate,1,None,Application,djkvdihost035.jakarta01.com,JAKARTA01\evrizon  
Error,10/4/2017 8:04:29 AM,EventCreate,1,None,Application,djkvdihost346.jakarta01.com,JAKARTA01\eriks  
Error,10/4/2017 8:04:27 AM,EventCreate,1,None,Application,djkvdihost832.jakarta01.com,JAKARTA01\nurul  
Error,10/4/2017 8:04:22 AM,EventCreate,1,None,Application,djkvdihost633.jakarta01.com,JAKARTA01\anindita  
Error,10/4/2017 8:04:17 AM,EventCreate,1,None,Application,djkvdihost049.jakarta01.com,JAKARTA01\dewi  
Error,10/4/2017 8:04:10 AM,EventCreate,1,None,Application,djkvdihost492.jakarta01.com,JAKARTA01\brenda  
Error,10/4/2017 8:04:04 AM,EventCreate,1,None,Application,djkvdihost395.jakarta01.com,JAKARTA01\Bambang  
Error,10/4/2017 8:04:02 AM,EventCreate,1,None,Application,djkvdihost499.jakarta01.com,JAKARTA01\lizty  
Error,10/4/2017 8:03:59 AM,EventCreate,1,None,Application,djkvdihost141.jakarta01.com,JAKARTA01\puji  
Error,10/4/2017 8:03:52 AM,EventCreate,1,None,Application,djkvdihost467.jakarta01.com,JAKARTA01\panji ndaru  
Error,10/4/2017 8:03:17 AM,EventCreate,1,None,Application,djkvdihost693.jakarta01.com,JAKARTA01\kristian  
Error,10/4/2017 8:03:40 AM,EventCreate,1,None,Application,djkvdihost078.jakarta01.com,JAKARTA01\katrin  
Error,10/4/2017 8:02:52 AM,EventCreate,1,None,Application,djkvdihost574.jakarta01.com,JAKARTA01\tara  
Error,10/4/2017 8:03:18 AM,EventCreate,1,None,Application,djkvdihost744.jakarta01.com,JAKARTA01\lileliza  
Error,10/4/2017 8:03:16 AM,EventCreate,1,None,Application,djkvdihost639.jakarta01.com,JAKARTA01\sandrase  
Error,10/4/2017 8:03:11 AM,EventCreate,1,None,Application,djkvdihost693.jakarta01.com,JAKARTA01\kristian  
Error,10/4/2017 8:03:08 AM,EventCreate,1,None,Application,djkvdihost322.jakarta01.com,JAKARTA01\Siti Atikah  
Error,10/4/2017 8:03:00 AM,EventCreate,1,None,Application,djkvdihost878.jakarta01.com,JAKARTA01\natasya  
Error,10/4/2017 8:02:59 AM,EventCreate,1,None,Application,djkvdihost593.jakarta01.com,JAKARTA01\Chadijah  
Error,10/4/2017 8:02:45 AM,EventCreate,1,None,Application,djkvdihost205.jakarta01.com,JAKARTA01\karmelita  
Error,10/4/2017 8:02:49 AM,EventCreate,1,None,Application,djkvdihost132.jakarta01.com,JAKARTA01\wulan  
Error,10/4/2017 8:02:41 AM,EventCreate,1,None,Application,djkvdihost683.jakarta01.com,JAKARTA01\dzati  
Error,10/4/2017 8:02:37 AM,EventCreate,1,None,Application,djkvdihost040.jakarta01.com,JAKARTA01\agnesthine  
Error,10/4/2017 8:02:03 AM,EventCreate,1,None,Application,djkvdihost857.jakarta01.com,JAKARTA01\harry  
Error,10/4/2017 8:02:01 AM,Application Error,1000,(100),Application,djkvdihost857.jakarta01.com,"Faulting application name: OUTLOOK.EXE, version: 15.0.4919.1001, time stamp: 0x58d20482
Faulting module name: OUTLOOK.EXE, version: 15.0.4919.1001, time stamp: 0x58d20482
Exception code: 0xc0000005
Fault offset: 0x008924c4
Faulting process id: 0x19b0
Faulting application start time: 0x01d33ca9d12f335f
Faulting application path: C:\Program Files\Microsoft Office\Office15\OUTLOOK.EXE
Faulting module path: C:\Program Files\Microsoft Office\Office15\OUTLOOK.EXE
Report Id: a048c64d-a89f-11e7-b336-0050569f40f8"
Error,10/4/2017 8:02:29 AM,EventCreate,1,None,Application,djkvdihost574.jakarta01.com,JAKARTA01\tara  
Error,10/4/2017 8:01:43 AM,EventCreate,1,None,Application,djkvdihost203.jakarta01.com,JAKARTA01\henry  
Error,10/4/2017 8:02:27 AM,EventCreate,1,None,Application,djkvdihost155.jakarta01.com,JAKARTA01\Latiefah  
Error,10/4/2017 8:02:20 AM,EventCreate,1,None,Application,djkvdihost173.jakarta01.com,JAKARTA01\yuswardie  
Error,10/4/2017 8:02:17 AM,EventCreate,1,None,Application,djkvdihost735.jakarta01.com,JAKARTA01\Yunita2  
Error,10/4/2017 8:02:17 AM,EventCreate,1,None,Application,djkvdihost691.jakarta01.com,JAKARTA01\Katsuhito  
Error,10/4/2017 8:02:13 AM,EventCreate,1,None,Application,djkvdihost661.jakarta01.com,JAKARTA01\sulaiman  
Error,10/4/2017 8:02:13 AM,EventCreate,1,None,Application,djkvdihost456.jakarta01.com,JAKARTA01\hafiah  
Error,10/4/2017 8:02:09 AM,EventCreate,1,None,Application,djkvdihost054.jakarta01.com,JAKARTA01\Winda  
Error,10/4/2017 8:02:05 AM,EventCreate,1,None,Application,djkvdihost514.jakarta01.com,JAKARTA01\Risqia  
Error,10/4/2017 8:01:35 AM,Application Error,1000,(100),Application,djkvdihost203.jakarta01.com,"Faulting application name: spoolsv.exe, version: 6.1.7601.17777, time stamp: 0x4f35efc3
Faulting module name: msvcrt.dll, version: 7.0.7601.17744, time stamp: 0x4eeaf722
Exception code: 0xc0000005
Fault offset: 0x0000aa14
Faulting process id: 0x634
Faulting application start time: 0x01d33c3da6e931fd
Faulting application path: C:\Windows\System32\spoolsv.exe
Faulting module path: C:\Windows\system32\msvcrt.dll
Report Id: 91503982-a89f-11e7-a8c7-0050569f2966"
Error,10/4/2017 8:01:56 AM,EventCreate,1,None,Application,djkvdihost221.jakarta01.com,JAKARTA01\novianti  
Error,10/4/2017 8:01:51 AM,EventCreate,1,None,Application,djkvdihost195.jakarta01.com,JAKARTA01\mutiman  
Error,10/4/2017 8:01:45 AM,EventCreate,1,None,Application,djkvdihost872.jakarta01.com,JAKARTA01\kubo  
Error,10/4/2017 8:01:39 AM,EventCreate,1,None,Application,djkvdihost017.jakarta01.com,JAKARTA01\supris  
Error,10/4/2017 8:01:37 AM,EventCreate,1,None,Application,djkvdihost481.jakarta01.com,JAKARTA01\maulina  
Error,10/4/2017 8:01:35 AM,EventCreate,1,None,Application,djkvdihost644.jakarta01.com,JAKARTA01\aprilia  
Error,10/4/2017 8:01:31 AM,EventCreate,1,None,Application,djkvdihost129.jakarta01.com,JAKARTA01\erminawati  
Error,10/4/2017 8:01:19 AM,EventCreate,1,None,Application,djkvdihost838.jakarta01.com,JAKARTA01\arief  
Error,10/4/2017 8:01:19 AM,EventCreate,1,None,Application,djkvdihost397.jakarta01.com,JAKARTA01\rudy  
Error,10/4/2017 8:01:17 AM,EventCreate,1,None,Application,djkvdihost276.jakarta01.com,JAKARTA01\evi  
Error,10/4/2017 8:01:16 AM,EventCreate,1,None,Application,djkvdihost403.jakarta01.com,JAKARTA01\davidc  
Error,10/4/2017 8:01:07 AM,EventCreate,1,None,Application,djkvdihost318.jakarta01.com,JAKARTA01\muhammady  
Error,10/4/2017 8:01:06 AM,EventCreate,1,None,Application,djkvdihost348.jakarta01.com,JAKARTA01\Rinaldo  
Error,10/4/2017 8:01:05 AM,EventCreate,1,None,Application,djkvdihost203.jakarta01.com,JAKARTA01\henry  
Error,10/4/2017 8:01:01 AM,EventCreate,1,None,Application,djkvdihost647.jakarta01.com,JAKARTA01\novitarini  
Error,10/4/2017 8:00:52 AM,EventCreate,1,None,Application,djkvdihost210.jakarta01.com,JAKARTA01\Novianawati  
Error,10/4/2017 8:00:44 AM,EventCreate,1,None,Application,djkvdihost171.jakarta01.com,JAKARTA01\dolly  
Error,10/4/2017 8:00:44 AM,EventCreate,1,None,Application,djkvdihost427.jakarta01.com,JAKARTA01\Adang  
Error,10/4/2017 8:00:43 AM,EventCreate,1,None,Application,djkvdihost275.jakarta01.com,JAKARTA01\puji sih  
Error,10/4/2017 8:00:40 AM,EventCreate,1,None,Application,djkvdihost524.jakarta01.com,JAKARTA01\yosanta  
Error,10/4/2017 8:00:39 AM,EventCreate,1,None,Application,djkvdihost488.jakarta01.com,JAKARTA01\fatima  
Error,10/4/2017 8:00:34 AM,EventCreate,1,None,Application,djkvdihost191.jakarta01.com,JAKARTA01\rara  
Error,10/4/2017 8:00:15 AM,EventCreate,1,None,Application,djkvdihost646.jakarta01.com,JAKARTA01\dananwst  
Error,10/4/2017 8:00:02 AM,EventCreate,1,None,Application,djkvdihost397.jakarta01.com,JAKARTA01\rudy  
Error,10/4/2017 8:00:01 AM,EventCreate,1,None,Application,djkvdihost377.jakarta01.com,JAKARTA01\meva  
Error,10/4/2017 7:59:57 AM,EventCreate,1,None,Application,djkvdihost134.jakarta01.com,JAKARTA01\endrojono  
Error,10/4/2017 7:59:55 AM,EventCreate,1,None,Application,djkvdihost794.jakarta01.com,JAKARTA01\lieke  
Error,10/4/2017 7:59:49 AM,EventCreate,1,None,Application,djkvdihost496.jakarta01.com,JAKARTA01\priscilla  
Error,10/4/2017 7:59:46 AM,EventCreate,1,None,Application,djkvdihost880.jakarta01.com,JAKARTA01\Kurnia Arisayuga  
Error,10/4/2017 7:59:46 AM,EventCreate,1,None,Application,djkvdihost650.jakarta01.com,JAKARTA01\hanna  
Error,10/4/2017 7:59:44 AM,EventCreate,1,None,Application,djkvdihost284.jakarta01.com,JAKARTA01\puri  
Error,10/4/2017 7:59:39 AM,EventCreate,1,None,Application,djkvdihost159.jakarta01.com,JAKARTA01\sorayahs  
Error,10/4/2017 7:59:39 AM,EventCreate,1,None,Application,djkvdihost902.jakarta01.com,JAKARTA01\Adhisty  
Error,10/4/2017 7:59:37 AM,EventCreate,1,None,Application,djkvdihost118.jakarta01.com,JAKARTA01\bryan  
Error,10/4/2017 7:59:35 AM,EventCreate,1,None,Application,djkvdihost143.jakarta01.com,JAKARTA01\m iqbal  
Error,10/4/2017 7:59:31 AM,EventCreate,1,None,Application,djkvdihost178.jakarta01.com,JAKARTA01\hersiari  
Error,10/4/2017 7:58:56 AM,EventCreate,1,None,Application,djkvdihost343.jakarta01.com,JAKARTA01\fajar  
Error,10/4/2017 7:59:23 AM,EventCreate,1,None,Application,djkvdihost818.jakarta01.com,JAKARTA01\arismanm  
Error,10/4/2017 7:59:15 AM,EventCreate,1,None,Application,djkvdihost730.jakarta01.com,JAKARTA01\BERNARDUS  
Error,10/4/2017 7:59:06 AM,EventCreate,1,None,Application,djkvdihost897.jakarta01.com,JAKARTA01\Enjang  
Error,10/4/2017 7:58:58 AM,EventCreate,1,None,Application,djkvdihost320.jakarta01.com,JAKARTA01\KristoforusAW  
Error,10/4/2017 7:58:58 AM,EventCreate,1,None,Application,djkvdihost563.jakarta01.com,JAKARTA01\GUESTISD32  
Error,10/4/2017 7:58:27 AM,WSH,1,None,Application,djkvdihost178.jakarta01.com,"CN=Dita Hersiari password will expire in 4 day(s) at 10/8/2017 7:48:55 AM

Press CTRL + ALT + DEL and select the ""Change a password"" option."
Error,10/4/2017 7:58:56 AM,EventCreate,1,None,Application,djkvdihost617.jakarta01.com,JAKARTA01\ailsa  
Error,10/4/2017 7:58:53 AM,EventCreate,1,None,Application,djkvdihost343.jakarta01.com,JAKARTA01\fajar  
Error,10/4/2017 7:58:53 AM,EventCreate,1,None,Application,djkvdihost730.jakarta01.com,JAKARTA01\BERNARDUS  
Error,10/4/2017 7:58:53 AM,EventCreate,1,None,Application,djkvdihost756.jakarta01.com,JAKARTA01\samekto  
Error,10/4/2017 7:58:48 AM,EventCreate,1,None,Application,djkvdihost011.jakarta01.com,JAKARTA01\victor  
Error,10/4/2017 7:58:45 AM,EventCreate,1,None,Application,djkvdihost477.jakarta01.com,JAKARTA01\GuestISD44  
Error,10/4/2017 7:58:44 AM,EventCreate,1,None,Application,djkvdihost253.jakarta01.com,JAKARTA01\cita  
Error,10/4/2017 7:58:43 AM,EventCreate,1,None,Application,djkvdihost727.jakarta01.com,JAKARTA01\ahmad zainul  
Error,10/4/2017 7:58:43 AM,EventCreate,1,None,Application,djkvdihost043.jakarta01.com,JAKARTA01\heriyadi  
Error,10/4/2017 7:58:41 AM,EventCreate,1,None,Application,djkvdihost317.jakarta01.com,JAKARTA01\luthfi  
Error,10/4/2017 7:58:39 AM,EventCreate,1,None,Application,djkvdihost640.jakarta01.com,JAKARTA01\puty  
Error,10/4/2017 7:58:32 AM,EventCreate,1,None,Application,djkvdihost543.jakarta01.com,JAKARTA01\astio  
Error,10/4/2017 7:58:26 AM,WSH,1,None,Application,djkvdihost178.jakarta01.com,"CN=Dita Hersiari password will expire in 4 day(s) at 10/8/2017 7:48:55 AM

Press CTRL + ALT + DEL and select the ""Change a password"" option."
Error,10/4/2017 7:58:15 AM,EventCreate,1,None,Application,djkvdihost550.jakarta01.com,JAKARTA01\ouki  
Error,10/4/2017 7:58:14 AM,EventCreate,1,None,Application,djkvdihost031.jakarta01.com,JAKARTA01\anjani  
Error,10/4/2017 7:57:45 AM,EventCreate,1,None,Application,djkvdihost022.jakarta01.com,JAKARTA01\harumi  
Error,10/4/2017 7:57:44 AM,Application Error,1000,(100),Application,djkvdihost022.jakarta01.com,"Faulting application name: iexplore.exe, version: 11.0.9600.18639, time stamp: 0x58d6bb0d
Faulting module name: MSHTML.dll, version: 11.0.9600.18639, time stamp: 0x58d6c720
Exception code: 0xc0000005
Fault offset: 0x000ac604
Faulting process id: 0x1ad0
Faulting application start time: 0x01d33ca94a28190b
Faulting application path: C:\Program Files\Internet Explorer\iexplore.exe
Faulting module path: C:\Windows\system32\MSHTML.dll
Report Id: 0768b252-a89f-11e7-90b0-0050569f6307"
Error,10/4/2017 7:58:04 AM,EventCreate,1,None,Application,djkvdihost513.jakarta01.com,JAKARTA01\rinaldonp  
Error,10/4/2017 7:58:04 AM,EventCreate,1,None,Application,djkvdihost213.jakarta01.com,JAKARTA01\andrewrs  
Error,10/4/2017 7:58:01 AM,EventCreate,1,None,Application,djkvdihost419.jakarta01.com,JAKARTA01\tri wahyu  
Error,10/4/2017 7:57:58 AM,EventCreate,1,None,Application,djkvdihost769.jakarta01.com,JAKARTA01\BudiS  
Error,10/4/2017 7:57:52 AM,EventCreate,1,None,Application,djkvdihost281.jakarta01.com,JAKARTA01\RatiAF  
Error,10/4/2017 7:57:50 AM,EventCreate,1,None,Application,djkvdihost332.jakarta01.com,JAKARTA01\R Syafira  
Error,10/4/2017 7:57:46 AM,EventCreate,1,None,Application,djkvdihost605.jakarta01.com,JAKARTA01\angga  
Error,10/4/2017 7:57:44 AM,EventCreate,1,None,Application,djkvdihost098.jakarta01.com,JAKARTA01\magdalena  
Error,10/4/2017 7:57:41 AM,EventCreate,1,None,Application,djkvdihost198.jakarta01.com,JAKARTA01\sonson  
Error,10/4/2017 7:57:34 AM,EventCreate,1,None,Application,djkvdihost327.jakarta01.com,JAKARTA01\smuhidin  
Error,10/4/2017 7:57:31 AM,EventCreate,1,None,Application,djkvdihost827.jakarta01.com,JAKARTA01\henry st  
Error,10/4/2017 7:57:29 AM,EventCreate,1,None,Application,djkvdihost623.jakarta01.com,JAKARTA01\MuhammadI  
Error,10/4/2017 7:57:23 AM,EventCreate,1,None,Application,djkvdihost107.jakarta01.com,JAKARTA01\hadid  
Error,10/4/2017 7:57:01 AM,EventCreate,1,None,Application,djkvdihost458.jakarta01.com,JAKARTA01\heriansyah  
Error,10/4/2017 7:56:52 AM,EventCreate,1,None,Application,djkvdihost071.jakarta01.com,JAKARTA01\endah_k  
Error,10/4/2017 7:56:46 AM,EventCreate,1,None,Application,djkvdihost116.jakarta01.com,JAKARTA01\indra jayadi  
Error,10/4/2017 7:56:45 AM,EventCreate,1,None,Application,djkvdihost461.jakarta01.com,JAKARTA01\bellaisya  
Error,10/4/2017 7:56:44 AM,EventCreate,1,None,Application,djkvdihost371.jakarta01.com,JAKARTA01\EDameria  
Error,10/4/2017 7:56:42 AM,EventCreate,1,None,Application,djkvdihost728.jakarta01.com,JAKARTA01\GuestISD46  
Error,10/4/2017 7:56:39 AM,EventCreate,1,None,Application,djkvdihost753.jakarta01.com,JAKARTA01\haedar  
Error,10/4/2017 7:56:24 AM,EventCreate,1,None,Application,djkvdihost217.jakarta01.com,JAKARTA01\chris bowo  
Error,10/4/2017 7:56:12 AM,EventCreate,1,None,Application,djkvdihost158.jakarta01.com,JAKARTA01\shinta  
Error,10/4/2017 7:55:35 AM,EventCreate,1,None,Application,djkvdihost523.jakarta01.com,JAKARTA01\gadis  
Error,10/4/2017 7:55:50 AM,EventCreate,1,None,Application,djkvdihost246.jakarta01.com,JAKARTA01\nirliani  
Error,10/4/2017 7:55:50 AM,EventCreate,1,None,Application,djkvdihost149.jakarta01.com,JAKARTA01\hendra firdaus  
Error,10/4/2017 7:55:46 AM,EventCreate,1,None,Application,djkvdihost271.jakarta01.com,JAKARTA01\dimas adhi  
Error,10/4/2017 7:55:44 AM,EventCreate,1,None,Application,djkvdihost697.jakarta01.com,JAKARTA01\idams  
Error,10/4/2017 7:55:28 AM,EventCreate,1,None,Application,djkvdihost520.jakarta01.com,JAKARTA01\raymond  
Error,10/4/2017 7:55:28 AM,EventCreate,1,None,Application,djkvdihost662.jakarta01.com,JAKARTA01\anggata  
Error,10/4/2017 7:55:22 AM,EventCreate,1,None,Application,djkvdihost407.jakarta01.com,JAKARTA01\hemayani  
Error,10/4/2017 7:55:22 AM,EventCreate,1,None,Application,djkvdihost539.jakarta01.com,JAKARTA01\linda  
Error,10/4/2017 7:55:19 AM,EventCreate,1,None,Application,djkvdihost551.jakarta01.com,JAKARTA01\DedyW  
Error,10/4/2017 7:55:13 AM,EventCreate,1,None,Application,djkvdihost900.jakarta01.com,JAKARTA01\Agus Sutikno  
Error,10/4/2017 7:55:17 AM,EventCreate,1,None,Application,djkvdihost846.jakarta01.com,JAKARTA01\abdul  
Error,10/4/2017 7:55:17 AM,EventCreate,1,None,Application,djkvdihost060.jakarta01.com,JAKARTA01\Arlyne  
Error,10/4/2017 7:55:14 AM,EventCreate,1,None,Application,djkvdihost523.jakarta01.com,JAKARTA01\gadis  
Error,10/4/2017 7:55:14 AM,EventCreate,1,None,Application,djkvdihost603.jakarta01.com,JAKARTA01\widya utami  
Error,10/4/2017 7:55:08 AM,EventCreate,1,None,Application,djkvdihost023.jakarta01.com,JAKARTA01\clarissa  
Error,10/4/2017 7:54:58 AM,EventCreate,1,None,Application,djkvdihost285.jakarta01.com,JAKARTA01\Marganda  
Error,10/4/2017 7:54:40 AM,EventCreate,1,None,Application,djkvdihost736.jakarta01.com,JAKARTA01\Audyanza  
Error,10/4/2017 7:54:46 AM,EventCreate,1,None,Application,djkvdihost759.jakarta01.com,JAKARTA01\SANI  
Error,10/4/2017 7:54:44 AM,EventCreate,1,None,Application,djkvdihost698.jakarta01.com,JAKARTA01\krisna  
Error,10/4/2017 7:54:43 AM,EventCreate,1,None,Application,djkvdihost778.jakarta01.com,JAKARTA01\airin  
Error,10/4/2017 7:54:37 AM,EventCreate,1,None,Application,djkvdihost786.jakarta01.com,JAKARTA01\melany  
Error,10/4/2017 7:54:35 AM,EventCreate,1,None,Application,djkvdihost703.jakarta01.com,JAKARTA01\rakhmanto  
Error,10/4/2017 7:54:35 AM,EventCreate,1,None,Application,djkvdihost333.jakarta01.com,JAKARTA01\samsul  
Error,10/4/2017 7:54:28 AM,EventCreate,1,None,Application,djkvdihost736.jakarta01.com,JAKARTA01\Audyanza  
Error,10/4/2017 7:53:55 AM,EventCreate,1,None,Application,djkvdihost432.jakarta01.com,JAKARTA01\chandra  
Error,10/4/2017 7:53:55 AM,Application Error,1000,(100),Application,djkvdihost432.jakarta01.com,"Faulting application name: EXCEL.EXE, version: 15.0.4919.1000, time stamp: 0x58c7ab0f
Faulting module name: EXCEL.EXE, version: 15.0.4919.1000, time stamp: 0x58c7ab0f
Exception code: 0xc0000005
Fault offset: 0x005e0076
Faulting process id: 0x1b04
Faulting application start time: 0x01d33cab3ec9c547
Faulting application path: C:\Program Files\Microsoft Office\Office15\EXCEL.EXE
Faulting module path: C:\Program Files\Microsoft Office\Office15\EXCEL.EXE
Report Id: 7ebfe267-a89e-11e7-9449-0050569f10c4"
Error,10/4/2017 7:54:17 AM,EventCreate,1,None,Application,djkvdihost714.jakarta01.com,JAKARTA01\yenaretsa  
Error,10/4/2017 7:54:16 AM,EventCreate,1,None,Application,djkvdihost841.jakarta01.com,JAKARTA01\deddy  
Error,10/4/2017 7:54:15 AM,EventCreate,1,None,Application,djkvdihost894.jakarta01.com,JAKARTA01\Adi Purnomo  
Error,10/4/2017 7:54:05 AM,EventCreate,1,None,Application,djkvdihost010.jakarta01.com,JAKARTA01\imam  
Error,10/4/2017 7:53:48 AM,EventCreate,1,None,Application,djkvdihost527.jakarta01.com,JAKARTA01\meri  
Error,10/4/2017 7:53:39 AM,EventCreate,1,None,Application,djkvdihost779.jakarta01.com,JAKARTA01\Darmawan  
Error,10/4/2017 7:53:36 AM,EventCreate,1,None,Application,djkvdihost072.jakarta01.com,JAKARTA01\Puspa  
Error,10/4/2017 7:53:33 AM,EventCreate,1,None,Application,djkvdihost466.jakarta01.com,JAKARTA01\toyoda  
Error,10/4/2017 7:53:22 AM,EventCreate,1,None,Application,djkvdihost526.jakarta01.com,JAKARTA01\indrak  
Error,10/4/2017 7:53:07 AM,EventCreate,1,None,Application,djkvdihost808.jakarta01.com,JAKARTA01\zulkarnaena  
Error,10/4/2017 7:53:01 AM,EventCreate,1,None,Application,djkvdihost252.jakarta01.com,JAKARTA01\Beny  
Error,10/4/2017 7:52:56 AM,EventCreate,1,None,Application,djkvdihost202.jakarta01.com,JAKARTA01\teddy h  
Error,10/4/2017 7:52:52 AM,EventCreate,1,None,Application,djkvdihost771.jakarta01.com,JAKARTA01\Astriana  
Error,10/4/2017 7:52:47 AM,EventCreate,1,None,Application,djkvdihost422.jakarta01.com,JAKARTA01\dadi hardi  
Error,10/4/2017 7:52:47 AM,EventCreate,1,None,Application,djkvdihost140.jakarta01.com,JAKARTA01\Hilma  
Error,10/4/2017 7:52:45 AM,EventCreate,1,None,Application,djkvdihost671.jakarta01.com,JAKARTA01\Danny  
Error,10/4/2017 7:52:13 AM,WSH,1,None,Application,djkvdihost771.jakarta01.com,"CN=Astriana Nur Annissa password will expire in 1 day(s) at 10/5/2017 7:44:37 AM

Press CTRL + ALT + DEL and select the ""Change a password"" option."
Error,10/4/2017 7:52:39 AM,EventCreate,1,None,Application,djkvdihost258.jakarta01.com,JAKARTA01\janna  
Error,10/4/2017 7:52:38 AM,EventCreate,1,None,Application,djkvdihost274.jakarta01.com,JAKARTA01\indra pranowo  
