Error,9/27/2017 13:55,Application Error,1000,-100,Application,djkvdihost436.jakarta01.com,"Faulting application name: OUTLOOK.EXE, version: 15.0.4919.1001, time stamp: 0x58d20482
Faulting module name: OUTLOOK.EXE, version: 15.0.4919.1001, time stamp: 0x58d20482
Exception code: 0xc0000005
Fault offset: 0x008924c4
Faulting process id: 0x197c
Faulting application start time: 0x01d33733dba7c11a
Faulting application path: C:\Program Files\Microsoft Office\Office15\OUTLOOK.EXE
Faulting module path: C:\Program Files\Microsoft Office\Office15\OUTLOOK.EXE
Report Id: e0fceaea-a350-11e7-b732-0050569f7286"
Error,9/27/2017 13:54,EventCreate,1,None,Application,djkvdihost147.jakarta01.com,JAKARTA01\hendry  
Error,9/27/2017 13:54,Application Error,1000,-100,Application,djkvdihost147.jakarta01.com,"Faulting application name: printfilterpipelinesvc.exe, version: 6.1.7600.16385, time stamp: 0x4a5bcef9
Faulting module name: unknown, version: 0.0.0.0, time stamp: 0x00000000
Exception code: 0xc0000005
Fault offset: 0x5b0ffe4c
Faulting process id: 0x1c88
Faulting application start time: 0x01d3375d7858ba6e
Faulting application path: C:\Windows\system32\printfilterpipelinesvc.exe
Faulting module path: unknown
Report Id: b64fcb6e-a350-11e7-ac7d-0050569f029e"
Error,9/27/2017 13:54,Application Error,1000,-100,Application,djkvdihost147.jakarta01.com,"Faulting application name: printfilterpipelinesvc.exe, version: 6.1.7600.16385, time stamp: 0x4a5bcef9
Faulting module name: unknown, version: 0.0.0.0, time stamp: 0x00000000
Exception code: 0xc0000005
Fault offset: 0x5b0ffe4c
Faulting process id: 0x1054
Faulting application start time: 0x01d3375d7735be3e
Faulting application path: C:\Windows\system32\printfilterpipelinesvc.exe
Faulting module path: unknown
Report Id: b57ff84e-a350-11e7-ac7d-0050569f029e"
Error,9/27/2017 13:50,EventCreate,1,None,Application,djkvdihost877.jakarta01.com,JAKARTA01\tsusaka  
Error,9/27/2017 13:50,EventCreate,1,None,Application,djkvdihost396.jakarta01.com,JAKARTA01\teddy  
Error,9/27/2017 13:50,Application Error,1000,-100,Application,djkvdihost396.jakarta01.com,"Faulting application name: OUTLOOK.EXE, version: 15.0.4919.1001, time stamp: 0x58d20482
Faulting module name: OUTLOOK.EXE, version: 15.0.4919.1001, time stamp: 0x58d20482
Exception code: 0xc0000005
Fault offset: 0x004870b2
Faulting process id: 0x6ec
Faulting application start time: 0x01d337335eff457c
Faulting application path: C:\Program Files\Microsoft Office\Office15\OUTLOOK.EXE
Faulting module path: C:\Program Files\Microsoft Office\Office15\OUTLOOK.EXE
Report Id: 24435185-a350-11e7-bed5-0050569f2396"
Error,9/27/2017 13:50,EventCreate,1,None,Application,djkvdihost877.jakarta01.com,JAKARTA01\tsusaka  
Error,9/27/2017 13:45,EventCreate,1,None,Application,djkvdihost262.jakarta01.com,JAKARTA01\prakasa  
Error,9/27/2017 13:45,EventCreate,1,None,Application,djkvdihost743.jakarta01.com,JAKARTA01\sonson  
Error,9/27/2017 13:45,Application Error,1000,-100,Application,djkvdihost262.jakarta01.com,"Faulting application name: OUTLOOK.EXE, version: 15.0.4919.1001, time stamp: 0x58d20482
Faulting module name: OUTLOOK.EXE, version: 15.0.4919.1001, time stamp: 0x58d20482
Exception code: 0xc0000005
Fault offset: 0x008924c4
Faulting process id: 0x1284
Faulting application start time: 0x01d3373181cc7555
Faulting application path: C:\Program Files\Microsoft Office\Office15\OUTLOOK.EXE
Faulting module path: C:\Program Files\Microsoft Office\Office15\OUTLOOK.EXE
Report Id: 749af02f-a34f-11e7-8f7a-0050569f3900"
Error,9/27/2017 13:45,Application Error,1000,-100,Application,djkvdihost743.jakarta01.com,"Faulting application name: PhotoScreensaver.scr, version: 6.1.7601.17514, time stamp: 0x4ce7a590
Faulting module name: SHELL32.dll, version: 6.1.7601.23537, time stamp: 0x57c450f4
Exception code: 0xc0000005
Fault offset: 0x001f269f
Faulting process id: 0x1f90
Faulting application start time: 0x01d33757f2df2cef
Faulting application path: C:\Windows\system32\PhotoScreensaver.scr
Faulting module path: C:\Windows\system32\SHELL32.dll
Report Id: 65d1ad76-a34f-11e7-b970-0050569f62ff"
Error,9/27/2017 13:41,EventCreate,1,None,Application,djkvdihost260.jakarta01.com,JAKARTA01\mazy  
Error,9/27/2017 13:41,Application Error,1000,-100,Application,djkvdihost260.jakarta01.com,"Faulting application name: OUTLOOK.EXE, version: 15.0.4919.1001, time stamp: 0x58d20482
Faulting module name: OUTLOOK.EXE, version: 15.0.4919.1001, time stamp: 0x58d20482
Exception code: 0xc0000005
Fault offset: 0x008924c7
Faulting process id: 0x1d9c
Faulting application start time: 0x01d3372dad9e2ce0
Faulting application path: C:\Program Files\Microsoft Office\Office15\OUTLOOK.EXE
Faulting module path: C:\Program Files\Microsoft Office\Office15\OUTLOOK.EXE
Report Id: e8ccc558-a34e-11e7-be40-0050569f3343"
Error,9/27/2017 13:37,EventCreate,1,None,Application,djkvdihost105.jakarta01.com,JAKARTA01\warda  
Error,9/27/2017 13:37,Application Error,1000,-100,Application,djkvdihost105.jakarta01.com,"Faulting application name: OUTLOOK.EXE, version: 15.0.4919.1001, time stamp: 0x58d20482
Faulting module name: OUTLOOK.EXE, version: 15.0.4919.1001, time stamp: 0x58d20482
Exception code: 0xc0000005
Fault offset: 0x008924c4
Faulting process id: 0x184c
Faulting application start time: 0x01d337369fdca6f5
Faulting application path: C:\Program Files\Microsoft Office\Office15\OUTLOOK.EXE
Faulting module path: C:\Program Files\Microsoft Office\Office15\OUTLOOK.EXE
Report Id: 60b830e2-a34e-11e7-bde9-0050569f41a3"
Error,9/27/2017 13:24,EventCreate,1,None,Application,djkvdihost324.jakarta01.com,JAKARTA01\Ronald  
Error,9/27/2017 13:24,Application Error,1000,-100,Application,djkvdihost324.jakarta01.com,"Faulting application name: OUTLOOK.EXE, version: 15.0.4919.1001, time stamp: 0x58d20482
Faulting module name: OUTLOOK.EXE, version: 15.0.4919.1001, time stamp: 0x58d20482
Exception code: 0xc0000005
Fault offset: 0x008924c4
Faulting process id: 0x16ec
Faulting application start time: 0x01d3373119899f52
Faulting application path: C:\Program Files\Microsoft Office\Office15\OUTLOOK.EXE
Faulting module path: C:\Program Files\Microsoft Office\Office15\OUTLOOK.EXE
Report Id: 90ed9d6e-a34c-11e7-9e03-0050569f736f"
Error,9/27/2017 13:21,EventCreate,1,None,Application,djkvdihost369.jakarta01.com,JAKARTA01\evanc  
Error,9/27/2017 13:21,Application Error,1000,-100,Application,djkvdihost369.jakarta01.com,"Faulting application name: iexplore.exe, version: 11.0.9600.18639, time stamp: 0x58d6bb0d
Faulting module name: Flash32_20_0_0_286.ocx, version: 20.0.0.286, time stamp: 0x56944dbe
Exception code: 0xc0000005
Fault offset: 0x000d9900
Faulting process id: 0x19e0
Faulting application start time: 0x01d337484893c52d
Faulting application path: C:\Program Files\Internet Explorer\iexplore.exe
Faulting module path: C:\Windows\system32\Macromed\Flash\Flash32_20_0_0_286.ocx
Report Id: 1a1e1b65-a34c-11e7-9856-0050569f7e6d"
Error,9/27/2017 13:18,EventCreate,1,None,Application,djkvdihost814.jakarta01.com,JAKARTA01\asep  
Error,9/27/2017 13:17,WSH,1,None,Application,djkvdihost814.jakarta01.com,"CN=Asep Gunawan password will expire in 4 day(s) at 10/1/2017 7:58:08 AM

Press CTRL + ALT + DEL and select the ""Change a password"" option."
Error,9/27/2017 13:17,WSH,1,None,Application,djkvdihost814.jakarta01.com,"CN=Asep Gunawan password will expire in 4 day(s) at 10/1/2017 7:58:08 AM

Press CTRL + ALT + DEL and select the ""Change a password"" option."
Error,9/27/2017 13:07,EventCreate,1,None,Application,djkvdihost816.jakarta01.com,JAKARTA01\guestISD44  
Error,9/27/2017 12:54,EventCreate,1,None,Application,djkvdihost040.jakarta01.com,JAKARTA01\findal  
Error,9/27/2017 12:54,Application Error,1000,-100,Application,djkvdihost040.jakarta01.com,"Faulting application name: PhotoScreensaver.scr, version: 6.1.7601.17514, time stamp: 0x4ce7a590
Faulting module name: SHELL32.dll, version: 6.1.7601.23537, time stamp: 0x57c450f4
Exception code: 0xc0000005
Fault offset: 0x001f269f
Faulting process id: 0x1c68
Faulting application start time: 0x01d3374deb05c9f5
Faulting application path: C:\Windows\system32\PhotoScreensaver.scr
Faulting module path: C:\Windows\system32\SHELL32.dll
Report Id: 5645cb5f-a348-11e7-bbc5-0050569f20f8"
Error,9/27/2017 12:26,EventCreate,1,None,Application,djkvdihost715.jakarta01.com,JAKARTA01\Etty  
Error,9/27/2017 12:26,EventCreate,1,None,Application,djkvdihost512.jakarta01.com,JAKARTA01\raymond  
Error,9/27/2017 12:20,EventCreate,1,None,Application,djkvdihost662.jakarta01.com,JAKARTA01\guestisd53  
Error,9/27/2017 12:10,EventCreate,1,None,Application,djkvdihost743.jakarta01.com,JAKARTA01\sonson  
Error,9/27/2017 12:10,Application Error,1000,-100,Application,djkvdihost743.jakarta01.com,"Faulting application name: PhotoScreensaver.scr, version: 6.1.7601.17514, time stamp: 0x4ce7a590
Faulting module name: SHELL32.dll, version: 6.1.7601.23537, time stamp: 0x57c450f4
Exception code: 0xc0000005
Fault offset: 0x001f269f
Faulting process id: 0x195c
Faulting application start time: 0x01d3374ec93578bf
Faulting application path: C:\Windows\system32\PhotoScreensaver.scr
Faulting module path: C:\Windows\system32\SHELL32.dll
Report Id: 37064e47-a342-11e7-b970-0050569f62ff"
Error,9/27/2017 12:06,EventCreate,1,None,Application,djkvdihost217.jakarta01.com,JAKARTA01\karmelita  
Error,9/27/2017 12:06,Application Error,1000,-100,Application,djkvdihost217.jakarta01.com,"Faulting application name: OUTLOOK.EXE, version: 15.0.4919.1001, time stamp: 0x58d20482
Faulting module name: OUTLOOK.EXE, version: 15.0.4919.1001, time stamp: 0x58d20482
Exception code: 0xc0000005
Fault offset: 0x008924c4
Faulting process id: 0x1a44
Faulting application start time: 0x01d33736f94ff091
Faulting application path: C:\Program Files\Microsoft Office\Office15\OUTLOOK.EXE
Faulting module path: C:\Program Files\Microsoft Office\Office15\OUTLOOK.EXE
Report Id: 9b75a32f-a341-11e7-94d5-0050569f2db8"
Error,9/27/2017 11:48,EventCreate,1,None,Application,djkvdihost147.jakarta01.com,JAKARTA01\hendry  
Error,9/27/2017 11:48,Application Error,1000,-100,Application,djkvdihost147.jakarta01.com,"Faulting application name: printfilterpipelinesvc.exe, version: 6.1.7600.16385, time stamp: 0x4a5bcef9
Faulting module name: HPB6SY2786_X86ENUS.DLL_unloaded, version: 0.0.0.0, time stamp: 0x54f7f987
Exception code: 0xc0000005
Fault offset: 0x5b0ffe4c
Faulting process id: 0x1ff0
Faulting application start time: 0x01d3374bcbc3b2ce
Faulting application path: C:\Windows\system32\printfilterpipelinesvc.exe
Faulting module path: HPB6SY2786_X86ENUS.DLL
Report Id: 09d1d60e-a33f-11e7-ac7d-0050569f029e"
Error,9/27/2017 11:47,EventCreate,1,None,Application,djkvdihost228.jakarta01.com,JAKARTA01\quartiny  
Error,9/27/2017 11:47,EventCreate,1,None,Application,djkvdihost228.jakarta01.com,JAKARTA01\quartiny  
Error,9/27/2017 11:45,EventCreate,1,None,Application,djkvdihost577.jakarta01.com,JAKARTA01\Arfilia  
Error,9/27/2017 11:41,EventCreate,1,None,Application,djkvdihost728.jakarta01.com,JAKARTA01\sysdovs01  
Error,9/27/2017 11:40,EventCreate,1,None,Application,djkvdihost553.jakarta01.com,JAKARTA01\kusumadita  
Error,9/27/2017 11:40,Application Error,1000,-100,Application,djkvdihost553.jakarta01.com,"Faulting application name: OUTLOOK.EXE, version: 15.0.4919.1001, time stamp: 0x58d20482
Faulting module name: OUTLOOK.EXE, version: 15.0.4919.1001, time stamp: 0x58d20482
Exception code: 0xc0000005
Fault offset: 0x008924c7
Faulting process id: 0x1ac8
Faulting application start time: 0x01d33727c656bdff
Faulting application path: C:\Program Files\Microsoft Office\Office15\OUTLOOK.EXE
Faulting module path: C:\Program Files\Microsoft Office\Office15\OUTLOOK.EXE
Report Id: f1c98f40-a33d-11e7-91e8-0050569f65d9"
Error,9/27/2017 11:38,EventCreate,1,None,Application,djkvdihost745.jakarta01.com,JAKARTA01\Bryant  
Error,9/27/2017 11:38,Application Error,1000,-100,Application,djkvdihost745.jakarta01.com,"Faulting application name: OUTLOOK.EXE, version: 15.0.4919.1001, time stamp: 0x58d20482
Faulting module name: OUTLOOK.EXE, version: 15.0.4919.1001, time stamp: 0x58d20482
Exception code: 0xc0000005
Fault offset: 0x008924c4
Faulting process id: 0x1f78
Faulting application start time: 0x01d33735f9e3f38e
Faulting application path: C:\Program Files\Microsoft Office\Office15\OUTLOOK.EXE
Faulting module path: C:\Program Files\Microsoft Office\Office15\OUTLOOK.EXE
Report Id: c1337a73-a33d-11e7-8484-0050569f2c5e"
Error,9/27/2017 11:33,EventCreate,1,None,Application,djkvdihost863.jakarta01.com,JAKARTA01\kubo  
Error,9/27/2017 11:33,EventCreate,1,None,Application,djkvdihost662.jakarta01.com,JAKARTA01\Indra Bramantyono  
Error,9/27/2017 11:32,EventCreate,1,None,Application,djkvdihost863.jakarta01.com,JAKARTA01\kubo  
Error,9/27/2017 11:31,EventCreate,1,None,Application,djkvdihost469.jakarta01.com,JAKARTA01\nurul  
Error,9/27/2017 11:31,EventCreate,1,None,Application,djkvdihost581.jakarta01.com,JAKARTA01\Doris  
Error,9/27/2017 11:27,EventCreate,1,None,Application,djkvdihost126.jakarta01.com,JAKARTA01\rahman  
Error,9/27/2017 11:27,Application Error,1000,-100,Application,djkvdihost126.jakarta01.com,"Faulting application name: OUTLOOK.EXE, version: 15.0.4919.1001, time stamp: 0x58d20482
Faulting module name: OUTLOOK.EXE, version: 15.0.4919.1001, time stamp: 0x58d20482
Exception code: 0xc0000005
Fault offset: 0x008924c4
Faulting process id: 0xddc
Faulting application start time: 0x01d3373aff876bbb
Faulting application path: C:\Program Files\Microsoft Office\Office15\OUTLOOK.EXE
Faulting module path: C:\Program Files\Microsoft Office\Office15\OUTLOOK.EXE
Report Id: 20d92699-a33c-11e7-b9ec-0050569f2fff"
Error,9/27/2017 11:25,EventCreate,1,None,Application,djkvdihost252.jakarta01.com,JAKARTA01\MahendraR  
Error,9/27/2017 11:25,Application Error,1000,-100,Application,djkvdihost252.jakarta01.com,"Faulting application name: OUTLOOK.EXE, version: 15.0.4919.1001, time stamp: 0x58d20482
Faulting module name: OUTLOOK.EXE, version: 15.0.4919.1001, time stamp: 0x58d20482
Exception code: 0xc0000005
Fault offset: 0x008924c4
Faulting process id: 0x1878
Faulting application start time: 0x01d33745336ec81f
Faulting application path: C:\Program Files\Microsoft Office\Office15\OUTLOOK.EXE
Faulting module path: C:\Program Files\Microsoft Office\Office15\OUTLOOK.EXE
Report Id: ef56e497-a33b-11e7-917a-0050569f23c8"
Error,9/27/2017 11:23,EventCreate,1,None,Application,djkvdihost875.jakarta01.com,JAKARTA01\bayu  
Error,9/27/2017 11:22,WSH,1,None,Application,djkvdihost875.jakarta01.com,"CN=Andi Bayu W password will expire in 1 day(s) at 9/28/2017 8:06:14 AM

Press CTRL + ALT + DEL and select the ""Change a password"" option."
Error,9/27/2017 11:22,EventCreate,1,None,Application,djkvdihost145.jakarta01.com,JAKARTA01\ryan  
Error,9/27/2017 11:22,WSH,1,None,Application,djkvdihost875.jakarta01.com,"CN=Andi Bayu W password will expire in 1 day(s) at 9/28/2017 8:06:14 AM

Press CTRL + ALT + DEL and select the ""Change a password"" option."
Error,9/27/2017 11:22,EventCreate,1,None,Application,djkvdihost315.jakarta01.com,JAKARTA01\gerald  
Error,9/27/2017 11:22,Application Error,1000,-100,Application,djkvdihost145.jakarta01.com,"Faulting application name: OUTLOOK.EXE, version: 15.0.4919.1001, time stamp: 0x58d20482
Faulting module name: OUTLOOK.EXE, version: 15.0.4919.1001, time stamp: 0x58d20482
Exception code: 0xc0000005
Fault offset: 0x008924c4
Faulting process id: 0x1d7c
Faulting application start time: 0x01d3372a6c8d804d
Faulting application path: C:\Program Files\Microsoft Office\Office15\OUTLOOK.EXE
Faulting module path: C:\Program Files\Microsoft Office\Office15\OUTLOOK.EXE
Report Id: 7239ed00-a33b-11e7-a7f9-0050569f03c3"
Error,9/27/2017 11:20,EventCreate,1,None,Application,djkvdihost863.jakarta01.com,JAKARTA01\bayu  
Error,9/27/2017 11:20,Application Error,1000,-100,Application,djkvdihost863.jakarta01.com,"Faulting application name: OUTLOOK.EXE, version: 15.0.4919.1001, time stamp: 0x58d20482
Faulting module name: OUTLOOK.EXE, version: 15.0.4919.1001, time stamp: 0x58d20482
Exception code: 0xc0000005
Fault offset: 0x008924c4
Faulting process id: 0x1d68
Faulting application start time: 0x01d3372bf6587337
Faulting application path: C:\Program Files\Microsoft Office\Office15\OUTLOOK.EXE
Faulting module path: C:\Program Files\Microsoft Office\Office15\OUTLOOK.EXE
Report Id: 20d0b944-a33b-11e7-8bfe-0050569f0cc6"
Error,9/27/2017 11:16,EventCreate,1,None,Application,djkvdihost705.jakarta01.com,JAKARTA01\Bagus Gede  
Error,9/27/2017 11:16,EventCreate,1,None,Application,djkvdihost044.jakarta01.com,JAKARTA01\widiana  
Error,9/27/2017 11:16,Application Error,1000,-100,Application,djkvdihost705.jakarta01.com,"Faulting application name: OUTLOOK.EXE, version: 15.0.4919.1001, time stamp: 0x58d20482
Faulting module name: OUTLOOK.EXE, version: 15.0.4919.1001, time stamp: 0x58d20482
Exception code: 0xc0000005
Fault offset: 0x008924c7
Faulting process id: 0x1e68
Faulting application start time: 0x01d3372e94e581bc
Faulting application path: C:\Program Files\Microsoft Office\Office15\OUTLOOK.EXE
Faulting module path: C:\Program Files\Microsoft Office\Office15\OUTLOOK.EXE
Report Id: 93c17c74-a33a-11e7-96b2-0050569f2018"
Error,9/27/2017 11:13,EventCreate,1,None,Application,djkvdihost688.jakarta01.com,JAKARTA01\yulia rifanda  
Error,9/27/2017 11:13,Application Error,1000,-100,Application,djkvdihost688.jakarta01.com,"Faulting application name: OUTLOOK.EXE, version: 15.0.4919.1001, time stamp: 0x58d20482
Faulting module name: OUTLOOK.EXE, version: 15.0.4919.1001, time stamp: 0x58d20482
Exception code: 0xc0000005
Fault offset: 0x008924c4
Faulting process id: 0x1d3c
Faulting application start time: 0x01d3372e899bf0fd
Faulting application path: C:\Program Files\Microsoft Office\Office15\OUTLOOK.EXE
Faulting module path: C:\Program Files\Microsoft Office\Office15\OUTLOOK.EXE
Report Id: 42680db7-a33a-11e7-a03f-0050569f70f3"
Error,9/27/2017 11:12,EventCreate,1,None,Application,djkvdihost436.jakarta01.com,JAKARTA01\Kartina  
Error,9/27/2017 11:12,EventCreate,1,None,Application,djkvdihost390.jakarta01.com,JAKARTA01\pancaran  
Error,9/27/2017 11:12,EventCreate,1,None,Application,djkvdihost584.jakarta01.com,JAKARTA01\Djohan  
Error,9/27/2017 11:11,EventCreate,1,None,Application,djkvdihost174.jakarta01.com,JAKARTA01\primaningtyas  
Error,9/27/2017 11:08,EventCreate,1,None,Application,djkvdihost059.jakarta01.com,JAKARTA01\Guestisd30  
Error,9/27/2017 11:07,EventCreate,1,None,Application,djkvdihost059.jakarta01.com,JAKARTA01\Guestisd30  
Error,9/27/2017 11:03,EventCreate,1,None,Application,djkvdihost764.jakarta01.com,JAKARTA01\nadea  
Error,9/27/2017 11:02,WSH,1,None,Application,djkvdihost764.jakarta01.com,"CN=Nadea Endar Kesuma password will expire in 4 day(s) at 10/1/2017 8:20:18 AM

Press CTRL + ALT + DEL and select the ""Change a password"" option."
Error,9/27/2017 11:02,WSH,1,None,Application,djkvdihost764.jakarta01.com,"CN=Nadea Endar Kesuma password will expire in 4 day(s) at 10/1/2017 8:20:18 AM

Press CTRL + ALT + DEL and select the ""Change a password"" option."
Error,9/27/2017 11:01,EventCreate,1,None,Application,djkvdihost252.jakarta01.com,JAKARTA01\MahendraR  
Error,9/27/2017 11:00,EventCreate,1,None,Application,djkvdihost562.jakarta01.com,JAKARTA01\Hertanto gunadi  
Error,9/27/2017 10:59,EventCreate,1,None,Application,djkvdihost022.jakarta01.com,JAKARTA01\guestisd52  
Error,9/27/2017 10:57,EventCreate,1,None,Application,djkvdihost600.jakarta01.com,JAKARTA01\Budi abianto  
Error,9/27/2017 10:57,EventCreate,1,None,Application,djkvdihost749.jakarta01.com,JAKARTA01\dwi budi  
Error,9/27/2017 10:55,EventCreate,1,None,Application,djkvdihost094.jakarta01.com,JAKARTA01\ahmad  
Error,9/27/2017 10:55,EventCreate,1,None,Application,djkvdihost652.jakarta01.com,JAKARTA01\purba  
Error,9/27/2017 10:55,Application Error,1000,-100,Application,djkvdihost094.jakarta01.com,"Faulting application name: OUTLOOK.EXE, version: 15.0.4919.1001, time stamp: 0x58d20482
Faulting module name: OUTLOOK.EXE, version: 15.0.4919.1001, time stamp: 0x58d20482
Exception code: 0xc0000005
Fault offset: 0x008924c4
Faulting process id: 0x1dd0
Faulting application start time: 0x01d3372e49bfc7f8
Faulting application path: C:\Program Files\Microsoft Office\Office15\OUTLOOK.EXE
Faulting module path: C:\Program Files\Microsoft Office\Office15\OUTLOOK.EXE
Report Id: bb857440-a337-11e7-95dd-0050569f0521"
Error,9/27/2017 10:53,EventCreate,1,None,Application,djkvdihost791.jakarta01.com,JAKARTA01\martha  
Error,9/27/2017 10:53,Application Error,1000,-100,Application,djkvdihost791.jakarta01.com,"Faulting application name: spoolsv.exe, version: 6.1.7601.17777, time stamp: 0x4f35efc3
Faulting module name: msvcrt.dll, version: 7.0.7601.17744, time stamp: 0x4eeaf722
Exception code: 0xc0000005
Fault offset: 0x0000aa14
Faulting process id: 0x63c
Faulting application start time: 0x01d336b81efa0480
Faulting application path: C:\Windows\System32\spoolsv.exe
Faulting module path: C:\Windows\system32\msvcrt.dll
Report Id: 690fce8a-a337-11e7-8dae-0050569f1f27"
Error,9/27/2017 10:51,EventCreate,1,None,Application,djkvdihost537.jakarta01.com,JAKARTA01\ibahtiar  
Error,9/27/2017 10:51,Application Error,1000,-100,Application,djkvdihost537.jakarta01.com,"Faulting application name: PhotoScreensaver.scr, version: 6.1.7601.17514, time stamp: 0x4ce7a590
Faulting module name: SHELL32.dll, version: 6.1.7601.23537, time stamp: 0x57c450f4
Exception code: 0xc0000005
Fault offset: 0x001f269f
Faulting process id: 0x1af4
Faulting application start time: 0x01d3373c4416782b
Faulting application path: C:\Windows\system32\PhotoScreensaver.scr
Faulting module path: C:\Windows\system32\SHELL32.dll
Report Id: 21837073-a337-11e7-a778-0050569f34ed"
Error,9/27/2017 10:49,EventCreate,1,None,Application,djkvdihost239.jakarta01.com,JAKARTA01\guestacc10  
Error,9/27/2017 10:46,EventCreate,1,None,Application,djkvdihost161.jakarta01.com,JAKARTA01\muhamadZAH  
Error,9/27/2017 10:44,EventCreate,1,None,Application,djkvdihost019.jakarta01.com,JAKARTA01\bellaisya  
Error,9/27/2017 10:44,Application Error,1000,-100,Application,djkvdihost019.jakarta01.com,"Faulting application name: OUTLOOK.EXE, version: 15.0.4919.1001, time stamp: 0x58d20482
Faulting module name: OUTLOOK.EXE, version: 15.0.4919.1001, time stamp: 0x58d20482
Exception code: 0xc0000005
Fault offset: 0x008924c4
Faulting process id: 0x1cd8
Faulting application start time: 0x01d3372e0251300b
Faulting application path: C:\Program Files\Microsoft Office\Office15\OUTLOOK.EXE
Faulting module path: C:\Program Files\Microsoft Office\Office15\OUTLOOK.EXE
Report Id: 2af1ceea-a336-11e7-91a4-0050569f4f8a"
Error,9/27/2017 10:41,EventCreate,1,None,Application,djkvdihost626.jakarta01.com,JAKARTA01\andryan  
Error,9/27/2017 10:41,Application Error,1000,-100,Application,djkvdihost626.jakarta01.com,"Faulting application name: OUTLOOK.EXE, version: 15.0.4919.1001, time stamp: 0x58d20482
Faulting module name: OUTLOOK.EXE, version: 15.0.4919.1001, time stamp: 0x58d20482
Exception code: 0xc0000005
Fault offset: 0x008924c4
Faulting process id: 0x180c
Faulting application start time: 0x01d3372b3a7621c4
Faulting application path: C:\Program Files\Microsoft Office\Office15\OUTLOOK.EXE
Faulting module path: C:\Program Files\Microsoft Office\Office15\OUTLOOK.EXE
Report Id: b70cddd5-a335-11e7-8ad6-0050569f5c03"
Error,9/27/2017 10:39,EventCreate,1,None,Application,djkvdihost002.jakarta01.com,JAKARTA01\erik  
Error,9/27/2017 10:36,EventCreate,1,None,Application,djkvdihost802.jakarta01.com,JAKARTA01\Riki Darisman  
Error,9/27/2017 10:36,Application Error,1000,-100,Application,djkvdihost802.jakarta01.com,"Faulting application name: EXCEL.EXE, version: 15.0.4919.1000, time stamp: 0x58c7ab0f
Faulting module name: unknown, version: 0.0.0.0, time stamp: 0x00000000
Exception code: 0xc0000005
Fault offset: 0x006c0047
Faulting process id: 0x1b9c
Faulting application start time: 0x01d33741d2e9635a
Faulting application path: C:\Program Files\Microsoft Office\Office15\EXCEL.EXE
Faulting module path: unknown
Report Id: 121fa4c5-a335-11e7-a490-0050569f6ece"
Error,9/27/2017 10:37,EventCreate,1,None,Application,djkvdihost124.jakarta01.com,JAKARTA01\Sunaryo  
Error,9/27/2017 10:35,EventCreate,1,None,Application,djkvdihost391.jakarta01.com,JAKARTA01\Etty  
Error,9/27/2017 10:34,EventCreate,1,None,Application,djkvdihost391.jakarta01.com,JAKARTA01\Etty  
Error,9/27/2017 10:28,EventCreate,1,None,Application,djkvdihost300.jakarta01.com,JAKARTA01\magdalena  
Error,9/27/2017 10:28,Application Error,1000,-100,Application,djkvdihost300.jakarta01.com,"Faulting application name: OUTLOOK.EXE, version: 15.0.4919.1001, time stamp: 0x58d20482
Faulting module name: OUTLOOK.EXE, version: 15.0.4919.1001, time stamp: 0x58d20482
Exception code: 0xc0000005
Fault offset: 0x008924c7
Faulting process id: 0x1b88
Faulting application start time: 0x01d3372ea233fc4b
Faulting application path: C:\Program Files\Microsoft Office\Office15\OUTLOOK.EXE
Faulting module path: C:\Program Files\Microsoft Office\Office15\OUTLOOK.EXE
Report Id: e79a69e6-a333-11e7-a0ed-0050569f2b46"
Error,9/27/2017 10:27,EventCreate,1,None,Application,djkvdihost159.jakarta01.com,JAKARTA01\budi ramadhan  
Error,9/27/2017 10:22,EventCreate,1,None,Application,djkvdihost899.jakarta01.com,JAKARTA01\matthew  
Error,9/27/2017 10:22,Application Error,1000,-100,Application,djkvdihost899.jakarta01.com,"Faulting application name: OUTLOOK.EXE, version: 15.0.4927.1001, time stamp: 0x58f5f52e
Faulting module name: OUTLOOK.EXE, version: 15.0.4927.1001, time stamp: 0x58f5f52e
Exception code: 0xc0000409
Fault offset: 0x00dc3399
Faulting process id: 0x3d8
Faulting application start time: 0x01d3372d7d3dc750
Faulting application path: C:\Program Files (x86)\Microsoft Office\Office15\OUTLOOK.EXE
Faulting module path: C:\Program Files (x86)\Microsoft Office\Office15\OUTLOOK.EXE
Report Id: 2760492d-a333-11e7-b7a7-0050569f6c3c"
Error,9/27/2017 10:21,EventCreate,1,None,Application,djkvdihost228.jakarta01.com,JAKARTA01\yudistira  
Error,9/27/2017 10:17,EventCreate,1,None,Application,djkvdihost618.jakarta01.com,JAKARTA01\nathaniel  
Error,9/27/2017 10:17,Application Error,1000,-100,Application,djkvdihost618.jakarta01.com,"Faulting application name: spoolsv.exe, version: 6.1.7601.17777, time stamp: 0x4f35efc3
Faulting module name: msvcrt.dll, version: 7.0.7601.17744, time stamp: 0x4eeaf722
Exception code: 0xc0000005
Fault offset: 0x0000aa14
Faulting process id: 0x63c
Faulting application start time: 0x01d336bd040417f3
Faulting application path: C:\Windows\System32\spoolsv.exe
Faulting module path: C:\Windows\system32\msvcrt.dll
Report Id: 5cae30df-a332-11e7-9951-0050569f6f56"
Error,9/27/2017 10:14,EventCreate,1,None,Application,djkvdihost446.jakarta01.com,JAKARTA01\tri wahyu  
Error,9/27/2017 10:13,EventCreate,1,None,Application,djkvdihost446.jakarta01.com,JAKARTA01\tri wahyu  
Error,9/27/2017 10:12,EventCreate,1,None,Application,djkvdihost116.jakarta01.com,JAKARTA01\andini  
Error,9/27/2017 10:11,EventCreate,1,None,Application,djkvdihost755.jakarta01.com,JAKARTA01\richard  
Error,9/27/2017 10:10,WSH,1,None,Application,djkvdihost755.jakarta01.com,"CN=Richard Lucky Hasintongan password will expire in 1 day(s) at 9/28/2017 8:20:10 AM

Press CTRL + ALT + DEL and select the ""Change a password"" option."
Error,9/27/2017 10:10,WSH,1,None,Application,djkvdihost755.jakarta01.com,"CN=Richard Lucky Hasintongan password will expire in 1 day(s) at 9/28/2017 8:20:10 AM

Press CTRL + ALT + DEL and select the ""Change a password"" option."
Error,9/27/2017 10:10,EventCreate,1,None,Application,djkvdihost290.jakarta01.com,JAKARTA01\guestacc08  
Error,9/27/2017 10:10,EventCreate,1,None,Application,djkvdihost408.jakarta01.com,JAKARTA01\Thalia  
Error,9/27/2017 10:09,EventCreate,1,None,Application,djkvdihost218.jakarta01.com,JAKARTA01\adityo yuwono  
Error,9/27/2017 10:08,EventCreate,1,None,Application,djkvdihost587.jakarta01.com,JAKARTA01\fathiya  
Error,9/27/2017 10:07,EventCreate,1,None,Application,djkvdihost147.jakarta01.com,JAKARTA01\hendry  
Error,9/27/2017 10:08,Application Error,1000,-100,Application,djkvdihost587.jakarta01.com,"Faulting application name: OUTLOOK.EXE, version: 15.0.4919.1001, time stamp: 0x58d20482
Faulting module name: OUTLOOK.EXE, version: 15.0.4919.1001, time stamp: 0x58d20482
Exception code: 0xc0000005
Fault offset: 0x008924c4
Faulting process id: 0x1b60
Faulting application start time: 0x01d3372cf0b41bae
Faulting application path: C:\Program Files\Microsoft Office\Office15\OUTLOOK.EXE
Faulting module path: C:\Program Files\Microsoft Office\Office15\OUTLOOK.EXE
Report Id: 1ce23959-a331-11e7-86e0-0050569f2ee5"
Error,9/27/2017 10:07,EventCreate,1,None,Application,djkvdihost312.jakarta01.com,JAKARTA01\Hilman  
Error,9/27/2017 10:07,EventCreate,1,None,Application,djkvdihost452.jakarta01.com,JAKARTA01\tesha  
Error,9/27/2017 10:07,Application Error,1000,-100,Application,djkvdihost147.jakarta01.com,"Faulting application name: printfilterpipelinesvc.exe, version: 6.1.7600.16385, time stamp: 0x4a5bcef9
Faulting module name: HPB6SY2786_X86ENUS.DLL_unloaded, version: 0.0.0.0, time stamp: 0x54f7f987
Exception code: 0xc0000005
Fault offset: 0x5b0ffe4c
Faulting process id: 0x1490
Faulting application start time: 0x01d3373dca7d21ce
Faulting application path: C:\Windows\system32\printfilterpipelinesvc.exe
Faulting module path: HPB6SY2786_X86ENUS.DLL
Report Id: 08b15b0e-a331-11e7-ac7d-0050569f029e"
Error,9/27/2017 10:06,EventCreate,1,None,Application,djkvdihost312.jakarta01.com,JAKARTA01\Hilman  
Error,9/27/2017 10:06,EventCreate,1,None,Application,djkvdihost393.jakarta01.com,JAKARTA01\budir  
Error,9/27/2017 10:06,EventCreate,1,None,Application,djkvdihost710.jakarta01.com,JAKARTA01\Ronald Hertanto  
Error,9/27/2017 10:05,WSH,1,None,Application,djkvdihost710.jakarta01.com,"CN=Ronald Hertanto password will expire in 1 day(s) at 9/28/2017 8:33:57 AM

Press CTRL + ALT + DEL and select the ""Change a password"" option."
Error,9/27/2017 10:05,EventCreate,1,None,Application,djkvdihost802.jakarta01.com,JAKARTA01\Riki Darisman  
Error,9/27/2017 10:05,WSH,1,None,Application,djkvdihost710.jakarta01.com,"CN=Ronald Hertanto password will expire in 1 day(s) at 9/28/2017 8:33:57 AM

Press CTRL + ALT + DEL and select the ""Change a password"" option."
Error,9/27/2017 10:04,EventCreate,1,None,Application,djkvdihost037.jakarta01.com,JAKARTA01\diena  
Error,9/27/2017 10:03,WSH,1,None,Application,djkvdihost037.jakarta01.com,"CN=Diena password will expire in 1 day(s) at 9/28/2017 6:44:08 AM

Press CTRL + ALT + DEL and select the ""Change a password"" option."
Error,9/27/2017 10:03,EventCreate,1,None,Application,djkvdihost605.jakarta01.com,JAKARTA01\dimas adhi  
Error,9/27/2017 10:03,WSH,1,None,Application,djkvdihost037.jakarta01.com,"CN=Diena password will expire in 1 day(s) at 9/28/2017 6:44:08 AM

Press CTRL + ALT + DEL and select the ""Change a password"" option."
Error,9/27/2017 10:01,EventCreate,1,None,Application,djkvdihost429.jakarta01.com,JAKARTA01\Listya  
Error,9/27/2017 10:01,EventCreate,1,None,Application,djkvdihost687.jakarta01.com,JAKARTA01\ailsa  
Error,9/27/2017 10:00,EventCreate,1,None,Application,djkvdihost429.jakarta01.com,JAKARTA01\Listya  
Error,9/27/2017 10:01,Application Error,1000,-100,Application,djkvdihost687.jakarta01.com,"Faulting application name: OUTLOOK.EXE, version: 15.0.4919.1001, time stamp: 0x58d20482
Faulting module name: OUTLOOK.EXE, version: 15.0.4919.1001, time stamp: 0x58d20482
Exception code: 0xc0000005
Fault offset: 0x008924c4
Faulting process id: 0x19dc
Faulting application start time: 0x01d337277edfa02e
Faulting application path: C:\Program Files\Microsoft Office\Office15\OUTLOOK.EXE
Faulting module path: C:\Program Files\Microsoft Office\Office15\OUTLOOK.EXE
Report Id: 231c0617-a330-11e7-8d13-0050569f4c9f"
Error,9/27/2017 10:00,EventCreate,1,None,Application,djkvdihost429.jakarta01.com,JAKARTA01\Listya  
Error,9/27/2017 9:59,EventCreate,1,None,Application,djkvdihost156.jakarta01.com,JAKARTA01\tobing  
Error,9/27/2017 9:59,EventCreate,1,None,Application,djkvdihost257.jakarta01.com,JAKARTA01\christian2  
Error,9/27/2017 9:59,Application Error,1000,-100,Application,djkvdihost257.jakarta01.com,"Faulting application name: OUTLOOK.EXE, version: 15.0.4919.1001, time stamp: 0x58d20482
Faulting module name: OUTLOOK.EXE, version: 15.0.4919.1001, time stamp: 0x58d20482
Exception code: 0xc0000005
Fault offset: 0x008924c4
Faulting process id: 0x1954
Faulting application start time: 0x01d33739952f2b5d
Faulting application path: C:\Program Files\Microsoft Office\Office15\OUTLOOK.EXE
Faulting module path: C:\Program Files\Microsoft Office\Office15\OUTLOOK.EXE
Report Id: e702adfd-a32f-11e7-9682-0050569f7f94"
Error,9/27/2017 9:59,Application Error,1000,-100,Application,djkvdihost156.jakarta01.com,"Faulting application name: OUTLOOK.EXE, version: 15.0.4919.1001, time stamp: 0x58d20482
Faulting module name: OUTLOOK.EXE, version: 15.0.4919.1001, time stamp: 0x58d20482
Exception code: 0xc0000005
Fault offset: 0x008924c7
Faulting process id: 0x1f4c
Faulting application start time: 0x01d337215f13d989
Faulting application path: C:\Program Files\Microsoft Office\Office15\OUTLOOK.EXE
Faulting module path: C:\Program Files\Microsoft Office\Office15\OUTLOOK.EXE
Report Id: ed2a5f3c-a32f-11e7-8782-0050569f59c3"
Error,9/27/2017 9:58,EventCreate,1,None,Application,djkvdihost177.jakarta01.com,JAKARTA01\Felix  
Error,9/27/2017 9:58,EventCreate,1,None,Application,djkvdihost591.jakarta01.com,JAKARTA01\Darmi  
Error,9/27/2017 9:57,EventCreate,1,None,Application,djkvdihost264.jakarta01.com,JAKARTA01\herlina  
Error,9/27/2017 9:57,Application Error,1000,-100,Application,djkvdihost264.jakarta01.com,"Faulting application name: EXCEL.EXE, version: 15.0.4919.1000, time stamp: 0x58c7ab0f
Faulting module name: MSVCR100.dll, version: 10.0.40219.325, time stamp: 0x4df2be1e
Exception code: 0xc0000005
Fault offset: 0x00001ed7
Faulting process id: 0x1350
Faulting application start time: 0x01d33737a74fb3fb
Faulting application path: C:\Program Files\Microsoft Office\Office15\EXCEL.EXE
Faulting module path: C:\Windows\system32\MSVCR100.dll
Report Id: 92382a5a-a32f-11e7-95b4-0050569f08b8"
Error,9/27/2017 9:57,EventCreate,1,None,Application,djkvdihost610.jakarta01.com,JAKARTA01\rafika  
Error,9/27/2017 9:57,EventCreate,1,None,Application,djkvdihost423.jakarta01.com,JAKARTA01\guestISD50  
Error,9/27/2017 9:57,EventCreate,1,None,Application,djkvdihost599.jakarta01.com,JAKARTA01\diah  
Error,9/27/2017 9:55,EventCreate,1,None,Application,djkvdihost517.jakarta01.com,JAKARTA01\guestisd36  
Error,9/27/2017 9:54,EventCreate,1,None,Application,djkvdihost455.jakarta01.com,JAKARTA01\daniel chin  
Error,9/27/2017 9:54,EventCreate,1,None,Application,djkvdihost439.jakarta01.com,JAKARTA01\saptorini  
Error,9/27/2017 9:54,EventCreate,1,None,Application,djkvdihost397.jakarta01.com,JAKARTA01\SELIH  
Error,9/27/2017 9:54,EventCreate,1,None,Application,djkvdihost292.jakarta01.com,JAKARTA01\iqbal maulanasani  
Error,9/27/2017 9:53,EventCreate,1,None,Application,djkvdihost455.jakarta01.com,JAKARTA01\daniel chin  
Error,9/27/2017 9:52,EventCreate,1,None,Application,djkvdihost101.jakarta01.com,JAKARTA01\airin  
Error,9/27/2017 9:53,EventCreate,1,None,Application,djkvdihost703.jakarta01.com,JAKARTA01\vinka  
Error,9/27/2017 9:52,Application Error,1000,-100,Application,djkvdihost101.jakarta01.com,"Faulting application name: iexplore.exe, version: 11.0.9600.18639, time stamp: 0x58d6bb0d
Faulting module name: MSHTML.dll, version: 11.0.9600.18639, time stamp: 0x58d6c720
Exception code: 0xc0000005
Fault offset: 0x000ac604
Faulting process id: 0x12e8
Faulting application start time: 0x01d3372f0c704ffc
Faulting application path: C:\Program Files\Internet Explorer\iexplore.exe
Faulting module path: C:\Windows\system32\MSHTML.dll
Report Id: ec375b5f-a32e-11e7-b111-0050569f71ba"
Error,9/27/2017 9:52,EventCreate,1,None,Application,djkvdihost015.jakarta01.com,JAKARTA01\Adhi Nur  
Error,9/27/2017 9:52,EventCreate,1,None,Application,djkvdihost487.jakarta01.com,JAKARTA01\robi  
Error,9/27/2017 9:50,EventCreate,1,None,Application,djkvdihost061.jakarta01.com,JAKARTA01\rina  
Error,9/27/2017 9:49,EventCreate,1,None,Application,djkvdihost753.jakarta01.com,JAKARTA01\erika  
Error,9/27/2017 9:49,Application Error,1000,-100,Application,djkvdihost753.jakarta01.com,"Faulting application name: OUTLOOK.EXE, version: 15.0.4919.1001, time stamp: 0x58d20482
Faulting module name: OUTLOOK.EXE, version: 15.0.4919.1001, time stamp: 0x58d20482
Exception code: 0xc0000005
Fault offset: 0x008924c4
Faulting process id: 0x1560
Faulting application start time: 0x01d3372c8d90418e
Faulting application path: C:\Program Files\Microsoft Office\Office15\OUTLOOK.EXE
Faulting module path: C:\Program Files\Microsoft Office\Office15\OUTLOOK.EXE
Report Id: 79d80b25-a32e-11e7-a48d-0050569f7cee"
Error,9/27/2017 9:49,EventCreate,1,None,Application,djkvdihost061.jakarta01.com,JAKARTA01\rina  
Error,9/27/2017 9:49,EventCreate,1,None,Application,djkvdihost679.jakarta01.com,JAKARTA01\sandrase  
Error,9/27/2017 9:49,EventCreate,1,None,Application,djkvdihost216.jakarta01.com,JAKARTA01\yoshinta  
Error,9/27/2017 9:48,EventCreate,1,None,Application,djkvdihost126.jakarta01.com,JAKARTA01\rahman  
Error,9/27/2017 9:48,EventCreate,1,None,Application,djkvdihost068.jakarta01.com,JAKARTA01\Chinthea  
Error,9/27/2017 9:47,EventCreate,1,None,Application,djkvdihost376.jakarta01.com,JAKARTA01\guestisd29  
Error,9/27/2017 9:46,WSH,1,None,Application,djkvdihost068.jakarta01.com,"CN=Chinthea Anggreni password will expire in 4 day(s) at 10/1/2017 7:10:25 AM

Press CTRL + ALT + DEL and select the ""Change a password"" option."
Error,9/27/2017 9:46,EventCreate,1,None,Application,djkvdihost558.jakarta01.com,JAKARTA01\handayani  
Error,9/27/2017 9:46,EventCreate,1,None,Application,djkvdihost129.jakarta01.com,JAKARTA01\wisnu  
Error,9/27/2017 9:46,WSH,1,None,Application,djkvdihost068.jakarta01.com,"CN=Chinthea Anggreni password will expire in 4 day(s) at 10/1/2017 7:10:25 AM

Press CTRL + ALT + DEL and select the ""Change a password"" option."
Error,9/27/2017 9:46,EventCreate,1,None,Application,djkvdihost711.jakarta01.com,JAKARTA01\kurniawan  
Error,9/27/2017 9:46,EventCreate,1,None,Application,djkvdihost168.jakarta01.com,JAKARTA01\guestisd55  
Error,9/27/2017 9:45,EventCreate,1,None,Application,djkvdihost148.jakarta01.com,JAKARTA01\yoedo  
Error,9/27/2017 9:45,Application Error,1000,-100,Application,djkvdihost148.jakarta01.com,"Faulting application name: spoolsv.exe, version: 6.1.7601.17777, time stamp: 0x4f35efc3
Faulting module name: msvcrt.dll, version: 7.0.7601.17744, time stamp: 0x4eeaf722
Exception code: 0xc0000005
Fault offset: 0x0000aa14
Faulting process id: 0x634
Faulting application start time: 0x01d336ae357efcfb
Faulting application path: C:\Windows\System32\spoolsv.exe
Faulting module path: C:\Windows\system32\msvcrt.dll
Report Id: e02d4431-a32d-11e7-b604-0050569f2c32"
Error,9/27/2017 9:44,EventCreate,1,None,Application,djkvdihost316.jakarta01.com,JAKARTA01\ronald david  
Error,9/27/2017 9:45,EventCreate,1,None,Application,djkvdihost473.jakarta01.com,JAKARTA01\giandripn  
Error,9/27/2017 9:44,EventCreate,1,None,Application,djkvdihost366.jakarta01.com,JAKARTA01\ici  
Error,9/27/2017 9:43,EventCreate,1,None,Application,djkvdihost335.jakarta01.com,JAKARTA01\feni  
Error,9/27/2017 9:42,EventCreate,1,None,Application,djkvdihost335.jakarta01.com,JAKARTA01\feni  
Error,9/27/2017 9:40,EventCreate,1,None,Application,djkvdihost146.jakarta01.com,JAKARTA01\ClarissaMh  
Error,9/27/2017 9:41,EventCreate,1,None,Application,djkvdihost073.jakarta01.com,JAKARTA01\isnaini  
Error,9/27/2017 9:40,EventCreate,1,None,Application,djkvdihost151.jakarta01.com,JAKARTA01\Arief Sandy  
Error,9/27/2017 9:40,EventCreate,1,None,Application,djkvdihost146.jakarta01.com,JAKARTA01\ClarissaMh  
Error,9/27/2017 9:40,EventCreate,1,None,Application,djkvdihost597.jakarta01.com,JAKARTA01\Dini Rahmawati  
Error,9/27/2017 9:39,EventCreate,1,None,Application,djkvdihost512.jakarta01.com,JAKARTA01\guestISD44  
Error,9/27/2017 9:39,EventCreate,1,None,Application,djkvdihost497.jakarta01.com,JAKARTA01\ratmitasari  
Error,9/27/2017 9:38,EventCreate,1,None,Application,djkvdihost529.jakarta01.com,JAKARTA01\rudy  
Error,9/27/2017 9:37,EventCreate,1,None,Application,djkvdihost008.jakarta01.com,JAKARTA01\hafiah  
Error,9/27/2017 9:38,EventCreate,1,None,Application,djkvdihost298.jakarta01.com,JAKARTA01\GUESTISD28  
Error,9/27/2017 9:36,WSH,1,None,Application,djkvdihost008.jakarta01.com,"CN=Hafiah password will expire in 4 day(s) at 10/1/2017 9:33:01 AM

Press CTRL + ALT + DEL and select the ""Change a password"" option."
Error,9/27/2017 9:36,WSH,1,None,Application,djkvdihost008.jakarta01.com,"CN=Hafiah password will expire in 4 day(s) at 10/1/2017 9:33:01 AM

Press CTRL + ALT + DEL and select the ""Change a password"" option."
Error,9/27/2017 9:36,EventCreate,1,None,Application,djkvdihost466.jakarta01.com,JAKARTA01\guestisd54  
Error,9/27/2017 9:35,EventCreate,1,None,Application,djkvdihost257.jakarta01.com,JAKARTA01\christian2  
Error,9/27/2017 9:32,EventCreate,1,None,Application,djkvdihost198.jakarta01.com,JAKARTA01\guestisd07  
Error,9/27/2017 9:32,EventCreate,1,None,Application,djkvdihost559.jakarta01.com,JAKARTA01\anindita  
Error,9/27/2017 9:32,Application Error,1000,-100,Application,djkvdihost559.jakarta01.com,"Faulting application name: spoolsv.exe, version: 6.1.7601.17777, time stamp: 0x4f35efc3
Faulting module name: msvcrt.dll, version: 7.0.7601.17744, time stamp: 0x4eeaf722
Exception code: 0xc0000005
Fault offset: 0x0000aa14
Faulting process id: 0x638
Faulting application start time: 0x01d336d9b4f7493f
Faulting application path: C:\Windows\System32\spoolsv.exe
Faulting module path: C:\Windows\system32\msvcrt.dll
Report Id: 10313712-a32c-11e7-a375-0050569f6fa7"
Error,9/27/2017 9:32,EventCreate,1,None,Application,djkvdihost518.jakarta01.com,JAKARTA01\andre cahyono  
Error,9/27/2017 9:32,EventCreate,1,None,Application,djkvdihost350.jakarta01.com,JAKARTA01\budsiregar  
Error,9/27/2017 9:31,EventCreate,1,None,Application,djkvdihost097.jakarta01.com,JAKARTA01\eka  
Error,9/27/2017 9:31,Application Error,1000,-100,Application,djkvdihost097.jakarta01.com,"Faulting application name: spoolsv.exe, version: 6.1.7601.17777, time stamp: 0x4f35efc3
Faulting module name: msvcrt.dll, version: 7.0.7601.17744, time stamp: 0x4eeaf722
Exception code: 0xc0000005
Fault offset: 0x0000aa14
Faulting process id: 0x63c
Faulting application start time: 0x01d3373333ccdeae
Faulting application path: C:\Windows\System32\spoolsv.exe
Faulting module path: C:\Windows\system32\msvcrt.dll
Report Id: f63ae0b3-a32b-11e7-b763-0050569f1b6c"
Error,9/27/2017 9:31,EventCreate,1,None,Application,djkvdihost746.jakarta01.com,JAKARTA01\alvian  
Error,9/27/2017 9:29,EventCreate,1,None,Application,djkvdihost338.jakarta01.com,JAKARTA01\finessya  
Error,9/27/2017 9:28,EventCreate,1,None,Application,djkvdihost361.jakarta01.com,JAKARTA01\GUESTISD34  
Error,9/27/2017 9:28,EventCreate,1,None,Application,djkvdihost207.jakarta01.com,JAKARTA01\resha  
Error,9/27/2017 9:28,EventCreate,1,None,Application,djkvdihost158.jakarta01.com,JAKARTA01\Elvira  
Error,9/27/2017 9:26,EventCreate,1,None,Application,djkvdihost651.jakarta01.com,JAKARTA01\GUESTISD26  
Error,9/27/2017 9:26,EventCreate,1,None,Application,djkvdihost762.jakarta01.com,JAKARTA01\phesyana  
Error,9/27/2017 9:26,EventCreate,1,None,Application,djkvdihost108.jakarta01.com,JAKARTA01\Dilla  
Error,9/27/2017 9:26,Application Error,1000,-100,Application,djkvdihost108.jakarta01.com,"Faulting application name: EXCEL.EXE, version: 15.0.4919.1000, time stamp: 0x58c7ab0f
Faulting module name: EXCEL.EXE, version: 15.0.4919.1000, time stamp: 0x58c7ab0f
Exception code: 0xc0000005
Fault offset: 0x000545ff
Faulting process id: 0x1dc0
Faulting application start time: 0x01d33734fbf8954e
Faulting application path: C:\Program Files\Microsoft Office\Office15\EXCEL.EXE
Faulting module path: C:\Program Files\Microsoft Office\Office15\EXCEL.EXE
Report Id: 391fcdef-a32b-11e7-aabc-0050569f141f"
Error,9/27/2017 9:24,EventCreate,1,None,Application,djkvdihost565.jakarta01.com,JAKARTA01\ummu  
Error,9/27/2017 9:22,EventCreate,1,None,Application,djkvdihost901.jakarta01.com,JAKARTA01\Denni  
Error,9/27/2017 9:21,EventCreate,1,None,Application,djkvdihost041.jakarta01.com,JAKARTA01\abdulas  
Error,9/27/2017 9:20,EventCreate,1,None,Application,djkvdihost707.jakarta01.com,JAKARTA01\wahyudj  
Error,9/27/2017 9:20,EventCreate,1,None,Application,djkvdihost058.jakarta01.com,JAKARTA01\titin  
Error,9/27/2017 9:20,EventCreate,1,None,Application,djkvdihost433.jakarta01.com,JAKARTA01\adiyanti  
Error,9/27/2017 9:19,EventCreate,1,None,Application,djkvdihost803.jakarta01.com,JAKARTA01\Dwi anisa  
Error,9/27/2017 9:18,EventCreate,1,None,Application,djkvdihost598.jakarta01.com,JAKARTA01\army  
Error,9/27/2017 9:18,EventCreate,1,None,Application,djkvdihost071.jakarta01.com,JAKARTA01\septi  
Error,9/27/2017 9:17,EventCreate,1,None,Application,djkvdihost661.jakarta01.com,JAKARTA01\rahmatia  
Error,9/27/2017 9:17,EventCreate,1,None,Application,djkvdihost307.jakarta01.com,JAKARTA01\bryan  
Error,9/27/2017 9:17,EventCreate,1,None,Application,djkvdihost661.jakarta01.com,JAKARTA01\rahmatia  
Error,9/27/2017 9:17,EventCreate,1,None,Application,djkvdihost303.jakarta01.com,JAKARTA01\puty  
Error,9/27/2017 9:16,EventCreate,1,None,Application,djkvdihost105.jakarta01.com,JAKARTA01\warda  
Error,9/27/2017 9:16,Application Error,1000,-100,Application,djkvdihost105.jakarta01.com,"Faulting application name: OUTLOOK.EXE, version: 15.0.4919.1001, time stamp: 0x58d20482
Faulting module name: OUTLOOK.EXE, version: 15.0.4919.1001, time stamp: 0x58d20482
Exception code: 0xc0000005
Fault offset: 0x008924c4
Faulting process id: 0x1e28
Faulting application start time: 0x01d3372ea4a68da5
Faulting application path: C:\Program Files\Microsoft Office\Office15\OUTLOOK.EXE
Faulting module path: C:\Program Files\Microsoft Office\Office15\OUTLOOK.EXE
Report Id: da3768b4-a329-11e7-bde9-0050569f41a3"
Error,9/27/2017 9:16,EventCreate,1,None,Application,djkvdihost141.jakarta01.com,JAKARTA01\FAUZIAH  
Error,9/27/2017 9:16,EventCreate,1,None,Application,djkvdihost087.jakarta01.com,JAKARTA01\Prihantono  
Error,9/27/2017 9:16,EventCreate,1,None,Application,djkvdihost111.jakarta01.com,JAKARTA01\diana  
Error,9/27/2017 9:15,EventCreate,1,None,Application,djkvdihost369.jakarta01.com,JAKARTA01\evanc  
Error,9/27/2017 9:14,EventCreate,1,None,Application,djkvdihost097.jakarta01.com,JAKARTA01\eka  
Error,9/27/2017 9:14,EventCreate,1,None,Application,djkvdihost868.jakarta01.com,JAKARTA01\i gede  
Error,9/27/2017 9:13,EventCreate,1,None,Application,djkvdihost115.jakarta01.com,JAKARTA01\agnes  
Error,9/27/2017 9:13,EventCreate,1,None,Application,djkvdihost427.jakarta01.com,JAKARTA01\mahendrars  
Error,9/27/2017 9:13,EventCreate,1,None,Application,djkvdihost628.jakarta01.com,JAKARTA01\azwar  
Error,9/27/2017 9:13,Application Error,1000,-100,Application,djkvdihost628.jakarta01.com,"Faulting application name: spoolsv.exe, version: 6.1.7601.17777, time stamp: 0x4f35efc3
Faulting module name: msvcrt.dll, version: 7.0.7601.17744, time stamp: 0x4eeaf722
Exception code: 0xc0000005
Fault offset: 0x0000aa14
Faulting process id: 0x63c
Faulting application start time: 0x01d336afc54af28a
Faulting application path: C:\Windows\System32\spoolsv.exe
Faulting module path: C:\Windows\system32\msvcrt.dll
Report Id: 6613d7a8-a329-11e7-bd64-0050569f189f"
Error,9/27/2017 9:12,EventCreate,1,None,Application,djkvdihost456.jakarta01.com,JAKARTA01\GuestISD48  
Error,9/27/2017 9:11,EventCreate,1,None,Application,djkvdihost367.jakarta01.com,JAKARTA01\GUESTISD33  
Error,9/27/2017 9:11,EventCreate,1,None,Application,djkvdihost618.jakarta01.com,JAKARTA01\nathaniel  
Error,9/27/2017 9:11,EventCreate,1,None,Application,djkvdihost745.jakarta01.com,JAKARTA01\Bryant  
Error,9/27/2017 9:11,EventCreate,1,None,Application,djkvdihost455.jakarta01.com,JAKARTA01\Adhi Nur  
Error,9/27/2017 9:10,EventCreate,1,None,Application,djkvdihost735.jakarta01.com,JAKARTA01\GuestISD42  
Error,9/27/2017 9:09,EventCreate,1,None,Application,djkvdihost316.jakarta01.com,JAKARTA01\ronald david  
Error,9/27/2017 9:09,EventCreate,1,None,Application,djkvdihost735.jakarta01.com,JAKARTA01\GuestISD42  
Error,9/27/2017 9:09,EventCreate,1,None,Application,djkvdihost264.jakarta01.com,JAKARTA01\herlina  
Error,9/27/2017 9:09,EventCreate,1,None,Application,djkvdihost120.jakarta01.com,JAKARTA01\sanggra  
Error,9/27/2017 9:09,EventCreate,1,None,Application,djkvdihost235.jakarta01.com,JAKARTA01\rara  
Error,9/27/2017 9:09,EventCreate,1,None,Application,djkvdihost203.jakarta01.com,JAKARTA01\wiranti  
Error,9/27/2017 9:08,Application Error,1000,-100,Application,djkvdihost316.jakarta01.com,"Faulting application name: spoolsv.exe, version: 6.1.7601.17777, time stamp: 0x4f35efc3
Faulting module name: msvcrt.dll, version: 7.0.7601.17744, time stamp: 0x4eeaf722
Exception code: 0xc0000005
Fault offset: 0x0000aa14
Faulting process id: 0x634
Faulting application start time: 0x01d337354df472bc
Faulting application path: C:\Windows\System32\spoolsv.exe
Faulting module path: C:\Windows\system32\msvcrt.dll
Report Id: ca971982-a328-11e7-84ed-0050569f6540"
