Error,9/26/2017 7:43:40 AM,EventCreate,1,None,Application,djkvdihost140.jakarta01.com,JAKARTA01\christian  
Error,9/26/2017 7:43:37 AM,EventCreate,1,None,Application,djkvdihost656.jakarta01.com,JAKARTA01\kristian  
Error,9/26/2017 7:43:37 AM,EventCreate,1,None,Application,djkvdihost490.jakarta01.com,JAKARTA01\alexsandro  
Error,9/26/2017 7:43:24 AM,EventCreate,1,None,Application,djkvdihost079.jakarta01.com,JAKARTA01\ALTHEA  
Error,9/26/2017 7:43:21 AM,EventCreate,1,None,Application,djkvdihost719.jakarta01.com,JAKARTA01\Nurhayati  
Error,9/26/2017 7:43:19 AM,EventCreate,1,None,Application,djkvdihost403.jakarta01.com,JAKARTA01\novitarini  
Error,9/26/2017 7:43:17 AM,EventCreate,1,None,Application,djkvdihost719.jakarta01.com,JAKARTA01\Nurhayati  
Error,9/26/2017 7:42:53 AM,WSH,1,None,Application,djkvdihost876.jakarta01.com,"CN=Andi Bayu W password will expire in 2 day(s) at 9/28/2017 8:06:14 AM

Press CTRL + ALT + DEL and select the ""Change a password"" option."
Error,9/26/2017 7:43:06 AM,EventCreate,1,None,Application,djkvdihost335.jakarta01.com,JAKARTA01\lestari  
Error,9/26/2017 7:43:00 AM,EventCreate,1,None,Application,djkvdihost258.jakarta01.com,JAKARTA01\clarissa  
Error,9/26/2017 7:42:59 AM,EventCreate,1,None,Application,djkvdihost314.jakarta01.com,JAKARTA01\Devina  
Error,9/26/2017 7:42:50 AM,WSH,1,None,Application,djkvdihost876.jakarta01.com,"CN=Andi Bayu W password will expire in 2 day(s) at 9/28/2017 8:06:14 AM

Press CTRL + ALT + DEL and select the ""Change a password"" option."
Error,9/26/2017 7:42:42 AM,EventCreate,1,None,Application,djkvdihost477.jakarta01.com,JAKARTA01\ningmatul  
Error,9/26/2017 7:42:32 AM,EventCreate,1,None,Application,djkvdihost344.jakarta01.com,JAKARTA01\mutiara  
Error,9/26/2017 7:42:02 AM,EventCreate,1,None,Application,djkvdihost613.jakarta01.com,JAKARTA01\utomo  
Error,9/26/2017 7:42:00 AM,EventCreate,1,None,Application,djkvdihost613.jakarta01.com,JAKARTA01\utomo  
Error,9/26/2017 7:41:54 AM,EventCreate,1,None,Application,djkvdihost613.jakarta01.com,JAKARTA01\utomo  
Error,9/26/2017 7:42:20 AM,EventCreate,1,None,Application,djkvdihost804.jakarta01.com,JAKARTA01\Aisyah  
Error,9/26/2017 7:42:18 AM,EventCreate,1,None,Application,djkvdihost430.jakarta01.com,JAKARTA01\fferdian  
Error,9/26/2017 7:42:16 AM,EventCreate,1,None,Application,djkvdihost803.jakarta01.com,JAKARTA01\rara  
Error,9/26/2017 7:42:09 AM,EventCreate,1,None,Application,djkvdihost875.jakarta01.com,JAKARTA01\natasya  
Error,9/26/2017 7:41:52 AM,EventCreate,1,None,Application,djkvdihost613.jakarta01.com,JAKARTA01\utomo  
Error,9/26/2017 7:41:50 AM,EventCreate,1,None,Application,djkvdihost704.jakarta01.com,JAKARTA01\WulanAn  
Error,9/26/2017 7:41:40 AM,EventCreate,1,None,Application,djkvdihost752.jakarta01.com,JAKARTA01\liza  
Error,9/26/2017 7:41:25 AM,EventCreate,1,None,Application,djkvdihost895.jakarta01.com,JAKARTA01\Joni  
Error,9/26/2017 7:41:27 AM,EventCreate,1,None,Application,djkvdihost095.jakarta01.com,JAKARTA01\Chairul  
Error,9/26/2017 7:41:13 AM,EventCreate,1,None,Application,djkvdihost537.jakarta01.com,JAKARTA01\JUNETTE  
Error,9/26/2017 7:41:13 AM,EventCreate,1,None,Application,djkvdihost512.jakarta01.com,JAKARTA01\restiani  
Error,9/26/2017 7:40:56 AM,EventCreate,1,None,Application,djkvdihost555.jakarta01.com,JAKARTA01\yumiyati  
Error,9/26/2017 7:40:19 AM,EventCreate,1,None,Application,djkvdihost660.jakarta01.com,JAKARTA01\irman  
Error,9/26/2017 7:40:16 AM,Application Error,1000,(100),Application,djkvdihost660.jakarta01.com,"Faulting application name: OUTLOOK.EXE, version: 15.0.4919.1001, time stamp: 0x58d20482
Faulting module name: OUTLOOK.EXE, version: 15.0.4919.1001, time stamp: 0x58d20482
Exception code: 0xc0000005
Fault offset: 0x008924c7
Faulting process id: 0x998
Faulting application start time: 0x01d3365b7f91b39c
Faulting application path: C:\Program Files\Microsoft Office\Office15\OUTLOOK.EXE
Faulting module path: C:\Program Files\Microsoft Office\Office15\OUTLOOK.EXE
Report Id: 43a2d563-a253-11e7-b099-0050569f1b88"
Error,9/26/2017 7:40:43 AM,EventCreate,1,None,Application,djkvdihost425.jakarta01.com,JAKARTA01\Sandra  
Error,9/26/2017 7:40:25 AM,EventCreate,1,None,Application,djkvdihost612.jakarta01.com,JAKARTA01\vina  
Error,9/26/2017 7:40:21 AM,EventCreate,1,None,Application,djkvdihost806.jakarta01.com,JAKARTA01\yenni  
Error,9/26/2017 7:40:14 AM,EventCreate,1,None,Application,djkvdihost420.jakarta01.com,JAKARTA01\rizka syarifa  
Error,9/26/2017 7:40:13 AM,EventCreate,1,None,Application,djkvdihost788.jakarta01.com,JAKARTA01\Astriana  
Error,9/26/2017 7:39:57 AM,EventCreate,1,None,Application,djkvdihost069.jakarta01.com,JAKARTA01\nadhilah  
Error,9/26/2017 7:39:36 AM,EventCreate,1,None,Application,djkvdihost241.jakarta01.com,JAKARTA01\amanda chandra  
Error,9/26/2017 7:39:01 AM,EventCreate,1,None,Application,djkvdihost699.jakarta01.com,JAKARTA01\Jessica  
Error,9/26/2017 7:39:31 AM,EventCreate,1,None,Application,djkvdihost540.jakarta01.com,JAKARTA01\sysdovs03  
Error,9/26/2017 7:39:26 AM,EventCreate,1,None,Application,djkvdihost249.jakarta01.com,JAKARTA01\achmadr  
Error,9/26/2017 7:38:59 AM,EventCreate,1,None,Application,djkvdihost462.jakarta01.com,JAKARTA01\raras  
Error,9/26/2017 7:38:56 AM,EventCreate,1,None,Application,djkvdihost306.jakarta01.com,JAKARTA01\m ridho  
Error,9/26/2017 7:38:27 AM,WSH,1,None,Application,djkvdihost699.jakarta01.com,"CN=Jessica password will expire in 2 day(s) at 9/28/2017 7:39:59 AM

Press CTRL + ALT + DEL and select the ""Change a password"" option."
Error,9/26/2017 7:38:47 AM,EventCreate,1,None,Application,djkvdihost383.jakarta01.com,JAKARTA01\nurlina  
Error,9/26/2017 7:38:40 AM,EventCreate,1,None,Application,djkvdihost522.jakarta01.com,JAKARTA01\mirawati  
Error,9/26/2017 7:38:39 AM,EventCreate,1,None,Application,djkvdihost343.jakarta01.com,JAKARTA01\anggi  
Error,9/26/2017 7:38:29 AM,EventCreate,1,None,Application,djkvdihost753.jakarta01.com,JAKARTA01\fahrul  
Error,9/26/2017 7:38:27 AM,WSH,1,None,Application,djkvdihost699.jakarta01.com,"CN=Jessica password will expire in 2 day(s) at 9/28/2017 7:39:59 AM

Press CTRL + ALT + DEL and select the ""Change a password"" option."
Error,9/26/2017 7:38:20 AM,EventCreate,1,None,Application,djkvdihost397.jakarta01.com,JAKARTA01\Resty  
Error,9/26/2017 7:38:20 AM,EventCreate,1,None,Application,djkvdihost674.jakarta01.com,JAKARTA01\tesha  
Error,9/26/2017 7:38:19 AM,EventCreate,1,None,Application,djkvdihost893.jakarta01.com,JAKARTA01\Agus Sutikno  
Error,9/26/2017 7:38:17 AM,EventCreate,1,None,Application,djkvdihost592.jakarta01.com,JAKARTA01\ita shabrina  
Error,9/26/2017 7:38:05 AM,EventCreate,1,None,Application,djkvdihost126.jakarta01.com,JAKARTA01\venir  
Error,9/26/2017 7:37:58 AM,EventCreate,1,None,Application,djkvdihost371.jakarta01.com,JAKARTA01\reny  
Error,9/26/2017 7:37:46 AM,EventCreate,1,None,Application,djkvdihost044.jakarta01.com,JAKARTA01\budir  
Error,9/26/2017 7:37:42 AM,EventCreate,1,None,Application,djkvdihost727.jakarta01.com,JAKARTA01\ronal  
Error,9/26/2017 7:37:36 AM,EventCreate,1,None,Application,djkvdihost160.jakarta01.com,JAKARTA01\ipuk  
Error,9/26/2017 7:37:03 AM,EventCreate,1,None,Application,djkvdihost710.jakarta01.com,JAKARTA01\istiningsih  
Error,9/26/2017 7:36:59 AM,EventCreate,1,None,Application,djkvdihost710.jakarta01.com,JAKARTA01\istiningsih  
Error,9/26/2017 7:37:19 AM,EventCreate,1,None,Application,djkvdihost180.jakarta01.com,JAKARTA01\wulanf  
Error,9/26/2017 7:37:17 AM,EventCreate,1,None,Application,djkvdihost525.jakarta01.com,JAKARTA01\Adjeng  
Error,9/26/2017 7:37:09 AM,EventCreate,1,None,Application,djkvdihost138.jakarta01.com,JAKARTA01\Dina Vathati  
Error,9/26/2017 7:36:57 AM,EventCreate,1,None,Application,djkvdihost710.jakarta01.com,JAKARTA01\istiningsih  
Error,9/26/2017 7:36:51 AM,EventCreate,1,None,Application,djkvdihost782.jakarta01.com,JAKARTA01\titis  
Error,9/26/2017 7:36:49 AM,EventCreate,1,None,Application,djkvdihost427.jakarta01.com,JAKARTA01\tantri  
Error,9/26/2017 7:36:40 AM,EventCreate,1,None,Application,djkvdihost643.jakarta01.com,JAKARTA01\nur endah  
Error,9/26/2017 7:36:32 AM,EventCreate,1,None,Application,djkvdihost369.jakarta01.com,JAKARTA01\dewi  
Error,9/26/2017 7:36:29 AM,EventCreate,1,None,Application,djkvdihost716.jakarta01.com,JAKARTA01\inna  
Error,9/26/2017 7:36:10 AM,EventCreate,1,None,Application,djkvdihost796.jakarta01.com,JAKARTA01\budi ramadhan  
Error,9/26/2017 7:36:05 AM,EventCreate,1,None,Application,djkvdihost125.jakarta01.com,JAKARTA01\Damal  
Error,9/26/2017 7:35:54 AM,EventCreate,1,None,Application,djkvdihost588.jakarta01.com,JAKARTA01\andi wijaya  
Error,9/26/2017 7:35:47 AM,EventCreate,1,None,Application,djkvdihost608.jakarta01.com,JAKARTA01\Festy  
Error,9/26/2017 7:35:33 AM,EventCreate,1,None,Application,djkvdihost657.jakarta01.com,JAKARTA01\nurmalasari  
Error,9/26/2017 7:35:13 AM,EventCreate,1,None,Application,djkvdihost331.jakarta01.com,JAKARTA01\SANI  
Error,9/26/2017 7:34:52 AM,EventCreate,1,None,Application,djkvdihost636.jakarta01.com,JAKARTA01\dimas adhi  
Error,9/26/2017 7:34:33 AM,EventCreate,1,None,Application,djkvdihost210.jakarta01.com,JAKARTA01\niluh  
Error,9/26/2017 7:34:00 AM,EventCreate,1,None,Application,djkvdihost426.jakarta01.com,JAKARTA01\erika  
Error,9/26/2017 7:33:53 AM,EventCreate,1,None,Application,djkvdihost047.jakarta01.com,JAKARTA01\yosie  
Error,9/26/2017 7:33:48 AM,EventCreate,1,None,Application,djkvdihost453.jakarta01.com,JAKARTA01\Nikmatullah  
Error,9/26/2017 7:33:46 AM,EventCreate,1,None,Application,djkvdihost458.jakarta01.com,JAKARTA01\dian  
Error,9/26/2017 7:33:39 AM,EventCreate,1,None,Application,djkvdihost864.jakarta01.com,JAKARTA01\sodeoka  
Error,9/26/2017 7:33:17 AM,EventCreate,1,None,Application,djkvdihost297.jakarta01.com,JAKARTA01\elita  
Error,9/26/2017 7:33:06 AM,EventCreate,1,None,Application,djkvdihost388.jakarta01.com,JAKARTA01\fitri  
Error,9/26/2017 7:33:03 AM,EventCreate,1,None,Application,djkvdihost068.jakarta01.com,JAKARTA01\aditya chandra  
Error,9/26/2017 7:32:32 AM,EventCreate,1,None,Application,djkvdihost060.jakarta01.com,JAKARTA01\devid  
Error,9/26/2017 7:32:13 AM,EventCreate,1,None,Application,djkvdihost708.jakarta01.com,JAKARTA01\mdendy  
Error,9/26/2017 7:32:07 AM,EventCreate,1,None,Application,djkvdihost793.jakarta01.com,JAKARTA01\pramana  
Error,9/26/2017 7:31:57 AM,EventCreate,1,None,Application,djkvdihost173.jakarta01.com,JAKARTA01\netra  
Error,9/26/2017 7:31:50 AM,EventCreate,1,None,Application,djkvdihost129.jakarta01.com,JAKARTA01\aticha  
Error,9/26/2017 7:31:45 AM,EventCreate,1,None,Application,djkvdihost897.jakarta01.com,JAKARTA01\Denni  
Error,9/26/2017 7:31:45 AM,EventCreate,1,None,Application,djkvdihost708.jakarta01.com,JAKARTA01\mdendy  
Error,9/26/2017 7:31:44 AM,EventCreate,1,None,Application,djkvdihost070.jakarta01.com,JAKARTA01\topik  
Error,9/26/2017 7:31:06 AM,WSH,1,None,Application,djkvdihost129.jakarta01.com,"CN=Aticha Astary password will expire in 2 day(s) at 9/28/2017 6:55:15 AM

Press CTRL + ALT + DEL and select the ""Change a password"" option."
Error,9/26/2017 7:31:17 AM,EventCreate,1,None,Application,djkvdihost534.jakarta01.com,JAKARTA01\Yunita  
Error,9/26/2017 7:31:05 AM,EventCreate,1,None,Application,djkvdihost108.jakarta01.com,JAKARTA01\suwilhan  
Error,9/26/2017 7:31:05 AM,WSH,1,None,Application,djkvdihost129.jakarta01.com,"CN=Aticha Astary password will expire in 2 day(s) at 9/28/2017 6:55:15 AM

Press CTRL + ALT + DEL and select the ""Change a password"" option."
Error,9/26/2017 7:31:04 AM,EventCreate,1,None,Application,djkvdihost433.jakarta01.com,JAKARTA01\arinie  
Error,9/26/2017 7:30:53 AM,EventCreate,1,None,Application,djkvdihost736.jakarta01.com,JAKARTA01\hilmy  
Error,9/26/2017 7:30:53 AM,EventCreate,1,None,Application,djkvdihost357.jakarta01.com,JAKARTA01\tasin  
Error,9/26/2017 7:30:48 AM,EventCreate,1,None,Application,djkvdihost567.jakarta01.com,JAKARTA01\Armanto  
Error,9/26/2017 7:30:10 AM,EventCreate,1,None,Application,djkvdihost516.jakarta01.com,JAKARTA01\ryan  
Error,9/26/2017 7:29:52 AM,EventCreate,1,None,Application,djkvdihost618.jakarta01.com,JAKARTA01\Rafika  
Error,9/26/2017 7:29:50 AM,EventCreate,1,None,Application,djkvdihost245.jakarta01.com,JAKARTA01\Putri Damayanti  
Error,9/26/2017 7:29:50 AM,Application Error,1000,(100),Application,djkvdihost516.jakarta01.com,"Faulting application name: spoolsv.exe, version: 6.1.7601.17777, time stamp: 0x4f35efc3
Faulting module name: msvcrt.dll, version: 7.0.7601.17744, time stamp: 0x4eeaf722
Exception code: 0xc0000005
Fault offset: 0x0000aa14
Faulting process id: 0x638
Faulting application start time: 0x01d335e3feefbafd
Faulting application path: C:\Windows\System32\spoolsv.exe
Faulting module path: C:\Windows\system32\msvcrt.dll
Report Id: ce659aea-a251-11e7-8e28-0050569f24d3"
Error,9/26/2017 7:29:48 AM,EventCreate,1,None,Application,djkvdihost491.jakarta01.com,JAKARTA01\haris  
Error,9/26/2017 7:29:33 AM,EventCreate,1,None,Application,djkvdihost137.jakarta01.com,JAKARTA01\AdrianP  
Error,9/26/2017 7:29:29 AM,EventCreate,1,None,Application,djkvdihost109.jakarta01.com,JAKARTA01\RURI  
Error,9/26/2017 7:28:54 AM,EventCreate,1,None,Application,djkvdihost900.jakarta01.com,JAKARTA01\Adi Purnomo  
Error,9/26/2017 7:28:13 AM,EventCreate,1,None,Application,djkvdihost665.jakarta01.com,JAKARTA01\eka prastica  
Error,9/26/2017 7:27:43 AM,EventCreate,1,None,Application,djkvdihost880.jakarta01.com,JAKARTA01\Kurnia Arisayuga  
Error,9/26/2017 7:28:11 AM,EventCreate,1,None,Application,djkvdihost352.jakarta01.com,JAKARTA01\Yosi  
Error,9/26/2017 7:27:45 AM,EventCreate,1,None,Application,djkvdihost665.jakarta01.com,JAKARTA01\eka prastica  
Error,9/26/2017 7:27:39 AM,EventCreate,1,None,Application,djkvdihost880.jakarta01.com,JAKARTA01\Kurnia Arisayuga  
Error,9/26/2017 7:26:37 AM,EventCreate,1,None,Application,djkvdihost323.jakarta01.com,JAKARTA01\maya  
Error,9/26/2017 7:26:00 AM,EventCreate,1,None,Application,djkvdihost507.jakarta01.com,JAKARTA01\retno  
Error,9/26/2017 7:25:48 AM,EventCreate,1,None,Application,djkvdihost688.jakarta01.com,JAKARTA01\susilowati  
Error,9/26/2017 7:25:46 AM,EventCreate,1,None,Application,djkvdihost687.jakarta01.com,JAKARTA01\MIrhasE  
Error,9/26/2017 7:25:26 AM,EventCreate,1,None,Application,djkvdihost615.jakarta01.com,JAKARTA01\sari  
Error,9/26/2017 7:24:01 AM,EventCreate,1,None,Application,djkvdihost378.jakarta01.com,JAKARTA01\michiko  
Error,9/26/2017 7:23:05 AM,EventCreate,1,None,Application,djkvdihost713.jakarta01.com,JAKARTA01\Dicky  
Error,9/26/2017 7:23:21 AM,EventCreate,1,None,Application,djkvdihost345.jakarta01.com,JAKARTA01\wildan  
Error,9/26/2017 7:22:58 AM,WSH,1,None,Application,djkvdihost345.jakarta01.com,"CN=Wildan Ahmad A password will expire in 2 day(s) at 9/28/2017 7:55:40 AM

Press CTRL + ALT + DEL and select the ""Change a password"" option."
Error,9/26/2017 7:23:21 AM,EventCreate,1,None,Application,djkvdihost446.jakarta01.com,JAKARTA01\srahma  
Error,9/26/2017 7:23:01 AM,EventCreate,1,None,Application,djkvdihost769.jakarta01.com,JAKARTA01\adityo  
Error,9/26/2017 7:22:57 AM,WSH,1,None,Application,djkvdihost345.jakarta01.com,"CN=Wildan Ahmad A password will expire in 2 day(s) at 9/28/2017 7:55:40 AM

Press CTRL + ALT + DEL and select the ""Change a password"" option."
Error,9/26/2017 7:22:42 AM,EventCreate,1,None,Application,djkvdihost533.jakarta01.com,JAKARTA01\santoso  
Error,9/26/2017 7:22:37 AM,EventCreate,1,None,Application,djkvdihost857.jakarta01.com,JAKARTA01\andi  
Error,9/26/2017 7:22:33 AM,EventCreate,1,None,Application,djkvdihost713.jakarta01.com,JAKARTA01\Dicky  
Error,9/26/2017 7:22:19 AM,EventCreate,1,None,Application,djkvdihost734.jakarta01.com,JAKARTA01\davidhs  
Error,9/26/2017 7:22:09 AM,EventCreate,1,None,Application,djkvdihost246.jakarta01.com,JAKARTA01\rezky  
Error,9/26/2017 7:22:08 AM,EventCreate,1,None,Application,djkvdihost834.jakarta01.com,JAKARTA01\meinar  
Error,9/26/2017 7:21:54 AM,EventCreate,1,None,Application,djkvdihost765.jakarta01.com,JAKARTA01\nicole  
Error,9/26/2017 7:21:40 AM,EventCreate,1,None,Application,djkvdihost067.jakarta01.com,JAKARTA01\k_ignatius  
Error,9/26/2017 7:21:08 AM,EventCreate,1,None,Application,djkvdihost399.jakarta01.com,JAKARTA01\Letitia  
Error,9/26/2017 7:20:57 AM,EventCreate,1,None,Application,djkvdihost067.jakarta01.com,JAKARTA01\k_ignatius  
Error,9/26/2017 7:20:56 AM,EventCreate,1,None,Application,djkvdihost419.jakarta01.com,JAKARTA01\gadis  
Error,9/26/2017 7:20:54 AM,EventCreate,1,None,Application,djkvdihost084.jakarta01.com,JAKARTA01\fatma  
Error,9/26/2017 7:20:51 AM,EventCreate,1,None,Application,djkvdihost211.jakarta01.com,JAKARTA01\widya utami  
Error,9/26/2017 7:20:38 AM,EventCreate,1,None,Application,djkvdihost744.jakarta01.com,JAKARTA01\dwinda  
Error,9/26/2017 7:20:34 AM,EventCreate,1,None,Application,djkvdihost574.jakarta01.com,JAKARTA01\trisnawati  
Error,9/26/2017 7:19:56 AM,WSH,1,None,Application,djkvdihost211.jakarta01.com,"CN=Widya Utami Ketuyahman password will expire in 2 day(s) at 9/28/2017 8:10:15 AM

Press CTRL + ALT + DEL and select the ""Change a password"" option."
Error,9/26/2017 7:20:01 AM,EventCreate,1,None,Application,djkvdihost570.jakarta01.com,JAKARTA01\dyah alit  
Error,9/26/2017 7:19:55 AM,WSH,1,None,Application,djkvdihost211.jakarta01.com,"CN=Widya Utami Ketuyahman password will expire in 2 day(s) at 9/28/2017 8:10:15 AM

Press CTRL + ALT + DEL and select the ""Change a password"" option."
Error,9/26/2017 7:19:53 AM,EventCreate,1,None,Application,djkvdihost135.jakarta01.com,JAKARTA01\tenri  
Error,9/26/2017 7:19:35 AM,EventCreate,1,None,Application,djkvdihost265.jakarta01.com,JAKARTA01\sinta  
Error,9/26/2017 7:19:34 AM,EventCreate,1,None,Application,djkvdihost166.jakarta01.com,JAKARTA01\nony  
Error,9/26/2017 7:19:30 AM,EventCreate,1,None,Application,djkvdihost559.jakarta01.com,JAKARTA01\Nur Maya  
Error,9/26/2017 7:19:06 AM,EventCreate,1,None,Application,djkvdihost052.jakarta01.com,JAKARTA01\saptorini  
Error,9/26/2017 7:18:54 AM,EventCreate,1,None,Application,djkvdihost231.jakarta01.com,JAKARTA01\maria  
Error,9/26/2017 7:18:47 AM,EventCreate,1,None,Application,djkvdihost404.jakarta01.com,JAKARTA01\myreshka  
Error,9/26/2017 7:18:34 AM,Application Error,1000,(100),Application,djkvdihost231.jakarta01.com,"Faulting application name: wfcrun32.exe, version: 14.4.1000.16, time stamp: 0x571e1bd4
Faulting module name: unknown, version: 0.0.0.0, time stamp: 0x00000000
Exception code: 0xc0000005
Fault offset: 0x77a9e1a9
Faulting process id: 0x1840
Faulting application start time: 0x01d3365cfadebc35
Faulting application path: C:\Program Files\Citrix\ICA Client\wfcrun32.exe
Faulting module path: unknown
Report Id: 3b256eda-a250-11e7-8d30-0050569f4d50"
Error,9/26/2017 7:18:24 AM,EventCreate,1,None,Application,djkvdihost327.jakarta01.com,JAKARTA01\risa  
Error,9/26/2017 7:18:13 AM,EventCreate,1,None,Application,djkvdihost034.jakarta01.com,JAKARTA01\Yustine  
Error,9/26/2017 7:17:38 AM,EventCreate,1,None,Application,djkvdihost493.jakarta01.com,JAKARTA01\ayudia  
Error,9/26/2017 7:17:28 AM,EventCreate,1,None,Application,djkvdihost848.jakarta01.com,JAKARTA01\tsusaka  
Error,9/26/2017 7:17:09 AM,EventCreate,1,None,Application,djkvdihost539.jakarta01.com,JAKARTA01\nunik  
Error,9/26/2017 7:17:04 AM,EventCreate,1,None,Application,djkvdihost616.jakarta01.com,JAKARTA01\ceciliadt  
Error,9/26/2017 7:16:56 AM,EventCreate,1,None,Application,djkvdihost201.jakarta01.com,JAKARTA01\andiani  
Error,9/26/2017 7:16:54 AM,EventCreate,1,None,Application,djkvdihost676.jakarta01.com,JAKARTA01\debby  
Error,9/26/2017 7:16:01 AM,EventCreate,1,None,Application,djkvdihost415.jakarta01.com,JAKARTA01\DImas Satya  
Error,9/26/2017 7:15:37 AM,EventCreate,1,None,Application,djkvdihost651.jakarta01.com,JAKARTA01\gati  
Error,9/26/2017 7:15:34 AM,EventCreate,1,None,Application,djkvdihost651.jakarta01.com,JAKARTA01\gati  
Error,9/26/2017 7:16:02 AM,EventCreate,1,None,Application,djkvdihost311.jakarta01.com,JAKARTA01\nila  
Error,9/26/2017 7:16:00 AM,EventCreate,1,None,Application,djkvdihost673.jakarta01.com,JAKARTA01\rachelas  
Error,9/26/2017 7:15:55 AM,EventCreate,1,None,Application,djkvdihost832.jakarta01.com,JAKARTA01\indrawati  
Error,9/26/2017 7:15:41 AM,EventCreate,1,None,Application,djkvdihost531.jakarta01.com,JAKARTA01\mauluddin  
Error,9/26/2017 7:15:31 AM,EventCreate,1,None,Application,djkvdihost651.jakarta01.com,JAKARTA01\gati  
Error,9/26/2017 7:15:28 AM,EventCreate,1,None,Application,djkvdihost415.jakarta01.com,JAKARTA01\DImas Satya  
Error,9/26/2017 7:15:24 AM,EventCreate,1,None,Application,djkvdihost413.jakarta01.com,JAKARTA01\amanda  
Error,9/26/2017 7:15:15 AM,EventCreate,1,None,Application,djkvdihost821.jakarta01.com,JAKARTA01\Eny Masruroh  
Error,9/26/2017 7:15:07 AM,EventCreate,1,None,Application,djkvdihost536.jakarta01.com,JAKARTA01\marchelius  
Error,9/26/2017 7:15:01 AM,EventCreate,1,None,Application,djkvdihost750.jakarta01.com,JAKARTA01\ario  
Error,9/26/2017 7:14:35 AM,EventCreate,1,None,Application,djkvdihost217.jakarta01.com,JAKARTA01\dwinanto  
Error,9/26/2017 7:14:19 AM,EventCreate,1,None,Application,djkvdihost218.jakarta01.com,JAKARTA01\aria  
Error,9/26/2017 7:13:58 AM,EventCreate,1,None,Application,djkvdihost049.jakarta01.com,JAKARTA01\DianRamadhania  
Error,9/26/2017 7:13:57 AM,EventCreate,1,None,Application,djkvdihost301.jakarta01.com,JAKARTA01\teddy h  
Error,9/26/2017 7:13:56 AM,EventCreate,1,None,Application,djkvdihost279.jakarta01.com,JAKARTA01\ivan  
Error,9/26/2017 7:13:51 AM,EventCreate,1,None,Application,djkvdihost392.jakarta01.com,JAKARTA01\hari  
Error,9/26/2017 7:13:41 AM,EventCreate,1,None,Application,djkvdihost078.jakarta01.com,JAKARTA01\sashkia  
Error,9/26/2017 7:13:39 AM,EventCreate,1,None,Application,djkvdihost272.jakarta01.com,JAKARTA01\rozi  
Error,9/26/2017 7:13:24 AM,EventCreate,1,None,Application,djkvdihost253.jakarta01.com,JAKARTA01\Arina  
Error,9/26/2017 7:13:17 AM,Application Error,1000,(100),Application,djkvdihost253.jakarta01.com,"Faulting application name: spoolsv.exe, version: 6.1.7601.17777, time stamp: 0x4f35efc3
Faulting module name: msvcrt.dll, version: 7.0.7601.17744, time stamp: 0x4eeaf722
Exception code: 0xc0000005
Fault offset: 0x0000aa14
Faulting process id: 0x630
Faulting application start time: 0x01d3361ebc0d8fad
Faulting application path: C:\Windows\System32\spoolsv.exe
Faulting module path: C:\Windows\system32\msvcrt.dll
Report Id: 7ea76077-a24f-11e7-81e2-0050569f42cd"
Error,9/26/2017 7:13:17 AM,EventCreate,1,None,Application,djkvdihost257.jakarta01.com,JAKARTA01\DEVI  
Error,9/26/2017 7:13:13 AM,EventCreate,1,None,Application,djkvdihost382.jakarta01.com,JAKARTA01\Nur Alma  
Error,9/26/2017 7:12:08 AM,EventCreate,1,None,Application,djkvdihost059.jakarta01.com,JAKARTA01\Sely  
Error,9/26/2017 7:12:31 AM,EventCreate,1,None,Application,djkvdihost448.jakarta01.com,JAKARTA01\poetry  
Error,9/26/2017 7:12:19 AM,EventCreate,1,None,Application,djkvdihost491.jakarta01.com,JAKARTA01\sysdovs04  
Error,9/26/2017 7:12:03 AM,Application Error,1000,(100),Application,djkvdihost059.jakarta01.com,"Faulting application name: spoolsv.exe, version: 6.1.7601.17777, time stamp: 0x4f35efc3
Faulting module name: msvcrt.dll, version: 7.0.7601.17744, time stamp: 0x4eeaf722
Exception code: 0xc0000005
Fault offset: 0x0000aa14
Faulting process id: 0x634
Faulting application start time: 0x01d335e5f4bbb0fb
Faulting application path: C:\Windows\System32\spoolsv.exe
Faulting module path: C:\Windows\system32\msvcrt.dll
Report Id: 527a6376-a24f-11e7-b393-0050569f538a"
Error,9/26/2017 7:11:38 AM,EventCreate,1,None,Application,djkvdihost870.jakarta01.com,JAKARTA01\katsuta  
Error,9/26/2017 7:11:14 AM,EventCreate,1,None,Application,djkvdihost171.jakarta01.com,JAKARTA01\femmy  
Error,9/26/2017 7:10:40 AM,EventCreate,1,None,Application,djkvdihost456.jakarta01.com,JAKARTA01\danielhp  
Error,9/26/2017 7:10:07 AM,EventCreate,1,None,Application,djkvdihost278.jakarta01.com,JAKARTA01\eddy  
Error,9/26/2017 7:10:07 AM,EventCreate,1,None,Application,djkvdihost304.jakarta01.com,JAKARTA01\caroline  
Error,9/26/2017 7:10:01 AM,EventCreate,1,None,Application,djkvdihost748.jakarta01.com,JAKARTA01\kusumadita  
Error,9/26/2017 7:08:51 AM,EventCreate,1,None,Application,djkvdihost320.jakarta01.com,JAKARTA01\willya  
Error,9/26/2017 7:08:48 AM,Application Error,1000,(100),Application,djkvdihost320.jakarta01.com,"Faulting application name: NLNOTES.EXE, version: 8.5.30.11258, time stamp: 0x4e72fa51
Faulting module name: nnotes.dll, version: 8.5.30.11258, time stamp: 0x4e72fa6a
Exception code: 0xc0000005
Fault offset: 0x001c7f0e
Faulting process id: 0x1624
Faulting application start time: 0x01d3365b9f6926db
Faulting application path: C:\Program Files\IBM\Lotus\Notes\NLNOTES.EXE
Faulting module path: C:\Program Files\IBM\Lotus\Notes\nnotes.dll
Report Id: de54ab09-a24e-11e7-a412-0050569f0985"
Error,9/26/2017 7:08:24 AM,EventCreate,1,None,Application,djkvdihost305.jakarta01.com,JAKARTA01\fardy  
Error,9/26/2017 7:08:16 AM,EventCreate,1,None,Application,djkvdihost660.jakarta01.com,JAKARTA01\irman  
Error,9/26/2017 7:07:07 AM,EventCreate,1,None,Application,djkvdihost604.jakarta01.com,JAKARTA01\Hera  
Error,9/26/2017 7:06:38 AM,EventCreate,1,None,Application,djkvdihost308.jakarta01.com,JAKARTA01\IRMALA  
Error,9/26/2017 7:06:33 AM,Application Error,1000,(100),Application,djkvdihost308.jakarta01.com,"Faulting application name: spoolsv.exe, version: 6.1.7601.17777, time stamp: 0x4f35efc3
Faulting module name: msvcrt.dll, version: 7.0.7601.17744, time stamp: 0x4eeaf722
Exception code: 0xc0000005
Fault offset: 0x0000aa14
Faulting process id: 0x634
Faulting application start time: 0x01d335eea3174695
Faulting application path: C:\Windows\System32\spoolsv.exe
Faulting module path: C:\Windows\system32\msvcrt.dll
Report Id: 8dde194a-a24e-11e7-8d42-0050569f4d71"
Error,9/26/2017 7:07:00 AM,EventCreate,1,None,Application,djkvdihost310.jakarta01.com,JAKARTA01\kartika  
Error,9/26/2017 7:06:27 AM,EventCreate,1,None,Application,djkvdihost647.jakarta01.com,JAKARTA01\phesyana  
Error,9/26/2017 7:06:27 AM,EventCreate,1,None,Application,djkvdihost319.jakarta01.com,JAKARTA01\adhi  
Error,9/26/2017 7:05:42 AM,EventCreate,1,None,Application,djkvdihost825.jakarta01.com,JAKARTA01\Chinthea  
Error,9/26/2017 7:05:39 AM,Application Error,1000,(100),Application,djkvdihost825.jakarta01.com,"Faulting application name: OUTLOOK.EXE, version: 15.0.4919.1001, time stamp: 0x58d20482
Faulting module name: OUTLOOK.EXE, version: 15.0.4919.1001, time stamp: 0x58d20482
Exception code: 0xc0000005
Fault offset: 0x008924c4
Faulting process id: 0xefc
Faulting application start time: 0x01d336595ff2f51c
Faulting application path: C:\Program Files\Microsoft Office\Office15\OUTLOOK.EXE
Faulting module path: C:\Program Files\Microsoft Office\Office15\OUTLOOK.EXE
Report Id: 6da32697-a24e-11e7-ab4c-0050569f6feb"
Error,9/26/2017 7:05:57 AM,EventCreate,1,None,Application,djkvdihost593.jakarta01.com,JAKARTA01\tudie  
Error,9/26/2017 7:04:54 AM,EventCreate,1,None,Application,djkvdihost334.jakarta01.com,JAKARTA01\Donna  
Error,9/26/2017 7:04:04 AM,EventCreate,1,None,Application,djkvdihost858.jakarta01.com,JAKARTA01\i gede  
Error,9/26/2017 7:03:53 AM,EventCreate,1,None,Application,djkvdihost024.jakarta01.com,JAKARTA01\hertanto  
Error,9/26/2017 7:03:50 AM,EventCreate,1,None,Application,djkvdihost682.jakarta01.com,JAKARTA01\ayuningtias  
Error,9/26/2017 7:03:48 AM,EventCreate,1,None,Application,djkvdihost714.jakarta01.com,JAKARTA01\feni  
Error,9/26/2017 7:03:37 AM,EventCreate,1,None,Application,djkvdihost846.jakarta01.com,JAKARTA01\masuyama  
Error,9/26/2017 7:02:48 AM,EventCreate,1,None,Application,djkvdihost559.jakarta01.com,JAKARTA01\Nur Maya  
Error,9/26/2017 7:02:54 AM,EventCreate,1,None,Application,djkvdihost023.jakarta01.com,JAKARTA01\gatots  
Error,9/26/2017 7:02:43 AM,Application Error,1000,(100),Application,djkvdihost559.jakarta01.com,"Faulting application name: spoolsv.exe, version: 6.1.7601.17777, time stamp: 0x4f35efc3
Faulting module name: msvcrt.dll, version: 7.0.7601.17744, time stamp: 0x4eeaf722
Exception code: 0xc0000005
Fault offset: 0x0000aa14
Faulting process id: 0x640
Faulting application start time: 0x01d335e3dc5ac3c0
Faulting application path: C:\Windows\System32\spoolsv.exe
Faulting module path: C:\Windows\system32\msvcrt.dll
Report Id: 0460022b-a24e-11e7-9357-0050569f6fa7"
Error,9/26/2017 7:00:21 AM,EventCreate,1,None,Application,djkvdihost631.jakarta01.com,JAKARTA01\rusliyani  
Error,9/26/2017 6:59:31 AM,EventCreate,1,None,Application,djkvdihost308.jakarta01.com,JAKARTA01\IRMALA  
Error,9/26/2017 6:58:40 AM,EventCreate,1,None,Application,djkvdihost584.jakarta01.com,JAKARTA01\livia  
Error,9/26/2017 6:58:20 AM,EventCreate,1,None,Application,djkvdihost358.jakarta01.com,JAKARTA01\ayub  
Error,9/26/2017 6:58:04 AM,EventCreate,1,None,Application,djkvdihost545.jakarta01.com,JAKARTA01\mahendrars  
Error,9/26/2017 6:57:52 AM,EventCreate,1,None,Application,djkvdihost014.jakarta01.com,JAKARTA01\sugiarto  
Error,9/26/2017 6:57:33 AM,EventCreate,1,None,Application,djkvdihost843.jakarta01.com,JAKARTA01\bobby  
Error,9/26/2017 6:57:18 AM,EventCreate,1,None,Application,djkvdihost585.jakarta01.com,JAKARTA01\rusmelin  
Error,9/26/2017 6:56:43 AM,EventCreate,1,None,Application,djkvdihost666.jakarta01.com,JAKARTA01\Ameilia  
Error,9/26/2017 6:56:57 AM,EventCreate,1,None,Application,djkvdihost463.jakarta01.com,JAKARTA01\phia  
Error,9/26/2017 6:56:45 AM,EventCreate,1,None,Application,djkvdihost476.jakarta01.com,JAKARTA01\elestari  
Error,9/26/2017 6:56:36 AM,EventCreate,1,None,Application,djkvdihost666.jakarta01.com,JAKARTA01\Ameilia  
Error,9/26/2017 6:56:08 AM,EventCreate,1,None,Application,djkvdihost002.jakarta01.com,JAKARTA01\Rafika  
Error,9/26/2017 6:56:04 AM,EventCreate,1,None,Application,djkvdihost002.jakarta01.com,JAKARTA01\Rafika  
Error,9/26/2017 6:56:30 AM,EventCreate,1,None,Application,djkvdihost741.jakarta01.com,JAKARTA01\Amaliawati  
Error,9/26/2017 6:56:29 AM,EventCreate,1,None,Application,djkvdihost288.jakarta01.com,JAKARTA01\tobing  
Error,9/26/2017 6:56:29 AM,EventCreate,1,None,Application,djkvdihost143.jakarta01.com,JAKARTA01\Riki Darisman  
Error,9/26/2017 6:56:28 AM,EventCreate,1,None,Application,djkvdihost003.jakarta01.com,JAKARTA01\Leli  
Error,9/26/2017 6:56:24 AM,EventCreate,1,None,Application,djkvdihost627.jakarta01.com,JAKARTA01\andrinur  
Error,9/26/2017 6:56:06 AM,EventCreate,1,None,Application,djkvdihost441.jakarta01.com,JAKARTA01\suhendrayana  
Error,9/26/2017 6:55:55 AM,Application Error,1000,(100),Application,djkvdihost002.jakarta01.com,"Faulting application name: spoolsv.exe, version: 6.1.7601.17777, time stamp: 0x4f35efc3
Faulting module name: msvcrt.dll, version: 7.0.7601.17744, time stamp: 0x4eeaf722
Exception code: 0xc0000005
Fault offset: 0x0000aa14
Faulting process id: 0x638
Faulting application start time: 0x01d335e5f556a8dc
Faulting application path: C:\Windows\System32\spoolsv.exe
Faulting module path: C:\Windows\system32\msvcrt.dll
Report Id: 1199aaa0-a24d-11e7-834b-0050569f005a"
Error,9/26/2017 6:54:35 AM,EventCreate,1,None,Application,djkvdihost773.jakarta01.com,JAKARTA01\Patsiana  
Error,9/26/2017 6:54:05 AM,EventCreate,1,None,Application,djkvdihost743.jakarta01.com,JAKARTA01\alexander  
Error,9/26/2017 6:53:29 AM,EventCreate,1,None,Application,djkvdihost096.jakarta01.com,JAKARTA01\Virgitha  
Error,9/26/2017 6:53:17 AM,EventCreate,1,None,Application,djkvdihost776.jakarta01.com,JAKARTA01\Shena  
Error,9/26/2017 6:52:42 AM,EventCreate,1,None,Application,djkvdihost075.jakarta01.com,JAKARTA01\ester  
Error,9/26/2017 6:52:32 AM,EventCreate,1,None,Application,djkvdihost170.jakarta01.com,JAKARTA01\cahyaningtiyas  
Error,9/26/2017 6:50:39 AM,EventCreate,1,None,Application,djkvdihost443.jakarta01.com,JAKARTA01\susanto  
Error,9/26/2017 6:50:26 AM,EventCreate,1,None,Application,djkvdihost178.jakarta01.com,JAKARTA01\gallant  
Error,9/26/2017 6:49:49 AM,EventCreate,1,None,Application,djkvdihost270.jakarta01.com,JAKARTA01\poespita  
Error,9/26/2017 6:49:26 AM,EventCreate,1,None,Application,djkvdihost527.jakarta01.com,JAKARTA01\andini  
Error,9/26/2017 6:48:10 AM,EventCreate,1,None,Application,djkvdihost302.jakarta01.com,JAKARTA01\mulyono  
Error,9/26/2017 6:48:00 AM,Application Error,1000,(100),Application,djkvdihost302.jakarta01.com,"Faulting application name: spoolsv.exe, version: 6.1.7601.17777, time stamp: 0x4f35efc3
Faulting module name: msvcrt.dll, version: 7.0.7601.17744, time stamp: 0x4eeaf722
Exception code: 0xc0000005
Fault offset: 0x0000aa14
Faulting process id: 0x634
Faulting application start time: 0x01d335fcc1f4da8e
Faulting application path: C:\Windows\System32\spoolsv.exe
Faulting module path: C:\Windows\system32\msvcrt.dll
Report Id: f64795e7-a24b-11e7-b3ab-0050569f7524"
Error,9/26/2017 6:47:54 AM,EventCreate,1,None,Application,djkvdihost302.jakarta01.com,JAKARTA01\mulyono  
Error,9/26/2017 6:48:05 AM,EventCreate,1,None,Application,djkvdihost825.jakarta01.com,JAKARTA01\Chinthea  
Error,9/26/2017 6:47:44 AM,EventCreate,1,None,Application,djkvdihost320.jakarta01.com,JAKARTA01\willya  
Error,9/26/2017 6:47:34 AM,EventCreate,1,None,Application,djkvdihost853.jakarta01.com,JAKARTA01\Ouchi  
Error,9/26/2017 6:47:26 AM,EventCreate,1,None,Application,djkvdihost302.jakarta01.com,JAKARTA01\mulyono  
Error,9/26/2017 6:46:38 AM,EventCreate,1,None,Application,djkvdihost818.jakarta01.com,JAKARTA01\muhammad zubayr  
Error,9/26/2017 6:44:31 AM,EventCreate,1,None,Application,djkvdihost366.jakarta01.com,JAKARTA01\moh rinov  
Error,9/26/2017 6:43:27 AM,EventCreate,1,None,Application,djkvdihost422.jakarta01.com,JAKARTA01\hideo  
Error,9/26/2017 6:42:15 AM,EventCreate,1,None,Application,djkvdihost717.jakarta01.com,JAKARTA01\Bob Jasper  
Error,9/26/2017 6:41:23 AM,EventCreate,1,None,Application,djkvdihost510.jakarta01.com,JAKARTA01\kezia  
Error,9/26/2017 6:41:11 AM,EventCreate,1,None,Application,djkvdihost018.jakarta01.com,JAKARTA01\paramita  
Error,9/26/2017 6:41:08 AM,EventCreate,1,None,Application,djkvdihost454.jakarta01.com,JAKARTA01\mulyanto  
Error,9/26/2017 6:40:40 AM,EventCreate,1,None,Application,djkvdihost854.jakarta01.com,JAKARTA01\jeremia  
Error,9/26/2017 6:40:36 AM,EventCreate,1,None,Application,djkvdihost066.jakarta01.com,JAKARTA01\nugraha  
Error,9/26/2017 6:40:19 AM,EventCreate,1,None,Application,djkvdihost066.jakarta01.com,JAKARTA01\nugraha  
Error,9/26/2017 6:40:01 AM,EventCreate,1,None,Application,djkvdihost854.jakarta01.com,JAKARTA01\jeremia  
Error,9/26/2017 6:39:34 AM,EventCreate,1,None,Application,djkvdihost083.jakarta01.com,JAKARTA01\muhammad afif  
Error,9/26/2017 6:38:33 AM,EventCreate,1,None,Application,djkvdihost215.jakarta01.com,JAKARTA01\Pinta  
Error,9/26/2017 6:38:19 AM,EventCreate,1,None,Application,djkvdihost094.jakarta01.com,JAKARTA01\tjahja  
Error,9/26/2017 6:38:15 AM,EventCreate,1,None,Application,djkvdihost073.jakarta01.com,JAKARTA01\rusliadi  
Error,9/26/2017 6:38:05 AM,EventCreate,1,None,Application,djkvdihost094.jakarta01.com,JAKARTA01\tjahja  
Error,9/26/2017 6:35:56 AM,EventCreate,1,None,Application,djkvdihost698.jakarta01.com,JAKARTA01\Linah  
Error,9/26/2017 6:35:50 AM,EventCreate,1,None,Application,djkvdihost871.jakarta01.com,JAKARTA01\Machida  
Error,9/26/2017 6:32:31 AM,EventCreate,1,None,Application,djkvdihost653.jakarta01.com,JAKARTA01\komangsd  
Error,9/26/2017 6:31:08 AM,EventCreate,1,None,Application,djkvdihost361.jakarta01.com,JAKARTA01\faiqa  
Error,9/26/2017 6:30:59 AM,Application Error,1000,(100),Application,djkvdihost361.jakarta01.com,"Faulting application name: spoolsv.exe, version: 6.1.7601.17777, time stamp: 0x4f35efc3
Faulting module name: msvcrt.dll, version: 7.0.7601.17744, time stamp: 0x4eeaf722
Exception code: 0xc0000005
Fault offset: 0x0000aa14
Faulting process id: 0x630
Faulting application start time: 0x01d335e7a36bbc08
Faulting application path: C:\Windows\System32\spoolsv.exe
Faulting module path: C:\Windows\system32\msvcrt.dll
Report Id: 958961cc-a249-11e7-8ebc-0050569f08f9"
Error,9/26/2017 6:28:45 AM,EventCreate,1,None,Application,djkvdihost865.jakarta01.com,JAKARTA01\hastari  
Error,9/26/2017 6:28:24 AM,EventCreate,1,None,Application,djkvdihost498.jakarta01.com,JAKARTA01\cut nyak  
Error,9/26/2017 6:27:06 AM,EventCreate,1,None,Application,djkvdihost372.jakarta01.com,JAKARTA01\taufik  
Error,9/26/2017 6:26:37 AM,EventCreate,1,None,Application,djkvdihost435.jakarta01.com,JAKARTA01\michael  
Error,9/26/2017 6:26:33 AM,EventCreate,1,None,Application,djkvdihost282.jakarta01.com,JAKARTA01\Valdi  
Error,9/26/2017 6:25:07 AM,EventCreate,1,None,Application,djkvdihost874.jakarta01.com,JAKARTA01\ueda  
Error,9/26/2017 6:21:53 AM,EventCreate,1,None,Application,djkvdihost789.jakarta01.com,JAKARTA01\yofiandhy  
Error,9/26/2017 6:21:19 AM,EventCreate,1,None,Application,djkvdihost293.jakarta01.com,JAKARTA01\Hertanto gunadi  
Error,9/26/2017 6:20:22 AM,EventCreate,1,None,Application,djkvdihost680.jakarta01.com,JAKARTA01\Pram  
Error,9/26/2017 6:18:18 AM,EventCreate,1,None,Application,djkvdihost791.jakarta01.com,JAKARTA01\sasono  
Error,9/26/2017 6:10:23 AM,EventCreate,1,None,Application,djkvdihost671.jakarta01.com,JAKARTA01\olly  
Error,9/26/2017 6:07:46 AM,EventCreate,1,None,Application,djkvdihost098.jakarta01.com,JAKARTA01\Idafarida  
Error,9/26/2017 6:07:40 AM,EventCreate,1,None,Application,djkvdihost774.jakarta01.com,JAKARTA01\Argo  
Error,9/26/2017 6:06:52 AM,EventCreate,1,None,Application,djkvdihost199.jakarta01.com,JAKARTA01\Erick  
Error,9/26/2017 6:03:58 AM,EventCreate,1,None,Application,djkvdihost120.jakarta01.com,JAKARTA01\yasinta  
Error,9/26/2017 6:02:01 AM,EventCreate,1,None,Application,djkvdihost407.jakarta01.com,JAKARTA01\ianm  
Error,9/26/2017 5:59:31 AM,EventCreate,1,None,Application,djkvdihost189.jakarta01.com,JAKARTA01\puji sih  
Error,9/26/2017 5:56:27 AM,EventCreate,1,None,Application,djkvdihost554.jakarta01.com,JAKARTA01\henny  
Error,9/26/2017 5:54:38 AM,EventCreate,1,None,Application,djkvdihost469.jakarta01.com,JAKARTA01\arqom  
Error,9/26/2017 5:53:45 AM,EventCreate,1,None,Application,djkvdihost658.jakarta01.com,JAKARTA01\agungwd  
Error,9/26/2017 5:53:49 AM,EventCreate,1,None,Application,djkvdihost749.jakarta01.com,JAKARTA01\yosiakarta  
Error,9/26/2017 5:53:25 AM,EventCreate,1,None,Application,djkvdihost658.jakarta01.com,JAKARTA01\agungwd  
Error,9/26/2017 5:52:04 AM,EventCreate,1,None,Application,djkvdihost326.jakarta01.com,JAKARTA01\dhara  
Error,9/26/2017 5:47:18 AM,EventCreate,1,None,Application,djkvdihost354.jakarta01.com,JAKARTA01\midasope  
Error,9/26/2017 5:46:26 AM,WSH,1,None,Application,djkvdihost354.jakarta01.com,"CN=MIDASOpe password will expire in 2 day(s) at 9/28/2017 6:03:07 AM

Press CTRL + ALT + DEL and select the ""Change a password"" option."
Error,9/26/2017 5:46:25 AM,WSH,1,None,Application,djkvdihost354.jakarta01.com,"CN=MIDASOpe password will expire in 2 day(s) at 9/28/2017 6:03:07 AM

Press CTRL + ALT + DEL and select the ""Change a password"" option."
Error,9/26/2017 5:36:17 AM,EventCreate,1,None,Application,djkvdihost185.jakarta01.com,JAKARTA01\Ajie  
Error,9/26/2017 5:26:14 AM,EventCreate,1,None,Application,djkvdihost625.jakarta01.com,JAKARTA01\anisa  
Error,9/25/2017 9:01:04 PM,EventCreate,1,None,Application,djkvdihost306.jakarta01.com,JAKARTA01\Moh Ditto  
Error,9/25/2017 8:47:08 PM,EventCreate,1,None,Application,djkvdihost345.jakarta01.com,JAKARTA01\mario  
Error,9/25/2017 8:47:01 PM,EventCreate,1,None,Application,djkvdihost345.jakarta01.com,JAKARTA01\mario  
Error,9/25/2017 8:29:57 PM,EventCreate,1,None,Application,djkvdihost734.jakarta01.com,JAKARTA01\Puspa  
Error,9/25/2017 8:20:00 PM,EventCreate,1,None,Application,djkvdihost326.jakarta01.com,JAKARTA01\hilmy  
Error,9/25/2017 7:46:44 PM,EventCreate,1,None,Application,djkvdihost874.jakarta01.com,JAKARTA01\sodeoka  
Error,9/25/2017 7:17:45 PM,EventCreate,1,None,Application,djkvdihost286.jakarta01.com,JAKARTA01\GUESTISD33  
Error,9/25/2017 7:17:44 PM,Application Error,1000,(100),Application,djkvdihost286.jakarta01.com,"Faulting application name: OUTLOOK.EXE, version: 15.0.4919.1001, time stamp: 0x58d20482
Faulting module name: OUTLOOK.EXE, version: 15.0.4919.1001, time stamp: 0x58d20482
Exception code: 0xc0000005
Fault offset: 0x008924c4
Faulting process id: 0x1698
Faulting application start time: 0x01d335a1634510a5
Faulting application path: C:\Program Files\Microsoft Office\Office15\OUTLOOK.EXE
Faulting module path: C:\Program Files\Microsoft Office\Office15\OUTLOOK.EXE
Report Id: 888f6b84-a1eb-11e7-bb74-0050569f5917"
Error,9/25/2017 7:04:30 PM,EventCreate,1,None,Application,djkvdihost645.jakarta01.com,JAKARTA01\LILY AISYAH  
Error,9/25/2017 5:04:20 PM,EventCreate,1,None,Application,djkvdihost536.jakarta01.com,"The description for Event ID 1 from source EventCreate cannot be found. Either the component that raises this event is not installed on your local computer or the installation is corrupted. You can install or repair the component on the local computer.

If the event originated on another computer, the display information had to be saved with the event.

The following information was included with the event: 

JAKARTA01\GuestFCD04  
"
Error,9/25/2017 5:04:08 PM,EventCreate,1,None,Application,djkvdihost536.jakarta01.com,"The description for Event ID 1 from source EventCreate cannot be found. Either the component that raises this event is not installed on your local computer or the installation is corrupted. You can install or repair the component on the local computer.

If the event originated on another computer, the display information had to be saved with the event.

The following information was included with the event: 

JAKARTA01\GuestFCD04  
"
Error,9/25/2017 7:01:51 PM,EventCreate,1,None,Application,djkvdihost306.jakarta01.com,JAKARTA01\istiningsih  
Error,9/25/2017 7:01:47 PM,EventCreate,1,None,Application,djkvdihost306.jakarta01.com,JAKARTA01\istiningsih  
Error,9/25/2017 7:01:31 PM,EventCreate,1,None,Application,djkvdihost306.jakarta01.com,JAKARTA01\istiningsih  
Error,9/25/2017 7:01:28 PM,EventCreate,1,None,Application,djkvdihost306.jakarta01.com,JAKARTA01\istiningsih  
Error,9/25/2017 6:56:53 PM,EventCreate,1,None,Application,djkvdihost351.jakarta01.com,JAKARTA01\payogi  
Error,9/25/2017 6:56:53 PM,Application Error,1000,(100),Application,djkvdihost351.jakarta01.com,"Faulting application name: NLNOTES.EXE, version: 8.5.30.11258, time stamp: 0x4e72fa51
Faulting module name: nnotes.dll, version: 8.5.30.11258, time stamp: 0x4e72fa6a
Exception code: 0xc0000005
Fault offset: 0x001c7f0e
Faulting process id: 0x22b8
Faulting application start time: 0x01d335f560f20255
Faulting application path: C:\Program Files\IBM\Lotus\Notes\NLNOTES.EXE
Faulting module path: C:\Program Files\IBM\Lotus\Notes\nnotes.dll
Report Id: 9eaa7421-a1e8-11e7-9184-0050569f2407"
Error,9/25/2017 6:56:40 PM,EventCreate,1,None,Application,djkvdihost351.jakarta01.com,JAKARTA01\payogi  
Error,9/25/2017 6:56:37 PM,Application Error,1000,(100),Application,djkvdihost351.jakarta01.com,"Faulting application name: NLNOTES.EXE, version: 8.5.30.11258, time stamp: 0x4e72fa51
Faulting module name: nnotes.dll, version: 8.5.30.11258, time stamp: 0x4e72fa6a
Exception code: 0xc0000005
Fault offset: 0x001c7f0e
Faulting process id: 0x23c4
Faulting application start time: 0x01d335f55760936b
Faulting application path: C:\Program Files\IBM\Lotus\Notes\NLNOTES.EXE
Faulting module path: C:\Program Files\IBM\Lotus\Notes\nnotes.dll
Report Id: 953cb9f5-a1e8-11e7-9184-0050569f2407"
Error,9/25/2017 6:53:14 PM,EventCreate,1,None,Application,djkvdihost028.jakarta01.com,JAKARTA01\rindang  
Error,9/25/2017 6:49:38 PM,EventCreate,1,None,Application,djkvdihost656.jakarta01.com,JAKARTA01\ronald david  
Error,9/25/2017 6:49:23 PM,EventCreate,1,None,Application,djkvdihost656.jakarta01.com,JAKARTA01\ronald david  
Error,9/25/2017 6:48:52 PM,EventCreate,1,None,Application,djkvdihost331.jakarta01.com,JAKARTA01\rusliyani  
Error,9/25/2017 6:48:40 PM,EventCreate,1,None,Application,djkvdihost331.jakarta01.com,JAKARTA01\rusliyani  
Error,9/25/2017 6:37:19 PM,EventCreate,1,None,Application,djkvdihost825.jakarta01.com,JAKARTA01\agnes  
Error,9/25/2017 6:37:18 PM,Application Error,1000,(100),Application,djkvdihost825.jakarta01.com,"Faulting application name: WINWORD.EXE, version: 15.0.4911.1000, time stamp: 0x58a2c075
Faulting module name: wwlib.dll, version: 15.0.4911.1000, time stamp: 0x58a2c073
Exception code: 0xc0000005
Fault offset: 0x006f0ff9
Faulting process id: 0x1d48
Faulting application start time: 0x01d335d2bcc422eb
Faulting application path: C:\Program Files\Microsoft Office\Office15\WINWORD.EXE
Faulting module path: C:\Program Files\Microsoft Office\Office15\wwlib.dll
Report Id: e282f4df-a1e5-11e7-84c6-0050569f6feb"
Error,9/25/2017 6:33:52 PM,EventCreate,1,None,Application,djkvdihost293.jakarta01.com,JAKARTA01\Widi Anggraeni  
Error,9/25/2017 6:33:51 PM,Application Error,1000,(100),Application,djkvdihost293.jakarta01.com,"Faulting application name: lync.exe, version: 15.0.4919.1000, time stamp: 0x58c7ab1e
Faulting module name: ntdll.dll, version: 6.1.7601.23714, time stamp: 0x58bf8774
Exception code: 0xc0000005
Fault offset: 0x00031dca
Faulting process id: 0x177c
Faulting application start time: 0x01d335ef354c0889
Faulting application path: C:\Program Files\Microsoft Office\Office15\lync.exe
Faulting module path: C:\Windows\SYSTEM32\ntdll.dll
Report Id: 66f043b3-a1e5-11e7-94cc-0050569f58c8"
Error,9/25/2017 6:25:46 PM,EventCreate,1,None,Application,djkvdihost657.jakarta01.com,JAKARTA01\meltsaury  
Error,9/25/2017 6:25:45 PM,Application Error,1000,(100),Application,djkvdihost657.jakarta01.com,"Faulting application name: OUTLOOK.EXE, version: 15.0.4919.1001, time stamp: 0x58d20482
Faulting module name: ntdll.dll, version: 6.1.7601.23714, time stamp: 0x58bf8774
Exception code: 0xc0000005
Fault offset: 0x0005294f
Faulting process id: 0x1674
Faulting application start time: 0x01d335a75bfb5b78
Faulting application path: C:\Program Files\Microsoft Office\Office15\OUTLOOK.EXE
Faulting module path: C:\Windows\SYSTEM32\ntdll.dll
Report Id: 450d8e4e-a1e4-11e7-8b43-0050569f742d"
Error,9/25/2017 6:23:45 PM,EventCreate,1,None,Application,djkvdihost613.jakarta01.com,JAKARTA01\mahendrars  
Error,9/25/2017 6:19:37 PM,EventCreate,1,None,Application,djkvdihost669.jakarta01.com,JAKARTA01\nurfadila  
Error,9/25/2017 6:19:22 PM,EventCreate,1,None,Application,djkvdihost718.jakarta01.com,JAKARTA01\elestari  
Error,9/25/2017 6:17:19 PM,EventCreate,1,None,Application,djkvdihost260.jakarta01.com,JAKARTA01\arqom  
Error,9/25/2017 6:17:18 PM,Application Error,1000,(100),Application,djkvdihost260.jakarta01.com,"Faulting application name: PhotoScreensaver.scr, version: 6.1.7601.17514, time stamp: 0x4ce7a590
Faulting module name: SHELL32.dll, version: 6.1.7601.23537, time stamp: 0x57c450f4
Exception code: 0xc0000005
Fault offset: 0x001f269f
Faulting process id: 0xb60
Faulting application start time: 0x01d335efc9b00de1
Faulting application path: C:\Windows\system32\PhotoScreensaver.scr
Faulting module path: C:\Windows\system32\SHELL32.dll
Report Id: 17324164-a1e3-11e7-ab00-0050569f3343"
Error,9/25/2017 6:17:44 PM,EventCreate,1,None,Application,djkvdihost145.jakarta01.com,JAKARTA01\idams  
Error,9/25/2017 6:17:50 PM,EventCreate,1,None,Application,djkvdihost718.jakarta01.com,JAKARTA01\elestari  
Error,9/25/2017 6:14:06 PM,EventCreate,1,None,Application,djkvdihost185.jakarta01.com,JAKARTA01\rizka syarifa  
Error,9/25/2017 6:11:31 PM,EventCreate,1,None,Application,djkvdihost260.jakarta01.com,JAKARTA01\arqom  
Error,9/25/2017 6:11:26 PM,Application Error,1000,(100),Application,djkvdihost260.jakarta01.com,"Faulting application name: PhotoScreensaver.scr, version: 6.1.7601.17514, time stamp: 0x4ce7a590
Faulting module name: SHELL32.dll, version: 6.1.7601.23537, time stamp: 0x57c450f4
Exception code: 0xc0000005
Fault offset: 0x001f269f
Faulting process id: 0x1678
Faulting application start time: 0x01d335ec4d7b7153
Faulting application path: C:\Windows\system32\PhotoScreensaver.scr
Faulting module path: C:\Windows\system32\SHELL32.dll
Report Id: 4584ec3f-a1e2-11e7-ab00-0050569f3343"
Error,9/25/2017 6:10:08 PM,EventCreate,1,None,Application,djkvdihost597.jakarta01.com,JAKARTA01\yofiandhy  
Error,9/25/2017 6:10:07 PM,Application Error,1000,(100),Application,djkvdihost597.jakarta01.com,"Faulting application name: WINWORD.EXE, version: 15.0.4911.1000, time stamp: 0x58a2c075
Faulting module name: wwlib.dll, version: 15.0.4911.1000, time stamp: 0x58a2c073
Exception code: 0xc0000005
Fault offset: 0x003634e7
Faulting process id: 0xb00
Faulting application start time: 0x01d335ee18f696ea
Faulting application path: C:\Program Files\Microsoft Office\Office15\WINWORD.EXE
Faulting module path: C:\Program Files\Microsoft Office\Office15\wwlib.dll
Report Id: 16357193-a1e2-11e7-9d66-0050569f4d36"
Error,9/25/2017 6:07:26 PM,EventCreate,1,None,Application,djkvdihost531.jakarta01.com,JAKARTA01\diena  
