Error,9/27/2017 7:45:11 AM,EventCreate,1,None,Application,djkvdihost606.jakarta01.com,JAKARTA01\Mustikawati  
Error,9/27/2017 7:45:10 AM,EventCreate,1,None,Application,djkvdihost109.jakarta01.com,JAKARTA01\Indah  
Error,9/27/2017 7:45:09 AM,EventCreate,1,None,Application,djkvdihost204.jakarta01.com,JAKARTA01\suhendrayana  
Error,9/27/2017 7:45:06 AM,EventCreate,1,None,Application,djkvdihost474.jakarta01.com,JAKARTA01\maria  
Error,9/27/2017 7:45:04 AM,EventCreate,1,None,Application,djkvdihost671.jakarta01.com,JAKARTA01\Arum  
Error,9/27/2017 7:44:46 AM,EventCreate,1,None,Application,djkvdihost398.jakarta01.com,JAKARTA01\teddy h  
Error,9/27/2017 7:44:38 AM,EventCreate,1,None,Application,djkvdihost395.jakarta01.com,JAKARTA01\dadi  
Error,9/27/2017 7:43:54 AM,EventCreate,1,None,Application,djkvdihost273.jakarta01.com,JAKARTA01\annisa inggita  
Error,9/27/2017 7:43:43 AM,EventCreate,1,None,Application,djkvdihost412.jakarta01.com,JAKARTA01\vina  
Error,9/27/2017 7:43:40 AM,EventCreate,1,None,Application,djkvdihost896.jakarta01.com,JAKARTA01\Adhisty  
Error,9/27/2017 7:43:38 AM,EventCreate,1,None,Application,djkvdihost472.jakarta01.com,JAKARTA01\srahma  
Error,9/27/2017 7:43:32 AM,EventCreate,1,None,Application,djkvdihost099.jakarta01.com,JAKARTA01\sinta  
Error,9/27/2017 7:42:57 AM,EventCreate,1,None,Application,djkvdihost032.jakarta01.com,JAKARTA01\caroline  
Error,9/27/2017 7:42:43 AM,Application Error,1000,(100),Application,djkvdihost032.jakarta01.com,"Faulting application name: spoolsv.exe, version: 6.1.7601.17777, time stamp: 0x4f35efc3
Faulting module name: msvcrt.dll, version: 7.0.7601.17744, time stamp: 0x4eeaf722
Exception code: 0xc0000005
Fault offset: 0x0000aa14
Faulting process id: 0x634
Faulting application start time: 0x01d336c881eca2dd
Faulting application path: C:\Windows\System32\spoolsv.exe
Faulting module path: C:\Windows\system32\msvcrt.dll
Report Id: c54926f4-a31c-11e7-9979-0050569f6c2d"
Error,9/27/2017 7:42:28 AM,EventCreate,1,None,Application,djkvdihost160.jakarta01.com,JAKARTA01\eddy  
Error,9/27/2017 7:42:11 AM,EventCreate,1,None,Application,djkvdihost617.jakarta01.com,JAKARTA01\retno  
Error,9/27/2017 7:41:59 AM,EventCreate,1,None,Application,djkvdihost192.jakarta01.com,JAKARTA01\Talitha  
Error,9/27/2017 7:41:50 AM,EventCreate,1,None,Application,djkvdihost665.jakarta01.com,JAKARTA01\Dina Vathati  
Error,9/27/2017 7:41:40 AM,EventCreate,1,None,Application,djkvdihost142.jakarta01.com,JAKARTA01\belly  
Error,9/27/2017 7:41:12 AM,EventCreate,1,None,Application,djkvdihost765.jakarta01.com,JAKARTA01\rindang  
Error,9/27/2017 7:41:09 AM,EventCreate,1,None,Application,djkvdihost765.jakarta01.com,JAKARTA01\rindang  
Error,9/27/2017 7:40:58 AM,EventCreate,1,None,Application,djkvdihost195.jakarta01.com,JAKARTA01\dwinda  
Error,9/27/2017 7:40:23 AM,EventCreate,1,None,Application,djkvdihost358.jakarta01.com,JAKARTA01\Letitia  
Error,9/27/2017 7:40:38 AM,EventCreate,1,None,Application,djkvdihost765.jakarta01.com,JAKARTA01\rindang  
Error,9/27/2017 7:39:59 AM,EventCreate,1,None,Application,djkvdihost358.jakarta01.com,JAKARTA01\Letitia  
Error,9/27/2017 7:40:04 AM,EventCreate,1,None,Application,djkvdihost448.jakarta01.com,JAKARTA01\heriyadi  
Error,9/27/2017 7:39:24 AM,EventCreate,1,None,Application,djkvdihost536.jakarta01.com,JAKARTA01\linda  
Error,9/27/2017 7:39:14 AM,EventCreate,1,None,Application,djkvdihost645.jakarta01.com,JAKARTA01\yusi  
Error,9/27/2017 7:38:49 AM,EventCreate,1,None,Application,djkvdihost289.jakarta01.com,JAKARTA01\Rio Satria  
Error,9/27/2017 7:38:48 AM,EventCreate,1,None,Application,djkvdihost532.jakarta01.com,JAKARTA01\indrawati  
Error,9/27/2017 7:38:10 AM,EventCreate,1,None,Application,djkvdihost392.jakarta01.com,JAKARTA01\Yosi  
Error,9/27/2017 7:38:10 AM,EventCreate,1,None,Application,djkvdihost219.jakarta01.com,JAKARTA01\elita  
Error,9/27/2017 7:38:01 AM,EventCreate,1,None,Application,djkvdihost622.jakarta01.com,JAKARTA01\tiar  
Error,9/27/2017 7:37:40 AM,EventCreate,1,None,Application,djkvdihost348.jakarta01.com,JAKARTA01\Lukitowati  
Error,9/27/2017 7:37:20 AM,EventCreate,1,None,Application,djkvdihost767.jakarta01.com,JAKARTA01\Dicky  
Error,9/27/2017 7:36:53 AM,EventCreate,1,None,Application,djkvdihost767.jakarta01.com,JAKARTA01\Dicky  
Error,9/27/2017 7:36:44 AM,EventCreate,1,None,Application,djkvdihost400.jakarta01.com,JAKARTA01\MIrhasE  
Error,9/27/2017 7:36:42 AM,EventCreate,1,None,Application,djkvdihost444.jakarta01.com,JAKARTA01\ChyntiaDN  
Error,9/27/2017 7:36:24 AM,Application Error,1000,(100),Application,djkvdihost767.jakarta01.com,"Faulting application name: wfcrun32.exe, version: 14.4.1000.16, time stamp: 0x571e1bd4
Faulting module name: MFC80.DLL, version: 8.0.50727.6195, time stamp: 0x4dcdeca2
Exception code: 0xc0000005
Fault offset: 0x0005e1b0
Faulting process id: 0x18dc
Faulting application start time: 0x01d337289f45072d
Faulting application path: C:\Program Files\Citrix\ICA Client\wfcrun32.exe
Faulting module path: C:\Windows\WinSxS\x86_microsoft.vc80.mfc_1fc8b3b9a1e18e3b_8.0.50727.6195_none_cbf5e994470a1a8f\MFC80.DLL
Report Id: e3a07a3d-a31b-11e7-ba33-0050569f79f3"
Error,9/27/2017 7:36:20 AM,EventCreate,1,None,Application,djkvdihost510.jakarta01.com,JAKARTA01\k_ignatius  
Error,9/27/2017 7:35:46 AM,WSH,1,None,Application,djkvdihost767.jakarta01.com,"CN=Dicky Andhika Abdurrahman password will expire in 4 day(s) at 10/1/2017 7:18:12 AM

Press CTRL + ALT + DEL and select the ""Change a password"" option."
Error,9/27/2017 7:36:11 AM,EventCreate,1,None,Application,djkvdihost773.jakarta01.com,JAKARTA01\ayub  
Error,9/27/2017 7:36:10 AM,EventCreate,1,None,Application,djkvdihost001.jakarta01.com,JAKARTA01\inna  
Error,9/27/2017 7:36:08 AM,EventCreate,1,None,Application,djkvdihost384.jakarta01.com,JAKARTA01\muhammad afif  
Error,9/27/2017 7:36:04 AM,EventCreate,1,None,Application,djkvdihost642.jakarta01.com,JAKARTA01\haris  
Error,9/27/2017 7:35:45 AM,WSH,1,None,Application,djkvdihost767.jakarta01.com,"CN=Dicky Andhika Abdurrahman password will expire in 4 day(s) at 10/1/2017 7:18:12 AM

Press CTRL + ALT + DEL and select the ""Change a password"" option."
Error,9/27/2017 7:35:40 AM,EventCreate,1,None,Application,djkvdihost422.jakarta01.com,JAKARTA01\Amaliawati  
Error,9/27/2017 7:35:36 AM,EventCreate,1,None,Application,djkvdihost293.jakarta01.com,JAKARTA01\paramita  
Error,9/27/2017 7:34:56 AM,EventCreate,1,None,Application,djkvdihost839.jakarta01.com,JAKARTA01\arief  
Error,9/27/2017 7:34:04 AM,EventCreate,1,None,Application,djkvdihost027.jakarta01.com,JAKARTA01\sulistyono  
Error,9/27/2017 7:34:09 AM,EventCreate,1,None,Application,djkvdihost514.jakarta01.com,JAKARTA01\ayudia  
Error,9/27/2017 7:34:09 AM,EventCreate,1,None,Application,djkvdihost542.jakarta01.com,JAKARTA01\AdrianP  
Error,9/27/2017 7:33:59 AM,EventCreate,1,None,Application,djkvdihost027.jakarta01.com,JAKARTA01\sulistyono  
Error,9/27/2017 7:33:46 AM,EventCreate,1,None,Application,djkvdihost454.jakarta01.com,JAKARTA01\adhi  
Error,9/27/2017 7:32:56 AM,WSH,1,None,Application,djkvdihost454.jakarta01.com,"CN=Adhi Pradityo password will expire in 4 day(s) at 10/1/2017 7:25:00 AM

Press CTRL + ALT + DEL and select the ""Change a password"" option."
Error,9/27/2017 7:33:18 AM,EventCreate,1,None,Application,djkvdihost873.jakarta01.com,JAKARTA01\harry  
Error,9/27/2017 7:33:13 AM,EventCreate,1,None,Application,djkvdihost720.jakarta01.com,JAKARTA01\ceciliadt  
Error,9/27/2017 7:33:07 AM,EventCreate,1,None,Application,djkvdihost229.jakarta01.com,JAKARTA01\nunik  
Error,9/27/2017 7:32:59 AM,EventCreate,1,None,Application,djkvdihost616.jakarta01.com,JAKARTA01\fardy  
Error,9/27/2017 7:32:58 AM,EventCreate,1,None,Application,djkvdihost495.jakarta01.com,JAKARTA01\Ameilia  
Error,9/27/2017 7:32:55 AM,WSH,1,None,Application,djkvdihost454.jakarta01.com,"CN=Adhi Pradityo password will expire in 4 day(s) at 10/1/2017 7:25:00 AM

Press CTRL + ALT + DEL and select the ""Change a password"" option."
Error,9/27/2017 7:32:49 AM,EventCreate,1,None,Application,djkvdihost751.jakarta01.com,JAKARTA01\raditya  
Error,9/27/2017 7:32:38 AM,EventCreate,1,None,Application,djkvdihost042.jakarta01.com,JAKARTA01\lenny  
Error,9/27/2017 7:32:05 AM,EventCreate,1,None,Application,djkvdihost760.jakarta01.com,JAKARTA01\RURI  
Error,9/27/2017 7:31:28 AM,EventCreate,1,None,Application,djkvdihost766.jakarta01.com,JAKARTA01\femmy  
Error,9/27/2017 7:31:20 AM,EventCreate,1,None,Application,djkvdihost295.jakarta01.com,JAKARTA01\marchelius  
Error,9/27/2017 7:31:04 AM,EventCreate,1,None,Application,djkvdihost825.jakarta01.com,JAKARTA01\Bob Jasper  
Error,9/27/2017 7:30:57 AM,EventCreate,1,None,Application,djkvdihost185.jakarta01.com,JAKARTA01\heri  
Error,9/27/2017 7:30:51 AM,EventCreate,1,None,Application,djkvdihost388.jakarta01.com,JAKARTA01\ayuningtias  
Error,9/27/2017 7:30:37 AM,EventCreate,1,None,Application,djkvdihost830.jakarta01.com,JAKARTA01\rezky  
Error,9/27/2017 7:30:22 AM,EventCreate,1,None,Application,djkvdihost553.jakarta01.com,JAKARTA01\kusumadita  
Error,9/27/2017 7:29:56 AM,EventCreate,1,None,Application,djkvdihost860.jakarta01.com,JAKARTA01\sodeoka  
Error,9/27/2017 7:29:53 AM,EventCreate,1,None,Application,djkvdihost049.jakarta01.com,JAKARTA01\ayu  
Error,9/27/2017 7:29:14 AM,EventCreate,1,None,Application,djkvdihost660.jakarta01.com,JAKARTA01\gati  
Error,9/27/2017 7:29:04 AM,EventCreate,1,None,Application,djkvdihost660.jakarta01.com,JAKARTA01\gati  
Error,9/27/2017 7:29:01 AM,EventCreate,1,None,Application,djkvdihost660.jakarta01.com,JAKARTA01\gati  
Error,9/27/2017 7:28:40 AM,EventCreate,1,None,Application,djkvdihost206.jakarta01.com,JAKARTA01\rusliadi  
Error,9/27/2017 7:28:45 AM,EventCreate,1,None,Application,djkvdihost660.jakarta01.com,JAKARTA01\gati  
Error,9/27/2017 7:28:49 AM,EventCreate,1,None,Application,djkvdihost173.jakarta01.com,JAKARTA01\vanya  
Error,9/27/2017 7:28:18 AM,EventCreate,1,None,Application,djkvdihost034.jakarta01.com,JAKARTA01\antonius  
Error,9/27/2017 7:28:47 AM,EventCreate,1,None,Application,djkvdihost726.jakarta01.com,JAKARTA01\nony  
Error,9/27/2017 7:28:42 AM,EventCreate,1,None,Application,djkvdihost128.jakarta01.com,JAKARTA01\fatma  
Error,9/27/2017 7:28:28 AM,EventCreate,1,None,Application,djkvdihost206.jakarta01.com,JAKARTA01\rusliadi  
Error,9/27/2017 7:28:10 AM,EventCreate,1,None,Application,djkvdihost034.jakarta01.com,JAKARTA01\antonius  
Error,9/27/2017 7:28:01 AM,EventCreate,1,None,Application,djkvdihost078.jakarta01.com,JAKARTA01\susilowati  
Error,9/27/2017 7:27:56 AM,EventCreate,1,None,Application,djkvdihost739.jakarta01.com,JAKARTA01\binar  
Error,9/27/2017 7:27:47 AM,EventCreate,1,None,Application,djkvdihost687.jakarta01.com,JAKARTA01\ailsa  
Error,9/27/2017 7:27:43 AM,EventCreate,1,None,Application,djkvdihost463.jakarta01.com,JAKARTA01\livia  
Error,9/27/2017 7:27:07 AM,WSH,1,None,Application,djkvdihost739.jakarta01.com,"CN=Binar Kistina Satcaningtyas password will expire in 1 day(s) at 9/28/2017 7:12:23 AM

Press CTRL + ALT + DEL and select the ""Change a password"" option."
Error,9/27/2017 7:27:34 AM,EventCreate,1,None,Application,djkvdihost685.jakarta01.com,JAKARTA01\amanda  
Error,9/27/2017 7:26:40 AM,EventCreate,1,None,Application,djkvdihost171.jakarta01.com,JAKARTA01\ronal  
Error,9/27/2017 7:27:06 AM,WSH,1,None,Application,djkvdihost739.jakarta01.com,"CN=Binar Kistina Satcaningtyas password will expire in 1 day(s) at 9/28/2017 7:12:23 AM

Press CTRL + ALT + DEL and select the ""Change a password"" option."
Error,9/27/2017 7:26:31 AM,EventCreate,1,None,Application,djkvdihost695.jakarta01.com,JAKARTA01\raras  
Error,9/27/2017 7:26:29 AM,EventCreate,1,None,Application,djkvdihost695.jakarta01.com,JAKARTA01\raras  
Error,9/27/2017 7:26:25 AM,EventCreate,1,None,Application,djkvdihost690.jakarta01.com,JAKARTA01\karen  
Error,9/27/2017 7:25:36 AM,WSH,1,None,Application,djkvdihost171.jakarta01.com,"CN=Ronal Priguna Murni password will expire in 4 day(s) at 10/1/2017 7:10:52 AM

Press CTRL + ALT + DEL and select the ""Change a password"" option."
Error,9/27/2017 7:25:41 AM,EventCreate,1,None,Application,djkvdihost039.jakarta01.com,JAKARTA01\topik  
Error,9/27/2017 7:25:08 AM,WSH,1,None,Application,djkvdihost690.jakarta01.com,"CN=Karen Laurencia password will expire in 1 day(s) at 9/28/2017 7:15:10 AM

Press CTRL + ALT + DEL and select the ""Change a password"" option."
Error,9/27/2017 7:25:35 AM,WSH,1,None,Application,djkvdihost171.jakarta01.com,"CN=Ronal Priguna Murni password will expire in 4 day(s) at 10/1/2017 7:10:52 AM

Press CTRL + ALT + DEL and select the ""Change a password"" option."
Error,9/27/2017 7:25:08 AM,WSH,1,None,Application,djkvdihost690.jakarta01.com,"CN=Karen Laurencia password will expire in 1 day(s) at 9/28/2017 7:15:10 AM

Press CTRL + ALT + DEL and select the ""Change a password"" option."
Error,9/27/2017 7:25:01 AM,EventCreate,1,None,Application,djkvdihost218.jakarta01.com,JAKARTA01\ailsa  
Error,9/27/2017 7:24:48 AM,EventCreate,1,None,Application,djkvdihost815.jakarta01.com,JAKARTA01\aria  
Error,9/27/2017 7:24:12 AM,EventCreate,1,None,Application,djkvdihost399.jakarta01.com,JAKARTA01\m iqbal  
Error,9/27/2017 7:23:38 AM,EventCreate,1,None,Application,djkvdihost435.jakarta01.com,JAKARTA01\Dimas Satya  
Error,9/27/2017 7:23:34 AM,EventCreate,1,None,Application,djkvdihost435.jakarta01.com,JAKARTA01\Dimas Satya  
Error,9/27/2017 7:23:47 AM,EventCreate,1,None,Application,djkvdihost446.jakarta01.com,JAKARTA01\andini  
Error,9/27/2017 7:23:32 AM,EventCreate,1,None,Application,djkvdihost346.jakarta01.com,JAKARTA01\Leli  
Error,9/27/2017 7:23:28 AM,EventCreate,1,None,Application,djkvdihost435.jakarta01.com,JAKARTA01\Dimas Satya  
Error,9/27/2017 7:23:13 AM,EventCreate,1,None,Application,djkvdihost428.jakarta01.com,JAKARTA01\risa  
Error,9/27/2017 7:22:51 AM,EventCreate,1,None,Application,djkvdihost879.jakarta01.com,JAKARTA01\Kurnia Arisayuga  
Error,9/27/2017 7:22:34 AM,EventCreate,1,None,Application,djkvdihost754.jakarta01.com,JAKARTA01\debby  
Error,9/27/2017 7:22:06 AM,EventCreate,1,None,Application,djkvdihost820.jakarta01.com,JAKARTA01\gatots  
Error,9/27/2017 7:22:04 AM,WSH,1,None,Application,djkvdihost879.jakarta01.com,"CN=Kurnia Arisayuga password will expire in 4 day(s) at 10/1/2017 8:01:35 AM

Press CTRL + ALT + DEL and select the ""Change a password"" option."
Error,9/27/2017 7:22:03 AM,WSH,1,None,Application,djkvdihost879.jakarta01.com,"CN=Kurnia Arisayuga password will expire in 4 day(s) at 10/1/2017 8:01:35 AM

Press CTRL + ALT + DEL and select the ""Change a password"" option."
Error,9/27/2017 7:21:34 AM,EventCreate,1,None,Application,djkvdihost018.jakarta01.com,JAKARTA01\andiani  
Error,9/27/2017 7:21:33 AM,EventCreate,1,None,Application,djkvdihost119.jakarta01.com,JAKARTA01\dwinanto  
Error,9/27/2017 7:19:48 AM,EventCreate,1,None,Application,djkvdihost349.jakarta01.com,JAKARTA01\nicole  
Error,9/27/2017 7:19:21 AM,EventCreate,1,None,Application,djkvdihost125.jakarta01.com,JAKARTA01\DianRamadhania  
Error,9/27/2017 7:19:21 AM,EventCreate,1,None,Application,djkvdihost450.jakarta01.com,JAKARTA01\HEra  
Error,9/27/2017 7:18:49 AM,EventCreate,1,None,Application,djkvdihost516.jakarta01.com,JAKARTA01\willya  
Error,9/27/2017 7:18:26 AM,EventCreate,1,None,Application,djkvdihost234.jakarta01.com,JAKARTA01\mauluddin  
Error,9/27/2017 7:18:08 AM,EventCreate,1,None,Application,djkvdihost060.jakarta01.com,JAKARTA01\ester  
Error,9/27/2017 7:18:04 AM,EventCreate,1,None,Application,djkvdihost213.jakarta01.com,JAKARTA01\danielhp  
Error,9/27/2017 7:17:05 AM,EventCreate,1,None,Application,djkvdihost210.jakarta01.com,JAKARTA01\faiqa  
Error,9/27/2017 7:17:01 AM,Application Error,1000,(100),Application,djkvdihost210.jakarta01.com,"Faulting application name: spoolsv.exe, version: 6.1.7601.17777, time stamp: 0x4f35efc3
Faulting module name: msvcrt.dll, version: 7.0.7601.17744, time stamp: 0x4eeaf722
Exception code: 0xc0000005
Fault offset: 0x0000aa14
Faulting process id: 0x630
Faulting application start time: 0x01d336b921240bee
Faulting application path: C:\Windows\System32\spoolsv.exe
Faulting module path: C:\Windows\system32\msvcrt.dll
Report Id: 2e73e74f-a319-11e7-b037-0050569f2e3d"
Error,9/27/2017 7:17:26 AM,EventCreate,1,None,Application,djkvdihost852.jakarta01.com,JAKARTA01\katsuta  
Error,9/27/2017 7:17:24 AM,EventCreate,1,None,Application,djkvdihost877.jakarta01.com,JAKARTA01\tsusaka  
Error,9/27/2017 7:17:01 AM,EventCreate,1,None,Application,djkvdihost874.jakarta01.com,JAKARTA01\Nishinaka  
Error,9/27/2017 7:16:48 AM,EventCreate,1,None,Application,djkvdihost210.jakarta01.com,JAKARTA01\faiqa  
Error,9/27/2017 7:15:20 AM,EventCreate,1,None,Application,djkvdihost441.jakarta01.com,JAKARTA01\andrinur  
Error,9/27/2017 7:15:11 AM,EventCreate,1,None,Application,djkvdihost716.jakarta01.com,JAKARTA01\muhammad zubayr  
Error,9/27/2017 7:14:11 AM,EventCreate,1,None,Application,djkvdihost698.jakarta01.com,JAKARTA01\rusmelin  
Error,9/27/2017 7:12:14 AM,EventCreate,1,None,Application,djkvdihost563.jakarta01.com,JAKARTA01\Patsiana  
Error,9/27/2017 7:11:11 AM,EventCreate,1,None,Application,djkvdihost722.jakarta01.com,JAKARTA01\Fitri Nawawi  
Error,9/27/2017 7:11:06 AM,EventCreate,1,None,Application,djkvdihost667.jakarta01.com,JAKARTA01\IRMALA  
Error,9/27/2017 7:10:32 AM,EventCreate,1,None,Application,djkvdihost722.jakarta01.com,JAKARTA01\Fitri Nawawi  
Error,9/27/2017 7:10:28 AM,EventCreate,1,None,Application,djkvdihost380.jakarta01.com,JAKARTA01\Eny Masruroh  
Error,9/27/2017 7:09:52 AM,EventCreate,1,None,Application,djkvdihost313.jakarta01.com,JAKARTA01\Moh Ditto  
Error,9/27/2017 7:08:20 AM,EventCreate,1,None,Application,djkvdihost628.jakarta01.com,JAKARTA01\azwar  
Error,9/27/2017 7:06:28 AM,EventCreate,1,None,Application,djkvdihost251.jakarta01.com,JAKARTA01\hertanto  
Error,9/27/2017 7:05:06 AM,EventCreate,1,None,Application,djkvdihost304.jakarta01.com,JAKARTA01\rusliyani  
Error,9/27/2017 7:03:55 AM,EventCreate,1,None,Application,djkvdihost870.jakarta01.com,JAKARTA01\masuyama  
Error,9/27/2017 7:03:28 AM,EventCreate,1,None,Application,djkvdihost332.jakarta01.com,JAKARTA01\Nur Alma  
Error,9/27/2017 7:02:42 AM,EventCreate,1,None,Application,djkvdihost843.jakarta01.com,JAKARTA01\jeremia  
Error,9/27/2017 7:02:06 AM,EventCreate,1,None,Application,djkvdihost843.jakarta01.com,JAKARTA01\jeremia  
Error,9/27/2017 7:01:57 AM,EventCreate,1,None,Application,djkvdihost182.jakarta01.com,JAKARTA01\tjahja  
Error,9/27/2017 7:00:20 AM,EventCreate,1,None,Application,djkvdihost545.jakarta01.com,JAKARTA01\dadi hardi  
Error,9/27/2017 6:57:27 AM,EventCreate,1,None,Application,djkvdihost095.jakarta01.com,JAKARTA01\Pricillia  
Error,9/27/2017 6:56:50 AM,EventCreate,1,None,Application,djkvdihost519.jakarta01.com,JAKARTA01\rini  
Error,9/27/2017 6:56:23 AM,EventCreate,1,None,Application,djkvdihost786.jakarta01.com,JAKARTA01\dyah alit  
Error,9/27/2017 6:54:33 AM,EventCreate,1,None,Application,djkvdihost199.jakarta01.com,JAKARTA01\Valdi  
Error,9/27/2017 6:52:46 AM,EventCreate,1,None,Application,djkvdihost804.jakarta01.com,JAKARTA01\Pinta  
Error,9/27/2017 6:52:22 AM,EventCreate,1,None,Application,djkvdihost592.jakarta01.com,JAKARTA01\alexander  
Error,9/27/2017 6:52:01 AM,EventCreate,1,None,Application,djkvdihost271.jakarta01.com,JAKARTA01\mulyono  
Error,9/27/2017 6:51:06 AM,EventCreate,1,None,Application,djkvdihost368.jakarta01.com,JAKARTA01\agungwd  
Error,9/27/2017 6:48:13 AM,EventCreate,1,None,Application,djkvdihost520.jakarta01.com,JAKARTA01\kartika  
Error,9/27/2017 6:47:51 AM,EventCreate,1,None,Application,djkvdihost157.jakarta01.com,JAKARTA01\susanto  
Error,9/27/2017 6:44:45 AM,EventCreate,1,None,Application,djkvdihost858.jakarta01.com,JAKARTA01\Ouchi  
Error,9/27/2017 6:44:08 AM,EventCreate,1,None,Application,djkvdihost848.jakarta01.com,JAKARTA01\ueda  
Error,9/27/2017 6:43:33 AM,EventCreate,1,None,Application,djkvdihost255.jakarta01.com,JAKARTA01\Virgitha  
Error,9/27/2017 6:40:53 AM,EventCreate,1,None,Application,djkvdihost854.jakarta01.com,JAKARTA01\bobby  
Error,9/27/2017 6:40:30 AM,EventCreate,1,None,Application,djkvdihost228.jakarta01.com,JAKARTA01\cahyaningtiyas  
Error,9/27/2017 6:39:51 AM,EventCreate,1,None,Application,djkvdihost179.jakarta01.com,JAKARTA01\suwilhan  
Error,9/27/2017 6:40:02 AM,EventCreate,1,None,Application,djkvdihost571.jakarta01.com,JAKARTA01\moh rinov  
Error,9/27/2017 6:39:16 AM,WSH,1,None,Application,djkvdihost179.jakarta01.com,"CN=Suwilhan Suwilhan password will expire in 4 day(s) at 10/1/2017 6:47:54 AM

Press CTRL + ALT + DEL and select the ""Change a password"" option."
Error,9/27/2017 6:39:15 AM,WSH,1,None,Application,djkvdihost179.jakarta01.com,"CN=Suwilhan Suwilhan password will expire in 4 day(s) at 10/1/2017 6:47:54 AM

Press CTRL + ALT + DEL and select the ""Change a password"" option."
Error,9/27/2017 6:38:52 AM,EventCreate,1,None,Application,djkvdihost640.jakarta01.com,JAKARTA01\henny  
Error,9/27/2017 6:37:32 AM,EventCreate,1,None,Application,djkvdihost682.jakarta01.com,JAKARTA01\hersiari  
Error,9/27/2017 6:36:26 AM,EventCreate,1,None,Application,djkvdihost377.jakarta01.com,JAKARTA01\kezia  
Error,9/27/2017 6:36:16 AM,EventCreate,1,None,Application,djkvdihost872.jakarta01.com,JAKARTA01\Machida  
Error,9/27/2017 6:35:39 AM,WSH,1,None,Application,djkvdihost377.jakarta01.com,"CN=Kezia Hapsari Siswosoubrotho password will expire in 4 day(s) at 10/1/2017 8:08:44 AM

Press CTRL + ALT + DEL and select the ""Change a password"" option."
Error,9/27/2017 6:35:52 AM,EventCreate,1,None,Application,djkvdihost156.jakarta01.com,JAKARTA01\tobing  
Error,9/27/2017 6:35:38 AM,WSH,1,None,Application,djkvdihost377.jakarta01.com,"CN=Kezia Hapsari Siswosoubrotho password will expire in 4 day(s) at 10/1/2017 8:08:44 AM

Press CTRL + ALT + DEL and select the ""Change a password"" option."
Error,9/27/2017 6:35:10 AM,EventCreate,1,None,Application,djkvdihost817.jakarta01.com,JAKARTA01\nugraha  
Error,9/27/2017 6:34:57 AM,EventCreate,1,None,Application,djkvdihost817.jakarta01.com,JAKARTA01\nugraha  
Error,9/27/2017 6:35:26 AM,EventCreate,1,None,Application,djkvdihost821.jakarta01.com,JAKARTA01\margiati  
Error,9/27/2017 6:35:02 AM,EventCreate,1,None,Application,djkvdihost498.jakarta01.com,JAKARTA01\poetry  
Error,9/27/2017 6:34:23 AM,EventCreate,1,None,Application,djkvdihost817.jakarta01.com,JAKARTA01\nugraha  
Error,9/27/2017 6:33:36 AM,EventCreate,1,None,Application,djkvdihost245.jakarta01.com,JAKARTA01\taufik  
Error,9/27/2017 6:30:35 AM,EventCreate,1,None,Application,djkvdihost069.jakarta01.com,JAKARTA01\sasono  
Error,9/27/2017 6:29:27 AM,EventCreate,1,None,Application,djkvdihost414.jakarta01.com,JAKARTA01\yofiandhy  
Error,9/27/2017 6:29:30 AM,EventCreate,1,None,Application,djkvdihost053.jakarta01.com,JAKARTA01\hideo  
Error,9/27/2017 6:29:18 AM,EventCreate,1,None,Application,djkvdihost414.jakarta01.com,JAKARTA01\yofiandhy  
Error,9/27/2017 6:26:15 AM,EventCreate,1,None,Application,djkvdihost493.jakarta01.com,JAKARTA01\ianm  
Error,9/27/2017 6:22:49 AM,EventCreate,1,None,Application,djkvdihost846.jakarta01.com,JAKARTA01\hastari  
Error,9/27/2017 6:20:52 AM,EventCreate,1,None,Application,djkvdihost552.jakarta01.com,JAKARTA01\Linah  
Error,9/27/2017 6:20:43 AM,Application Error,1000,(100),Application,djkvdihost552.jakarta01.com,"Faulting application name: spoolsv.exe, version: 6.1.7601.17777, time stamp: 0x4f35efc3
Faulting module name: msvcrt.dll, version: 7.0.7601.17744, time stamp: 0x4eeaf722
Exception code: 0xc0000005
Fault offset: 0x0000aa14
Faulting process id: 0x634
Faulting application start time: 0x01d336ae8729aa6c
Faulting application path: C:\Windows\System32\spoolsv.exe
Faulting module path: C:\Windows\system32\msvcrt.dll
Report Id: 50c8c916-a311-11e7-aad4-0050569f13d9"
Error,9/27/2017 6:19:24 AM,EventCreate,1,None,Application,djkvdihost476.jakarta01.com,JAKARTA01\Aviv  
Error,9/27/2017 6:18:55 AM,EventCreate,1,None,Application,djkvdihost164.jakarta01.com,JAKARTA01\cut nyak  
Error,9/27/2017 6:17:36 AM,EventCreate,1,None,Application,djkvdihost555.jakarta01.com,JAKARTA01\michael  
Error,9/27/2017 6:15:19 AM,EventCreate,1,None,Application,djkvdihost612.jakarta01.com,JAKARTA01\mulyanto  
Error,9/27/2017 6:14:46 AM,EventCreate,1,None,Application,djkvdihost237.jakarta01.com,JAKARTA01\olly  
Error,9/27/2017 6:14:40 AM,EventCreate,1,None,Application,djkvdihost076.jakarta01.com,JAKARTA01\puji sih  
Error,9/27/2017 6:12:20 AM,EventCreate,1,None,Application,djkvdihost358.jakarta01.com,JAKARTA01\ridjal  
Error,9/27/2017 6:10:36 AM,EventCreate,1,None,Application,djkvdihost781.jakarta01.com,JAKARTA01\arqom  
Error,9/27/2017 6:09:36 AM,EventCreate,1,None,Application,djkvdihost481.jakarta01.com,JAKARTA01\Idafarida  
Error,9/27/2017 6:00:03 AM,EventCreate,1,None,Application,djkvdihost096.jakarta01.com,JAKARTA01\Ajie  
Error,9/27/2017 5:57:09 AM,EventCreate,1,None,Application,djkvdihost010.jakarta01.com,JAKARTA01\Argo  
Error,9/27/2017 5:56:46 AM,EventCreate,1,None,Application,djkvdihost406.jakarta01.com,JAKARTA01\dhara  
Error,9/27/2017 5:54:45 AM,EventCreate,1,None,Application,djkvdihost285.jakarta01.com,JAKARTA01\Erick  
Error,9/27/2017 5:54:04 AM,WSH,1,None,Application,djkvdihost285.jakarta01.com,"CN=Erick Eka Putra password will expire in 4 day(s) at 10/1/2017 6:09:39 AM

Press CTRL + ALT + DEL and select the ""Change a password"" option."
Error,9/27/2017 5:54:03 AM,WSH,1,None,Application,djkvdihost285.jakarta01.com,"CN=Erick Eka Putra password will expire in 4 day(s) at 10/1/2017 6:09:39 AM

Press CTRL + ALT + DEL and select the ""Change a password"" option."
Error,9/27/2017 5:51:52 AM,EventCreate,1,None,Application,djkvdihost534.jakarta01.com,JAKARTA01\santoso  
Error,9/27/2017 5:50:40 AM,EventCreate,1,None,Application,djkvdihost818.jakarta01.com,JAKARTA01\midasope  
Error,9/27/2017 5:50:07 AM,WSH,1,None,Application,djkvdihost818.jakarta01.com,"CN=MIDASOpe password will expire in 1 day(s) at 9/28/2017 6:03:07 AM

Press CTRL + ALT + DEL and select the ""Change a password"" option."
Error,9/27/2017 5:50:07 AM,WSH,1,None,Application,djkvdihost818.jakarta01.com,"CN=MIDASOpe password will expire in 1 day(s) at 9/28/2017 6:03:07 AM

Press CTRL + ALT + DEL and select the ""Change a password"" option."
Error,9/27/2017 5:47:53 AM,EventCreate,1,None,Application,djkvdihost586.jakarta01.com,JAKARTA01\anisa  
Error,9/27/2017 5:46:49 AM,EventCreate,1,None,Application,djkvdihost650.jakarta01.com,JAKARTA01\yosiakarta  
Error,9/27/2017 5:46:22 AM,WSH,1,None,Application,djkvdihost650.jakarta01.com,"CN=Yosiakarta Yosiakarta password will expire in 4 day(s) at 10/1/2017 12:55:05 PM

Press CTRL + ALT + DEL and select the ""Change a password"" option."
Error,9/27/2017 5:46:20 AM,WSH,1,None,Application,djkvdihost650.jakarta01.com,"CN=Yosiakarta Yosiakarta password will expire in 4 day(s) at 10/1/2017 12:55:05 PM

Press CTRL + ALT + DEL and select the ""Change a password"" option."
Error,9/26/2017 9:02:06 PM,EventCreate,1,None,Application,djkvdihost807.jakarta01.com,JAKARTA01\Teguh Aji  
Error,9/26/2017 9:02:01 PM,EventCreate,1,None,Application,djkvdihost807.jakarta01.com,JAKARTA01\Teguh Aji  
Error,9/26/2017 8:15:03 PM,EventCreate,1,None,Application,djkvdihost430.jakarta01.com,JAKARTA01\fferdian  
Error,9/26/2017 8:14:59 PM,Application Error,1000,(100),Application,djkvdihost430.jakarta01.com,"Faulting application name: iexplore.exe, version: 11.0.9600.18639, time stamp: 0x58d6bb0d
Faulting module name: MSHTML.dll, version: 11.0.9600.18639, time stamp: 0x58d6c720
Exception code: 0xc0000005
Fault offset: 0x000ac604
Faulting process id: 0x1a08
Faulting application start time: 0x01d3366040eb97a9
Faulting application path: C:\Program Files\Internet Explorer\iexplore.exe
Faulting module path: C:\Windows\system32\MSHTML.dll
Report Id: b24a761d-a2bc-11e7-bf5e-0050569f0add"
Error,9/26/2017 8:08:37 PM,EventCreate,1,None,Application,djkvdihost104.jakarta01.com,JAKARTA01\enrikko  
Error,9/26/2017 8:08:33 PM,Application Error,1000,(100),Application,djkvdihost104.jakarta01.com,"Faulting application name: iexplore.exe, version: 11.0.9600.18639, time stamp: 0x58d6bb0d
Faulting module name: MSHTML.dll, version: 11.0.9600.18639, time stamp: 0x58d6c720
Exception code: 0xc0000005
Fault offset: 0x000ac604
Faulting process id: 0x197c
Faulting application start time: 0x01d33662fe629373
Faulting application path: C:\Program Files\Internet Explorer\iexplore.exe
Faulting module path: C:\Windows\system32\MSHTML.dll
Report Id: cc5139fc-a2bb-11e7-9137-0050569f3d56"
Error,9/26/2017 7:56:39 PM,EventCreate,1,None,Application,djkvdihost235.jakarta01.com,JAKARTA01\ipuk  
Error,9/26/2017 7:56:03 PM,EventCreate,1,None,Application,djkvdihost235.jakarta01.com,JAKARTA01\ipuk  
Error,9/26/2017 7:46:55 PM,EventCreate,1,None,Application,djkvdihost414.jakarta01.com,JAKARTA01\gerald  
Error,9/26/2017 7:46:38 PM,EventCreate,1,None,Application,djkvdihost414.jakarta01.com,JAKARTA01\gerald  
Error,9/26/2017 7:41:54 PM,EventCreate,1,None,Application,djkvdihost792.jakarta01.com,JAKARTA01\wicaksono  
Error,9/26/2017 7:41:26 PM,EventCreate,1,None,Application,djkvdihost792.jakarta01.com,JAKARTA01\wicaksono  
Error,9/26/2017 7:23:38 PM,EventCreate,1,None,Application,djkvdihost635.jakarta01.com,JAKARTA01\andre cahyono  
Error,9/26/2017 7:00:44 PM,EventCreate,1,None,Application,djkvdihost746.jakarta01.com,JAKARTA01\GUESTISD34  
Error,9/26/2017 6:29:50 PM,EventCreate,1,None,Application,djkvdihost701.jakarta01.com,JAKARTA01\rahmatia  
Error,9/26/2017 6:29:47 PM,EventCreate,1,None,Application,djkvdihost701.jakarta01.com,JAKARTA01\rahmatia  
Error,9/26/2017 6:29:43 PM,EventCreate,1,None,Application,djkvdihost701.jakarta01.com,JAKARTA01\rahmatia  
Error,9/26/2017 6:29:40 PM,EventCreate,1,None,Application,djkvdihost701.jakarta01.com,JAKARTA01\rahmatia  
Error,9/26/2017 6:28:37 PM,EventCreate,1,None,Application,djkvdihost111.jakarta01.com,JAKARTA01\krisna  
Error,9/26/2017 6:28:33 PM,Application Error,1000,(100),Application,djkvdihost111.jakarta01.com,"Faulting application name: OUTLOOK.EXE, version: 15.0.4919.1001, time stamp: 0x58d20482
Faulting module name: OUTLOOK.EXE, version: 15.0.4919.1001, time stamp: 0x58d20482
Exception code: 0xc0000005
Fault offset: 0x008924c4
Faulting process id: 0x1804
Faulting application start time: 0x01d3366289e8dcef
Faulting application path: C:\Program Files\Microsoft Office\Office15\OUTLOOK.EXE
Faulting module path: C:\Program Files\Microsoft Office\Office15\OUTLOOK.EXE
Report Id: d3d20257-a2ad-11e7-9125-0050569f18ea"
Error,9/26/2017 6:22:23 PM,EventCreate,1,None,Application,djkvdihost515.jakarta01.com,JAKARTA01\elestari  
Error,9/26/2017 6:21:55 PM,EventCreate,1,None,Application,djkvdihost199.jakarta01.com,JAKARTA01\adhi  
Error,9/26/2017 6:16:44 PM,EventCreate,1,None,Application,djkvdihost237.jakarta01.com,JAKARTA01\Dwi anisa  
Error,9/26/2017 6:15:51 PM,EventCreate,1,None,Application,djkvdihost237.jakarta01.com,JAKARTA01\Dwi anisa  
Error,9/26/2017 6:15:19 PM,EventCreate,1,None,Application,djkvdihost310.jakarta01.com,JAKARTA01\kartika  
Error,9/26/2017 6:15:15 PM,Application Error,1000,(100),Application,djkvdihost310.jakarta01.com,"Faulting application name: OUTLOOK.EXE, version: 15.0.4919.1001, time stamp: 0x58d20482
Faulting module name: OUTLOOK.EXE, version: 15.0.4919.1001, time stamp: 0x58d20482
Exception code: 0xc0000005
Fault offset: 0x008924c4
Faulting process id: 0x1cb0
Faulting application start time: 0x01d3365bcb51b0cf
Faulting application path: C:\Program Files\Microsoft Office\Office15\OUTLOOK.EXE
Faulting module path: C:\Program Files\Microsoft Office\Office15\OUTLOOK.EXE
Report Id: f87a176b-a2ab-11e7-852b-0050569f76c4"
Error,9/26/2017 6:10:30 PM,EventCreate,1,None,Application,djkvdihost228.jakarta01.com,JAKARTA01\yosanta  
Error,9/26/2017 6:10:13 PM,EventCreate,1,None,Application,djkvdihost540.jakarta01.com,JAKARTA01\nurfadila  
Error,9/26/2017 6:10:21 PM,Application Error,1000,(100),Application,djkvdihost228.jakarta01.com,"Faulting application name: spoolsv.exe, version: 6.1.7601.17777, time stamp: 0x4f35efc3
Faulting module name: msvcrt.dll, version: 7.0.7601.17744, time stamp: 0x4eeaf722
Exception code: 0xc0000005
Fault offset: 0x0000aa14
Faulting process id: 0x638
Faulting application start time: 0x01d3360814bec222
Faulting application path: C:\Windows\System32\spoolsv.exe
Faulting module path: C:\Windows\system32\msvcrt.dll
Report Id: 48c4627c-a2ab-11e7-b241-0050569f72c1"
Error,9/26/2017 6:09:36 PM,EventCreate,1,None,Application,djkvdihost540.jakarta01.com,JAKARTA01\nurfadila  
Error,9/26/2017 6:05:06 PM,EventCreate,1,None,Application,djkvdihost275.jakarta01.com,JAKARTA01\Bryant  
Error,9/26/2017 6:05:05 PM,Application Error,1000,(100),Application,djkvdihost275.jakarta01.com,"Faulting application name: OUTLOOK.EXE, version: 15.0.4919.1001, time stamp: 0x58d20482
Faulting module name: OUTLOOK.EXE, version: 15.0.4919.1001, time stamp: 0x58d20482
Exception code: 0xc0000005
Fault offset: 0x008924c4
Faulting process id: 0x1198
Faulting application start time: 0x01d33688926fb970
Faulting application path: C:\Program Files\Microsoft Office\Office15\OUTLOOK.EXE
Faulting module path: C:\Program Files\Microsoft Office\Office15\OUTLOOK.EXE
Report Id: 8c828cee-a2aa-11e7-b398-0050569f2f2d"
Error,9/26/2017 6:03:35 PM,EventCreate,1,None,Application,djkvdihost534.jakarta01.com,JAKARTA01\raymond  
Error,9/26/2017 6:03:29 PM,Application Error,1000,(100),Application,djkvdihost534.jakarta01.com,"Faulting application name: EXCEL.EXE, version: 15.0.4919.1000, time stamp: 0x58c7ab0f
Faulting module name: unknown, version: 0.0.0.0, time stamp: 0x00000000
Exception code: 0xc0000005
Fault offset: 0x00740061
Faulting process id: 0x10bc
Faulting application start time: 0x01d336b711d6dd84
Faulting application path: C:\Program Files\Microsoft Office\Office15\EXCEL.EXE
Faulting module path: unknown
Report Id: 536b29e4-a2aa-11e7-87c8-0050569f2ff4"
Error,9/26/2017 5:55:38 PM,EventCreate,1,None,Application,djkvdihost450.jakarta01.com,JAKARTA01\maulina  
Error,9/26/2017 5:55:37 PM,Application Error,1000,(100),Application,djkvdihost450.jakarta01.com,"Faulting application name: OUTLOOK.EXE, version: 15.0.4919.1001, time stamp: 0x58d20482
Faulting module name: OUTLOOK.EXE, version: 15.0.4919.1001, time stamp: 0x58d20482
Exception code: 0xc0000005
Fault offset: 0x008924c7
Faulting process id: 0x13f4
Faulting application start time: 0x01d3366d298aae56
Faulting application path: C:\Program Files\Microsoft Office\Office15\OUTLOOK.EXE
Faulting module path: C:\Program Files\Microsoft Office\Office15\OUTLOOK.EXE
Report Id: 3a1a87d2-a2a9-11e7-8fcc-0050569f164f"
Error,9/26/2017 5:43:06 PM,EventCreate,1,None,Application,djkvdihost169.jakarta01.com,JAKARTA01\Hadi  
Error,9/26/2017 5:43:03 PM,Application Error,1000,(100),Application,djkvdihost169.jakarta01.com,"Faulting application name: WINWORD.EXE, version: 15.0.4911.1000, time stamp: 0x58a2c075
Faulting module name: wwlib.dll, version: 15.0.4911.1000, time stamp: 0x58a2c073
Exception code: 0xc0000005
Fault offset: 0x006f0ff9
Faulting process id: 0x1214
Faulting application start time: 0x01d336b0c84c1b28
Faulting application path: C:\Program Files\Microsoft Office\Office15\WINWORD.EXE
Faulting module path: C:\Program Files\Microsoft Office\Office15\wwlib.dll
Report Id: 786bbc52-a2a7-11e7-91a9-0050569f6e1d"
Error,9/26/2017 5:41:42 PM,EventCreate,1,None,Application,djkvdihost153.jakarta01.com,JAKARTA01\sanggra  
Error,9/26/2017 5:41:37 PM,Application Error,1000,(100),Application,djkvdihost153.jakarta01.com,"Faulting application name: OUTLOOK.EXE, version: 15.0.4919.1001, time stamp: 0x58d20482
Faulting module name: OUTLOOK.EXE, version: 15.0.4919.1001, time stamp: 0x58d20482
Exception code: 0xc0000005
Fault offset: 0x008924c4
Faulting process id: 0x1e24
Faulting application start time: 0x01d3366b1379ec4c
Faulting application path: C:\Program Files\Microsoft Office\Office15\OUTLOOK.EXE
Faulting module path: C:\Program Files\Microsoft Office\Office15\OUTLOOK.EXE
Report Id: 454dc86a-a2a7-11e7-a9fa-0050569f17bf"
Error,9/26/2017 5:37:09 PM,EventCreate,1,None,Application,djkvdihost515.jakarta01.com,JAKARTA01\naldi  
Error,9/26/2017 5:37:06 PM,Application Error,1000,(100),Application,djkvdihost515.jakarta01.com,"Faulting application name: EXCEL.EXE, version: 15.0.4919.1000, time stamp: 0x58c7ab0f
Faulting module name: EXCEL.EXE, version: 15.0.4919.1000, time stamp: 0x58c7ab0f
Exception code: 0xc0000005
Fault offset: 0x003887a3
Faulting process id: 0xc74
Faulting application start time: 0x01d33667563adb24
Faulting application path: C:\Program Files\Microsoft Office\Office15\EXCEL.EXE
Faulting module path: C:\Program Files\Microsoft Office\Office15\EXCEL.EXE
Report Id: a3d61b30-a2a6-11e7-bf63-0050569f461a"
Error,9/26/2017 5:36:29 PM,EventCreate,1,None,Application,djkvdihost874.jakarta01.com,JAKARTA01\ueda  
Error,9/26/2017 5:35:58 PM,EventCreate,1,None,Application,djkvdihost624.jakarta01.com,JAKARTA01\eka  
Error,9/26/2017 5:36:26 PM,Application Error,1000,(100),Application,djkvdihost874.jakarta01.com,"Faulting application name: OUTLOOK.EXE, version: 15.0.4919.1001, time stamp: 0x58d20482
Faulting module name: OUTLOOK.EXE, version: 15.0.4919.1001, time stamp: 0x58d20482
Exception code: 0xc0000005
Fault offset: 0x008924c4
Faulting process id: 0x1f9c
Faulting application start time: 0x01d336558c56ed21
Faulting application path: C:\Program Files\Microsoft Office\Office15\OUTLOOK.EXE
Faulting module path: C:\Program Files\Microsoft Office\Office15\OUTLOOK.EXE
Report Id: 8bc110dc-a2a6-11e7-bcaa-0050569f5341"
Error,9/26/2017 5:36:51 PM,EventCreate,1,None,Application,djkvdihost791.jakarta01.com,JAKARTA01\yansen  
Error,9/26/2017 5:35:55 PM,Application Error,1000,(100),Application,djkvdihost624.jakarta01.com,"Faulting application name: iexplore.exe, version: 11.0.9600.18639, time stamp: 0x58d6bb0d
Faulting module name: unknown, version: 0.0.0.0, time stamp: 0x00000000
Exception code: 0xc0000005
Fault offset: 0x7ff1a2c8
Faulting process id: 0x19c8
Faulting application start time: 0x01d33666f88d3bbe
Faulting application path: C:\Program Files\Internet Explorer\iexplore.exe
Faulting module path: unknown
Report Id: 798d870f-a2a6-11e7-8d49-0050569f47f9"
Error,9/26/2017 5:34:37 PM,EventCreate,1,None,Application,djkvdihost685.jakarta01.com,JAKARTA01\GuestISD45  
Error,9/26/2017 5:23:02 PM,EventCreate,1,None,Application,djkvdihost041.jakarta01.com,JAKARTA01\andryan  
Error,9/26/2017 5:22:52 PM,EventCreate,1,None,Application,djkvdihost041.jakarta01.com,JAKARTA01\andryan  
Error,9/26/2017 5:15:39 PM,EventCreate,1,None,Application,djkvdihost297.jakarta01.com,JAKARTA01\elita  
Error,9/26/2017 5:15:35 PM,Application Error,1000,(100),Application,djkvdihost297.jakarta01.com,"Faulting application name: iexplore.exe, version: 11.0.9600.18639, time stamp: 0x58d6bb0d
Faulting module name: MSHTML.dll, version: 11.0.9600.18639, time stamp: 0x58d6c720
Exception code: 0xc0000005
Fault offset: 0x000ac604
Faulting process id: 0x18b4
Faulting application start time: 0x01d3365f019305ed
Faulting application path: C:\Program Files\Internet Explorer\iexplore.exe
Faulting module path: C:\Windows\system32\MSHTML.dll
Report Id: a226644b-a2a3-11e7-979f-0050569f5a03"
Error,9/26/2017 5:15:08 PM,EventCreate,1,None,Application,djkvdihost788.jakarta01.com,JAKARTA01\Darmawan  
Error,9/26/2017 5:15:05 PM,EventCreate,1,None,Application,djkvdihost788.jakarta01.com,JAKARTA01\Darmawan  
Error,9/26/2017 5:15:02 PM,EventCreate,1,None,Application,djkvdihost788.jakarta01.com,JAKARTA01\Darmawan  
Error,9/26/2017 5:06:10 PM,EventCreate,1,None,Application,djkvdihost843.jakarta01.com,JAKARTA01\bobby  
Error,9/26/2017 5:01:41 PM,EventCreate,1,None,Application,djkvdihost644.jakarta01.com,JAKARTA01\valery  
Error,9/26/2017 5:01:38 PM,Application Error,1000,(100),Application,djkvdihost644.jakarta01.com,"Faulting application name: OUTLOOK.EXE, version: 15.0.4919.1001, time stamp: 0x58d20482
Faulting module name: OUTLOOK.EXE, version: 15.0.4919.1001, time stamp: 0x58d20482
Exception code: 0xc0000005
Fault offset: 0x008924c4
Faulting process id: 0x1dcc
Faulting application start time: 0x01d3366fcfcc2849
Faulting application path: C:\Program Files\Microsoft Office\Office15\OUTLOOK.EXE
Faulting module path: C:\Program Files\Microsoft Office\Office15\OUTLOOK.EXE
Report Id: af66812e-a2a1-11e7-a5d0-0050569f71f3"
Error,9/26/2017 5:00:39 PM,EventCreate,1,None,Application,djkvdihost534.jakarta01.com,JAKARTA01\raymond  
Error,9/26/2017 4:56:59 PM,EventCreate,1,None,Application,djkvdihost796.jakarta01.com,JAKARTA01\budi ramadhan  
Error,9/26/2017 4:56:56 PM,Application Error,1000,(100),Application,djkvdihost796.jakarta01.com,"Faulting application name: OUTLOOK.EXE, version: 15.0.4919.1001, time stamp: 0x58d20482
Faulting module name: OUTLOOK.EXE, version: 15.0.4919.1001, time stamp: 0x58d20482
Exception code: 0xc0000005
Fault offset: 0x008924c4
Faulting process id: 0x1fa4
Faulting application start time: 0x01d3365f8949f832
Faulting application path: C:\Program Files\Microsoft Office\Office15\OUTLOOK.EXE
Faulting module path: C:\Program Files\Microsoft Office\Office15\OUTLOOK.EXE
Report Id: 07672fa6-a2a1-11e7-bbb6-0050569f1616"
Error,9/26/2017 4:52:37 PM,EventCreate,1,None,Application,djkvdihost768.jakarta01.com,JAKARTA01\handayani  
Error,9/26/2017 4:52:27 PM,EventCreate,1,None,Application,djkvdihost768.jakarta01.com,JAKARTA01\handayani  
Error,9/26/2017 4:49:41 PM,EventCreate,1,None,Application,djkvdihost148.jakarta01.com,JAKARTA01\rahman  
Error,9/26/2017 4:49:21 PM,EventCreate,1,None,Application,djkvdihost592.jakarta01.com,JAKARTA01\edwan  
Error,9/26/2017 4:48:05 PM,EventCreate,1,None,Application,djkvdihost148.jakarta01.com,JAKARTA01\rahman  
Error,9/26/2017 4:45:33 PM,EventCreate,1,None,Application,djkvdihost603.jakarta01.com,JAKARTA01\mario  
Error,9/26/2017 4:45:25 PM,EventCreate,1,None,Application,djkvdihost603.jakarta01.com,JAKARTA01\mario  
Error,9/26/2017 4:12:38 PM,EventCreate,1,None,Application,djkvdihost273.jakarta01.com,JAKARTA01\Shena  
Error,9/26/2017 4:39:20 PM,EventCreate,1,None,Application,djkvdihost717.jakarta01.com,JAKARTA01\saptorini  
Error,9/26/2017 4:39:17 PM,EventCreate,1,None,Application,djkvdihost717.jakarta01.com,JAKARTA01\saptorini  
Error,9/26/2017 4:35:43 PM,EventCreate,1,None,Application,djkvdihost118.jakarta01.com,JAKARTA01\trisnawati  
Error,9/26/2017 4:35:10 PM,EventCreate,1,None,Application,djkvdihost815.jakarta01.com,JAKARTA01\AdindaGita  
Error,9/26/2017 4:34:58 PM,EventCreate,1,None,Application,djkvdihost143.jakarta01.com,JAKARTA01\feni  
Error,9/26/2017 4:35:07 PM,Application Error,1000,(100),Application,djkvdihost815.jakarta01.com,"Faulting application name: Lync.exe, version: 15.0.4919.1000, time stamp: 0x58c7ab1e
Faulting module name: unknown, version: 0.0.0.0, time stamp: 0x00000000
Exception code: 0xc0000005
Fault offset: 0x00000000
Faulting process id: 0xcc8
Faulting application start time: 0x01d3369bbb8d4404
Faulting application path: C:\Program Files\Microsoft Office\Office15\Lync.exe
Faulting module path: unknown
Report Id: fadd9139-a29d-11e7-86a1-0050569f4d66"
Error,9/26/2017 4:34:54 PM,Application Error,1000,(100),Application,djkvdihost143.jakarta01.com,"Faulting application name: spoolsv.exe, version: 6.1.7601.17777, time stamp: 0x4f35efc3
Faulting module name: msvcrt.dll, version: 7.0.7601.17744, time stamp: 0x4eeaf722
Exception code: 0xc0000005
Fault offset: 0x0000aa14
Faulting process id: 0x634
Faulting application start time: 0x01d336aa4ad55909
Faulting application path: C:\Windows\System32\spoolsv.exe
Faulting module path: C:\Windows\system32\msvcrt.dll
Report Id: f31c96cb-a29d-11e7-8310-0050569f0c5e"
Error,9/26/2017 4:34:33 PM,EventCreate,1,None,Application,djkvdihost118.jakarta01.com,JAKARTA01\trisnawati  
Error,9/26/2017 4:34:11 PM,EventCreate,1,None,Application,djkvdihost355.jakarta01.com,JAKARTA01\mery  
Error,9/26/2017 4:34:11 PM,EventCreate,1,None,Application,djkvdihost118.jakarta01.com,JAKARTA01\trisnawati  
Error,9/26/2017 4:34:07 PM,Application Error,1000,(100),Application,djkvdihost355.jakarta01.com,"Faulting application name: OUTLOOK.EXE, version: 15.0.4919.1001, time stamp: 0x58d20482
Faulting module name: OUTLOOK.EXE, version: 15.0.4919.1001, time stamp: 0x58d20482
Exception code: 0xc0000005
Fault offset: 0x008924c7
Faulting process id: 0x1b90
Faulting application start time: 0x01d33664e4794f3c
Faulting application path: C:\Program Files\Microsoft Office\Office15\OUTLOOK.EXE
Faulting module path: C:\Program Files\Microsoft Office\Office15\OUTLOOK.EXE
Report Id: d7793e53-a29d-11e7-89b5-0050569f42e3"
Error,9/26/2017 4:29:59 PM,EventCreate,1,None,Application,djkvdihost586.jakarta01.com,JAKARTA01\marlina2  
Error,9/26/2017 4:29:57 PM,Application Error,1000,(100),Application,djkvdihost586.jakarta01.com,"Faulting application name: OUTLOOK.EXE, version: 15.0.4919.1001, time stamp: 0x58d20482
Faulting module name: OUTLOOK.EXE, version: 15.0.4919.1001, time stamp: 0x58d20482
Exception code: 0xc0000005
Fault offset: 0x008924c4
Faulting process id: 0x1d20
Faulting application start time: 0x01d33682a16186b3
Faulting application path: C:\Program Files\Microsoft Office\Office15\OUTLOOK.EXE
Faulting module path: C:\Program Files\Microsoft Office\Office15\OUTLOOK.EXE
Report Id: 4223a41d-a29d-11e7-bebc-0050569f2f99"
Error,9/26/2017 4:29:05 PM,EventCreate,1,None,Application,djkvdihost540.jakarta01.com,JAKARTA01\Ahmad Hidayat  
Error,9/26/2017 4:29:05 PM,Application Error,1000,(100),Application,djkvdihost540.jakarta01.com,"Faulting application name: CWBTF.EXE, version: 12.0.0.1, time stamp: 0x483cc594
Faulting module name: CwbTFDlg.dll, version: 12.0.0.1, time stamp: 0x486087c2
Exception code: 0xc0000005
Fault offset: 0x00018766
Faulting process id: 0x1f34
Faulting application start time: 0x01d336a12052379b
Faulting application path: C:\Program Files\IBM\Client Access\CWBTF.EXE
Faulting module path: C:\Windows\system32\CwbTFDlg.dll
Report Id: 231a200f-a29d-11e7-ba67-0050569f258b"
Error,9/26/2017 4:28:57 PM,EventCreate,1,None,Application,djkvdihost165.jakarta01.com,JAKARTA01\adityo yuwono  
Error,9/26/2017 4:28:55 PM,EventCreate,1,None,Application,djkvdihost165.jakarta01.com,JAKARTA01\adityo yuwono  
Error,9/26/2017 4:28:50 PM,EventCreate,1,None,Application,djkvdihost165.jakarta01.com,JAKARTA01\adityo yuwono  
Error,9/26/2017 4:27:22 PM,EventCreate,1,None,Application,djkvdihost824.jakarta01.com,JAKARTA01\regina  
Error,9/26/2017 4:27:13 PM,EventCreate,1,None,Application,djkvdihost824.jakarta01.com,JAKARTA01\regina  
Error,9/26/2017 4:25:35 PM,EventCreate,1,None,Application,djkvdihost154.jakarta01.com,JAKARTA01\MahendraR  
Error,9/26/2017 4:25:34 PM,Application Error,1000,(100),Application,djkvdihost154.jakarta01.com,"Faulting application name: OUTLOOK.EXE, version: 15.0.4919.1001, time stamp: 0x58d20482
Faulting module name: OUTLOOK.EXE, version: 15.0.4919.1001, time stamp: 0x58d20482
Exception code: 0xc0000005
Fault offset: 0x008924c7
Faulting process id: 0x1490
Faulting application start time: 0x01d3369abbbda1f3
Faulting application path: C:\Program Files\Microsoft Office\Office15\OUTLOOK.EXE
Faulting module path: C:\Program Files\Microsoft Office\Office15\OUTLOOK.EXE
Report Id: a5cd420d-a29c-11e7-95a7-0050569f5e64"
Error,9/26/2017 4:23:39 PM,EventCreate,1,None,Application,djkvdihost540.jakarta01.com,JAKARTA01\Ahmad Hidayat  
Error,9/26/2017 4:23:33 PM,Application Error,1000,(100),Application,djkvdihost540.jakarta01.com,"Faulting application name: CWBTF.EXE, version: 12.0.0.1, time stamp: 0x483cc594
Faulting module name: CwbTFDlg.dll, version: 12.0.0.1, time stamp: 0x486087c2
Exception code: 0xc0000005
Fault offset: 0x00018766
Faulting process id: 0x530
Faulting application start time: 0x01d336a8ee43d22a
Faulting application path: C:\Program Files\IBM\Client Access\CWBTF.EXE
Faulting module path: C:\Windows\system32\CwbTFDlg.dll
Report Id: 5db8bc5e-a29c-11e7-ba67-0050569f258b"
Error,9/26/2017 4:22:03 PM,EventCreate,1,None,Application,djkvdihost319.jakarta01.com,JAKARTA01\Hilman  
Error,9/26/2017 4:22:01 PM,Application Error,1000,(100),Application,djkvdihost319.jakarta01.com,"Faulting application name: spoolsv.exe, version: 6.1.7601.17777, time stamp: 0x4f35efc3
Faulting module name: msvcrt.dll, version: 7.0.7601.17744, time stamp: 0x4eeaf722
Exception code: 0xc0000005
Fault offset: 0x0000aa14
Faulting process id: 0x638
Faulting application start time: 0x01d336a7c595efdf
Faulting application path: C:\Windows\System32\spoolsv.exe
Faulting module path: C:\Windows\system32\msvcrt.dll
Report Id: 26636b2c-a29c-11e7-a042-0050569f6f40"
Error,9/26/2017 4:21:58 PM,EventCreate,1,None,Application,djkvdihost319.jakarta01.com,JAKARTA01\Hilman  
Error,9/26/2017 4:21:44 PM,EventCreate,1,None,Application,djkvdihost319.jakarta01.com,JAKARTA01\Hilman  
Error,9/26/2017 4:21:24 PM,EventCreate,1,None,Application,djkvdihost009.jakarta01.com,JAKARTA01\Setiawan  
