Error,9/28/2017 7:46:30 AM,EventCreate,1,None,Application,djkvdihost526.jakarta01.com,JAKARTA01\yuliana  
Error,9/28/2017 7:46:22 AM,EventCreate,1,None,Application,djkvdihost519.jakarta01.com,JAKARTA01\yudi  
Error,9/28/2017 7:46:21 AM,EventCreate,1,None,Application,djkvdihost207.jakarta01.com,JAKARTA01\Resty  
Error,9/28/2017 7:46:05 AM,EventCreate,1,None,Application,djkvdihost895.jakarta01.com,JAKARTA01\Joni  
Error,9/28/2017 7:45:50 AM,EventCreate,1,None,Application,djkvdihost720.jakarta01.com,JAKARTA01\budir  
Error,9/28/2017 7:45:49 AM,EventCreate,1,None,Application,djkvdihost650.jakarta01.com,JAKARTA01\rahayu  
Error,9/28/2017 7:45:14 AM,EventCreate,1,None,Application,djkvdihost512.jakarta01.com,JAKARTA01\Putri Damayanti  
Error,9/28/2017 7:45:06 AM,EventCreate,1,None,Application,djkvdihost781.jakarta01.com,JAKARTA01\trisnawati  
Error,9/28/2017 7:44:40 AM,EventCreate,1,None,Application,djkvdihost345.jakarta01.com,JAKARTA01\ningmatul  
Error,9/28/2017 7:44:35 AM,EventCreate,1,None,Application,djkvdihost001.jakarta01.com,JAKARTA01\achmadr  
Error,9/28/2017 7:44:34 AM,EventCreate,1,None,Application,djkvdihost703.jakarta01.com,JAKARTA01\dadi  
Error,9/28/2017 7:44:31 AM,EventCreate,1,None,Application,djkvdihost279.jakarta01.com,JAKARTA01\adityo  
Error,9/28/2017 7:44:23 AM,EventCreate,1,None,Application,djkvdihost169.jakarta01.com,JAKARTA01\rhaditya  
Error,9/28/2017 7:44:20 AM,EventCreate,1,None,Application,djkvdihost348.jakarta01.com,JAKARTA01\dadi hardi  
Error,9/28/2017 7:44:17 AM,EventCreate,1,None,Application,djkvdihost552.jakarta01.com,JAKARTA01\Pradita  
Error,9/28/2017 7:44:13 AM,EventCreate,1,None,Application,djkvdihost683.jakarta01.com,JAKARTA01\Devina  
Error,9/28/2017 7:44:12 AM,EventCreate,1,None,Application,djkvdihost847.jakarta01.com,JAKARTA01\alia  
Error,9/28/2017 7:44:07 AM,EventCreate,1,None,Application,djkvdihost175.jakarta01.com,JAKARTA01\magdalena  
Error,9/28/2017 7:43:46 AM,EventCreate,1,None,Application,djkvdihost583.jakarta01.com,JAKARTA01\nicole  
Error,9/28/2017 7:43:45 AM,EventCreate,1,None,Application,djkvdihost091.jakarta01.com,JAKARTA01\Ronald  
Error,9/28/2017 7:43:43 AM,EventCreate,1,None,Application,djkvdihost536.jakarta01.com,JAKARTA01\ALTHEA  
Error,9/28/2017 7:43:42 AM,EventCreate,1,None,Application,djkvdihost515.jakarta01.com,JAKARTA01\inna  
Error,9/28/2017 7:43:36 AM,EventCreate,1,None,Application,djkvdihost598.jakarta01.com,JAKARTA01\fahrul  
Error,9/28/2017 7:43:29 AM,EventCreate,1,None,Application,djkvdihost415.jakarta01.com,JAKARTA01\wulanf  
Error,9/28/2017 7:43:21 AM,EventCreate,1,None,Application,djkvdihost074.jakarta01.com,JAKARTA01\nungi  
Error,9/28/2017 7:43:17 AM,EventCreate,1,None,Application,djkvdihost860.jakarta01.com,JAKARTA01\natasya  
Error,9/28/2017 7:42:55 AM,EventCreate,1,None,Application,djkvdihost536.jakarta01.com,JAKARTA01\ALTHEA  
Error,9/28/2017 7:42:52 AM,EventCreate,1,None,Application,djkvdihost410.jakarta01.com,JAKARTA01\vanya  
Error,9/28/2017 7:42:50 AM,EventCreate,1,None,Application,djkvdihost484.jakarta01.com,JAKARTA01\ryan  
Error,9/28/2017 7:42:47 AM,EventCreate,1,None,Application,djkvdihost444.jakarta01.com,JAKARTA01\ChyntiaDN  
Error,9/28/2017 7:42:36 AM,EventCreate,1,None,Application,djkvdihost616.jakarta01.com,JAKARTA01\hendry  
Error,9/28/2017 7:42:33 AM,EventCreate,1,None,Application,djkvdihost520.jakarta01.com,JAKARTA01\Indah  
Error,9/28/2017 7:42:23 AM,EventCreate,1,None,Application,djkvdihost900.jakarta01.com,JAKARTA01\matthew  
Error,9/28/2017 7:42:22 AM,EventCreate,1,None,Application,djkvdihost176.jakarta01.com,JAKARTA01\bellaisya  
Error,9/28/2017 7:42:20 AM,EventCreate,1,None,Application,djkvdihost372.jakarta01.com,JAKARTA01\iva  
Error,9/28/2017 7:42:06 AM,EventCreate,1,None,Application,djkvdihost102.jakarta01.com,JAKARTA01\linda  
Error,9/28/2017 7:41:33 AM,EventCreate,1,None,Application,djkvdihost664.jakarta01.com,JAKARTA01\santoso  
Error,9/28/2017 7:42:00 AM,EventCreate,1,None,Application,djkvdihost389.jakarta01.com,JAKARTA01\antonius  
Error,9/28/2017 7:41:58 AM,EventCreate,1,None,Application,djkvdihost356.jakarta01.com,JAKARTA01\gadis  
Error,9/28/2017 7:41:57 AM,EventCreate,1,None,Application,djkvdihost224.jakarta01.com,JAKARTA01\nila  
Error,9/28/2017 7:41:47 AM,EventCreate,1,None,Application,djkvdihost228.jakarta01.com,JAKARTA01\ita shabrina  
Error,9/28/2017 7:41:36 AM,EventCreate,1,None,Application,djkvdihost288.jakarta01.com,JAKARTA01\sashkia  
Error,9/28/2017 7:41:21 AM,EventCreate,1,None,Application,djkvdihost834.jakarta01.com,JAKARTA01\endrojono  
Error,9/28/2017 7:41:11 AM,Application Error,1000,(100),Application,djkvdihost664.jakarta01.com,"Faulting application name: PhotoScreensaver.scr, version: 6.1.7601.17514, time stamp: 0x4ce7a590
Faulting module name: SHELL32.dll, version: 6.1.7601.23537, time stamp: 0x57c450f4
Exception code: 0xc0000005
Fault offset: 0x001f269f
Faulting process id: 0x1a70
Faulting application start time: 0x01d337f0fbde6cfd
Faulting application path: C:\Windows\system32\PhotoScreensaver.scr
Faulting module path: C:\Windows\system32\SHELL32.dll
Report Id: b934ecbd-a3e5-11e7-8659-0050569f6e89"
Error,9/28/2017 7:41:05 AM,EventCreate,1,None,Application,djkvdihost516.jakarta01.com,JAKARTA01\tobing  
Error,9/28/2017 7:40:56 AM,EventCreate,1,None,Application,djkvdihost401.jakarta01.com,JAKARTA01\Leli  
Error,9/28/2017 7:40:52 AM,EventCreate,1,None,Application,djkvdihost858.jakarta01.com,JAKARTA01\harry  
Error,9/28/2017 7:40:22 AM,EventCreate,1,None,Application,djkvdihost241.jakarta01.com,JAKARTA01\Chadijah  
Error,9/28/2017 7:40:19 AM,Application Error,1000,(100),Application,djkvdihost241.jakarta01.com,"Faulting application name: OUTLOOK.EXE, version: 15.0.4919.1001, time stamp: 0x58d20482
Faulting module name: OUTLOOK.EXE, version: 15.0.4919.1001, time stamp: 0x58d20482
Exception code: 0xc0000005
Fault offset: 0x008924c4
Faulting process id: 0x81c
Faulting application start time: 0x01d337f0a89a45ae
Faulting application path: C:\Program Files\Microsoft Office\Office15\OUTLOOK.EXE
Faulting module path: C:\Program Files\Microsoft Office\Office15\OUTLOOK.EXE
Report Id: 99e076f5-a3e5-11e7-9eac-0050569f27bd"
Error,9/28/2017 7:40:46 AM,EventCreate,1,None,Application,djkvdihost745.jakarta01.com,JAKARTA01\Azis Budianto  
Error,9/28/2017 7:40:41 AM,EventCreate,1,None,Application,djkvdihost146.jakarta01.com,JAKARTA01\lestari  
Error,9/28/2017 7:40:41 AM,EventCreate,1,None,Application,djkvdihost463.jakarta01.com,JAKARTA01\andiani  
Error,9/28/2017 7:40:33 AM,EventCreate,1,None,Application,djkvdihost047.jakarta01.com,JAKARTA01\nurmalasari  
Error,9/28/2017 7:40:25 AM,EventCreate,1,None,Application,djkvdihost446.jakarta01.com,JAKARTA01\raditya  
Error,9/28/2017 7:40:10 AM,EventCreate,1,None,Application,djkvdihost518.jakarta01.com,JAKARTA01\saputro  
Error,9/28/2017 7:40:05 AM,EventCreate,1,None,Application,djkvdihost874.jakarta01.com,JAKARTA01\sodeoka  
Error,9/28/2017 7:40:02 AM,EventCreate,1,None,Application,djkvdihost823.jakarta01.com,JAKARTA01\ipuk  
Error,9/28/2017 7:40:00 AM,EventCreate,1,None,Application,djkvdihost040.jakarta01.com,JAKARTA01\Chairul  
Error,9/28/2017 7:39:55 AM,EventCreate,1,None,Application,djkvdihost131.jakarta01.com,JAKARTA01\SANI  
Error,9/28/2017 7:39:48 AM,EventCreate,1,None,Application,djkvdihost657.jakarta01.com,JAKARTA01\tantri  
Error,9/28/2017 7:39:26 AM,EventCreate,1,None,Application,djkvdihost762.jakarta01.com,JAKARTA01\Pratama  
Error,9/28/2017 7:38:52 AM,EventCreate,1,None,Application,djkvdihost852.jakarta01.com,JAKARTA01\bayu  
Error,9/28/2017 7:38:50 AM,WSH,1,None,Application,djkvdihost762.jakarta01.com,"CN=Pratama password will expire in 3 day(s) at 10/1/2017 8:19:55 AM

Press CTRL + ALT + DEL and select the ""Change a password"" option."
Error,9/28/2017 7:39:17 AM,EventCreate,1,None,Application,djkvdihost466.jakarta01.com,JAKARTA01\lieke  
Error,9/28/2017 7:39:15 AM,EventCreate,1,None,Application,djkvdihost050.jakarta01.com,JAKARTA01\handayani  
Error,9/28/2017 7:39:15 AM,EventCreate,1,None,Application,djkvdihost307.jakarta01.com,JAKARTA01\nunik  
Error,9/28/2017 7:38:50 AM,EventCreate,1,None,Application,djkvdihost852.jakarta01.com,JAKARTA01\bayu  
Error,9/28/2017 7:38:49 AM,WSH,1,None,Application,djkvdihost762.jakarta01.com,"CN=Pratama password will expire in 3 day(s) at 10/1/2017 8:19:55 AM

Press CTRL + ALT + DEL and select the ""Change a password"" option."
Error,9/28/2017 7:38:40 AM,EventCreate,1,None,Application,djkvdihost062.jakarta01.com,JAKARTA01\Rahmat  
Error,9/28/2017 7:38:38 AM,EventCreate,1,None,Application,djkvdihost264.jakarta01.com,JAKARTA01\evanc  
Error,9/28/2017 7:38:02 AM,EventCreate,1,None,Application,djkvdihost721.jakarta01.com,JAKARTA01\kristian  
Error,9/28/2017 7:38:31 AM,EventCreate,1,None,Application,djkvdihost785.jakarta01.com,JAKARTA01\aditya chandra  
Error,9/28/2017 7:38:28 AM,EventCreate,1,None,Application,djkvdihost898.jakarta01.com,JAKARTA01\Adi Purnomo  
Error,9/28/2017 7:37:34 AM,WSH,1,None,Application,djkvdihost785.jakarta01.com,"CN=Aditya Chandra password will expire in 3 day(s) at 10/1/2017 8:38:32 AM

Press CTRL + ALT + DEL and select the ""Change a password"" option."
Error,9/28/2017 7:38:03 AM,EventCreate,1,None,Application,djkvdihost120.jakarta01.com,JAKARTA01\kusumadita  
Error,9/28/2017 7:37:38 AM,EventCreate,1,None,Application,djkvdihost298.jakarta01.com,JAKARTA01\sinta  
Error,9/28/2017 7:37:35 AM,EventCreate,1,None,Application,djkvdihost721.jakarta01.com,JAKARTA01\kristian  
Error,9/28/2017 7:37:33 AM,WSH,1,None,Application,djkvdihost785.jakarta01.com,"CN=Aditya Chandra password will expire in 3 day(s) at 10/1/2017 8:38:32 AM

Press CTRL + ALT + DEL and select the ""Change a password"" option."
Error,9/28/2017 7:37:33 AM,EventCreate,1,None,Application,djkvdihost148.jakarta01.com,JAKARTA01\davidhs  
Error,9/28/2017 7:37:08 AM,EventCreate,1,None,Application,djkvdihost460.jakarta01.com,JAKARTA01\karen  
Error,9/28/2017 7:37:05 AM,EventCreate,1,None,Application,djkvdihost360.jakarta01.com,JAKARTA01\teddy h  
Error,9/28/2017 7:36:45 AM,EventCreate,1,None,Application,djkvdihost425.jakarta01.com,JAKARTA01\andi wijaya  
Error,9/28/2017 7:36:26 AM,EventCreate,1,None,Application,djkvdihost211.jakarta01.com,JAKARTA01\indriyani  
Error,9/28/2017 7:36:07 AM,EventCreate,1,None,Application,djkvdihost486.jakarta01.com,JAKARTA01\Shena  
Error,9/28/2017 7:35:59 AM,EventCreate,1,None,Application,djkvdihost339.jakarta01.com,JAKARTA01\Marlina  
Error,9/28/2017 7:35:57 AM,EventCreate,1,None,Application,djkvdihost653.jakarta01.com,JAKARTA01\Djohan  
Error,9/28/2017 7:35:38 AM,EventCreate,1,None,Application,djkvdihost184.jakarta01.com,JAKARTA01\restiani  
Error,9/28/2017 7:35:36 AM,EventCreate,1,None,Application,djkvdihost816.jakarta01.com,JAKARTA01\Tino  
Error,9/28/2017 7:34:48 AM,EventCreate,1,None,Application,djkvdihost843.jakarta01.com,JAKARTA01\andi  
Error,9/28/2017 7:35:09 AM,EventCreate,1,None,Application,djkvdihost691.jakarta01.com,JAKARTA01\Yunita  
Error,9/28/2017 7:34:14 AM,EventCreate,1,None,Application,djkvdihost124.jakarta01.com,JAKARTA01\aditya ny  
Error,9/28/2017 7:34:11 AM,EventCreate,1,None,Application,djkvdihost376.jakarta01.com,JAKARTA01\titis  
Error,9/28/2017 7:33:41 AM,EventCreate,1,None,Application,djkvdihost843.jakarta01.com,JAKARTA01\andi  
Error,9/28/2017 7:33:57 AM,EventCreate,1,None,Application,djkvdihost644.jakarta01.com,JAKARTA01\regina  
Error,9/28/2017 7:33:35 AM,EventCreate,1,None,Application,djkvdihost843.jakarta01.com,JAKARTA01\andi  
Error,9/28/2017 7:33:38 AM,EventCreate,1,None,Application,djkvdihost831.jakarta01.com,JAKARTA01\maya  
Error,9/28/2017 7:33:36 AM,EventCreate,1,None,Application,djkvdihost204.jakarta01.com,JAKARTA01\elestari  
Error,9/28/2017 7:33:27 AM,EventCreate,1,None,Application,djkvdihost114.jakarta01.com,JAKARTA01\Bob Jasper  
Error,9/28/2017 7:33:21 AM,EventCreate,1,None,Application,djkvdihost825.jakarta01.com,JAKARTA01\meinar  
Error,9/28/2017 7:33:10 AM,EventCreate,1,None,Application,djkvdihost013.jakarta01.com,JAKARTA01\muhammad zubayr  
Error,9/28/2017 7:33:10 AM,EventCreate,1,None,Application,djkvdihost302.jakarta01.com,JAKARTA01\binar  
Error,9/28/2017 7:33:06 AM,EventCreate,1,None,Application,djkvdihost116.jakarta01.com,JAKARTA01\haris  
Error,9/28/2017 7:32:53 AM,EventCreate,1,None,Application,djkvdihost743.jakarta01.com,JAKARTA01\Eny Masruroh  
Error,9/28/2017 7:32:52 AM,EventCreate,1,None,Application,djkvdihost704.jakarta01.com,JAKARTA01\Hilma  
Error,9/28/2017 7:32:47 AM,EventCreate,1,None,Application,djkvdihost046.jakarta01.com,JAKARTA01\risa  
Error,9/28/2017 7:32:37 AM,EventCreate,1,None,Application,djkvdihost560.jakarta01.com,JAKARTA01\REIS  
Error,9/28/2017 7:32:37 AM,EventCreate,1,None,Application,djkvdihost079.jakarta01.com,JAKARTA01\MIrhasE  
Error,9/28/2017 7:32:31 AM,EventCreate,1,None,Application,djkvdihost323.jakarta01.com,JAKARTA01\liza  
Error,9/28/2017 7:32:22 AM,EventCreate,1,None,Application,djkvdihost487.jakarta01.com,JAKARTA01\phesyana  
Error,9/28/2017 7:32:09 AM,EventCreate,1,None,Application,djkvdihost569.jakarta01.com,JAKARTA01\phia  
Error,9/28/2017 7:32:04 AM,EventCreate,1,None,Application,djkvdihost193.jakarta01.com,JAKARTA01\amanda  
Error,9/28/2017 7:32:03 AM,EventCreate,1,None,Application,djkvdihost480.jakarta01.com,JAKARTA01\Yosi  
Error,9/28/2017 7:31:22 AM,WSH,1,None,Application,djkvdihost480.jakarta01.com,"CN=Yosi Dayanti password will expire in 4 day(s) at 10/2/2017 9:17:03 AM

Press CTRL + ALT + DEL and select the ""Change a password"" option."
Error,9/28/2017 7:31:25 AM,EventCreate,1,None,Application,djkvdihost261.jakarta01.com,JAKARTA01\aticha  
Error,9/28/2017 7:31:21 AM,WSH,1,None,Application,djkvdihost480.jakarta01.com,"CN=Yosi Dayanti password will expire in 4 day(s) at 10/2/2017 9:17:03 AM

Press CTRL + ALT + DEL and select the ""Change a password"" option."
Error,9/28/2017 7:31:02 AM,EventCreate,1,None,Application,djkvdihost546.jakarta01.com,JAKARTA01\adhi  
Error,9/28/2017 7:30:31 AM,EventCreate,1,None,Application,djkvdihost542.jakarta01.com,JAKARTA01\tudie  
Error,9/28/2017 7:30:55 AM,EventCreate,1,None,Application,djkvdihost611.jakarta01.com,JAKARTA01\Rio Satria  
Error,9/28/2017 7:30:21 AM,WSH,1,None,Application,djkvdihost546.jakarta01.com,"CN=Adhi Pradityo password will expire in 3 day(s) at 10/1/2017 7:25:00 AM

Press CTRL + ALT + DEL and select the ""Change a password"" option."
Error,9/28/2017 7:30:46 AM,EventCreate,1,None,Application,djkvdihost796.jakarta01.com,JAKARTA01\NovrianAS  
Error,9/28/2017 7:30:40 AM,EventCreate,1,None,Application,djkvdihost724.jakarta01.com,JAKARTA01\karmenia  
Error,9/28/2017 7:30:24 AM,Application Error,1000,(100),Application,djkvdihost542.jakarta01.com,"Faulting application name: spoolsv.exe, version: 6.1.7601.17777, time stamp: 0x4f35efc3
Faulting module name: msvcrt.dll, version: 7.0.7601.17744, time stamp: 0x4eeaf722
Exception code: 0xc0000005
Fault offset: 0x0000aa14
Faulting process id: 0x630
Faulting application start time: 0x01d3378dade544c5
Faulting application path: C:\Windows\System32\spoolsv.exe
Faulting module path: C:\Windows\system32\msvcrt.dll
Report Id: 37765ff6-a3e4-11e7-8cab-0050569f5019"
Error,9/28/2017 7:30:20 AM,WSH,1,None,Application,djkvdihost546.jakarta01.com,"CN=Adhi Pradityo password will expire in 3 day(s) at 10/1/2017 7:25:00 AM

Press CTRL + ALT + DEL and select the ""Change a password"" option."
Error,9/28/2017 7:30:10 AM,EventCreate,1,None,Application,djkvdihost478.jakarta01.com,JAKARTA01\maria  
Error,9/28/2017 7:30:07 AM,EventCreate,1,None,Application,djkvdihost037.jakarta01.com,JAKARTA01\pramana  
Error,9/28/2017 7:30:06 AM,EventCreate,1,None,Application,djkvdihost602.jakarta01.com,JAKARTA01\harumi  
Error,9/28/2017 7:29:58 AM,EventCreate,1,None,Application,djkvdihost542.jakarta01.com,JAKARTA01\tudie  
Error,9/28/2017 7:29:31 AM,EventCreate,1,None,Application,djkvdihost021.jakarta01.com,JAKARTA01\istiningsih  
Error,9/28/2017 7:29:30 AM,EventCreate,1,None,Application,djkvdihost281.jakarta01.com,JAKARTA01\sugiarto  
Error,9/28/2017 7:29:18 AM,EventCreate,1,None,Application,djkvdihost659.jakarta01.com,JAKARTA01\fatima  
Error,9/28/2017 7:29:10 AM,EventCreate,1,None,Application,djkvdihost179.jakarta01.com,JAKARTA01\budi ramadhan  
Error,9/28/2017 7:29:03 AM,EventCreate,1,None,Application,djkvdihost253.jakarta01.com,JAKARTA01\ario  
Error,9/28/2017 7:28:37 AM,EventCreate,1,None,Application,djkvdihost241.jakarta01.com,JAKARTA01\Chadijah  
Error,9/28/2017 7:28:04 AM,EventCreate,1,None,Application,djkvdihost346.jakarta01.com,JAKARTA01\iqbal  
Error,9/28/2017 7:28:02 AM,EventCreate,1,None,Application,djkvdihost019.jakarta01.com,JAKARTA01\LILY AISYAH  
Error,9/28/2017 7:27:54 AM,EventCreate,1,None,Application,djkvdihost349.jakarta01.com,JAKARTA01\meity  
Error,9/28/2017 7:27:33 AM,EventCreate,1,None,Application,djkvdihost308.jakarta01.com,JAKARTA01\Virgitha  
Error,9/28/2017 7:26:57 AM,EventCreate,1,None,Application,djkvdihost843.jakarta01.com,JAKARTA01\bayu  
Error,9/28/2017 7:27:10 AM,EventCreate,1,None,Application,djkvdihost033.jakarta01.com,JAKARTA01\tasin  
Error,9/28/2017 7:26:35 AM,EventCreate,1,None,Application,djkvdihost810.jakarta01.com,JAKARTA01\findal  
Error,9/28/2017 7:27:03 AM,EventCreate,1,None,Application,djkvdihost086.jakarta01.com,JAKARTA01\lenny  
Error,9/28/2017 7:26:09 AM,WSH,1,None,Application,djkvdihost843.jakarta01.com,"CN=Andi Bayu W password will expire in 0 day(s) at 9/28/2017 8:06:14 AM

Press CTRL + ALT + DEL and select the ""Change a password"" option."
Error,9/28/2017 7:26:08 AM,WSH,1,None,Application,djkvdihost843.jakarta01.com,"CN=Andi Bayu W password will expire in 0 day(s) at 9/28/2017 8:06:14 AM

Press CTRL + ALT + DEL and select the ""Change a password"" option."
Error,9/28/2017 7:25:40 AM,WSH,1,None,Application,djkvdihost810.jakarta01.com,"CN=Findal Darmaja password will expire in 3 day(s) at 10/1/2017 7:36:17 AM

Press CTRL + ALT + DEL and select the ""Change a password"" option."
Error,9/28/2017 7:26:04 AM,EventCreate,1,None,Application,djkvdihost854.jakarta01.com,JAKARTA01\i gede  
Error,9/28/2017 7:25:39 AM,WSH,1,None,Application,djkvdihost810.jakarta01.com,"CN=Findal Darmaja password will expire in 3 day(s) at 10/1/2017 7:36:17 AM

Press CTRL + ALT + DEL and select the ""Change a password"" option."
Error,9/28/2017 7:25:16 AM,EventCreate,1,None,Application,djkvdihost032.jakarta01.com,JAKARTA01\Dicky  
Error,9/28/2017 7:25:05 AM,EventCreate,1,None,Application,djkvdihost032.jakarta01.com,JAKARTA01\Dicky  
Error,9/28/2017 7:25:33 AM,EventCreate,1,None,Application,djkvdihost396.jakarta01.com,JAKARTA01\Rana  
Error,9/28/2017 7:25:30 AM,EventCreate,1,None,Application,djkvdihost282.jakarta01.com,JAKARTA01\indrawati  
Error,9/28/2017 7:24:58 AM,EventCreate,1,None,Application,djkvdihost544.jakarta01.com,JAKARTA01\yumiyati  
Error,9/28/2017 7:24:49 AM,EventCreate,1,None,Application,djkvdihost108.jakarta01.com,JAKARTA01\livia  
Error,9/28/2017 7:24:30 AM,EventCreate,1,None,Application,djkvdihost727.jakarta01.com,JAKARTA01\yenaretsa  
Error,9/28/2017 7:23:51 AM,WSH,1,None,Application,djkvdihost032.jakarta01.com,"CN=Dicky Andhika Abdurrahman password will expire in 3 day(s) at 10/1/2017 7:18:12 AM

Press CTRL + ALT + DEL and select the ""Change a password"" option."
Error,9/28/2017 7:24:04 AM,EventCreate,1,None,Application,djkvdihost387.jakarta01.com,JAKARTA01\fatma  
Error,9/28/2017 7:23:23 AM,EventCreate,1,None,Application,djkvdihost581.jakarta01.com,JAKARTA01\Lukitowati  
Error,9/28/2017 7:23:49 AM,WSH,1,None,Application,djkvdihost032.jakarta01.com,"CN=Dicky Andhika Abdurrahman password will expire in 3 day(s) at 10/1/2017 7:18:12 AM

Press CTRL + ALT + DEL and select the ""Change a password"" option."
Error,9/28/2017 7:23:42 AM,EventCreate,1,None,Application,djkvdihost181.jakarta01.com,JAKARTA01\amanda chandra  
Error,9/28/2017 7:23:31 AM,EventCreate,1,None,Application,djkvdihost893.jakarta01.com,JAKARTA01\Denni  
Error,9/28/2017 7:23:17 AM,EventCreate,1,None,Application,djkvdihost581.jakarta01.com,JAKARTA01\Lukitowati  
Error,9/28/2017 7:22:48 AM,EventCreate,1,None,Application,djkvdihost442.jakarta01.com,JAKARTA01\sulistyono  
Error,9/28/2017 7:22:38 AM,EventCreate,1,None,Application,djkvdihost442.jakarta01.com,JAKARTA01\sulistyono  
Error,9/28/2017 7:22:46 AM,EventCreate,1,None,Application,djkvdihost627.jakarta01.com,JAKARTA01\srahma  
Error,9/28/2017 7:22:38 AM,EventCreate,1,None,Application,djkvdihost442.jakarta01.com,JAKARTA01\sulistyono  
Error,9/28/2017 7:22:37 AM,EventCreate,1,None,Application,djkvdihost557.jakarta01.com,JAKARTA01\heriyadi  
Error,9/28/2017 7:22:34 AM,EventCreate,1,None,Application,djkvdihost529.jakarta01.com,JAKARTA01\anggi  
Error,9/28/2017 7:22:17 AM,EventCreate,1,None,Application,djkvdihost502.jakarta01.com,JAKARTA01\heri  
Error,9/28/2017 7:21:58 AM,EventCreate,1,None,Application,djkvdihost537.jakarta01.com,JAKARTA01\dian  
Error,9/28/2017 7:20:50 AM,EventCreate,1,None,Application,djkvdihost195.jakarta01.com,JAKARTA01\Valdi  
Error,9/28/2017 7:20:33 AM,EventCreate,1,None,Application,djkvdihost784.jakarta01.com,JAKARTA01\Jessica  
Error,9/28/2017 7:20:54 AM,EventCreate,1,None,Application,djkvdihost071.jakarta01.com,JAKARTA01\rinaldonp  
Error,9/28/2017 7:20:54 AM,EventCreate,1,None,Application,djkvdihost706.jakarta01.com,JAKARTA01\mdendy  
Error,9/28/2017 7:20:47 AM,EventCreate,1,None,Application,djkvdihost237.jakarta01.com,JAKARTA01\suhendrayana  
Error,9/28/2017 7:20:47 AM,Application Error,1000,(100),Application,djkvdihost195.jakarta01.com,"Faulting application name: cwbunnav.exe, version: 12.0.0.0, time stamp: 0x483ccc47
Faulting module name: cwbunjni.dll, version: 12.0.0.0, time stamp: 0x48607acf
Exception code: 0xc0000005
Fault offset: 0x00007644
Faulting process id: 0x108c
Faulting application start time: 0x01d337ef9af66f18
Faulting application path: C:\Program Files\IBM\Client Access\cwbunnav.exe
Faulting module path: C:\Program Files\IBM\Client Access\Shared\cwbunjni.dll
Report Id: df634748-a3e2-11e7-bcb5-0050569f0c35"
Error,9/28/2017 7:20:35 AM,EventCreate,1,None,Application,djkvdihost029.jakarta01.com,JAKARTA01\indrak  
Error,9/28/2017 7:20:33 AM,EventCreate,1,None,Application,djkvdihost151.jakarta01.com,JAKARTA01\danielhp  
Error,9/28/2017 7:19:58 AM,WSH,1,None,Application,djkvdihost784.jakarta01.com,"CN=Jessica password will expire in 0 day(s) at 9/28/2017 7:39:59 AM

Press CTRL + ALT + DEL and select the ""Change a password"" option."
Error,9/28/2017 7:20:11 AM,EventCreate,1,None,Application,djkvdihost427.jakarta01.com,JAKARTA01\Yustine  
Error,9/28/2017 7:20:06 AM,EventCreate,1,None,Application,djkvdihost036.jakarta01.com,JAKARTA01\Sely  
Error,9/28/2017 7:19:59 AM,EventCreate,1,None,Application,djkvdihost774.jakarta01.com,JAKARTA01\Sandra  
Error,9/28/2017 7:19:57 AM,WSH,1,None,Application,djkvdihost784.jakarta01.com,"CN=Jessica password will expire in 0 day(s) at 9/28/2017 7:39:59 AM

Press CTRL + ALT + DEL and select the ""Change a password"" option."
Error,9/28/2017 7:19:49 AM,EventCreate,1,None,Application,djkvdihost268.jakarta01.com,JAKARTA01\raras  
Error,9/28/2017 7:19:36 AM,EventCreate,1,None,Application,djkvdihost707.jakarta01.com,JAKARTA01\eddy  
Error,9/28/2017 7:19:31 AM,EventCreate,1,None,Application,djkvdihost366.jakarta01.com,JAKARTA01\Hera  
Error,9/28/2017 7:18:49 AM,EventCreate,1,None,Application,djkvdihost119.jakarta01.com,JAKARTA01\ayudia  
Error,9/28/2017 7:18:48 AM,EventCreate,1,None,Application,djkvdihost143.jakarta01.com,JAKARTA01\susilowati  
Error,9/28/2017 7:18:12 AM,EventCreate,1,None,Application,djkvdihost734.jakarta01.com,JAKARTA01\fardy  
Error,9/28/2017 7:18:04 AM,EventCreate,1,None,Application,djkvdihost765.jakarta01.com,JAKARTA01\Dwita  
Error,9/28/2017 7:17:55 AM,EventCreate,1,None,Application,djkvdihost567.jakarta01.com,JAKARTA01\andrinur  
Error,9/28/2017 7:16:46 AM,EventCreate,1,None,Application,djkvdihost421.jakarta01.com,JAKARTA01\DianRamadhania  
Error,9/28/2017 7:17:13 AM,EventCreate,1,None,Application,djkvdihost868.jakarta01.com,JAKARTA01\katsuta  
Error,9/28/2017 7:16:33 AM,EventCreate,1,None,Application,djkvdihost414.jakarta01.com,JAKARTA01\nugraha  
Error,9/28/2017 7:16:29 AM,Application Error,1000,(100),Application,djkvdihost414.jakarta01.com,"Faulting application name: PhotoScreensaver.scr, version: 6.1.7601.17514, time stamp: 0x4ce7a590
Faulting module name: SHELL32.dll, version: 6.1.7601.23537, time stamp: 0x57c450f4
Exception code: 0xc0000005
Fault offset: 0x001f269f
Faulting process id: 0x189c
Faulting application start time: 0x01d337edb03e567a
Faulting application path: C:\Windows\system32\PhotoScreensaver.scr
Faulting module path: C:\Windows\system32\SHELL32.dll
Report Id: 4597f0fa-a3e2-11e7-84cb-0050569f0db3"
Error,9/28/2017 7:16:47 AM,EventCreate,1,None,Application,djkvdihost558.jakarta01.com,JAKARTA01\Chaterin  
Error,9/28/2017 7:16:45 AM,EventCreate,1,None,Application,djkvdihost651.jakarta01.com,JAKARTA01\pratiwi  
Error,9/28/2017 7:16:39 AM,EventCreate,1,None,Application,djkvdihost178.jakarta01.com,JAKARTA01\feni  
Error,9/28/2017 7:16:38 AM,EventCreate,1,None,Application,djkvdihost421.jakarta01.com,JAKARTA01\DianRamadhania  
Error,9/28/2017 7:16:30 AM,EventCreate,1,None,Application,djkvdihost574.jakarta01.com,JAKARTA01\caroline  
Error,9/28/2017 7:16:19 AM,Application Error,1000,(100),Application,djkvdihost574.jakarta01.com,"Faulting application name: spoolsv.exe, version: 6.1.7601.17777, time stamp: 0x4f35efc3
Faulting module name: msvcrt.dll, version: 7.0.7601.17744, time stamp: 0x4eeaf722
Exception code: 0xc0000005
Fault offset: 0x0000aa14
Faulting process id: 0x638
Faulting application start time: 0x01d337769443dcc3
Faulting application path: C:\Windows\System32\spoolsv.exe
Faulting module path: C:\Windows\system32\msvcrt.dll
Report Id: 3fd6b0a2-a3e2-11e7-beac-0050569f211d"
Error,9/28/2017 7:16:00 AM,EventCreate,1,None,Application,djkvdihost850.jakarta01.com,JAKARTA01\tsusaka  
Error,9/28/2017 7:15:52 AM,EventCreate,1,None,Application,djkvdihost880.jakarta01.com,JAKARTA01\Kurnia Arisayuga  
Error,9/28/2017 7:15:09 AM,EventCreate,1,None,Application,djkvdihost770.jakarta01.com,JAKARTA01\finessya  
Error,9/28/2017 7:15:08 AM,EventCreate,1,None,Application,djkvdihost093.jakarta01.com,JAKARTA01\DanielAW  
Error,9/28/2017 7:15:01 AM,WSH,1,None,Application,djkvdihost880.jakarta01.com,"CN=Kurnia Arisayuga password will expire in 3 day(s) at 10/1/2017 8:01:35 AM

Press CTRL + ALT + DEL and select the ""Change a password"" option."
Error,9/28/2017 7:15:00 AM,WSH,1,None,Application,djkvdihost880.jakarta01.com,"CN=Kurnia Arisayuga password will expire in 3 day(s) at 10/1/2017 8:01:35 AM

Press CTRL + ALT + DEL and select the ""Change a password"" option."
Error,9/28/2017 7:14:33 AM,EventCreate,1,None,Application,djkvdihost023.jakarta01.com,JAKARTA01\IRMALA  
Error,9/28/2017 7:13:08 AM,EventCreate,1,None,Application,djkvdihost588.jakarta01.com,JAKARTA01\tjahja  
Error,9/28/2017 7:12:15 AM,EventCreate,1,None,Application,djkvdihost185.jakarta01.com,JAKARTA01\Dimas Satya  
Error,9/28/2017 7:12:10 AM,EventCreate,1,None,Application,djkvdihost185.jakarta01.com,JAKARTA01\Dimas Satya  
Error,9/28/2017 7:12:09 AM,EventCreate,1,None,Application,djkvdihost185.jakarta01.com,JAKARTA01\Dimas Satya  
Error,9/28/2017 7:12:10 AM,EventCreate,1,None,Application,djkvdihost326.jakarta01.com,JAKARTA01\mauluddin  
Error,9/28/2017 7:12:04 AM,EventCreate,1,None,Application,djkvdihost185.jakarta01.com,JAKARTA01\Dimas Satya  
Error,9/28/2017 7:11:57 AM,EventCreate,1,None,Application,djkvdihost297.jakarta01.com,JAKARTA01\poetry  
Error,9/28/2017 7:11:54 AM,EventCreate,1,None,Application,djkvdihost821.jakarta01.com,JAKARTA01\nony  
Error,9/28/2017 7:11:08 AM,EventCreate,1,None,Application,djkvdihost434.jakarta01.com,JAKARTA01\gati  
Error,9/28/2017 7:10:55 AM,EventCreate,1,None,Application,djkvdihost059.jakarta01.com,JAKARTA01\gatots  
Error,9/28/2017 7:10:35 AM,EventCreate,1,None,Application,djkvdihost011.jakarta01.com,JAKARTA01\Arina  
Error,9/28/2017 7:10:05 AM,EventCreate,1,None,Application,djkvdihost652.jakarta01.com,JAKARTA01\muhammad afif  
Error,9/28/2017 7:09:21 AM,EventCreate,1,None,Application,djkvdihost663.jakarta01.com,JAKARTA01\rozi  
Error,9/28/2017 7:08:21 AM,EventCreate,1,None,Application,djkvdihost361.jakarta01.com,JAKARTA01\DEVI  
Error,9/28/2017 7:07:42 AM,EventCreate,1,None,Application,djkvdihost752.jakarta01.com,JAKARTA01\andini  
Error,9/28/2017 7:07:40 AM,EventCreate,1,None,Application,djkvdihost499.jakarta01.com,JAKARTA01\diah astuti  
Error,9/28/2017 7:06:47 AM,EventCreate,1,None,Application,djkvdihost400.jakarta01.com,JAKARTA01\Riki Darisman  
Error,9/28/2017 7:06:32 AM,EventCreate,1,None,Application,djkvdihost499.jakarta01.com,JAKARTA01\diah astuti  
Error,9/28/2017 7:06:10 AM,EventCreate,1,None,Application,djkvdihost522.jakarta01.com,JAKARTA01\vadya  
Error,9/28/2017 7:05:13 AM,EventCreate,1,None,Application,djkvdihost296.jakarta01.com,JAKARTA01\elita  
Error,9/28/2017 7:04:22 AM,EventCreate,1,None,Application,djkvdihost869.jakarta01.com,JAKARTA01\ueda  
Error,9/28/2017 7:04:05 AM,EventCreate,1,None,Application,djkvdihost244.jakarta01.com,JAKARTA01\faiqa  
Error,9/28/2017 7:03:08 AM,EventCreate,1,None,Application,djkvdihost871.jakarta01.com,JAKARTA01\Nishinaka  
Error,9/28/2017 7:02:14 AM,EventCreate,1,None,Application,djkvdihost517.jakarta01.com,JAKARTA01\yasinta  
Error,9/28/2017 7:01:53 AM,EventCreate,1,None,Application,djkvdihost664.jakarta01.com,JAKARTA01\santoso  
Error,9/28/2017 7:01:07 AM,EventCreate,1,None,Application,djkvdihost423.jakarta01.com,JAKARTA01\AdrianP  
Error,9/28/2017 6:59:55 AM,EventCreate,1,None,Application,djkvdihost754.jakarta01.com,JAKARTA01\lileliza  
Error,9/28/2017 6:59:27 AM,EventCreate,1,None,Application,djkvdihost873.jakarta01.com,JAKARTA01\masuyama  
Error,9/28/2017 6:59:14 AM,EventCreate,1,None,Application,djkvdihost147.jakarta01.com,JAKARTA01\ester  
Error,9/28/2017 6:58:05 AM,EventCreate,1,None,Application,djkvdihost265.jakarta01.com,JAKARTA01\Pricillia  
Error,9/28/2017 6:55:53 AM,EventCreate,1,None,Application,djkvdihost593.jakarta01.com,JAKARTA01\ayuningtias  
Error,9/28/2017 6:54:58 AM,EventCreate,1,None,Application,djkvdihost613.jakarta01.com,JAKARTA01\Patsiana  
Error,9/28/2017 6:54:51 AM,EventCreate,1,None,Application,djkvdihost303.jakarta01.com,JAKARTA01\Kartina  
Error,9/28/2017 6:54:52 AM,EventCreate,1,None,Application,djkvdihost208.jakarta01.com,JAKARTA01\hersiari  
Error,9/28/2017 6:54:36 AM,Application Error,1000,(100),Application,djkvdihost303.jakarta01.com,"Faulting application name: spoolsv.exe, version: 6.1.7601.17777, time stamp: 0x4f35efc3
Faulting module name: msvcrt.dll, version: 7.0.7601.17744, time stamp: 0x4eeaf722
Exception code: 0xc0000005
Fault offset: 0x0000aa14
Faulting process id: 0x640
Faulting application start time: 0x01d3378065cab1e4
Faulting application path: C:\Windows\System32\spoolsv.exe
Faulting module path: C:\Windows\system32\msvcrt.dll
Report Id: 371cef37-a3df-11e7-8ece-0050569f10a4"
Error,9/28/2017 6:53:29 AM,EventCreate,1,None,Application,djkvdihost561.jakarta01.com,JAKARTA01\alexander  
Error,9/28/2017 6:53:26 AM,EventCreate,1,None,Application,djkvdihost561.jakarta01.com,JAKARTA01\alexander  
Error,9/28/2017 6:52:42 AM,EventCreate,1,None,Application,djkvdihost876.jakarta01.com,JAKARTA01\jeremia  
Error,9/28/2017 6:53:00 AM,EventCreate,1,None,Application,djkvdihost231.jakarta01.com,JAKARTA01\RURI  
Error,9/28/2017 6:52:57 AM,EventCreate,1,None,Application,djkvdihost362.jakarta01.com,JAKARTA01\kartika  
Error,9/28/2017 6:51:59 AM,EventCreate,1,None,Application,djkvdihost876.jakarta01.com,JAKARTA01\jeremia  
Error,9/28/2017 6:51:31 AM,EventCreate,1,None,Application,djkvdihost190.jakarta01.com,JAKARTA01\Letitia  
Error,9/28/2017 6:51:27 AM,EventCreate,1,None,Application,djkvdihost240.jakarta01.com,JAKARTA01\Amaliawati  
Error,9/28/2017 6:50:50 AM,EventCreate,1,None,Application,djkvdihost301.jakarta01.com,JAKARTA01\Hertanto gunadi  
Error,9/28/2017 6:49:30 AM,EventCreate,1,None,Application,djkvdihost235.jakarta01.com,JAKARTA01\debby  
Error,9/28/2017 6:48:09 AM,EventCreate,1,None,Application,djkvdihost822.jakarta01.com,JAKARTA01\ivan  
Error,9/28/2017 6:48:05 AM,Application Error,1000,(100),Application,djkvdihost822.jakarta01.com,"Faulting application name: spoolsv.exe, version: 6.1.7601.17777, time stamp: 0x4f35efc3
Faulting module name: msvcrt.dll, version: 7.0.7601.17744, time stamp: 0x4eeaf722
Exception code: 0xc0000005
Fault offset: 0x0000aa14
Faulting process id: 0x63c
Faulting application start time: 0x01d3377facc93ddc
Faulting application path: C:\Windows\System32\spoolsv.exe
Faulting module path: C:\Windows\system32\msvcrt.dll
Report Id: 4e20ba14-a3de-11e7-a10c-0050569f3901"
Error,9/28/2017 6:48:34 AM,EventCreate,1,None,Application,djkvdihost099.jakarta01.com,JAKARTA01\Nur Alma  
Error,9/28/2017 6:47:54 AM,EventCreate,1,None,Application,djkvdihost398.jakarta01.com,JAKARTA01\willya  
Error,9/28/2017 6:46:38 AM,EventCreate,1,None,Application,djkvdihost374.jakarta01.com,JAKARTA01\gallant  
Error,9/28/2017 6:46:28 AM,Application Error,1000,(100),Application,djkvdihost374.jakarta01.com,"Faulting application name: spoolsv.exe, version: 6.1.7601.17777, time stamp: 0x4f35efc3
Faulting module name: msvcrt.dll, version: 7.0.7601.17744, time stamp: 0x4eeaf722
Exception code: 0xc0000005
Fault offset: 0x0000aa14
Faulting process id: 0x638
Faulting application start time: 0x01d3377aa9203d61
Faulting application path: C:\Windows\System32\spoolsv.exe
Faulting module path: C:\Windows\system32\msvcrt.dll
Report Id: 141e2221-a3de-11e7-abc4-0050569f2291"
Error,9/28/2017 6:45:32 AM,EventCreate,1,None,Application,djkvdihost439.jakarta01.com,JAKARTA01\Ameilia  
Error,9/28/2017 6:45:08 AM,EventCreate,1,None,Application,djkvdihost365.jakarta01.com,JAKARTA01\agungwd  
Error,9/28/2017 6:44:22 AM,EventCreate,1,None,Application,djkvdihost603.jakarta01.com,JAKARTA01\Chinthea  
Error,9/28/2017 6:43:43 AM,WSH,1,None,Application,djkvdihost603.jakarta01.com,"CN=Chinthea Anggreni password will expire in 3 day(s) at 10/1/2017 7:10:25 AM

Press CTRL + ALT + DEL and select the ""Change a password"" option."
Error,9/28/2017 6:44:03 AM,EventCreate,1,None,Application,djkvdihost863.jakarta01.com,JAKARTA01\Ouchi  
Error,9/28/2017 6:44:03 AM,EventCreate,1,None,Application,djkvdihost615.jakarta01.com,JAKARTA01\yosephine  
Error,9/28/2017 6:43:29 AM,EventCreate,1,None,Application,djkvdihost115.jakarta01.com,JAKARTA01\suwilhan  
Error,9/28/2017 6:43:42 AM,WSH,1,None,Application,djkvdihost603.jakarta01.com,"CN=Chinthea Anggreni password will expire in 3 day(s) at 10/1/2017 7:10:25 AM

Press CTRL + ALT + DEL and select the ""Change a password"" option."
Error,9/28/2017 6:43:02 AM,WSH,1,None,Application,djkvdihost115.jakarta01.com,"CN=Suwilhan Suwilhan password will expire in 3 day(s) at 10/1/2017 6:47:54 AM

Press CTRL + ALT + DEL and select the ""Change a password"" option."
Error,9/28/2017 6:43:01 AM,WSH,1,None,Application,djkvdihost115.jakarta01.com,"CN=Suwilhan Suwilhan password will expire in 3 day(s) at 10/1/2017 6:47:54 AM

Press CTRL + ALT + DEL and select the ""Change a password"" option."
Error,9/28/2017 6:42:46 AM,EventCreate,1,None,Application,djkvdihost089.jakarta01.com,JAKARTA01\Mulyono  
Error,9/28/2017 6:42:27 AM,EventCreate,1,None,Application,djkvdihost414.jakarta01.com,JAKARTA01\nugraha  
Error,9/28/2017 6:42:22 AM,EventCreate,1,None,Application,djkvdihost872.jakarta01.com,JAKARTA01\bobby  
Error,9/28/2017 6:42:14 AM,EventCreate,1,None,Application,djkvdihost263.jakarta01.com,JAKARTA01\ayub  
Error,9/28/2017 6:41:41 AM,EventCreate,1,None,Application,djkvdihost384.jakarta01.com,JAKARTA01\moh rinov  
Error,9/28/2017 6:41:20 AM,EventCreate,1,None,Application,djkvdihost276.jakarta01.com,JAKARTA01\melani  
Error,9/28/2017 6:39:55 AM,EventCreate,1,None,Application,djkvdihost243.jakarta01.com,JAKARTA01\Pinta  
Error,9/28/2017 6:39:21 AM,EventCreate,1,None,Application,djkvdihost631.jakarta01.com,JAKARTA01\taufik  
Error,9/28/2017 6:39:16 AM,EventCreate,1,None,Application,djkvdihost631.jakarta01.com,JAKARTA01\taufik  
Error,9/28/2017 6:39:13 AM,EventCreate,1,None,Application,djkvdihost631.jakarta01.com,JAKARTA01\taufik  
Error,9/28/2017 6:38:48 AM,EventCreate,1,None,Application,djkvdihost822.jakarta01.com,JAKARTA01\ivan  
Error,9/28/2017 6:38:35 AM,EventCreate,1,None,Application,djkvdihost862.jakarta01.com,JAKARTA01\Machida  
Error,9/28/2017 6:38:14 AM,EventCreate,1,None,Application,djkvdihost381.jakarta01.com,JAKARTA01\hideo  
Error,9/28/2017 6:37:42 AM,EventCreate,1,None,Application,djkvdihost110.jakarta01.com,JAKARTA01\michael  
Error,9/28/2017 6:37:35 AM,Application Error,1000,(100),Application,djkvdihost110.jakarta01.com,"Faulting application name: PhotoScreensaver.scr, version: 6.1.7601.17514, time stamp: 0x4ce7a590
Faulting module name: SHELL32.dll, version: 6.1.7601.23537, time stamp: 0x57c450f4
Exception code: 0xc0000005
Fault offset: 0x001f269f
Faulting process id: 0x18d8
Faulting application start time: 0x01d337e7dacd528c
Faulting application path: C:\Windows\system32\PhotoScreensaver.scr
Faulting module path: C:\Windows\system32\SHELL32.dll
Report Id: d637359c-a3dc-11e7-9a95-0050569f78af"
Error,9/28/2017 6:37:50 AM,EventCreate,1,None,Application,djkvdihost369.jakarta01.com,JAKARTA01\margiati  
Error,9/28/2017 6:37:38 AM,EventCreate,1,None,Application,djkvdihost106.jakarta01.com,JAKARTA01\hari  
Error,9/28/2017 6:36:40 AM,EventCreate,1,None,Application,djkvdihost764.jakarta01.com,JAKARTA01\sasono  
Error,9/28/2017 6:36:39 AM,EventCreate,1,None,Application,djkvdihost306.jakarta01.com,JAKARTA01\susanto  
Error,9/28/2017 6:35:59 AM,EventCreate,1,None,Application,djkvdihost489.jakarta01.com,JAKARTA01\topik  
Error,9/28/2017 6:33:45 AM,EventCreate,1,None,Application,djkvdihost470.jakarta01.com,JAKARTA01\Linah  
Error,9/28/2017 6:33:08 AM,EventCreate,1,None,Application,djkvdihost258.jakarta01.com,JAKARTA01\kezia  
Error,9/28/2017 6:32:13 AM,WSH,1,None,Application,djkvdihost258.jakarta01.com,"CN=Kezia Hapsari Siswosoubrotho password will expire in 3 day(s) at 10/1/2017 8:08:44 AM

Press CTRL + ALT + DEL and select the ""Change a password"" option."
Error,9/28/2017 6:32:13 AM,WSH,1,None,Application,djkvdihost258.jakarta01.com,"CN=Kezia Hapsari Siswosoubrotho password will expire in 3 day(s) at 10/1/2017 8:08:44 AM

Press CTRL + ALT + DEL and select the ""Change a password"" option."
Error,9/28/2017 6:31:59 AM,EventCreate,1,None,Application,djkvdihost002.jakarta01.com,JAKARTA01\rusliyani  
Error,9/28/2017 6:31:43 AM,EventCreate,1,None,Application,djkvdihost270.jakarta01.com,JAKARTA01\dwinanto  
Error,9/28/2017 6:29:49 AM,EventCreate,1,None,Application,djkvdihost533.jakarta01.com,JAKARTA01\cut nyak  
Error,9/28/2017 6:29:26 AM,EventCreate,1,None,Application,djkvdihost676.jakarta01.com,JAKARTA01\komangsd  
Error,9/28/2017 6:28:28 AM,EventCreate,1,None,Application,djkvdihost130.jakarta01.com,JAKARTA01\Pram  
Error,9/28/2017 6:27:22 AM,EventCreate,1,None,Application,djkvdihost857.jakarta01.com,JAKARTA01\hastari  
Error,9/28/2017 6:25:16 AM,EventCreate,1,None,Application,djkvdihost359.jakarta01.com,JAKARTA01\yofiandhy  
Error,9/28/2017 6:24:58 AM,EventCreate,1,None,Application,djkvdihost359.jakarta01.com,JAKARTA01\yofiandhy  
Error,9/28/2017 6:18:48 AM,EventCreate,1,None,Application,djkvdihost100.jakarta01.com,JAKARTA01\mulyanto  
Error,9/28/2017 6:18:00 AM,EventCreate,1,None,Application,djkvdihost068.jakarta01.com,JAKARTA01\puji sih  
Error,9/28/2017 6:16:26 AM,EventCreate,1,None,Application,djkvdihost110.jakarta01.com,JAKARTA01\michael  
Error,9/28/2017 6:13:39 AM,EventCreate,1,None,Application,djkvdihost195.jakarta01.com,JAKARTA01\Valdi  
Error,9/28/2017 6:12:37 AM,EventCreate,1,None,Application,djkvdihost510.jakarta01.com,JAKARTA01\rusmelin  
Error,9/28/2017 6:11:15 AM,EventCreate,1,None,Application,djkvdihost081.jakarta01.com,JAKARTA01\cahyaningtiyas  
Error,9/28/2017 6:06:52 AM,EventCreate,1,None,Application,djkvdihost359.jakarta01.com,JAKARTA01\ridjal  
Error,9/28/2017 6:06:07 AM,EventCreate,1,None,Application,djkvdihost034.jakarta01.com,JAKARTA01\olly  
Error,9/28/2017 6:05:36 AM,EventCreate,1,None,Application,djkvdihost034.jakarta01.com,JAKARTA01\olly  
Error,9/28/2017 6:03:42 AM,EventCreate,1,None,Application,djkvdihost250.jakarta01.com,JAKARTA01\arqom  
Error,9/28/2017 6:00:36 AM,EventCreate,1,None,Application,djkvdihost150.jakarta01.com,JAKARTA01\ianm  
Error,9/28/2017 6:00:00 AM,EventCreate,1,None,Application,djkvdihost255.jakarta01.com,JAKARTA01\yosiakarta  
Error,9/28/2017 5:59:13 AM,WSH,1,None,Application,djkvdihost255.jakarta01.com,"CN=Yosiakarta Yosiakarta password will expire in 3 day(s) at 10/1/2017 12:55:05 PM

Press CTRL + ALT + DEL and select the ""Change a password"" option."
Error,9/28/2017 5:59:12 AM,WSH,1,None,Application,djkvdihost255.jakarta01.com,"CN=Yosiakarta Yosiakarta password will expire in 3 day(s) at 10/1/2017 12:55:05 PM

Press CTRL + ALT + DEL and select the ""Change a password"" option."
Error,9/28/2017 5:56:41 AM,EventCreate,1,None,Application,djkvdihost594.jakarta01.com,JAKARTA01\Idafarida  
Error,9/28/2017 5:56:10 AM,WSH,1,None,Application,djkvdihost594.jakarta01.com,"CN=IdaFarida password will expire in 4 day(s) at 10/2/2017 8:02:08 AM

Press CTRL + ALT + DEL and select the ""Change a password"" option."
Error,9/28/2017 5:56:08 AM,WSH,1,None,Application,djkvdihost594.jakarta01.com,"CN=IdaFarida password will expire in 4 day(s) at 10/2/2017 8:02:08 AM

Press CTRL + ALT + DEL and select the ""Change a password"" option."
Error,9/28/2017 5:53:21 AM,EventCreate,1,None,Application,djkvdihost045.jakarta01.com,JAKARTA01\dhara  
Error,9/28/2017 5:53:46 AM,EventCreate,1,None,Application,djkvdihost606.jakarta01.com,JAKARTA01\henny  
Error,9/28/2017 5:53:19 AM,EventCreate,1,None,Application,djkvdihost161.jakarta01.com,JAKARTA01\Erick  
Error,9/28/2017 5:52:40 AM,WSH,1,None,Application,djkvdihost045.jakarta01.com,"CN=Dhara password will expire in 4 day(s) at 10/2/2017 6:10:29 AM

Press CTRL + ALT + DEL and select the ""Change a password"" option."
Error,9/28/2017 5:53:09 AM,EventCreate,1,None,Application,djkvdihost155.jakarta01.com,JAKARTA01\Argo  
Error,9/28/2017 5:52:27 AM,WSH,1,None,Application,djkvdihost161.jakarta01.com,"CN=Erick Eka Putra password will expire in 3 day(s) at 10/1/2017 6:09:39 AM

Press CTRL + ALT + DEL and select the ""Change a password"" option."
Error,9/28/2017 5:52:56 AM,EventCreate,1,None,Application,djkvdihost135.jakarta01.com,JAKARTA01\midasope  
Error,9/28/2017 5:52:40 AM,WSH,1,None,Application,djkvdihost045.jakarta01.com,"CN=Dhara password will expire in 4 day(s) at 10/2/2017 6:10:29 AM

Press CTRL + ALT + DEL and select the ""Change a password"" option."
Error,9/28/2017 5:52:25 AM,WSH,1,None,Application,djkvdihost161.jakarta01.com,"CN=Erick Eka Putra password will expire in 3 day(s) at 10/1/2017 6:09:39 AM

Press CTRL + ALT + DEL and select the ""Change a password"" option."
Error,9/28/2017 5:42:34 AM,EventCreate,1,None,Application,djkvdihost670.jakarta01.com,JAKARTA01\Ajie  
Error,9/27/2017 9:40:09 PM,EventCreate,1,None,Application,djkvdihost403.jakarta01.com,JAKARTA01\william  
Error,9/27/2017 9:40:05 PM,Application Error,1000,(100),Application,djkvdihost403.jakarta01.com,"Faulting application name: OUTLOOK.EXE, version: 15.0.4919.1001, time stamp: 0x58d20482
Faulting module name: OUTLOOK.EXE, version: 15.0.4919.1001, time stamp: 0x58d20482
Exception code: 0xc0000005
Fault offset: 0x008924c4
Faulting process id: 0x18ec
Faulting application start time: 0x01d3372dfb7e0d81
Faulting application path: C:\Program Files\Microsoft Office\Office15\OUTLOOK.EXE
Faulting module path: C:\Program Files\Microsoft Office\Office15\OUTLOOK.EXE
Report Id: c02871e6-a391-11e7-8e7b-0050569f2213"
Error,9/27/2017 8:58:39 PM,EventCreate,1,None,Application,djkvdihost288.jakarta01.com,JAKARTA01\ferdiansyah  
Error,9/27/2017 8:58:35 PM,Application Error,1000,(100),Application,djkvdihost288.jakarta01.com,"Faulting application name: PhotoScreensaver.scr, version: 6.1.7601.17514, time stamp: 0x4ce7a590
Faulting module name: SHELL32.dll, version: 6.1.7601.23537, time stamp: 0x57c450f4
Exception code: 0xc0000005
Fault offset: 0x001f269f
Faulting process id: 0x808
Faulting application start time: 0x01d337972c7e7392
Faulting application path: C:\Windows\system32\PhotoScreensaver.scr
Faulting module path: C:\Windows\system32\SHELL32.dll
Report Id: f3dda713-a38b-11e7-8855-0050569f27f6"
Error,9/27/2017 6:49:21 PM,EventCreate,1,None,Application,djkvdihost395.jakarta01.com,"The description for Event ID 1 from source EventCreate cannot be found. Either the component that raises this event is not installed on your local computer or the installation is corrupted. You can install or repair the component on the local computer.

If the event originated on another computer, the display information had to be saved with the event.

The following information was included with the event: 

JAKARTA01\Prihantono  
"
Error,9/27/2017 6:48:16 PM,EventCreate,1,None,Application,djkvdihost395.jakarta01.com,"The description for Event ID 1 from source EventCreate cannot be found. Either the component that raises this event is not installed on your local computer or the installation is corrupted. You can install or repair the component on the local computer.

If the event originated on another computer, the display information had to be saved with the event.

The following information was included with the event: 

JAKARTA01\Prihantono  
"
Error,9/27/2017 8:19:45 PM,EventCreate,1,None,Application,djkvdihost399.jakarta01.com,JAKARTA01\Hadi  
Error,9/27/2017 8:19:44 PM,Application Error,1000,(100),Application,djkvdihost399.jakarta01.com,"Faulting application name: OUTLOOK.EXE, version: 15.0.4919.1001, time stamp: 0x58d20482
Faulting module name: OUTLOOK.EXE, version: 15.0.4919.1001, time stamp: 0x58d20482
Exception code: 0xc0000005
Fault offset: 0x008924c7
Faulting process id: 0x19d8
Faulting application start time: 0x01d33732905a20be
Faulting application path: C:\Program Files\Microsoft Office\Office15\OUTLOOK.EXE
Faulting module path: C:\Program Files\Microsoft Office\Office15\OUTLOOK.EXE
Report Id: 868289d5-a386-11e7-b7a8-0050569f164b"
Error,9/27/2017 7:53:42 PM,EventCreate,1,None,Application,djkvdihost603.jakarta01.com,JAKARTA01\hafiah  
Error,9/27/2017 7:53:04 PM,WSH,1,None,Application,djkvdihost603.jakarta01.com,"CN=Hafiah password will expire in 4 day(s) at 10/1/2017 9:33:01 AM

Press CTRL + ALT + DEL and select the ""Change a password"" option."
Error,9/27/2017 7:53:15 PM,EventCreate,1,None,Application,djkvdihost316.jakarta01.com,JAKARTA01\hertanto  
Error,9/27/2017 7:53:02 PM,WSH,1,None,Application,djkvdihost603.jakarta01.com,"CN=Hafiah password will expire in 4 day(s) at 10/1/2017 9:33:01 AM

Press CTRL + ALT + DEL and select the ""Change a password"" option."
Error,9/27/2017 7:52:58 PM,EventCreate,1,None,Application,djkvdihost316.jakarta01.com,JAKARTA01\hertanto  
Error,9/27/2017 7:35:51 PM,EventCreate,1,None,Application,djkvdihost398.jakarta01.com,JAKARTA01\AdrianP  
Error,9/27/2017 7:24:22 PM,EventCreate,1,None,Application,djkvdihost193.jakarta01.com,JAKARTA01\barry  
Error,9/27/2017 7:24:18 PM,EventCreate,1,None,Application,djkvdihost193.jakarta01.com,JAKARTA01\barry  
Error,9/27/2017 7:24:12 PM,EventCreate,1,None,Application,djkvdihost193.jakarta01.com,JAKARTA01\barry  
Error,9/27/2017 7:23:31 PM,WSH,1,None,Application,djkvdihost193.jakarta01.com,"CN=Barry Christie T password will expire in 1 day(s) at 9/28/2017 7:09:01 AM

Press CTRL + ALT + DEL and select the ""Change a password"" option."
Error,9/27/2017 7:23:31 PM,WSH,1,None,Application,djkvdihost193.jakarta01.com,"CN=Barry Christie T password will expire in 1 day(s) at 9/28/2017 7:09:01 AM

Press CTRL + ALT + DEL and select the ""Change a password"" option."
Error,9/27/2017 7:18:08 PM,EventCreate,1,None,Application,djkvdihost480.jakarta01.com,JAKARTA01\rozi  
Error,9/27/2017 7:18:05 PM,Application Error,1000,(100),Application,djkvdihost480.jakarta01.com,"Faulting application name: OUTLOOK.EXE, version: 15.0.4919.1001, time stamp: 0x58d20482
Faulting module name: OUTLOOK.EXE, version: 15.0.4919.1001, time stamp: 0x58d20482
Exception code: 0xc0000005
Fault offset: 0x008924c4
Faulting process id: 0x1e74
Faulting application start time: 0x01d3372d78117f63
Faulting application path: C:\Program Files\Microsoft Office\Office15\OUTLOOK.EXE
Faulting module path: C:\Program Files\Microsoft Office\Office15\OUTLOOK.EXE
Report Id: e98b2525-a37d-11e7-98b7-0050569f382b"
Error,9/27/2017 7:14:38 PM,EventCreate,1,None,Application,djkvdihost024.jakarta01.com,JAKARTA01\fferdian  
