Error,10/5/2017 14:59,Application Error,1000,-100,Application,djkvdihost640.jakarta01.com,"Faulting application name: OUTLOOK.EXE, version: 15.0.4919.1001, time stamp: 0x58d20482
Faulting module name: OUTLOOK.EXE, version: 15.0.4919.1001, time stamp: 0x58d20482
Exception code: 0xc0000005
Fault offset: 0x008924c7
Faulting process id: 0x1990
Faulting application start time: 0x01d33d73442fb702
Faulting application path: C:\Program Files\Microsoft Office\Office15\OUTLOOK.EXE
Faulting module path: C:\Program Files\Microsoft Office\Office15\OUTLOOK.EXE
Report Id: 1f491446-a9a3-11e7-8d13-0050569f6358"
Error,10/5/2017 14:57,EventCreate,1,None,Application,djkvdihost038.jakarta01.com,JAKARTA01\christianrs  
Error,10/5/2017 14:57,EventCreate,1,None,Application,djkvdihost872.jakarta01.com,JAKARTA01\hastari  
Error,10/5/2017 14:57,Application Error,1000,-100,Application,djkvdihost872.jakarta01.com,"Faulting application name: OUTLOOK.EXE, version: 15.0.4919.1001, time stamp: 0x58d20482
Faulting module name: OUTLOOK.EXE, version: 15.0.4919.1001, time stamp: 0x58d20482
Exception code: 0xc0000005
Fault offset: 0x008924c4
Faulting process id: 0x1eb4
Faulting application start time: 0x01d33d6591a80a64
Faulting application path: C:\Program Files\Microsoft Office\Office15\OUTLOOK.EXE
Faulting module path: C:\Program Files\Microsoft Office\Office15\OUTLOOK.EXE
Report Id: c91ecd97-a9a2-11e7-bd64-0050569f4799"
Error,10/5/2017 14:50,EventCreate,1,None,Application,djkvdihost567.jakarta01.com,JAKARTA01\Nikmatullah  
Error,10/5/2017 14:50,Application Error,1000,-100,Application,djkvdihost567.jakarta01.com,"Faulting application name: OUTLOOK.EXE, version: 15.0.4919.1001, time stamp: 0x58d20482
Faulting module name: OUTLOOK.EXE, version: 15.0.4919.1001, time stamp: 0x58d20482
Exception code: 0xc0000005
Fault offset: 0x008924c7
Faulting process id: 0x1bf0
Faulting application start time: 0x01d33d73119c6cfb
Faulting application path: C:\Program Files\Microsoft Office\Office15\OUTLOOK.EXE
Faulting module path: C:\Program Files\Microsoft Office\Office15\OUTLOOK.EXE
Report Id: d3c0aa17-a9a1-11e7-a38e-0050569f30ec"
Error,10/5/2017 14:43,EventCreate,1,None,Application,djkvdihost260.jakarta01.com,JAKARTA01\karen  
Error,10/5/2017 14:40,EventCreate,1,None,Application,djkvdihost481.jakarta01.com,JAKARTA01\Tino  
Error,10/5/2017 14:39,EventCreate,1,None,Application,djkvdihost635.jakarta01.com,JAKARTA01\ahmad zainul  
Error,10/5/2017 14:39,EventCreate,1,None,Application,djkvdihost635.jakarta01.com,JAKARTA01\ahmad zainul  
Error,10/5/2017 14:37,EventCreate,1,None,Application,djkvdihost732.jakarta01.com,JAKARTA01\GuestISD48  
Error,10/5/2017 14:37,Application Error,1000,-100,Application,djkvdihost732.jakarta01.com,"Faulting application name: pcscm.exe, version: 5090.2.8121.38, time stamp: 0x4817f86f
Faulting module name: MSVCRT.dll, version: 7.0.7601.17744, time stamp: 0x4eeaf722
Exception code: 0xc0000005
Fault offset: 0x00009cc6
Faulting process id: 0x1b8c
Faulting application start time: 0x01d33d8cb86b49f1
Faulting application path: C:\Program Files\IBM\Client Access\Emulator\pcscm.exe
Faulting module path: C:\Windows\system32\MSVCRT.dll
Report Id: 01ccb23c-a9a0-11e7-9275-0050569f0f09"
Error,10/5/2017 14:36,EventCreate,1,None,Application,djkvdihost455.jakarta01.com,JAKARTA01\nadhilah  
Error,10/5/2017 14:36,EventCreate,1,None,Application,djkvdihost455.jakarta01.com,JAKARTA01\nadhilah  
Error,10/5/2017 14:26,EventCreate,1,None,Application,djkvdihost435.jakarta01.com,JAKARTA01\valery  
Error,10/5/2017 14:26,EventCreate,1,None,Application,djkvdihost544.jakarta01.com,JAKARTA01\ayuningtias  
Error,10/5/2017 14:26,Application Error,1000,-100,Application,djkvdihost435.jakarta01.com,"Faulting application name: OUTLOOK.EXE, version: 15.0.4919.1001, time stamp: 0x58d20482
Faulting module name: OUTLOOK.EXE, version: 15.0.4919.1001, time stamp: 0x58d20482
Exception code: 0xc0000005
Fault offset: 0x008924c4
Faulting process id: 0x10c0
Faulting application start time: 0x01d33d7fb608fca7
Faulting application path: C:\Program Files\Microsoft Office\Office15\OUTLOOK.EXE
Faulting module path: C:\Program Files\Microsoft Office\Office15\OUTLOOK.EXE
Report Id: 7b85cfa0-a99e-11e7-865c-0050569f384e"
Error,10/5/2017 14:25,Application Error,1000,-100,Application,djkvdihost544.jakarta01.com,"Faulting application name: lync.exe, version: 15.0.4919.1000, time stamp: 0x58c7ab1e
Faulting module name: ntdll.dll, version: 6.1.7601.23714, time stamp: 0x58bf8774
Exception code: 0xc0000005
Fault offset: 0x00031dca
Faulting process id: 0x1e54
Faulting application start time: 0x01d33da3173743d5
Faulting application path: C:\Program Files\Microsoft Office\Office15\lync.exe
Faulting module path: C:\Windows\SYSTEM32\ntdll.dll
Report Id: 6db38fce-a99e-11e7-9b5e-0050569f2dcb"
Error,10/5/2017 14:11,EventCreate,1,None,Application,djkvdihost394.jakarta01.com,JAKARTA01\andini  
Error,10/5/2017 14:10,EventCreate,1,None,Application,djkvdihost593.jakarta01.com,JAKARTA01\haryadi  
Error,10/5/2017 14:11,Application Error,1000,-100,Application,djkvdihost394.jakarta01.com,"Faulting application name: OUTLOOK.EXE, version: 15.0.4919.1001, time stamp: 0x58d20482
Faulting module name: OUTLOOK.EXE, version: 15.0.4919.1001, time stamp: 0x58d20482
Exception code: 0xc0000005
Fault offset: 0x008924c4
Faulting process id: 0x1be4
Faulting application start time: 0x01d33d74de66a045
Faulting application path: C:\Program Files\Microsoft Office\Office15\OUTLOOK.EXE
Faulting module path: C:\Program Files\Microsoft Office\Office15\OUTLOOK.EXE
Report Id: 58781520-a99c-11e7-a087-0050569f451c"
Error,10/5/2017 14:10,Application Error,1000,-100,Application,djkvdihost593.jakarta01.com,"Faulting application name: EXCEL.EXE, version: 15.0.4919.1000, time stamp: 0x58c7ab0f
Faulting module name: unknown, version: 0.0.0.0, time stamp: 0x00000000
Exception code: 0xc0000005
Fault offset: 0x0065007a
Faulting process id: 0xff8
Faulting application start time: 0x01d33d827823fd47
Faulting application path: C:\Program Files\Microsoft Office\Office15\EXCEL.EXE
Faulting module path: unknown
Report Id: 4d86f583-a99c-11e7-a49c-0050569f49d3"
Error,10/5/2017 14:09,EventCreate,1,None,Application,djkvdihost346.jakarta01.com,JAKARTA01\enrikko  
Error,10/5/2017 14:09,Application Error,1000,-100,Application,djkvdihost346.jakarta01.com,"Faulting application name: OUTLOOK.EXE, version: 15.0.4919.1001, time stamp: 0x58d20482
Faulting module name: OUTLOOK.EXE, version: 15.0.4919.1001, time stamp: 0x58d20482
Exception code: 0xc0000005
Fault offset: 0x008924c7
Faulting process id: 0x1a7c
Faulting application start time: 0x01d33d766d5fd9f9
Faulting application path: C:\Program Files\Microsoft Office\Office15\OUTLOOK.EXE
Faulting module path: C:\Program Files\Microsoft Office\Office15\OUTLOOK.EXE
Report Id: 2a2b5461-a99c-11e7-9db0-0050569f7fe8"
Error,10/5/2017 14:05,EventCreate,1,None,Application,djkvdihost256.jakarta01.com,JAKARTA01\ali pasya  
Error,10/5/2017 14:05,Application Error,1000,-100,Application,djkvdihost256.jakarta01.com,"Faulting application name: OUTLOOK.EXE, version: 15.0.4919.1001, time stamp: 0x58d20482
Faulting module name: OUTLOOK.EXE, version: 15.0.4919.1001, time stamp: 0x58d20482
Exception code: 0xc0000005
Fault offset: 0x008924c4
Faulting process id: 0x18b0
Faulting application start time: 0x01d33d8ac68d3c39
Faulting application path: C:\Program Files\Microsoft Office\Office15\OUTLOOK.EXE
Faulting module path: C:\Program Files\Microsoft Office\Office15\OUTLOOK.EXE
Report Id: 84fc8bc0-a99b-11e7-bcf3-0050569f7f6d"
Error,10/5/2017 14:01,EventCreate,1,None,Application,djkvdihost587.jakarta01.com,JAKARTA01\yoshinta  
Error,10/5/2017 14:01,EventCreate,1,None,Application,djkvdihost587.jakarta01.com,JAKARTA01\yoshinta  
Error,10/5/2017 13:46,EventCreate,1,None,Application,djkvdihost587.jakarta01.com,JAKARTA01\nasrullah  
Error,10/5/2017 14:00,EventCreate,1,None,Application,djkvdihost548.jakarta01.com,JAKARTA01\Bryant  
Error,10/5/2017 14:00,Application Error,1000,-100,Application,djkvdihost548.jakarta01.com,"Faulting application name: OUTLOOK.EXE, version: 15.0.4919.1001, time stamp: 0x58d20482
Faulting module name: OUTLOOK.EXE, version: 15.0.4919.1001, time stamp: 0x58d20482
Exception code: 0xc0000005
Fault offset: 0x008924c4
Faulting process id: 0x1b94
Faulting application start time: 0x01d33d7d631f4753
Faulting application path: C:\Program Files\Microsoft Office\Office15\OUTLOOK.EXE
Faulting module path: C:\Program Files\Microsoft Office\Office15\OUTLOOK.EXE
Report Id: e08086b2-a99a-11e7-b315-0050569f7144"
Error,10/5/2017 13:50,EventCreate,1,None,Application,djkvdihost310.jakarta01.com,JAKARTA01\dadi  
Error,10/5/2017 13:50,EventCreate,1,None,Application,djkvdihost635.jakarta01.com,JAKARTA01\ahmad zainul  
Error,10/5/2017 13:50,Application Error,1000,-100,Application,djkvdihost310.jakarta01.com,"Faulting application name: OUTLOOK.EXE, version: 15.0.4919.1001, time stamp: 0x58d20482
Faulting module name: OUTLOOK.EXE, version: 15.0.4919.1001, time stamp: 0x58d20482
Exception code: 0xc0000005
Fault offset: 0x008924c4
Faulting process id: 0x60c
Faulting application start time: 0x01d33d77b86b1f70
Faulting application path: C:\Program Files\Microsoft Office\Office15\OUTLOOK.EXE
Faulting module path: C:\Program Files\Microsoft Office\Office15\OUTLOOK.EXE
Report Id: 6aa89906-a999-11e7-ab7f-0050569f76c4"
Error,10/5/2017 13:49,EventCreate,1,None,Application,djkvdihost491.jakarta01.com,JAKARTA01\hari  
Error,10/5/2017 13:49,Application Error,1000,-100,Application,djkvdihost491.jakarta01.com,"Faulting application name: OUTLOOK.EXE, version: 15.0.4919.1001, time stamp: 0x58d20482
Faulting module name: OUTLOOK.EXE, version: 15.0.4919.1001, time stamp: 0x58d20482
Exception code: 0xc0000005
Fault offset: 0x008924c4
Faulting process id: 0x1290
Faulting application start time: 0x01d33d8c5d27e21d
Faulting application path: C:\Program Files\Microsoft Office\Office15\OUTLOOK.EXE
Faulting module path: C:\Program Files\Microsoft Office\Office15\OUTLOOK.EXE
Report Id: 4a410cf8-a999-11e7-985c-0050569f0171"
Error,10/5/2017 13:47,EventCreate,1,None,Application,djkvdihost299.jakarta01.com,JAKARTA01\tesha  
Error,10/5/2017 13:47,Application Error,1000,-100,Application,djkvdihost299.jakarta01.com,"Faulting application name: OUTLOOK.EXE, version: 15.0.4919.1001, time stamp: 0x58d20482
Faulting module name: OUTLOOK.EXE, version: 15.0.4919.1001, time stamp: 0x58d20482
Exception code: 0xc0000005
Fault offset: 0x008924c7
Faulting process id: 0x208
Faulting application start time: 0x01d33d728ec87e96
Faulting application path: C:\Program Files\Microsoft Office\Office15\OUTLOOK.EXE
Faulting module path: C:\Program Files\Microsoft Office\Office15\OUTLOOK.EXE
Report Id: 0209cef0-a999-11e7-ba3f-0050569f4798"
Error,10/5/2017 13:44,EventCreate,1,None,Application,djkvdihost656.jakarta01.com,JAKARTA01\chandra  
Error,10/5/2017 13:44,Application Error,1000,-100,Application,djkvdihost656.jakarta01.com,"Faulting application name: iexplore.exe, version: 11.0.9600.18639, time stamp: 0x58d6bb0d
Faulting module name: Flash32_20_0_0_286.ocx, version: 20.0.0.286, time stamp: 0x56944dbe
Exception code: 0xc0000005
Fault offset: 0x000d9986
Faulting process id: 0x1f30
Faulting application start time: 0x01d33d75d5834e90
Faulting application path: C:\Program Files\Internet Explorer\iexplore.exe
Faulting module path: C:\Windows\system32\Macromed\Flash\Flash32_20_0_0_286.ocx
Report Id: 9d4d9f6e-a998-11e7-8f49-0050569f3502"
Error,10/5/2017 13:29,EventCreate,1,None,Application,djkvdihost402.jakarta01.com,JAKARTA01\aria  
Error,10/5/2017 13:28,Application Error,1000,-100,Application,djkvdihost402.jakarta01.com,"Faulting application name: spoolsv.exe, version: 6.1.7601.17777, time stamp: 0x4f35efc3
Faulting module name: msvcrt.dll, version: 7.0.7601.17744, time stamp: 0x4eeaf722
Exception code: 0xc0000005
Fault offset: 0x0000aa14
Faulting process id: 0x640
Faulting application start time: 0x01d33d9f4f3c830a
Faulting application path: C:\Windows\System32\spoolsv.exe
Faulting module path: C:\Windows\system32\msvcrt.dll
Report Id: 7548a902-a996-11e7-8712-0050569f312a"
Error,10/5/2017 13:25,EventCreate,1,None,Application,djkvdihost132.jakarta01.com,JAKARTA01\Virgitha  
Error,10/5/2017 13:25,EventCreate,1,None,Application,djkvdihost115.jakarta01.com,JAKARTA01\arinie  
Error,10/5/2017 13:25,Application Error,1000,-100,Application,djkvdihost115.jakarta01.com,"Faulting application name: OUTLOOK.EXE, version: 15.0.4919.1001, time stamp: 0x58d20482
Faulting module name: OUTLOOK.EXE, version: 15.0.4919.1001, time stamp: 0x58d20482
Exception code: 0xc0000005
Fault offset: 0x008924c4
Faulting process id: 0x2074
Faulting application start time: 0x01d33d97d0d9a5d9
Faulting application path: C:\Program Files\Microsoft Office\Office15\OUTLOOK.EXE
Faulting module path: C:\Program Files\Microsoft Office\Office15\OUTLOOK.EXE
Report Id: ee7ea5b2-a995-11e7-8e86-0050569f1686"
Error,10/5/2017 13:21,EventCreate,1,None,Application,djkvdihost345.jakarta01.com,JAKARTA01\agnes  
Error,10/5/2017 13:17,EventCreate,1,None,Application,djkvdihost402.jakarta01.com,JAKARTA01\aria  
Error,10/5/2017 13:15,EventCreate,1,None,Application,djkvdihost882.jakarta01.com,JAKARTA01\khalid  
Error,10/5/2017 13:15,Application Error,1000,-100,Application,djkvdihost882.jakarta01.com,"Faulting application name: iexplore.exe, version: 11.0.9600.18639, time stamp: 0x58d6bb0d
Faulting module name: Flash32_20_0_0_286.ocx, version: 20.0.0.286, time stamp: 0x56944dbe
Exception code: 0xc0000005
Fault offset: 0x006330a1
Faulting process id: 0x18f4
Faulting application start time: 0x01d33d8f2c4f1081
Faulting application path: C:\Program Files\Internet Explorer\iexplore.exe
Faulting module path: C:\Windows\system32\Macromed\Flash\Flash32_20_0_0_286.ocx
Report Id: 9923feb4-a994-11e7-b22f-0050569f72cd"
Error,10/5/2017 13:08,EventCreate,1,None,Application,djkvdihost745.jakarta01.com,JAKARTA01\tenri  
Error,10/5/2017 13:07,Application Error,1000,-100,Application,djkvdihost745.jakarta01.com,"Faulting application name: OUTLOOK.EXE, version: 15.0.4919.1001, time stamp: 0x58d20482
Faulting module name: OUTLOOK.EXE, version: 15.0.4919.1001, time stamp: 0x58d20482
Exception code: 0xc0000005
Fault offset: 0x008924c4
Faulting process id: 0x1cf8
Faulting application start time: 0x01d33d78b5f57f7d
Faulting application path: C:\Program Files\Microsoft Office\Office15\OUTLOOK.EXE
Faulting module path: C:\Program Files\Microsoft Office\Office15\OUTLOOK.EXE
Report Id: 873886a3-a993-11e7-9985-0050569f2c5e"
Error,10/5/2017 13:04,EventCreate,1,None,Application,djkvdihost843.jakarta01.com,JAKARTA01\kubo  
Error,10/5/2017 13:04,Application Error,1000,-100,Application,djkvdihost843.jakarta01.com,"Faulting application name: OUTLOOK.EXE, version: 15.0.4919.1001, time stamp: 0x58d20482
Faulting module name: wwlib.dll, version: 15.0.4911.1000, time stamp: 0x58a2c073
Exception code: 0xc0000005
Fault offset: 0x000b9f81
Faulting process id: 0x12b0
Faulting application start time: 0x01d33d9f8aab47b7
Faulting application path: C:\Program Files\Microsoft Office\Office15\OUTLOOK.EXE
Faulting module path: C:\Program Files\Microsoft Office\Office15\wwlib.dll
Report Id: 1082ce50-a993-11e7-8c5a-0050569f7b2b"
Error,10/5/2017 13:03,EventCreate,1,None,Application,djkvdihost055.jakarta01.com,JAKARTA01\cita  
Error,10/5/2017 13:03,Application Error,1000,-100,Application,djkvdihost055.jakarta01.com,"Faulting application name: OUTLOOK.EXE, version: 15.0.4919.1001, time stamp: 0x58d20482
Faulting module name: OUTLOOK.EXE, version: 15.0.4919.1001, time stamp: 0x58d20482
Exception code: 0xc0000005
Fault offset: 0x008924c4
Faulting process id: 0xbb8
Faulting application start time: 0x01d33d74a99871ff
Faulting application path: C:\Program Files\Microsoft Office\Office15\OUTLOOK.EXE
Faulting module path: C:\Program Files\Microsoft Office\Office15\OUTLOOK.EXE
Report Id: f79eb345-a992-11e7-adda-0050569f6f88"
Error,10/5/2017 13:00,EventCreate,1,None,Application,djkvdihost843.jakarta01.com,JAKARTA01\kubo  
Error,10/5/2017 12:59,EventCreate,1,None,Application,djkvdihost772.jakarta01.com,JAKARTA01\endah_k  
Error,10/5/2017 12:59,EventCreate,1,None,Application,djkvdihost772.jakarta01.com,JAKARTA01\endah_k  
Error,10/5/2017 12:57,EventCreate,1,None,Application,djkvdihost481.jakarta01.com,JAKARTA01\ahmad zainul  
Error,10/5/2017 11:31,EventCreate,1,None,Application,djkvdihost402.jakarta01.com,JAKARTA01\nasrullah  
Error,10/5/2017 12:43,EventCreate,1,None,Application,djkvdihost319.jakarta01.com,JAKARTA01\Linda Marshelia  
Error,10/5/2017 10:53,EventCreate,1,None,Application,djkvdihost327.jakarta01.com,JAKARTA01\GuestISD58  
Error,10/5/2017 10:47,EventCreate,1,None,Application,djkvdihost327.jakarta01.com,JAKARTA01\GuestISD58  
Error,10/5/2017 10:47,EventCreate,1,None,Application,djkvdihost327.jakarta01.com,JAKARTA01\GuestISD58  
Error,10/5/2017 12:14,EventCreate,1,None,Application,djkvdihost292.jakarta01.com,JAKARTA01\nirliani  
Error,10/5/2017 12:12,EventCreate,1,None,Application,djkvdihost194.jakarta01.com,JAKARTA01\wulanf  
Error,10/5/2017 12:12,Application Error,1000,-100,Application,djkvdihost194.jakarta01.com,"Faulting application name: spoolsv.exe, version: 6.1.7601.17777, time stamp: 0x4f35efc3
Faulting module name: msvcrt.dll, version: 7.0.7601.17744, time stamp: 0x4eeaf722
Exception code: 0xc0000005
Fault offset: 0x0000aa14
Faulting process id: 0x634
Faulting application start time: 0x01d33d970ddcb52d
Faulting application path: C:\Windows\System32\spoolsv.exe
Faulting module path: C:\Windows\system32\msvcrt.dll
Report Id: c53dbcb7-a98b-11e7-be5d-0050569f2371"
Error,10/5/2017 12:07,EventCreate,1,None,Application,djkvdihost115.jakarta01.com,JAKARTA01\arinie  
Error,10/5/2017 12:07,Application Error,1000,-100,Application,djkvdihost115.jakarta01.com,"Faulting application name: OUTLOOK.EXE, version: 15.0.4919.1001, time stamp: 0x58d20482
Faulting module name: OUTLOOK.EXE, version: 15.0.4919.1001, time stamp: 0x58d20482
Exception code: 0xc0000005
Fault offset: 0x008924c4
Faulting process id: 0xc70
Faulting application start time: 0x01d33d73ced5d351
Faulting application path: C:\Program Files\Microsoft Office\Office15\OUTLOOK.EXE
Faulting module path: C:\Program Files\Microsoft Office\Office15\OUTLOOK.EXE
Report Id: 06e9b821-a98b-11e7-8e86-0050569f1686"
Error,10/5/2017 12:04,EventCreate,1,None,Application,djkvdihost194.jakarta01.com,JAKARTA01\wulanf  
Error,10/5/2017 12:04,EventCreate,1,None,Application,djkvdihost194.jakarta01.com,JAKARTA01\wulanf  
Error,10/5/2017 11:53,EventCreate,1,None,Application,djkvdihost873.jakarta01.com,JAKARTA01\bayu  
Error,10/5/2017 11:52,EventCreate,1,None,Application,djkvdihost659.jakarta01.com,JAKARTA01\hirano  
Error,10/5/2017 11:51,EventCreate,1,None,Application,djkvdihost748.jakarta01.com,JAKARTA01\elestari  
Error,10/5/2017 11:51,Application Error,1000,-100,Application,djkvdihost748.jakarta01.com,"Faulting application name: OUTLOOK.EXE, version: 15.0.4919.1001, time stamp: 0x58d20482
Faulting module name: OUTLOOK.EXE, version: 15.0.4919.1001, time stamp: 0x58d20482
Exception code: 0xc0000005
Fault offset: 0x008924c4
Faulting process id: 0x1ccc
Faulting application start time: 0x01d33d84fc057809
Faulting application path: C:\Program Files\Microsoft Office\Office15\OUTLOOK.EXE
Faulting module path: C:\Program Files\Microsoft Office\Office15\OUTLOOK.EXE
Report Id: d9858164-a988-11e7-a7ab-0050569f6f59"
Error,10/5/2017 11:42,EventCreate,1,None,Application,djkvdihost553.jakarta01.com,JAKARTA01\edwan  
Error,10/5/2017 11:42,Application Error,1000,-100,Application,djkvdihost553.jakarta01.com,"Faulting application name: spoolsv.exe, version: 6.1.7601.17777, time stamp: 0x4f35efc3
Faulting module name: msvcrt.dll, version: 7.0.7601.17744, time stamp: 0x4eeaf722
Exception code: 0xc0000005
Fault offset: 0x0000aa14
Faulting process id: 0x634
Faulting application start time: 0x01d33d088f55c731
Faulting application path: C:\Windows\System32\spoolsv.exe
Faulting module path: C:\Windows\system32\msvcrt.dll
Report Id: 99d8409d-a987-11e7-b63a-0050569f65d9"
Error,10/5/2017 11:39,EventCreate,1,None,Application,djkvdihost025.jakarta01.com,JAKARTA01\santoso  
Error,10/5/2017 11:39,Application Error,1000,-100,Application,djkvdihost025.jakarta01.com,"Faulting application name: PhotoScreensaver.scr, version: 6.1.7601.17514, time stamp: 0x4ce7a590
Faulting module name: SHELL32.dll, version: 6.1.7601.23537, time stamp: 0x57c450f4
Exception code: 0xc0000005
Fault offset: 0x001f269f
Faulting process id: 0x160c
Faulting application start time: 0x01d33d92a60ebff6
Faulting application path: C:\Windows\system32\PhotoScreensaver.scr
Faulting module path: C:\Windows\system32\SHELL32.dll
Report Id: 21c88a8c-a987-11e7-8f24-0050569f61a9"
Error,10/5/2017 11:38,EventCreate,1,None,Application,djkvdihost832.jakarta01.com,JAKARTA01\sasono  
Error,10/5/2017 11:35,EventCreate,1,None,Application,djkvdihost349.jakarta01.com,JAKARTA01\alifah  
Error,10/5/2017 11:35,Application Error,1000,-100,Application,djkvdihost349.jakarta01.com,"Faulting application name: OUTLOOK.EXE, version: 15.0.4919.1001, time stamp: 0x58d20482
Faulting module name: OUTLOOK.EXE, version: 15.0.4919.1001, time stamp: 0x58d20482
Exception code: 0xc0000005
Fault offset: 0x008924c7
Faulting process id: 0xb64
Faulting application start time: 0x01d33d759d9208dd
Faulting application path: C:\Program Files\Microsoft Office\Office15\OUTLOOK.EXE
Faulting module path: C:\Program Files\Microsoft Office\Office15\OUTLOOK.EXE
Report Id: 9ddcf10a-a986-11e7-87c4-0050569f3083"
Error,10/5/2017 11:33,EventCreate,1,None,Application,djkvdihost450.jakarta01.com,JAKARTA01\gerald  
Error,10/5/2017 11:33,EventCreate,1,None,Application,djkvdihost126.jakarta01.com,JAKARTA01\angga  
Error,10/5/2017 11:33,EventCreate,1,None,Application,djkvdihost450.jakarta01.com,JAKARTA01\gerald  
Error,10/5/2017 11:33,Application Error,1000,-100,Application,djkvdihost126.jakarta01.com,"Faulting application name: OUTLOOK.EXE, version: 15.0.4919.1001, time stamp: 0x58d20482
Faulting module name: OUTLOOK.EXE, version: 15.0.4919.1001, time stamp: 0x58d20482
Exception code: 0xc0000005
Fault offset: 0x008924c4
Faulting process id: 0x1d10
Faulting application start time: 0x01d33d7618afccfb
Faulting application path: C:\Program Files\Microsoft Office\Office15\OUTLOOK.EXE
Faulting module path: C:\Program Files\Microsoft Office\Office15\OUTLOOK.EXE
Report Id: 4821a47d-a986-11e7-bade-0050569f2fff"
Error,10/5/2017 11:30,EventCreate,1,None,Application,djkvdihost109.jakarta01.com,JAKARTA01\sylvia  
Error,10/5/2017 11:30,Application Error,1000,-100,Application,djkvdihost109.jakarta01.com,"Faulting application name: OUTLOOK.EXE, version: 15.0.4919.1001, time stamp: 0x58d20482
Faulting module name: OUTLOOK.EXE, version: 15.0.4919.1001, time stamp: 0x58d20482
Exception code: 0xc0000005
Fault offset: 0x008924c4
Faulting process id: 0x1200
Faulting application start time: 0x01d33d787a74b416
Faulting application path: C:\Program Files\Microsoft Office\Office15\OUTLOOK.EXE
Faulting module path: C:\Program Files\Microsoft Office\Office15\OUTLOOK.EXE
Report Id: df9f54e1-a985-11e7-9385-0050569f04fa"
Error,10/5/2017 11:20,EventCreate,1,None,Application,djkvdihost194.jakarta01.com,JAKARTA01\yoshinta  
Error,10/5/2017 11:19,EventCreate,1,None,Application,djkvdihost627.jakarta01.com,JAKARTA01\riaanggreyni  
Error,10/5/2017 11:19,Application Error,1000,-100,Application,djkvdihost194.jakarta01.com,"Faulting application name: AcroRd32.exe, version: 10.1.4.38, time stamp: 0x5012ea69
Faulting module name: AcroRd32.dll, version: 10.1.4.38, time stamp: 0x5012f9f9
Exception code: 0xc0000005
Fault offset: 0x00036863
Faulting process id: 0x10b4
Faulting application start time: 0x01d33d8378a54130
Faulting application path: C:\Program Files\Adobe\Reader 10.0\Reader\AcroRd32.exe
Faulting module path: C:\Program Files\Adobe\Reader 10.0\Reader\AcroRd32.dll
Report Id: 71a96519-a984-11e7-8680-0050569f2371"
Error,10/5/2017 11:19,Application Error,1000,-100,Application,djkvdihost627.jakarta01.com,"Faulting application name: PresentationHost.exe, version: 4.0.40305.0, time stamp: 0x4b90756d
Faulting module name: PresentationFramework.ni.dll, version: 4.0.30319.34209, time stamp: 0x5348b261
Exception code: 0xc0000005
Fault offset: 0x00b40491
Faulting process id: 0x2024
Faulting application start time: 0x01d33d908cf4e50e
Faulting application path: C:\Windows\System32\PresentationHost.exe
Faulting module path: C:\Windows\assembly\NativeImages_v4.0.30319_32\Presentatio5ae0f00f#\613fd0f86fc699adfe3184b2e746aa18\PresentationFramework.ni.dll
Report Id: 5e7b3ace-a984-11e7-a77d-0050569f6aff"
Error,10/5/2017 11:18,EventCreate,1,None,Application,djkvdihost853.jakarta01.com,JAKARTA01\ueda  
Error,10/5/2017 11:17,EventCreate,1,None,Application,djkvdihost646.jakarta01.com,JAKARTA01\rininta  
Error,10/5/2017 11:18,Application Error,1000,-100,Application,djkvdihost853.jakarta01.com,"Faulting application name: OUTLOOK.EXE, version: 15.0.4919.1001, time stamp: 0x58d20482
Faulting module name: OUTLOOK.EXE, version: 15.0.4919.1001, time stamp: 0x58d20482
Exception code: 0xc0000005
Fault offset: 0x008924c4
Faulting process id: 0x1f04
Faulting application start time: 0x01d33d6ff19fb147
Faulting application path: C:\Program Files\Microsoft Office\Office15\OUTLOOK.EXE
Faulting module path: C:\Program Files\Microsoft Office\Office15\OUTLOOK.EXE
Report Id: 30c02ef1-a984-11e7-b1e3-0050569f7745"
Error,10/5/2017 11:17,Application Error,1000,-100,Application,djkvdihost646.jakarta01.com,"Faulting application name: OUTLOOK.EXE, version: 15.0.4919.1001, time stamp: 0x58d20482
Faulting module name: OUTLOOK.EXE, version: 15.0.4919.1001, time stamp: 0x58d20482
Exception code: 0xc0000005
Fault offset: 0x008924c4
Faulting process id: 0x1ed0
Faulting application start time: 0x01d33d76cb901134
Faulting application path: C:\Program Files\Microsoft Office\Office15\OUTLOOK.EXE
Faulting module path: C:\Program Files\Microsoft Office\Office15\OUTLOOK.EXE
Report Id: 2837fc50-a984-11e7-bda2-0050569f54ee"
Error,10/5/2017 11:11,EventCreate,1,None,Application,djkvdihost811.jakarta01.com,JAKARTA01\mutiara  
Error,10/5/2017 11:11,Application Error,1000,-100,Application,djkvdihost811.jakarta01.com,"Faulting application name: OUTLOOK.EXE, version: 15.0.4919.1001, time stamp: 0x58d20482
Faulting module name: OUTLOOK.EXE, version: 15.0.4919.1001, time stamp: 0x58d20482
Exception code: 0xc0000005
Fault offset: 0x008924c4
Faulting process id: 0x1550
Faulting application start time: 0x01d33d6f89723045
Faulting application path: C:\Program Files\Microsoft Office\Office15\OUTLOOK.EXE
Faulting module path: C:\Program Files\Microsoft Office\Office15\OUTLOOK.EXE
Report Id: 47e1efec-a983-11e7-b803-0050569f311e"
Error,10/5/2017 11:09,EventCreate,1,None,Application,djkvdihost225.jakarta01.com,JAKARTA01\andiani  
Error,10/5/2017 11:04,EventCreate,1,None,Application,djkvdihost707.jakarta01.com,JAKARTA01\barry  
Error,10/5/2017 11:02,EventCreate,1,None,Application,djkvdihost750.jakarta01.com,JAKARTA01\novianti  
Error,10/5/2017 11:02,Application Error,1000,-100,Application,djkvdihost750.jakarta01.com,"Faulting application name: spoolsv.exe, version: 6.1.7601.17777, time stamp: 0x4f35efc3
Faulting module name: msvcrt.dll, version: 7.0.7601.17744, time stamp: 0x4eeaf722
Exception code: 0xc0000005
Fault offset: 0x0000aa14
Faulting process id: 0x638
Faulting application start time: 0x01d33c2e3d9e4295
Faulting application path: C:\Windows\System32\spoolsv.exe
Faulting module path: C:\Windows\system32\msvcrt.dll
Report Id: f2d0e346-a981-11e7-ba4b-0050569f73a1"
Error,10/5/2017 11:01,EventCreate,1,None,Application,djkvdihost750.jakarta01.com,JAKARTA01\novianti  
Error,10/5/2017 10:58,EventCreate,1,None,Application,djkvdihost186.jakarta01.com,JAKARTA01\Adhi Nur  
Error,10/5/2017 10:58,Application Error,1000,-100,Application,djkvdihost186.jakarta01.com,"Faulting application name: OUTLOOK.EXE, version: 15.0.4919.1001, time stamp: 0x58d20482
Faulting module name: OUTLOOK.EXE, version: 15.0.4919.1001, time stamp: 0x58d20482
Exception code: 0xc0000005
Fault offset: 0x0032f49e
Faulting process id: 0x13ac
Faulting application start time: 0x01d33d7f48adf893
Faulting application path: C:\Program Files\Microsoft Office\Office15\OUTLOOK.EXE
Faulting module path: C:\Program Files\Microsoft Office\Office15\OUTLOOK.EXE
Report Id: 684bf0b4-a981-11e7-ba74-0050569f5aff"
Error,10/5/2017 10:54,EventCreate,1,None,Application,djkvdihost266.jakarta01.com,JAKARTA01\Dini Rahmawati  
Error,10/5/2017 10:54,Application Error,1000,-100,Application,djkvdihost266.jakarta01.com,"Faulting application name: OUTLOOK.EXE, version: 15.0.4919.1001, time stamp: 0x58d20482
Faulting module name: OUTLOOK.EXE, version: 15.0.4919.1001, time stamp: 0x58d20482
Exception code: 0xc0000005
Fault offset: 0x008924c4
Faulting process id: 0x1dd0
Faulting application start time: 0x01d33d74c7ddfc7c
Faulting application path: C:\Program Files\Microsoft Office\Office15\OUTLOOK.EXE
Faulting module path: C:\Program Files\Microsoft Office\Office15\OUTLOOK.EXE
Report Id: d3df6353-a980-11e7-81aa-0050569f7ce9"
Error,10/5/2017 10:51,EventCreate,1,None,Application,djkvdihost252.jakarta01.com,JAKARTA01\cahyaningtiyas  
Error,10/5/2017 10:51,Application Error,1000,-100,Application,djkvdihost252.jakarta01.com,"Faulting application name: OUTLOOK.EXE, version: 15.0.4919.1001, time stamp: 0x58d20482
Faulting module name: OUTLOOK.EXE, version: 15.0.4919.1001, time stamp: 0x58d20482
Exception code: 0xc0000005
Fault offset: 0x008924c7
Faulting process id: 0x174c
Faulting application start time: 0x01d33d6c692287e0
Faulting application path: C:\Program Files\Microsoft Office\Office15\OUTLOOK.EXE
Faulting module path: C:\Program Files\Microsoft Office\Office15\OUTLOOK.EXE
Report Id: 7b100c77-a980-11e7-a175-0050569f23c8"
Error,10/5/2017 10:50,EventCreate,1,None,Application,djkvdihost568.jakarta01.com,JAKARTA01\dwihan  
Error,10/5/2017 10:50,EventCreate,1,None,Application,djkvdihost246.jakarta01.com,JAKARTA01\rbagus  
Error,10/5/2017 10:50,Application Error,1000,-100,Application,djkvdihost568.jakarta01.com,"Faulting application name: OUTLOOK.EXE, version: 15.0.4919.1001, time stamp: 0x58d20482
Faulting module name: OUTLOOK.EXE, version: 15.0.4919.1001, time stamp: 0x58d20482
Exception code: 0xc0000005
Fault offset: 0x008924c4
Faulting process id: 0x1e90
Faulting application start time: 0x01d33d865b457607
Faulting application path: C:\Program Files\Microsoft Office\Office15\OUTLOOK.EXE
Faulting module path: C:\Program Files\Microsoft Office\Office15\OUTLOOK.EXE
Report Id: 54448157-a980-11e7-9792-0050569f2dd6"
Error,10/5/2017 10:49,EventCreate,1,None,Application,djkvdihost246.jakarta01.com,JAKARTA01\rbagus  
Error,10/5/2017 10:49,EventCreate,1,None,Application,djkvdihost246.jakarta01.com,JAKARTA01\rbagus  
Error,10/5/2017 10:48,EventCreate,1,None,Application,djkvdihost732.jakarta01.com,JAKARTA01\GuestISD48  
Error,10/5/2017 10:45,EventCreate,1,None,Application,djkvdihost761.jakarta01.com,JAKARTA01\GuestISD45  
Error,10/5/2017 10:44,EventCreate,1,None,Application,djkvdihost491.jakarta01.com,JAKARTA01\hari  
Error,10/5/2017 10:44,Application Error,1000,-100,Application,djkvdihost491.jakarta01.com,"Faulting application name: OUTLOOK.EXE, version: 15.0.4919.1001, time stamp: 0x58d20482
Faulting module name: OUTLOOK.EXE, version: 15.0.4919.1001, time stamp: 0x58d20482
Exception code: 0xc0000005
Fault offset: 0x008924c4
Faulting process id: 0x1cd8
Faulting application start time: 0x01d33d7eb32e125f
Faulting application path: C:\Program Files\Microsoft Office\Office15\OUTLOOK.EXE
Faulting module path: C:\Program Files\Microsoft Office\Office15\OUTLOOK.EXE
Report Id: 795a02eb-a97f-11e7-985c-0050569f0171"
Error,10/5/2017 10:42,EventCreate,1,None,Application,djkvdihost080.jakarta01.com,JAKARTA01\tjahja  
Error,10/5/2017 10:41,Application Error,1000,-100,Application,djkvdihost080.jakarta01.com,"Faulting application name: spoolsv.exe, version: 6.1.7601.17777, time stamp: 0x4f35efc3
Faulting module name: msvcrt.dll, version: 7.0.7601.17744, time stamp: 0x4eeaf722
Exception code: 0xc0000005
Fault offset: 0x0000aa14
Faulting process id: 0x648
Faulting application start time: 0x01d33cff5e968e60
Faulting application path: C:\Windows\System32\spoolsv.exe
Faulting module path: C:\Windows\system32\msvcrt.dll
Report Id: 225e4912-a97f-11e7-8649-0050569f10cc"
Error,10/5/2017 10:38,EventCreate,1,None,Application,djkvdihost471.jakarta01.com,JAKARTA01\Hilman  
Error,10/5/2017 10:38,EventCreate,1,None,Application,djkvdihost100.jakarta01.com,JAKARTA01\Ariestyo  
Error,10/5/2017 10:38,Application Error,1000,-100,Application,djkvdihost100.jakarta01.com,"Faulting application name: OUTLOOK.EXE, version: 15.0.4919.1001, time stamp: 0x58d20482
Faulting module name: OUTLOOK.EXE, version: 15.0.4919.1001, time stamp: 0x58d20482
Exception code: 0xc0000005
Fault offset: 0x008924c4
Faulting process id: 0x1c5c
Faulting application start time: 0x01d33d7745699522
Faulting application path: C:\Program Files\Microsoft Office\Office15\OUTLOOK.EXE
Faulting module path: C:\Program Files\Microsoft Office\Office15\OUTLOOK.EXE
Report Id: 96e5be70-a97e-11e7-b4bc-0050569f29d3"
Error,10/5/2017 10:33,EventCreate,1,None,Application,djkvdihost334.jakarta01.com,JAKARTA01\metha  
Error,10/5/2017 10:33,Application Error,1000,-100,Application,djkvdihost334.jakarta01.com,"Faulting application name: NLNOTES.EXE, version: 8.5.30.11258, time stamp: 0x4e72fa51
Faulting module name: nnotes.dll, version: 8.5.30.11258, time stamp: 0x4e72fa6a
Exception code: 0xc0000005
Fault offset: 0x001c7f0e
Faulting process id: 0x14dc
Faulting application start time: 0x01d33d8aa92e2b84
Faulting application path: C:\Program Files\IBM\Lotus\Notes\NLNOTES.EXE
Faulting module path: C:\Program Files\IBM\Lotus\Notes\nnotes.dll
Report Id: e819af2b-a97d-11e7-9dc7-0050569f05b5"
Error,10/5/2017 10:33,EventCreate,1,None,Application,djkvdihost810.jakarta01.com,JAKARTA01\ratmitasari  
Error,10/5/2017 10:33,EventCreate,1,None,Application,djkvdihost645.jakarta01.com,JAKARTA01\feni  
Error,10/5/2017 10:32,EventCreate,1,None,Application,djkvdihost678.jakarta01.com,JAKARTA01\Rafika  
Error,10/5/2017 10:31,EventCreate,1,None,Application,djkvdihost490.jakarta01.com,JAKARTA01\saptorini  
Error,10/5/2017 10:19,EventCreate,1,None,Application,djkvdihost274.jakarta01.com,JAKARTA01\dimas  
Error,10/5/2017 10:19,EventCreate,1,None,Application,djkvdihost741.jakarta01.com,JAKARTA01\bella  
Error,10/5/2017 10:19,Application Error,1000,-100,Application,djkvdihost274.jakarta01.com,"Faulting application name: spoolsv.exe, version: 6.1.7601.17777, time stamp: 0x4f35efc3
Faulting module name: msvcrt.dll, version: 7.0.7601.17744, time stamp: 0x4eeaf722
Exception code: 0xc0000005
Fault offset: 0x0000aa14
Faulting process id: 0x638
Faulting application start time: 0x01d33cfb040535bf
Faulting application path: C:\Windows\System32\spoolsv.exe
Faulting module path: C:\Windows\system32\msvcrt.dll
Report Id: 0b4b1c20-a97c-11e7-9c6c-0050569f04e1"
Error,10/5/2017 10:19,Application Error,1000,-100,Application,djkvdihost741.jakarta01.com,"Faulting application name: OUTLOOK.EXE, version: 15.0.4919.1001, time stamp: 0x58d20482
Faulting module name: OUTLOOK.EXE, version: 15.0.4919.1001, time stamp: 0x58d20482
Exception code: 0xc0000005
Fault offset: 0x008924c4
Faulting process id: 0x1b18
Faulting application start time: 0x01d33d75a85675f5
Faulting application path: C:\Program Files\Microsoft Office\Office15\OUTLOOK.EXE
Faulting module path: C:\Program Files\Microsoft Office\Office15\OUTLOOK.EXE
Report Id: 09b7e0d3-a97c-11e7-93a6-0050569f3d29"
Error,10/5/2017 10:18,EventCreate,1,None,Application,djkvdihost375.jakarta01.com,JAKARTA01\chris bowo  
Error,10/5/2017 10:18,Application Error,1000,-100,Application,djkvdihost375.jakarta01.com,"Faulting application name: OUTLOOK.EXE, version: 15.0.4919.1001, time stamp: 0x58d20482
Faulting module name: OUTLOOK.EXE, version: 15.0.4919.1001, time stamp: 0x58d20482
Exception code: 0xc0000005
Fault offset: 0x008924c7
Faulting process id: 0x1cec
Faulting application start time: 0x01d33d7522a891f1
Faulting application path: C:\Program Files\Microsoft Office\Office15\OUTLOOK.EXE
Faulting module path: C:\Program Files\Microsoft Office\Office15\OUTLOOK.EXE
Report Id: cb04e720-a97b-11e7-9f54-0050569f386d"
Error,10/5/2017 10:16,EventCreate,1,None,Application,djkvdihost138.jakarta01.com,JAKARTA01\nyimas  
Error,10/5/2017 10:11,EventCreate,1,None,Application,djkvdihost575.jakarta01.com,JAKARTA01\Dini  
Error,10/5/2017 10:11,EventCreate,1,None,Application,djkvdihost455.jakarta01.com,JAKARTA01\regina  
Error,10/5/2017 10:10,EventCreate,1,None,Application,djkvdihost751.jakarta01.com,JAKARTA01\rahman  
Error,10/5/2017 10:09,EventCreate,1,None,Application,djkvdihost024.jakarta01.com,JAKARTA01\yusdian  
Error,10/5/2017 10:08,EventCreate,1,None,Application,djkvdihost038.jakarta01.com,JAKARTA01\Dwi anisa  
Error,10/5/2017 10:06,EventCreate,1,None,Application,djkvdihost036.jakarta01.com,JAKARTA01\janu  
Error,10/5/2017 10:05,EventCreate,1,None,Application,djkvdihost553.jakarta01.com,JAKARTA01\edwan  
Error,10/5/2017 10:05,EventCreate,1,None,Application,djkvdihost036.jakarta01.com,JAKARTA01\janu  
Error,10/5/2017 10:04,EventCreate,1,None,Application,djkvdihost221.jakarta01.com,JAKARTA01\edwin  
Error,10/5/2017 10:04,EventCreate,1,None,Application,djkvdihost684.jakarta01.com,JAKARTA01\Lutfi  
Error,10/5/2017 10:04,Application Error,1000,-100,Application,djkvdihost684.jakarta01.com,"Faulting application name: CWBTF.EXE, version: 12.0.0.1, time stamp: 0x483cc594
Faulting module name: CWBTF.EXE, version: 12.0.0.1, time stamp: 0x483cc594
Exception code: 0xc0000005
Fault offset: 0x0000cd29
Faulting process id: 0x1c20
Faulting application start time: 0x01d33d816b7292d5
Faulting application path: C:\Program Files\IBM\Client Access\CWBTF.EXE
Faulting module path: C:\Program Files\IBM\Client Access\CWBTF.EXE
Report Id: de8c956d-a979-11e7-a051-0050569f057c"
Error,10/5/2017 10:04,EventCreate,1,None,Application,djkvdihost684.jakarta01.com,JAKARTA01\Lutfi  
Error,10/5/2017 10:04,Application Error,1000,-100,Application,djkvdihost684.jakarta01.com,"Faulting application name: CWBTF.EXE, version: 12.0.0.1, time stamp: 0x483cc594
Faulting module name: unknown, version: 0.0.0.0, time stamp: 0x00000000
Exception code: 0xc0000005
Fault offset: 0x0060000b
Faulting process id: 0x1674
Faulting application start time: 0x01d33d8262f71355
Faulting application path: C:\Program Files\IBM\Client Access\CWBTF.EXE
Faulting module path: unknown
Report Id: dc0c438d-a979-11e7-a051-0050569f057c"
Error,10/5/2017 10:04,EventCreate,1,None,Application,djkvdihost684.jakarta01.com,JAKARTA01\Lutfi  
Error,10/5/2017 10:04,Application Error,1000,-100,Application,djkvdihost684.jakarta01.com,"Faulting application name: CWBTF.EXE, version: 12.0.0.1, time stamp: 0x483cc594
Faulting module name: unknown, version: 0.0.0.0, time stamp: 0x00000000
Exception code: 0xc000001d
Fault offset: 0x005c005c
Faulting process id: 0x8a0
Faulting application start time: 0x01d33d85bf75410d
Faulting application path: C:\Program Files\IBM\Client Access\CWBTF.EXE
Faulting module path: unknown
Report Id: d635640d-a979-11e7-a051-0050569f057c"
Error,10/5/2017 10:04,Application Error,1000,-100,Application,djkvdihost221.jakarta01.com,"Faulting application name: OUTLOOK.EXE, version: 15.0.4919.1001, time stamp: 0x58d20482
Faulting module name: OUTLOOK.EXE, version: 15.0.4919.1001, time stamp: 0x58d20482
Exception code: 0xc0000005
Fault offset: 0x008924c7
Faulting process id: 0x1ee8
Faulting application start time: 0x01d33d74224ff838
Faulting application path: C:\Program Files\Microsoft Office\Office15\OUTLOOK.EXE
Faulting module path: C:\Program Files\Microsoft Office\Office15\OUTLOOK.EXE
Report Id: d6dd4358-a979-11e7-a1fe-0050569f0e59"
Error,10/5/2017 9:59,EventCreate,1,None,Application,djkvdihost277.jakarta01.com,JAKARTA01\mulyono  
Error,10/5/2017 9:57,EventCreate,1,None,Application,djkvdihost359.jakarta01.com,JAKARTA01\wiranti  
Error,10/5/2017 9:57,EventCreate,1,None,Application,djkvdihost319.jakarta01.com,JAKARTA01\guestitso01  
Error,10/5/2017 9:57,Application Error,1000,-100,Application,djkvdihost359.jakarta01.com,"Faulting application name: OUTLOOK.EXE, version: 15.0.4919.1001, time stamp: 0x58d20482
Faulting module name: OUTLOOK.EXE, version: 15.0.4919.1001, time stamp: 0x58d20482
Exception code: 0xc0000005
Fault offset: 0x008924c4
Faulting process id: 0x1060
Faulting application start time: 0x01d33d7456313a4e
Faulting application path: C:\Program Files\Microsoft Office\Office15\OUTLOOK.EXE
Faulting module path: C:\Program Files\Microsoft Office\Office15\OUTLOOK.EXE
Report Id: f326d9f3-a978-11e7-96ad-0050569f6c79"
Error,10/5/2017 9:56,EventCreate,1,None,Application,djkvdihost787.jakarta01.com,JAKARTA01\rasyid  
Error,10/5/2017 9:56,EventCreate,1,None,Application,djkvdihost340.jakarta01.com,JAKARTA01\sanggra  
Error,10/5/2017 9:49,EventCreate,1,None,Application,djkvdihost386.jakarta01.com,JAKARTA01\purba  
Error,10/5/2017 9:45,EventCreate,1,None,Application,djkvdihost015.jakarta01.com,JAKARTA01\mahendrars  
Error,10/5/2017 9:45,EventCreate,1,None,Application,djkvdihost005.jakarta01.com,JAKARTA01\rahmatia  
Error,10/5/2017 9:44,EventCreate,1,None,Application,djkvdihost214.jakarta01.com,JAKARTA01\guestISD50  
Error,10/5/2017 9:43,EventCreate,1,None,Application,djkvdihost748.jakarta01.com,JAKARTA01\elestari  
Error,10/5/2017 9:43,EventCreate,1,None,Application,djkvdihost748.jakarta01.com,JAKARTA01\elestari  
Error,10/5/2017 9:40,EventCreate,1,None,Application,djkvdihost457.jakarta01.com,JAKARTA01\ronal  
Error,10/5/2017 9:40,EventCreate,1,None,Application,djkvdihost457.jakarta01.com,JAKARTA01\ronal  
Error,10/5/2017 9:39,EventCreate,1,None,Application,djkvdihost134.jakarta01.com,JAKARTA01\MuhammadH  
Error,10/5/2017 9:39,Application Error,1000,-100,Application,djkvdihost134.jakarta01.com,"Faulting application name: EXCEL.EXE, version: 15.0.4919.1000, time stamp: 0x58c7ab0f
Faulting module name: EXCEL.EXE, version: 15.0.4919.1000, time stamp: 0x58c7ab0f
Exception code: 0xc0000005
Fault offset: 0x00072187
Faulting process id: 0x1f50
Faulting application start time: 0x01d33d831522a727
Faulting application path: C:\Program Files\Microsoft Office\Office15\EXCEL.EXE
Faulting module path: C:\Program Files\Microsoft Office\Office15\EXCEL.EXE
Report Id: 5e0ee09f-a976-11e7-b0e5-0050569f5725"
Error,10/5/2017 9:38,EventCreate,1,None,Application,djkvdihost334.jakarta01.com,JAKARTA01\metha  
Error,10/5/2017 9:38,Application Error,1000,-100,Application,djkvdihost334.jakarta01.com,"Faulting application name: NLNOTES.EXE, version: 8.5.30.11258, time stamp: 0x4e72fa51
Faulting module name: nnotes.dll, version: 8.5.30.11258, time stamp: 0x4e72fa6a
Exception code: 0xc0000005
Fault offset: 0x001c7f0e
Faulting process id: 0xc68
Faulting application start time: 0x01d33d82fe8f20ee
Faulting application path: C:\Program Files\IBM\Lotus\Notes\NLNOTES.EXE
Faulting module path: C:\Program Files\IBM\Lotus\Notes\nnotes.dll
Report Id: 3c798fa9-a976-11e7-9dc7-0050569f05b5"
Error,10/5/2017 9:36,EventCreate,1,None,Application,djkvdihost049.jakarta01.com,JAKARTA01\iqbal maulanasani  
Error,10/5/2017 9:35,EventCreate,1,None,Application,djkvdihost687.jakarta01.com,JAKARTA01\guestisd64  
Error,10/5/2017 9:33,EventCreate,1,None,Application,djkvdihost149.jakarta01.com,JAKARTA01\ilham  
Error,10/5/2017 9:33,Application Error,1000,-100,Application,djkvdihost149.jakarta01.com,"Faulting application name: EXCEL.EXE, version: 15.0.4919.1000, time stamp: 0x58c7ab0f
Faulting module name: MSVCR100.dll, version: 10.0.40219.325, time stamp: 0x4df2be1e
Exception code: 0xc0000005
Fault offset: 0x00001f5a
Faulting process id: 0x1d80
Faulting application start time: 0x01d33d7edd0643d7
Faulting application path: C:\Program Files\Microsoft Office\Office15\EXCEL.EXE
Faulting module path: C:\Windows\system32\MSVCR100.dll
Report Id: a17786bf-a975-11e7-9cf7-0050569f3304"
Error,10/5/2017 9:33,EventCreate,1,None,Application,djkvdihost582.jakarta01.com,JAKARTA01\guestisd53  
Error,10/5/2017 9:33,EventCreate,1,None,Application,djkvdihost465.jakarta01.com,JAKARTA01\guestISD50  
Error,10/5/2017 9:32,EventCreate,1,None,Application,djkvdihost345.jakarta01.com,JAKARTA01\aria  
Error,10/5/2017 9:32,EventCreate,1,None,Application,djkvdihost468.jakarta01.com,JAKARTA01\guestisd61  
Error,10/5/2017 9:32,Application Error,1000,-100,Application,djkvdihost345.jakarta01.com,"Faulting application name: OUTLOOK.EXE, version: 15.0.4919.1001, time stamp: 0x58d20482
Faulting module name: OUTLOOK.EXE, version: 15.0.4919.1001, time stamp: 0x58d20482
Exception code: 0xc0000005
Fault offset: 0x008924c4
Faulting process id: 0xd38
Faulting application start time: 0x01d33d73f6100c40
Faulting application path: C:\Program Files\Microsoft Office\Office15\OUTLOOK.EXE
Faulting module path: C:\Program Files\Microsoft Office\Office15\OUTLOOK.EXE
Report Id: 6ee54d70-a975-11e7-9e87-0050569f15fc"
Error,10/5/2017 9:31,EventCreate,1,None,Application,djkvdihost901.jakarta01.com,JAKARTA01\Adhisty  
Error,10/5/2017 9:31,EventCreate,1,None,Application,djkvdihost582.jakarta01.com,JAKARTA01\guestisd53  
Error,10/5/2017 9:31,EventCreate,1,None,Application,djkvdihost684.jakarta01.com,JAKARTA01\Lutfi  
Error,10/5/2017 9:31,Application Error,1000,-100,Application,djkvdihost684.jakarta01.com,"Faulting application name: CWBTF.EXE, version: 12.0.0.1, time stamp: 0x483cc594
Faulting module name: MFC80U.DLL, version: 8.0.50727.6195, time stamp: 0x4dcdece0
Exception code: 0xc0000005
Fault offset: 0x00025c43
Faulting process id: 0x1d90
Faulting application start time: 0x01d33d77a71bf557
Faulting application path: C:\Program Files\IBM\Client Access\CWBTF.EXE
Faulting module path: C:\Windows\WinSxS\x86_microsoft.vc80.mfc_1fc8b3b9a1e18e3b_8.0.50727.6195_none_cbf5e994470a1a8f\MFC80U.DLL
Report Id: 39a8f275-a975-11e7-a051-0050569f057c"
Error,10/5/2017 9:30,EventCreate,1,None,Application,djkvdihost304.jakarta01.com,JAKARTA01\eka prastica  
Error,10/5/2017 9:30,Application Error,1000,-100,Application,djkvdihost304.jakarta01.com,"Faulting application name: OUTLOOK.EXE, version: 15.0.4919.1001, time stamp: 0x58d20482
Faulting module name: OUTLOOK.EXE, version: 15.0.4919.1001, time stamp: 0x58d20482
Exception code: 0xc0000005
Fault offset: 0x008924c7
Faulting process id: 0x1d14
Faulting application start time: 0x01d33d77008355e9
Faulting application path: C:\Program Files\Microsoft Office\Office15\OUTLOOK.EXE
Faulting module path: C:\Program Files\Microsoft Office\Office15\OUTLOOK.EXE
Report Id: 2588d4bb-a975-11e7-ad83-0050569f465e"
Error,10/5/2017 9:30,EventCreate,1,None,Application,djkvdihost334.jakarta01.com,JAKARTA01\metha  
Error,10/5/2017 9:30,EventCreate,1,None,Application,djkvdihost901.jakarta01.com,JAKARTA01\Adhisty  
Error,10/5/2017 9:28,EventCreate,1,None,Application,djkvdihost335.jakarta01.com,JAKARTA01\robi  
Error,10/5/2017 9:28,EventCreate,1,None,Application,djkvdihost078.jakarta01.com,JAKARTA01\guestisd60  
Error,10/5/2017 9:28,EventCreate,1,None,Application,djkvdihost216.jakarta01.com,JAKARTA01\guestisd52  
Error,10/5/2017 9:28,EventCreate,1,None,Application,djkvdihost582.jakarta01.com,JAKARTA01\metha  
Error,10/5/2017 9:27,EventCreate,1,None,Application,djkvdihost648.jakarta01.com,JAKARTA01\yoedo  
Error,10/5/2017 9:26,EventCreate,1,None,Application,djkvdihost367.jakarta01.com,JAKARTA01\Anosa  
Error,10/5/2017 9:25,EventCreate,1,None,Application,djkvdihost300.jakarta01.com,JAKARTA01\handayani  
Error,10/5/2017 9:26,EventCreate,1,None,Application,djkvdihost893.jakarta01.com,JAKARTA01\Adhisty  
Error,10/5/2017 9:25,EventCreate,1,None,Application,djkvdihost185.jakarta01.com,JAKARTA01\budir  
Error,10/5/2017 9:25,EventCreate,1,None,Application,djkvdihost589.jakarta01.com,JAKARTA01\rindang  
Error,10/5/2017 9:25,EventCreate,1,None,Application,djkvdihost565.jakarta01.com,JAKARTA01\MahendraR  
Error,10/5/2017 9:25,EventCreate,1,None,Application,djkvdihost300.jakarta01.com,JAKARTA01\handayani  
Error,10/5/2017 9:24,Application Error,1000,-100,Application,djkvdihost589.jakarta01.com,"Faulting application name: OUTLOOK.EXE, version: 15.0.4919.1001, time stamp: 0x58d20482
Faulting module name: OUTLOOK.EXE, version: 15.0.4919.1001, time stamp: 0x58d20482
Exception code: 0xc0000005
Fault offset: 0x008924c4
Faulting process id: 0x14a8
Faulting application start time: 0x01d33d76bbe0ceea
Faulting application path: C:\Program Files\Microsoft Office\Office15\OUTLOOK.EXE
Faulting module path: C:\Program Files\Microsoft Office\Office15\OUTLOOK.EXE
Report Id: 5539fbbf-a974-11e7-a1d3-0050569f7f7d"
Error,10/5/2017 9:25,Application Error,1000,-100,Application,djkvdihost565.jakarta01.com,"Faulting application name: OUTLOOK.EXE, version: 15.0.4919.1001, time stamp: 0x58d20482
Faulting module name: OUTLOOK.EXE, version: 15.0.4919.1001, time stamp: 0x58d20482
Exception code: 0xc0000005
Fault offset: 0x008924c7
Faulting process id: 0x1b5c
Faulting application start time: 0x01d33d7a320e8c5b
Faulting application path: C:\Program Files\Microsoft Office\Office15\OUTLOOK.EXE
Faulting module path: C:\Program Files\Microsoft Office\Office15\OUTLOOK.EXE
Report Id: 654504e1-a974-11e7-b9bb-0050569f025c"
