Error,9/25/2017 15:03,Application Error,1000,-100,Application,djkvdihost334.jakarta01.com,"Faulting application name: OUTLOOK.EXE, version: 15.0.4919.1001, time stamp: 0x58d20482
Faulting module name: OUTLOOK.EXE, version: 15.0.4919.1001, time stamp: 0x58d20482
Exception code: 0xc0000005
Fault offset: 0x008924c4
Faulting process id: 0x1da4
Faulting application start time: 0x01d33599799530da
Faulting application path: C:\Program Files\Microsoft Office\Office15\OUTLOOK.EXE
Faulting module path: C:\Program Files\Microsoft Office\Office15\OUTLOOK.EXE
Report Id: 0ea77784-a1c8-11e7-b1a7-0050569f05b5"
Error,9/25/2017 14:59,EventCreate,1,None,Application,djkvdihost183.jakarta01.com,JAKARTA01\yulia rifanda  
Error,9/25/2017 14:59,Application Error,1000,-100,Application,djkvdihost183.jakarta01.com,"Faulting application name: OUTLOOK.EXE, version: 15.0.4919.1001, time stamp: 0x58d20482
Faulting module name: OUTLOOK.EXE, version: 15.0.4919.1001, time stamp: 0x58d20482
Exception code: 0xc0000005
Fault offset: 0x008924c7
Faulting process id: 0x1b8c
Faulting application start time: 0x01d33598e5ff92d7
Faulting application path: C:\Program Files\Microsoft Office\Office15\OUTLOOK.EXE
Faulting module path: C:\Program Files\Microsoft Office\Office15\OUTLOOK.EXE
Report Id: 7507ad18-a1c7-11e7-b4f4-0050569f7254"
Error,9/25/2017 14:58,EventCreate,1,None,Application,djkvdihost878.jakarta01.com,JAKARTA01\kubo  
Error,9/25/2017 14:57,EventCreate,1,None,Application,djkvdihost259.jakarta01.com,JAKARTA01\anissa  
Error,9/25/2017 14:57,Application Error,1000,-100,Application,djkvdihost259.jakarta01.com,"Faulting application name: OUTLOOK.EXE, version: 15.0.4919.1001, time stamp: 0x58d20482
Faulting module name: OUTLOOK.EXE, version: 15.0.4919.1001, time stamp: 0x58d20482
Exception code: 0xc0000005
Fault offset: 0x008924c4
Faulting process id: 0x1e3c
Faulting application start time: 0x01d335a1969fa8ae
Faulting application path: C:\Program Files\Microsoft Office\Office15\OUTLOOK.EXE
Faulting module path: C:\Program Files\Microsoft Office\Office15\OUTLOOK.EXE
Report Id: 34b3b952-a1c7-11e7-aec7-0050569f0ee2"
Error,9/25/2017 14:56,EventCreate,1,None,Application,djkvdihost727.jakarta01.com,JAKARTA01\Dyandra  
Error,9/25/2017 14:56,Application Error,1000,-100,Application,djkvdihost727.jakarta01.com,"Faulting application name: OUTLOOK.EXE, version: 15.0.4919.1001, time stamp: 0x58d20482
Faulting module name: OUTLOOK.EXE, version: 15.0.4919.1001, time stamp: 0x58d20482
Exception code: 0xc0000005
Fault offset: 0x008924c4
Faulting process id: 0x518
Faulting application start time: 0x01d335bb80c5f885
Faulting application path: C:\Program Files\Microsoft Office\Office15\OUTLOOK.EXE
Faulting module path: C:\Program Files\Microsoft Office\Office15\OUTLOOK.EXE
Report Id: 0c508eac-a1c7-11e7-a9f9-0050569f5982"
Error,9/25/2017 14:52,EventCreate,1,None,Application,djkvdihost169.jakarta01.com,JAKARTA01\Yudhadp  
Error,9/25/2017 14:52,EventCreate,1,None,Application,djkvdihost716.jakarta01.com,JAKARTA01\primaningtyas  
Error,9/25/2017 14:52,Application Error,1000,-100,Application,djkvdihost169.jakarta01.com,"Faulting application name: WINWORD.EXE, version: 15.0.4911.1000, time stamp: 0x58a2c075
Faulting module name: wwlib.dll, version: 15.0.4911.1000, time stamp: 0x58a2c073
Exception code: 0xc0000005
Fault offset: 0x0002856a
Faulting process id: 0x92c
Faulting application start time: 0x01d335d04f283471
Faulting application path: C:\Program Files\Microsoft Office\Office15\WINWORD.EXE
Faulting module path: C:\Program Files\Microsoft Office\Office15\wwlib.dll
Report Id: 86b6ec31-a1c6-11e7-a2ee-0050569f6e1d"
Error,9/25/2017 14:52,Application Error,1000,-100,Application,djkvdihost716.jakarta01.com,"Faulting application name: OUTLOOK.EXE, version: 15.0.4919.1001, time stamp: 0x58d20482
Faulting module name: OUTLOOK.EXE, version: 15.0.4919.1001, time stamp: 0x58d20482
Exception code: 0xc0000005
Fault offset: 0x008924c4
Faulting process id: 0x18dc
Faulting application start time: 0x01d3359f5c219bd0
Faulting application path: C:\Program Files\Microsoft Office\Office15\OUTLOOK.EXE
Faulting module path: C:\Program Files\Microsoft Office\Office15\OUTLOOK.EXE
Report Id: 7b4a796d-a1c6-11e7-b499-0050569f2f0d"
Error,9/25/2017 14:48,EventCreate,1,None,Application,djkvdihost265.jakarta01.com,JAKARTA01\reny  
Error,9/25/2017 14:48,Application Error,1000,-100,Application,djkvdihost265.jakarta01.com,"Faulting application name: OUTLOOK.EXE, version: 15.0.4919.1001, time stamp: 0x58d20482
Faulting module name: OUTLOOK.EXE, version: 15.0.4919.1001, time stamp: 0x58d20482
Exception code: 0xc0000005
Fault offset: 0x008924c4
Faulting process id: 0x1df8
Faulting application start time: 0x01d335a468b5c396
Faulting application path: C:\Program Files\Microsoft Office\Office15\OUTLOOK.EXE
Faulting module path: C:\Program Files\Microsoft Office\Office15\OUTLOOK.EXE
Report Id: e8aa20c3-a1c5-11e7-ac12-0050569f2b63"
Error,9/25/2017 14:47,EventCreate,1,None,Application,djkvdihost671.jakarta01.com,JAKARTA01\azis  
Error,9/25/2017 14:44,EventCreate,1,None,Application,djkvdihost514.jakarta01.com,JAKARTA01\hariri  
Error,9/25/2017 14:37,EventCreate,1,None,Application,djkvdihost435.jakarta01.com,JAKARTA01\hemayani  
Error,9/25/2017 14:37,Application Error,1000,-100,Application,djkvdihost435.jakarta01.com,"Faulting application name: spoolsv.exe, version: 6.1.7601.17777, time stamp: 0x4f35efc3
Faulting module name: msvcrt.dll, version: 7.0.7601.17744, time stamp: 0x4eeaf722
Exception code: 0xc0000005
Fault offset: 0x0000aa14
Faulting process id: 0x638
Faulting application start time: 0x01d334aff88dddff
Faulting application path: C:\Windows\System32\spoolsv.exe
Faulting module path: C:\Windows\system32\msvcrt.dll
Report Id: 58162964-a1c4-11e7-a130-0050569f384e"
Error,9/25/2017 14:32,EventCreate,1,None,Application,djkvdihost074.jakarta01.com,JAKARTA01\Katsuhito  
Error,9/25/2017 14:29,EventCreate,1,None,Application,djkvdihost465.jakarta01.com,JAKARTA01\komangsd  
Error,9/25/2017 14:29,Application Error,1000,-100,Application,djkvdihost465.jakarta01.com,"Faulting application name: OUTLOOK.EXE, version: 15.0.4919.1001, time stamp: 0x58d20482
Faulting module name: OUTLOOK.EXE, version: 15.0.4919.1001, time stamp: 0x58d20482
Exception code: 0xc0000005
Fault offset: 0x008924c4
Faulting process id: 0x1134
Faulting application start time: 0x01d335a1a74ff208
Faulting application path: C:\Program Files\Microsoft Office\Office15\OUTLOOK.EXE
Faulting module path: C:\Program Files\Microsoft Office\Office15\OUTLOOK.EXE
Report Id: 37c9bdeb-a1c3-11e7-997e-0050569f61de"
Error,9/25/2017 14:20,EventCreate,1,None,Application,djkvdihost504.jakarta01.com,JAKARTA01\haris  
Error,9/25/2017 14:20,EventCreate,1,None,Application,djkvdihost722.jakarta01.com,JAKARTA01\nila  
Error,9/25/2017 14:20,Application Error,1000,-100,Application,djkvdihost504.jakarta01.com,"Faulting application name: EXCEL.EXE, version: 15.0.4919.1000, time stamp: 0x58c7ab0f
Faulting module name: mso.dll, version: 15.0.4919.1002, time stamp: 0x58de0799
Exception code: 0xc0000005
Fault offset: 0x013a2a78
Faulting process id: 0x124c
Faulting application start time: 0x01d335bb7bd7d210
Faulting application path: C:\Program Files\Microsoft Office\Office15\EXCEL.EXE
Faulting module path: C:\Program Files\Common Files\Microsoft Shared\Office15\mso.dll
Report Id: 033aeb0e-a1c2-11e7-8faa-0050569f0db4"
Error,9/25/2017 14:13,EventCreate,1,None,Application,djkvdihost694.jakarta01.com,JAKARTA01\dwihan  
Error,9/25/2017 14:13,Application Error,1000,-100,Application,djkvdihost694.jakarta01.com,"Faulting application name: OUTLOOK.EXE, version: 15.0.4919.1001, time stamp: 0x58d20482
Faulting module name: OUTLOOK.EXE, version: 15.0.4919.1001, time stamp: 0x58d20482
Exception code: 0xc0000005
Fault offset: 0x008924c4
Faulting process id: 0xbb8
Faulting application start time: 0x01d3359ea6003fc7
Faulting application path: C:\Program Files\Microsoft Office\Office15\OUTLOOK.EXE
Faulting module path: C:\Program Files\Microsoft Office\Office15\OUTLOOK.EXE
Report Id: 15ef23c0-a1c1-11e7-baf6-0050569f7aa4"
Error,9/25/2017 14:07,EventCreate,1,None,Application,djkvdihost007.jakarta01.com,JAKARTA01\Taufik Kurniawan  
Error,9/25/2017 14:07,Application Error,1000,-100,Application,djkvdihost007.jakarta01.com,"Faulting application name: EXCEL.EXE, version: 15.0.4919.1000, time stamp: 0x58c7ab0f
Faulting module name: EXCEL.EXE, version: 15.0.4919.1000, time stamp: 0x58c7ab0f
Exception code: 0xc0000005
Fault offset: 0x00466d1e
Faulting process id: 0x1e18
Faulting application start time: 0x01d3359ffc962343
Faulting application path: C:\Program Files\Microsoft Office\Office15\EXCEL.EXE
Faulting module path: C:\Program Files\Microsoft Office\Office15\EXCEL.EXE
Report Id: 38057eb9-a1c0-11e7-bde6-0050569f749a"
Error,9/25/2017 14:05,EventCreate,1,None,Application,djkvdihost489.jakarta01.com,JAKARTA01\evi  
Error,9/25/2017 14:05,Application Error,1000,-100,Application,djkvdihost489.jakarta01.com,"Faulting application name: spoolsv.exe, version: 6.1.7601.17777, time stamp: 0x4f35efc3
Faulting module name: msvcrt.dll, version: 7.0.7601.17744, time stamp: 0x4eeaf722
Exception code: 0xc0000005
Fault offset: 0x0000aa14
Faulting process id: 0x638
Faulting application start time: 0x01d334ac503d93f0
Faulting application path: C:\Windows\System32\spoolsv.exe
Faulting module path: C:\Windows\system32\msvcrt.dll
Report Id: d8a1bcc6-a1bf-11e7-846e-0050569f5fe8"
Error,9/25/2017 14:04,EventCreate,1,None,Application,djkvdihost863.jakarta01.com,JAKARTA01\harry  
Error,9/25/2017 14:04,EventCreate,1,None,Application,djkvdihost489.jakarta01.com,JAKARTA01\evi  
Error,9/25/2017 14:04,EventCreate,1,None,Application,djkvdihost384.jakarta01.com,JAKARTA01\GUESTISD28  
Error,9/25/2017 14:02,EventCreate,1,None,Application,djkvdihost326.jakarta01.com,JAKARTA01\Dini Rahmawati  
Error,9/25/2017 14:02,Application Error,1000,-100,Application,djkvdihost326.jakarta01.com,"Faulting application name: OUTLOOK.EXE, version: 15.0.4919.1001, time stamp: 0x58d20482
Faulting module name: OUTLOOK.EXE, version: 15.0.4919.1001, time stamp: 0x58d20482
Exception code: 0xc0000005
Fault offset: 0x008924c4
Faulting process id: 0x8c4
Faulting application start time: 0x01d335c7ef365e59
Faulting application path: C:\Program Files\Microsoft Office\Office15\OUTLOOK.EXE
Faulting module path: C:\Program Files\Microsoft Office\Office15\OUTLOOK.EXE
Report Id: 8be03528-a1bf-11e7-9c5c-0050569f29f4"
Error,9/25/2017 14:02,EventCreate,1,None,Application,djkvdihost435.jakarta01.com,JAKARTA01\hemayani  
Error,9/25/2017 12:34,EventCreate,1,None,Application,djkvdihost513.jakarta01.com,JAKARTA01\sysdovs04  
Error,9/25/2017 13:57,EventCreate,1,None,Application,djkvdihost259.jakarta01.com,JAKARTA01\anissa  
Error,9/25/2017 13:57,Application Error,1000,-100,Application,djkvdihost259.jakarta01.com,"Faulting application name: CWBTF.EXE, version: 12.0.0.1, time stamp: 0x483cc594
Faulting module name: CWBTF.EXE, version: 12.0.0.1, time stamp: 0x483cc594
Exception code: 0xc0000005
Fault offset: 0x0000cd29
Faulting process id: 0x1628
Faulting application start time: 0x01d335a3c351bdf2
Faulting application path: C:\Program Files\IBM\Client Access\CWBTF.EXE
Faulting module path: C:\Program Files\IBM\Client Access\CWBTF.EXE
Report Id: d8cad3ca-a1be-11e7-aec7-0050569f0ee2"
Error,9/25/2017 13:51,EventCreate,1,None,Application,djkvdihost196.jakarta01.com,JAKARTA01\aditya ny  
Error,9/25/2017 13:51,Application Error,1000,-100,Application,djkvdihost196.jakarta01.com,"Faulting application name: OUTLOOK.EXE, version: 15.0.4919.1001, time stamp: 0x58d20482
Faulting module name: OUTLOOK.EXE, version: 15.0.4919.1001, time stamp: 0x58d20482
Exception code: 0xc0000005
Fault offset: 0x008924c4
Faulting process id: 0x608
Faulting application start time: 0x01d3359b2ebb67a5
Faulting application path: C:\Program Files\Microsoft Office\Office15\OUTLOOK.EXE
Faulting module path: C:\Program Files\Microsoft Office\Office15\OUTLOOK.EXE
Report Id: f7a1c4a2-a1bd-11e7-a768-0050569f1bea"
Error,9/25/2017 13:49,EventCreate,1,None,Application,djkvdihost246.jakarta01.com,JAKARTA01\MAUREEN  
Error,9/25/2017 13:49,EventCreate,1,None,Application,djkvdihost893.jakarta01.com,JAKARTA01\adi prasetio  
Error,9/25/2017 13:49,EventCreate,1,None,Application,djkvdihost246.jakarta01.com,JAKARTA01\MAUREEN  
Error,9/25/2017 13:47,EventCreate,1,None,Application,djkvdihost610.jakarta01.com,JAKARTA01\wang  
Error,9/25/2017 13:47,EventCreate,1,None,Application,djkvdihost778.jakarta01.com,JAKARTA01\Marlina  
Error,9/25/2017 13:47,Application Error,1000,-100,Application,djkvdihost778.jakarta01.com,"Faulting application name: OUTLOOK.EXE, version: 15.0.4919.1001, time stamp: 0x58d20482
Faulting module name: OUTLOOK.EXE, version: 15.0.4919.1001, time stamp: 0x58d20482
Exception code: 0xc0000005
Fault offset: 0x008924c4
Faulting process id: 0x1590
Faulting application start time: 0x01d3359f92bc7633
Faulting application path: C:\Program Files\Microsoft Office\Office15\OUTLOOK.EXE
Faulting module path: C:\Program Files\Microsoft Office\Office15\OUTLOOK.EXE
Report Id: 6a5f6daa-a1bd-11e7-81bd-0050569f76f6"
Error,9/25/2017 13:47,Application Error,1000,-100,Application,djkvdihost610.jakarta01.com,"Faulting application name: OUTLOOK.EXE, version: 15.0.4919.1001, time stamp: 0x58d20482
Faulting module name: OUTLOOK.EXE, version: 15.0.4919.1001, time stamp: 0x58d20482
Exception code: 0xc0000005
Fault offset: 0x008924c4
Faulting process id: 0xb94
Faulting application start time: 0x01d3359d30a33831
Faulting application path: C:\Program Files\Microsoft Office\Office15\OUTLOOK.EXE
Faulting module path: C:\Program Files\Microsoft Office\Office15\OUTLOOK.EXE
Report Id: 6a2b26b6-a1bd-11e7-915c-0050569f01e9"
Error,9/25/2017 13:39,EventCreate,1,None,Application,djkvdihost517.jakarta01.com,JAKARTA01\DanielAW  
Error,9/25/2017 13:39,Application Error,1000,-100,Application,djkvdihost517.jakarta01.com,"Faulting application name: OUTLOOK.EXE, version: 15.0.4919.1001, time stamp: 0x58d20482
Faulting module name: ntdll.dll, version: 6.1.7601.23714, time stamp: 0x58bf8774
Exception code: 0xc0000005
Fault offset: 0x0005294f
Faulting process id: 0x1c84
Faulting application start time: 0x01d3359b6a6594de
Faulting application path: C:\Program Files\Microsoft Office\Office15\OUTLOOK.EXE
Faulting module path: C:\Windows\SYSTEM32\ntdll.dll
Report Id: 4eb5951d-a1bc-11e7-9667-0050569f05e2"
Error,9/25/2017 13:38,EventCreate,1,None,Application,djkvdihost044.jakarta01.com,JAKARTA01\rara  
Error,9/25/2017 13:38,EventCreate,1,None,Application,djkvdihost343.jakarta01.com,JAKARTA01\ailsa  
Error,9/25/2017 13:38,Application Error,1000,-100,Application,djkvdihost044.jakarta01.com,"Faulting application name: OUTLOOK.EXE, version: 15.0.4919.1001, time stamp: 0x58d20482
Faulting module name: OUTLOOK.EXE, version: 15.0.4919.1001, time stamp: 0x58d20482
Exception code: 0xc0000005
Fault offset: 0x008924c4
Faulting process id: 0x1f9c
Faulting application start time: 0x01d335998fd271b2
Faulting application path: C:\PROGRA~1\MICROS~2\Office15\OUTLOOK.EXE
Faulting module path: C:\PROGRA~1\MICROS~2\Office15\OUTLOOK.EXE
Report Id: 250a69d5-a1bc-11e7-8071-0050569f5089"
Error,9/25/2017 13:38,Application Error,1000,-100,Application,djkvdihost343.jakarta01.com,"Faulting application name: OUTLOOK.EXE, version: 15.0.4919.1001, time stamp: 0x58d20482
Faulting module name: OUTLOOK.EXE, version: 15.0.4919.1001, time stamp: 0x58d20482
Exception code: 0xc0000005
Fault offset: 0x0098be14
Faulting process id: 0x1a74
Faulting application start time: 0x01d33598e76e89c6
Faulting application path: C:\Program Files\Microsoft Office\Office15\OUTLOOK.EXE
Faulting module path: C:\Program Files\Microsoft Office\Office15\OUTLOOK.EXE
Report Id: 24bfdf6c-a1bc-11e7-8511-0050569f2873"
Error,9/25/2017 11:48,EventCreate,1,None,Application,djkvdihost310.jakarta01.com,JAKARTA01\sysdovs01  
Error,9/25/2017 13:21,EventCreate,1,None,Application,djkvdihost258.jakarta01.com,JAKARTA01\Prihantono  
Error,9/25/2017 13:21,Application Error,1000,-100,Application,djkvdihost258.jakarta01.com,"Faulting application name: spoolsv.exe, version: 6.1.7601.17777, time stamp: 0x4f35efc3
Faulting module name: msvcrt.dll, version: 7.0.7601.17744, time stamp: 0x4eeaf722
Exception code: 0xc0000005
Fault offset: 0x0000aa14
Faulting process id: 0x638
Faulting application start time: 0x01d334b11a9ceefc
Faulting application path: C:\Windows\System32\spoolsv.exe
Faulting module path: C:\Windows\system32\msvcrt.dll
Report Id: d1c5255a-a1b9-11e7-b232-0050569f16dd"
Error,9/25/2017 13:19,EventCreate,1,None,Application,djkvdihost006.jakarta01.com,JAKARTA01\adityo  
Error,9/25/2017 13:19,Application Error,1000,-100,Application,djkvdihost006.jakarta01.com,"Faulting application name: OUTLOOK.EXE, version: 15.0.4919.1001, time stamp: 0x58d20482
Faulting module name: OUTLOOK.EXE, version: 15.0.4919.1001, time stamp: 0x58d20482
Exception code: 0xc0000005
Fault offset: 0x008924c7
Faulting process id: 0x10b4
Faulting application start time: 0x01d335b10b621c25
Faulting application path: C:\Program Files\Microsoft Office\Office15\OUTLOOK.EXE
Faulting module path: C:\Program Files\Microsoft Office\Office15\OUTLOOK.EXE
Report Id: 7f4cea6c-a1b9-11e7-a345-0050569f333d"
Error,9/25/2017 13:17,EventCreate,1,None,Application,djkvdihost300.jakarta01.com,JAKARTA01\evrizon  
Error,9/25/2017 13:16,Application Error,1000,-100,Application,djkvdihost300.jakarta01.com,"Faulting application name: PhotoScreensaver.scr, version: 6.1.7601.17514, time stamp: 0x4ce7a590
Faulting module name: SHELL32.dll, version: 6.1.7601.23537, time stamp: 0x57c450f4
Exception code: 0xc0000005
Fault offset: 0x001f269f
Faulting process id: 0xcbc
Faulting application start time: 0x01d335c49d0410d0
Faulting application path: C:\Windows\system32\PhotoScreensaver.scr
Faulting module path: C:\Windows\system32\SHELL32.dll
Report Id: 1e0428ed-a1b9-11e7-bb4f-0050569f2b46"
Error,9/25/2017 13:12,EventCreate,1,None,Application,djkvdihost072.jakarta01.com,JAKARTA01\tiar  
Error,9/25/2017 13:12,Application Error,1000,-100,Application,djkvdihost072.jakarta01.com,"Faulting application name: PhotoScreensaver.scr, version: 6.1.7601.17514, time stamp: 0x4ce7a590
Faulting module name: SHELL32.dll, version: 6.1.7601.23537, time stamp: 0x57c450f4
Exception code: 0xc0000005
Fault offset: 0x001f269f
Faulting process id: 0x24f4
Faulting application start time: 0x01d335b244ac8797
Faulting application path: C:\Windows\system32\PhotoScreensaver.scr
Faulting module path: C:\Windows\system32\SHELL32.dll
Report Id: 8a34b64d-a1b8-11e7-ab96-0050569f66d5"
Error,9/25/2017 13:09,EventCreate,1,None,Application,djkvdihost238.jakarta01.com,JAKARTA01\dolly  
Error,9/25/2017 13:09,Application Error,1000,-100,Application,djkvdihost238.jakarta01.com,"Faulting application name: OUTLOOK.EXE, version: 15.0.4919.1001, time stamp: 0x58d20482
Faulting module name: OUTLOOK.EXE, version: 15.0.4919.1001, time stamp: 0x58d20482
Exception code: 0xc0000005
Fault offset: 0x008924c7
Faulting process id: 0x15f4
Faulting application start time: 0x01d335c156b74a61
Faulting application path: C:\Program Files\Microsoft Office\Office15\OUTLOOK.EXE
Faulting module path: C:\Program Files\Microsoft Office\Office15\OUTLOOK.EXE
Report Id: 233b5a28-a1b8-11e7-83e4-0050569f5dfe"
Error,9/25/2017 13:05,EventCreate,1,None,Application,djkvdihost147.jakarta01.com,JAKARTA01\adityo yuwono  
Error,9/25/2017 13:05,Application Error,1000,-100,Application,djkvdihost147.jakarta01.com,"Faulting application name: EXCEL.EXE, version: 15.0.4919.1000, time stamp: 0x58c7ab0f
Faulting module name: EXCEL.EXE, version: 15.0.4919.1000, time stamp: 0x58c7ab0f
Exception code: 0xc0000005
Fault offset: 0x00eda408
Faulting process id: 0x1e08
Faulting application start time: 0x01d335aa2eafdd41
Faulting application path: C:\Program Files\Microsoft Office\Office15\EXCEL.EXE
Faulting module path: C:\Program Files\Microsoft Office\Office15\EXCEL.EXE
Report Id: 8bb09d31-a1b7-11e7-9bb5-0050569f029e"
Error,9/25/2017 13:03,EventCreate,1,None,Application,djkvdihost741.jakarta01.com,JAKARTA01\mahendra  
Error,9/25/2017 13:03,Application Error,1000,-100,Application,djkvdihost741.jakarta01.com,"Faulting application name: OUTLOOK.EXE, version: 15.0.4919.1001, time stamp: 0x58d20482
Faulting module name: OUTLOOK.EXE, version: 15.0.4919.1001, time stamp: 0x58d20482
Exception code: 0xc0000005
Fault offset: 0x008924c4
Faulting process id: 0x1bf0
Faulting application start time: 0x01d335aca6a6cc80
Faulting application path: C:\Program Files\Microsoft Office\Office15\OUTLOOK.EXE
Faulting module path: C:\Program Files\Microsoft Office\Office15\OUTLOOK.EXE
Report Id: 2eb4a7a6-a1b7-11e7-b2ac-0050569f3d29"
Error,9/25/2017 12:51,EventCreate,1,None,Application,djkvdihost587.jakarta01.com,JAKARTA01\Lily  
Error,9/25/2017 12:51,Application Error,1000,-100,Application,djkvdihost587.jakarta01.com,"Faulting application name: PhotoScreensaver.scr, version: 6.1.7601.17514, time stamp: 0x4ce7a590
Faulting module name: SHELL32.dll, version: 6.1.7601.23537, time stamp: 0x57c450f4
Exception code: 0xc0000005
Fault offset: 0x001f269f
Faulting process id: 0x1dd0
Faulting application start time: 0x01d335bc74669751
Faulting application path: C:\Windows\system32\PhotoScreensaver.scr
Faulting module path: C:\Windows\system32\SHELL32.dll
Report Id: 9f0912b9-a1b5-11e7-85b6-0050569f2ee5"
Error,9/25/2017 12:49,EventCreate,1,None,Application,djkvdihost522.jakarta01.com,JAKARTA01\daniel pontifek  
Error,9/25/2017 12:49,EventCreate,1,None,Application,djkvdihost522.jakarta01.com,JAKARTA01\daniel pontifek  
Error,9/25/2017 12:42,EventCreate,1,None,Application,djkvdihost175.jakarta01.com,JAKARTA01\teddy h  
Error,9/25/2017 12:42,Application Error,1000,-100,Application,djkvdihost175.jakarta01.com,"Faulting application name: OUTLOOK.EXE, version: 15.0.4919.1001, time stamp: 0x58d20482
Faulting module name: OUTLOOK.EXE, version: 15.0.4919.1001, time stamp: 0x58d20482
Exception code: 0xc0000005
Fault offset: 0x008924c4
Faulting process id: 0x1854
Faulting application start time: 0x01d33595cf1c7cdf
Faulting application path: C:\Program Files\Microsoft Office\Office15\OUTLOOK.EXE
Faulting module path: C:\Program Files\Microsoft Office\Office15\OUTLOOK.EXE
Report Id: 5293512a-a1b4-11e7-80dd-0050569f7e29"
Error,9/25/2017 12:20,EventCreate,1,None,Application,djkvdihost856.jakarta01.com,JAKARTA01\ueda  
Error,9/25/2017 12:16,EventCreate,1,None,Application,djkvdihost833.jakarta01.com,JAKARTA01\sysdovs03  
Error,9/25/2017 12:13,EventCreate,1,None,Application,djkvdihost680.jakarta01.com,JAKARTA01\Dian Permata  
Error,9/25/2017 12:12,Application Error,1000,-100,Application,djkvdihost680.jakarta01.com,"Faulting application name: spoolsv.exe, version: 6.1.7601.17777, time stamp: 0x4f35efc3
Faulting module name: msvcrt.dll, version: 7.0.7601.17744, time stamp: 0x4eeaf722
Exception code: 0xc0000005
Fault offset: 0x0000aa14
Faulting process id: 0x638
Faulting application start time: 0x01d334b0194e6304
Faulting application path: C:\Windows\System32\spoolsv.exe
Faulting module path: C:\Windows\system32\msvcrt.dll
Report Id: 31b3dde3-a1b0-11e7-a1f2-0050569f687e"
Error,9/25/2017 12:03,EventCreate,1,None,Application,djkvdihost811.jakarta01.com,JAKARTA01\hideo  
Error,9/25/2017 12:03,Application Error,1000,-100,Application,djkvdihost811.jakarta01.com,"Faulting application name: OUTLOOK.EXE, version: 15.0.4919.1001, time stamp: 0x58d20482
Faulting module name: OUTLOOK.EXE, version: 15.0.4919.1001, time stamp: 0x58d20482
Exception code: 0xc0000005
Fault offset: 0x008924c4
Faulting process id: 0x159c
Faulting application start time: 0x01d335b95bf2445f
Faulting application path: C:\Program Files\Microsoft Office\Office15\OUTLOOK.EXE
Faulting module path: C:\Program Files\Microsoft Office\Office15\OUTLOOK.EXE
Report Id: efec5767-a1ae-11e7-bd38-0050569f311e"
Error,9/25/2017 12:01,EventCreate,1,None,Application,djkvdihost077.jakarta01.com,JAKARTA01\boby  
Error,9/25/2017 12:01,Application Error,1000,-100,Application,djkvdihost077.jakarta01.com,"Faulting application name: CtxAudioService.exe, version: 15.4.0.8026, time stamp: 0x56b3ad68
Faulting module name: CtxAudioService.exe, version: 15.4.0.8026, time stamp: 0x56b3ad68
Exception code: 0xc0000005
Fault offset: 0x00039f2e
Faulting process id: 0x1f0
Faulting application start time: 0x01d333e57a09588c
Faulting application path: C:\Program Files\Citrix\ICAService\CtxAudioService.exe
Faulting module path: C:\Program Files\Citrix\ICAService\CtxAudioService.exe
Report Id: a1865b8b-a1ae-11e7-9a99-0050569f3939"
Error,9/25/2017 12:01,EventCreate,1,None,Application,djkvdihost693.jakarta01.com,JAKARTA01\novianti  
Error,9/25/2017 11:54,EventCreate,1,None,Application,djkvdihost286.jakarta01.com,JAKARTA01\GUESTISD33  
Error,9/25/2017 11:54,Application Error,1000,-100,Application,djkvdihost286.jakarta01.com,"Faulting application name: EXCEL.EXE, version: 15.0.4919.1000, time stamp: 0x58c7ab0f
Faulting module name: EXCEL.EXE, version: 15.0.4919.1000, time stamp: 0x58c7ab0f
Exception code: 0xc0000005
Fault offset: 0x00030795
Faulting process id: 0x1a20
Faulting application start time: 0x01d335a2379ac7a1
Faulting application path: C:\PROGRA~1\MICROS~2\Office15\EXCEL.EXE
Faulting module path: C:\PROGRA~1\MICROS~2\Office15\EXCEL.EXE
Report Id: 9790215f-a1ad-11e7-bb74-0050569f5917"
Error,9/25/2017 11:53,EventCreate,1,None,Application,djkvdihost542.jakarta01.com,JAKARTA01\tasin  
Error,9/25/2017 11:53,Application Error,1000,-100,Application,djkvdihost542.jakarta01.com,"Faulting application name: OUTLOOK.EXE, version: 15.0.4919.1001, time stamp: 0x58d20482
Faulting module name: OUTLOOK.EXE, version: 15.0.4919.1001, time stamp: 0x58d20482
Exception code: 0xc0000005
Fault offset: 0x008924c4
Faulting process id: 0x1e68
Faulting application start time: 0x01d335950eaeec05
Faulting application path: C:\Program Files\Microsoft Office\Office15\OUTLOOK.EXE
Faulting module path: C:\Program Files\Microsoft Office\Office15\OUTLOOK.EXE
Report Id: 73eeca16-a1ad-11e7-b54c-0050569f5019"
Error,9/25/2017 11:52,EventCreate,1,None,Application,djkvdihost584.jakarta01.com,JAKARTA01\chris  
Error,9/25/2017 11:52,Application Error,1000,-100,Application,djkvdihost584.jakarta01.com,"Faulting application name: OUTLOOK.EXE, version: 15.0.4919.1001, time stamp: 0x58d20482
Faulting module name: OUTLOOK.EXE, version: 15.0.4919.1001, time stamp: 0x58d20482
Exception code: 0xc0000005
Fault offset: 0x008924c7
Faulting process id: 0x1548
Faulting application start time: 0x01d3359b43c4e521
Faulting application path: C:\Program Files\Microsoft Office\Office15\OUTLOOK.EXE
Faulting module path: C:\Program Files\Microsoft Office\Office15\OUTLOOK.EXE
Report Id: 44ade544-a1ad-11e7-8837-0050569f610a"
Error,9/25/2017 11:51,EventCreate,1,None,Application,djkvdihost825.jakarta01.com,JAKARTA01\agnes  
Error,9/25/2017 11:51,Application Error,1000,-100,Application,djkvdihost825.jakarta01.com,"Faulting application name: EXCEL.EXE, version: 15.0.4919.1000, time stamp: 0x58c7ab0f
Faulting module name: EXCEL.EXE, version: 15.0.4919.1000, time stamp: 0x58c7ab0f
Exception code: 0xc0000005
Fault offset: 0x002a20d3
Faulting process id: 0x1154
Faulting application start time: 0x01d335a4519e4ab4
Faulting application path: C:\Program Files\Microsoft Office\Office15\EXCEL.EXE
Faulting module path: C:\Program Files\Microsoft Office\Office15\EXCEL.EXE
Report Id: 28bc9714-a1ad-11e7-84c6-0050569f6feb"
Error,9/25/2017 11:45,EventCreate,1,None,Application,djkvdihost158.jakarta01.com,JAKARTA01\Adjeng  
Error,9/25/2017 11:45,EventCreate,1,None,Application,djkvdihost811.jakarta01.com,JAKARTA01\hideo  
Error,9/25/2017 11:45,Application Error,1000,-100,Application,djkvdihost811.jakarta01.com,"Faulting application name: OUTLOOK.EXE, version: 15.0.4919.1001, time stamp: 0x58d20482
Faulting module name: OUTLOOK.EXE, version: 15.0.4919.1001, time stamp: 0x58d20482
Exception code: 0xc0000005
Fault offset: 0x008924c4
Faulting process id: 0x1564
Faulting application start time: 0x01d335b684884469
Faulting application path: C:\Program Files\Microsoft Office\Office15\OUTLOOK.EXE
Faulting module path: C:\Program Files\Microsoft Office\Office15\OUTLOOK.EXE
Report Id: 5d3134ec-a1ac-11e7-bd38-0050569f311e"
Error,9/25/2017 11:45,Application Error,1000,-100,Application,djkvdihost158.jakarta01.com,"Faulting application name: StikyNot.exe, version: 6.1.7600.16385, time stamp: 0x4a5bc641
Faulting module name: kernel32.dll, version: 6.1.7601.23714, time stamp: 0x58bf87a3
Exception code: 0xc0000005
Fault offset: 0x0004c5a8
Faulting process id: 0x770
Faulting application start time: 0x01d335977a6f5ea5
Faulting application path: C:\Windows\System32\StikyNot.exe
Faulting module path: C:\Windows\system32\kernel32.dll
Report Id: 5b6afccd-a1ac-11e7-ab90-0050569f36ef"
Error,9/25/2017 11:43,EventCreate,1,None,Application,djkvdihost522.jakarta01.com,JAKARTA01\erikson  
Error,9/25/2017 11:43,Application Error,1000,-100,Application,djkvdihost522.jakarta01.com,"Faulting application name: CityNetStudio.exe, version: 7.6.3.3081, time stamp: 0x57df643a
Faulting module name: KERNELBASE.dll, version: 6.1.7601.23714, time stamp: 0x58bf87a4
Exception code: 0xe0434352
Fault offset: 0x0000845d
Faulting process id: 0x1af0
Faulting application start time: 0x01d335b8deb76dbe
Faulting application path: C:\Users\erikson\AppData\Local\Apps\2.0\YO1LZ8OA.8TV\409VH4AQ.VN2\city..tion_82d8654868184ea7_0007.0649_317fcba6c0d9686d\CityNetStudio.exe
Faulting module path: C:\Windows\system32\KERNELBASE.dll
Report Id: 20da8e7f-a1ac-11e7-9272-0050569f6c71"
Error,9/25/2017 11:42,EventCreate,1,None,Application,djkvdihost468.jakarta01.com,JAKARTA01\valery  
Error,9/25/2017 11:41,Application Error,1000,-100,Application,djkvdihost468.jakarta01.com,"Faulting application name: spoolsv.exe, version: 6.1.7601.17777, time stamp: 0x4f35efc3
Faulting module name: msvcrt.dll, version: 7.0.7601.17744, time stamp: 0x4eeaf722
Exception code: 0xc0000005
Fault offset: 0x0000aa14
Faulting process id: 0x638
Faulting application start time: 0x01d334ad71418df1
Faulting application path: C:\Windows\System32\spoolsv.exe
Faulting module path: C:\Windows\system32\msvcrt.dll
Report Id: d62481bf-a1ab-11e7-b345-0050569f758f"
Error,9/25/2017 11:37,EventCreate,1,None,Application,djkvdihost522.jakarta01.com,JAKARTA01\erikson  
Error,9/25/2017 11:35,EventCreate,1,None,Application,djkvdihost182.jakarta01.com,JAKARTA01\Riki Darisman  
Error,9/25/2017 11:28,EventCreate,1,None,Application,djkvdihost863.jakarta01.com,JAKARTA01\ueda  
Error,9/25/2017 11:26,EventCreate,1,None,Application,djkvdihost811.jakarta01.com,JAKARTA01\hideo  
Error,9/25/2017 11:26,Application Error,1000,-100,Application,djkvdihost811.jakarta01.com,"Faulting application name: OUTLOOK.EXE, version: 15.0.4919.1001, time stamp: 0x58d20482
Faulting module name: OUTLOOK.EXE, version: 15.0.4919.1001, time stamp: 0x58d20482
Exception code: 0xc0000005
Fault offset: 0x008924c4
Faulting process id: 0x1e30
Faulting application start time: 0x01d33590f9a4548d
Faulting application path: C:\Program Files\Microsoft Office\Office15\OUTLOOK.EXE
Faulting module path: C:\Program Files\Microsoft Office\Office15\OUTLOOK.EXE
Report Id: b5e03189-a1a9-11e7-bd38-0050569f311e"
Error,9/25/2017 11:24,EventCreate,1,None,Application,djkvdihost403.jakarta01.com,JAKARTA01\Ronald  
Error,9/25/2017 11:23,Application Error,1000,-100,Application,djkvdihost403.jakarta01.com,"Faulting application name: OUTLOOK.EXE, version: 15.0.4919.1001, time stamp: 0x58d20482
Faulting module name: OUTLOOK.EXE, version: 15.0.4919.1001, time stamp: 0x58d20482
Exception code: 0xc0000005
Fault offset: 0x008924c4
Faulting process id: 0x1014
Faulting application start time: 0x01d3359843428438
Faulting application path: C:\Program Files\Microsoft Office\Office15\OUTLOOK.EXE
Faulting module path: C:\Program Files\Microsoft Office\Office15\OUTLOOK.EXE
Report Id: 59fad507-a1a9-11e7-bab1-0050569f2213"
Error,9/25/2017 11:20,EventCreate,1,None,Application,djkvdihost760.jakarta01.com,JAKARTA01\amanda chandra  
Error,9/25/2017 11:20,Application Error,1000,-100,Application,djkvdihost760.jakarta01.com,"Faulting application name: OUTLOOK.EXE, version: 15.0.4919.1001, time stamp: 0x58d20482
Faulting module name: OUTLOOK.EXE, version: 15.0.4919.1001, time stamp: 0x58d20482
Exception code: 0xc0000005
Fault offset: 0x008924c4
Faulting process id: 0x1fe8
Faulting application start time: 0x01d33597180217ac
Faulting application path: C:\Program Files\Microsoft Office\Office15\OUTLOOK.EXE
Faulting module path: C:\Program Files\Microsoft Office\Office15\OUTLOOK.EXE
Report Id: d3de9af4-a1a8-11e7-a380-0050569f7cd4"
Error,9/25/2017 11:12,EventCreate,1,None,Application,djkvdihost071.jakarta01.com,JAKARTA01\guestisd29  
Error,9/25/2017 11:12,EventCreate,1,None,Application,djkvdihost406.jakarta01.com,JAKARTA01\hertanto  
Error,9/25/2017 11:12,Application Error,1000,-100,Application,djkvdihost406.jakarta01.com,"Faulting application name: OUTLOOK.EXE, version: 15.0.4919.1001, time stamp: 0x58d20482
Faulting module name: OUTLOOK.EXE, version: 15.0.4919.1001, time stamp: 0x58d20482
Exception code: 0xc0000005
Fault offset: 0x002c7fa9
Faulting process id: 0x2624
Faulting application start time: 0x01d335afc54245c9
Faulting application path: C:\Program Files\Microsoft Office\Office15\OUTLOOK.EXE
Faulting module path: C:\Program Files\Microsoft Office\Office15\OUTLOOK.EXE
Report Id: bceaee57-a1a7-11e7-a4aa-0050569f3674"
Error,9/25/2017 11:12,Application Error,1000,-100,Application,djkvdihost071.jakarta01.com,"Faulting application name: EXCEL.EXE, version: 15.0.4919.1000, time stamp: 0x58c7ab0f
Faulting module name: EXCEL.EXE, version: 15.0.4919.1000, time stamp: 0x58c7ab0f
Exception code: 0xc0000005
Fault offset: 0x00204f34
Faulting process id: 0x1e90
Faulting application start time: 0x01d3359cd7dc8b50
Faulting application path: C:\Program Files\Microsoft Office\Office15\EXCEL.EXE
Faulting module path: C:\Program Files\Microsoft Office\Office15\EXCEL.EXE
Report Id: c473983c-a1a7-11e7-98b9-0050569f2ddd"
Error,9/25/2017 11:11,EventCreate,1,None,Application,djkvdihost137.jakarta01.com,JAKARTA01\ali pasya  
Error,9/25/2017 11:11,Application Error,1000,-100,Application,djkvdihost137.jakarta01.com,"Faulting application name: OUTLOOK.EXE, version: 15.0.4919.1001, time stamp: 0x58d20482
Faulting module name: OUTLOOK.EXE, version: 15.0.4919.1001, time stamp: 0x58d20482
Exception code: 0xc0000005
Fault offset: 0x008924c7
Faulting process id: 0x126c
Faulting application start time: 0x01d335a9a89c4b8f
Faulting application path: C:\Program Files\Microsoft Office\Office15\OUTLOOK.EXE
Faulting module path: C:\Program Files\Microsoft Office\Office15\OUTLOOK.EXE
Report Id: 9d2ee60e-a1a7-11e7-ae04-0050569f67b2"
Error,9/25/2017 11:10,EventCreate,1,None,Application,djkvdihost089.jakarta01.com,JAKARTA01\tudie  
Error,9/25/2017 11:10,Application Error,1000,-100,Application,djkvdihost089.jakarta01.com,"Faulting application name: OUTLOOK.EXE, version: 15.0.4919.1001, time stamp: 0x58d20482
Faulting module name: OUTLOOK.EXE, version: 15.0.4919.1001, time stamp: 0x58d20482
Exception code: 0xc0000005
Fault offset: 0x008924c4
Faulting process id: 0x75c
Faulting application start time: 0x01d33592a436c555
Faulting application path: C:\Program Files\Microsoft Office\Office15\OUTLOOK.EXE
Faulting module path: C:\Program Files\Microsoft Office\Office15\OUTLOOK.EXE
Report Id: 690b5bbb-a1a7-11e7-8b7a-0050569f6314"
Error,9/25/2017 11:09,EventCreate,1,None,Application,djkvdihost478.jakarta01.com,JAKARTA01\guestisd35  
Error,9/25/2017 11:07,EventCreate,1,None,Application,djkvdihost744.jakarta01.com,JAKARTA01\Alexval  
Error,9/25/2017 11:06,EventCreate,1,None,Application,djkvdihost744.jakarta01.com,JAKARTA01\Alexval  
Error,9/25/2017 11:06,EventCreate,1,None,Application,djkvdihost205.jakarta01.com,JAKARTA01\guestacc03  
Error,9/25/2017 11:05,EventCreate,1,None,Application,djkvdihost194.jakarta01.com,JAKARTA01\gerald  
Error,9/25/2017 11:01,EventCreate,1,None,Application,djkvdihost623.jakarta01.com,JAKARTA01\eddy  
Error,9/25/2017 11:01,Application Error,1000,-100,Application,djkvdihost623.jakarta01.com,"Faulting application name: OUTLOOK.EXE, version: 15.0.4919.1001, time stamp: 0x58d20482
Faulting module name: OUTLOOK.EXE, version: 15.0.4919.1001, time stamp: 0x58d20482
Exception code: 0xc0000005
Fault offset: 0x008924c4
Faulting process id: 0x1c5c
Faulting application start time: 0x01d335b02f2bdb3c
Faulting application path: C:\Program Files\Microsoft Office\Office15\OUTLOOK.EXE
Faulting module path: C:\Program Files\Microsoft Office\Office15\OUTLOOK.EXE
Report Id: 32ca7e1c-a1a6-11e7-8539-0050569f26a7"
Error,9/25/2017 11:01,EventCreate,1,None,Application,djkvdihost297.jakarta01.com,JAKARTA01\guestacc09  
Error,9/25/2017 10:55,EventCreate,1,None,Application,djkvdihost296.jakarta01.com,JAKARTA01\ronal  
Error,9/25/2017 10:55,Application Error,1000,-100,Application,djkvdihost296.jakarta01.com,"Faulting application name: OUTLOOK.EXE, version: 15.0.4919.1001, time stamp: 0x58d20482
Faulting module name: OUTLOOK.EXE, version: 15.0.4919.1001, time stamp: 0x58d20482
Exception code: 0xc0000005
Fault offset: 0x008924c4
Faulting process id: 0x1d48
Faulting application start time: 0x01d33596415fbe55
Faulting application path: C:\Program Files\Microsoft Office\Office15\OUTLOOK.EXE
Faulting module path: C:\Program Files\Microsoft Office\Office15\OUTLOOK.EXE
Report Id: 621fd108-a1a5-11e7-a28d-0050569f7285"
Error,9/25/2017 10:50,EventCreate,1,None,Application,djkvdihost444.jakarta01.com,JAKARTA01\nurmalasari  
Error,9/25/2017 10:49,EventCreate,1,None,Application,djkvdihost444.jakarta01.com,JAKARTA01\nurmalasari  
Error,9/25/2017 10:43,EventCreate,1,None,Application,djkvdihost444.jakarta01.com,"The description for Event ID 1 from source EventCreate cannot be found. Either the component that raises this event is not installed on your local computer or the installation is corrupted. You can install or repair the component on the local computer.

If the event originated on another computer, the display information had to be saved with the event.

The following information was included with the event: 

JAKARTA01\sysdovs01  
"
Error,9/25/2017 10:48,EventCreate,1,None,Application,djkvdihost086.jakarta01.com,JAKARTA01\MuhammadI  
Error,9/25/2017 10:48,Application Error,1000,-100,Application,djkvdihost086.jakarta01.com,"Faulting application name: NLNOTES.EXE, version: 8.5.30.11258, time stamp: 0x4e72fa51
Faulting module name: nnotes.dll, version: 8.5.30.11258, time stamp: 0x4e72fa6a
Exception code: 0xc0000005
Fault offset: 0x001c7f0e
Faulting process id: 0x1f68
Faulting application start time: 0x01d335b122e366c7
Faulting application path: C:\Program Files\IBM\Lotus\Notes\NLNOTES.EXE
Faulting module path: C:\Program Files\IBM\Lotus\Notes\nnotes.dll
Report Id: 60997740-a1a4-11e7-9ced-0050569f712d"
Error,9/25/2017 10:47,EventCreate,1,None,Application,djkvdihost086.jakarta01.com,JAKARTA01\MuhammadI  
Error,9/25/2017 10:46,Application Error,1000,-100,Application,djkvdihost086.jakarta01.com,"Faulting application name: NLNOTES.EXE, version: 8.5.30.11258, time stamp: 0x4e72fa51
Faulting module name: nnotes.dll, version: 8.5.30.11258, time stamp: 0x4e72fa6a
Exception code: 0xc0000005
Fault offset: 0x001c7f0e
Faulting process id: 0x1f04
Faulting application start time: 0x01d335b0ef8405a4
Faulting application path: C:\Program Files\IBM\Lotus\Notes\NLNOTES.EXE
Faulting module path: C:\Program Files\IBM\Lotus\Notes\nnotes.dll
Report Id: 2ea8acdf-a1a4-11e7-9ced-0050569f712d"
Error,9/25/2017 10:45,EventCreate,1,None,Application,djkvdihost374.jakarta01.com,JAKARTA01\Hertanto gunadi  
Error,9/25/2017 10:45,EventCreate,1,None,Application,djkvdihost374.jakarta01.com,JAKARTA01\Hertanto gunadi  
Error,9/25/2017 10:44,EventCreate,1,None,Application,djkvdihost374.jakarta01.com,JAKARTA01\Hertanto gunadi  
Error,9/25/2017 10:43,EventCreate,1,None,Application,djkvdihost231.jakarta01.com,JAKARTA01\sulistyono  
Error,9/25/2017 10:43,Application Error,1000,-100,Application,djkvdihost231.jakarta01.com,"Faulting application name: PhotoScreensaver.scr, version: 6.1.7601.17514, time stamp: 0x4ce7a590
Faulting module name: SHELL32.dll, version: 6.1.7601.23537, time stamp: 0x57c450f4
Exception code: 0xc0000005
Fault offset: 0x001f269f
Faulting process id: 0x1694
Faulting application start time: 0x01d335b0661b6352
Faulting application path: C:\Windows\system32\PhotoScreensaver.scr
Faulting module path: C:\Windows\system32\SHELL32.dll
Report Id: afe64025-a1a3-11e7-9e6d-0050569f4d50"
Error,9/25/2017 10:43,EventCreate,1,None,Application,djkvdihost141.jakarta01.com,JAKARTA01\priscilla  
Error,9/25/2017 10:41,EventCreate,1,None,Application,djkvdihost623.jakarta01.com,JAKARTA01\eddy  
Error,9/25/2017 10:41,Application Error,1000,-100,Application,djkvdihost623.jakarta01.com,"Faulting application name: OUTLOOK.EXE, version: 15.0.4919.1001, time stamp: 0x58d20482
Faulting module name: OUTLOOK.EXE, version: 15.0.4919.1001, time stamp: 0x58d20482
Exception code: 0xc0000005
Fault offset: 0x008924c4
Faulting process id: 0x1c78
Faulting application start time: 0x01d33593425b012b
Faulting application path: C:\Program Files\Microsoft Office\Office15\OUTLOOK.EXE
Faulting module path: C:\Program Files\Microsoft Office\Office15\OUTLOOK.EXE
Report Id: 690610fc-a1a3-11e7-8539-0050569f26a7"
Error,9/25/2017 10:38,EventCreate,1,None,Application,djkvdihost406.jakarta01.com,JAKARTA01\hertanto  
Error,9/25/2017 10:38,Application Error,1000,-100,Application,djkvdihost406.jakarta01.com,"Faulting application name: OUTLOOK.EXE, version: 15.0.4919.1001, time stamp: 0x58d20482
Faulting module name: OUTLOOK.EXE, version: 15.0.4919.1001, time stamp: 0x58d20482
Exception code: 0xc0000005
Fault offset: 0x002c7fa9
Faulting process id: 0x1888
Faulting application start time: 0x01d3359192aafd77
Faulting application path: C:\Program Files\Microsoft Office\Office15\OUTLOOK.EXE
Faulting module path: C:\Program Files\Microsoft Office\Office15\OUTLOOK.EXE
Report Id: fe8125e9-a1a2-11e7-a4aa-0050569f3674"
Error,9/25/2017 10:30,EventCreate,1,None,Application,djkvdihost597.jakarta01.com,JAKARTA01\yofiandhy  
Error,9/25/2017 10:30,Application Error,1000,-100,Application,djkvdihost597.jakarta01.com,"Faulting application name: OUTLOOK.EXE, version: 15.0.4919.1001, time stamp: 0x58d20482
Faulting module name: OUTLOOK.EXE, version: 15.0.4919.1001, time stamp: 0x58d20482
Exception code: 0xc0000005
Fault offset: 0x008924c4
Faulting process id: 0x1a0c
Faulting application start time: 0x01d3358e36a87944
Faulting application path: C:\Program Files\Microsoft Office\Office15\OUTLOOK.EXE
Faulting module path: C:\Program Files\Microsoft Office\Office15\OUTLOOK.EXE
Report Id: e47bbaa8-a1a1-11e7-9d66-0050569f4d36"
Error,9/25/2017 10:30,EventCreate,1,None,Application,djkvdihost900.jakarta01.com,JAKARTA01\Denni  
Error,9/25/2017 10:28,EventCreate,1,None,Application,djkvdihost525.jakarta01.com,JAKARTA01\k_ignatius  
Error,9/25/2017 10:27,EventCreate,1,None,Application,djkvdihost643.jakarta01.com,JAKARTA01\Reiffy  
Error,9/25/2017 10:27,Application Error,1000,-100,Application,djkvdihost643.jakarta01.com,"Faulting application name: OUTLOOK.EXE, version: 15.0.4919.1001, time stamp: 0x58d20482
Faulting module name: OUTLOOK.EXE, version: 15.0.4919.1001, time stamp: 0x58d20482
Exception code: 0xc0000005
Fault offset: 0x008924c4
Faulting process id: 0xe00
Faulting application start time: 0x01d335a2f1a17826
Faulting application path: C:\Program Files\Microsoft Office\Office15\OUTLOOK.EXE
Faulting module path: C:\Program Files\Microsoft Office\Office15\OUTLOOK.EXE
Report Id: 82c16176-a1a1-11e7-825a-0050569f0f85"
Error,9/25/2017 10:23,EventCreate,1,None,Application,djkvdihost047.jakarta01.com,JAKARTA01\guestISD44  
Error,9/25/2017 10:21,EventCreate,1,None,Application,djkvdihost487.jakarta01.com,JAKARTA01\andika  
Error,9/25/2017 10:21,Application Error,1000,-100,Application,djkvdihost487.jakarta01.com,"Faulting application name: WINWORD.EXE, version: 15.0.4911.1000, time stamp: 0x58a2c075
Faulting module name: wwlib.dll, version: 15.0.4911.1000, time stamp: 0x58a2c073
Exception code: 0xc0000005
Fault offset: 0x006f0ff9
Faulting process id: 0x1d8c
Faulting application start time: 0x01d3359da43eccf3
Faulting application path: C:\Program Files\Microsoft Office\Office15\WINWORD.EXE
Faulting module path: C:\Program Files\Microsoft Office\Office15\wwlib.dll
Report Id: 9036571a-a1a0-11e7-b330-0050569f377d"
Error,9/25/2017 10:16,EventCreate,1,None,Application,djkvdihost741.jakarta01.com,JAKARTA01\mahendra  
Error,9/25/2017 10:16,Application Error,1000,-100,Application,djkvdihost741.jakarta01.com,"Faulting application name: OUTLOOK.EXE, version: 15.0.4919.1001, time stamp: 0x58d20482
Faulting module name: OUTLOOK.EXE, version: 15.0.4919.1001, time stamp: 0x58d20482
Exception code: 0xc0000005
Fault offset: 0x008924c4
Faulting process id: 0x1c8c
Faulting application start time: 0x01d3359b0fe40940
Faulting application path: C:\Program Files\Microsoft Office\Office15\OUTLOOK.EXE
Faulting module path: C:\Program Files\Microsoft Office\Office15\OUTLOOK.EXE
Report Id: e13f6ef6-a19f-11e7-b2ac-0050569f3d29"
Error,9/25/2017 10:15,EventCreate,1,None,Application,djkvdihost005.jakarta01.com,JAKARTA01\zahra  
Error,9/25/2017 10:15,Application Error,1000,-100,Application,djkvdihost005.jakarta01.com,"Faulting application name: spoolsv.exe, version: 6.1.7601.17777, time stamp: 0x4f35efc3
Faulting module name: msvcrt.dll, version: 7.0.7601.17744, time stamp: 0x4eeaf722
Exception code: 0xc0000005
Fault offset: 0x0000aa14
Faulting process id: 0x634
Faulting application start time: 0x01d334aaa123942e
Faulting application path: C:\Windows\System32\spoolsv.exe
Faulting module path: C:\Windows\system32\msvcrt.dll
Report Id: ccf5c822-a19f-11e7-9333-0050569f1357"
Error,9/25/2017 10:12,EventCreate,1,None,Application,djkvdihost744.jakarta01.com,JAKARTA01\guestacc02  
Error,9/25/2017 10:11,EventCreate,1,None,Application,djkvdihost553.jakarta01.com,JAKARTA01\sitti  
Error,9/25/2017 10:11,Application Error,1000,-100,Application,djkvdihost553.jakarta01.com,"Faulting application name: OUTLOOK.EXE, version: 15.0.4919.1001, time stamp: 0x58d20482
Faulting module name: OUTLOOK.EXE, version: 15.0.4919.1001, time stamp: 0x58d20482
Exception code: 0xc0000005
Fault offset: 0x008924c7
Faulting process id: 0x1928
Faulting application start time: 0x01d335982431fb97
Faulting application path: C:\Program Files\Microsoft Office\Office15\OUTLOOK.EXE
Faulting module path: C:\Program Files\Microsoft Office\Office15\OUTLOOK.EXE
Report Id: 300adecd-a19f-11e7-9565-0050569f65d9"
Error,9/25/2017 10:10,EventCreate,1,None,Application,djkvdihost831.jakarta01.com,JAKARTA01\mutiara  
Error,9/25/2017 10:10,Application Error,1000,-100,Application,djkvdihost831.jakarta01.com,"Faulting application name: OUTLOOK.EXE, version: 15.0.4919.1001, time stamp: 0x58d20482
Faulting module name: OUTLOOK.EXE, version: 15.0.4919.1001, time stamp: 0x58d20482
Exception code: 0xc0000005
Fault offset: 0x008924c4
Faulting process id: 0x1e48
Faulting application start time: 0x01d335950e300d78
Faulting application path: C:\Program Files\Microsoft Office\Office15\OUTLOOK.EXE
Faulting module path: C:\Program Files\Microsoft Office\Office15\OUTLOOK.EXE
Report Id: 13692e98-a19f-11e7-9ad0-0050569f7ec2"
Error,9/25/2017 10:06,EventCreate,1,None,Application,djkvdihost131.jakarta01.com,JAKARTA01\GuestISD100  
Error,9/25/2017 10:04,EventCreate,1,None,Application,djkvdihost188.jakarta01.com,JAKARTA01\endrojono  
Error,9/25/2017 10:04,Application Error,1000,-100,Application,djkvdihost188.jakarta01.com,"Faulting application name: spoolsv.exe, version: 6.1.7601.17777, time stamp: 0x4f35efc3
Faulting module name: msvcrt.dll, version: 7.0.7601.17744, time stamp: 0x4eeaf722
Exception code: 0xc0000005
Fault offset: 0x0000aa14
Faulting process id: 0x638
Faulting application start time: 0x01d334ad723999ea
Faulting application path: C:\Windows\System32\spoolsv.exe
Faulting module path: C:\Windows\system32\msvcrt.dll
Report Id: 47d99651-a19e-11e7-bf25-0050569f6027"
Error,9/25/2017 10:02,EventCreate,1,None,Application,djkvdihost777.jakarta01.com,JAKARTA01\Bambang  
Error,9/25/2017 10:02,Application Error,1000,-100,Application,djkvdihost777.jakarta01.com,"Faulting application name: PhotoScreensaver.scr, version: 6.1.7601.17514, time stamp: 0x4ce7a590
Faulting module name: SHELL32.dll, version: 6.1.7601.23537, time stamp: 0x57c450f4
Exception code: 0xc0000005
Fault offset: 0x001f269f
Faulting process id: 0x1878
Faulting application start time: 0x01d335a844cc9b60
Faulting application path: C:\Windows\system32\PhotoScreensaver.scr
Faulting module path: C:\Windows\system32\SHELL32.dll
Report Id: f50ddd3b-a19d-11e7-a230-0050569f086c"
Error,9/25/2017 10:00,EventCreate,1,None,Application,djkvdihost291.jakarta01.com,JAKARTA01\iqbal maulanasani  
Error,9/25/2017 10:00,EventCreate,1,None,Application,djkvdihost291.jakarta01.com,JAKARTA01\iqbal maulanasani  
Error,9/25/2017 9:56,EventCreate,1,None,Application,djkvdihost084.jakarta01.com,JAKARTA01\Arief Sandy  
Error,9/25/2017 9:55,EventCreate,1,None,Application,djkvdihost188.jakarta01.com,JAKARTA01\endrojono  
