Error,10/4/2017 12:36:16 PM,EventCreate,1,None,Application,djkvdihost531.jakarta01.com,JAKARTA01\boby  
Error,10/4/2017 12:36:13 PM,Application Error,1000,(100),Application,djkvdihost531.jakarta01.com,"Faulting application name: OUTLOOK.EXE, version: 15.0.4919.1001, time stamp: 0x58d20482
Faulting module name: OUTLOOK.EXE, version: 15.0.4919.1001, time stamp: 0x58d20482
Exception code: 0xc0000005
Fault offset: 0x008924c4
Faulting process id: 0x1f5c
Faulting application start time: 0x01d33caf21b35aa6
Faulting application path: C:\Program Files\Microsoft Office\Office15\OUTLOOK.EXE
Faulting module path: C:\Program Files\Microsoft Office\Office15\OUTLOOK.EXE
Report Id: ee951b7e-a8c5-11e7-a739-0050569f42e0"
Error,10/4/2017 12:31:34 PM,EventCreate,1,None,Application,djkvdihost316.jakarta01.com,JAKARTA01\AULIASA  
Error,10/4/2017 12:28:15 PM,EventCreate,1,None,Application,djkvdihost398.jakarta01.com,JAKARTA01\aditya chandra  
Error,10/4/2017 12:20:17 PM,EventCreate,1,None,Application,djkvdihost093.jakarta01.com,JAKARTA01\arinie  
Error,10/4/2017 12:20:16 PM,Application Error,1000,(100),Application,djkvdihost093.jakarta01.com,"Faulting application name: OUTLOOK.EXE, version: 15.0.4919.1001, time stamp: 0x58d20482
Faulting module name: OUTLOOK.EXE, version: 15.0.4919.1001, time stamp: 0x58d20482
Exception code: 0xc0000005
Fault offset: 0x008924c4
Faulting process id: 0x1260
Faulting application start time: 0x01d33cb4118cc620
Faulting application path: C:\Program Files\Microsoft Office\Office15\OUTLOOK.EXE
Faulting module path: C:\Program Files\Microsoft Office\Office15\OUTLOOK.EXE
Report Id: b4488d86-a8c3-11e7-9ba0-0050569f2e88"
Error,10/4/2017 12:19:10 PM,EventCreate,1,None,Application,djkvdihost812.jakarta01.com,JAKARTA01\guestisd59  
Error,10/4/2017 12:18:39 PM,EventCreate,1,None,Application,djkvdihost567.jakarta01.com,JAKARTA01\aulya  
Error,10/4/2017 12:18:39 PM,Application Error,1000,(100),Application,djkvdihost567.jakarta01.com,"Faulting application name: OUTLOOK.EXE, version: 15.0.4919.1001, time stamp: 0x58d20482
Faulting module name: OUTLOOK.EXE, version: 15.0.4919.1001, time stamp: 0x58d20482
Exception code: 0xc0000005
Fault offset: 0x008924c7
Faulting process id: 0x1ca0
Faulting application start time: 0x01d33ccad979dda7
Faulting application path: C:\Program Files\Microsoft Office\Office15\OUTLOOK.EXE
Faulting module path: C:\Program Files\Microsoft Office\Office15\OUTLOOK.EXE
Report Id: 7a6d1e9f-a8c3-11e7-a933-0050569f30ec"
Error,10/4/2017 12:03:17 PM,EventCreate,1,None,Application,djkvdihost287.jakarta01.com,JAKARTA01\mery  
Error,10/4/2017 12:03:14 PM,Application Error,1000,(100),Application,djkvdihost287.jakarta01.com,"Faulting application name: OUTLOOK.EXE, version: 15.0.4919.1001, time stamp: 0x58d20482
Faulting module name: OUTLOOK.EXE, version: 15.0.4919.1001, time stamp: 0x58d20482
Exception code: 0xc0000005
Fault offset: 0x008924c4
Faulting process id: 0x1bb0
Faulting application start time: 0x01d33cc800cf4432
Faulting application path: C:\Program Files\Microsoft Office\Office15\OUTLOOK.EXE
Faulting module path: C:\Program Files\Microsoft Office\Office15\OUTLOOK.EXE
Report Id: 52f2810a-a8c1-11e7-8b50-0050569f0cf6"
Error,10/4/2017 11:48:34 AM,EventCreate,1,None,Application,djkvdihost061.jakarta01.com,JAKARTA01\arqom  
Error,10/4/2017 11:48:23 AM,Application Error,1000,(100),Application,djkvdihost061.jakarta01.com,"Faulting application name: PhotoScreensaver.scr, version: 6.1.7601.17514, time stamp: 0x4ce7a590
Faulting module name: SHELL32.dll, version: 6.1.7601.23537, time stamp: 0x57c450f4
Exception code: 0xc0000005
Fault offset: 0x001f269f
Faulting process id: 0x20fc
Faulting application start time: 0x01d33ccb3eb85e51
Faulting application path: C:\Windows\system32\PhotoScreensaver.scr
Faulting module path: C:\Windows\system32\SHELL32.dll
Report Id: 4025b0cc-a8bf-11e7-9633-0050569f51e7"
Error,10/4/2017 11:44:10 AM,EventCreate,1,None,Application,djkvdihost831.jakarta01.com,JAKARTA01\vita  
Error,10/4/2017 11:44:03 AM,Application Error,1000,(100),Application,djkvdihost831.jakarta01.com,"Faulting application name: OUTLOOK.EXE, version: 15.0.4919.1001, time stamp: 0x58d20482
Faulting module name: OUTLOOK.EXE, version: 15.0.4919.1001, time stamp: 0x58d20482
Exception code: 0xc0000005
Fault offset: 0x008924c4
Faulting process id: 0x164
Faulting application start time: 0x01d33caf86732657
Faulting application path: C:\Program Files\Microsoft Office\Office15\OUTLOOK.EXE
Faulting module path: C:\Program Files\Microsoft Office\Office15\OUTLOOK.EXE
Report Id: a5297b2d-a8be-11e7-9923-0050569f7ec2"
Error,10/4/2017 11:41:14 AM,EventCreate,1,None,Application,djkvdihost265.jakarta01.com,JAKARTA01\mulyanto  
Error,10/4/2017 11:41:11 AM,Application Error,1000,(100),Application,djkvdihost265.jakarta01.com,"Faulting application name: EXCEL.EXE, version: 15.0.4919.1000, time stamp: 0x58c7ab0f
Faulting module name: EXCEL.EXE, version: 15.0.4919.1000, time stamp: 0x58c7ab0f
Exception code: 0xc0000005
Fault offset: 0x00161278
Faulting process id: 0x1884
Faulting application start time: 0x01d33c9d39425fdd
Faulting application path: C:\Program Files\Microsoft Office\Office15\EXCEL.EXE
Faulting module path: C:\Program Files\Microsoft Office\Office15\EXCEL.EXE
Report Id: 3e6f9a35-a8be-11e7-a61c-0050569f2b63"
Error,10/4/2017 11:40:02 AM,EventCreate,1,None,Application,djkvdihost567.jakarta01.com,JAKARTA01\aulya  
Error,10/4/2017 11:39:59 AM,Application Error,1000,(100),Application,djkvdihost567.jakarta01.com,"Faulting application name: OUTLOOK.EXE, version: 15.0.4919.1001, time stamp: 0x58d20482
Faulting module name: OUTLOOK.EXE, version: 15.0.4919.1001, time stamp: 0x58d20482
Exception code: 0xc0000005
Fault offset: 0x008924c7
Faulting process id: 0x1dd8
Faulting application start time: 0x01d33caaada08918
Faulting application path: C:\Program Files\Microsoft Office\Office15\OUTLOOK.EXE
Faulting module path: C:\Program Files\Microsoft Office\Office15\OUTLOOK.EXE
Report Id: 13c3f407-a8be-11e7-a933-0050569f30ec"
Error,10/4/2017 11:38:58 AM,EventCreate,1,None,Application,djkvdihost034.jakarta01.com,JAKARTA01\Mustikawati  
Error,10/4/2017 11:38:54 AM,Application Error,1000,(100),Application,djkvdihost034.jakarta01.com,"Faulting application name: OUTLOOK.EXE, version: 15.0.4919.1001, time stamp: 0x58d20482
Faulting module name: OUTLOOK.EXE, version: 15.0.4919.1001, time stamp: 0x58d20482
Exception code: 0xc0000005
Fault offset: 0x008924c4
Faulting process id: 0x1d74
Faulting application start time: 0x01d33caac19d44e5
Faulting application path: C:\Program Files\Microsoft Office\Office15\OUTLOOK.EXE
Faulting module path: C:\Program Files\Microsoft Office\Office15\OUTLOOK.EXE
Report Id: ed2b77ff-a8bd-11e7-b23b-0050569f0869"
Error,10/4/2017 11:32:27 AM,EventCreate,1,None,Application,djkvdihost699.jakarta01.com,JAKARTA01\amanda chandra  
Error,10/4/2017 11:32:24 AM,Application Error,1000,(100),Application,djkvdihost699.jakarta01.com,"Faulting application name: OUTLOOK.EXE, version: 15.0.4919.1001, time stamp: 0x58d20482
Faulting module name: OUTLOOK.EXE, version: 15.0.4919.1001, time stamp: 0x58d20482
Exception code: 0xc0000005
Fault offset: 0x008924c4
Faulting process id: 0x1a14
Faulting application start time: 0x01d33ca632f664c0
Faulting application path: C:\Program Files\Microsoft Office\Office15\OUTLOOK.EXE
Faulting module path: C:\Program Files\Microsoft Office\Office15\OUTLOOK.EXE
Report Id: 044971db-a8bd-11e7-bd35-0050569f7795"
Error,10/4/2017 11:24:51 AM,EventCreate,1,None,Application,djkvdihost398.jakarta01.com,JAKARTA01\oliviales  
Error,10/4/2017 11:19:41 AM,EventCreate,1,None,Application,djkvdihost698.jakarta01.com,JAKARTA01\krisna  
Error,10/4/2017 11:19:38 AM,Application Error,1000,(100),Application,djkvdihost698.jakarta01.com,"Faulting application name: OUTLOOK.EXE, version: 15.0.4919.1001, time stamp: 0x58d20482
Faulting module name: OUTLOOK.EXE, version: 15.0.4919.1001, time stamp: 0x58d20482
Exception code: 0xc0000005
Fault offset: 0x008924c4
Faulting process id: 0x1a8c
Faulting application start time: 0x01d33cab77ea7af2
Faulting application path: C:\Program Files\Microsoft Office\Office15\OUTLOOK.EXE
Faulting module path: C:\Program Files\Microsoft Office\Office15\OUTLOOK.EXE
Report Id: 3bdbf7c9-a8bb-11e7-9066-0050569f04a2"
Error,10/4/2017 11:18:39 AM,EventCreate,1,None,Application,djkvdihost094.jakarta01.com,JAKARTA01\lenny  
Error,10/4/2017 11:18:33 AM,Application Error,1000,(100),Application,djkvdihost094.jakarta01.com,"Faulting application name: spoolsv.exe, version: 6.1.7601.17777, time stamp: 0x4f35efc3
Faulting module name: msvcrt.dll, version: 7.0.7601.17744, time stamp: 0x4eeaf722
Exception code: 0xc0000005
Fault offset: 0x0000aa14
Faulting process id: 0x634
Faulting application start time: 0x01d33c3bd496b757
Faulting application path: C:\Windows\System32\spoolsv.exe
Faulting module path: C:\Windows\system32\msvcrt.dll
Report Id: 152e80f5-a8bb-11e7-87bb-0050569f0521"
Error,10/4/2017 11:12:56 AM,EventCreate,1,None,Application,djkvdihost681.jakarta01.com,JAKARTA01\diena  
Error,10/4/2017 11:12:53 AM,Application Error,1000,(100),Application,djkvdihost681.jakarta01.com,"Faulting application name: PhotoScreensaver.scr, version: 6.1.7601.17514, time stamp: 0x4ce7a590
Faulting module name: SHELL32.dll, version: 6.1.7601.23537, time stamp: 0x57c450f4
Exception code: 0xc0000005
Fault offset: 0x001f269f
Faulting process id: 0x554
Faulting application start time: 0x01d33cb90e877658
Faulting application path: C:\Windows\system32\PhotoScreensaver.scr
Faulting module path: C:\Windows\system32\SHELL32.dll
Report Id: 4aaaa454-a8ba-11e7-9d06-0050569f4c33"
Error,10/4/2017 11:11:47 AM,EventCreate,1,None,Application,djkvdihost573.jakarta01.com,JAKARTA01\erwin  
Error,10/4/2017 11:10:20 AM,EventCreate,1,None,Application,djkvdihost601.jakarta01.com,JAKARTA01\enrikko  
Error,10/4/2017 11:08:57 AM,EventCreate,1,None,Application,djkvdihost601.jakarta01.com,JAKARTA01\enrikko  
Error,10/4/2017 11:08:45 AM,EventCreate,1,None,Application,djkvdihost379.jakarta01.com,JAKARTA01\edwin  
Error,10/4/2017 11:08:54 AM,Application Error,1000,(100),Application,djkvdihost601.jakarta01.com,"Faulting application name: spoolsv.exe, version: 6.1.7601.17777, time stamp: 0x4f35efc3
Faulting module name: msvcrt.dll, version: 7.0.7601.17744, time stamp: 0x4eeaf722
Exception code: 0xc0000005
Fault offset: 0x0000aa14
Faulting process id: 0x1c78
Faulting application start time: 0x01d33cace9444dd3
Faulting application path: C:\Windows\System32\spoolsv.exe
Faulting module path: C:\Windows\system32\msvcrt.dll
Report Id: bbd48aea-a8b9-11e7-b89d-0050569f5a2e"
Error,10/4/2017 11:08:41 AM,Application Error,1000,(100),Application,djkvdihost379.jakarta01.com,"Faulting application name: OUTLOOK.EXE, version: 15.0.4919.1001, time stamp: 0x58d20482
Faulting module name: OUTLOOK.EXE, version: 15.0.4919.1001, time stamp: 0x58d20482
Exception code: 0xc0000005
Fault offset: 0x008924c4
Faulting process id: 0x1c94
Faulting application start time: 0x01d33caf29650314
Faulting application path: C:\Program Files\Microsoft Office\Office15\OUTLOOK.EXE
Faulting module path: C:\Program Files\Microsoft Office\Office15\OUTLOOK.EXE
Report Id: b44cd3a9-a8b9-11e7-82fc-0050569f4898"
Error,10/4/2017 11:03:07 AM,EventCreate,1,None,Application,djkvdihost249.jakarta01.com,JAKARTA01\rbagus  
Error,10/4/2017 11:03:02 AM,Application Error,1000,(100),Application,djkvdihost249.jakarta01.com,"Faulting application name: spoolsv.exe, version: 6.1.7601.17777, time stamp: 0x4f35efc3
Faulting module name: msvcrt.dll, version: 7.0.7601.17744, time stamp: 0x4eeaf722
Exception code: 0xc0000005
Fault offset: 0x0000aa14
Faulting process id: 0x638
Faulting application start time: 0x01d33cc4748bbf98
Faulting application path: C:\Windows\System32\spoolsv.exe
Faulting module path: C:\Windows\system32\msvcrt.dll
Report Id: ea21481f-a8b8-11e7-9b89-0050569f5afa"
Error,10/4/2017 11:02:42 AM,EventCreate,1,None,Application,djkvdihost249.jakarta01.com,JAKARTA01\rbagus  
Error,10/4/2017 11:02:17 AM,EventCreate,1,None,Application,djkvdihost249.jakarta01.com,JAKARTA01\rbagus  
Error,10/4/2017 9:15:51 AM,EventCreate,1,None,Application,djkvdihost477.jakarta01.com,JAKARTA01\guestacc08  
Error,10/4/2017 9:14:30 AM,EventCreate,1,None,Application,djkvdihost477.jakarta01.com,JAKARTA01\guestacc08  
Error,10/4/2017 11:02:07 AM,EventCreate,1,None,Application,djkvdihost435.jakarta01.com,JAKARTA01\fferdian  
Error,10/4/2017 11:02:06 AM,Application Error,1000,(100),Application,djkvdihost435.jakarta01.com,"Faulting application name: OUTLOOK.EXE, version: 15.0.4919.1001, time stamp: 0x58d20482
Faulting module name: OUTLOOK.EXE, version: 15.0.4919.1001, time stamp: 0x58d20482
Exception code: 0xc0000005
Fault offset: 0x008924c7
Faulting process id: 0x1224
Faulting application start time: 0x01d33cb8c44ce9ad
Faulting application path: C:\Program Files\Microsoft Office\Office15\OUTLOOK.EXE
Faulting module path: C:\Program Files\Microsoft Office\Office15\OUTLOOK.EXE
Report Id: c90583be-a8b8-11e7-ad2e-0050569f384e"
Error,10/4/2017 10:54:30 AM,EventCreate,1,None,Application,djkvdihost642.jakarta01.com,JAKARTA01\Damal  
Error,10/4/2017 10:54:22 AM,EventCreate,1,None,Application,djkvdihost642.jakarta01.com,JAKARTA01\Damal  
Error,10/4/2017 10:53:00 AM,EventCreate,1,None,Application,djkvdihost559.jakarta01.com,JAKARTA01\aprianto  
Error,10/4/2017 10:51:56 AM,EventCreate,1,None,Application,djkvdihost559.jakarta01.com,JAKARTA01\aprianto  
Error,10/4/2017 10:49:35 AM,EventCreate,1,None,Application,djkvdihost812.jakarta01.com,JAKARTA01\GuestISD44  
Error,10/4/2017 10:49:14 AM,EventCreate,1,None,Application,djkvdihost812.jakarta01.com,JAKARTA01\GuestISD44  
Error,10/4/2017 10:48:51 AM,EventCreate,1,None,Application,djkvdihost106.jakarta01.com,JAKARTA01\GUESTISD28  
Error,10/4/2017 10:48:20 AM,EventCreate,1,None,Application,djkvdihost071.jakarta01.com,JAKARTA01\endah_k  
Error,10/4/2017 10:48:28 AM,EventCreate,1,None,Application,djkvdihost637.jakarta01.com,JAKARTA01\ayub  
Error,10/4/2017 10:48:17 AM,Application Error,1000,(100),Application,djkvdihost071.jakarta01.com,"Faulting application name: OUTLOOK.EXE, version: 15.0.4919.1001, time stamp: 0x58d20482
Faulting module name: OUTLOOK.EXE, version: 15.0.4919.1001, time stamp: 0x58d20482
Exception code: 0xc0000005
Fault offset: 0x008924c4
Faulting process id: 0x1fb8
Faulting application start time: 0x01d33cabb6b028b6
Faulting application path: C:\Program Files\Microsoft Office\Office15\OUTLOOK.EXE
Faulting module path: C:\Program Files\Microsoft Office\Office15\OUTLOOK.EXE
Report Id: da869938-a8b6-11e7-858d-0050569f2ddd"
Error,10/4/2017 10:47:22 AM,EventCreate,1,None,Application,djkvdihost447.jakarta01.com,JAKARTA01\guestisd61  
Error,10/4/2017 10:44:34 AM,EventCreate,1,None,Application,djkvdihost870.jakarta01.com,JAKARTA01\harry  
Error,10/4/2017 10:43:51 AM,EventCreate,1,None,Application,djkvdihost720.jakarta01.com,JAKARTA01\ivan  
Error,10/4/2017 10:42:29 AM,EventCreate,1,None,Application,djkvdihost248.jakarta01.com,JAKARTA01\quartiny  
Error,10/4/2017 10:42:25 AM,Application Error,1000,(100),Application,djkvdihost248.jakarta01.com,"Faulting application name: OUTLOOK.EXE, version: 15.0.4919.1001, time stamp: 0x58d20482
Faulting module name: OUTLOOK.EXE, version: 15.0.4919.1001, time stamp: 0x58d20482
Exception code: 0xc0000005
Fault offset: 0x008924c4
Faulting process id: 0x1600
Faulting application start time: 0x01d33caf74080886
Faulting application path: C:\Program Files\Microsoft Office\Office15\OUTLOOK.EXE
Faulting module path: C:\Program Files\Microsoft Office\Office15\OUTLOOK.EXE
Report Id: 08ce91c7-a8b6-11e7-b5ee-0050569f28ba"
Error,10/4/2017 10:39:43 AM,EventCreate,1,None,Application,djkvdihost721.jakarta01.com,JAKARTA01\iqbal maulanasani  
Error,10/4/2017 10:39:01 AM,EventCreate,1,None,Application,djkvdihost051.jakarta01.com,JAKARTA01\saptorini  
Error,10/4/2017 10:37:27 AM,EventCreate,1,None,Application,djkvdihost051.jakarta01.com,JAKARTA01\saptorini  
Error,10/4/2017 10:36:38 AM,EventCreate,1,None,Application,djkvdihost573.jakarta01.com,JAKARTA01\guestISD57  
Error,10/4/2017 10:36:27 AM,EventCreate,1,None,Application,djkvdihost708.jakarta01.com,JAKARTA01\GuestISD45  
Error,10/4/2017 10:32:39 AM,EventCreate,1,None,Application,djkvdihost344.jakarta01.com,JAKARTA01\mazy  
Error,10/4/2017 10:32:35 AM,Application Error,1000,(100),Application,djkvdihost344.jakarta01.com,"Faulting application name: OUTLOOK.EXE, version: 15.0.4919.1001, time stamp: 0x58d20482
Faulting module name: OUTLOOK.EXE, version: 15.0.4919.1001, time stamp: 0x58d20482
Exception code: 0xc0000005
Fault offset: 0x008924c4
Faulting process id: 0xfa0
Faulting application start time: 0x01d33cac6914a2c7
Faulting application path: C:\Program Files\Microsoft Office\Office15\OUTLOOK.EXE
Faulting module path: C:\Program Files\Microsoft Office\Office15\OUTLOOK.EXE
Report Id: a953b716-a8b4-11e7-8373-0050569f3f98"
Error,10/4/2017 10:31:04 AM,EventCreate,1,None,Application,djkvdihost668.jakarta01.com,JAKARTA01\feni  
Error,10/4/2017 10:30:55 AM,EventCreate,1,None,Application,djkvdihost097.jakarta01.com,JAKARTA01\Prihantono  
Error,10/4/2017 10:29:23 AM,EventCreate,1,None,Application,djkvdihost559.jakarta01.com,JAKARTA01\GUESTISD28  
Error,10/4/2017 10:28:58 AM,EventCreate,1,None,Application,djkvdihost682.jakarta01.com,JAKARTA01\edwan  
Error,10/4/2017 10:27:59 AM,EventCreate,1,None,Application,djkvdihost656.jakarta01.com,JAKARTA01\isnaini  
Error,10/4/2017 10:27:21 AM,EventCreate,1,None,Application,djkvdihost128.jakarta01.com,JAKARTA01\Hilman  
Error,10/4/2017 10:26:06 AM,EventCreate,1,None,Application,djkvdihost584.jakarta01.com,JAKARTA01\hari  
Error,10/4/2017 10:26:00 AM,EventCreate,1,None,Application,djkvdihost516.jakarta01.com,JAKARTA01\Ronald Hertanto  
Error,10/4/2017 10:25:57 AM,Application Error,1000,(100),Application,djkvdihost516.jakarta01.com,"Faulting application name: OUTLOOK.EXE, version: 15.0.4919.1001, time stamp: 0x58d20482
Faulting module name: OUTLOOK.EXE, version: 15.0.4919.1001, time stamp: 0x58d20482
Exception code: 0xc0000005
Fault offset: 0x008924c7
Faulting process id: 0x17f4
Faulting application start time: 0x01d33cb0830f8f9f
Faulting application path: C:\Program Files\Microsoft Office\Office15\OUTLOOK.EXE
Faulting module path: C:\Program Files\Microsoft Office\Office15\OUTLOOK.EXE
Report Id: bbbd64cd-a8b3-11e7-8486-0050569f24d3"
Error,10/4/2017 10:24:43 AM,EventCreate,1,None,Application,djkvdihost587.jakarta01.com,JAKARTA01\rahman  
Error,10/4/2017 10:24:25 AM,EventCreate,1,None,Application,djkvdihost587.jakarta01.com,JAKARTA01\rahman  
Error,10/4/2017 10:22:34 AM,EventCreate,1,None,Application,djkvdihost260.jakarta01.com,JAKARTA01\elestari  
Error,10/4/2017 10:22:06 AM,EventCreate,1,None,Application,djkvdihost817.jakarta01.com,JAKARTA01\raymond  
Error,10/4/2017 10:21:03 AM,EventCreate,1,None,Application,djkvdihost005.jakarta01.com,JAKARTA01\guestisd60  
Error,10/4/2017 10:18:18 AM,EventCreate,1,None,Application,djkvdihost716.jakarta01.com,JAKARTA01\adhi  
Error,10/4/2017 10:18:13 AM,Application Error,1000,(100),Application,djkvdihost716.jakarta01.com,"Faulting application name: spoolsv.exe, version: 6.1.7601.17777, time stamp: 0x4f35efc3
Faulting module name: msvcrt.dll, version: 7.0.7601.17744, time stamp: 0x4eeaf722
Exception code: 0xc0000005
Fault offset: 0x0000aa14
Faulting process id: 0x638
Faulting application start time: 0x01d33c2b9d863a84
Faulting application path: C:\Windows\System32\spoolsv.exe
Faulting module path: C:\Windows\system32\msvcrt.dll
Report Id: a767b7b8-a8b2-11e7-9dc0-0050569f2f0d"
Error,10/4/2017 10:17:09 AM,EventCreate,1,None,Application,djkvdihost497.jakarta01.com,JAKARTA01\mahendrars  
Error,10/4/2017 10:05:55 AM,EventCreate,1,None,Application,djkvdihost393.jakarta01.com,JAKARTA01\wiranti  
Error,10/4/2017 10:05:51 AM,Application Error,1000,(100),Application,djkvdihost393.jakarta01.com,"Faulting application name: OUTLOOK.EXE, version: 15.0.4919.1001, time stamp: 0x58d20482
Faulting module name: OUTLOOK.EXE, version: 15.0.4919.1001, time stamp: 0x58d20482
Exception code: 0xc0000005
Fault offset: 0x008924c7
Faulting process id: 0x1548
Faulting application start time: 0x01d33cac869729cb
Faulting application path: C:\Program Files\Microsoft Office\Office15\OUTLOOK.EXE
Faulting module path: C:\Program Files\Microsoft Office\Office15\OUTLOOK.EXE
Report Id: ed74b6da-a8b0-11e7-af5d-0050569f289b"
Error,10/4/2017 10:03:59 AM,EventCreate,1,None,Application,djkvdihost342.jakarta01.com,JAKARTA01\zaldi  
Error,10/4/2017 10:02:29 AM,EventCreate,1,None,Application,djkvdihost342.jakarta01.com,JAKARTA01\zaldi  
Error,10/4/2017 9:59:28 AM,EventCreate,1,None,Application,djkvdihost783.jakarta01.com,JAKARTA01\guestISD50  
Error,10/4/2017 9:54:53 AM,EventCreate,1,None,Application,djkvdihost154.jakarta01.com,JAKARTA01\yusdian  
Error,10/4/2017 9:53:59 AM,EventCreate,1,None,Application,djkvdihost365.jakarta01.com,JAKARTA01\bahar  
Error,10/4/2017 9:48:47 AM,EventCreate,1,None,Application,djkvdihost277.jakarta01.com,JAKARTA01\darnito  
Error,10/4/2017 9:48:27 AM,EventCreate,1,None,Application,djkvdihost587.jakarta01.com,JAKARTA01\elestari  
Error,10/4/2017 9:47:07 AM,EventCreate,1,None,Application,djkvdihost392.jakarta01.com,JAKARTA01\Etty  
Error,10/4/2017 9:46:04 AM,EventCreate,1,None,Application,djkvdihost380.jakarta01.com,JAKARTA01\Elvira  
Error,10/4/2017 9:45:45 AM,Application Error,1000,(100),Application,djkvdihost380.jakarta01.com,"Faulting application name: spoolsv.exe, version: 6.1.7601.17777, time stamp: 0x4f35efc3
Faulting module name: msvcrt.dll, version: 7.0.7601.17744, time stamp: 0x4eeaf722
Exception code: 0xc0000005
Fault offset: 0x0000aa14
Faulting process id: 0x62c
Faulting application start time: 0x01d33c2a597172c8
Faulting application path: C:\Windows\System32\spoolsv.exe
Faulting module path: C:\Windows\system32\msvcrt.dll
Report Id: 1e49e803-a8ae-11e7-858d-0050569f1bab"
Error,10/4/2017 9:44:29 AM,EventCreate,1,None,Application,djkvdihost153.jakarta01.com,JAKARTA01\robi  
Error,10/4/2017 9:43:00 AM,EventCreate,1,None,Application,djkvdihost104.jakarta01.com,JAKARTA01\teddyks  
Error,10/4/2017 9:43:20 AM,EventCreate,1,None,Application,djkvdihost278.jakarta01.com,JAKARTA01\rahmatia  
Error,10/4/2017 9:42:57 AM,Application Error,1000,(100),Application,djkvdihost104.jakarta01.com,"Faulting application name: lync.exe, version: 15.0.4919.1000, time stamp: 0x58c7ab1e
Faulting module name: mshtml.dll, version: 11.0.9600.18639, time stamp: 0x58d6c720
Exception code: 0xc0000005
Fault offset: 0x006ca9c2
Faulting process id: 0x540
Faulting application start time: 0x01d33ca99ada39ff
Faulting application path: C:\Program Files\Microsoft Office\Office15\lync.exe
Faulting module path: C:\Windows\System32\mshtml.dll
Report Id: b9f54554-a8ad-11e7-a6de-0050569f3d56"
Error,10/4/2017 9:42:25 AM,EventCreate,1,None,Application,djkvdihost579.jakarta01.com,JAKARTA01\sysdovs03  
Error,10/4/2017 9:41:53 AM,EventCreate,1,None,Application,djkvdihost548.jakarta01.com,JAKARTA01\purba  
Error,10/4/2017 9:41:24 AM,EventCreate,1,None,Application,djkvdihost546.jakarta01.com,JAKARTA01\FAUZIAH  
Error,10/4/2017 9:41:09 AM,EventCreate,1,None,Application,djkvdihost648.jakarta01.com,JAKARTA01\budir  
Error,10/4/2017 9:41:05 AM,EventCreate,1,None,Application,djkvdihost401.jakarta01.com,JAKARTA01\Daniel  
Error,10/4/2017 9:40:08 AM,WSH,1,None,Application,djkvdihost401.jakarta01.com,"CN=Daniel Cornelius Pormes password will expire in 4 day(s) at 10/8/2017 9:27:12 AM

Press CTRL + ALT + DEL and select the ""Change a password"" option."
Error,10/4/2017 9:40:06 AM,WSH,1,None,Application,djkvdihost401.jakarta01.com,"CN=Daniel Cornelius Pormes password will expire in 4 day(s) at 10/8/2017 9:27:12 AM

Press CTRL + ALT + DEL and select the ""Change a password"" option."
Error,10/4/2017 9:37:57 AM,EventCreate,1,None,Application,djkvdihost254.jakarta01.com,JAKARTA01\ici  
Error,10/4/2017 9:36:15 AM,EventCreate,1,None,Application,djkvdihost245.jakarta01.com,JAKARTA01\GUESTISD33  
Error,10/4/2017 9:35:30 AM,EventCreate,1,None,Application,djkvdihost091.jakarta01.com,JAKARTA01\Kartina  
Error,10/4/2017 9:32:49 AM,EventCreate,1,None,Application,djkvdihost701.jakarta01.com,JAKARTA01\Aisyah  
Error,10/4/2017 9:32:34 AM,EventCreate,1,None,Application,djkvdihost765.jakarta01.com,JAKARTA01\Marlina  
Error,10/4/2017 9:30:36 AM,EventCreate,1,None,Application,djkvdihost435.jakarta01.com,JAKARTA01\fferdian  
Error,10/4/2017 9:30:33 AM,Application Error,1000,(100),Application,djkvdihost435.jakarta01.com,"Faulting application name: OUTLOOK.EXE, version: 15.0.4919.1001, time stamp: 0x58d20482
Faulting module name: OUTLOOK.EXE, version: 15.0.4919.1001, time stamp: 0x58d20482
Exception code: 0xc0000005
Fault offset: 0x008924c4
Faulting process id: 0x1fe8
Faulting application start time: 0x01d33cb5e4874e9c
Faulting application path: C:\Program Files\Microsoft Office\Office15\OUTLOOK.EXE
Faulting module path: C:\Program Files\Microsoft Office\Office15\OUTLOOK.EXE
Report Id: fed743dd-a8ab-11e7-ad2e-0050569f384e"
Error,10/4/2017 9:29:14 AM,EventCreate,1,None,Application,djkvdihost501.jakarta01.com,JAKARTA01\muammar  
Error,10/4/2017 9:29:11 AM,EventCreate,1,None,Application,djkvdihost501.jakarta01.com,JAKARTA01\muammar  
Error,10/4/2017 9:27:27 AM,EventCreate,1,None,Application,djkvdihost220.jakarta01.com,JAKARTA01\dodi  
Error,10/4/2017 9:26:56 AM,WSH,1,None,Application,djkvdihost220.jakarta01.com,"CN=Dodi Heru Setio Putro password will expire in 1 day(s) at 10/5/2017 9:00:40 AM

Press CTRL + ALT + DEL and select the ""Change a password"" option."
Error,10/4/2017 9:26:55 AM,WSH,1,None,Application,djkvdihost220.jakarta01.com,"CN=Dodi Heru Setio Putro password will expire in 1 day(s) at 10/5/2017 9:00:40 AM

Press CTRL + ALT + DEL and select the ""Change a password"" option."
Error,10/4/2017 9:23:09 AM,EventCreate,1,None,Application,djkvdihost227.jakarta01.com,JAKARTA01\guestisd65  
Error,10/4/2017 9:22:27 AM,EventCreate,1,None,Application,djkvdihost529.jakarta01.com,JAKARTA01\Helena  
Error,10/4/2017 9:22:26 AM,EventCreate,1,None,Application,djkvdihost529.jakarta01.com,JAKARTA01\Helena  
Error,10/4/2017 9:22:24 AM,EventCreate,1,None,Application,djkvdihost529.jakarta01.com,JAKARTA01\Helena  
Error,10/4/2017 9:22:15 AM,EventCreate,1,None,Application,djkvdihost529.jakarta01.com,JAKARTA01\Helena  
Error,10/4/2017 9:22:31 AM,EventCreate,1,None,Application,djkvdihost015.jakarta01.com,JAKARTA01\Christopher  
Error,10/4/2017 9:19:28 AM,EventCreate,1,None,Application,djkvdihost224.jakarta01.com,JAKARTA01\nadhilah  
Error,10/4/2017 9:19:25 AM,Application Error,1000,(100),Application,djkvdihost224.jakarta01.com,"Faulting application name: WINWORD.EXE, version: 15.0.4911.1000, time stamp: 0x58a2c075
Faulting module name: ntdll.dll, version: 6.1.7601.23714, time stamp: 0x58bf8774
Exception code: 0xc0000005
Fault offset: 0x0005294f
Faulting process id: 0x1f94
Faulting application start time: 0x01d33cb51a7f6631
Faulting application path: C:\Program Files\Microsoft Office\Office15\WINWORD.EXE
Faulting module path: C:\Windows\SYSTEM32\ntdll.dll
Report Id: 706361c3-a8aa-11e7-9266-0050569f7648"
Error,10/4/2017 9:18:08 AM,EventCreate,1,None,Application,djkvdihost368.jakarta01.com,JAKARTA01\rasyid  
Error,10/4/2017 9:18:05 AM,Application Error,1000,(100),Application,djkvdihost368.jakarta01.com,"Faulting application name: OUTLOOK.EXE, version: 15.0.4919.1001, time stamp: 0x58d20482
Faulting module name: msspell7.dll, version: 15.0.4569.1503, time stamp: 0x52b0b161
Exception code: 0xc0000005
Fault offset: 0x00048ae5
Faulting process id: 0x1d10
Faulting application start time: 0x01d33cad6335ea2a
Faulting application path: C:\Program Files\Microsoft Office\Office15\OUTLOOK.EXE
Faulting module path: C:\Program Files\Microsoft Office\Office15\PROOF\msspell7.dll
Report Id: 412cf04a-a8aa-11e7-8be9-0050569f13ab"
Error,10/4/2017 9:18:00 AM,EventCreate,1,None,Application,djkvdihost864.jakarta01.com,JAKARTA01\sodeoka  
Error,10/4/2017 9:17:02 AM,EventCreate,1,None,Application,djkvdihost604.jakarta01.com,JAKARTA01\Andradita  
Error,10/4/2017 9:16:45 AM,Application Error,1000,(100),Application,djkvdihost604.jakarta01.com,"Faulting application name: spoolsv.exe, version: 6.1.7601.17777, time stamp: 0x4f35efc3
Faulting module name: msvcrt.dll, version: 7.0.7601.17744, time stamp: 0x4eeaf722
Exception code: 0xc0000005
Fault offset: 0x0000aa14
Faulting process id: 0x63c
Faulting application start time: 0x01d33c3a1f22ebba
Faulting application path: C:\Windows\System32\spoolsv.exe
Faulting module path: C:\Windows\system32\msvcrt.dll
Report Id: 11006b5b-a8aa-11e7-9d43-0050569f512e"
Error,10/4/2017 9:16:33 AM,EventCreate,1,None,Application,djkvdihost764.jakarta01.com,JAKARTA01\alvian  
Error,10/4/2017 9:15:35 AM,EventCreate,1,None,Application,djkvdihost801.jakarta01.com,JAKARTA01\tasin  
Error,10/4/2017 9:14:58 AM,EventCreate,1,None,Application,djkvdihost214.jakarta01.com,JAKARTA01\david  
Error,10/4/2017 9:14:43 AM,EventCreate,1,None,Application,djkvdihost402.jakarta01.com,JAKARTA01\guestitso02  
Error,10/4/2017 9:13:52 AM,EventCreate,1,None,Application,djkvdihost767.jakarta01.com,JAKARTA01\dessy  
Error,10/4/2017 9:12:48 AM,EventCreate,1,None,Application,djkvdihost733.jakarta01.com,JAKARTA01\indriani  
Error,10/4/2017 9:12:47 AM,EventCreate,1,None,Application,djkvdihost572.jakarta01.com,JAKARTA01\guestisd07  
Error,10/4/2017 9:12:42 AM,EventCreate,1,None,Application,djkvdihost197.jakarta01.com,JAKARTA01\wahyudj  
Error,10/4/2017 9:12:18 AM,EventCreate,1,None,Application,djkvdihost236.jakarta01.com,JAKARTA01\Ika  
Error,10/4/2017 9:11:53 AM,EventCreate,1,None,Application,djkvdihost234.jakarta01.com,JAKARTA01\agnes  
Error,10/4/2017 9:11:24 AM,EventCreate,1,None,Application,djkvdihost733.jakarta01.com,JAKARTA01\indriani  
Error,10/4/2017 9:11:10 AM,EventCreate,1,None,Application,djkvdihost066.jakarta01.com,JAKARTA01\GuestISD58  
Error,10/4/2017 9:10:51 AM,EventCreate,1,None,Application,djkvdihost019.jakarta01.com,JAKARTA01\kiky  
Error,10/4/2017 9:09:56 AM,EventCreate,1,None,Application,djkvdihost629.jakarta01.com,JAKARTA01\sysdovs01  
Error,10/4/2017 9:09:56 AM,EventCreate,1,None,Application,djkvdihost451.jakarta01.com,JAKARTA01\valery  
Error,10/4/2017 9:09:52 AM,EventCreate,1,None,Application,djkvdihost435.jakarta01.com,JAKARTA01\fferdian  
Error,10/4/2017 9:09:03 AM,EventCreate,1,None,Application,djkvdihost553.jakarta01.com,JAKARTA01\muhammadhakim  
Error,10/4/2017 9:08:11 AM,EventCreate,1,None,Application,djkvdihost212.jakarta01.com,JAKARTA01\Dwi anisa  
Error,10/4/2017 9:08:31 AM,EventCreate,1,None,Application,djkvdihost553.jakarta01.com,JAKARTA01\muhammadhakim  
Error,10/4/2017 9:07:58 AM,EventCreate,1,None,Application,djkvdihost319.jakarta01.com,JAKARTA01\wisnu  
Error,10/4/2017 9:07:53 AM,EventCreate,1,None,Application,djkvdihost581.jakarta01.com,JAKARTA01\regina  
Error,10/4/2017 9:07:27 AM,EventCreate,1,None,Application,djkvdihost751.jakarta01.com,JAKARTA01\ridjal  
Error,10/4/2017 9:07:11 AM,EventCreate,1,None,Application,djkvdihost212.jakarta01.com,JAKARTA01\Dwi anisa  
Error,10/4/2017 9:06:47 AM,EventCreate,1,None,Application,djkvdihost145.jakarta01.com,JAKARTA01\ummu  
Error,10/4/2017 9:06:34 AM,EventCreate,1,None,Application,djkvdihost319.jakarta01.com,JAKARTA01\wisnu  
Error,10/4/2017 9:06:33 AM,EventCreate,1,None,Application,djkvdihost585.jakarta01.com,JAKARTA01\Azis Budianto  
Error,10/4/2017 9:06:26 AM,EventCreate,1,None,Application,djkvdihost584.jakarta01.com,JAKARTA01\hari  
Error,10/4/2017 9:06:22 AM,EventCreate,1,None,Application,djkvdihost429.jakarta01.com,JAKARTA01\badrudin  
Error,10/4/2017 9:06:04 AM,EventCreate,1,None,Application,djkvdihost131.jakarta01.com,JAKARTA01\wirantika  
Error,10/4/2017 9:06:00 AM,EventCreate,1,None,Application,djkvdihost088.jakarta01.com,JAKARTA01\AdhiNu  
Error,10/4/2017 9:05:53 AM,EventCreate,1,None,Application,djkvdihost742.jakarta01.com,JAKARTA01\andriana  
Error,10/4/2017 9:05:47 AM,Application Error,1000,(100),Application,djkvdihost584.jakarta01.com,"Faulting application name: spoolsv.exe, version: 6.1.7601.17777, time stamp: 0x4f35efc3
Faulting module name: msvcrt.dll, version: 7.0.7601.17744, time stamp: 0x4eeaf722
Exception code: 0xc0000005
Fault offset: 0x0000aa14
Faulting process id: 0x638
Faulting application start time: 0x01d33c587a80673d
Faulting application path: C:\Windows\System32\spoolsv.exe
Faulting module path: C:\Windows\system32\msvcrt.dll
Report Id: 88ec93d9-a8a8-11e7-b791-0050569f610a"
Error,10/4/2017 9:05:33 AM,EventCreate,1,None,Application,djkvdihost127.jakarta01.com,JAKARTA01\slamet  
Error,10/4/2017 9:05:29 AM,EventCreate,1,None,Application,djkvdihost815.jakarta01.com,JAKARTA01\guestisd54  
Error,10/4/2017 9:04:46 AM,EventCreate,1,None,Application,djkvdihost612.jakarta01.com,JAKARTA01\yoshinta  
Error,10/4/2017 9:04:23 AM,EventCreate,1,None,Application,djkvdihost530.jakarta01.com,JAKARTA01\yoedo  
Error,10/4/2017 9:04:16 AM,EventCreate,1,None,Application,djkvdihost338.jakarta01.com,JAKARTA01\karmenia  
Error,10/4/2017 9:04:15 AM,EventCreate,1,None,Application,djkvdihost510.jakarta01.com,JAKARTA01\guestisd53  
Error,10/4/2017 9:03:44 AM,EventCreate,1,None,Application,djkvdihost529.jakarta01.com,JAKARTA01\Marlina  
Error,10/4/2017 9:03:41 AM,EventCreate,1,None,Application,djkvdihost709.jakarta01.com,JAKARTA01\budsiregar  
Error,10/4/2017 9:03:35 AM,EventCreate,1,None,Application,djkvdihost015.jakarta01.com,JAKARTA01\guestisd65  
Error,10/4/2017 9:03:24 AM,EventCreate,1,None,Application,djkvdihost733.jakarta01.com,JAKARTA01\indriani  
Error,10/4/2017 9:03:07 AM,EventCreate,1,None,Application,djkvdihost741.jakarta01.com,JAKARTA01\Ricky  
Error,10/4/2017 9:02:58 AM,EventCreate,1,None,Application,djkvdihost529.jakarta01.com,JAKARTA01\Marlina  
Error,10/4/2017 9:02:48 AM,EventCreate,1,None,Application,djkvdihost569.jakarta01.com,JAKARTA01\guestisd29  
Error,10/4/2017 9:02:13 AM,EventCreate,1,None,Application,djkvdihost606.jakarta01.com,JAKARTA01\saputro  
Error,10/4/2017 9:01:50 AM,EventCreate,1,None,Application,djkvdihost328.jakarta01.com,JAKARTA01\diana  
Error,10/4/2017 9:01:48 AM,EventCreate,1,None,Application,djkvdihost041.jakarta01.com,JAKARTA01\nathaniel  
Error,10/4/2017 9:00:31 AM,EventCreate,1,None,Application,djkvdihost255.jakarta01.com,JAKARTA01\richard  
Error,10/4/2017 8:59:42 AM,EventCreate,1,None,Application,djkvdihost807.jakarta01.com,JAKARTA01\guestisd52  
Error,10/4/2017 8:58:46 AM,EventCreate,1,None,Application,djkvdihost680.jakarta01.com,JAKARTA01\meltsaury  
Error,10/4/2017 8:58:10 AM,EventCreate,1,None,Application,djkvdihost706.jakarta01.com,JAKARTA01\kurniawan  
Error,10/4/2017 8:56:59 AM,EventCreate,1,None,Application,djkvdihost093.jakarta01.com,JAKARTA01\arinie  
Error,10/4/2017 8:56:55 AM,Application Error,1000,(100),Application,djkvdihost093.jakarta01.com,"Faulting application name: OUTLOOK.EXE, version: 15.0.4919.1001, time stamp: 0x58d20482
Faulting module name: OUTLOOK.EXE, version: 15.0.4919.1001, time stamp: 0x58d20482
Exception code: 0xc0000005
Fault offset: 0x008924c7
Faulting process id: 0x1abc
Faulting application start time: 0x01d33caad42e5291
Faulting application path: C:\Program Files\Microsoft Office\Office15\OUTLOOK.EXE
Faulting module path: C:\Program Files\Microsoft Office\Office15\OUTLOOK.EXE
Report Id: 4bed2633-a8a7-11e7-9ba0-0050569f2e88"
Error,10/4/2017 8:56:16 AM,EventCreate,1,None,Application,djkvdihost450.jakarta01.com,JAKARTA01\diah  
Error,10/4/2017 8:56:02 AM,EventCreate,1,None,Application,djkvdihost192.jakarta01.com,JAKARTA01\mauluddin  
Error,10/4/2017 8:55:45 AM,EventCreate,1,None,Application,djkvdihost645.jakarta01.com,JAKARTA01\aynie  
Error,10/4/2017 8:55:27 AM,EventCreate,1,None,Application,djkvdihost508.jakarta01.com,JAKARTA01\Amelia  
Error,10/4/2017 8:55:09 AM,EventCreate,1,None,Application,djkvdihost803.jakarta01.com,JAKARTA01\ilham  
Error,10/4/2017 8:55:06 AM,EventCreate,1,None,Application,djkvdihost554.jakarta01.com,JAKARTA01\GuestISD48  
Error,10/4/2017 8:54:09 AM,EventCreate,1,None,Application,djkvdihost044.jakarta01.com,JAKARTA01\HarisH  
Error,10/4/2017 8:51:44 AM,EventCreate,1,None,Application,djkvdihost086.jakarta01.com,JAKARTA01\guestisd25  
Error,10/4/2017 8:50:26 AM,EventCreate,1,None,Application,djkvdihost404.jakarta01.com,JAKARTA01\william  
Error,10/4/2017 8:50:23 AM,Application Error,1000,(100),Application,djkvdihost404.jakarta01.com,"Faulting application name: OUTLOOK.EXE, version: 15.0.4919.1001, time stamp: 0x58d20482
Faulting module name: OUTLOOK.EXE, version: 15.0.4919.1001, time stamp: 0x58d20482
Exception code: 0xc0000005
Fault offset: 0x008924c4
Faulting process id: 0xd44
Faulting application start time: 0x01d33cb12e95a033
Faulting application path: C:\Program Files\Microsoft Office\Office15\OUTLOOK.EXE
Faulting module path: C:\Program Files\Microsoft Office\Office15\OUTLOOK.EXE
Report Id: 627eccd3-a8a6-11e7-bc85-0050569f50b8"
Error,10/4/2017 8:50:49 AM,EventCreate,1,None,Application,djkvdihost677.jakarta01.com,JAKARTA01\marlina2  
Error,10/4/2017 8:50:43 AM,EventCreate,1,None,Application,djkvdihost596.jakarta01.com,JAKARTA01\juliet  
Error,10/4/2017 8:49:57 AM,EventCreate,1,None,Application,djkvdihost190.jakarta01.com,JAKARTA01\andre cahyono  
Error,10/4/2017 8:49:34 AM,EventCreate,1,None,Application,djkvdihost190.jakarta01.com,JAKARTA01\andre cahyono  
Error,10/4/2017 8:48:02 AM,WSH,1,None,Application,djkvdihost190.jakarta01.com,"CN=Andre Cahyono password will expire in 4 day(s) at 10/8/2017 5:21:51 PM

Press CTRL + ALT + DEL and select the ""Change a password"" option."
Error,10/4/2017 8:48:02 AM,WSH,1,None,Application,djkvdihost190.jakarta01.com,"CN=Andre Cahyono password will expire in 4 day(s) at 10/8/2017 5:21:51 PM

Press CTRL + ALT + DEL and select the ""Change a password"" option."
Error,10/4/2017 8:49:28 AM,EventCreate,1,None,Application,djkvdihost643.jakarta01.com,JAKARTA01\MahendraR  
Error,10/4/2017 8:48:04 AM,EventCreate,1,None,Application,djkvdihost605.jakarta01.com,JAKARTA01\angga  
Error,10/4/2017 8:48:01 AM,Application Error,1000,(100),Application,djkvdihost605.jakarta01.com,"Faulting application name: OUTLOOK.EXE, version: 15.0.4919.1001, time stamp: 0x58d20482
Faulting module name: unknown, version: 0.0.0.0, time stamp: 0x00000000
Exception code: 0xc0000005
Fault offset: 0x8c000000
Faulting process id: 0x5ec
Faulting application start time: 0x01d33cabdd9a8020
Faulting application path: C:\Program Files\Microsoft Office\Office15\OUTLOOK.EXE
Faulting module path: unknown
Report Id: 0dcfd8f3-a8a6-11e7-898b-0050569f5b7a"
Error,10/4/2017 8:48:24 AM,EventCreate,1,None,Application,djkvdihost357.jakarta01.com,JAKARTA01\handayani  
Error,10/4/2017 8:47:38 AM,EventCreate,1,None,Application,djkvdihost504.jakarta01.com,JAKARTA01\Rudy Setyo  
Error,10/4/2017 8:47:14 AM,EventCreate,1,None,Application,djkvdihost138.jakarta01.com,JAKARTA01\barry  
Error,10/4/2017 8:47:11 AM,Application Error,1000,(100),Application,djkvdihost138.jakarta01.com,"Faulting application name: OUTLOOK.EXE, version: 15.0.4919.1001, time stamp: 0x58d20482
Faulting module name: OUTLOOK.EXE, version: 15.0.4919.1001, time stamp: 0x58d20482
Exception code: 0xc0000005
Fault offset: 0x008924c4
Faulting process id: 0x187c
Faulting application start time: 0x01d33ca614fe3efc
Faulting application path: C:\Program Files\Microsoft Office\Office15\OUTLOOK.EXE
Faulting module path: C:\Program Files\Microsoft Office\Office15\OUTLOOK.EXE
Report Id: efa0166f-a8a5-11e7-9ba2-0050569f3046"
Error,10/4/2017 8:47:39 AM,EventCreate,1,None,Application,djkvdihost103.jakarta01.com,JAKARTA01\alex  
Error,10/4/2017 8:47:33 AM,EventCreate,1,None,Application,djkvdihost050.jakarta01.com,JAKARTA01\Linda Marshelia  
Error,10/4/2017 8:47:31 AM,EventCreate,1,None,Application,djkvdihost356.jakarta01.com,JAKARTA01\jidromann  
Error,10/4/2017 8:47:25 AM,EventCreate,1,None,Application,djkvdihost117.jakarta01.com,JAKARTA01\Sunaryo  
Error,10/4/2017 8:46:50 AM,EventCreate,1,None,Application,djkvdihost306.jakarta01.com,JAKARTA01\nadea  
Error,10/4/2017 8:47:15 AM,EventCreate,1,None,Application,djkvdihost091.jakarta01.com,JAKARTA01\Kartina  
Error,10/4/2017 8:46:45 AM,WSH,1,None,Application,djkvdihost504.jakarta01.com,"CN=Rudy Setyo Wiyono password will expire in 4 day(s) at 10/8/2017 9:29:06 AM

Press CTRL + ALT + DEL and select the ""Change a password"" option."
Error,10/4/2017 8:47:14 AM,Application Error,1000,(100),Application,djkvdihost091.jakarta01.com,"Faulting application name: spoolsv.exe, version: 6.1.7601.17777, time stamp: 0x4f35efc3
Faulting module name: msvcrt.dll, version: 7.0.7601.17744, time stamp: 0x4eeaf722
Exception code: 0xc0000005
Fault offset: 0x0000aa14
Faulting process id: 0x634
Faulting application start time: 0x01d33c2aa036f0e2
Faulting application path: C:\Windows\System32\spoolsv.exe
Faulting module path: C:\Windows\system32\msvcrt.dll
Report Id: f1d1da90-a8a5-11e7-a145-0050569f1380"
Error,10/4/2017 8:47:12 AM,EventCreate,1,None,Application,djkvdihost634.jakarta01.com,JAKARTA01\GuestISD42  
Error,10/4/2017 8:47:11 AM,EventCreate,1,None,Application,djkvdihost228.jakarta01.com,JAKARTA01\Erlisa  
Error,10/4/2017 8:46:45 AM,WSH,1,None,Application,djkvdihost504.jakarta01.com,"CN=Rudy Setyo Wiyono password will expire in 4 day(s) at 10/8/2017 9:29:06 AM

Press CTRL + ALT + DEL and select the ""Change a password"" option."
Error,10/4/2017 8:46:37 AM,EventCreate,1,None,Application,djkvdihost485.jakarta01.com,JAKARTA01\taty  
Error,10/4/2017 8:46:16 AM,EventCreate,1,None,Application,djkvdihost478.jakarta01.com,JAKARTA01\widinuryanti  
Error,10/4/2017 8:45:31 AM,EventCreate,1,None,Application,djkvdihost168.jakarta01.com,JAKARTA01\ali pasya  
Error,10/4/2017 8:45:29 AM,Application Error,1000,(100),Application,djkvdihost168.jakarta01.com,"Faulting application name: NLNOTES.EXE, version: 8.5.30.11258, time stamp: 0x4e72fa51
Faulting module name: nnotes.dll, version: 8.5.30.11258, time stamp: 0x4e72fa6a
Exception code: 0xc0000005
Fault offset: 0x001c7f0e
Faulting process id: 0x1928
Faulting application start time: 0x01d33cb2750c5453
Faulting application path: C:\Program Files\IBM\Lotus\Notes\NLNOTES.EXE
Faulting module path: C:\Program Files\IBM\Lotus\Notes\nnotes.dll
Report Id: b2cbea33-a8a5-11e7-90d1-0050569f0dfc"
Error,10/4/2017 8:45:56 AM,EventCreate,1,None,Application,djkvdihost172.jakarta01.com,JAKARTA01\payogi  
Error,10/4/2017 8:45:43 AM,EventCreate,1,None,Application,djkvdihost306.jakarta01.com,JAKARTA01\nadea  
Error,10/4/2017 8:44:57 AM,EventCreate,1,None,Application,djkvdihost168.jakarta01.com,JAKARTA01\ali pasya  
Error,10/4/2017 8:44:54 AM,Application Error,1000,(100),Application,djkvdihost168.jakarta01.com,"Faulting application name: NLNOTES.EXE, version: 8.5.30.11258, time stamp: 0x4e72fa51
Faulting module name: nnotes.dll, version: 8.5.30.11258, time stamp: 0x4e72fa6a
Exception code: 0xc0000005
Fault offset: 0x001c7f0e
Faulting process id: 0x81c
Faulting application start time: 0x01d33cb25f4f0593
Faulting application path: C:\Program Files\IBM\Lotus\Notes\NLNOTES.EXE
Faulting module path: C:\Program Files\IBM\Lotus\Notes\nnotes.dll
Report Id: 9e1df833-a8a5-11e7-90d1-0050569f0dfc"
Error,10/4/2017 8:45:18 AM,EventCreate,1,None,Application,djkvdihost470.jakarta01.com,JAKARTA01\GUESTISD26  
Error,10/4/2017 8:44:37 AM,EventCreate,1,None,Application,djkvdihost135.jakarta01.com,JAKARTA01\mohammad  
Error,10/4/2017 8:44:07 AM,EventCreate,1,None,Application,djkvdihost476.jakarta01.com,JAKARTA01\ferdiansyah  
Error,10/4/2017 8:44:03 AM,EventCreate,1,None,Application,djkvdihost627.jakarta01.com,JAKARTA01\nuning  
Error,10/4/2017 8:43:24 AM,WSH,1,None,Application,djkvdihost627.jakarta01.com,"CN=Nuning password will expire in 1 day(s) at 10/5/2017 8:27:15 AM

Press CTRL + ALT + DEL and select the ""Change a password"" option."
Error,10/4/2017 8:43:48 AM,EventCreate,1,None,Application,djkvdihost824.jakarta01.com,JAKARTA01\amelinda  
Error,10/4/2017 8:43:07 AM,EventCreate,1,None,Application,djkvdihost653.jakarta01.com,JAKARTA01\phesyana  
Error,10/4/2017 8:43:04 AM,Application Error,1000,(100),Application,djkvdihost653.jakarta01.com,"Faulting application name: OUTLOOK.EXE, version: 15.0.4919.1001, time stamp: 0x58d20482
Faulting module name: OUTLOOK.EXE, version: 15.0.4919.1001, time stamp: 0x58d20482
Exception code: 0xc0000005
Fault offset: 0x008924c4
Faulting process id: 0x1cb0
Faulting application start time: 0x01d33ca61a1976cc
Faulting application path: C:\Program Files\Microsoft Office\Office15\OUTLOOK.EXE
Faulting module path: C:\Program Files\Microsoft Office\Office15\OUTLOOK.EXE
Report Id: 5c6887cf-a8a5-11e7-80d1-0050569f4206"
Error,10/4/2017 8:43:33 AM,EventCreate,1,None,Application,djkvdihost204.jakarta01.com,JAKARTA01\yulianty  
Error,10/4/2017 8:43:00 AM,EventCreate,1,None,Application,djkvdihost136.jakarta01.com,JAKARTA01\jayson  
Error,10/4/2017 8:43:23 AM,WSH,1,None,Application,djkvdihost627.jakarta01.com,"CN=Nuning password will expire in 1 day(s) at 10/5/2017 8:27:15 AM

Press CTRL + ALT + DEL and select the ""Change a password"" option."
Error,10/4/2017 8:42:51 AM,EventCreate,1,None,Application,djkvdihost364.jakarta01.com,JAKARTA01\yudistira  
Error,10/4/2017 8:42:35 AM,EventCreate,1,None,Application,djkvdihost763.jakarta01.com,JAKARTA01\Rio  
Error,10/4/2017 8:42:35 AM,EventCreate,1,None,Application,djkvdihost080.jakarta01.com,JAKARTA01\teddy  
Error,10/4/2017 8:42:19 AM,EventCreate,1,None,Application,djkvdihost781.jakarta01.com,JAKARTA01\satria graha  
Error,10/4/2017 8:42:18 AM,EventCreate,1,None,Application,djkvdihost570.jakarta01.com,JAKARTA01\guestisd20  
Error,10/4/2017 8:42:07 AM,EventCreate,1,None,Application,djkvdihost136.jakarta01.com,JAKARTA01\jayson  
Error,10/4/2017 8:41:45 AM,EventCreate,1,None,Application,djkvdihost774.jakarta01.com,JAKARTA01\Rosulla  
Error,10/4/2017 8:40:30 AM,EventCreate,1,None,Application,djkvdihost352.jakarta01.com,JAKARTA01\amiratul  
Error,10/4/2017 8:38:50 AM,EventCreate,1,None,Application,djkvdihost893.jakarta01.com,JAKARTA01\naruhito  
Error,10/4/2017 8:39:00 AM,EventCreate,1,None,Application,djkvdihost325.jakarta01.com,JAKARTA01\marchelius  
Error,10/4/2017 8:38:39 AM,EventCreate,1,None,Application,djkvdihost893.jakarta01.com,JAKARTA01\naruhito  
Error,10/4/2017 8:38:29 AM,EventCreate,1,None,Application,djkvdihost007.jakarta01.com,JAKARTA01\zahra  
Error,10/4/2017 8:37:51 AM,EventCreate,1,None,Application,djkvdihost193.jakarta01.com,JAKARTA01\nurfadila  
Error,10/4/2017 8:37:50 AM,EventCreate,1,None,Application,djkvdihost085.jakarta01.com,JAKARTA01\dwihan  
Error,10/4/2017 8:37:38 AM,EventCreate,1,None,Application,djkvdihost003.jakarta01.com,JAKARTA01\dyah  
Error,10/4/2017 8:37:08 AM,EventCreate,1,None,Application,djkvdihost300.jakarta01.com,JAKARTA01\anderson  
Error,10/4/2017 8:36:31 AM,EventCreate,1,None,Application,djkvdihost343.jakarta01.com,JAKARTA01\fajar  
Error,10/4/2017 8:36:28 AM,Application Error,1000,(100),Application,djkvdihost343.jakarta01.com,"Faulting application name: lync.exe, version: 15.0.4919.1000, time stamp: 0x58c7ab1e
Faulting module name: mshtml.dll, version: 11.0.9600.18639, time stamp: 0x58d6c720
Exception code: 0xc0000005
Fault offset: 0x0013a2cc
Faulting process id: 0x1604
Faulting application start time: 0x01d33cabcedc4955
Faulting application path: C:\Program Files\Microsoft Office\Office15\lync.exe
Faulting module path: C:\Windows\System32\mshtml.dll
Report Id: 707d854d-a8a4-11e7-866f-0050569f2873"
Error,10/4/2017 8:36:42 AM,EventCreate,1,None,Application,djkvdihost835.jakarta01.com,JAKARTA01\Guestisd30  
Error,10/4/2017 8:36:31 AM,EventCreate,1,None,Application,djkvdihost112.jakarta01.com,JAKARTA01\Yulistial  
Error,10/4/2017 8:36:18 AM,EventCreate,1,None,Application,djkvdihost309.jakarta01.com,JAKARTA01\Guestisd31  
Error,10/4/2017 8:34:52 AM,EventCreate,1,None,Application,djkvdihost006.jakarta01.com,JAKARTA01\guestisd03  
Error,10/4/2017 8:34:57 AM,EventCreate,1,None,Application,djkvdihost806.jakarta01.com,JAKARTA01\mayang  
Error,10/4/2017 8:34:54 AM,EventCreate,1,None,Application,djkvdihost396.jakarta01.com,JAKARTA01\hirano  
Error,10/4/2017 8:34:50 AM,EventCreate,1,None,Application,djkvdihost681.jakarta01.com,JAKARTA01\diena  
Error,10/4/2017 8:34:02 AM,EventCreate,1,None,Application,djkvdihost464.jakarta01.com,JAKARTA01\sanggra  
Error,10/4/2017 8:33:30 AM,EventCreate,1,None,Application,djkvdihost006.jakarta01.com,JAKARTA01\guestisd03  
Error,10/4/2017 8:19:53 AM,EventCreate,1,None,Application,djkvdihost006.jakarta01.com,JAKARTA01\devita  
Error,10/4/2017 8:33:32 AM,EventCreate,1,None,Application,djkvdihost672.jakarta01.com,JAKARTA01\Dini  
Error,10/4/2017 8:18:24 AM,EventCreate,1,None,Application,djkvdihost006.jakarta01.com,JAKARTA01\devita  
Error,10/4/2017 8:33:14 AM,EventCreate,1,None,Application,djkvdihost168.jakarta01.com,JAKARTA01\ali pasya  
Error,10/4/2017 8:33:08 AM,EventCreate,1,None,Application,djkvdihost182.jakarta01.com,JAKARTA01\MFIRMAN  
Error,10/4/2017 8:33:00 AM,EventCreate,1,None,Application,djkvdihost738.jakarta01.com,JAKARTA01\andrik  
Error,10/4/2017 8:32:48 AM,EventCreate,1,None,Application,djkvdihost747.jakarta01.com,JAKARTA01\guestisd27  
