Error,10/2/2017 7:27,EventCreate,1,None,Application,djkvdihost288.jakarta01.com,JAKARTA01\retno  
Error,10/2/2017 7:27,EventCreate,1,None,Application,djkvdihost525.jakarta01.com,JAKARTA01\Hadi  
Error,10/2/2017 7:27,EventCreate,1,None,Application,djkvdihost200.jakarta01.com,JAKARTA01\tudie  
Error,10/2/2017 7:27,EventCreate,1,None,Application,djkvdihost635.jakarta01.com,JAKARTA01\yenni  
Error,10/2/2017 7:27,EventCreate,1,None,Application,djkvdihost400.jakarta01.com,JAKARTA01\netra  
Error,10/2/2017 7:27,EventCreate,1,None,Application,djkvdihost214.jakarta01.com,JAKARTA01\eddy  
Error,10/2/2017 7:27,EventCreate,1,None,Application,djkvdihost723.jakarta01.com,JAKARTA01\aticha  
Error,10/2/2017 7:26,EventCreate,1,None,Application,djkvdihost280.jakarta01.com,JAKARTA01\k_ignatius  
Error,10/2/2017 7:26,EventCreate,1,None,Application,djkvdihost725.jakarta01.com,JAKARTA01\tobing  
Error,10/2/2017 7:26,EventCreate,1,None,Application,djkvdihost268.jakarta01.com,JAKARTA01\restiani  
Error,10/2/2017 7:26,EventCreate,1,None,Application,djkvdihost248.jakarta01.com,JAKARTA01\Thalia  
Error,10/2/2017 7:26,EventCreate,1,None,Application,djkvdihost818.jakarta01.com,JAKARTA01\lenny  
Error,10/2/2017 7:26,EventCreate,1,None,Application,djkvdihost333.jakarta01.com,JAKARTA01\heri  
Error,10/2/2017 7:26,EventCreate,1,None,Application,djkvdihost828.jakarta01.com,JAKARTA01\Luki Mahanani  
Error,10/2/2017 7:25,WSH,1,None,Application,djkvdihost280.jakarta01.com,"CN=Kurniawan Ignatius password will expire in 0 day(s) at 10/2/2017 8:01:32 AM

Press CTRL + ALT + DEL and select the ""Change a password"" option."
Error,10/2/2017 7:26,EventCreate,1,None,Application,djkvdihost406.jakarta01.com,JAKARTA01\fardy  
Error,10/2/2017 7:26,EventCreate,1,None,Application,djkvdihost696.jakarta01.com,JAKARTA01\fferdian  
Error,10/2/2017 7:25,WSH,1,None,Application,djkvdihost280.jakarta01.com,"CN=Kurniawan Ignatius password will expire in 0 day(s) at 10/2/2017 8:01:32 AM

Press CTRL + ALT + DEL and select the ""Change a password"" option."
Error,10/2/2017 7:25,EventCreate,1,None,Application,djkvdihost818.jakarta01.com,JAKARTA01\lenny  
Error,10/2/2017 7:25,EventCreate,1,None,Application,djkvdihost169.jakarta01.com,JAKARTA01\ayuningtias  
Error,10/2/2017 7:24,EventCreate,1,None,Application,djkvdihost798.jakarta01.com,JAKARTA01\ario  
Error,10/2/2017 7:24,EventCreate,1,None,Application,djkvdihost348.jakarta01.com,JAKARTA01\maria  
Error,10/2/2017 7:24,EventCreate,1,None,Application,djkvdihost089.jakarta01.com,JAKARTA01\Anton  
Error,10/2/2017 7:24,EventCreate,1,None,Application,djkvdihost259.jakarta01.com,JAKARTA01\Virgitha  
Error,10/2/2017 7:23,EventCreate,1,None,Application,djkvdihost528.jakarta01.com,JAKARTA01\Jessica  
Error,10/2/2017 7:23,EventCreate,1,None,Application,djkvdihost653.jakarta01.com,JAKARTA01\Marlina  
Error,10/2/2017 7:23,EventCreate,1,None,Application,djkvdihost495.jakarta01.com,JAKARTA01\Rana  
Error,10/2/2017 7:22,EventCreate,1,None,Application,djkvdihost159.jakarta01.com,JAKARTA01\Dimas Satya  
Error,10/2/2017 7:22,EventCreate,1,None,Application,djkvdihost159.jakarta01.com,JAKARTA01\Dimas Satya  
Error,10/2/2017 7:23,EventCreate,1,None,Application,djkvdihost702.jakarta01.com,JAKARTA01\Letitia  
Error,10/2/2017 7:22,EventCreate,1,None,Application,djkvdihost758.jakarta01.com,JAKARTA01\sugiarto  
Error,10/2/2017 7:22,EventCreate,1,None,Application,djkvdihost159.jakarta01.com,JAKARTA01\Dimas Satya  
Error,10/2/2017 7:22,EventCreate,1,None,Application,djkvdihost643.jakarta01.com,JAKARTA01\nunik  
Error,10/2/2017 7:22,EventCreate,1,None,Application,djkvdihost450.jakarta01.com,JAKARTA01\susilowati  
Error,10/2/2017 7:22,EventCreate,1,None,Application,djkvdihost480.jakarta01.com,JAKARTA01\poetry  
Error,10/2/2017 7:22,EventCreate,1,None,Application,djkvdihost517.jakarta01.com,JAKARTA01\indrawati  
Error,10/2/2017 7:22,EventCreate,1,None,Application,djkvdihost758.jakarta01.com,JAKARTA01\sugiarto  
Error,10/2/2017 7:22,EventCreate,1,None,Application,djkvdihost121.jakarta01.com,JAKARTA01\livia  
Error,10/2/2017 7:22,EventCreate,1,None,Application,djkvdihost726.jakarta01.com,JAKARTA01\andini  
Error,10/2/2017 7:21,EventCreate,1,None,Application,djkvdihost389.jakarta01.com,JAKARTA01\Hertanto gunadi  
Error,10/2/2017 7:21,EventCreate,1,None,Application,djkvdihost109.jakarta01.com,JAKARTA01\tesha  
Error,10/2/2017 7:21,EventCreate,1,None,Application,djkvdihost095.jakarta01.com,JAKARTA01\tantri  
Error,10/2/2017 7:20,EventCreate,1,None,Application,djkvdihost648.jakarta01.com,JAKARTA01\andri  
Error,10/2/2017 7:20,EventCreate,1,None,Application,djkvdihost688.jakarta01.com,JAKARTA01\kusumadita  
Error,10/2/2017 7:20,EventCreate,1,None,Application,djkvdihost589.jakarta01.com,JAKARTA01\haris  
Error,10/2/2017 7:19,EventCreate,1,None,Application,djkvdihost865.jakarta01.com,JAKARTA01\kubo  
Error,10/2/2017 7:19,EventCreate,1,None,Application,djkvdihost215.jakarta01.com,JAKARTA01\veronicam  
Error,10/2/2017 7:19,EventCreate,1,None,Application,djkvdihost631.jakarta01.com,JAKARTA01\iqbal  
Error,10/2/2017 7:18,EventCreate,1,None,Application,djkvdihost356.jakarta01.com,JAKARTA01\adityo  
Error,10/2/2017 7:18,EventCreate,1,None,Application,djkvdihost202.jakarta01.com,JAKARTA01\myreshka  
Error,10/2/2017 7:18,EventCreate,1,None,Application,djkvdihost872.jakarta01.com,JAKARTA01\tsusaka  
Error,10/2/2017 7:18,EventCreate,1,None,Application,djkvdihost245.jakarta01.com,JAKARTA01\vina  
Error,10/2/2017 7:17,EventCreate,1,None,Application,djkvdihost368.jakarta01.com,JAKARTA01\Yosi  
Error,10/2/2017 7:17,WSH,1,None,Application,djkvdihost368.jakarta01.com,"CN=Yosi Dayanti password will expire in 0 day(s) at 10/2/2017 9:17:03 AM

Press CTRL + ALT + DEL and select the ""Change a password"" option."
Error,10/2/2017 7:17,EventCreate,1,None,Application,djkvdihost264.jakarta01.com,JAKARTA01\dyah alit  
Error,10/2/2017 7:17,EventCreate,1,None,Application,djkvdihost621.jakarta01.com,JAKARTA01\muhammad afif  
Error,10/2/2017 7:17,WSH,1,None,Application,djkvdihost368.jakarta01.com,"CN=Yosi Dayanti password will expire in 0 day(s) at 10/2/2017 9:17:03 AM

Press CTRL + ALT + DEL and select the ""Change a password"" option."
Error,10/2/2017 7:17,EventCreate,1,None,Application,djkvdihost604.jakarta01.com,JAKARTA01\findal  
Error,10/2/2017 7:16,EventCreate,1,None,Application,djkvdihost582.jakarta01.com,JAKARTA01\santoso  
Error,10/2/2017 7:16,EventCreate,1,None,Application,djkvdihost530.jakarta01.com,JAKARTA01\femmy  
Error,10/2/2017 7:16,EventCreate,1,None,Application,djkvdihost645.jakarta01.com,JAKARTA01\Sely  
Error,10/2/2017 7:15,EventCreate,1,None,Application,djkvdihost372.jakarta01.com,JAKARTA01\rusliyani  
Error,10/2/2017 7:15,EventCreate,1,None,Application,djkvdihost766.jakarta01.com,JAKARTA01\maya  
Error,10/2/2017 7:15,EventCreate,1,None,Application,djkvdihost585.jakarta01.com,JAKARTA01\kezia  
Error,10/2/2017 7:14,EventCreate,1,None,Application,djkvdihost167.jakarta01.com,JAKARTA01\dananwst  
Error,10/2/2017 7:14,EventCreate,1,None,Application,djkvdihost586.jakarta01.com,JAKARTA01\phesyana  
Error,10/2/2017 7:14,EventCreate,1,None,Application,djkvdihost669.jakarta01.com,JAKARTA01\junito  
Error,10/2/2017 7:14,EventCreate,1,None,Application,djkvdihost580.jakarta01.com,JAKARTA01\namora  
Error,10/2/2017 7:14,EventCreate,1,None,Application,djkvdihost901.jakarta01.com,JAKARTA01\Joni  
Error,10/2/2017 7:14,EventCreate,1,None,Application,djkvdihost393.jakarta01.com,JAKARTA01\danielhp  
Error,10/2/2017 7:13,EventCreate,1,None,Application,djkvdihost636.jakarta01.com,JAKARTA01\barry  
Error,10/2/2017 7:13,EventCreate,1,None,Application,djkvdihost420.jakarta01.com,JAKARTA01\dian  
Error,10/2/2017 7:13,EventCreate,1,None,Application,djkvdihost642.jakarta01.com,JAKARTA01\willya  
Error,10/2/2017 7:13,EventCreate,1,None,Application,djkvdihost422.jakarta01.com,JAKARTA01\ayudia  
Error,10/2/2017 7:12,EventCreate,1,None,Application,djkvdihost801.jakarta01.com,JAKARTA01\DEVI  
Error,10/2/2017 7:12,EventCreate,1,None,Application,djkvdihost760.jakarta01.com,JAKARTA01\yoga  
Error,10/2/2017 7:11,EventCreate,1,None,Application,djkvdihost687.jakarta01.com,JAKARTA01\ayu rifa  
Error,10/2/2017 7:11,EventCreate,1,None,Application,djkvdihost762.jakarta01.com,JAKARTA01\LILY AISYAH  
Error,10/2/2017 7:10,EventCreate,1,None,Application,djkvdihost710.jakarta01.com,JAKARTA01\topik  
Error,10/2/2017 7:09,EventCreate,1,None,Application,djkvdihost646.jakarta01.com,JAKARTA01\Yunita  
Error,10/2/2017 7:09,EventCreate,1,None,Application,djkvdihost871.jakarta01.com,JAKARTA01\Nishinaka  
Error,10/2/2017 7:09,EventCreate,1,None,Application,djkvdihost418.jakarta01.com,JAKARTA01\ALTHEA  
Error,10/2/2017 7:08,EventCreate,1,None,Application,djkvdihost877.jakarta01.com,JAKARTA01\masuyama  
Error,10/2/2017 7:08,EventCreate,1,None,Application,djkvdihost104.jakarta01.com,JAKARTA01\aria  
Error,10/2/2017 7:08,EventCreate,1,None,Application,djkvdihost026.jakarta01.com,JAKARTA01\muhammad zubayr  
Error,10/2/2017 7:08,Application Error,1000,-100,Application,djkvdihost877.jakarta01.com,"Faulting application name: spoolsv.exe, version: 6.1.7601.17777, time stamp: 0x4f35efc3
Faulting module name: msvcrt.dll, version: 7.0.7601.17744, time stamp: 0x4eeaf722
Exception code: 0xc0000005
Fault offset: 0x0000aa14
Faulting process id: 0x604
Faulting application start time: 0x01d33a28699158e5
Faulting application path: C:\Windows\System32\spoolsv.exe
Faulting module path: C:\Windows\system32\msvcrt.dll
Report Id: d2ed2e69-a705-11e7-93e8-0050569f5dd0"
Error,10/2/2017 7:07,EventCreate,1,None,Application,djkvdihost463.jakarta01.com,JAKARTA01\sulistyono  
Error,10/2/2017 7:08,EventCreate,1,None,Application,djkvdihost856.jakarta01.com,JAKARTA01\andi  
Error,10/2/2017 7:08,EventCreate,1,None,Application,djkvdihost781.jakarta01.com,JAKARTA01\rini  
Error,10/2/2017 7:07,EventCreate,1,None,Application,djkvdihost405.jakarta01.com,JAKARTA01\debby  
Error,10/2/2017 7:07,EventCreate,1,None,Application,djkvdihost463.jakarta01.com,JAKARTA01\sulistyono  
Error,10/2/2017 7:07,EventCreate,1,None,Application,djkvdihost754.jakarta01.com,JAKARTA01\yofiandhy  
Error,10/2/2017 7:07,EventCreate,1,None,Application,djkvdihost705.jakarta01.com,JAKARTA01\suhendrayana  
Error,10/2/2017 7:07,EventCreate,1,None,Application,djkvdihost567.jakarta01.com,JAKARTA01\Hera  
Error,10/2/2017 7:07,EventCreate,1,None,Application,djkvdihost039.jakarta01.com,JAKARTA01\gati  
Error,10/2/2017 7:07,EventCreate,1,None,Application,djkvdihost754.jakarta01.com,JAKARTA01\yofiandhy  
Error,10/2/2017 7:02,EventCreate,1,None,Application,djkvdihost340.jakarta01.com,JAKARTA01\Tammyana  
Error,10/2/2017 7:00,EventCreate,1,None,Application,djkvdihost228.jakarta01.com,JAKARTA01\elestari  
Error,10/2/2017 7:00,EventCreate,1,None,Application,djkvdihost391.jakarta01.com,JAKARTA01\anggi  
Error,10/2/2017 6:59,EventCreate,1,None,Application,djkvdihost224.jakarta01.com,JAKARTA01\tjahja  
Error,10/2/2017 6:59,Application Error,1000,-100,Application,djkvdihost391.jakarta01.com,"Faulting application name: spoolsv.exe, version: 6.1.7601.17777, time stamp: 0x4f35efc3
Faulting module name: msvcrt.dll, version: 7.0.7601.17744, time stamp: 0x4eeaf722
Exception code: 0xc0000005
Fault offset: 0x0000aa14
Faulting process id: 0x62c
Faulting application start time: 0x01d33a30751167b6
Faulting application path: C:\Windows\System32\spoolsv.exe
Faulting module path: C:\Windows\system32\msvcrt.dll
Report Id: 9a996cab-a704-11e7-8b09-0050569f50f4"
Error,10/2/2017 6:59,EventCreate,1,None,Application,djkvdihost350.jakarta01.com,JAKARTA01\azwar  
Error,10/2/2017 6:59,EventCreate,1,None,Application,djkvdihost350.jakarta01.com,JAKARTA01\azwar  
Error,10/2/2017 6:59,EventCreate,1,None,Application,djkvdihost350.jakarta01.com,JAKARTA01\azwar  
Error,10/2/2017 6:58,EventCreate,1,None,Application,djkvdihost698.jakarta01.com,JAKARTA01\feni  
Error,10/2/2017 6:58,EventCreate,1,None,Application,djkvdihost503.jakarta01.com,JAKARTA01\ester  
Error,10/2/2017 6:57,EventCreate,1,None,Application,djkvdihost630.jakarta01.com,JAKARTA01\Patsiana  
Error,10/2/2017 6:57,EventCreate,1,None,Application,djkvdihost294.jakarta01.com,JAKARTA01\mulyanto  
Error,10/2/2017 6:56,EventCreate,1,None,Application,djkvdihost402.jakarta01.com,JAKARTA01\IRMALA  
Error,10/2/2017 6:56,EventCreate,1,None,Application,djkvdihost267.jakarta01.com,JAKARTA01\nugraha  
Error,10/2/2017 6:55,EventCreate,1,None,Application,djkvdihost267.jakarta01.com,JAKARTA01\nugraha  
Error,10/2/2017 6:55,EventCreate,1,None,Application,djkvdihost848.jakarta01.com,JAKARTA01\ueda  
Error,10/2/2017 6:52,EventCreate,1,None,Application,djkvdihost007.jakarta01.com,JAKARTA01\Linah  
Error,10/2/2017 6:51,EventCreate,1,None,Application,djkvdihost085.jakarta01.com,JAKARTA01\Leli  
Error,10/2/2017 6:50,EventCreate,1,None,Application,djkvdihost175.jakarta01.com,JAKARTA01\raditya  
Error,10/2/2017 6:49,EventCreate,1,None,Application,djkvdihost216.jakarta01.com,JAKARTA01\nony  
Error,10/2/2017 6:49,EventCreate,1,None,Application,djkvdihost239.jakarta01.com,JAKARTA01\alexander  
Error,10/2/2017 6:49,EventCreate,1,None,Application,djkvdihost783.jakarta01.com,JAKARTA01\susanto  
Error,10/2/2017 6:48,EventCreate,1,None,Application,djkvdihost747.jakarta01.com,JAKARTA01\andrinur  
Error,10/2/2017 6:48,EventCreate,1,None,Application,djkvdihost222.jakarta01.com,JAKARTA01\komangsd  
Error,10/2/2017 6:48,Application Error,1000,-100,Application,djkvdihost747.jakarta01.com,"Faulting application name: spoolsv.exe, version: 6.1.7601.17777, time stamp: 0x4f35efc3
Faulting module name: msvcrt.dll, version: 7.0.7601.17744, time stamp: 0x4eeaf722
Exception code: 0xc0000005
Fault offset: 0x0000aa14
Faulting process id: 0x638
Faulting application start time: 0x01d33a2a1d4f65be
Faulting application path: C:\Windows\System32\spoolsv.exe
Faulting module path: C:\Windows\system32\msvcrt.dll
Report Id: fae21f68-a702-11e7-b640-0050569f7da5"
Error,10/2/2017 6:48,EventCreate,1,None,Application,djkvdihost106.jakarta01.com,JAKARTA01\RURI  
Error,10/2/2017 6:47,EventCreate,1,None,Application,djkvdihost747.jakarta01.com,JAKARTA01\andrinur  
Error,10/2/2017 6:47,EventCreate,1,None,Application,djkvdihost273.jakarta01.com,JAKARTA01\yasinta  
Error,10/2/2017 6:46,EventCreate,1,None,Application,djkvdihost432.jakarta01.com,JAKARTA01\Pricillia  
Error,10/2/2017 6:44,EventCreate,1,None,Application,djkvdihost707.jakarta01.com,JAKARTA01\Nur Alma  
Error,10/2/2017 6:44,EventCreate,1,None,Application,djkvdihost428.jakarta01.com,JAKARTA01\suwilhan  
Error,10/2/2017 6:44,EventCreate,1,None,Application,djkvdihost508.jakarta01.com,JAKARTA01\Chinthea  
Error,10/2/2017 6:44,EventCreate,1,None,Application,djkvdihost132.jakarta01.com,JAKARTA01\ayub  
Error,10/2/2017 6:43,EventCreate,1,None,Application,djkvdihost847.jakarta01.com,JAKARTA01\Ouchi  
Error,10/2/2017 6:43,EventCreate,1,None,Application,djkvdihost103.jakarta01.com,JAKARTA01\michael  
Error,10/2/2017 6:43,EventCreate,1,None,Application,djkvdihost258.jakarta01.com,JAKARTA01\liza  
Error,10/2/2017 6:42,EventCreate,1,None,Application,djkvdihost539.jakarta01.com,JAKARTA01\puji sih  
Error,10/2/2017 6:41,EventCreate,1,None,Application,djkvdihost575.jakarta01.com,JAKARTA01\mulyono  
Error,10/2/2017 6:41,EventCreate,1,None,Application,djkvdihost472.jakarta01.com,JAKARTA01\muhammad afif  
Error,10/2/2017 6:40,EventCreate,1,None,Application,djkvdihost714.jakarta01.com,JAKARTA01\taufik  
Error,10/2/2017 6:40,EventCreate,1,None,Application,djkvdihost714.jakarta01.com,JAKARTA01\taufik  
Error,10/2/2017 6:40,EventCreate,1,None,Application,djkvdihost714.jakarta01.com,JAKARTA01\taufik  
Error,10/2/2017 6:40,EventCreate,1,None,Application,djkvdihost359.jakarta01.com,JAKARTA01\lieke  
Error,10/2/2017 6:40,EventCreate,1,None,Application,djkvdihost714.jakarta01.com,JAKARTA01\taufik  
Error,10/2/2017 6:40,EventCreate,1,None,Application,djkvdihost874.jakarta01.com,JAKARTA01\jeremia  
Error,10/2/2017 6:38,EventCreate,1,None,Application,djkvdihost040.jakarta01.com,JAKARTA01\margiati  
Error,10/2/2017 6:36,EventCreate,1,None,Application,djkvdihost843.jakarta01.com,JAKARTA01\Machida  
Error,10/2/2017 6:34,EventCreate,1,None,Application,djkvdihost728.jakarta01.com,JAKARTA01\Pram  
Error,10/2/2017 6:32,EventCreate,1,None,Application,djkvdihost006.jakarta01.com,JAKARTA01\hideo  
Error,10/2/2017 6:31,EventCreate,1,None,Application,djkvdihost145.jakarta01.com,JAKARTA01\moh rinov  
Error,10/2/2017 6:31,EventCreate,1,None,Application,djkvdihost338.jakarta01.com,JAKARTA01\gallant  
Error,10/2/2017 6:29,EventCreate,1,None,Application,djkvdihost358.jakarta01.com,JAKARTA01\cut nyak  
Error,10/2/2017 6:27,EventCreate,1,None,Application,djkvdihost511.jakarta01.com,JAKARTA01\dwinanto  
Error,10/2/2017 6:26,EventCreate,1,None,Application,djkvdihost425.jakarta01.com,JAKARTA01\zaldi  
Error,10/2/2017 6:19,EventCreate,1,None,Application,djkvdihost701.jakarta01.com,JAKARTA01\olly  
Error,10/2/2017 6:14,EventCreate,1,None,Application,djkvdihost305.jakarta01.com,JAKARTA01\Nur Maya  
Error,10/2/2017 6:13,EventCreate,1,None,Application,djkvdihost792.jakarta01.com,JAKARTA01\Idafarida  
Error,10/2/2017 6:11,EventCreate,1,None,Application,djkvdihost118.jakarta01.com,JAKARTA01\Shena  
Error,10/2/2017 6:11,EventCreate,1,None,Application,djkvdihost869.jakarta01.com,JAKARTA01\hastari  
Error,10/2/2017 6:05,EventCreate,1,None,Application,djkvdihost053.jakarta01.com,JAKARTA01\ianm  
Error,10/2/2017 6:03,EventCreate,1,None,Application,djkvdihost500.jakarta01.com,JAKARTA01\agungwd  
Error,10/2/2017 6:02,EventCreate,1,None,Application,djkvdihost596.jakarta01.com,JAKARTA01\Argo  
Error,10/2/2017 6:01,EventCreate,1,None,Application,djkvdihost527.jakarta01.com,JAKARTA01\hayatilah  
Error,10/2/2017 6:00,EventCreate,1,None,Application,djkvdihost409.jakarta01.com,JAKARTA01\Erick  
Error,10/2/2017 6:00,WSH,1,None,Application,djkvdihost527.jakarta01.com,"CN=Hayatilah password will expire in 3 day(s) at 10/5/2017 7:00:38 AM

Press CTRL + ALT + DEL and select the ""Change a password"" option."
Error,10/2/2017 6:00,WSH,1,None,Application,djkvdihost527.jakarta01.com,"CN=Hayatilah password will expire in 3 day(s) at 10/5/2017 7:00:38 AM

Press CTRL + ALT + DEL and select the ""Change a password"" option."
Error,10/2/2017 5:59,EventCreate,1,None,Application,djkvdihost572.jakarta01.com,JAKARTA01\Valdi  
Error,10/2/2017 5:59,EventCreate,1,None,Application,djkvdihost130.jakarta01.com,JAKARTA01\arqom  
Error,10/2/2017 5:58,EventCreate,1,None,Application,djkvdihost321.jakarta01.com,JAKARTA01\henny  
Error,10/2/2017 5:58,Application Error,1000,-100,Application,djkvdihost321.jakarta01.com,"Faulting application name: spoolsv.exe, version: 6.1.7601.17777, time stamp: 0x4f35efc3
Faulting module name: msvcrt.dll, version: 7.0.7601.17744, time stamp: 0x4eeaf722
Exception code: 0xc0000005
Fault offset: 0x0000aa14
Faulting process id: 0x638
Faulting application start time: 0x01d33a2dec992a46
Faulting application path: C:\Windows\System32\spoolsv.exe
Faulting module path: C:\Windows\system32\msvcrt.dll
Report Id: ff26a3ab-a6fb-11e7-8b32-0050569f78a6"
Error,10/2/2017 5:55,EventCreate,1,None,Application,djkvdihost314.jakarta01.com,JAKARTA01\ridjal  
Error,10/2/2017 5:55,EventCreate,1,None,Application,djkvdihost515.jakarta01.com,JAKARTA01\anisa  
Error,10/2/2017 5:54,EventCreate,1,None,Application,djkvdihost676.jakarta01.com,JAKARTA01\dhara  
Error,10/2/2017 5:44,EventCreate,1,None,Application,djkvdihost557.jakarta01.com,JAKARTA01\midasope  
Error,10/2/2017 5:43,EventCreate,1,None,Application,djkvdihost513.jakarta01.com,JAKARTA01\hariri  
Error,10/1/2017 13:26,EventCreate,1,None,Application,djkvdihost852.jakarta01.com,JAKARTA01\katsuta  
Error,10/1/2017 11:14,EventCreate,1,None,Application,djkvdihost604.jakarta01.com,JAKARTA01\hertanto  
Error,10/1/2017 10:45,EventCreate,1,None,Application,djkvdihost892.jakarta01.com,JAKARTA01\Denni  
Error,10/1/2017 10:24,EventCreate,1,None,Application,djkvdihost862.jakarta01.com,JAKARTA01\katsuta  
Error,10/1/2017 10:01,EventCreate,1,None,Application,djkvdihost745.jakarta01.com,JAKARTA01\AdrianP  
Error,10/1/2017 9:59,EventCreate,1,None,Application,djkvdihost027.jakarta01.com,JAKARTA01\mario  
Error,10/1/2017 9:59,EventCreate,1,None,Application,djkvdihost027.jakarta01.com,JAKARTA01\mario  
Error,10/1/2017 9:00,EventCreate,1,None,Application,djkvdihost411.jakarta01.com,JAKARTA01\hariri  
Error,10/1/2017 8:54,EventCreate,1,None,Application,djkvdihost902.jakarta01.com,JAKARTA01\Adhisty  
Error,10/1/2017 8:54,EventCreate,1,None,Application,djkvdihost902.jakarta01.com,JAKARTA01\Adhisty  
Error,10/1/2017 8:23,EventCreate,1,None,Application,djkvdihost811.jakarta01.com,JAKARTA01\Fitri Nawawi  
Error,10/1/2017 3:00,EventCreate,1,None,Application,djkvdihost367.jakarta01.com,JAKARTA01\henry  
Error,10/1/2017 2:59,EventCreate,1,None,Application,djkvdihost367.jakarta01.com,JAKARTA01\henry  
Error,10/1/2017 2:55,EventCreate,1,None,Application,djkvdihost538.jakarta01.com,JAKARTA01\rbagus  
Error,9/30/2017 21:58,EventCreate,1,None,Application,djkvdihost713.jakarta01.com,JAKARTA01\Moh Ditto  
Error,9/30/2017 17:35,EventCreate,1,None,Application,djkvdihost900.jakarta01.com,JAKARTA01\Enjang  
Error,9/30/2017 12:57,EventCreate,1,None,Application,djkvdihost506.jakarta01.com,JAKARTA01\purba  
Error,9/30/2017 12:15,EventCreate,1,None,Application,djkvdihost482.jakarta01.com,JAKARTA01\puty  
Error,9/30/2017 12:14,EventCreate,1,None,Application,djkvdihost482.jakarta01.com,JAKARTA01\puty  
Error,9/30/2017 11:52,EventCreate,1,None,Application,djkvdihost206.jakarta01.com,JAKARTA01\diah  
Error,9/30/2017 11:52,EventCreate,1,None,Application,djkvdihost206.jakarta01.com,JAKARTA01\diah  
Error,9/30/2017 11:48,EventCreate,1,None,Application,djkvdihost484.jakarta01.com,JAKARTA01\Festy  
Error,9/30/2017 11:47,EventCreate,1,None,Application,djkvdihost549.jakarta01.com,JAKARTA01\imam  
Error,9/30/2017 11:46,EventCreate,1,None,Application,djkvdihost655.jakarta01.com,JAKARTA01\diah  
Error,9/30/2017 11:45,EventCreate,1,None,Application,djkvdihost655.jakarta01.com,JAKARTA01\diah  
Error,9/30/2017 11:17,EventCreate,1,None,Application,djkvdihost784.jakarta01.com,JAKARTA01\angga  
Error,9/30/2017 11:14,EventCreate,1,None,Application,djkvdihost736.jakarta01.com,JAKARTA01\Adhi Nur  
Error,9/30/2017 11:02,EventCreate,1,None,Application,djkvdihost470.jakarta01.com,JAKARTA01\Nirmala  
Error,9/30/2017 10:55,EventCreate,1,None,Application,djkvdihost806.jakarta01.com,JAKARTA01\eka prastica  
Error,9/30/2017 10:55,EventCreate,1,None,Application,djkvdihost806.jakarta01.com,JAKARTA01\eka prastica  
Error,9/30/2017 10:54,EventCreate,1,None,Application,djkvdihost506.jakarta01.com,JAKARTA01\sari  
Error,9/30/2017 10:54,EventCreate,1,None,Application,djkvdihost506.jakarta01.com,JAKARTA01\sari  
Error,9/30/2017 10:53,EventCreate,1,None,Application,djkvdihost901.jakarta01.com,JAKARTA01\Denni  
Error,9/30/2017 10:53,EventCreate,1,None,Application,djkvdihost196.jakarta01.com,JAKARTA01\danna  
Error,9/30/2017 10:53,EventCreate,1,None,Application,djkvdihost196.jakarta01.com,JAKARTA01\danna  
Error,9/30/2017 10:47,EventCreate,1,None,Application,djkvdihost100.jakarta01.com,JAKARTA01\danna  
Error,9/30/2017 10:42,EventCreate,1,None,Application,djkvdihost805.jakarta01.com,JAKARTA01\agnes  
Error,9/30/2017 10:38,EventCreate,1,None,Application,djkvdihost559.jakarta01.com,JAKARTA01\Kartina  
Error,9/30/2017 10:37,EventCreate,1,None,Application,djkvdihost740.jakarta01.com,JAKARTA01\cita  
Error,9/30/2017 10:37,WSH,1,None,Application,djkvdihost559.jakarta01.com,"CN=Fitriani Kartina password will expire in 3 day(s) at 10/3/2017 8:59:46 AM

Press CTRL + ALT + DEL and select the ""Change a password"" option."
Error,9/30/2017 10:36,EventCreate,1,None,Application,djkvdihost448.jakarta01.com,JAKARTA01\Festy  
Error,9/30/2017 10:36,Application Error,1000,-100,Application,djkvdihost448.jakarta01.com,"Faulting application name: spoolsv.exe, version: 6.1.7601.17777, time stamp: 0x4f35efc3
Faulting module name: msvcrt.dll, version: 7.0.7601.17744, time stamp: 0x4eeaf722
Exception code: 0xc0000005
Fault offset: 0x0000aa14
Faulting process id: 0x634
Faulting application start time: 0x01d339679d2dd09e
Faulting application path: C:\Windows\System32\spoolsv.exe
Faulting module path: C:\Windows\system32\msvcrt.dll
Report Id: 991acdca-a590-11e7-ae2c-0050569f0cfc"
Error,9/30/2017 10:37,WSH,1,None,Application,djkvdihost559.jakarta01.com,"CN=Fitriani Kartina password will expire in 3 day(s) at 10/3/2017 8:59:46 AM

Press CTRL + ALT + DEL and select the ""Change a password"" option."
Error,9/30/2017 10:37,EventCreate,1,None,Application,djkvdihost740.jakarta01.com,JAKARTA01\cita  
Error,9/30/2017 10:36,EventCreate,1,None,Application,djkvdihost448.jakarta01.com,JAKARTA01\Festy  
Error,9/30/2017 10:22,EventCreate,1,None,Application,djkvdihost719.jakarta01.com,JAKARTA01\hendry  
Error,9/30/2017 10:22,EventCreate,1,None,Application,djkvdihost719.jakarta01.com,JAKARTA01\hendry  
Error,9/30/2017 10:20,EventCreate,1,None,Application,djkvdihost699.jakarta01.com,JAKARTA01\k_ignatius  
Error,9/30/2017 10:20,EventCreate,1,None,Application,djkvdihost767.jakarta01.com,JAKARTA01\anissa  
Error,9/30/2017 10:19,EventCreate,1,None,Application,djkvdihost699.jakarta01.com,JAKARTA01\k_ignatius  
Error,9/30/2017 10:19,WSH,1,None,Application,djkvdihost699.jakarta01.com,"CN=Kurniawan Ignatius password will expire in 2 day(s) at 10/2/2017 8:01:32 AM

Press CTRL + ALT + DEL and select the ""Change a password"" option."
Error,9/30/2017 10:19,WSH,1,None,Application,djkvdihost699.jakarta01.com,"CN=Kurniawan Ignatius password will expire in 2 day(s) at 10/2/2017 8:01:32 AM

Press CTRL + ALT + DEL and select the ""Change a password"" option."
Error,9/30/2017 10:14,EventCreate,1,None,Application,djkvdihost121.jakarta01.com,JAKARTA01\Jauw  
Error,9/30/2017 10:09,EventCreate,1,None,Application,djkvdihost630.jakarta01.com,JAKARTA01\henry  
Error,9/30/2017 10:09,EventCreate,1,None,Application,djkvdihost020.jakarta01.com,JAKARTA01\eka  
Error,9/30/2017 10:09,Application Error,1000,-100,Application,djkvdihost630.jakarta01.com,"Faulting application name: spoolsv.exe, version: 6.1.7601.17777, time stamp: 0x4f35efc3
Faulting module name: msvcrt.dll, version: 7.0.7601.17744, time stamp: 0x4eeaf722
Exception code: 0xc0000005
Fault offset: 0x0000aa14
Faulting process id: 0x63c
Faulting application start time: 0x01d339679711aa1c
Faulting application path: C:\Windows\System32\spoolsv.exe
Faulting module path: C:\Windows\system32\msvcrt.dll
Report Id: c1acc628-a58c-11e7-8671-0050569f6c6c"
Error,9/30/2017 9:57,EventCreate,1,None,Application,djkvdihost897.jakarta01.com,JAKARTA01\Enjang  
Error,9/30/2017 9:54,EventCreate,1,None,Application,djkvdihost779.jakarta01.com,JAKARTA01\diah  
Error,9/30/2017 9:54,EventCreate,1,None,Application,djkvdihost900.jakarta01.com,JAKARTA01\Indra Bramantyono  
Error,9/30/2017 9:51,EventCreate,1,None,Application,djkvdihost823.jakarta01.com,JAKARTA01\Hilma  
Error,9/30/2017 9:46,EventCreate,1,None,Application,djkvdihost895.jakarta01.com,JAKARTA01\Adhisty  
Error,9/30/2017 9:46,EventCreate,1,None,Application,djkvdihost835.jakarta01.com,JAKARTA01\fediana  
Error,9/30/2017 9:36,EventCreate,1,None,Application,djkvdihost713.jakarta01.com,JAKARTA01\rbagus  
Error,9/30/2017 9:36,EventCreate,1,None,Application,djkvdihost713.jakarta01.com,JAKARTA01\rbagus  
Error,9/30/2017 9:32,EventCreate,1,None,Application,djkvdihost360.jakarta01.com,JAKARTA01\mega  
Error,9/30/2017 9:32,EventCreate,1,None,Application,djkvdihost360.jakarta01.com,JAKARTA01\mega  
Error,9/30/2017 9:28,EventCreate,1,None,Application,djkvdihost630.jakarta01.com,JAKARTA01\henry  
Error,9/30/2017 9:25,EventCreate,1,None,Application,djkvdihost166.jakarta01.com,JAKARTA01\herlina  
Error,9/30/2017 9:24,EventCreate,1,None,Application,djkvdihost627.jakarta01.com,JAKARTA01\Moh Ditto  
Error,9/30/2017 9:24,EventCreate,1,None,Application,djkvdihost179.jakarta01.com,JAKARTA01\niluh  
Error,9/30/2017 9:23,EventCreate,1,None,Application,djkvdihost434.jakarta01.com,JAKARTA01\danna  
Error,9/30/2017 9:21,EventCreate,1,None,Application,djkvdihost793.jakarta01.com,JAKARTA01\Aviv  
Error,9/30/2017 9:20,EventCreate,1,None,Application,djkvdihost893.jakarta01.com,JAKARTA01\naruhito  
Error,9/30/2017 9:19,EventCreate,1,None,Application,djkvdihost408.jakarta01.com,JAKARTA01\Fitri Nawawi  
Error,9/30/2017 9:18,EventCreate,1,None,Application,djkvdihost420.jakarta01.com,JAKARTA01\Didik  
Error,9/30/2017 9:17,EventCreate,1,None,Application,djkvdihost428.jakarta01.com,JAKARTA01\Thalia  
Error,9/30/2017 9:13,EventCreate,1,None,Application,djkvdihost342.jakarta01.com,JAKARTA01\Anton 2  
Error,9/30/2017 9:09,EventCreate,1,None,Application,djkvdihost282.jakarta01.com,JAKARTA01\yosiakarta  
Error,9/30/2017 9:08,WSH,1,None,Application,djkvdihost282.jakarta01.com,"CN=Yosiakarta Yosiakarta password will expire in 1 day(s) at 10/1/2017 12:55:05 PM

Press CTRL + ALT + DEL and select the ""Change a password"" option."
Error,9/30/2017 9:08,WSH,1,None,Application,djkvdihost282.jakarta01.com,"CN=Yosiakarta Yosiakarta password will expire in 1 day(s) at 10/1/2017 12:55:05 PM

Press CTRL + ALT + DEL and select the ""Change a password"" option."
Error,9/30/2017 9:06,EventCreate,1,None,Application,djkvdihost647.jakarta01.com,JAKARTA01\phia  
Error,9/30/2017 9:06,EventCreate,1,None,Application,djkvdihost647.jakarta01.com,JAKARTA01\phia  
Error,9/30/2017 9:06,EventCreate,1,None,Application,djkvdihost095.jakarta01.com,JAKARTA01\Arina  
Error,9/30/2017 9:05,EventCreate,1,None,Application,djkvdihost095.jakarta01.com,JAKARTA01\Arina  
Error,9/30/2017 8:56,EventCreate,1,None,Application,djkvdihost654.jakarta01.com,JAKARTA01\Lily  
Error,9/30/2017 8:56,EventCreate,1,None,Application,djkvdihost654.jakarta01.com,JAKARTA01\Lily  
Error,9/30/2017 8:56,EventCreate,1,None,Application,djkvdihost654.jakarta01.com,JAKARTA01\Lily  
Error,9/30/2017 8:55,EventCreate,1,None,Application,djkvdihost197.jakarta01.com,JAKARTA01\AdrianP  
Error,9/30/2017 8:53,EventCreate,1,None,Application,djkvdihost116.jakarta01.com,JAKARTA01\pratiwi  
Error,9/30/2017 8:30,EventCreate,1,None,Application,djkvdihost702.jakarta01.com,JAKARTA01\fahrul  
Error,9/30/2017 8:16,EventCreate,1,None,Application,djkvdihost346.jakarta01.com,JAKARTA01\dyah alit  
Error,9/30/2017 8:14,EventCreate,1,None,Application,djkvdihost751.jakarta01.com,JAKARTA01\nurul  
Error,9/30/2017 8:05,EventCreate,1,None,Application,djkvdihost644.jakarta01.com,JAKARTA01\indra jayadi  
Error,9/30/2017 7:48,EventCreate,1,None,Application,djkvdihost506.jakarta01.com,JAKARTA01\henry st  
Error,9/30/2017 7:31,EventCreate,1,None,Application,djkvdihost595.jakarta01.com,JAKARTA01\ianm  
Error,9/30/2017 7:31,EventCreate,1,None,Application,djkvdihost595.jakarta01.com,JAKARTA01\ianm  
Error,9/29/2017 22:50,EventCreate,1,None,Application,djkvdihost418.jakarta01.com,JAKARTA01\henry st  
Error,9/29/2017 20:41,Application Error,1000,-100,Application,djkvdihost784.jakarta01.com,"Faulting application name: BrokerAgent.exe, version: 7.8.0.8004, time stamp: 0x56950d22
Faulting module name: KERNELBASE.dll, version: 6.1.7601.23714, time stamp: 0x58bf87a4
Exception code: 0xe0434352
Fault offset: 0x0000845d
Faulting process id: 0x774
Faulting application start time: 0x01d339280cbf2307
Faulting application path: C:\Program Files\Citrix\Virtual Desktop Agent\BrokerAgent.exe
Faulting module path: C:\Windows\system32\KERNELBASE.dll
Report Id: e23d3f76-a51b-11e7-b275-0050569f00cc"
Error,9/29/2017 22:01,EventCreate,1,None,Application,djkvdihost579.jakarta01.com,JAKARTA01\ningmatul  
Error,9/29/2017 22:01,EventCreate,1,None,Application,djkvdihost579.jakarta01.com,JAKARTA01\ningmatul  
Error,9/29/2017 21:57,EventCreate,1,None,Application,djkvdihost425.jakarta01.com,JAKARTA01\lucky  
Error,9/29/2017 21:55,EventCreate,1,None,Application,djkvdihost692.jakarta01.com,JAKARTA01\Azis Budianto  
Error,9/29/2017 21:43,EventCreate,1,None,Application,djkvdihost237.jakarta01.com,JAKARTA01\Latiefah  
Error,9/29/2017 21:43,EventCreate,1,None,Application,djkvdihost237.jakarta01.com,JAKARTA01\Latiefah  
Error,9/29/2017 20:24,EventCreate,1,None,Application,djkvdihost246.jakarta01.com,JAKARTA01\irman  
Error,9/29/2017 20:24,EventCreate,1,None,Application,djkvdihost246.jakarta01.com,JAKARTA01\irman  
Error,9/29/2017 18:46,EventCreate,1,None,Application,djkvdihost304.jakarta01.com,"The description for Event ID 1 from source EventCreate cannot be found. Either the component that raises this event is not installed on your local computer or the installation is corrupted. You can install or repair the component on the local computer.

If the event originated on another computer, the display information had to be saved with the event.

The following information was included with the event: 

JAKARTA01\Jauw  
"
Error,9/29/2017 20:17,EventCreate,1,None,Application,djkvdihost443.jakarta01.com,JAKARTA01\brenda  
Error,9/29/2017 20:17,Application Error,1000,-100,Application,djkvdihost443.jakarta01.com,"Faulting application name: OUTLOOK.EXE, version: 15.0.4919.1001, time stamp: 0x58d20482
Faulting module name: OUTLOOK.EXE, version: 15.0.4919.1001, time stamp: 0x58d20482
Exception code: 0xc0000005
Fault offset: 0x008924c4
Faulting process id: 0x1530
Faulting application start time: 0x01d338d3b9a1d086
Faulting application path: C:\Program Files\Microsoft Office\Office15\OUTLOOK.EXE
Faulting module path: C:\Program Files\Microsoft Office\Office15\OUTLOOK.EXE
Report Id: 9a1c47af-a518-11e7-8694-0050569f6295"
Error,9/29/2017 20:08,EventCreate,1,None,Application,djkvdihost688.jakarta01.com,JAKARTA01\topik  
Error,9/29/2017 20:07,EventCreate,1,None,Application,djkvdihost688.jakarta01.com,JAKARTA01\topik  
Error,9/29/2017 20:04,EventCreate,1,None,Application,djkvdihost069.jakarta01.com,JAKARTA01\MuhammadH  
Error,9/29/2017 20:04,EventCreate,1,None,Application,djkvdihost069.jakarta01.com,JAKARTA01\MuhammadH  
Error,9/29/2017 19:57,EventCreate,1,None,Application,djkvdihost789.jakarta01.com,JAKARTA01\komangsd  
Error,9/29/2017 19:56,EventCreate,1,None,Application,djkvdihost708.jakarta01.com,JAKARTA01\dimas satya  
Error,9/29/2017 19:56,EventCreate,1,None,Application,djkvdihost708.jakarta01.com,JAKARTA01\dimas satya  
Error,9/29/2017 19:54,EventCreate,1,None,Application,djkvdihost627.jakarta01.com,JAKARTA01\Widi Anggraeni  
Error,9/29/2017 19:54,Application Error,1000,-100,Application,djkvdihost627.jakarta01.com,"Faulting application name: lync.exe, version: 15.0.4919.1000, time stamp: 0x58c7ab1e
Faulting module name: ntdll.dll, version: 6.1.7601.23714, time stamp: 0x58bf8774
Exception code: 0xc0000005
Fault offset: 0x00031dca
Faulting process id: 0xcd0
Faulting application start time: 0x01d338cd9186b3d9
Faulting application path: C:\Program Files\Microsoft Office\Office15\lync.exe
Faulting module path: C:\Windows\SYSTEM32\ntdll.dll
Report Id: 5f537bdf-a515-11e7-8e14-0050569f6aff"
Error,9/29/2017 19:40,EventCreate,1,None,Application,djkvdihost555.jakarta01.com,JAKARTA01\PRATAMA  
Error,9/29/2017 19:31,EventCreate,1,None,Application,djkvdihost543.jakarta01.com,JAKARTA01\hemayani  
Error,9/29/2017 19:31,Application Error,1000,-100,Application,djkvdihost543.jakarta01.com,"Faulting application name: iexplore.exe, version: 11.0.9600.18639, time stamp: 0x58d6bb0d
Faulting module name: MSHTML.dll, version: 11.0.9600.18639, time stamp: 0x58d6c720
Exception code: 0xc0000005
Fault offset: 0x000ac604
Faulting process id: 0x1a20
Faulting application start time: 0x01d338bde3149b64
Faulting application path: C:\Program Files\Internet Explorer\iexplore.exe
Faulting module path: C:\Windows\system32\MSHTML.dll
Report Id: 1089030e-a512-11e7-8569-0050569f2522"
Error,9/29/2017 17:58,EventCreate,1,None,Application,djkvdihost724.jakarta01.com,JAKARTA01\veronicam  
Error,9/29/2017 19:25,EventCreate,1,None,Application,djkvdihost074.jakarta01.com,JAKARTA01\adityo  
Error,9/29/2017 19:25,EventCreate,1,None,Application,djkvdihost074.jakarta01.com,JAKARTA01\adityo  
Error,9/29/2017 19:24,EventCreate,1,None,Application,djkvdihost717.jakarta01.com,JAKARTA01\topik  
Error,9/29/2017 19:21,EventCreate,1,None,Application,djkvdihost055.jakarta01.com,JAKARTA01\Adi Saputra  
Error,9/29/2017 19:20,EventCreate,1,None,Application,djkvdihost718.jakarta01.com,JAKARTA01\aprianto  
Error,9/29/2017 19:19,EventCreate,1,None,Application,djkvdihost261.jakarta01.com,JAKARTA01\MahendraR  
Error,9/29/2017 19:19,Application Error,1000,-100,Application,djkvdihost261.jakarta01.com,"Faulting application name: OUTLOOK.EXE, version: 15.0.4919.1001, time stamp: 0x58d20482
Faulting module name: OUTLOOK.EXE, version: 15.0.4919.1001, time stamp: 0x58d20482
Exception code: 0xc0000005
Fault offset: 0x008924c4
Faulting process id: 0x1650
Faulting application start time: 0x01d339138707d935
Faulting application path: C:\Program Files\Microsoft Office\Office15\OUTLOOK.EXE
Faulting module path: C:\Program Files\Microsoft Office\Office15\OUTLOOK.EXE
Report Id: 6b6c1f3b-a510-11e7-ba35-0050569f3869"
Error,9/29/2017 19:19,EventCreate,1,None,Application,djkvdihost055.jakarta01.com,JAKARTA01\Adi Saputra  
Error,9/29/2017 19:19,EventCreate,1,None,Application,djkvdihost718.jakarta01.com,JAKARTA01\aprianto  
Error,9/29/2017 17:16,EventCreate,1,None,Application,djkvdihost090.jakarta01.com,"The description for Event ID 1 from source EventCreate cannot be found. Either the component that raises this event is not installed on your local computer or the installation is corrupted. You can install or repair the component on the local computer.

If the event originated on another computer, the display information had to be saved with the event.

The following information was included with the event: 

JAKARTA01\M Fajri  
"
Error,9/29/2017 17:16,EventCreate,1,None,Application,djkvdihost090.jakarta01.com,"The description for Event ID 1 from source EventCreate cannot be found. Either the component that raises this event is not installed on your local computer or the installation is corrupted. You can install or repair the component on the local computer.

If the event originated on another computer, the display information had to be saved with the event.

The following information was included with the event: 

JAKARTA01\M Fajri  
"
Error,9/29/2017 19:18,EventCreate,1,None,Application,djkvdihost055.jakarta01.com,JAKARTA01\Adi Saputra  
Error,9/29/2017 17:16,EventCreate,1,None,Application,djkvdihost090.jakarta01.com,"The description for Event ID 1 from source EventCreate cannot be found. Either the component that raises this event is not installed on your local computer or the installation is corrupted. You can install or repair the component on the local computer.

If the event originated on another computer, the display information had to be saved with the event.

The following information was included with the event: 

JAKARTA01\M Fajri  
"
Error,9/29/2017 19:08,EventCreate,1,None,Application,djkvdihost374.jakarta01.com,JAKARTA01\mulyono  
Error,9/29/2017 19:07,EventCreate,1,None,Application,djkvdihost795.jakarta01.com,JAKARTA01\Lily  
Error,9/29/2017 19:06,EventCreate,1,None,Application,djkvdihost795.jakarta01.com,JAKARTA01\Lily  
Error,9/29/2017 19:04,EventCreate,1,None,Application,djkvdihost621.jakarta01.com,JAKARTA01\eddy  
Error,9/29/2017 19:04,EventCreate,1,None,Application,djkvdihost116.jakarta01.com,JAKARTA01\istiningsih  
Error,9/29/2017 19:04,Application Error,1000,-100,Application,djkvdihost621.jakarta01.com,"Faulting application name: OUTLOOK.EXE, version: 15.0.4919.1001, time stamp: 0x58d20482
Faulting module name: OUTLOOK.EXE, version: 15.0.4919.1001, time stamp: 0x58d20482
Exception code: 0xc0000005
Fault offset: 0x008924c7
Faulting process id: 0x1884
Faulting application start time: 0x01d3390816762292
Faulting application path: C:\Program Files\Microsoft Office\Office15\OUTLOOK.EXE
Faulting module path: C:\Program Files\Microsoft Office\Office15\OUTLOOK.EXE
Report Id: 5f769363-a50e-11e7-97e8-0050569f4a52"
Error,9/29/2017 19:04,Application Error,1000,-100,Application,djkvdihost116.jakarta01.com,"Faulting application name: EXCEL.EXE, version: 15.0.4919.1000, time stamp: 0x58c7ab0f
Faulting module name: EXCEL.EXE, version: 15.0.4919.1000, time stamp: 0x58c7ab0f
Exception code: 0xc0000005
Fault offset: 0x0004f56d
Faulting process id: 0x1694
Faulting application start time: 0x01d338c177e8323c
Faulting application path: C:\Program Files\Microsoft Office\Office15\EXCEL.EXE
Faulting module path: C:\Program Files\Microsoft Office\Office15\EXCEL.EXE
Report Id: 563059e1-a50e-11e7-8f03-0050569f3875"
Error,9/29/2017 18:57,EventCreate,1,None,Application,djkvdihost736.jakarta01.com,JAKARTA01\belly  
Error,9/29/2017 18:57,Application Error,1000,-100,Application,djkvdihost736.jakarta01.com,"Faulting application name: WINWORD.EXE, version: 15.0.4911.1000, time stamp: 0x58a2c075
Faulting module name: wwlib.dll, version: 15.0.4911.1000, time stamp: 0x58a2c073
Exception code: 0xc0000005
Fault offset: 0x006f1046
Faulting process id: 0x11f8
Faulting application start time: 0x01d338c480ef0e81
Faulting application path: C:\Program Files\Microsoft Office\Office15\WINWORD.EXE
Faulting module path: C:\Program Files\Microsoft Office\Office15\wwlib.dll
Report Id: 5ebb9d55-a50d-11e7-a0ab-0050569f3329"
Error,9/29/2017 18:56,EventCreate,1,None,Application,djkvdihost667.jakarta01.com,JAKARTA01\genarosa  
Error,9/29/2017 18:56,EventCreate,1,None,Application,djkvdihost667.jakarta01.com,JAKARTA01\genarosa  
Error,9/29/2017 18:56,EventCreate,1,None,Application,djkvdihost667.jakarta01.com,JAKARTA01\genarosa  
Error,9/29/2017 18:55,EventCreate,1,None,Application,djkvdihost667.jakarta01.com,JAKARTA01\genarosa  
Error,9/29/2017 18:52,EventCreate,1,None,Application,djkvdihost175.jakarta01.com,JAKARTA01\regina  
Error,9/29/2017 18:52,EventCreate,1,None,Application,djkvdihost175.jakarta01.com,JAKARTA01\regina  
Error,9/29/2017 18:51,EventCreate,1,None,Application,djkvdihost280.jakarta01.com,JAKARTA01\REIS  
Error,9/29/2017 18:51,Application Error,1000,-100,Application,djkvdihost280.jakarta01.com,"Faulting application name: OUTLOOK.EXE, version: 15.0.4919.1001, time stamp: 0x58d20482
Faulting module name: OUTLOOK.EXE, version: 15.0.4919.1001, time stamp: 0x58d20482
Exception code: 0xc0000005
Fault offset: 0x000f75a1
Faulting process id: 0x1f8c
Faulting application start time: 0x01d338be56a673fb
Faulting application path: C:\Program Files\Microsoft Office\Office15\OUTLOOK.EXE
Faulting module path: C:\Program Files\Microsoft Office\Office15\OUTLOOK.EXE
Report Id: 7b42ce19-a50c-11e7-ac08-0050569f5896"
Error,9/29/2017 18:48,EventCreate,1,None,Application,djkvdihost831.jakarta01.com,JAKARTA01\guestisd25  
Error,9/29/2017 18:48,Application Error,1000,-100,Application,djkvdihost831.jakarta01.com,"Faulting application name: EXCEL.EXE, version: 15.0.4919.1000, time stamp: 0x58c7ab0f
Faulting module name: EXCEL.EXE, version: 15.0.4919.1000, time stamp: 0x58c7ab0f
Exception code: 0xc0000005
Fault offset: 0x0042b4f0
Faulting process id: 0x1f68
Faulting application start time: 0x01d338c567cd1797
Faulting application path: C:\Program Files\Microsoft Office\Office15\EXCEL.EXE
Faulting module path: C:\Program Files\Microsoft Office\Office15\EXCEL.EXE
Report Id: 1eb37a1a-a50c-11e7-bed3-0050569f7ec2"
Error,9/29/2017 18:46,EventCreate,1,None,Application,djkvdihost304.jakarta01.com,JAKARTA01\Jauw  
Error,9/29/2017 18:44,EventCreate,1,None,Application,djkvdihost637.jakarta01.com,JAKARTA01\clarissa  
Error,9/29/2017 18:44,Application Error,1000,-100,Application,djkvdihost637.jakarta01.com,"Faulting application name: OUTLOOK.EXE, version: 15.0.4919.1001, time stamp: 0x58d20482
Faulting module name: OUTLOOK.EXE, version: 15.0.4919.1001, time stamp: 0x58d20482
Exception code: 0xc0000005
Fault offset: 0x008924c4
Faulting process id: 0x1e5c
Faulting application start time: 0x01d338c47f764679
Faulting application path: C:\Program Files\Microsoft Office\Office15\OUTLOOK.EXE
Faulting module path: C:\Program Files\Microsoft Office\Office15\OUTLOOK.EXE
Report Id: 855e0d91-a50b-11e7-b8cf-0050569f5cf3"
Error,9/29/2017 18:43,EventCreate,1,None,Application,djkvdihost064.jakarta01.com,JAKARTA01\hilmy  
Error,9/29/2017 18:42,EventCreate,1,None,Application,djkvdihost064.jakarta01.com,JAKARTA01\hilmy  
Error,9/29/2017 18:36,EventCreate,1,None,Application,djkvdihost774.jakarta01.com,JAKARTA01\luthfi  
Error,9/29/2017 18:36,Application Error,1000,-100,Application,djkvdihost774.jakarta01.com,"Faulting application name: OUTLOOK.EXE, version: 15.0.4919.1001, time stamp: 0x58d20482
Faulting module name: OUTLOOK.EXE, version: 15.0.4919.1001, time stamp: 0x58d20482
Exception code: 0xc0000005
Fault offset: 0x008924c4
Faulting process id: 0x1d84
Faulting application start time: 0x01d338be3adc8048
Faulting application path: C:\Program Files\Microsoft Office\Office15\OUTLOOK.EXE
Faulting module path: C:\Program Files\Microsoft Office\Office15\OUTLOOK.EXE
Report Id: 5dc94cc3-a50a-11e7-b8ad-0050569f128f"
Error,9/29/2017 18:35,EventCreate,1,None,Application,djkvdihost261.jakarta01.com,JAKARTA01\MahendraR  
Error,9/29/2017 18:35,Application Error,1000,-100,Application,djkvdihost261.jakarta01.com,"Faulting application name: iexplore.exe, version: 11.0.9600.18639, time stamp: 0x58d6bb0d
Faulting module name: MSHTML.dll, version: 11.0.9600.18639, time stamp: 0x58d6c720
Exception code: 0xc0000005
Fault offset: 0x000ac604
Faulting process id: 0x1a94
Faulting application start time: 0x01d338c54b886df5
Faulting application path: C:\Program Files\Internet Explorer\iexplore.exe
Faulting module path: C:\Windows\system32\MSHTML.dll
Report Id: 48c972b7-a50a-11e7-ba35-0050569f3869"
Error,9/29/2017 18:32,EventCreate,1,None,Application,djkvdihost321.jakarta01.com,JAKARTA01\muhammadhakim  
Error,9/29/2017 18:32,Application Error,1000,-100,Application,djkvdihost321.jakarta01.com,"Faulting application name: pcscm.exe, version: 5090.2.8121.38, time stamp: 0x4817f86f
Faulting module name: MSVCRT.dll, version: 7.0.7601.17744, time stamp: 0x4eeaf722
Exception code: 0xc0000005
Fault offset: 0x00009cc6
Faulting process id: 0x1958
Faulting application start time: 0x01d338e992409009
Faulting application path: C:\Program Files\IBM\Client Access\Emulator\pcscm.exe
Faulting module path: C:\Windows\system32\MSVCRT.dll
Report Id: df97dfd3-a509-11e7-bd0c-0050569f78a6"
Error,9/29/2017 18:29,EventCreate,1,None,Application,djkvdihost439.jakarta01.com,JAKARTA01\rusliyani  
Error,9/29/2017 18:29,EventCreate,1,None,Application,djkvdihost439.jakarta01.com,JAKARTA01\rusliyani  
Error,9/29/2017 18:19,EventCreate,1,None,Application,djkvdihost460.jakarta01.com,JAKARTA01\dwinda  
Error,9/29/2017 18:18,EventCreate,1,None,Application,djkvdihost785.jakarta01.com,JAKARTA01\karmenia  
Error,9/29/2017 18:18,Application Error,1000,-100,Application,djkvdihost785.jakarta01.com,"Faulting application name: OUTLOOK.EXE, version: 15.0.4919.1001, time stamp: 0x58d20482
Faulting module name: OUTLOOK.EXE, version: 15.0.4919.1001, time stamp: 0x58d20482
Exception code: 0xc0000005
Fault offset: 0x008924c4
Faulting process id: 0x163c
Faulting application start time: 0x01d3390edf9c81bd
Faulting application path: C:\Program Files\Microsoft Office\Office15\OUTLOOK.EXE
Faulting module path: C:\Program Files\Microsoft Office\Office15\OUTLOOK.EXE
Report Id: e0baa061-a507-11e7-83cf-0050569f15ab"
Error,9/29/2017 18:15,EventCreate,1,None,Application,djkvdihost339.jakarta01.com,JAKARTA01\Adi Saputra  
Error,9/29/2017 18:13,EventCreate,1,None,Application,djkvdihost376.jakarta01.com,JAKARTA01\Felix  
Error,9/29/2017 15:44,EventCreate,1,None,Application,djkvdihost470.jakarta01.com,"The description for Event ID 1 from source EventCreate cannot be found. Either the component that raises this event is not installed on your local computer or the installation is corrupted. You can install or repair the component on the local computer.

If the event originated on another computer, the display information had to be saved with the event.

The following information was included with the event: 

JAKARTA01\GuestSKA16  
"
Error,9/29/2017 18:10,EventCreate,1,None,Application,djkvdihost741.jakarta01.com,JAKARTA01\naldi  
Error,9/29/2017 18:10,EventCreate,1,None,Application,djkvdihost051.jakarta01.com,JAKARTA01\KristoforusAW  
Error,9/29/2017 18:10,EventCreate,1,None,Application,djkvdihost261.jakarta01.com,JAKARTA01\MahendraR  
Error,9/29/2017 18:10,Application Error,1000,-100,Application,djkvdihost051.jakarta01.com,"Faulting application name: EXCEL.EXE, version: 15.0.4919.1000, time stamp: 0x58c7ab0f
Faulting module name: mso.dll, version: 15.0.4919.1002, time stamp: 0x58de0799
Exception code: 0xc0000005
Fault offset: 0x00c1916c
Faulting process id: 0x1608
Faulting application start time: 0x01d338c1d83940fd
Faulting application path: C:\Program Files\Microsoft Office\Office15\EXCEL.EXE
Faulting module path: C:\Program Files\Common Files\Microsoft Shared\Office15\mso.dll
Report Id: cfef81fc-a506-11e7-b162-0050569f254f"
