Error,10/3/2017 7:44,EventCreate,1,None,Application,djkvdihost902.jakarta01.com,JAKARTA01\naruhito  
Error,10/3/2017 7:44,EventCreate,1,None,Application,djkvdihost069.jakarta01.com,JAKARTA01\IRMALA  
Error,10/3/2017 7:44,EventCreate,1,None,Application,djkvdihost584.jakarta01.com,JAKARTA01\fahrul  
Error,10/3/2017 7:44,EventCreate,1,None,Application,djkvdihost331.jakarta01.com,JAKARTA01\Indah  
Error,10/3/2017 7:44,EventCreate,1,None,Application,djkvdihost331.jakarta01.com,JAKARTA01\Indah  
Error,10/3/2017 7:44,EventCreate,1,None,Application,djkvdihost433.jakarta01.com,JAKARTA01\pratiwi  
Error,10/3/2017 7:44,EventCreate,1,None,Application,djkvdihost478.jakarta01.com,JAKARTA01\Jauw  
Error,10/3/2017 7:43,EventCreate,1,None,Application,djkvdihost175.jakarta01.com,JAKARTA01\istiningsih  
Error,10/3/2017 7:43,EventCreate,1,None,Application,djkvdihost804.jakarta01.com,JAKARTA01\erika  
Error,10/3/2017 7:43,EventCreate,1,None,Application,djkvdihost142.jakarta01.com,JAKARTA01\shinta  
Error,10/3/2017 7:43,EventCreate,1,None,Application,djkvdihost899.jakarta01.com,JAKARTA01\Adhisty  
Error,10/3/2017 7:43,EventCreate,1,None,Application,djkvdihost362.jakarta01.com,JAKARTA01\Fitri Nawawi  
Error,10/3/2017 7:42,EventCreate,1,None,Application,djkvdihost804.jakarta01.com,JAKARTA01\erika  
Error,10/3/2017 7:42,EventCreate,1,None,Application,djkvdihost876.jakarta01.com,JAKARTA01\bayu  
Error,10/3/2017 7:42,EventCreate,1,None,Application,djkvdihost513.jakarta01.com,JAKARTA01\REIS  
Error,10/3/2017 7:42,EventCreate,1,None,Application,djkvdihost769.jakarta01.com,JAKARTA01\tri wahyu  
Error,10/3/2017 7:42,EventCreate,1,None,Application,djkvdihost553.jakarta01.com,JAKARTA01\Puspa  
Error,10/3/2017 7:42,EventCreate,1,None,Application,djkvdihost680.jakarta01.com,JAKARTA01\diah astuti  
Error,10/3/2017 7:42,EventCreate,1,None,Application,djkvdihost468.jakarta01.com,JAKARTA01\chris  
Error,10/3/2017 7:42,EventCreate,1,None,Application,djkvdihost629.jakarta01.com,JAKARTA01\ita shabrina  
Error,10/3/2017 7:42,EventCreate,1,None,Application,djkvdihost876.jakarta01.com,JAKARTA01\bayu  
Error,10/3/2017 7:41,EventCreate,1,None,Application,djkvdihost294.jakarta01.com,JAKARTA01\sashkia  
Error,10/3/2017 7:41,EventCreate,1,None,Application,djkvdihost294.jakarta01.com,JAKARTA01\sashkia  
Error,10/3/2017 7:41,EventCreate,1,None,Application,djkvdihost437.jakarta01.com,JAKARTA01\nur endah  
Error,10/3/2017 7:41,EventCreate,1,None,Application,djkvdihost530.jakarta01.com,JAKARTA01\rudy  
Error,10/3/2017 7:41,EventCreate,1,None,Application,djkvdihost768.jakarta01.com,JAKARTA01\karen  
Error,10/3/2017 7:41,EventCreate,1,None,Application,djkvdihost294.jakarta01.com,JAKARTA01\sashkia  
Error,10/3/2017 7:41,EventCreate,1,None,Application,djkvdihost093.jakarta01.com,JAKARTA01\WulanAn  
Error,10/3/2017 7:40,EventCreate,1,None,Application,djkvdihost042.jakarta01.com,JAKARTA01\hendry  
Error,10/3/2017 7:40,Application Error,1000,-100,Application,djkvdihost042.jakarta01.com,"Faulting application name: spoolsv.exe, version: 6.1.7601.17777, time stamp: 0x4f35efc3
Faulting module name: msvcrt.dll, version: 7.0.7601.17744, time stamp: 0x4eeaf722
Exception code: 0xc0000005
Fault offset: 0x0000aa14
Faulting process id: 0x634
Faulting application start time: 0x01d33b7392be906b
Faulting application path: C:\Windows\System32\spoolsv.exe
Faulting module path: C:\Windows\system32\msvcrt.dll
Report Id: 7055da15-a7d3-11e7-989c-0050569f4e3d"
Error,10/3/2017 7:40,EventCreate,1,None,Application,djkvdihost171.jakarta01.com,JAKARTA01\Thalia  
Error,10/3/2017 7:40,EventCreate,1,None,Application,djkvdihost401.jakarta01.com,JAKARTA01\vanya  
Error,10/3/2017 7:40,EventCreate,1,None,Application,djkvdihost406.jakarta01.com,JAKARTA01\Riki Darisman  
Error,10/3/2017 7:40,EventCreate,1,None,Application,djkvdihost608.jakarta01.com,JAKARTA01\Dini Rahmawati  
Error,10/3/2017 7:40,Application Error,1000,-100,Application,djkvdihost171.jakarta01.com,"Faulting application name: spoolsv.exe, version: 6.1.7601.17777, time stamp: 0x4f35efc3
Faulting module name: msvcrt.dll, version: 7.0.7601.17744, time stamp: 0x4eeaf722
Exception code: 0xc0000005
Fault offset: 0x0000aa14
Faulting process id: 0x638
Faulting application start time: 0x01d33b9404bcbb2b
Faulting application path: C:\Windows\System32\spoolsv.exe
Faulting module path: C:\Windows\system32\msvcrt.dll
Report Id: 6d5fa182-a7d3-11e7-a716-0050569f63e9"
Error,10/3/2017 7:40,EventCreate,1,None,Application,djkvdihost166.jakarta01.com,JAKARTA01\aditya chandra  
Error,10/3/2017 7:40,EventCreate,1,None,Application,djkvdihost527.jakarta01.com,JAKARTA01\Dyandra  
Error,10/3/2017 7:40,EventCreate,1,None,Application,djkvdihost389.jakarta01.com,JAKARTA01\Putri  
Error,10/3/2017 7:39,EventCreate,1,None,Application,djkvdihost528.jakarta01.com,JAKARTA01\kartika  
Error,10/3/2017 7:39,Application Error,1000,-100,Application,djkvdihost528.jakarta01.com,"Faulting application name: spoolsv.exe, version: 6.1.7601.17777, time stamp: 0x4f35efc3
Faulting module name: ntdll.dll, version: 6.1.7601.23714, time stamp: 0x58bf8774
Exception code: 0xc0000005
Fault offset: 0x000529ac
Faulting process id: 0x1bd4
Faulting application start time: 0x01d33bda17273360
Faulting application path: C:\Windows\System32\spoolsv.exe
Faulting module path: C:\Windows\SYSTEM32\ntdll.dll
Report Id: 4b344d67-a7d3-11e7-ade6-0050569f7fb2"
Error,10/3/2017 7:39,EventCreate,1,None,Application,djkvdihost585.jakarta01.com,JAKARTA01\dian  
Error,10/3/2017 7:39,EventCreate,1,None,Application,djkvdihost155.jakarta01.com,JAKARTA01\himawan  
Error,10/3/2017 7:39,EventCreate,1,None,Application,djkvdihost613.jakarta01.com,JAKARTA01\Djohan  
Error,10/3/2017 7:39,EventCreate,1,None,Application,djkvdihost106.jakarta01.com,JAKARTA01\Tammyana  
Error,10/3/2017 7:39,EventCreate,1,None,Application,djkvdihost206.jakarta01.com,JAKARTA01\Damal  
Error,10/3/2017 7:39,EventCreate,1,None,Application,djkvdihost793.jakarta01.com,JAKARTA01\Resty  
Error,10/3/2017 7:38,EventCreate,1,None,Application,djkvdihost008.jakarta01.com,JAKARTA01\ningmatul  
Error,10/3/2017 7:38,EventCreate,1,None,Application,djkvdihost247.jakarta01.com,JAKARTA01\martha  
Error,10/3/2017 7:37,EventCreate,1,None,Application,djkvdihost363.jakarta01.com,JAKARTA01\yosephine  
Error,10/3/2017 7:37,EventCreate,1,None,Application,djkvdihost042.jakarta01.com,JAKARTA01\hendry  
Error,10/3/2017 7:37,EventCreate,1,None,Application,djkvdihost338.jakarta01.com,JAKARTA01\Danny  
Error,10/3/2017 7:37,EventCreate,1,None,Application,djkvdihost276.jakarta01.com,JAKARTA01\nony  
Error,10/3/2017 7:37,EventCreate,1,None,Application,djkvdihost702.jakarta01.com,JAKARTA01\kreshna  
Error,10/3/2017 7:36,WSH,1,None,Application,djkvdihost363.jakarta01.com,"CN=Yosephine Corazon password will expire in 1 day(s) at 10/4/2017 6:51:32 AM

Press CTRL + ALT + DEL and select the ""Change a password"" option."
Error,10/3/2017 7:37,EventCreate,1,None,Application,djkvdihost042.jakarta01.com,JAKARTA01\hendry  
Error,10/3/2017 7:37,EventCreate,1,None,Application,djkvdihost759.jakarta01.com,JAKARTA01\Sandra  
Error,10/3/2017 7:37,EventCreate,1,None,Application,djkvdihost323.jakarta01.com,JAKARTA01\cinta  
Error,10/3/2017 7:37,EventCreate,1,None,Application,djkvdihost393.jakarta01.com,JAKARTA01\tudie  
Error,10/3/2017 7:37,EventCreate,1,None,Application,djkvdihost770.jakarta01.com,JAKARTA01\ginanjar  
Error,10/3/2017 7:37,EventCreate,1,None,Application,djkvdihost435.jakarta01.com,JAKARTA01\ronal  
Error,10/3/2017 7:37,EventCreate,1,None,Application,djkvdihost159.jakarta01.com,JAKARTA01\rinaldonp  
Error,10/3/2017 7:36,EventCreate,1,None,Application,djkvdihost024.jakarta01.com,JAKARTA01\Pradita  
Error,10/3/2017 7:36,WSH,1,None,Application,djkvdihost363.jakarta01.com,"CN=Yosephine Corazon password will expire in 1 day(s) at 10/4/2017 6:51:32 AM

Press CTRL + ALT + DEL and select the ""Change a password"" option."
Error,10/3/2017 7:36,EventCreate,1,None,Application,djkvdihost323.jakarta01.com,JAKARTA01\cinta  
Error,10/3/2017 7:36,EventCreate,1,None,Application,djkvdihost100.jakarta01.com,JAKARTA01\davidc  
Error,10/3/2017 7:36,EventCreate,1,None,Application,djkvdihost545.jakarta01.com,JAKARTA01\nurmalasari  
Error,10/3/2017 7:36,EventCreate,1,None,Application,djkvdihost655.jakarta01.com,JAKARTA01\anjani  
Error,10/3/2017 7:36,EventCreate,1,None,Application,djkvdihost395.jakarta01.com,JAKARTA01\ferdi  
Error,10/3/2017 7:36,EventCreate,1,None,Application,djkvdihost589.jakarta01.com,JAKARTA01\evanc  
Error,10/3/2017 7:36,EventCreate,1,None,Application,djkvdihost660.jakarta01.com,JAKARTA01\yoga  
Error,10/3/2017 7:35,EventCreate,1,None,Application,djkvdihost892.jakarta01.com,JAKARTA01\Anosa  
Error,10/3/2017 7:35,EventCreate,1,None,Application,djkvdihost311.jakarta01.com,JAKARTA01\liza  
Error,10/3/2017 7:35,EventCreate,1,None,Application,djkvdihost140.jakarta01.com,JAKARTA01\ayudia  
Error,10/3/2017 7:35,EventCreate,1,None,Application,djkvdihost563.jakarta01.com,JAKARTA01\dini hariyani  
Error,10/3/2017 7:35,EventCreate,1,None,Application,djkvdihost894.jakarta01.com,JAKARTA01\Agus Sutikno  
Error,10/3/2017 7:35,EventCreate,1,None,Application,djkvdihost684.jakarta01.com,JAKARTA01\haedar  
Error,10/3/2017 7:35,EventCreate,1,None,Application,djkvdihost040.jakarta01.com,JAKARTA01\Chadijah  
Error,10/3/2017 7:35,EventCreate,1,None,Application,djkvdihost202.jakarta01.com,JAKARTA01\LILY AISYAH  
Error,10/3/2017 7:35,EventCreate,1,None,Application,djkvdihost742.jakarta01.com,JAKARTA01\phia  
Error,10/3/2017 7:35,EventCreate,1,None,Application,djkvdihost348.jakarta01.com,JAKARTA01\meri  
Error,10/3/2017 7:35,EventCreate,1,None,Application,djkvdihost861.jakarta01.com,JAKARTA01\kubo  
Error,10/3/2017 7:34,EventCreate,1,None,Application,djkvdihost217.jakarta01.com,JAKARTA01\yumiyati  
Error,10/3/2017 7:34,EventCreate,1,None,Application,djkvdihost246.jakarta01.com,JAKARTA01\Devina  
Error,10/3/2017 7:34,EventCreate,1,None,Application,djkvdihost514.jakarta01.com,JAKARTA01\DEVI  
Error,10/3/2017 7:34,EventCreate,1,None,Application,djkvdihost261.jakarta01.com,JAKARTA01\arinie  
Error,10/3/2017 7:34,EventCreate,1,None,Application,djkvdihost529.jakarta01.com,JAKARTA01\teddy h  
Error,10/3/2017 7:33,WSH,1,None,Application,djkvdihost261.jakarta01.com,"CN=Arinie Ratna Puspita password will expire in 2 day(s) at 10/5/2017 3:05:51 PM

Press CTRL + ALT + DEL and select the ""Change a password"" option."
Error,10/3/2017 7:34,EventCreate,1,None,Application,djkvdihost293.jakarta01.com,JAKARTA01\Yunita  
Error,10/3/2017 7:33,EventCreate,1,None,Application,djkvdihost848.jakarta01.com,JAKARTA01\sodeoka  
Error,10/3/2017 7:33,EventCreate,1,None,Application,djkvdihost431.jakarta01.com,JAKARTA01\m iqbal  
Error,10/3/2017 7:33,EventCreate,1,None,Application,djkvdihost729.jakarta01.com,JAKARTA01\rezky  
Error,10/3/2017 7:33,WSH,1,None,Application,djkvdihost261.jakarta01.com,"CN=Arinie Ratna Puspita password will expire in 2 day(s) at 10/5/2017 3:05:51 PM

Press CTRL + ALT + DEL and select the ""Change a password"" option."
Error,10/3/2017 7:33,EventCreate,1,None,Application,djkvdihost425.jakarta01.com,JAKARTA01\yosie  
Error,10/3/2017 7:33,EventCreate,1,None,Application,djkvdihost479.jakarta01.com,JAKARTA01\yusi  
Error,10/3/2017 7:33,EventCreate,1,None,Application,djkvdihost467.jakarta01.com,JAKARTA01\saptorini  
Error,10/3/2017 7:33,EventCreate,1,None,Application,djkvdihost789.jakarta01.com,JAKARTA01\Priellya  
Error,10/3/2017 7:32,EventCreate,1,None,Application,djkvdihost658.jakarta01.com,JAKARTA01\sulistyono  
Error,10/3/2017 7:33,EventCreate,1,None,Application,djkvdihost255.jakarta01.com,JAKARTA01\Eny Masruroh  
Error,10/3/2017 7:33,EventCreate,1,None,Application,djkvdihost789.jakarta01.com,JAKARTA01\Priellya  
Error,10/3/2017 7:33,EventCreate,1,None,Application,djkvdihost028.jakarta01.com,JAKARTA01\Marthen  
Error,10/3/2017 7:32,EventCreate,1,None,Application,djkvdihost288.jakarta01.com,JAKARTA01\yofiandhy  
Error,10/3/2017 7:32,Application Error,1000,-100,Application,djkvdihost288.jakarta01.com,"Faulting application name: OUTLOOK.EXE, version: 15.0.4919.1001, time stamp: 0x58d20482
Faulting module name: OUTLOOK.EXE, version: 15.0.4919.1001, time stamp: 0x58d20482
Exception code: 0xc0000005
Fault offset: 0x008924c4
Faulting process id: 0x1a88
Faulting application start time: 0x01d33bd3da17535f
Faulting application path: C:\Program Files\Microsoft Office\Office15\OUTLOOK.EXE
Faulting module path: C:\Program Files\Microsoft Office\Office15\OUTLOOK.EXE
Report Id: 50407afa-a7d2-11e7-931f-0050569f27f6"
Error,10/3/2017 7:32,EventCreate,1,None,Application,djkvdihost658.jakarta01.com,JAKARTA01\sulistyono  
Error,10/3/2017 7:32,EventCreate,1,None,Application,djkvdihost576.jakarta01.com,JAKARTA01\Dina Vathati  
Error,10/3/2017 7:32,EventCreate,1,None,Application,djkvdihost870.jakarta01.com,JAKARTA01\andi  
Error,10/3/2017 7:32,EventCreate,1,None,Application,djkvdihost198.jakarta01.com,JAKARTA01\NovrianAS  
Error,10/3/2017 7:32,EventCreate,1,None,Application,djkvdihost333.jakarta01.com,JAKARTA01\tobing  
Error,10/3/2017 7:32,EventCreate,1,None,Application,djkvdihost352.jakarta01.com,JAKARTA01\netra  
Error,10/3/2017 7:31,EventCreate,1,None,Application,djkvdihost719.jakarta01.com,JAKARTA01\titis  
Error,10/3/2017 7:31,EventCreate,1,None,Application,djkvdihost404.jakarta01.com,JAKARTA01\Rahmat  
Error,10/3/2017 7:31,EventCreate,1,None,Application,djkvdihost853.jakarta01.com,JAKARTA01\m nugraha  
Error,10/3/2017 7:30,EventCreate,1,None,Application,djkvdihost054.jakarta01.com,JAKARTA01\Teguh Aji  
Error,10/3/2017 7:30,EventCreate,1,None,Application,djkvdihost192.jakarta01.com,JAKARTA01\maria  
Error,10/3/2017 7:30,EventCreate,1,None,Application,djkvdihost290.jakarta01.com,JAKARTA01\veronicam  
Error,10/3/2017 7:30,EventCreate,1,None,Application,djkvdihost465.jakarta01.com,JAKARTA01\aticha  
Error,10/3/2017 7:30,EventCreate,1,None,Application,djkvdihost309.jakarta01.com,JAKARTA01\rozi  
Error,10/3/2017 7:29,EventCreate,1,None,Application,djkvdihost832.jakarta01.com,JAKARTA01\femmy  
Error,10/3/2017 7:29,EventCreate,1,None,Application,djkvdihost405.jakarta01.com,JAKARTA01\mirawati  
Error,10/3/2017 7:29,EventCreate,1,None,Application,djkvdihost370.jakarta01.com,JAKARTA01\hertanto  
Error,10/3/2017 7:29,EventCreate,1,None,Application,djkvdihost523.jakarta01.com,JAKARTA01\binar  
Error,10/3/2017 7:28,EventCreate,1,None,Application,djkvdihost850.jakarta01.com,JAKARTA01\i gede  
Error,10/3/2017 7:28,WSH,1,None,Application,djkvdihost405.jakarta01.com,"CN=Mirawati Pranoto password will expire in 2 day(s) at 10/5/2017 7:42:29 AM

Press CTRL + ALT + DEL and select the ""Change a password"" option."
Error,10/3/2017 7:28,EventCreate,1,None,Application,djkvdihost692.jakarta01.com,JAKARTA01\Nur Maya  
Error,10/3/2017 7:28,EventCreate,1,None,Application,djkvdihost273.jakarta01.com,JAKARTA01\DianRamadhania  
Error,10/3/2017 7:28,WSH,1,None,Application,djkvdihost405.jakarta01.com,"CN=Mirawati Pranoto password will expire in 2 day(s) at 10/5/2017 7:42:29 AM

Press CTRL + ALT + DEL and select the ""Change a password"" option."
Error,10/3/2017 7:28,EventCreate,1,None,Application,djkvdihost772.jakarta01.com,JAKARTA01\pramana  
Error,10/3/2017 7:28,EventCreate,1,None,Application,djkvdihost099.jakarta01.com,JAKARTA01\ADrianP  
Error,10/3/2017 7:28,EventCreate,1,None,Application,djkvdihost169.jakarta01.com,JAKARTA01\adriani  
Error,10/3/2017 7:28,EventCreate,1,None,Application,djkvdihost169.jakarta01.com,JAKARTA01\adriani  
Error,10/3/2017 7:27,EventCreate,1,None,Application,djkvdihost374.jakarta01.com,JAKARTA01\aprianto  
Error,10/3/2017 7:27,EventCreate,1,None,Application,djkvdihost606.jakarta01.com,JAKARTA01\srahma  
Error,10/3/2017 7:27,EventCreate,1,None,Application,djkvdihost105.jakarta01.com,JAKARTA01\Hilma  
Error,10/3/2017 7:27,EventCreate,1,None,Application,djkvdihost118.jakarta01.com,JAKARTA01\ivan  
Error,10/3/2017 7:26,EventCreate,1,None,Application,djkvdihost697.jakarta01.com,JAKARTA01\Ajie  
Error,10/3/2017 7:26,EventCreate,1,None,Application,djkvdihost618.jakarta01.com,JAKARTA01\wulanf  
Error,10/3/2017 7:25,EventCreate,1,None,Application,djkvdihost642.jakarta01.com,JAKARTA01\Dimas Satya  
Error,10/3/2017 7:26,EventCreate,1,None,Application,djkvdihost315.jakarta01.com,JAKARTA01\ayuningtias  
Error,10/3/2017 7:25,EventCreate,1,None,Application,djkvdihost078.jakarta01.com,JAKARTA01\maya  
Error,10/3/2017 7:25,EventCreate,1,None,Application,djkvdihost743.jakarta01.com,JAKARTA01\Arum  
Error,10/3/2017 7:25,EventCreate,1,None,Application,djkvdihost642.jakarta01.com,JAKARTA01\Dimas Satya  
Error,10/3/2017 7:25,EventCreate,1,None,Application,djkvdihost123.jakarta01.com,JAKARTA01\vina  
Error,10/3/2017 7:25,EventCreate,1,None,Application,djkvdihost630.jakarta01.com,JAKARTA01\yenni  
Error,10/3/2017 7:24,EventCreate,1,None,Application,djkvdihost417.jakarta01.com,JAKARTA01\mdendy  
Error,10/3/2017 7:25,EventCreate,1,None,Application,djkvdihost308.jakarta01.com,JAKARTA01\niluh  
Error,10/3/2017 7:25,EventCreate,1,None,Application,djkvdihost499.jakarta01.com,JAKARTA01\retno  
Error,10/3/2017 7:25,EventCreate,1,None,Application,djkvdihost109.jakarta01.com,JAKARTA01\myreshka  
Error,10/3/2017 7:24,EventCreate,1,None,Application,djkvdihost879.jakarta01.com,JAKARTA01\Kurnia Arisayuga  
Error,10/3/2017 7:24,EventCreate,1,None,Application,djkvdihost209.jakarta01.com,JAKARTA01\ALTHEA  
Error,10/3/2017 7:24,EventCreate,1,None,Application,djkvdihost417.jakarta01.com,JAKARTA01\mdendy  
Error,10/3/2017 7:24,EventCreate,1,None,Application,djkvdihost844.jakarta01.com,JAKARTA01\tsusaka  
Error,10/3/2017 7:24,EventCreate,1,None,Application,djkvdihost698.jakarta01.com,JAKARTA01\rara  
Error,10/3/2017 7:23,EventCreate,1,None,Application,djkvdihost197.jakarta01.com,JAKARTA01\susilowati  
Error,10/3/2017 7:23,EventCreate,1,None,Application,djkvdihost384.jakarta01.com,JAKARTA01\riaanggreyni  
Error,10/3/2017 7:23,EventCreate,1,None,Application,djkvdihost271.jakarta01.com,JAKARTA01\davidhs  
Error,10/3/2017 7:23,EventCreate,1,None,Application,djkvdihost108.jakarta01.com,JAKARTA01\vina febria  
Error,10/3/2017 7:23,EventCreate,1,None,Application,djkvdihost269.jakarta01.com,JAKARTA01\sinta  
Error,10/3/2017 7:22,EventCreate,1,None,Application,djkvdihost701.jakarta01.com,JAKARTA01\SANI  
Error,10/3/2017 7:22,EventCreate,1,None,Application,djkvdihost262.jakarta01.com,JAKARTA01\mario  
Error,10/3/2017 7:22,EventCreate,1,None,Application,djkvdihost701.jakarta01.com,JAKARTA01\SANI  
Error,10/3/2017 7:22,EventCreate,1,None,Application,djkvdihost802.jakarta01.com,JAKARTA01\Dicky  
Error,10/3/2017 7:21,EventCreate,1,None,Application,djkvdihost167.jakarta01.com,JAKARTA01\lestari  
Error,10/3/2017 7:21,EventCreate,1,None,Application,djkvdihost136.jakarta01.com,JAKARTA01\caroline  
Error,10/3/2017 7:21,EventCreate,1,None,Application,djkvdihost002.jakarta01.com,JAKARTA01\rindang  
Error,10/3/2017 7:21,EventCreate,1,None,Application,djkvdihost147.jakarta01.com,JAKARTA01\dwinda  
Error,10/3/2017 7:20,EventCreate,1,None,Application,djkvdihost485.jakarta01.com,JAKARTA01\Luki Mahanani  
Error,10/3/2017 7:20,EventCreate,1,None,Application,djkvdihost785.jakarta01.com,JAKARTA01\amanda chandra  
Error,10/3/2017 7:20,Application Error,1000,-100,Application,djkvdihost785.jakarta01.com,"Faulting application name: spoolsv.exe, version: 6.1.7601.17777, time stamp: 0x4f35efc3
Faulting module name: msvcrt.dll, version: 7.0.7601.17744, time stamp: 0x4eeaf722
Exception code: 0xc0000005
Fault offset: 0x0000aa14
Faulting process id: 0x638
Faulting application start time: 0x01d33b71971bba41
Faulting application path: C:\Windows\System32\spoolsv.exe
Faulting module path: C:\Windows\system32\msvcrt.dll
Report Id: afb38223-a7d0-11e7-a5c6-0050569f15ab"
Error,10/3/2017 7:20,EventCreate,1,None,Application,djkvdihost336.jakarta01.com,JAKARTA01\fatma  
Error,10/3/2017 7:20,EventCreate,1,None,Application,djkvdihost592.jakarta01.com,JAKARTA01\adhi  
Error,10/3/2017 7:19,EventCreate,1,None,Application,djkvdihost520.jakarta01.com,JAKARTA01\Yustine  
Error,10/3/2017 7:19,EventCreate,1,None,Application,djkvdihost475.jakarta01.com,JAKARTA01\Novita rahayu  
Error,10/3/2017 7:19,EventCreate,1,None,Application,djkvdihost893.jakarta01.com,JAKARTA01\StellaH  
Error,10/3/2017 7:18,EventCreate,1,None,Application,djkvdihost291.jakarta01.com,JAKARTA01\nunik  
Error,10/3/2017 7:17,EventCreate,1,None,Application,djkvdihost536.jakarta01.com,JAKARTA01\JUNETTE  
Error,10/3/2017 7:17,EventCreate,1,None,Application,djkvdihost591.jakarta01.com,JAKARTA01\aria  
Error,10/3/2017 7:17,EventCreate,1,None,Application,djkvdihost228.jakarta01.com,JAKARTA01\Virgitha  
Error,10/3/2017 7:17,EventCreate,1,None,Application,djkvdihost328.jakarta01.com,JAKARTA01\phesyana  
Error,10/3/2017 7:17,EventCreate,1,None,Application,djkvdihost436.jakarta01.com,JAKARTA01\rachelas  
Error,10/3/2017 7:17,EventCreate,1,None,Application,djkvdihost536.jakarta01.com,JAKARTA01\JUNETTE  
Error,10/3/2017 7:17,Application Error,1000,-100,Application,djkvdihost591.jakarta01.com,"Faulting application name: spoolsv.exe, version: 6.1.7601.17777, time stamp: 0x4f35efc3
Faulting module name: msvcrt.dll, version: 7.0.7601.17744, time stamp: 0x4eeaf722
Exception code: 0xc0000005
Fault offset: 0x0000aa14
Faulting process id: 0x638
Faulting application start time: 0x01d33bc63053687e
Faulting application path: C:\Windows\System32\spoolsv.exe
Faulting module path: C:\Windows\system32\msvcrt.dll
Report Id: 2f9e5051-a7d0-11e7-a8a2-0050569f3904"
Error,10/3/2017 7:14,EventCreate,1,None,Application,djkvdihost603.jakarta01.com,JAKARTA01\tantri  
Error,10/3/2017 7:14,EventCreate,1,None,Application,djkvdihost356.jakarta01.com,JAKARTA01\eddy  
Error,10/3/2017 7:14,EventCreate,1,None,Application,djkvdihost582.jakarta01.com,JAKARTA01\cahyaningtiyas  
Error,10/3/2017 7:14,EventCreate,1,None,Application,djkvdihost581.jakarta01.com,JAKARTA01\suwilhan  
Error,10/3/2017 7:14,EventCreate,1,None,Application,djkvdihost370.jakarta01.com,JAKARTA01\hertanto  
Error,10/3/2017 7:14,EventCreate,1,None,Application,djkvdihost685.jakarta01.com,JAKARTA01\ayub  
Error,10/3/2017 7:14,Application Error,1000,-100,Application,djkvdihost370.jakarta01.com,"Faulting application name: spoolsv.exe, version: 6.1.7601.17777, time stamp: 0x4f35efc3
Faulting module name: msvcrt.dll, version: 7.0.7601.17744, time stamp: 0x4eeaf722
Exception code: 0xc0000005
Fault offset: 0x0000aa14
Faulting process id: 0x634
Faulting application start time: 0x01d33b9b6d51e0aa
Faulting application path: C:\Windows\System32\spoolsv.exe
Faulting module path: C:\Windows\system32\msvcrt.dll
Report Id: c4676c61-a7cf-11e7-ab90-0050569f7da7"
Error,10/3/2017 7:13,EventCreate,1,None,Application,djkvdihost603.jakarta01.com,JAKARTA01\tantri  
Error,10/3/2017 7:13,EventCreate,1,None,Application,djkvdihost144.jakarta01.com,JAKARTA01\Yosi  
Error,10/3/2017 7:13,EventCreate,1,None,Application,djkvdihost571.jakarta01.com,JAKARTA01\Rana  
Error,10/3/2017 7:13,EventCreate,1,None,Application,djkvdihost181.jakarta01.com,JAKARTA01\Moh Ditto  
Error,10/3/2017 7:13,EventCreate,1,None,Application,djkvdihost046.jakarta01.com,JAKARTA01\raras  
Error,10/3/2017 7:13,EventCreate,1,None,Application,djkvdihost897.jakarta01.com,JAKARTA01\Indra Bramantyono  
Error,10/3/2017 7:13,EventCreate,1,None,Application,djkvdihost422.jakarta01.com,JAKARTA01\andri  
Error,10/3/2017 7:13,EventCreate,1,None,Application,djkvdihost089.jakarta01.com,JAKARTA01\fardy  
Error,10/3/2017 7:12,EventCreate,1,None,Application,djkvdihost675.jakarta01.com,JAKARTA01\Sely  
Error,10/3/2017 7:12,EventCreate,1,None,Application,djkvdihost765.jakarta01.com,JAKARTA01\muhammad zubayr  
Error,10/3/2017 7:12,EventCreate,1,None,Application,djkvdihost628.jakarta01.com,JAKARTA01\kusumadita  
Error,10/3/2017 7:12,EventCreate,1,None,Application,djkvdihost765.jakarta01.com,JAKARTA01\muhammad zubayr  
Error,10/3/2017 7:11,EventCreate,1,None,Application,djkvdihost317.jakarta01.com,JAKARTA01\polyska  
Error,10/3/2017 7:11,EventCreate,1,None,Application,djkvdihost418.jakarta01.com,JAKARTA01\ryan  
Error,10/3/2017 7:11,EventCreate,1,None,Application,djkvdihost317.jakarta01.com,JAKARTA01\polyska  
Error,10/3/2017 7:11,EventCreate,1,None,Application,djkvdihost420.jakarta01.com,JAKARTA01\meinar  
Error,10/3/2017 7:10,EventCreate,1,None,Application,djkvdihost377.jakarta01.com,JAKARTA01\hersiari  
Error,10/3/2017 7:10,EventCreate,1,None,Application,djkvdihost531.jakarta01.com,JAKARTA01\andiani  
Error,10/3/2017 7:10,Application Error,1000,-100,Application,djkvdihost531.jakarta01.com,"Faulting application name: wfcrun32.exe, version: 14.4.1000.16, time stamp: 0x571e1bd4
Faulting module name: MFC80.DLL, version: 8.0.50727.6195, time stamp: 0x4dcdeca2
Exception code: 0xc0000005
Fault offset: 0x000de1b0
Faulting process id: 0x1ab0
Faulting application start time: 0x01d33bdbf759888e
Faulting application path: C:\Program Files\Citrix\ICA Client\wfcrun32.exe
Faulting module path: C:\Windows\WinSxS\x86_microsoft.vc80.mfc_1fc8b3b9a1e18e3b_8.0.50727.6195_none_cbf5e994470a1a8f\MFC80.DLL
Report Id: 352c296e-a7cf-11e7-864c-0050569f42e0"
Error,10/3/2017 7:10,EventCreate,1,None,Application,djkvdihost150.jakarta01.com,JAKARTA01\suhendrayana  
Error,10/3/2017 7:10,EventCreate,1,None,Application,djkvdihost191.jakarta01.com,JAKARTA01\budi ramadhan  
Error,10/3/2017 7:09,EventCreate,1,None,Application,djkvdihost003.jakarta01.com,JAKARTA01\andi wijaya  
Error,10/3/2017 7:09,EventCreate,1,None,Application,djkvdihost711.jakarta01.com,JAKARTA01\Shena  
Error,10/3/2017 7:08,EventCreate,1,None,Application,djkvdihost717.jakarta01.com,JAKARTA01\reny  
Error,10/3/2017 7:08,EventCreate,1,None,Application,djkvdihost051.jakarta01.com,JAKARTA01\indrawati  
Error,10/3/2017 7:08,EventCreate,1,None,Application,djkvdihost531.jakarta01.com,JAKARTA01\andiani  
Error,10/3/2017 7:08,Application Error,1000,-100,Application,djkvdihost531.jakarta01.com,"Faulting application name: wfcrun32.exe, version: 14.4.1000.16, time stamp: 0x571e1bd4
Faulting module name: MFC80.DLL, version: 8.0.50727.6195, time stamp: 0x4dcdeca2
Exception code: 0xc0000005
Fault offset: 0x000de1b0
Faulting process id: 0x668
Faulting application start time: 0x01d33bdbafce93a6
Faulting application path: C:\Program Files\Citrix\ICA Client\wfcrun32.exe
Faulting module path: C:\Windows\WinSxS\x86_microsoft.vc80.mfc_1fc8b3b9a1e18e3b_8.0.50727.6195_none_cbf5e994470a1a8f\MFC80.DLL
Report Id: f0f09e06-a7ce-11e7-864c-0050569f42e0"
Error,10/3/2017 7:08,EventCreate,1,None,Application,djkvdihost238.jakarta01.com,JAKARTA01\Jessica  
Error,10/3/2017 7:08,EventCreate,1,None,Application,djkvdihost579.jakarta01.com,JAKARTA01\melani  
Error,10/3/2017 7:07,EventCreate,1,None,Application,djkvdihost409.jakarta01.com,JAKARTA01\danielhp  
Error,10/3/2017 7:07,EventCreate,1,None,Application,djkvdihost073.jakarta01.com,JAKARTA01\moh rinov  
Error,10/3/2017 7:07,EventCreate,1,None,Application,djkvdihost574.jakarta01.com,JAKARTA01\debby  
Error,10/3/2017 7:06,EventCreate,1,None,Application,djkvdihost795.jakarta01.com,JAKARTA01\vadya  
Error,10/3/2017 7:06,EventCreate,1,None,Application,djkvdihost400.jakarta01.com,JAKARTA01\gatots  
Error,10/3/2017 7:06,EventCreate,1,None,Application,djkvdihost604.jakarta01.com,JAKARTA01\tjahja  
Error,10/3/2017 7:06,EventCreate,1,None,Application,djkvdihost160.jakarta01.com,JAKARTA01\rusliyani  
Error,10/3/2017 7:05,EventCreate,1,None,Application,djkvdihost387.jakarta01.com,JAKARTA01\heri  
Error,10/3/2017 7:04,EventCreate,1,None,Application,djkvdihost852.jakarta01.com,JAKARTA01\bobby  
Error,10/3/2017 7:04,EventCreate,1,None,Application,djkvdihost725.jakarta01.com,JAKARTA01\muhammad afif  
Error,10/3/2017 7:03,EventCreate,1,None,Application,djkvdihost268.jakarta01.com,JAKARTA01\anggi  
Error,10/3/2017 7:03,EventCreate,1,None,Application,djkvdihost864.jakarta01.com,JAKARTA01\Nishinaka  
Error,10/3/2017 7:02,EventCreate,1,None,Application,djkvdihost847.jakarta01.com,JAKARTA01\masuyama  
Error,10/3/2017 7:02,EventCreate,1,None,Application,djkvdihost546.jakarta01.com,JAKARTA01\nila  
Error,10/3/2017 7:01,EventCreate,1,None,Application,djkvdihost107.jakarta01.com,JAKARTA01\namora  
Error,10/3/2017 7:01,EventCreate,1,None,Application,djkvdihost375.jakarta01.com,JAKARTA01\Amaliawati  
Error,10/3/2017 7:01,Application Error,1000,-100,Application,djkvdihost375.jakarta01.com,"Faulting application name: spoolsv.exe, version: 6.1.7601.17777, time stamp: 0x4f35efc3
Faulting module name: msvcrt.dll, version: 7.0.7601.17744, time stamp: 0x4eeaf722
Exception code: 0xc0000005
Fault offset: 0x0000aa14
Faulting process id: 0x634
Faulting application start time: 0x01d33ba0746d05f1
Faulting application path: C:\Windows\System32\spoolsv.exe
Faulting module path: C:\Windows\system32\msvcrt.dll
Report Id: f3e1a878-a7cd-11e7-b710-0050569f386d"
Error,10/3/2017 7:00,EventCreate,1,None,Application,djkvdihost023.jakarta01.com,JAKARTA01\ester  
Error,10/3/2017 7:00,EventCreate,1,None,Application,djkvdihost509.jakarta01.com,JAKARTA01\barry  
Error,10/3/2017 7:00,EventCreate,1,None,Application,djkvdihost764.jakarta01.com,JAKARTA01\feni  
Error,10/3/2017 6:59,EventCreate,1,None,Application,djkvdihost595.jakarta01.com,JAKARTA01\k_ignatius  
Error,10/3/2017 6:58,EventCreate,1,None,Application,djkvdihost857.jakarta01.com,JAKARTA01\ueda  
Error,10/3/2017 6:58,EventCreate,1,None,Application,djkvdihost758.jakarta01.com,JAKARTA01\RURI  
Error,10/3/2017 6:58,EventCreate,1,None,Application,djkvdihost199.jakarta01.com,JAKARTA01\wildan  
Error,10/3/2017 6:55,EventCreate,1,None,Application,djkvdihost528.jakarta01.com,JAKARTA01\kartika  
Error,10/3/2017 6:55,EventCreate,1,None,Application,djkvdihost671.jakarta01.com,JAKARTA01\Hera  
Error,10/3/2017 6:55,EventCreate,1,None,Application,djkvdihost354.jakarta01.com,JAKARTA01\Livia  
Error,10/3/2017 6:55,Application Error,1000,-100,Application,djkvdihost528.jakarta01.com,"Faulting application name: spoolsv.exe, version: 6.1.7601.17777, time stamp: 0x4f35efc3
Faulting module name: msvcrt.dll, version: 7.0.7601.17744, time stamp: 0x4eeaf722
Exception code: 0xc0000005
Fault offset: 0x0000aa14
Faulting process id: 0x638
Faulting application start time: 0x01d33b6d47a45d29
Faulting application path: C:\Windows\System32\spoolsv.exe
Faulting module path: C:\Windows\system32\msvcrt.dll
Report Id: 2c42a11f-a7cd-11e7-ade6-0050569f7fb2"
Error,10/3/2017 6:55,EventCreate,1,None,Application,djkvdihost283.jakarta01.com,JAKARTA01\Patsiana  
Error,10/3/2017 6:55,EventCreate,1,None,Application,djkvdihost619.jakarta01.com,JAKARTA01\Donna  
Error,10/3/2017 6:53,EventCreate,1,None,Application,djkvdihost390.jakarta01.com,JAKARTA01\Pram  
Error,10/3/2017 6:52,EventCreate,1,None,Application,djkvdihost236.jakarta01.com,JAKARTA01\zaldi  
Error,10/3/2017 6:52,EventCreate,1,None,Application,djkvdihost268.jakarta01.com,JAKARTA01\anggi  
Error,10/3/2017 6:51,Application Error,1000,-100,Application,djkvdihost268.jakarta01.com,"Faulting application name: spoolsv.exe, version: 6.1.7601.17777, time stamp: 0x4f35efc3
Faulting module name: msvcrt.dll, version: 7.0.7601.17744, time stamp: 0x4eeaf722
Exception code: 0xc0000005
Fault offset: 0x0000aa14
Faulting process id: 0x634
Faulting application start time: 0x01d33b6a9d834d93
Faulting application path: C:\Windows\System32\spoolsv.exe
Faulting module path: C:\Windows\system32\msvcrt.dll
Report Id: ab92062a-a7cc-11e7-b9fd-0050569f2588"
Error,10/3/2017 6:51,EventCreate,1,None,Application,djkvdihost462.jakarta01.com,JAKARTA01\Pricillia  
Error,10/3/2017 6:49,EventCreate,1,None,Application,djkvdihost212.jakarta01.com,JAKARTA01\andini  
Error,10/3/2017 6:48,EventCreate,1,None,Application,djkvdihost139.jakarta01.com,JAKARTA01\komangsd  
Error,10/3/2017 6:48,EventCreate,1,None,Application,djkvdihost617.jakarta01.com,JAKARTA01\willya  
Error,10/3/2017 6:47,EventCreate,1,None,Application,djkvdihost464.jakarta01.com,JAKARTA01\Letitia  
Error,10/3/2017 6:45,EventCreate,1,None,Application,djkvdihost318.jakarta01.com,JAKARTA01\taufik  
Error,10/3/2017 6:44,EventCreate,1,None,Application,djkvdihost804.jakarta01.com,JAKARTA01\hideo  
Error,10/3/2017 6:44,EventCreate,1,None,Application,djkvdihost298.jakarta01.com,JAKARTA01\henny  
Error,10/3/2017 6:42,EventCreate,1,None,Application,djkvdihost551.jakarta01.com,JAKARTA01\poespita  
Error,10/3/2017 6:42,EventCreate,1,None,Application,djkvdihost873.jakarta01.com,JAKARTA01\Ouchi  
Error,10/3/2017 6:41,EventCreate,1,None,Application,djkvdihost874.jakarta01.com,JAKARTA01\jeremia  
Error,10/3/2017 6:41,EventCreate,1,None,Application,djkvdihost646.jakarta01.com,JAKARTA01\Nur Alma  
Error,10/3/2017 6:40,EventCreate,1,None,Application,djkvdihost385.jakarta01.com,JAKARTA01\Aisyah  
Error,10/3/2017 6:39,EventCreate,1,None,Application,djkvdihost225.jakarta01.com,JAKARTA01\rusliadi  
Error,10/3/2017 6:38,EventCreate,1,None,Application,djkvdihost285.jakarta01.com,JAKARTA01\gallant  
Error,10/3/2017 6:38,EventCreate,1,None,Application,djkvdihost187.jakarta01.com,JAKARTA01\arqom  
Error,10/3/2017 6:38,EventCreate,1,None,Application,djkvdihost158.jakarta01.com,JAKARTA01\andrinur  
Error,10/3/2017 6:36,EventCreate,1,None,Application,djkvdihost210.jakarta01.com,JAKARTA01\yasinta  
Error,10/3/2017 6:36,EventCreate,1,None,Application,djkvdihost672.jakarta01.com,JAKARTA01\mulyono  
Error,10/3/2017 6:36,EventCreate,1,None,Application,djkvdihost831.jakarta01.com,JAKARTA01\alexander  
Error,10/3/2017 6:36,EventCreate,1,None,Application,djkvdihost213.jakarta01.com,JAKARTA01\margiati  
Error,10/3/2017 6:34,EventCreate,1,None,Application,djkvdihost818.jakarta01.com,JAKARTA01\Chinthea  
Error,10/3/2017 6:34,EventCreate,1,None,Application,djkvdihost871.jakarta01.com,JAKARTA01\Machida  
Error,10/3/2017 6:31,EventCreate,1,None,Application,djkvdihost626.jakarta01.com,JAKARTA01\sasono  
Error,10/3/2017 6:29,EventCreate,1,None,Application,djkvdihost368.jakarta01.com,JAKARTA01\susanto  
Error,10/3/2017 6:29,EventCreate,1,None,Application,djkvdihost344.jakarta01.com,JAKARTA01\kezia  
Error,10/3/2017 6:28,EventCreate,1,None,Application,djkvdihost346.jakarta01.com,JAKARTA01\cut nyak  
Error,10/3/2017 6:22,EventCreate,1,None,Application,djkvdihost647.jakarta01.com,JAKARTA01\puji sih  
Error,10/3/2017 6:16,EventCreate,1,None,Application,djkvdihost249.jakarta01.com,JAKARTA01\mulyanto  
Error,10/3/2017 6:16,Application Error,1000,-100,Application,djkvdihost249.jakarta01.com,"Faulting application name: spoolsv.exe, version: 6.1.7601.17777, time stamp: 0x4f35efc3
Faulting module name: msvcrt.dll, version: 7.0.7601.17744, time stamp: 0x4eeaf722
Exception code: 0xc0000005
Fault offset: 0x0000aa14
Faulting process id: 0x630
Faulting application start time: 0x01d33b7d38affbd8
Faulting application path: C:\Windows\System32\spoolsv.exe
Faulting module path: C:\Windows\system32\msvcrt.dll
Report Id: b2e4fd0d-a7c7-11e7-a940-0050569f5afa"
Error,10/3/2017 6:14,EventCreate,1,None,Application,djkvdihost812.jakarta01.com,JAKARTA01\hayatilah  
Error,10/3/2017 6:14,EventCreate,1,None,Application,djkvdihost104.jakarta01.com,JAKARTA01\Linah  
Error,10/3/2017 6:13,EventCreate,1,None,Application,djkvdihost506.jakarta01.com,JAKARTA01\Idafarida  
Error,10/3/2017 6:12,EventCreate,1,None,Application,djkvdihost135.jakarta01.com,JAKARTA01\michael  
Error,10/3/2017 6:11,EventCreate,1,None,Application,djkvdihost009.jakarta01.com,JAKARTA01\dwinanto  
Error,10/3/2017 6:10,EventCreate,1,None,Application,djkvdihost132.jakarta01.com,JAKARTA01\rusmelin  
Error,10/3/2017 6:10,EventCreate,1,None,Application,djkvdihost288.jakarta01.com,JAKARTA01\yofiandhy  
Error,10/3/2017 6:09,WSH,1,None,Application,djkvdihost132.jakarta01.com,"CN=Rusmelin Salim password will expire in 1 day(s) at 10/4/2017 5:56:49 AM

Press CTRL + ALT + DEL and select the ""Change a password"" option."
Error,10/3/2017 6:09,WSH,1,None,Application,djkvdihost132.jakarta01.com,"CN=Rusmelin Salim password will expire in 1 day(s) at 10/4/2017 5:56:49 AM

Press CTRL + ALT + DEL and select the ""Change a password"" option."
Error,10/3/2017 6:07,EventCreate,1,None,Application,djkvdihost867.jakarta01.com,JAKARTA01\hastari  
Error,10/3/2017 6:06,EventCreate,1,None,Application,djkvdihost663.jakarta01.com,JAKARTA01\olly  
Error,10/3/2017 6:03,EventCreate,1,None,Application,djkvdihost302.jakarta01.com,JAKARTA01\Valdi  
Error,10/3/2017 6:03,EventCreate,1,None,Application,djkvdihost067.jakarta01.com,JAKARTA01\arqom  
Error,10/3/2017 6:02,EventCreate,1,None,Application,djkvdihost345.jakarta01.com,JAKARTA01\ianm  
Error,10/3/2017 6:02,EventCreate,1,None,Application,djkvdihost750.jakarta01.com,JAKARTA01\nugraha  
Error,10/3/2017 6:00,EventCreate,1,None,Application,djkvdihost696.jakarta01.com,JAKARTA01\Erick  
Error,10/3/2017 5:59,EventCreate,1,None,Application,djkvdihost256.jakarta01.com,JAKARTA01\Idafarida  
Error,10/3/2017 5:54,EventCreate,1,None,Application,djkvdihost557.jakarta01.com,JAKARTA01\dhara  
Error,10/3/2017 5:53,EventCreate,1,None,Application,djkvdihost294.jakarta01.com,JAKARTA01\ridjal  
Error,10/3/2017 5:49,EventCreate,1,None,Application,djkvdihost196.jakarta01.com,JAKARTA01\hilmy  
Error,10/3/2017 5:48,EventCreate,1,None,Application,djkvdihost567.jakarta01.com,JAKARTA01\agungwd  
Error,10/3/2017 5:46,EventCreate,1,None,Application,djkvdihost627.jakarta01.com,JAKARTA01\midasope  
Error,10/2/2017 21:04,EventCreate,1,None,Application,djkvdihost847.jakarta01.com,JAKARTA01\Ouchi  
Error,10/2/2017 21:04,EventCreate,1,None,Application,djkvdihost897.jakarta01.com,JAKARTA01\Anosa  
Error,10/2/2017 21:04,Application Error,1000,-100,Application,djkvdihost847.jakarta01.com,"Faulting application name: iexplore.exe, version: 11.0.9600.18639, time stamp: 0x58d6bb0d
Faulting module name: MSHTML.dll, version: 11.0.9600.18639, time stamp: 0x58d6c720
Exception code: 0xc0000005
Fault offset: 0x000ac604
Faulting process id: 0x1748
Faulting application start time: 0x01d33b0f0e9658cb
Faulting application path: C:\Program Files\Internet Explorer\iexplore.exe
Faulting module path: C:\Windows\system32\MSHTML.dll
Report Id: 94ca0289-a77a-11e7-a3d0-0050569f5be4"
Error,10/2/2017 20:53,EventCreate,1,None,Application,djkvdihost627.jakarta01.com,JAKARTA01\Setiawan  
Error,10/2/2017 20:53,Application Error,1000,-100,Application,djkvdihost627.jakarta01.com,"Faulting application name: OUTLOOK.EXE, version: 15.0.4919.1001, time stamp: 0x58d20482
Faulting module name: OUTLOOK.EXE, version: 15.0.4919.1001, time stamp: 0x58d20482
Exception code: 0xc0000005
Fault offset: 0x008924c7
Faulting process id: 0x1a08
Faulting application start time: 0x01d33b80c3f7c5a7
Faulting application path: C:\Program Files\Microsoft Office\Office15\OUTLOOK.EXE
Faulting module path: C:\Program Files\Microsoft Office\Office15\OUTLOOK.EXE
Report Id: 149d28ba-a779-11e7-9a87-0050569f6aff"
Error,10/2/2017 20:22,EventCreate,1,None,Application,djkvdihost315.jakarta01.com,JAKARTA01\hariri  
Error,10/2/2017 20:03,EventCreate,1,None,Application,djkvdihost499.jakarta01.com,JAKARTA01\mpinto  
Error,10/2/2017 20:03,Application Error,1000,-100,Application,djkvdihost499.jakarta01.com,"Faulting application name: WINWORD.EXE, version: 15.0.4911.1000, time stamp: 0x58a2c075
Faulting module name: wwlib.dll, version: 15.0.4911.1000, time stamp: 0x58a2c073
Exception code: 0xc0000005
Fault offset: 0x00c929ac
Faulting process id: 0x1898
Faulting application start time: 0x01d33b22746eb32b
Faulting application path: C:\Program Files\Microsoft Office\Office15\WINWORD.EXE
Faulting module path: C:\Program Files\Microsoft Office\Office15\wwlib.dll
Report Id: 16d0fff1-a772-11e7-8375-0050569f1dfe"
Error,10/2/2017 19:43,EventCreate,1,None,Application,djkvdihost229.jakarta01.com,JAKARTA01\mahendrars  
Error,10/2/2017 19:43,Application Error,1000,-100,Application,djkvdihost229.jakarta01.com,"Faulting application name: NLNOTES.EXE, version: 8.5.30.11258, time stamp: 0x4e72fa51
Faulting module name: nnotes.dll, version: 8.5.30.11258, time stamp: 0x4e72fa6a
Exception code: 0xc0000005
Fault offset: 0x001c7f0e
Faulting process id: 0x68c
Faulting application start time: 0x01d33b7c0830cd52
Faulting application path: C:\Program Files\IBM\Lotus\Notes\NLNOTES.EXE
Faulting module path: C:\Program Files\IBM\Lotus\Notes\nnotes.dll
Report Id: 47152e62-a76f-11e7-8bcf-0050569f6ff7"
Error,10/2/2017 17:18,EventCreate,1,None,Application,djkvdihost418.jakarta01.com,"The description for Event ID 1 from source EventCreate cannot be found. Either the component that raises this event is not installed on your local computer or the installation is corrupted. You can install or repair the component on the local computer.

If the event originated on another computer, the display information had to be saved with the event.

The following information was included with the event: 

JAKARTA01\guestisd65  
"
Error,10/2/2017 19:10,EventCreate,1,None,Application,djkvdihost570.jakarta01.com,JAKARTA01\LILY AISYAH  
Error,10/2/2017 19:06,EventCreate,1,None,Application,djkvdihost409.jakarta01.com,JAKARTA01\Erick  
Error,10/2/2017 19:06,EventCreate,1,None,Application,djkvdihost762.jakarta01.com,JAKARTA01\LILY AISYAH  
Error,10/2/2017 19:06,Application Error,1000,-100,Application,djkvdihost409.jakarta01.com,"Faulting application name: OUTLOOK.EXE, version: 15.0.4919.1001, time stamp: 0x58d20482
Faulting module name: OUTLOOK.EXE, version: 15.0.4919.1001, time stamp: 0x58d20482
Exception code: 0xc0000005
Fault offset: 0x008924c7
Faulting process id: 0x1b84
Faulting application start time: 0x01d33b0bb6b92d8d
Faulting application path: C:\Program Files\Microsoft Office\Office15\OUTLOOK.EXE
Faulting module path: C:\Program Files\Microsoft Office\Office15\OUTLOOK.EXE
Report Id: 25c18fc2-a76a-11e7-aa78-0050569f7bdc"
Error,10/2/2017 19:06,EventCreate,1,None,Application,djkvdihost762.jakarta01.com,JAKARTA01\LILY AISYAH  
Error,10/2/2017 19:02,EventCreate,1,None,Application,djkvdihost234.jakarta01.com,JAKARTA01\Arum  
Error,10/2/2017 19:02,Application Error,1000,-100,Application,djkvdihost234.jakarta01.com,"Faulting application name: OUTLOOK.EXE, version: 15.0.4919.1001, time stamp: 0x58d20482
Faulting module name: OUTLOOK.EXE, version: 15.0.4919.1001, time stamp: 0x58d20482
Exception code: 0xc0000005
Fault offset: 0x008924c7
Faulting process id: 0xef4
Faulting application start time: 0x01d33b310b9ebc90
Faulting application path: C:\Program Files\Microsoft Office\Office15\OUTLOOK.EXE
Faulting module path: C:\Program Files\Microsoft Office\Office15\OUTLOOK.EXE
Report Id: 8388494c-a769-11e7-bc84-0050569f4373"
Error,10/2/2017 18:57,EventCreate,1,None,Application,djkvdihost383.jakarta01.com,JAKARTA01\Didik  
Error,10/2/2017 18:57,Application Error,1000,-100,Application,djkvdihost383.jakarta01.com,"Faulting application name: CWBTF.EXE, version: 12.0.0.1, time stamp: 0x483cc594
Faulting module name: CWBTF.EXE, version: 12.0.0.1, time stamp: 0x483cc594
Exception code: 0xc0000005
Fault offset: 0x0000cd29
Faulting process id: 0x19b4
Faulting application start time: 0x01d33b5cd9752992
Faulting application path: C:\Program Files\IBM\Client Access\CWBTF.EXE
Faulting module path: C:\Program Files\IBM\Client Access\CWBTF.EXE
Report Id: dfb44a54-a768-11e7-a7dd-0050569f63ec"
Error,10/2/2017 18:46,EventCreate,1,None,Application,djkvdihost357.jakarta01.com,JAKARTA01\Rio  
Error,10/2/2017 18:46,Application Error,1000,-100,Application,djkvdihost357.jakarta01.com,"Faulting application name: Explorer.EXE, version: 6.1.7601.23537, time stamp: 0x57c44cc4
Faulting module name: Explorer.EXE, version: 6.1.7601.23537, time stamp: 0x57c44cc4
Exception code: 0xc0000005
Fault offset: 0x00005f5e
Faulting process id: 0x15f4
Faulting application start time: 0x01d33b1b1c989c6f
Faulting application path: C:\Windows\Explorer.EXE
Faulting module path: C:\Windows\Explorer.EXE
Report Id: 441c4fed-a767-11e7-ba87-0050569f0017"
Error,10/2/2017 18:46,EventCreate,1,None,Application,djkvdihost357.jakarta01.com,JAKARTA01\Rio  
Error,10/2/2017 18:46,Application Error,1000,-100,Application,djkvdihost357.jakarta01.com,"Faulting application name: lync.exe, version: 15.0.4919.1000, time stamp: 0x58c7ab1e
Faulting module name: ntdll.dll, version: 6.1.7601.23714, time stamp: 0x58bf8774
Exception code: 0xc0000005
Fault offset: 0x00031dca
Faulting process id: 0x10cc
Faulting application start time: 0x01d33b6e18179c5c
Faulting application path: C:\Program Files\Microsoft Office\Office15\lync.exe
Faulting module path: C:\Windows\SYSTEM32\ntdll.dll
Report Id: 426d75a3-a767-11e7-ba87-0050569f0017"
Error,10/2/2017 18:42,EventCreate,1,None,Application,djkvdihost451.jakarta01.com,JAKARTA01\istiningsih  
Error,10/2/2017 18:42,Application Error,1000,-100,Application,djkvdihost451.jakarta01.com,"Faulting application name: EXCEL.EXE, version: 15.0.4919.1000, time stamp: 0x58c7ab0f
Faulting module name: EXCEL.EXE, version: 15.0.4919.1000, time stamp: 0x58c7ab0f
Exception code: 0xc0000005
Fault offset: 0x003d346f
Faulting process id: 0x1814
Faulting application start time: 0x01d33b24a868a7b2
Faulting application path: C:\Program Files\Microsoft Office\Office15\EXCEL.EXE
Faulting module path: C:\Program Files\Microsoft Office\Office15\EXCEL.EXE
Report Id: cd560875-a766-11e7-880b-0050569f6bd1"
Error,10/2/2017 18:41,EventCreate,1,None,Application,djkvdihost739.jakarta01.com,JAKARTA01\haryadi  
Error,10/2/2017 18:41,EventCreate,1,None,Application,djkvdihost649.jakarta01.com,JAKARTA01\MahendraR  
Error,10/2/2017 18:41,Application Error,1000,-100,Application,djkvdihost649.jakarta01.com,"Faulting application name: OUTLOOK.EXE, version: 15.0.4919.1001, time stamp: 0x58d20482
Faulting module name: OUTLOOK.EXE, version: 15.0.4919.1001, time stamp: 0x58d20482
Exception code: 0xc0000005
Fault offset: 0x008924c4
Faulting process id: 0x1f70
Faulting application start time: 0x01d33b585bb32dc6
Faulting application path: C:\Program Files\Microsoft Office\Office15\OUTLOOK.EXE
Faulting module path: C:\Program Files\Microsoft Office\Office15\OUTLOOK.EXE
Report Id: a4782906-a766-11e7-82b9-0050569f7cb7"
Error,10/2/2017 18:41,EventCreate,1,None,Application,djkvdihost739.jakarta01.com,JAKARTA01\haryadi  
Error,10/2/2017 18:34,EventCreate,1,None,Application,djkvdihost696.jakarta01.com,JAKARTA01\fferdian  
Error,10/2/2017 18:34,Application Error,1000,-100,Application,djkvdihost696.jakarta01.com,"Faulting application name: OUTLOOK.EXE, version: 15.0.4919.1001, time stamp: 0x58d20482
Faulting module name: OUTLOOK.EXE, version: 15.0.4919.1001, time stamp: 0x58d20482
Exception code: 0xc0000005
Fault offset: 0x008924c4
Faulting process id: 0xcd4
Faulting application start time: 0x01d33b15a12c31e0
Faulting application path: C:\Program Files\Microsoft Office\Office15\OUTLOOK.EXE
Faulting module path: C:\Program Files\Microsoft Office\Office15\OUTLOOK.EXE
Report Id: a0386547-a765-11e7-9b06-0050569f0ad2"
Error,10/2/2017 18:25,EventCreate,1,None,Application,djkvdihost785.jakarta01.com,JAKARTA01\tjahja  
Error,10/2/2017 18:25,Application Error,1000,-100,Application,djkvdihost785.jakarta01.com,"Faulting application name: spoolsv.exe, version: 6.1.7601.17777, time stamp: 0x4f35efc3
Faulting module name: msvcrt.dll, version: 7.0.7601.17744, time stamp: 0x4eeaf722
Exception code: 0xc0000005
Fault offset: 0x0000aa14
Faulting process id: 0x638
Faulting application start time: 0x01d33b68eea4df29
Faulting application path: C:\Windows\System32\spoolsv.exe
Faulting module path: C:\Windows\system32\msvcrt.dll
Report Id: 688114c9-a764-11e7-bf77-0050569f15ab"
Error,10/2/2017 18:24,EventCreate,1,None,Application,djkvdihost785.jakarta01.com,JAKARTA01\tjahja  
Error,10/2/2017 18:23,EventCreate,1,None,Application,djkvdihost221.jakarta01.com,JAKARTA01\rara  
Error,10/2/2017 18:23,Application Error,1000,-100,Application,djkvdihost221.jakarta01.com,"Faulting application name: OUTLOOK.EXE, version: 15.0.4919.1001, time stamp: 0x58d20482
Faulting module name: OUTLOOK.EXE, version: 15.0.4919.1001, time stamp: 0x58d20482
Exception code: 0xc0000005
Fault offset: 0x008924c4
Faulting process id: 0x1ec8
Faulting application start time: 0x01d33b156b00c65c
Faulting application path: C:\PROGRA~1\MICROS~2\Office15\OUTLOOK.EXE
Faulting module path: C:\PROGRA~1\MICROS~2\Office15\OUTLOOK.EXE
Report Id: 13932f4e-a764-11e7-bc05-0050569f0e59"
Error,10/2/2017 18:22,EventCreate,1,None,Application,djkvdihost142.jakarta01.com,JAKARTA01\Azis Budianto  
Error,10/2/2017 18:22,EventCreate,1,None,Application,djkvdihost142.jakarta01.com,JAKARTA01\Azis Budianto  
Error,10/2/2017 18:18,EventCreate,1,None,Application,djkvdihost112.jakarta01.com,JAKARTA01\aulya  
Error,10/2/2017 18:18,Application Error,1000,-100,Application,djkvdihost112.jakarta01.com,"Faulting application name: OUTLOOK.EXE, version: 15.0.4919.1001, time stamp: 0x58d20482
Faulting module name: OUTLOOK.EXE, version: 15.0.4919.1001, time stamp: 0x58d20482
Exception code: 0xc0000005
Fault offset: 0x008924c4
Faulting process id: 0xdf4
Faulting application start time: 0x01d33b4e4ce82494
Faulting application path: C:\Program Files\Microsoft Office\Office15\OUTLOOK.EXE
Faulting module path: C:\Program Files\Microsoft Office\Office15\OUTLOOK.EXE
Report Id: 737dbd87-a763-11e7-96db-0050569f573e"
Error,10/2/2017 18:14,EventCreate,1,None,Application,djkvdihost739.jakarta01.com,JAKARTA01\Moh Ditto  
