Error,9/27/2017 7:14:38 PM,Application Error,1000,(100),Application,djkvdihost024.jakarta01.com,"Faulting application name: OUTLOOK.EXE, version: 15.0.4919.1001, time stamp: 0x58d20482
Faulting module name: OUTLOOK.EXE, version: 15.0.4919.1001, time stamp: 0x58d20482
Exception code: 0xc0000005
Fault offset: 0x008924c7
Faulting process id: 0x1af4
Faulting application start time: 0x01d33772cd99e238
Faulting application path: C:\Program Files\Microsoft Office\Office15\OUTLOOK.EXE
Faulting module path: C:\Program Files\Microsoft Office\Office15\OUTLOOK.EXE
Report Id: 6e1e8a1f-a37d-11e7-bf59-0050569f6bde"
Error,9/27/2017 7:14:05 PM,EventCreate,1,None,Application,djkvdihost857.jakarta01.com,JAKARTA01\tsusaka  
Error,9/27/2017 7:02:28 PM,EventCreate,1,None,Application,djkvdihost234.jakarta01.com,JAKARTA01\mauluddin  
Error,9/27/2017 7:02:24 PM,Application Error,1000,(100),Application,djkvdihost234.jakarta01.com,"Faulting application name: OUTLOOK.EXE, version: 15.0.4919.1001, time stamp: 0x58d20482
Faulting module name: OUTLOOK.EXE, version: 15.0.4919.1001, time stamp: 0x58d20482
Exception code: 0xc0000005
Fault offset: 0x008924c4
Faulting process id: 0x1818
Faulting application start time: 0x01d3372859cb77ac
Faulting application path: C:\Program Files\Microsoft Office\Office15\OUTLOOK.EXE
Faulting module path: C:\Program Files\Microsoft Office\Office15\OUTLOOK.EXE
Report Id: b8c76b63-a37b-11e7-8fe5-0050569f4373"
Error,9/27/2017 6:59:38 PM,EventCreate,1,None,Application,djkvdihost317.jakarta01.com,JAKARTA01\komangsd  
Error,9/27/2017 6:57:07 PM,EventCreate,1,None,Application,djkvdihost172.jakarta01.com,JAKARTA01\boby  
Error,9/27/2017 6:57:03 PM,Application Error,1000,(100),Application,djkvdihost172.jakarta01.com,"Faulting application name: iexplore.exe, version: 11.0.9600.18639, time stamp: 0x58d6bb0d
Faulting module name: MSHTML.dll, version: 11.0.9600.18639, time stamp: 0x58d6c720
Exception code: 0xc0000005
Fault offset: 0x000ac604
Faulting process id: 0x181c
Faulting application start time: 0x01d33743ca9b6c5d
Faulting application path: C:\Program Files\Internet Explorer\iexplore.exe
Faulting module path: C:\Windows\system32\MSHTML.dll
Report Id: f9c4543f-a37a-11e7-a65b-0050569f06f3"
Error,9/27/2017 6:54:04 PM,EventCreate,1,None,Application,djkvdihost509.jakarta01.com,JAKARTA01\trisnawati  
Error,9/27/2017 6:53:54 PM,EventCreate,1,None,Application,djkvdihost509.jakarta01.com,JAKARTA01\trisnawati  
Error,9/27/2017 6:52:22 PM,EventCreate,1,None,Application,djkvdihost434.jakarta01.com,JAKARTA01\Prihantono  
Error,9/27/2017 6:41:53 PM,EventCreate,1,None,Application,djkvdihost219.jakarta01.com,JAKARTA01\komangsd  
Error,9/27/2017 6:39:21 PM,EventCreate,1,None,Application,djkvdihost709.jakarta01.com,JAKARTA01\feni  
Error,9/27/2017 6:39:18 PM,EventCreate,1,None,Application,djkvdihost709.jakarta01.com,JAKARTA01\feni  
Error,9/27/2017 6:39:09 PM,EventCreate,1,None,Application,djkvdihost709.jakarta01.com,JAKARTA01\feni  
Error,9/27/2017 6:38:02 PM,EventCreate,1,None,Application,djkvdihost160.jakarta01.com,JAKARTA01\eddy  
Error,9/27/2017 6:37:58 PM,Application Error,1000,(100),Application,djkvdihost160.jakarta01.com,"Faulting application name: OUTLOOK.EXE, version: 15.0.4919.1001, time stamp: 0x58d20482
Faulting module name: OUTLOOK.EXE, version: 15.0.4919.1001, time stamp: 0x58d20482
Exception code: 0xc0000005
Fault offset: 0x008924c7
Faulting process id: 0x10b4
Faulting application start time: 0x01d337298a3654df
Faulting application path: C:\Program Files\Microsoft Office\Office15\OUTLOOK.EXE
Faulting module path: C:\Program Files\Microsoft Office\Office15\OUTLOOK.EXE
Report Id: 4f3a54e2-a378-11e7-93c8-0050569f000b"
Error,9/27/2017 6:34:26 PM,EventCreate,1,None,Application,djkvdihost219.jakarta01.com,JAKARTA01\elita  
Error,9/27/2017 6:34:22 PM,Application Error,1000,(100),Application,djkvdihost219.jakarta01.com,"Faulting application name: iexplore.exe, version: 11.0.9600.18639, time stamp: 0x58d6bb0d
Faulting module name: MSHTML.dll, version: 11.0.9600.18639, time stamp: 0x58d6c720
Exception code: 0xc0000005
Fault offset: 0x000ac604
Faulting process id: 0x1960
Faulting application start time: 0x01d33728db646a1a
Faulting application path: C:\Program Files\Internet Explorer\iexplore.exe
Faulting module path: C:\Windows\system32\MSHTML.dll
Report Id: ce5fddf0-a377-11e7-9827-0050569f67cb"
Error,9/27/2017 6:29:34 PM,EventCreate,1,None,Application,djkvdihost049.jakarta01.com,JAKARTA01\ayu  
Error,9/27/2017 6:29:33 PM,EventCreate,1,None,Application,djkvdihost364.jakarta01.com,JAKARTA01\valery  
Error,9/27/2017 6:29:29 PM,EventCreate,1,None,Application,djkvdihost474.jakarta01.com,JAKARTA01\KristoforusAW  
Error,9/27/2017 6:29:31 PM,Application Error,1000,(100),Application,djkvdihost364.jakarta01.com,"Faulting application name: iexplore.exe, version: 11.0.9600.18639, time stamp: 0x58d6bb0d
Faulting module name: MSHTML.dll, version: 11.0.9600.18639, time stamp: 0x58d6c720
Exception code: 0xc0000005
Fault offset: 0x000ac604
Faulting process id: 0x1b4c
Faulting application start time: 0x01d337347d647b56
Faulting application path: C:\Program Files\Internet Explorer\iexplore.exe
Faulting module path: C:\Windows\system32\MSHTML.dll
Report Id: 20af8a9f-a377-11e7-97c2-0050569f08cc"
Error,9/27/2017 6:29:31 PM,Application Error,1000,(100),Application,djkvdihost049.jakarta01.com,"Faulting application name: OUTLOOK.EXE, version: 15.0.4919.1001, time stamp: 0x58d20482
Faulting module name: OUTLOOK.EXE, version: 15.0.4919.1001, time stamp: 0x58d20482
Exception code: 0xc0000005
Fault offset: 0x008924c4
Faulting process id: 0x1074
Faulting application start time: 0x01d33727c5bf8574
Faulting application path: C:\Program Files\Microsoft Office\Office15\OUTLOOK.EXE
Faulting module path: C:\Program Files\Microsoft Office\Office15\OUTLOOK.EXE
Report Id: 2085c0f5-a377-11e7-af82-0050569f7495"
Error,9/27/2017 6:26:43 PM,EventCreate,1,None,Application,djkvdihost472.jakarta01.com,JAKARTA01\regina  
Error,9/27/2017 6:16:20 PM,EventCreate,1,None,Application,djkvdihost752.jakarta01.com,JAKARTA01\rinaldonp  
Error,9/27/2017 6:16:16 PM,Application Error,1000,(100),Application,djkvdihost752.jakarta01.com,"Faulting application name: OUTLOOK.EXE, version: 15.0.4919.1001, time stamp: 0x58d20482
Faulting module name: OUTLOOK.EXE, version: 15.0.4919.1001, time stamp: 0x58d20482
Exception code: 0xc0000005
Fault offset: 0x008924c4
Faulting process id: 0x1b5c
Faulting application start time: 0x01d33734b07492e1
Faulting application path: C:\Program Files\Microsoft Office\Office15\OUTLOOK.EXE
Faulting module path: C:\Program Files\Microsoft Office\Office15\OUTLOOK.EXE
Report Id: 46fbf2d3-a375-11e7-8427-0050569f7aea"
Error,9/27/2017 6:10:21 PM,EventCreate,1,None,Application,djkvdihost714.jakarta01.com,JAKARTA01\sylvia  
Error,9/27/2017 6:10:18 PM,Application Error,1000,(100),Application,djkvdihost714.jakarta01.com,"Faulting application name: VISIO.EXE, version: 11.0.3216.0, time stamp: 0x3f3df10d
Faulting module name: omfcU.DLL, version: 11.0.5510.0, time stamp: 0x3f0fb193
Exception code: 0xc0000006
Fault offset: 0x000bf78f
Faulting process id: 0x1268
Faulting application start time: 0x01d337357f036867
Faulting application path: C:\Users\sylvia\AppData\Local\Microsoft\AppV\Client\Integration\8E1FDADE-CE82-4422-8716-A810724D82CF\Root\VFS\ProgramFilesX86\Microsoft Office\Visio11\VISIO.EXE
Faulting module path: C:\Users\sylvia\AppData\Local\Microsoft\AppV\Client\Integration\8E1FDADE-CE82-4422-8716-A810724D82CF\Root\VFS\ProgramFilesX86\Microsoft Office\Visio11\omfcU.DLL
Report Id: 7163f794-a374-11e7-9da9-0050569f6ab5"
Error,9/27/2017 6:09:04 PM,EventCreate,1,None,Application,djkvdihost603.jakarta01.com,JAKARTA01\lileliza  
Error,9/27/2017 6:09:01 PM,Application Error,1000,(100),Application,djkvdihost603.jakarta01.com,"Faulting application name: AcroRd32.exe, version: 10.1.4.38, time stamp: 0x5012ea69
Faulting module name: AcroRd32.dll, version: 10.1.4.38, time stamp: 0x5012f9f9
Exception code: 0xc0000005
Fault offset: 0x00046700
Faulting process id: 0xc4c
Faulting application start time: 0x01d33780fdf93fca
Faulting application path: C:\Program Files\Adobe\Reader 10.0\Reader\AcroRd32.exe
Faulting module path: C:\Program Files\Adobe\Reader 10.0\Reader\AcroRd32.dll
Report Id: 43b8cae1-a374-11e7-ad19-0050569f3f5f"
Error,9/27/2017 5:55:18 PM,EventCreate,1,None,Application,djkvdihost394.jakarta01.com,JAKARTA01\arinie  
Error,9/27/2017 5:55:14 PM,Application Error,1000,(100),Application,djkvdihost394.jakarta01.com,"Faulting application name: OUTLOOK.EXE, version: 15.0.4919.1001, time stamp: 0x58d20482
Faulting module name: OUTLOOK.EXE, version: 15.0.4919.1001, time stamp: 0x58d20482
Exception code: 0xc0000005
Fault offset: 0x008924c4
Faulting process id: 0x7ac
Faulting application start time: 0x01d3372e516be231
Faulting application path: C:\Program Files\Microsoft Office\Office15\OUTLOOK.EXE
Faulting module path: C:\Program Files\Microsoft Office\Office15\OUTLOOK.EXE
Report Id: 56a1ef69-a372-11e7-a3ea-0050569f451c"
Error,9/27/2017 5:51:47 PM,EventCreate,1,None,Application,djkvdihost034.jakarta01.com,JAKARTA01\novianti  
Error,9/27/2017 5:49:18 PM,EventCreate,1,None,Application,djkvdihost265.jakarta01.com,JAKARTA01\Rafika  
Error,9/27/2017 5:48:09 PM,EventCreate,1,None,Application,djkvdihost265.jakarta01.com,JAKARTA01\Rafika  
Error,9/27/2017 5:48:07 PM,Application Error,1000,(100),Application,djkvdihost265.jakarta01.com,"Faulting application name: spoolsv.exe, version: 6.1.7601.17777, time stamp: 0x4f35efc3
Faulting module name: msvcrt.dll, version: 7.0.7601.17744, time stamp: 0x4eeaf722
Exception code: 0xc0000005
Fault offset: 0x0000aa14
Faulting process id: 0x634
Faulting application start time: 0x01d3377de1cd9c39
Faulting application path: C:\Windows\System32\spoolsv.exe
Faulting module path: C:\Windows\system32\msvcrt.dll
Report Id: 582d86f7-a371-11e7-8400-0050569f2b63"
Error,9/27/2017 5:47:44 PM,EventCreate,1,None,Application,djkvdihost265.jakarta01.com,JAKARTA01\Rafika  
Error,9/27/2017 5:46:23 PM,EventCreate,1,None,Application,djkvdihost792.jakarta01.com,JAKARTA01\devid  
Error,9/27/2017 5:46:19 PM,Application Error,1000,(100),Application,djkvdihost792.jakarta01.com,"Faulting application name: OUTLOOK.EXE, version: 15.0.4919.1001, time stamp: 0x58d20482
Faulting module name: OUTLOOK.EXE, version: 15.0.4919.1001, time stamp: 0x58d20482
Exception code: 0xc0000005
Fault offset: 0x008924c4
Faulting process id: 0xb88
Faulting application start time: 0x01d3372c5b3339c7
Faulting application path: C:\Program Files\Microsoft Office\Office15\OUTLOOK.EXE
Faulting module path: C:\Program Files\Microsoft Office\Office15\OUTLOOK.EXE
Report Id: 17d50d9b-a371-11e7-907d-0050569f129c"
Error,9/27/2017 5:45:29 PM,EventCreate,1,None,Application,djkvdihost526.jakarta01.com,JAKARTA01\naldi  
Error,9/27/2017 5:45:22 PM,Application Error,1000,(100),Application,djkvdihost526.jakarta01.com,"Faulting application name: OUTLOOK.EXE, version: 15.0.4919.1001, time stamp: 0x58d20482
Faulting module name: OUTLOOK.EXE, version: 15.0.4919.1001, time stamp: 0x58d20482
Exception code: 0xc0000005
Fault offset: 0x008924c4
Faulting process id: 0x1fc0
Faulting application start time: 0x01d33734131841e0
Faulting application path: C:\Program Files\Microsoft Office\Office15\OUTLOOK.EXE
Faulting module path: C:\Program Files\Microsoft Office\Office15\OUTLOOK.EXE
Report Id: f62a0f74-a370-11e7-8967-0050569f610d"
Error,9/27/2017 5:41:48 PM,EventCreate,1,None,Application,djkvdihost552.jakarta01.com,JAKARTA01\raymond  
Error,9/27/2017 5:41:13 PM,EventCreate,1,None,Application,djkvdihost656.jakarta01.com,JAKARTA01\barry  
Error,9/27/2017 5:41:10 PM,Application Error,1000,(100),Application,djkvdihost656.jakarta01.com,"Faulting application name: OUTLOOK.EXE, version: 15.0.4919.1001, time stamp: 0x58d20482
Faulting module name: OUTLOOK.EXE, version: 15.0.4919.1001, time stamp: 0x58d20482
Exception code: 0xc0000005
Fault offset: 0x008924c4
Faulting process id: 0x173c
Faulting application start time: 0x01d3376bafaa0d0b
Faulting application path: C:\Program Files\Microsoft Office\Office15\OUTLOOK.EXE
Faulting module path: C:\Program Files\Microsoft Office\Office15\OUTLOOK.EXE
Report Id: 5fc6c12d-a370-11e7-b336-0050569f3502"
Error,9/27/2017 5:39:15 PM,EventCreate,1,None,Application,djkvdihost898.jakarta01.com,JAKARTA01\Adi Purnomo  
Error,9/27/2017 5:39:02 PM,EventCreate,1,None,Application,djkvdihost671.jakarta01.com,JAKARTA01\wisnu  
Error,9/27/2017 5:37:50 PM,EventCreate,1,None,Application,djkvdihost671.jakarta01.com,JAKARTA01\wisnu  
Error,9/27/2017 5:32:00 PM,EventCreate,1,None,Application,djkvdihost572.jakarta01.com,JAKARTA01\dewi  
Error,9/27/2017 5:31:50 PM,EventCreate,1,None,Application,djkvdihost572.jakarta01.com,JAKARTA01\dewi  
Error,9/27/2017 5:30:01 PM,EventCreate,1,None,Application,djkvdihost644.jakarta01.com,JAKARTA01\Dwi anisa  
Error,9/27/2017 5:28:22 PM,EventCreate,1,None,Application,djkvdihost644.jakarta01.com,JAKARTA01\Dwi anisa  
Error,9/27/2017 5:19:33 PM,EventCreate,1,None,Application,djkvdihost354.jakarta01.com,JAKARTA01\Latiefah  
Error,9/27/2017 5:19:29 PM,Application Error,1000,(100),Application,djkvdihost354.jakarta01.com,"Faulting application name: lync.exe, version: 15.0.4919.1000, time stamp: 0x58c7ab1e
Faulting module name: ntdll.dll, version: 6.1.7601.23714, time stamp: 0x58bf8774
Exception code: 0xc0000005
Fault offset: 0x00031dca
Faulting process id: 0x1618
Faulting application start time: 0x01d3372d9f4c2806
Faulting application path: C:\Program Files\Microsoft Office\Office15\lync.exe
Faulting module path: C:\Windows\SYSTEM32\ntdll.dll
Report Id: 58233621-a36d-11e7-901b-0050569f7fc7"
Error,9/27/2017 5:18:37 PM,EventCreate,1,None,Application,djkvdihost658.jakarta01.com,JAKARTA01\isnaini  
Error,9/27/2017 5:18:33 PM,Application Error,1000,(100),Application,djkvdihost658.jakarta01.com,"Faulting application name: spoolsv.exe, version: 6.1.7601.17777, time stamp: 0x4f35efc3
Faulting module name: msvcrt.dll, version: 7.0.7601.17744, time stamp: 0x4eeaf722
Exception code: 0xc0000005
Fault offset: 0x0000aa14
Faulting process id: 0x638
Faulting application start time: 0x01d3377692de517c
Faulting application path: C:\Windows\System32\spoolsv.exe
Faulting module path: C:\Windows\system32\msvcrt.dll
Report Id: 36e220f6-a36d-11e7-8a08-0050569f2ade"
Error,9/27/2017 5:18:35 PM,EventCreate,1,None,Application,djkvdihost325.jakarta01.com,JAKARTA01\Shena  
Error,9/27/2017 5:18:32 PM,Application Error,1000,(100),Application,djkvdihost325.jakarta01.com,"Faulting application name: OUTLOOK.EXE, version: 15.0.4919.1001, time stamp: 0x58d20482
Faulting module name: OUTLOOK.EXE, version: 15.0.4919.1001, time stamp: 0x58d20482
Exception code: 0xc0000005
Fault offset: 0x00366c92
Faulting process id: 0x14e0
Faulting application start time: 0x01d33779d190728c
Faulting application path: C:\Program Files\Microsoft Office\Office15\OUTLOOK.EXE
Faulting module path: C:\Program Files\Microsoft Office\Office15\OUTLOOK.EXE
Report Id: 36586c24-a36d-11e7-8d8e-0050569f3e54"
Error,9/27/2017 5:17:33 PM,EventCreate,1,None,Application,djkvdihost279.jakarta01.com,JAKARTA01\Resty  
Error,9/27/2017 5:17:54 PM,EventCreate,1,None,Application,djkvdihost658.jakarta01.com,JAKARTA01\isnaini  
Error,9/27/2017 5:17:18 PM,EventCreate,1,None,Application,djkvdihost282.jakarta01.com,JAKARTA01\saptorini  
Error,9/27/2017 5:17:14 PM,EventCreate,1,None,Application,djkvdihost279.jakarta01.com,JAKARTA01\Resty  
Error,9/27/2017 5:16:00 PM,EventCreate,1,None,Application,djkvdihost176.jakarta01.com,JAKARTA01\handayani  
Error,9/27/2017 5:15:53 PM,EventCreate,1,None,Application,djkvdihost282.jakarta01.com,JAKARTA01\saptorini  
Error,9/27/2017 5:15:13 PM,EventCreate,1,None,Application,djkvdihost512.jakarta01.com,JAKARTA01\rahmatia  
Error,9/27/2017 5:14:38 PM,EventCreate,1,None,Application,djkvdihost512.jakarta01.com,JAKARTA01\rahmatia  
Error,9/27/2017 5:09:08 PM,EventCreate,1,None,Application,djkvdihost801.jakarta01.com,JAKARTA01\nurfadila  
Error,9/27/2017 5:09:00 PM,EventCreate,1,None,Application,djkvdihost801.jakarta01.com,JAKARTA01\nurfadila  
Error,9/27/2017 5:07:13 PM,EventCreate,1,None,Application,djkvdihost726.jakarta01.com,JAKARTA01\Hilman  
Error,9/27/2017 5:05:33 PM,EventCreate,1,None,Application,djkvdihost346.jakarta01.com,JAKARTA01\ridjal  
Error,9/27/2017 5:00:04 PM,EventCreate,1,None,Application,djkvdihost253.jakarta01.com,JAKARTA01\hana nurul  
Error,9/27/2017 4:57:05 PM,EventCreate,1,None,Application,djkvdihost690.jakarta01.com,JAKARTA01\karen  
Error,9/27/2017 4:57:05 PM,Application Error,1000,(100),Application,djkvdihost690.jakarta01.com,"Faulting application name: WINWORD.EXE, version: 15.0.4911.1000, time stamp: 0x58a2c075
Faulting module name: wwlib.dll, version: 15.0.4911.1000, time stamp: 0x58a2c073
Exception code: 0xc0000005
Fault offset: 0x006f1046
Faulting process id: 0x2610
Faulting application start time: 0x01d3377162baaef0
Faulting application path: C:\Program Files\Microsoft Office\Office15\WINWORD.EXE
Faulting module path: C:\Program Files\Microsoft Office\Office15\wwlib.dll
Report Id: 372aebf0-a36a-11e7-a233-0050569f588e"
Error,9/27/2017 4:51:08 PM,EventCreate,1,None,Application,djkvdihost895.jakarta01.com,JAKARTA01\Naruhito  
Error,9/27/2017 4:50:57 PM,EventCreate,1,None,Application,djkvdihost895.jakarta01.com,JAKARTA01\Naruhito  
Error,9/27/2017 4:47:32 PM,EventCreate,1,None,Application,djkvdihost811.jakarta01.com,JAKARTA01\victoria  
Error,9/27/2017 4:47:26 PM,EventCreate,1,None,Application,djkvdihost811.jakarta01.com,JAKARTA01\victoria  
Error,9/27/2017 4:46:21 PM,EventCreate,1,None,Application,djkvdihost481.jakarta01.com,JAKARTA01\cahyaningtiyas  
Error,9/27/2017 4:45:33 PM,EventCreate,1,None,Application,djkvdihost830.jakarta01.com,JAKARTA01\rezky  
Error,9/27/2017 4:45:29 PM,Application Error,1000,(100),Application,djkvdihost830.jakarta01.com,"Faulting application name: OUTLOOK.EXE, version: 15.0.4919.1001, time stamp: 0x58d20482
Faulting module name: OUTLOOK.EXE, version: 15.0.4919.1001, time stamp: 0x58d20482
Exception code: 0xc0000005
Fault offset: 0x008924c7
Faulting process id: 0x1a58
Faulting application start time: 0x01d33728bde74ae7
Faulting application path: C:\Program Files\Microsoft Office\Office15\OUTLOOK.EXE
Faulting module path: C:\Program Files\Microsoft Office\Office15\OUTLOOK.EXE
Report Id: 9888d0dd-a368-11e7-b12f-0050569f09fe"
Error,9/27/2017 4:45:23 PM,EventCreate,1,None,Application,djkvdihost481.jakarta01.com,JAKARTA01\cahyaningtiyas  
Error,9/27/2017 4:44:02 PM,EventCreate,1,None,Application,djkvdihost558.jakarta01.com,JAKARTA01\rahman  
Error,9/27/2017 4:35:12 PM,EventCreate,1,None,Application,djkvdihost018.jakarta01.com,JAKARTA01\andiani  
Error,9/27/2017 4:35:08 PM,Application Error,1000,(100),Application,djkvdihost018.jakarta01.com,"Faulting application name: WINWORD.EXE, version: 15.0.4911.1000, time stamp: 0x58a2c075
Faulting module name: MSVCR100.dll, version: 10.0.40219.325, time stamp: 0x4df2be1e
Exception code: 0x40000015
Fault offset: 0x0008d6fd
Faulting process id: 0x424
Faulting application start time: 0x01d3372cb62ecd63
Faulting application path: C:\PROGRA~1\MICROS~2\Office15\WINWORD.EXE
Faulting module path: C:\Windows\system32\MSVCR100.dll
Report Id: 263fb796-a367-11e7-b6e7-0050569f6fb9"
Error,9/27/2017 4:33:30 PM,EventCreate,1,None,Application,djkvdihost775.jakarta01.com,JAKARTA01\krisna  
Error,9/27/2017 4:33:27 PM,Application Error,1000,(100),Application,djkvdihost775.jakarta01.com,"Faulting application name: iexplore.exe, version: 11.0.9600.18639, time stamp: 0x58d6bb0d
Faulting module name: MSHTML.dll, version: 11.0.9600.18639, time stamp: 0x58d6c720
Exception code: 0xc0000005
Fault offset: 0x000ac604
Faulting process id: 0x1bbc
Faulting application start time: 0x01d3372a1a1b8bf2
Faulting application path: C:\Program Files\Internet Explorer\iexplore.exe
Faulting module path: C:\Windows\system32\MSHTML.dll
Report Id: e9da944d-a366-11e7-85bc-0050569f44fc"
Error,9/27/2017 4:27:10 PM,EventCreate,1,None,Application,djkvdihost024.jakarta01.com,JAKARTA01\fferdian  
Error,9/27/2017 4:27:06 PM,Application Error,1000,(100),Application,djkvdihost024.jakarta01.com,"Faulting application name: OUTLOOK.EXE, version: 15.0.4919.1001, time stamp: 0x58d20482
Faulting module name: OUTLOOK.EXE, version: 15.0.4919.1001, time stamp: 0x58d20482
Exception code: 0xc0000005
Fault offset: 0x008924c4
Faulting process id: 0x1680
Faulting application start time: 0x01d337360380111a
Faulting application path: C:\Program Files\Microsoft Office\Office15\OUTLOOK.EXE
Faulting module path: C:\Program Files\Microsoft Office\Office15\OUTLOOK.EXE
Report Id: 06e79daf-a366-11e7-bf59-0050569f6bde"
Error,9/27/2017 4:25:24 PM,EventCreate,1,None,Application,djkvdihost181.jakarta01.com,JAKARTA01\angga  
Error,9/27/2017 4:25:20 PM,Application Error,1000,(100),Application,djkvdihost181.jakarta01.com,"Faulting application name: OUTLOOK.EXE, version: 15.0.4919.1001, time stamp: 0x58d20482
Faulting module name: OUTLOOK.EXE, version: 15.0.4919.1001, time stamp: 0x58d20482
Exception code: 0xc0000005
Fault offset: 0x008924c4
Faulting process id: 0x1a90
Faulting application start time: 0x01d3372ec583b2bb
Faulting application path: C:\Program Files\Microsoft Office\Office15\OUTLOOK.EXE
Faulting module path: C:\Program Files\Microsoft Office\Office15\OUTLOOK.EXE
Report Id: c7d2f1e8-a365-11e7-a9a3-0050569f0420"
Error,9/27/2017 4:14:59 PM,EventCreate,1,None,Application,djkvdihost325.jakarta01.com,JAKARTA01\Shena  
Error,9/27/2017 4:16:03 PM,EventCreate,1,None,Application,djkvdihost408.jakarta01.com,JAKARTA01\Thalia  
Error,9/27/2017 4:16:12 PM,EventCreate,1,None,Application,djkvdihost126.jakarta01.com,JAKARTA01\adityo yuwono  
Error,9/27/2017 4:15:59 PM,Application Error,1000,(100),Application,djkvdihost408.jakarta01.com,"Faulting application name: OUTLOOK.EXE, version: 15.0.4919.1001, time stamp: 0x58d20482
Faulting module name: OUTLOOK.EXE, version: 15.0.4919.1001, time stamp: 0x58d20482
Exception code: 0xc0000005
Fault offset: 0x008924c4
Faulting process id: 0x7bc
Faulting application start time: 0x01d3373e23bb3c79
Faulting application path: C:\Program Files\Microsoft Office\Office15\OUTLOOK.EXE
Faulting module path: C:\Program Files\Microsoft Office\Office15\OUTLOOK.EXE
Report Id: 79061791-a364-11e7-bc0b-0050569f15a3"
Error,9/27/2017 4:14:56 PM,EventCreate,1,None,Application,djkvdihost690.jakarta01.com,JAKARTA01\karen  
Error,9/27/2017 4:14:53 PM,Application Error,1000,(100),Application,djkvdihost690.jakarta01.com,"Faulting application name: WINWORD.EXE, version: 15.0.4911.1000, time stamp: 0x58a2c075
Faulting module name: wwlib.dll, version: 15.0.4911.1000, time stamp: 0x58a2c073
Exception code: 0xc0000005
Fault offset: 0x006f0ff9
Faulting process id: 0x15a4
Faulting application start time: 0x01d33768ea2e9e84
Faulting application path: C:\Program Files\Microsoft Office\Office15\WINWORD.EXE
Faulting module path: C:\Program Files\Microsoft Office\Office15\wwlib.dll
Report Id: 51b205e2-a364-11e7-a233-0050569f588e"
Error,9/27/2017 4:14:48 PM,EventCreate,1,None,Application,djkvdihost335.jakarta01.com,JAKARTA01\rina  
Error,9/27/2017 4:11:08 PM,EventCreate,1,None,Application,djkvdihost096.jakarta01.com,JAKARTA01\Ajie  
Error,9/27/2017 4:11:05 PM,Application Error,1000,(100),Application,djkvdihost096.jakarta01.com,"Faulting application name: PhotoScreensaver.scr, version: 6.1.7601.17514, time stamp: 0x4ce7a590
Faulting module name: SHELL32.dll, version: 6.1.7601.23537, time stamp: 0x57c450f4
Exception code: 0xc0000005
Fault offset: 0x001f269f
Faulting process id: 0x15f0
Faulting application start time: 0x01d337684b4638bd
Faulting application path: C:\Windows\system32\PhotoScreensaver.scr
Faulting module path: C:\Windows\system32\SHELL32.dll
Report Id: c9eb035c-a363-11e7-b625-0050569f108e"
Error,9/27/2017 4:09:46 PM,EventCreate,1,None,Application,djkvdihost745.jakarta01.com,JAKARTA01\Bryant  
Error,9/27/2017 4:09:45 PM,Application Error,1000,(100),Application,djkvdihost745.jakarta01.com,"Faulting application name: OUTLOOK.EXE, version: 15.0.4919.1001, time stamp: 0x58d20482
Faulting module name: OUTLOOK.EXE, version: 15.0.4919.1001, time stamp: 0x58d20482
Exception code: 0xc0000005
Fault offset: 0x008924c4
Faulting process id: 0xb9c
Faulting application start time: 0x01d3375fa4ff62a0
Faulting application path: C:\Program Files\Microsoft Office\Office15\OUTLOOK.EXE
Faulting module path: C:\Program Files\Microsoft Office\Office15\OUTLOOK.EXE
Report Id: 9a8cd75a-a363-11e7-8484-0050569f2c5e"
Error,9/27/2017 4:08:47 PM,EventCreate,1,None,Application,djkvdihost648.jakarta01.com,JAKARTA01\lisa  
Error,9/27/2017 4:08:43 PM,Application Error,1000,(100),Application,djkvdihost648.jakarta01.com,"Faulting application name: WINWORD.EXE, version: 15.0.4911.1000, time stamp: 0x58a2c075
Faulting module name: wwlib.dll, version: 15.0.4911.1000, time stamp: 0x58a2c073
Exception code: 0xc0000005
Fault offset: 0x006f1046
Faulting process id: 0x1fc4
Faulting application start time: 0x01d3373531d962d7
Faulting application path: C:\Program Files\Microsoft Office\Office15\WINWORD.EXE
Faulting module path: C:\Program Files\Microsoft Office\Office15\wwlib.dll
Report Id: 75aefeff-a363-11e7-bafe-0050569f25f8"
Error,9/27/2017 4:07:43 PM,EventCreate,1,None,Application,djkvdihost359.jakarta01.com,JAKARTA01\brenda  
Error,9/27/2017 4:07:39 PM,Application Error,1000,(100),Application,djkvdihost359.jakarta01.com,"Faulting application name: OUTLOOK.EXE, version: 15.0.4919.1001, time stamp: 0x58d20482
Faulting module name: OUTLOOK.EXE, version: 15.0.4919.1001, time stamp: 0x58d20482
Exception code: 0xc0000005
Fault offset: 0x008924c4
Faulting process id: 0x1d84
Faulting application start time: 0x01d3372cce5c2a3c
Faulting application path: C:\Program Files\Microsoft Office\Office15\OUTLOOK.EXE
Faulting module path: C:\Program Files\Microsoft Office\Office15\OUTLOOK.EXE
Report Id: 4f45b30b-a363-11e7-9f79-0050569f6c79"
Error,9/27/2017 4:04:49 PM,EventCreate,1,None,Application,djkvdihost599.jakarta01.com,JAKARTA01\diah  
Error,9/27/2017 4:04:47 PM,Application Error,1000,(100),Application,djkvdihost599.jakarta01.com,"Faulting application name: OUTLOOK.EXE, version: 15.0.4919.1001, time stamp: 0x58d20482
Faulting module name: OUTLOOK.EXE, version: 15.0.4919.1001, time stamp: 0x58d20482
Exception code: 0xc0000005
Fault offset: 0x008924c7
Faulting process id: 0xe64
Faulting application start time: 0x01d3373c898e47d8
Faulting application path: C:\Program Files\Microsoft Office\Office15\OUTLOOK.EXE
Faulting module path: C:\Program Files\Microsoft Office\Office15\OUTLOOK.EXE
Report Id: e8e76be6-a362-11e7-8ed9-0050569f26c6"
Error,9/27/2017 4:04:12 PM,EventCreate,1,None,Application,djkvdihost011.jakarta01.com,JAKARTA01\aulya  
Error,9/27/2017 4:03:42 PM,EventCreate,1,None,Application,djkvdihost011.jakarta01.com,JAKARTA01\aulya  
Error,9/27/2017 4:01:45 PM,EventCreate,1,None,Application,djkvdihost717.jakarta01.com,JAKARTA01\himawan  
Error,9/27/2017 4:01:42 PM,Application Error,1000,(100),Application,djkvdihost717.jakarta01.com,"Faulting application name: EXCEL.EXE, version: 15.0.4919.1000, time stamp: 0x58c7ab0f
Faulting module name: EXCEL.EXE, version: 15.0.4919.1000, time stamp: 0x58c7ab0f
Exception code: 0xc0000005
Fault offset: 0x0007f70a
Faulting process id: 0x1d70
Faulting application start time: 0x01d3376f12884339
Faulting application path: C:\Program Files\Microsoft Office\Office15\EXCEL.EXE
Faulting module path: C:\Program Files\Microsoft Office\Office15\EXCEL.EXE
Report Id: 7a4089b9-a362-11e7-ab5c-0050569f3764"
Error,9/27/2017 3:46:53 PM,EventCreate,1,None,Application,djkvdihost333.jakarta01.com,JAKARTA01\nurmalasari  
Error,9/27/2017 3:46:48 PM,Application Error,1000,(100),Application,djkvdihost333.jakarta01.com,"Faulting application name: OUTLOOK.EXE, version: 15.0.4919.1001, time stamp: 0x58d20482
Faulting module name: wwlib.dll, version: 15.0.4911.1000, time stamp: 0x58a2c073
Exception code: 0xc0000005
Fault offset: 0x000b9f81
Faulting process id: 0x1b04
Faulting application start time: 0x01d3372a0b40727b
Faulting application path: C:\Program Files\Microsoft Office\Office15\OUTLOOK.EXE
Faulting module path: C:\Program Files\Microsoft Office\Office15\wwlib.dll
Report Id: 65e63513-a360-11e7-9fdd-0050569f7a99"
Error,9/27/2017 3:45:40 PM,EventCreate,1,None,Application,djkvdihost610.jakarta01.com,JAKARTA01\hardianbp  
Error,9/27/2017 3:45:32 PM,Application Error,1000,(100),Application,djkvdihost610.jakarta01.com,"Faulting application name: OUTLOOK.EXE, version: 15.0.4919.1001, time stamp: 0x58d20482
Faulting module name: OUTLOOK.EXE, version: 15.0.4919.1001, time stamp: 0x58d20482
Exception code: 0xc0000005
Fault offset: 0x008924c7
Faulting process id: 0x187c
Faulting application start time: 0x01d337651271ff86
Faulting application path: C:\Program Files\Microsoft Office\Office15\OUTLOOK.EXE
Faulting module path: C:\Program Files\Microsoft Office\Office15\OUTLOOK.EXE
Report Id: 3833c6f6-a360-11e7-89cd-0050569f01e9"
Error,9/27/2017 3:34:28 PM,EventCreate,1,None,Application,djkvdihost410.jakarta01.com,JAKARTA01\hari  
Error,9/27/2017 3:34:25 PM,Application Error,1000,(100),Application,djkvdihost410.jakarta01.com,"Faulting application name: EXCEL.EXE, version: 15.0.4919.1000, time stamp: 0x58c7ab0f
Faulting module name: EXCEL.EXE, version: 15.0.4919.1000, time stamp: 0x58c7ab0f
Exception code: 0xc0000005
Fault offset: 0x0027a7b8
Faulting process id: 0x1a28
Faulting application start time: 0x01d337322bf05911
Faulting application path: C:\Program Files\Microsoft Office\Office15\EXCEL.EXE
Faulting module path: C:\Program Files\Microsoft Office\Office15\EXCEL.EXE
Report Id: aafe2cfe-a35e-11e7-9906-0050569f77c5"
Error,9/27/2017 3:32:55 PM,EventCreate,1,None,Application,djkvdihost869.jakarta01.com,JAKARTA01\jeremia  
Error,9/27/2017 3:29:28 PM,EventCreate,1,None,Application,djkvdihost105.jakarta01.com,JAKARTA01\warda  
Error,9/27/2017 3:29:27 PM,Application Error,1000,(100),Application,djkvdihost105.jakarta01.com,"Faulting application name: OUTLOOK.EXE, version: 15.0.4919.1001, time stamp: 0x58d20482
Faulting module name: OUTLOOK.EXE, version: 15.0.4919.1001, time stamp: 0x58d20482
Exception code: 0xc0000005
Fault offset: 0x008924c4
Faulting process id: 0x724
Faulting application start time: 0x01d3375b26256dc4
Faulting application path: C:\Program Files\Microsoft Office\Office15\OUTLOOK.EXE
Faulting module path: C:\Program Files\Microsoft Office\Office15\OUTLOOK.EXE
Report Id: f969ef89-a35d-11e7-bde9-0050569f41a3"
Error,9/27/2017 3:18:17 PM,EventCreate,1,None,Application,djkvdihost376.jakarta01.com,JAKARTA01\guestisd29  
Error,9/27/2017 3:18:00 PM,EventCreate,1,None,Application,djkvdihost210.jakarta01.com,JAKARTA01\faiqa  
Error,9/27/2017 3:18:12 PM,Application Error,1000,(100),Application,djkvdihost376.jakarta01.com,"Faulting application name: EXCEL.EXE, version: 15.0.4919.1000, time stamp: 0x58c7ab0f
Faulting module name: EXCEL.EXE, version: 15.0.4919.1000, time stamp: 0x58c7ab0f
Exception code: 0xc0000005
Fault offset: 0x00204f34
Faulting process id: 0x123c
Faulting application start time: 0x01d3373b61c077de
Faulting application path: C:\Program Files\Microsoft Office\Office15\EXCEL.EXE
Faulting module path: C:\Program Files\Microsoft Office\Office15\EXCEL.EXE
Report Id: 669b9a86-a35c-11e7-9925-0050569f50c4"
Error,9/27/2017 3:17:59 PM,Application Error,1000,(100),Application,djkvdihost210.jakarta01.com,"Faulting application name: OUTLOOK.EXE, version: 15.0.4919.1001, time stamp: 0x58d20482
Faulting module name: OUTLOOK.EXE, version: 15.0.4919.1001, time stamp: 0x58d20482
Exception code: 0xc0000005
Fault offset: 0x008924c7
Faulting process id: 0x1b8c
Faulting application start time: 0x01d33726008eca2f
Faulting application path: C:\Program Files\Microsoft Office\Office15\OUTLOOK.EXE
Faulting module path: C:\Program Files\Microsoft Office\Office15\OUTLOOK.EXE
Report Id: 5ee29166-a35c-11e7-b037-0050569f2e3d"
Error,9/27/2017 3:16:05 PM,EventCreate,1,None,Application,djkvdihost147.jakarta01.com,JAKARTA01\hendry  
Error,9/27/2017 3:16:05 PM,Application Error,1000,(100),Application,djkvdihost147.jakarta01.com,"Faulting application name: printfilterpipelinesvc.exe, version: 6.1.7600.16385, time stamp: 0x4a5bcef9
Faulting module name: unknown, version: 0.0.0.0, time stamp: 0x00000000
Exception code: 0xc0000005
Fault offset: 0x5b0ffe4c
Faulting process id: 0x1974
Faulting application start time: 0x01d33768dcfea251
Faulting application path: C:\Windows\system32\printfilterpipelinesvc.exe
Faulting module path: unknown
Report Id: 1ae8bca4-a35c-11e7-ac7d-0050569f029e"
Error,9/27/2017 3:16:03 PM,Application Error,1000,(100),Application,djkvdihost147.jakarta01.com,"Faulting application name: printfilterpipelinesvc.exe, version: 6.1.7600.16385, time stamp: 0x4a5bcef9
Faulting module name: unknown, version: 0.0.0.0, time stamp: 0x00000000
Exception code: 0xc0000005
Fault offset: 0x5b0ffe4c
Faulting process id: 0x2414
Faulting application start time: 0x01d33768dc0d3743
Faulting application path: C:\Windows\system32\printfilterpipelinesvc.exe
Faulting module path: unknown
Report Id: 1a25b5c6-a35c-11e7-ac7d-0050569f029e"
Error,9/27/2017 3:16:09 PM,EventCreate,1,None,Application,djkvdihost399.jakarta01.com,JAKARTA01\Hadi  
Error,9/27/2017 3:16:08 PM,Application Error,1000,(100),Application,djkvdihost399.jakarta01.com,"Faulting application name: WINWORD.EXE, version: 15.0.4911.1000, time stamp: 0x58a2c075
Faulting module name: wwlib.dll, version: 15.0.4911.1000, time stamp: 0x58a2c073
Exception code: 0xc0000005
Fault offset: 0x006f1046
Faulting process id: 0x1d54
Faulting application start time: 0x01d33768d9c4d965
Faulting application path: C:\Program Files\Microsoft Office\Office15\WINWORD.EXE
Faulting module path: C:\Program Files\Microsoft Office\Office15\wwlib.dll
Report Id: 1d0f277f-a35c-11e7-b7a8-0050569f164b"
Error,9/27/2017 3:15:55 PM,EventCreate,1,None,Application,djkvdihost399.jakarta01.com,JAKARTA01\Hadi  
Error,9/27/2017 3:15:51 PM,Application Error,1000,(100),Application,djkvdihost399.jakarta01.com,"Faulting application name: WINWORD.EXE, version: 15.0.4911.1000, time stamp: 0x58a2c075
Faulting module name: wwlib.dll, version: 15.0.4911.1000, time stamp: 0x58a2c073
Exception code: 0xc0000005
Fault offset: 0x006f0ff9
Faulting process id: 0x1904
Faulting application start time: 0x01d33756dfc151e9
Faulting application path: C:\Program Files\Microsoft Office\Office15\WINWORD.EXE
Faulting module path: C:\Program Files\Microsoft Office\Office15\wwlib.dll
Report Id: 1296d273-a35c-11e7-b7a8-0050569f164b"
Error,9/27/2017 3:15:14 PM,EventCreate,1,None,Application,djkvdihost225.jakarta01.com,JAKARTA01\liza  
Error,9/27/2017 3:15:09 PM,Application Error,1000,(100),Application,djkvdihost225.jakarta01.com,"Faulting application name: OUTLOOK.EXE, version: 15.0.4919.1001, time stamp: 0x58d20482
Faulting module name: OUTLOOK.EXE, version: 15.0.4919.1001, time stamp: 0x58d20482
Exception code: 0xc0000005
Fault offset: 0x008924c4
Faulting process id: 0x1c14
Faulting application start time: 0x01d3372e9682a5aa
Faulting application path: C:\Program Files\Microsoft Office\Office15\OUTLOOK.EXE
Faulting module path: C:\Program Files\Microsoft Office\Office15\OUTLOOK.EXE
Report Id: f9a5485f-a35b-11e7-b9a7-0050569f7603"
Error,9/27/2017 3:14:39 PM,EventCreate,1,None,Application,djkvdihost147.jakarta01.com,JAKARTA01\hendry  
Error,9/27/2017 3:14:39 PM,Application Error,1000,(100),Application,djkvdihost147.jakarta01.com,"Faulting application name: printfilterpipelinesvc.exe, version: 6.1.7600.16385, time stamp: 0x4a5bcef9
Faulting module name: unknown, version: 0.0.0.0, time stamp: 0x00000000
Exception code: 0xc0000005
Fault offset: 0x5b0ffe4c
Faulting process id: 0x1cb4
Faulting application start time: 0x01d33768aa0cdd1b
Faulting application path: C:\Windows\system32\printfilterpipelinesvc.exe
Faulting module path: unknown
Report Id: e7da9514-a35b-11e7-ac7d-0050569f029e"
Error,9/27/2017 3:14:37 PM,Application Error,1000,(100),Application,djkvdihost147.jakarta01.com,"Faulting application name: printfilterpipelinesvc.exe, version: 6.1.7600.16385, time stamp: 0x4a5bcef9
Faulting module name: unknown, version: 0.0.0.0, time stamp: 0x00000000
Exception code: 0xc0000005
Fault offset: 0x5b0ffe4c
Faulting process id: 0x1d40
Faulting application start time: 0x01d33768a89f39ff
Faulting application path: C:\Windows\system32\printfilterpipelinesvc.exe
Faulting module path: unknown
Report Id: e6c17cc2-a35b-11e7-ac7d-0050569f029e"
Error,9/27/2017 3:11:32 PM,EventCreate,1,None,Application,djkvdihost147.jakarta01.com,JAKARTA01\hendry  
Error,9/27/2017 3:11:31 PM,Application Error,1000,(100),Application,djkvdihost147.jakarta01.com,"Faulting application name: printfilterpipelinesvc.exe, version: 6.1.7600.16385, time stamp: 0x4a5bcef9
Faulting module name: unknown, version: 0.0.0.0, time stamp: 0x00000000
Exception code: 0xc0000005
Fault offset: 0x5b0ffe4c
Faulting process id: 0x24a8
Faulting application start time: 0x01d337683a1ae869
Faulting application path: C:\Windows\system32\printfilterpipelinesvc.exe
Faulting module path: unknown
Report Id: 77eb3883-a35b-11e7-ac7d-0050569f029e"
Error,9/27/2017 3:11:30 PM,Application Error,1000,(100),Application,djkvdihost147.jakarta01.com,"Faulting application name: printfilterpipelinesvc.exe, version: 6.1.7600.16385, time stamp: 0x4a5bcef9
Faulting module name: unknown, version: 0.0.0.0, time stamp: 0x00000000
Exception code: 0xc0000005
Fault offset: 0x5b0ffe4c
Faulting process id: 0x2410
Faulting application start time: 0x01d33768393a1f98
Faulting application path: C:\Windows\system32\printfilterpipelinesvc.exe
Faulting module path: unknown
Report Id: 77031c82-a35b-11e7-ac7d-0050569f029e"
Error,9/27/2017 3:09:24 PM,EventCreate,1,None,Application,djkvdihost147.jakarta01.com,JAKARTA01\hendry  
Error,9/27/2017 3:09:24 PM,Application Error,1000,(100),Application,djkvdihost147.jakarta01.com,"Faulting application name: printfilterpipelinesvc.exe, version: 6.1.7600.16385, time stamp: 0x4a5bcef9
Faulting module name: unknown, version: 0.0.0.0, time stamp: 0x00000000
Exception code: 0xc0000005
Fault offset: 0x5b0ffe4c
Faulting process id: 0x2704
Faulting application start time: 0x01d33767ee1fd366
Faulting application path: C:\Windows\system32\printfilterpipelinesvc.exe
Faulting module path: unknown
Report Id: 2bee4dc6-a35b-11e7-ac7d-0050569f029e"
Error,9/27/2017 3:09:23 PM,EventCreate,1,None,Application,djkvdihost147.jakarta01.com,JAKARTA01\hendry  
Error,9/27/2017 3:09:22 PM,Application Error,1000,(100),Application,djkvdihost147.jakarta01.com,"Faulting application name: printfilterpipelinesvc.exe, version: 6.1.7600.16385, time stamp: 0x4a5bcef9
Faulting module name: unknown, version: 0.0.0.0, time stamp: 0x00000000
Exception code: 0xc0000005
Fault offset: 0x5b0ffe4c
Faulting process id: 0x2628
Faulting application start time: 0x01d33767ed5186e6
Faulting application path: C:\Windows\system32\printfilterpipelinesvc.exe
Faulting module path: unknown
Report Id: 2b1b9476-a35b-11e7-ac7d-0050569f029e"
Error,9/27/2017 3:07:26 PM,EventCreate,1,None,Application,djkvdihost581.jakarta01.com,JAKARTA01\Doris  
Error,9/27/2017 3:07:20 PM,Application Error,1000,(100),Application,djkvdihost581.jakarta01.com,"Faulting application name: iexplore.exe, version: 11.0.9600.18639, time stamp: 0x58d6bb0d
Faulting module name: MSHTML.dll, version: 11.0.9600.18639, time stamp: 0x58d6c720
Exception code: 0xc0000005
Fault offset: 0x000ac604
Faulting process id: 0x1c68
Faulting application start time: 0x01d33749733dcaad
Faulting application path: C:\Program Files\Internet Explorer\iexplore.exe
Faulting module path: C:\Windows\system32\MSHTML.dll
Report Id: e27049b4-a35a-11e7-91a1-0050569f775f"
Error,9/27/2017 3:04:02 PM,EventCreate,1,None,Application,djkvdihost384.jakarta01.com,JAKARTA01\muhammad afif  
Error,9/27/2017 3:03:44 PM,EventCreate,1,None,Application,djkvdihost705.jakarta01.com,JAKARTA01\Bagus Gede  
Error,9/27/2017 3:03:58 PM,Application Error,1000,(100),Application,djkvdihost384.jakarta01.com,"Faulting application name: OUTLOOK.EXE, version: 15.0.4919.1001, time stamp: 0x58d20482
Faulting module name: OUTLOOK.EXE, version: 15.0.4919.1001, time stamp: 0x58d20482
Exception code: 0xc0000005
Fault offset: 0x008924c4
Faulting process id: 0x1734
Faulting application start time: 0x01d33728bd97151e
Faulting application path: C:\Program Files\Microsoft Office\Office15\OUTLOOK.EXE
Faulting module path: C:\Program Files\Microsoft Office\Office15\OUTLOOK.EXE
Report Id: 69ee68b8-a35a-11e7-8bdc-0050569f08e5"
Error,9/27/2017 3:03:44 PM,Application Error,1000,(100),Application,djkvdihost705.jakarta01.com,"Faulting application name: EXCEL.EXE, version: 15.0.4919.1000, time stamp: 0x58c7ab0f
Faulting module name: EXCEL.EXE, version: 15.0.4919.1000, time stamp: 0x58c7ab0f
Exception code: 0xc0000005
Fault offset: 0x000545e9
Faulting process id: 0x75c
Faulting application start time: 0x01d33758ee289818
Faulting application path: C:\Program Files\Microsoft Office\Office15\EXCEL.EXE
Faulting module path: C:\Program Files\Microsoft Office\Office15\EXCEL.EXE
Report Id: 613fbde8-a35a-11e7-96b2-0050569f2018"
Error,9/27/2017 3:01:02 PM,EventCreate,1,None,Application,djkvdihost464.jakarta01.com,JAKARTA01\erwin  
Error,9/27/2017 3:00:59 PM,Application Error,1000,(100),Application,djkvdihost464.jakarta01.com,"Faulting application name: OUTLOOK.EXE, version: 15.0.4919.1001, time stamp: 0x58d20482
Faulting module name: OUTLOOK.EXE, version: 15.0.4919.1001, time stamp: 0x58d20482
Exception code: 0xc0000005
Fault offset: 0x008924c7
Faulting process id: 0x1bc0
Faulting application start time: 0x01d33734b8debf88
Faulting application path: C:\Program Files\Microsoft Office\Office15\OUTLOOK.EXE
Faulting module path: C:\Program Files\Microsoft Office\Office15\OUTLOOK.EXE
Report Id: fedc22e8-a359-11e7-826a-0050569f6220"
Error,9/27/2017 2:55:23 PM,EventCreate,1,None,Application,djkvdihost875.jakarta01.com,JAKARTA01\bayu  
Error,9/27/2017 2:54:40 PM,WSH,1,None,Application,djkvdihost875.jakarta01.com,"CN=Andi Bayu W password will expire in 1 day(s) at 9/28/2017 8:06:14 AM

Press CTRL + ALT + DEL and select the ""Change a password"" option."
Error,9/27/2017 2:54:40 PM,WSH,1,None,Application,djkvdihost875.jakarta01.com,"CN=Andi Bayu W password will expire in 1 day(s) at 9/28/2017 8:06:14 AM

Press CTRL + ALT + DEL and select the ""Change a password"" option."
Error,9/27/2017 2:48:21 PM,EventCreate,1,None,Application,djkvdihost483.jakarta01.com,JAKARTA01\agnesthine  
Error,9/27/2017 2:47:05 PM,EventCreate,1,None,Application,djkvdihost610.jakarta01.com,JAKARTA01\hardianbp  
Error,9/27/2017 2:45:08 PM,EventCreate,1,None,Application,djkvdihost368.jakarta01.com,JAKARTA01\agungwd  
Error,9/27/2017 2:44:50 PM,EventCreate,1,None,Application,djkvdihost773.jakarta01.com,JAKARTA01\ayub  
Error,9/27/2017 2:45:05 PM,Application Error,1000,(100),Application,djkvdihost368.jakarta01.com,"Faulting application name: iexplore.exe, version: 11.0.9600.18639, time stamp: 0x58d6bb0d
Faulting module name: unknown, version: 0.0.0.0, time stamp: 0x00000000
Exception code: 0xc0000005
Fault offset: 0x7ff1e6d1
Faulting process id: 0x158c
Faulting application start time: 0x01d33727866a4254
Faulting application path: C:\Program Files\Internet Explorer\iexplore.exe
Faulting module path: unknown
Report Id: c64d60ee-a357-11e7-a1fe-0050569f13ab"
Error,9/27/2017 2:44:47 PM,Application Error,1000,(100),Application,djkvdihost773.jakarta01.com,"Faulting application name: AcroRd32.exe, version: 10.1.4.38, time stamp: 0x5012ea69
Faulting module name: AcroRd32.dll, version: 10.1.4.38, time stamp: 0x5012f9f9
Exception code: 0xc0000005
Fault offset: 0x00059192
Faulting process id: 0x898
Faulting application start time: 0x01d3374c42086aa3
Faulting application path: C:\Program Files\Adobe\Reader 10.0\Reader\AcroRd32.exe
Faulting module path: C:\Program Files\Adobe\Reader 10.0\Reader\AcroRd32.dll
Report Id: bb9bdf4d-a357-11e7-ac1a-0050569f1f68"
Error,9/27/2017 2:41:04 PM,EventCreate,1,None,Application,djkvdihost556.jakarta01.com,JAKARTA01\mario  
Error,9/27/2017 2:40:39 PM,EventCreate,1,None,Application,djkvdihost036.jakarta01.com,JAKARTA01\Ana  
Error,9/27/2017 2:40:20 PM,EventCreate,1,None,Application,djkvdihost556.jakarta01.com,JAKARTA01\mario  
Error,9/27/2017 2:40:11 PM,EventCreate,1,None,Application,djkvdihost366.jakarta01.com,JAKARTA01\ADITYA CHANDRA  
Error,9/27/2017 2:40:36 PM,Application Error,1000,(100),Application,djkvdihost036.jakarta01.com,"Faulting application name: OUTLOOK.EXE, version: 15.0.4919.1001, time stamp: 0x58d20482
Faulting module name: OUTLOOK.EXE, version: 15.0.4919.1001, time stamp: 0x58d20482
Exception code: 0xc0000005
Fault offset: 0x008924c4
Faulting process id: 0x32c
Faulting application start time: 0x01d33730077fbe20
Faulting application path: C:\Program Files\Microsoft Office\Office15\OUTLOOK.EXE
Faulting module path: C:\Program Files\Microsoft Office\Office15\OUTLOOK.EXE
Report Id: 2617986d-a357-11e7-9a27-0050569f52b4"
Error,9/27/2017 2:39:25 PM,EventCreate,1,None,Application,djkvdihost366.jakarta01.com,JAKARTA01\ADITYA CHANDRA  
Error,9/27/2017 2:38:15 PM,WSH,1,None,Application,djkvdihost366.jakarta01.com,"CN=Aditya Chandra password will expire in 4 day(s) at 10/1/2017 8:38:32 AM

Press CTRL + ALT + DEL and select the ""Change a password"" option."
Error,9/27/2017 2:38:15 PM,WSH,1,None,Application,djkvdihost366.jakarta01.com,"CN=Aditya Chandra password will expire in 4 day(s) at 10/1/2017 8:38:32 AM

Press CTRL + ALT + DEL and select the ""Change a password"" option."
Error,9/27/2017 2:30:54 PM,EventCreate,1,None,Application,djkvdihost782.jakarta01.com,JAKARTA01\eka prastica  
Error,9/27/2017 2:30:52 PM,Application Error,1000,(100),Application,djkvdihost782.jakarta01.com,"Faulting application name: MSPUB.EXE, version: 15.0.4869.1000, time stamp: 0x57e13109
Faulting module name: oart.dll, version: 15.0.4911.1000, time stamp: 0x58a2bf30
Exception code: 0xc0000005
Fault offset: 0x000d31dc
Faulting process id: 0x1be0
Faulting application start time: 0x01d33757cdba9dcd
Faulting application path: C:\Program Files\Microsoft Office\Office15\MSPUB.EXE
Faulting module path: C:\Program Files\Microsoft Office\Office15\oart.dll
Report Id: ca3c07b7-a355-11e7-8b1f-0050569f3a53"
Error,9/27/2017 2:29:50 PM,EventCreate,1,None,Application,djkvdihost439.jakarta01.com,JAKARTA01\junito  
Error,9/27/2017 2:29:47 PM,EventCreate,1,None,Application,djkvdihost439.jakarta01.com,JAKARTA01\junito  
Error,9/27/2017 2:29:31 PM,EventCreate,1,None,Application,djkvdihost439.jakarta01.com,JAKARTA01\junito  
Error,9/27/2017 2:26:39 PM,EventCreate,1,None,Application,djkvdihost793.jakarta01.com,JAKARTA01\shinta  
Error,9/27/2017 2:26:20 PM,EventCreate,1,None,Application,djkvdihost510.jakarta01.com,JAKARTA01\k_ignatius  
Error,9/27/2017 2:26:36 PM,Application Error,1000,(100),Application,djkvdihost793.jakarta01.com,"Faulting application name: OUTLOOK.EXE, version: 15.0.4919.1001, time stamp: 0x58d20482
Faulting module name: OUTLOOK.EXE, version: 15.0.4919.1001, time stamp: 0x58d20482
Exception code: 0xc0000005
Fault offset: 0x008924c4
Faulting process id: 0x1a8c
Faulting application start time: 0x01d3374121b86add
Faulting application path: C:\Program Files\Microsoft Office\Office15\OUTLOOK.EXE
Faulting module path: C:\Program Files\Microsoft Office\Office15\OUTLOOK.EXE
Report Id: 31455127-a355-11e7-9469-0050569f6c5a"
Error,9/27/2017 2:26:19 PM,Application Error,1000,(100),Application,djkvdihost510.jakarta01.com,"Faulting application name: OUTLOOK.EXE, version: 15.0.4919.1001, time stamp: 0x58d20482
Faulting module name: OUTLOOK.EXE, version: 15.0.4919.1001, time stamp: 0x58d20482
Exception code: 0xc0000005
Fault offset: 0x008924c4
Faulting process id: 0x498
Faulting application start time: 0x01d33732b334a11d
Faulting application path: C:\Program Files\Microsoft Office\Office15\OUTLOOK.EXE
Faulting module path: C:\Program Files\Microsoft Office\Office15\OUTLOOK.EXE
Report Id: 277ec9cb-a355-11e7-aa8d-0050569f1ca3"
Error,9/27/2017 2:20:40 PM,EventCreate,1,None,Application,djkvdihost147.jakarta01.com,JAKARTA01\hendry  
Error,9/27/2017 2:20:40 PM,Application Error,1000,(100),Application,djkvdihost147.jakarta01.com,"Faulting application name: printfilterpipelinesvc.exe, version: 6.1.7600.16385, time stamp: 0x4a5bcef9
Faulting module name: unknown, version: 0.0.0.0, time stamp: 0x00000000
Exception code: 0xc0000005
Fault offset: 0x5b0ffe4c
Faulting process id: 0x1b78
Faulting application start time: 0x01d337611f60676e
Faulting application path: C:\Windows\system32\printfilterpipelinesvc.exe
Faulting module path: unknown
Report Id: 5d59c25e-a354-11e7-ac7d-0050569f029e"
